01874304
curl --location --header x-amz-auto-make-bucket:1 --header x-archive-ignore-preexisting-bucket:1 --header x-archive-queue-derive:0 --header x-archive-meta-mediatype:texts --header x-archive-meta03-collection:emory --header x-archive-meta01-collection:americanmethodism --header x-archive-meta-sponsor:Emory University, Pitts Theology Library --header x-archive-meta-contributor:Emory University, Pitts Theology Library --header x-archive-meta-ppi:300 --header authorization: LOW fpJYfLnxbLmCEHqU:JQbq6NgBaPrSh98Y --upload-file /mnt/lsdi/ocm01874304/ocm01874304/ocm01874304_MRC.xml http://s3.us.archive.org/01874304.emory.edu/01874304.emory.edu_marc.xml
  % Total    % Received % Xferd  Average Speed   Time    Time     Time  Current
                                 Dload  Upload   Total   Spent    Left  Speed
  0     0    0     0    0     0      0      0 --:--:-- --:--:-- --:--:--     0  0  3472    0     0    0     0      0      0 --:--:--  0:00:01 --:--:--     0100  3472    0     0  100  3472      0   1662  0:00:02  0:00:02 --:--:--  1723100  3472    0     0  100  3472      0   1137  0:00:03  0:00:03 --:--:--  1165100  3472    0     0  100  3472      0    856  0:00:04  0:00:04 --:--:--   872100  3472    0     0  100  3472      0    686  0:00:05  0:00:05 --:--:--   697100  3472    0     0  100  3472      0    573  0:00:06  0:00:06 --:--:--   697100  3472    0     0  100  3472      0    492  0:00:07  0:00:07 --:--:--     0100  3472    0     0  100  3472      0    430  0:00:08  0:00:08 --:--:--     0100  3472    0     0  100  3472      0    383  0:00:09  0:00:09 --:--:--     0100  3472    0     0  100  3472      0    345  0:00:10  0:00:10 --:--:--     0100  3472    0     0  100  3472      0    313  0:00:11  0:00:11 --:--:--     0100  3472    0     0  100  3472      0    287  0:00:12  0:00:12 --:--:--     0100  3472    0     0  100  3472      0    274  0:00:12  0:00:12 --:--:--     0100  3472    0     0  100  3472      0    274  0:00:12  0:00:12 --:--:--     0
zip -r /temp/ocm01874304_images.zip /mnt/lsdi/ocm01874304/ocm01874304/Output/0001.tif /mnt/lsdi/ocm01874304/ocm01874304/Output/0002.tif /mnt/lsdi/ocm01874304/ocm01874304/Output/0003.tif /mnt/lsdi/ocm01874304/ocm01874304/Output/0004.tif /mnt/lsdi/ocm01874304/ocm01874304/Output/0005.tif /mnt/lsdi/ocm01874304/ocm01874304/Output/0006.tif /mnt/lsdi/ocm01874304/ocm01874304/Output/0007.tif /mnt/lsdi/ocm01874304/ocm01874304/Output/0008.tif /mnt/lsdi/ocm01874304/ocm01874304/Output/0009.tif /mnt/lsdi/ocm01874304/ocm01874304/Output/0010.tif /mnt/lsdi/ocm01874304/ocm01874304/Output/0011.tif /mnt/lsdi/ocm01874304/ocm01874304/Output/0012.tif /mnt/lsdi/ocm01874304/ocm01874304/Output/0013.tif /mnt/lsdi/ocm01874304/ocm01874304/Output/0014.tif /mnt/lsdi/ocm01874304/ocm01874304/Output/0015.tif /mnt/lsdi/ocm01874304/ocm01874304/Output/0016.tif /mnt/lsdi/ocm01874304/ocm01874304/Output/0017.tif /mnt/lsdi/ocm01874304/ocm01874304/Output/0018.tif /mnt/lsdi/ocm01874304/ocm01874304/Output/0019.tif /mnt/lsdi/ocm01874304/ocm01874304/Output/0020.tif /mnt/lsdi/ocm01874304/ocm01874304/Output/0021.tif /mnt/lsdi/ocm01874304/ocm01874304/Output/0022.tif /mnt/lsdi/ocm01874304/ocm01874304/Output/0023.tif /mnt/lsdi/ocm01874304/ocm01874304/Output/0024.tif /mnt/lsdi/ocm01874304/ocm01874304/Output/0025.tif /mnt/lsdi/ocm01874304/ocm01874304/Output/0026.tif /mnt/lsdi/ocm01874304/ocm01874304/Output/0027.tif /mnt/lsdi/ocm01874304/ocm01874304/Output/0028.tif /mnt/lsdi/ocm01874304/ocm01874304/Output/0029.tif /mnt/lsdi/ocm01874304/ocm01874304/Output/0030.tif /mnt/lsdi/ocm01874304/ocm01874304/Output/0031.tif /mnt/lsdi/ocm01874304/ocm01874304/Output/0032.tif /mnt/lsdi/ocm01874304/ocm01874304/Output/0033.tif /mnt/lsdi/ocm01874304/ocm01874304/Output/0034.tif /mnt/lsdi/ocm01874304/ocm01874304/Output/0035.tif /mnt/lsdi/ocm01874304/ocm01874304/Output/0036.tif /mnt/lsdi/ocm01874304/ocm01874304/Output/0037.tif /mnt/lsdi/ocm01874304/ocm01874304/Output/0038.tif /mnt/lsdi/ocm01874304/ocm01874304/Output/0039.tif /mnt/lsdi/ocm01874304/ocm01874304/Output/0040.tif /mnt/lsdi/ocm01874304/ocm01874304/Output/0041.tif /mnt/lsdi/ocm01874304/ocm01874304/Output/0042.tif /mnt/lsdi/ocm01874304/ocm01874304/Output/0043.tif /mnt/lsdi/ocm01874304/ocm01874304/Output/0044.tif /mnt/lsdi/ocm01874304/ocm01874304/Output/0045.tif /mnt/lsdi/ocm01874304/ocm01874304/Output/0046.tif /mnt/lsdi/ocm01874304/ocm01874304/Output/0047.tif /mnt/lsdi/ocm01874304/ocm01874304/Output/0048.tif /mnt/lsdi/ocm01874304/ocm01874304/Output/0049.tif /mnt/lsdi/ocm01874304/ocm01874304/Output/0050.tif /mnt/lsdi/ocm01874304/ocm01874304/Output/0051.tif /mnt/lsdi/ocm01874304/ocm01874304/Output/0052.tif /mnt/lsdi/ocm01874304/ocm01874304/Output/0053.tif /mnt/lsdi/ocm01874304/ocm01874304/Output/0054.tif /mnt/lsdi/ocm01874304/ocm01874304/Output/0055.tif /mnt/lsdi/ocm01874304/ocm01874304/Output/0056.tif /mnt/lsdi/ocm01874304/ocm01874304/Output/0057.tif /mnt/lsdi/ocm01874304/ocm01874304/Output/0058.tif /mnt/lsdi/ocm01874304/ocm01874304/Output/0059.tif /mnt/lsdi/ocm01874304/ocm01874304/Output/0060.tif /mnt/lsdi/ocm01874304/ocm01874304/Output/0061.tif /mnt/lsdi/ocm01874304/ocm01874304/Output/0062.tif /mnt/lsdi/ocm01874304/ocm01874304/Output/0063.tif /mnt/lsdi/ocm01874304/ocm01874304/Output/0064.tif /mnt/lsdi/ocm01874304/ocm01874304/Output/0065.tif /mnt/lsdi/ocm01874304/ocm01874304/Output/0066.tif /mnt/lsdi/ocm01874304/ocm01874304/Output/0067.tif /mnt/lsdi/ocm01874304/ocm01874304/Output/0068.tif /mnt/lsdi/ocm01874304/ocm01874304/Output/0069.tif /mnt/lsdi/ocm01874304/ocm01874304/Output/0070.tif /mnt/lsdi/ocm01874304/ocm01874304/Output/0071.tif /mnt/lsdi/ocm01874304/ocm01874304/Output/0072.tif /mnt/lsdi/ocm01874304/ocm01874304/Output/0073.tif /mnt/lsdi/ocm01874304/ocm01874304/Output/0074.tif /mnt/lsdi/ocm01874304/ocm01874304/Output/0075.tif /mnt/lsdi/ocm01874304/ocm01874304/Output/0076.tif /mnt/lsdi/ocm01874304/ocm01874304/Output/0077.tif /mnt/lsdi/ocm01874304/ocm01874304/Output/0078.tif /mnt/lsdi/ocm01874304/ocm01874304/Output/0079.tif /mnt/lsdi/ocm01874304/ocm01874304/Output/0080.tif /mnt/lsdi/ocm01874304/ocm01874304/Output/0081.tif /mnt/lsdi/ocm01874304/ocm01874304/Output/0082.tif /mnt/lsdi/ocm01874304/ocm01874304/Output/0083.tif /mnt/lsdi/ocm01874304/ocm01874304/Output/0084.tif /mnt/lsdi/ocm01874304/ocm01874304/Output/0085.tif /mnt/lsdi/ocm01874304/ocm01874304/Output/0086.tif /mnt/lsdi/ocm01874304/ocm01874304/Output/0087.tif /mnt/lsdi/ocm01874304/ocm01874304/Output/0088.tif /mnt/lsdi/ocm01874304/ocm01874304/Output/0089.tif /mnt/lsdi/ocm01874304/ocm01874304/Output/0090.tif /mnt/lsdi/ocm01874304/ocm01874304/Output/0091.tif /mnt/lsdi/ocm01874304/ocm01874304/Output/0092.tif /mnt/lsdi/ocm01874304/ocm01874304/Output/0093.tif /mnt/lsdi/ocm01874304/ocm01874304/Output/0094.tif /mnt/lsdi/ocm01874304/ocm01874304/Output/0095.tif /mnt/lsdi/ocm01874304/ocm01874304/Output/0096.tif /mnt/lsdi/ocm01874304/ocm01874304/Output/0097.tif /mnt/lsdi/ocm01874304/ocm01874304/Output/0098.tif /mnt/lsdi/ocm01874304/ocm01874304/Output/0099.tif /mnt/lsdi/ocm01874304/ocm01874304/Output/0100.tif /mnt/lsdi/ocm01874304/ocm01874304/Output/0101.tif /mnt/lsdi/ocm01874304/ocm01874304/Output/0102.tif /mnt/lsdi/ocm01874304/ocm01874304/Output/0103.tif /mnt/lsdi/ocm01874304/ocm01874304/Output/0104.tif /mnt/lsdi/ocm01874304/ocm01874304/Output/0105.tif /mnt/lsdi/ocm01874304/ocm01874304/Output/0106.tif /mnt/lsdi/ocm01874304/ocm01874304/Output/0107.tif /mnt/lsdi/ocm01874304/ocm01874304/Output/0108.tif /mnt/lsdi/ocm01874304/ocm01874304/Output/0109.tif /mnt/lsdi/ocm01874304/ocm01874304/Output/0110.tif /mnt/lsdi/ocm01874304/ocm01874304/Output/0111.tif /mnt/lsdi/ocm01874304/ocm01874304/Output/0112.tif /mnt/lsdi/ocm01874304/ocm01874304/Output/0113.tif /mnt/lsdi/ocm01874304/ocm01874304/Output/0114.tif /mnt/lsdi/ocm01874304/ocm01874304/Output/0115.tif /mnt/lsdi/ocm01874304/ocm01874304/Output/0116.tif /mnt/lsdi/ocm01874304/ocm01874304/Output/0117.tif /mnt/lsdi/ocm01874304/ocm01874304/Output/0118.tif /mnt/lsdi/ocm01874304/ocm01874304/Output/0119.tif /mnt/lsdi/ocm01874304/ocm01874304/Output/0120.tif /mnt/lsdi/ocm01874304/ocm01874304/Output/0121.tif /mnt/lsdi/ocm01874304/ocm01874304/Output/0122.tif /mnt/lsdi/ocm01874304/ocm01874304/Output/0123.tif /mnt/lsdi/ocm01874304/ocm01874304/Output/0124.tif /mnt/lsdi/ocm01874304/ocm01874304/Output/0125.tif /mnt/lsdi/ocm01874304/ocm01874304/Output/0126.tif /mnt/lsdi/ocm01874304/ocm01874304/Output/0127.tif /mnt/lsdi/ocm01874304/ocm01874304/Output/0128.tif /mnt/lsdi/ocm01874304/ocm01874304/Output/0129.tif /mnt/lsdi/ocm01874304/ocm01874304/Output/0130.tif /mnt/lsdi/ocm01874304/ocm01874304/Output/0131.tif /mnt/lsdi/ocm01874304/ocm01874304/Output/0132.tif /mnt/lsdi/ocm01874304/ocm01874304/Output/0133.tif /mnt/lsdi/ocm01874304/ocm01874304/Output/0134.tif /mnt/lsdi/ocm01874304/ocm01874304/Output/0135.tif /mnt/lsdi/ocm01874304/ocm01874304/Output/0136.tif /mnt/lsdi/ocm01874304/ocm01874304/Output/0137.tif /mnt/lsdi/ocm01874304/ocm01874304/Output/0138.tif /mnt/lsdi/ocm01874304/ocm01874304/Output/0139.tif /mnt/lsdi/ocm01874304/ocm01874304/Output/0140.tif /mnt/lsdi/ocm01874304/ocm01874304/Output/0141.tif /mnt/lsdi/ocm01874304/ocm01874304/Output/0142.tif /mnt/lsdi/ocm01874304/ocm01874304/Output/0143.tif /mnt/lsdi/ocm01874304/ocm01874304/Output/0144.tif /mnt/lsdi/ocm01874304/ocm01874304/Output/0145.tif /mnt/lsdi/ocm01874304/ocm01874304/Output/0146.tif /mnt/lsdi/ocm01874304/ocm01874304/Output/0147.tif /mnt/lsdi/ocm01874304/ocm01874304/Output/0148.tif /mnt/lsdi/ocm01874304/ocm01874304/Output/0149.tif /mnt/lsdi/ocm01874304/ocm01874304/Output/0150.tif /mnt/lsdi/ocm01874304/ocm01874304/Output/0151.tif /mnt/lsdi/ocm01874304/ocm01874304/Output/0152.tif /mnt/lsdi/ocm01874304/ocm01874304/Output/0153.tif /mnt/lsdi/ocm01874304/ocm01874304/Output/0154.tif /mnt/lsdi/ocm01874304/ocm01874304/Output/0155.tif /mnt/lsdi/ocm01874304/ocm01874304/Output/0156.tif /mnt/lsdi/ocm01874304/ocm01874304/Output/0157.tif /mnt/lsdi/ocm01874304/ocm01874304/Output/0158.tif /mnt/lsdi/ocm01874304/ocm01874304/Output/0159.tif /mnt/lsdi/ocm01874304/ocm01874304/Output/0160.tif /mnt/lsdi/ocm01874304/ocm01874304/Output/0161.tif /mnt/lsdi/ocm01874304/ocm01874304/Output/0162.tif /mnt/lsdi/ocm01874304/ocm01874304/Output/0163.tif /mnt/lsdi/ocm01874304/ocm01874304/Output/0164.tif /mnt/lsdi/ocm01874304/ocm01874304/Output/0165.tif /mnt/lsdi/ocm01874304/ocm01874304/Output/0166.tif /mnt/lsdi/ocm01874304/ocm01874304/Output/0167.tif /mnt/lsdi/ocm01874304/ocm01874304/Output/0168.tif /mnt/lsdi/ocm01874304/ocm01874304/Output/0169.tif /mnt/lsdi/ocm01874304/ocm01874304/Output/0170.tif /mnt/lsdi/ocm01874304/ocm01874304/Output/0171.tif /mnt/lsdi/ocm01874304/ocm01874304/Output/0172.tif /mnt/lsdi/ocm01874304/ocm01874304/Output/0173.tif /mnt/lsdi/ocm01874304/ocm01874304/Output/0174.tif /mnt/lsdi/ocm01874304/ocm01874304/Output/0175.tif /mnt/lsdi/ocm01874304/ocm01874304/Output/0176.tif /mnt/lsdi/ocm01874304/ocm01874304/Output/0177.tif /mnt/lsdi/ocm01874304/ocm01874304/Output/0178.tif /mnt/lsdi/ocm01874304/ocm01874304/Output/0179.tif /mnt/lsdi/ocm01874304/ocm01874304/Output/0180.tif /mnt/lsdi/ocm01874304/ocm01874304/Output/0181.tif /mnt/lsdi/ocm01874304/ocm01874304/Output/0182.tif /mnt/lsdi/ocm01874304/ocm01874304/Output/0183.tif /mnt/lsdi/ocm01874304/ocm01874304/Output/0184.tif /mnt/lsdi/ocm01874304/ocm01874304/Output/0185.tif /mnt/lsdi/ocm01874304/ocm01874304/Output/0186.tif /mnt/lsdi/ocm01874304/ocm01874304/Output/0187.tif /mnt/lsdi/ocm01874304/ocm01874304/Output/0188.tif /mnt/lsdi/ocm01874304/ocm01874304/Output/0189.tif /mnt/lsdi/ocm01874304/ocm01874304/Output/0190.tif /mnt/lsdi/ocm01874304/ocm01874304/Output/0191.tif /mnt/lsdi/ocm01874304/ocm01874304/Output/0192.tif /mnt/lsdi/ocm01874304/ocm01874304/Output/0193.tif /mnt/lsdi/ocm01874304/ocm01874304/Output/0194.tif /mnt/lsdi/ocm01874304/ocm01874304/Output/0195.tif /mnt/lsdi/ocm01874304/ocm01874304/Output/0196.tif /mnt/lsdi/ocm01874304/ocm01874304/Output/0197.tif /mnt/lsdi/ocm01874304/ocm01874304/Output/0198.tif /mnt/lsdi/ocm01874304/ocm01874304/Output/0199.tif /mnt/lsdi/ocm01874304/ocm01874304/Output/0200.tif /mnt/lsdi/ocm01874304/ocm01874304/Output/0201.tif /mnt/lsdi/ocm01874304/ocm01874304/Output/0202.tif /mnt/lsdi/ocm01874304/ocm01874304/Output/0203.tif /mnt/lsdi/ocm01874304/ocm01874304/Output/0204.tif /mnt/lsdi/ocm01874304/ocm01874304/Output/0205.tif /mnt/lsdi/ocm01874304/ocm01874304/Output/0206.tif /mnt/lsdi/ocm01874304/ocm01874304/Output/0207.tif /mnt/lsdi/ocm01874304/ocm01874304/Output/0208.tif /mnt/lsdi/ocm01874304/ocm01874304/Output/0209.tif /mnt/lsdi/ocm01874304/ocm01874304/Output/0210.tif /mnt/lsdi/ocm01874304/ocm01874304/Output/0211.tif /mnt/lsdi/ocm01874304/ocm01874304/Output/0212.tif /mnt/lsdi/ocm01874304/ocm01874304/Output/0213.tif /mnt/lsdi/ocm01874304/ocm01874304/Output/0214.tif /mnt/lsdi/ocm01874304/ocm01874304/Output/0215.tif /mnt/lsdi/ocm01874304/ocm01874304/Output/0216.tif /mnt/lsdi/ocm01874304/ocm01874304/Output/0217.tif /mnt/lsdi/ocm01874304/ocm01874304/Output/0218.tif /mnt/lsdi/ocm01874304/ocm01874304/Output/0219.tif /mnt/lsdi/ocm01874304/ocm01874304/Output/0220.tif /mnt/lsdi/ocm01874304/ocm01874304/Output/0221.tif /mnt/lsdi/ocm01874304/ocm01874304/Output/0222.tif /mnt/lsdi/ocm01874304/ocm01874304/Output/0223.tif /mnt/lsdi/ocm01874304/ocm01874304/Output/0224.tif /mnt/lsdi/ocm01874304/ocm01874304/Output/0225.tif /mnt/lsdi/ocm01874304/ocm01874304/Output/0226.tif /mnt/lsdi/ocm01874304/ocm01874304/Output/0227.tif /mnt/lsdi/ocm01874304/ocm01874304/Output/0228.tif /mnt/lsdi/ocm01874304/ocm01874304/Output/0229.tif /mnt/lsdi/ocm01874304/ocm01874304/Output/0230.tif /mnt/lsdi/ocm01874304/ocm01874304/Output/0231.tif /mnt/lsdi/ocm01874304/ocm01874304/Output/0232.tif /mnt/lsdi/ocm01874304/ocm01874304/Output/0233.tif /mnt/lsdi/ocm01874304/ocm01874304/Output/0234.tif /mnt/lsdi/ocm01874304/ocm01874304/Output/0235.tif /mnt/lsdi/ocm01874304/ocm01874304/Output/0236.tif /mnt/lsdi/ocm01874304/ocm01874304/Output/0237.tif /mnt/lsdi/ocm01874304/ocm01874304/Output/0238.tif /mnt/lsdi/ocm01874304/ocm01874304/Output/0239.tif /mnt/lsdi/ocm01874304/ocm01874304/Output/0240.tif /mnt/lsdi/ocm01874304/ocm01874304/Output/0241.tif /mnt/lsdi/ocm01874304/ocm01874304/Output/0242.tif /mnt/lsdi/ocm01874304/ocm01874304/Output/0243.tif /mnt/lsdi/ocm01874304/ocm01874304/Output/0244.tif /mnt/lsdi/ocm01874304/ocm01874304/Output/0245.tif /mnt/lsdi/ocm01874304/ocm01874304/Output/0246.tif /mnt/lsdi/ocm01874304/ocm01874304/Output/0247.tif /mnt/lsdi/ocm01874304/ocm01874304/Output/0248.tif /mnt/lsdi/ocm01874304/ocm01874304/Output/0249.tif /mnt/lsdi/ocm01874304/ocm01874304/Output/0250.tif /mnt/lsdi/ocm01874304/ocm01874304/Output/0251.tif /mnt/lsdi/ocm01874304/ocm01874304/Output/0252.tif /mnt/lsdi/ocm01874304/ocm01874304/Output/0253.tif /mnt/lsdi/ocm01874304/ocm01874304/Output/0254.tif /mnt/lsdi/ocm01874304/ocm01874304/Output/0255.tif /mnt/lsdi/ocm01874304/ocm01874304/Output/0256.tif /mnt/lsdi/ocm01874304/ocm01874304/Output/0257.tif /mnt/lsdi/ocm01874304/ocm01874304/Output/0258.tif /mnt/lsdi/ocm01874304/ocm01874304/Output/0259.tif /mnt/lsdi/ocm01874304/ocm01874304/Output/0260.tif /mnt/lsdi/ocm01874304/ocm01874304/Output/0261.tif /mnt/lsdi/ocm01874304/ocm01874304/Output/0262.tif /mnt/lsdi/ocm01874304/ocm01874304/Output/0263.tif /mnt/lsdi/ocm01874304/ocm01874304/Output/0264.tif /mnt/lsdi/ocm01874304/ocm01874304/Output/0265.tif /mnt/lsdi/ocm01874304/ocm01874304/Output/0266.tif /mnt/lsdi/ocm01874304/ocm01874304/Output/0267.tif /mnt/lsdi/ocm01874304/ocm01874304/Output/0268.tif /mnt/lsdi/ocm01874304/ocm01874304/Output/0269.tif /mnt/lsdi/ocm01874304/ocm01874304/Output/0270.tif /mnt/lsdi/ocm01874304/ocm01874304/Output/0271.tif /mnt/lsdi/ocm01874304/ocm01874304/Output/0272.tif /mnt/lsdi/ocm01874304/ocm01874304/Output/0273.tif /mnt/lsdi/ocm01874304/ocm01874304/Output/0274.tif /mnt/lsdi/ocm01874304/ocm01874304/Output/0275.tif /mnt/lsdi/ocm01874304/ocm01874304/Output/0276.tif /mnt/lsdi/ocm01874304/ocm01874304/Output/0277.tif /mnt/lsdi/ocm01874304/ocm01874304/Output/0278.tif /mnt/lsdi/ocm01874304/ocm01874304/Output/0279.tif /mnt/lsdi/ocm01874304/ocm01874304/Output/0280.tif /mnt/lsdi/ocm01874304/ocm01874304/Output/0281.tif /mnt/lsdi/ocm01874304/ocm01874304/Output/0282.tif /mnt/lsdi/ocm01874304/ocm01874304/Output/0283.tif /mnt/lsdi/ocm01874304/ocm01874304/Output/0284.tif /mnt/lsdi/ocm01874304/ocm01874304/Output/0285.tif /mnt/lsdi/ocm01874304/ocm01874304/Output/0286.tif /mnt/lsdi/ocm01874304/ocm01874304/Output/0287.tif /mnt/lsdi/ocm01874304/ocm01874304/Output/0288.tif /mnt/lsdi/ocm01874304/ocm01874304/Output/0289.tif /mnt/lsdi/ocm01874304/ocm01874304/Output/0290.tif /mnt/lsdi/ocm01874304/ocm01874304/Output/0291.tif /mnt/lsdi/ocm01874304/ocm01874304/Output/0292.tif /mnt/lsdi/ocm01874304/ocm01874304/Output/0293.tif /mnt/lsdi/ocm01874304/ocm01874304/Output/0294.tif /mnt/lsdi/ocm01874304/ocm01874304/Output/0295.tif /mnt/lsdi/ocm01874304/ocm01874304/Output/0296.tif /mnt/lsdi/ocm01874304/ocm01874304/Output/0297.tif /mnt/lsdi/ocm01874304/ocm01874304/Output/0298.tif /mnt/lsdi/ocm01874304/ocm01874304/Output/0299.tif /mnt/lsdi/ocm01874304/ocm01874304/Output/0300.tif /mnt/lsdi/ocm01874304/ocm01874304/Output/0301.tif /mnt/lsdi/ocm01874304/ocm01874304/Output/0302.tif /mnt/lsdi/ocm01874304/ocm01874304/Output/0303.tif /mnt/lsdi/ocm01874304/ocm01874304/Output/0304.tif /mnt/lsdi/ocm01874304/ocm01874304/Output/0305.tif /mnt/lsdi/ocm01874304/ocm01874304/Output/0306.tif /mnt/lsdi/ocm01874304/ocm01874304/Output/0307.tif /mnt/lsdi/ocm01874304/ocm01874304/Output/0308.tif /mnt/lsdi/ocm01874304/ocm01874304/Output/0309.tif /mnt/lsdi/ocm01874304/ocm01874304/Output/0310.tif /mnt/lsdi/ocm01874304/ocm01874304/Output/0311.tif /mnt/lsdi/ocm01874304/ocm01874304/Output/0312.tif /mnt/lsdi/ocm01874304/ocm01874304/Output/0313.tif /mnt/lsdi/ocm01874304/ocm01874304/Output/0314.tif /mnt/lsdi/ocm01874304/ocm01874304/Output/0315.tif /mnt/lsdi/ocm01874304/ocm01874304/Output/0316.tif /mnt/lsdi/ocm01874304/ocm01874304/Output/0317.tif /mnt/lsdi/ocm01874304/ocm01874304/Output/0318.tif /mnt/lsdi/ocm01874304/ocm01874304/Output/0319.tif /mnt/lsdi/ocm01874304/ocm01874304/Output/0320.tif /mnt/lsdi/ocm01874304/ocm01874304/Output/0321.tif /mnt/lsdi/ocm01874304/ocm01874304/Output/0322.tif /mnt/lsdi/ocm01874304/ocm01874304/Output/0323.tif /mnt/lsdi/ocm01874304/ocm01874304/Output/0324.tif /mnt/lsdi/ocm01874304/ocm01874304/Output/0325.tif /mnt/lsdi/ocm01874304/ocm01874304/Output/0326.tif /mnt/lsdi/ocm01874304/ocm01874304/Output/0327.tif /mnt/lsdi/ocm01874304/ocm01874304/Output/0328.tif /mnt/lsdi/ocm01874304/ocm01874304/Output/0329.tif /mnt/lsdi/ocm01874304/ocm01874304/Output/0330.tif /mnt/lsdi/ocm01874304/ocm01874304/Output/0331.tif /mnt/lsdi/ocm01874304/ocm01874304/Output/0332.tif /mnt/lsdi/ocm01874304/ocm01874304/Output/0333.tif /mnt/lsdi/ocm01874304/ocm01874304/Output/0334.tif /mnt/lsdi/ocm01874304/ocm01874304/Output/0335.tif /mnt/lsdi/ocm01874304/ocm01874304/Output/0336.tif /mnt/lsdi/ocm01874304/ocm01874304/Output/0337.tif /mnt/lsdi/ocm01874304/ocm01874304/Output/0338.tif /mnt/lsdi/ocm01874304/ocm01874304/Output/0339.tif /mnt/lsdi/ocm01874304/ocm01874304/Output/0340.tif /mnt/lsdi/ocm01874304/ocm01874304/Output/0341.tif /mnt/lsdi/ocm01874304/ocm01874304/Output/0342.tif /mnt/lsdi/ocm01874304/ocm01874304/Output/0343.tif /mnt/lsdi/ocm01874304/ocm01874304/Output/0344.tif /mnt/lsdi/ocm01874304/ocm01874304/Output/0345.tif /mnt/lsdi/ocm01874304/ocm01874304/Output/0346.tif /mnt/lsdi/ocm01874304/ocm01874304/Output/0347.tif /mnt/lsdi/ocm01874304/ocm01874304/Output/0348.tif /mnt/lsdi/ocm01874304/ocm01874304/Output/0349.tif /mnt/lsdi/ocm01874304/ocm01874304/Output/0350.tif /mnt/lsdi/ocm01874304/ocm01874304/Output/0351.tif /mnt/lsdi/ocm01874304/ocm01874304/Output/0352.tif /mnt/lsdi/ocm01874304/ocm01874304/Output/0353.tif /mnt/lsdi/ocm01874304/ocm01874304/Output/0354.tif /mnt/lsdi/ocm01874304/ocm01874304/Output/0355.tif /mnt/lsdi/ocm01874304/ocm01874304/Output/0356.tif /mnt/lsdi/ocm01874304/ocm01874304/Output/0357.tif /mnt/lsdi/ocm01874304/ocm01874304/Output/0358.tif /mnt/lsdi/ocm01874304/ocm01874304/Output/0359.tif /mnt/lsdi/ocm01874304/ocm01874304/Output/0360.tif /mnt/lsdi/ocm01874304/ocm01874304/Output/0361.tif /mnt/lsdi/ocm01874304/ocm01874304/Output/0362.tif /mnt/lsdi/ocm01874304/ocm01874304/Output/0363.tif /mnt/lsdi/ocm01874304/ocm01874304/Output/0364.tif /mnt/lsdi/ocm01874304/ocm01874304/Output/0365.tif /mnt/lsdi/ocm01874304/ocm01874304/Output/0366.tif /mnt/lsdi/ocm01874304/ocm01874304/Output/0367.tif /mnt/lsdi/ocm01874304/ocm01874304/Output/0368.tif /mnt/lsdi/ocm01874304/ocm01874304/Output/0369.tif /mnt/lsdi/ocm01874304/ocm01874304/Output/0370.tif /mnt/lsdi/ocm01874304/ocm01874304/Output/0371.tif /mnt/lsdi/ocm01874304/ocm01874304/Output/0372.tif /mnt/lsdi/ocm01874304/ocm01874304/Output/0373.tif /mnt/lsdi/ocm01874304/ocm01874304/Output/0374.tif /mnt/lsdi/ocm01874304/ocm01874304/Output/0375.tif /mnt/lsdi/ocm01874304/ocm01874304/Output/0376.tif /mnt/lsdi/ocm01874304/ocm01874304/Output/0377.tif /mnt/lsdi/ocm01874304/ocm01874304/Output/0378.tif /mnt/lsdi/ocm01874304/ocm01874304/Output/0379.tif /mnt/lsdi/ocm01874304/ocm01874304/Output/0380.tif /mnt/lsdi/ocm01874304/ocm01874304/Output/0381.tif /mnt/lsdi/ocm01874304/ocm01874304/Output/0382.tif /mnt/lsdi/ocm01874304/ocm01874304/Output/0383.tif /mnt/lsdi/ocm01874304/ocm01874304/Output/0384.tif /mnt/lsdi/ocm01874304/ocm01874304/Output/0385.tif /mnt/lsdi/ocm01874304/ocm01874304/Output/0386.tif /mnt/lsdi/ocm01874304/ocm01874304/Output/0387.tif /mnt/lsdi/ocm01874304/ocm01874304/Output/0388.tif /mnt/lsdi/ocm01874304/ocm01874304/Output/0389.tif /mnt/lsdi/ocm01874304/ocm01874304/Output/0390.tif /mnt/lsdi/ocm01874304/ocm01874304/Output/0391.tif /mnt/lsdi/ocm01874304/ocm01874304/Output/0392.tif /mnt/lsdi/ocm01874304/ocm01874304/Output/0393.tif /mnt/lsdi/ocm01874304/ocm01874304/Output/0394.tif /mnt/lsdi/ocm01874304/ocm01874304/Output/0395.tif /mnt/lsdi/ocm01874304/ocm01874304/Output/0396.tif /mnt/lsdi/ocm01874304/ocm01874304/Output/0397.tif /mnt/lsdi/ocm01874304/ocm01874304/Output/0398.tif /mnt/lsdi/ocm01874304/ocm01874304/Output/0399.tif /mnt/lsdi/ocm01874304/ocm01874304/Output/0400.tif /mnt/lsdi/ocm01874304/ocm01874304/Output/0401.tif /mnt/lsdi/ocm01874304/ocm01874304/Output/0402.tif /mnt/lsdi/ocm01874304/ocm01874304/Output/0403.tif /mnt/lsdi/ocm01874304/ocm01874304/Output/0404.tif /mnt/lsdi/ocm01874304/ocm01874304/Output/0405.tif /mnt/lsdi/ocm01874304/ocm01874304/Output/0406.tif /mnt/lsdi/ocm01874304/ocm01874304/Output/0407.tif /mnt/lsdi/ocm01874304/ocm01874304/Output/0408.tif /mnt/lsdi/ocm01874304/ocm01874304/Output/0409.tif /mnt/lsdi/ocm01874304/ocm01874304/Output/0410.tif /mnt/lsdi/ocm01874304/ocm01874304/Output/0411.tif /mnt/lsdi/ocm01874304/ocm01874304/Output/0412.tif /mnt/lsdi/ocm01874304/ocm01874304/Output/0413.tif /mnt/lsdi/ocm01874304/ocm01874304/Output/0414.tif /mnt/lsdi/ocm01874304/ocm01874304/Output/0415.tif /mnt/lsdi/ocm01874304/ocm01874304/Output/0416.tif /mnt/lsdi/ocm01874304/ocm01874304/Output/0417.tif /mnt/lsdi/ocm01874304/ocm01874304/Output/0418.tif /mnt/lsdi/ocm01874304/ocm01874304/Output/0419.tif /mnt/lsdi/ocm01874304/ocm01874304/Output/0420.tif /mnt/lsdi/ocm01874304/ocm01874304/Output/0421.tif /mnt/lsdi/ocm01874304/ocm01874304/Output/0422.tif /mnt/lsdi/ocm01874304/ocm01874304/Output/0423.tif /mnt/lsdi/ocm01874304/ocm01874304/Output/0424.tif /mnt/lsdi/ocm01874304/ocm01874304/Output/0425.tif /mnt/lsdi/ocm01874304/ocm01874304/Output/0426.tif /mnt/lsdi/ocm01874304/ocm01874304/Output/0427.tif /mnt/lsdi/ocm01874304/ocm01874304/Output/0428.tif /mnt/lsdi/ocm01874304/ocm01874304/Output/0429.tif /mnt/lsdi/ocm01874304/ocm01874304/Output/0430.tif /mnt/lsdi/ocm01874304/ocm01874304/Output/0431.tif /mnt/lsdi/ocm01874304/ocm01874304/Output/0432.tif /mnt/lsdi/ocm01874304/ocm01874304/Output/0433.tif /mnt/lsdi/ocm01874304/ocm01874304/Output/0434.tif /mnt/lsdi/ocm01874304/ocm01874304/Output/0435.tif /mnt/lsdi/ocm01874304/ocm01874304/Output/0436.tif /mnt/lsdi/ocm01874304/ocm01874304/Output/0437.tif /mnt/lsdi/ocm01874304/ocm01874304/Output/0438.tif /mnt/lsdi/ocm01874304/ocm01874304/Output/0439.tif /mnt/lsdi/ocm01874304/ocm01874304/Output/0440.tif /mnt/lsdi/ocm01874304/ocm01874304/Output/0441.tif /mnt/lsdi/ocm01874304/ocm01874304/Output/0442.tif /mnt/lsdi/ocm01874304/ocm01874304/Output/0443.tif /mnt/lsdi/ocm01874304/ocm01874304/Output/0444.tif /mnt/lsdi/ocm01874304/ocm01874304/Output/0445.tif /mnt/lsdi/ocm01874304/ocm01874304/Output/0446.tif
  adding: mnt/lsdi/ocm01874304/ocm01874304/Output/0001.tif (deflated 84%)
  adding: mnt/lsdi/ocm01874304/ocm01874304/Output/0002.tif (deflated 8%)
  adding: mnt/lsdi/ocm01874304/ocm01874304/Output/0003.tif (deflated 29%)
  adding: mnt/lsdi/ocm01874304/ocm01874304/Output/0004.tif (deflated 6%)
  adding: mnt/lsdi/ocm01874304/ocm01874304/Output/0005.tif (deflated 4%)
  adding: mnt/lsdi/ocm01874304/ocm01874304/Output/0006.tif (deflated 60%)
  adding: mnt/lsdi/ocm01874304/ocm01874304/Output/0007.tif (deflated 84%)
  adding: mnt/lsdi/ocm01874304/ocm01874304/Output/0008.tif (deflated 4%)
  adding: mnt/lsdi/ocm01874304/ocm01874304/Output/0009.tif (deflated 4%)
  adding: mnt/lsdi/ocm01874304/ocm01874304/Output/0010.tif (deflated 3%)
  adding: mnt/lsdi/ocm01874304/ocm01874304/Output/0011.tif (deflated 3%)
  adding: mnt/lsdi/ocm01874304/ocm01874304/Output/0012.tif (deflated 3%)
  adding: mnt/lsdi/ocm01874304/ocm01874304/Output/0013.tif (deflated 3%)
  adding: mnt/lsdi/ocm01874304/ocm01874304/Output/0014.tif (deflated 3%)
  adding: mnt/lsdi/ocm01874304/ocm01874304/Output/0015.tif (deflated 3%)
  adding: mnt/lsdi/ocm01874304/ocm01874304/Output/0016.tif (deflated 3%)
  adding: mnt/lsdi/ocm01874304/ocm01874304/Output/0017.tif (deflated 3%)
  adding: mnt/lsdi/ocm01874304/ocm01874304/Output/0018.tif (deflated 3%)
  adding: mnt/lsdi/ocm01874304/ocm01874304/Output/0019.tif (deflated 4%)
  adding: mnt/lsdi/ocm01874304/ocm01874304/Output/0020.tif (deflated 89%)
  adding: mnt/lsdi/ocm01874304/ocm01874304/Output/0021.tif (deflated 96%)
  adding: mnt/lsdi/ocm01874304/ocm01874304/Output/0022.tif (deflated 4%)
  adding: mnt/lsdi/ocm01874304/ocm01874304/Output/0023.tif (deflated 4%)
  adding: mnt/lsdi/ocm01874304/ocm01874304/Output/0024.tif (deflated 4%)
  adding: mnt/lsdi/ocm01874304/ocm01874304/Output/0025.tif (deflated 4%)
  adding: mnt/lsdi/ocm01874304/ocm01874304/Output/0026.tif (deflated 4%)
  adding: mnt/lsdi/ocm01874304/ocm01874304/Output/0027.tif (deflated 5%)
  adding: mnt/lsdi/ocm01874304/ocm01874304/Output/0028.tif (deflated 4%)
  adding: mnt/lsdi/ocm01874304/ocm01874304/Output/0029.tif (deflated 4%)
  adding: mnt/lsdi/ocm01874304/ocm01874304/Output/0030.tif (deflated 5%)
  adding: mnt/lsdi/ocm01874304/ocm01874304/Output/0031.tif (deflated 4%)
  adding: mnt/lsdi/ocm01874304/ocm01874304/Output/0032.tif (deflated 4%)
  adding: mnt/lsdi/ocm01874304/ocm01874304/Output/0033.tif (deflated 4%)
  adding: mnt/lsdi/ocm01874304/ocm01874304/Output/0034.tif (deflated 4%)
  adding: mnt/lsdi/ocm01874304/ocm01874304/Output/0035.tif (deflated 4%)
  adding: mnt/lsdi/ocm01874304/ocm01874304/Output/0036.tif (deflated 4%)
  adding: mnt/lsdi/ocm01874304/ocm01874304/Output/0037.tif (deflated 4%)
  adding: mnt/lsdi/ocm01874304/ocm01874304/Output/0038.tif (deflated 54%)
  adding: mnt/lsdi/ocm01874304/ocm01874304/Output/0039.tif (deflated 51%)
  adding: mnt/lsdi/ocm01874304/ocm01874304/Output/0040.tif (deflated 4%)
  adding: mnt/lsdi/ocm01874304/ocm01874304/Output/0041.tif (deflated 4%)
  adding: mnt/lsdi/ocm01874304/ocm01874304/Output/0042.tif (deflated 4%)
  adding: mnt/lsdi/ocm01874304/ocm01874304/Output/0043.tif (deflated 4%)
  adding: mnt/lsdi/ocm01874304/ocm01874304/Output/0044.tif (deflated 4%)
  adding: mnt/lsdi/ocm01874304/ocm01874304/Output/0045.tif (deflated 4%)
  adding: mnt/lsdi/ocm01874304/ocm01874304/Output/0046.tif (deflated 4%)
  adding: mnt/lsdi/ocm01874304/ocm01874304/Output/0047.tif (deflated 4%)
  adding: mnt/lsdi/ocm01874304/ocm01874304/Output/0048.tif (deflated 5%)
  adding: mnt/lsdi/ocm01874304/ocm01874304/Output/0049.tif (deflated 4%)
  adding: mnt/lsdi/ocm01874304/ocm01874304/Output/0050.tif (deflated 4%)
  adding: mnt/lsdi/ocm01874304/ocm01874304/Output/0051.tif (deflated 4%)
  adding: mnt/lsdi/ocm01874304/ocm01874304/Output/0052.tif (deflated 5%)
  adding: mnt/lsdi/ocm01874304/ocm01874304/Output/0053.tif (deflated 4%)
  adding: mnt/lsdi/ocm01874304/ocm01874304/Output/0054.tif (deflated 4%)
  adding: mnt/lsdi/ocm01874304/ocm01874304/Output/0055.tif (deflated 4%)
  adding: mnt/lsdi/ocm01874304/ocm01874304/Output/0056.tif (deflated 87%)
  adding: mnt/lsdi/ocm01874304/ocm01874304/Output/0057.tif (deflated 69%)
  adding: mnt/lsdi/ocm01874304/ocm01874304/Output/0058.tif (deflated 4%)
  adding: mnt/lsdi/ocm01874304/ocm01874304/Output/0059.tif (deflated 5%)
  adding: mnt/lsdi/ocm01874304/ocm01874304/Output/0060.tif (deflated 4%)
  adding: mnt/lsdi/ocm01874304/ocm01874304/Output/0061.tif (deflated 4%)
  adding: mnt/lsdi/ocm01874304/ocm01874304/Output/0062.tif (deflated 4%)
  adding: mnt/lsdi/ocm01874304/ocm01874304/Output/0063.tif (deflated 4%)
  adding: mnt/lsdi/ocm01874304/ocm01874304/Output/0064.tif (deflated 4%)
  adding: mnt/lsdi/ocm01874304/ocm01874304/Output/0065.tif (deflated 4%)
  adding: mnt/lsdi/ocm01874304/ocm01874304/Output/0066.tif (deflated 4%)
  adding: mnt/lsdi/ocm01874304/ocm01874304/Output/0067.tif (deflated 4%)
  adding: mnt/lsdi/ocm01874304/ocm01874304/Output/0068.tif (deflated 4%)
  adding: mnt/lsdi/ocm01874304/ocm01874304/Output/0069.tif (deflated 4%)
  adding: mnt/lsdi/ocm01874304/ocm01874304/Output/0070.tif (deflated 4%)
  adding: mnt/lsdi/ocm01874304/ocm01874304/Output/0071.tif (deflated 4%)
  adding: mnt/lsdi/ocm01874304/ocm01874304/Output/0072.tif (deflated 4%)
  adding: mnt/lsdi/ocm01874304/ocm01874304/Output/0073.tif (deflated 4%)
  adding: mnt/lsdi/ocm01874304/ocm01874304/Output/0074.tif (deflated 92%)
  adding: mnt/lsdi/ocm01874304/ocm01874304/Output/0075.tif (deflated 65%)
  adding: mnt/lsdi/ocm01874304/ocm01874304/Output/0076.tif (deflated 4%)
  adding: mnt/lsdi/ocm01874304/ocm01874304/Output/0077.tif (deflated 4%)
  adding: mnt/lsdi/ocm01874304/ocm01874304/Output/0078.tif (deflated 5%)
  adding: mnt/lsdi/ocm01874304/ocm01874304/Output/0079.tif (deflated 4%)
  adding: mnt/lsdi/ocm01874304/ocm01874304/Output/0080.tif (deflated 4%)
  adding: mnt/lsdi/ocm01874304/ocm01874304/Output/0081.tif (deflated 4%)
  adding: mnt/lsdi/ocm01874304/ocm01874304/Output/0082.tif (deflated 4%)
  adding: mnt/lsdi/ocm01874304/ocm01874304/Output/0083.tif (deflated 4%)
  adding: mnt/lsdi/ocm01874304/ocm01874304/Output/0084.tif (deflated 4%)
  adding: mnt/lsdi/ocm01874304/ocm01874304/Output/0085.tif (deflated 4%)
  adding: mnt/lsdi/ocm01874304/ocm01874304/Output/0086.tif (deflated 6%)
  adding: mnt/lsdi/ocm01874304/ocm01874304/Output/0087.tif (deflated 4%)
  adding: mnt/lsdi/ocm01874304/ocm01874304/Output/0088.tif (deflated 4%)
  adding: mnt/lsdi/ocm01874304/ocm01874304/Output/0089.tif (deflated 4%)
  adding: mnt/lsdi/ocm01874304/ocm01874304/Output/0090.tif (deflated 4%)
  adding: mnt/lsdi/ocm01874304/ocm01874304/Output/0091.tif (deflated 4%)
  adding: mnt/lsdi/ocm01874304/ocm01874304/Output/0092.tif (deflated 72%)
  adding: mnt/lsdi/ocm01874304/ocm01874304/Output/0093.tif (deflated 79%)
  adding: mnt/lsdi/ocm01874304/ocm01874304/Output/0094.tif (deflated 4%)
  adding: mnt/lsdi/ocm01874304/ocm01874304/Output/0095.tif (deflated 4%)
  adding: mnt/lsdi/ocm01874304/ocm01874304/Output/0096.tif (deflated 4%)
  adding: mnt/lsdi/ocm01874304/ocm01874304/Output/0097.tif (deflated 4%)
  adding: mnt/lsdi/ocm01874304/ocm01874304/Output/0098.tif (deflated 4%)
  adding: mnt/lsdi/ocm01874304/ocm01874304/Output/0099.tif (deflated 4%)
  adding: mnt/lsdi/ocm01874304/ocm01874304/Output/0100.tif (deflated 4%)
  adding: mnt/lsdi/ocm01874304/ocm01874304/Output/0101.tif (deflated 4%)
  adding: mnt/lsdi/ocm01874304/ocm01874304/Output/0102.tif (deflated 5%)
  adding: mnt/lsdi/ocm01874304/ocm01874304/Output/0103.tif (deflated 4%)
  adding: mnt/lsdi/ocm01874304/ocm01874304/Output/0104.tif (deflated 4%)
  adding: mnt/lsdi/ocm01874304/ocm01874304/Output/0105.tif (deflated 4%)
  adding: mnt/lsdi/ocm01874304/ocm01874304/Output/0106.tif (deflated 4%)
  adding: mnt/lsdi/ocm01874304/ocm01874304/Output/0107.tif (deflated 4%)
  adding: mnt/lsdi/ocm01874304/ocm01874304/Output/0108.tif (deflated 5%)
  adding: mnt/lsdi/ocm01874304/ocm01874304/Output/0109.tif (deflated 4%)
  adding: mnt/lsdi/ocm01874304/ocm01874304/Output/0110.tif (deflated 77%)
  adding: mnt/lsdi/ocm01874304/ocm01874304/Output/0111.tif (deflated 69%)
  adding: mnt/lsdi/ocm01874304/ocm01874304/Output/0112.tif (deflated 4%)
  adding: mnt/lsdi/ocm01874304/ocm01874304/Output/0113.tif (deflated 4%)
  adding: mnt/lsdi/ocm01874304/ocm01874304/Output/0114.tif (deflated 4%)
  adding: mnt/lsdi/ocm01874304/ocm01874304/Output/0115.tif (deflated 4%)
  adding: mnt/lsdi/ocm01874304/ocm01874304/Output/0116.tif (deflated 4%)
  adding: mnt/lsdi/ocm01874304/ocm01874304/Output/0117.tif (deflated 4%)
  adding: mnt/lsdi/ocm01874304/ocm01874304/Output/0118.tif (deflated 4%)
  adding: mnt/lsdi/ocm01874304/ocm01874304/Output/0119.tif (deflated 4%)
  adding: mnt/lsdi/ocm01874304/ocm01874304/Output/0120.tif (deflated 4%)
  adding: mnt/lsdi/ocm01874304/ocm01874304/Output/0121.tif (deflated 4%)
  adding: mnt/lsdi/ocm01874304/ocm01874304/Output/0122.tif (deflated 4%)
  adding: mnt/lsdi/ocm01874304/ocm01874304/Output/0123.tif (deflated 4%)
  adding: mnt/lsdi/ocm01874304/ocm01874304/Output/0124.tif (deflated 4%)
  adding: mnt/lsdi/ocm01874304/ocm01874304/Output/0125.tif (deflated 5%)
  adding: mnt/lsdi/ocm01874304/ocm01874304/Output/0126.tif (deflated 4%)
  adding: mnt/lsdi/ocm01874304/ocm01874304/Output/0127.tif (deflated 4%)
  adding: mnt/lsdi/ocm01874304/ocm01874304/Output/0128.tif (deflated 75%)
  adding: mnt/lsdi/ocm01874304/ocm01874304/Output/0129.tif (deflated 52%)
  adding: mnt/lsdi/ocm01874304/ocm01874304/Output/0130.tif (deflated 3%)
  adding: mnt/lsdi/ocm01874304/ocm01874304/Output/0131.tif (deflated 4%)
  adding: mnt/lsdi/ocm01874304/ocm01874304/Output/0132.tif (deflated 4%)
  adding: mnt/lsdi/ocm01874304/ocm01874304/Output/0133.tif (deflated 4%)
  adding: mnt/lsdi/ocm01874304/ocm01874304/Output/0134.tif (deflated 4%)
  adding: mnt/lsdi/ocm01874304/ocm01874304/Output/0135.tif (deflated 4%)
  adding: mnt/lsdi/ocm01874304/ocm01874304/Output/0136.tif (deflated 5%)
  adding: mnt/lsdi/ocm01874304/ocm01874304/Output/0137.tif (deflated 4%)
  adding: mnt/lsdi/ocm01874304/ocm01874304/Output/0138.tif (deflated 4%)
  adding: mnt/lsdi/ocm01874304/ocm01874304/Output/0139.tif (deflated 4%)
  adding: mnt/lsdi/ocm01874304/ocm01874304/Output/0140.tif (deflated 4%)
  adding: mnt/lsdi/ocm01874304/ocm01874304/Output/0141.tif (deflated 4%)
  adding: mnt/lsdi/ocm01874304/ocm01874304/Output/0142.tif (deflated 5%)
  adding: mnt/lsdi/ocm01874304/ocm01874304/Output/0143.tif (deflated 4%)
  adding: mnt/lsdi/ocm01874304/ocm01874304/Output/0144.tif (deflated 4%)
  adding: mnt/lsdi/ocm01874304/ocm01874304/Output/0145.tif (deflated 4%)
  adding: mnt/lsdi/ocm01874304/ocm01874304/Output/0146.tif (deflated 69%)
  adding: mnt/lsdi/ocm01874304/ocm01874304/Output/0147.tif (deflated 66%)
  adding: mnt/lsdi/ocm01874304/ocm01874304/Output/0148.tif (deflated 4%)
  adding: mnt/lsdi/ocm01874304/ocm01874304/Output/0149.tif (deflated 4%)
  adding: mnt/lsdi/ocm01874304/ocm01874304/Output/0150.tif (deflated 4%)
  adding: mnt/lsdi/ocm01874304/ocm01874304/Output/0151.tif (deflated 4%)
  adding: mnt/lsdi/ocm01874304/ocm01874304/Output/0152.tif (deflated 4%)
  adding: mnt/lsdi/ocm01874304/ocm01874304/Output/0153.tif (deflated 4%)
  adding: mnt/lsdi/ocm01874304/ocm01874304/Output/0154.tif (deflated 5%)
  adding: mnt/lsdi/ocm01874304/ocm01874304/Output/0155.tif (deflated 4%)
  adding: mnt/lsdi/ocm01874304/ocm01874304/Output/0156.tif (deflated 4%)
  adding: mnt/lsdi/ocm01874304/ocm01874304/Output/0157.tif (deflated 4%)
  adding: mnt/lsdi/ocm01874304/ocm01874304/Output/0158.tif (deflated 4%)
  adding: mnt/lsdi/ocm01874304/ocm01874304/Output/0159.tif (deflated 4%)
  adding: mnt/lsdi/ocm01874304/ocm01874304/Output/0160.tif (deflated 4%)
  adding: mnt/lsdi/ocm01874304/ocm01874304/Output/0161.tif (deflated 4%)
  adding: mnt/lsdi/ocm01874304/ocm01874304/Output/0162.tif (deflated 4%)
  adding: mnt/lsdi/ocm01874304/ocm01874304/Output/0163.tif (deflated 4%)
  adding: mnt/lsdi/ocm01874304/ocm01874304/Output/0164.tif (deflated 65%)
  adding: mnt/lsdi/ocm01874304/ocm01874304/Output/0165.tif (deflated 78%)
  adding: mnt/lsdi/ocm01874304/ocm01874304/Output/0166.tif (deflated 4%)
  adding: mnt/lsdi/ocm01874304/ocm01874304/Output/0167.tif (deflated 4%)
  adding: mnt/lsdi/ocm01874304/ocm01874304/Output/0168.tif (deflated 6%)
  adding: mnt/lsdi/ocm01874304/ocm01874304/Output/0169.tif (deflated 4%)
  adding: mnt/lsdi/ocm01874304/ocm01874304/Output/0170.tif (deflated 5%)
  adding: mnt/lsdi/ocm01874304/ocm01874304/Output/0171.tif (deflated 4%)
  adding: mnt/lsdi/ocm01874304/ocm01874304/Output/0172.tif (deflated 4%)
  adding: mnt/lsdi/ocm01874304/ocm01874304/Output/0173.tif (deflated 4%)
  adding: mnt/lsdi/ocm01874304/ocm01874304/Output/0174.tif (deflated 4%)
  adding: mnt/lsdi/ocm01874304/ocm01874304/Output/0175.tif (deflated 4%)
  adding: mnt/lsdi/ocm01874304/ocm01874304/Output/0176.tif (deflated 4%)
  adding: mnt/lsdi/ocm01874304/ocm01874304/Output/0177.tif (deflated 4%)
  adding: mnt/lsdi/ocm01874304/ocm01874304/Output/0178.tif (deflated 4%)
  adding: mnt/lsdi/ocm01874304/ocm01874304/Output/0179.tif (deflated 4%)
  adding: mnt/lsdi/ocm01874304/ocm01874304/Output/0180.tif (deflated 4%)
  adding: mnt/lsdi/ocm01874304/ocm01874304/Output/0181.tif (deflated 4%)
  adding: mnt/lsdi/ocm01874304/ocm01874304/Output/0182.tif (deflated 66%)
  adding: mnt/lsdi/ocm01874304/ocm01874304/Output/0183.tif (deflated 61%)
  adding: mnt/lsdi/ocm01874304/ocm01874304/Output/0184.tif (deflated 4%)
  adding: mnt/lsdi/ocm01874304/ocm01874304/Output/0185.tif (deflated 4%)
  adding: mnt/lsdi/ocm01874304/ocm01874304/Output/0186.tif (deflated 5%)
  adding: mnt/lsdi/ocm01874304/ocm01874304/Output/0187.tif (deflated 4%)
  adding: mnt/lsdi/ocm01874304/ocm01874304/Output/0188.tif (deflated 5%)
  adding: mnt/lsdi/ocm01874304/ocm01874304/Output/0189.tif (deflated 5%)
  adding: mnt/lsdi/ocm01874304/ocm01874304/Output/0190.tif (deflated 4%)
  adding: mnt/lsdi/ocm01874304/ocm01874304/Output/0191.tif (deflated 5%)
  adding: mnt/lsdi/ocm01874304/ocm01874304/Output/0192.tif (deflated 5%)
  adding: mnt/lsdi/ocm01874304/ocm01874304/Output/0193.tif (deflated 4%)
  adding: mnt/lsdi/ocm01874304/ocm01874304/Output/0194.tif (deflated 4%)
  adding: mnt/lsdi/ocm01874304/ocm01874304/Output/0195.tif (deflated 5%)
  adding: mnt/lsdi/ocm01874304/ocm01874304/Output/0196.tif (deflated 5%)
  adding: mnt/lsdi/ocm01874304/ocm01874304/Output/0197.tif (deflated 4%)
  adding: mnt/lsdi/ocm01874304/ocm01874304/Output/0198.tif (deflated 5%)
  adding: mnt/lsdi/ocm01874304/ocm01874304/Output/0199.tif (deflated 4%)
  adding: mnt/lsdi/ocm01874304/ocm01874304/Output/0200.tif (deflated 87%)
  adding: mnt/lsdi/ocm01874304/ocm01874304/Output/0201.tif (deflated 70%)
  adding: mnt/lsdi/ocm01874304/ocm01874304/Output/0202.tif (deflated 4%)
  adding: mnt/lsdi/ocm01874304/ocm01874304/Output/0203.tif (deflated 4%)
  adding: mnt/lsdi/ocm01874304/ocm01874304/Output/0204.tif (deflated 4%)
  adding: mnt/lsdi/ocm01874304/ocm01874304/Output/0205.tif (deflated 4%)
  adding: mnt/lsdi/ocm01874304/ocm01874304/Output/0206.tif (deflated 5%)
  adding: mnt/lsdi/ocm01874304/ocm01874304/Output/0207.tif (deflated 84%)
  adding: mnt/lsdi/ocm01874304/ocm01874304/Output/0208.tif (deflated 5%)
  adding: mnt/lsdi/ocm01874304/ocm01874304/Output/0209.tif (deflated 4%)
  adding: mnt/lsdi/ocm01874304/ocm01874304/Output/0210.tif (deflated 4%)
  adding: mnt/lsdi/ocm01874304/ocm01874304/Output/0211.tif (deflated 4%)
  adding: mnt/lsdi/ocm01874304/ocm01874304/Output/0212.tif (deflated 4%)
  adding: mnt/lsdi/ocm01874304/ocm01874304/Output/0213.tif (deflated 5%)
  adding: mnt/lsdi/ocm01874304/ocm01874304/Output/0214.tif (deflated 5%)
  adding: mnt/lsdi/ocm01874304/ocm01874304/Output/0215.tif (deflated 4%)
  adding: mnt/lsdi/ocm01874304/ocm01874304/Output/0216.tif (deflated 5%)
  adding: mnt/lsdi/ocm01874304/ocm01874304/Output/0217.tif (deflated 4%)
  adding: mnt/lsdi/ocm01874304/ocm01874304/Output/0218.tif (deflated 90%)
  adding: mnt/lsdi/ocm01874304/ocm01874304/Output/0219.tif (deflated 81%)
  adding: mnt/lsdi/ocm01874304/ocm01874304/Output/0220.tif (deflated 4%)
  adding: mnt/lsdi/ocm01874304/ocm01874304/Output/0221.tif (deflated 4%)
  adding: mnt/lsdi/ocm01874304/ocm01874304/Output/0222.tif (deflated 4%)
  adding: mnt/lsdi/ocm01874304/ocm01874304/Output/0223.tif (deflated 4%)
  adding: mnt/lsdi/ocm01874304/ocm01874304/Output/0224.tif (deflated 5%)
  adding: mnt/lsdi/ocm01874304/ocm01874304/Output/0225.tif (deflated 4%)
  adding: mnt/lsdi/ocm01874304/ocm01874304/Output/0226.tif (deflated 4%)
  adding: mnt/lsdi/ocm01874304/ocm01874304/Output/0227.tif (deflated 4%)
  adding: mnt/lsdi/ocm01874304/ocm01874304/Output/0228.tif (deflated 4%)
  adding: mnt/lsdi/ocm01874304/ocm01874304/Output/0229.tif (deflated 4%)
  adding: mnt/lsdi/ocm01874304/ocm01874304/Output/0230.tif (deflated 5%)
  adding: mnt/lsdi/ocm01874304/ocm01874304/Output/0231.tif (deflated 4%)
  adding: mnt/lsdi/ocm01874304/ocm01874304/Output/0232.tif (deflated 5%)
  adding: mnt/lsdi/ocm01874304/ocm01874304/Output/0233.tif (deflated 3%)
  adding: mnt/lsdi/ocm01874304/ocm01874304/Output/0234.tif (deflated 4%)
  adding: mnt/lsdi/ocm01874304/ocm01874304/Output/0235.tif (deflated 4%)
  adding: mnt/lsdi/ocm01874304/ocm01874304/Output/0236.tif (deflated 74%)
  adding: mnt/lsdi/ocm01874304/ocm01874304/Output/0237.tif (deflated 83%)
  adding: mnt/lsdi/ocm01874304/ocm01874304/Output/0238.tif (deflated 4%)
  adding: mnt/lsdi/ocm01874304/ocm01874304/Output/0239.tif (deflated 4%)
  adding: mnt/lsdi/ocm01874304/ocm01874304/Output/0240.tif (deflated 4%)
  adding: mnt/lsdi/ocm01874304/ocm01874304/Output/0241.tif (deflated 4%)
  adding: mnt/lsdi/ocm01874304/ocm01874304/Output/0242.tif (deflated 5%)
  adding: mnt/lsdi/ocm01874304/ocm01874304/Output/0243.tif (deflated 4%)
  adding: mnt/lsdi/ocm01874304/ocm01874304/Output/0244.tif (deflated 4%)
  adding: mnt/lsdi/ocm01874304/ocm01874304/Output/0245.tif (deflated 4%)
  adding: mnt/lsdi/ocm01874304/ocm01874304/Output/0246.tif (deflated 5%)
  adding: mnt/lsdi/ocm01874304/ocm01874304/Output/0247.tif (deflated 4%)
  adding: mnt/lsdi/ocm01874304/ocm01874304/Output/0248.tif (deflated 4%)
  adding: mnt/lsdi/ocm01874304/ocm01874304/Output/0249.tif (deflated 4%)
  adding: mnt/lsdi/ocm01874304/ocm01874304/Output/0250.tif (deflated 4%)
  adding: mnt/lsdi/ocm01874304/ocm01874304/Output/0251.tif (deflated 4%)
  adding: mnt/lsdi/ocm01874304/ocm01874304/Output/0252.tif (deflated 4%)
  adding: mnt/lsdi/ocm01874304/ocm01874304/Output/0253.tif (deflated 4%)
  adding: mnt/lsdi/ocm01874304/ocm01874304/Output/0254.tif (deflated 98%)
  adding: mnt/lsdi/ocm01874304/ocm01874304/Output/0255.tif (deflated 87%)
  adding: mnt/lsdi/ocm01874304/ocm01874304/Output/0256.tif (deflated 4%)
  adding: mnt/lsdi/ocm01874304/ocm01874304/Output/0257.tif (deflated 4%)
  adding: mnt/lsdi/ocm01874304/ocm01874304/Output/0258.tif (deflated 4%)
  adding: mnt/lsdi/ocm01874304/ocm01874304/Output/0259.tif (deflated 4%)
  adding: mnt/lsdi/ocm01874304/ocm01874304/Output/0260.tif (deflated 4%)
  adding: mnt/lsdi/ocm01874304/ocm01874304/Output/0261.tif (deflated 4%)
  adding: mnt/lsdi/ocm01874304/ocm01874304/Output/0262.tif (deflated 4%)
  adding: mnt/lsdi/ocm01874304/ocm01874304/Output/0263.tif (deflated 4%)
  adding: mnt/lsdi/ocm01874304/ocm01874304/Output/0264.tif (deflated 4%)
  adding: mnt/lsdi/ocm01874304/ocm01874304/Output/0265.tif (deflated 4%)
  adding: mnt/lsdi/ocm01874304/ocm01874304/Output/0266.tif (deflated 5%)
  adding: mnt/lsdi/ocm01874304/ocm01874304/Output/0267.tif (deflated 4%)
  adding: mnt/lsdi/ocm01874304/ocm01874304/Output/0268.tif (deflated 4%)
  adding: mnt/lsdi/ocm01874304/ocm01874304/Output/0269.tif (deflated 4%)
  adding: mnt/lsdi/ocm01874304/ocm01874304/Output/0270.tif (deflated 4%)
  adding: mnt/lsdi/ocm01874304/ocm01874304/Output/0271.tif (deflated 4%)
  adding: mnt/lsdi/ocm01874304/ocm01874304/Output/0272.tif (deflated 79%)
  adding: mnt/lsdi/ocm01874304/ocm01874304/Output/0273.tif (deflated 85%)
  adding: mnt/lsdi/ocm01874304/ocm01874304/Output/0274.tif (deflated 4%)
  adding: mnt/lsdi/ocm01874304/ocm01874304/Output/0275.tif (deflated 4%)
  adding: mnt/lsdi/ocm01874304/ocm01874304/Output/0276.tif (deflated 4%)
  adding: mnt/lsdi/ocm01874304/ocm01874304/Output/0277.tif (deflated 3%)
  adding: mnt/lsdi/ocm01874304/ocm01874304/Output/0278.tif (deflated 4%)
  adding: mnt/lsdi/ocm01874304/ocm01874304/Output/0279.tif (deflated 4%)
  adding: mnt/lsdi/ocm01874304/ocm01874304/Output/0280.tif (deflated 4%)
  adding: mnt/lsdi/ocm01874304/ocm01874304/Output/0281.tif (deflated 4%)
  adding: mnt/lsdi/ocm01874304/ocm01874304/Output/0282.tif (deflated 4%)
  adding: mnt/lsdi/ocm01874304/ocm01874304/Output/0283.tif (deflated 4%)
  adding: mnt/lsdi/ocm01874304/ocm01874304/Output/0284.tif (deflated 4%)
  adding: mnt/lsdi/ocm01874304/ocm01874304/Output/0285.tif (deflated 4%)
  adding: mnt/lsdi/ocm01874304/ocm01874304/Output/0286.tif (deflated 4%)
  adding: mnt/lsdi/ocm01874304/ocm01874304/Output/0287.tif (deflated 4%)
  adding: mnt/lsdi/ocm01874304/ocm01874304/Output/0288.tif (deflated 4%)
  adding: mnt/lsdi/ocm01874304/ocm01874304/Output/0289.tif (deflated 4%)
  adding: mnt/lsdi/ocm01874304/ocm01874304/Output/0290.tif (deflated 59%)
  adding: mnt/lsdi/ocm01874304/ocm01874304/Output/0291.tif (deflated 85%)
  adding: mnt/lsdi/ocm01874304/ocm01874304/Output/0292.tif (deflated 5%)
  adding: mnt/lsdi/ocm01874304/ocm01874304/Output/0293.tif (deflated 4%)
  adding: mnt/lsdi/ocm01874304/ocm01874304/Output/0294.tif (deflated 6%)
  adding: mnt/lsdi/ocm01874304/ocm01874304/Output/0295.tif (deflated 4%)
  adding: mnt/lsdi/ocm01874304/ocm01874304/Output/0296.tif (deflated 5%)
  adding: mnt/lsdi/ocm01874304/ocm01874304/Output/0297.tif (deflated 3%)
  adding: mnt/lsdi/ocm01874304/ocm01874304/Output/0298.tif (deflated 4%)
  adding: mnt/lsdi/ocm01874304/ocm01874304/Output/0299.tif (deflated 4%)
  adding: mnt/lsdi/ocm01874304/ocm01874304/Output/0300.tif (deflated 4%)
  adding: mnt/lsdi/ocm01874304/ocm01874304/Output/0301.tif (deflated 4%)
  adding: mnt/lsdi/ocm01874304/ocm01874304/Output/0302.tif (deflated 4%)
  adding: mnt/lsdi/ocm01874304/ocm01874304/Output/0303.tif (deflated 4%)
  adding: mnt/lsdi/ocm01874304/ocm01874304/Output/0304.tif (deflated 5%)
  adding: mnt/lsdi/ocm01874304/ocm01874304/Output/0305.tif (deflated 4%)
  adding: mnt/lsdi/ocm01874304/ocm01874304/Output/0306.tif (deflated 4%)
  adding: mnt/lsdi/ocm01874304/ocm01874304/Output/0307.tif (deflated 4%)
  adding: mnt/lsdi/ocm01874304/ocm01874304/Output/0308.tif (deflated 78%)
  adding: mnt/lsdi/ocm01874304/ocm01874304/Output/0309.tif (deflated 63%)
  adding: mnt/lsdi/ocm01874304/ocm01874304/Output/0310.tif (deflated 4%)
  adding: mnt/lsdi/ocm01874304/ocm01874304/Output/0311.tif (deflated 4%)
  adding: mnt/lsdi/ocm01874304/ocm01874304/Output/0312.tif (deflated 4%)
  adding: mnt/lsdi/ocm01874304/ocm01874304/Output/0313.tif (deflated 4%)
  adding: mnt/lsdi/ocm01874304/ocm01874304/Output/0314.tif (deflated 4%)
  adding: mnt/lsdi/ocm01874304/ocm01874304/Output/0315.tif (deflated 4%)
  adding: mnt/lsdi/ocm01874304/ocm01874304/Output/0316.tif (deflated 4%)
  adding: mnt/lsdi/ocm01874304/ocm01874304/Output/0317.tif (deflated 4%)
  adding: mnt/lsdi/ocm01874304/ocm01874304/Output/0318.tif (deflated 5%)
  adding: mnt/lsdi/ocm01874304/ocm01874304/Output/0319.tif (deflated 4%)
  adding: mnt/lsdi/ocm01874304/ocm01874304/Output/0320.tif (deflated 4%)
  adding: mnt/lsdi/ocm01874304/ocm01874304/Output/0321.tif (deflated 4%)
  adding: mnt/lsdi/ocm01874304/ocm01874304/Output/0322.tif (deflated 4%)
  adding: mnt/lsdi/ocm01874304/ocm01874304/Output/0323.tif (deflated 4%)
  adding: mnt/lsdi/ocm01874304/ocm01874304/Output/0324.tif (deflated 4%)
  adding: mnt/lsdi/ocm01874304/ocm01874304/Output/0325.tif (deflated 4%)
  adding: mnt/lsdi/ocm01874304/ocm01874304/Output/0326.tif (deflated 79%)
  adding: mnt/lsdi/ocm01874304/ocm01874304/Output/0327.tif (deflated 91%)
  adding: mnt/lsdi/ocm01874304/ocm01874304/Output/0328.tif (deflated 4%)
  adding: mnt/lsdi/ocm01874304/ocm01874304/Output/0329.tif (deflated 4%)
  adding: mnt/lsdi/ocm01874304/ocm01874304/Output/0330.tif (deflated 5%)
  adding: mnt/lsdi/ocm01874304/ocm01874304/Output/0331.tif (deflated 4%)
  adding: mnt/lsdi/ocm01874304/ocm01874304/Output/0332.tif (deflated 7%)
  adding: mnt/lsdi/ocm01874304/ocm01874304/Output/0333.tif (deflated 4%)
  adding: mnt/lsdi/ocm01874304/ocm01874304/Output/0334.tif (deflated 5%)
  adding: mnt/lsdi/ocm01874304/ocm01874304/Output/0335.tif (deflated 3%)
  adding: mnt/lsdi/ocm01874304/ocm01874304/Output/0336.tif (deflated 4%)
  adding: mnt/lsdi/ocm01874304/ocm01874304/Output/0337.tif (deflated 4%)
  adding: mnt/lsdi/ocm01874304/ocm01874304/Output/0338.tif (deflated 5%)
  adding: mnt/lsdi/ocm01874304/ocm01874304/Output/0339.tif (deflated 4%)
  adding: mnt/lsdi/ocm01874304/ocm01874304/Output/0340.tif (deflated 4%)
  adding: mnt/lsdi/ocm01874304/ocm01874304/Output/0341.tif (deflated 4%)
  adding: mnt/lsdi/ocm01874304/ocm01874304/Output/0342.tif (deflated 5%)
  adding: mnt/lsdi/ocm01874304/ocm01874304/Output/0343.tif (deflated 3%)
  adding: mnt/lsdi/ocm01874304/ocm01874304/Output/0344.tif (deflated 65%)
  adding: mnt/lsdi/ocm01874304/ocm01874304/Output/0345.tif (deflated 61%)
  adding: mnt/lsdi/ocm01874304/ocm01874304/Output/0346.tif (deflated 4%)
  adding: mnt/lsdi/ocm01874304/ocm01874304/Output/0347.tif (deflated 4%)
  adding: mnt/lsdi/ocm01874304/ocm01874304/Output/0348.tif (deflated 4%)
  adding: mnt/lsdi/ocm01874304/ocm01874304/Output/0349.tif (deflated 4%)
  adding: mnt/lsdi/ocm01874304/ocm01874304/Output/0350.tif (deflated 4%)
  adding: mnt/lsdi/ocm01874304/ocm01874304/Output/0351.tif (deflated 4%)
  adding: mnt/lsdi/ocm01874304/ocm01874304/Output/0352.tif (deflated 4%)
  adding: mnt/lsdi/ocm01874304/ocm01874304/Output/0353.tif (deflated 4%)
  adding: mnt/lsdi/ocm01874304/ocm01874304/Output/0354.tif (deflated 4%)
  adding: mnt/lsdi/ocm01874304/ocm01874304/Output/0355.tif (deflated 4%)
  adding: mnt/lsdi/ocm01874304/ocm01874304/Output/0356.tif (deflated 4%)
  adding: mnt/lsdi/ocm01874304/ocm01874304/Output/0357.tif (deflated 4%)
  adding: mnt/lsdi/ocm01874304/ocm01874304/Output/0358.tif (deflated 4%)
  adding: mnt/lsdi/ocm01874304/ocm01874304/Output/0359.tif (deflated 4%)
  adding: mnt/lsdi/ocm01874304/ocm01874304/Output/0360.tif (deflated 5%)
  adding: mnt/lsdi/ocm01874304/ocm01874304/Output/0361.tif (deflated 4%)
  adding: mnt/lsdi/ocm01874304/ocm01874304/Output/0362.tif (deflated 65%)
  adding: mnt/lsdi/ocm01874304/ocm01874304/Output/0363.tif (deflated 39%)
  adding: mnt/lsdi/ocm01874304/ocm01874304/Output/0364.tif (deflated 4%)
  adding: mnt/lsdi/ocm01874304/ocm01874304/Output/0365.tif (deflated 4%)
  adding: mnt/lsdi/ocm01874304/ocm01874304/Output/0366.tif (deflated 4%)
  adding: mnt/lsdi/ocm01874304/ocm01874304/Output/0367.tif (deflated 4%)
  adding: mnt/lsdi/ocm01874304/ocm01874304/Output/0368.tif (deflated 5%)
  adding: mnt/lsdi/ocm01874304/ocm01874304/Output/0369.tif (deflated 4%)
  adding: mnt/lsdi/ocm01874304/ocm01874304/Output/0370.tif (deflated 4%)
  adding: mnt/lsdi/ocm01874304/ocm01874304/Output/0371.tif (deflated 4%)
  adding: mnt/lsdi/ocm01874304/ocm01874304/Output/0372.tif (deflated 5%)
  adding: mnt/lsdi/ocm01874304/ocm01874304/Output/0373.tif (deflated 4%)
  adding: mnt/lsdi/ocm01874304/ocm01874304/Output/0374.tif (deflated 4%)
  adding: mnt/lsdi/ocm01874304/ocm01874304/Output/0375.tif (deflated 4%)
  adding: mnt/lsdi/ocm01874304/ocm01874304/Output/0376.tif (deflated 4%)
  adding: mnt/lsdi/ocm01874304/ocm01874304/Output/0377.tif (deflated 4%)
  adding: mnt/lsdi/ocm01874304/ocm01874304/Output/0378.tif (deflated 4%)
  adding: mnt/lsdi/ocm01874304/ocm01874304/Output/0379.tif (deflated 4%)
  adding: mnt/lsdi/ocm01874304/ocm01874304/Output/0380.tif (deflated 76%)
  adding: mnt/lsdi/ocm01874304/ocm01874304/Output/0381.tif (deflated 64%)
  adding: mnt/lsdi/ocm01874304/ocm01874304/Output/0382.tif (deflated 4%)
  adding: mnt/lsdi/ocm01874304/ocm01874304/Output/0383.tif (deflated 4%)
  adding: mnt/lsdi/ocm01874304/ocm01874304/Output/0384.tif (deflated 4%)
  adding: mnt/lsdi/ocm01874304/ocm01874304/Output/0385.tif (deflated 4%)
  adding: mnt/lsdi/ocm01874304/ocm01874304/Output/0386.tif (deflated 4%)
  adding: mnt/lsdi/ocm01874304/ocm01874304/Output/0387.tif (deflated 8%)
  adding: mnt/lsdi/ocm01874304/ocm01874304/Output/0388.tif (deflated 78%)
  adding: mnt/lsdi/ocm01874304/ocm01874304/Output/0389.tif (deflated 88%)
  adding: mnt/lsdi/ocm01874304/ocm01874304/Output/0390.tif (deflated 4%)
  adding: mnt/lsdi/ocm01874304/ocm01874304/Output/0391.tif (deflated 4%)
  adding: mnt/lsdi/ocm01874304/ocm01874304/Output/0392.tif (deflated 5%)
  adding: mnt/lsdi/ocm01874304/ocm01874304/Output/0393.tif (deflated 4%)
  adding: mnt/lsdi/ocm01874304/ocm01874304/Output/0394.tif (deflated 4%)
  adding: mnt/lsdi/ocm01874304/ocm01874304/Output/0395.tif (deflated 4%)
  adding: mnt/lsdi/ocm01874304/ocm01874304/Output/0396.tif (deflated 4%)
  adding: mnt/lsdi/ocm01874304/ocm01874304/Output/0397.tif (deflated 4%)
  adding: mnt/lsdi/ocm01874304/ocm01874304/Output/0398.tif (deflated 4%)
  adding: mnt/lsdi/ocm01874304/ocm01874304/Output/0399.tif (deflated 4%)
  adding: mnt/lsdi/ocm01874304/ocm01874304/Output/0400.tif (deflated 90%)
  adding: mnt/lsdi/ocm01874304/ocm01874304/Output/0401.tif (deflated 61%)
  adding: mnt/lsdi/ocm01874304/ocm01874304/Output/0402.tif (deflated 4%)
  adding: mnt/lsdi/ocm01874304/ocm01874304/Output/0403.tif (deflated 5%)
  adding: mnt/lsdi/ocm01874304/ocm01874304/Output/0404.tif (deflated 4%)
  adding: mnt/lsdi/ocm01874304/ocm01874304/Output/0405.tif (deflated 4%)
  adding: mnt/lsdi/ocm01874304/ocm01874304/Output/0406.tif (deflated 4%)
  adding: mnt/lsdi/ocm01874304/ocm01874304/Output/0407.tif (deflated 4%)
  adding: mnt/lsdi/ocm01874304/ocm01874304/Output/0408.tif (deflated 4%)
  adding: mnt/lsdi/ocm01874304/ocm01874304/Output/0409.tif (deflated 4%)
  adding: mnt/lsdi/ocm01874304/ocm01874304/Output/0410.tif (deflated 4%)
  adding: mnt/lsdi/ocm01874304/ocm01874304/Output/0411.tif (deflated 4%)
  adding: mnt/lsdi/ocm01874304/ocm01874304/Output/0412.tif (deflated 4%)
  adding: mnt/lsdi/ocm01874304/ocm01874304/Output/0413.tif (deflated 5%)
  adding: mnt/lsdi/ocm01874304/ocm01874304/Output/0414.tif (deflated 4%)
  adding: mnt/lsdi/ocm01874304/ocm01874304/Output/0415.tif (deflated 5%)
  adding: mnt/lsdi/ocm01874304/ocm01874304/Output/0416.tif (deflated 4%)
  adding: mnt/lsdi/ocm01874304/ocm01874304/Output/0417.tif (deflated 4%)
  adding: mnt/lsdi/ocm01874304/ocm01874304/Output/0418.tif (deflated 98%)
  adding: mnt/lsdi/ocm01874304/ocm01874304/Output/0419.tif (deflated 83%)
  adding: mnt/lsdi/ocm01874304/ocm01874304/Output/0420.tif (deflated 5%)
  adding: mnt/lsdi/ocm01874304/ocm01874304/Output/0421.tif (deflated 5%)
  adding: mnt/lsdi/ocm01874304/ocm01874304/Output/0422.tif (deflated 4%)
  adding: mnt/lsdi/ocm01874304/ocm01874304/Output/0423.tif (deflated 5%)
  adding: mnt/lsdi/ocm01874304/ocm01874304/Output/0424.tif (deflated 5%)
  adding: mnt/lsdi/ocm01874304/ocm01874304/Output/0425.tif (deflated 4%)
  adding: mnt/lsdi/ocm01874304/ocm01874304/Output/0426.tif (deflated 4%)
  adding: mnt/lsdi/ocm01874304/ocm01874304/Output/0427.tif (deflated 4%)
  adding: mnt/lsdi/ocm01874304/ocm01874304/Output/0428.tif (deflated 4%)
  adding: mnt/lsdi/ocm01874304/ocm01874304/Output/0429.tif (deflated 4%)
  adding: mnt/lsdi/ocm01874304/ocm01874304/Output/0430.tif (deflated 4%)
  adding: mnt/lsdi/ocm01874304/ocm01874304/Output/0431.tif (deflated 4%)
  adding: mnt/lsdi/ocm01874304/ocm01874304/Output/0432.tif (deflated 4%)
  adding: mnt/lsdi/ocm01874304/ocm01874304/Output/0433.tif (deflated 4%)
  adding: mnt/lsdi/ocm01874304/ocm01874304/Output/0434.tif (deflated 3%)
  adding: mnt/lsdi/ocm01874304/ocm01874304/Output/0435.tif (deflated 4%)
  adding: mnt/lsdi/ocm01874304/ocm01874304/Output/0436.tif (deflated 58%)
  adding: mnt/lsdi/ocm01874304/ocm01874304/Output/0437.tif (deflated 73%)
  adding: mnt/lsdi/ocm01874304/ocm01874304/Output/0438.tif (deflated 3%)
  adding: mnt/lsdi/ocm01874304/ocm01874304/Output/0439.tif (deflated 4%)
  adding: mnt/lsdi/ocm01874304/ocm01874304/Output/0440.tif (deflated 4%)
  adding: mnt/lsdi/ocm01874304/ocm01874304/Output/0441.tif (deflated 4%)
  adding: mnt/lsdi/ocm01874304/ocm01874304/Output/0442.tif (deflated 4%)
  adding: mnt/lsdi/ocm01874304/ocm01874304/Output/0443.tif (deflated 4%)
  adding: mnt/lsdi/ocm01874304/ocm01874304/Output/0444.tif (deflated 4%)
  adding: mnt/lsdi/ocm01874304/ocm01874304/Output/0445.tif (deflated 4%)
  adding: mnt/lsdi/ocm01874304/ocm01874304/Output/0446.tif (deflated 84%)
curl --location --header authorization: LOW fpJYfLnxbLmCEHqU:JQbq6NgBaPrSh98Y --upload-file /temp/ocm01874304_images.zip http://s3.us.archive.org/01874304.emory.edu/01874304_images.zip
  % Total    % Received % Xferd  Average Speed   Time    Time     Time  Current
                                 Dload  Upload   Total   Spent    Left  Speed
  0     0    0     0    0     0      0      0 --:--:-- --:--:-- --:--:--     0  0  133M    0     0    0     0      0      0 --:--:--  0:00:01 --:--:--     0  0  133M    0     0    0 98304      0  79398  0:29:28  0:00:01  0:29:27 85038  0  133M    0     0    0  848k      0   384k  0:05:56  0:00:02  0:05:54  399k  1  133M    0     0    1 1760k      0   548k  0:04:10  0:00:03  0:04:07  562k  1  133M    0     0    1 2640k      0   621k  0:03:40  0:00:04  0:03:36  633k  2  133M    0     0    2 3488k      0   667k  0:03:25  0:00:05  0:03:20  843k  3  133M    0     0    3 4304k      0   693k  0:03:17  0:00:06  0:03:11  847k  3  133M    0     0    3 5184k      0   719k  0:03:10  0:00:07  0:03:03  866k  4  133M    0     0    4 6064k      0   739k  0:03:05  0:00:08  0:02:57  861k  5  133M    0     0    5 6960k      0   752k  0:03:02  0:00:09  0:02:53  864k  5  133M    0     0    5 7776k      0   759k  0:03:00  0:00:10  0:02:50  855k  6  133M    0     0    6 8592k      0   766k  0:02:58  0:00:11  0:02:47  856k  6  133M    0     0    6 9472k      0   774k  0:02:56  0:00:12  0:02:44  855k  7  133M    0     0    7 10.1M      0   783k  0:02:54  0:00:13  0:02:41  857k  8  133M    0     0    8 10.9M      0   788k  0:02:53  0:00:14  0:02:39  854k  8  133M    0     0    8 11.7M      0   794k  0:02:52  0:00:15  0:02:37  866k  9  133M    0     0    9 12.6M      0   800k  0:02:51  0:00:16  0:02:35  877k 10  133M    0     0   10 13.5M      0   803k  0:02:50  0:00:17  0:02:33  874k 10  133M    0     0   10 14.4M      0   808k  0:02:49  0:00:18  0:02:31  873k 11  133M    0     0   11 15.2M      0   812k  0:02:48  0:00:19  0:02:29  879k 12  133M    0     0   12 16.1M      0   815k  0:02:48  0:00:20  0:02:28  879k 12  133M    0     0   12 16.9M      0   818k  0:02:47  0:00:21  0:02:26  875k 13  133M    0     0   13 17.8M      0   821k  0:02:46  0:00:22  0:02:24  880k 13  133M    0     0   13 18.6M      0   823k  0:02:46  0:00:23  0:02:23  879k 14  133M    0     0   14 19.5M      0   826k  0:02:45  0:00:24  0:02:21  879k 15  133M    0     0   15 20.4M      0   828k  0:02:45  0:00:25  0:02:20  882k 15  133M    0     0   15 21.2M      0   831k  0:02:44  0:00:26  0:02:18  887k 16  133M    0     0   16 22.1M      0   832k  0:02:44  0:00:27  0:02:17  881k 17  133M    0     0   17 22.9M      0   833k  0:02:44  0:00:28  0:02:16  877k 17  133M    0     0   17 23.7M      0   832k  0:02:44  0:00:29  0:02:15  864k 18  133M    0     0   18 24.3M      0   826k  0:02:45  0:00:30  0:02:15  814k 18  133M    0     0   18 25.0M      0   822k  0:02:46  0:00:31  0:02:15  774k 19  133M    0     0   19 25.9M      0   823k  0:02:46  0:00:32  0:02:14  777k 20  133M    0     0   20 26.7M      0   825k  0:02:46  0:00:33  0:02:13  778k 20  133M    0     0   20 27.6M      0   826k  0:02:45  0:00:34  0:02:11  792k 21  133M    0     0   21 28.5M      0   828k  0:02:45  0:00:35  0:02:10  840k 21  133M    0     0   21 29.3M      0   829k  0:02:45  0:00:36  0:02:09  877k 22  133M    0     0   22 30.2M      0   830k  0:02:45  0:00:37  0:02:08  876k 23  133M    0     0   23 31.0M      0   832k  0:02:44  0:00:38  0:02:06  877k 23  133M    0     0   23 31.9M      0   833k  0:02:44  0:00:39  0:02:05  879k 24  133M    0     0   24 32.7M      0   834k  0:02:44  0:00:40  0:02:04  880k 25  133M    0     0   25 33.6M      0   835k  0:02:43  0:00:41  0:02:02  879k 25  133M    0     0   25 34.5M      0   837k  0:02:43  0:00:42  0:02:01  884k 26  133M    0     0   26 35.3M      0   837k  0:02:43  0:00:43  0:02:00  881k 27  133M    0     0   27 36.2M      0   838k  0:02:43  0:00:44  0:01:59  881k 27  133M    0     0   27 37.0M      0   839k  0:02:43  0:00:45  0:01:58  873k 28  133M    0     0   28 37.9M      0   839k  0:02:43  0:00:46  0:01:57  871k 28  133M    0     0   28 38.7M      0   840k  0:02:43  0:00:47  0:01:56  873k 29  133M    0     0   29 39.6M      0   840k  0:02:43  0:00:48  0:01:55  866k 30  133M    0     0   30 40.4M      0   841k  0:02:43  0:00:49  0:01:54  859k 30  133M    0     0   30 41.2M      0   841k  0:02:42  0:00:50  0:01:52  861k 31  133M    0     0   31 42.0M      0   841k  0:02:42  0:00:51  0:01:51  859k 32  133M    0     0   32 42.9M      0   842k  0:02:42  0:00:52  0:01:50  853k 32  133M    0     0   32 43.7M      0   842k  0:02:42  0:00:53  0:01:49  862k 33  133M    0     0   33 44.6M      0   843k  0:02:42  0:00:54  0:01:48  862k 33  133M    0     0   33 45.4M      0   843k  0:02:42  0:00:55  0:01:47  866k 34  133M    0     0   34 46.3M      0   844k  0:02:42  0:00:56  0:01:46  874k 35  133M    0     0   35 47.1M      0   843k  0:02:42  0:00:57  0:01:45  862k 35  133M    0     0   35 47.9M      0   843k  0:02:42  0:00:58  0:01:44  854k 36  133M    0     0   36 48.8M      0   844k  0:02:42  0:00:59  0:01:43  857k 37  133M    0     0   37 49.6M      0   844k  0:02:42  0:01:00  0:01:42  855k 37  133M    0     0   37 50.5M      0   845k  0:02:42  0:01:01  0:01:41  849k 38  133M    0     0   38 51.3M      0   845k  0:02:42  0:01:02  0:01:40  863k 38  133M    0     0   38 52.2M      0   845k  0:02:42  0:01:03  0:01:39  867k 39  133M    0     0   39 53.0M      0   845k  0:02:42  0:01:04  0:01:38  863k 40  133M    0     0   40 53.7M      0   844k  0:02:42  0:01:05  0:01:37  841k 40  133M    0     0   40 54.4M      0   841k  0:02:42  0:01:06  0:01:36  798k 41  133M    0     0   41 55.1M      0   839k  0:02:43  0:01:07  0:01:36  763k 41  133M    0     0   41 55.7M      0   836k  0:02:43  0:01:08  0:01:35  725k 42  133M    0     0   42 56.4M      0   835k  0:02:44  0:01:09  0:01:35  706k 42  133M    0     0   42 57.3M      0   836k  0:02:43  0:01:10  0:01:33  729k 43  133M    0     0   43 58.1M      0   836k  0:02:43  0:01:11  0:01:32  768k 44  133M    0     0   44 59.0M      0   836k  0:02:43  0:01:12  0:01:31  805k 44  133M    0     0   44 59.8M      0   837k  0:02:43  0:01:13  0:01:30  847k 45  133M    0     0   45 60.7M      0   837k  0:02:43  0:01:14  0:01:29  869k 46  133M    0     0   46 61.6M      0   838k  0:02:43  0:01:15  0:01:28  871k 46  133M    0     0   46 62.4M      0   839k  0:02:43  0:01:16  0:01:27  876k 47  133M    0     0   47 63.3M      0   839k  0:02:43  0:01:17  0:01:26  876k 47  133M    0     0   47 64.1M      0   839k  0:02:43  0:01:18  0:01:25  875k 48  133M    0     0   48 65.0M      0   840k  0:02:43  0:01:19  0:01:24  877k 49  133M    0     0   49 65.8M      0   840k  0:02:43  0:01:20  0:01:23  864k 49  133M    0     0   49 66.5M      0   839k  0:02:43  0:01:21  0:01:22  848k 50  133M    0     0   50 67.4M      0   839k  0:02:43  0:01:22  0:01:21  841k 50  133M    0     0   50 68.2M      0   839k  0:02:43  0:01:23  0:01:20  835k 51  133M    0     0   51 69.0M      0   839k  0:02:43  0:01:24  0:01:19  825k 52  133M    0     0   52 69.8M      0   839k  0:02:43  0:01:25  0:01:18  826k 52  133M    0     0   52 70.6M      0   839k  0:02:43  0:01:26  0:01:17  836k 53  133M    0     0   53 71.5M      0   839k  0:02:43  0:01:27  0:01:16  834k 54  133M    0     0   54 72.3M      0   839k  0:02:43  0:01:28  0:01:15  841k 54  133M    0     0   54 73.1M      0   839k  0:02:43  0:01:29  0:01:14  842k 55  133M    0     0   55 74.0M      0   839k  0:02:43  0:01:30  0:01:13  847k 55  133M    0     0   55 74.8M      0   840k  0:02:43  0:01:31  0:01:12  857k 56  133M    0     0   56 75.6M      0   840k  0:02:43  0:01:32  0:01:11  858k 57  133M    0     0   57 76.4M      0   840k  0:02:43  0:01:33  0:01:10  847k 57  133M    0     0   57 76.9M      0   835k  0:02:43  0:01:34  0:01:09  767k 57  133M    0     0   57 77.5M      0   833k  0:02:44  0:01:35  0:01:09  723k 58  133M    0     0   58 78.1M      0   831k  0:02:44  0:01:36  0:01:08  675k 58  133M    0     0   58 78.7M      0   829k  0:02:45  0:01:37  0:01:08  624k 59  133M    0     0   59 79.3M      0   827k  0:02:45  0:01:38  0:01:07  581k 59  133M    0     0   59 79.9M      0   825k  0:02:46  0:01:39  0:01:07  620k 60  133M    0     0   60 80.5M      0   822k  0:02:46  0:01:40  0:01:06  605k 60  133M    0     0   60 81.0M      0   820k  0:02:47  0:01:41  0:01:06  597k 61  133M    0     0   61 81.7M      0   818k  0:02:47  0:01:42  0:01:05  610k 61  133M    0     0   61 82.3M      0   817k  0:02:47  0:01:43  0:01:04  620k 61  133M    0     0   61 83.0M      0   815k  0:02:48  0:01:44  0:01:04  624k 62  133M    0     0   62 83.6M      0   814k  0:02:48  0:01:45  0:01:03  648k 63  133M    0     0   63 84.4M      0   814k  0:02:48  0:01:46  0:01:02  689k 63  133M    0     0   63 85.2M      0   813k  0:02:48  0:01:47  0:01:01  719k 64  133M    0     0   64 85.9M      0   813k  0:02:48  0:01:48  0:01:00  744k 64  133M    0     0   64 86.7M      0   813k  0:02:48  0:01:49  0:00:59  780k 65  133M    0     0   65 87.5M      0   813k  0:02:48  0:01:50  0:00:58  807k 66  133M    0     0   66 88.4M      0   813k  0:02:48  0:01:51  0:00:57  809k 66  133M    0     0   66 89.2M      0   814k  0:02:48  0:01:52  0:00:56  822k 67  133M    0     0   67 90.0M      0   814k  0:02:48  0:01:53  0:00:55  830k 67  133M    0     0   67 90.8M      0   814k  0:02:48  0:01:54  0:00:54  838k 68  133M    0     0   68 91.6M      0   814k  0:02:48  0:01:55  0:00:53  828k 69  133M    0     0   69 92.5M      0   815k  0:02:48  0:01:56  0:00:52  845k 69  133M    0     0   69 93.3M      0   815k  0:02:48  0:01:57  0:00:51  844k 70  133M    0     0   70 94.1M      0   815k  0:02:48  0:01:58  0:00:50  845k 70  133M    0     0   70 94.9M      0   815k  0:02:48  0:01:59  0:00:49  826k 71  133M    0     0   71 95.7M      0   815k  0:02:48  0:02:00  0:00:48  839k 72  133M    0     0   72 96.5M      0   815k  0:02:48  0:02:01  0:00:47  827k 72  133M    0     0   72 97.4M      0   816k  0:02:47  0:02:02  0:00:45  825k 73  133M    0     0   73 98.2M      0   816k  0:02:47  0:02:03  0:00:44  832k 73  133M    0     0   73 99.0M      0   816k  0:02:47  0:02:04  0:00:43  841k 74  133M    0     0   74 99.8M      0   816k  0:02:47  0:02:05  0:00:42  845k 75  133M    0     0   75  100M      0   817k  0:02:47  0:02:06  0:00:41  857k 75  133M    0     0   75  101M      0   817k  0:02:47  0:02:07  0:00:40  859k 76  133M    0     0   76  102M      0   817k  0:02:47  0:02:08  0:00:39  849k 77  133M    0     0   77  103M      0   817k  0:02:47  0:02:09  0:00:38  850k 77  133M    0     0   77  104M      0   817k  0:02:47  0:02:10  0:00:37  845k 78  133M    0     0   78  104M      0   818k  0:02:47  0:02:11  0:00:36  835k 78  133M    0     0   78  105M      0   818k  0:02:47  0:02:12  0:00:35  834k 79  133M    0     0   79  106M      0   818k  0:02:47  0:02:13  0:00:34  843k 80  133M    0     0   80  107M      0   818k  0:02:47  0:02:14  0:00:33  844k 80  133M    0     0   80  108M      0   818k  0:02:47  0:02:15  0:00:32  848k 81  133M    0     0   81  108M      0   818k  0:02:47  0:02:16  0:00:31  834k 81  133M    0     0   81  109M      0   817k  0:02:47  0:02:17  0:00:30  802k 82  133M    0     0   82  110M      0   817k  0:02:47  0:02:18  0:00:29  780k 82  133M    0     0   82  111M      0   817k  0:02:47  0:02:19  0:00:28  773k 83  133M    0     0   83  111M      0   817k  0:02:47  0:02:20  0:00:27  773k 84  133M    0     0   84  112M      0   817k  0:02:47  0:02:21  0:00:26  798k 84  133M    0     0   84  113M      0   817k  0:02:47  0:02:22  0:00:25  816k 85  133M    0     0   85  114M      0   817k  0:02:47  0:02:23  0:00:24  826k 86  133M    0     0   86  115M      0   817k  0:02:47  0:02:24  0:00:23  828k 86  133M    0     0   86  115M      0   817k  0:02:47  0:02:25  0:00:22  825k 86  133M    0     0   86  116M      0   814k  0:02:48  0:02:26  0:00:22  729k 87  133M    0     0   87  116M      0   813k  0:02:48  0:02:27  0:00:21  697k 87  133M    0     0   87  117M      0   812k  0:02:48  0:02:28  0:00:20  668k 88  133M    0     0   88  118M      0   811k  0:02:48  0:02:29  0:00:19  639k 88  133M    0     0   88  118M      0   810k  0:02:49  0:02:30  0:00:19  617k 89  133M    0     0   89  119M      0   810k  0:02:49  0:02:31  0:00:18  686k 90  133M    0     0   90  120M      0   810k  0:02:49  0:02:32  0:00:17  726k 90  133M    0     0   90  121M      0   811k  0:02:48  0:02:33  0:00:15  769k 91  133M    0     0   91  122M      0   811k  0:02:48  0:02:34  0:00:14  805k 91  133M    0     0   91  123M      0   811k  0:02:48  0:02:35  0:00:13  838k 92  133M    0     0   92  123M      0   812k  0:02:48  0:02:36  0:00:12  856k 93  133M    0     0   93  124M      0   812k  0:02:48  0:02:37  0:00:11  863k 93  133M    0     0   93  125M      0   812k  0:02:48  0:02:38  0:00:10  862k 94  133M    0     0   94  126M      0   813k  0:02:48  0:02:39  0:00:09  862k 95  133M    0     0   95  127M      0   813k  0:02:48  0:02:40  0:00:08  858k 95  133M    0     0   95  128M      0   813k  0:02:48  0:02:41  0:00:07  853k 96  133M    0     0   96  128M      0   813k  0:02:48  0:02:42  0:00:06  852k 96  133M    0     0   96  129M      0   811k  0:02:48  0:02:43  0:00:05  781k 97  133M    0     0   97  130M      0   810k  0:02:49  0:02:44  0:00:05  735k 97  133M    0     0   97  130M      0   810k  0:02:49  0:02:45  0:00:04  713k 98  133M    0     0   98  131M      0   810k  0:02:49  0:02:46  0:00:03  721k 98  133M    0     0   98  132M      0   808k  0:02:49  0:02:47  0:00:02  651k 99  133M    0     0   99  132M      0   808k  0:02:49  0:02:48  0:00:01  693k 99  133M    0     0   99  133M      0   808k  0:02:49  0:02:49 --:--:--  724k100  133M    0     0  100  133M      0   803k  0:02:50  0:02:50 --:--:--  606k100  133M    0     0  100  133M      0   803k  0:02:50  0:02:50 --:--:--  543k
