05067666
curl --location --header x-amz-auto-make-bucket:1 --header x-archive-ignore-preexisting-bucket:1 --header x-archive-queue-derive:0 --header x-archive-meta-mediatype:texts --header x-archive-meta03-collection:emory --header x-archive-meta01-collection:americanmethodism --header x-archive-meta-sponsor:Emory University, Pitts Theology Library --header x-archive-meta-contributor:Emory University, Pitts Theology Library --header x-archive-meta-ppi:300 --header authorization: LOW fpJYfLnxbLmCEHqU:JQbq6NgBaPrSh98Y --upload-file /mnt/lsdi/ocm05067666/ocm05067666/ocm05067666_MRC.xml http://s3.us.archive.org/05067666.emory.edu/05067666.emory.edu_marc.xml
  % Total    % Received % Xferd  Average Speed   Time    Time     Time  Current
                                 Dload  Upload   Total   Spent    Left  Speed
  0     0    0     0    0     0      0      0 --:--:-- --:--:-- --:--:--     0  0  2964    0     0    0     0      0      0 --:--:--  0:00:01 --:--:--     0100  2964    0     0  100  2964      0   1412  0:00:02  0:00:02 --:--:--  1469100  2964    0     0  100  2964      0   1062  0:00:02  0:00:02 --:--:--  1093100  2964    0     0  100  2964      0    781  0:00:03  0:00:03 --:--:--   798100  2964    0     0  100  2964      0    618  0:00:04  0:00:04 --:--:--   628100  2964    0     0  100  2964      0    511  0:00:05  0:00:05 --:--:--   629100  2964    0     0  100  2964      0    436  0:00:06  0:00:06 --:--:--     0100  2964    0     0  100  2964      0    380  0:00:07  0:00:07 --:--:--     0100  2964    0     0  100  2964      0    336  0:00:08  0:00:08 --:--:--     0100  2964    0     0  100  2964      0    320  0:00:09  0:00:09 --:--:--     0
zip -r /temp/ocm05067666_images.zip /mnt/lsdi/ocm05067666/ocm05067666/Output/0001.tif /mnt/lsdi/ocm05067666/ocm05067666/Output/0002.tif /mnt/lsdi/ocm05067666/ocm05067666/Output/0003.tif /mnt/lsdi/ocm05067666/ocm05067666/Output/0004.tif /mnt/lsdi/ocm05067666/ocm05067666/Output/0005.tif /mnt/lsdi/ocm05067666/ocm05067666/Output/0006.tif /mnt/lsdi/ocm05067666/ocm05067666/Output/0007.tif /mnt/lsdi/ocm05067666/ocm05067666/Output/0008.tif /mnt/lsdi/ocm05067666/ocm05067666/Output/0009.tif /mnt/lsdi/ocm05067666/ocm05067666/Output/0010.tif /mnt/lsdi/ocm05067666/ocm05067666/Output/0011.tif /mnt/lsdi/ocm05067666/ocm05067666/Output/0012.tif /mnt/lsdi/ocm05067666/ocm05067666/Output/0013.tif /mnt/lsdi/ocm05067666/ocm05067666/Output/0014.tif /mnt/lsdi/ocm05067666/ocm05067666/Output/0015.tif /mnt/lsdi/ocm05067666/ocm05067666/Output/0016.tif /mnt/lsdi/ocm05067666/ocm05067666/Output/0017.tif /mnt/lsdi/ocm05067666/ocm05067666/Output/0018.tif /mnt/lsdi/ocm05067666/ocm05067666/Output/0019.tif /mnt/lsdi/ocm05067666/ocm05067666/Output/0020.tif /mnt/lsdi/ocm05067666/ocm05067666/Output/0021.tif /mnt/lsdi/ocm05067666/ocm05067666/Output/0022.tif /mnt/lsdi/ocm05067666/ocm05067666/Output/0023.tif /mnt/lsdi/ocm05067666/ocm05067666/Output/0024.tif /mnt/lsdi/ocm05067666/ocm05067666/Output/0025.tif /mnt/lsdi/ocm05067666/ocm05067666/Output/0026.tif /mnt/lsdi/ocm05067666/ocm05067666/Output/0027.tif /mnt/lsdi/ocm05067666/ocm05067666/Output/0028.tif /mnt/lsdi/ocm05067666/ocm05067666/Output/0029.tif /mnt/lsdi/ocm05067666/ocm05067666/Output/0030.tif /mnt/lsdi/ocm05067666/ocm05067666/Output/0031.tif /mnt/lsdi/ocm05067666/ocm05067666/Output/0032.tif /mnt/lsdi/ocm05067666/ocm05067666/Output/0033.tif /mnt/lsdi/ocm05067666/ocm05067666/Output/0034.tif /mnt/lsdi/ocm05067666/ocm05067666/Output/0035.tif /mnt/lsdi/ocm05067666/ocm05067666/Output/0036.tif /mnt/lsdi/ocm05067666/ocm05067666/Output/0037.tif /mnt/lsdi/ocm05067666/ocm05067666/Output/0038.tif /mnt/lsdi/ocm05067666/ocm05067666/Output/0039.tif /mnt/lsdi/ocm05067666/ocm05067666/Output/0040.tif /mnt/lsdi/ocm05067666/ocm05067666/Output/0041.tif /mnt/lsdi/ocm05067666/ocm05067666/Output/0042.tif /mnt/lsdi/ocm05067666/ocm05067666/Output/0043.tif /mnt/lsdi/ocm05067666/ocm05067666/Output/0044.tif /mnt/lsdi/ocm05067666/ocm05067666/Output/0045.tif /mnt/lsdi/ocm05067666/ocm05067666/Output/0046.tif /mnt/lsdi/ocm05067666/ocm05067666/Output/0047.tif /mnt/lsdi/ocm05067666/ocm05067666/Output/0048.tif /mnt/lsdi/ocm05067666/ocm05067666/Output/0049.tif /mnt/lsdi/ocm05067666/ocm05067666/Output/0050.tif /mnt/lsdi/ocm05067666/ocm05067666/Output/0051.tif /mnt/lsdi/ocm05067666/ocm05067666/Output/0052.tif /mnt/lsdi/ocm05067666/ocm05067666/Output/0053.tif /mnt/lsdi/ocm05067666/ocm05067666/Output/0054.tif /mnt/lsdi/ocm05067666/ocm05067666/Output/0055.tif /mnt/lsdi/ocm05067666/ocm05067666/Output/0056.tif /mnt/lsdi/ocm05067666/ocm05067666/Output/0057.tif /mnt/lsdi/ocm05067666/ocm05067666/Output/0058.tif /mnt/lsdi/ocm05067666/ocm05067666/Output/0059.tif /mnt/lsdi/ocm05067666/ocm05067666/Output/0060.tif /mnt/lsdi/ocm05067666/ocm05067666/Output/0061.tif /mnt/lsdi/ocm05067666/ocm05067666/Output/0062.tif /mnt/lsdi/ocm05067666/ocm05067666/Output/0063.tif /mnt/lsdi/ocm05067666/ocm05067666/Output/0064.tif /mnt/lsdi/ocm05067666/ocm05067666/Output/0065.tif /mnt/lsdi/ocm05067666/ocm05067666/Output/0066.tif /mnt/lsdi/ocm05067666/ocm05067666/Output/0067.tif /mnt/lsdi/ocm05067666/ocm05067666/Output/0068.tif /mnt/lsdi/ocm05067666/ocm05067666/Output/0069.tif /mnt/lsdi/ocm05067666/ocm05067666/Output/0070.tif /mnt/lsdi/ocm05067666/ocm05067666/Output/0071.tif /mnt/lsdi/ocm05067666/ocm05067666/Output/0072.tif /mnt/lsdi/ocm05067666/ocm05067666/Output/0073.tif /mnt/lsdi/ocm05067666/ocm05067666/Output/0074.tif /mnt/lsdi/ocm05067666/ocm05067666/Output/0075.tif /mnt/lsdi/ocm05067666/ocm05067666/Output/0076.tif /mnt/lsdi/ocm05067666/ocm05067666/Output/0077.tif /mnt/lsdi/ocm05067666/ocm05067666/Output/0078.tif /mnt/lsdi/ocm05067666/ocm05067666/Output/0079.tif /mnt/lsdi/ocm05067666/ocm05067666/Output/0080.tif /mnt/lsdi/ocm05067666/ocm05067666/Output/0081.tif /mnt/lsdi/ocm05067666/ocm05067666/Output/0082.tif /mnt/lsdi/ocm05067666/ocm05067666/Output/0083.tif /mnt/lsdi/ocm05067666/ocm05067666/Output/0084.tif /mnt/lsdi/ocm05067666/ocm05067666/Output/0085.tif /mnt/lsdi/ocm05067666/ocm05067666/Output/0086.tif /mnt/lsdi/ocm05067666/ocm05067666/Output/0087.tif /mnt/lsdi/ocm05067666/ocm05067666/Output/0088.tif /mnt/lsdi/ocm05067666/ocm05067666/Output/0089.tif /mnt/lsdi/ocm05067666/ocm05067666/Output/0090.tif /mnt/lsdi/ocm05067666/ocm05067666/Output/0091.tif /mnt/lsdi/ocm05067666/ocm05067666/Output/0092.tif /mnt/lsdi/ocm05067666/ocm05067666/Output/0093.tif /mnt/lsdi/ocm05067666/ocm05067666/Output/0094.tif /mnt/lsdi/ocm05067666/ocm05067666/Output/0095.tif /mnt/lsdi/ocm05067666/ocm05067666/Output/0096.tif /mnt/lsdi/ocm05067666/ocm05067666/Output/0097.tif /mnt/lsdi/ocm05067666/ocm05067666/Output/0098.tif /mnt/lsdi/ocm05067666/ocm05067666/Output/0099.tif /mnt/lsdi/ocm05067666/ocm05067666/Output/0100.tif /mnt/lsdi/ocm05067666/ocm05067666/Output/0101.tif /mnt/lsdi/ocm05067666/ocm05067666/Output/0102.tif /mnt/lsdi/ocm05067666/ocm05067666/Output/0103.tif /mnt/lsdi/ocm05067666/ocm05067666/Output/0104.tif /mnt/lsdi/ocm05067666/ocm05067666/Output/0105.tif /mnt/lsdi/ocm05067666/ocm05067666/Output/0106.tif /mnt/lsdi/ocm05067666/ocm05067666/Output/0107.tif /mnt/lsdi/ocm05067666/ocm05067666/Output/0108.tif /mnt/lsdi/ocm05067666/ocm05067666/Output/0109.tif /mnt/lsdi/ocm05067666/ocm05067666/Output/0110.tif /mnt/lsdi/ocm05067666/ocm05067666/Output/0111.tif /mnt/lsdi/ocm05067666/ocm05067666/Output/0112.tif /mnt/lsdi/ocm05067666/ocm05067666/Output/0113.tif /mnt/lsdi/ocm05067666/ocm05067666/Output/0114.tif /mnt/lsdi/ocm05067666/ocm05067666/Output/0115.tif /mnt/lsdi/ocm05067666/ocm05067666/Output/0116.tif /mnt/lsdi/ocm05067666/ocm05067666/Output/0117.tif /mnt/lsdi/ocm05067666/ocm05067666/Output/0118.tif /mnt/lsdi/ocm05067666/ocm05067666/Output/0119.tif /mnt/lsdi/ocm05067666/ocm05067666/Output/0120.tif /mnt/lsdi/ocm05067666/ocm05067666/Output/0121.tif /mnt/lsdi/ocm05067666/ocm05067666/Output/0122.tif /mnt/lsdi/ocm05067666/ocm05067666/Output/0123.tif /mnt/lsdi/ocm05067666/ocm05067666/Output/0124.tif /mnt/lsdi/ocm05067666/ocm05067666/Output/0125.tif /mnt/lsdi/ocm05067666/ocm05067666/Output/0126.tif /mnt/lsdi/ocm05067666/ocm05067666/Output/0127.tif /mnt/lsdi/ocm05067666/ocm05067666/Output/0128.tif /mnt/lsdi/ocm05067666/ocm05067666/Output/0129.tif /mnt/lsdi/ocm05067666/ocm05067666/Output/0130.tif /mnt/lsdi/ocm05067666/ocm05067666/Output/0131.tif /mnt/lsdi/ocm05067666/ocm05067666/Output/0132.tif /mnt/lsdi/ocm05067666/ocm05067666/Output/0133.tif /mnt/lsdi/ocm05067666/ocm05067666/Output/0134.tif /mnt/lsdi/ocm05067666/ocm05067666/Output/0135.tif /mnt/lsdi/ocm05067666/ocm05067666/Output/0136.tif /mnt/lsdi/ocm05067666/ocm05067666/Output/0137.tif /mnt/lsdi/ocm05067666/ocm05067666/Output/0138.tif /mnt/lsdi/ocm05067666/ocm05067666/Output/0139.tif /mnt/lsdi/ocm05067666/ocm05067666/Output/0140.tif /mnt/lsdi/ocm05067666/ocm05067666/Output/0141.tif /mnt/lsdi/ocm05067666/ocm05067666/Output/0142.tif /mnt/lsdi/ocm05067666/ocm05067666/Output/0143.tif /mnt/lsdi/ocm05067666/ocm05067666/Output/0144.tif /mnt/lsdi/ocm05067666/ocm05067666/Output/0145.tif /mnt/lsdi/ocm05067666/ocm05067666/Output/0146.tif /mnt/lsdi/ocm05067666/ocm05067666/Output/0147.tif /mnt/lsdi/ocm05067666/ocm05067666/Output/0148.tif /mnt/lsdi/ocm05067666/ocm05067666/Output/0149.tif /mnt/lsdi/ocm05067666/ocm05067666/Output/0150.tif /mnt/lsdi/ocm05067666/ocm05067666/Output/0151.tif /mnt/lsdi/ocm05067666/ocm05067666/Output/0152.tif /mnt/lsdi/ocm05067666/ocm05067666/Output/0153.tif /mnt/lsdi/ocm05067666/ocm05067666/Output/0154.tif /mnt/lsdi/ocm05067666/ocm05067666/Output/0155.tif /mnt/lsdi/ocm05067666/ocm05067666/Output/0156.tif /mnt/lsdi/ocm05067666/ocm05067666/Output/0157.tif /mnt/lsdi/ocm05067666/ocm05067666/Output/0158.tif /mnt/lsdi/ocm05067666/ocm05067666/Output/0159.tif /mnt/lsdi/ocm05067666/ocm05067666/Output/0160.tif /mnt/lsdi/ocm05067666/ocm05067666/Output/0161.tif /mnt/lsdi/ocm05067666/ocm05067666/Output/0162.tif /mnt/lsdi/ocm05067666/ocm05067666/Output/0163.tif /mnt/lsdi/ocm05067666/ocm05067666/Output/0164.tif /mnt/lsdi/ocm05067666/ocm05067666/Output/0165.tif /mnt/lsdi/ocm05067666/ocm05067666/Output/0166.tif /mnt/lsdi/ocm05067666/ocm05067666/Output/0167.tif /mnt/lsdi/ocm05067666/ocm05067666/Output/0168.tif /mnt/lsdi/ocm05067666/ocm05067666/Output/0169.tif /mnt/lsdi/ocm05067666/ocm05067666/Output/0170.tif /mnt/lsdi/ocm05067666/ocm05067666/Output/0171.tif /mnt/lsdi/ocm05067666/ocm05067666/Output/0172.tif /mnt/lsdi/ocm05067666/ocm05067666/Output/0173.tif /mnt/lsdi/ocm05067666/ocm05067666/Output/0174.tif /mnt/lsdi/ocm05067666/ocm05067666/Output/0175.tif /mnt/lsdi/ocm05067666/ocm05067666/Output/0176.tif /mnt/lsdi/ocm05067666/ocm05067666/Output/0177.tif /mnt/lsdi/ocm05067666/ocm05067666/Output/0178.tif /mnt/lsdi/ocm05067666/ocm05067666/Output/0179.tif /mnt/lsdi/ocm05067666/ocm05067666/Output/0180.tif /mnt/lsdi/ocm05067666/ocm05067666/Output/0181.tif /mnt/lsdi/ocm05067666/ocm05067666/Output/0182.tif /mnt/lsdi/ocm05067666/ocm05067666/Output/0183.tif /mnt/lsdi/ocm05067666/ocm05067666/Output/0184.tif /mnt/lsdi/ocm05067666/ocm05067666/Output/0185.tif /mnt/lsdi/ocm05067666/ocm05067666/Output/0186.tif /mnt/lsdi/ocm05067666/ocm05067666/Output/0187.tif /mnt/lsdi/ocm05067666/ocm05067666/Output/0188.tif /mnt/lsdi/ocm05067666/ocm05067666/Output/0189.tif /mnt/lsdi/ocm05067666/ocm05067666/Output/0190.tif /mnt/lsdi/ocm05067666/ocm05067666/Output/0191.tif /mnt/lsdi/ocm05067666/ocm05067666/Output/0192.tif /mnt/lsdi/ocm05067666/ocm05067666/Output/0193.tif /mnt/lsdi/ocm05067666/ocm05067666/Output/0194.tif /mnt/lsdi/ocm05067666/ocm05067666/Output/0195.tif /mnt/lsdi/ocm05067666/ocm05067666/Output/0196.tif /mnt/lsdi/ocm05067666/ocm05067666/Output/0197.tif /mnt/lsdi/ocm05067666/ocm05067666/Output/0198.tif /mnt/lsdi/ocm05067666/ocm05067666/Output/0199.tif /mnt/lsdi/ocm05067666/ocm05067666/Output/0200.tif /mnt/lsdi/ocm05067666/ocm05067666/Output/0201.tif /mnt/lsdi/ocm05067666/ocm05067666/Output/0202.tif /mnt/lsdi/ocm05067666/ocm05067666/Output/0203.tif /mnt/lsdi/ocm05067666/ocm05067666/Output/0204.tif /mnt/lsdi/ocm05067666/ocm05067666/Output/0205.tif /mnt/lsdi/ocm05067666/ocm05067666/Output/0206.tif /mnt/lsdi/ocm05067666/ocm05067666/Output/0207.tif /mnt/lsdi/ocm05067666/ocm05067666/Output/0208.tif /mnt/lsdi/ocm05067666/ocm05067666/Output/0209.tif /mnt/lsdi/ocm05067666/ocm05067666/Output/0210.tif /mnt/lsdi/ocm05067666/ocm05067666/Output/0211.tif /mnt/lsdi/ocm05067666/ocm05067666/Output/0212.tif /mnt/lsdi/ocm05067666/ocm05067666/Output/0213.tif /mnt/lsdi/ocm05067666/ocm05067666/Output/0214.tif /mnt/lsdi/ocm05067666/ocm05067666/Output/0215.tif /mnt/lsdi/ocm05067666/ocm05067666/Output/0216.tif /mnt/lsdi/ocm05067666/ocm05067666/Output/0217.tif /mnt/lsdi/ocm05067666/ocm05067666/Output/0218.tif /mnt/lsdi/ocm05067666/ocm05067666/Output/0219.tif /mnt/lsdi/ocm05067666/ocm05067666/Output/0220.tif /mnt/lsdi/ocm05067666/ocm05067666/Output/0221.tif /mnt/lsdi/ocm05067666/ocm05067666/Output/0222.tif /mnt/lsdi/ocm05067666/ocm05067666/Output/0223.tif /mnt/lsdi/ocm05067666/ocm05067666/Output/0224.tif /mnt/lsdi/ocm05067666/ocm05067666/Output/0225.tif /mnt/lsdi/ocm05067666/ocm05067666/Output/0226.tif /mnt/lsdi/ocm05067666/ocm05067666/Output/0227.tif /mnt/lsdi/ocm05067666/ocm05067666/Output/0228.tif /mnt/lsdi/ocm05067666/ocm05067666/Output/0229.tif /mnt/lsdi/ocm05067666/ocm05067666/Output/0230.tif /mnt/lsdi/ocm05067666/ocm05067666/Output/0231.tif /mnt/lsdi/ocm05067666/ocm05067666/Output/0232.tif /mnt/lsdi/ocm05067666/ocm05067666/Output/0233.tif /mnt/lsdi/ocm05067666/ocm05067666/Output/0234.tif /mnt/lsdi/ocm05067666/ocm05067666/Output/0235.tif /mnt/lsdi/ocm05067666/ocm05067666/Output/0236.tif /mnt/lsdi/ocm05067666/ocm05067666/Output/0237.tif /mnt/lsdi/ocm05067666/ocm05067666/Output/0238.tif /mnt/lsdi/ocm05067666/ocm05067666/Output/0239.tif /mnt/lsdi/ocm05067666/ocm05067666/Output/0240.tif /mnt/lsdi/ocm05067666/ocm05067666/Output/0241.tif /mnt/lsdi/ocm05067666/ocm05067666/Output/0242.tif /mnt/lsdi/ocm05067666/ocm05067666/Output/0243.tif /mnt/lsdi/ocm05067666/ocm05067666/Output/0244.tif /mnt/lsdi/ocm05067666/ocm05067666/Output/0245.tif /mnt/lsdi/ocm05067666/ocm05067666/Output/0246.tif /mnt/lsdi/ocm05067666/ocm05067666/Output/0247.tif /mnt/lsdi/ocm05067666/ocm05067666/Output/0248.tif /mnt/lsdi/ocm05067666/ocm05067666/Output/0249.tif /mnt/lsdi/ocm05067666/ocm05067666/Output/0250.tif /mnt/lsdi/ocm05067666/ocm05067666/Output/0251.tif /mnt/lsdi/ocm05067666/ocm05067666/Output/0252.tif /mnt/lsdi/ocm05067666/ocm05067666/Output/0253.tif /mnt/lsdi/ocm05067666/ocm05067666/Output/0254.tif /mnt/lsdi/ocm05067666/ocm05067666/Output/0255.tif /mnt/lsdi/ocm05067666/ocm05067666/Output/0256.tif /mnt/lsdi/ocm05067666/ocm05067666/Output/0257.tif /mnt/lsdi/ocm05067666/ocm05067666/Output/0258.tif /mnt/lsdi/ocm05067666/ocm05067666/Output/0259.tif /mnt/lsdi/ocm05067666/ocm05067666/Output/0260.tif /mnt/lsdi/ocm05067666/ocm05067666/Output/0261.tif /mnt/lsdi/ocm05067666/ocm05067666/Output/0262.tif /mnt/lsdi/ocm05067666/ocm05067666/Output/0263.tif /mnt/lsdi/ocm05067666/ocm05067666/Output/0264.tif /mnt/lsdi/ocm05067666/ocm05067666/Output/0265.tif /mnt/lsdi/ocm05067666/ocm05067666/Output/0266.tif /mnt/lsdi/ocm05067666/ocm05067666/Output/0267.tif /mnt/lsdi/ocm05067666/ocm05067666/Output/0268.tif /mnt/lsdi/ocm05067666/ocm05067666/Output/0269.tif /mnt/lsdi/ocm05067666/ocm05067666/Output/0270.tif /mnt/lsdi/ocm05067666/ocm05067666/Output/0271.tif /mnt/lsdi/ocm05067666/ocm05067666/Output/0272.tif /mnt/lsdi/ocm05067666/ocm05067666/Output/0273.tif /mnt/lsdi/ocm05067666/ocm05067666/Output/0274.tif /mnt/lsdi/ocm05067666/ocm05067666/Output/0275.tif /mnt/lsdi/ocm05067666/ocm05067666/Output/0276.tif /mnt/lsdi/ocm05067666/ocm05067666/Output/0277.tif /mnt/lsdi/ocm05067666/ocm05067666/Output/0278.tif /mnt/lsdi/ocm05067666/ocm05067666/Output/0279.tif /mnt/lsdi/ocm05067666/ocm05067666/Output/0280.tif /mnt/lsdi/ocm05067666/ocm05067666/Output/0281.tif /mnt/lsdi/ocm05067666/ocm05067666/Output/0282.tif /mnt/lsdi/ocm05067666/ocm05067666/Output/0283.tif /mnt/lsdi/ocm05067666/ocm05067666/Output/0284.tif /mnt/lsdi/ocm05067666/ocm05067666/Output/0285.tif /mnt/lsdi/ocm05067666/ocm05067666/Output/0286.tif /mnt/lsdi/ocm05067666/ocm05067666/Output/0287.tif /mnt/lsdi/ocm05067666/ocm05067666/Output/0288.tif /mnt/lsdi/ocm05067666/ocm05067666/Output/0289.tif /mnt/lsdi/ocm05067666/ocm05067666/Output/0290.tif /mnt/lsdi/ocm05067666/ocm05067666/Output/0291.tif /mnt/lsdi/ocm05067666/ocm05067666/Output/0292.tif /mnt/lsdi/ocm05067666/ocm05067666/Output/0293.tif /mnt/lsdi/ocm05067666/ocm05067666/Output/0294.tif /mnt/lsdi/ocm05067666/ocm05067666/Output/0295.tif /mnt/lsdi/ocm05067666/ocm05067666/Output/0296.tif /mnt/lsdi/ocm05067666/ocm05067666/Output/0297.tif /mnt/lsdi/ocm05067666/ocm05067666/Output/0298.tif /mnt/lsdi/ocm05067666/ocm05067666/Output/0299.tif /mnt/lsdi/ocm05067666/ocm05067666/Output/0300.tif /mnt/lsdi/ocm05067666/ocm05067666/Output/0301.tif /mnt/lsdi/ocm05067666/ocm05067666/Output/0302.tif /mnt/lsdi/ocm05067666/ocm05067666/Output/0303.tif /mnt/lsdi/ocm05067666/ocm05067666/Output/0304.tif /mnt/lsdi/ocm05067666/ocm05067666/Output/0305.tif /mnt/lsdi/ocm05067666/ocm05067666/Output/0306.tif /mnt/lsdi/ocm05067666/ocm05067666/Output/0307.tif /mnt/lsdi/ocm05067666/ocm05067666/Output/0308.tif /mnt/lsdi/ocm05067666/ocm05067666/Output/0309.tif /mnt/lsdi/ocm05067666/ocm05067666/Output/0310.tif /mnt/lsdi/ocm05067666/ocm05067666/Output/0311.tif /mnt/lsdi/ocm05067666/ocm05067666/Output/0312.tif /mnt/lsdi/ocm05067666/ocm05067666/Output/0313.tif /mnt/lsdi/ocm05067666/ocm05067666/Output/0314.tif /mnt/lsdi/ocm05067666/ocm05067666/Output/0315.tif /mnt/lsdi/ocm05067666/ocm05067666/Output/0316.tif /mnt/lsdi/ocm05067666/ocm05067666/Output/0317.tif /mnt/lsdi/ocm05067666/ocm05067666/Output/0318.tif /mnt/lsdi/ocm05067666/ocm05067666/Output/0319.tif /mnt/lsdi/ocm05067666/ocm05067666/Output/0320.tif /mnt/lsdi/ocm05067666/ocm05067666/Output/0321.tif /mnt/lsdi/ocm05067666/ocm05067666/Output/0322.tif /mnt/lsdi/ocm05067666/ocm05067666/Output/0323.tif /mnt/lsdi/ocm05067666/ocm05067666/Output/0324.tif /mnt/lsdi/ocm05067666/ocm05067666/Output/0325.tif /mnt/lsdi/ocm05067666/ocm05067666/Output/0326.tif /mnt/lsdi/ocm05067666/ocm05067666/Output/0327.tif /mnt/lsdi/ocm05067666/ocm05067666/Output/0328.tif /mnt/lsdi/ocm05067666/ocm05067666/Output/0329.tif /mnt/lsdi/ocm05067666/ocm05067666/Output/0330.tif /mnt/lsdi/ocm05067666/ocm05067666/Output/0331.tif /mnt/lsdi/ocm05067666/ocm05067666/Output/0332.tif /mnt/lsdi/ocm05067666/ocm05067666/Output/0333.tif /mnt/lsdi/ocm05067666/ocm05067666/Output/0334.tif /mnt/lsdi/ocm05067666/ocm05067666/Output/0335.tif /mnt/lsdi/ocm05067666/ocm05067666/Output/0336.tif /mnt/lsdi/ocm05067666/ocm05067666/Output/0337.tif /mnt/lsdi/ocm05067666/ocm05067666/Output/0338.tif /mnt/lsdi/ocm05067666/ocm05067666/Output/0339.tif /mnt/lsdi/ocm05067666/ocm05067666/Output/0340.tif /mnt/lsdi/ocm05067666/ocm05067666/Output/0341.tif /mnt/lsdi/ocm05067666/ocm05067666/Output/0342.tif /mnt/lsdi/ocm05067666/ocm05067666/Output/0343.tif /mnt/lsdi/ocm05067666/ocm05067666/Output/0344.tif /mnt/lsdi/ocm05067666/ocm05067666/Output/0345.tif /mnt/lsdi/ocm05067666/ocm05067666/Output/0346.tif /mnt/lsdi/ocm05067666/ocm05067666/Output/0347.tif /mnt/lsdi/ocm05067666/ocm05067666/Output/0348.tif /mnt/lsdi/ocm05067666/ocm05067666/Output/0349.tif /mnt/lsdi/ocm05067666/ocm05067666/Output/0350.tif /mnt/lsdi/ocm05067666/ocm05067666/Output/0351.tif /mnt/lsdi/ocm05067666/ocm05067666/Output/0352.tif /mnt/lsdi/ocm05067666/ocm05067666/Output/0353.tif /mnt/lsdi/ocm05067666/ocm05067666/Output/0354.tif /mnt/lsdi/ocm05067666/ocm05067666/Output/0355.tif /mnt/lsdi/ocm05067666/ocm05067666/Output/0356.tif /mnt/lsdi/ocm05067666/ocm05067666/Output/0357.tif /mnt/lsdi/ocm05067666/ocm05067666/Output/0358.tif /mnt/lsdi/ocm05067666/ocm05067666/Output/0359.tif /mnt/lsdi/ocm05067666/ocm05067666/Output/0360.tif /mnt/lsdi/ocm05067666/ocm05067666/Output/0361.tif /mnt/lsdi/ocm05067666/ocm05067666/Output/0362.tif /mnt/lsdi/ocm05067666/ocm05067666/Output/0363.tif /mnt/lsdi/ocm05067666/ocm05067666/Output/0364.tif /mnt/lsdi/ocm05067666/ocm05067666/Output/0365.tif /mnt/lsdi/ocm05067666/ocm05067666/Output/0366.tif /mnt/lsdi/ocm05067666/ocm05067666/Output/0367.tif /mnt/lsdi/ocm05067666/ocm05067666/Output/0368.tif /mnt/lsdi/ocm05067666/ocm05067666/Output/0369.tif /mnt/lsdi/ocm05067666/ocm05067666/Output/0370.tif /mnt/lsdi/ocm05067666/ocm05067666/Output/0371.tif /mnt/lsdi/ocm05067666/ocm05067666/Output/0372.tif /mnt/lsdi/ocm05067666/ocm05067666/Output/0373.tif /mnt/lsdi/ocm05067666/ocm05067666/Output/0374.tif /mnt/lsdi/ocm05067666/ocm05067666/Output/0375.tif /mnt/lsdi/ocm05067666/ocm05067666/Output/0376.tif /mnt/lsdi/ocm05067666/ocm05067666/Output/0377.tif /mnt/lsdi/ocm05067666/ocm05067666/Output/0378.tif /mnt/lsdi/ocm05067666/ocm05067666/Output/0379.tif /mnt/lsdi/ocm05067666/ocm05067666/Output/0380.tif /mnt/lsdi/ocm05067666/ocm05067666/Output/0381.tif /mnt/lsdi/ocm05067666/ocm05067666/Output/0382.tif /mnt/lsdi/ocm05067666/ocm05067666/Output/0383.tif /mnt/lsdi/ocm05067666/ocm05067666/Output/0384.tif /mnt/lsdi/ocm05067666/ocm05067666/Output/0385.tif /mnt/lsdi/ocm05067666/ocm05067666/Output/0386.tif /mnt/lsdi/ocm05067666/ocm05067666/Output/0387.tif /mnt/lsdi/ocm05067666/ocm05067666/Output/0388.tif /mnt/lsdi/ocm05067666/ocm05067666/Output/0389.tif /mnt/lsdi/ocm05067666/ocm05067666/Output/0390.tif /mnt/lsdi/ocm05067666/ocm05067666/Output/0391.tif /mnt/lsdi/ocm05067666/ocm05067666/Output/0392.tif /mnt/lsdi/ocm05067666/ocm05067666/Output/0393.tif /mnt/lsdi/ocm05067666/ocm05067666/Output/0394.tif /mnt/lsdi/ocm05067666/ocm05067666/Output/0395.tif /mnt/lsdi/ocm05067666/ocm05067666/Output/0396.tif /mnt/lsdi/ocm05067666/ocm05067666/Output/0397.tif /mnt/lsdi/ocm05067666/ocm05067666/Output/0398.tif /mnt/lsdi/ocm05067666/ocm05067666/Output/0399.tif /mnt/lsdi/ocm05067666/ocm05067666/Output/0400.tif /mnt/lsdi/ocm05067666/ocm05067666/Output/0401.tif /mnt/lsdi/ocm05067666/ocm05067666/Output/0402.tif /mnt/lsdi/ocm05067666/ocm05067666/Output/0403.tif /mnt/lsdi/ocm05067666/ocm05067666/Output/0404.tif /mnt/lsdi/ocm05067666/ocm05067666/Output/0405.tif /mnt/lsdi/ocm05067666/ocm05067666/Output/0406.tif /mnt/lsdi/ocm05067666/ocm05067666/Output/0407.tif /mnt/lsdi/ocm05067666/ocm05067666/Output/0408.tif /mnt/lsdi/ocm05067666/ocm05067666/Output/0409.tif /mnt/lsdi/ocm05067666/ocm05067666/Output/0410.tif /mnt/lsdi/ocm05067666/ocm05067666/Output/0411.tif /mnt/lsdi/ocm05067666/ocm05067666/Output/0412.tif /mnt/lsdi/ocm05067666/ocm05067666/Output/0413.tif /mnt/lsdi/ocm05067666/ocm05067666/Output/0414.tif /mnt/lsdi/ocm05067666/ocm05067666/Output/0415.tif /mnt/lsdi/ocm05067666/ocm05067666/Output/0416.tif /mnt/lsdi/ocm05067666/ocm05067666/Output/0417.tif /mnt/lsdi/ocm05067666/ocm05067666/Output/0418.tif /mnt/lsdi/ocm05067666/ocm05067666/Output/0419.tif /mnt/lsdi/ocm05067666/ocm05067666/Output/0420.tif /mnt/lsdi/ocm05067666/ocm05067666/Output/0421.tif /mnt/lsdi/ocm05067666/ocm05067666/Output/0422.tif /mnt/lsdi/ocm05067666/ocm05067666/Output/0423.tif /mnt/lsdi/ocm05067666/ocm05067666/Output/0424.tif /mnt/lsdi/ocm05067666/ocm05067666/Output/0425.tif /mnt/lsdi/ocm05067666/ocm05067666/Output/0426.tif /mnt/lsdi/ocm05067666/ocm05067666/Output/0427.tif /mnt/lsdi/ocm05067666/ocm05067666/Output/0428.tif /mnt/lsdi/ocm05067666/ocm05067666/Output/0429.tif /mnt/lsdi/ocm05067666/ocm05067666/Output/0430.tif /mnt/lsdi/ocm05067666/ocm05067666/Output/0431.tif /mnt/lsdi/ocm05067666/ocm05067666/Output/0432.tif /mnt/lsdi/ocm05067666/ocm05067666/Output/0433.tif /mnt/lsdi/ocm05067666/ocm05067666/Output/0434.tif /mnt/lsdi/ocm05067666/ocm05067666/Output/0435.tif /mnt/lsdi/ocm05067666/ocm05067666/Output/0436.tif /mnt/lsdi/ocm05067666/ocm05067666/Output/0437.tif /mnt/lsdi/ocm05067666/ocm05067666/Output/0438.tif /mnt/lsdi/ocm05067666/ocm05067666/Output/0439.tif /mnt/lsdi/ocm05067666/ocm05067666/Output/0440.tif /mnt/lsdi/ocm05067666/ocm05067666/Output/0441.tif /mnt/lsdi/ocm05067666/ocm05067666/Output/0442.tif /mnt/lsdi/ocm05067666/ocm05067666/Output/0443.tif /mnt/lsdi/ocm05067666/ocm05067666/Output/0444.tif /mnt/lsdi/ocm05067666/ocm05067666/Output/0445.tif /mnt/lsdi/ocm05067666/ocm05067666/Output/0446.tif /mnt/lsdi/ocm05067666/ocm05067666/Output/0447.tif /mnt/lsdi/ocm05067666/ocm05067666/Output/0448.tif /mnt/lsdi/ocm05067666/ocm05067666/Output/0449.tif /mnt/lsdi/ocm05067666/ocm05067666/Output/0450.tif /mnt/lsdi/ocm05067666/ocm05067666/Output/0451.tif /mnt/lsdi/ocm05067666/ocm05067666/Output/0452.tif /mnt/lsdi/ocm05067666/ocm05067666/Output/0453.tif /mnt/lsdi/ocm05067666/ocm05067666/Output/0454.tif
  adding: mnt/lsdi/ocm05067666/ocm05067666/Output/0001.tif (deflated 97%)
  adding: mnt/lsdi/ocm05067666/ocm05067666/Output/0002.tif (deflated 8%)
  adding: mnt/lsdi/ocm05067666/ocm05067666/Output/0003.tif (deflated 82%)
  adding: mnt/lsdi/ocm05067666/ocm05067666/Output/0004.tif (deflated 5%)
  adding: mnt/lsdi/ocm05067666/ocm05067666/Output/0005.tif (deflated 5%)
  adding: mnt/lsdi/ocm05067666/ocm05067666/Output/0006.tif (deflated 5%)
  adding: mnt/lsdi/ocm05067666/ocm05067666/Output/0007.tif (deflated 4%)
  adding: mnt/lsdi/ocm05067666/ocm05067666/Output/0008.tif (deflated 5%)
  adding: mnt/lsdi/ocm05067666/ocm05067666/Output/0009.tif (deflated 5%)
  adding: mnt/lsdi/ocm05067666/ocm05067666/Output/0010.tif (deflated 5%)
  adding: mnt/lsdi/ocm05067666/ocm05067666/Output/0011.tif (deflated 4%)
  adding: mnt/lsdi/ocm05067666/ocm05067666/Output/0012.tif (deflated 4%)
  adding: mnt/lsdi/ocm05067666/ocm05067666/Output/0013.tif (deflated 5%)
  adding: mnt/lsdi/ocm05067666/ocm05067666/Output/0014.tif (deflated 24%)
  adding: mnt/lsdi/ocm05067666/ocm05067666/Output/0015.tif (deflated 3%)
  adding: mnt/lsdi/ocm05067666/ocm05067666/Output/0016.tif (deflated 5%)
  adding: mnt/lsdi/ocm05067666/ocm05067666/Output/0017.tif (deflated 4%)
  adding: mnt/lsdi/ocm05067666/ocm05067666/Output/0018.tif (deflated 38%)
  adding: mnt/lsdi/ocm05067666/ocm05067666/Output/0019.tif (deflated 5%)
  adding: mnt/lsdi/ocm05067666/ocm05067666/Output/0020.tif (deflated 4%)
  adding: mnt/lsdi/ocm05067666/ocm05067666/Output/0021.tif (deflated 4%)
  adding: mnt/lsdi/ocm05067666/ocm05067666/Output/0022.tif (deflated 4%)
  adding: mnt/lsdi/ocm05067666/ocm05067666/Output/0023.tif (deflated 4%)
  adding: mnt/lsdi/ocm05067666/ocm05067666/Output/0024.tif (deflated 97%)
  adding: mnt/lsdi/ocm05067666/ocm05067666/Output/0025.tif (deflated 4%)
  adding: mnt/lsdi/ocm05067666/ocm05067666/Output/0026.tif (deflated 5%)
  adding: mnt/lsdi/ocm05067666/ocm05067666/Output/0027.tif (deflated 95%)
  adding: mnt/lsdi/ocm05067666/ocm05067666/Output/0028.tif (deflated 4%)
  adding: mnt/lsdi/ocm05067666/ocm05067666/Output/0029.tif (deflated 5%)
  adding: mnt/lsdi/ocm05067666/ocm05067666/Output/0030.tif (deflated 5%)
  adding: mnt/lsdi/ocm05067666/ocm05067666/Output/0031.tif (deflated 5%)
  adding: mnt/lsdi/ocm05067666/ocm05067666/Output/0032.tif (deflated 4%)
  adding: mnt/lsdi/ocm05067666/ocm05067666/Output/0033.tif (deflated 4%)
  adding: mnt/lsdi/ocm05067666/ocm05067666/Output/0034.tif (deflated 4%)
  adding: mnt/lsdi/ocm05067666/ocm05067666/Output/0035.tif (deflated 4%)
  adding: mnt/lsdi/ocm05067666/ocm05067666/Output/0036.tif (deflated 4%)
  adding: mnt/lsdi/ocm05067666/ocm05067666/Output/0037.tif (deflated 5%)
  adding: mnt/lsdi/ocm05067666/ocm05067666/Output/0038.tif (deflated 5%)
  adding: mnt/lsdi/ocm05067666/ocm05067666/Output/0039.tif (deflated 4%)
  adding: mnt/lsdi/ocm05067666/ocm05067666/Output/0040.tif (deflated 4%)
  adding: mnt/lsdi/ocm05067666/ocm05067666/Output/0041.tif (deflated 4%)
  adding: mnt/lsdi/ocm05067666/ocm05067666/Output/0042.tif (deflated 4%)
  adding: mnt/lsdi/ocm05067666/ocm05067666/Output/0043.tif (deflated 5%)
  adding: mnt/lsdi/ocm05067666/ocm05067666/Output/0044.tif (deflated 4%)
  adding: mnt/lsdi/ocm05067666/ocm05067666/Output/0045.tif (deflated 4%)
  adding: mnt/lsdi/ocm05067666/ocm05067666/Output/0046.tif (deflated 5%)
  adding: mnt/lsdi/ocm05067666/ocm05067666/Output/0047.tif (deflated 5%)
  adding: mnt/lsdi/ocm05067666/ocm05067666/Output/0048.tif (deflated 4%)
  adding: mnt/lsdi/ocm05067666/ocm05067666/Output/0049.tif (deflated 82%)
  adding: mnt/lsdi/ocm05067666/ocm05067666/Output/0050.tif (deflated 16%)
  adding: mnt/lsdi/ocm05067666/ocm05067666/Output/0051.tif (deflated 4%)
  adding: mnt/lsdi/ocm05067666/ocm05067666/Output/0052.tif (deflated 5%)
  adding: mnt/lsdi/ocm05067666/ocm05067666/Output/0053.tif (deflated 98%)
  adding: mnt/lsdi/ocm05067666/ocm05067666/Output/0054.tif (deflated 4%)
  adding: mnt/lsdi/ocm05067666/ocm05067666/Output/0055.tif (deflated 5%)
  adding: mnt/lsdi/ocm05067666/ocm05067666/Output/0056.tif (deflated 4%)
  adding: mnt/lsdi/ocm05067666/ocm05067666/Output/0057.tif (deflated 5%)
  adding: mnt/lsdi/ocm05067666/ocm05067666/Output/0058.tif (deflated 97%)
  adding: mnt/lsdi/ocm05067666/ocm05067666/Output/0059.tif (deflated 4%)
  adding: mnt/lsdi/ocm05067666/ocm05067666/Output/0060.tif (deflated 4%)
  adding: mnt/lsdi/ocm05067666/ocm05067666/Output/0061.tif (deflated 5%)
  adding: mnt/lsdi/ocm05067666/ocm05067666/Output/0062.tif (deflated 4%)
  adding: mnt/lsdi/ocm05067666/ocm05067666/Output/0063.tif (deflated 5%)
  adding: mnt/lsdi/ocm05067666/ocm05067666/Output/0064.tif (deflated 4%)
  adding: mnt/lsdi/ocm05067666/ocm05067666/Output/0065.tif (deflated 4%)
  adding: mnt/lsdi/ocm05067666/ocm05067666/Output/0066.tif (deflated 4%)
  adding: mnt/lsdi/ocm05067666/ocm05067666/Output/0067.tif (deflated 4%)
  adding: mnt/lsdi/ocm05067666/ocm05067666/Output/0068.tif (deflated 97%)
  adding: mnt/lsdi/ocm05067666/ocm05067666/Output/0069.tif (deflated 5%)
  adding: mnt/lsdi/ocm05067666/ocm05067666/Output/0070.tif (deflated 4%)
  adding: mnt/lsdi/ocm05067666/ocm05067666/Output/0071.tif (deflated 5%)
  adding: mnt/lsdi/ocm05067666/ocm05067666/Output/0072.tif (deflated 4%)
  adding: mnt/lsdi/ocm05067666/ocm05067666/Output/0073.tif (deflated 4%)
  adding: mnt/lsdi/ocm05067666/ocm05067666/Output/0074.tif (deflated 5%)
  adding: mnt/lsdi/ocm05067666/ocm05067666/Output/0075.tif (deflated 4%)
  adding: mnt/lsdi/ocm05067666/ocm05067666/Output/0076.tif (deflated 4%)
  adding: mnt/lsdi/ocm05067666/ocm05067666/Output/0077.tif (deflated 5%)
  adding: mnt/lsdi/ocm05067666/ocm05067666/Output/0078.tif (deflated 6%)
  adding: mnt/lsdi/ocm05067666/ocm05067666/Output/0079.tif (deflated 82%)
  adding: mnt/lsdi/ocm05067666/ocm05067666/Output/0080.tif (deflated 18%)
  adding: mnt/lsdi/ocm05067666/ocm05067666/Output/0081.tif (deflated 5%)
  adding: mnt/lsdi/ocm05067666/ocm05067666/Output/0082.tif (deflated 4%)
  adding: mnt/lsdi/ocm05067666/ocm05067666/Output/0083.tif (deflated 4%)
  adding: mnt/lsdi/ocm05067666/ocm05067666/Output/0084.tif (deflated 4%)
  adding: mnt/lsdi/ocm05067666/ocm05067666/Output/0085.tif (deflated 4%)
  adding: mnt/lsdi/ocm05067666/ocm05067666/Output/0086.tif (deflated 98%)
  adding: mnt/lsdi/ocm05067666/ocm05067666/Output/0087.tif (deflated 4%)
  adding: mnt/lsdi/ocm05067666/ocm05067666/Output/0088.tif (deflated 97%)
  adding: mnt/lsdi/ocm05067666/ocm05067666/Output/0089.tif (deflated 4%)
  adding: mnt/lsdi/ocm05067666/ocm05067666/Output/0090.tif (deflated 4%)
  adding: mnt/lsdi/ocm05067666/ocm05067666/Output/0091.tif (deflated 4%)
  adding: mnt/lsdi/ocm05067666/ocm05067666/Output/0092.tif (deflated 4%)
  adding: mnt/lsdi/ocm05067666/ocm05067666/Output/0093.tif (deflated 5%)
  adding: mnt/lsdi/ocm05067666/ocm05067666/Output/0094.tif (deflated 4%)
  adding: mnt/lsdi/ocm05067666/ocm05067666/Output/0095.tif (deflated 5%)
  adding: mnt/lsdi/ocm05067666/ocm05067666/Output/0096.tif (deflated 4%)
  adding: mnt/lsdi/ocm05067666/ocm05067666/Output/0097.tif (deflated 4%)
  adding: mnt/lsdi/ocm05067666/ocm05067666/Output/0098.tif (deflated 98%)
  adding: mnt/lsdi/ocm05067666/ocm05067666/Output/0099.tif (deflated 4%)
  adding: mnt/lsdi/ocm05067666/ocm05067666/Output/0100.tif (deflated 96%)
  adding: mnt/lsdi/ocm05067666/ocm05067666/Output/0101.tif (deflated 4%)
  adding: mnt/lsdi/ocm05067666/ocm05067666/Output/0102.tif (deflated 4%)
  adding: mnt/lsdi/ocm05067666/ocm05067666/Output/0103.tif (deflated 4%)
  adding: mnt/lsdi/ocm05067666/ocm05067666/Output/0104.tif (deflated 4%)
  adding: mnt/lsdi/ocm05067666/ocm05067666/Output/0105.tif (deflated 82%)
  adding: mnt/lsdi/ocm05067666/ocm05067666/Output/0106.tif (deflated 18%)
  adding: mnt/lsdi/ocm05067666/ocm05067666/Output/0107.tif (deflated 5%)
  adding: mnt/lsdi/ocm05067666/ocm05067666/Output/0108.tif (deflated 5%)
  adding: mnt/lsdi/ocm05067666/ocm05067666/Output/0109.tif (deflated 4%)
  adding: mnt/lsdi/ocm05067666/ocm05067666/Output/0110.tif (deflated 5%)
  adding: mnt/lsdi/ocm05067666/ocm05067666/Output/0111.tif (deflated 98%)
  adding: mnt/lsdi/ocm05067666/ocm05067666/Output/0112.tif (deflated 4%)
  adding: mnt/lsdi/ocm05067666/ocm05067666/Output/0113.tif (deflated 4%)
  adding: mnt/lsdi/ocm05067666/ocm05067666/Output/0114.tif (deflated 4%)
  adding: mnt/lsdi/ocm05067666/ocm05067666/Output/0115.tif (deflated 4%)
  adding: mnt/lsdi/ocm05067666/ocm05067666/Output/0116.tif (deflated 82%)
  adding: mnt/lsdi/ocm05067666/ocm05067666/Output/0117.tif (deflated 3%)
  adding: mnt/lsdi/ocm05067666/ocm05067666/Output/0118.tif (deflated 3%)
  adding: mnt/lsdi/ocm05067666/ocm05067666/Output/0119.tif (deflated 82%)
  adding: mnt/lsdi/ocm05067666/ocm05067666/Output/0120.tif (deflated 4%)
  adding: mnt/lsdi/ocm05067666/ocm05067666/Output/0121.tif (deflated 98%)
  adding: mnt/lsdi/ocm05067666/ocm05067666/Output/0122.tif (deflated 4%)
  adding: mnt/lsdi/ocm05067666/ocm05067666/Output/0123.tif (deflated 4%)
  adding: mnt/lsdi/ocm05067666/ocm05067666/Output/0124.tif (deflated 96%)
  adding: mnt/lsdi/ocm05067666/ocm05067666/Output/0125.tif (deflated 4%)
  adding: mnt/lsdi/ocm05067666/ocm05067666/Output/0126.tif (deflated 5%)
  adding: mnt/lsdi/ocm05067666/ocm05067666/Output/0127.tif (deflated 4%)
  adding: mnt/lsdi/ocm05067666/ocm05067666/Output/0128.tif (deflated 4%)
  adding: mnt/lsdi/ocm05067666/ocm05067666/Output/0129.tif (deflated 4%)
  adding: mnt/lsdi/ocm05067666/ocm05067666/Output/0130.tif (deflated 4%)
  adding: mnt/lsdi/ocm05067666/ocm05067666/Output/0131.tif (deflated 4%)
  adding: mnt/lsdi/ocm05067666/ocm05067666/Output/0132.tif (deflated 5%)
  adding: mnt/lsdi/ocm05067666/ocm05067666/Output/0133.tif (deflated 4%)
  adding: mnt/lsdi/ocm05067666/ocm05067666/Output/0134.tif (deflated 18%)
  adding: mnt/lsdi/ocm05067666/ocm05067666/Output/0135.tif (deflated 3%)
  adding: mnt/lsdi/ocm05067666/ocm05067666/Output/0136.tif (deflated 4%)
  adding: mnt/lsdi/ocm05067666/ocm05067666/Output/0137.tif (deflated 4%)
  adding: mnt/lsdi/ocm05067666/ocm05067666/Output/0138.tif (deflated 4%)
  adding: mnt/lsdi/ocm05067666/ocm05067666/Output/0139.tif (deflated 5%)
  adding: mnt/lsdi/ocm05067666/ocm05067666/Output/0140.tif (deflated 75%)
  adding: mnt/lsdi/ocm05067666/ocm05067666/Output/0141.tif (deflated 4%)
  adding: mnt/lsdi/ocm05067666/ocm05067666/Output/0142.tif (deflated 4%)
  adding: mnt/lsdi/ocm05067666/ocm05067666/Output/0143.tif (deflated 73%)
  adding: mnt/lsdi/ocm05067666/ocm05067666/Output/0144.tif (deflated 4%)
  adding: mnt/lsdi/ocm05067666/ocm05067666/Output/0145.tif (deflated 98%)
  adding: mnt/lsdi/ocm05067666/ocm05067666/Output/0146.tif (deflated 4%)
  adding: mnt/lsdi/ocm05067666/ocm05067666/Output/0147.tif (deflated 4%)
  adding: mnt/lsdi/ocm05067666/ocm05067666/Output/0148.tif (deflated 4%)
  adding: mnt/lsdi/ocm05067666/ocm05067666/Output/0149.tif (deflated 4%)
  adding: mnt/lsdi/ocm05067666/ocm05067666/Output/0150.tif (deflated 4%)
  adding: mnt/lsdi/ocm05067666/ocm05067666/Output/0151.tif (deflated 97%)
  adding: mnt/lsdi/ocm05067666/ocm05067666/Output/0152.tif (deflated 5%)
  adding: mnt/lsdi/ocm05067666/ocm05067666/Output/0153.tif (deflated 4%)
  adding: mnt/lsdi/ocm05067666/ocm05067666/Output/0154.tif (deflated 4%)
  adding: mnt/lsdi/ocm05067666/ocm05067666/Output/0155.tif (deflated 4%)
  adding: mnt/lsdi/ocm05067666/ocm05067666/Output/0156.tif (deflated 4%)
  adding: mnt/lsdi/ocm05067666/ocm05067666/Output/0157.tif (deflated 4%)
  adding: mnt/lsdi/ocm05067666/ocm05067666/Output/0158.tif (deflated 4%)
  adding: mnt/lsdi/ocm05067666/ocm05067666/Output/0159.tif (deflated 73%)
  adding: mnt/lsdi/ocm05067666/ocm05067666/Output/0160.tif (deflated 4%)
  adding: mnt/lsdi/ocm05067666/ocm05067666/Output/0161.tif (deflated 4%)
  adding: mnt/lsdi/ocm05067666/ocm05067666/Output/0162.tif (deflated 74%)
  adding: mnt/lsdi/ocm05067666/ocm05067666/Output/0163.tif (deflated 4%)
  adding: mnt/lsdi/ocm05067666/ocm05067666/Output/0164.tif (deflated 4%)
  adding: mnt/lsdi/ocm05067666/ocm05067666/Output/0165.tif (deflated 98%)
  adding: mnt/lsdi/ocm05067666/ocm05067666/Output/0166.tif (deflated 75%)
  adding: mnt/lsdi/ocm05067666/ocm05067666/Output/0167.tif (deflated 75%)
  adding: mnt/lsdi/ocm05067666/ocm05067666/Output/0168.tif (deflated 98%)
  adding: mnt/lsdi/ocm05067666/ocm05067666/Output/0169.tif (deflated 5%)
  adding: mnt/lsdi/ocm05067666/ocm05067666/Output/0170.tif (deflated 98%)
  adding: mnt/lsdi/ocm05067666/ocm05067666/Output/0171.tif (deflated 4%)
  adding: mnt/lsdi/ocm05067666/ocm05067666/Output/0172.tif (deflated 4%)
  adding: mnt/lsdi/ocm05067666/ocm05067666/Output/0173.tif (deflated 4%)
  adding: mnt/lsdi/ocm05067666/ocm05067666/Output/0174.tif (deflated 4%)
  adding: mnt/lsdi/ocm05067666/ocm05067666/Output/0175.tif (deflated 7%)
  adding: mnt/lsdi/ocm05067666/ocm05067666/Output/0176.tif (deflated 17%)
  adding: mnt/lsdi/ocm05067666/ocm05067666/Output/0177.tif (deflated 4%)
  adding: mnt/lsdi/ocm05067666/ocm05067666/Output/0178.tif (deflated 4%)
  adding: mnt/lsdi/ocm05067666/ocm05067666/Output/0179.tif (deflated 4%)
  adding: mnt/lsdi/ocm05067666/ocm05067666/Output/0180.tif (deflated 4%)
  adding: mnt/lsdi/ocm05067666/ocm05067666/Output/0181.tif (deflated 4%)
  adding: mnt/lsdi/ocm05067666/ocm05067666/Output/0182.tif (deflated 5%)
  adding: mnt/lsdi/ocm05067666/ocm05067666/Output/0183.tif (deflated 4%)
  adding: mnt/lsdi/ocm05067666/ocm05067666/Output/0184.tif (deflated 5%)
  adding: mnt/lsdi/ocm05067666/ocm05067666/Output/0185.tif (deflated 5%)
  adding: mnt/lsdi/ocm05067666/ocm05067666/Output/0186.tif (deflated 4%)
  adding: mnt/lsdi/ocm05067666/ocm05067666/Output/0187.tif (deflated 5%)
  adding: mnt/lsdi/ocm05067666/ocm05067666/Output/0188.tif (deflated 4%)
  adding: mnt/lsdi/ocm05067666/ocm05067666/Output/0189.tif (deflated 4%)
  adding: mnt/lsdi/ocm05067666/ocm05067666/Output/0190.tif (deflated 4%)
  adding: mnt/lsdi/ocm05067666/ocm05067666/Output/0191.tif (deflated 4%)
  adding: mnt/lsdi/ocm05067666/ocm05067666/Output/0192.tif (deflated 4%)
  adding: mnt/lsdi/ocm05067666/ocm05067666/Output/0193.tif (deflated 5%)
  adding: mnt/lsdi/ocm05067666/ocm05067666/Output/0194.tif (deflated 4%)
  adding: mnt/lsdi/ocm05067666/ocm05067666/Output/0195.tif (deflated 6%)
  adding: mnt/lsdi/ocm05067666/ocm05067666/Output/0196.tif (deflated 15%)
  adding: mnt/lsdi/ocm05067666/ocm05067666/Output/0197.tif (deflated 4%)
  adding: mnt/lsdi/ocm05067666/ocm05067666/Output/0198.tif (deflated 4%)
  adding: mnt/lsdi/ocm05067666/ocm05067666/Output/0199.tif (deflated 4%)
  adding: mnt/lsdi/ocm05067666/ocm05067666/Output/0200.tif (deflated 4%)
  adding: mnt/lsdi/ocm05067666/ocm05067666/Output/0201.tif (deflated 4%)
  adding: mnt/lsdi/ocm05067666/ocm05067666/Output/0202.tif (deflated 71%)
  adding: mnt/lsdi/ocm05067666/ocm05067666/Output/0203.tif (deflated 4%)
  adding: mnt/lsdi/ocm05067666/ocm05067666/Output/0204.tif (deflated 98%)
  adding: mnt/lsdi/ocm05067666/ocm05067666/Output/0205.tif (deflated 5%)
  adding: mnt/lsdi/ocm05067666/ocm05067666/Output/0206.tif (deflated 4%)
  adding: mnt/lsdi/ocm05067666/ocm05067666/Output/0207.tif (deflated 4%)
  adding: mnt/lsdi/ocm05067666/ocm05067666/Output/0208.tif (deflated 4%)
  adding: mnt/lsdi/ocm05067666/ocm05067666/Output/0209.tif (deflated 4%)
  adding: mnt/lsdi/ocm05067666/ocm05067666/Output/0210.tif (deflated 66%)
  adding: mnt/lsdi/ocm05067666/ocm05067666/Output/0211.tif (deflated 4%)
  adding: mnt/lsdi/ocm05067666/ocm05067666/Output/0212.tif (deflated 4%)
  adding: mnt/lsdi/ocm05067666/ocm05067666/Output/0213.tif (deflated 98%)
  adding: mnt/lsdi/ocm05067666/ocm05067666/Output/0214.tif (deflated 4%)
  adding: mnt/lsdi/ocm05067666/ocm05067666/Output/0215.tif (deflated 4%)
  adding: mnt/lsdi/ocm05067666/ocm05067666/Output/0216.tif (deflated 4%)
  adding: mnt/lsdi/ocm05067666/ocm05067666/Output/0217.tif (deflated 4%)
  adding: mnt/lsdi/ocm05067666/ocm05067666/Output/0218.tif (deflated 52%)
  adding: mnt/lsdi/ocm05067666/ocm05067666/Output/0219.tif (deflated 4%)
  adding: mnt/lsdi/ocm05067666/ocm05067666/Output/0220.tif (deflated 45%)
  adding: mnt/lsdi/ocm05067666/ocm05067666/Output/0221.tif (deflated 4%)
  adding: mnt/lsdi/ocm05067666/ocm05067666/Output/0222.tif (deflated 4%)
  adding: mnt/lsdi/ocm05067666/ocm05067666/Output/0223.tif (deflated 4%)
  adding: mnt/lsdi/ocm05067666/ocm05067666/Output/0224.tif (deflated 6%)
  adding: mnt/lsdi/ocm05067666/ocm05067666/Output/0225.tif (deflated 82%)
  adding: mnt/lsdi/ocm05067666/ocm05067666/Output/0226.tif (deflated 15%)
  adding: mnt/lsdi/ocm05067666/ocm05067666/Output/0227.tif (deflated 6%)
  adding: mnt/lsdi/ocm05067666/ocm05067666/Output/0228.tif (deflated 5%)
  adding: mnt/lsdi/ocm05067666/ocm05067666/Output/0229.tif (deflated 5%)
  adding: mnt/lsdi/ocm05067666/ocm05067666/Output/0230.tif (deflated 4%)
  adding: mnt/lsdi/ocm05067666/ocm05067666/Output/0231.tif (deflated 4%)
  adding: mnt/lsdi/ocm05067666/ocm05067666/Output/0232.tif (deflated 4%)
  adding: mnt/lsdi/ocm05067666/ocm05067666/Output/0233.tif (deflated 4%)
  adding: mnt/lsdi/ocm05067666/ocm05067666/Output/0234.tif (deflated 4%)
  adding: mnt/lsdi/ocm05067666/ocm05067666/Output/0235.tif (deflated 4%)
  adding: mnt/lsdi/ocm05067666/ocm05067666/Output/0236.tif (deflated 4%)
  adding: mnt/lsdi/ocm05067666/ocm05067666/Output/0237.tif (deflated 4%)
  adding: mnt/lsdi/ocm05067666/ocm05067666/Output/0238.tif (deflated 4%)
  adding: mnt/lsdi/ocm05067666/ocm05067666/Output/0239.tif (deflated 4%)
  adding: mnt/lsdi/ocm05067666/ocm05067666/Output/0240.tif (deflated 4%)
  adding: mnt/lsdi/ocm05067666/ocm05067666/Output/0241.tif (deflated 4%)
  adding: mnt/lsdi/ocm05067666/ocm05067666/Output/0242.tif (deflated 4%)
  adding: mnt/lsdi/ocm05067666/ocm05067666/Output/0243.tif (deflated 98%)
  adding: mnt/lsdi/ocm05067666/ocm05067666/Output/0244.tif (deflated 98%)
  adding: mnt/lsdi/ocm05067666/ocm05067666/Output/0245.tif (deflated 98%)
  adding: mnt/lsdi/ocm05067666/ocm05067666/Output/0246.tif (deflated 4%)
  adding: mnt/lsdi/ocm05067666/ocm05067666/Output/0247.tif (deflated 4%)
  adding: mnt/lsdi/ocm05067666/ocm05067666/Output/0248.tif (deflated 98%)
  adding: mnt/lsdi/ocm05067666/ocm05067666/Output/0249.tif (deflated 5%)
  adding: mnt/lsdi/ocm05067666/ocm05067666/Output/0250.tif (deflated 4%)
  adding: mnt/lsdi/ocm05067666/ocm05067666/Output/0251.tif (deflated 97%)
  adding: mnt/lsdi/ocm05067666/ocm05067666/Output/0252.tif (deflated 4%)
  adding: mnt/lsdi/ocm05067666/ocm05067666/Output/0253.tif (deflated 97%)
  adding: mnt/lsdi/ocm05067666/ocm05067666/Output/0254.tif (deflated 4%)
  adding: mnt/lsdi/ocm05067666/ocm05067666/Output/0255.tif (deflated 5%)
  adding: mnt/lsdi/ocm05067666/ocm05067666/Output/0256.tif (deflated 4%)
  adding: mnt/lsdi/ocm05067666/ocm05067666/Output/0257.tif (deflated 97%)
  adding: mnt/lsdi/ocm05067666/ocm05067666/Output/0258.tif (deflated 4%)
  adding: mnt/lsdi/ocm05067666/ocm05067666/Output/0259.tif (deflated 4%)
  adding: mnt/lsdi/ocm05067666/ocm05067666/Output/0260.tif (deflated 34%)
  adding: mnt/lsdi/ocm05067666/ocm05067666/Output/0261.tif (deflated 4%)
  adding: mnt/lsdi/ocm05067666/ocm05067666/Output/0262.tif (deflated 4%)
  adding: mnt/lsdi/ocm05067666/ocm05067666/Output/0263.tif (deflated 5%)
  adding: mnt/lsdi/ocm05067666/ocm05067666/Output/0264.tif (deflated 4%)
  adding: mnt/lsdi/ocm05067666/ocm05067666/Output/0265.tif (deflated 5%)
  adding: mnt/lsdi/ocm05067666/ocm05067666/Output/0266.tif (deflated 4%)
  adding: mnt/lsdi/ocm05067666/ocm05067666/Output/0267.tif (deflated 4%)
  adding: mnt/lsdi/ocm05067666/ocm05067666/Output/0268.tif (deflated 4%)
  adding: mnt/lsdi/ocm05067666/ocm05067666/Output/0269.tif (deflated 5%)
  adding: mnt/lsdi/ocm05067666/ocm05067666/Output/0270.tif (deflated 15%)
  adding: mnt/lsdi/ocm05067666/ocm05067666/Output/0271.tif (deflated 4%)
  adding: mnt/lsdi/ocm05067666/ocm05067666/Output/0272.tif (deflated 5%)
  adding: mnt/lsdi/ocm05067666/ocm05067666/Output/0273.tif (deflated 5%)
  adding: mnt/lsdi/ocm05067666/ocm05067666/Output/0274.tif (deflated 4%)
  adding: mnt/lsdi/ocm05067666/ocm05067666/Output/0275.tif (deflated 4%)
  adding: mnt/lsdi/ocm05067666/ocm05067666/Output/0276.tif (deflated 4%)
  adding: mnt/lsdi/ocm05067666/ocm05067666/Output/0277.tif (deflated 4%)
  adding: mnt/lsdi/ocm05067666/ocm05067666/Output/0278.tif (deflated 5%)
  adding: mnt/lsdi/ocm05067666/ocm05067666/Output/0279.tif (deflated 4%)
  adding: mnt/lsdi/ocm05067666/ocm05067666/Output/0280.tif (deflated 4%)
  adding: mnt/lsdi/ocm05067666/ocm05067666/Output/0281.tif (deflated 4%)
  adding: mnt/lsdi/ocm05067666/ocm05067666/Output/0282.tif (deflated 5%)
  adding: mnt/lsdi/ocm05067666/ocm05067666/Output/0283.tif (deflated 4%)
  adding: mnt/lsdi/ocm05067666/ocm05067666/Output/0284.tif (deflated 5%)
  adding: mnt/lsdi/ocm05067666/ocm05067666/Output/0285.tif (deflated 4%)
  adding: mnt/lsdi/ocm05067666/ocm05067666/Output/0286.tif (deflated 5%)
  adding: mnt/lsdi/ocm05067666/ocm05067666/Output/0287.tif (deflated 5%)
  adding: mnt/lsdi/ocm05067666/ocm05067666/Output/0288.tif (deflated 97%)
  adding: mnt/lsdi/ocm05067666/ocm05067666/Output/0289.tif (deflated 5%)
  adding: mnt/lsdi/ocm05067666/ocm05067666/Output/0290.tif (deflated 22%)
  adding: mnt/lsdi/ocm05067666/ocm05067666/Output/0291.tif (deflated 4%)
  adding: mnt/lsdi/ocm05067666/ocm05067666/Output/0292.tif (deflated 5%)
  adding: mnt/lsdi/ocm05067666/ocm05067666/Output/0293.tif (deflated 5%)
  adding: mnt/lsdi/ocm05067666/ocm05067666/Output/0294.tif (deflated 5%)
  adding: mnt/lsdi/ocm05067666/ocm05067666/Output/0295.tif (deflated 5%)
  adding: mnt/lsdi/ocm05067666/ocm05067666/Output/0296.tif (deflated 4%)
  adding: mnt/lsdi/ocm05067666/ocm05067666/Output/0297.tif (deflated 5%)
  adding: mnt/lsdi/ocm05067666/ocm05067666/Output/0298.tif (deflated 4%)
  adding: mnt/lsdi/ocm05067666/ocm05067666/Output/0299.tif (deflated 4%)
  adding: mnt/lsdi/ocm05067666/ocm05067666/Output/0300.tif (deflated 4%)
  adding: mnt/lsdi/ocm05067666/ocm05067666/Output/0301.tif (deflated 5%)
  adding: mnt/lsdi/ocm05067666/ocm05067666/Output/0302.tif (deflated 4%)
  adding: mnt/lsdi/ocm05067666/ocm05067666/Output/0303.tif (deflated 5%)
  adding: mnt/lsdi/ocm05067666/ocm05067666/Output/0304.tif (deflated 5%)
  adding: mnt/lsdi/ocm05067666/ocm05067666/Output/0305.tif (deflated 5%)
  adding: mnt/lsdi/ocm05067666/ocm05067666/Output/0306.tif (deflated 18%)
  adding: mnt/lsdi/ocm05067666/ocm05067666/Output/0307.tif (deflated 4%)
  adding: mnt/lsdi/ocm05067666/ocm05067666/Output/0308.tif (deflated 5%)
  adding: mnt/lsdi/ocm05067666/ocm05067666/Output/0309.tif (deflated 5%)
  adding: mnt/lsdi/ocm05067666/ocm05067666/Output/0310.tif (deflated 5%)
  adding: mnt/lsdi/ocm05067666/ocm05067666/Output/0311.tif (deflated 4%)
  adding: mnt/lsdi/ocm05067666/ocm05067666/Output/0312.tif (deflated 4%)
  adding: mnt/lsdi/ocm05067666/ocm05067666/Output/0313.tif (deflated 5%)
  adding: mnt/lsdi/ocm05067666/ocm05067666/Output/0314.tif (deflated 4%)
  adding: mnt/lsdi/ocm05067666/ocm05067666/Output/0315.tif (deflated 5%)
  adding: mnt/lsdi/ocm05067666/ocm05067666/Output/0316.tif (deflated 4%)
  adding: mnt/lsdi/ocm05067666/ocm05067666/Output/0317.tif (deflated 4%)
  adding: mnt/lsdi/ocm05067666/ocm05067666/Output/0318.tif (deflated 4%)
  adding: mnt/lsdi/ocm05067666/ocm05067666/Output/0319.tif (deflated 4%)
  adding: mnt/lsdi/ocm05067666/ocm05067666/Output/0320.tif (deflated 4%)
  adding: mnt/lsdi/ocm05067666/ocm05067666/Output/0321.tif (deflated 4%)
  adding: mnt/lsdi/ocm05067666/ocm05067666/Output/0322.tif (deflated 4%)
  adding: mnt/lsdi/ocm05067666/ocm05067666/Output/0323.tif (deflated 4%)
  adding: mnt/lsdi/ocm05067666/ocm05067666/Output/0324.tif (deflated 4%)
  adding: mnt/lsdi/ocm05067666/ocm05067666/Output/0325.tif (deflated 4%)
  adding: mnt/lsdi/ocm05067666/ocm05067666/Output/0326.tif (deflated 4%)
  adding: mnt/lsdi/ocm05067666/ocm05067666/Output/0327.tif (deflated 4%)
  adding: mnt/lsdi/ocm05067666/ocm05067666/Output/0328.tif (deflated 5%)
  adding: mnt/lsdi/ocm05067666/ocm05067666/Output/0329.tif (deflated 5%)
  adding: mnt/lsdi/ocm05067666/ocm05067666/Output/0330.tif (deflated 4%)
  adding: mnt/lsdi/ocm05067666/ocm05067666/Output/0331.tif (deflated 4%)
  adding: mnt/lsdi/ocm05067666/ocm05067666/Output/0332.tif (deflated 4%)
  adding: mnt/lsdi/ocm05067666/ocm05067666/Output/0333.tif (deflated 4%)
  adding: mnt/lsdi/ocm05067666/ocm05067666/Output/0334.tif (deflated 4%)
  adding: mnt/lsdi/ocm05067666/ocm05067666/Output/0335.tif (deflated 5%)
  adding: mnt/lsdi/ocm05067666/ocm05067666/Output/0336.tif (deflated 4%)
  adding: mnt/lsdi/ocm05067666/ocm05067666/Output/0337.tif (deflated 5%)
  adding: mnt/lsdi/ocm05067666/ocm05067666/Output/0338.tif (deflated 5%)
  adding: mnt/lsdi/ocm05067666/ocm05067666/Output/0339.tif (deflated 4%)
  adding: mnt/lsdi/ocm05067666/ocm05067666/Output/0340.tif (deflated 4%)
  adding: mnt/lsdi/ocm05067666/ocm05067666/Output/0341.tif (deflated 4%)
  adding: mnt/lsdi/ocm05067666/ocm05067666/Output/0342.tif (deflated 5%)
  adding: mnt/lsdi/ocm05067666/ocm05067666/Output/0343.tif (deflated 5%)
  adding: mnt/lsdi/ocm05067666/ocm05067666/Output/0344.tif (deflated 4%)
  adding: mnt/lsdi/ocm05067666/ocm05067666/Output/0345.tif (deflated 5%)
  adding: mnt/lsdi/ocm05067666/ocm05067666/Output/0346.tif (deflated 4%)
  adding: mnt/lsdi/ocm05067666/ocm05067666/Output/0347.tif (deflated 4%)
  adding: mnt/lsdi/ocm05067666/ocm05067666/Output/0348.tif (deflated 4%)
  adding: mnt/lsdi/ocm05067666/ocm05067666/Output/0349.tif (deflated 4%)
  adding: mnt/lsdi/ocm05067666/ocm05067666/Output/0350.tif (deflated 4%)
  adding: mnt/lsdi/ocm05067666/ocm05067666/Output/0351.tif (deflated 4%)
  adding: mnt/lsdi/ocm05067666/ocm05067666/Output/0352.tif (deflated 4%)
  adding: mnt/lsdi/ocm05067666/ocm05067666/Output/0353.tif (deflated 4%)
  adding: mnt/lsdi/ocm05067666/ocm05067666/Output/0354.tif (deflated 4%)
  adding: mnt/lsdi/ocm05067666/ocm05067666/Output/0355.tif (deflated 4%)
  adding: mnt/lsdi/ocm05067666/ocm05067666/Output/0356.tif (deflated 4%)
  adding: mnt/lsdi/ocm05067666/ocm05067666/Output/0357.tif (deflated 4%)
  adding: mnt/lsdi/ocm05067666/ocm05067666/Output/0358.tif (deflated 4%)
  adding: mnt/lsdi/ocm05067666/ocm05067666/Output/0359.tif (deflated 4%)
  adding: mnt/lsdi/ocm05067666/ocm05067666/Output/0360.tif (deflated 4%)
  adding: mnt/lsdi/ocm05067666/ocm05067666/Output/0361.tif (deflated 4%)
  adding: mnt/lsdi/ocm05067666/ocm05067666/Output/0362.tif (deflated 4%)
  adding: mnt/lsdi/ocm05067666/ocm05067666/Output/0363.tif (deflated 4%)
  adding: mnt/lsdi/ocm05067666/ocm05067666/Output/0364.tif (deflated 4%)
  adding: mnt/lsdi/ocm05067666/ocm05067666/Output/0365.tif (deflated 4%)
  adding: mnt/lsdi/ocm05067666/ocm05067666/Output/0366.tif (deflated 4%)
  adding: mnt/lsdi/ocm05067666/ocm05067666/Output/0367.tif (deflated 5%)
  adding: mnt/lsdi/ocm05067666/ocm05067666/Output/0368.tif (deflated 4%)
  adding: mnt/lsdi/ocm05067666/ocm05067666/Output/0369.tif (deflated 4%)
  adding: mnt/lsdi/ocm05067666/ocm05067666/Output/0370.tif (deflated 4%)
  adding: mnt/lsdi/ocm05067666/ocm05067666/Output/0371.tif (deflated 4%)
  adding: mnt/lsdi/ocm05067666/ocm05067666/Output/0372.tif (deflated 4%)
  adding: mnt/lsdi/ocm05067666/ocm05067666/Output/0373.tif (deflated 5%)
  adding: mnt/lsdi/ocm05067666/ocm05067666/Output/0374.tif (deflated 4%)
  adding: mnt/lsdi/ocm05067666/ocm05067666/Output/0375.tif (deflated 4%)
  adding: mnt/lsdi/ocm05067666/ocm05067666/Output/0376.tif (deflated 4%)
  adding: mnt/lsdi/ocm05067666/ocm05067666/Output/0377.tif (deflated 5%)
  adding: mnt/lsdi/ocm05067666/ocm05067666/Output/0378.tif (deflated 4%)
  adding: mnt/lsdi/ocm05067666/ocm05067666/Output/0379.tif (deflated 4%)
  adding: mnt/lsdi/ocm05067666/ocm05067666/Output/0380.tif (deflated 4%)
  adding: mnt/lsdi/ocm05067666/ocm05067666/Output/0381.tif (deflated 5%)
  adding: mnt/lsdi/ocm05067666/ocm05067666/Output/0382.tif (deflated 4%)
  adding: mnt/lsdi/ocm05067666/ocm05067666/Output/0383.tif (deflated 4%)
  adding: mnt/lsdi/ocm05067666/ocm05067666/Output/0384.tif (deflated 4%)
  adding: mnt/lsdi/ocm05067666/ocm05067666/Output/0385.tif (deflated 4%)
  adding: mnt/lsdi/ocm05067666/ocm05067666/Output/0386.tif (deflated 4%)
  adding: mnt/lsdi/ocm05067666/ocm05067666/Output/0387.tif (deflated 4%)
  adding: mnt/lsdi/ocm05067666/ocm05067666/Output/0388.tif (deflated 4%)
  adding: mnt/lsdi/ocm05067666/ocm05067666/Output/0389.tif (deflated 4%)
  adding: mnt/lsdi/ocm05067666/ocm05067666/Output/0390.tif (deflated 4%)
  adding: mnt/lsdi/ocm05067666/ocm05067666/Output/0391.tif (deflated 4%)
  adding: mnt/lsdi/ocm05067666/ocm05067666/Output/0392.tif (deflated 4%)
  adding: mnt/lsdi/ocm05067666/ocm05067666/Output/0393.tif (deflated 4%)
  adding: mnt/lsdi/ocm05067666/ocm05067666/Output/0394.tif (deflated 4%)
  adding: mnt/lsdi/ocm05067666/ocm05067666/Output/0395.tif (deflated 4%)
  adding: mnt/lsdi/ocm05067666/ocm05067666/Output/0396.tif (deflated 4%)
  adding: mnt/lsdi/ocm05067666/ocm05067666/Output/0397.tif (deflated 4%)
  adding: mnt/lsdi/ocm05067666/ocm05067666/Output/0398.tif (deflated 4%)
  adding: mnt/lsdi/ocm05067666/ocm05067666/Output/0399.tif (deflated 4%)
  adding: mnt/lsdi/ocm05067666/ocm05067666/Output/0400.tif (deflated 5%)
  adding: mnt/lsdi/ocm05067666/ocm05067666/Output/0401.tif (deflated 4%)
  adding: mnt/lsdi/ocm05067666/ocm05067666/Output/0402.tif (deflated 4%)
  adding: mnt/lsdi/ocm05067666/ocm05067666/Output/0403.tif (deflated 5%)
  adding: mnt/lsdi/ocm05067666/ocm05067666/Output/0404.tif (deflated 5%)
  adding: mnt/lsdi/ocm05067666/ocm05067666/Output/0405.tif (deflated 4%)
  adding: mnt/lsdi/ocm05067666/ocm05067666/Output/0406.tif (deflated 4%)
  adding: mnt/lsdi/ocm05067666/ocm05067666/Output/0407.tif (deflated 5%)
  adding: mnt/lsdi/ocm05067666/ocm05067666/Output/0408.tif (deflated 4%)
  adding: mnt/lsdi/ocm05067666/ocm05067666/Output/0409.tif (deflated 4%)
  adding: mnt/lsdi/ocm05067666/ocm05067666/Output/0410.tif (deflated 4%)
  adding: mnt/lsdi/ocm05067666/ocm05067666/Output/0411.tif (deflated 5%)
  adding: mnt/lsdi/ocm05067666/ocm05067666/Output/0412.tif (deflated 4%)
  adding: mnt/lsdi/ocm05067666/ocm05067666/Output/0413.tif (deflated 4%)
  adding: mnt/lsdi/ocm05067666/ocm05067666/Output/0414.tif (deflated 51%)
  adding: mnt/lsdi/ocm05067666/ocm05067666/Output/0415.tif (deflated 4%)
  adding: mnt/lsdi/ocm05067666/ocm05067666/Output/0416.tif (deflated 4%)
  adding: mnt/lsdi/ocm05067666/ocm05067666/Output/0417.tif (deflated 4%)
  adding: mnt/lsdi/ocm05067666/ocm05067666/Output/0418.tif (deflated 4%)
  adding: mnt/lsdi/ocm05067666/ocm05067666/Output/0419.tif (deflated 4%)
  adding: mnt/lsdi/ocm05067666/ocm05067666/Output/0420.tif (deflated 4%)
  adding: mnt/lsdi/ocm05067666/ocm05067666/Output/0421.tif (deflated 4%)
  adding: mnt/lsdi/ocm05067666/ocm05067666/Output/0422.tif (deflated 4%)
  adding: mnt/lsdi/ocm05067666/ocm05067666/Output/0423.tif (deflated 4%)
  adding: mnt/lsdi/ocm05067666/ocm05067666/Output/0424.tif (deflated 4%)
  adding: mnt/lsdi/ocm05067666/ocm05067666/Output/0425.tif (deflated 4%)
  adding: mnt/lsdi/ocm05067666/ocm05067666/Output/0426.tif (deflated 4%)
  adding: mnt/lsdi/ocm05067666/ocm05067666/Output/0427.tif (deflated 4%)
  adding: mnt/lsdi/ocm05067666/ocm05067666/Output/0428.tif (deflated 4%)
  adding: mnt/lsdi/ocm05067666/ocm05067666/Output/0429.tif (deflated 4%)
  adding: mnt/lsdi/ocm05067666/ocm05067666/Output/0430.tif (deflated 4%)
  adding: mnt/lsdi/ocm05067666/ocm05067666/Output/0431.tif (deflated 4%)
  adding: mnt/lsdi/ocm05067666/ocm05067666/Output/0432.tif (deflated 4%)
  adding: mnt/lsdi/ocm05067666/ocm05067666/Output/0433.tif (deflated 5%)
  adding: mnt/lsdi/ocm05067666/ocm05067666/Output/0434.tif (deflated 4%)
  adding: mnt/lsdi/ocm05067666/ocm05067666/Output/0435.tif (deflated 4%)
  adding: mnt/lsdi/ocm05067666/ocm05067666/Output/0436.tif (deflated 4%)
  adding: mnt/lsdi/ocm05067666/ocm05067666/Output/0437.tif (deflated 4%)
  adding: mnt/lsdi/ocm05067666/ocm05067666/Output/0438.tif (deflated 4%)
  adding: mnt/lsdi/ocm05067666/ocm05067666/Output/0439.tif (deflated 4%)
  adding: mnt/lsdi/ocm05067666/ocm05067666/Output/0440.tif (deflated 4%)
  adding: mnt/lsdi/ocm05067666/ocm05067666/Output/0441.tif (deflated 4%)
  adding: mnt/lsdi/ocm05067666/ocm05067666/Output/0442.tif (deflated 4%)
  adding: mnt/lsdi/ocm05067666/ocm05067666/Output/0443.tif (deflated 4%)
  adding: mnt/lsdi/ocm05067666/ocm05067666/Output/0444.tif (deflated 4%)
  adding: mnt/lsdi/ocm05067666/ocm05067666/Output/0445.tif (deflated 4%)
  adding: mnt/lsdi/ocm05067666/ocm05067666/Output/0446.tif (deflated 4%)
  adding: mnt/lsdi/ocm05067666/ocm05067666/Output/0447.tif (deflated 4%)
  adding: mnt/lsdi/ocm05067666/ocm05067666/Output/0448.tif (deflated 98%)
  adding: mnt/lsdi/ocm05067666/ocm05067666/Output/0449.tif (deflated 5%)
  adding: mnt/lsdi/ocm05067666/ocm05067666/Output/0450.tif (deflated 4%)
  adding: mnt/lsdi/ocm05067666/ocm05067666/Output/0451.tif (deflated 4%)
  adding: mnt/lsdi/ocm05067666/ocm05067666/Output/0452.tif (deflated 4%)
  adding: mnt/lsdi/ocm05067666/ocm05067666/Output/0453.tif (deflated 4%)
  adding: mnt/lsdi/ocm05067666/ocm05067666/Output/0454.tif (deflated 82%)
curl --location --header authorization: LOW fpJYfLnxbLmCEHqU:JQbq6NgBaPrSh98Y --upload-file /temp/ocm05067666_images.zip http://s3.us.archive.org/05067666.emory.edu/05067666_images.zip
  % Total    % Received % Xferd  Average Speed   Time    Time     Time  Current
                                 Dload  Upload   Total   Spent    Left  Speed
  0     0    0     0    0     0      0      0 --:--:-- --:--:-- --:--:--     0  0 54.6M    0     0    0     0      0      0 --:--:-- --:--:-- --:--:--     0  0 54.6M    0     0    0 81920      0  45637  0:20:55  0:00:01  0:20:54 47878  0 54.6M    0     0    0  208k      0  74321  0:12:50  0:00:02  0:12:48 76588  0 54.6M    0     0    0  272k      0  73439  0:13:00  0:00:03  0:12:57 75115  0 54.6M    0     0    0  448k      0  95123  0:10:02  0:00:04  0:09:58 96823  1 54.6M    0     0    1  640k      0   110k  0:08:24  0:00:05  0:08:19  133k  1 54.6M    0     0    1  896k      0   131k  0:07:04  0:00:06  0:06:58  162k  2 54.6M    0     0    2 1200k      0   154k  0:06:03  0:00:07  0:05:56  201k  2 54.6M    0     0    2 1536k      0   175k  0:05:19  0:00:08  0:05:11  254k  3 54.6M    0     0    3 2048k      0   209k  0:04:26  0:00:09  0:04:17  323k  5 54.6M    0     0    5 2800k      0   259k  0:03:35  0:00:10  0:03:25  428k  6 54.6M    0     0    6 3504k      0   296k  0:03:08  0:00:11  0:02:57  521k  7 54.6M    0     0    7 4192k      0   327k  0:02:50  0:00:12  0:02:38  597k  8 54.6M    0     0    8 4880k      0   353k  0:02:38  0:00:13  0:02:25  665k  9 54.6M    0     0    9 5344k      0   353k  0:02:38  0:00:15  0:02:23  614k  9 54.6M    0     0    9 5520k      0   344k  0:02:42  0:00:16  0:02:26  523k 10 54.6M    0     0   10 5680k      0   337k  0:02:45  0:00:16  0:02:29  432k 10 54.6M    0     0   10 5920k      0   332k  0:02:48  0:00:17  0:02:31  343k 11 54.6M    0     0   11 6368k      0   339k  0:02:44  0:00:18  0:02:26  298k 12 54.6M    0     0   12 6976k      0   343k  0:02:42  0:00:20  0:02:22  316k 12 54.6M    0     0   12 7072k      0   337k  0:02:45  0:00:20  0:02:25  312k 12 54.6M    0     0   12 7264k      0   332k  0:02:48  0:00:21  0:02:27  315k 13 54.6M    0     0   13 7360k      0   323k  0:02:53  0:00:22  0:02:31  290k 13 54.6M    0     0   13 7568k      0   318k  0:02:55  0:00:23  0:02:32  240k 14 54.6M    0     0   14 7872k      0   317k  0:02:56  0:00:24  0:02:32  199k 14 54.6M    0     0   14 8064k      0   312k  0:02:59  0:00:25  0:02:34  203k 15 54.6M    0     0   15 8640k      0   319k  0:02:54  0:00:27  0:02:27  266k 15 54.6M    0     0   15 8752k      0   310k  0:03:00  0:00:28  0:02:32  257k 15 54.6M    0     0   15 8848k      0   304k  0:03:03  0:00:29  0:02:34  242k 16 54.6M    0     0   16 8992k      0   298k  0:03:07  0:00:30  0:02:37  208k 16 54.6M    0     0   16 9280k      0   301k  0:03:05  0:00:30  0:02:35  247k 16 54.6M    0     0   16 9472k      0   297k  0:03:07  0:00:31  0:02:36  174k 17 54.6M    0     0   17 9616k      0   289k  0:03:13  0:00:33  0:02:40  172k 17 54.6M    0     0   17 9744k      0   287k  0:03:14  0:00:33  0:02:41  185k 17 54.6M    0     0   17 9984k      0   287k  0:03:14  0:00:34  0:02:40  215k 18 54.6M    0     0   18  9.9M      0   284k  0:03:16  0:00:35  0:02:41  181k 18 54.6M    0     0   18 10.0M      0   281k  0:03:19  0:00:36  0:02:43  173k 18 54.6M    0     0   18 10.3M      0   280k  0:03:19  0:00:37  0:02:42  211k 19 54.6M    0     0   19 10.4M      0   276k  0:03:22  0:00:38  0:02:44  197k 19 54.6M    0     0   19 10.7M      0   275k  0:03:23  0:00:39  0:02:44  193k 19 54.6M    0     0   19 10.9M      0   273k  0:03:24  0:00:40  0:02:44  193k 20 54.6M    0     0   20 11.4M      0   279k  0:03:20  0:00:41  0:02:39  269k 22 54.6M    0     0   22 12.0M      0   288k  0:03:14  0:00:42  0:02:32  350k 23 54.6M    0     0   23 12.7M      0   296k  0:03:08  0:00:43  0:02:25  457k 24 54.6M    0     0   24 13.1M      0   299k  0:03:06  0:00:44  0:02:22  494k 24 54.6M    0     0   24 13.6M      0   305k  0:03:03  0:00:45  0:02:18  570k 26 54.6M    0     0   26 14.2M      0   312k  0:02:58  0:00:46  0:02:12  591k 27 54.6M    0     0   27 14.8M      0   318k  0:02:55  0:00:47  0:02:08  577k 27 54.6M    0     0   27 15.0M      0   315k  0:02:57  0:00:48  0:02:09  472k 27 54.6M    0     0   27 15.1M      0   310k  0:03:00  0:00:49  0:02:11  409k 28 54.6M    0     0   28 15.3M      0   309k  0:03:00  0:00:50  0:02:10  348k 28 54.6M    0     0   28 15.5M      0   306k  0:03:02  0:00:51  0:02:11  243k 29 54.6M    0     0   29 15.9M      0   309k  0:03:00  0:00:52  0:02:08  218k 30 54.6M    0     0   30 16.5M      0   315k  0:02:57  0:00:53  0:02:04  313k 31 54.6M    0     0   31 17.0M      0   318k  0:02:55  0:00:54  0:02:01  400k 32 54.6M    0     0   32 17.5M      0   323k  0:02:53  0:00:55  0:01:58  459k 32 54.6M    0     0   32 18.0M      0   324k  0:02:52  0:00:56  0:01:56  517k 34 54.6M    0     0   34 18.6M      0   331k  0:02:49  0:00:57  0:01:52  560k 35 54.6M    0     0   35 19.3M      0   336k  0:02:46  0:00:58  0:01:48  574k 35 54.6M    0     0   35 19.5M      0   335k  0:02:46  0:00:59  0:01:47  513k 36 54.6M    0     0   36 19.7M      0   331k  0:02:48  0:01:00  0:01:48  428k 36 54.6M    0     0   36 19.8M      0   329k  0:02:49  0:01:01  0:01:48  390k 37 54.6M    0     0   37 20.5M      0   335k  0:02:46  0:01:02  0:01:44  382k 38 54.6M    0     0   38 21.2M      0   340k  0:02:44  0:01:03  0:01:41  383k 39 54.6M    0     0   39 21.4M      0   338k  0:02:45  0:01:04  0:01:41  386k 40 54.6M    0     0   40 22.0M      0   342k  0:02:43  0:01:05  0:01:38  475k 41 54.6M    0     0   41 22.6M      0   347k  0:02:40  0:01:06  0:01:34  567k 42 54.6M    0     0   42 23.1M      0   346k  0:02:41  0:01:08  0:01:33  482k 42 54.6M    0     0   42 23.2M      0   345k  0:02:41  0:01:08  0:01:33  409k 42 54.6M    0     0   42 23.3M      0   340k  0:02:44  0:01:10  0:01:34  362k 42 54.6M    0     0   42 23.4M      0   338k  0:02:45  0:01:10  0:01:35  283k 43 54.6M    0     0   43 23.7M      0   339k  0:02:44  0:01:11  0:01:33  222k 44 54.6M    0     0   44 24.4M      0   343k  0:02:42  0:01:12  0:01:30  298k 45 54.6M    0     0   45 24.9M      0   346k  0:02:41  0:01:13  0:01:28  354k 46 54.6M    0     0   46 25.6M      0   350k  0:02:39  0:01:14  0:01:25  501k 48 54.6M    0     0   48 26.2M      0   355k  0:02:37  0:01:15  0:01:22  596k 48 54.6M    0     0   48 26.6M      0   353k  0:02:38  0:01:16  0:01:22  559k 48 54.6M    0     0   48 26.7M      0   351k  0:02:39  0:01:17  0:01:22  458k 49 54.6M    0     0   49 27.0M      0   351k  0:02:39  0:01:18  0:01:21  423k 50 54.6M    0     0   50 27.6M      0   355k  0:02:37  0:01:19  0:01:18  422k 51 54.6M    0     0   51 28.3M      0   359k  0:02:35  0:01:20  0:01:15  423k 53 54.6M    0     0   53 29.0M      0   363k  0:02:34  0:01:21  0:01:13  511k 53 54.6M    0     0   53 29.3M      0   363k  0:02:34  0:01:22  0:01:12  549k 53 54.6M    0     0   53 29.4M      0   358k  0:02:36  0:01:24  0:01:12  466k 54 54.6M    0     0   54 29.7M      0   359k  0:02:35  0:01:24  0:01:11  428k 55 54.6M    0     0   55 30.4M      0   363k  0:02:33  0:01:25  0:01:08  429k 56 54.6M    0     0   56 31.1M      0   367k  0:02:32  0:01:26  0:01:06  431k 58 54.6M    0     0   58 31.8M      0   371k  0:02:30  0:01:27  0:01:03  504k 59 54.6M    0     0   59 32.5M      0   374k  0:02:29  0:01:28  0:01:01  676k 60 54.6M    0     0   60 32.9M      0   375k  0:02:28  0:01:29  0:00:59  652k 61 54.6M    0     0   61 33.6M      0   379k  0:02:27  0:01:30  0:00:57  650k 62 54.6M    0     0   62 34.2M      0   382k  0:02:26  0:01:31  0:00:55  652k 64 54.6M    0     0   64 35.0M      0   386k  0:02:24  0:01:32  0:00:52  652k 65 54.6M    0     0   65 35.6M      0   389k  0:02:23  0:01:33  0:00:50  649k 66 54.6M    0     0   66 36.3M      0   393k  0:02:22  0:01:34  0:00:48  702k 67 54.6M    0     0   67 36.8M      0   394k  0:02:21  0:01:35  0:00:46  670k 68 54.6M    0     0   68 37.4M      0   395k  0:02:21  0:01:36  0:00:45  634k 68 54.6M    0     0   68 37.5M      0   393k  0:02:22  0:01:37  0:00:45  520k 68 54.6M    0     0   68 37.6M      0   389k  0:02:23  0:01:38  0:00:45  390k 69 54.6M    0     0   69 37.7M      0   385k  0:02:25  0:01:40  0:00:45  255k 69 54.6M    0     0   69 37.7M      0   384k  0:02:25  0:01:40  0:00:45  185k 69 54.6M    0     0   69 37.9M      0   381k  0:02:26  0:01:41  0:00:45 99720 69 54.6M    0     0   69 38.0M      0   378k  0:02:27  0:01:43  0:00:44  100k 69 54.6M    0     0   69 38.2M      0   376k  0:02:28  0:01:44  0:00:44  115k 70 54.6M    0     0   70 38.3M      0   373k  0:02:29  0:01:44  0:00:45  130k 70 54.6M    0     0   70 38.4M      0   371k  0:02:30  0:01:46  0:00:44  126k 70 54.6M    0     0   70 38.5M      0   369k  0:02:31  0:01:47  0:00:44  130k 70 54.6M    0     0   70 38.7M      0   367k  0:02:32  0:01:47  0:00:45  146k 71 54.6M    0     0   71 38.8M      0   365k  0:02:33  0:01:48  0:00:45  140k 72 54.6M    0     0   72 39.4M      0   367k  0:02:32  0:01:49  0:00:43  234k 73 54.6M    0     0   73 40.1M      0   370k  0:02:30  0:01:50  0:00:40  362k 74 54.6M    0     0   74 40.7M      0   373k  0:02:29  0:01:51  0:00:38  479k 75 54.6M    0     0   75 41.5M      0   376k  0:02:28  0:01:52  0:00:36  572k 77 54.6M    0     0   77 42.2M      0   379k  0:02:27  0:01:53  0:00:34  701k 78 54.6M    0     0   78 42.8M      0   382k  0:02:26  0:01:54  0:00:32  705k 79 54.6M    0     0   79 43.5M      0   385k  0:02:25  0:01:55  0:00:30  698k 80 54.6M    0     0   80 44.2M      0   387k  0:02:24  0:01:56  0:00:28  704k 81 54.6M    0     0   81 44.5M      0   387k  0:02:24  0:01:57  0:00:27  616k 81 54.6M    0     0   81 44.6M      0   384k  0:02:25  0:01:58  0:00:27  499k 82 54.6M    0     0   82 45.2M      0   387k  0:02:24  0:01:59  0:00:25  494k 84 54.6M    0     0   84 45.9M      0   389k  0:02:23  0:02:00  0:00:23  498k 85 54.6M    0     0   85 46.6M      0   392k  0:02:22  0:02:01  0:00:21  499k 86 54.6M    0     0   86 47.4M      0   395k  0:02:21  0:02:02  0:00:19  588k 88 54.6M    0     0   88 48.0M      0   397k  0:02:20  0:02:03  0:00:17  708k 89 54.6M    0     0   89 48.7M      0   400k  0:02:19  0:02:04  0:00:15  715k 90 54.6M    0     0   90 49.4M      0   402k  0:02:18  0:02:05  0:00:13  720k 91 54.6M    0     0   91 50.0M      0   404k  0:02:18  0:02:06  0:00:12  689k 92 54.6M    0     0   92 50.7M      0   406k  0:02:17  0:02:07  0:00:10  686k 94 54.6M    0     0   94 51.4M      0   408k  0:02:16  0:02:08  0:00:08  680k 95 54.6M    0     0   95 52.0M      0   410k  0:02:16  0:02:09  0:00:07  671k 96 54.6M    0     0   96 52.7M      0   413k  0:02:15  0:02:10  0:00:05  675k 97 54.6M    0     0   97 53.2M      0   413k  0:02:15  0:02:11  0:00:04  653k 98 54.6M    0     0   98 53.9M      0   415k  0:02:14  0:02:12  0:00:02  654k 99 54.6M    0     0   99 54.4M      0   415k  0:02:14  0:02:14 --:--:--  569k 99 54.6M    0     0   99 54.5M      0   414k  0:02:15  0:02:14  0:00:01  495k100 54.6M    0     0  100 54.6M      0   410k  0:02:16  0:02:16 --:--:--  343k100 54.6M    0     0  100 54.6M      0   407k  0:02:17  0:02:17 --:--:--  260k100 54.6M    0     0  100 54.6M      0   406k  0:02:17  0:02:17 --:--:--  150k
