04861069
curl --location --header x-amz-auto-make-bucket:1 --header x-archive-ignore-preexisting-bucket:1 --header x-archive-queue-derive:0 --header x-archive-meta-mediatype:texts --header x-archive-meta03-collection:emory --header x-archive-meta01-collection:americanmethodism --header x-archive-meta-sponsor:Emory University, Pitts Theology Library --header x-archive-meta-contributor:Emory University, Pitts Theology Library --header x-archive-meta-ppi:300 --header authorization: LOW fpJYfLnxbLmCEHqU:JQbq6NgBaPrSh98Y --upload-file /mnt/lsdi/ocm04861069/ocm04861069/ocm04861069_MRC.xml http://s3.us.archive.org/04861069.emory.edu/04861069.emory.edu_marc.xml
  % Total    % Received % Xferd  Average Speed   Time    Time     Time  Current
                                 Dload  Upload   Total   Spent    Left  Speed
  0     0    0     0    0     0      0      0 --:--:-- --:--:-- --:--:--     0  0  3369    0     0    0     0      0      0 --:--:--  0:00:01 --:--:--     0100  3369    0     0  100  3369      0   1608  0:00:02  0:00:02 --:--:--  1673100  3369    0     0  100  3369      0   1193  0:00:02  0:00:02 --:--:--  1227100  3369    0     0  100  3369      0    880  0:00:03  0:00:03 --:--:--   899100  3369    0     0  100  3369      0    698  0:00:04  0:00:04 --:--:--   709100  3369    0     0  100  3369      0    578  0:00:05  0:00:05 --:--:--   709100  3369    0     0  100  3369      0    493  0:00:06  0:00:06 --:--:--     0100  3369    0     0  100  3369      0    430  0:00:07  0:00:07 --:--:--     0100  3369    0     0  100  3369      0    381  0:00:08  0:00:08 --:--:--     0100  3369    0     0  100  3369      0    370  0:00:09  0:00:09 --:--:--     0
zip -r /temp/ocm04861069_images.zip /mnt/lsdi/ocm04861069/ocm04861069/Output/_0001.tif /mnt/lsdi/ocm04861069/ocm04861069/Output/_0002.tif /mnt/lsdi/ocm04861069/ocm04861069/Output/_0003.tif /mnt/lsdi/ocm04861069/ocm04861069/Output/_0004.tif /mnt/lsdi/ocm04861069/ocm04861069/Output/_0005.tif /mnt/lsdi/ocm04861069/ocm04861069/Output/_0006.tif /mnt/lsdi/ocm04861069/ocm04861069/Output/_0007.tif /mnt/lsdi/ocm04861069/ocm04861069/Output/_0008.tif /mnt/lsdi/ocm04861069/ocm04861069/Output/_0009.tif /mnt/lsdi/ocm04861069/ocm04861069/Output/_0010.tif /mnt/lsdi/ocm04861069/ocm04861069/Output/_0011.tif /mnt/lsdi/ocm04861069/ocm04861069/Output/_0012.tif /mnt/lsdi/ocm04861069/ocm04861069/Output/_0013.tif /mnt/lsdi/ocm04861069/ocm04861069/Output/_0014.tif /mnt/lsdi/ocm04861069/ocm04861069/Output/_0015.tif /mnt/lsdi/ocm04861069/ocm04861069/Output/_0016.tif /mnt/lsdi/ocm04861069/ocm04861069/Output/_0017.tif /mnt/lsdi/ocm04861069/ocm04861069/Output/_0018.tif /mnt/lsdi/ocm04861069/ocm04861069/Output/_0019.tif /mnt/lsdi/ocm04861069/ocm04861069/Output/_0020.tif /mnt/lsdi/ocm04861069/ocm04861069/Output/_0021.tif /mnt/lsdi/ocm04861069/ocm04861069/Output/_0022.tif /mnt/lsdi/ocm04861069/ocm04861069/Output/_0023.tif /mnt/lsdi/ocm04861069/ocm04861069/Output/_0024.tif /mnt/lsdi/ocm04861069/ocm04861069/Output/_0025.tif /mnt/lsdi/ocm04861069/ocm04861069/Output/_0026.tif /mnt/lsdi/ocm04861069/ocm04861069/Output/_0027.tif /mnt/lsdi/ocm04861069/ocm04861069/Output/_0028.tif /mnt/lsdi/ocm04861069/ocm04861069/Output/_0029.tif /mnt/lsdi/ocm04861069/ocm04861069/Output/_0030.tif /mnt/lsdi/ocm04861069/ocm04861069/Output/_0031.tif /mnt/lsdi/ocm04861069/ocm04861069/Output/_0032.tif /mnt/lsdi/ocm04861069/ocm04861069/Output/_0033.tif /mnt/lsdi/ocm04861069/ocm04861069/Output/_0034.tif /mnt/lsdi/ocm04861069/ocm04861069/Output/_0035.tif /mnt/lsdi/ocm04861069/ocm04861069/Output/_0036.tif /mnt/lsdi/ocm04861069/ocm04861069/Output/_0037.tif /mnt/lsdi/ocm04861069/ocm04861069/Output/_0038.tif /mnt/lsdi/ocm04861069/ocm04861069/Output/_0039.tif /mnt/lsdi/ocm04861069/ocm04861069/Output/_0040.tif /mnt/lsdi/ocm04861069/ocm04861069/Output/_0041.tif /mnt/lsdi/ocm04861069/ocm04861069/Output/_0042.tif /mnt/lsdi/ocm04861069/ocm04861069/Output/_0043.tif /mnt/lsdi/ocm04861069/ocm04861069/Output/_0044.tif /mnt/lsdi/ocm04861069/ocm04861069/Output/_0045.tif /mnt/lsdi/ocm04861069/ocm04861069/Output/_0046.tif /mnt/lsdi/ocm04861069/ocm04861069/Output/_0047.tif /mnt/lsdi/ocm04861069/ocm04861069/Output/_0048.tif /mnt/lsdi/ocm04861069/ocm04861069/Output/_0049.tif /mnt/lsdi/ocm04861069/ocm04861069/Output/_0050.tif /mnt/lsdi/ocm04861069/ocm04861069/Output/_0051.tif
  adding: mnt/lsdi/ocm04861069/ocm04861069/Output/_0001.tif (deflated 80%)
  adding: mnt/lsdi/ocm04861069/ocm04861069/Output/_0002.tif (deflated 15%)
  adding: mnt/lsdi/ocm04861069/ocm04861069/Output/_0003.tif (deflated 80%)
  adding: mnt/lsdi/ocm04861069/ocm04861069/Output/_0004.tif (deflated 18%)
  adding: mnt/lsdi/ocm04861069/ocm04861069/Output/_0005.tif (deflated 80%)
  adding: mnt/lsdi/ocm04861069/ocm04861069/Output/_0006.tif (deflated 4%)
  adding: mnt/lsdi/ocm04861069/ocm04861069/Output/_0007.tif (deflated 4%)
  adding: mnt/lsdi/ocm04861069/ocm04861069/Output/_0008.tif (deflated 4%)
  adding: mnt/lsdi/ocm04861069/ocm04861069/Output/_0009.tif (deflated 4%)
  adding: mnt/lsdi/ocm04861069/ocm04861069/Output/_0010.tif (deflated 4%)
  adding: mnt/lsdi/ocm04861069/ocm04861069/Output/_0011.tif (deflated 4%)
  adding: mnt/lsdi/ocm04861069/ocm04861069/Output/_0012.tif (deflated 4%)
  adding: mnt/lsdi/ocm04861069/ocm04861069/Output/_0013.tif (deflated 4%)
  adding: mnt/lsdi/ocm04861069/ocm04861069/Output/_0014.tif (deflated 4%)
  adding: mnt/lsdi/ocm04861069/ocm04861069/Output/_0015.tif (deflated 4%)
  adding: mnt/lsdi/ocm04861069/ocm04861069/Output/_0016.tif (deflated 4%)
  adding: mnt/lsdi/ocm04861069/ocm04861069/Output/_0017.tif (deflated 4%)
  adding: mnt/lsdi/ocm04861069/ocm04861069/Output/_0018.tif (deflated 4%)
  adding: mnt/lsdi/ocm04861069/ocm04861069/Output/_0019.tif (deflated 4%)
  adding: mnt/lsdi/ocm04861069/ocm04861069/Output/_0020.tif (deflated 4%)
  adding: mnt/lsdi/ocm04861069/ocm04861069/Output/_0021.tif (deflated 4%)
  adding: mnt/lsdi/ocm04861069/ocm04861069/Output/_0022.tif (deflated 4%)
  adding: mnt/lsdi/ocm04861069/ocm04861069/Output/_0023.tif (deflated 3%)
  adding: mnt/lsdi/ocm04861069/ocm04861069/Output/_0024.tif (deflated 3%)
  adding: mnt/lsdi/ocm04861069/ocm04861069/Output/_0025.tif (deflated 4%)
  adding: mnt/lsdi/ocm04861069/ocm04861069/Output/_0026.tif (deflated 4%)
  adding: mnt/lsdi/ocm04861069/ocm04861069/Output/_0027.tif (deflated 4%)
  adding: mnt/lsdi/ocm04861069/ocm04861069/Output/_0028.tif (deflated 4%)
  adding: mnt/lsdi/ocm04861069/ocm04861069/Output/_0029.tif (deflated 6%)
  adding: mnt/lsdi/ocm04861069/ocm04861069/Output/_0030.tif (deflated 4%)
  adding: mnt/lsdi/ocm04861069/ocm04861069/Output/_0031.tif (deflated 4%)
  adding: mnt/lsdi/ocm04861069/ocm04861069/Output/_0032.tif (deflated 4%)
  adding: mnt/lsdi/ocm04861069/ocm04861069/Output/_0033.tif (deflated 4%)
  adding: mnt/lsdi/ocm04861069/ocm04861069/Output/_0034.tif (deflated 4%)
  adding: mnt/lsdi/ocm04861069/ocm04861069/Output/_0035.tif (deflated 4%)
  adding: mnt/lsdi/ocm04861069/ocm04861069/Output/_0036.tif (deflated 5%)
  adding: mnt/lsdi/ocm04861069/ocm04861069/Output/_0037.tif (deflated 4%)
  adding: mnt/lsdi/ocm04861069/ocm04861069/Output/_0038.tif (deflated 4%)
  adding: mnt/lsdi/ocm04861069/ocm04861069/Output/_0039.tif (deflated 7%)
  adding: mnt/lsdi/ocm04861069/ocm04861069/Output/_0040.tif (deflated 4%)
  adding: mnt/lsdi/ocm04861069/ocm04861069/Output/_0041.tif (deflated 4%)
  adding: mnt/lsdi/ocm04861069/ocm04861069/Output/_0042.tif (deflated 4%)
  adding: mnt/lsdi/ocm04861069/ocm04861069/Output/_0043.tif (deflated 4%)
  adding: mnt/lsdi/ocm04861069/ocm04861069/Output/_0044.tif (deflated 4%)
  adding: mnt/lsdi/ocm04861069/ocm04861069/Output/_0045.tif (deflated 4%)
  adding: mnt/lsdi/ocm04861069/ocm04861069/Output/_0046.tif (deflated 4%)
  adding: mnt/lsdi/ocm04861069/ocm04861069/Output/_0047.tif (deflated 10%)
  adding: mnt/lsdi/ocm04861069/ocm04861069/Output/_0048.tif (deflated 3%)
  adding: mnt/lsdi/ocm04861069/ocm04861069/Output/_0049.tif (deflated 80%)
  adding: mnt/lsdi/ocm04861069/ocm04861069/Output/_0050.tif (deflated 80%)
  adding: mnt/lsdi/ocm04861069/ocm04861069/Output/_0051.tif (deflated 80%)
curl --location --header authorization: LOW fpJYfLnxbLmCEHqU:JQbq6NgBaPrSh98Y --upload-file /temp/ocm04861069_images.zip http://s3.us.archive.org/04861069.emory.edu/04861069_images.zip
  % Total    % Received % Xferd  Average Speed   Time    Time     Time  Current
                                 Dload  Upload   Total   Spent    Left  Speed
  0     0    0     0    0     0      0      0 --:--:-- --:--:-- --:--:--     0  0 1104k    0     0    0     0      0      0 --:--:--  0:00:01 --:--:--     0 37 1104k    0     0   37  416k      0   212k  0:00:05  0:00:01  0:00:04  221k 99 1104k    0     0   99 1104k      0   375k  0:00:02  0:00:02 --:--:--  386k100 1104k    0     0  100 1104k      0   297k  0:00:03  0:00:03 --:--:--  304k
