00925003
curl --location --header x-amz-auto-make-bucket:1 --header x-archive-ignore-preexisting-bucket:1 --header x-archive-queue-derive:0 --header x-archive-meta-mediatype:texts --header x-archive-meta03-collection:emory --header x-archive-meta01-collection:americanmethodism --header x-archive-meta-sponsor:Emory University, Pitts Theology Library --header x-archive-meta-contributor:Emory University, Pitts Theology Library --header x-archive-meta-ppi:300 --header authorization: LOW fpJYfLnxbLmCEHqU:JQbq6NgBaPrSh98Y --upload-file /mnt/lsdi/ocm00925003/ocm00925003/ocm00925003_MRC.xml http://s3.us.archive.org/00925003.emory.edu/00925003.emory.edu_marc.xml
  % Total    % Received % Xferd  Average Speed   Time    Time     Time  Current
                                 Dload  Upload   Total   Spent    Left  Speed
  0     0    0     0    0     0      0      0 --:--:-- --:--:-- --:--:--     0  0  3056    0     0    0     0      0      0 --:--:--  0:00:01 --:--:--     0100  3056    0     0  100  3056      0   1463  0:00:02  0:00:02 --:--:--  1516100  3056    0     0  100  3056      0    989  0:00:03  0:00:03 --:--:--  1013100  3056    0     0  100  3056      0    656  0:00:04  0:00:04 --:--:--   667100  3056    0     0  100  3056      0    540  0:00:05  0:00:05 --:--:--   547100  3056    0     0  100  3056      0    459  0:00:06  0:00:06 --:--:--   547100  3056    0     0  100  3056      0    399  0:00:07  0:00:07 --:--:--     0100  3056    0     0  100  3056      0    352  0:00:08  0:00:08 --:--:--     0100  3056    0     0  100  3056      0    316  0:00:09  0:00:09 --:--:--     0100  3056    0     0  100  3056      0    286  0:00:10  0:00:10 --:--:--     0100  3056    0     0  100  3056      0    281  0:00:10  0:00:10 --:--:--     0100  3056    0     0  100  3056      0    281  0:00:10  0:00:10 --:--:--     0
zip -r /temp/ocm00925003_images.zip /mnt/lsdi/ocm00925003/ocm00925003/Output/ocm00925003_0001.tif /mnt/lsdi/ocm00925003/ocm00925003/Output/ocm00925003_0002.tif /mnt/lsdi/ocm00925003/ocm00925003/Output/ocm00925003_0003.tif /mnt/lsdi/ocm00925003/ocm00925003/Output/ocm00925003_0004.tif /mnt/lsdi/ocm00925003/ocm00925003/Output/ocm00925003_0005.tif /mnt/lsdi/ocm00925003/ocm00925003/Output/ocm00925003_0006.tif /mnt/lsdi/ocm00925003/ocm00925003/Output/ocm00925003_0007.tif /mnt/lsdi/ocm00925003/ocm00925003/Output/ocm00925003_0008.tif /mnt/lsdi/ocm00925003/ocm00925003/Output/ocm00925003_0009.tif /mnt/lsdi/ocm00925003/ocm00925003/Output/ocm00925003_0010.tif /mnt/lsdi/ocm00925003/ocm00925003/Output/ocm00925003_0011.tif /mnt/lsdi/ocm00925003/ocm00925003/Output/ocm00925003_0012.tif /mnt/lsdi/ocm00925003/ocm00925003/Output/ocm00925003_0013.tif /mnt/lsdi/ocm00925003/ocm00925003/Output/ocm00925003_0014.tif /mnt/lsdi/ocm00925003/ocm00925003/Output/ocm00925003_0015.tif /mnt/lsdi/ocm00925003/ocm00925003/Output/ocm00925003_0016.tif /mnt/lsdi/ocm00925003/ocm00925003/Output/ocm00925003_0017.tif /mnt/lsdi/ocm00925003/ocm00925003/Output/ocm00925003_0018.tif /mnt/lsdi/ocm00925003/ocm00925003/Output/ocm00925003_0019.tif /mnt/lsdi/ocm00925003/ocm00925003/Output/ocm00925003_0020.tif /mnt/lsdi/ocm00925003/ocm00925003/Output/ocm00925003_0021.tif /mnt/lsdi/ocm00925003/ocm00925003/Output/ocm00925003_0022.tif /mnt/lsdi/ocm00925003/ocm00925003/Output/ocm00925003_0023.tif /mnt/lsdi/ocm00925003/ocm00925003/Output/ocm00925003_0024.tif /mnt/lsdi/ocm00925003/ocm00925003/Output/ocm00925003_0025.tif /mnt/lsdi/ocm00925003/ocm00925003/Output/ocm00925003_0026.tif /mnt/lsdi/ocm00925003/ocm00925003/Output/ocm00925003_0027.tif /mnt/lsdi/ocm00925003/ocm00925003/Output/ocm00925003_0028.tif /mnt/lsdi/ocm00925003/ocm00925003/Output/ocm00925003_0029.tif /mnt/lsdi/ocm00925003/ocm00925003/Output/ocm00925003_0030.tif /mnt/lsdi/ocm00925003/ocm00925003/Output/ocm00925003_0031.tif /mnt/lsdi/ocm00925003/ocm00925003/Output/ocm00925003_0032.tif /mnt/lsdi/ocm00925003/ocm00925003/Output/ocm00925003_0033.tif /mnt/lsdi/ocm00925003/ocm00925003/Output/ocm00925003_0034.tif /mnt/lsdi/ocm00925003/ocm00925003/Output/ocm00925003_0035.tif /mnt/lsdi/ocm00925003/ocm00925003/Output/ocm00925003_0036.tif /mnt/lsdi/ocm00925003/ocm00925003/Output/ocm00925003_0037.tif /mnt/lsdi/ocm00925003/ocm00925003/Output/ocm00925003_0038.tif /mnt/lsdi/ocm00925003/ocm00925003/Output/ocm00925003_0039.tif /mnt/lsdi/ocm00925003/ocm00925003/Output/ocm00925003_0040.tif /mnt/lsdi/ocm00925003/ocm00925003/Output/ocm00925003_0041.tif /mnt/lsdi/ocm00925003/ocm00925003/Output/ocm00925003_0042.tif /mnt/lsdi/ocm00925003/ocm00925003/Output/ocm00925003_0043.tif /mnt/lsdi/ocm00925003/ocm00925003/Output/ocm00925003_0044.tif /mnt/lsdi/ocm00925003/ocm00925003/Output/ocm00925003_0045.tif /mnt/lsdi/ocm00925003/ocm00925003/Output/ocm00925003_0046.tif /mnt/lsdi/ocm00925003/ocm00925003/Output/ocm00925003_0047.tif /mnt/lsdi/ocm00925003/ocm00925003/Output/ocm00925003_0048.tif /mnt/lsdi/ocm00925003/ocm00925003/Output/ocm00925003_0049.tif /mnt/lsdi/ocm00925003/ocm00925003/Output/ocm00925003_0050.tif /mnt/lsdi/ocm00925003/ocm00925003/Output/ocm00925003_0051.tif /mnt/lsdi/ocm00925003/ocm00925003/Output/ocm00925003_0052.tif /mnt/lsdi/ocm00925003/ocm00925003/Output/ocm00925003_0053.tif /mnt/lsdi/ocm00925003/ocm00925003/Output/ocm00925003_0054.tif /mnt/lsdi/ocm00925003/ocm00925003/Output/ocm00925003_0055.tif /mnt/lsdi/ocm00925003/ocm00925003/Output/ocm00925003_0056.tif /mnt/lsdi/ocm00925003/ocm00925003/Output/ocm00925003_0057.tif /mnt/lsdi/ocm00925003/ocm00925003/Output/ocm00925003_0058.tif /mnt/lsdi/ocm00925003/ocm00925003/Output/ocm00925003_0059.tif /mnt/lsdi/ocm00925003/ocm00925003/Output/ocm00925003_0060.tif /mnt/lsdi/ocm00925003/ocm00925003/Output/ocm00925003_0061.tif /mnt/lsdi/ocm00925003/ocm00925003/Output/ocm00925003_0062.tif /mnt/lsdi/ocm00925003/ocm00925003/Output/ocm00925003_0063.tif /mnt/lsdi/ocm00925003/ocm00925003/Output/ocm00925003_0064.tif /mnt/lsdi/ocm00925003/ocm00925003/Output/ocm00925003_0065.tif /mnt/lsdi/ocm00925003/ocm00925003/Output/ocm00925003_0066.tif /mnt/lsdi/ocm00925003/ocm00925003/Output/ocm00925003_0067.tif /mnt/lsdi/ocm00925003/ocm00925003/Output/ocm00925003_0068.tif /mnt/lsdi/ocm00925003/ocm00925003/Output/ocm00925003_0069.tif /mnt/lsdi/ocm00925003/ocm00925003/Output/ocm00925003_0070.tif /mnt/lsdi/ocm00925003/ocm00925003/Output/ocm00925003_0071.tif /mnt/lsdi/ocm00925003/ocm00925003/Output/ocm00925003_0072.tif /mnt/lsdi/ocm00925003/ocm00925003/Output/ocm00925003_0073.tif /mnt/lsdi/ocm00925003/ocm00925003/Output/ocm00925003_0074.tif /mnt/lsdi/ocm00925003/ocm00925003/Output/ocm00925003_0075.tif /mnt/lsdi/ocm00925003/ocm00925003/Output/ocm00925003_0076.tif /mnt/lsdi/ocm00925003/ocm00925003/Output/ocm00925003_0077.tif /mnt/lsdi/ocm00925003/ocm00925003/Output/ocm00925003_0078.tif /mnt/lsdi/ocm00925003/ocm00925003/Output/ocm00925003_0079.tif /mnt/lsdi/ocm00925003/ocm00925003/Output/ocm00925003_0080.tif /mnt/lsdi/ocm00925003/ocm00925003/Output/ocm00925003_0081.tif /mnt/lsdi/ocm00925003/ocm00925003/Output/ocm00925003_0082.tif /mnt/lsdi/ocm00925003/ocm00925003/Output/ocm00925003_0083.tif /mnt/lsdi/ocm00925003/ocm00925003/Output/ocm00925003_0084.tif /mnt/lsdi/ocm00925003/ocm00925003/Output/ocm00925003_0085.tif /mnt/lsdi/ocm00925003/ocm00925003/Output/ocm00925003_0086.tif /mnt/lsdi/ocm00925003/ocm00925003/Output/ocm00925003_0087.tif /mnt/lsdi/ocm00925003/ocm00925003/Output/ocm00925003_0088.tif /mnt/lsdi/ocm00925003/ocm00925003/Output/ocm00925003_0089.tif /mnt/lsdi/ocm00925003/ocm00925003/Output/ocm00925003_0090.tif /mnt/lsdi/ocm00925003/ocm00925003/Output/ocm00925003_0091.tif /mnt/lsdi/ocm00925003/ocm00925003/Output/ocm00925003_0092.tif /mnt/lsdi/ocm00925003/ocm00925003/Output/ocm00925003_0093.tif /mnt/lsdi/ocm00925003/ocm00925003/Output/ocm00925003_0094.tif /mnt/lsdi/ocm00925003/ocm00925003/Output/ocm00925003_0095.tif /mnt/lsdi/ocm00925003/ocm00925003/Output/ocm00925003_0096.tif /mnt/lsdi/ocm00925003/ocm00925003/Output/ocm00925003_0097.tif /mnt/lsdi/ocm00925003/ocm00925003/Output/ocm00925003_0098.tif /mnt/lsdi/ocm00925003/ocm00925003/Output/ocm00925003_0099.tif /mnt/lsdi/ocm00925003/ocm00925003/Output/ocm00925003_0100.tif /mnt/lsdi/ocm00925003/ocm00925003/Output/ocm00925003_0101.tif /mnt/lsdi/ocm00925003/ocm00925003/Output/ocm00925003_0102.tif /mnt/lsdi/ocm00925003/ocm00925003/Output/ocm00925003_0103.tif /mnt/lsdi/ocm00925003/ocm00925003/Output/ocm00925003_0104.tif /mnt/lsdi/ocm00925003/ocm00925003/Output/ocm00925003_0105.tif /mnt/lsdi/ocm00925003/ocm00925003/Output/ocm00925003_0106.tif /mnt/lsdi/ocm00925003/ocm00925003/Output/ocm00925003_0107.tif /mnt/lsdi/ocm00925003/ocm00925003/Output/ocm00925003_0108.tif /mnt/lsdi/ocm00925003/ocm00925003/Output/ocm00925003_0109.tif /mnt/lsdi/ocm00925003/ocm00925003/Output/ocm00925003_0110.tif /mnt/lsdi/ocm00925003/ocm00925003/Output/ocm00925003_0111.tif /mnt/lsdi/ocm00925003/ocm00925003/Output/ocm00925003_0112.tif /mnt/lsdi/ocm00925003/ocm00925003/Output/ocm00925003_0113.tif /mnt/lsdi/ocm00925003/ocm00925003/Output/ocm00925003_0114.tif /mnt/lsdi/ocm00925003/ocm00925003/Output/ocm00925003_0115.tif /mnt/lsdi/ocm00925003/ocm00925003/Output/ocm00925003_0116.tif /mnt/lsdi/ocm00925003/ocm00925003/Output/ocm00925003_0117.tif /mnt/lsdi/ocm00925003/ocm00925003/Output/ocm00925003_0118.tif /mnt/lsdi/ocm00925003/ocm00925003/Output/ocm00925003_0119.tif /mnt/lsdi/ocm00925003/ocm00925003/Output/ocm00925003_0120.tif /mnt/lsdi/ocm00925003/ocm00925003/Output/ocm00925003_0121.tif /mnt/lsdi/ocm00925003/ocm00925003/Output/ocm00925003_0122.tif /mnt/lsdi/ocm00925003/ocm00925003/Output/ocm00925003_0123.tif /mnt/lsdi/ocm00925003/ocm00925003/Output/ocm00925003_0124.tif /mnt/lsdi/ocm00925003/ocm00925003/Output/ocm00925003_0125.tif /mnt/lsdi/ocm00925003/ocm00925003/Output/ocm00925003_0126.tif /mnt/lsdi/ocm00925003/ocm00925003/Output/ocm00925003_0127.tif /mnt/lsdi/ocm00925003/ocm00925003/Output/ocm00925003_0128.tif /mnt/lsdi/ocm00925003/ocm00925003/Output/ocm00925003_0129.tif /mnt/lsdi/ocm00925003/ocm00925003/Output/ocm00925003_0130.tif /mnt/lsdi/ocm00925003/ocm00925003/Output/ocm00925003_0131.tif /mnt/lsdi/ocm00925003/ocm00925003/Output/ocm00925003_0132.tif /mnt/lsdi/ocm00925003/ocm00925003/Output/ocm00925003_0133.tif /mnt/lsdi/ocm00925003/ocm00925003/Output/ocm00925003_0134.tif /mnt/lsdi/ocm00925003/ocm00925003/Output/ocm00925003_0135.tif /mnt/lsdi/ocm00925003/ocm00925003/Output/ocm00925003_0136.tif /mnt/lsdi/ocm00925003/ocm00925003/Output/ocm00925003_0137.tif /mnt/lsdi/ocm00925003/ocm00925003/Output/ocm00925003_0138.tif /mnt/lsdi/ocm00925003/ocm00925003/Output/ocm00925003_0139.tif /mnt/lsdi/ocm00925003/ocm00925003/Output/ocm00925003_0140.tif /mnt/lsdi/ocm00925003/ocm00925003/Output/ocm00925003_0141.tif /mnt/lsdi/ocm00925003/ocm00925003/Output/ocm00925003_0142.tif /mnt/lsdi/ocm00925003/ocm00925003/Output/ocm00925003_0143.tif /mnt/lsdi/ocm00925003/ocm00925003/Output/ocm00925003_0144.tif /mnt/lsdi/ocm00925003/ocm00925003/Output/ocm00925003_0145.tif /mnt/lsdi/ocm00925003/ocm00925003/Output/ocm00925003_0146.tif /mnt/lsdi/ocm00925003/ocm00925003/Output/ocm00925003_0147.tif /mnt/lsdi/ocm00925003/ocm00925003/Output/ocm00925003_0148.tif /mnt/lsdi/ocm00925003/ocm00925003/Output/ocm00925003_0149.tif /mnt/lsdi/ocm00925003/ocm00925003/Output/ocm00925003_0150.tif /mnt/lsdi/ocm00925003/ocm00925003/Output/ocm00925003_0151.tif /mnt/lsdi/ocm00925003/ocm00925003/Output/ocm00925003_0152.tif /mnt/lsdi/ocm00925003/ocm00925003/Output/ocm00925003_0153.tif /mnt/lsdi/ocm00925003/ocm00925003/Output/ocm00925003_0154.tif /mnt/lsdi/ocm00925003/ocm00925003/Output/ocm00925003_0155.tif /mnt/lsdi/ocm00925003/ocm00925003/Output/ocm00925003_0156.tif /mnt/lsdi/ocm00925003/ocm00925003/Output/ocm00925003_0157.tif /mnt/lsdi/ocm00925003/ocm00925003/Output/ocm00925003_0158.tif /mnt/lsdi/ocm00925003/ocm00925003/Output/ocm00925003_0159.tif /mnt/lsdi/ocm00925003/ocm00925003/Output/ocm00925003_0160.tif /mnt/lsdi/ocm00925003/ocm00925003/Output/ocm00925003_0161.tif /mnt/lsdi/ocm00925003/ocm00925003/Output/ocm00925003_0162.tif /mnt/lsdi/ocm00925003/ocm00925003/Output/ocm00925003_0163.tif /mnt/lsdi/ocm00925003/ocm00925003/Output/ocm00925003_0164.tif /mnt/lsdi/ocm00925003/ocm00925003/Output/ocm00925003_0165.tif /mnt/lsdi/ocm00925003/ocm00925003/Output/ocm00925003_0166.tif /mnt/lsdi/ocm00925003/ocm00925003/Output/ocm00925003_0167.tif /mnt/lsdi/ocm00925003/ocm00925003/Output/ocm00925003_0168.tif /mnt/lsdi/ocm00925003/ocm00925003/Output/ocm00925003_0169.tif /mnt/lsdi/ocm00925003/ocm00925003/Output/ocm00925003_0170.tif /mnt/lsdi/ocm00925003/ocm00925003/Output/ocm00925003_0171.tif /mnt/lsdi/ocm00925003/ocm00925003/Output/ocm00925003_0172.tif /mnt/lsdi/ocm00925003/ocm00925003/Output/ocm00925003_0173.tif /mnt/lsdi/ocm00925003/ocm00925003/Output/ocm00925003_0174.tif /mnt/lsdi/ocm00925003/ocm00925003/Output/ocm00925003_0175.tif /mnt/lsdi/ocm00925003/ocm00925003/Output/ocm00925003_0176.tif /mnt/lsdi/ocm00925003/ocm00925003/Output/ocm00925003_0177.tif /mnt/lsdi/ocm00925003/ocm00925003/Output/ocm00925003_0178.tif /mnt/lsdi/ocm00925003/ocm00925003/Output/ocm00925003_0179.tif /mnt/lsdi/ocm00925003/ocm00925003/Output/ocm00925003_0180.tif /mnt/lsdi/ocm00925003/ocm00925003/Output/ocm00925003_0181.tif /mnt/lsdi/ocm00925003/ocm00925003/Output/ocm00925003_0182.tif /mnt/lsdi/ocm00925003/ocm00925003/Output/ocm00925003_0183.tif /mnt/lsdi/ocm00925003/ocm00925003/Output/ocm00925003_0184.tif /mnt/lsdi/ocm00925003/ocm00925003/Output/ocm00925003_0185.tif /mnt/lsdi/ocm00925003/ocm00925003/Output/ocm00925003_0186.tif /mnt/lsdi/ocm00925003/ocm00925003/Output/ocm00925003_0187.tif /mnt/lsdi/ocm00925003/ocm00925003/Output/ocm00925003_0188.tif /mnt/lsdi/ocm00925003/ocm00925003/Output/ocm00925003_0189.tif /mnt/lsdi/ocm00925003/ocm00925003/Output/ocm00925003_0190.tif /mnt/lsdi/ocm00925003/ocm00925003/Output/ocm00925003_0191.tif /mnt/lsdi/ocm00925003/ocm00925003/Output/ocm00925003_0192.tif /mnt/lsdi/ocm00925003/ocm00925003/Output/ocm00925003_0193.tif /mnt/lsdi/ocm00925003/ocm00925003/Output/ocm00925003_0194.tif /mnt/lsdi/ocm00925003/ocm00925003/Output/ocm00925003_0195.tif /mnt/lsdi/ocm00925003/ocm00925003/Output/ocm00925003_0196.tif /mnt/lsdi/ocm00925003/ocm00925003/Output/ocm00925003_0197.tif /mnt/lsdi/ocm00925003/ocm00925003/Output/ocm00925003_0198.tif /mnt/lsdi/ocm00925003/ocm00925003/Output/ocm00925003_0199.tif /mnt/lsdi/ocm00925003/ocm00925003/Output/ocm00925003_0200.tif /mnt/lsdi/ocm00925003/ocm00925003/Output/ocm00925003_0201.tif /mnt/lsdi/ocm00925003/ocm00925003/Output/ocm00925003_0202.tif /mnt/lsdi/ocm00925003/ocm00925003/Output/ocm00925003_0203.tif /mnt/lsdi/ocm00925003/ocm00925003/Output/ocm00925003_0204.tif /mnt/lsdi/ocm00925003/ocm00925003/Output/ocm00925003_0205.tif /mnt/lsdi/ocm00925003/ocm00925003/Output/ocm00925003_0206.tif /mnt/lsdi/ocm00925003/ocm00925003/Output/ocm00925003_0207.tif /mnt/lsdi/ocm00925003/ocm00925003/Output/ocm00925003_0208.tif /mnt/lsdi/ocm00925003/ocm00925003/Output/ocm00925003_0209.tif /mnt/lsdi/ocm00925003/ocm00925003/Output/ocm00925003_0210.tif /mnt/lsdi/ocm00925003/ocm00925003/Output/ocm00925003_0211.tif /mnt/lsdi/ocm00925003/ocm00925003/Output/ocm00925003_0212.tif /mnt/lsdi/ocm00925003/ocm00925003/Output/ocm00925003_0213.tif /mnt/lsdi/ocm00925003/ocm00925003/Output/ocm00925003_0214.tif /mnt/lsdi/ocm00925003/ocm00925003/Output/ocm00925003_0215.tif /mnt/lsdi/ocm00925003/ocm00925003/Output/ocm00925003_0216.tif /mnt/lsdi/ocm00925003/ocm00925003/Output/ocm00925003_0217.tif /mnt/lsdi/ocm00925003/ocm00925003/Output/ocm00925003_0218.tif /mnt/lsdi/ocm00925003/ocm00925003/Output/ocm00925003_0219.tif /mnt/lsdi/ocm00925003/ocm00925003/Output/ocm00925003_0220.tif /mnt/lsdi/ocm00925003/ocm00925003/Output/ocm00925003_0221.tif /mnt/lsdi/ocm00925003/ocm00925003/Output/ocm00925003_0222.tif /mnt/lsdi/ocm00925003/ocm00925003/Output/ocm00925003_0223.tif /mnt/lsdi/ocm00925003/ocm00925003/Output/ocm00925003_0224.tif /mnt/lsdi/ocm00925003/ocm00925003/Output/ocm00925003_0225.tif /mnt/lsdi/ocm00925003/ocm00925003/Output/ocm00925003_0226.tif /mnt/lsdi/ocm00925003/ocm00925003/Output/ocm00925003_0227.tif /mnt/lsdi/ocm00925003/ocm00925003/Output/ocm00925003_0228.tif /mnt/lsdi/ocm00925003/ocm00925003/Output/ocm00925003_0229.tif /mnt/lsdi/ocm00925003/ocm00925003/Output/ocm00925003_0230.tif /mnt/lsdi/ocm00925003/ocm00925003/Output/ocm00925003_0231.tif /mnt/lsdi/ocm00925003/ocm00925003/Output/ocm00925003_0232.tif /mnt/lsdi/ocm00925003/ocm00925003/Output/ocm00925003_0233.tif /mnt/lsdi/ocm00925003/ocm00925003/Output/ocm00925003_0234.tif /mnt/lsdi/ocm00925003/ocm00925003/Output/ocm00925003_0235.tif /mnt/lsdi/ocm00925003/ocm00925003/Output/ocm00925003_0236.tif /mnt/lsdi/ocm00925003/ocm00925003/Output/ocm00925003_0237.tif /mnt/lsdi/ocm00925003/ocm00925003/Output/ocm00925003_0238.tif /mnt/lsdi/ocm00925003/ocm00925003/Output/ocm00925003_0239.tif /mnt/lsdi/ocm00925003/ocm00925003/Output/ocm00925003_0240.tif /mnt/lsdi/ocm00925003/ocm00925003/Output/ocm00925003_0241.tif /mnt/lsdi/ocm00925003/ocm00925003/Output/ocm00925003_0242.tif /mnt/lsdi/ocm00925003/ocm00925003/Output/ocm00925003_0243.tif /mnt/lsdi/ocm00925003/ocm00925003/Output/ocm00925003_0244.tif /mnt/lsdi/ocm00925003/ocm00925003/Output/ocm00925003_0245.tif /mnt/lsdi/ocm00925003/ocm00925003/Output/ocm00925003_0246.tif /mnt/lsdi/ocm00925003/ocm00925003/Output/ocm00925003_0247.tif /mnt/lsdi/ocm00925003/ocm00925003/Output/ocm00925003_0248.tif /mnt/lsdi/ocm00925003/ocm00925003/Output/ocm00925003_0249.tif /mnt/lsdi/ocm00925003/ocm00925003/Output/ocm00925003_0250.tif /mnt/lsdi/ocm00925003/ocm00925003/Output/ocm00925003_0251.tif /mnt/lsdi/ocm00925003/ocm00925003/Output/ocm00925003_0252.tif /mnt/lsdi/ocm00925003/ocm00925003/Output/ocm00925003_0253.tif /mnt/lsdi/ocm00925003/ocm00925003/Output/ocm00925003_0254.tif /mnt/lsdi/ocm00925003/ocm00925003/Output/ocm00925003_0255.tif /mnt/lsdi/ocm00925003/ocm00925003/Output/ocm00925003_0256.tif /mnt/lsdi/ocm00925003/ocm00925003/Output/ocm00925003_0257.tif /mnt/lsdi/ocm00925003/ocm00925003/Output/ocm00925003_0258.tif /mnt/lsdi/ocm00925003/ocm00925003/Output/ocm00925003_0259.tif /mnt/lsdi/ocm00925003/ocm00925003/Output/ocm00925003_0260.tif /mnt/lsdi/ocm00925003/ocm00925003/Output/ocm00925003_0261.tif /mnt/lsdi/ocm00925003/ocm00925003/Output/ocm00925003_0262.tif /mnt/lsdi/ocm00925003/ocm00925003/Output/ocm00925003_0263.tif /mnt/lsdi/ocm00925003/ocm00925003/Output/ocm00925003_0264.tif /mnt/lsdi/ocm00925003/ocm00925003/Output/ocm00925003_0265.tif /mnt/lsdi/ocm00925003/ocm00925003/Output/ocm00925003_0266.tif /mnt/lsdi/ocm00925003/ocm00925003/Output/ocm00925003_0267.tif /mnt/lsdi/ocm00925003/ocm00925003/Output/ocm00925003_0268.tif /mnt/lsdi/ocm00925003/ocm00925003/Output/ocm00925003_0269.tif /mnt/lsdi/ocm00925003/ocm00925003/Output/ocm00925003_0270.tif /mnt/lsdi/ocm00925003/ocm00925003/Output/ocm00925003_0271.tif /mnt/lsdi/ocm00925003/ocm00925003/Output/ocm00925003_0272.tif /mnt/lsdi/ocm00925003/ocm00925003/Output/ocm00925003_0273.tif /mnt/lsdi/ocm00925003/ocm00925003/Output/ocm00925003_0274.tif /mnt/lsdi/ocm00925003/ocm00925003/Output/ocm00925003_0275.tif /mnt/lsdi/ocm00925003/ocm00925003/Output/ocm00925003_0276.tif /mnt/lsdi/ocm00925003/ocm00925003/Output/ocm00925003_0277.tif /mnt/lsdi/ocm00925003/ocm00925003/Output/ocm00925003_0278.tif /mnt/lsdi/ocm00925003/ocm00925003/Output/ocm00925003_0279.tif /mnt/lsdi/ocm00925003/ocm00925003/Output/ocm00925003_0280.tif /mnt/lsdi/ocm00925003/ocm00925003/Output/ocm00925003_0281.tif /mnt/lsdi/ocm00925003/ocm00925003/Output/ocm00925003_0282.tif /mnt/lsdi/ocm00925003/ocm00925003/Output/ocm00925003_0283.tif /mnt/lsdi/ocm00925003/ocm00925003/Output/ocm00925003_0284.tif /mnt/lsdi/ocm00925003/ocm00925003/Output/ocm00925003_0285.tif /mnt/lsdi/ocm00925003/ocm00925003/Output/ocm00925003_0286.tif /mnt/lsdi/ocm00925003/ocm00925003/Output/ocm00925003_0287.tif /mnt/lsdi/ocm00925003/ocm00925003/Output/ocm00925003_0288.tif /mnt/lsdi/ocm00925003/ocm00925003/Output/ocm00925003_0289.tif /mnt/lsdi/ocm00925003/ocm00925003/Output/ocm00925003_0290.tif /mnt/lsdi/ocm00925003/ocm00925003/Output/ocm00925003_0291.tif /mnt/lsdi/ocm00925003/ocm00925003/Output/ocm00925003_0292.tif /mnt/lsdi/ocm00925003/ocm00925003/Output/ocm00925003_0293.tif /mnt/lsdi/ocm00925003/ocm00925003/Output/ocm00925003_0294.tif /mnt/lsdi/ocm00925003/ocm00925003/Output/ocm00925003_0295.tif /mnt/lsdi/ocm00925003/ocm00925003/Output/ocm00925003_0296.tif /mnt/lsdi/ocm00925003/ocm00925003/Output/ocm00925003_0297.tif /mnt/lsdi/ocm00925003/ocm00925003/Output/ocm00925003_0298.tif /mnt/lsdi/ocm00925003/ocm00925003/Output/ocm00925003_0299.tif /mnt/lsdi/ocm00925003/ocm00925003/Output/ocm00925003_0300.tif /mnt/lsdi/ocm00925003/ocm00925003/Output/ocm00925003_0301.tif /mnt/lsdi/ocm00925003/ocm00925003/Output/ocm00925003_0302.tif /mnt/lsdi/ocm00925003/ocm00925003/Output/ocm00925003_0303.tif /mnt/lsdi/ocm00925003/ocm00925003/Output/ocm00925003_0304.tif /mnt/lsdi/ocm00925003/ocm00925003/Output/ocm00925003_0305.tif /mnt/lsdi/ocm00925003/ocm00925003/Output/ocm00925003_0306.tif /mnt/lsdi/ocm00925003/ocm00925003/Output/ocm00925003_0307.tif /mnt/lsdi/ocm00925003/ocm00925003/Output/ocm00925003_0308.tif /mnt/lsdi/ocm00925003/ocm00925003/Output/ocm00925003_0309.tif /mnt/lsdi/ocm00925003/ocm00925003/Output/ocm00925003_0310.tif /mnt/lsdi/ocm00925003/ocm00925003/Output/ocm00925003_0311.tif /mnt/lsdi/ocm00925003/ocm00925003/Output/ocm00925003_0312.tif /mnt/lsdi/ocm00925003/ocm00925003/Output/ocm00925003_0313.tif /mnt/lsdi/ocm00925003/ocm00925003/Output/ocm00925003_0314.tif /mnt/lsdi/ocm00925003/ocm00925003/Output/ocm00925003_0315.tif /mnt/lsdi/ocm00925003/ocm00925003/Output/ocm00925003_0316.tif /mnt/lsdi/ocm00925003/ocm00925003/Output/ocm00925003_0317.tif /mnt/lsdi/ocm00925003/ocm00925003/Output/ocm00925003_0318.tif
  adding: mnt/lsdi/ocm00925003/ocm00925003/Output/ocm00925003_0001.tif (deflated 79%)
  adding: mnt/lsdi/ocm00925003/ocm00925003/Output/ocm00925003_0002.tif (deflated 5%)
  adding: mnt/lsdi/ocm00925003/ocm00925003/Output/ocm00925003_0003.tif (deflated 79%)
  adding: mnt/lsdi/ocm00925003/ocm00925003/Output/ocm00925003_0004.tif (deflated 79%)
  adding: mnt/lsdi/ocm00925003/ocm00925003/Output/ocm00925003_0005.tif (deflated 3%)
  adding: mnt/lsdi/ocm00925003/ocm00925003/Output/ocm00925003_0006.tif (deflated 6%)
  adding: mnt/lsdi/ocm00925003/ocm00925003/Output/ocm00925003_0007.tif (deflated 4%)
  adding: mnt/lsdi/ocm00925003/ocm00925003/Output/ocm00925003_0008.tif (deflated 4%)
  adding: mnt/lsdi/ocm00925003/ocm00925003/Output/ocm00925003_0009.tif (deflated 4%)
  adding: mnt/lsdi/ocm00925003/ocm00925003/Output/ocm00925003_0010.tif (deflated 4%)
  adding: mnt/lsdi/ocm00925003/ocm00925003/Output/ocm00925003_0011.tif (deflated 4%)
  adding: mnt/lsdi/ocm00925003/ocm00925003/Output/ocm00925003_0012.tif (deflated 43%)
  adding: mnt/lsdi/ocm00925003/ocm00925003/Output/ocm00925003_0013.tif (deflated 79%)
  adding: mnt/lsdi/ocm00925003/ocm00925003/Output/ocm00925003_0014.tif (deflated 4%)
  adding: mnt/lsdi/ocm00925003/ocm00925003/Output/ocm00925003_0015.tif (deflated 4%)
  adding: mnt/lsdi/ocm00925003/ocm00925003/Output/ocm00925003_0016.tif (deflated 4%)
  adding: mnt/lsdi/ocm00925003/ocm00925003/Output/ocm00925003_0017.tif (deflated 4%)
  adding: mnt/lsdi/ocm00925003/ocm00925003/Output/ocm00925003_0018.tif (deflated 4%)
  adding: mnt/lsdi/ocm00925003/ocm00925003/Output/ocm00925003_0019.tif (deflated 4%)
  adding: mnt/lsdi/ocm00925003/ocm00925003/Output/ocm00925003_0020.tif (deflated 4%)
  adding: mnt/lsdi/ocm00925003/ocm00925003/Output/ocm00925003_0021.tif (deflated 4%)
  adding: mnt/lsdi/ocm00925003/ocm00925003/Output/ocm00925003_0022.tif (deflated 4%)
  adding: mnt/lsdi/ocm00925003/ocm00925003/Output/ocm00925003_0023.tif (deflated 4%)
  adding: mnt/lsdi/ocm00925003/ocm00925003/Output/ocm00925003_0024.tif (deflated 4%)
  adding: mnt/lsdi/ocm00925003/ocm00925003/Output/ocm00925003_0025.tif (deflated 4%)
  adding: mnt/lsdi/ocm00925003/ocm00925003/Output/ocm00925003_0026.tif (deflated 4%)
  adding: mnt/lsdi/ocm00925003/ocm00925003/Output/ocm00925003_0027.tif (deflated 3%)
  adding: mnt/lsdi/ocm00925003/ocm00925003/Output/ocm00925003_0028.tif (deflated 4%)
  adding: mnt/lsdi/ocm00925003/ocm00925003/Output/ocm00925003_0029.tif (deflated 4%)
  adding: mnt/lsdi/ocm00925003/ocm00925003/Output/ocm00925003_0030.tif (deflated 4%)
  adding: mnt/lsdi/ocm00925003/ocm00925003/Output/ocm00925003_0031.tif (deflated 4%)
  adding: mnt/lsdi/ocm00925003/ocm00925003/Output/ocm00925003_0032.tif (deflated 4%)
  adding: mnt/lsdi/ocm00925003/ocm00925003/Output/ocm00925003_0033.tif (deflated 3%)
  adding: mnt/lsdi/ocm00925003/ocm00925003/Output/ocm00925003_0034.tif (deflated 4%)
  adding: mnt/lsdi/ocm00925003/ocm00925003/Output/ocm00925003_0035.tif (deflated 4%)
  adding: mnt/lsdi/ocm00925003/ocm00925003/Output/ocm00925003_0036.tif (deflated 4%)
  adding: mnt/lsdi/ocm00925003/ocm00925003/Output/ocm00925003_0037.tif (deflated 4%)
  adding: mnt/lsdi/ocm00925003/ocm00925003/Output/ocm00925003_0038.tif (deflated 4%)
  adding: mnt/lsdi/ocm00925003/ocm00925003/Output/ocm00925003_0039.tif (deflated 4%)
  adding: mnt/lsdi/ocm00925003/ocm00925003/Output/ocm00925003_0040.tif (deflated 4%)
  adding: mnt/lsdi/ocm00925003/ocm00925003/Output/ocm00925003_0041.tif (deflated 4%)
  adding: mnt/lsdi/ocm00925003/ocm00925003/Output/ocm00925003_0042.tif (deflated 4%)
  adding: mnt/lsdi/ocm00925003/ocm00925003/Output/ocm00925003_0043.tif (deflated 4%)
  adding: mnt/lsdi/ocm00925003/ocm00925003/Output/ocm00925003_0044.tif (deflated 4%)
  adding: mnt/lsdi/ocm00925003/ocm00925003/Output/ocm00925003_0045.tif (deflated 3%)
  adding: mnt/lsdi/ocm00925003/ocm00925003/Output/ocm00925003_0046.tif (deflated 4%)
  adding: mnt/lsdi/ocm00925003/ocm00925003/Output/ocm00925003_0047.tif (deflated 4%)
  adding: mnt/lsdi/ocm00925003/ocm00925003/Output/ocm00925003_0048.tif (deflated 4%)
  adding: mnt/lsdi/ocm00925003/ocm00925003/Output/ocm00925003_0049.tif (deflated 5%)
  adding: mnt/lsdi/ocm00925003/ocm00925003/Output/ocm00925003_0050.tif (deflated 4%)
  adding: mnt/lsdi/ocm00925003/ocm00925003/Output/ocm00925003_0051.tif (deflated 4%)
  adding: mnt/lsdi/ocm00925003/ocm00925003/Output/ocm00925003_0052.tif (deflated 4%)
  adding: mnt/lsdi/ocm00925003/ocm00925003/Output/ocm00925003_0053.tif (deflated 4%)
  adding: mnt/lsdi/ocm00925003/ocm00925003/Output/ocm00925003_0054.tif (deflated 4%)
  adding: mnt/lsdi/ocm00925003/ocm00925003/Output/ocm00925003_0055.tif (deflated 3%)
  adding: mnt/lsdi/ocm00925003/ocm00925003/Output/ocm00925003_0056.tif (deflated 3%)
  adding: mnt/lsdi/ocm00925003/ocm00925003/Output/ocm00925003_0057.tif (deflated 3%)
  adding: mnt/lsdi/ocm00925003/ocm00925003/Output/ocm00925003_0058.tif (deflated 3%)
  adding: mnt/lsdi/ocm00925003/ocm00925003/Output/ocm00925003_0059.tif (deflated 4%)
  adding: mnt/lsdi/ocm00925003/ocm00925003/Output/ocm00925003_0060.tif (deflated 4%)
  adding: mnt/lsdi/ocm00925003/ocm00925003/Output/ocm00925003_0061.tif (deflated 4%)
  adding: mnt/lsdi/ocm00925003/ocm00925003/Output/ocm00925003_0062.tif (deflated 4%)
  adding: mnt/lsdi/ocm00925003/ocm00925003/Output/ocm00925003_0063.tif (deflated 2%)
  adding: mnt/lsdi/ocm00925003/ocm00925003/Output/ocm00925003_0064.tif (deflated 4%)
  adding: mnt/lsdi/ocm00925003/ocm00925003/Output/ocm00925003_0065.tif (deflated 3%)
  adding: mnt/lsdi/ocm00925003/ocm00925003/Output/ocm00925003_0066.tif (deflated 3%)
  adding: mnt/lsdi/ocm00925003/ocm00925003/Output/ocm00925003_0067.tif (deflated 3%)
  adding: mnt/lsdi/ocm00925003/ocm00925003/Output/ocm00925003_0068.tif (deflated 4%)
  adding: mnt/lsdi/ocm00925003/ocm00925003/Output/ocm00925003_0069.tif (deflated 4%)
  adding: mnt/lsdi/ocm00925003/ocm00925003/Output/ocm00925003_0070.tif (deflated 4%)
  adding: mnt/lsdi/ocm00925003/ocm00925003/Output/ocm00925003_0071.tif (deflated 4%)
  adding: mnt/lsdi/ocm00925003/ocm00925003/Output/ocm00925003_0072.tif (deflated 4%)
  adding: mnt/lsdi/ocm00925003/ocm00925003/Output/ocm00925003_0073.tif (deflated 3%)
  adding: mnt/lsdi/ocm00925003/ocm00925003/Output/ocm00925003_0074.tif (deflated 4%)
  adding: mnt/lsdi/ocm00925003/ocm00925003/Output/ocm00925003_0075.tif (deflated 4%)
  adding: mnt/lsdi/ocm00925003/ocm00925003/Output/ocm00925003_0076.tif (deflated 4%)
  adding: mnt/lsdi/ocm00925003/ocm00925003/Output/ocm00925003_0077.tif (deflated 4%)
  adding: mnt/lsdi/ocm00925003/ocm00925003/Output/ocm00925003_0078.tif (deflated 4%)
  adding: mnt/lsdi/ocm00925003/ocm00925003/Output/ocm00925003_0079.tif (deflated 4%)
  adding: mnt/lsdi/ocm00925003/ocm00925003/Output/ocm00925003_0080.tif (deflated 4%)
  adding: mnt/lsdi/ocm00925003/ocm00925003/Output/ocm00925003_0081.tif (deflated 3%)
  adding: mnt/lsdi/ocm00925003/ocm00925003/Output/ocm00925003_0082.tif (deflated 4%)
  adding: mnt/lsdi/ocm00925003/ocm00925003/Output/ocm00925003_0083.tif (deflated 4%)
  adding: mnt/lsdi/ocm00925003/ocm00925003/Output/ocm00925003_0084.tif (deflated 5%)
  adding: mnt/lsdi/ocm00925003/ocm00925003/Output/ocm00925003_0085.tif (deflated 4%)
  adding: mnt/lsdi/ocm00925003/ocm00925003/Output/ocm00925003_0086.tif (deflated 4%)
  adding: mnt/lsdi/ocm00925003/ocm00925003/Output/ocm00925003_0087.tif (deflated 4%)
  adding: mnt/lsdi/ocm00925003/ocm00925003/Output/ocm00925003_0088.tif (deflated 4%)
  adding: mnt/lsdi/ocm00925003/ocm00925003/Output/ocm00925003_0089.tif (deflated 4%)
  adding: mnt/lsdi/ocm00925003/ocm00925003/Output/ocm00925003_0090.tif (deflated 5%)
  adding: mnt/lsdi/ocm00925003/ocm00925003/Output/ocm00925003_0091.tif (deflated 4%)
  adding: mnt/lsdi/ocm00925003/ocm00925003/Output/ocm00925003_0092.tif (deflated 4%)
  adding: mnt/lsdi/ocm00925003/ocm00925003/Output/ocm00925003_0093.tif (deflated 4%)
  adding: mnt/lsdi/ocm00925003/ocm00925003/Output/ocm00925003_0094.tif (deflated 4%)
  adding: mnt/lsdi/ocm00925003/ocm00925003/Output/ocm00925003_0095.tif (deflated 4%)
  adding: mnt/lsdi/ocm00925003/ocm00925003/Output/ocm00925003_0096.tif (deflated 4%)
  adding: mnt/lsdi/ocm00925003/ocm00925003/Output/ocm00925003_0097.tif (deflated 4%)
  adding: mnt/lsdi/ocm00925003/ocm00925003/Output/ocm00925003_0098.tif (deflated 4%)
  adding: mnt/lsdi/ocm00925003/ocm00925003/Output/ocm00925003_0099.tif (deflated 4%)
  adding: mnt/lsdi/ocm00925003/ocm00925003/Output/ocm00925003_0100.tif (deflated 4%)
  adding: mnt/lsdi/ocm00925003/ocm00925003/Output/ocm00925003_0101.tif (deflated 4%)
  adding: mnt/lsdi/ocm00925003/ocm00925003/Output/ocm00925003_0102.tif (deflated 5%)
  adding: mnt/lsdi/ocm00925003/ocm00925003/Output/ocm00925003_0103.tif (deflated 7%)
  adding: mnt/lsdi/ocm00925003/ocm00925003/Output/ocm00925003_0104.tif (deflated 5%)
  adding: mnt/lsdi/ocm00925003/ocm00925003/Output/ocm00925003_0105.tif (deflated 4%)
  adding: mnt/lsdi/ocm00925003/ocm00925003/Output/ocm00925003_0106.tif (deflated 4%)
  adding: mnt/lsdi/ocm00925003/ocm00925003/Output/ocm00925003_0107.tif (deflated 4%)
  adding: mnt/lsdi/ocm00925003/ocm00925003/Output/ocm00925003_0108.tif (deflated 4%)
  adding: mnt/lsdi/ocm00925003/ocm00925003/Output/ocm00925003_0109.tif (deflated 5%)
  adding: mnt/lsdi/ocm00925003/ocm00925003/Output/ocm00925003_0110.tif (deflated 4%)
  adding: mnt/lsdi/ocm00925003/ocm00925003/Output/ocm00925003_0111.tif (deflated 4%)
  adding: mnt/lsdi/ocm00925003/ocm00925003/Output/ocm00925003_0112.tif (deflated 4%)
  adding: mnt/lsdi/ocm00925003/ocm00925003/Output/ocm00925003_0113.tif (deflated 4%)
  adding: mnt/lsdi/ocm00925003/ocm00925003/Output/ocm00925003_0114.tif (deflated 5%)
  adding: mnt/lsdi/ocm00925003/ocm00925003/Output/ocm00925003_0115.tif (deflated 4%)
  adding: mnt/lsdi/ocm00925003/ocm00925003/Output/ocm00925003_0116.tif (deflated 4%)
  adding: mnt/lsdi/ocm00925003/ocm00925003/Output/ocm00925003_0117.tif (deflated 4%)
  adding: mnt/lsdi/ocm00925003/ocm00925003/Output/ocm00925003_0118.tif (deflated 4%)
  adding: mnt/lsdi/ocm00925003/ocm00925003/Output/ocm00925003_0119.tif (deflated 4%)
  adding: mnt/lsdi/ocm00925003/ocm00925003/Output/ocm00925003_0120.tif (deflated 4%)
  adding: mnt/lsdi/ocm00925003/ocm00925003/Output/ocm00925003_0121.tif (deflated 4%)
  adding: mnt/lsdi/ocm00925003/ocm00925003/Output/ocm00925003_0122.tif (deflated 4%)
  adding: mnt/lsdi/ocm00925003/ocm00925003/Output/ocm00925003_0123.tif (deflated 5%)
  adding: mnt/lsdi/ocm00925003/ocm00925003/Output/ocm00925003_0124.tif (deflated 5%)
  adding: mnt/lsdi/ocm00925003/ocm00925003/Output/ocm00925003_0125.tif (deflated 4%)
  adding: mnt/lsdi/ocm00925003/ocm00925003/Output/ocm00925003_0126.tif (deflated 4%)
  adding: mnt/lsdi/ocm00925003/ocm00925003/Output/ocm00925003_0127.tif (deflated 4%)
  adding: mnt/lsdi/ocm00925003/ocm00925003/Output/ocm00925003_0128.tif (deflated 4%)
  adding: mnt/lsdi/ocm00925003/ocm00925003/Output/ocm00925003_0129.tif (deflated 4%)
  adding: mnt/lsdi/ocm00925003/ocm00925003/Output/ocm00925003_0130.tif (deflated 4%)
  adding: mnt/lsdi/ocm00925003/ocm00925003/Output/ocm00925003_0131.tif (deflated 4%)
  adding: mnt/lsdi/ocm00925003/ocm00925003/Output/ocm00925003_0132.tif (deflated 4%)
  adding: mnt/lsdi/ocm00925003/ocm00925003/Output/ocm00925003_0133.tif (deflated 4%)
  adding: mnt/lsdi/ocm00925003/ocm00925003/Output/ocm00925003_0134.tif (deflated 4%)
  adding: mnt/lsdi/ocm00925003/ocm00925003/Output/ocm00925003_0135.tif (deflated 4%)
  adding: mnt/lsdi/ocm00925003/ocm00925003/Output/ocm00925003_0136.tif (deflated 4%)
  adding: mnt/lsdi/ocm00925003/ocm00925003/Output/ocm00925003_0137.tif (deflated 4%)
  adding: mnt/lsdi/ocm00925003/ocm00925003/Output/ocm00925003_0138.tif (deflated 4%)
  adding: mnt/lsdi/ocm00925003/ocm00925003/Output/ocm00925003_0139.tif (deflated 5%)
  adding: mnt/lsdi/ocm00925003/ocm00925003/Output/ocm00925003_0140.tif (deflated 4%)
  adding: mnt/lsdi/ocm00925003/ocm00925003/Output/ocm00925003_0141.tif (deflated 4%)
  adding: mnt/lsdi/ocm00925003/ocm00925003/Output/ocm00925003_0142.tif (deflated 4%)
  adding: mnt/lsdi/ocm00925003/ocm00925003/Output/ocm00925003_0143.tif (deflated 4%)
  adding: mnt/lsdi/ocm00925003/ocm00925003/Output/ocm00925003_0144.tif (deflated 4%)
  adding: mnt/lsdi/ocm00925003/ocm00925003/Output/ocm00925003_0145.tif (deflated 4%)
  adding: mnt/lsdi/ocm00925003/ocm00925003/Output/ocm00925003_0146.tif (deflated 4%)
  adding: mnt/lsdi/ocm00925003/ocm00925003/Output/ocm00925003_0147.tif (deflated 5%)
  adding: mnt/lsdi/ocm00925003/ocm00925003/Output/ocm00925003_0148.tif (deflated 4%)
  adding: mnt/lsdi/ocm00925003/ocm00925003/Output/ocm00925003_0149.tif (deflated 5%)
  adding: mnt/lsdi/ocm00925003/ocm00925003/Output/ocm00925003_0150.tif (deflated 4%)
  adding: mnt/lsdi/ocm00925003/ocm00925003/Output/ocm00925003_0151.tif (deflated 3%)
  adding: mnt/lsdi/ocm00925003/ocm00925003/Output/ocm00925003_0152.tif (deflated 4%)
  adding: mnt/lsdi/ocm00925003/ocm00925003/Output/ocm00925003_0153.tif (deflated 4%)
  adding: mnt/lsdi/ocm00925003/ocm00925003/Output/ocm00925003_0154.tif (deflated 4%)
  adding: mnt/lsdi/ocm00925003/ocm00925003/Output/ocm00925003_0155.tif (deflated 4%)
  adding: mnt/lsdi/ocm00925003/ocm00925003/Output/ocm00925003_0156.tif (deflated 4%)
  adding: mnt/lsdi/ocm00925003/ocm00925003/Output/ocm00925003_0157.tif (deflated 4%)
  adding: mnt/lsdi/ocm00925003/ocm00925003/Output/ocm00925003_0158.tif (deflated 4%)
  adding: mnt/lsdi/ocm00925003/ocm00925003/Output/ocm00925003_0159.tif (deflated 4%)
  adding: mnt/lsdi/ocm00925003/ocm00925003/Output/ocm00925003_0160.tif (deflated 3%)
  adding: mnt/lsdi/ocm00925003/ocm00925003/Output/ocm00925003_0161.tif (deflated 4%)
  adding: mnt/lsdi/ocm00925003/ocm00925003/Output/ocm00925003_0162.tif (deflated 4%)
  adding: mnt/lsdi/ocm00925003/ocm00925003/Output/ocm00925003_0163.tif (deflated 4%)
  adding: mnt/lsdi/ocm00925003/ocm00925003/Output/ocm00925003_0164.tif (deflated 4%)
  adding: mnt/lsdi/ocm00925003/ocm00925003/Output/ocm00925003_0165.tif (deflated 4%)
  adding: mnt/lsdi/ocm00925003/ocm00925003/Output/ocm00925003_0166.tif (deflated 4%)
  adding: mnt/lsdi/ocm00925003/ocm00925003/Output/ocm00925003_0167.tif (deflated 4%)
  adding: mnt/lsdi/ocm00925003/ocm00925003/Output/ocm00925003_0168.tif (deflated 3%)
  adding: mnt/lsdi/ocm00925003/ocm00925003/Output/ocm00925003_0169.tif (deflated 3%)
  adding: mnt/lsdi/ocm00925003/ocm00925003/Output/ocm00925003_0170.tif (deflated 4%)
  adding: mnt/lsdi/ocm00925003/ocm00925003/Output/ocm00925003_0171.tif (deflated 3%)
  adding: mnt/lsdi/ocm00925003/ocm00925003/Output/ocm00925003_0172.tif (deflated 4%)
  adding: mnt/lsdi/ocm00925003/ocm00925003/Output/ocm00925003_0173.tif (deflated 4%)
  adding: mnt/lsdi/ocm00925003/ocm00925003/Output/ocm00925003_0174.tif (deflated 4%)
  adding: mnt/lsdi/ocm00925003/ocm00925003/Output/ocm00925003_0175.tif (deflated 4%)
  adding: mnt/lsdi/ocm00925003/ocm00925003/Output/ocm00925003_0176.tif (deflated 5%)
  adding: mnt/lsdi/ocm00925003/ocm00925003/Output/ocm00925003_0177.tif (deflated 4%)
  adding: mnt/lsdi/ocm00925003/ocm00925003/Output/ocm00925003_0178.tif (deflated 3%)
  adding: mnt/lsdi/ocm00925003/ocm00925003/Output/ocm00925003_0179.tif (deflated 3%)
  adding: mnt/lsdi/ocm00925003/ocm00925003/Output/ocm00925003_0180.tif (deflated 4%)
  adding: mnt/lsdi/ocm00925003/ocm00925003/Output/ocm00925003_0181.tif (deflated 4%)
  adding: mnt/lsdi/ocm00925003/ocm00925003/Output/ocm00925003_0182.tif (deflated 4%)
  adding: mnt/lsdi/ocm00925003/ocm00925003/Output/ocm00925003_0183.tif (deflated 4%)
  adding: mnt/lsdi/ocm00925003/ocm00925003/Output/ocm00925003_0184.tif (deflated 4%)
  adding: mnt/lsdi/ocm00925003/ocm00925003/Output/ocm00925003_0185.tif (deflated 79%)
  adding: mnt/lsdi/ocm00925003/ocm00925003/Output/ocm00925003_0186.tif (deflated 31%)
  adding: mnt/lsdi/ocm00925003/ocm00925003/Output/ocm00925003_0187.tif (deflated 79%)
  adding: mnt/lsdi/ocm00925003/ocm00925003/Output/ocm00925003_0188.tif (deflated 3%)
  adding: mnt/lsdi/ocm00925003/ocm00925003/Output/ocm00925003_0189.tif (deflated 3%)
  adding: mnt/lsdi/ocm00925003/ocm00925003/Output/ocm00925003_0190.tif (deflated 2%)
  adding: mnt/lsdi/ocm00925003/ocm00925003/Output/ocm00925003_0191.tif (deflated 3%)
  adding: mnt/lsdi/ocm00925003/ocm00925003/Output/ocm00925003_0192.tif (deflated 3%)
  adding: mnt/lsdi/ocm00925003/ocm00925003/Output/ocm00925003_0193.tif (deflated 3%)
  adding: mnt/lsdi/ocm00925003/ocm00925003/Output/ocm00925003_0194.tif (deflated 3%)
  adding: mnt/lsdi/ocm00925003/ocm00925003/Output/ocm00925003_0195.tif (deflated 4%)
  adding: mnt/lsdi/ocm00925003/ocm00925003/Output/ocm00925003_0196.tif (deflated 4%)
  adding: mnt/lsdi/ocm00925003/ocm00925003/Output/ocm00925003_0197.tif (deflated 3%)
  adding: mnt/lsdi/ocm00925003/ocm00925003/Output/ocm00925003_0198.tif (deflated 3%)
  adding: mnt/lsdi/ocm00925003/ocm00925003/Output/ocm00925003_0199.tif (deflated 4%)
  adding: mnt/lsdi/ocm00925003/ocm00925003/Output/ocm00925003_0200.tif (deflated 3%)
  adding: mnt/lsdi/ocm00925003/ocm00925003/Output/ocm00925003_0201.tif (deflated 4%)
  adding: mnt/lsdi/ocm00925003/ocm00925003/Output/ocm00925003_0202.tif (deflated 3%)
  adding: mnt/lsdi/ocm00925003/ocm00925003/Output/ocm00925003_0203.tif (deflated 3%)
  adding: mnt/lsdi/ocm00925003/ocm00925003/Output/ocm00925003_0204.tif (deflated 4%)
  adding: mnt/lsdi/ocm00925003/ocm00925003/Output/ocm00925003_0205.tif (deflated 4%)
  adding: mnt/lsdi/ocm00925003/ocm00925003/Output/ocm00925003_0206.tif (deflated 3%)
  adding: mnt/lsdi/ocm00925003/ocm00925003/Output/ocm00925003_0207.tif (deflated 4%)
  adding: mnt/lsdi/ocm00925003/ocm00925003/Output/ocm00925003_0208.tif (deflated 3%)
  adding: mnt/lsdi/ocm00925003/ocm00925003/Output/ocm00925003_0209.tif (deflated 4%)
  adding: mnt/lsdi/ocm00925003/ocm00925003/Output/ocm00925003_0210.tif (deflated 3%)
  adding: mnt/lsdi/ocm00925003/ocm00925003/Output/ocm00925003_0211.tif (deflated 3%)
  adding: mnt/lsdi/ocm00925003/ocm00925003/Output/ocm00925003_0212.tif (deflated 4%)
  adding: mnt/lsdi/ocm00925003/ocm00925003/Output/ocm00925003_0213.tif (deflated 3%)
  adding: mnt/lsdi/ocm00925003/ocm00925003/Output/ocm00925003_0214.tif (deflated 3%)
  adding: mnt/lsdi/ocm00925003/ocm00925003/Output/ocm00925003_0215.tif (deflated 3%)
  adding: mnt/lsdi/ocm00925003/ocm00925003/Output/ocm00925003_0216.tif (deflated 4%)
  adding: mnt/lsdi/ocm00925003/ocm00925003/Output/ocm00925003_0217.tif (deflated 4%)
  adding: mnt/lsdi/ocm00925003/ocm00925003/Output/ocm00925003_0218.tif (deflated 4%)
  adding: mnt/lsdi/ocm00925003/ocm00925003/Output/ocm00925003_0219.tif (deflated 3%)
  adding: mnt/lsdi/ocm00925003/ocm00925003/Output/ocm00925003_0220.tif (deflated 4%)
  adding: mnt/lsdi/ocm00925003/ocm00925003/Output/ocm00925003_0221.tif (deflated 4%)
  adding: mnt/lsdi/ocm00925003/ocm00925003/Output/ocm00925003_0222.tif (deflated 3%)
  adding: mnt/lsdi/ocm00925003/ocm00925003/Output/ocm00925003_0223.tif (deflated 3%)
  adding: mnt/lsdi/ocm00925003/ocm00925003/Output/ocm00925003_0224.tif (deflated 3%)
  adding: mnt/lsdi/ocm00925003/ocm00925003/Output/ocm00925003_0225.tif (deflated 3%)
  adding: mnt/lsdi/ocm00925003/ocm00925003/Output/ocm00925003_0226.tif (deflated 3%)
  adding: mnt/lsdi/ocm00925003/ocm00925003/Output/ocm00925003_0227.tif (deflated 3%)
  adding: mnt/lsdi/ocm00925003/ocm00925003/Output/ocm00925003_0228.tif (deflated 4%)
  adding: mnt/lsdi/ocm00925003/ocm00925003/Output/ocm00925003_0229.tif (deflated 4%)
  adding: mnt/lsdi/ocm00925003/ocm00925003/Output/ocm00925003_0230.tif (deflated 3%)
  adding: mnt/lsdi/ocm00925003/ocm00925003/Output/ocm00925003_0231.tif (deflated 3%)
  adding: mnt/lsdi/ocm00925003/ocm00925003/Output/ocm00925003_0232.tif (deflated 4%)
  adding: mnt/lsdi/ocm00925003/ocm00925003/Output/ocm00925003_0233.tif (deflated 4%)
  adding: mnt/lsdi/ocm00925003/ocm00925003/Output/ocm00925003_0234.tif (deflated 3%)
  adding: mnt/lsdi/ocm00925003/ocm00925003/Output/ocm00925003_0235.tif (deflated 4%)
  adding: mnt/lsdi/ocm00925003/ocm00925003/Output/ocm00925003_0236.tif (deflated 5%)
  adding: mnt/lsdi/ocm00925003/ocm00925003/Output/ocm00925003_0237.tif (deflated 3%)
  adding: mnt/lsdi/ocm00925003/ocm00925003/Output/ocm00925003_0238.tif (deflated 3%)
  adding: mnt/lsdi/ocm00925003/ocm00925003/Output/ocm00925003_0239.tif (deflated 2%)
  adding: mnt/lsdi/ocm00925003/ocm00925003/Output/ocm00925003_0240.tif (deflated 2%)
  adding: mnt/lsdi/ocm00925003/ocm00925003/Output/ocm00925003_0241.tif (deflated 3%)
  adding: mnt/lsdi/ocm00925003/ocm00925003/Output/ocm00925003_0242.tif (deflated 3%)
  adding: mnt/lsdi/ocm00925003/ocm00925003/Output/ocm00925003_0243.tif (deflated 3%)
  adding: mnt/lsdi/ocm00925003/ocm00925003/Output/ocm00925003_0244.tif (deflated 4%)
  adding: mnt/lsdi/ocm00925003/ocm00925003/Output/ocm00925003_0245.tif (deflated 3%)
  adding: mnt/lsdi/ocm00925003/ocm00925003/Output/ocm00925003_0246.tif (deflated 4%)
  adding: mnt/lsdi/ocm00925003/ocm00925003/Output/ocm00925003_0247.tif (deflated 3%)
  adding: mnt/lsdi/ocm00925003/ocm00925003/Output/ocm00925003_0248.tif (deflated 4%)
  adding: mnt/lsdi/ocm00925003/ocm00925003/Output/ocm00925003_0249.tif (deflated 3%)
  adding: mnt/lsdi/ocm00925003/ocm00925003/Output/ocm00925003_0250.tif (deflated 3%)
  adding: mnt/lsdi/ocm00925003/ocm00925003/Output/ocm00925003_0251.tif (deflated 3%)
  adding: mnt/lsdi/ocm00925003/ocm00925003/Output/ocm00925003_0252.tif (deflated 3%)
  adding: mnt/lsdi/ocm00925003/ocm00925003/Output/ocm00925003_0253.tif (deflated 3%)
  adding: mnt/lsdi/ocm00925003/ocm00925003/Output/ocm00925003_0254.tif (deflated 4%)
  adding: mnt/lsdi/ocm00925003/ocm00925003/Output/ocm00925003_0255.tif (deflated 3%)
  adding: mnt/lsdi/ocm00925003/ocm00925003/Output/ocm00925003_0256.tif (deflated 4%)
  adding: mnt/lsdi/ocm00925003/ocm00925003/Output/ocm00925003_0257.tif (deflated 3%)
  adding: mnt/lsdi/ocm00925003/ocm00925003/Output/ocm00925003_0258.tif (deflated 2%)
  adding: mnt/lsdi/ocm00925003/ocm00925003/Output/ocm00925003_0259.tif (deflated 2%)
  adding: mnt/lsdi/ocm00925003/ocm00925003/Output/ocm00925003_0260.tif (deflated 4%)
  adding: mnt/lsdi/ocm00925003/ocm00925003/Output/ocm00925003_0261.tif (deflated 3%)
  adding: mnt/lsdi/ocm00925003/ocm00925003/Output/ocm00925003_0262.tif (deflated 3%)
  adding: mnt/lsdi/ocm00925003/ocm00925003/Output/ocm00925003_0263.tif (deflated 3%)
  adding: mnt/lsdi/ocm00925003/ocm00925003/Output/ocm00925003_0264.tif (deflated 3%)
  adding: mnt/lsdi/ocm00925003/ocm00925003/Output/ocm00925003_0265.tif (deflated 3%)
  adding: mnt/lsdi/ocm00925003/ocm00925003/Output/ocm00925003_0266.tif (deflated 3%)
  adding: mnt/lsdi/ocm00925003/ocm00925003/Output/ocm00925003_0267.tif (deflated 3%)
  adding: mnt/lsdi/ocm00925003/ocm00925003/Output/ocm00925003_0268.tif (deflated 3%)
  adding: mnt/lsdi/ocm00925003/ocm00925003/Output/ocm00925003_0269.tif (deflated 3%)
  adding: mnt/lsdi/ocm00925003/ocm00925003/Output/ocm00925003_0270.tif (deflated 3%)
  adding: mnt/lsdi/ocm00925003/ocm00925003/Output/ocm00925003_0271.tif (deflated 3%)
  adding: mnt/lsdi/ocm00925003/ocm00925003/Output/ocm00925003_0272.tif (deflated 3%)
  adding: mnt/lsdi/ocm00925003/ocm00925003/Output/ocm00925003_0273.tif (deflated 2%)
  adding: mnt/lsdi/ocm00925003/ocm00925003/Output/ocm00925003_0274.tif (deflated 3%)
  adding: mnt/lsdi/ocm00925003/ocm00925003/Output/ocm00925003_0275.tif (deflated 3%)
  adding: mnt/lsdi/ocm00925003/ocm00925003/Output/ocm00925003_0276.tif (deflated 3%)
  adding: mnt/lsdi/ocm00925003/ocm00925003/Output/ocm00925003_0277.tif (deflated 3%)
  adding: mnt/lsdi/ocm00925003/ocm00925003/Output/ocm00925003_0278.tif (deflated 3%)
  adding: mnt/lsdi/ocm00925003/ocm00925003/Output/ocm00925003_0279.tif (deflated 3%)
  adding: mnt/lsdi/ocm00925003/ocm00925003/Output/ocm00925003_0280.tif (deflated 4%)
  adding: mnt/lsdi/ocm00925003/ocm00925003/Output/ocm00925003_0281.tif (deflated 3%)
  adding: mnt/lsdi/ocm00925003/ocm00925003/Output/ocm00925003_0282.tif (deflated 3%)
  adding: mnt/lsdi/ocm00925003/ocm00925003/Output/ocm00925003_0283.tif (deflated 3%)
  adding: mnt/lsdi/ocm00925003/ocm00925003/Output/ocm00925003_0284.tif (deflated 3%)
  adding: mnt/lsdi/ocm00925003/ocm00925003/Output/ocm00925003_0285.tif (deflated 3%)
  adding: mnt/lsdi/ocm00925003/ocm00925003/Output/ocm00925003_0286.tif (deflated 3%)
  adding: mnt/lsdi/ocm00925003/ocm00925003/Output/ocm00925003_0287.tif (deflated 4%)
  adding: mnt/lsdi/ocm00925003/ocm00925003/Output/ocm00925003_0288.tif (deflated 4%)
  adding: mnt/lsdi/ocm00925003/ocm00925003/Output/ocm00925003_0289.tif (deflated 3%)
  adding: mnt/lsdi/ocm00925003/ocm00925003/Output/ocm00925003_0290.tif (deflated 3%)
  adding: mnt/lsdi/ocm00925003/ocm00925003/Output/ocm00925003_0291.tif (deflated 3%)
  adding: mnt/lsdi/ocm00925003/ocm00925003/Output/ocm00925003_0292.tif (deflated 3%)
  adding: mnt/lsdi/ocm00925003/ocm00925003/Output/ocm00925003_0293.tif (deflated 3%)
  adding: mnt/lsdi/ocm00925003/ocm00925003/Output/ocm00925003_0294.tif (deflated 3%)
  adding: mnt/lsdi/ocm00925003/ocm00925003/Output/ocm00925003_0295.tif (deflated 4%)
  adding: mnt/lsdi/ocm00925003/ocm00925003/Output/ocm00925003_0296.tif (deflated 3%)
  adding: mnt/lsdi/ocm00925003/ocm00925003/Output/ocm00925003_0297.tif (deflated 3%)
  adding: mnt/lsdi/ocm00925003/ocm00925003/Output/ocm00925003_0298.tif (deflated 4%)
  adding: mnt/lsdi/ocm00925003/ocm00925003/Output/ocm00925003_0299.tif (deflated 3%)
  adding: mnt/lsdi/ocm00925003/ocm00925003/Output/ocm00925003_0300.tif (deflated 3%)
  adding: mnt/lsdi/ocm00925003/ocm00925003/Output/ocm00925003_0301.tif (deflated 3%)
  adding: mnt/lsdi/ocm00925003/ocm00925003/Output/ocm00925003_0302.tif (deflated 3%)
  adding: mnt/lsdi/ocm00925003/ocm00925003/Output/ocm00925003_0303.tif (deflated 4%)
  adding: mnt/lsdi/ocm00925003/ocm00925003/Output/ocm00925003_0304.tif (deflated 3%)
  adding: mnt/lsdi/ocm00925003/ocm00925003/Output/ocm00925003_0305.tif (deflated 3%)
  adding: mnt/lsdi/ocm00925003/ocm00925003/Output/ocm00925003_0306.tif (deflated 3%)
  adding: mnt/lsdi/ocm00925003/ocm00925003/Output/ocm00925003_0307.tif (deflated 4%)
  adding: mnt/lsdi/ocm00925003/ocm00925003/Output/ocm00925003_0308.tif (deflated 5%)
  adding: mnt/lsdi/ocm00925003/ocm00925003/Output/ocm00925003_0309.tif (deflated 79%)
  adding: mnt/lsdi/ocm00925003/ocm00925003/Output/ocm00925003_0310.tif (deflated 3%)
  adding: mnt/lsdi/ocm00925003/ocm00925003/Output/ocm00925003_0311.tif (deflated 3%)
  adding: mnt/lsdi/ocm00925003/ocm00925003/Output/ocm00925003_0312.tif (deflated 3%)
  adding: mnt/lsdi/ocm00925003/ocm00925003/Output/ocm00925003_0313.tif (deflated 4%)
  adding: mnt/lsdi/ocm00925003/ocm00925003/Output/ocm00925003_0314.tif (deflated 3%)
  adding: mnt/lsdi/ocm00925003/ocm00925003/Output/ocm00925003_0315.tif (deflated 79%)
  adding: mnt/lsdi/ocm00925003/ocm00925003/Output/ocm00925003_0316.tif (deflated 3%)
  adding: mnt/lsdi/ocm00925003/ocm00925003/Output/ocm00925003_0317.tif (deflated 3%)
  adding: mnt/lsdi/ocm00925003/ocm00925003/Output/ocm00925003_0318.tif (deflated 79%)
curl --location --header authorization: LOW fpJYfLnxbLmCEHqU:JQbq6NgBaPrSh98Y --upload-file /temp/ocm00925003_images.zip http://s3.us.archive.org/00925003.emory.edu/00925003_images.zip
  % Total    % Received % Xferd  Average Speed   Time    Time     Time  Current
                                 Dload  Upload   Total   Spent    Left  Speed
  0     0    0     0    0     0      0      0 --:--:-- --:--:-- --:--:--     0  0 8374k    0     0    0     0      0      0 --:--:--  0:00:01 --:--:--     0  7 8374k    0     0    7  640k      0   360k  0:00:23  0:00:01  0:00:22  376k 18 8374k    0     0   18 1536k      0   554k  0:00:15  0:00:02  0:00:13  569k 28 8374k    0     0   28 2416k      0   637k  0:00:13  0:00:03  0:00:10  649k 39 8374k    0     0   39 3296k      0   692k  0:00:12  0:00:04  0:00:08  702k 47 8374k    0     0   47 4016k      0   694k  0:00:12  0:00:05  0:00:07  853k 56 8374k    0     0   56 4736k      0   698k  0:00:11  0:00:06  0:00:05  818k 67 8374k    0     0   67 5616k      0   721k  0:00:11  0:00:07  0:00:04  812k 77 8374k    0     0   77 6496k      0   740k  0:00:11  0:00:08  0:00:03  818k 88 8374k    0     0   88 7392k      0   754k  0:00:11  0:00:09  0:00:02  814k 98 8374k    0     0   98 8240k      0   765k  0:00:10  0:00:10 --:--:--  847k100 8374k    0     0  100 8374k      0   703k  0:00:11  0:00:11 --:--:--  709k100 8374k    0     0  100 8374k      0   648k  0:00:12  0:00:12 --:--:--  538k100 8374k    0     0  100 8374k      0   601k  0:00:13  0:00:13 --:--:--  365k100 8374k    0     0  100 8374k      0   561k  0:00:14  0:00:14 --:--:--  191k100 8374k    0     0  100 8374k      0   526k  0:00:15  0:00:15 --:--:-- 26709100 8374k    0     0  100 8374k      0   500k  0:00:16  0:00:16 --:--:--     0
