03335433
curl --location --header x-amz-auto-make-bucket:1 --header x-archive-ignore-preexisting-bucket:1 --header x-archive-queue-derive:0 --header x-archive-meta-mediatype:texts --header x-archive-meta03-collection:emory --header x-archive-meta01-collection:americanmethodism --header x-archive-meta-sponsor:Emory University, Pitts Theology Library --header x-archive-meta-contributor:Emory University, Pitts Theology Library --header x-archive-meta-ppi:300 --header authorization: LOW fpJYfLnxbLmCEHqU:JQbq6NgBaPrSh98Y --upload-file /mnt/lsdi/ocm03335433/ocm03335433/ocm03335433_MRC.xml http://s3.us.archive.org/03335433.emory.edu/03335433.emory.edu_marc.xml
  % Total    % Received % Xferd  Average Speed   Time    Time     Time  Current
                                 Dload  Upload   Total   Spent    Left  Speed
  0     0    0     0    0     0      0      0 --:--:-- --:--:-- --:--:--     0  0  4288    0     0    0     0      0      0 --:--:--  0:00:01 --:--:--     0100  4288    0     0  100  4288      0   2057  0:00:02  0:00:02 --:--:--  2141100  4288    0     0  100  4288      0   1389  0:00:03  0:00:03 --:--:--  1427100  4288    0     0  100  4288      0   1049  0:00:04  0:00:04 --:--:--  1070100  4288    0     0  100  4288      0    842  0:00:05  0:00:05 --:--:--   856100  4288    0     0  100  4288      0    704  0:00:06  0:00:06 --:--:--   856100  4288    0     0  100  4288      0    604  0:00:07  0:00:07 --:--:--     0100  4288    0     0  100  4288      0    559  0:00:07  0:00:07 --:--:--     0100  4288    0     0  100  4288      0    494  0:00:08  0:00:08 --:--:--     0100  4288    0     0  100  4288      0    490  0:00:08  0:00:08 --:--:--     0
zip -r /temp/ocm03335433_images.zip /mnt/lsdi/ocm03335433/ocm03335433/Output/ocm03335433_0001.tif /mnt/lsdi/ocm03335433/ocm03335433/Output/ocm03335433_0002.tif /mnt/lsdi/ocm03335433/ocm03335433/Output/ocm03335433_0003.tif /mnt/lsdi/ocm03335433/ocm03335433/Output/ocm03335433_0004.tif /mnt/lsdi/ocm03335433/ocm03335433/Output/ocm03335433_0005.tif /mnt/lsdi/ocm03335433/ocm03335433/Output/ocm03335433_0006.tif /mnt/lsdi/ocm03335433/ocm03335433/Output/ocm03335433_0007.tif /mnt/lsdi/ocm03335433/ocm03335433/Output/ocm03335433_0008.tif /mnt/lsdi/ocm03335433/ocm03335433/Output/ocm03335433_0009.tif /mnt/lsdi/ocm03335433/ocm03335433/Output/ocm03335433_0010.tif /mnt/lsdi/ocm03335433/ocm03335433/Output/ocm03335433_0011.tif /mnt/lsdi/ocm03335433/ocm03335433/Output/ocm03335433_0012.tif /mnt/lsdi/ocm03335433/ocm03335433/Output/ocm03335433_0013.tif /mnt/lsdi/ocm03335433/ocm03335433/Output/ocm03335433_0014.tif /mnt/lsdi/ocm03335433/ocm03335433/Output/ocm03335433_0015.tif /mnt/lsdi/ocm03335433/ocm03335433/Output/ocm03335433_0016.tif /mnt/lsdi/ocm03335433/ocm03335433/Output/ocm03335433_0017.tif /mnt/lsdi/ocm03335433/ocm03335433/Output/ocm03335433_0018.tif /mnt/lsdi/ocm03335433/ocm03335433/Output/ocm03335433_0019.tif /mnt/lsdi/ocm03335433/ocm03335433/Output/ocm03335433_0020.tif /mnt/lsdi/ocm03335433/ocm03335433/Output/ocm03335433_0021.tif /mnt/lsdi/ocm03335433/ocm03335433/Output/ocm03335433_0022.tif /mnt/lsdi/ocm03335433/ocm03335433/Output/ocm03335433_0023.tif /mnt/lsdi/ocm03335433/ocm03335433/Output/ocm03335433_0024.tif /mnt/lsdi/ocm03335433/ocm03335433/Output/ocm03335433_0025.tif /mnt/lsdi/ocm03335433/ocm03335433/Output/ocm03335433_0026.tif /mnt/lsdi/ocm03335433/ocm03335433/Output/ocm03335433_0027.tif /mnt/lsdi/ocm03335433/ocm03335433/Output/ocm03335433_0028.tif /mnt/lsdi/ocm03335433/ocm03335433/Output/ocm03335433_0029.tif /mnt/lsdi/ocm03335433/ocm03335433/Output/ocm03335433_0030.tif /mnt/lsdi/ocm03335433/ocm03335433/Output/ocm03335433_0031.tif /mnt/lsdi/ocm03335433/ocm03335433/Output/ocm03335433_0032.tif /mnt/lsdi/ocm03335433/ocm03335433/Output/ocm03335433_0033.tif /mnt/lsdi/ocm03335433/ocm03335433/Output/ocm03335433_0034.tif /mnt/lsdi/ocm03335433/ocm03335433/Output/ocm03335433_0035.tif /mnt/lsdi/ocm03335433/ocm03335433/Output/ocm03335433_0036.tif /mnt/lsdi/ocm03335433/ocm03335433/Output/ocm03335433_0037.tif /mnt/lsdi/ocm03335433/ocm03335433/Output/ocm03335433_0038.tif /mnt/lsdi/ocm03335433/ocm03335433/Output/ocm03335433_0039.tif /mnt/lsdi/ocm03335433/ocm03335433/Output/ocm03335433_0040.tif /mnt/lsdi/ocm03335433/ocm03335433/Output/ocm03335433_0041.tif /mnt/lsdi/ocm03335433/ocm03335433/Output/ocm03335433_0042.tif /mnt/lsdi/ocm03335433/ocm03335433/Output/ocm03335433_0043.tif /mnt/lsdi/ocm03335433/ocm03335433/Output/ocm03335433_0044.tif /mnt/lsdi/ocm03335433/ocm03335433/Output/ocm03335433_0045.tif /mnt/lsdi/ocm03335433/ocm03335433/Output/ocm03335433_0046.tif /mnt/lsdi/ocm03335433/ocm03335433/Output/ocm03335433_0047.tif /mnt/lsdi/ocm03335433/ocm03335433/Output/ocm03335433_0048.tif /mnt/lsdi/ocm03335433/ocm03335433/Output/ocm03335433_0049.tif /mnt/lsdi/ocm03335433/ocm03335433/Output/ocm03335433_0050.tif /mnt/lsdi/ocm03335433/ocm03335433/Output/ocm03335433_0051.tif /mnt/lsdi/ocm03335433/ocm03335433/Output/ocm03335433_0052.tif /mnt/lsdi/ocm03335433/ocm03335433/Output/ocm03335433_0053.tif /mnt/lsdi/ocm03335433/ocm03335433/Output/ocm03335433_0054.tif /mnt/lsdi/ocm03335433/ocm03335433/Output/ocm03335433_0055.tif /mnt/lsdi/ocm03335433/ocm03335433/Output/ocm03335433_0056.tif /mnt/lsdi/ocm03335433/ocm03335433/Output/ocm03335433_0057.tif /mnt/lsdi/ocm03335433/ocm03335433/Output/ocm03335433_0058.tif /mnt/lsdi/ocm03335433/ocm03335433/Output/ocm03335433_0059.tif /mnt/lsdi/ocm03335433/ocm03335433/Output/ocm03335433_0060.tif /mnt/lsdi/ocm03335433/ocm03335433/Output/ocm03335433_0061.tif /mnt/lsdi/ocm03335433/ocm03335433/Output/ocm03335433_0062.tif /mnt/lsdi/ocm03335433/ocm03335433/Output/ocm03335433_0063.tif /mnt/lsdi/ocm03335433/ocm03335433/Output/ocm03335433_0064.tif /mnt/lsdi/ocm03335433/ocm03335433/Output/ocm03335433_0065.tif /mnt/lsdi/ocm03335433/ocm03335433/Output/ocm03335433_0066.tif /mnt/lsdi/ocm03335433/ocm03335433/Output/ocm03335433_0067.tif /mnt/lsdi/ocm03335433/ocm03335433/Output/ocm03335433_0068.tif /mnt/lsdi/ocm03335433/ocm03335433/Output/ocm03335433_0069.tif /mnt/lsdi/ocm03335433/ocm03335433/Output/ocm03335433_0070.tif /mnt/lsdi/ocm03335433/ocm03335433/Output/ocm03335433_0071.tif /mnt/lsdi/ocm03335433/ocm03335433/Output/ocm03335433_0072.tif /mnt/lsdi/ocm03335433/ocm03335433/Output/ocm03335433_0073.tif /mnt/lsdi/ocm03335433/ocm03335433/Output/ocm03335433_0074.tif /mnt/lsdi/ocm03335433/ocm03335433/Output/ocm03335433_0075.tif /mnt/lsdi/ocm03335433/ocm03335433/Output/ocm03335433_0076.tif /mnt/lsdi/ocm03335433/ocm03335433/Output/ocm03335433_0077.tif /mnt/lsdi/ocm03335433/ocm03335433/Output/ocm03335433_0078.tif /mnt/lsdi/ocm03335433/ocm03335433/Output/ocm03335433_0079.tif /mnt/lsdi/ocm03335433/ocm03335433/Output/ocm03335433_0080.tif /mnt/lsdi/ocm03335433/ocm03335433/Output/ocm03335433_0081.tif /mnt/lsdi/ocm03335433/ocm03335433/Output/ocm03335433_0082.tif /mnt/lsdi/ocm03335433/ocm03335433/Output/ocm03335433_0083.tif /mnt/lsdi/ocm03335433/ocm03335433/Output/ocm03335433_0084.tif /mnt/lsdi/ocm03335433/ocm03335433/Output/ocm03335433_0085.tif /mnt/lsdi/ocm03335433/ocm03335433/Output/ocm03335433_0086.tif /mnt/lsdi/ocm03335433/ocm03335433/Output/ocm03335433_0087.tif /mnt/lsdi/ocm03335433/ocm03335433/Output/ocm03335433_0088.tif /mnt/lsdi/ocm03335433/ocm03335433/Output/ocm03335433_0089.tif /mnt/lsdi/ocm03335433/ocm03335433/Output/ocm03335433_0090.tif /mnt/lsdi/ocm03335433/ocm03335433/Output/ocm03335433_0091.tif /mnt/lsdi/ocm03335433/ocm03335433/Output/ocm03335433_0092.tif /mnt/lsdi/ocm03335433/ocm03335433/Output/ocm03335433_0093.tif /mnt/lsdi/ocm03335433/ocm03335433/Output/ocm03335433_0094.tif /mnt/lsdi/ocm03335433/ocm03335433/Output/ocm03335433_0095.tif /mnt/lsdi/ocm03335433/ocm03335433/Output/ocm03335433_0096.tif /mnt/lsdi/ocm03335433/ocm03335433/Output/ocm03335433_0097.tif /mnt/lsdi/ocm03335433/ocm03335433/Output/ocm03335433_0098.tif /mnt/lsdi/ocm03335433/ocm03335433/Output/ocm03335433_0099.tif /mnt/lsdi/ocm03335433/ocm03335433/Output/ocm03335433_0100.tif /mnt/lsdi/ocm03335433/ocm03335433/Output/ocm03335433_0101.tif /mnt/lsdi/ocm03335433/ocm03335433/Output/ocm03335433_0102.tif /mnt/lsdi/ocm03335433/ocm03335433/Output/ocm03335433_0103.tif /mnt/lsdi/ocm03335433/ocm03335433/Output/ocm03335433_0104.tif /mnt/lsdi/ocm03335433/ocm03335433/Output/ocm03335433_0105.tif /mnt/lsdi/ocm03335433/ocm03335433/Output/ocm03335433_0106.tif /mnt/lsdi/ocm03335433/ocm03335433/Output/ocm03335433_0107.tif /mnt/lsdi/ocm03335433/ocm03335433/Output/ocm03335433_0108.tif /mnt/lsdi/ocm03335433/ocm03335433/Output/ocm03335433_0109.tif /mnt/lsdi/ocm03335433/ocm03335433/Output/ocm03335433_0110.tif /mnt/lsdi/ocm03335433/ocm03335433/Output/ocm03335433_0111.tif /mnt/lsdi/ocm03335433/ocm03335433/Output/ocm03335433_0112.tif /mnt/lsdi/ocm03335433/ocm03335433/Output/ocm03335433_0113.tif /mnt/lsdi/ocm03335433/ocm03335433/Output/ocm03335433_0114.tif /mnt/lsdi/ocm03335433/ocm03335433/Output/ocm03335433_0115.tif /mnt/lsdi/ocm03335433/ocm03335433/Output/ocm03335433_0116.tif /mnt/lsdi/ocm03335433/ocm03335433/Output/ocm03335433_0117.tif /mnt/lsdi/ocm03335433/ocm03335433/Output/ocm03335433_0118.tif /mnt/lsdi/ocm03335433/ocm03335433/Output/ocm03335433_0119.tif /mnt/lsdi/ocm03335433/ocm03335433/Output/ocm03335433_0120.tif /mnt/lsdi/ocm03335433/ocm03335433/Output/ocm03335433_0121.tif /mnt/lsdi/ocm03335433/ocm03335433/Output/ocm03335433_0122.tif /mnt/lsdi/ocm03335433/ocm03335433/Output/ocm03335433_0123.tif /mnt/lsdi/ocm03335433/ocm03335433/Output/ocm03335433_0124.tif /mnt/lsdi/ocm03335433/ocm03335433/Output/ocm03335433_0125.tif /mnt/lsdi/ocm03335433/ocm03335433/Output/ocm03335433_0126.tif /mnt/lsdi/ocm03335433/ocm03335433/Output/ocm03335433_0127.tif /mnt/lsdi/ocm03335433/ocm03335433/Output/ocm03335433_0128.tif /mnt/lsdi/ocm03335433/ocm03335433/Output/ocm03335433_0129.tif /mnt/lsdi/ocm03335433/ocm03335433/Output/ocm03335433_0130.tif /mnt/lsdi/ocm03335433/ocm03335433/Output/ocm03335433_0131.tif /mnt/lsdi/ocm03335433/ocm03335433/Output/ocm03335433_0132.tif /mnt/lsdi/ocm03335433/ocm03335433/Output/ocm03335433_0133.tif /mnt/lsdi/ocm03335433/ocm03335433/Output/ocm03335433_0134.tif /mnt/lsdi/ocm03335433/ocm03335433/Output/ocm03335433_0135.tif /mnt/lsdi/ocm03335433/ocm03335433/Output/ocm03335433_0136.tif /mnt/lsdi/ocm03335433/ocm03335433/Output/ocm03335433_0137.tif /mnt/lsdi/ocm03335433/ocm03335433/Output/ocm03335433_0138.tif /mnt/lsdi/ocm03335433/ocm03335433/Output/ocm03335433_0139.tif /mnt/lsdi/ocm03335433/ocm03335433/Output/ocm03335433_0140.tif /mnt/lsdi/ocm03335433/ocm03335433/Output/ocm03335433_0141.tif /mnt/lsdi/ocm03335433/ocm03335433/Output/ocm03335433_0142.tif /mnt/lsdi/ocm03335433/ocm03335433/Output/ocm03335433_0143.tif /mnt/lsdi/ocm03335433/ocm03335433/Output/ocm03335433_0144.tif /mnt/lsdi/ocm03335433/ocm03335433/Output/ocm03335433_0145.tif /mnt/lsdi/ocm03335433/ocm03335433/Output/ocm03335433_0146.tif /mnt/lsdi/ocm03335433/ocm03335433/Output/ocm03335433_0147.tif /mnt/lsdi/ocm03335433/ocm03335433/Output/ocm03335433_0148.tif /mnt/lsdi/ocm03335433/ocm03335433/Output/ocm03335433_0149.tif /mnt/lsdi/ocm03335433/ocm03335433/Output/ocm03335433_0150.tif /mnt/lsdi/ocm03335433/ocm03335433/Output/ocm03335433_0151.tif /mnt/lsdi/ocm03335433/ocm03335433/Output/ocm03335433_0152.tif /mnt/lsdi/ocm03335433/ocm03335433/Output/ocm03335433_0153.tif /mnt/lsdi/ocm03335433/ocm03335433/Output/ocm03335433_0154.tif /mnt/lsdi/ocm03335433/ocm03335433/Output/ocm03335433_0155.tif /mnt/lsdi/ocm03335433/ocm03335433/Output/ocm03335433_0156.tif /mnt/lsdi/ocm03335433/ocm03335433/Output/ocm03335433_0157.tif /mnt/lsdi/ocm03335433/ocm03335433/Output/ocm03335433_0158.tif /mnt/lsdi/ocm03335433/ocm03335433/Output/ocm03335433_0159.tif /mnt/lsdi/ocm03335433/ocm03335433/Output/ocm03335433_0160.tif /mnt/lsdi/ocm03335433/ocm03335433/Output/ocm03335433_0161.tif /mnt/lsdi/ocm03335433/ocm03335433/Output/ocm03335433_0162.tif /mnt/lsdi/ocm03335433/ocm03335433/Output/ocm03335433_0163.tif /mnt/lsdi/ocm03335433/ocm03335433/Output/ocm03335433_0164.tif /mnt/lsdi/ocm03335433/ocm03335433/Output/ocm03335433_0165.tif /mnt/lsdi/ocm03335433/ocm03335433/Output/ocm03335433_0166.tif /mnt/lsdi/ocm03335433/ocm03335433/Output/ocm03335433_0167.tif /mnt/lsdi/ocm03335433/ocm03335433/Output/ocm03335433_0168.tif /mnt/lsdi/ocm03335433/ocm03335433/Output/ocm03335433_0169.tif /mnt/lsdi/ocm03335433/ocm03335433/Output/ocm03335433_0170.tif /mnt/lsdi/ocm03335433/ocm03335433/Output/ocm03335433_0171.tif /mnt/lsdi/ocm03335433/ocm03335433/Output/ocm03335433_0172.tif /mnt/lsdi/ocm03335433/ocm03335433/Output/ocm03335433_0173.tif /mnt/lsdi/ocm03335433/ocm03335433/Output/ocm03335433_0174.tif /mnt/lsdi/ocm03335433/ocm03335433/Output/ocm03335433_0175.tif /mnt/lsdi/ocm03335433/ocm03335433/Output/ocm03335433_0176.tif /mnt/lsdi/ocm03335433/ocm03335433/Output/ocm03335433_0177.tif /mnt/lsdi/ocm03335433/ocm03335433/Output/ocm03335433_0178.tif /mnt/lsdi/ocm03335433/ocm03335433/Output/ocm03335433_0179.tif /mnt/lsdi/ocm03335433/ocm03335433/Output/ocm03335433_0180.tif /mnt/lsdi/ocm03335433/ocm03335433/Output/ocm03335433_0181.tif /mnt/lsdi/ocm03335433/ocm03335433/Output/ocm03335433_0182.tif /mnt/lsdi/ocm03335433/ocm03335433/Output/ocm03335433_0183.tif /mnt/lsdi/ocm03335433/ocm03335433/Output/ocm03335433_0184.tif /mnt/lsdi/ocm03335433/ocm03335433/Output/ocm03335433_0185.tif /mnt/lsdi/ocm03335433/ocm03335433/Output/ocm03335433_0186.tif /mnt/lsdi/ocm03335433/ocm03335433/Output/ocm03335433_0187.tif /mnt/lsdi/ocm03335433/ocm03335433/Output/ocm03335433_0188.tif /mnt/lsdi/ocm03335433/ocm03335433/Output/ocm03335433_0189.tif /mnt/lsdi/ocm03335433/ocm03335433/Output/ocm03335433_0190.tif /mnt/lsdi/ocm03335433/ocm03335433/Output/ocm03335433_0191.tif /mnt/lsdi/ocm03335433/ocm03335433/Output/ocm03335433_0192.tif /mnt/lsdi/ocm03335433/ocm03335433/Output/ocm03335433_0193.tif /mnt/lsdi/ocm03335433/ocm03335433/Output/ocm03335433_0194.tif /mnt/lsdi/ocm03335433/ocm03335433/Output/ocm03335433_0195.tif /mnt/lsdi/ocm03335433/ocm03335433/Output/ocm03335433_0196.tif /mnt/lsdi/ocm03335433/ocm03335433/Output/ocm03335433_0197.tif /mnt/lsdi/ocm03335433/ocm03335433/Output/ocm03335433_0198.tif /mnt/lsdi/ocm03335433/ocm03335433/Output/ocm03335433_0199.tif /mnt/lsdi/ocm03335433/ocm03335433/Output/ocm03335433_0200.tif /mnt/lsdi/ocm03335433/ocm03335433/Output/ocm03335433_0201.tif /mnt/lsdi/ocm03335433/ocm03335433/Output/ocm03335433_0202.tif /mnt/lsdi/ocm03335433/ocm03335433/Output/ocm03335433_0203.tif /mnt/lsdi/ocm03335433/ocm03335433/Output/ocm03335433_0204.tif /mnt/lsdi/ocm03335433/ocm03335433/Output/ocm03335433_0205.tif /mnt/lsdi/ocm03335433/ocm03335433/Output/ocm03335433_0206.tif /mnt/lsdi/ocm03335433/ocm03335433/Output/ocm03335433_0207.tif /mnt/lsdi/ocm03335433/ocm03335433/Output/ocm03335433_0208.tif /mnt/lsdi/ocm03335433/ocm03335433/Output/ocm03335433_0209.tif /mnt/lsdi/ocm03335433/ocm03335433/Output/ocm03335433_0210.tif /mnt/lsdi/ocm03335433/ocm03335433/Output/ocm03335433_0211.tif /mnt/lsdi/ocm03335433/ocm03335433/Output/ocm03335433_0212.tif /mnt/lsdi/ocm03335433/ocm03335433/Output/ocm03335433_0213.tif /mnt/lsdi/ocm03335433/ocm03335433/Output/ocm03335433_0214.tif /mnt/lsdi/ocm03335433/ocm03335433/Output/ocm03335433_0215.tif /mnt/lsdi/ocm03335433/ocm03335433/Output/ocm03335433_0216.tif /mnt/lsdi/ocm03335433/ocm03335433/Output/ocm03335433_0217.tif /mnt/lsdi/ocm03335433/ocm03335433/Output/ocm03335433_0218.tif /mnt/lsdi/ocm03335433/ocm03335433/Output/ocm03335433_0219.tif /mnt/lsdi/ocm03335433/ocm03335433/Output/ocm03335433_0220.tif /mnt/lsdi/ocm03335433/ocm03335433/Output/ocm03335433_0221.tif /mnt/lsdi/ocm03335433/ocm03335433/Output/ocm03335433_0222.tif /mnt/lsdi/ocm03335433/ocm03335433/Output/ocm03335433_0223.tif /mnt/lsdi/ocm03335433/ocm03335433/Output/ocm03335433_0224.tif /mnt/lsdi/ocm03335433/ocm03335433/Output/ocm03335433_0225.tif /mnt/lsdi/ocm03335433/ocm03335433/Output/ocm03335433_0226.tif /mnt/lsdi/ocm03335433/ocm03335433/Output/ocm03335433_0227.tif /mnt/lsdi/ocm03335433/ocm03335433/Output/ocm03335433_0228.tif /mnt/lsdi/ocm03335433/ocm03335433/Output/ocm03335433_0229.tif /mnt/lsdi/ocm03335433/ocm03335433/Output/ocm03335433_0230.tif /mnt/lsdi/ocm03335433/ocm03335433/Output/ocm03335433_0231.tif /mnt/lsdi/ocm03335433/ocm03335433/Output/ocm03335433_0232.tif /mnt/lsdi/ocm03335433/ocm03335433/Output/ocm03335433_0233.tif /mnt/lsdi/ocm03335433/ocm03335433/Output/ocm03335433_0234.tif /mnt/lsdi/ocm03335433/ocm03335433/Output/ocm03335433_0235.tif /mnt/lsdi/ocm03335433/ocm03335433/Output/ocm03335433_0236.tif /mnt/lsdi/ocm03335433/ocm03335433/Output/ocm03335433_0237.tif /mnt/lsdi/ocm03335433/ocm03335433/Output/ocm03335433_0238.tif /mnt/lsdi/ocm03335433/ocm03335433/Output/ocm03335433_0239.tif /mnt/lsdi/ocm03335433/ocm03335433/Output/ocm03335433_0240.tif /mnt/lsdi/ocm03335433/ocm03335433/Output/ocm03335433_0241.tif /mnt/lsdi/ocm03335433/ocm03335433/Output/ocm03335433_0242.tif /mnt/lsdi/ocm03335433/ocm03335433/Output/ocm03335433_0243.tif /mnt/lsdi/ocm03335433/ocm03335433/Output/ocm03335433_0244.tif /mnt/lsdi/ocm03335433/ocm03335433/Output/ocm03335433_0245.tif /mnt/lsdi/ocm03335433/ocm03335433/Output/ocm03335433_0246.tif /mnt/lsdi/ocm03335433/ocm03335433/Output/ocm03335433_0247.tif /mnt/lsdi/ocm03335433/ocm03335433/Output/ocm03335433_0248.tif /mnt/lsdi/ocm03335433/ocm03335433/Output/ocm03335433_0249.tif /mnt/lsdi/ocm03335433/ocm03335433/Output/ocm03335433_0250.tif /mnt/lsdi/ocm03335433/ocm03335433/Output/ocm03335433_0251.tif /mnt/lsdi/ocm03335433/ocm03335433/Output/ocm03335433_0252.tif /mnt/lsdi/ocm03335433/ocm03335433/Output/ocm03335433_0253.tif /mnt/lsdi/ocm03335433/ocm03335433/Output/ocm03335433_0254.tif /mnt/lsdi/ocm03335433/ocm03335433/Output/ocm03335433_0255.tif /mnt/lsdi/ocm03335433/ocm03335433/Output/ocm03335433_0256.tif /mnt/lsdi/ocm03335433/ocm03335433/Output/ocm03335433_0257.tif /mnt/lsdi/ocm03335433/ocm03335433/Output/ocm03335433_0258.tif /mnt/lsdi/ocm03335433/ocm03335433/Output/ocm03335433_0259.tif /mnt/lsdi/ocm03335433/ocm03335433/Output/ocm03335433_0260.tif /mnt/lsdi/ocm03335433/ocm03335433/Output/ocm03335433_0261.tif /mnt/lsdi/ocm03335433/ocm03335433/Output/ocm03335433_0262.tif /mnt/lsdi/ocm03335433/ocm03335433/Output/ocm03335433_0263.tif /mnt/lsdi/ocm03335433/ocm03335433/Output/ocm03335433_0264.tif /mnt/lsdi/ocm03335433/ocm03335433/Output/ocm03335433_0265.tif /mnt/lsdi/ocm03335433/ocm03335433/Output/ocm03335433_0266.tif /mnt/lsdi/ocm03335433/ocm03335433/Output/ocm03335433_0267.tif /mnt/lsdi/ocm03335433/ocm03335433/Output/ocm03335433_0268.tif /mnt/lsdi/ocm03335433/ocm03335433/Output/ocm03335433_0269.tif /mnt/lsdi/ocm03335433/ocm03335433/Output/ocm03335433_0270.tif /mnt/lsdi/ocm03335433/ocm03335433/Output/ocm03335433_0271.tif /mnt/lsdi/ocm03335433/ocm03335433/Output/ocm03335433_0272.tif /mnt/lsdi/ocm03335433/ocm03335433/Output/ocm03335433_0273.tif /mnt/lsdi/ocm03335433/ocm03335433/Output/ocm03335433_0274.tif /mnt/lsdi/ocm03335433/ocm03335433/Output/ocm03335433_0275.tif /mnt/lsdi/ocm03335433/ocm03335433/Output/ocm03335433_0276.tif /mnt/lsdi/ocm03335433/ocm03335433/Output/ocm03335433_0277.tif /mnt/lsdi/ocm03335433/ocm03335433/Output/ocm03335433_0278.tif /mnt/lsdi/ocm03335433/ocm03335433/Output/ocm03335433_0279.tif /mnt/lsdi/ocm03335433/ocm03335433/Output/ocm03335433_0280.tif /mnt/lsdi/ocm03335433/ocm03335433/Output/ocm03335433_0281.tif /mnt/lsdi/ocm03335433/ocm03335433/Output/ocm03335433_0282.tif /mnt/lsdi/ocm03335433/ocm03335433/Output/ocm03335433_0283.tif /mnt/lsdi/ocm03335433/ocm03335433/Output/ocm03335433_0284.tif /mnt/lsdi/ocm03335433/ocm03335433/Output/ocm03335433_0285.tif /mnt/lsdi/ocm03335433/ocm03335433/Output/ocm03335433_0286.tif /mnt/lsdi/ocm03335433/ocm03335433/Output/ocm03335433_0287.tif /mnt/lsdi/ocm03335433/ocm03335433/Output/ocm03335433_0288.tif /mnt/lsdi/ocm03335433/ocm03335433/Output/ocm03335433_0289.tif /mnt/lsdi/ocm03335433/ocm03335433/Output/ocm03335433_0290.tif /mnt/lsdi/ocm03335433/ocm03335433/Output/ocm03335433_0291.tif /mnt/lsdi/ocm03335433/ocm03335433/Output/ocm03335433_0292.tif /mnt/lsdi/ocm03335433/ocm03335433/Output/ocm03335433_0293.tif /mnt/lsdi/ocm03335433/ocm03335433/Output/ocm03335433_0294.tif /mnt/lsdi/ocm03335433/ocm03335433/Output/ocm03335433_0295.tif /mnt/lsdi/ocm03335433/ocm03335433/Output/ocm03335433_0296.tif /mnt/lsdi/ocm03335433/ocm03335433/Output/ocm03335433_0297.tif /mnt/lsdi/ocm03335433/ocm03335433/Output/ocm03335433_0298.tif /mnt/lsdi/ocm03335433/ocm03335433/Output/ocm03335433_0299.tif /mnt/lsdi/ocm03335433/ocm03335433/Output/ocm03335433_0300.tif /mnt/lsdi/ocm03335433/ocm03335433/Output/ocm03335433_0301.tif /mnt/lsdi/ocm03335433/ocm03335433/Output/ocm03335433_0302.tif /mnt/lsdi/ocm03335433/ocm03335433/Output/ocm03335433_0303.tif /mnt/lsdi/ocm03335433/ocm03335433/Output/ocm03335433_0304.tif /mnt/lsdi/ocm03335433/ocm03335433/Output/ocm03335433_0305.tif /mnt/lsdi/ocm03335433/ocm03335433/Output/ocm03335433_0306.tif /mnt/lsdi/ocm03335433/ocm03335433/Output/ocm03335433_0307.tif /mnt/lsdi/ocm03335433/ocm03335433/Output/ocm03335433_0308.tif /mnt/lsdi/ocm03335433/ocm03335433/Output/ocm03335433_0309.tif /mnt/lsdi/ocm03335433/ocm03335433/Output/ocm03335433_0310.tif /mnt/lsdi/ocm03335433/ocm03335433/Output/ocm03335433_0311.tif /mnt/lsdi/ocm03335433/ocm03335433/Output/ocm03335433_0312.tif /mnt/lsdi/ocm03335433/ocm03335433/Output/ocm03335433_0313.tif /mnt/lsdi/ocm03335433/ocm03335433/Output/ocm03335433_0314.tif /mnt/lsdi/ocm03335433/ocm03335433/Output/ocm03335433_0315.tif /mnt/lsdi/ocm03335433/ocm03335433/Output/ocm03335433_0316.tif /mnt/lsdi/ocm03335433/ocm03335433/Output/ocm03335433_0317.tif /mnt/lsdi/ocm03335433/ocm03335433/Output/ocm03335433_0318.tif /mnt/lsdi/ocm03335433/ocm03335433/Output/ocm03335433_0319.tif /mnt/lsdi/ocm03335433/ocm03335433/Output/ocm03335433_0320.tif /mnt/lsdi/ocm03335433/ocm03335433/Output/ocm03335433_0321.tif /mnt/lsdi/ocm03335433/ocm03335433/Output/ocm03335433_0322.tif /mnt/lsdi/ocm03335433/ocm03335433/Output/ocm03335433_0323.tif /mnt/lsdi/ocm03335433/ocm03335433/Output/ocm03335433_0324.tif /mnt/lsdi/ocm03335433/ocm03335433/Output/ocm03335433_0325.tif /mnt/lsdi/ocm03335433/ocm03335433/Output/ocm03335433_0326.tif /mnt/lsdi/ocm03335433/ocm03335433/Output/ocm03335433_0327.tif /mnt/lsdi/ocm03335433/ocm03335433/Output/ocm03335433_0328.tif /mnt/lsdi/ocm03335433/ocm03335433/Output/ocm03335433_0329.tif /mnt/lsdi/ocm03335433/ocm03335433/Output/ocm03335433_0330.tif /mnt/lsdi/ocm03335433/ocm03335433/Output/ocm03335433_0331.tif /mnt/lsdi/ocm03335433/ocm03335433/Output/ocm03335433_0332.tif /mnt/lsdi/ocm03335433/ocm03335433/Output/ocm03335433_0333.tif /mnt/lsdi/ocm03335433/ocm03335433/Output/ocm03335433_0334.tif /mnt/lsdi/ocm03335433/ocm03335433/Output/ocm03335433_0335.tif /mnt/lsdi/ocm03335433/ocm03335433/Output/ocm03335433_0336.tif /mnt/lsdi/ocm03335433/ocm03335433/Output/ocm03335433_0337.tif /mnt/lsdi/ocm03335433/ocm03335433/Output/ocm03335433_0338.tif /mnt/lsdi/ocm03335433/ocm03335433/Output/ocm03335433_0339.tif /mnt/lsdi/ocm03335433/ocm03335433/Output/ocm03335433_0340.tif /mnt/lsdi/ocm03335433/ocm03335433/Output/ocm03335433_0341.tif /mnt/lsdi/ocm03335433/ocm03335433/Output/ocm03335433_0342.tif /mnt/lsdi/ocm03335433/ocm03335433/Output/ocm03335433_0343.tif /mnt/lsdi/ocm03335433/ocm03335433/Output/ocm03335433_0344.tif /mnt/lsdi/ocm03335433/ocm03335433/Output/ocm03335433_0345.tif /mnt/lsdi/ocm03335433/ocm03335433/Output/ocm03335433_0346.tif /mnt/lsdi/ocm03335433/ocm03335433/Output/ocm03335433_0347.tif /mnt/lsdi/ocm03335433/ocm03335433/Output/ocm03335433_0348.tif /mnt/lsdi/ocm03335433/ocm03335433/Output/ocm03335433_0349.tif /mnt/lsdi/ocm03335433/ocm03335433/Output/ocm03335433_0350.tif /mnt/lsdi/ocm03335433/ocm03335433/Output/ocm03335433_0351.tif /mnt/lsdi/ocm03335433/ocm03335433/Output/ocm03335433_0352.tif /mnt/lsdi/ocm03335433/ocm03335433/Output/ocm03335433_0353.tif /mnt/lsdi/ocm03335433/ocm03335433/Output/ocm03335433_0354.tif /mnt/lsdi/ocm03335433/ocm03335433/Output/ocm03335433_0355.tif /mnt/lsdi/ocm03335433/ocm03335433/Output/ocm03335433_0356.tif /mnt/lsdi/ocm03335433/ocm03335433/Output/ocm03335433_0357.tif /mnt/lsdi/ocm03335433/ocm03335433/Output/ocm03335433_0358.tif /mnt/lsdi/ocm03335433/ocm03335433/Output/ocm03335433_0359.tif /mnt/lsdi/ocm03335433/ocm03335433/Output/ocm03335433_0360.tif /mnt/lsdi/ocm03335433/ocm03335433/Output/ocm03335433_0361.tif /mnt/lsdi/ocm03335433/ocm03335433/Output/ocm03335433_0362.tif /mnt/lsdi/ocm03335433/ocm03335433/Output/ocm03335433_0363.tif /mnt/lsdi/ocm03335433/ocm03335433/Output/ocm03335433_0364.tif /mnt/lsdi/ocm03335433/ocm03335433/Output/ocm03335433_0365.tif /mnt/lsdi/ocm03335433/ocm03335433/Output/ocm03335433_0366.tif /mnt/lsdi/ocm03335433/ocm03335433/Output/ocm03335433_0367.tif /mnt/lsdi/ocm03335433/ocm03335433/Output/ocm03335433_0368.tif /mnt/lsdi/ocm03335433/ocm03335433/Output/ocm03335433_0369.tif /mnt/lsdi/ocm03335433/ocm03335433/Output/ocm03335433_0370.tif /mnt/lsdi/ocm03335433/ocm03335433/Output/ocm03335433_0371.tif /mnt/lsdi/ocm03335433/ocm03335433/Output/ocm03335433_0372.tif /mnt/lsdi/ocm03335433/ocm03335433/Output/ocm03335433_0373.tif /mnt/lsdi/ocm03335433/ocm03335433/Output/ocm03335433_0374.tif /mnt/lsdi/ocm03335433/ocm03335433/Output/ocm03335433_0375.tif /mnt/lsdi/ocm03335433/ocm03335433/Output/ocm03335433_0376.tif /mnt/lsdi/ocm03335433/ocm03335433/Output/ocm03335433_0377.tif /mnt/lsdi/ocm03335433/ocm03335433/Output/ocm03335433_0378.tif /mnt/lsdi/ocm03335433/ocm03335433/Output/ocm03335433_0379.tif /mnt/lsdi/ocm03335433/ocm03335433/Output/ocm03335433_0380.tif /mnt/lsdi/ocm03335433/ocm03335433/Output/ocm03335433_0381.tif /mnt/lsdi/ocm03335433/ocm03335433/Output/ocm03335433_0382.tif /mnt/lsdi/ocm03335433/ocm03335433/Output/ocm03335433_0383.tif /mnt/lsdi/ocm03335433/ocm03335433/Output/ocm03335433_0384.tif /mnt/lsdi/ocm03335433/ocm03335433/Output/ocm03335433_0385.tif /mnt/lsdi/ocm03335433/ocm03335433/Output/ocm03335433_0386.tif /mnt/lsdi/ocm03335433/ocm03335433/Output/ocm03335433_0387.tif /mnt/lsdi/ocm03335433/ocm03335433/Output/ocm03335433_0388.tif /mnt/lsdi/ocm03335433/ocm03335433/Output/ocm03335433_0389.tif /mnt/lsdi/ocm03335433/ocm03335433/Output/ocm03335433_0390.tif /mnt/lsdi/ocm03335433/ocm03335433/Output/ocm03335433_0391.tif /mnt/lsdi/ocm03335433/ocm03335433/Output/ocm03335433_0392.tif /mnt/lsdi/ocm03335433/ocm03335433/Output/ocm03335433_0393.tif /mnt/lsdi/ocm03335433/ocm03335433/Output/ocm03335433_0394.tif /mnt/lsdi/ocm03335433/ocm03335433/Output/ocm03335433_0395.tif /mnt/lsdi/ocm03335433/ocm03335433/Output/ocm03335433_0396.tif /mnt/lsdi/ocm03335433/ocm03335433/Output/ocm03335433_0397.tif /mnt/lsdi/ocm03335433/ocm03335433/Output/ocm03335433_0398.tif /mnt/lsdi/ocm03335433/ocm03335433/Output/ocm03335433_0399.tif /mnt/lsdi/ocm03335433/ocm03335433/Output/ocm03335433_0400.tif /mnt/lsdi/ocm03335433/ocm03335433/Output/ocm03335433_0401.tif /mnt/lsdi/ocm03335433/ocm03335433/Output/ocm03335433_0402.tif
  adding: mnt/lsdi/ocm03335433/ocm03335433/Output/ocm03335433_0001.tif (deflated 81%)
  adding: mnt/lsdi/ocm03335433/ocm03335433/Output/ocm03335433_0002.tif (deflated 18%)
  adding: mnt/lsdi/ocm03335433/ocm03335433/Output/ocm03335433_0003.tif (deflated 2%)
  adding: mnt/lsdi/ocm03335433/ocm03335433/Output/ocm03335433_0004.tif (deflated 4%)
  adding: mnt/lsdi/ocm03335433/ocm03335433/Output/ocm03335433_0005.tif (deflated 81%)
  adding: mnt/lsdi/ocm03335433/ocm03335433/Output/ocm03335433_0006.tif (deflated 3%)
  adding: mnt/lsdi/ocm03335433/ocm03335433/Output/ocm03335433_0007.tif (deflated 3%)
  adding: mnt/lsdi/ocm03335433/ocm03335433/Output/ocm03335433_0008.tif (deflated 3%)
  adding: mnt/lsdi/ocm03335433/ocm03335433/Output/ocm03335433_0009.tif (deflated 3%)
  adding: mnt/lsdi/ocm03335433/ocm03335433/Output/ocm03335433_0010.tif (deflated 4%)
  adding: mnt/lsdi/ocm03335433/ocm03335433/Output/ocm03335433_0011.tif (deflated 4%)
  adding: mnt/lsdi/ocm03335433/ocm03335433/Output/ocm03335433_0012.tif (deflated 5%)
  adding: mnt/lsdi/ocm03335433/ocm03335433/Output/ocm03335433_0013.tif (deflated 4%)
  adding: mnt/lsdi/ocm03335433/ocm03335433/Output/ocm03335433_0014.tif (deflated 4%)
  adding: mnt/lsdi/ocm03335433/ocm03335433/Output/ocm03335433_0015.tif (deflated 4%)
  adding: mnt/lsdi/ocm03335433/ocm03335433/Output/ocm03335433_0016.tif (deflated 3%)
  adding: mnt/lsdi/ocm03335433/ocm03335433/Output/ocm03335433_0017.tif (deflated 5%)
  adding: mnt/lsdi/ocm03335433/ocm03335433/Output/ocm03335433_0018.tif (deflated 16%)
  adding: mnt/lsdi/ocm03335433/ocm03335433/Output/ocm03335433_0019.tif (deflated 4%)
  adding: mnt/lsdi/ocm03335433/ocm03335433/Output/ocm03335433_0020.tif (deflated 4%)
  adding: mnt/lsdi/ocm03335433/ocm03335433/Output/ocm03335433_0021.tif (deflated 3%)
  adding: mnt/lsdi/ocm03335433/ocm03335433/Output/ocm03335433_0022.tif (deflated 4%)
  adding: mnt/lsdi/ocm03335433/ocm03335433/Output/ocm03335433_0023.tif (deflated 4%)
  adding: mnt/lsdi/ocm03335433/ocm03335433/Output/ocm03335433_0024.tif (deflated 3%)
  adding: mnt/lsdi/ocm03335433/ocm03335433/Output/ocm03335433_0025.tif (deflated 3%)
  adding: mnt/lsdi/ocm03335433/ocm03335433/Output/ocm03335433_0026.tif (deflated 4%)
  adding: mnt/lsdi/ocm03335433/ocm03335433/Output/ocm03335433_0027.tif (deflated 4%)
  adding: mnt/lsdi/ocm03335433/ocm03335433/Output/ocm03335433_0028.tif (deflated 4%)
  adding: mnt/lsdi/ocm03335433/ocm03335433/Output/ocm03335433_0029.tif (deflated 4%)
  adding: mnt/lsdi/ocm03335433/ocm03335433/Output/ocm03335433_0030.tif (deflated 4%)
  adding: mnt/lsdi/ocm03335433/ocm03335433/Output/ocm03335433_0031.tif (deflated 4%)
  adding: mnt/lsdi/ocm03335433/ocm03335433/Output/ocm03335433_0032.tif (deflated 4%)
  adding: mnt/lsdi/ocm03335433/ocm03335433/Output/ocm03335433_0033.tif (deflated 4%)
  adding: mnt/lsdi/ocm03335433/ocm03335433/Output/ocm03335433_0034.tif (deflated 4%)
  adding: mnt/lsdi/ocm03335433/ocm03335433/Output/ocm03335433_0035.tif (deflated 4%)
  adding: mnt/lsdi/ocm03335433/ocm03335433/Output/ocm03335433_0036.tif (deflated 4%)
  adding: mnt/lsdi/ocm03335433/ocm03335433/Output/ocm03335433_0037.tif (deflated 4%)
  adding: mnt/lsdi/ocm03335433/ocm03335433/Output/ocm03335433_0038.tif (deflated 4%)
  adding: mnt/lsdi/ocm03335433/ocm03335433/Output/ocm03335433_0039.tif (deflated 4%)
  adding: mnt/lsdi/ocm03335433/ocm03335433/Output/ocm03335433_0040.tif (deflated 4%)
  adding: mnt/lsdi/ocm03335433/ocm03335433/Output/ocm03335433_0041.tif (deflated 4%)
  adding: mnt/lsdi/ocm03335433/ocm03335433/Output/ocm03335433_0042.tif (deflated 4%)
  adding: mnt/lsdi/ocm03335433/ocm03335433/Output/ocm03335433_0043.tif (deflated 4%)
  adding: mnt/lsdi/ocm03335433/ocm03335433/Output/ocm03335433_0044.tif (deflated 4%)
  adding: mnt/lsdi/ocm03335433/ocm03335433/Output/ocm03335433_0045.tif (deflated 4%)
  adding: mnt/lsdi/ocm03335433/ocm03335433/Output/ocm03335433_0046.tif (deflated 4%)
  adding: mnt/lsdi/ocm03335433/ocm03335433/Output/ocm03335433_0047.tif (deflated 4%)
  adding: mnt/lsdi/ocm03335433/ocm03335433/Output/ocm03335433_0048.tif (deflated 4%)
  adding: mnt/lsdi/ocm03335433/ocm03335433/Output/ocm03335433_0049.tif (deflated 5%)
  adding: mnt/lsdi/ocm03335433/ocm03335433/Output/ocm03335433_0050.tif (deflated 4%)
  adding: mnt/lsdi/ocm03335433/ocm03335433/Output/ocm03335433_0051.tif (deflated 4%)
  adding: mnt/lsdi/ocm03335433/ocm03335433/Output/ocm03335433_0052.tif (deflated 3%)
  adding: mnt/lsdi/ocm03335433/ocm03335433/Output/ocm03335433_0053.tif (deflated 3%)
  adding: mnt/lsdi/ocm03335433/ocm03335433/Output/ocm03335433_0054.tif (deflated 3%)
  adding: mnt/lsdi/ocm03335433/ocm03335433/Output/ocm03335433_0055.tif (deflated 3%)
  adding: mnt/lsdi/ocm03335433/ocm03335433/Output/ocm03335433_0056.tif (deflated 4%)
  adding: mnt/lsdi/ocm03335433/ocm03335433/Output/ocm03335433_0057.tif (deflated 4%)
  adding: mnt/lsdi/ocm03335433/ocm03335433/Output/ocm03335433_0058.tif (deflated 3%)
  adding: mnt/lsdi/ocm03335433/ocm03335433/Output/ocm03335433_0059.tif (deflated 4%)
  adding: mnt/lsdi/ocm03335433/ocm03335433/Output/ocm03335433_0060.tif (deflated 3%)
  adding: mnt/lsdi/ocm03335433/ocm03335433/Output/ocm03335433_0061.tif (deflated 3%)
  adding: mnt/lsdi/ocm03335433/ocm03335433/Output/ocm03335433_0062.tif (deflated 4%)
  adding: mnt/lsdi/ocm03335433/ocm03335433/Output/ocm03335433_0063.tif (deflated 3%)
  adding: mnt/lsdi/ocm03335433/ocm03335433/Output/ocm03335433_0064.tif (deflated 4%)
  adding: mnt/lsdi/ocm03335433/ocm03335433/Output/ocm03335433_0065.tif (deflated 3%)
  adding: mnt/lsdi/ocm03335433/ocm03335433/Output/ocm03335433_0066.tif (deflated 4%)
  adding: mnt/lsdi/ocm03335433/ocm03335433/Output/ocm03335433_0067.tif (deflated 3%)
  adding: mnt/lsdi/ocm03335433/ocm03335433/Output/ocm03335433_0068.tif (deflated 3%)
  adding: mnt/lsdi/ocm03335433/ocm03335433/Output/ocm03335433_0069.tif (deflated 3%)
  adding: mnt/lsdi/ocm03335433/ocm03335433/Output/ocm03335433_0070.tif (deflated 3%)
  adding: mnt/lsdi/ocm03335433/ocm03335433/Output/ocm03335433_0071.tif (deflated 4%)
  adding: mnt/lsdi/ocm03335433/ocm03335433/Output/ocm03335433_0072.tif (deflated 4%)
  adding: mnt/lsdi/ocm03335433/ocm03335433/Output/ocm03335433_0073.tif (deflated 4%)
  adding: mnt/lsdi/ocm03335433/ocm03335433/Output/ocm03335433_0074.tif (deflated 3%)
  adding: mnt/lsdi/ocm03335433/ocm03335433/Output/ocm03335433_0075.tif (deflated 3%)
  adding: mnt/lsdi/ocm03335433/ocm03335433/Output/ocm03335433_0076.tif (deflated 3%)
  adding: mnt/lsdi/ocm03335433/ocm03335433/Output/ocm03335433_0077.tif (deflated 4%)
  adding: mnt/lsdi/ocm03335433/ocm03335433/Output/ocm03335433_0078.tif (deflated 3%)
  adding: mnt/lsdi/ocm03335433/ocm03335433/Output/ocm03335433_0079.tif (deflated 3%)
  adding: mnt/lsdi/ocm03335433/ocm03335433/Output/ocm03335433_0080.tif (deflated 3%)
  adding: mnt/lsdi/ocm03335433/ocm03335433/Output/ocm03335433_0081.tif (deflated 3%)
  adding: mnt/lsdi/ocm03335433/ocm03335433/Output/ocm03335433_0082.tif (deflated 3%)
  adding: mnt/lsdi/ocm03335433/ocm03335433/Output/ocm03335433_0083.tif (deflated 4%)
  adding: mnt/lsdi/ocm03335433/ocm03335433/Output/ocm03335433_0084.tif (deflated 4%)
  adding: mnt/lsdi/ocm03335433/ocm03335433/Output/ocm03335433_0085.tif (deflated 3%)
  adding: mnt/lsdi/ocm03335433/ocm03335433/Output/ocm03335433_0086.tif (deflated 3%)
  adding: mnt/lsdi/ocm03335433/ocm03335433/Output/ocm03335433_0087.tif (deflated 3%)
  adding: mnt/lsdi/ocm03335433/ocm03335433/Output/ocm03335433_0088.tif (deflated 3%)
  adding: mnt/lsdi/ocm03335433/ocm03335433/Output/ocm03335433_0089.tif (deflated 3%)
  adding: mnt/lsdi/ocm03335433/ocm03335433/Output/ocm03335433_0090.tif (deflated 4%)
  adding: mnt/lsdi/ocm03335433/ocm03335433/Output/ocm03335433_0091.tif (deflated 3%)
  adding: mnt/lsdi/ocm03335433/ocm03335433/Output/ocm03335433_0092.tif (deflated 4%)
  adding: mnt/lsdi/ocm03335433/ocm03335433/Output/ocm03335433_0093.tif (deflated 4%)
  adding: mnt/lsdi/ocm03335433/ocm03335433/Output/ocm03335433_0094.tif (deflated 4%)
  adding: mnt/lsdi/ocm03335433/ocm03335433/Output/ocm03335433_0095.tif (deflated 4%)
  adding: mnt/lsdi/ocm03335433/ocm03335433/Output/ocm03335433_0096.tif (deflated 3%)
  adding: mnt/lsdi/ocm03335433/ocm03335433/Output/ocm03335433_0097.tif (deflated 4%)
  adding: mnt/lsdi/ocm03335433/ocm03335433/Output/ocm03335433_0098.tif (deflated 3%)
  adding: mnt/lsdi/ocm03335433/ocm03335433/Output/ocm03335433_0099.tif (deflated 3%)
  adding: mnt/lsdi/ocm03335433/ocm03335433/Output/ocm03335433_0100.tif (deflated 3%)
  adding: mnt/lsdi/ocm03335433/ocm03335433/Output/ocm03335433_0101.tif (deflated 3%)
  adding: mnt/lsdi/ocm03335433/ocm03335433/Output/ocm03335433_0102.tif (deflated 4%)
  adding: mnt/lsdi/ocm03335433/ocm03335433/Output/ocm03335433_0103.tif (deflated 4%)
  adding: mnt/lsdi/ocm03335433/ocm03335433/Output/ocm03335433_0104.tif (deflated 4%)
  adding: mnt/lsdi/ocm03335433/ocm03335433/Output/ocm03335433_0105.tif (deflated 4%)
  adding: mnt/lsdi/ocm03335433/ocm03335433/Output/ocm03335433_0106.tif (deflated 4%)
  adding: mnt/lsdi/ocm03335433/ocm03335433/Output/ocm03335433_0107.tif (deflated 4%)
  adding: mnt/lsdi/ocm03335433/ocm03335433/Output/ocm03335433_0108.tif (deflated 4%)
  adding: mnt/lsdi/ocm03335433/ocm03335433/Output/ocm03335433_0109.tif (deflated 4%)
  adding: mnt/lsdi/ocm03335433/ocm03335433/Output/ocm03335433_0110.tif (deflated 3%)
  adding: mnt/lsdi/ocm03335433/ocm03335433/Output/ocm03335433_0111.tif (deflated 3%)
  adding: mnt/lsdi/ocm03335433/ocm03335433/Output/ocm03335433_0112.tif (deflated 3%)
  adding: mnt/lsdi/ocm03335433/ocm03335433/Output/ocm03335433_0113.tif (deflated 4%)
  adding: mnt/lsdi/ocm03335433/ocm03335433/Output/ocm03335433_0114.tif (deflated 4%)
  adding: mnt/lsdi/ocm03335433/ocm03335433/Output/ocm03335433_0115.tif (deflated 4%)
  adding: mnt/lsdi/ocm03335433/ocm03335433/Output/ocm03335433_0116.tif (deflated 3%)
  adding: mnt/lsdi/ocm03335433/ocm03335433/Output/ocm03335433_0117.tif (deflated 4%)
  adding: mnt/lsdi/ocm03335433/ocm03335433/Output/ocm03335433_0118.tif (deflated 3%)
  adding: mnt/lsdi/ocm03335433/ocm03335433/Output/ocm03335433_0119.tif (deflated 4%)
  adding: mnt/lsdi/ocm03335433/ocm03335433/Output/ocm03335433_0120.tif (deflated 3%)
  adding: mnt/lsdi/ocm03335433/ocm03335433/Output/ocm03335433_0121.tif (deflated 4%)
  adding: mnt/lsdi/ocm03335433/ocm03335433/Output/ocm03335433_0122.tif (deflated 4%)
  adding: mnt/lsdi/ocm03335433/ocm03335433/Output/ocm03335433_0123.tif (deflated 3%)
  adding: mnt/lsdi/ocm03335433/ocm03335433/Output/ocm03335433_0124.tif (deflated 4%)
  adding: mnt/lsdi/ocm03335433/ocm03335433/Output/ocm03335433_0125.tif (deflated 3%)
  adding: mnt/lsdi/ocm03335433/ocm03335433/Output/ocm03335433_0126.tif (deflated 4%)
  adding: mnt/lsdi/ocm03335433/ocm03335433/Output/ocm03335433_0127.tif (deflated 3%)
  adding: mnt/lsdi/ocm03335433/ocm03335433/Output/ocm03335433_0128.tif (deflated 3%)
  adding: mnt/lsdi/ocm03335433/ocm03335433/Output/ocm03335433_0129.tif (deflated 4%)
  adding: mnt/lsdi/ocm03335433/ocm03335433/Output/ocm03335433_0130.tif (deflated 3%)
  adding: mnt/lsdi/ocm03335433/ocm03335433/Output/ocm03335433_0131.tif (deflated 3%)
  adding: mnt/lsdi/ocm03335433/ocm03335433/Output/ocm03335433_0132.tif (deflated 3%)
  adding: mnt/lsdi/ocm03335433/ocm03335433/Output/ocm03335433_0133.tif (deflated 4%)
  adding: mnt/lsdi/ocm03335433/ocm03335433/Output/ocm03335433_0134.tif (deflated 3%)
  adding: mnt/lsdi/ocm03335433/ocm03335433/Output/ocm03335433_0135.tif (deflated 4%)
  adding: mnt/lsdi/ocm03335433/ocm03335433/Output/ocm03335433_0136.tif (deflated 3%)
  adding: mnt/lsdi/ocm03335433/ocm03335433/Output/ocm03335433_0137.tif (deflated 4%)
  adding: mnt/lsdi/ocm03335433/ocm03335433/Output/ocm03335433_0138.tif (deflated 4%)
  adding: mnt/lsdi/ocm03335433/ocm03335433/Output/ocm03335433_0139.tif (deflated 3%)
  adding: mnt/lsdi/ocm03335433/ocm03335433/Output/ocm03335433_0140.tif (deflated 4%)
  adding: mnt/lsdi/ocm03335433/ocm03335433/Output/ocm03335433_0141.tif (deflated 4%)
  adding: mnt/lsdi/ocm03335433/ocm03335433/Output/ocm03335433_0142.tif (deflated 3%)
  adding: mnt/lsdi/ocm03335433/ocm03335433/Output/ocm03335433_0143.tif (deflated 3%)
  adding: mnt/lsdi/ocm03335433/ocm03335433/Output/ocm03335433_0144.tif (deflated 3%)
  adding: mnt/lsdi/ocm03335433/ocm03335433/Output/ocm03335433_0145.tif (deflated 3%)
  adding: mnt/lsdi/ocm03335433/ocm03335433/Output/ocm03335433_0146.tif (deflated 4%)
  adding: mnt/lsdi/ocm03335433/ocm03335433/Output/ocm03335433_0147.tif (deflated 4%)
  adding: mnt/lsdi/ocm03335433/ocm03335433/Output/ocm03335433_0148.tif (deflated 3%)
  adding: mnt/lsdi/ocm03335433/ocm03335433/Output/ocm03335433_0149.tif (deflated 3%)
  adding: mnt/lsdi/ocm03335433/ocm03335433/Output/ocm03335433_0150.tif (deflated 4%)
  adding: mnt/lsdi/ocm03335433/ocm03335433/Output/ocm03335433_0151.tif (deflated 3%)
  adding: mnt/lsdi/ocm03335433/ocm03335433/Output/ocm03335433_0152.tif (deflated 3%)
  adding: mnt/lsdi/ocm03335433/ocm03335433/Output/ocm03335433_0153.tif (deflated 3%)
  adding: mnt/lsdi/ocm03335433/ocm03335433/Output/ocm03335433_0154.tif (deflated 3%)
  adding: mnt/lsdi/ocm03335433/ocm03335433/Output/ocm03335433_0155.tif (deflated 3%)
  adding: mnt/lsdi/ocm03335433/ocm03335433/Output/ocm03335433_0156.tif (deflated 3%)
  adding: mnt/lsdi/ocm03335433/ocm03335433/Output/ocm03335433_0157.tif (deflated 4%)
  adding: mnt/lsdi/ocm03335433/ocm03335433/Output/ocm03335433_0158.tif (deflated 4%)
  adding: mnt/lsdi/ocm03335433/ocm03335433/Output/ocm03335433_0159.tif (deflated 3%)
  adding: mnt/lsdi/ocm03335433/ocm03335433/Output/ocm03335433_0160.tif (deflated 4%)
  adding: mnt/lsdi/ocm03335433/ocm03335433/Output/ocm03335433_0161.tif (deflated 4%)
  adding: mnt/lsdi/ocm03335433/ocm03335433/Output/ocm03335433_0162.tif (deflated 3%)
  adding: mnt/lsdi/ocm03335433/ocm03335433/Output/ocm03335433_0163.tif (deflated 4%)
  adding: mnt/lsdi/ocm03335433/ocm03335433/Output/ocm03335433_0164.tif (deflated 4%)
  adding: mnt/lsdi/ocm03335433/ocm03335433/Output/ocm03335433_0165.tif (deflated 3%)
  adding: mnt/lsdi/ocm03335433/ocm03335433/Output/ocm03335433_0166.tif (deflated 3%)
  adding: mnt/lsdi/ocm03335433/ocm03335433/Output/ocm03335433_0167.tif (deflated 3%)
  adding: mnt/lsdi/ocm03335433/ocm03335433/Output/ocm03335433_0168.tif (deflated 4%)
  adding: mnt/lsdi/ocm03335433/ocm03335433/Output/ocm03335433_0169.tif (deflated 4%)
  adding: mnt/lsdi/ocm03335433/ocm03335433/Output/ocm03335433_0170.tif (deflated 3%)
  adding: mnt/lsdi/ocm03335433/ocm03335433/Output/ocm03335433_0171.tif (deflated 3%)
  adding: mnt/lsdi/ocm03335433/ocm03335433/Output/ocm03335433_0172.tif (deflated 4%)
  adding: mnt/lsdi/ocm03335433/ocm03335433/Output/ocm03335433_0173.tif (deflated 4%)
  adding: mnt/lsdi/ocm03335433/ocm03335433/Output/ocm03335433_0174.tif (deflated 4%)
  adding: mnt/lsdi/ocm03335433/ocm03335433/Output/ocm03335433_0175.tif (deflated 3%)
  adding: mnt/lsdi/ocm03335433/ocm03335433/Output/ocm03335433_0176.tif (deflated 3%)
  adding: mnt/lsdi/ocm03335433/ocm03335433/Output/ocm03335433_0177.tif (deflated 4%)
  adding: mnt/lsdi/ocm03335433/ocm03335433/Output/ocm03335433_0178.tif (deflated 3%)
  adding: mnt/lsdi/ocm03335433/ocm03335433/Output/ocm03335433_0179.tif (deflated 4%)
  adding: mnt/lsdi/ocm03335433/ocm03335433/Output/ocm03335433_0180.tif (deflated 4%)
  adding: mnt/lsdi/ocm03335433/ocm03335433/Output/ocm03335433_0181.tif (deflated 4%)
  adding: mnt/lsdi/ocm03335433/ocm03335433/Output/ocm03335433_0182.tif (deflated 4%)
  adding: mnt/lsdi/ocm03335433/ocm03335433/Output/ocm03335433_0183.tif (deflated 4%)
  adding: mnt/lsdi/ocm03335433/ocm03335433/Output/ocm03335433_0184.tif (deflated 4%)
  adding: mnt/lsdi/ocm03335433/ocm03335433/Output/ocm03335433_0185.tif (deflated 4%)
  adding: mnt/lsdi/ocm03335433/ocm03335433/Output/ocm03335433_0186.tif (deflated 3%)
  adding: mnt/lsdi/ocm03335433/ocm03335433/Output/ocm03335433_0187.tif (deflated 4%)
  adding: mnt/lsdi/ocm03335433/ocm03335433/Output/ocm03335433_0188.tif (deflated 4%)
  adding: mnt/lsdi/ocm03335433/ocm03335433/Output/ocm03335433_0189.tif (deflated 4%)
  adding: mnt/lsdi/ocm03335433/ocm03335433/Output/ocm03335433_0190.tif (deflated 4%)
  adding: mnt/lsdi/ocm03335433/ocm03335433/Output/ocm03335433_0191.tif (deflated 3%)
  adding: mnt/lsdi/ocm03335433/ocm03335433/Output/ocm03335433_0192.tif (deflated 4%)
  adding: mnt/lsdi/ocm03335433/ocm03335433/Output/ocm03335433_0193.tif (deflated 4%)
  adding: mnt/lsdi/ocm03335433/ocm03335433/Output/ocm03335433_0194.tif (deflated 4%)
  adding: mnt/lsdi/ocm03335433/ocm03335433/Output/ocm03335433_0195.tif (deflated 3%)
  adding: mnt/lsdi/ocm03335433/ocm03335433/Output/ocm03335433_0196.tif (deflated 4%)
  adding: mnt/lsdi/ocm03335433/ocm03335433/Output/ocm03335433_0197.tif (deflated 3%)
  adding: mnt/lsdi/ocm03335433/ocm03335433/Output/ocm03335433_0198.tif (deflated 4%)
  adding: mnt/lsdi/ocm03335433/ocm03335433/Output/ocm03335433_0199.tif (deflated 3%)
  adding: mnt/lsdi/ocm03335433/ocm03335433/Output/ocm03335433_0200.tif (deflated 3%)
  adding: mnt/lsdi/ocm03335433/ocm03335433/Output/ocm03335433_0201.tif (deflated 4%)
  adding: mnt/lsdi/ocm03335433/ocm03335433/Output/ocm03335433_0202.tif (deflated 4%)
  adding: mnt/lsdi/ocm03335433/ocm03335433/Output/ocm03335433_0203.tif (deflated 4%)
  adding: mnt/lsdi/ocm03335433/ocm03335433/Output/ocm03335433_0204.tif (deflated 4%)
  adding: mnt/lsdi/ocm03335433/ocm03335433/Output/ocm03335433_0205.tif (deflated 4%)
  adding: mnt/lsdi/ocm03335433/ocm03335433/Output/ocm03335433_0206.tif (deflated 4%)
  adding: mnt/lsdi/ocm03335433/ocm03335433/Output/ocm03335433_0207.tif (deflated 4%)
  adding: mnt/lsdi/ocm03335433/ocm03335433/Output/ocm03335433_0208.tif (deflated 4%)
  adding: mnt/lsdi/ocm03335433/ocm03335433/Output/ocm03335433_0209.tif