02176775
curl --location --header x-amz-auto-make-bucket:1 --header x-archive-ignore-preexisting-bucket:1 --header x-archive-queue-derive:0 --header x-archive-meta-mediatype:texts --header x-archive-meta03-collection:emory --header x-archive-meta01-collection:americanmethodism --header x-archive-meta-sponsor:Emory University, Pitts Theology Library --header x-archive-meta-contributor:Emory University, Pitts Theology Library --header x-archive-meta-ppi:300 --header authorization: LOW fpJYfLnxbLmCEHqU:JQbq6NgBaPrSh98Y --upload-file /mnt/lsdi/ocm02176775/ocm02176775/ocm02176775_MRC.xml http://s3.us.archive.org/02176775.emory.edu/02176775.emory.edu_marc.xml
  % Total    % Received % Xferd  Average Speed   Time    Time     Time  Current
                                 Dload  Upload   Total   Spent    Left  Speed
  0     0    0     0    0     0      0      0 --:--:-- --:--:-- --:--:--     0  0  3236    0     0    0     0      0      0 --:--:--  0:00:01 --:--:--     0100  3236    0     0  100  3236      0   2201  0:00:01  0:00:01 --:--:--  2318100  3236    0     0  100  3236      0   1531  0:00:02  0:00:02 --:--:--  1587
zip -r /temp/ocm02176775_images.zip /mnt/lsdi/ocm02176775/ocm02176775/Output/0001.tif /mnt/lsdi/ocm02176775/ocm02176775/Output/0002.tif /mnt/lsdi/ocm02176775/ocm02176775/Output/0003.tif /mnt/lsdi/ocm02176775/ocm02176775/Output/0004.tif /mnt/lsdi/ocm02176775/ocm02176775/Output/0005.tif /mnt/lsdi/ocm02176775/ocm02176775/Output/0006.tif /mnt/lsdi/ocm02176775/ocm02176775/Output/0007.tif /mnt/lsdi/ocm02176775/ocm02176775/Output/0008.tif /mnt/lsdi/ocm02176775/ocm02176775/Output/0009.tif /mnt/lsdi/ocm02176775/ocm02176775/Output/0010.tif /mnt/lsdi/ocm02176775/ocm02176775/Output/0011.tif /mnt/lsdi/ocm02176775/ocm02176775/Output/0012.tif /mnt/lsdi/ocm02176775/ocm02176775/Output/0013.tif /mnt/lsdi/ocm02176775/ocm02176775/Output/0014.tif /mnt/lsdi/ocm02176775/ocm02176775/Output/0015.tif /mnt/lsdi/ocm02176775/ocm02176775/Output/0016.tif /mnt/lsdi/ocm02176775/ocm02176775/Output/0017.tif /mnt/lsdi/ocm02176775/ocm02176775/Output/0018.tif /mnt/lsdi/ocm02176775/ocm02176775/Output/0019.tif /mnt/lsdi/ocm02176775/ocm02176775/Output/0020.tif /mnt/lsdi/ocm02176775/ocm02176775/Output/0021.tif /mnt/lsdi/ocm02176775/ocm02176775/Output/0022.tif /mnt/lsdi/ocm02176775/ocm02176775/Output/0023.tif /mnt/lsdi/ocm02176775/ocm02176775/Output/0024.tif /mnt/lsdi/ocm02176775/ocm02176775/Output/0025.tif /mnt/lsdi/ocm02176775/ocm02176775/Output/0026.tif /mnt/lsdi/ocm02176775/ocm02176775/Output/0027.tif /mnt/lsdi/ocm02176775/ocm02176775/Output/0028.tif /mnt/lsdi/ocm02176775/ocm02176775/Output/0029.tif /mnt/lsdi/ocm02176775/ocm02176775/Output/0030.tif /mnt/lsdi/ocm02176775/ocm02176775/Output/0031.tif /mnt/lsdi/ocm02176775/ocm02176775/Output/0032.tif /mnt/lsdi/ocm02176775/ocm02176775/Output/0033.tif /mnt/lsdi/ocm02176775/ocm02176775/Output/0034.tif /mnt/lsdi/ocm02176775/ocm02176775/Output/0035.tif /mnt/lsdi/ocm02176775/ocm02176775/Output/0036.tif /mnt/lsdi/ocm02176775/ocm02176775/Output/0037.tif /mnt/lsdi/ocm02176775/ocm02176775/Output/0038.tif /mnt/lsdi/ocm02176775/ocm02176775/Output/0039.tif /mnt/lsdi/ocm02176775/ocm02176775/Output/0040.tif /mnt/lsdi/ocm02176775/ocm02176775/Output/0041.tif /mnt/lsdi/ocm02176775/ocm02176775/Output/0042.tif /mnt/lsdi/ocm02176775/ocm02176775/Output/0043.tif /mnt/lsdi/ocm02176775/ocm02176775/Output/0044.tif /mnt/lsdi/ocm02176775/ocm02176775/Output/0045.tif /mnt/lsdi/ocm02176775/ocm02176775/Output/0046.tif /mnt/lsdi/ocm02176775/ocm02176775/Output/0047.tif /mnt/lsdi/ocm02176775/ocm02176775/Output/0048.tif /mnt/lsdi/ocm02176775/ocm02176775/Output/0049.tif /mnt/lsdi/ocm02176775/ocm02176775/Output/0050.tif /mnt/lsdi/ocm02176775/ocm02176775/Output/0051.tif /mnt/lsdi/ocm02176775/ocm02176775/Output/0052.tif /mnt/lsdi/ocm02176775/ocm02176775/Output/0053.tif /mnt/lsdi/ocm02176775/ocm02176775/Output/0054.tif /mnt/lsdi/ocm02176775/ocm02176775/Output/0055.tif /mnt/lsdi/ocm02176775/ocm02176775/Output/0056.tif /mnt/lsdi/ocm02176775/ocm02176775/Output/0057.tif /mnt/lsdi/ocm02176775/ocm02176775/Output/0058.tif /mnt/lsdi/ocm02176775/ocm02176775/Output/0059.tif /mnt/lsdi/ocm02176775/ocm02176775/Output/0060.tif /mnt/lsdi/ocm02176775/ocm02176775/Output/0061.tif /mnt/lsdi/ocm02176775/ocm02176775/Output/0062.tif /mnt/lsdi/ocm02176775/ocm02176775/Output/0063.tif /mnt/lsdi/ocm02176775/ocm02176775/Output/0064.tif /mnt/lsdi/ocm02176775/ocm02176775/Output/0065.tif /mnt/lsdi/ocm02176775/ocm02176775/Output/0066.tif /mnt/lsdi/ocm02176775/ocm02176775/Output/0067.tif /mnt/lsdi/ocm02176775/ocm02176775/Output/0068.tif /mnt/lsdi/ocm02176775/ocm02176775/Output/0069.tif /mnt/lsdi/ocm02176775/ocm02176775/Output/0070.tif /mnt/lsdi/ocm02176775/ocm02176775/Output/0071.tif /mnt/lsdi/ocm02176775/ocm02176775/Output/0072.tif /mnt/lsdi/ocm02176775/ocm02176775/Output/0073.tif /mnt/lsdi/ocm02176775/ocm02176775/Output/0074.tif /mnt/lsdi/ocm02176775/ocm02176775/Output/0075.tif /mnt/lsdi/ocm02176775/ocm02176775/Output/0076.tif /mnt/lsdi/ocm02176775/ocm02176775/Output/0077.tif /mnt/lsdi/ocm02176775/ocm02176775/Output/0078.tif /mnt/lsdi/ocm02176775/ocm02176775/Output/0079.tif /mnt/lsdi/ocm02176775/ocm02176775/Output/0080.tif /mnt/lsdi/ocm02176775/ocm02176775/Output/0081.tif /mnt/lsdi/ocm02176775/ocm02176775/Output/0082.tif /mnt/lsdi/ocm02176775/ocm02176775/Output/0083.tif /mnt/lsdi/ocm02176775/ocm02176775/Output/0084.tif /mnt/lsdi/ocm02176775/ocm02176775/Output/0085.tif /mnt/lsdi/ocm02176775/ocm02176775/Output/0086.tif /mnt/lsdi/ocm02176775/ocm02176775/Output/0087.tif /mnt/lsdi/ocm02176775/ocm02176775/Output/0088.tif /mnt/lsdi/ocm02176775/ocm02176775/Output/0089.tif /mnt/lsdi/ocm02176775/ocm02176775/Output/0090.tif /mnt/lsdi/ocm02176775/ocm02176775/Output/0091.tif /mnt/lsdi/ocm02176775/ocm02176775/Output/0092.tif /mnt/lsdi/ocm02176775/ocm02176775/Output/0093.tif /mnt/lsdi/ocm02176775/ocm02176775/Output/0094.tif /mnt/lsdi/ocm02176775/ocm02176775/Output/0095.tif /mnt/lsdi/ocm02176775/ocm02176775/Output/0096.tif /mnt/lsdi/ocm02176775/ocm02176775/Output/0097.tif /mnt/lsdi/ocm02176775/ocm02176775/Output/0098.tif /mnt/lsdi/ocm02176775/ocm02176775/Output/0099.tif /mnt/lsdi/ocm02176775/ocm02176775/Output/0100.tif /mnt/lsdi/ocm02176775/ocm02176775/Output/0101.tif /mnt/lsdi/ocm02176775/ocm02176775/Output/0102.tif /mnt/lsdi/ocm02176775/ocm02176775/Output/0103.tif /mnt/lsdi/ocm02176775/ocm02176775/Output/0104.tif /mnt/lsdi/ocm02176775/ocm02176775/Output/0105.tif /mnt/lsdi/ocm02176775/ocm02176775/Output/0106.tif /mnt/lsdi/ocm02176775/ocm02176775/Output/0107.tif /mnt/lsdi/ocm02176775/ocm02176775/Output/0108.tif /mnt/lsdi/ocm02176775/ocm02176775/Output/0109.tif /mnt/lsdi/ocm02176775/ocm02176775/Output/0110.tif /mnt/lsdi/ocm02176775/ocm02176775/Output/0111.tif /mnt/lsdi/ocm02176775/ocm02176775/Output/0112.tif /mnt/lsdi/ocm02176775/ocm02176775/Output/0113.tif /mnt/lsdi/ocm02176775/ocm02176775/Output/0114.tif /mnt/lsdi/ocm02176775/ocm02176775/Output/0115.tif /mnt/lsdi/ocm02176775/ocm02176775/Output/0116.tif /mnt/lsdi/ocm02176775/ocm02176775/Output/0117.tif /mnt/lsdi/ocm02176775/ocm02176775/Output/0118.tif /mnt/lsdi/ocm02176775/ocm02176775/Output/0119.tif /mnt/lsdi/ocm02176775/ocm02176775/Output/0120.tif /mnt/lsdi/ocm02176775/ocm02176775/Output/0121.tif /mnt/lsdi/ocm02176775/ocm02176775/Output/0122.tif /mnt/lsdi/ocm02176775/ocm02176775/Output/0123.tif /mnt/lsdi/ocm02176775/ocm02176775/Output/0124.tif /mnt/lsdi/ocm02176775/ocm02176775/Output/0125.tif /mnt/lsdi/ocm02176775/ocm02176775/Output/0126.tif /mnt/lsdi/ocm02176775/ocm02176775/Output/0127.tif /mnt/lsdi/ocm02176775/ocm02176775/Output/0128.tif /mnt/lsdi/ocm02176775/ocm02176775/Output/0129.tif /mnt/lsdi/ocm02176775/ocm02176775/Output/0130.tif /mnt/lsdi/ocm02176775/ocm02176775/Output/0131.tif /mnt/lsdi/ocm02176775/ocm02176775/Output/0132.tif /mnt/lsdi/ocm02176775/ocm02176775/Output/0133.tif /mnt/lsdi/ocm02176775/ocm02176775/Output/0134.tif /mnt/lsdi/ocm02176775/ocm02176775/Output/0135.tif /mnt/lsdi/ocm02176775/ocm02176775/Output/0136.tif /mnt/lsdi/ocm02176775/ocm02176775/Output/0137.tif /mnt/lsdi/ocm02176775/ocm02176775/Output/0138.tif /mnt/lsdi/ocm02176775/ocm02176775/Output/0139.tif /mnt/lsdi/ocm02176775/ocm02176775/Output/0140.tif /mnt/lsdi/ocm02176775/ocm02176775/Output/0141.tif /mnt/lsdi/ocm02176775/ocm02176775/Output/0142.tif /mnt/lsdi/ocm02176775/ocm02176775/Output/0143.tif /mnt/lsdi/ocm02176775/ocm02176775/Output/0144.tif /mnt/lsdi/ocm02176775/ocm02176775/Output/0145.tif /mnt/lsdi/ocm02176775/ocm02176775/Output/0146.tif /mnt/lsdi/ocm02176775/ocm02176775/Output/0147.tif /mnt/lsdi/ocm02176775/ocm02176775/Output/0148.tif /mnt/lsdi/ocm02176775/ocm02176775/Output/0149.tif /mnt/lsdi/ocm02176775/ocm02176775/Output/0150.tif /mnt/lsdi/ocm02176775/ocm02176775/Output/0151.tif /mnt/lsdi/ocm02176775/ocm02176775/Output/0152.tif /mnt/lsdi/ocm02176775/ocm02176775/Output/0153.tif /mnt/lsdi/ocm02176775/ocm02176775/Output/0154.tif /mnt/lsdi/ocm02176775/ocm02176775/Output/0155.tif /mnt/lsdi/ocm02176775/ocm02176775/Output/0156.tif /mnt/lsdi/ocm02176775/ocm02176775/Output/0157.tif /mnt/lsdi/ocm02176775/ocm02176775/Output/0158.tif /mnt/lsdi/ocm02176775/ocm02176775/Output/0159.tif /mnt/lsdi/ocm02176775/ocm02176775/Output/0160.tif /mnt/lsdi/ocm02176775/ocm02176775/Output/0161.tif /mnt/lsdi/ocm02176775/ocm02176775/Output/0162.tif /mnt/lsdi/ocm02176775/ocm02176775/Output/0163.tif /mnt/lsdi/ocm02176775/ocm02176775/Output/0164.tif /mnt/lsdi/ocm02176775/ocm02176775/Output/0165.tif /mnt/lsdi/ocm02176775/ocm02176775/Output/0166.tif /mnt/lsdi/ocm02176775/ocm02176775/Output/0167.tif /mnt/lsdi/ocm02176775/ocm02176775/Output/0168.tif /mnt/lsdi/ocm02176775/ocm02176775/Output/0169.tif /mnt/lsdi/ocm02176775/ocm02176775/Output/0170.tif /mnt/lsdi/ocm02176775/ocm02176775/Output/0171.tif /mnt/lsdi/ocm02176775/ocm02176775/Output/0172.tif /mnt/lsdi/ocm02176775/ocm02176775/Output/0173.tif /mnt/lsdi/ocm02176775/ocm02176775/Output/0174.tif /mnt/lsdi/ocm02176775/ocm02176775/Output/0175.tif /mnt/lsdi/ocm02176775/ocm02176775/Output/0176.tif /mnt/lsdi/ocm02176775/ocm02176775/Output/0177.tif /mnt/lsdi/ocm02176775/ocm02176775/Output/0178.tif /mnt/lsdi/ocm02176775/ocm02176775/Output/0179.tif /mnt/lsdi/ocm02176775/ocm02176775/Output/0180.tif /mnt/lsdi/ocm02176775/ocm02176775/Output/0181.tif /mnt/lsdi/ocm02176775/ocm02176775/Output/0182.tif /mnt/lsdi/ocm02176775/ocm02176775/Output/0183.tif /mnt/lsdi/ocm02176775/ocm02176775/Output/0184.tif /mnt/lsdi/ocm02176775/ocm02176775/Output/0185.tif /mnt/lsdi/ocm02176775/ocm02176775/Output/0186.tif /mnt/lsdi/ocm02176775/ocm02176775/Output/0187.tif /mnt/lsdi/ocm02176775/ocm02176775/Output/0188.tif /mnt/lsdi/ocm02176775/ocm02176775/Output/0189.tif /mnt/lsdi/ocm02176775/ocm02176775/Output/0190.tif /mnt/lsdi/ocm02176775/ocm02176775/Output/0191.tif /mnt/lsdi/ocm02176775/ocm02176775/Output/0192.tif /mnt/lsdi/ocm02176775/ocm02176775/Output/0193.tif /mnt/lsdi/ocm02176775/ocm02176775/Output/0194.tif /mnt/lsdi/ocm02176775/ocm02176775/Output/0195.tif /mnt/lsdi/ocm02176775/ocm02176775/Output/0196.tif /mnt/lsdi/ocm02176775/ocm02176775/Output/0197.tif /mnt/lsdi/ocm02176775/ocm02176775/Output/0198.tif /mnt/lsdi/ocm02176775/ocm02176775/Output/0199.tif /mnt/lsdi/ocm02176775/ocm02176775/Output/0200.tif /mnt/lsdi/ocm02176775/ocm02176775/Output/0201.tif /mnt/lsdi/ocm02176775/ocm02176775/Output/0202.tif /mnt/lsdi/ocm02176775/ocm02176775/Output/0203.tif /mnt/lsdi/ocm02176775/ocm02176775/Output/0204.tif /mnt/lsdi/ocm02176775/ocm02176775/Output/0205.tif /mnt/lsdi/ocm02176775/ocm02176775/Output/0206.tif /mnt/lsdi/ocm02176775/ocm02176775/Output/0207.tif /mnt/lsdi/ocm02176775/ocm02176775/Output/0208.tif /mnt/lsdi/ocm02176775/ocm02176775/Output/0209.tif /mnt/lsdi/ocm02176775/ocm02176775/Output/0210.tif /mnt/lsdi/ocm02176775/ocm02176775/Output/0211.tif /mnt/lsdi/ocm02176775/ocm02176775/Output/0212.tif /mnt/lsdi/ocm02176775/ocm02176775/Output/0213.tif /mnt/lsdi/ocm02176775/ocm02176775/Output/0214.tif /mnt/lsdi/ocm02176775/ocm02176775/Output/0215.tif /mnt/lsdi/ocm02176775/ocm02176775/Output/0216.tif /mnt/lsdi/ocm02176775/ocm02176775/Output/0217.tif /mnt/lsdi/ocm02176775/ocm02176775/Output/0218.tif /mnt/lsdi/ocm02176775/ocm02176775/Output/0219.tif /mnt/lsdi/ocm02176775/ocm02176775/Output/0220.tif /mnt/lsdi/ocm02176775/ocm02176775/Output/0221.tif /mnt/lsdi/ocm02176775/ocm02176775/Output/0222.tif /mnt/lsdi/ocm02176775/ocm02176775/Output/0223.tif /mnt/lsdi/ocm02176775/ocm02176775/Output/0224.tif /mnt/lsdi/ocm02176775/ocm02176775/Output/0225.tif /mnt/lsdi/ocm02176775/ocm02176775/Output/0226.tif /mnt/lsdi/ocm02176775/ocm02176775/Output/0227.tif /mnt/lsdi/ocm02176775/ocm02176775/Output/0228.tif /mnt/lsdi/ocm02176775/ocm02176775/Output/0229.tif /mnt/lsdi/ocm02176775/ocm02176775/Output/0230.tif /mnt/lsdi/ocm02176775/ocm02176775/Output/0231.tif /mnt/lsdi/ocm02176775/ocm02176775/Output/0232.tif /mnt/lsdi/ocm02176775/ocm02176775/Output/0233.tif /mnt/lsdi/ocm02176775/ocm02176775/Output/0234.tif /mnt/lsdi/ocm02176775/ocm02176775/Output/0235.tif /mnt/lsdi/ocm02176775/ocm02176775/Output/0236.tif /mnt/lsdi/ocm02176775/ocm02176775/Output/0237.tif /mnt/lsdi/ocm02176775/ocm02176775/Output/0238.tif /mnt/lsdi/ocm02176775/ocm02176775/Output/0239.tif /mnt/lsdi/ocm02176775/ocm02176775/Output/0240.tif /mnt/lsdi/ocm02176775/ocm02176775/Output/0241.tif /mnt/lsdi/ocm02176775/ocm02176775/Output/0242.tif /mnt/lsdi/ocm02176775/ocm02176775/Output/0243.tif /mnt/lsdi/ocm02176775/ocm02176775/Output/0244.tif /mnt/lsdi/ocm02176775/ocm02176775/Output/0245.tif /mnt/lsdi/ocm02176775/ocm02176775/Output/0246.tif /mnt/lsdi/ocm02176775/ocm02176775/Output/0247.tif /mnt/lsdi/ocm02176775/ocm02176775/Output/0248.tif /mnt/lsdi/ocm02176775/ocm02176775/Output/0249.tif /mnt/lsdi/ocm02176775/ocm02176775/Output/0250.tif /mnt/lsdi/ocm02176775/ocm02176775/Output/0251.tif /mnt/lsdi/ocm02176775/ocm02176775/Output/0252.tif /mnt/lsdi/ocm02176775/ocm02176775/Output/0253.tif /mnt/lsdi/ocm02176775/ocm02176775/Output/0254.tif /mnt/lsdi/ocm02176775/ocm02176775/Output/0255.tif /mnt/lsdi/ocm02176775/ocm02176775/Output/0256.tif /mnt/lsdi/ocm02176775/ocm02176775/Output/0257.tif /mnt/lsdi/ocm02176775/ocm02176775/Output/0258.tif /mnt/lsdi/ocm02176775/ocm02176775/Output/0259.tif /mnt/lsdi/ocm02176775/ocm02176775/Output/0260.tif /mnt/lsdi/ocm02176775/ocm02176775/Output/0261.tif /mnt/lsdi/ocm02176775/ocm02176775/Output/0262.tif /mnt/lsdi/ocm02176775/ocm02176775/Output/0263.tif /mnt/lsdi/ocm02176775/ocm02176775/Output/0264.tif /mnt/lsdi/ocm02176775/ocm02176775/Output/0265.tif /mnt/lsdi/ocm02176775/ocm02176775/Output/0266.tif /mnt/lsdi/ocm02176775/ocm02176775/Output/0267.tif /mnt/lsdi/ocm02176775/ocm02176775/Output/0268.tif /mnt/lsdi/ocm02176775/ocm02176775/Output/0269.tif /mnt/lsdi/ocm02176775/ocm02176775/Output/0270.tif /mnt/lsdi/ocm02176775/ocm02176775/Output/0271.tif /mnt/lsdi/ocm02176775/ocm02176775/Output/0272.tif /mnt/lsdi/ocm02176775/ocm02176775/Output/0273.tif /mnt/lsdi/ocm02176775/ocm02176775/Output/0274.tif /mnt/lsdi/ocm02176775/ocm02176775/Output/0275.tif /mnt/lsdi/ocm02176775/ocm02176775/Output/0276.tif /mnt/lsdi/ocm02176775/ocm02176775/Output/0277.tif /mnt/lsdi/ocm02176775/ocm02176775/Output/0278.tif /mnt/lsdi/ocm02176775/ocm02176775/Output/0279.tif /mnt/lsdi/ocm02176775/ocm02176775/Output/0280.tif /mnt/lsdi/ocm02176775/ocm02176775/Output/0281.tif /mnt/lsdi/ocm02176775/ocm02176775/Output/0282.tif /mnt/lsdi/ocm02176775/ocm02176775/Output/0283.tif /mnt/lsdi/ocm02176775/ocm02176775/Output/0284.tif /mnt/lsdi/ocm02176775/ocm02176775/Output/0285.tif /mnt/lsdi/ocm02176775/ocm02176775/Output/0286.tif /mnt/lsdi/ocm02176775/ocm02176775/Output/0287.tif /mnt/lsdi/ocm02176775/ocm02176775/Output/0288.tif /mnt/lsdi/ocm02176775/ocm02176775/Output/0289.tif /mnt/lsdi/ocm02176775/ocm02176775/Output/0290.tif /mnt/lsdi/ocm02176775/ocm02176775/Output/0291.tif /mnt/lsdi/ocm02176775/ocm02176775/Output/0292.tif /mnt/lsdi/ocm02176775/ocm02176775/Output/0293.tif /mnt/lsdi/ocm02176775/ocm02176775/Output/0294.tif /mnt/lsdi/ocm02176775/ocm02176775/Output/0295.tif /mnt/lsdi/ocm02176775/ocm02176775/Output/0296.tif /mnt/lsdi/ocm02176775/ocm02176775/Output/0297.tif /mnt/lsdi/ocm02176775/ocm02176775/Output/0298.tif /mnt/lsdi/ocm02176775/ocm02176775/Output/0299.tif /mnt/lsdi/ocm02176775/ocm02176775/Output/0300.tif /mnt/lsdi/ocm02176775/ocm02176775/Output/0301.tif /mnt/lsdi/ocm02176775/ocm02176775/Output/0302.tif /mnt/lsdi/ocm02176775/ocm02176775/Output/0303.tif /mnt/lsdi/ocm02176775/ocm02176775/Output/0304.tif /mnt/lsdi/ocm02176775/ocm02176775/Output/0305.tif /mnt/lsdi/ocm02176775/ocm02176775/Output/0306.tif /mnt/lsdi/ocm02176775/ocm02176775/Output/0307.tif /mnt/lsdi/ocm02176775/ocm02176775/Output/0308.tif /mnt/lsdi/ocm02176775/ocm02176775/Output/0309.tif /mnt/lsdi/ocm02176775/ocm02176775/Output/0310.tif /mnt/lsdi/ocm02176775/ocm02176775/Output/0311.tif /mnt/lsdi/ocm02176775/ocm02176775/Output/0312.tif /mnt/lsdi/ocm02176775/ocm02176775/Output/0313.tif /mnt/lsdi/ocm02176775/ocm02176775/Output/0314.tif /mnt/lsdi/ocm02176775/ocm02176775/Output/0315.tif /mnt/lsdi/ocm02176775/ocm02176775/Output/0316.tif /mnt/lsdi/ocm02176775/ocm02176775/Output/0317.tif /mnt/lsdi/ocm02176775/ocm02176775/Output/0318.tif /mnt/lsdi/ocm02176775/ocm02176775/Output/0319.tif /mnt/lsdi/ocm02176775/ocm02176775/Output/0320.tif /mnt/lsdi/ocm02176775/ocm02176775/Output/0321.tif /mnt/lsdi/ocm02176775/ocm02176775/Output/0322.tif /mnt/lsdi/ocm02176775/ocm02176775/Output/0323.tif /mnt/lsdi/ocm02176775/ocm02176775/Output/0324.tif /mnt/lsdi/ocm02176775/ocm02176775/Output/0325.tif /mnt/lsdi/ocm02176775/ocm02176775/Output/0326.tif /mnt/lsdi/ocm02176775/ocm02176775/Output/0327.tif /mnt/lsdi/ocm02176775/ocm02176775/Output/0328.tif /mnt/lsdi/ocm02176775/ocm02176775/Output/0329.tif /mnt/lsdi/ocm02176775/ocm02176775/Output/0330.tif /mnt/lsdi/ocm02176775/ocm02176775/Output/0331.tif /mnt/lsdi/ocm02176775/ocm02176775/Output/0332.tif /mnt/lsdi/ocm02176775/ocm02176775/Output/0333.tif /mnt/lsdi/ocm02176775/ocm02176775/Output/0334.tif /mnt/lsdi/ocm02176775/ocm02176775/Output/0335.tif /mnt/lsdi/ocm02176775/ocm02176775/Output/0336.tif /mnt/lsdi/ocm02176775/ocm02176775/Output/0337.tif /mnt/lsdi/ocm02176775/ocm02176775/Output/0338.tif /mnt/lsdi/ocm02176775/ocm02176775/Output/0339.tif /mnt/lsdi/ocm02176775/ocm02176775/Output/0340.tif /mnt/lsdi/ocm02176775/ocm02176775/Output/0341.tif /mnt/lsdi/ocm02176775/ocm02176775/Output/0342.tif /mnt/lsdi/ocm02176775/ocm02176775/Output/0343.tif /mnt/lsdi/ocm02176775/ocm02176775/Output/0344.tif /mnt/lsdi/ocm02176775/ocm02176775/Output/0345.tif /mnt/lsdi/ocm02176775/ocm02176775/Output/0346.tif /mnt/lsdi/ocm02176775/ocm02176775/Output/0347.tif /mnt/lsdi/ocm02176775/ocm02176775/Output/0348.tif /mnt/lsdi/ocm02176775/ocm02176775/Output/0349.tif /mnt/lsdi/ocm02176775/ocm02176775/Output/0350.tif /mnt/lsdi/ocm02176775/ocm02176775/Output/0351.tif /mnt/lsdi/ocm02176775/ocm02176775/Output/0352.tif /mnt/lsdi/ocm02176775/ocm02176775/Output/0353.tif /mnt/lsdi/ocm02176775/ocm02176775/Output/0354.tif /mnt/lsdi/ocm02176775/ocm02176775/Output/0355.tif /mnt/lsdi/ocm02176775/ocm02176775/Output/0356.tif /mnt/lsdi/ocm02176775/ocm02176775/Output/0357.tif /mnt/lsdi/ocm02176775/ocm02176775/Output/0358.tif /mnt/lsdi/ocm02176775/ocm02176775/Output/0359.tif /mnt/lsdi/ocm02176775/ocm02176775/Output/0360.tif /mnt/lsdi/ocm02176775/ocm02176775/Output/0361.tif /mnt/lsdi/ocm02176775/ocm02176775/Output/0362.tif /mnt/lsdi/ocm02176775/ocm02176775/Output/0363.tif /mnt/lsdi/ocm02176775/ocm02176775/Output/0364.tif /mnt/lsdi/ocm02176775/ocm02176775/Output/0365.tif /mnt/lsdi/ocm02176775/ocm02176775/Output/0366.tif /mnt/lsdi/ocm02176775/ocm02176775/Output/0367.tif /mnt/lsdi/ocm02176775/ocm02176775/Output/0368.tif /mnt/lsdi/ocm02176775/ocm02176775/Output/0369.tif /mnt/lsdi/ocm02176775/ocm02176775/Output/0370.tif /mnt/lsdi/ocm02176775/ocm02176775/Output/0371.tif /mnt/lsdi/ocm02176775/ocm02176775/Output/0372.tif /mnt/lsdi/ocm02176775/ocm02176775/Output/0373.tif /mnt/lsdi/ocm02176775/ocm02176775/Output/0374.tif /mnt/lsdi/ocm02176775/ocm02176775/Output/0375.tif /mnt/lsdi/ocm02176775/ocm02176775/Output/0376.tif /mnt/lsdi/ocm02176775/ocm02176775/Output/0377.tif /mnt/lsdi/ocm02176775/ocm02176775/Output/0378.tif /mnt/lsdi/ocm02176775/ocm02176775/Output/0379.tif /mnt/lsdi/ocm02176775/ocm02176775/Output/0380.tif /mnt/lsdi/ocm02176775/ocm02176775/Output/0381.tif /mnt/lsdi/ocm02176775/ocm02176775/Output/0382.tif /mnt/lsdi/ocm02176775/ocm02176775/Output/0383.tif /mnt/lsdi/ocm02176775/ocm02176775/Output/0384.tif /mnt/lsdi/ocm02176775/ocm02176775/Output/0385.tif /mnt/lsdi/ocm02176775/ocm02176775/Output/0386.tif /mnt/lsdi/ocm02176775/ocm02176775/Output/0387.tif /mnt/lsdi/ocm02176775/ocm02176775/Output/0388.tif /mnt/lsdi/ocm02176775/ocm02176775/Output/0389.tif /mnt/lsdi/ocm02176775/ocm02176775/Output/0390.tif /mnt/lsdi/ocm02176775/ocm02176775/Output/0391.tif /mnt/lsdi/ocm02176775/ocm02176775/Output/0392.tif /mnt/lsdi/ocm02176775/ocm02176775/Output/0393.tif /mnt/lsdi/ocm02176775/ocm02176775/Output/0394.tif /mnt/lsdi/ocm02176775/ocm02176775/Output/0395.tif /mnt/lsdi/ocm02176775/ocm02176775/Output/0396.tif /mnt/lsdi/ocm02176775/ocm02176775/Output/0397.tif /mnt/lsdi/ocm02176775/ocm02176775/Output/0398.tif /mnt/lsdi/ocm02176775/ocm02176775/Output/0399.tif /mnt/lsdi/ocm02176775/ocm02176775/Output/0400.tif /mnt/lsdi/ocm02176775/ocm02176775/Output/0401.tif /mnt/lsdi/ocm02176775/ocm02176775/Output/0402.tif /mnt/lsdi/ocm02176775/ocm02176775/Output/0403.tif /mnt/lsdi/ocm02176775/ocm02176775/Output/0404.tif /mnt/lsdi/ocm02176775/ocm02176775/Output/0405.tif /mnt/lsdi/ocm02176775/ocm02176775/Output/0406.tif /mnt/lsdi/ocm02176775/ocm02176775/Output/0407.tif /mnt/lsdi/ocm02176775/ocm02176775/Output/0408.tif /mnt/lsdi/ocm02176775/ocm02176775/Output/0409.tif /mnt/lsdi/ocm02176775/ocm02176775/Output/0410.tif /mnt/lsdi/ocm02176775/ocm02176775/Output/0411.tif /mnt/lsdi/ocm02176775/ocm02176775/Output/0412.tif /mnt/lsdi/ocm02176775/ocm02176775/Output/0413.tif /mnt/lsdi/ocm02176775/ocm02176775/Output/0414.tif /mnt/lsdi/ocm02176775/ocm02176775/Output/0415.tif /mnt/lsdi/ocm02176775/ocm02176775/Output/0416.tif /mnt/lsdi/ocm02176775/ocm02176775/Output/0417.tif /mnt/lsdi/ocm02176775/ocm02176775/Output/0418.tif /mnt/lsdi/ocm02176775/ocm02176775/Output/0419.tif /mnt/lsdi/ocm02176775/ocm02176775/Output/0420.tif /mnt/lsdi/ocm02176775/ocm02176775/Output/0421.tif /mnt/lsdi/ocm02176775/ocm02176775/Output/0422.tif /mnt/lsdi/ocm02176775/ocm02176775/Output/0423.tif /mnt/lsdi/ocm02176775/ocm02176775/Output/0424.tif /mnt/lsdi/ocm02176775/ocm02176775/Output/0425.tif /mnt/lsdi/ocm02176775/ocm02176775/Output/0426.tif /mnt/lsdi/ocm02176775/ocm02176775/Output/0427.tif /mnt/lsdi/ocm02176775/ocm02176775/Output/0428.tif /mnt/lsdi/ocm02176775/ocm02176775/Output/0429.tif /mnt/lsdi/ocm02176775/ocm02176775/Output/0430.tif /mnt/lsdi/ocm02176775/ocm02176775/Output/0431.tif /mnt/lsdi/ocm02176775/ocm02176775/Output/0432.tif /mnt/lsdi/ocm02176775/ocm02176775/Output/0433.tif /mnt/lsdi/ocm02176775/ocm02176775/Output/0434.tif
  adding: mnt/lsdi/ocm02176775/ocm02176775/Output/0001.tif (deflated 1%)
  adding: mnt/lsdi/ocm02176775/ocm02176775/Output/0002.tif (deflated 5%)
  adding: mnt/lsdi/ocm02176775/ocm02176775/Output/0003.tif (deflated 1%)
  adding: mnt/lsdi/ocm02176775/ocm02176775/Output/0004.tif (deflated 3%)
  adding: mnt/lsdi/ocm02176775/ocm02176775/Output/0005.tif (deflated 1%)
  adding: mnt/lsdi/ocm02176775/ocm02176775/Output/0006.tif (deflated 4%)
  adding: mnt/lsdi/ocm02176775/ocm02176775/Output/0007.tif (deflated 4%)
  adding: mnt/lsdi/ocm02176775/ocm02176775/Output/0008.tif (deflated 3%)
  adding: mnt/lsdi/ocm02176775/ocm02176775/Output/0009.tif (deflated 3%)
  adding: mnt/lsdi/ocm02176775/ocm02176775/Output/0010.tif (deflated 3%)
  adding: mnt/lsdi/ocm02176775/ocm02176775/Output/0011.tif (deflated 3%)
  adding: mnt/lsdi/ocm02176775/ocm02176775/Output/0012.tif (deflated 3%)
  adding: mnt/lsdi/ocm02176775/ocm02176775/Output/0013.tif (deflated 3%)
  adding: mnt/lsdi/ocm02176775/ocm02176775/Output/0014.tif (deflated 5%)
  adding: mnt/lsdi/ocm02176775/ocm02176775/Output/0015.tif (deflated 1%)
  adding: mnt/lsdi/ocm02176775/ocm02176775/Output/0016.tif (deflated 3%)
  adding: mnt/lsdi/ocm02176775/ocm02176775/Output/0017.tif (deflated 3%)
  adding: mnt/lsdi/ocm02176775/ocm02176775/Output/0018.tif (deflated 1%)
  adding: mnt/lsdi/ocm02176775/ocm02176775/Output/0019.tif (deflated 4%)
  adding: mnt/lsdi/ocm02176775/ocm02176775/Output/0020.tif (deflated 4%)
  adding: mnt/lsdi/ocm02176775/ocm02176775/Output/0021.tif (deflated 2%)
  adding: mnt/lsdi/ocm02176775/ocm02176775/Output/0022.tif (deflated 5%)
  adding: mnt/lsdi/ocm02176775/ocm02176775/Output/0023.tif (deflated 2%)
  adding: mnt/lsdi/ocm02176775/ocm02176775/Output/0024.tif (deflated 4%)
  adding: mnt/lsdi/ocm02176775/ocm02176775/Output/0025.tif (deflated 2%)
  adding: mnt/lsdi/ocm02176775/ocm02176775/Output/0026.tif (deflated 4%)
  adding: mnt/lsdi/ocm02176775/ocm02176775/Output/0027.tif (deflated 4%)
  adding: mnt/lsdi/ocm02176775/ocm02176775/Output/0028.tif (deflated 5%)
  adding: mnt/lsdi/ocm02176775/ocm02176775/Output/0029.tif (deflated 2%)
  adding: mnt/lsdi/ocm02176775/ocm02176775/Output/0030.tif (deflated 5%)
  adding: mnt/lsdi/ocm02176775/ocm02176775/Output/0031.tif (deflated 4%)
  adding: mnt/lsdi/ocm02176775/ocm02176775/Output/0032.tif (deflated 2%)
  adding: mnt/lsdi/ocm02176775/ocm02176775/Output/0033.tif (deflated 4%)
  adding: mnt/lsdi/ocm02176775/ocm02176775/Output/0034.tif (deflated 4%)
  adding: mnt/lsdi/ocm02176775/ocm02176775/Output/0035.tif (deflated 2%)
  adding: mnt/lsdi/ocm02176775/ocm02176775/Output/0036.tif (deflated 5%)
  adding: mnt/lsdi/ocm02176775/ocm02176775/Output/0037.tif (deflated 3%)
  adding: mnt/lsdi/ocm02176775/ocm02176775/Output/0038.tif (deflated 6%)
  adding: mnt/lsdi/ocm02176775/ocm02176775/Output/0039.tif (deflated 96%)
  adding: mnt/lsdi/ocm02176775/ocm02176775/Output/0040.tif (deflated 1%)
  adding: mnt/lsdi/ocm02176775/ocm02176775/Output/0041.tif (deflated 4%)
  adding: mnt/lsdi/ocm02176775/ocm02176775/Output/0042.tif (deflated 3%)
  adding: mnt/lsdi/ocm02176775/ocm02176775/Output/0043.tif (deflated 5%)
  adding: mnt/lsdi/ocm02176775/ocm02176775/Output/0044.tif (deflated 2%)
  adding: mnt/lsdi/ocm02176775/ocm02176775/Output/0045.tif (deflated 1%)
  adding: mnt/lsdi/ocm02176775/ocm02176775/Output/0046.tif (deflated 2%)
  adding: mnt/lsdi/ocm02176775/ocm02176775/Output/0047.tif (deflated 5%)
  adding: mnt/lsdi/ocm02176775/ocm02176775/Output/0048.tif (deflated 2%)
  adding: mnt/lsdi/ocm02176775/ocm02176775/Output/0049.tif (deflated 4%)
  adding: mnt/lsdi/ocm02176775/ocm02176775/Output/0050.tif (deflated 3%)
  adding: mnt/lsdi/ocm02176775/ocm02176775/Output/0051.tif (deflated 4%)
  adding: mnt/lsdi/ocm02176775/ocm02176775/Output/0052.tif (deflated 4%)
  adding: mnt/lsdi/ocm02176775/ocm02176775/Output/0053.tif (deflated 5%)
  adding: mnt/lsdi/ocm02176775/ocm02176775/Output/0054.tif (deflated 2%)
  adding: mnt/lsdi/ocm02176775/ocm02176775/Output/0055.tif (deflated 3%)
  adding: mnt/lsdi/ocm02176775/ocm02176775/Output/0056.tif (deflated 5%)
  adding: mnt/lsdi/ocm02176775/ocm02176775/Output/0057.tif (deflated 3%)
  adding: mnt/lsdi/ocm02176775/ocm02176775/Output/0058.tif (deflated 5%)
  adding: mnt/lsdi/ocm02176775/ocm02176775/Output/0059.tif (deflated 2%)
  adding: mnt/lsdi/ocm02176775/ocm02176775/Output/0060.tif (deflated 5%)
  adding: mnt/lsdi/ocm02176775/ocm02176775/Output/0061.tif (deflated 5%)
  adding: mnt/lsdi/ocm02176775/ocm02176775/Output/0062.tif (deflated 1%)
  adding: mnt/lsdi/ocm02176775/ocm02176775/Output/0063.tif (deflated 4%)
  adding: mnt/lsdi/ocm02176775/ocm02176775/Output/0064.tif (deflated 4%)
  adding: mnt/lsdi/ocm02176775/ocm02176775/Output/0065.tif (deflated 5%)
  adding: mnt/lsdi/ocm02176775/ocm02176775/Output/0066.tif (deflated 4%)
  adding: mnt/lsdi/ocm02176775/ocm02176775/Output/0067.tif (deflated 5%)
  adding: mnt/lsdi/ocm02176775/ocm02176775/Output/0068.tif (deflated 2%)
  adding: mnt/lsdi/ocm02176775/ocm02176775/Output/0069.tif (deflated 2%)
  adding: mnt/lsdi/ocm02176775/ocm02176775/Output/0070.tif (deflated 5%)
  adding: mnt/lsdi/ocm02176775/ocm02176775/Output/0071.tif (deflated 3%)
  adding: mnt/lsdi/ocm02176775/ocm02176775/Output/0072.tif (deflated 5%)
  adding: mnt/lsdi/ocm02176775/ocm02176775/Output/0073.tif (deflated 4%)
  adding: mnt/lsdi/ocm02176775/ocm02176775/Output/0074.tif (deflated 5%)
  adding: mnt/lsdi/ocm02176775/ocm02176775/Output/0075.tif (deflated 4%)
  adding: mnt/lsdi/ocm02176775/ocm02176775/Output/0076.tif (deflated 4%)
  adding: mnt/lsdi/ocm02176775/ocm02176775/Output/0077.tif (deflated 4%)
  adding: mnt/lsdi/ocm02176775/ocm02176775/Output/0078.tif (deflated 1%)
  adding: mnt/lsdi/ocm02176775/ocm02176775/Output/0079.tif (deflated 3%)
  adding: mnt/lsdi/ocm02176775/ocm02176775/Output/0080.tif (deflated 4%)
  adding: mnt/lsdi/ocm02176775/ocm02176775/Output/0081.tif (deflated 2%)
  adding: mnt/lsdi/ocm02176775/ocm02176775/Output/0082.tif (deflated 2%)
  adding: mnt/lsdi/ocm02176775/ocm02176775/Output/0083.tif (deflated 2%)
  adding: mnt/lsdi/ocm02176775/ocm02176775/Output/0084.tif (deflated 2%)
  adding: mnt/lsdi/ocm02176775/ocm02176775/Output/0085.tif (deflated 4%)
  adding: mnt/lsdi/ocm02176775/ocm02176775/Output/0086.tif (deflated 1%)
  adding: mnt/lsdi/ocm02176775/ocm02176775/Output/0087.tif (deflated 4%)
  adding: mnt/lsdi/ocm02176775/ocm02176775/Output/0088.tif (deflated 1%)
  adding: mnt/lsdi/ocm02176775/ocm02176775/Output/0089.tif (deflated 4%)
  adding: mnt/lsdi/ocm02176775/ocm02176775/Output/0090.tif (deflated 5%)
  adding: mnt/lsdi/ocm02176775/ocm02176775/Output/0091.tif (deflated 4%)
  adding: mnt/lsdi/ocm02176775/ocm02176775/Output/0092.tif (deflated 4%)
  adding: mnt/lsdi/ocm02176775/ocm02176775/Output/0093.tif (deflated 4%)
  adding: mnt/lsdi/ocm02176775/ocm02176775/Output/0094.tif (deflated 4%)
  adding: mnt/lsdi/ocm02176775/ocm02176775/Output/0095.tif (deflated 4%)
  adding: mnt/lsdi/ocm02176775/ocm02176775/Output/0096.tif (deflated 5%)
  adding: mnt/lsdi/ocm02176775/ocm02176775/Output/0097.tif (deflated 4%)
  adding: mnt/lsdi/ocm02176775/ocm02176775/Output/0098.tif (deflated 5%)
  adding: mnt/lsdi/ocm02176775/ocm02176775/Output/0099.tif (deflated 4%)
  adding: mnt/lsdi/ocm02176775/ocm02176775/Output/0100.tif (deflated 5%)
  adding: mnt/lsdi/ocm02176775/ocm02176775/Output/0101.tif (deflated 4%)
  adding: mnt/lsdi/ocm02176775/ocm02176775/Output/0102.tif (deflated 3%)
  adding: mnt/lsdi/ocm02176775/ocm02176775/Output/0103.tif (deflated 4%)
  adding: mnt/lsdi/ocm02176775/ocm02176775/Output/0104.tif (deflated 4%)
  adding: mnt/lsdi/ocm02176775/ocm02176775/Output/0105.tif (deflated 4%)
  adding: mnt/lsdi/ocm02176775/ocm02176775/Output/0106.tif (deflated 1%)
  adding: mnt/lsdi/ocm02176775/ocm02176775/Output/0107.tif (deflated 2%)
  adding: mnt/lsdi/ocm02176775/ocm02176775/Output/0108.tif (deflated 5%)
  adding: mnt/lsdi/ocm02176775/ocm02176775/Output/0109.tif (deflated 3%)
  adding: mnt/lsdi/ocm02176775/ocm02176775/Output/0110.tif (deflated 5%)
  adding: mnt/lsdi/ocm02176775/ocm02176775/Output/0111.tif (deflated 4%)
  adding: mnt/lsdi/ocm02176775/ocm02176775/Output/0112.tif (deflated 4%)
  adding: mnt/lsdi/ocm02176775/ocm02176775/Output/0113.tif (deflated 4%)
  adding: mnt/lsdi/ocm02176775/ocm02176775/Output/0114.tif (deflated 4%)
  adding: mnt/lsdi/ocm02176775/ocm02176775/Output/0115.tif (deflated 4%)
  adding: mnt/lsdi/ocm02176775/ocm02176775/Output/0116.tif (deflated 5%)
  adding: mnt/lsdi/ocm02176775/ocm02176775/Output/0117.tif (deflated 4%)
  adding: mnt/lsdi/ocm02176775/ocm02176775/Output/0118.tif (deflated 5%)
  adding: mnt/lsdi/ocm02176775/ocm02176775/Output/0119.tif (deflated 4%)
  adding: mnt/lsdi/ocm02176775/ocm02176775/Output/0120.tif (deflated 5%)
  adding: mnt/lsdi/ocm02176775/ocm02176775/Output/0121.tif (deflated 4%)
  adding: mnt/lsdi/ocm02176775/ocm02176775/Output/0122.tif (deflated 4%)
  adding: mnt/lsdi/ocm02176775/ocm02176775/Output/0123.tif (deflated 2%)
  adding: mnt/lsdi/ocm02176775/ocm02176775/Output/0124.tif (deflated 5%)
  adding: mnt/lsdi/ocm02176775/ocm02176775/Output/0125.tif (deflated 4%)
  adding: mnt/lsdi/ocm02176775/ocm02176775/Output/0126.tif (deflated 2%)
  adding: mnt/lsdi/ocm02176775/ocm02176775/Output/0127.tif (deflated 4%)
  adding: mnt/lsdi/ocm02176775/ocm02176775/Output/0128.tif (deflated 5%)
  adding: mnt/lsdi/ocm02176775/ocm02176775/Output/0129.tif (deflated 4%)
  adding: mnt/lsdi/ocm02176775/ocm02176775/Output/0130.tif (deflated 6%)
  adding: mnt/lsdi/ocm02176775/ocm02176775/Output/0131.tif (deflated 4%)
  adding: mnt/lsdi/ocm02176775/ocm02176775/Output/0132.tif (deflated 3%)
  adding: mnt/lsdi/ocm02176775/ocm02176775/Output/0133.tif (deflated 4%)
  adding: mnt/lsdi/ocm02176775/ocm02176775/Output/0134.tif (deflated 4%)
  adding: mnt/lsdi/ocm02176775/ocm02176775/Output/0135.tif (deflated 2%)
  adding: mnt/lsdi/ocm02176775/ocm02176775/Output/0136.tif (deflated 4%)
  adding: mnt/lsdi/ocm02176775/ocm02176775/Output/0137.tif (deflated 5%)
  adding: mnt/lsdi/ocm02176775/ocm02176775/Output/0138.tif (deflated 4%)
  adding: mnt/lsdi/ocm02176775/ocm02176775/Output/0139.tif (deflated 4%)
  adding: mnt/lsdi/ocm02176775/ocm02176775/Output/0140.tif (deflated 10%)
  adding: mnt/lsdi/ocm02176775/ocm02176775/Output/0141.tif (deflated 4%)
  adding: mnt/lsdi/ocm02176775/ocm02176775/Output/0142.tif (deflated 4%)
  adding: mnt/lsdi/ocm02176775/ocm02176775/Output/0143.tif (deflated 4%)
  adding: mnt/lsdi/ocm02176775/ocm02176775/Output/0144.tif (deflated 4%)
  adding: mnt/lsdi/ocm02176775/ocm02176775/Output/0145.tif (deflated 4%)
  adding: mnt/lsdi/ocm02176775/ocm02176775/Output/0146.tif (deflated 8%)
  adding: mnt/lsdi/ocm02176775/ocm02176775/Output/0147.tif (deflated 4%)
  adding: mnt/lsdi/ocm02176775/ocm02176775/Output/0148.tif (deflated 5%)
  adding: mnt/lsdi/ocm02176775/ocm02176775/Output/0149.tif (deflated 4%)
  adding: mnt/lsdi/ocm02176775/ocm02176775/Output/0150.tif (deflated 3%)
  adding: mnt/lsdi/ocm02176775/ocm02176775/Output/0151.tif (deflated 1%)
  adding: mnt/lsdi/ocm02176775/ocm02176775/Output/0152.tif (deflated 2%)
  adding: mnt/lsdi/ocm02176775/ocm02176775/Output/0153.tif (deflated 1%)
  adding: mnt/lsdi/ocm02176775/ocm02176775/Output/0154.tif (deflated 2%)
  adding: mnt/lsdi/ocm02176775/ocm02176775/Output/0155.tif (deflated 2%)
  adding: mnt/lsdi/ocm02176775/ocm02176775/Output/0156.tif (deflated 4%)
  adding: mnt/lsdi/ocm02176775/ocm02176775/Output/0157.tif (deflated 4%)
  adding: mnt/lsdi/ocm02176775/ocm02176775/Output/0158.tif (deflated 4%)
  adding: mnt/lsdi/ocm02176775/ocm02176775/Output/0159.tif (deflated 4%)
  adding: mnt/lsdi/ocm02176775/ocm02176775/Output/0160.tif (deflated 3%)
  adding: mnt/lsdi/ocm02176775/ocm02176775/Output/0161.tif (deflated 1%)
  adding: mnt/lsdi/ocm02176775/ocm02176775/Output/0162.tif (deflated 4%)
  adding: mnt/lsdi/ocm02176775/ocm02176775/Output/0163.tif (deflated 5%)
  adding: mnt/lsdi/ocm02176775/ocm02176775/Output/0164.tif (deflated 5%)
  adding: mnt/lsdi/ocm02176775/ocm02176775/Output/0165.tif (deflated 5%)
  adding: mnt/lsdi/ocm02176775/ocm02176775/Output/0166.tif (deflated 2%)
  adding: mnt/lsdi/ocm02176775/ocm02176775/Output/0167.tif (deflated 4%)
  adding: mnt/lsdi/ocm02176775/ocm02176775/Output/0168.tif (deflated 5%)
  adding: mnt/lsdi/ocm02176775/ocm02176775/Output/0169.tif (deflated 4%)
  adding: mnt/lsdi/ocm02176775/ocm02176775/Output/0170.tif (deflated 4%)
  adding: mnt/lsdi/ocm02176775/ocm02176775/Output/0171.tif (deflated 4%)
  adding: mnt/lsdi/ocm02176775/ocm02176775/Output/0172.tif (deflated 2%)
  adding: mnt/lsdi/ocm02176775/ocm02176775/Output/0173.tif (deflated 5%)
  adding: mnt/lsdi/ocm02176775/ocm02176775/Output/0174.tif (deflated 1%)
  adding: mnt/lsdi/ocm02176775/ocm02176775/Output/0175.tif (deflated 5%)
  adding: mnt/lsdi/ocm02176775/ocm02176775/Output/0176.tif (deflated 4%)
  adding: mnt/lsdi/ocm02176775/ocm02176775/Output/0177.tif (deflated 5%)
  adding: mnt/lsdi/ocm02176775/ocm02176775/Output/0178.tif (deflated 5%)
  adding: mnt/lsdi/ocm02176775/ocm02176775/Output/0179.tif (deflated 4%)
  adding: mnt/lsdi/ocm02176775/ocm02176775/Output/0180.tif (deflated 5%)
  adding: mnt/lsdi/ocm02176775/ocm02176775/Output/0181.tif (deflated 4%)
  adding: mnt/lsdi/ocm02176775/ocm02176775/Output/0182.tif (deflated 1%)
  adding: mnt/lsdi/ocm02176775/ocm02176775/Output/0183.tif (deflated 5%)
  adding: mnt/lsdi/ocm02176775/ocm02176775/Output/0184.tif (deflated 2%)
  adding: mnt/lsdi/ocm02176775/ocm02176775/Output/0185.tif (deflated 5%)
  adding: mnt/lsdi/ocm02176775/ocm02176775/Output/0186.tif (deflated 5%)
  adding: mnt/lsdi/ocm02176775/ocm02176775/Output/0187.tif (deflated 4%)
  adding: mnt/lsdi/ocm02176775/ocm02176775/Output/0188.tif (deflated 5%)
  adding: mnt/lsdi/ocm02176775/ocm02176775/Output/0189.tif (deflated 8%)
  adding: mnt/lsdi/ocm02176775/ocm02176775/Output/0190.tif (deflated 2%)
  adding: mnt/lsdi/ocm02176775/ocm02176775/Output/0191.tif (deflated 1%)
  adding: mnt/lsdi/ocm02176775/ocm02176775/Output/0192.tif (deflated 2%)
  adding: mnt/lsdi/ocm02176775/ocm02176775/Output/0193.tif (deflated 3%)
  adding: mnt/lsdi/ocm02176775/ocm02176775/Output/0194.tif (deflated 1%)
  adding: mnt/lsdi/ocm02176775/ocm02176775/Output/0195.tif (deflated 1%)
  adding: mnt/lsdi/ocm02176775/ocm02176775/Output/0196.tif (deflated 2%)
  adding: mnt/lsdi/ocm02176775/ocm02176775/Output/0197.tif (deflated 5%)
  adding: mnt/lsdi/ocm02176775/ocm02176775/Output/0198.tif (deflated 4%)
  adding: mnt/lsdi/ocm02176775/ocm02176775/Output/0199.tif (deflated 4%)
  adding: mnt/lsdi/ocm02176775/ocm02176775/Output/0200.tif (deflated 5%)
  adding: mnt/lsdi/ocm02176775/ocm02176775/Output/0201.tif (deflated 4%)
  adding: mnt/lsdi/ocm02176775/ocm02176775/Output/0202.tif (deflated 4%)
  adding: mnt/lsdi/ocm02176775/ocm02176775/Output/0203.tif (deflated 1%)
  adding: mnt/lsdi/ocm02176775/ocm02176775/Output/0204.tif (deflated 4%)
  adding: mnt/lsdi/ocm02176775/ocm02176775/Output/0205.tif (deflated 4%)
  adding: mnt/lsdi/ocm02176775/ocm02176775/Output/0206.tif (deflated 5%)
  adding: mnt/lsdi/ocm02176775/ocm02176775/Output/0207.tif (deflated 4%)
  adding: mnt/lsdi/ocm02176775/ocm02176775/Output/0208.tif (deflated 5%)
  adding: mnt/lsdi/ocm02176775/ocm02176775/Output/0209.tif (deflated 4%)
  adding: mnt/lsdi/ocm02176775/ocm02176775/Output/0210.tif (deflated 4%)
  adding: mnt/lsdi/ocm02176775/ocm02176775/Output/0211.tif (deflated 4%)
  adding: mnt/lsdi/ocm02176775/ocm02176775/Output/0212.tif (deflated 5%)
  adding: mnt/lsdi/ocm02176775/ocm02176775/Output/0213.tif (deflated 4%)
  adding: mnt/lsdi/ocm02176775/ocm02176775/Output/0214.tif (deflated 5%)
  adding: mnt/lsdi/ocm02176775/ocm02176775/Output/0215.tif (deflated 1%)
  adding: mnt/lsdi/ocm02176775/ocm02176775/Output/0216.tif (deflated 5%)
  adding: mnt/lsdi/ocm02176775/ocm02176775/Output/0217.tif (deflated 4%)
  adding: mnt/lsdi/ocm02176775/ocm02176775/Output/0218.tif (deflated 4%)
  adding: mnt/lsdi/ocm02176775/ocm02176775/Output/0219.tif (deflated 4%)
  adding: mnt/lsdi/ocm02176775/ocm02176775/Output/0220.tif (deflated 5%)
  adding: mnt/lsdi/ocm02176775/ocm02176775/Output/0221.tif (deflated 4%)
  adding: mnt/lsdi/ocm02176775/ocm02176775/Output/0222.tif (deflated 4%)
  adding: mnt/lsdi/ocm02176775/ocm02176775/Output/0223.tif (deflated 4%)
  adding: mnt/lsdi/ocm02176775/ocm02176775/Output/0224.tif (deflated 5%)
  adding: mnt/lsdi/ocm02176775/ocm02176775/Output/0225.tif (deflated 2%)
  adding: mnt/lsdi/ocm02176775/ocm02176775/Output/0226.tif (deflated 2%)
  adding: mnt/lsdi/ocm02176775/ocm02176775/Output/0227.tif (deflated 4%)
  adding: mnt/lsdi/ocm02176775/ocm02176775/Output/0228.tif (deflated 5%)
  adding: mnt/lsdi/ocm02176775/ocm02176775/Output/0229.tif (deflated 4%)
  adding: mnt/lsdi/ocm02176775/ocm02176775/Output/0230.tif (deflated 4%)
  adding: mnt/lsdi/ocm02176775/ocm02176775/Output/0231.tif (deflated 7%)
  adding: mnt/lsdi/ocm02176775/ocm02176775/Output/0232.tif (deflated 4%)
  adding: mnt/lsdi/ocm02176775/ocm02176775/Output/0233.tif (deflated 1%)
  adding: mnt/lsdi/ocm02176775/ocm02176775/Output/0234.tif (deflated 1%)
  adding: mnt/lsdi/ocm02176775/ocm02176775/Output/0235.tif (deflated 4%)
  adding: mnt/lsdi/ocm02176775/ocm02176775/Output/0236.tif (deflated 4%)
  adding: mnt/lsdi/ocm02176775/ocm02176775/Output/0237.tif (deflated 4%)
  adding: mnt/lsdi/ocm02176775/ocm02176775/Output/0238.tif (deflated 4%)
  adding: mnt/lsdi/ocm02176775/ocm02176775/Output/0239.tif (deflated 3%)
  adding: mnt/lsdi/ocm02176775/ocm02176775/Output/0240.tif (deflated 5%)
  adding: mnt/lsdi/ocm02176775/ocm02176775/Output/0241.tif (deflated 4%)
  adding: mnt/lsdi/ocm02176775/ocm02176775/Output/0242.tif (deflated 4%)
  adding: mnt/lsdi/ocm02176775/ocm02176775/Output/0243.tif (deflated 4%)
  adding: mnt/lsdi/ocm02176775/ocm02176775/Output/0244.tif (deflated 4%)
  adding: mnt/lsdi/ocm02176775/ocm02176775/Output/0245.tif (deflated 4%)
  adding: mnt/lsdi/ocm02176775/ocm02176775/Output/0246.tif (deflated 4%)
  adding: mnt/lsdi/ocm02176775/ocm02176775/Output/0247.tif (deflated 4%)
  adding: mnt/lsdi/ocm02176775/ocm02176775/Output/0248.tif (deflated 4%)
  adding: mnt/lsdi/ocm02176775/ocm02176775/Output/0249.tif (deflated 4%)
  adding: mnt/lsdi/ocm02176775/ocm02176775/Output/0250.tif (deflated 5%)
  adding: mnt/lsdi/ocm02176775/ocm02176775/Output/0251.tif (deflated 5%)
  adding: mnt/lsdi/ocm02176775/ocm02176775/Output/0252.tif (deflated 5%)
  adding: mnt/lsdi/ocm02176775/ocm02176775/Output/0253.tif (deflated 4%)
  adding: mnt/lsdi/ocm02176775/ocm02176775/Output/0254.tif (deflated 4%)
  adding: mnt/lsdi/ocm02176775/ocm02176775/Output/0255.tif (deflated 4%)
  adding: mnt/lsdi/ocm02176775/ocm02176775/Output/0256.tif (deflated 1%)
  adding: mnt/lsdi/ocm02176775/ocm02176775/Output/0257.tif (deflated 4%)
  adding: mnt/lsdi/ocm02176775/ocm02176775/Output/0258.tif (deflated 5%)
  adding: mnt/lsdi/ocm02176775/ocm02176775/Output/0259.tif (deflated 4%)
  adding: mnt/lsdi/ocm02176775/ocm02176775/Output/0260.tif (deflated 4%)
  adding: mnt/lsdi/ocm02176775/ocm02176775/Output/0261.tif (deflated 4%)
  adding: mnt/lsdi/ocm02176775/ocm02176775/Output/0262.tif (deflated 4%)
  adding: mnt/lsdi/ocm02176775/ocm02176775/Output/0263.tif (deflated 4%)
  adding: mnt/lsdi/ocm02176775/ocm02176775/Output/0264.tif (deflated 4%)
  adding: mnt/lsdi/ocm02176775/ocm02176775/Output/0265.tif (deflated 4%)
  adding: mnt/lsdi/ocm02176775/ocm02176775/Output/0266.tif (deflated 5%)
  adding: mnt/lsdi/ocm02176775/ocm02176775/Output/0267.tif (deflated 4%)
  adding: mnt/lsdi/ocm02176775/ocm02176775/Output/0268.tif (deflated 4%)
  adding: mnt/lsdi/ocm02176775/ocm02176775/Output/0269.tif (deflated 4%)
  adding: mnt/lsdi/ocm02176775/ocm02176775/Output/0270.tif (deflated 4%)
  adding: mnt/lsdi/ocm02176775/ocm02176775/Output/0271.tif (deflated 4%)
  adding: mnt/lsdi/ocm02176775/ocm02176775/Output/0272.tif (deflated 5%)
  adding: mnt/lsdi/ocm02176775/ocm02176775/Output/0273.tif (deflated 5%)
  adding: mnt/lsdi/ocm02176775/ocm02176775/Output/0274.tif (deflated 5%)
  adding: mnt/lsdi/ocm02176775/ocm02176775/Output/0275.tif (deflated 4%)
  adding: mnt/lsdi/ocm02176775/ocm02176775/Output/0276.tif (deflated 5%)
  adding: mnt/lsdi/ocm02176775/ocm02176775/Output/0277.tif (deflated 5%)
  adding: mnt/lsdi/ocm02176775/ocm02176775/Output/0278.tif (deflated 5%)
  adding: mnt/lsdi/ocm02176775/ocm02176775/Output/0279.tif (deflated 1%)
  adding: mnt/lsdi/ocm02176775/ocm02176775/Output/0280.tif (deflated 5%)
  adding: mnt/lsdi/ocm02176775/ocm02176775/Output/0281.tif (deflated 4%)
  adding: mnt/lsdi/ocm02176775/ocm02176775/Output/0282.tif (deflated 5%)
  adding: mnt/lsdi/ocm02176775/ocm02176775/Output/0283.tif (deflated 4%)
  adding: mnt/lsdi/ocm02176775/ocm02176775/Output/0284.tif (deflated 4%)
  adding: mnt/lsdi/ocm02176775/ocm02176775/Output/0285.tif (deflated 1%)
  adding: mnt/lsdi/ocm02176775/ocm02176775/Output/0286.tif (deflated 4%)
  adding: mnt/lsdi/ocm02176775/ocm02176775/Output/0287.tif (deflated 4%)
  adding: mnt/lsdi/ocm02176775/ocm02176775/Output/0288.tif (deflated 9%)
  adding: mnt/lsdi/ocm02176775/ocm02176775/Output/0289.tif (deflated 4%)
  adding: mnt/lsdi/ocm02176775/ocm02176775/Output/0290.tif (deflated 5%)
  adding: mnt/lsdi/ocm02176775/ocm02176775/Output/0291.tif (deflated 4%)
  adding: mnt/lsdi/ocm02176775/ocm02176775/Output/0292.tif (deflated 4%)
  adding: mnt/lsdi/ocm02176775/ocm02176775/Output/0293.tif (deflated 4%)
  adding: mnt/lsdi/ocm02176775/ocm02176775/Output/0294.tif (deflated 5%)
  adding: mnt/lsdi/ocm02176775/ocm02176775/Output/0295.tif (deflated 4%)
  adding: mnt/lsdi/ocm02176775/ocm02176775/Output/0296.tif (deflated 4%)
  adding: mnt/lsdi/ocm02176775/ocm02176775/Output/0297.tif (deflated 4%)
  adding: mnt/lsdi/ocm02176775/ocm02176775/Output/0298.tif (deflated 4%)
  adding: mnt/lsdi/ocm02176775/ocm02176775/Output/0299.tif (deflated 4%)
  adding: mnt/lsdi/ocm02176775/ocm02176775/Output/0300.tif (deflated 4%)
  adding: mnt/lsdi/ocm02176775/ocm02176775/Output/0301.tif (deflated 3%)
  adding: mnt/lsdi/ocm02176775/ocm02176775/Output/0302.tif (deflated 4%)
  adding: mnt/lsdi/ocm02176775/ocm02176775/Output/0303.tif (deflated 5%)
  adding: mnt/lsdi/ocm02176775/ocm02176775/Output/0304.tif (deflated 5%)
  adding: mnt/lsdi/ocm02176775/ocm02176775/Output/0305.tif (deflated 4%)
  adding: mnt/lsdi/ocm02176775/ocm02176775/Output/0306.tif (deflated 4%)
  adding: mnt/lsdi/ocm02176775/ocm02176775/Output/0307.tif (deflated 1%)
  adding: mnt/lsdi/ocm02176775/ocm02176775/Output/0308.tif (deflated 5%)
  adding: mnt/lsdi/ocm02176775/ocm02176775/Output/0309.tif (deflated 4%)
  adding: mnt/lsdi/ocm02176775/ocm02176775/Output/0310.tif (deflated 5%)
  adding: mnt/lsdi/ocm02176775/ocm02176775/Output/0311.tif (deflated 5%)
  adding: mnt/lsdi/ocm02176775/ocm02176775/Output/0312.tif (deflated 5%)
  adding: mnt/lsdi/ocm02176775/ocm02176775/Output/0313.tif (deflated 3%)
  adding: mnt/lsdi/ocm02176775/ocm02176775/Output/0314.tif (deflated 5%)
  adding: mnt/lsdi/ocm02176775/ocm02176775/Output/0315.tif (deflated 4%)
  adding: mnt/lsdi/ocm02176775/ocm02176775/Output/0316.tif (deflated 5%)
  adding: mnt/lsdi/ocm02176775/ocm02176775/Output/0317.tif (deflated 4%)
  adding: mnt/lsdi/ocm02176775/ocm02176775/Output/0318.tif (deflated 4%)
  adding: mnt/lsdi/ocm02176775/ocm02176775/Output/0319.tif (deflated 4%)
  adding: mnt/lsdi/ocm02176775/ocm02176775/Output/0320.tif (deflated 5%)
  adding: mnt/lsdi/ocm02176775/ocm02176775/Output/0321.tif (deflated 4%)
  adding: mnt/lsdi/ocm02176775/ocm02176775/Output/0322.tif (deflated 4%)
  adding: mnt/lsdi/ocm02176775/ocm02176775/Output/0323.tif (deflated 4%)
  adding: mnt/lsdi/ocm02176775/ocm02176775/Output/0324.tif (deflated 5%)
  adding: mnt/lsdi/ocm02176775/ocm02176775/Output/0325.tif (deflated 4%)
  adding: mnt/lsdi/ocm02176775/ocm02176775/Output/0326.tif (deflated 4%)
  adding: mnt/lsdi/ocm02176775/ocm02176775/Output/0327.tif (deflated 4%)
  adding: mnt/lsdi/ocm02176775/ocm02176775/Output/0328.tif (deflated 4%)
  adding: mnt/lsdi/ocm02176775/ocm02176775/Output/0329.tif (deflated 4%)
  adding: mnt/lsdi/ocm02176775/ocm02176775/Output/0330.tif (deflated 4%)
  adding: mnt/lsdi/ocm02176775/ocm02176775/Output/0331.tif (deflated 0%)
  adding: mnt/lsdi/ocm02176775/ocm02176775/Output/0332.tif (deflated 1%)
  adding: mnt/lsdi/ocm02176775/ocm02176775/Output/0333.tif (deflated 1%)
  adding: mnt/lsdi/ocm02176775/ocm02176775/Output/0334.tif (deflated 1%)
  adding: mnt/lsdi/ocm02176775/ocm02176775/Output/0335.tif (deflated 4%)
  adding: mnt/lsdi/ocm02176775/ocm02176775/Output/0336.tif (deflated 5%)
  adding: mnt/lsdi/ocm02176775/ocm02176775/Output/0337.tif (deflated 1%)
  adding: mnt/lsdi/ocm02176775/ocm02176775/Output/0338.tif (deflated 4%)
  adding: mnt/lsdi/ocm02176775/ocm02176775/Output/0339.tif (deflated 1%)
  adding: mnt/lsdi/ocm02176775/ocm02176775/Output/0340.tif (deflated 1%)
  adding: mnt/lsdi/ocm02176775/ocm02176775/Output/0341.tif (deflated 2%)
  adding: mnt/lsdi/ocm02176775/ocm02176775/Output/0342.tif (deflated 5%)
  adding: mnt/lsdi/ocm02176775/ocm02176775/Output/0343.tif (deflated 4%)
  adding: mnt/lsdi/ocm02176775/ocm02176775/Output/0344.tif (deflated 1%)
  adding: mnt/lsdi/ocm02176775/ocm02176775/Output/0345.tif (deflated 4%)
  adding: mnt/lsdi/ocm02176775/ocm02176775/Output/0346.tif (deflated 4%)
  adding: mnt/lsdi/ocm02176775/ocm02176775/Output/0347.tif (deflated 4%)
  adding: mnt/lsdi/ocm02176775/ocm02176775/Output/0348.tif (deflated 5%)
  adding: mnt/lsdi/ocm02176775/ocm02176775/Output/0349.tif (deflated 4%)
  adding: mnt/lsdi/ocm02176775/ocm02176775/Output/0350.tif (deflated 2%)
  adding: mnt/lsdi/ocm02176775/ocm02176775/Output/0351.tif (deflated 4%)
  adding: mnt/lsdi/ocm02176775/ocm02176775/Output/0352.tif (deflated 4%)
  adding: mnt/lsdi/ocm02176775/ocm02176775/Output/0353.tif (deflated 4%)
  adding: mnt/lsdi/ocm02176775/ocm02176775/Output/0354.tif (deflated 4%)
  adding: mnt/lsdi/ocm02176775/ocm02176775/Output/0355.tif (deflated 4%)
  adding: mnt/lsdi/ocm02176775/ocm02176775/Output/0356.tif (deflated 4%)
  adding: mnt/lsdi/ocm02176775/ocm02176775/Output/0357.tif (deflated 4%)
  adding: mnt/lsdi/ocm02176775/ocm02176775/Output/0358.tif (deflated 5%)
  adding: mnt/lsdi/ocm02176775/ocm02176775/Output/0359.tif (deflated 1%)
  adding: mnt/lsdi/ocm02176775/ocm02176775/Output/0360.tif (deflated 5%)
  adding: mnt/lsdi/ocm02176775/ocm02176775/Output/0361.tif (deflated 4%)
  adding: mnt/lsdi/ocm02176775/ocm02176775/Output/0362.tif (deflated 5%)
  adding: mnt/lsdi/ocm02176775/ocm02176775/Output/0363.tif (deflated 4%)
  adding: mnt/lsdi/ocm02176775/ocm02176775/Output/0364.tif (deflated 5%)
  adding: mnt/lsdi/ocm02176775/ocm02176775/Output/0365.tif (deflated 4%)
  adding: mnt/lsdi/ocm02176775/ocm02176775/Output/0366.tif (deflated 4%)
  adding: mnt/lsdi/ocm02176775/ocm02176775/Output/0367.tif (deflated 4%)
  adding: mnt/lsdi/ocm02176775/ocm02176775/Output/0368.tif (deflated 5%)
  adding: mnt/lsdi/ocm02176775/ocm02176775/Output/0369.tif (deflated 4%)
  adding: mnt/lsdi/ocm02176775/ocm02176775/Output/0370.tif (deflated 8%)
  adding: mnt/lsdi/ocm02176775/ocm02176775/Output/0371.tif (deflated 4%)
  adding: mnt/lsdi/ocm02176775/ocm02176775/Output/0372.tif (deflated 4%)
  adding: mnt/lsdi/ocm02176775/ocm02176775/Output/0373.tif (deflated 4%)
  adding: mnt/lsdi/ocm02176775/ocm02176775/Output/0374.tif (deflated 5%)
  adding: mnt/lsdi/ocm02176775/ocm02176775/Output/0375.tif (deflated 4%)
  adding: mnt/lsdi/ocm02176775/ocm02176775/Output/0376.tif (deflated 5%)
  adding: mnt/lsdi/ocm02176775/ocm02176775/Output/0377.tif (deflated 4%)
  adding: mnt/lsdi/ocm02176775/ocm02176775/Output/0378.tif (deflated 5%)
  adding: mnt/lsdi/ocm02176775/ocm02176775/Output/0379.tif (deflated 4%)
  adding: mnt/lsdi/ocm02176775/ocm02176775/Output/0380.tif (deflated 5%)
  adding: mnt/lsdi/ocm02176775/ocm02176775/Output/0381.tif (deflated 4%)
  adding: mnt/lsdi/ocm02176775/ocm02176775/Output/0382.tif (deflated 4%)
  adding: mnt/lsdi/ocm02176775/ocm02176775/Output/0383.tif (deflated 4%)
  adding: mnt/lsdi/ocm02176775/ocm02176775/Output/0384.tif (deflated 2%)
  adding: mnt/lsdi/ocm02176775/ocm02176775/Output/0385.tif (deflated 2%)
  adding: mnt/lsdi/ocm02176775/ocm02176775/Output/0386.tif (deflated 4%)
  adding: mnt/lsdi/ocm02176775/ocm02176775/Output/0387.tif (deflated 4%)
  adding: mnt/lsdi/ocm02176775/ocm02176775/Output/0388.tif (deflated 1%)
  adding: mnt/lsdi/ocm02176775/ocm02176775/Output/0389.tif (deflated 4%)
  adding: mnt/lsdi/ocm02176775/ocm02176775/Output/0390.tif (deflated 1%)
  adding: mnt/lsdi/ocm02176775/ocm02176775/Output/0391.tif (deflated 4%)
  adding: mnt/lsdi/ocm02176775/ocm02176775/Output/0392.tif (deflated 4%)
  adding: mnt/lsdi/ocm02176775/ocm02176775/Output/0393.tif (deflated 4%)
  adding: mnt/lsdi/ocm02176775/ocm02176775/Output/0394.tif (deflated 6%)
  adding: mnt/lsdi/ocm02176775/ocm02176775/Output/0395.tif (deflated 5%)
  adding: mnt/lsdi/ocm02176775/ocm02176775/Output/0396.tif (deflated 5%)
  adding: mnt/lsdi/ocm02176775/ocm02176775/Output/0397.tif (deflated 4%)
  adding: mnt/lsdi/ocm02176775/ocm02176775/Output/0398.tif (deflated 4%)
  adding: mnt/lsdi/ocm02176775/ocm02176775/Output/0399.tif (deflated 5%)
  adding: mnt/lsdi/ocm02176775/ocm02176775/Output/0400.tif (deflated 5%)
  adding: mnt/lsdi/ocm02176775/ocm02176775/Output/0401.tif (deflated 4%)
  adding: mnt/lsdi/ocm02176775/ocm02176775/Output/0402.tif (deflated 5%)
  adding: mnt/lsdi/ocm02176775/ocm02176775/Output/0403.tif (deflated 4%)
  adding: mnt/lsdi/ocm02176775/ocm02176775/Output/0404.tif (deflated 5%)
  adding: mnt/lsdi/ocm02176775/ocm02176775/Output/0405.tif (deflated 5%)
  adding: mnt/lsdi/ocm02176775/ocm02176775/Output/0406.tif (deflated 5%)
  adding: mnt/lsdi/ocm02176775/ocm02176775/Output/0407.tif (deflated 5%)
  adding: mnt/lsdi/ocm02176775/ocm02176775/Output/0408.tif (deflated 5%)
  adding: mnt/lsdi/ocm02176775/ocm02176775/Output/0409.tif (deflated 4%)
  adding: mnt/lsdi/ocm02176775/ocm02176775/Output/0410.tif (deflated 5%)
  adding: mnt/lsdi/ocm02176775/ocm02176775/Output/0411.tif (deflated 6%)
  adding: mnt/lsdi/ocm02176775/ocm02176775/Output/0412.tif (deflated 5%)
  adding: mnt/lsdi/ocm02176775/ocm02176775/Output/0413.tif (deflated 4%)
  adding: mnt/lsdi/ocm02176775/ocm02176775/Output/0414.tif (deflated 4%)
  adding: mnt/lsdi/ocm02176775/ocm02176775/Output/0415.tif (deflated 4%)
  adding: mnt/lsdi/ocm02176775/ocm02176775/Output/0416.tif (deflated 5%)
  adding: mnt/lsdi/ocm02176775/ocm02176775/Output/0417.tif (deflated 4%)
  adding: mnt/lsdi/ocm02176775/ocm02176775/Output/0418.tif (deflated 4%)
  adding: mnt/lsdi/ocm02176775/ocm02176775/Output/0419.tif (deflated 5%)
  adding: mnt/lsdi/ocm02176775/ocm02176775/Output/0420.tif (deflated 5%)
  adding: mnt/lsdi/ocm02176775/ocm02176775/Output/0421.tif (deflated 4%)
  adding: mnt/lsdi/ocm02176775/ocm02176775/Output/0422.tif (deflated 5%)
  adding: mnt/lsdi/ocm02176775/ocm02176775/Output/0423.tif (deflated 4%)
  adding: mnt/lsdi/ocm02176775/ocm02176775/Output/0424.tif (deflated 4%)
  adding: mnt/lsdi/ocm02176775/ocm02176775/Output/0425.tif (deflated 8%)
  adding: mnt/lsdi/ocm02176775/ocm02176775/Output/0426.tif (deflated 4%)
  adding: mnt/lsdi/ocm02176775/ocm02176775/Output/0427.tif (deflated 4%)
  adding: mnt/lsdi/ocm02176775/ocm02176775/Output/0428.tif (deflated 10%)
  adding: mnt/lsdi/ocm02176775/ocm02176775/Output/0429.tif (deflated 1%)
  adding: mnt/lsdi/ocm02176775/ocm02176775/Output/0430.tif (deflated 5%)
  adding: mnt/lsdi/ocm02176775/ocm02176775/Output/0431.tif (deflated 1%)
  adding: mnt/lsdi/ocm02176775/ocm02176775/Output/0432.tif (deflated 5%)
  adding: mnt/lsdi/ocm02176775/ocm02176775/Output/0433.tif (deflated 4%)
  adding: mnt/lsdi/ocm02176775/ocm02176775/Output/0434.tif (deflated 86%)
curl --location --header authorization: LOW fpJYfLnxbLmCEHqU:JQbq6NgBaPrSh98Y --upload-file /temp/ocm02176775_images.zip http://s3.us.archive.org/02176775.emory.edu/02176775_images.zip
  % Total    % Received % Xferd  Average Speed   Time    Time     Time  Current
                                 Dload  Upload   Total   Spent    Left  Speed
  0     0    0     0    0     0      0      0 --:--:-- --:--:-- --:--:--     0  0  116M    0     0    0     0      0      0 --:--:-- --:--:-- --:--:--     0  0  116M    0     0    0  560k      0   385k  0:05:08  0:00:01  0:05:07  415k  1  116M    0     0    1 1488k      0   596k  0:03:19  0:00:02  0:03:17  623k  1  116M    0     0    1 2368k      0   679k  0:02:54  0:00:03  0:02:51  701k  2  116M    0     0    2 3248k      0   723k  0:02:44  0:00:04  0:02:40  741k  3  116M    0     0    3 4128k      0   753k  0:02:37  0:00:05  0:02:32  886k  4  116M    0     0    4 4960k      0   768k  0:02:34  0:00:06  0:02:28  880k  4  116M    0     0    4 5824k      0   780k  0:02:32  0:00:07  0:02:25  873k  5  116M    0     0    5 6704k      0   792k  0:02:29  0:00:08  0:02:21  871k  6  116M    0     0    6 7552k      0   798k  0:02:28  0:00:09  0:02:19  866k  7  116M    0     0    7 8432k      0   805k  0:02:27  0:00:10  0:02:17  863k  7  116M    0     0    7 9312k      0   812k  0:02:26  0:00:11  0:02:15  867k  8  116M    0     0    8  9.9M      0   817k  0:02:25  0:00:12  0:02:13  872k  9  116M    0     0    9 10.8M      0   821k  0:02:24  0:00:13  0:02:11  869k 10  116M    0     0   10 11.6M      0   825k  0:02:24  0:00:14  0:02:10  875k 10  116M    0     0   10 12.5M      0   829k  0:02:23  0:00:15  0:02:08  878k 11  116M    0     0   11 13.3M      0   831k  0:02:23  0:00:16  0:02:07  875k 12  116M    0     0   12 14.2M      0   834k  0:02:22  0:00:17  0:02:05  875k 13  116M    0     0   13 15.0M      0   836k  0:02:22  0:00:18  0:02:04  879k 13  116M    0     0   13 15.9M      0   837k  0:02:21  0:00:19  0:02:02  871k 14  116M    0     0   14 16.7M      0   839k  0:02:21  0:00:20  0:02:01  870k 15  116M    0     0   15 17.6M      0   841k  0:02:21  0:00:21  0:02:00  874k 15  116M    0     0   15 18.4M      0   842k  0:02:21  0:00:22  0:01:59  871k 16  116M    0     0   16 19.3M      0   844k  0:02:20  0:00:23  0:01:57  872k 17  116M    0     0   17 20.2M      0   845k  0:02:20  0:00:24  0:01:56  880k 18  116M    0     0   18 21.0M      0   846k  0:02:20  0:00:25  0:01:55  877k 18  116M    0     0   18 21.9M      0   847k  0:02:20  0:00:26  0:01:54  877k 19  116M    0     0   19 22.7M      0   849k  0:02:19  0:00:27  0:01:52  880k 20  116M    0     0   20 23.6M      0   850k  0:02:19  0:00:28  0:01:51  878k 21  116M    0     0   21 24.5M      0   851k  0:02:19  0:00:29  0:01:50  880k 21  116M    0     0   21 25.3M      0   852k  0:02:19  0:00:30  0:01:49  883k 22  116M    0     0   22 26.2M      0   854k  0:02:19  0:00:31  0:01:48  886k 23  116M    0     0   23 27.0M      0   854k  0:02:19  0:00:32  0:01:47  885k 24  116M    0     0   24 27.9M      0   855k  0:02:18  0:00:33  0:01:45  885k 24  116M    0     0   24 28.8M      0   855k  0:02:18  0:00:34  0:01:44  881k 25  116M    0     0   25 29.6M      0   856k  0:02:18  0:00:35  0:01:43  881k 26  116M    0     0   26 30.5M      0   857k  0:02:18  0:00:36  0:01:42  879k 27  116M    0     0   27 31.4M      0   859k  0:02:18  0:00:37  0:01:41  890k 27  116M    0     0   27 32.3M      0   860k  0:02:18  0:00:38  0:01:40  892k 28  116M    0     0   28 33.1M      0   861k  0:02:17  0:00:39  0:01:38  898k 29  116M    0     0   29 34.0M      0   861k  0:02:18  0:00:40  0:01:38  892k 30  116M    0     0   30 34.9M      0   862k  0:02:17  0:00:41  0:01:36  896k 30  116M    0     0   30 35.7M      0   861k  0:02:17  0:00:42  0:01:35  878k 31  116M    0     0   31 36.5M      0   861k  0:02:17  0:00:43  0:01:34  870k 32  116M    0     0   32 37.4M      0   862k  0:02:17  0:00:44  0:01:33  872k 33  116M    0     0   33 38.3M      0   862k  0:02:17  0:00:45  0:01:32  876k 33  116M    0     0   33 39.1M      0   863k  0:02:17  0:00:46  0:01:31  876k 34  116M    0     0   34 40.0M      0   863k  0:02:17  0:00:47  0:01:30  879k 35  116M    0     0   35 40.8M      0   864k  0:02:17  0:00:48  0:01:29  885k 35  116M    0     0   35 41.7M      0   864k  0:02:17  0:00:49  0:01:28  879k 36  116M    0     0   36 42.6M      0   864k  0:02:17  0:00:50  0:01:27  880k 37  116M    0     0   37 43.4M      0   864k  0:02:17  0:00:51  0:01:26  873k 38  116M    0     0   38 44.3M      0   865k  0:02:17  0:00:52  0:01:25  877k 38  116M    0     0   38 45.1M      0   865k  0:02:17  0:00:53  0:01:24  877k 39  116M    0     0   39 46.0M      0   865k  0:02:17  0:00:54  0:01:23  878k 40  116M    0     0   40 46.8M      0   865k  0:02:17  0:00:55  0:01:22  874k 41  116M    0     0   41 47.7M      0   865k  0:02:17  0:00:56  0:01:21  878k 41  116M    0     0   41 48.6M      0   866k  0:02:17  0:00:57  0:01:20  879k 42  116M    0     0   42 49.4M      0   866k  0:02:17  0:00:58  0:01:19  880k 43  116M    0     0   43 50.3M      0   867k  0:02:17  0:00:59  0:01:18  883k 44  116M    0     0   44 51.2M      0   867k  0:02:17  0:01:00  0:01:17  885k 44  116M    0     0   44 52.0M      0   867k  0:02:17  0:01:01  0:01:16  879k 45  116M    0     0   45 52.9M      0   867k  0:02:17  0:01:02  0:01:15  877k 46  116M    0     0   46 53.7M      0   867k  0:02:17  0:01:03  0:01:14  875k 47  116M    0     0   47 54.6M      0   867k  0:02:17  0:01:04  0:01:13  874k 47  116M    0     0   47 55.4M      0   868k  0:02:16  0:01:05  0:01:11  877k 48  116M    0     0   48 56.3M      0   867k  0:02:16  0:01:06  0:01:10  878k 49  116M    0     0   49 57.2M      0   868k  0:02:16  0:01:07  0:01:09  880k 50  116M    0     0   50 58.0M      0   868k  0:02:16  0:01:08  0:01:08  884k 50  116M    0     0   50 58.9M      0   868k  0:02:16  0:01:09  0:01:07  880k 51  116M    0     0   51 59.7M      0   868k  0:02:16  0:01:10  0:01:06  874k 52  116M    0     0   52 60.6M      0   868k  0:02:16  0:01:11  0:01:05  879k 52  116M    0     0   52 61.5M      0   868k  0:02:16  0:01:12  0:01:04  877k 53  116M    0     0   53 62.3M      0   868k  0:02:16  0:01:13  0:01:03  873k 54  116M    0     0   54 63.2M      0   869k  0:02:16  0:01:14  0:01:02  879k 55  116M    0     0   55 64.0M      0   869k  0:02:16  0:01:15  0:01:01  878k 55  116M    0     0   55 64.9M      0   869k  0:02:16  0:01:16  0:01:00  876k 56  116M    0     0   56 65.7M      0   869k  0:02:16  0:01:17  0:00:59  878k 57  116M    0     0   57 66.6M      0   869k  0:02:16  0:01:18  0:00:58  879k 58  116M    0     0   58 67.5M      0   869k  0:02:16  0:01:19  0:00:57  877k 58  116M    0     0   58 68.3M      0   869k  0:02:16  0:01:20  0:00:56  878k 59  116M    0     0   59 69.2M      0   870k  0:02:16  0:01:21  0:00:55  883k 60  116M    0     0   60 70.1M      0   870k  0:02:16  0:01:22  0:00:54  887k 61  116M    0     0   61 70.9M      0   870k  0:02:16  0:01:23  0:00:53  886k 61  116M    0     0   61 71.8M      0   870k  0:02:16  0:01:24  0:00:52  889k 62  116M    0     0   62 72.7M      0   870k  0:02:16  0:01:25  0:00:51  888k 63  116M    0     0   63 73.5M      0   870k  0:02:16  0:01:26  0:00:50  873k 63  116M    0     0   63 74.1M      0   868k  0:02:16  0:01:27  0:00:49  833k 64  116M    0     0   64 75.0M      0   868k  0:02:16  0:01:28  0:00:48  828k 65  116M    0     0   65 75.8M      0   867k  0:02:16  0:01:29  0:00:47  817k 66  116M    0     0   66 76.7M      0   867k  0:02:16  0:01:30  0:00:46  818k 66  116M    0     0   66 77.5M      0   868k  0:02:16  0:01:31  0:00:45  830k 67  116M    0     0   67 78.4M      0   868k  0:02:16  0:01:32  0:00:44  866k 68  116M    0     0   68 79.2M      0   868k  0:02:16  0:01:33  0:00:43  876k 69  116M    0     0   69 80.1M      0   868k  0:02:16  0:01:34  0:00:42  883k 69  116M    0     0   69 81.0M      0   868k  0:02:16  0:01:35  0:00:41  878k 70  116M    0     0   70 81.8M      0   868k  0:02:16  0:01:36  0:00:40  879k 71  116M    0     0   71 82.7M      0   868k  0:02:16  0:01:37  0:00:39  879k 71  116M    0     0   71 83.5M      0   868k  0:02:16  0:01:38  0:00:38  874k 72  116M    0     0   72 84.4M      0   869k  0:02:16  0:01:39  0:00:37  884k 73  116M    0     0   73 85.3M      0   869k  0:02:16  0:01:40  0:00:36  885k 74  116M    0     0   74 86.1M      0   869k  0:02:16  0:01:41  0:00:35  892k 75  116M    0     0   75 87.0M      0   869k  0:02:16  0:01:42  0:00:34  887k 75  116M    0     0   75 87.9M      0   869k  0:02:16  0:01:43  0:00:33  889k 76  116M    0     0   76 88.7M      0   870k  0:02:16  0:01:44  0:00:32  880k 77  116M    0     0   77 89.6M      0   870k  0:02:16  0:01:45  0:00:31  888k 77  116M    0     0   77 90.5M      0   870k  0:02:16  0:01:46  0:00:30  880k 78  116M    0     0   78 91.3M      0   870k  0:02:16  0:01:47  0:00:29  880k 79  116M    0     0   79 92.2M      0   870k  0:02:16  0:01:48  0:00:28  874k 79  116M    0     0   79 92.8M      0   868k  0:02:16  0:01:49  0:00:27  836k 80  116M    0     0   80 93.5M      0   867k  0:02:17  0:01:50  0:00:27  800k 81  116M    0     0   81 94.4M      0   867k  0:02:17  0:01:51  0:00:26  802k 82  116M    0     0   82 95.2M      0   867k  0:02:17  0:01:52  0:00:25  808k 82  116M    0     0   82 96.1M      0   867k  0:02:16  0:01:53  0:00:23  815k 83  116M    0     0   83 97.0M      0   867k  0:02:16  0:01:54  0:00:22  848k 84  116M    0     0   84 97.8M      0   867k  0:02:16  0:01:55  0:00:21  884k 85  116M    0     0   85 98.6M      0   867k  0:02:16  0:01:56  0:00:20  875k 85  116M    0     0   85 99.5M      0   867k  0:02:16  0:01:57  0:00:19  875k 86  116M    0     0   86  100M      0   867k  0:02:16  0:01:58  0:00:18  867k 87  116M    0     0   87  101M      0   867k  0:02:16  0:01:59  0:00:17  867k 87  116M    0     0   87  102M      0   867k  0:02:17  0:02:00  0:00:17  862k 88  116M    0     0   88  102M      0   867k  0:02:16  0:02:01  0:00:15  871k 89  116M    0     0   89  103M      0   867k  0:02:16  0:02:02  0:00:14  870k 90  116M    0     0   90  104M      0   868k  0:02:16  0:02:03  0:00:13  877k 90  116M    0     0   90  105M      0   868k  0:02:16  0:02:04  0:00:12  879k 91  116M    0     0   91  106M      0   868k  0:02:16  0:02:05  0:00:11  885k 92  116M    0     0   92  107M      0   868k  0:02:16  0:02:06  0:00:10  881k 93  116M    0     0   93  108M      0   868k  0:02:16  0:02:07  0:00:09  880k 93  116M    0     0   93  108M      0   868k  0:02:16  0:02:08  0:00:08  876k 94  116M    0     0   94  109M      0   868k  0:02:16  0:02:09  0:00:07  874k 95  116M    0     0   95  110M      0   868k  0:02:16  0:02:10  0:00:06  872k 96  116M    0     0   96  111M      0   868k  0:02:16  0:02:11  0:00:05  874k 96  116M    0     0   96  112M      0   868k  0:02:16  0:02:12  0:00:04  875k 97  116M    0     0   97  113M      0   868k  0:02:16  0:02:13  0:00:03  880k 98  116M    0     0   98  114M      0   868k  0:02:16  0:02:14  0:00:02  882k 98  116M    0     0   98  114M      0   868k  0:02:16  0:02:15  0:00:01  870k 99  116M    0     0   99  115M      0   868k  0:02:16  0:02:16 --:--:--  870k100  116M    0     0  100  116M      0   862k  0:02:17  0:02:17 --:--:--  706k100  116M    0     0  100  116M      0   860k  0:02:18  0:02:18 --:--:--  626k
