04631837
curl --location --header x-amz-auto-make-bucket:1 --header x-archive-ignore-preexisting-bucket:1 --header x-archive-queue-derive:0 --header x-archive-meta-mediatype:texts --header x-archive-meta03-collection:emory --header x-archive-meta01-collection:americanmethodism --header x-archive-meta-sponsor:Emory University, Pitts Theology Library --header x-archive-meta-contributor:Emory University, Pitts Theology Library --header x-archive-meta-ppi:300 --header authorization: LOW fpJYfLnxbLmCEHqU:JQbq6NgBaPrSh98Y --upload-file /mnt/lsdi/ocm04631837/ocm04631837/ocm04631837_MRC.xml http://s3.us.archive.org/04631837.emory.edu/04631837.emory.edu_marc.xml
  % Total    % Received % Xferd  Average Speed   Time    Time     Time  Current
                                 Dload  Upload   Total   Spent    Left  Speed
  0     0    0     0    0     0      0      0 --:--:-- --:--:-- --:--:--     0  0  3598    0     0    0     0      0      0 --:--:--  0:00:01 --:--:--     0100  3598    0     0  100  3598      0   1714  0:00:02  0:00:02 --:--:--  1784100  3598    0     0  100  3598      0   1216  0:00:02  0:00:02 --:--:--  1251100  3598    0     0  100  3598      0    908  0:00:03  0:00:03 --:--:--   928100  3598    0     0  100  3598      0    725  0:00:04  0:00:04 --:--:--   737100  3598    0     0  100  3598      0    603  0:00:05  0:00:05 --:--:--   737100  3598    0     0  100  3598      0    516  0:00:06  0:00:06 --:--:--     0100  3598    0     0  100  3598      0    451  0:00:07  0:00:07 --:--:--     0100  3598    0     0  100  3598      0    401  0:00:08  0:00:08 --:--:--     0100  3598    0     0  100  3598      0    383  0:00:09  0:00:09 --:--:--     0
zip -r /temp/ocm04631837_images.zip /mnt/lsdi/ocm04631837/ocm04631837/Output/000004.tif /mnt/lsdi/ocm04631837/ocm04631837/Output/000005.tif /mnt/lsdi/ocm04631837/ocm04631837/Output/000006.tif /mnt/lsdi/ocm04631837/ocm04631837/Output/000007.tif /mnt/lsdi/ocm04631837/ocm04631837/Output/000008.tif /mnt/lsdi/ocm04631837/ocm04631837/Output/000009.tif /mnt/lsdi/ocm04631837/ocm04631837/Output/000010.tif /mnt/lsdi/ocm04631837/ocm04631837/Output/000011.tif /mnt/lsdi/ocm04631837/ocm04631837/Output/000012.tif /mnt/lsdi/ocm04631837/ocm04631837/Output/000013.tif /mnt/lsdi/ocm04631837/ocm04631837/Output/000014.tif /mnt/lsdi/ocm04631837/ocm04631837/Output/000015.tif /mnt/lsdi/ocm04631837/ocm04631837/Output/000016.tif /mnt/lsdi/ocm04631837/ocm04631837/Output/000017.tif /mnt/lsdi/ocm04631837/ocm04631837/Output/000018.tif /mnt/lsdi/ocm04631837/ocm04631837/Output/000019.tif /mnt/lsdi/ocm04631837/ocm04631837/Output/000020.tif /mnt/lsdi/ocm04631837/ocm04631837/Output/000021.tif /mnt/lsdi/ocm04631837/ocm04631837/Output/000022.tif /mnt/lsdi/ocm04631837/ocm04631837/Output/000023.tif /mnt/lsdi/ocm04631837/ocm04631837/Output/000024.tif /mnt/lsdi/ocm04631837/ocm04631837/Output/000025.tif /mnt/lsdi/ocm04631837/ocm04631837/Output/000026.tif /mnt/lsdi/ocm04631837/ocm04631837/Output/000027.tif /mnt/lsdi/ocm04631837/ocm04631837/Output/000028.tif /mnt/lsdi/ocm04631837/ocm04631837/Output/000029.tif /mnt/lsdi/ocm04631837/ocm04631837/Output/000030.tif /mnt/lsdi/ocm04631837/ocm04631837/Output/000031.tif /mnt/lsdi/ocm04631837/ocm04631837/Output/000032.tif /mnt/lsdi/ocm04631837/ocm04631837/Output/000033.tif /mnt/lsdi/ocm04631837/ocm04631837/Output/000034.tif /mnt/lsdi/ocm04631837/ocm04631837/Output/000035.tif /mnt/lsdi/ocm04631837/ocm04631837/Output/000036.tif /mnt/lsdi/ocm04631837/ocm04631837/Output/000037.tif /mnt/lsdi/ocm04631837/ocm04631837/Output/000038.tif /mnt/lsdi/ocm04631837/ocm04631837/Output/000039.tif /mnt/lsdi/ocm04631837/ocm04631837/Output/000040.tif /mnt/lsdi/ocm04631837/ocm04631837/Output/000041.tif /mnt/lsdi/ocm04631837/ocm04631837/Output/000042.tif /mnt/lsdi/ocm04631837/ocm04631837/Output/000043.tif /mnt/lsdi/ocm04631837/ocm04631837/Output/000044.tif /mnt/lsdi/ocm04631837/ocm04631837/Output/000045.tif /mnt/lsdi/ocm04631837/ocm04631837/Output/000046.tif /mnt/lsdi/ocm04631837/ocm04631837/Output/000047.tif /mnt/lsdi/ocm04631837/ocm04631837/Output/000048.tif /mnt/lsdi/ocm04631837/ocm04631837/Output/000049.tif /mnt/lsdi/ocm04631837/ocm04631837/Output/000050.tif /mnt/lsdi/ocm04631837/ocm04631837/Output/000051.tif /mnt/lsdi/ocm04631837/ocm04631837/Output/000052.tif /mnt/lsdi/ocm04631837/ocm04631837/Output/000053.tif /mnt/lsdi/ocm04631837/ocm04631837/Output/000054.tif /mnt/lsdi/ocm04631837/ocm04631837/Output/000055.tif /mnt/lsdi/ocm04631837/ocm04631837/Output/000056.tif /mnt/lsdi/ocm04631837/ocm04631837/Output/000057.tif /mnt/lsdi/ocm04631837/ocm04631837/Output/000058.tif /mnt/lsdi/ocm04631837/ocm04631837/Output/000059.tif /mnt/lsdi/ocm04631837/ocm04631837/Output/000060.tif /mnt/lsdi/ocm04631837/ocm04631837/Output/000061.tif /mnt/lsdi/ocm04631837/ocm04631837/Output/000062.tif /mnt/lsdi/ocm04631837/ocm04631837/Output/000063.tif /mnt/lsdi/ocm04631837/ocm04631837/Output/000064.tif /mnt/lsdi/ocm04631837/ocm04631837/Output/000065.tif /mnt/lsdi/ocm04631837/ocm04631837/Output/000066.tif /mnt/lsdi/ocm04631837/ocm04631837/Output/000067.tif /mnt/lsdi/ocm04631837/ocm04631837/Output/000068.tif /mnt/lsdi/ocm04631837/ocm04631837/Output/000069.tif /mnt/lsdi/ocm04631837/ocm04631837/Output/000070.tif /mnt/lsdi/ocm04631837/ocm04631837/Output/000071.tif /mnt/lsdi/ocm04631837/ocm04631837/Output/000072.tif /mnt/lsdi/ocm04631837/ocm04631837/Output/000073.tif /mnt/lsdi/ocm04631837/ocm04631837/Output/000074.tif /mnt/lsdi/ocm04631837/ocm04631837/Output/000075.tif /mnt/lsdi/ocm04631837/ocm04631837/Output/000076.tif /mnt/lsdi/ocm04631837/ocm04631837/Output/000077.tif /mnt/lsdi/ocm04631837/ocm04631837/Output/000078.tif /mnt/lsdi/ocm04631837/ocm04631837/Output/000079.tif /mnt/lsdi/ocm04631837/ocm04631837/Output/000080.tif /mnt/lsdi/ocm04631837/ocm04631837/Output/000081.tif /mnt/lsdi/ocm04631837/ocm04631837/Output/000082.tif /mnt/lsdi/ocm04631837/ocm04631837/Output/000083.tif /mnt/lsdi/ocm04631837/ocm04631837/Output/000084.tif /mnt/lsdi/ocm04631837/ocm04631837/Output/000085.tif /mnt/lsdi/ocm04631837/ocm04631837/Output/000086.tif /mnt/lsdi/ocm04631837/ocm04631837/Output/000087.tif /mnt/lsdi/ocm04631837/ocm04631837/Output/000088.tif /mnt/lsdi/ocm04631837/ocm04631837/Output/000089.tif /mnt/lsdi/ocm04631837/ocm04631837/Output/000090.tif /mnt/lsdi/ocm04631837/ocm04631837/Output/000091.tif /mnt/lsdi/ocm04631837/ocm04631837/Output/000092.tif /mnt/lsdi/ocm04631837/ocm04631837/Output/000093.tif /mnt/lsdi/ocm04631837/ocm04631837/Output/000094.tif /mnt/lsdi/ocm04631837/ocm04631837/Output/000095.tif /mnt/lsdi/ocm04631837/ocm04631837/Output/000096.tif /mnt/lsdi/ocm04631837/ocm04631837/Output/000097.tif /mnt/lsdi/ocm04631837/ocm04631837/Output/000098.tif /mnt/lsdi/ocm04631837/ocm04631837/Output/000099.tif /mnt/lsdi/ocm04631837/ocm04631837/Output/000100.tif /mnt/lsdi/ocm04631837/ocm04631837/Output/000101.tif /mnt/lsdi/ocm04631837/ocm04631837/Output/000102.tif /mnt/lsdi/ocm04631837/ocm04631837/Output/000103.tif /mnt/lsdi/ocm04631837/ocm04631837/Output/000104.tif /mnt/lsdi/ocm04631837/ocm04631837/Output/000105.tif /mnt/lsdi/ocm04631837/ocm04631837/Output/000106.tif /mnt/lsdi/ocm04631837/ocm04631837/Output/000107.tif /mnt/lsdi/ocm04631837/ocm04631837/Output/000108.tif /mnt/lsdi/ocm04631837/ocm04631837/Output/000109.tif /mnt/lsdi/ocm04631837/ocm04631837/Output/000110.tif /mnt/lsdi/ocm04631837/ocm04631837/Output/000111.tif /mnt/lsdi/ocm04631837/ocm04631837/Output/000112.tif /mnt/lsdi/ocm04631837/ocm04631837/Output/000113.tif /mnt/lsdi/ocm04631837/ocm04631837/Output/000114.tif /mnt/lsdi/ocm04631837/ocm04631837/Output/000115.tif /mnt/lsdi/ocm04631837/ocm04631837/Output/000116.tif /mnt/lsdi/ocm04631837/ocm04631837/Output/000117.tif /mnt/lsdi/ocm04631837/ocm04631837/Output/000118.tif /mnt/lsdi/ocm04631837/ocm04631837/Output/000119.tif /mnt/lsdi/ocm04631837/ocm04631837/Output/000120.tif /mnt/lsdi/ocm04631837/ocm04631837/Output/000121.tif /mnt/lsdi/ocm04631837/ocm04631837/Output/000122.tif /mnt/lsdi/ocm04631837/ocm04631837/Output/000123.tif /mnt/lsdi/ocm04631837/ocm04631837/Output/000124.tif /mnt/lsdi/ocm04631837/ocm04631837/Output/000125.tif /mnt/lsdi/ocm04631837/ocm04631837/Output/000126.tif /mnt/lsdi/ocm04631837/ocm04631837/Output/000127.tif /mnt/lsdi/ocm04631837/ocm04631837/Output/000128.tif /mnt/lsdi/ocm04631837/ocm04631837/Output/000129.tif /mnt/lsdi/ocm04631837/ocm04631837/Output/000130.tif /mnt/lsdi/ocm04631837/ocm04631837/Output/000131.tif /mnt/lsdi/ocm04631837/ocm04631837/Output/000132.tif /mnt/lsdi/ocm04631837/ocm04631837/Output/000133.tif /mnt/lsdi/ocm04631837/ocm04631837/Output/000134.tif /mnt/lsdi/ocm04631837/ocm04631837/Output/000135.tif /mnt/lsdi/ocm04631837/ocm04631837/Output/000136.tif /mnt/lsdi/ocm04631837/ocm04631837/Output/000137.tif /mnt/lsdi/ocm04631837/ocm04631837/Output/000138.tif /mnt/lsdi/ocm04631837/ocm04631837/Output/000139.tif /mnt/lsdi/ocm04631837/ocm04631837/Output/000140.tif /mnt/lsdi/ocm04631837/ocm04631837/Output/000141.tif /mnt/lsdi/ocm04631837/ocm04631837/Output/000142.tif /mnt/lsdi/ocm04631837/ocm04631837/Output/000143.tif /mnt/lsdi/ocm04631837/ocm04631837/Output/000144.tif /mnt/lsdi/ocm04631837/ocm04631837/Output/000145.tif /mnt/lsdi/ocm04631837/ocm04631837/Output/000146.tif /mnt/lsdi/ocm04631837/ocm04631837/Output/000147.tif /mnt/lsdi/ocm04631837/ocm04631837/Output/000148.tif /mnt/lsdi/ocm04631837/ocm04631837/Output/000149.tif /mnt/lsdi/ocm04631837/ocm04631837/Output/000150.tif /mnt/lsdi/ocm04631837/ocm04631837/Output/000151.tif /mnt/lsdi/ocm04631837/ocm04631837/Output/000152.tif /mnt/lsdi/ocm04631837/ocm04631837/Output/000153.tif /mnt/lsdi/ocm04631837/ocm04631837/Output/000154.tif /mnt/lsdi/ocm04631837/ocm04631837/Output/000155.tif /mnt/lsdi/ocm04631837/ocm04631837/Output/000156.tif /mnt/lsdi/ocm04631837/ocm04631837/Output/000157.tif /mnt/lsdi/ocm04631837/ocm04631837/Output/000158.tif /mnt/lsdi/ocm04631837/ocm04631837/Output/000159.tif /mnt/lsdi/ocm04631837/ocm04631837/Output/000160.tif /mnt/lsdi/ocm04631837/ocm04631837/Output/000161.tif /mnt/lsdi/ocm04631837/ocm04631837/Output/000162.tif /mnt/lsdi/ocm04631837/ocm04631837/Output/000163.tif /mnt/lsdi/ocm04631837/ocm04631837/Output/000164.tif /mnt/lsdi/ocm04631837/ocm04631837/Output/000165.tif /mnt/lsdi/ocm04631837/ocm04631837/Output/000166.tif /mnt/lsdi/ocm04631837/ocm04631837/Output/000167.tif /mnt/lsdi/ocm04631837/ocm04631837/Output/000168.tif /mnt/lsdi/ocm04631837/ocm04631837/Output/000169.tif /mnt/lsdi/ocm04631837/ocm04631837/Output/000170.tif /mnt/lsdi/ocm04631837/ocm04631837/Output/000171.tif /mnt/lsdi/ocm04631837/ocm04631837/Output/000172.tif /mnt/lsdi/ocm04631837/ocm04631837/Output/000173.tif /mnt/lsdi/ocm04631837/ocm04631837/Output/000174.tif /mnt/lsdi/ocm04631837/ocm04631837/Output/000175.tif /mnt/lsdi/ocm04631837/ocm04631837/Output/000176.tif /mnt/lsdi/ocm04631837/ocm04631837/Output/000177.tif /mnt/lsdi/ocm04631837/ocm04631837/Output/000178.tif /mnt/lsdi/ocm04631837/ocm04631837/Output/000179.tif /mnt/lsdi/ocm04631837/ocm04631837/Output/000180.tif /mnt/lsdi/ocm04631837/ocm04631837/Output/000181.tif /mnt/lsdi/ocm04631837/ocm04631837/Output/000182.tif /mnt/lsdi/ocm04631837/ocm04631837/Output/000183.tif /mnt/lsdi/ocm04631837/ocm04631837/Output/000184.tif /mnt/lsdi/ocm04631837/ocm04631837/Output/000185.tif /mnt/lsdi/ocm04631837/ocm04631837/Output/000186.tif /mnt/lsdi/ocm04631837/ocm04631837/Output/000187.tif /mnt/lsdi/ocm04631837/ocm04631837/Output/000188.tif /mnt/lsdi/ocm04631837/ocm04631837/Output/000189.tif /mnt/lsdi/ocm04631837/ocm04631837/Output/000190.tif /mnt/lsdi/ocm04631837/ocm04631837/Output/000191.tif /mnt/lsdi/ocm04631837/ocm04631837/Output/000192.tif /mnt/lsdi/ocm04631837/ocm04631837/Output/000193.tif /mnt/lsdi/ocm04631837/ocm04631837/Output/000194.tif /mnt/lsdi/ocm04631837/ocm04631837/Output/000195.tif /mnt/lsdi/ocm04631837/ocm04631837/Output/000196.tif /mnt/lsdi/ocm04631837/ocm04631837/Output/000197.tif /mnt/lsdi/ocm04631837/ocm04631837/Output/000198.tif /mnt/lsdi/ocm04631837/ocm04631837/Output/000199.tif /mnt/lsdi/ocm04631837/ocm04631837/Output/000200.tif /mnt/lsdi/ocm04631837/ocm04631837/Output/000201.tif /mnt/lsdi/ocm04631837/ocm04631837/Output/000202.tif /mnt/lsdi/ocm04631837/ocm04631837/Output/000203.tif /mnt/lsdi/ocm04631837/ocm04631837/Output/000204.tif /mnt/lsdi/ocm04631837/ocm04631837/Output/000205.tif /mnt/lsdi/ocm04631837/ocm04631837/Output/000206.tif /mnt/lsdi/ocm04631837/ocm04631837/Output/000207.tif /mnt/lsdi/ocm04631837/ocm04631837/Output/000208.tif /mnt/lsdi/ocm04631837/ocm04631837/Output/000209.tif /mnt/lsdi/ocm04631837/ocm04631837/Output/000210.tif /mnt/lsdi/ocm04631837/ocm04631837/Output/000211.tif /mnt/lsdi/ocm04631837/ocm04631837/Output/000212.tif /mnt/lsdi/ocm04631837/ocm04631837/Output/000213.tif /mnt/lsdi/ocm04631837/ocm04631837/Output/000214.tif /mnt/lsdi/ocm04631837/ocm04631837/Output/000215.tif /mnt/lsdi/ocm04631837/ocm04631837/Output/000216.tif /mnt/lsdi/ocm04631837/ocm04631837/Output/000217.tif /mnt/lsdi/ocm04631837/ocm04631837/Output/000218.tif /mnt/lsdi/ocm04631837/ocm04631837/Output/000219.tif /mnt/lsdi/ocm04631837/ocm04631837/Output/000220.tif /mnt/lsdi/ocm04631837/ocm04631837/Output/000221.tif /mnt/lsdi/ocm04631837/ocm04631837/Output/000222.tif /mnt/lsdi/ocm04631837/ocm04631837/Output/000223.tif /mnt/lsdi/ocm04631837/ocm04631837/Output/000224.tif /mnt/lsdi/ocm04631837/ocm04631837/Output/000225.tif /mnt/lsdi/ocm04631837/ocm04631837/Output/000226.tif /mnt/lsdi/ocm04631837/ocm04631837/Output/000227.tif /mnt/lsdi/ocm04631837/ocm04631837/Output/000228.tif /mnt/lsdi/ocm04631837/ocm04631837/Output/000229.tif /mnt/lsdi/ocm04631837/ocm04631837/Output/000230.tif /mnt/lsdi/ocm04631837/ocm04631837/Output/000231.tif /mnt/lsdi/ocm04631837/ocm04631837/Output/000232.tif /mnt/lsdi/ocm04631837/ocm04631837/Output/000233.tif /mnt/lsdi/ocm04631837/ocm04631837/Output/000234.tif /mnt/lsdi/ocm04631837/ocm04631837/Output/000235.tif /mnt/lsdi/ocm04631837/ocm04631837/Output/000236.tif /mnt/lsdi/ocm04631837/ocm04631837/Output/000237.tif /mnt/lsdi/ocm04631837/ocm04631837/Output/000238.tif /mnt/lsdi/ocm04631837/ocm04631837/Output/000239.tif /mnt/lsdi/ocm04631837/ocm04631837/Output/000240.tif /mnt/lsdi/ocm04631837/ocm04631837/Output/000241.tif /mnt/lsdi/ocm04631837/ocm04631837/Output/000242.tif /mnt/lsdi/ocm04631837/ocm04631837/Output/000243.tif /mnt/lsdi/ocm04631837/ocm04631837/Output/000244.tif /mnt/lsdi/ocm04631837/ocm04631837/Output/000245.tif /mnt/lsdi/ocm04631837/ocm04631837/Output/000246.tif /mnt/lsdi/ocm04631837/ocm04631837/Output/000247.tif /mnt/lsdi/ocm04631837/ocm04631837/Output/000248.tif /mnt/lsdi/ocm04631837/ocm04631837/Output/000249.tif /mnt/lsdi/ocm04631837/ocm04631837/Output/000250.tif /mnt/lsdi/ocm04631837/ocm04631837/Output/000251.tif /mnt/lsdi/ocm04631837/ocm04631837/Output/000252.tif /mnt/lsdi/ocm04631837/ocm04631837/Output/000253.tif /mnt/lsdi/ocm04631837/ocm04631837/Output/000254.tif /mnt/lsdi/ocm04631837/ocm04631837/Output/000255.tif /mnt/lsdi/ocm04631837/ocm04631837/Output/000256.tif /mnt/lsdi/ocm04631837/ocm04631837/Output/000257.tif /mnt/lsdi/ocm04631837/ocm04631837/Output/000258.tif /mnt/lsdi/ocm04631837/ocm04631837/Output/000259.tif /mnt/lsdi/ocm04631837/ocm04631837/Output/000260.tif /mnt/lsdi/ocm04631837/ocm04631837/Output/000261.tif /mnt/lsdi/ocm04631837/ocm04631837/Output/000262.tif /mnt/lsdi/ocm04631837/ocm04631837/Output/000263.tif /mnt/lsdi/ocm04631837/ocm04631837/Output/000264.tif /mnt/lsdi/ocm04631837/ocm04631837/Output/000265.tif /mnt/lsdi/ocm04631837/ocm04631837/Output/000266.tif /mnt/lsdi/ocm04631837/ocm04631837/Output/000267.tif /mnt/lsdi/ocm04631837/ocm04631837/Output/000268.tif /mnt/lsdi/ocm04631837/ocm04631837/Output/000269.tif /mnt/lsdi/ocm04631837/ocm04631837/Output/000270.tif /mnt/lsdi/ocm04631837/ocm04631837/Output/000271.tif /mnt/lsdi/ocm04631837/ocm04631837/Output/000272.tif /mnt/lsdi/ocm04631837/ocm04631837/Output/000273.tif /mnt/lsdi/ocm04631837/ocm04631837/Output/000274.tif /mnt/lsdi/ocm04631837/ocm04631837/Output/000275.tif /mnt/lsdi/ocm04631837/ocm04631837/Output/000276.tif /mnt/lsdi/ocm04631837/ocm04631837/Output/000277.tif /mnt/lsdi/ocm04631837/ocm04631837/Output/000278.tif /mnt/lsdi/ocm04631837/ocm04631837/Output/000279.tif /mnt/lsdi/ocm04631837/ocm04631837/Output/000280.tif /mnt/lsdi/ocm04631837/ocm04631837/Output/000281.tif /mnt/lsdi/ocm04631837/ocm04631837/Output/000282.tif /mnt/lsdi/ocm04631837/ocm04631837/Output/000283.tif /mnt/lsdi/ocm04631837/ocm04631837/Output/000284.tif /mnt/lsdi/ocm04631837/ocm04631837/Output/000285.tif /mnt/lsdi/ocm04631837/ocm04631837/Output/000286.tif /mnt/lsdi/ocm04631837/ocm04631837/Output/000287.tif /mnt/lsdi/ocm04631837/ocm04631837/Output/000288.tif /mnt/lsdi/ocm04631837/ocm04631837/Output/000289.tif /mnt/lsdi/ocm04631837/ocm04631837/Output/000290.tif /mnt/lsdi/ocm04631837/ocm04631837/Output/000291.tif /mnt/lsdi/ocm04631837/ocm04631837/Output/000292.tif /mnt/lsdi/ocm04631837/ocm04631837/Output/000293.tif /mnt/lsdi/ocm04631837/ocm04631837/Output/000294.tif /mnt/lsdi/ocm04631837/ocm04631837/Output/000295.tif /mnt/lsdi/ocm04631837/ocm04631837/Output/000296.tif /mnt/lsdi/ocm04631837/ocm04631837/Output/000297.tif /mnt/lsdi/ocm04631837/ocm04631837/Output/000298.tif /mnt/lsdi/ocm04631837/ocm04631837/Output/000299.tif /mnt/lsdi/ocm04631837/ocm04631837/Output/000300.tif /mnt/lsdi/ocm04631837/ocm04631837/Output/000301.tif /mnt/lsdi/ocm04631837/ocm04631837/Output/000302.tif /mnt/lsdi/ocm04631837/ocm04631837/Output/000303.tif /mnt/lsdi/ocm04631837/ocm04631837/Output/000304.tif /mnt/lsdi/ocm04631837/ocm04631837/Output/000305.tif /mnt/lsdi/ocm04631837/ocm04631837/Output/000306.tif /mnt/lsdi/ocm04631837/ocm04631837/Output/000307.tif /mnt/lsdi/ocm04631837/ocm04631837/Output/000308.tif /mnt/lsdi/ocm04631837/ocm04631837/Output/000309.tif /mnt/lsdi/ocm04631837/ocm04631837/Output/000310.tif /mnt/lsdi/ocm04631837/ocm04631837/Output/000311.tif /mnt/lsdi/ocm04631837/ocm04631837/Output/000312.tif /mnt/lsdi/ocm04631837/ocm04631837/Output/000313.tif /mnt/lsdi/ocm04631837/ocm04631837/Output/000314.tif /mnt/lsdi/ocm04631837/ocm04631837/Output/000315.tif /mnt/lsdi/ocm04631837/ocm04631837/Output/000316.tif /mnt/lsdi/ocm04631837/ocm04631837/Output/000317.tif /mnt/lsdi/ocm04631837/ocm04631837/Output/000318.tif /mnt/lsdi/ocm04631837/ocm04631837/Output/000319.tif /mnt/lsdi/ocm04631837/ocm04631837/Output/000320.tif /mnt/lsdi/ocm04631837/ocm04631837/Output/000321.tif /mnt/lsdi/ocm04631837/ocm04631837/Output/000322.tif /mnt/lsdi/ocm04631837/ocm04631837/Output/000323.tif /mnt/lsdi/ocm04631837/ocm04631837/Output/000324.tif /mnt/lsdi/ocm04631837/ocm04631837/Output/000325.tif /mnt/lsdi/ocm04631837/ocm04631837/Output/000326.tif /mnt/lsdi/ocm04631837/ocm04631837/Output/000327.tif /mnt/lsdi/ocm04631837/ocm04631837/Output/000328.tif /mnt/lsdi/ocm04631837/ocm04631837/Output/000329.tif /mnt/lsdi/ocm04631837/ocm04631837/Output/000330.tif /mnt/lsdi/ocm04631837/ocm04631837/Output/000331.tif /mnt/lsdi/ocm04631837/ocm04631837/Output/000332.tif /mnt/lsdi/ocm04631837/ocm04631837/Output/000333.tif /mnt/lsdi/ocm04631837/ocm04631837/Output/000334.tif /mnt/lsdi/ocm04631837/ocm04631837/Output/000335.tif /mnt/lsdi/ocm04631837/ocm04631837/Output/000336.tif /mnt/lsdi/ocm04631837/ocm04631837/Output/000337.tif /mnt/lsdi/ocm04631837/ocm04631837/Output/000338.tif /mnt/lsdi/ocm04631837/ocm04631837/Output/000339.tif /mnt/lsdi/ocm04631837/ocm04631837/Output/000340.tif /mnt/lsdi/ocm04631837/ocm04631837/Output/000341.tif /mnt/lsdi/ocm04631837/ocm04631837/Output/000342.tif /mnt/lsdi/ocm04631837/ocm04631837/Output/000343.tif /mnt/lsdi/ocm04631837/ocm04631837/Output/000344.tif /mnt/lsdi/ocm04631837/ocm04631837/Output/000345.tif /mnt/lsdi/ocm04631837/ocm04631837/Output/000346.tif /mnt/lsdi/ocm04631837/ocm04631837/Output/000347.tif /mnt/lsdi/ocm04631837/ocm04631837/Output/000348.tif /mnt/lsdi/ocm04631837/ocm04631837/Output/000349.tif /mnt/lsdi/ocm04631837/ocm04631837/Output/000350.tif /mnt/lsdi/ocm04631837/ocm04631837/Output/000351.tif /mnt/lsdi/ocm04631837/ocm04631837/Output/000352.tif /mnt/lsdi/ocm04631837/ocm04631837/Output/000353.tif /mnt/lsdi/ocm04631837/ocm04631837/Output/000354.tif /mnt/lsdi/ocm04631837/ocm04631837/Output/000355.tif /mnt/lsdi/ocm04631837/ocm04631837/Output/000356.tif /mnt/lsdi/ocm04631837/ocm04631837/Output/000357.tif /mnt/lsdi/ocm04631837/ocm04631837/Output/000358.tif /mnt/lsdi/ocm04631837/ocm04631837/Output/000359.tif /mnt/lsdi/ocm04631837/ocm04631837/Output/000360.tif /mnt/lsdi/ocm04631837/ocm04631837/Output/000361.tif /mnt/lsdi/ocm04631837/ocm04631837/Output/000362.tif /mnt/lsdi/ocm04631837/ocm04631837/Output/000363.tif /mnt/lsdi/ocm04631837/ocm04631837/Output/000364.tif /mnt/lsdi/ocm04631837/ocm04631837/Output/000365.tif /mnt/lsdi/ocm04631837/ocm04631837/Output/000366.tif /mnt/lsdi/ocm04631837/ocm04631837/Output/000367.tif /mnt/lsdi/ocm04631837/ocm04631837/Output/000368.tif /mnt/lsdi/ocm04631837/ocm04631837/Output/000369.tif /mnt/lsdi/ocm04631837/ocm04631837/Output/000370.tif /mnt/lsdi/ocm04631837/ocm04631837/Output/000371.tif /mnt/lsdi/ocm04631837/ocm04631837/Output/000372.tif /mnt/lsdi/ocm04631837/ocm04631837/Output/000373.tif /mnt/lsdi/ocm04631837/ocm04631837/Output/000374.tif /mnt/lsdi/ocm04631837/ocm04631837/Output/000375.tif /mnt/lsdi/ocm04631837/ocm04631837/Output/000376.tif /mnt/lsdi/ocm04631837/ocm04631837/Output/000377.tif /mnt/lsdi/ocm04631837/ocm04631837/Output/000378.tif /mnt/lsdi/ocm04631837/ocm04631837/Output/000379.tif /mnt/lsdi/ocm04631837/ocm04631837/Output/000380.tif /mnt/lsdi/ocm04631837/ocm04631837/Output/000381.tif /mnt/lsdi/ocm04631837/ocm04631837/Output/000382.tif /mnt/lsdi/ocm04631837/ocm04631837/Output/000383.tif /mnt/lsdi/ocm04631837/ocm04631837/Output/000384.tif /mnt/lsdi/ocm04631837/ocm04631837/Output/000385.tif /mnt/lsdi/ocm04631837/ocm04631837/Output/000386.tif /mnt/lsdi/ocm04631837/ocm04631837/Output/000387.tif /mnt/lsdi/ocm04631837/ocm04631837/Output/000388.tif /mnt/lsdi/ocm04631837/ocm04631837/Output/000389.tif /mnt/lsdi/ocm04631837/ocm04631837/Output/000390.tif /mnt/lsdi/ocm04631837/ocm04631837/Output/000391.tif /mnt/lsdi/ocm04631837/ocm04631837/Output/000392.tif /mnt/lsdi/ocm04631837/ocm04631837/Output/000393.tif /mnt/lsdi/ocm04631837/ocm04631837/Output/000394.tif /mnt/lsdi/ocm04631837/ocm04631837/Output/000395.tif /mnt/lsdi/ocm04631837/ocm04631837/Output/000396.tif /mnt/lsdi/ocm04631837/ocm04631837/Output/000397.tif /mnt/lsdi/ocm04631837/ocm04631837/Output/000398.tif /mnt/lsdi/ocm04631837/ocm04631837/Output/000399.tif /mnt/lsdi/ocm04631837/ocm04631837/Output/000400.tif /mnt/lsdi/ocm04631837/ocm04631837/Output/000401.tif /mnt/lsdi/ocm04631837/ocm04631837/Output/000402.tif /mnt/lsdi/ocm04631837/ocm04631837/Output/000403.tif /mnt/lsdi/ocm04631837/ocm04631837/Output/000404.tif /mnt/lsdi/ocm04631837/ocm04631837/Output/000405.tif /mnt/lsdi/ocm04631837/ocm04631837/Output/000406.tif /mnt/lsdi/ocm04631837/ocm04631837/Output/000407.tif /mnt/lsdi/ocm04631837/ocm04631837/Output/000408.tif /mnt/lsdi/ocm04631837/ocm04631837/Output/000409.tif /mnt/lsdi/ocm04631837/ocm04631837/Output/000410.tif /mnt/lsdi/ocm04631837/ocm04631837/Output/000411.tif /mnt/lsdi/ocm04631837/ocm04631837/Output/000412.tif /mnt/lsdi/ocm04631837/ocm04631837/Output/000413.tif /mnt/lsdi/ocm04631837/ocm04631837/Output/000414.tif /mnt/lsdi/ocm04631837/ocm04631837/Output/000415.tif /mnt/lsdi/ocm04631837/ocm04631837/Output/000416.tif /mnt/lsdi/ocm04631837/ocm04631837/Output/000417.tif /mnt/lsdi/ocm04631837/ocm04631837/Output/000418.tif /mnt/lsdi/ocm04631837/ocm04631837/Output/000419.tif /mnt/lsdi/ocm04631837/ocm04631837/Output/000420.tif /mnt/lsdi/ocm04631837/ocm04631837/Output/000421.tif /mnt/lsdi/ocm04631837/ocm04631837/Output/000422.tif /mnt/lsdi/ocm04631837/ocm04631837/Output/000423.tif /mnt/lsdi/ocm04631837/ocm04631837/Output/000424.tif /mnt/lsdi/ocm04631837/ocm04631837/Output/000425.tif /mnt/lsdi/ocm04631837/ocm04631837/Output/000426.tif /mnt/lsdi/ocm04631837/ocm04631837/Output/000427.tif /mnt/lsdi/ocm04631837/ocm04631837/Output/000428.tif /mnt/lsdi/ocm04631837/ocm04631837/Output/000429.tif /mnt/lsdi/ocm04631837/ocm04631837/Output/000430.tif /mnt/lsdi/ocm04631837/ocm04631837/Output/000431.tif /mnt/lsdi/ocm04631837/ocm04631837/Output/000432.tif /mnt/lsdi/ocm04631837/ocm04631837/Output/000433.tif /mnt/lsdi/ocm04631837/ocm04631837/Output/000434.tif /mnt/lsdi/ocm04631837/ocm04631837/Output/000435.tif /mnt/lsdi/ocm04631837/ocm04631837/Output/000436.tif /mnt/lsdi/ocm04631837/ocm04631837/Output/000437.tif /mnt/lsdi/ocm04631837/ocm04631837/Output/000438.tif /mnt/lsdi/ocm04631837/ocm04631837/Output/000439.tif /mnt/lsdi/ocm04631837/ocm04631837/Output/000440.tif /mnt/lsdi/ocm04631837/ocm04631837/Output/000441.tif /mnt/lsdi/ocm04631837/ocm04631837/Output/000442.tif /mnt/lsdi/ocm04631837/ocm04631837/Output/000443.tif /mnt/lsdi/ocm04631837/ocm04631837/Output/000444.tif /mnt/lsdi/ocm04631837/ocm04631837/Output/000445.tif /mnt/lsdi/ocm04631837/ocm04631837/Output/000446.tif /mnt/lsdi/ocm04631837/ocm04631837/Output/000447.tif /mnt/lsdi/ocm04631837/ocm04631837/Output/000448.tif /mnt/lsdi/ocm04631837/ocm04631837/Output/000449.tif /mnt/lsdi/ocm04631837/ocm04631837/Output/000450.tif /mnt/lsdi/ocm04631837/ocm04631837/Output/000451.tif /mnt/lsdi/ocm04631837/ocm04631837/Output/000452.tif /mnt/lsdi/ocm04631837/ocm04631837/Output/000453.tif /mnt/lsdi/ocm04631837/ocm04631837/Output/000454.tif /mnt/lsdi/ocm04631837/ocm04631837/Output/000455.tif /mnt/lsdi/ocm04631837/ocm04631837/Output/000456.tif /mnt/lsdi/ocm04631837/ocm04631837/Output/000457.tif /mnt/lsdi/ocm04631837/ocm04631837/Output/000458.tif /mnt/lsdi/ocm04631837/ocm04631837/Output/000459.tif /mnt/lsdi/ocm04631837/ocm04631837/Output/000460.tif /mnt/lsdi/ocm04631837/ocm04631837/Output/000461.tif /mnt/lsdi/ocm04631837/ocm04631837/Output/000462.tif /mnt/lsdi/ocm04631837/ocm04631837/Output/000463.tif /mnt/lsdi/ocm04631837/ocm04631837/Output/000464.tif /mnt/lsdi/ocm04631837/ocm04631837/Output/000465.tif /mnt/lsdi/ocm04631837/ocm04631837/Output/000466.tif /mnt/lsdi/ocm04631837/ocm04631837/Output/000467.tif /mnt/lsdi/ocm04631837/ocm04631837/Output/000468.tif /mnt/lsdi/ocm04631837/ocm04631837/Output/000469.tif /mnt/lsdi/ocm04631837/ocm04631837/Output/000470.tif /mnt/lsdi/ocm04631837/ocm04631837/Output/000471.tif /mnt/lsdi/ocm04631837/ocm04631837/Output/000472.tif /mnt/lsdi/ocm04631837/ocm04631837/Output/000473.tif /mnt/lsdi/ocm04631837/ocm04631837/Output/000474.tif /mnt/lsdi/ocm04631837/ocm04631837/Output/000475.tif /mnt/lsdi/ocm04631837/ocm04631837/Output/000476.tif /mnt/lsdi/ocm04631837/ocm04631837/Output/000477.tif /mnt/lsdi/ocm04631837/ocm04631837/Output/000478.tif /mnt/lsdi/ocm04631837/ocm04631837/Output/000479.tif /mnt/lsdi/ocm04631837/ocm04631837/Output/000480.tif /mnt/lsdi/ocm04631837/ocm04631837/Output/000481.tif /mnt/lsdi/ocm04631837/ocm04631837/Output/000482.tif /mnt/lsdi/ocm04631837/ocm04631837/Output/000483.tif /mnt/lsdi/ocm04631837/ocm04631837/Output/000484.tif /mnt/lsdi/ocm04631837/ocm04631837/Output/000485.tif /mnt/lsdi/ocm04631837/ocm04631837/Output/000486.tif /mnt/lsdi/ocm04631837/ocm04631837/Output/000487.tif /mnt/lsdi/ocm04631837/ocm04631837/Output/000488.tif /mnt/lsdi/ocm04631837/ocm04631837/Output/000489.tif /mnt/lsdi/ocm04631837/ocm04631837/Output/000490.tif /mnt/lsdi/ocm04631837/ocm04631837/Output/000491.tif /mnt/lsdi/ocm04631837/ocm04631837/Output/000492.tif /mnt/lsdi/ocm04631837/ocm04631837/Output/000493.tif /mnt/lsdi/ocm04631837/ocm04631837/Output/000494.tif /mnt/lsdi/ocm04631837/ocm04631837/Output/000495.tif /mnt/lsdi/ocm04631837/ocm04631837/Output/000496.tif /mnt/lsdi/ocm04631837/ocm04631837/Output/000497.tif /mnt/lsdi/ocm04631837/ocm04631837/Output/000498.tif /mnt/lsdi/ocm04631837/ocm04631837/Output/000499.tif /mnt/lsdi/ocm04631837/ocm04631837/Output/000500.tif /mnt/lsdi/ocm04631837/ocm04631837/Output/000501.tif /mnt/lsdi/ocm04631837/ocm04631837/Output/000502.tif /mnt/lsdi/ocm04631837/ocm04631837/Output/000503.tif /mnt/lsdi/ocm04631837/ocm04631837/Output/000504.tif /mnt/lsdi/ocm04631837/ocm04631837/Output/000505.tif /mnt/lsdi/ocm04631837/ocm04631837/Output/000506.tif /mnt/lsdi/ocm04631837/ocm04631837/Output/000507.tif /mnt/lsdi/ocm04631837/ocm04631837/Output/000508.tif /mnt/lsdi/ocm04631837/ocm04631837/Output/000509.tif /mnt/lsdi/ocm04631837/ocm04631837/Output/000510.tif /mnt/lsdi/ocm04631837/ocm04631837/Output/000511.tif /mnt/lsdi/ocm04631837/ocm04631837/Output/000512.tif /mnt/lsdi/ocm04631837/ocm04631837/Output/000513.tif /mnt/lsdi/ocm04631837/ocm04631837/Output/000514.tif /mnt/lsdi/ocm04631837/ocm04631837/Output/000515.tif /mnt/lsdi/ocm04631837/ocm04631837/Output/000516.tif /mnt/lsdi/ocm04631837/ocm04631837/Output/000517.tif /mnt/lsdi/ocm04631837/ocm04631837/Output/000518.tif /mnt/lsdi/ocm04631837/ocm04631837/Output/000519.tif /mnt/lsdi/ocm04631837/ocm04631837/Output/000520.tif /mnt/lsdi/ocm04631837/ocm04631837/Output/000521.tif /mnt/lsdi/ocm04631837/ocm04631837/Output/000522.tif /mnt/lsdi/ocm04631837/ocm04631837/Output/000523.tif /mnt/lsdi/ocm04631837/ocm04631837/Output/000524.tif /mnt/lsdi/ocm04631837/ocm04631837/Output/000525.tif /mnt/lsdi/ocm04631837/ocm04631837/Output/000526.tif /mnt/lsdi/ocm04631837/ocm04631837/Output/000527.tif
  adding: mnt/lsdi/ocm04631837/ocm04631837/Output/000004.tif (deflated 78%)
  adding: mnt/lsdi/ocm04631837/ocm04631837/Output/000005.tif (deflated 27%)
  adding: mnt/lsdi/ocm04631837/ocm04631837/Output/000006.tif (deflated 6%)
  adding: mnt/lsdi/ocm04631837/ocm04631837/Output/000007.tif (deflated 78%)
  adding: mnt/lsdi/ocm04631837/ocm04631837/Output/000008.tif (deflated 78%)
  adding: mnt/lsdi/ocm04631837/ocm04631837/Output/000009.tif (deflated 5%)
  adding: mnt/lsdi/ocm04631837/ocm04631837/Output/000010.tif (deflated 25%)
  adding: mnt/lsdi/ocm04631837/ocm04631837/Output/000011.tif (deflated 5%)
  adding: mnt/lsdi/ocm04631837/ocm04631837/Output/000012.tif (deflated 5%)
  adding: mnt/lsdi/ocm04631837/ocm04631837/Output/000013.tif (deflated 7%)
  adding: mnt/lsdi/ocm04631837/ocm04631837/Output/000014.tif (deflated 78%)
  adding: mnt/lsdi/ocm04631837/ocm04631837/Output/000015.tif (deflated 5%)
  adding: mnt/lsdi/ocm04631837/ocm04631837/Output/000016.tif (deflated 4%)
  adding: mnt/lsdi/ocm04631837/ocm04631837/Output/000017.tif (deflated 4%)
  adding: mnt/lsdi/ocm04631837/ocm04631837/Output/000018.tif (deflated 6%)
  adding: mnt/lsdi/ocm04631837/ocm04631837/Output/000019.tif (deflated 3%)
  adding: mnt/lsdi/ocm04631837/ocm04631837/Output/000020.tif (deflated 4%)
  adding: mnt/lsdi/ocm04631837/ocm04631837/Output/000021.tif (deflated 4%)
  adding: mnt/lsdi/ocm04631837/ocm04631837/Output/000022.tif (deflated 4%)
  adding: mnt/lsdi/ocm04631837/ocm04631837/Output/000023.tif (deflated 5%)
  adding: mnt/lsdi/ocm04631837/ocm04631837/Output/000024.tif (deflated 4%)
  adding: mnt/lsdi/ocm04631837/ocm04631837/Output/000025.tif (deflated 4%)
  adding: mnt/lsdi/ocm04631837/ocm04631837/Output/000026.tif (deflated 4%)
  adding: mnt/lsdi/ocm04631837/ocm04631837/Output/000027.tif (deflated 4%)
  adding: mnt/lsdi/ocm04631837/ocm04631837/Output/000028.tif (deflated 5%)
  adding: mnt/lsdi/ocm04631837/ocm04631837/Output/000029.tif (deflated 5%)
  adding: mnt/lsdi/ocm04631837/ocm04631837/Output/000030.tif (deflated 4%)
  adding: mnt/lsdi/ocm04631837/ocm04631837/Output/000031.tif (deflated 5%)
  adding: mnt/lsdi/ocm04631837/ocm04631837/Output/000032.tif (deflated 4%)
  adding: mnt/lsdi/ocm04631837/ocm04631837/Output/000033.tif (deflated 4%)
  adding: mnt/lsdi/ocm04631837/ocm04631837/Output/000034.tif (deflated 4%)
  adding: mnt/lsdi/ocm04631837/ocm04631837/Output/000035.tif (deflated 4%)
  adding: mnt/lsdi/ocm04631837/ocm04631837/Output/000036.tif (deflated 4%)
  adding: mnt/lsdi/ocm04631837/ocm04631837/Output/000037.tif (deflated 4%)
  adding: mnt/lsdi/ocm04631837/ocm04631837/Output/000038.tif (deflated 4%)
  adding: mnt/lsdi/ocm04631837/ocm04631837/Output/000039.tif (deflated 4%)
  adding: mnt/lsdi/ocm04631837/ocm04631837/Output/000040.tif (deflated 4%)
  adding: mnt/lsdi/ocm04631837/ocm04631837/Output/000041.tif (deflated 4%)
  adding: mnt/lsdi/ocm04631837/ocm04631837/Output/000042.tif (deflated 4%)
  adding: mnt/lsdi/ocm04631837/ocm04631837/Output/000043.tif (deflated 5%)
  adding: mnt/lsdi/ocm04631837/ocm04631837/Output/000044.tif (deflated 5%)
  adding: mnt/lsdi/ocm04631837/ocm04631837/Output/000045.tif (deflated 5%)
  adding: mnt/lsdi/ocm04631837/ocm04631837/Output/000046.tif (deflated 4%)
  adding: mnt/lsdi/ocm04631837/ocm04631837/Output/000047.tif (deflated 5%)
  adding: mnt/lsdi/ocm04631837/ocm04631837/Output/000048.tif (deflated 4%)
  adding: mnt/lsdi/ocm04631837/ocm04631837/Output/000049.tif (deflated 4%)
  adding: mnt/lsdi/ocm04631837/ocm04631837/Output/000050.tif (deflated 4%)
  adding: mnt/lsdi/ocm04631837/ocm04631837/Output/000051.tif (deflated 4%)
  adding: mnt/lsdi/ocm04631837/ocm04631837/Output/000052.tif (deflated 4%)
  adding: mnt/lsdi/ocm04631837/ocm04631837/Output/000053.tif (deflated 4%)
  adding: mnt/lsdi/ocm04631837/ocm04631837/Output/000054.tif (deflated 4%)
  adding: mnt/lsdi/ocm04631837/ocm04631837/Output/000055.tif (deflated 4%)
  adding: mnt/lsdi/ocm04631837/ocm04631837/Output/000056.tif (deflated 5%)
  adding: mnt/lsdi/ocm04631837/ocm04631837/Output/000057.tif (deflated 4%)
  adding: mnt/lsdi/ocm04631837/ocm04631837/Output/000058.tif (deflated 4%)
  adding: mnt/lsdi/ocm04631837/ocm04631837/Output/000059.tif (deflated 4%)
  adding: mnt/lsdi/ocm04631837/ocm04631837/Output/000060.tif (deflated 4%)
  adding: mnt/lsdi/ocm04631837/ocm04631837/Output/000061.tif (deflated 4%)
  adding: mnt/lsdi/ocm04631837/ocm04631837/Output/000062.tif (deflated 4%)
  adding: mnt/lsdi/ocm04631837/ocm04631837/Output/000063.tif (deflated 4%)
  adding: mnt/lsdi/ocm04631837/ocm04631837/Output/000064.tif (deflated 4%)
  adding: mnt/lsdi/ocm04631837/ocm04631837/Output/000065.tif (deflated 4%)
  adding: mnt/lsdi/ocm04631837/ocm04631837/Output/000066.tif (deflated 4%)
  adding: mnt/lsdi/ocm04631837/ocm04631837/Output/000067.tif (deflated 5%)
  adding: mnt/lsdi/ocm04631837/ocm04631837/Output/000068.tif (deflated 4%)
  adding: mnt/lsdi/ocm04631837/ocm04631837/Output/000069.tif (deflated 4%)
  adding: mnt/lsdi/ocm04631837/ocm04631837/Output/000070.tif (deflated 4%)
  adding: mnt/lsdi/ocm04631837/ocm04631837/Output/000071.tif (deflated 4%)
  adding: mnt/lsdi/ocm04631837/ocm04631837/Output/000072.tif (deflated 4%)
  adding: mnt/lsdi/ocm04631837/ocm04631837/Output/000073.tif (deflated 3%)
  adding: mnt/lsdi/ocm04631837/ocm04631837/Output/000074.tif (deflated 4%)
  adding: mnt/lsdi/ocm04631837/ocm04631837/Output/000075.tif (deflated 4%)
  adding: mnt/lsdi/ocm04631837/ocm04631837/Output/000076.tif (deflated 4%)
  adding: mnt/lsdi/ocm04631837/ocm04631837/Output/000077.tif (deflated 4%)
  adding: mnt/lsdi/ocm04631837/ocm04631837/Output/000078.tif (deflated 4%)
  adding: mnt/lsdi/ocm04631837/ocm04631837/Output/000079.tif (deflated 4%)
  adding: mnt/lsdi/ocm04631837/ocm04631837/Output/000080.tif (deflated 4%)
  adding: mnt/lsdi/ocm04631837/ocm04631837/Output/000081.tif (deflated 3%)
  adding: mnt/lsdi/ocm04631837/ocm04631837/Output/000082.tif (deflated 4%)
  adding: mnt/lsdi/ocm04631837/ocm04631837/Output/000083.tif (deflated 4%)
  adding: mnt/lsdi/ocm04631837/ocm04631837/Output/000084.tif (deflated 4%)
  adding: mnt/lsdi/ocm04631837/ocm04631837/Output/000085.tif (deflated 3%)
  adding: mnt/lsdi/ocm04631837/ocm04631837/Output/000086.tif (deflated 4%)
  adding: mnt/lsdi/ocm04631837/ocm04631837/Output/000087.tif (deflated 4%)
  adding: mnt/lsdi/ocm04631837/ocm04631837/Output/000088.tif (deflated 4%)
  adding: mnt/lsdi/ocm04631837/ocm04631837/Output/000089.tif (deflated 4%)
  adding: mnt/lsdi/ocm04631837/ocm04631837/Output/000090.tif (deflated 4%)
  adding: mnt/lsdi/ocm04631837/ocm04631837/Output/000091.tif (deflated 4%)
  adding: mnt/lsdi/ocm04631837/ocm04631837/Output/000092.tif (deflated 4%)
  adding: mnt/lsdi/ocm04631837/ocm04631837/Output/000093.tif (deflated 4%)
  adding: mnt/lsdi/ocm04631837/ocm04631837/Output/000094.tif (deflated 4%)
  adding: mnt/lsdi/ocm04631837/ocm04631837/Output/000095.tif (deflated 4%)
  adding: mnt/lsdi/ocm04631837/ocm04631837/Output/000096.tif (deflated 3%)
  adding: mnt/lsdi/ocm04631837/ocm04631837/Output/000097.tif (deflated 4%)
  adding: mnt/lsdi/ocm04631837/ocm04631837/Output/000098.tif (deflated 4%)
  adding: mnt/lsdi/ocm04631837/ocm04631837/Output/000099.tif (deflated 3%)
  adding: mnt/lsdi/ocm04631837/ocm04631837/Output/000100.tif (deflated 4%)
  adding: mnt/lsdi/ocm04631837/ocm04631837/Output/000101.tif (deflated 4%)
  adding: mnt/lsdi/ocm04631837/ocm04631837/Output/000102.tif (deflated 4%)
  adding: mnt/lsdi/ocm04631837/ocm04631837/Output/000103.tif (deflated 4%)
  adding: mnt/lsdi/ocm04631837/ocm04631837/Output/000104.tif (deflated 4%)
  adding: mnt/lsdi/ocm04631837/ocm04631837/Output/000105.tif (deflated 4%)
  adding: mnt/lsdi/ocm04631837/ocm04631837/Output/000106.tif (deflated 4%)
  adding: mnt/lsdi/ocm04631837/ocm04631837/Output/000107.tif (deflated 4%)
  adding: mnt/lsdi/ocm04631837/ocm04631837/Output/000108.tif (deflated 4%)
  adding: mnt/lsdi/ocm04631837/ocm04631837/Output/000109.tif (deflated 4%)
  adding: mnt/lsdi/ocm04631837/ocm04631837/Output/000110.tif (deflated 4%)
  adding: mnt/lsdi/ocm04631837/ocm04631837/Output/000111.tif (deflated 4%)
  adding: mnt/lsdi/ocm04631837/ocm04631837/Output/000112.tif (deflated 4%)
  adding: mnt/lsdi/ocm04631837/ocm04631837/Output/000113.tif (deflated 4%)
  adding: mnt/lsdi/ocm04631837/ocm04631837/Output/000114.tif (deflated 4%)
  adding: mnt/lsdi/ocm04631837/ocm04631837/Output/000115.tif (deflated 3%)
  adding: mnt/lsdi/ocm04631837/ocm04631837/Output/000116.tif (deflated 4%)
  adding: mnt/lsdi/ocm04631837/ocm04631837/Output/000117.tif (deflated 4%)
  adding: mnt/lsdi/ocm04631837/ocm04631837/Output/000118.tif (deflated 4%)
  adding: mnt/lsdi/ocm04631837/ocm04631837/Output/000119.tif (deflated 4%)
  adding: mnt/lsdi/ocm04631837/ocm04631837/Output/000120.tif (deflated 4%)
  adding: mnt/lsdi/ocm04631837/ocm04631837/Output/000121.tif (deflated 4%)
  adding: mnt/lsdi/ocm04631837/ocm04631837/Output/000122.tif (deflated 4%)
  adding: mnt/lsdi/ocm04631837/ocm04631837/Output/000123.tif (deflated 4%)
  adding: mnt/lsdi/ocm04631837/ocm04631837/Output/000124.tif (deflated 4%)
  adding: mnt/lsdi/ocm04631837/ocm04631837/Output/000125.tif (deflated 4%)
  adding: mnt/lsdi/ocm04631837/ocm04631837/Output/000126.tif (deflated 4%)
  adding: mnt/lsdi/ocm04631837/ocm04631837/Output/000127.tif (deflated 4%)
  adding: mnt/lsdi/ocm04631837/ocm04631837/Output/000128.tif (deflated 4%)
  adding: mnt/lsdi/ocm04631837/ocm04631837/Output/000129.tif (deflated 4%)
  adding: mnt/lsdi/ocm04631837/ocm04631837/Output/000130.tif (deflated 4%)
  adding: mnt/lsdi/ocm04631837/ocm04631837/Output/000131.tif (deflated 4%)
  adding: mnt/lsdi/ocm04631837/ocm04631837/Output/000132.tif (deflated 4%)
  adding: mnt/lsdi/ocm04631837/ocm04631837/Output/000133.tif (deflated 4%)
  adding: mnt/lsdi/ocm04631837/ocm04631837/Output/000134.tif (deflated 5%)
  adding: mnt/lsdi/ocm04631837/ocm04631837/Output/000135.tif (deflated 4%)
  adding: mnt/lsdi/ocm04631837/ocm04631837/Output/000136.tif (deflated 4%)
  adding: mnt/lsdi/ocm04631837/ocm04631837/Output/000137.tif (deflated 4%)
  adding: mnt/lsdi/ocm04631837/ocm04631837/Output/000138.tif (deflated 4%)
  adding: mnt/lsdi/ocm04631837/ocm04631837/Output/000139.tif (deflated 4%)
  adding: mnt/lsdi/ocm04631837/ocm04631837/Output/000140.tif (deflated 4%)
  adding: mnt/lsdi/ocm04631837/ocm04631837/Output/000141.tif (deflated 4%)
  adding: mnt/lsdi/ocm04631837/ocm04631837/Output/000142.tif (deflated 5%)
  adding: mnt/lsdi/ocm04631837/ocm04631837/Output/000143.tif (deflated 5%)
  adding: mnt/lsdi/ocm04631837/ocm04631837/Output/000144.tif (deflated 4%)
  adding: mnt/lsdi/ocm04631837/ocm04631837/Output/000145.tif (deflated 4%)
  adding: mnt/lsdi/ocm04631837/ocm04631837/Output/000146.tif (deflated 5%)
  adding: mnt/lsdi/ocm04631837/ocm04631837/Output/000147.tif (deflated 4%)
  adding: mnt/lsdi/ocm04631837/ocm04631837/Output/000148.tif (deflated 4%)
  adding: mnt/lsdi/ocm04631837/ocm04631837/Output/000149.tif (deflated 5%)
  adding: mnt/lsdi/ocm04631837/ocm04631837/Output/000150.tif (deflated 4%)
  adding: mnt/lsdi/ocm04631837/ocm04631837/Output/000151.tif (deflated 5%)
  adding: mnt/lsdi/ocm04631837/ocm04631837/Output/000152.tif (deflated 4%)
  adding: mnt/lsdi/ocm04631837/ocm04631837/Output/000153.tif (deflated 4%)
  adding: mnt/lsdi/ocm04631837/ocm04631837/Output/000154.tif (deflated 4%)
  adding: mnt/lsdi/ocm04631837/ocm04631837/Output/000155.tif (deflated 4%)
  adding: mnt/lsdi/ocm04631837/ocm04631837/Output/000156.tif (deflated 5%)
  adding: mnt/lsdi/ocm04631837/ocm04631837/Output/000157.tif (deflated 4%)
  adding: mnt/lsdi/ocm04631837/ocm04631837/Output/000158.tif (deflated 5%)
  adding: mnt/lsdi/ocm04631837/ocm04631837/Output/000159.tif (deflated 4%)
  adding: mnt/lsdi/ocm04631837/ocm04631837/Output/000160.tif (deflated 5%)
  adding: mnt/lsdi/ocm04631837/ocm04631837/Output/000161.tif (deflated 5%)
  adding: mnt/lsdi/ocm04631837/ocm04631837/Output/000162.tif (deflated 4%)
  adding: mnt/lsdi/ocm04631837/ocm04631837/Output/000163.tif (deflated 4%)
  adding: mnt/lsdi/ocm04631837/ocm04631837/Output/000164.tif (deflated 5%)
  adding: mnt/lsdi/ocm04631837/ocm04631837/Output/000165.tif (deflated 4%)
  adding: mnt/lsdi/ocm04631837/ocm04631837/Output/000166.tif (deflated 4%)
  adding: mnt/lsdi/ocm04631837/ocm04631837/Output/000167.tif (deflated 5%)
  adding: mnt/lsdi/ocm04631837/ocm04631837/Output/000168.tif (deflated 4%)
  adding: mnt/lsdi/ocm04631837/ocm04631837/Output/000169.tif (deflated 4%)
  adding: mnt/lsdi/ocm04631837/ocm04631837/Output/000170.tif (deflated 4%)
  adding: mnt/lsdi/ocm04631837/ocm04631837/Output/000171.tif (deflated 4%)
  adding: mnt/lsdi/ocm04631837/ocm04631837/Output/000172.tif (deflated 4%)
  adding: mnt/lsdi/ocm04631837/ocm04631837/Output/000173.tif (deflated 4%)
  adding: mnt/lsdi/ocm04631837/ocm04631837/Output/000174.tif (deflated 5%)
  adding: mnt/lsdi/ocm04631837/ocm04631837/Output/000175.tif (deflated 4%)
  adding: mnt/lsdi/ocm04631837/ocm04631837/Output/000176.tif (deflated 5%)
  adding: mnt/lsdi/ocm04631837/ocm04631837/Output/000177.tif (deflated 4%)
  adding: mnt/lsdi/ocm04631837/ocm04631837/Output/000178.tif (deflated 4%)
  adding: mnt/lsdi/ocm04631837/ocm04631837/Output/000179.tif (deflated 4%)
  adding: mnt/lsdi/ocm04631837/ocm04631837/Output/000180.tif (deflated 4%)
  adding: mnt/lsdi/ocm04631837/ocm04631837/Output/000181.tif (deflated 4%)
  adding: mnt/lsdi/ocm04631837/ocm04631837/Output/000182.tif (deflated 7%)
  adding: mnt/lsdi/ocm04631837/ocm04631837/Output/000183.tif (deflated 5%)
  adding: mnt/lsdi/ocm04631837/ocm04631837/Output/000184.tif (deflated 4%)
  adding: mnt/lsdi/ocm04631837/ocm04631837/Output/000185.tif (deflated 4%)
  adding: mnt/lsdi/ocm04631837/ocm04631837/Output/000186.tif (deflated 5%)
  adding: mnt/lsdi/ocm04631837/ocm04631837/Output/000187.tif (deflated 78%)
  adding: mnt/lsdi/ocm04631837/ocm04631837/Output/000188.tif (deflated 59%)
  adding: mnt/lsdi/ocm04631837/ocm04631837/Output/000189.tif (deflated 78%)
  adding: mnt/lsdi/ocm04631837/ocm04631837/Output/000190.tif (deflated 78%)
  adding: mnt/lsdi/ocm04631837/ocm04631837/Output/000191.tif (deflated 5%)
  adding: mnt/lsdi/ocm04631837/ocm04631837/Output/000192.tif (deflated 4%)
  adding: mnt/lsdi/ocm04631837/ocm04631837/Output/000193.tif (deflated 4%)
  adding: mnt/lsdi/ocm04631837/ocm04631837/Output/000194.tif (deflated 4%)
  adding: mnt/lsdi/ocm04631837/ocm04631837/Output/000195.tif (deflated 4%)
  adding: mnt/lsdi/ocm04631837/ocm04631837/Output/000196.tif (deflated 4%)
  adding: mnt/lsdi/ocm04631837/ocm04631837/Output/000197.tif (deflated 4%)
  adding: mnt/lsdi/ocm04631837/ocm04631837/Output/000198.tif (deflated 5%)
  adding: mnt/lsdi/ocm04631837/ocm04631837/Output/000199.tif (deflated 4%)
  adding: mnt/lsdi/ocm04631837/ocm04631837/Output/000200.tif (deflated 4%)
  adding: mnt/lsdi/ocm04631837/ocm04631837/Output/000201.tif (deflated 4%)
  adding: mnt/lsdi/ocm04631837/ocm04631837/Output/000202.tif (deflated 4%)
  adding: mnt/lsdi/ocm04631837/ocm04631837/Output/000203.tif (deflated 4%)
  adding: mnt/lsdi/ocm04631837/ocm04631837/Output/000204.tif (deflated 4%)
  adding: mnt/lsdi/ocm04631837/ocm04631837/Output/000205.tif (deflated 4%)
  adding: mnt/lsdi/ocm04631837/ocm04631837/Output/000206.tif (deflated 4%)
  adding: mnt/lsdi/ocm04631837/ocm04631837/Output/000207.tif (deflated 5%)
  adding: mnt/lsdi/ocm04631837/ocm04631837/Output/000208.tif (deflated 5%)
  adding: mnt/lsdi/ocm04631837/ocm04631837/Output/000209.tif (deflated 4%)
  adding: mnt/lsdi/ocm04631837/ocm04631837/Output/000210.tif (deflated 5%)
  adding: mnt/lsdi/ocm04631837/ocm04631837/Output/000211.tif (deflated 4%)
  adding: mnt/lsdi/ocm04631837/ocm04631837/Output/000212.tif (deflated 4%)
  adding: mnt/lsdi/ocm04631837/ocm04631837/Output/000213.tif (deflated 4%)
  adding: mnt/lsdi/ocm04631837/ocm04631837/Output/000214.tif (deflated 5%)
  adding: mnt/lsdi/ocm04631837/ocm04631837/Output/000215.tif (deflated 4%)
  adding: mnt/lsdi/ocm04631837/ocm04631837/Output/000216.tif (deflated 5%)
  adding: mnt/lsdi/ocm04631837/ocm04631837/Output/000217.tif (deflated 4%)
  adding: mnt/lsdi/ocm04631837/ocm04631837/Output/000218.tif (deflated 4%)
  adding: mnt/lsdi/ocm04631837/ocm04631837/Output/000219.tif (deflated 4%)
  adding: mnt/lsdi/ocm04631837/ocm04631837/Output/000220.tif (deflated 4%)
  adding: mnt/lsdi/ocm04631837/ocm04631837/Output/000221.tif (deflated 4%)
  adding: mnt/lsdi/ocm04631837/ocm04631837/Output/000222.tif (deflated 5%)
  adding: mnt/lsdi/ocm04631837/ocm04631837/Output/000223.tif (deflated 4%)
  adding: mnt/lsdi/ocm04631837/ocm04631837/Output/000224.tif (deflated 4%)
  adding: mnt/lsdi/ocm04631837/ocm04631837/Output/000225.tif (deflated 4%)
  adding: mnt/lsdi/ocm04631837/ocm04631837/Output/000226.tif (deflated 4%)
  adding: mnt/lsdi/ocm04631837/ocm04631837/Output/000227.tif (deflated 8%)
  adding: mnt/lsdi/ocm04631837/ocm04631837/Output/000228.tif (deflated 5%)
  adding: mnt/lsdi/ocm04631837/ocm04631837/Output/000229.tif (deflated 4%)
  adding: mnt/lsdi/ocm04631837/ocm04631837/Output/000230.tif (deflated 4%)
  adding: mnt/lsdi/ocm04631837/ocm04631837/Output/000231.tif (deflated 4%)
  adding: mnt/lsdi/ocm04631837/ocm04631837/Output/000232.tif (deflated 4%)
  adding: mnt/lsdi/ocm04631837/ocm04631837/Output/000233.tif (deflated 4%)
  adding: mnt/lsdi/ocm04631837/ocm04631837/Output/000234.tif (deflated 4%)
  adding: mnt/lsdi/ocm04631837/ocm04631837/Output/000235.tif (deflated 3%)
  adding: mnt/lsdi/ocm04631837/ocm04631837/Output/000236.tif (deflated 4%)
  adding: mnt/lsdi/ocm04631837/ocm04631837/Output/000237.tif (deflated 4%)
  adding: mnt/lsdi/ocm04631837/ocm04631837/Output/000238.tif (deflated 4%)
  adding: mnt/lsdi/ocm04631837/ocm04631837/Output/000239.tif (deflated 4%)
  adding: mnt/lsdi/ocm04631837/ocm04631837/Output/000240.tif (deflated 4%)
  adding: mnt/lsdi/ocm04631837/ocm04631837/Output/000241.tif (deflated 4%)
  adding: mnt/lsdi/ocm04631837/ocm04631837/Output/000242.tif (deflated 5%)
  adding: mnt/lsdi/ocm04631837/ocm04631837/Output/000243.tif (deflated 4%)
  adding: mnt/lsdi/ocm04631837/ocm04631837/Output/000244.tif (deflated 4%)
  adding: mnt/lsdi/ocm04631837/ocm04631837/Output/000245.tif (deflated 4%)
  adding: mnt/lsdi/ocm04631837/ocm04631837/Output/000246.tif (deflated 4%)
  adding: mnt/lsdi/ocm04631837/ocm04631837/Output/000247.tif (deflated 4%)
  adding: mnt/lsdi/ocm04631837/ocm04631837/Output/000248.tif (deflated 5%)
  adding: mnt/lsdi/ocm04631837/ocm04631837/Output/000249.tif (deflated 4%)
  adding: mnt/lsdi/ocm04631837/ocm04631837/Output/000250.tif (deflated 4%)
  adding: mnt/lsdi/ocm04631837/ocm04631837/Output/000251.tif (deflated 4%)
  adding: mnt/lsdi/ocm04631837/ocm04631837/Output/000252.tif (deflated 4%)
  adding: mnt/lsdi/ocm04631837/ocm04631837/Output/000253.tif (deflated 4%)
  adding: mnt/lsdi/ocm04631837/ocm04631837/Output/000254.tif (deflated 4%)
  adding: mnt/lsdi/ocm04631837/ocm04631837/Output/000255.tif (deflated 4%)
  adding: mnt/lsdi/ocm04631837/ocm04631837/Output/000256.tif (deflated 4%)
  adding: mnt/lsdi/ocm04631837/ocm04631837/Output/000257.tif (deflated 4%)
  adding: mnt/lsdi/ocm04631837/ocm04631837/Output/000258.tif (deflated 5%)
  adding: mnt/lsdi/ocm04631837/ocm04631837/Output/000259.tif (deflated 4%)
  adding: mnt/lsdi/ocm04631837/ocm04631837/Output/000260.tif (deflated 4%)
  adding: mnt/lsdi/ocm04631837/ocm04631837/Output/000261.tif (deflated 4%)
  adding: mnt/lsdi/ocm04631837/ocm04631837/Output/000262.tif (deflated 4%)
  adding: mnt/lsdi/ocm04631837/ocm04631837/Output/000263.tif (deflated 4%)
  adding: mnt/lsdi/ocm04631837/ocm04631837/Output/000264.tif (deflated 4%)
  adding: mnt/lsdi/ocm04631837/ocm04631837/Output/000265.tif (deflated 4%)
  adding: mnt/lsdi/ocm04631837/ocm04631837/Output/000266.tif (deflated 4%)
  adding: mnt/lsdi/ocm04631837/ocm04631837/Output/000267.tif (deflated 4%)
  adding: mnt/lsdi/ocm04631837/ocm04631837/Output/000268.tif (deflated 4%)
  adding: mnt/lsdi/ocm04631837/ocm04631837/Output/000269.tif (deflated 4%)
  adding: mnt/lsdi/ocm04631837/ocm04631837/Output/000270.tif (deflated 5%)
  adding: mnt/lsdi/ocm04631837/ocm04631837/Output/000271.tif (deflated 4%)
  adding: mnt/lsdi/ocm04631837/ocm04631837/Output/000272.tif (deflated 5%)
  adding: mnt/lsdi/ocm04631837/ocm04631837/Output/000273.tif (deflated 4%)
  adding: mnt/lsdi/ocm04631837/ocm04631837/Output/000274.tif (deflated 5%)
  adding: mnt/lsdi/ocm04631837/ocm04631837/Output/000275.tif (deflated 5%)
  adding: mnt/lsdi/ocm04631837/ocm04631837/Output/000276.tif (deflated 4%)
  adding: mnt/lsdi/ocm04631837/ocm04631837/Output/000277.tif (deflated 4%)
  adding: mnt/lsdi/ocm04631837/ocm04631837/Output/000278.tif (deflated 4%)
  adding: mnt/lsdi/ocm04631837/ocm04631837/Output/000279.tif (deflated 4%)
  adding: mnt/lsdi/ocm04631837/ocm04631837/Output/000280.tif (deflated 4%)
  adding: mnt/lsdi/ocm04631837/ocm04631837/Output/000281.tif (deflated 4%)
  adding: mnt/lsdi/ocm04631837/ocm04631837/Output/000282.tif (deflated 5%)
  adding: mnt/lsdi/ocm04631837/ocm04631837/Output/000283.tif (deflated 4%)
  adding: mnt/lsdi/ocm04631837/ocm04631837/Output/000284.tif (deflated 4%)
  adding: mnt/lsdi/ocm04631837/ocm04631837/Output/000285.tif (deflated 4%)
  adding: mnt/lsdi/ocm04631837/ocm04631837/Output/000286.tif (deflated 5%)
  adding: mnt/lsdi/ocm04631837/ocm04631837/Output/000287.tif (deflated 4%)
  adding: mnt/lsdi/ocm04631837/ocm04631837/Output/000288.tif (deflated 5%)
  adding: mnt/lsdi/ocm04631837/ocm04631837/Output/000289.tif (deflated 4%)
  adding: mnt/lsdi/ocm04631837/ocm04631837/Output/000290.tif (deflated 5%)
  adding: mnt/lsdi/ocm04631837/ocm04631837/Output/000291.tif (deflated 4%)
  adding: mnt/lsdi/ocm04631837/ocm04631837/Output/000292.tif (deflated 4%)
  adding: mnt/lsdi/ocm04631837/ocm04631837/Output/000293.tif (deflated 4%)
  adding: mnt/lsdi/ocm04631837/ocm04631837/Output/000294.tif (deflated 4%)
  adding: mnt/lsdi/ocm04631837/ocm04631837/Output/000295.tif (deflated 4%)
  adding: mnt/lsdi/ocm04631837/ocm04631837/Output/000296.tif (deflated 6%)
  adding: mnt/lsdi/ocm04631837/ocm04631837/Output/000297.tif (deflated 5%)
  adding: mnt/lsdi/ocm04631837/ocm04631837/Output/000298.tif (deflated 5%)
  adding: mnt/lsdi/ocm04631837/ocm04631837/Output/000299.tif (deflated 4%)
  adding: mnt/lsdi/ocm04631837/ocm04631837/Output/000300.tif (deflated 4%)
  adding: mnt/lsdi/ocm04631837/ocm04631837/Output/000301.tif (deflated 4%)
  adding: mnt/lsdi/ocm04631837/ocm04631837/Output/000302.tif (deflated 4%)
  adding: mnt/lsdi/ocm04631837/ocm04631837/Output/000303.tif (deflated 4%)
  adding: mnt/lsdi/ocm04631837/ocm04631837/Output/000304.tif (deflated 4%)
  adding: mnt/lsdi/ocm04631837/ocm04631837/Output/000305.tif (deflated 4%)
  adding: mnt/lsdi/ocm04631837/ocm04631837/Output/000306.tif (deflated 5%)
  adding: mnt/lsdi/ocm04631837/ocm04631837/Output/000307.tif (deflated 4%)
  adding: mnt/lsdi/ocm04631837/ocm04631837/Output/000308.tif (deflated 5%)
  adding: mnt/lsdi/ocm04631837/ocm04631837/Output/000309.tif (deflated 4%)
  adding: mnt/lsdi/ocm04631837/ocm04631837/Output/000310.tif (deflated 4%)
  adding: mnt/lsdi/ocm04631837/ocm04631837/Output/000311.tif (deflated 4%)
  adding: mnt/lsdi/ocm04631837/ocm04631837/Output/000312.tif (deflated 4%)
  adding: mnt/lsdi/ocm04631837/ocm04631837/Output/000313.tif (deflated 4%)
  adding: mnt/lsdi/ocm04631837/ocm04631837/Output/000314.tif (deflated 5%)
  adding: mnt/lsdi/ocm04631837/ocm04631837/Output/000315.tif (deflated 4%)
  adding: mnt/lsdi/ocm04631837/ocm04631837/Output/000316.tif (deflated 4%)
  adding: mnt/lsdi/ocm04631837/ocm04631837/Output/000317.tif (deflated 4%)
  adding: mnt/lsdi/ocm04631837/ocm04631837/Output/000318.tif (deflated 4%)
  adding: mnt/lsdi/ocm04631837/ocm04631837/Output/000319.tif (deflated 4%)
  adding: mnt/lsdi/ocm04631837/ocm04631837/Output/000320.tif (deflated 4%)
  adding: mnt/lsdi/ocm04631837/ocm04631837/Output/000321.tif (deflated 4%)
  adding: mnt/lsdi/ocm04631837/ocm04631837/Output/000322.tif (deflated 4%)
  adding: mnt/lsdi/ocm04631837/ocm04631837/Output/000323.tif (deflated 4%)
  adding: mnt/lsdi/ocm04631837/ocm04631837/Output/000324.tif (deflated 4%)
  adding: mnt/lsdi/ocm04631837/ocm04631837/Output/000325.tif (deflated 4%)
  adding: mnt/lsdi/ocm04631837/ocm04631837/Output/000326.tif (deflated 4%)
  adding: mnt/lsdi/ocm04631837/ocm04631837/Output/000327.tif (deflated 4%)
  adding: mnt/lsdi/ocm04631837/ocm04631837/Output/000328.tif (deflated 4%)
  adding: mnt/lsdi/ocm04631837/ocm04631837/Output/000329.tif (deflated 4%)
  adding: mnt/lsdi/ocm04631837/ocm04631837/Output/000330.tif (deflated 5%)
  adding: mnt/lsdi/ocm04631837/ocm04631837/Output/000331.tif (deflated 4%)
  adding: mnt/lsdi/ocm04631837/ocm04631837/Output/000332.tif (deflated 4%)
  adding: mnt/lsdi/ocm04631837/ocm04631837/Output/000333.tif (deflated 5%)
  adding: mnt/lsdi/ocm04631837/ocm04631837/Output/000334.tif (deflated 4%)
  adding: mnt/lsdi/ocm04631837/ocm04631837/Output/000335.tif (deflated 5%)
  adding: mnt/lsdi/ocm04631837/ocm04631837/Output/000336.tif (deflated 4%)
  adding: mnt/lsdi/ocm04631837/ocm04631837/Output/000337.tif (deflated 5%)
  adding: mnt/lsdi/ocm04631837/ocm04631837/Output/000338.tif (deflated 5%)
  adding: mnt/lsdi/ocm04631837/ocm04631837/Output/000339.tif (deflated 5%)
  adding: mnt/lsdi/ocm04631837/ocm04631837/Output/000340.tif (deflated 4%)
  adding: mnt/lsdi/ocm04631837/ocm04631837/Output/000341.tif (deflated 4%)
  adding: mnt/lsdi/ocm04631837/ocm04631837/Output/000342.tif (deflated 4%)
  adding: mnt/lsdi/ocm04631837/ocm04631837/Output/000343.tif (deflated 5%)
  adding: mnt/lsdi/ocm04631837/ocm04631837/Output/000344.tif (deflated 4%)
  adding: mnt/lsdi/ocm04631837/ocm04631837/Output/000345.tif (deflated 4%)
  adding: mnt/lsdi/ocm04631837/ocm04631837/Output/000346.tif (deflated 4%)
  adding: mnt/lsdi/ocm04631837/ocm04631837/Output/000347.tif (deflated 5%)
  adding: mnt/lsdi/ocm04631837/ocm04631837/Output/000348.tif (deflated 4%)
  adding: mnt/lsdi/ocm04631837/ocm04631837/Output/000349.tif (deflated 4%)
  adding: mnt/lsdi/ocm04631837/ocm04631837/Output/000350.tif (deflated 4%)
  adding: mnt/lsdi/ocm04631837/ocm04631837/Output/000351.tif (deflated 5%)
  adding: mnt/lsdi/ocm04631837/ocm04631837/Output/000352.tif (deflated 4%)
  adding: mnt/lsdi/ocm04631837/ocm04631837/Output/000353.tif (deflated 5%)
  adding: mnt/lsdi/ocm04631837/ocm04631837/Output/000354.tif (deflated 5%)
  adding: mnt/lsdi/ocm04631837/ocm04631837/Output/000355.tif (deflated 5%)
  adding: mnt/lsdi/ocm04631837/ocm04631837/Output/000356.tif (deflated 4%)
  adding: mnt/lsdi/ocm04631837/ocm04631837/Output/000357.tif (deflated 5%)
  adding: mnt/lsdi/ocm04631837/ocm04631837/Output/000358.tif (deflated 5%)
  adding: mnt/lsdi/ocm04631837/ocm04631837/Output/000359.tif (deflated 5%)
  adding: mnt/lsdi/ocm04631837/ocm04631837/Output/000360.tif (deflated 4%)
  adding: mnt/lsdi/ocm04631837/ocm04631837/Output/000361.tif (deflated 4%)
  adding: mnt/lsdi/ocm04631837/ocm04631837/Output/000362.tif (deflated 5%)
  adding: mnt/lsdi/ocm04631837/ocm04631837/Output/000363.tif (deflated 6%)
  adding: mnt/lsdi/ocm04631837/ocm04631837/Output/000364.tif (deflated 5%)
  adding: mnt/lsdi/ocm04631837/ocm04631837/Output/000365.tif (deflated 4%)
  adding: mnt/lsdi/ocm04631837/ocm04631837/Output/000366.tif (deflated 4%)
  adding: mnt/lsdi/ocm04631837/ocm04631837/Output/000367.tif (deflated 4%)
  adding: mnt/lsdi/ocm04631837/ocm04631837/Output/000368.tif (deflated 5%)
  adding: mnt/lsdi/ocm04631837/ocm04631837/Output/000369.tif (deflated 4%)
  adding: mnt/lsdi/ocm04631837/ocm04631837/Output/000370.tif (deflated 5%)
  adding: mnt/lsdi/ocm04631837/ocm04631837/Output/000371.tif (deflated 5%)
  adding: mnt/lsdi/ocm04631837/ocm04631837/Output/000372.tif (deflated 5%)
  adding: mnt/lsdi/ocm04631837/ocm04631837/Output/000373.tif (deflated 4%)
  adding: mnt/lsdi/ocm04631837/ocm04631837/Output/000374.tif (deflated 5%)
  adding: mnt/lsdi/ocm04631837/ocm04631837/Output/000375.tif (deflated 4%)
  adding: mnt/lsdi/ocm04631837/ocm04631837/Output/000376.tif (deflated 4%)
  adding: mnt/lsdi/ocm04631837/ocm04631837/Output/000377.tif (deflated 4%)
  adding: mnt/lsdi/ocm04631837/ocm04631837/Output/000378.tif (deflated 4%)
  adding: mnt/lsdi/ocm04631837/ocm04631837/Output/000379.tif (deflated 4%)
  adding: mnt/lsdi/ocm04631837/ocm04631837/Output/000380.tif (deflated 4%)
  adding: mnt/lsdi/ocm04631837/ocm04631837/Output/000381.tif (deflated 5%)
  adding: mnt/lsdi/ocm04631837/ocm04631837/Output/000382.tif (deflated 4%)
  adding: mnt/lsdi/ocm04631837/ocm04631837/Output/000383.tif (deflated 4%)
  adding: mnt/lsdi/ocm04631837/ocm04631837/Output/000384.tif (deflated 5%)
  adding: mnt/lsdi/ocm04631837/ocm04631837/Output/000385.tif (deflated 5%)
  adding: mnt/lsdi/ocm04631837/ocm04631837/Output/000386.tif (deflated 4%)
  adding: mnt/lsdi/ocm04631837/ocm04631837/Output/000387.tif (deflated 4%)
  adding: mnt/lsdi/ocm04631837/ocm04631837/Output/000388.tif (deflated 4%)
  adding: mnt/lsdi/ocm04631837/ocm04631837/Output/000389.tif (deflated 5%)
  adding: mnt/lsdi/ocm04631837/ocm04631837/Output/000390.tif (deflated 5%)
  adding: mnt/lsdi/ocm04631837/ocm04631837/Output/000391.tif (deflated 4%)
  adding: mnt/lsdi/ocm04631837/ocm04631837/Output/000392.tif (deflated 4%)
  adding: mnt/lsdi/ocm04631837/ocm04631837/Output/000393.tif (deflated 4%)
  adding: mnt/lsdi/ocm04631837/ocm04631837/Output/000394.tif (deflated 4%)
  adding: mnt/lsdi/ocm04631837/ocm04631837/Output/000395.tif (deflated 5%)
  adding: mnt/lsdi/ocm04631837/ocm04631837/Output/000396.tif (deflated 4%)
  adding: mnt/lsdi/ocm04631837/ocm04631837/Output/000397.tif (deflated 78%)
  adding: mnt/lsdi/ocm04631837/ocm04631837/Output/000398.tif (deflated 78%)
  adding: mnt/lsdi/ocm04631837/ocm04631837/Output/000399.tif (deflated 73%)
  adding: mnt/lsdi/ocm04631837/ocm04631837/Output/000400.tif (deflated 78%)
  adding: mnt/lsdi/ocm04631837/ocm04631837/Output/000401.tif (deflated 4%)
  adding: mnt/lsdi/ocm04631837/ocm04631837/Output/000402.tif (deflated 4%)
  adding: mnt/lsdi/ocm04631837/ocm04631837/Output/000403.tif (deflated 4%)
  adding: mnt/lsdi/ocm04631837/ocm04631837/Output/000404.tif (deflated 4%)
  adding: mnt/lsdi/ocm04631837/ocm04631837/Output/000405.tif (deflated 5%)
  adding: mnt/lsdi/ocm04631837/ocm04631837/Output/000406.tif (deflated 4%)
  adding: mnt/lsdi/ocm04631837/ocm04631837/Output/000407.tif (deflated 5%)
  adding: mnt/lsdi/ocm04631837/ocm04631837/Output/000408.tif (deflated 4%)
  adding: mnt/lsdi/ocm04631837/ocm04631837/Output/000409.tif (deflated 4%)
  adding: mnt/lsdi/ocm04631837/ocm04631837/Output/000410.tif (deflated 4%)
  adding: mnt/lsdi/ocm04631837/ocm04631837/Output/000411.tif (deflated 5%)
  adding: mnt/lsdi/ocm04631837/ocm04631837/Output/000412.tif (deflated 4%)
  adding: mnt/lsdi/ocm04631837/ocm04631837/Output/000413.tif (deflated 4%)
  adding: mnt/lsdi/ocm04631837/ocm04631837/Output/000414.tif (deflated 4%)
  adding: mnt/lsdi/ocm04631837/ocm04631837/Output/000415.tif (deflated 4%)
  adding: mnt/lsdi/ocm04631837/ocm04631837/Output/000416.tif (deflated 4%)
  adding: mnt/lsdi/ocm04631837/ocm04631837/Output/000417.tif (deflated 4%)
  adding: mnt/lsdi/ocm04631837/ocm04631837/Output/000418.tif (deflated 4%)
  adding: mnt/lsdi/ocm04631837/ocm04631837/Output/000419.tif (deflated 4%)
  adding: mnt/lsdi/ocm04631837/ocm04631837/Output/000420.tif (deflated 4%)
  adding: mnt/lsdi/ocm04631837/ocm04631837/Output/000421.tif (deflated 4%)
  adding: mnt/lsdi/ocm04631837/ocm04631837/Output/000422.tif (deflated 4%)
  adding: mnt/lsdi/ocm04631837/ocm04631837/Output/000423.tif (deflated 4%)
  adding: mnt/lsdi/ocm04631837/ocm04631837/Output/000424.tif (deflated 4%)
  adding: mnt/lsdi/ocm04631837/ocm04631837/Output/000425.tif (deflated 4%)
  adding: mnt/lsdi/ocm04631837/ocm04631837/Output/000426.tif (deflated 4%)
  adding: mnt/lsdi/ocm04631837/ocm04631837/Output/000427.tif (deflated 5%)
  adding: mnt/lsdi/ocm04631837/ocm04631837/Output/000428.tif (deflated 4%)
  adding: mnt/lsdi/ocm04631837/ocm04631837/Output/000429.tif (deflated 4%)
  adding: mnt/lsdi/ocm04631837/ocm04631837/Output/000430.tif (deflated 4%)
  adding: mnt/lsdi/ocm04631837/ocm04631837/Output/000431.tif (deflated 4%)
  adding: mnt/lsdi/ocm04631837/ocm04631837/Output/000432.tif (deflated 4%)
  adding: mnt/lsdi/ocm04631837/ocm04631837/Output/000433.tif (deflated 5%)
  adding: mnt/lsdi/ocm04631837/ocm04631837/Output/000434.tif (deflated 4%)
  adding: mnt/lsdi/ocm04631837/ocm04631837/Output/000435.tif (deflated 4%)
  adding: mnt/lsdi/ocm04631837/ocm04631837/Output/000436.tif (deflated 4%)
  adding: mnt/lsdi/ocm04631837/ocm04631837/Output/000437.tif (deflated 4%)
  adding: mnt/lsdi/ocm04631837/ocm04631837/Output/000438.tif (deflated 4%)
  adding: mnt/lsdi/ocm04631837/ocm04631837/Output/000439.tif (deflated 4%)
  adding: mnt/lsdi/ocm04631837/ocm04631837/Output/000440.tif (deflated 4%)
  adding: mnt/lsdi/ocm04631837/ocm04631837/Output/000441.tif (deflated 5%)
  adding: mnt/lsdi/ocm04631837/ocm04631837/Output/000442.tif (deflated 4%)
  adding: mnt/lsdi/ocm04631837/ocm04631837/Output/000443.tif (deflated 5%)
  adding: mnt/lsdi/ocm04631837/ocm04631837/Output/000444.tif (deflated 4%)
  adding: mnt/lsdi/ocm04631837/ocm04631837/Output/000445.tif (deflated 4%)
  adding: mnt/lsdi/ocm04631837/ocm04631837/Output/000446.tif (deflated 4%)
  adding: mnt/lsdi/ocm04631837/ocm04631837/Output/000447.tif (deflated 4%)
  adding: mnt/lsdi/ocm04631837/ocm04631837/Output/000448.tif (deflated 4%)
  adding: mnt/lsdi/ocm04631837/ocm04631837/Output/000449.tif (deflated 5%)
  adding: mnt/lsdi/ocm04631837/ocm04631837/Output/000450.tif (deflated 4%)
  adding: mnt/lsdi/ocm04631837/ocm04631837/Output/000451.tif (deflated 4%)
  adding: mnt/lsdi/ocm04631837/ocm04631837/Output/000452.tif (deflated 4%)
  adding: mnt/lsdi/ocm04631837/ocm04631837/Output/000453.tif (deflated 5%)
  adding: mnt/lsdi/ocm04631837/ocm04631837/Output/000454.tif (deflated 4%)
  adding: mnt/lsdi/ocm04631837/ocm04631837/Output/000455.tif (deflated 5%)
  adding: mnt/lsdi/ocm04631837/ocm04631837/Output/000456.tif (deflated 4%)
  adding: mnt/lsdi/ocm04631837/ocm04631837/Output/000457.tif (deflated 5%)
  adding: mnt/lsdi/ocm04631837/ocm04631837/Output/000458.tif (deflated 4%)
  adding: mnt/lsdi/ocm04631837/ocm04631837/Output/000459.tif (deflated 5%)
  adding: mnt/lsdi/ocm04631837/ocm04631837/Output/000460.tif (deflated 4%)
  adding: mnt/lsdi/ocm04631837/ocm04631837/Output/000461.tif (deflated 5%)
  adding: mnt/lsdi/ocm04631837/ocm04631837/Output/000462.tif (deflated 4%)
  adding: mnt/lsdi/ocm04631837/ocm04631837/Output/000463.tif (deflated 5%)
  adding: mnt/lsdi/ocm04631837/ocm04631837/Output/000464.tif (deflated 4%)
  adding: mnt/lsdi/ocm04631837/ocm04631837/Output/000465.tif (deflated 5%)
  adding: mnt/lsdi/ocm04631837/ocm04631837/Output/000466.tif (deflated 4%)
  adding: mnt/lsdi/ocm04631837/ocm04631837/Output/000467.tif (deflated 5%)
  adding: mnt/lsdi/ocm04631837/ocm04631837/Output/000468.tif (deflated 4%)
  adding: mnt/lsdi/ocm04631837/ocm04631837/Output/000469.tif (deflated 4%)
  adding: mnt/lsdi/ocm04631837/ocm04631837/Output/000470.tif (deflated 4%)
  adding: mnt/lsdi/ocm04631837/ocm04631837/Output/000471.tif (deflated 5%)
  adding: mnt/lsdi/ocm04631837/ocm04631837/Output/000472.tif (deflated 4%)
  adding: mnt/lsdi/ocm04631837/ocm04631837/Output/000473.tif (deflated 5%)
  adding: mnt/lsdi/ocm04631837/ocm04631837/Output/000474.tif (deflated 4%)
  adding: mnt/lsdi/ocm04631837/ocm04631837/Output/000475.tif (deflated 4%)
  adding: mnt/lsdi/ocm04631837/ocm04631837/Output/000476.tif (deflated 4%)
  adding: mnt/lsdi/ocm04631837/ocm04631837/Output/000477.tif (deflated 4%)
  adding: mnt/lsdi/ocm04631837/ocm04631837/Output/000478.tif (deflated 4%)
  adding: mnt/lsdi/ocm04631837/ocm04631837/Output/000479.tif (deflated 5%)
  adding: mnt/lsdi/ocm04631837/ocm04631837/Output/000480.tif (deflated 4%)
  adding: mnt/lsdi/ocm04631837/ocm04631837/Output/000481.tif (deflated 5%)
  adding: mnt/lsdi/ocm04631837/ocm04631837/Output/000482.tif (deflated 4%)
  adding: mnt/lsdi/ocm04631837/ocm04631837/Output/000483.tif (deflated 5%)
  adding: mnt/lsdi/ocm04631837/ocm04631837/Output/000484.tif (deflated 4%)
  adding: mnt/lsdi/ocm04631837/ocm04631837/Output/000485.tif (deflated 5%)
  adding: mnt/lsdi/ocm04631837/ocm04631837/Output/000486.tif (deflated 4%)
  adding: mnt/lsdi/ocm04631837/ocm04631837/Output/000487.tif (deflated 4%)
  adding: mnt/lsdi/ocm04631837/ocm04631837/Output/000488.tif (deflated 4%)
  adding: mnt/lsdi/ocm04631837/ocm04631837/Output/000489.tif (deflated 4%)
  adding: mnt/lsdi/ocm04631837/ocm04631837/Output/000490.tif (deflated 4%)
  adding: mnt/lsdi/ocm04631837/ocm04631837/Output/000491.tif (deflated 4%)
  adding: mnt/lsdi/ocm04631837/ocm04631837/Output/000492.tif (deflated 5%)
  adding: mnt/lsdi/ocm04631837/ocm04631837/Output/000493.tif (deflated 5%)
  adding: mnt/lsdi/ocm04631837/ocm04631837/Output/000494.tif (deflated 4%)
  adding: mnt/lsdi/ocm04631837/ocm04631837/Output/000495.tif (deflated 5%)
  adding: mnt/lsdi/ocm04631837/ocm04631837/Output/000496.tif (deflated 4%)
  adding: mnt/lsdi/ocm04631837/ocm04631837/Output/000497.tif (deflated 5%)
  adding: mnt/lsdi/ocm04631837/ocm04631837/Output/000498.tif (deflated 4%)
  adding: mnt/lsdi/ocm04631837/ocm04631837/Output/000499.tif (deflated 4%)
  adding: mnt/lsdi/ocm04631837/ocm04631837/Output/000500.tif (deflated 4%)
  adding: mnt/lsdi/ocm04631837/ocm04631837/Output/000501.tif (deflated 4%)
  adding: mnt/lsdi/ocm04631837/ocm04631837/Output/000502.tif (deflated 4%)
  adding: mnt/lsdi/ocm04631837/ocm04631837/Output/000503.tif (deflated 4%)
  adding: mnt/lsdi/ocm04631837/ocm04631837/Output/000504.tif (deflated 4%)
  adding: mnt/lsdi/ocm04631837/ocm04631837/Output/000505.tif (deflated 4%)
  adding: mnt/lsdi/ocm04631837/ocm04631837/Output/000506.tif (deflated 4%)
  adding: mnt/lsdi/ocm04631837/ocm04631837/Output/000507.tif (deflated 5%)
  adding: mnt/lsdi/ocm04631837/ocm04631837/Output/000508.tif (deflated 4%)
  adding: mnt/lsdi/ocm04631837/ocm04631837/Output/000509.tif (deflated 4%)
  adding: mnt/lsdi/ocm04631837/ocm04631837/Output/000510.tif (deflated 4%)
  adding: mnt/lsdi/ocm04631837/ocm04631837/Output/000511.tif (deflated 5%)
  adding: mnt/lsdi/ocm04631837/ocm04631837/Output/000512.tif (deflated 4%)
  adding: mnt/lsdi/ocm04631837/ocm04631837/Output/000513.tif (deflated 4%)
  adding: mnt/lsdi/ocm04631837/ocm04631837/Output/000514.tif (deflated 4%)
  adding: mnt/lsdi/ocm04631837/ocm04631837/Output/000515.tif (deflated 5%)
  adding: mnt/lsdi/ocm04631837/ocm04631837/Output/000516.tif (deflated 5%)
  adding: mnt/lsdi/ocm04631837/ocm04631837/Output/000517.tif (deflated 5%)
  adding: mnt/lsdi/ocm04631837/ocm04631837/Output/000518.tif (deflated 4%)
  adding: mnt/lsdi/ocm04631837/ocm04631837/Output/000519.tif (deflated 5%)
  adding: mnt/lsdi/ocm04631837/ocm04631837/Output/000520.tif (deflated 4%)
  adding: mnt/lsdi/ocm04631837/ocm04631837/Output/000521.tif (deflated 5%)
  adding: mnt/lsdi/ocm04631837/ocm04631837/Output/000522.tif (deflated 78%)
  adding: mnt/lsdi/ocm04631837/ocm04631837/Output/000523.tif (deflated 3%)
  adding: mnt/lsdi/ocm04631837/ocm04631837/Output/000524.tif (deflated 3%)
  adding: mnt/lsdi/ocm04631837/ocm04631837/Output/000525.tif (deflated 3%)
  adding: mnt/lsdi/ocm04631837/ocm04631837/Output/000526.tif (deflated 3%)
  adding: mnt/lsdi/ocm04631837/ocm04631837/Output/000527.tif (deflated 78%)
curl --location --header authorization: LOW fpJYfLnxbLmCEHqU:JQbq6NgBaPrSh98Y --upload-file /temp/ocm04631837_images.zip http://s3.us.archive.org/04631837.emory.edu/04631837_images.zip
  % Total    % Received % Xferd  Average Speed   Time    Time     Time  Current
                                 Dload  Upload   Total   Spent    Left  Speed
  0     0    0     0    0     0      0      0 --:--:-- --:--:-- --:--:--     0  0 15.5M    0     0    0     0      0      0 --:--:--  0:00:01 --:--:--     0  0 15.5M    0     0    0  144k      0  90643  0:02:59  0:00:01  0:02:58 95502  6 15.5M    0     0    6  960k      0   371k  0:00:42  0:00:02  0:00:40  384k 10 15.5M    0     0   10 1680k      0   470k  0:00:33  0:00:03  0:00:30  481k 15 15.5M    0     0   15 2464k      0   536k  0:00:29  0:00:04  0:00:25  546k 19 15.5M    0     0   19 3120k      0   559k  0:00:28  0:00:05  0:00:23  693k 23 15.5M    0     0   23 3728k      0   567k  0:00:28  0:00:06  0:00:22  724k 27 15.5M    0     0   27 4448k      0   586k  0:00:27  0:00:07  0:00:20  697k 32 15.5M    0     0   32 5232k      0   608k  0:00:26  0:00:08  0:00:18  707k 37 15.5M    0     0   37 6016k      0   625k  0:00:25  0:00:09  0:00:16  706k 42 15.5M    0     0   42 6768k      0   637k  0:00:24  0:00:10  0:00:14  723k 47 15.5M    0     0   47 7488k      0   646k  0:00:24  0:00:11  0:00:13  751k 51 15.5M    0     0   51 8256k      0   656k  0:00:24  0:00:12  0:00:12  763k 56 15.5M    0     0   56 9008k      0   661k  0:00:24  0:00:13  0:00:11  752k 60 15.5M    0     0   60 9712k      0   666k  0:00:23  0:00:14  0:00:09  745k 64 15.5M    0     0   64 10.0M      0   657k  0:00:24  0:00:15  0:00:09  702k 68 15.5M    0     0   68 10.5M      0   653k  0:00:24  0:00:16  0:00:08  669k 71 15.5M    0     0   71 11.1M      0   649k  0:00:24  0:00:17  0:00:07  632k 75 15.5M    0     0   75 11.7M      0   647k  0:00:24  0:00:18  0:00:06  609k 80 15.5M    0     0   80 12.4M      0   651k  0:00:24  0:00:19  0:00:05  608k 83 15.5M    0     0   83 13.0M      0   648k  0:00:24  0:00:20  0:00:04  620k 87 15.5M    0     0   87 13.6M      0   647k  0:00:24  0:00:21  0:00:03  626k 92 15.5M    0     0   92 14.3M      0   651k  0:00:24  0:00:22  0:00:02  659k 96 15.5M    0     0   96 15.0M      0   654k  0:00:24  0:00:23  0:00:01  679k100 15.5M    0     0  100 15.5M      0   630k  0:00:25  0:00:25 --:--:--  558k100 15.5M    0     0  100 15.5M      0   627k  0:00:25  0:00:25 --:--:--  535k
