Bucket ID will be 01836379.emory.edu
curl --location --header x-amz-auto-make-bucket:1 --header x-archive-ignore-preexisting-bucket:1 --header x-archive-queue-derive:0 --header x-archive-meta-mediatype:texts --header x-archive-meta03-collection:emory --header x-archive-meta01-collection:americanmethodism --header x-archive-meta-sponsor:Emory University, Pitts Theology Library --header x-archive-meta-contributor:Emory University, Pitts Theology Library --header x-archive-meta-ppi:300 --header authorization: LOW fpJYfLnxbLmCEHqU:JQbq6NgBaPrSh98Y --upload-file /mnt/lsdi/ocm01836379-1733/ocm01836379/ocm01836379_MRC.xml http://s3.us.archive.org/01836379.1733.emory.edu/01836379.1733.emory.edu_marc.xml
  % Total    % Received % Xferd  Average Speed   Time    Time     Time  Current
                                 Dload  Upload   Total   Spent    Left  Speed
  0     0    0     0    0     0      0      0 --:--:-- --:--:-- --:--:--     0  0  3524    0     0    0     0      0      0 --:--:-- --:--:-- --:--:--     0100  3524    0     0  100  3524      0   1837  0:00:01  0:00:01 --:--:--  1908100  3524    0     0  100  3524      0   1271  0:00:02  0:00:02 --:--:--  1304100  3524    0     0  100  3524      0   1270  0:00:02  0:00:02 --:--:--  1304
zip -r /temp/ocm01836379_1733_images.zip /mnt/lsdi/ocm01836379-1733/ocm01836379/Output/ocm01836379_0001.tif /mnt/lsdi/ocm01836379-1733/ocm01836379/Output/ocm01836379_0002.tif /mnt/lsdi/ocm01836379-1733/ocm01836379/Output/ocm01836379_0003.tif /mnt/lsdi/ocm01836379-1733/ocm01836379/Output/ocm01836379_0004.tif /mnt/lsdi/ocm01836379-1733/ocm01836379/Output/ocm01836379_0005.tif /mnt/lsdi/ocm01836379-1733/ocm01836379/Output/ocm01836379_0006.tif /mnt/lsdi/ocm01836379-1733/ocm01836379/Output/ocm01836379_0007.tif /mnt/lsdi/ocm01836379-1733/ocm01836379/Output/ocm01836379_0008.tif /mnt/lsdi/ocm01836379-1733/ocm01836379/Output/ocm01836379_0009.tif /mnt/lsdi/ocm01836379-1733/ocm01836379/Output/ocm01836379_0010.tif /mnt/lsdi/ocm01836379-1733/ocm01836379/Output/ocm01836379_0011.tif /mnt/lsdi/ocm01836379-1733/ocm01836379/Output/ocm01836379_0012.tif /mnt/lsdi/ocm01836379-1733/ocm01836379/Output/ocm01836379_0013.tif /mnt/lsdi/ocm01836379-1733/ocm01836379/Output/ocm01836379_0014.tif /mnt/lsdi/ocm01836379-1733/ocm01836379/Output/ocm01836379_0015.tif /mnt/lsdi/ocm01836379-1733/ocm01836379/Output/ocm01836379_0016.tif /mnt/lsdi/ocm01836379-1733/ocm01836379/Output/ocm01836379_0017.tif /mnt/lsdi/ocm01836379-1733/ocm01836379/Output/ocm01836379_0018.tif /mnt/lsdi/ocm01836379-1733/ocm01836379/Output/ocm01836379_0019.tif /mnt/lsdi/ocm01836379-1733/ocm01836379/Output/ocm01836379_0020.tif /mnt/lsdi/ocm01836379-1733/ocm01836379/Output/ocm01836379_0021.tif /mnt/lsdi/ocm01836379-1733/ocm01836379/Output/ocm01836379_0022.tif /mnt/lsdi/ocm01836379-1733/ocm01836379/Output/ocm01836379_0023.tif /mnt/lsdi/ocm01836379-1733/ocm01836379/Output/ocm01836379_0024.tif /mnt/lsdi/ocm01836379-1733/ocm01836379/Output/ocm01836379_0025.tif /mnt/lsdi/ocm01836379-1733/ocm01836379/Output/ocm01836379_0026.tif /mnt/lsdi/ocm01836379-1733/ocm01836379/Output/ocm01836379_0027.tif /mnt/lsdi/ocm01836379-1733/ocm01836379/Output/ocm01836379_0028.tif /mnt/lsdi/ocm01836379-1733/ocm01836379/Output/ocm01836379_0029.tif /mnt/lsdi/ocm01836379-1733/ocm01836379/Output/ocm01836379_0030.tif /mnt/lsdi/ocm01836379-1733/ocm01836379/Output/ocm01836379_0031.tif /mnt/lsdi/ocm01836379-1733/ocm01836379/Output/ocm01836379_0032.tif /mnt/lsdi/ocm01836379-1733/ocm01836379/Output/ocm01836379_0033.tif /mnt/lsdi/ocm01836379-1733/ocm01836379/Output/ocm01836379_0034.tif /mnt/lsdi/ocm01836379-1733/ocm01836379/Output/ocm01836379_0035.tif /mnt/lsdi/ocm01836379-1733/ocm01836379/Output/ocm01836379_0036.tif /mnt/lsdi/ocm01836379-1733/ocm01836379/Output/ocm01836379_0037.tif /mnt/lsdi/ocm01836379-1733/ocm01836379/Output/ocm01836379_0038.tif /mnt/lsdi/ocm01836379-1733/ocm01836379/Output/ocm01836379_0039.tif /mnt/lsdi/ocm01836379-1733/ocm01836379/Output/ocm01836379_0040.tif /mnt/lsdi/ocm01836379-1733/ocm01836379/Output/ocm01836379_0041.tif /mnt/lsdi/ocm01836379-1733/ocm01836379/Output/ocm01836379_0042.tif /mnt/lsdi/ocm01836379-1733/ocm01836379/Output/ocm01836379_0043.tif /mnt/lsdi/ocm01836379-1733/ocm01836379/Output/ocm01836379_0044.tif /mnt/lsdi/ocm01836379-1733/ocm01836379/Output/ocm01836379_0045.tif /mnt/lsdi/ocm01836379-1733/ocm01836379/Output/ocm01836379_0046.tif /mnt/lsdi/ocm01836379-1733/ocm01836379/Output/ocm01836379_0047.tif /mnt/lsdi/ocm01836379-1733/ocm01836379/Output/ocm01836379_0048.tif /mnt/lsdi/ocm01836379-1733/ocm01836379/Output/ocm01836379_0049.tif /mnt/lsdi/ocm01836379-1733/ocm01836379/Output/ocm01836379_0050.tif /mnt/lsdi/ocm01836379-1733/ocm01836379/Output/ocm01836379_0051.tif /mnt/lsdi/ocm01836379-1733/ocm01836379/Output/ocm01836379_0052.tif /mnt/lsdi/ocm01836379-1733/ocm01836379/Output/ocm01836379_0053.tif /mnt/lsdi/ocm01836379-1733/ocm01836379/Output/ocm01836379_0054.tif /mnt/lsdi/ocm01836379-1733/ocm01836379/Output/ocm01836379_0055.tif /mnt/lsdi/ocm01836379-1733/ocm01836379/Output/ocm01836379_0056.tif /mnt/lsdi/ocm01836379-1733/ocm01836379/Output/ocm01836379_0057.tif /mnt/lsdi/ocm01836379-1733/ocm01836379/Output/ocm01836379_0058.tif /mnt/lsdi/ocm01836379-1733/ocm01836379/Output/ocm01836379_0059.tif /mnt/lsdi/ocm01836379-1733/ocm01836379/Output/ocm01836379_0060.tif /mnt/lsdi/ocm01836379-1733/ocm01836379/Output/ocm01836379_0061.tif /mnt/lsdi/ocm01836379-1733/ocm01836379/Output/ocm01836379_0062.tif /mnt/lsdi/ocm01836379-1733/ocm01836379/Output/ocm01836379_0063.tif /mnt/lsdi/ocm01836379-1733/ocm01836379/Output/ocm01836379_0064.tif /mnt/lsdi/ocm01836379-1733/ocm01836379/Output/ocm01836379_0065.tif /mnt/lsdi/ocm01836379-1733/ocm01836379/Output/ocm01836379_0066.tif /mnt/lsdi/ocm01836379-1733/ocm01836379/Output/ocm01836379_0067.tif /mnt/lsdi/ocm01836379-1733/ocm01836379/Output/ocm01836379_0068.tif /mnt/lsdi/ocm01836379-1733/ocm01836379/Output/ocm01836379_0069.tif /mnt/lsdi/ocm01836379-1733/ocm01836379/Output/ocm01836379_0070.tif /mnt/lsdi/ocm01836379-1733/ocm01836379/Output/ocm01836379_0071.tif /mnt/lsdi/ocm01836379-1733/ocm01836379/Output/ocm01836379_0072.tif /mnt/lsdi/ocm01836379-1733/ocm01836379/Output/ocm01836379_0073.tif /mnt/lsdi/ocm01836379-1733/ocm01836379/Output/ocm01836379_0074.tif /mnt/lsdi/ocm01836379-1733/ocm01836379/Output/ocm01836379_0075.tif /mnt/lsdi/ocm01836379-1733/ocm01836379/Output/ocm01836379_0076.tif /mnt/lsdi/ocm01836379-1733/ocm01836379/Output/ocm01836379_0077.tif /mnt/lsdi/ocm01836379-1733/ocm01836379/Output/ocm01836379_0078.tif /mnt/lsdi/ocm01836379-1733/ocm01836379/Output/ocm01836379_0079.tif /mnt/lsdi/ocm01836379-1733/ocm01836379/Output/ocm01836379_0080.tif /mnt/lsdi/ocm01836379-1733/ocm01836379/Output/ocm01836379_0081.tif /mnt/lsdi/ocm01836379-1733/ocm01836379/Output/ocm01836379_0082.tif /mnt/lsdi/ocm01836379-1733/ocm01836379/Output/ocm01836379_0083.tif /mnt/lsdi/ocm01836379-1733/ocm01836379/Output/ocm01836379_0084.tif /mnt/lsdi/ocm01836379-1733/ocm01836379/Output/ocm01836379_0085.tif /mnt/lsdi/ocm01836379-1733/ocm01836379/Output/ocm01836379_0086.tif /mnt/lsdi/ocm01836379-1733/ocm01836379/Output/ocm01836379_0087.tif /mnt/lsdi/ocm01836379-1733/ocm01836379/Output/ocm01836379_0088.tif /mnt/lsdi/ocm01836379-1733/ocm01836379/Output/ocm01836379_0089.tif /mnt/lsdi/ocm01836379-1733/ocm01836379/Output/ocm01836379_0090.tif /mnt/lsdi/ocm01836379-1733/ocm01836379/Output/ocm01836379_0091.tif /mnt/lsdi/ocm01836379-1733/ocm01836379/Output/ocm01836379_0092.tif /mnt/lsdi/ocm01836379-1733/ocm01836379/Output/ocm01836379_0093.tif /mnt/lsdi/ocm01836379-1733/ocm01836379/Output/ocm01836379_0094.tif /mnt/lsdi/ocm01836379-1733/ocm01836379/Output/ocm01836379_0095.tif /mnt/lsdi/ocm01836379-1733/ocm01836379/Output/ocm01836379_0096.tif /mnt/lsdi/ocm01836379-1733/ocm01836379/Output/ocm01836379_0097.tif /mnt/lsdi/ocm01836379-1733/ocm01836379/Output/ocm01836379_0098.tif /mnt/lsdi/ocm01836379-1733/ocm01836379/Output/ocm01836379_0099.tif /mnt/lsdi/ocm01836379-1733/ocm01836379/Output/ocm01836379_0100.tif /mnt/lsdi/ocm01836379-1733/ocm01836379/Output/ocm01836379_0101.tif /mnt/lsdi/ocm01836379-1733/ocm01836379/Output/ocm01836379_0102.tif /mnt/lsdi/ocm01836379-1733/ocm01836379/Output/ocm01836379_0103.tif /mnt/lsdi/ocm01836379-1733/ocm01836379/Output/ocm01836379_0104.tif /mnt/lsdi/ocm01836379-1733/ocm01836379/Output/ocm01836379_0105.tif /mnt/lsdi/ocm01836379-1733/ocm01836379/Output/ocm01836379_0106.tif /mnt/lsdi/ocm01836379-1733/ocm01836379/Output/ocm01836379_0107.tif /mnt/lsdi/ocm01836379-1733/ocm01836379/Output/ocm01836379_0108.tif /mnt/lsdi/ocm01836379-1733/ocm01836379/Output/ocm01836379_0109.tif /mnt/lsdi/ocm01836379-1733/ocm01836379/Output/ocm01836379_0110.tif /mnt/lsdi/ocm01836379-1733/ocm01836379/Output/ocm01836379_0111.tif /mnt/lsdi/ocm01836379-1733/ocm01836379/Output/ocm01836379_0112.tif /mnt/lsdi/ocm01836379-1733/ocm01836379/Output/ocm01836379_0113.tif /mnt/lsdi/ocm01836379-1733/ocm01836379/Output/ocm01836379_0114.tif /mnt/lsdi/ocm01836379-1733/ocm01836379/Output/ocm01836379_0115.tif /mnt/lsdi/ocm01836379-1733/ocm01836379/Output/ocm01836379_0116.tif /mnt/lsdi/ocm01836379-1733/ocm01836379/Output/ocm01836379_0117.tif /mnt/lsdi/ocm01836379-1733/ocm01836379/Output/ocm01836379_0118.tif /mnt/lsdi/ocm01836379-1733/ocm01836379/Output/ocm01836379_0119.tif /mnt/lsdi/ocm01836379-1733/ocm01836379/Output/ocm01836379_0120.tif /mnt/lsdi/ocm01836379-1733/ocm01836379/Output/ocm01836379_0121.tif /mnt/lsdi/ocm01836379-1733/ocm01836379/Output/ocm01836379_0122.tif /mnt/lsdi/ocm01836379-1733/ocm01836379/Output/ocm01836379_0123.tif /mnt/lsdi/ocm01836379-1733/ocm01836379/Output/ocm01836379_0124.tif /mnt/lsdi/ocm01836379-1733/ocm01836379/Output/ocm01836379_0125.tif /mnt/lsdi/ocm01836379-1733/ocm01836379/Output/ocm01836379_0126.tif /mnt/lsdi/ocm01836379-1733/ocm01836379/Output/ocm01836379_0127.tif /mnt/lsdi/ocm01836379-1733/ocm01836379/Output/ocm01836379_0128.tif /mnt/lsdi/ocm01836379-1733/ocm01836379/Output/ocm01836379_0129.tif /mnt/lsdi/ocm01836379-1733/ocm01836379/Output/ocm01836379_0130.tif /mnt/lsdi/ocm01836379-1733/ocm01836379/Output/ocm01836379_0131.tif /mnt/lsdi/ocm01836379-1733/ocm01836379/Output/ocm01836379_0132.tif /mnt/lsdi/ocm01836379-1733/ocm01836379/Output/ocm01836379_0133.tif /mnt/lsdi/ocm01836379-1733/ocm01836379/Output/ocm01836379_0134.tif /mnt/lsdi/ocm01836379-1733/ocm01836379/Output/ocm01836379_0135.tif /mnt/lsdi/ocm01836379-1733/ocm01836379/Output/ocm01836379_0136.tif /mnt/lsdi/ocm01836379-1733/ocm01836379/Output/ocm01836379_0137.tif /mnt/lsdi/ocm01836379-1733/ocm01836379/Output/ocm01836379_0138.tif /mnt/lsdi/ocm01836379-1733/ocm01836379/Output/ocm01836379_0139.tif /mnt/lsdi/ocm01836379-1733/ocm01836379/Output/ocm01836379_0140.tif /mnt/lsdi/ocm01836379-1733/ocm01836379/Output/ocm01836379_0141.tif /mnt/lsdi/ocm01836379-1733/ocm01836379/Output/ocm01836379_0142.tif /mnt/lsdi/ocm01836379-1733/ocm01836379/Output/ocm01836379_0143.tif /mnt/lsdi/ocm01836379-1733/ocm01836379/Output/ocm01836379_0144.tif /mnt/lsdi/ocm01836379-1733/ocm01836379/Output/ocm01836379_0145.tif /mnt/lsdi/ocm01836379-1733/ocm01836379/Output/ocm01836379_0146.tif /mnt/lsdi/ocm01836379-1733/ocm01836379/Output/ocm01836379_0147.tif /mnt/lsdi/ocm01836379-1733/ocm01836379/Output/ocm01836379_0148.tif /mnt/lsdi/ocm01836379-1733/ocm01836379/Output/ocm01836379_0149.tif /mnt/lsdi/ocm01836379-1733/ocm01836379/Output/ocm01836379_0150.tif /mnt/lsdi/ocm01836379-1733/ocm01836379/Output/ocm01836379_0151.tif /mnt/lsdi/ocm01836379-1733/ocm01836379/Output/ocm01836379_0152.tif /mnt/lsdi/ocm01836379-1733/ocm01836379/Output/ocm01836379_0153.tif /mnt/lsdi/ocm01836379-1733/ocm01836379/Output/ocm01836379_0154.tif /mnt/lsdi/ocm01836379-1733/ocm01836379/Output/ocm01836379_0155.tif /mnt/lsdi/ocm01836379-1733/ocm01836379/Output/ocm01836379_0156.tif /mnt/lsdi/ocm01836379-1733/ocm01836379/Output/ocm01836379_0157.tif /mnt/lsdi/ocm01836379-1733/ocm01836379/Output/ocm01836379_0158.tif /mnt/lsdi/ocm01836379-1733/ocm01836379/Output/ocm01836379_0159.tif /mnt/lsdi/ocm01836379-1733/ocm01836379/Output/ocm01836379_0160.tif /mnt/lsdi/ocm01836379-1733/ocm01836379/Output/ocm01836379_0161.tif /mnt/lsdi/ocm01836379-1733/ocm01836379/Output/ocm01836379_0162.tif /mnt/lsdi/ocm01836379-1733/ocm01836379/Output/ocm01836379_0163.tif /mnt/lsdi/ocm01836379-1733/ocm01836379/Output/ocm01836379_0164.tif /mnt/lsdi/ocm01836379-1733/ocm01836379/Output/ocm01836379_0165.tif /mnt/lsdi/ocm01836379-1733/ocm01836379/Output/ocm01836379_0166.tif /mnt/lsdi/ocm01836379-1733/ocm01836379/Output/ocm01836379_0167.tif /mnt/lsdi/ocm01836379-1733/ocm01836379/Output/ocm01836379_0168.tif /mnt/lsdi/ocm01836379-1733/ocm01836379/Output/ocm01836379_0169.tif /mnt/lsdi/ocm01836379-1733/ocm01836379/Output/ocm01836379_0170.tif /mnt/lsdi/ocm01836379-1733/ocm01836379/Output/ocm01836379_0171.tif /mnt/lsdi/ocm01836379-1733/ocm01836379/Output/ocm01836379_0172.tif /mnt/lsdi/ocm01836379-1733/ocm01836379/Output/ocm01836379_0173.tif /mnt/lsdi/ocm01836379-1733/ocm01836379/Output/ocm01836379_0174.tif /mnt/lsdi/ocm01836379-1733/ocm01836379/Output/ocm01836379_0175.tif /mnt/lsdi/ocm01836379-1733/ocm01836379/Output/ocm01836379_0176.tif /mnt/lsdi/ocm01836379-1733/ocm01836379/Output/ocm01836379_0177.tif /mnt/lsdi/ocm01836379-1733/ocm01836379/Output/ocm01836379_0178.tif /mnt/lsdi/ocm01836379-1733/ocm01836379/Output/ocm01836379_0179.tif /mnt/lsdi/ocm01836379-1733/ocm01836379/Output/ocm01836379_0180.tif /mnt/lsdi/ocm01836379-1733/ocm01836379/Output/ocm01836379_0181.tif /mnt/lsdi/ocm01836379-1733/ocm01836379/Output/ocm01836379_0182.tif /mnt/lsdi/ocm01836379-1733/ocm01836379/Output/ocm01836379_0183.tif /mnt/lsdi/ocm01836379-1733/ocm01836379/Output/ocm01836379_0184.tif /mnt/lsdi/ocm01836379-1733/ocm01836379/Output/ocm01836379_0185.tif /mnt/lsdi/ocm01836379-1733/ocm01836379/Output/ocm01836379_0186.tif /mnt/lsdi/ocm01836379-1733/ocm01836379/Output/ocm01836379_0187.tif /mnt/lsdi/ocm01836379-1733/ocm01836379/Output/ocm01836379_0188.tif /mnt/lsdi/ocm01836379-1733/ocm01836379/Output/ocm01836379_0189.tif /mnt/lsdi/ocm01836379-1733/ocm01836379/Output/ocm01836379_0190.tif /mnt/lsdi/ocm01836379-1733/ocm01836379/Output/ocm01836379_0191.tif /mnt/lsdi/ocm01836379-1733/ocm01836379/Output/ocm01836379_0192.tif /mnt/lsdi/ocm01836379-1733/ocm01836379/Output/ocm01836379_0193.tif /mnt/lsdi/ocm01836379-1733/ocm01836379/Output/ocm01836379_0194.tif /mnt/lsdi/ocm01836379-1733/ocm01836379/Output/ocm01836379_0195.tif /mnt/lsdi/ocm01836379-1733/ocm01836379/Output/ocm01836379_0196.tif /mnt/lsdi/ocm01836379-1733/ocm01836379/Output/ocm01836379_0197.tif /mnt/lsdi/ocm01836379-1733/ocm01836379/Output/ocm01836379_0198.tif /mnt/lsdi/ocm01836379-1733/ocm01836379/Output/ocm01836379_0199.tif /mnt/lsdi/ocm01836379-1733/ocm01836379/Output/ocm01836379_0200.tif /mnt/lsdi/ocm01836379-1733/ocm01836379/Output/ocm01836379_0201.tif /mnt/lsdi/ocm01836379-1733/ocm01836379/Output/ocm01836379_0202.tif /mnt/lsdi/ocm01836379-1733/ocm01836379/Output/ocm01836379_0203.tif /mnt/lsdi/ocm01836379-1733/ocm01836379/Output/ocm01836379_0204.tif /mnt/lsdi/ocm01836379-1733/ocm01836379/Output/ocm01836379_0205.tif /mnt/lsdi/ocm01836379-1733/ocm01836379/Output/ocm01836379_0206.tif /mnt/lsdi/ocm01836379-1733/ocm01836379/Output/ocm01836379_0207.tif /mnt/lsdi/ocm01836379-1733/ocm01836379/Output/ocm01836379_0208.tif /mnt/lsdi/ocm01836379-1733/ocm01836379/Output/ocm01836379_0209.tif /mnt/lsdi/ocm01836379-1733/ocm01836379/Output/ocm01836379_0210.tif /mnt/lsdi/ocm01836379-1733/ocm01836379/Output/ocm01836379_0211.tif /mnt/lsdi/ocm01836379-1733/ocm01836379/Output/ocm01836379_0212.tif /mnt/lsdi/ocm01836379-1733/ocm01836379/Output/ocm01836379_0213.tif /mnt/lsdi/ocm01836379-1733/ocm01836379/Output/ocm01836379_0214.tif /mnt/lsdi/ocm01836379-1733/ocm01836379/Output/ocm01836379_0215.tif /mnt/lsdi/ocm01836379-1733/ocm01836379/Output/ocm01836379_0216.tif /mnt/lsdi/ocm01836379-1733/ocm01836379/Output/ocm01836379_0217.tif /mnt/lsdi/ocm01836379-1733/ocm01836379/Output/ocm01836379_0218.tif /mnt/lsdi/ocm01836379-1733/ocm01836379/Output/ocm01836379_0219.tif /mnt/lsdi/ocm01836379-1733/ocm01836379/Output/ocm01836379_0220.tif /mnt/lsdi/ocm01836379-1733/ocm01836379/Output/ocm01836379_0221.tif /mnt/lsdi/ocm01836379-1733/ocm01836379/Output/ocm01836379_0222.tif /mnt/lsdi/ocm01836379-1733/ocm01836379/Output/ocm01836379_0223.tif /mnt/lsdi/ocm01836379-1733/ocm01836379/Output/ocm01836379_0224.tif /mnt/lsdi/ocm01836379-1733/ocm01836379/Output/ocm01836379_0225.tif /mnt/lsdi/ocm01836379-1733/ocm01836379/Output/ocm01836379_0226.tif /mnt/lsdi/ocm01836379-1733/ocm01836379/Output/ocm01836379_0227.tif /mnt/lsdi/ocm01836379-1733/ocm01836379/Output/ocm01836379_0228.tif /mnt/lsdi/ocm01836379-1733/ocm01836379/Output/ocm01836379_0229.tif /mnt/lsdi/ocm01836379-1733/ocm01836379/Output/ocm01836379_0230.tif /mnt/lsdi/ocm01836379-1733/ocm01836379/Output/ocm01836379_0231.tif /mnt/lsdi/ocm01836379-1733/ocm01836379/Output/ocm01836379_0232.tif /mnt/lsdi/ocm01836379-1733/ocm01836379/Output/ocm01836379_0233.tif /mnt/lsdi/ocm01836379-1733/ocm01836379/Output/ocm01836379_0234.tif /mnt/lsdi/ocm01836379-1733/ocm01836379/Output/ocm01836379_0235.tif /mnt/lsdi/ocm01836379-1733/ocm01836379/Output/ocm01836379_0236.tif /mnt/lsdi/ocm01836379-1733/ocm01836379/Output/ocm01836379_0237.tif /mnt/lsdi/ocm01836379-1733/ocm01836379/Output/ocm01836379_0238.tif /mnt/lsdi/ocm01836379-1733/ocm01836379/Output/ocm01836379_0239.tif /mnt/lsdi/ocm01836379-1733/ocm01836379/Output/ocm01836379_0240.tif /mnt/lsdi/ocm01836379-1733/ocm01836379/Output/ocm01836379_0241.tif /mnt/lsdi/ocm01836379-1733/ocm01836379/Output/ocm01836379_0242.tif /mnt/lsdi/ocm01836379-1733/ocm01836379/Output/ocm01836379_0243.tif /mnt/lsdi/ocm01836379-1733/ocm01836379/Output/ocm01836379_0244.tif /mnt/lsdi/ocm01836379-1733/ocm01836379/Output/ocm01836379_0245.tif /mnt/lsdi/ocm01836379-1733/ocm01836379/Output/ocm01836379_0246.tif /mnt/lsdi/ocm01836379-1733/ocm01836379/Output/ocm01836379_0247.tif /mnt/lsdi/ocm01836379-1733/ocm01836379/Output/ocm01836379_0248.tif /mnt/lsdi/ocm01836379-1733/ocm01836379/Output/ocm01836379_0249.tif /mnt/lsdi/ocm01836379-1733/ocm01836379/Output/ocm01836379_0250.tif /mnt/lsdi/ocm01836379-1733/ocm01836379/Output/ocm01836379_0251.tif /mnt/lsdi/ocm01836379-1733/ocm01836379/Output/ocm01836379_0252.tif /mnt/lsdi/ocm01836379-1733/ocm01836379/Output/ocm01836379_0253.tif /mnt/lsdi/ocm01836379-1733/ocm01836379/Output/ocm01836379_0254.tif /mnt/lsdi/ocm01836379-1733/ocm01836379/Output/ocm01836379_0255.tif /mnt/lsdi/ocm01836379-1733/ocm01836379/Output/ocm01836379_0256.tif /mnt/lsdi/ocm01836379-1733/ocm01836379/Output/ocm01836379_0257.tif /mnt/lsdi/ocm01836379-1733/ocm01836379/Output/ocm01836379_0258.tif /mnt/lsdi/ocm01836379-1733/ocm01836379/Output/ocm01836379_0259.tif /mnt/lsdi/ocm01836379-1733/ocm01836379/Output/ocm01836379_0260.tif /mnt/lsdi/ocm01836379-1733/ocm01836379/Output/ocm01836379_0261.tif /mnt/lsdi/ocm01836379-1733/ocm01836379/Output/ocm01836379_0262.tif /mnt/lsdi/ocm01836379-1733/ocm01836379/Output/ocm01836379_0263.tif /mnt/lsdi/ocm01836379-1733/ocm01836379/Output/ocm01836379_0264.tif /mnt/lsdi/ocm01836379-1733/ocm01836379/Output/ocm01836379_0265.tif /mnt/lsdi/ocm01836379-1733/ocm01836379/Output/ocm01836379_0266.tif /mnt/lsdi/ocm01836379-1733/ocm01836379/Output/ocm01836379_0267.tif /mnt/lsdi/ocm01836379-1733/ocm01836379/Output/ocm01836379_0268.tif /mnt/lsdi/ocm01836379-1733/ocm01836379/Output/ocm01836379_0269.tif /mnt/lsdi/ocm01836379-1733/ocm01836379/Output/ocm01836379_0270.tif /mnt/lsdi/ocm01836379-1733/ocm01836379/Output/ocm01836379_0271.tif /mnt/lsdi/ocm01836379-1733/ocm01836379/Output/ocm01836379_0272.tif /mnt/lsdi/ocm01836379-1733/ocm01836379/Output/ocm01836379_0273.tif /mnt/lsdi/ocm01836379-1733/ocm01836379/Output/ocm01836379_0274.tif /mnt/lsdi/ocm01836379-1733/ocm01836379/Output/ocm01836379_0275.tif /mnt/lsdi/ocm01836379-1733/ocm01836379/Output/ocm01836379_0276.tif /mnt/lsdi/ocm01836379-1733/ocm01836379/Output/ocm01836379_0277.tif /mnt/lsdi/ocm01836379-1733/ocm01836379/Output/ocm01836379_0278.tif /mnt/lsdi/ocm01836379-1733/ocm01836379/Output/ocm01836379_0279.tif /mnt/lsdi/ocm01836379-1733/ocm01836379/Output/ocm01836379_0280.tif /mnt/lsdi/ocm01836379-1733/ocm01836379/Output/ocm01836379_0281.tif /mnt/lsdi/ocm01836379-1733/ocm01836379/Output/ocm01836379_0282.tif /mnt/lsdi/ocm01836379-1733/ocm01836379/Output/ocm01836379_0283.tif /mnt/lsdi/ocm01836379-1733/ocm01836379/Output/ocm01836379_0284.tif /mnt/lsdi/ocm01836379-1733/ocm01836379/Output/ocm01836379_0285.tif /mnt/lsdi/ocm01836379-1733/ocm01836379/Output/ocm01836379_0286.tif /mnt/lsdi/ocm01836379-1733/ocm01836379/Output/ocm01836379_0287.tif /mnt/lsdi/ocm01836379-1733/ocm01836379/Output/ocm01836379_0288.tif /mnt/lsdi/ocm01836379-1733/ocm01836379/Output/ocm01836379_0289.tif /mnt/lsdi/ocm01836379-1733/ocm01836379/Output/ocm01836379_0290.tif /mnt/lsdi/ocm01836379-1733/ocm01836379/Output/ocm01836379_0291.tif /mnt/lsdi/ocm01836379-1733/ocm01836379/Output/ocm01836379_0292.tif /mnt/lsdi/ocm01836379-1733/ocm01836379/Output/ocm01836379_0293.tif /mnt/lsdi/ocm01836379-1733/ocm01836379/Output/ocm01836379_0294.tif /mnt/lsdi/ocm01836379-1733/ocm01836379/Output/ocm01836379_0295.tif /mnt/lsdi/ocm01836379-1733/ocm01836379/Output/ocm01836379_0296.tif /mnt/lsdi/ocm01836379-1733/ocm01836379/Output/ocm01836379_0297.tif /mnt/lsdi/ocm01836379-1733/ocm01836379/Output/ocm01836379_0298.tif /mnt/lsdi/ocm01836379-1733/ocm01836379/Output/ocm01836379_0299.tif /mnt/lsdi/ocm01836379-1733/ocm01836379/Output/ocm01836379_0300.tif /mnt/lsdi/ocm01836379-1733/ocm01836379/Output/ocm01836379_0301.tif /mnt/lsdi/ocm01836379-1733/ocm01836379/Output/ocm01836379_0302.tif /mnt/lsdi/ocm01836379-1733/ocm01836379/Output/ocm01836379_0303.tif /mnt/lsdi/ocm01836379-1733/ocm01836379/Output/ocm01836379_0304.tif /mnt/lsdi/ocm01836379-1733/ocm01836379/Output/ocm01836379_0305.tif /mnt/lsdi/ocm01836379-1733/ocm01836379/Output/ocm01836379_0306.tif /mnt/lsdi/ocm01836379-1733/ocm01836379/Output/ocm01836379_0307.tif /mnt/lsdi/ocm01836379-1733/ocm01836379/Output/ocm01836379_0308.tif /mnt/lsdi/ocm01836379-1733/ocm01836379/Output/ocm01836379_0309.tif /mnt/lsdi/ocm01836379-1733/ocm01836379/Output/ocm01836379_0310.tif /mnt/lsdi/ocm01836379-1733/ocm01836379/Output/ocm01836379_0311.tif /mnt/lsdi/ocm01836379-1733/ocm01836379/Output/ocm01836379_0312.tif /mnt/lsdi/ocm01836379-1733/ocm01836379/Output/ocm01836379_0313.tif /mnt/lsdi/ocm01836379-1733/ocm01836379/Output/ocm01836379_0314.tif /mnt/lsdi/ocm01836379-1733/ocm01836379/Output/ocm01836379_0315.tif /mnt/lsdi/ocm01836379-1733/ocm01836379/Output/ocm01836379_0316.tif /mnt/lsdi/ocm01836379-1733/ocm01836379/Output/ocm01836379_0317.tif /mnt/lsdi/ocm01836379-1733/ocm01836379/Output/ocm01836379_0318.tif /mnt/lsdi/ocm01836379-1733/ocm01836379/Output/ocm01836379_0319.tif /mnt/lsdi/ocm01836379-1733/ocm01836379/Output/ocm01836379_0320.tif /mnt/lsdi/ocm01836379-1733/ocm01836379/Output/ocm01836379_0321.tif /mnt/lsdi/ocm01836379-1733/ocm01836379/Output/ocm01836379_0322.tif /mnt/lsdi/ocm01836379-1733/ocm01836379/Output/ocm01836379_0323.tif /mnt/lsdi/ocm01836379-1733/ocm01836379/Output/ocm01836379_0324.tif /mnt/lsdi/ocm01836379-1733/ocm01836379/Output/ocm01836379_0325.tif /mnt/lsdi/ocm01836379-1733/ocm01836379/Output/ocm01836379_0326.tif /mnt/lsdi/ocm01836379-1733/ocm01836379/Output/ocm01836379_0327.tif /mnt/lsdi/ocm01836379-1733/ocm01836379/Output/ocm01836379_0328.tif
  adding: mnt/lsdi/ocm01836379-1733/ocm01836379/Output/ocm01836379_0001.tif (deflated 81%)
  adding: mnt/lsdi/ocm01836379-1733/ocm01836379/Output/ocm01836379_0002.tif (deflated 81%)
  adding: mnt/lsdi/ocm01836379-1733/ocm01836379/Output/ocm01836379_0003.tif (deflated 81%)
  adding: mnt/lsdi/ocm01836379-1733/ocm01836379/Output/ocm01836379_0004.tif (deflated 81%)
  adding: mnt/lsdi/ocm01836379-1733/ocm01836379/Output/ocm01836379_0005.tif (deflated 81%)
  adding: mnt/lsdi/ocm01836379-1733/ocm01836379/Output/ocm01836379_0006.tif (deflated 25%)
  adding: mnt/lsdi/ocm01836379-1733/ocm01836379/Output/ocm01836379_0007.tif (deflated 29%)
  adding: mnt/lsdi/ocm01836379-1733/ocm01836379/Output/ocm01836379_0008.tif (deflated 7%)
  adding: mnt/lsdi/ocm01836379-1733/ocm01836379/Output/ocm01836379_0009.tif (deflated 10%)
  adding: mnt/lsdi/ocm01836379-1733/ocm01836379/Output/ocm01836379_0010.tif (deflated 41%)
  adding: mnt/lsdi/ocm01836379-1733/ocm01836379/Output/ocm01836379_0011.tif (deflated 81%)
  adding: mnt/lsdi/ocm01836379-1733/ocm01836379/Output/ocm01836379_0012.tif (deflated 4%)
  adding: mnt/lsdi/ocm01836379-1733/ocm01836379/Output/ocm01836379_0013.tif (deflated 5%)
  adding: mnt/lsdi/ocm01836379-1733/ocm01836379/Output/ocm01836379_0014.tif (deflated 4%)
  adding: mnt/lsdi/ocm01836379-1733/ocm01836379/Output/ocm01836379_0015.tif (deflated 3%)
  adding: mnt/lsdi/ocm01836379-1733/ocm01836379/Output/ocm01836379_0016.tif (deflated 3%)
  adding: mnt/lsdi/ocm01836379-1733/ocm01836379/Output/ocm01836379_0017.tif (deflated 3%)
  adding: mnt/lsdi/ocm01836379-1733/ocm01836379/Output/ocm01836379_0018.tif (deflated 4%)
  adding: mnt/lsdi/ocm01836379-1733/ocm01836379/Output/ocm01836379_0019.tif (deflated 81%)
  adding: mnt/lsdi/ocm01836379-1733/ocm01836379/Output/ocm01836379_0020.tif (deflated 5%)
  adding: mnt/lsdi/ocm01836379-1733/ocm01836379/Output/ocm01836379_0021.tif (deflated 4%)
  adding: mnt/lsdi/ocm01836379-1733/ocm01836379/Output/ocm01836379_0022.tif (deflated 4%)
  adding: mnt/lsdi/ocm01836379-1733/ocm01836379/Output/ocm01836379_0023.tif (deflated 4%)
  adding: mnt/lsdi/ocm01836379-1733/ocm01836379/Output/ocm01836379_0024.tif (deflated 4%)
  adding: mnt/lsdi/ocm01836379-1733/ocm01836379/Output/ocm01836379_0025.tif (deflated 4%)
  adding: mnt/lsdi/ocm01836379-1733/ocm01836379/Output/ocm01836379_0026.tif (deflated 5%)
  adding: mnt/lsdi/ocm01836379-1733/ocm01836379/Output/ocm01836379_0027.tif (deflated 4%)
  adding: mnt/lsdi/ocm01836379-1733/ocm01836379/Output/ocm01836379_0028.tif (deflated 5%)
  adding: mnt/lsdi/ocm01836379-1733/ocm01836379/Output/ocm01836379_0029.tif (deflated 4%)
  adding: mnt/lsdi/ocm01836379-1733/ocm01836379/Output/ocm01836379_0030.tif (deflated 5%)
  adding: mnt/lsdi/ocm01836379-1733/ocm01836379/Output/ocm01836379_0031.tif (deflated 4%)
  adding: mnt/lsdi/ocm01836379-1733/ocm01836379/Output/ocm01836379_0032.tif (deflated 5%)
  adding: mnt/lsdi/ocm01836379-1733/ocm01836379/Output/ocm01836379_0033.tif (deflated 4%)
  adding: mnt/lsdi/ocm01836379-1733/ocm01836379/Output/ocm01836379_0034.tif (deflated 4%)
  adding: mnt/lsdi/ocm01836379-1733/ocm01836379/Output/ocm01836379_0035.tif (deflated 4%)
  adding: mnt/lsdi/ocm01836379-1733/ocm01836379/Output/ocm01836379_0036.tif (deflated 5%)
  adding: mnt/lsdi/ocm01836379-1733/ocm01836379/Output/ocm01836379_0037.tif (deflated 4%)
  adding: mnt/lsdi/ocm01836379-1733/ocm01836379/Output/ocm01836379_0038.tif (deflated 4%)
  adding: mnt/lsdi/ocm01836379-1733/ocm01836379/Output/ocm01836379_0039.tif (deflated 4%)
  adding: mnt/lsdi/ocm01836379-1733/ocm01836379/Output/ocm01836379_0040.tif (deflated 4%)
  adding: mnt/lsdi/ocm01836379-1733/ocm01836379/Output/ocm01836379_0041.tif (deflated 4%)
  adding: mnt/lsdi/ocm01836379-1733/ocm01836379/Output/ocm01836379_0042.tif (deflated 5%)
  adding: mnt/lsdi/ocm01836379-1733/ocm01836379/Output/ocm01836379_0043.tif (deflated 4%)
  adding: mnt/lsdi/ocm01836379-1733/ocm01836379/Output/ocm01836379_0044.tif (deflated 5%)
  adding: mnt/lsdi/ocm01836379-1733/ocm01836379/Output/ocm01836379_0045.tif (deflated 4%)
  adding: mnt/lsdi/ocm01836379-1733/ocm01836379/Output/ocm01836379_0046.tif (deflated 5%)
  adding: mnt/lsdi/ocm01836379-1733/ocm01836379/Output/ocm01836379_0047.tif (deflated 4%)
  adding: mnt/lsdi/ocm01836379-1733/ocm01836379/Output/ocm01836379_0048.tif (deflated 5%)
  adding: mnt/lsdi/ocm01836379-1733/ocm01836379/Output/ocm01836379_0049.tif (deflated 4%)
  adding: mnt/lsdi/ocm01836379-1733/ocm01836379/Output/ocm01836379_0050.tif (deflated 5%)
  adding: mnt/lsdi/ocm01836379-1733/ocm01836379/Output/ocm01836379_0051.tif (deflated 4%)
  adding: mnt/lsdi/ocm01836379-1733/ocm01836379/Output/ocm01836379_0052.tif (deflated 4%)
  adding: mnt/lsdi/ocm01836379-1733/ocm01836379/Output/ocm01836379_0053.tif (deflated 4%)
  adding: mnt/lsdi/ocm01836379-1733/ocm01836379/Output/ocm01836379_0054.tif (deflated 5%)
  adding: mnt/lsdi/ocm01836379-1733/ocm01836379/Output/ocm01836379_0055.tif (deflated 4%)
  adding: mnt/lsdi/ocm01836379-1733/ocm01836379/Output/ocm01836379_0056.tif (deflated 5%)
  adding: mnt/lsdi/ocm01836379-1733/ocm01836379/Output/ocm01836379_0057.tif (deflated 5%)
  adding: mnt/lsdi/ocm01836379-1733/ocm01836379/Output/ocm01836379_0058.tif (deflated 4%)
  adding: mnt/lsdi/ocm01836379-1733/ocm01836379/Output/ocm01836379_0059.tif (deflated 4%)
  adding: mnt/lsdi/ocm01836379-1733/ocm01836379/Output/ocm01836379_0060.tif (deflated 4%)
  adding: mnt/lsdi/ocm01836379-1733/ocm01836379/Output/ocm01836379_0061.tif (deflated 4%)
  adding: mnt/lsdi/ocm01836379-1733/ocm01836379/Output/ocm01836379_0062.tif (deflated 5%)
  adding: mnt/lsdi/ocm01836379-1733/ocm01836379/Output/ocm01836379_0063.tif (deflated 4%)
  adding: mnt/lsdi/ocm01836379-1733/ocm01836379/Output/ocm01836379_0064.tif (deflated 5%)
  adding: mnt/lsdi/ocm01836379-1733/ocm01836379/Output/ocm01836379_0065.tif (deflated 5%)
  adding: mnt/lsdi/ocm01836379-1733/ocm01836379/Output/ocm01836379_0066.tif (deflated 4%)
  adding: mnt/lsdi/ocm01836379-1733/ocm01836379/Output/ocm01836379_0067.tif (deflated 4%)
  adding: mnt/lsdi/ocm01836379-1733/ocm01836379/Output/ocm01836379_0068.tif (deflated 4%)
  adding: mnt/lsdi/ocm01836379-1733/ocm01836379/Output/ocm01836379_0069.tif (deflated 5%)
  adding: mnt/lsdi/ocm01836379-1733/ocm01836379/Output/ocm01836379_0070.tif (deflated 5%)
  adding: mnt/lsdi/ocm01836379-1733/ocm01836379/Output/ocm01836379_0071.tif (deflated 4%)
  adding: mnt/lsdi/ocm01836379-1733/ocm01836379/Output/ocm01836379_0072.tif (deflated 5%)
  adding: mnt/lsdi/ocm01836379-1733/ocm01836379/Output/ocm01836379_0073.tif (deflated 4%)
  adding: mnt/lsdi/ocm01836379-1733/ocm01836379/Output/ocm01836379_0074.tif (deflated 4%)
  adding: mnt/lsdi/ocm01836379-1733/ocm01836379/Output/ocm01836379_0075.tif (deflated 5%)
  adding: mnt/lsdi/ocm01836379-1733/ocm01836379/Output/ocm01836379_0076.tif (deflated 5%)
  adding: mnt/lsdi/ocm01836379-1733/ocm01836379/Output/ocm01836379_0077.tif (deflated 4%)
  adding: mnt/lsdi/ocm01836379-1733/ocm01836379/Output/ocm01836379_0078.tif (deflated 4%)
  adding: mnt/lsdi/ocm01836379-1733/ocm01836379/Output/ocm01836379_0079.tif (deflated 4%)
  adding: mnt/lsdi/ocm01836379-1733/ocm01836379/Output/ocm01836379_0080.tif (deflated 5%)
  adding: mnt/lsdi/ocm01836379-1733/ocm01836379/Output/ocm01836379_0081.tif (deflated 5%)
  adding: mnt/lsdi/ocm01836379-1733/ocm01836379/Output/ocm01836379_0082.tif (deflated 5%)
  adding: mnt/lsdi/ocm01836379-1733/ocm01836379/Output/ocm01836379_0083.tif (deflated 5%)
  adding: mnt/lsdi/ocm01836379-1733/ocm01836379/Output/ocm01836379_0084.tif (deflated 4%)
  adding: mnt/lsdi/ocm01836379-1733/ocm01836379/Output/ocm01836379_0085.tif (deflated 4%)
  adding: mnt/lsdi/ocm01836379-1733/ocm01836379/Output/ocm01836379_0086.tif (deflated 4%)
  adding: mnt/lsdi/ocm01836379-1733/ocm01836379/Output/ocm01836379_0087.tif (deflated 5%)
  adding: mnt/lsdi/ocm01836379-1733/ocm01836379/Output/ocm01836379_0088.tif (deflated 5%)
  adding: mnt/lsdi/ocm01836379-1733/ocm01836379/Output/ocm01836379_0089.tif (deflated 5%)
  adding: mnt/lsdi/ocm01836379-1733/ocm01836379/Output/ocm01836379_0090.tif (deflated 5%)
  adding: mnt/lsdi/ocm01836379-1733/ocm01836379/Output/ocm01836379_0091.tif (deflated 4%)
  adding: mnt/lsdi/ocm01836379-1733/ocm01836379/Output/ocm01836379_0092.tif (deflated 5%)
  adding: mnt/lsdi/ocm01836379-1733/ocm01836379/Output/ocm01836379_0093.tif (deflated 4%)
  adding: mnt/lsdi/ocm01836379-1733/ocm01836379/Output/ocm01836379_0094.tif (deflated 5%)
  adding: mnt/lsdi/ocm01836379-1733/ocm01836379/Output/ocm01836379_0095.tif (deflated 5%)
  adding: mnt/lsdi/ocm01836379-1733/ocm01836379/Output/ocm01836379_0096.tif (deflated 5%)
  adding: mnt/lsdi/ocm01836379-1733/ocm01836379/Output/ocm01836379_0097.tif (deflated 5%)
  adding: mnt/lsdi/ocm01836379-1733/ocm01836379/Output/ocm01836379_0098.tif (deflated 4%)
  adding: mnt/lsdi/ocm01836379-1733/ocm01836379/Output/ocm01836379_0099.tif (deflated 4%)
  adding: mnt/lsdi/ocm01836379-1733/ocm01836379/Output/ocm01836379_0100.tif (deflated 4%)
  adding: mnt/lsdi/ocm01836379-1733/ocm01836379/Output/ocm01836379_0101.tif (deflated 4%)
  adding: mnt/lsdi/ocm01836379-1733/ocm01836379/Output/ocm01836379_0102.tif (deflated 5%)
  adding: mnt/lsdi/ocm01836379-1733/ocm01836379/Output/ocm01836379_0103.tif (deflated 5%)
  adding: mnt/lsdi/ocm01836379-1733/ocm01836379/Output/ocm01836379_0104.tif (deflated 4%)
  adding: mnt/lsdi/ocm01836379-1733/ocm01836379/Output/ocm01836379_0105.tif (deflated 5%)
  adding: mnt/lsdi/ocm01836379-1733/ocm01836379/Output/ocm01836379_0106.tif (deflated 4%)
  adding: mnt/lsdi/ocm01836379-1733/ocm01836379/Output/ocm01836379_0107.tif (deflated 5%)
  adding: mnt/lsdi/ocm01836379-1733/ocm01836379/Output/ocm01836379_0108.tif (deflated 5%)
  adding: mnt/lsdi/ocm01836379-1733/ocm01836379/Output/ocm01836379_0109.tif (deflated 5%)
  adding: mnt/lsdi/ocm01836379-1733/ocm01836379/Output/ocm01836379_0110.tif (deflated 4%)
  adding: mnt/lsdi/ocm01836379-1733/ocm01836379/Output/ocm01836379_0111.tif (deflated 5%)
  adding: mnt/lsdi/ocm01836379-1733/ocm01836379/Output/ocm01836379_0112.tif (deflated 4%)
  adding: mnt/lsdi/ocm01836379-1733/ocm01836379/Output/ocm01836379_0113.tif (deflated 4%)
  adding: mnt/lsdi/ocm01836379-1733/ocm01836379/Output/ocm01836379_0114.tif (deflated 5%)
  adding: mnt/lsdi/ocm01836379-1733/ocm01836379/Output/ocm01836379_0115.tif (deflated 4%)
  adding: mnt/lsdi/ocm01836379-1733/ocm01836379/Output/ocm01836379_0116.tif (deflated 4%)
  adding: mnt/lsdi/ocm01836379-1733/ocm01836379/Output/ocm01836379_0117.tif (deflated 5%)
  adding: mnt/lsdi/ocm01836379-1733/ocm01836379/Output/ocm01836379_0118.tif (deflated 4%)
  adding: mnt/lsdi/ocm01836379-1733/ocm01836379/Output/ocm01836379_0119.tif (deflated 5%)
  adding: mnt/lsdi/ocm01836379-1733/ocm01836379/Output/ocm01836379_0120.tif (deflated 4%)
  adding: mnt/lsdi/ocm01836379-1733/ocm01836379/Output/ocm01836379_0121.tif (deflated 4%)
  adding: mnt/lsdi/ocm01836379-1733/ocm01836379/Output/ocm01836379_0122.tif (deflated 5%)
  adding: mnt/lsdi/ocm01836379-1733/ocm01836379/Output/ocm01836379_0123.tif (deflated 5%)
  adding: mnt/lsdi/ocm01836379-1733/ocm01836379/Output/ocm01836379_0124.tif (deflated 5%)
  adding: mnt/lsdi/ocm01836379-1733/ocm01836379/Output/ocm01836379_0125.tif (deflated 5%)
  adding: mnt/lsdi/ocm01836379-1733/ocm01836379/Output/ocm01836379_0126.tif (deflated 4%)
  adding: mnt/lsdi/ocm01836379-1733/ocm01836379/Output/ocm01836379_0127.tif (deflated 5%)
  adding: mnt/lsdi/ocm01836379-1733/ocm01836379/Output/ocm01836379_0128.tif (deflated 5%)
  adding: mnt/lsdi/ocm01836379-1733/ocm01836379/Output/ocm01836379_0129.tif (deflated 5%)
  adding: mnt/lsdi/ocm01836379-1733/ocm01836379/Output/ocm01836379_0130.tif (deflated 5%)
  adding: mnt/lsdi/ocm01836379-1733/ocm01836379/Output/ocm01836379_0131.tif (deflated 4%)
  adding: mnt/lsdi/ocm01836379-1733/ocm01836379/Output/ocm01836379_0132.tif (deflated 4%)
  adding: mnt/lsdi/ocm01836379-1733/ocm01836379/Output/ocm01836379_0133.tif (deflated 4%)
  adding: mnt/lsdi/ocm01836379-1733/ocm01836379/Output/ocm01836379_0134.tif (deflated 5%)
  adding: mnt/lsdi/ocm01836379-1733/ocm01836379/Output/ocm01836379_0135.tif (deflated 5%)
  adding: mnt/lsdi/ocm01836379-1733/ocm01836379/Output/ocm01836379_0136.tif (deflated 5%)
  adding: mnt/lsdi/ocm01836379-1733/ocm01836379/Output/ocm01836379_0137.tif (deflated 4%)
  adding: mnt/lsdi/ocm01836379-1733/ocm01836379/Output/ocm01836379_0138.tif (deflated 4%)
  adding: mnt/lsdi/ocm01836379-1733/ocm01836379/Output/ocm01836379_0139.tif (deflated 4%)
  adding: mnt/lsdi/ocm01836379-1733/ocm01836379/Output/ocm01836379_0140.tif (deflated 6%)
  adding: mnt/lsdi/ocm01836379-1733/ocm01836379/Output/ocm01836379_0141.tif (deflated 81%)
  adding: mnt/lsdi/ocm01836379-1733/ocm01836379/Output/ocm01836379_0142.tif (deflated 4%)
  adding: mnt/lsdi/ocm01836379-1733/ocm01836379/Output/ocm01836379_0143.tif (deflated 4%)
  adding: mnt/lsdi/ocm01836379-1733/ocm01836379/Output/ocm01836379_0144.tif (deflated 4%)
  adding: mnt/lsdi/ocm01836379-1733/ocm01836379/Output/ocm01836379_0145.tif (deflated 4%)
  adding: mnt/lsdi/ocm01836379-1733/ocm01836379/Output/ocm01836379_0146.tif (deflated 4%)
  adding: mnt/lsdi/ocm01836379-1733/ocm01836379/Output/ocm01836379_0147.tif (deflated 4%)
  adding: mnt/lsdi/ocm01836379-1733/ocm01836379/Output/ocm01836379_0148.tif (deflated 4%)
  adding: mnt/lsdi/ocm01836379-1733/ocm01836379/Output/ocm01836379_0149.tif (deflated 5%)
  adding: mnt/lsdi/ocm01836379-1733/ocm01836379/Output/ocm01836379_0150.tif (deflated 4%)
  adding: mnt/lsdi/ocm01836379-1733/ocm01836379/Output/ocm01836379_0151.tif (deflated 5%)
  adding: mnt/lsdi/ocm01836379-1733/ocm01836379/Output/ocm01836379_0152.tif (deflated 5%)
  adding: mnt/lsdi/ocm01836379-1733/ocm01836379/Output/ocm01836379_0153.tif (deflated 4%)
  adding: mnt/lsdi/ocm01836379-1733/ocm01836379/Output/ocm01836379_0154.tif (deflated 5%)
  adding: mnt/lsdi/ocm01836379-1733/ocm01836379/Output/ocm01836379_0155.tif (deflated 5%)
  adding: mnt/lsdi/ocm01836379-1733/ocm01836379/Output/ocm01836379_0156.tif (deflated 5%)
  adding: mnt/lsdi/ocm01836379-1733/ocm01836379/Output/ocm01836379_0157.tif (deflated 4%)
  adding: mnt/lsdi/ocm01836379-1733/ocm01836379/Output/ocm01836379_0158.tif (deflated 5%)
  adding: mnt/lsdi/ocm01836379-1733/ocm01836379/Output/ocm01836379_0159.tif (deflated 4%)
  adding: mnt/lsdi/ocm01836379-1733/ocm01836379/Output/ocm01836379_0160.tif (deflated 5%)
  adding: mnt/lsdi/ocm01836379-1733/ocm01836379/Output/ocm01836379_0161.tif (deflated 4%)
  adding: mnt/lsdi/ocm01836379-1733/ocm01836379/Output/ocm01836379_0162.tif (deflated 4%)
  adding: mnt/lsdi/ocm01836379-1733/ocm01836379/Output/ocm01836379_0163.tif (deflated 5%)
  adding: mnt/lsdi/ocm01836379-1733/ocm01836379/Output/ocm01836379_0164.tif (deflated 4%)
  adding: mnt/lsdi/ocm01836379-1733/ocm01836379/Output/ocm01836379_0165.tif (deflated 4%)
  adding: mnt/lsdi/ocm01836379-1733/ocm01836379/Output/ocm01836379_0166.tif (deflated 4%)
  adding: mnt/lsdi/ocm01836379-1733/ocm01836379/Output/ocm01836379_0167.tif (deflated 4%)
  adding: mnt/lsdi/ocm01836379-1733/ocm01836379/Output/ocm01836379_0168.tif (deflated 4%)
  adding: mnt/lsdi/ocm01836379-1733/ocm01836379/Output/ocm01836379_0169.tif (deflated 5%)
  adding: mnt/lsdi/ocm01836379-1733/ocm01836379/Output/ocm01836379_0170.tif (deflated 4%)
  adding: mnt/lsdi/ocm01836379-1733/ocm01836379/Output/ocm01836379_0171.tif (deflated 5%)
  adding: mnt/lsdi/ocm01836379-1733/ocm01836379/Output/ocm01836379_0172.tif (deflated 4%)
  adding: mnt/lsdi/ocm01836379-1733/ocm01836379/Output/ocm01836379_0173.tif (deflated 4%)
  adding: mnt/lsdi/ocm01836379-1733/ocm01836379/Output/ocm01836379_0174.tif (deflated 4%)
  adding: mnt/lsdi/ocm01836379-1733/ocm01836379/Output/ocm01836379_0175.tif (deflated 4%)
  adding: mnt/lsdi/ocm01836379-1733/ocm01836379/Output/ocm01836379_0176.tif (deflated 4%)
  adding: mnt/lsdi/ocm01836379-1733/ocm01836379/Output/ocm01836379_0177.tif (deflated 4%)
  adding: mnt/lsdi/ocm01836379-1733/ocm01836379/Output/ocm01836379_0178.tif (deflated 5%)
  adding: mnt/lsdi/ocm01836379-1733/ocm01836379/Output/ocm01836379_0179.tif (deflated 4%)
  adding: mnt/lsdi/ocm01836379-1733/ocm01836379/Output/ocm01836379_0180.tif (deflated 4%)
  adding: mnt/lsdi/ocm01836379-1733/ocm01836379/Output/ocm01836379_0181.tif (deflated 4%)
  adding: mnt/lsdi/ocm01836379-1733/ocm01836379/Output/ocm01836379_0182.tif (deflated 6%)
  adding: mnt/lsdi/ocm01836379-1733/ocm01836379/Output/ocm01836379_0183.tif (deflated 5%)
  adding: mnt/lsdi/ocm01836379-1733/ocm01836379/Output/ocm01836379_0184.tif (deflated 5%)
  adding: mnt/lsdi/ocm01836379-1733/ocm01836379/Output/ocm01836379_0185.tif (deflated 5%)
  adding: mnt/lsdi/ocm01836379-1733/ocm01836379/Output/ocm01836379_0186.tif (deflated 4%)
  adding: mnt/lsdi/ocm01836379-1733/ocm01836379/Output/ocm01836379_0187.tif (deflated 4%)
  adding: mnt/lsdi/ocm01836379-1733/ocm01836379/Output/ocm01836379_0188.tif (deflated 4%)
  adding: mnt/lsdi/ocm01836379-1733/ocm01836379/Output/ocm01836379_0189.tif (deflated 5%)
  adding: mnt/lsdi/ocm01836379-1733/ocm01836379/Output/ocm01836379_0190.tif (deflated 4%)
  adding: mnt/lsdi/ocm01836379-1733/ocm01836379/Output/ocm01836379_0191.tif (deflated 5%)
  adding: mnt/lsdi/ocm01836379-1733/ocm01836379/Output/ocm01836379_0192.tif (deflated 5%)
  adding: mnt/lsdi/ocm01836379-1733/ocm01836379/Output/ocm01836379_0193.tif (deflated 4%)
  adding: mnt/lsdi/ocm01836379-1733/ocm01836379/Output/ocm01836379_0194.tif (deflated 4%)
  adding: mnt/lsdi/ocm01836379-1733/ocm01836379/Output/ocm01836379_0195.tif (deflated 4%)
  adding: mnt/lsdi/ocm01836379-1733/ocm01836379/Output/ocm01836379_0196.tif (deflated 4%)
  adding: mnt/lsdi/ocm01836379-1733/ocm01836379/Output/ocm01836379_0197.tif (deflated 4%)
  adding: mnt/lsdi/ocm01836379-1733/ocm01836379/Output/ocm01836379_0198.tif (deflated 5%)
  adding: mnt/lsdi/ocm01836379-1733/ocm01836379/Output/ocm01836379_0199.tif (deflated 4%)
  adding: mnt/lsdi/ocm01836379-1733/ocm01836379/Output/ocm01836379_0200.tif (deflated 4%)
  adding: mnt/lsdi/ocm01836379-1733/ocm01836379/Output/ocm01836379_0201.tif (deflated 4%)
  adding: mnt/lsdi/ocm01836379-1733/ocm01836379/Output/ocm01836379_0202.tif (deflated 4%)
  adding: mnt/lsdi/ocm01836379-1733/ocm01836379/Output/ocm01836379_0203.tif (deflated 4%)
  adding: mnt/lsdi/ocm01836379-1733/ocm01836379/Output/ocm01836379_0204.tif (deflated 4%)
  adding: mnt/lsdi/ocm01836379-1733/ocm01836379/Output/ocm01836379_0205.tif (deflated 4%)
  adding: mnt/lsdi/ocm01836379-1733/ocm01836379/Output/ocm01836379_0206.tif (deflated 4%)
  adding: mnt/lsdi/ocm01836379-1733/ocm01836379/Output/ocm01836379_0207.tif (deflated 4%)
  adding: mnt/lsdi/ocm01836379-1733/ocm01836379/Output/ocm01836379_0208.tif (deflated 4%)
  adding: mnt/lsdi/ocm01836379-1733/ocm01836379/Output/ocm01836379_0209.tif (deflated 4%)
  adding: mnt/lsdi/ocm01836379-1733/ocm01836379/Output/ocm01836379_0210.tif (deflated 5%)
  adding: mnt/lsdi/ocm01836379-1733/ocm01836379/Output/ocm01836379_0211.tif (deflated 4%)
  adding: mnt/lsdi/ocm01836379-1733/ocm01836379/Output/ocm01836379_0212.tif (deflated 4%)
  adding: mnt/lsdi/ocm01836379-1733/ocm01836379/Output/ocm01836379_0213.tif (deflated 4%)
  adding: mnt/lsdi/ocm01836379-1733/ocm01836379/Output/ocm01836379_0214.tif (deflated 4%)
  adding: mnt/lsdi/ocm01836379-1733/ocm01836379/Output/ocm01836379_0215.tif (deflated 5%)
  adding: mnt/lsdi/ocm01836379-1733/ocm01836379/Output/ocm01836379_0216.tif (deflated 4%)
  adding: mnt/lsdi/ocm01836379-1733/ocm01836379/Output/ocm01836379_0217.tif (deflated 4%)
  adding: mnt/lsdi/ocm01836379-1733/ocm01836379/Output/ocm01836379_0218.tif (deflated 4%)
  adding: mnt/lsdi/ocm01836379-1733/ocm01836379/Output/ocm01836379_0219.tif (deflated 5%)
  adding: mnt/lsdi/ocm01836379-1733/ocm01836379/Output/ocm01836379_0220.tif (deflated 5%)
  adding: mnt/lsdi/ocm01836379-1733/ocm01836379/Output/ocm01836379_0221.tif (deflated 5%)
  adding: mnt/lsdi/ocm01836379-1733/ocm01836379/Output/ocm01836379_0222.tif (deflated 4%)
  adding: mnt/lsdi/ocm01836379-1733/ocm01836379/Output/ocm01836379_0223.tif (deflated 5%)
  adding: mnt/lsdi/ocm01836379-1733/ocm01836379/Output/ocm01836379_0224.tif (deflated 4%)
  adding: mnt/lsdi/ocm01836379-1733/ocm01836379/Output/ocm01836379_0225.tif (deflated 5%)
  adding: mnt/lsdi/ocm01836379-1733/ocm01836379/Output/ocm01836379_0226.tif (deflated 4%)
  adding: mnt/lsdi/ocm01836379-1733/ocm01836379/Output/ocm01836379_0227.tif (deflated 4%)
  adding: mnt/lsdi/ocm01836379-1733/ocm01836379/Output/ocm01836379_0228.tif (deflated 4%)
  adding: mnt/lsdi/ocm01836379-1733/ocm01836379/Output/ocm01836379_0229.tif (deflated 4%)
  adding: mnt/lsdi/ocm01836379-1733/ocm01836379/Output/ocm01836379_0230.tif (deflated 4%)
  adding: mnt/lsdi/ocm01836379-1733/ocm01836379/Output/ocm01836379_0231.tif (deflated 4%)
  adding: mnt/lsdi/ocm01836379-1733/ocm01836379/Output/ocm01836379_0232.tif (deflated 5%)
  adding: mnt/lsdi/ocm01836379-1733/ocm01836379/Output/ocm01836379_0233.tif (deflated 4%)
  adding: mnt/lsdi/ocm01836379-1733/ocm01836379/Output/ocm01836379_0234.tif (deflated 4%)
  adding: mnt/lsdi/ocm01836379-1733/ocm01836379/Output/ocm01836379_0235.tif (deflated 5%)
  adding: mnt/lsdi/ocm01836379-1733/ocm01836379/Output/ocm01836379_0236.tif (deflated 4%)
  adding: mnt/lsdi/ocm01836379-1733/ocm01836379/Output/ocm01836379_0237.tif (deflated 4%)
  adding: mnt/lsdi/ocm01836379-1733/ocm01836379/Output/ocm01836379_0238.tif (deflated 4%)
  adding: mnt/lsdi/ocm01836379-1733/ocm01836379/Output/ocm01836379_0239.tif (deflated 4%)
  adding: mnt/lsdi/ocm01836379-1733/ocm01836379/Output/ocm01836379_0240.tif (deflated 4%)
  adding: mnt/lsdi/ocm01836379-1733/ocm01836379/Output/ocm01836379_0241.tif (deflated 4%)
  adding: mnt/lsdi/ocm01836379-1733/ocm01836379/Output/ocm01836379_0242.tif (deflated 4%)
  adding: mnt/lsdi/ocm01836379-1733/ocm01836379/Output/ocm01836379_0243.tif (deflated 4%)
  adding: mnt/lsdi/ocm01836379-1733/ocm01836379/Output/ocm01836379_0244.tif (deflated 5%)
  adding: mnt/lsdi/ocm01836379-1733/ocm01836379/Output/ocm01836379_0245.tif (deflated 4%)
  adding: mnt/lsdi/ocm01836379-1733/ocm01836379/Output/ocm01836379_0246.tif (deflated 4%)
  adding: mnt/lsdi/ocm01836379-1733/ocm01836379/Output/ocm01836379_0247.tif (deflated 4%)
  adding: mnt/lsdi/ocm01836379-1733/ocm01836379/Output/ocm01836379_0248.tif (deflated 4%)
  adding: mnt/lsdi/ocm01836379-1733/ocm01836379/Output/ocm01836379_0249.tif (deflated 4%)
  adding: mnt/lsdi/ocm01836379-1733/ocm01836379/Output/ocm01836379_0250.tif (deflated 4%)
  adding: mnt/lsdi/ocm01836379-1733/ocm01836379/Output/ocm01836379_0251.tif (deflated 4%)
  adding: mnt/lsdi/ocm01836379-1733/ocm01836379/Output/ocm01836379_0252.tif (deflated 4%)
  adding: mnt/lsdi/ocm01836379-1733/ocm01836379/Output/ocm01836379_0253.tif (deflated 4%)
  adding: mnt/lsdi/ocm01836379-1733/ocm01836379/Output/ocm01836379_0254.tif (deflated 5%)
  adding: mnt/lsdi/ocm01836379-1733/ocm01836379/Output/ocm01836379_0255.tif (deflated 4%)
  adding: mnt/lsdi/ocm01836379-1733/ocm01836379/Output/ocm01836379_0256.tif (deflated 4%)
  adding: mnt/lsdi/ocm01836379-1733/ocm01836379/Output/ocm01836379_0257.tif (deflated 4%)
  adding: mnt/lsdi/ocm01836379-1733/ocm01836379/Output/ocm01836379_0258.tif (deflated 5%)
  adding: mnt/lsdi/ocm01836379-1733/ocm01836379/Output/ocm01836379_0259.tif (deflated 4%)
  adding: mnt/lsdi/ocm01836379-1733/ocm01836379/Output/ocm01836379_0260.tif (deflated 4%)
  adding: mnt/lsdi/ocm01836379-1733/ocm01836379/Output/ocm01836379_0261.tif (deflated 4%)
  adding: mnt/lsdi/ocm01836379-1733/ocm01836379/Output/ocm01836379_0262.tif (deflated 4%)
  adding: mnt/lsdi/ocm01836379-1733/ocm01836379/Output/ocm01836379_0263.tif (deflated 4%)
  adding: mnt/lsdi/ocm01836379-1733/ocm01836379/Output/ocm01836379_0264.tif (deflated 4%)
  adding: mnt/lsdi/ocm01836379-1733/ocm01836379/Output/ocm01836379_0265.tif (deflated 4%)
  adding: mnt/lsdi/ocm01836379-1733/ocm01836379/Output/ocm01836379_0266.tif (deflated 4%)
  adding: mnt/lsdi/ocm01836379-1733/ocm01836379/Output/ocm01836379_0267.tif (deflated 4%)
  adding: mnt/lsdi/ocm01836379-1733/ocm01836379/Output/ocm01836379_0268.tif (deflated 4%)
  adding: mnt/lsdi/ocm01836379-1733/ocm01836379/Output/ocm01836379_0269.tif (deflated 4%)
  adding: mnt/lsdi/ocm01836379-1733/ocm01836379/Output/ocm01836379_0270.tif (deflated 4%)
  adding: mnt/lsdi/ocm01836379-1733/ocm01836379/Output/ocm01836379_0271.tif (deflated 5%)
  adding: mnt/lsdi/ocm01836379-1733/ocm01836379/Output/ocm01836379_0272.tif (deflated 4%)
  adding: mnt/lsdi/ocm01836379-1733/ocm01836379/Output/ocm01836379_0273.tif (deflated 4%)
  adding: mnt/lsdi/ocm01836379-1733/ocm01836379/Output/ocm01836379_0274.tif (deflated 5%)
  adding: mnt/lsdi/ocm01836379-1733/ocm01836379/Output/ocm01836379_0275.tif (deflated 5%)
  adding: mnt/lsdi/ocm01836379-1733/ocm01836379/Output/ocm01836379_0276.tif (deflated 4%)
  adding: mnt/lsdi/ocm01836379-1733/ocm01836379/Output/ocm01836379_0277.tif (deflated 4%)
  adding: mnt/lsdi/ocm01836379-1733/ocm01836379/Output/ocm01836379_0278.tif (deflated 4%)
  adding: mnt/lsdi/ocm01836379-1733/ocm01836379/Output/ocm01836379_0279.tif (deflated 5%)
  adding: mnt/lsdi/ocm01836379-1733/ocm01836379/Output/ocm01836379_0280.tif (deflated 4%)
  adding: mnt/lsdi/ocm01836379-1733/ocm01836379/Output/ocm01836379_0281.tif (deflated 4%)
  adding: mnt/lsdi/ocm01836379-1733/ocm01836379/Output/ocm01836379_0282.tif (deflated 4%)
  adding: mnt/lsdi/ocm01836379-1733/ocm01836379/Output/ocm01836379_0283.tif (deflated 4%)
  adding: mnt/lsdi/ocm01836379-1733/ocm01836379/Output/ocm01836379_0284.tif (deflated 4%)
  adding: mnt/lsdi/ocm01836379-1733/ocm01836379/Output/ocm01836379_0285.tif (deflated 81%)
  adding: mnt/lsdi/ocm01836379-1733/ocm01836379/Output/ocm01836379_0286.tif (deflated 4%)
  adding: mnt/lsdi/ocm01836379-1733/ocm01836379/Output/ocm01836379_0287.tif (deflated 4%)
  adding: mnt/lsdi/ocm01836379-1733/ocm01836379/Output/ocm01836379_0288.tif (deflated 4%)
  adding: mnt/lsdi/ocm01836379-1733/ocm01836379/Output/ocm01836379_0289.tif (deflated 5%)
  adding: mnt/lsdi/ocm01836379-1733/ocm01836379/Output/ocm01836379_0290.tif (deflated 5%)
  adding: mnt/lsdi/ocm01836379-1733/ocm01836379/Output/ocm01836379_0291.tif (deflated 5%)
  adding: mnt/lsdi/ocm01836379-1733/ocm01836379/Output/ocm01836379_0292.tif (deflated 4%)
  adding: mnt/lsdi/ocm01836379-1733/ocm01836379/Output/ocm01836379_0293.tif (deflated 4%)
  adding: mnt/lsdi/ocm01836379-1733/ocm01836379/Output/ocm01836379_0294.tif (deflated 4%)
  adding: mnt/lsdi/ocm01836379-1733/ocm01836379/Output/ocm01836379_0295.tif (deflated 5%)
  adding: mnt/lsdi/ocm01836379-1733/ocm01836379/Output/ocm01836379_0296.tif (deflated 4%)
  adding: mnt/lsdi/ocm01836379-1733/ocm01836379/Output/ocm01836379_0297.tif (deflated 4%)
  adding: mnt/lsdi/ocm01836379-1733/ocm01836379/Output/ocm01836379_0298.tif (deflated 4%)
  adding: mnt/lsdi/ocm01836379-1733/ocm01836379/Output/ocm01836379_0299.tif (deflated 4%)
  adding: mnt/lsdi/ocm01836379-1733/ocm01836379/Output/ocm01836379_0300.tif (deflated 4%)
  adding: mnt/lsdi/ocm01836379-1733/ocm01836379/Output/ocm01836379_0301.tif (deflated 5%)
  adding: mnt/lsdi/ocm01836379-1733/ocm01836379/Output/ocm01836379_0302.tif (deflated 4%)
  adding: mnt/lsdi/ocm01836379-1733/ocm01836379/Output/ocm01836379_0303.tif (deflated 4%)
  adding: mnt/lsdi/ocm01836379-1733/ocm01836379/Output/ocm01836379_0304.tif (deflated 4%)
  adding: mnt/lsdi/ocm01836379-1733/ocm01836379/Output/ocm01836379_0305.tif (deflated 4%)
  adding: mnt/lsdi/ocm01836379-1733/ocm01836379/Output/ocm01836379_0306.tif (deflated 4%)
  adding: mnt/lsdi/ocm01836379-1733/ocm01836379/Output/ocm01836379_0307.tif (deflated 4%)
  adding: mnt/lsdi/ocm01836379-1733/ocm01836379/Output/ocm01836379_0308.tif (deflated 4%)
  adding: mnt/lsdi/ocm01836379-1733/ocm01836379/Output/ocm01836379_0309.tif (deflated 4%)
  adding: mnt/lsdi/ocm01836379-1733/ocm01836379/Output/ocm01836379_0310.tif (deflated 4%)
  adding: mnt/lsdi/ocm01836379-1733/ocm01836379/Output/ocm01836379_0311.tif (deflated 4%)
  adding: mnt/lsdi/ocm01836379-1733/ocm01836379/Output/ocm01836379_0312.tif (deflated 5%)
  adding: mnt/lsdi/ocm01836379-1733/ocm01836379/Output/ocm01836379_0313.tif (deflated 4%)
  adding: mnt/lsdi/ocm01836379-1733/ocm01836379/Output/ocm01836379_0314.tif (deflated 4%)
  adding: mnt/lsdi/ocm01836379-1733/ocm01836379/Output/ocm01836379_0315.tif (deflated 5%)
  adding: mnt/lsdi/ocm01836379-1733/ocm01836379/Output/ocm01836379_0316.tif (deflated 4%)
  adding: mnt/lsdi/ocm01836379-1733/ocm01836379/Output/ocm01836379_0317.tif (deflated 4%)
  adding: mnt/lsdi/ocm01836379-1733/ocm01836379/Output/ocm01836379_0318.tif (deflated 6%)
  adding: mnt/lsdi/ocm01836379-1733/ocm01836379/Output/ocm01836379_0319.tif (deflated 81%)
  adding: mnt/lsdi/ocm01836379-1733/ocm01836379/Output/ocm01836379_0320.tif (deflated 3%)
  adding: mnt/lsdi/ocm01836379-1733/ocm01836379/Output/ocm01836379_0321.tif (deflated 2%)
  adding: mnt/lsdi/ocm01836379-1733/ocm01836379/Output/ocm01836379_0322.tif (deflated 3%)
  adding: mnt/lsdi/ocm01836379-1733/ocm01836379/Output/ocm01836379_0323.tif (deflated 2%)
  adding: mnt/lsdi/ocm01836379-1733/ocm01836379/Output/ocm01836379_0324.tif (deflated 2%)
  adding: mnt/lsdi/ocm01836379-1733/ocm01836379/Output/ocm01836379_0325.tif (deflated 3%)
  adding: mnt/lsdi/ocm01836379-1733/ocm01836379/Output/ocm01836379_0326.tif (deflated 3%)
  adding: mnt/lsdi/ocm01836379-1733/ocm01836379/Output/ocm01836379_0327.tif (deflated 81%)
  adding: mnt/lsdi/ocm01836379-1733/ocm01836379/Output/ocm01836379_0328.tif (deflated 81%)
curl --location --header authorization: LOW fpJYfLnxbLmCEHqU:JQbq6NgBaPrSh98Y --upload-file /temp/ocm01836379_1733_images.zip http://s3.us.archive.org/01836379.1733.emory.edu/01836379_1733_images.zip
  % Total    % Received % Xferd  Average Speed   Time    Time     Time  Current
                                 Dload  Upload   Total   Spent    Left  Speed
  0     0    0     0    0     0      0      0 --:--:-- --:--:-- --:--:--     0  0 13.5M    0     0    0     0      0      0 --:--:--  0:00:01 --:--:--     0  6 13.5M    0     0    6  864k      0   423k  0:00:32  0:00:02  0:00:30  439k 12 13.5M    0     0   12 1728k      0   563k  0:00:24  0:00:03  0:00:21  577k 18 13.5M    0     0   18 2560k      0   635k  0:00:21  0:00:04  0:00:17  647k 24 13.5M    0     0   24 3408k      0   676k  0:00:20  0:00:05  0:00:15  687k 30 13.5M    0     0   30 4288k      0   709k  0:00:19  0:00:06  0:00:13  862k 37 13.5M    0     0   37 5168k      0   732k  0:00:18  0:00:07  0:00:11  857k 43 13.5M    0     0   43 6016k      0   749k  0:00:18  0:00:08  0:00:10  864k 49 13.5M    0     0   49 6864k      0   760k  0:00:18  0:00:09  0:00:09  860k 55 13.5M    0     0   55 7760k      0   773k  0:00:17  0:00:10  0:00:07  870k 61 13.5M    0     0   61 8592k      0   779k  0:00:17  0:00:11  0:00:06  863k 68 13.5M    0     0   68 9456k      0   785k  0:00:17  0:00:12  0:00:05  860k 74 13.5M    0     0   74 10.0M      0   792k  0:00:17  0:00:13  0:00:04  860k 80 13.5M    0     0   80 10.9M      0   796k  0:00:17  0:00:14  0:00:03  862k 86 13.5M    0     0   86 11.7M      0   801k  0:00:17  0:00:15  0:00:02  858k 92 13.5M    0     0   92 12.6M      0   805k  0:00:17  0:00:16  0:00:01  863k 98 13.5M    0     0   98 13.3M      0   803k  0:00:17  0:00:17 --:--:--  848k100 13.5M    0     0  100 13.5M      0   767k  0:00:18  0:00:18 --:--:--  704k100 13.5M    0     0  100 13.5M      0   767k  0:00:18  0:00:18 --:--:--  666k
