04910321
curl --location --header x-amz-auto-make-bucket:1 --header x-archive-ignore-preexisting-bucket:1 --header x-archive-queue-derive:0 --header x-archive-meta-mediatype:texts --header x-archive-meta03-collection:emory --header x-archive-meta01-collection:americanmethodism --header x-archive-meta-sponsor:Emory University, Pitts Theology Library --header x-archive-meta-contributor:Emory University, Pitts Theology Library --header x-archive-meta-ppi:300 --header authorization: LOW fpJYfLnxbLmCEHqU:JQbq6NgBaPrSh98Y --upload-file /mnt/lsdi/ocm04910321/ocm04910321/ocm04910321_MRC.xml http://s3.us.archive.org/04910321.emory.edu/04910321.emory.edu_marc.xml
  % Total    % Received % Xferd  Average Speed   Time    Time     Time  Current
                                 Dload  Upload   Total   Spent    Left  Speed
  0     0    0     0    0     0      0      0 --:--:-- --:--:-- --:--:--     0  0  3365    0     0    0     0      0      0 --:--:--  0:00:01 --:--:--     0100  3365    0     0  100  3365      0   1445  0:00:02  0:00:02 --:--:--  1492100  3365    0     0  100  3365      0   1275  0:00:02  0:00:02 --:--:--  1311
zip -r /temp/ocm04910321_images.zip /mnt/lsdi/ocm04910321/ocm04910321/Output/0001.tif /mnt/lsdi/ocm04910321/ocm04910321/Output/0002.tif /mnt/lsdi/ocm04910321/ocm04910321/Output/0003.tif /mnt/lsdi/ocm04910321/ocm04910321/Output/0004.tif /mnt/lsdi/ocm04910321/ocm04910321/Output/0005.tif /mnt/lsdi/ocm04910321/ocm04910321/Output/0006.tif /mnt/lsdi/ocm04910321/ocm04910321/Output/0007.tif /mnt/lsdi/ocm04910321/ocm04910321/Output/0008.tif /mnt/lsdi/ocm04910321/ocm04910321/Output/0009.tif /mnt/lsdi/ocm04910321/ocm04910321/Output/0010.tif /mnt/lsdi/ocm04910321/ocm04910321/Output/0010a.tif /mnt/lsdi/ocm04910321/ocm04910321/Output/0010b.tif /mnt/lsdi/ocm04910321/ocm04910321/Output/0011.tif /mnt/lsdi/ocm04910321/ocm04910321/Output/0012.tif /mnt/lsdi/ocm04910321/ocm04910321/Output/0013.tif /mnt/lsdi/ocm04910321/ocm04910321/Output/0014.tif /mnt/lsdi/ocm04910321/ocm04910321/Output/0015.tif /mnt/lsdi/ocm04910321/ocm04910321/Output/0016.tif /mnt/lsdi/ocm04910321/ocm04910321/Output/0017.tif /mnt/lsdi/ocm04910321/ocm04910321/Output/0018.tif /mnt/lsdi/ocm04910321/ocm04910321/Output/0019.tif /mnt/lsdi/ocm04910321/ocm04910321/Output/0020.tif /mnt/lsdi/ocm04910321/ocm04910321/Output/0021.tif /mnt/lsdi/ocm04910321/ocm04910321/Output/0022.tif /mnt/lsdi/ocm04910321/ocm04910321/Output/0023.tif /mnt/lsdi/ocm04910321/ocm04910321/Output/0024.tif /mnt/lsdi/ocm04910321/ocm04910321/Output/0025.tif /mnt/lsdi/ocm04910321/ocm04910321/Output/0026.tif /mnt/lsdi/ocm04910321/ocm04910321/Output/0027.tif /mnt/lsdi/ocm04910321/ocm04910321/Output/0028.tif /mnt/lsdi/ocm04910321/ocm04910321/Output/0029.tif /mnt/lsdi/ocm04910321/ocm04910321/Output/0030.tif /mnt/lsdi/ocm04910321/ocm04910321/Output/0031.tif /mnt/lsdi/ocm04910321/ocm04910321/Output/0032.tif /mnt/lsdi/ocm04910321/ocm04910321/Output/0033.tif /mnt/lsdi/ocm04910321/ocm04910321/Output/0034.tif /mnt/lsdi/ocm04910321/ocm04910321/Output/0035.tif /mnt/lsdi/ocm04910321/ocm04910321/Output/0036.tif /mnt/lsdi/ocm04910321/ocm04910321/Output/0037.tif /mnt/lsdi/ocm04910321/ocm04910321/Output/0038.tif /mnt/lsdi/ocm04910321/ocm04910321/Output/0039.tif /mnt/lsdi/ocm04910321/ocm04910321/Output/0040.tif /mnt/lsdi/ocm04910321/ocm04910321/Output/0041.tif /mnt/lsdi/ocm04910321/ocm04910321/Output/0042.tif /mnt/lsdi/ocm04910321/ocm04910321/Output/0043.tif /mnt/lsdi/ocm04910321/ocm04910321/Output/0044.tif /mnt/lsdi/ocm04910321/ocm04910321/Output/0045.tif /mnt/lsdi/ocm04910321/ocm04910321/Output/0046.tif /mnt/lsdi/ocm04910321/ocm04910321/Output/0047.tif /mnt/lsdi/ocm04910321/ocm04910321/Output/0048.tif /mnt/lsdi/ocm04910321/ocm04910321/Output/0049.tif /mnt/lsdi/ocm04910321/ocm04910321/Output/0050.tif /mnt/lsdi/ocm04910321/ocm04910321/Output/0051.tif /mnt/lsdi/ocm04910321/ocm04910321/Output/0052.tif /mnt/lsdi/ocm04910321/ocm04910321/Output/0053.tif /mnt/lsdi/ocm04910321/ocm04910321/Output/0054.tif /mnt/lsdi/ocm04910321/ocm04910321/Output/0055.tif /mnt/lsdi/ocm04910321/ocm04910321/Output/0056.tif /mnt/lsdi/ocm04910321/ocm04910321/Output/0057.tif /mnt/lsdi/ocm04910321/ocm04910321/Output/0058.tif /mnt/lsdi/ocm04910321/ocm04910321/Output/0059.tif /mnt/lsdi/ocm04910321/ocm04910321/Output/0060.tif /mnt/lsdi/ocm04910321/ocm04910321/Output/0061.tif /mnt/lsdi/ocm04910321/ocm04910321/Output/0062.tif /mnt/lsdi/ocm04910321/ocm04910321/Output/0063.tif /mnt/lsdi/ocm04910321/ocm04910321/Output/0064.tif /mnt/lsdi/ocm04910321/ocm04910321/Output/0065.tif /mnt/lsdi/ocm04910321/ocm04910321/Output/0066.tif /mnt/lsdi/ocm04910321/ocm04910321/Output/0067.tif /mnt/lsdi/ocm04910321/ocm04910321/Output/0068.tif /mnt/lsdi/ocm04910321/ocm04910321/Output/0069.tif /mnt/lsdi/ocm04910321/ocm04910321/Output/0070.tif /mnt/lsdi/ocm04910321/ocm04910321/Output/0071.tif /mnt/lsdi/ocm04910321/ocm04910321/Output/0072.tif /mnt/lsdi/ocm04910321/ocm04910321/Output/0073.tif /mnt/lsdi/ocm04910321/ocm04910321/Output/0074.tif /mnt/lsdi/ocm04910321/ocm04910321/Output/0075.tif /mnt/lsdi/ocm04910321/ocm04910321/Output/0076.tif /mnt/lsdi/ocm04910321/ocm04910321/Output/0077.tif /mnt/lsdi/ocm04910321/ocm04910321/Output/0078.tif /mnt/lsdi/ocm04910321/ocm04910321/Output/0079.tif /mnt/lsdi/ocm04910321/ocm04910321/Output/0080.tif /mnt/lsdi/ocm04910321/ocm04910321/Output/0081.tif /mnt/lsdi/ocm04910321/ocm04910321/Output/0082.tif /mnt/lsdi/ocm04910321/ocm04910321/Output/0083.tif /mnt/lsdi/ocm04910321/ocm04910321/Output/0084.tif /mnt/lsdi/ocm04910321/ocm04910321/Output/0085.tif /mnt/lsdi/ocm04910321/ocm04910321/Output/0086.tif /mnt/lsdi/ocm04910321/ocm04910321/Output/0087.tif /mnt/lsdi/ocm04910321/ocm04910321/Output/0088.tif /mnt/lsdi/ocm04910321/ocm04910321/Output/0089.tif /mnt/lsdi/ocm04910321/ocm04910321/Output/0090.tif /mnt/lsdi/ocm04910321/ocm04910321/Output/0091.tif /mnt/lsdi/ocm04910321/ocm04910321/Output/0092.tif /mnt/lsdi/ocm04910321/ocm04910321/Output/0093.tif /mnt/lsdi/ocm04910321/ocm04910321/Output/0094.tif /mnt/lsdi/ocm04910321/ocm04910321/Output/0095.tif /mnt/lsdi/ocm04910321/ocm04910321/Output/0096.tif /mnt/lsdi/ocm04910321/ocm04910321/Output/0097.tif /mnt/lsdi/ocm04910321/ocm04910321/Output/0098.tif /mnt/lsdi/ocm04910321/ocm04910321/Output/0099.tif /mnt/lsdi/ocm04910321/ocm04910321/Output/0100.tif /mnt/lsdi/ocm04910321/ocm04910321/Output/0101.tif /mnt/lsdi/ocm04910321/ocm04910321/Output/0102.tif /mnt/lsdi/ocm04910321/ocm04910321/Output/0103.tif /mnt/lsdi/ocm04910321/ocm04910321/Output/0104.tif /mnt/lsdi/ocm04910321/ocm04910321/Output/0105.tif /mnt/lsdi/ocm04910321/ocm04910321/Output/0106.tif /mnt/lsdi/ocm04910321/ocm04910321/Output/0107.tif /mnt/lsdi/ocm04910321/ocm04910321/Output/0108.tif /mnt/lsdi/ocm04910321/ocm04910321/Output/0109.tif /mnt/lsdi/ocm04910321/ocm04910321/Output/0110.tif /mnt/lsdi/ocm04910321/ocm04910321/Output/0110a.tif /mnt/lsdi/ocm04910321/ocm04910321/Output/0110b.tif /mnt/lsdi/ocm04910321/ocm04910321/Output/0111.tif /mnt/lsdi/ocm04910321/ocm04910321/Output/0112.tif /mnt/lsdi/ocm04910321/ocm04910321/Output/0113.tif /mnt/lsdi/ocm04910321/ocm04910321/Output/0114.tif /mnt/lsdi/ocm04910321/ocm04910321/Output/0115.tif /mnt/lsdi/ocm04910321/ocm04910321/Output/0116.tif /mnt/lsdi/ocm04910321/ocm04910321/Output/0117.tif /mnt/lsdi/ocm04910321/ocm04910321/Output/0118.tif /mnt/lsdi/ocm04910321/ocm04910321/Output/0119.tif /mnt/lsdi/ocm04910321/ocm04910321/Output/0120.tif /mnt/lsdi/ocm04910321/ocm04910321/Output/0121.tif /mnt/lsdi/ocm04910321/ocm04910321/Output/0122.tif /mnt/lsdi/ocm04910321/ocm04910321/Output/0123.tif /mnt/lsdi/ocm04910321/ocm04910321/Output/0124.tif /mnt/lsdi/ocm04910321/ocm04910321/Output/0125.tif /mnt/lsdi/ocm04910321/ocm04910321/Output/0126.tif /mnt/lsdi/ocm04910321/ocm04910321/Output/0127.tif /mnt/lsdi/ocm04910321/ocm04910321/Output/0128.tif /mnt/lsdi/ocm04910321/ocm04910321/Output/0129.tif /mnt/lsdi/ocm04910321/ocm04910321/Output/0130.tif /mnt/lsdi/ocm04910321/ocm04910321/Output/0131.tif /mnt/lsdi/ocm04910321/ocm04910321/Output/0132.tif /mnt/lsdi/ocm04910321/ocm04910321/Output/0133.tif /mnt/lsdi/ocm04910321/ocm04910321/Output/0134.tif /mnt/lsdi/ocm04910321/ocm04910321/Output/0135.tif /mnt/lsdi/ocm04910321/ocm04910321/Output/0136.tif /mnt/lsdi/ocm04910321/ocm04910321/Output/0137.tif /mnt/lsdi/ocm04910321/ocm04910321/Output/0138.tif /mnt/lsdi/ocm04910321/ocm04910321/Output/0139.tif /mnt/lsdi/ocm04910321/ocm04910321/Output/0140.tif /mnt/lsdi/ocm04910321/ocm04910321/Output/0141.tif /mnt/lsdi/ocm04910321/ocm04910321/Output/0142.tif /mnt/lsdi/ocm04910321/ocm04910321/Output/0143.tif /mnt/lsdi/ocm04910321/ocm04910321/Output/0144.tif /mnt/lsdi/ocm04910321/ocm04910321/Output/0145.tif /mnt/lsdi/ocm04910321/ocm04910321/Output/0146.tif /mnt/lsdi/ocm04910321/ocm04910321/Output/0147.tif /mnt/lsdi/ocm04910321/ocm04910321/Output/0148.tif /mnt/lsdi/ocm04910321/ocm04910321/Output/0149.tif /mnt/lsdi/ocm04910321/ocm04910321/Output/0150.tif /mnt/lsdi/ocm04910321/ocm04910321/Output/0151.tif /mnt/lsdi/ocm04910321/ocm04910321/Output/0152.tif /mnt/lsdi/ocm04910321/ocm04910321/Output/0153.tif /mnt/lsdi/ocm04910321/ocm04910321/Output/0154.tif /mnt/lsdi/ocm04910321/ocm04910321/Output/0155.tif /mnt/lsdi/ocm04910321/ocm04910321/Output/0156.tif /mnt/lsdi/ocm04910321/ocm04910321/Output/0157.tif /mnt/lsdi/ocm04910321/ocm04910321/Output/0158.tif /mnt/lsdi/ocm04910321/ocm04910321/Output/0159.tif /mnt/lsdi/ocm04910321/ocm04910321/Output/0160.tif /mnt/lsdi/ocm04910321/ocm04910321/Output/0161.tif /mnt/lsdi/ocm04910321/ocm04910321/Output/0162.tif /mnt/lsdi/ocm04910321/ocm04910321/Output/0163.tif /mnt/lsdi/ocm04910321/ocm04910321/Output/0164.tif /mnt/lsdi/ocm04910321/ocm04910321/Output/0165.tif /mnt/lsdi/ocm04910321/ocm04910321/Output/0166.tif /mnt/lsdi/ocm04910321/ocm04910321/Output/0167.tif /mnt/lsdi/ocm04910321/ocm04910321/Output/0168.tif /mnt/lsdi/ocm04910321/ocm04910321/Output/0169.tif /mnt/lsdi/ocm04910321/ocm04910321/Output/0170.tif /mnt/lsdi/ocm04910321/ocm04910321/Output/0171.tif /mnt/lsdi/ocm04910321/ocm04910321/Output/0172.tif /mnt/lsdi/ocm04910321/ocm04910321/Output/0173.tif /mnt/lsdi/ocm04910321/ocm04910321/Output/0174.tif /mnt/lsdi/ocm04910321/ocm04910321/Output/0175.tif /mnt/lsdi/ocm04910321/ocm04910321/Output/0176.tif /mnt/lsdi/ocm04910321/ocm04910321/Output/0177.tif /mnt/lsdi/ocm04910321/ocm04910321/Output/0178.tif /mnt/lsdi/ocm04910321/ocm04910321/Output/0179.tif /mnt/lsdi/ocm04910321/ocm04910321/Output/0180.tif /mnt/lsdi/ocm04910321/ocm04910321/Output/0181.tif /mnt/lsdi/ocm04910321/ocm04910321/Output/0182.tif /mnt/lsdi/ocm04910321/ocm04910321/Output/0183.tif /mnt/lsdi/ocm04910321/ocm04910321/Output/0184.tif /mnt/lsdi/ocm04910321/ocm04910321/Output/0185.tif /mnt/lsdi/ocm04910321/ocm04910321/Output/0186.tif /mnt/lsdi/ocm04910321/ocm04910321/Output/0187.tif /mnt/lsdi/ocm04910321/ocm04910321/Output/0188.tif /mnt/lsdi/ocm04910321/ocm04910321/Output/0192.tif /mnt/lsdi/ocm04910321/ocm04910321/Output/0193.tif /mnt/lsdi/ocm04910321/ocm04910321/Output/0194.tif /mnt/lsdi/ocm04910321/ocm04910321/Output/0195.tif /mnt/lsdi/ocm04910321/ocm04910321/Output/0196.tif /mnt/lsdi/ocm04910321/ocm04910321/Output/0197.tif /mnt/lsdi/ocm04910321/ocm04910321/Output/0198.tif /mnt/lsdi/ocm04910321/ocm04910321/Output/0199.tif /mnt/lsdi/ocm04910321/ocm04910321/Output/0200.tif /mnt/lsdi/ocm04910321/ocm04910321/Output/0201.tif /mnt/lsdi/ocm04910321/ocm04910321/Output/0202.tif /mnt/lsdi/ocm04910321/ocm04910321/Output/0203.tif /mnt/lsdi/ocm04910321/ocm04910321/Output/0204.tif /mnt/lsdi/ocm04910321/ocm04910321/Output/0205.tif /mnt/lsdi/ocm04910321/ocm04910321/Output/0206.tif /mnt/lsdi/ocm04910321/ocm04910321/Output/0207.tif /mnt/lsdi/ocm04910321/ocm04910321/Output/0208.tif /mnt/lsdi/ocm04910321/ocm04910321/Output/0209.tif /mnt/lsdi/ocm04910321/ocm04910321/Output/0210.tif /mnt/lsdi/ocm04910321/ocm04910321/Output/0211.tif /mnt/lsdi/ocm04910321/ocm04910321/Output/0212.tif /mnt/lsdi/ocm04910321/ocm04910321/Output/0213.tif /mnt/lsdi/ocm04910321/ocm04910321/Output/0214.tif /mnt/lsdi/ocm04910321/ocm04910321/Output/0215.tif /mnt/lsdi/ocm04910321/ocm04910321/Output/0216.tif /mnt/lsdi/ocm04910321/ocm04910321/Output/0217.tif /mnt/lsdi/ocm04910321/ocm04910321/Output/0218.tif /mnt/lsdi/ocm04910321/ocm04910321/Output/0219.tif /mnt/lsdi/ocm04910321/ocm04910321/Output/0220.tif /mnt/lsdi/ocm04910321/ocm04910321/Output/0221.tif /mnt/lsdi/ocm04910321/ocm04910321/Output/0222.tif /mnt/lsdi/ocm04910321/ocm04910321/Output/0223.tif /mnt/lsdi/ocm04910321/ocm04910321/Output/0224.tif /mnt/lsdi/ocm04910321/ocm04910321/Output/0225.tif /mnt/lsdi/ocm04910321/ocm04910321/Output/0226.tif /mnt/lsdi/ocm04910321/ocm04910321/Output/0227.tif /mnt/lsdi/ocm04910321/ocm04910321/Output/0228.tif /mnt/lsdi/ocm04910321/ocm04910321/Output/0229.tif /mnt/lsdi/ocm04910321/ocm04910321/Output/0229a.tif /mnt/lsdi/ocm04910321/ocm04910321/Output/0229b.tif /mnt/lsdi/ocm04910321/ocm04910321/Output/0230.tif /mnt/lsdi/ocm04910321/ocm04910321/Output/0231.tif /mnt/lsdi/ocm04910321/ocm04910321/Output/0232.tif /mnt/lsdi/ocm04910321/ocm04910321/Output/0233.tif /mnt/lsdi/ocm04910321/ocm04910321/Output/0234.tif /mnt/lsdi/ocm04910321/ocm04910321/Output/0235.tif /mnt/lsdi/ocm04910321/ocm04910321/Output/0236.tif /mnt/lsdi/ocm04910321/ocm04910321/Output/0237.tif /mnt/lsdi/ocm04910321/ocm04910321/Output/0238.tif /mnt/lsdi/ocm04910321/ocm04910321/Output/0239.tif /mnt/lsdi/ocm04910321/ocm04910321/Output/0240.tif /mnt/lsdi/ocm04910321/ocm04910321/Output/0241.tif /mnt/lsdi/ocm04910321/ocm04910321/Output/0242.tif /mnt/lsdi/ocm04910321/ocm04910321/Output/0243.tif /mnt/lsdi/ocm04910321/ocm04910321/Output/0244.tif /mnt/lsdi/ocm04910321/ocm04910321/Output/0245.tif /mnt/lsdi/ocm04910321/ocm04910321/Output/0246.tif /mnt/lsdi/ocm04910321/ocm04910321/Output/0247.tif /mnt/lsdi/ocm04910321/ocm04910321/Output/0248.tif /mnt/lsdi/ocm04910321/ocm04910321/Output/0249.tif /mnt/lsdi/ocm04910321/ocm04910321/Output/0250.tif /mnt/lsdi/ocm04910321/ocm04910321/Output/0251.tif /mnt/lsdi/ocm04910321/ocm04910321/Output/0252.tif /mnt/lsdi/ocm04910321/ocm04910321/Output/0253.tif /mnt/lsdi/ocm04910321/ocm04910321/Output/0254.tif /mnt/lsdi/ocm04910321/ocm04910321/Output/0255.tif /mnt/lsdi/ocm04910321/ocm04910321/Output/0256.tif /mnt/lsdi/ocm04910321/ocm04910321/Output/0257.tif /mnt/lsdi/ocm04910321/ocm04910321/Output/0258.tif /mnt/lsdi/ocm04910321/ocm04910321/Output/0259.tif /mnt/lsdi/ocm04910321/ocm04910321/Output/0260.tif /mnt/lsdi/ocm04910321/ocm04910321/Output/0261.tif /mnt/lsdi/ocm04910321/ocm04910321/Output/0262.tif /mnt/lsdi/ocm04910321/ocm04910321/Output/0263.tif /mnt/lsdi/ocm04910321/ocm04910321/Output/0264.tif /mnt/lsdi/ocm04910321/ocm04910321/Output/0265.tif /mnt/lsdi/ocm04910321/ocm04910321/Output/0266.tif /mnt/lsdi/ocm04910321/ocm04910321/Output/0267.tif /mnt/lsdi/ocm04910321/ocm04910321/Output/0268.tif /mnt/lsdi/ocm04910321/ocm04910321/Output/0269.tif /mnt/lsdi/ocm04910321/ocm04910321/Output/0270.tif /mnt/lsdi/ocm04910321/ocm04910321/Output/0271.tif /mnt/lsdi/ocm04910321/ocm04910321/Output/0272.tif /mnt/lsdi/ocm04910321/ocm04910321/Output/0273.tif /mnt/lsdi/ocm04910321/ocm04910321/Output/0274.tif /mnt/lsdi/ocm04910321/ocm04910321/Output/0275.tif /mnt/lsdi/ocm04910321/ocm04910321/Output/0276.tif /mnt/lsdi/ocm04910321/ocm04910321/Output/0277.tif /mnt/lsdi/ocm04910321/ocm04910321/Output/0278.tif /mnt/lsdi/ocm04910321/ocm04910321/Output/0279.tif /mnt/lsdi/ocm04910321/ocm04910321/Output/0280.tif /mnt/lsdi/ocm04910321/ocm04910321/Output/0281.tif /mnt/lsdi/ocm04910321/ocm04910321/Output/0282.tif /mnt/lsdi/ocm04910321/ocm04910321/Output/0283.tif /mnt/lsdi/ocm04910321/ocm04910321/Output/0284.tif /mnt/lsdi/ocm04910321/ocm04910321/Output/0285.tif /mnt/lsdi/ocm04910321/ocm04910321/Output/0286.tif /mnt/lsdi/ocm04910321/ocm04910321/Output/0287.tif /mnt/lsdi/ocm04910321/ocm04910321/Output/0288.tif /mnt/lsdi/ocm04910321/ocm04910321/Output/0289.tif /mnt/lsdi/ocm04910321/ocm04910321/Output/0290.tif /mnt/lsdi/ocm04910321/ocm04910321/Output/0291.tif /mnt/lsdi/ocm04910321/ocm04910321/Output/0291a.tif /mnt/lsdi/ocm04910321/ocm04910321/Output/0291b.tif /mnt/lsdi/ocm04910321/ocm04910321/Output/0292.tif /mnt/lsdi/ocm04910321/ocm04910321/Output/0293.tif /mnt/lsdi/ocm04910321/ocm04910321/Output/0294.tif /mnt/lsdi/ocm04910321/ocm04910321/Output/0295.tif /mnt/lsdi/ocm04910321/ocm04910321/Output/0296.tif /mnt/lsdi/ocm04910321/ocm04910321/Output/0297.tif /mnt/lsdi/ocm04910321/ocm04910321/Output/0298.tif /mnt/lsdi/ocm04910321/ocm04910321/Output/0299.tif /mnt/lsdi/ocm04910321/ocm04910321/Output/0300.tif /mnt/lsdi/ocm04910321/ocm04910321/Output/0301.tif /mnt/lsdi/ocm04910321/ocm04910321/Output/0302.tif /mnt/lsdi/ocm04910321/ocm04910321/Output/0303.tif /mnt/lsdi/ocm04910321/ocm04910321/Output/0304.tif /mnt/lsdi/ocm04910321/ocm04910321/Output/0305.tif /mnt/lsdi/ocm04910321/ocm04910321/Output/0306.tif /mnt/lsdi/ocm04910321/ocm04910321/Output/0307.tif /mnt/lsdi/ocm04910321/ocm04910321/Output/0308.tif /mnt/lsdi/ocm04910321/ocm04910321/Output/0309.tif /mnt/lsdi/ocm04910321/ocm04910321/Output/0310.tif /mnt/lsdi/ocm04910321/ocm04910321/Output/0311.tif /mnt/lsdi/ocm04910321/ocm04910321/Output/0312.tif /mnt/lsdi/ocm04910321/ocm04910321/Output/0313.tif /mnt/lsdi/ocm04910321/ocm04910321/Output/0314.tif /mnt/lsdi/ocm04910321/ocm04910321/Output/0315.tif /mnt/lsdi/ocm04910321/ocm04910321/Output/0316.tif /mnt/lsdi/ocm04910321/ocm04910321/Output/0317.tif /mnt/lsdi/ocm04910321/ocm04910321/Output/0318.tif /mnt/lsdi/ocm04910321/ocm04910321/Output/0319.tif /mnt/lsdi/ocm04910321/ocm04910321/Output/0320.tif /mnt/lsdi/ocm04910321/ocm04910321/Output/0321.tif /mnt/lsdi/ocm04910321/ocm04910321/Output/0322.tif /mnt/lsdi/ocm04910321/ocm04910321/Output/0323.tif /mnt/lsdi/ocm04910321/ocm04910321/Output/0324.tif /mnt/lsdi/ocm04910321/ocm04910321/Output/0325.tif /mnt/lsdi/ocm04910321/ocm04910321/Output/0326.tif /mnt/lsdi/ocm04910321/ocm04910321/Output/0327.tif /mnt/lsdi/ocm04910321/ocm04910321/Output/0328.tif /mnt/lsdi/ocm04910321/ocm04910321/Output/0329.tif /mnt/lsdi/ocm04910321/ocm04910321/Output/0330.tif /mnt/lsdi/ocm04910321/ocm04910321/Output/0331.tif /mnt/lsdi/ocm04910321/ocm04910321/Output/0332.tif /mnt/lsdi/ocm04910321/ocm04910321/Output/0333.tif /mnt/lsdi/ocm04910321/ocm04910321/Output/0334.tif /mnt/lsdi/ocm04910321/ocm04910321/Output/0335.tif /mnt/lsdi/ocm04910321/ocm04910321/Output/0336.tif /mnt/lsdi/ocm04910321/ocm04910321/Output/0337.tif /mnt/lsdi/ocm04910321/ocm04910321/Output/0338.tif /mnt/lsdi/ocm04910321/ocm04910321/Output/0339.tif /mnt/lsdi/ocm04910321/ocm04910321/Output/0340.tif /mnt/lsdi/ocm04910321/ocm04910321/Output/0341.tif /mnt/lsdi/ocm04910321/ocm04910321/Output/0342.tif /mnt/lsdi/ocm04910321/ocm04910321/Output/0343.tif /mnt/lsdi/ocm04910321/ocm04910321/Output/0344.tif /mnt/lsdi/ocm04910321/ocm04910321/Output/0345.tif /mnt/lsdi/ocm04910321/ocm04910321/Output/0346.tif /mnt/lsdi/ocm04910321/ocm04910321/Output/0347.tif /mnt/lsdi/ocm04910321/ocm04910321/Output/0348.tif /mnt/lsdi/ocm04910321/ocm04910321/Output/0349.tif /mnt/lsdi/ocm04910321/ocm04910321/Output/0350.tif /mnt/lsdi/ocm04910321/ocm04910321/Output/0351.tif /mnt/lsdi/ocm04910321/ocm04910321/Output/0352.tif /mnt/lsdi/ocm04910321/ocm04910321/Output/0353.tif /mnt/lsdi/ocm04910321/ocm04910321/Output/0354.tif /mnt/lsdi/ocm04910321/ocm04910321/Output/0355.tif /mnt/lsdi/ocm04910321/ocm04910321/Output/0356.tif /mnt/lsdi/ocm04910321/ocm04910321/Output/0357.tif /mnt/lsdi/ocm04910321/ocm04910321/Output/0358.tif /mnt/lsdi/ocm04910321/ocm04910321/Output/0359.tif /mnt/lsdi/ocm04910321/ocm04910321/Output/0360.tif /mnt/lsdi/ocm04910321/ocm04910321/Output/0361.tif /mnt/lsdi/ocm04910321/ocm04910321/Output/0362.tif /mnt/lsdi/ocm04910321/ocm04910321/Output/0363.tif /mnt/lsdi/ocm04910321/ocm04910321/Output/0364.tif /mnt/lsdi/ocm04910321/ocm04910321/Output/0365.tif /mnt/lsdi/ocm04910321/ocm04910321/Output/0366.tif /mnt/lsdi/ocm04910321/ocm04910321/Output/0367.tif /mnt/lsdi/ocm04910321/ocm04910321/Output/0368.tif /mnt/lsdi/ocm04910321/ocm04910321/Output/0369.tif /mnt/lsdi/ocm04910321/ocm04910321/Output/0370.tif /mnt/lsdi/ocm04910321/ocm04910321/Output/0371.tif /mnt/lsdi/ocm04910321/ocm04910321/Output/0372.tif /mnt/lsdi/ocm04910321/ocm04910321/Output/0373.tif
  adding: mnt/lsdi/ocm04910321/ocm04910321/Output/0001.tif (deflated 83%)
  adding: mnt/lsdi/ocm04910321/ocm04910321/Output/0002.tif (deflated 19%)
  adding: mnt/lsdi/ocm04910321/ocm04910321/Output/0003.tif (deflated 4%)
  adding: mnt/lsdi/ocm04910321/ocm04910321/Output/0004.tif (deflated 4%)
  adding: mnt/lsdi/ocm04910321/ocm04910321/Output/0005.tif (deflated 92%)
  adding: mnt/lsdi/ocm04910321/ocm04910321/Output/0006.tif (deflated 65%)
  adding: mnt/lsdi/ocm04910321/ocm04910321/Output/0007.tif (deflated 91%)
  adding: mnt/lsdi/ocm04910321/ocm04910321/Output/0008.tif (deflated 6%)
  adding: mnt/lsdi/ocm04910321/ocm04910321/Output/0009.tif (deflated 10%)
  adding: mnt/lsdi/ocm04910321/ocm04910321/Output/0010.tif (deflated 4%)
  adding: mnt/lsdi/ocm04910321/ocm04910321/Output/0010a.tif (deflated 4%)
  adding: mnt/lsdi/ocm04910321/ocm04910321/Output/0010b.tif (deflated 3%)
  adding: mnt/lsdi/ocm04910321/ocm04910321/Output/0011.tif (deflated 3%)
  adding: mnt/lsdi/ocm04910321/ocm04910321/Output/0012.tif (deflated 3%)
  adding: mnt/lsdi/ocm04910321/ocm04910321/Output/0013.tif (deflated 3%)
  adding: mnt/lsdi/ocm04910321/ocm04910321/Output/0014.tif (deflated 3%)
  adding: mnt/lsdi/ocm04910321/ocm04910321/Output/0015.tif (deflated 2%)
  adding: mnt/lsdi/ocm04910321/ocm04910321/Output/0016.tif (deflated 4%)
  adding: mnt/lsdi/ocm04910321/ocm04910321/Output/0017.tif (deflated 4%)
  adding: mnt/lsdi/ocm04910321/ocm04910321/Output/0018.tif (deflated 4%)
  adding: mnt/lsdi/ocm04910321/ocm04910321/Output/0019.tif (deflated 4%)
  adding: mnt/lsdi/ocm04910321/ocm04910321/Output/0020.tif (deflated 4%)
  adding: mnt/lsdi/ocm04910321/ocm04910321/Output/0021.tif (deflated 4%)
  adding: mnt/lsdi/ocm04910321/ocm04910321/Output/0022.tif (deflated 4%)
  adding: mnt/lsdi/ocm04910321/ocm04910321/Output/0023.tif (deflated 4%)
  adding: mnt/lsdi/ocm04910321/ocm04910321/Output/0024.tif (deflated 4%)
  adding: mnt/lsdi/ocm04910321/ocm04910321/Output/0025.tif (deflated 4%)
  adding: mnt/lsdi/ocm04910321/ocm04910321/Output/0026.tif (deflated 4%)
  adding: mnt/lsdi/ocm04910321/ocm04910321/Output/0027.tif (deflated 4%)
  adding: mnt/lsdi/ocm04910321/ocm04910321/Output/0028.tif (deflated 4%)
  adding: mnt/lsdi/ocm04910321/ocm04910321/Output/0029.tif (deflated 4%)
  adding: mnt/lsdi/ocm04910321/ocm04910321/Output/0030.tif (deflated 4%)
  adding: mnt/lsdi/ocm04910321/ocm04910321/Output/0031.tif (deflated 4%)
  adding: mnt/lsdi/ocm04910321/ocm04910321/Output/0032.tif (deflated 4%)
  adding: mnt/lsdi/ocm04910321/ocm04910321/Output/0033.tif (deflated 4%)
  adding: mnt/lsdi/ocm04910321/ocm04910321/Output/0034.tif (deflated 4%)
  adding: mnt/lsdi/ocm04910321/ocm04910321/Output/0035.tif (deflated 4%)
  adding: mnt/lsdi/ocm04910321/ocm04910321/Output/0036.tif (deflated 4%)
  adding: mnt/lsdi/ocm04910321/ocm04910321/Output/0037.tif (deflated 4%)
  adding: mnt/lsdi/ocm04910321/ocm04910321/Output/0038.tif (deflated 4%)
  adding: mnt/lsdi/ocm04910321/ocm04910321/Output/0039.tif (deflated 4%)
  adding: mnt/lsdi/ocm04910321/ocm04910321/Output/0040.tif (deflated 4%)
  adding: mnt/lsdi/ocm04910321/ocm04910321/Output/0041.tif (deflated 4%)
  adding: mnt/lsdi/ocm04910321/ocm04910321/Output/0042.tif (deflated 4%)
  adding: mnt/lsdi/ocm04910321/ocm04910321/Output/0043.tif (deflated 4%)
  adding: mnt/lsdi/ocm04910321/ocm04910321/Output/0044.tif (deflated 4%)
  adding: mnt/lsdi/ocm04910321/ocm04910321/Output/0045.tif (deflated 4%)
  adding: mnt/lsdi/ocm04910321/ocm04910321/Output/0046.tif (deflated 4%)
  adding: mnt/lsdi/ocm04910321/ocm04910321/Output/0047.tif (deflated 4%)
  adding: mnt/lsdi/ocm04910321/ocm04910321/Output/0048.tif (deflated 4%)
  adding: mnt/lsdi/ocm04910321/ocm04910321/Output/0049.tif (deflated 4%)
  adding: mnt/lsdi/ocm04910321/ocm04910321/Output/0050.tif (deflated 4%)
  adding: mnt/lsdi/ocm04910321/ocm04910321/Output/0051.tif (deflated 4%)
  adding: mnt/lsdi/ocm04910321/ocm04910321/Output/0052.tif (deflated 5%)
  adding: mnt/lsdi/ocm04910321/ocm04910321/Output/0053.tif (deflated 4%)
  adding: mnt/lsdi/ocm04910321/ocm04910321/Output/0054.tif (deflated 4%)
  adding: mnt/lsdi/ocm04910321/ocm04910321/Output/0055.tif (deflated 4%)
  adding: mnt/lsdi/ocm04910321/ocm04910321/Output/0056.tif (deflated 4%)
  adding: mnt/lsdi/ocm04910321/ocm04910321/Output/0057.tif (deflated 3%)
  adding: mnt/lsdi/ocm04910321/ocm04910321/Output/0058.tif (deflated 4%)
  adding: mnt/lsdi/ocm04910321/ocm04910321/Output/0059.tif (deflated 4%)
  adding: mnt/lsdi/ocm04910321/ocm04910321/Output/0060.tif (deflated 4%)
  adding: mnt/lsdi/ocm04910321/ocm04910321/Output/0061.tif (deflated 4%)
  adding: mnt/lsdi/ocm04910321/ocm04910321/Output/0062.tif (deflated 4%)
  adding: mnt/lsdi/ocm04910321/ocm04910321/Output/0063.tif (deflated 3%)
  adding: mnt/lsdi/ocm04910321/ocm04910321/Output/0064.tif (deflated 4%)
  adding: mnt/lsdi/ocm04910321/ocm04910321/Output/0065.tif (deflated 4%)
  adding: mnt/lsdi/ocm04910321/ocm04910321/Output/0066.tif (deflated 4%)
  adding: mnt/lsdi/ocm04910321/ocm04910321/Output/0067.tif (deflated 4%)
  adding: mnt/lsdi/ocm04910321/ocm04910321/Output/0068.tif (deflated 4%)
  adding: mnt/lsdi/ocm04910321/ocm04910321/Output/0069.tif (deflated 4%)
  adding: mnt/lsdi/ocm04910321/ocm04910321/Output/0070.tif (deflated 4%)
  adding: mnt/lsdi/ocm04910321/ocm04910321/Output/0071.tif (deflated 4%)
  adding: mnt/lsdi/ocm04910321/ocm04910321/Output/0072.tif (deflated 3%)
  adding: mnt/lsdi/ocm04910321/ocm04910321/Output/0073.tif (deflated 4%)
  adding: mnt/lsdi/ocm04910321/ocm04910321/Output/0074.tif (deflated 4%)
  adding: mnt/lsdi/ocm04910321/ocm04910321/Output/0075.tif (deflated 4%)
  adding: mnt/lsdi/ocm04910321/ocm04910321/Output/0076.tif (deflated 4%)
  adding: mnt/lsdi/ocm04910321/ocm04910321/Output/0077.tif (deflated 4%)
  adding: mnt/lsdi/ocm04910321/ocm04910321/Output/0078.tif (deflated 4%)
  adding: mnt/lsdi/ocm04910321/ocm04910321/Output/0079.tif (deflated 4%)
  adding: mnt/lsdi/ocm04910321/ocm04910321/Output/0080.tif (deflated 4%)
  adding: mnt/lsdi/ocm04910321/ocm04910321/Output/0081.tif (deflated 4%)
  adding: mnt/lsdi/ocm04910321/ocm04910321/Output/0082.tif (deflated 4%)
  adding: mnt/lsdi/ocm04910321/ocm04910321/Output/0083.tif (deflated 4%)
  adding: mnt/lsdi/ocm04910321/ocm04910321/Output/0084.tif (deflated 4%)
  adding: mnt/lsdi/ocm04910321/ocm04910321/Output/0085.tif (deflated 4%)
  adding: mnt/lsdi/ocm04910321/ocm04910321/Output/0086.tif (deflated 4%)
  adding: mnt/lsdi/ocm04910321/ocm04910321/Output/0087.tif (deflated 4%)
  adding: mnt/lsdi/ocm04910321/ocm04910321/Output/0088.tif (deflated 4%)
  adding: mnt/lsdi/ocm04910321/ocm04910321/Output/0089.tif (deflated 4%)
  adding: mnt/lsdi/ocm04910321/ocm04910321/Output/0090.tif (deflated 4%)
  adding: mnt/lsdi/ocm04910321/ocm04910321/Output/0091.tif (deflated 7%)
  adding: mnt/lsdi/ocm04910321/ocm04910321/Output/0092.tif (deflated 4%)
  adding: mnt/lsdi/ocm04910321/ocm04910321/Output/0093.tif (deflated 4%)
  adding: mnt/lsdi/ocm04910321/ocm04910321/Output/0094.tif (deflated 4%)
  adding: mnt/lsdi/ocm04910321/ocm04910321/Output/0095.tif (deflated 4%)
  adding: mnt/lsdi/ocm04910321/ocm04910321/Output/0096.tif (deflated 4%)
  adding: mnt/lsdi/ocm04910321/ocm04910321/Output/0097.tif (deflated 4%)
  adding: mnt/lsdi/ocm04910321/ocm04910321/Output/0098.tif (deflated 4%)
  adding: mnt/lsdi/ocm04910321/ocm04910321/Output/0099.tif (deflated 4%)
  adding: mnt/lsdi/ocm04910321/ocm04910321/Output/0100.tif (deflated 4%)
  adding: mnt/lsdi/ocm04910321/ocm04910321/Output/0101.tif (deflated 4%)
  adding: mnt/lsdi/ocm04910321/ocm04910321/Output/0102.tif (deflated 4%)
  adding: mnt/lsdi/ocm04910321/ocm04910321/Output/0103.tif (deflated 3%)
  adding: mnt/lsdi/ocm04910321/ocm04910321/Output/0104.tif (deflated 4%)
  adding: mnt/lsdi/ocm04910321/ocm04910321/Output/0105.tif (deflated 4%)
  adding: mnt/lsdi/ocm04910321/ocm04910321/Output/0106.tif (deflated 4%)
  adding: mnt/lsdi/ocm04910321/ocm04910321/Output/0107.tif (deflated 4%)
  adding: mnt/lsdi/ocm04910321/ocm04910321/Output/0108.tif (deflated 4%)
  adding: mnt/lsdi/ocm04910321/ocm04910321/Output/0109.tif (deflated 4%)
  adding: mnt/lsdi/ocm04910321/ocm04910321/Output/0110.tif (deflated 3%)
  adding: mnt/lsdi/ocm04910321/ocm04910321/Output/0110a.tif (deflated 4%)
  adding: mnt/lsdi/ocm04910321/ocm04910321/Output/0110b.tif (deflated 4%)
  adding: mnt/lsdi/ocm04910321/ocm04910321/Output/0111.tif (deflated 4%)
  adding: mnt/lsdi/ocm04910321/ocm04910321/Output/0112.tif (deflated 4%)
  adding: mnt/lsdi/ocm04910321/ocm04910321/Output/0113.tif (deflated 3%)
  adding: mnt/lsdi/ocm04910321/ocm04910321/Output/0114.tif (deflated 4%)
  adding: mnt/lsdi/ocm04910321/ocm04910321/Output/0115.tif (deflated 4%)
  adding: mnt/lsdi/ocm04910321/ocm04910321/Output/0116.tif (deflated 4%)
  adding: mnt/lsdi/ocm04910321/ocm04910321/Output/0117.tif (deflated 4%)
  adding: mnt/lsdi/ocm04910321/ocm04910321/Output/0118.tif (deflated 4%)
  adding: mnt/lsdi/ocm04910321/ocm04910321/Output/0119.tif (deflated 5%)
  adding: mnt/lsdi/ocm04910321/ocm04910321/Output/0120.tif (deflated 4%)
  adding: mnt/lsdi/ocm04910321/ocm04910321/Output/0121.tif (deflated 4%)
  adding: mnt/lsdi/ocm04910321/ocm04910321/Output/0122.tif (deflated 3%)
  adding: mnt/lsdi/ocm04910321/ocm04910321/Output/0123.tif (deflated 4%)
  adding: mnt/lsdi/ocm04910321/ocm04910321/Output/0124.tif (deflated 4%)
  adding: mnt/lsdi/ocm04910321/ocm04910321/Output/0125.tif (deflated 4%)
  adding: mnt/lsdi/ocm04910321/ocm04910321/Output/0126.tif (deflated 4%)
  adding: mnt/lsdi/ocm04910321/ocm04910321/Output/0127.tif (deflated 4%)
  adding: mnt/lsdi/ocm04910321/ocm04910321/Output/0128.tif (deflated 4%)
  adding: mnt/lsdi/ocm04910321/ocm04910321/Output/0129.tif (deflated 4%)
  adding: mnt/lsdi/ocm04910321/ocm04910321/Output/0130.tif (deflated 4%)
  adding: mnt/lsdi/ocm04910321/ocm04910321/Output/0131.tif (deflated 4%)
  adding: mnt/lsdi/ocm04910321/ocm04910321/Output/0132.tif (deflated 4%)
  adding: mnt/lsdi/ocm04910321/ocm04910321/Output/0133.tif (deflated 4%)
  adding: mnt/lsdi/ocm04910321/ocm04910321/Output/0134.tif (deflated 4%)
  adding: mnt/lsdi/ocm04910321/ocm04910321/Output/0135.tif (deflated 4%)
  adding: mnt/lsdi/ocm04910321/ocm04910321/Output/0136.tif (deflated 4%)
  adding: mnt/lsdi/ocm04910321/ocm04910321/Output/0137.tif (deflated 4%)
  adding: mnt/lsdi/ocm04910321/ocm04910321/Output/0138.tif (deflated 4%)
  adding: mnt/lsdi/ocm04910321/ocm04910321/Output/0139.tif (deflated 4%)
  adding: mnt/lsdi/ocm04910321/ocm04910321/Output/0140.tif (deflated 4%)
  adding: mnt/lsdi/ocm04910321/ocm04910321/Output/0141.tif (deflated 4%)
  adding: mnt/lsdi/ocm04910321/ocm04910321/Output/0142.tif (deflated 3%)
  adding: mnt/lsdi/ocm04910321/ocm04910321/Output/0143.tif (deflated 4%)
  adding: mnt/lsdi/ocm04910321/ocm04910321/Output/0144.tif (deflated 4%)
  adding: mnt/lsdi/ocm04910321/ocm04910321/Output/0145.tif (deflated 4%)
  adding: mnt/lsdi/ocm04910321/ocm04910321/Output/0146.tif (deflated 4%)
  adding: mnt/lsdi/ocm04910321/ocm04910321/Output/0147.tif (deflated 4%)
  adding: mnt/lsdi/ocm04910321/ocm04910321/Output/0148.tif (deflated 4%)
  adding: mnt/lsdi/ocm04910321/ocm04910321/Output/0149.tif (deflated 4%)
  adding: mnt/lsdi/ocm04910321/ocm04910321/Output/0150.tif (deflated 4%)
  adding: mnt/lsdi/ocm04910321/ocm04910321/Output/0151.tif (deflated 4%)
  adding: mnt/lsdi/ocm04910321/ocm04910321/Output/0152.tif (deflated 89%)
  adding: mnt/lsdi/ocm04910321/ocm04910321/Output/0153.tif (deflated 4%)
  adding: mnt/lsdi/ocm04910321/ocm04910321/Output/0154.tif (deflated 4%)
  adding: mnt/lsdi/ocm04910321/ocm04910321/Output/0155.tif (deflated 4%)
  adding: mnt/lsdi/ocm04910321/ocm04910321/Output/0156.tif (deflated 4%)
  adding: mnt/lsdi/ocm04910321/ocm04910321/Output/0157.tif (deflated 4%)
  adding: mnt/lsdi/ocm04910321/ocm04910321/Output/0158.tif (deflated 4%)
  adding: mnt/lsdi/ocm04910321/ocm04910321/Output/0159.tif (deflated 4%)
  adding: mnt/lsdi/ocm04910321/ocm04910321/Output/0160.tif (deflated 4%)
  adding: mnt/lsdi/ocm04910321/ocm04910321/Output/0161.tif (deflated 4%)
  adding: mnt/lsdi/ocm04910321/ocm04910321/Output/0162.tif (deflated 4%)
  adding: mnt/lsdi/ocm04910321/ocm04910321/Output/0163.tif (deflated 4%)
  adding: mnt/lsdi/ocm04910321/ocm04910321/Output/0164.tif (deflated 5%)
  adding: mnt/lsdi/ocm04910321/ocm04910321/Output/0165.tif (deflated 4%)
  adding: mnt/lsdi/ocm04910321/ocm04910321/Output/0166.tif (deflated 4%)
  adding: mnt/lsdi/ocm04910321/ocm04910321/Output/0167.tif (deflated 4%)
  adding: mnt/lsdi/ocm04910321/ocm04910321/Output/0168.tif (deflated 4%)
  adding: mnt/lsdi/ocm04910321/ocm04910321/Output/0169.tif (deflated 4%)
  adding: mnt/lsdi/ocm04910321/ocm04910321/Output/0170.tif (deflated 4%)
  adding: mnt/lsdi/ocm04910321/ocm04910321/Output/0171.tif (deflated 4%)
  adding: mnt/lsdi/ocm04910321/ocm04910321/Output/0172.tif (deflated 4%)
  adding: mnt/lsdi/ocm04910321/ocm04910321/Output/0173.tif (deflated 4%)
  adding: mnt/lsdi/ocm04910321/ocm04910321/Output/0174.tif (deflated 78%)
  adding: mnt/lsdi/ocm04910321/ocm04910321/Output/0175.tif (deflated 4%)
  adding: mnt/lsdi/ocm04910321/ocm04910321/Output/0176.tif (deflated 4%)
  adding: mnt/lsdi/ocm04910321/ocm04910321/Output/0177.tif (deflated 79%)
  adding: mnt/lsdi/ocm04910321/ocm04910321/Output/0178.tif (deflated 83%)
  adding: mnt/lsdi/ocm04910321/ocm04910321/Output/0179.tif (deflated 58%)
  adding: mnt/lsdi/ocm04910321/ocm04910321/Output/0180.tif (deflated 4%)
  adding: mnt/lsdi/ocm04910321/ocm04910321/Output/0181.tif (deflated 4%)
  adding: mnt/lsdi/ocm04910321/ocm04910321/Output/0182.tif (deflated 4%)
  adding: mnt/lsdi/ocm04910321/ocm04910321/Output/0183.tif (deflated 4%)
  adding: mnt/lsdi/ocm04910321/ocm04910321/Output/0184.tif (deflated 4%)
  adding: mnt/lsdi/ocm04910321/ocm04910321/Output/0185.tif (deflated 4%)
  adding: mnt/lsdi/ocm04910321/ocm04910321/Output/0186.tif (deflated 4%)
  adding: mnt/lsdi/ocm04910321/ocm04910321/Output/0187.tif (deflated 4%)
  adding: mnt/lsdi/ocm04910321/ocm04910321/Output/0188.tif (deflated 4%)
  adding: mnt/lsdi/ocm04910321/ocm04910321/Output/0192.tif (deflated 4%)
  adding: mnt/lsdi/ocm04910321/ocm04910321/Output/0193.tif (deflated 3%)
  adding: mnt/lsdi/ocm04910321/ocm04910321/Output/0194.tif (deflated 4%)
  adding: mnt/lsdi/ocm04910321/ocm04910321/Output/0195.tif (deflated 4%)
  adding: mnt/lsdi/ocm04910321/ocm04910321/Output/0196.tif (deflated 4%)
  adding: mnt/lsdi/ocm04910321/ocm04910321/Output/0197.tif (deflated 83%)
  adding: mnt/lsdi/ocm04910321/ocm04910321/Output/0198.tif (deflated 53%)
  adding: mnt/lsdi/ocm04910321/ocm04910321/Output/0199.tif (deflated 4%)
  adding: mnt/lsdi/ocm04910321/ocm04910321/Output/0200.tif (deflated 4%)
  adding: mnt/lsdi/ocm04910321/ocm04910321/Output/0201.tif (deflated 4%)
  adding: mnt/lsdi/ocm04910321/ocm04910321/Output/0202.tif (deflated 4%)
  adding: mnt/lsdi/ocm04910321/ocm04910321/Output/0203.tif (deflated 4%)
  adding: mnt/lsdi/ocm04910321/ocm04910321/Output/0204.tif (deflated 4%)
  adding: mnt/lsdi/ocm04910321/ocm04910321/Output/0205.tif (deflated 6%)
  adding: mnt/lsdi/ocm04910321/ocm04910321/Output/0206.tif (deflated 4%)
  adding: mnt/lsdi/ocm04910321/ocm04910321/Output/0207.tif (deflated 4%)
  adding: mnt/lsdi/ocm04910321/ocm04910321/Output/0208.tif (deflated 4%)
  adding: mnt/lsdi/ocm04910321/ocm04910321/Output/0209.tif (deflated 3%)
  adding: mnt/lsdi/ocm04910321/ocm04910321/Output/0210.tif (deflated 4%)
  adding: mnt/lsdi/ocm04910321/ocm04910321/Output/0211.tif (deflated 4%)
  adding: mnt/lsdi/ocm04910321/ocm04910321/Output/0212.tif (deflated 4%)
  adding: mnt/lsdi/ocm04910321/ocm04910321/Output/0213.tif (deflated 4%)
  adding: mnt/lsdi/ocm04910321/ocm04910321/Output/0214.tif (deflated 4%)
  adding: mnt/lsdi/ocm04910321/ocm04910321/Output/0215.tif (deflated 4%)
  adding: mnt/lsdi/ocm04910321/ocm04910321/Output/0216.tif (deflated 4%)
  adding: mnt/lsdi/ocm04910321/ocm04910321/Output/0217.tif (deflated 4%)
  adding: mnt/lsdi/ocm04910321/ocm04910321/Output/0218.tif (deflated 4%)
  adding: mnt/lsdi/ocm04910321/ocm04910321/Output/0219.tif (deflated 4%)
  adding: mnt/lsdi/ocm04910321/ocm04910321/Output/0220.tif (deflated 4%)
  adding: mnt/lsdi/ocm04910321/ocm04910321/Output/0221.tif (deflated 4%)
  adding: mnt/lsdi/ocm04910321/ocm04910321/Output/0222.tif (deflated 4%)
  adding: mnt/lsdi/ocm04910321/ocm04910321/Output/0223.tif (deflated 4%)
  adding: mnt/lsdi/ocm04910321/ocm04910321/Output/0224.tif (deflated 4%)
  adding: mnt/lsdi/ocm04910321/ocm04910321/Output/0225.tif (deflated 83%)
  adding: mnt/lsdi/ocm04910321/ocm04910321/Output/0226.tif (deflated 54%)
  adding: mnt/lsdi/ocm04910321/ocm04910321/Output/0227.tif (deflated 4%)
  adding: mnt/lsdi/ocm04910321/ocm04910321/Output/0228.tif (deflated 4%)
  adding: mnt/lsdi/ocm04910321/ocm04910321/Output/0229.tif (deflated 4%)
  adding: mnt/lsdi/ocm04910321/ocm04910321/Output/0229a.tif (deflated 4%)
  adding: mnt/lsdi/ocm04910321/ocm04910321/Output/0229b.tif (deflated 4%)
  adding: mnt/lsdi/ocm04910321/ocm04910321/Output/0230.tif (deflated 4%)
  adding: mnt/lsdi/ocm04910321/ocm04910321/Output/0231.tif (deflated 4%)
  adding: mnt/lsdi/ocm04910321/ocm04910321/Output/0232.tif (deflated 4%)
  adding: mnt/lsdi/ocm04910321/ocm04910321/Output/0233.tif (deflated 4%)
  adding: mnt/lsdi/ocm04910321/ocm04910321/Output/0234.tif (deflated 4%)
  adding: mnt/lsdi/ocm04910321/ocm04910321/Output/0235.tif (deflated 3%)
  adding: mnt/lsdi/ocm04910321/ocm04910321/Output/0236.tif (deflated 4%)
  adding: mnt/lsdi/ocm04910321/ocm04910321/Output/0237.tif (deflated 4%)
  adding: mnt/lsdi/ocm04910321/ocm04910321/Output/0238.tif (deflated 4%)
  adding: mnt/lsdi/ocm04910321/ocm04910321/Output/0239.tif (deflated 4%)
  adding: mnt/lsdi/ocm04910321/ocm04910321/Output/0240.tif (deflated 5%)
  adding: mnt/lsdi/ocm04910321/ocm04910321/Output/0241.tif (deflated 4%)
  adding: mnt/lsdi/ocm04910321/ocm04910321/Output/0242.tif (deflated 4%)
  adding: mnt/lsdi/ocm04910321/ocm04910321/Output/0243.tif (deflated 3%)
  adding: mnt/lsdi/ocm04910321/ocm04910321/Output/0244.tif (deflated 3%)
  adding: mnt/lsdi/ocm04910321/ocm04910321/Output/0245.tif (deflated 4%)
  adding: mnt/lsdi/ocm04910321/ocm04910321/Output/0246.tif (deflated 4%)
  adding: mnt/lsdi/ocm04910321/ocm04910321/Output/0247.tif (deflated 4%)
  adding: mnt/lsdi/ocm04910321/ocm04910321/Output/0248.tif (deflated 4%)
  adding: mnt/lsdi/ocm04910321/ocm04910321/Output/0249.tif (deflated 4%)
  adding: mnt/lsdi/ocm04910321/ocm04910321/Output/0250.tif (deflated 4%)
  adding: mnt/lsdi/ocm04910321/ocm04910321/Output/0251.tif (deflated 4%)
  adding: mnt/lsdi/ocm04910321/ocm04910321/Output/0252.tif (deflated 4%)
  adding: mnt/lsdi/ocm04910321/ocm04910321/Output/0253.tif (deflated 4%)
  adding: mnt/lsdi/ocm04910321/ocm04910321/Output/0254.tif (deflated 4%)
  adding: mnt/lsdi/ocm04910321/ocm04910321/Output/0255.tif (deflated 53%)
  adding: mnt/lsdi/ocm04910321/ocm04910321/Output/0256.tif (deflated 83%)
  adding: mnt/lsdi/ocm04910321/ocm04910321/Output/0257.tif (deflated 4%)
  adding: mnt/lsdi/ocm04910321/ocm04910321/Output/0258.tif (deflated 4%)
  adding: mnt/lsdi/ocm04910321/ocm04910321/Output/0259.tif (deflated 3%)
  adding: mnt/lsdi/ocm04910321/ocm04910321/Output/0260.tif (deflated 4%)
  adding: mnt/lsdi/ocm04910321/ocm04910321/Output/0261.tif (deflated 4%)
  adding: mnt/lsdi/ocm04910321/ocm04910321/Output/0262.tif (deflated 4%)
  adding: mnt/lsdi/ocm04910321/ocm04910321/Output/0263.tif (deflated 4%)
  adding: mnt/lsdi/ocm04910321/ocm04910321/Output/0264.tif (deflated 4%)
  adding: mnt/lsdi/ocm04910321/ocm04910321/Output/0265.tif (deflated 4%)
  adding: mnt/lsdi/ocm04910321/ocm04910321/Output/0266.tif (deflated 4%)
  adding: mnt/lsdi/ocm04910321/ocm04910321/Output/0267.tif (deflated 4%)
  adding: mnt/lsdi/ocm04910321/ocm04910321/Output/0268.tif (deflated 4%)
  adding: mnt/lsdi/ocm04910321/ocm04910321/Output/0269.tif (deflated 4%)
  adding: mnt/lsdi/ocm04910321/ocm04910321/Output/0270.tif (deflated 4%)
  adding: mnt/lsdi/ocm04910321/ocm04910321/Output/0271.tif (deflated 8%)
  adding: mnt/lsdi/ocm04910321/ocm04910321/Output/0272.tif (deflated 4%)
  adding: mnt/lsdi/ocm04910321/ocm04910321/Output/0273.tif (deflated 4%)
  adding: mnt/lsdi/ocm04910321/ocm04910321/Output/0274.tif (deflated 4%)
  adding: mnt/lsdi/ocm04910321/ocm04910321/Output/0275.tif (deflated 4%)
  adding: mnt/lsdi/ocm04910321/ocm04910321/Output/0276.tif (deflated 4%)
  adding: mnt/lsdi/ocm04910321/ocm04910321/Output/0277.tif (deflated 4%)
  adding: mnt/lsdi/ocm04910321/ocm04910321/Output/0278.tif (deflated 4%)
  adding: mnt/lsdi/ocm04910321/ocm04910321/Output/0279.tif (deflated 4%)
  adding: mnt/lsdi/ocm04910321/ocm04910321/Output/0280.tif (deflated 4%)
  adding: mnt/lsdi/ocm04910321/ocm04910321/Output/0281.tif (deflated 4%)
  adding: mnt/lsdi/ocm04910321/ocm04910321/Output/0282.tif (deflated 3%)
  adding: mnt/lsdi/ocm04910321/ocm04910321/Output/0283.tif (deflated 4%)
  adding: mnt/lsdi/ocm04910321/ocm04910321/Output/0284.tif (deflated 4%)
  adding: mnt/lsdi/ocm04910321/ocm04910321/Output/0285.tif (deflated 4%)
  adding: mnt/lsdi/ocm04910321/ocm04910321/Output/0286.tif (deflated 4%)
  adding: mnt/lsdi/ocm04910321/ocm04910321/Output/0287.tif (deflated 4%)
  adding: mnt/lsdi/ocm04910321/ocm04910321/Output/0288.tif (deflated 6%)
  adding: mnt/lsdi/ocm04910321/ocm04910321/Output/0289.tif (deflated 4%)
  adding: mnt/lsdi/ocm04910321/ocm04910321/Output/0290.tif (deflated 3%)
  adding: mnt/lsdi/ocm04910321/ocm04910321/Output/0291.tif (deflated 3%)
  adding: mnt/lsdi/ocm04910321/ocm04910321/Output/0291a.tif (deflated 4%)
  adding: mnt/lsdi/ocm04910321/ocm04910321/Output/0291b.tif (deflated 4%)
  adding: mnt/lsdi/ocm04910321/ocm04910321/Output/0292.tif (deflated 3%)
  adding: mnt/lsdi/ocm04910321/ocm04910321/Output/0293.tif (deflated 4%)
  adding: mnt/lsdi/ocm04910321/ocm04910321/Output/0294.tif (deflated 4%)
  adding: mnt/lsdi/ocm04910321/ocm04910321/Output/0295.tif (deflated 4%)
  adding: mnt/lsdi/ocm04910321/ocm04910321/Output/0296.tif (deflated 4%)
  adding: mnt/lsdi/ocm04910321/ocm04910321/Output/0297.tif (deflated 4%)
  adding: mnt/lsdi/ocm04910321/ocm04910321/Output/0298.tif (deflated 4%)
  adding: mnt/lsdi/ocm04910321/ocm04910321/Output/0299.tif (deflated 4%)
  adding: mnt/lsdi/ocm04910321/ocm04910321/Output/0300.tif (deflated 3%)
  adding: mnt/lsdi/ocm04910321/ocm04910321/Output/0301.tif (deflated 4%)
  adding: mnt/lsdi/ocm04910321/ocm04910321/Output/0302.tif (deflated 4%)
  adding: mnt/lsdi/ocm04910321/ocm04910321/Output/0303.tif (deflated 4%)
  adding: mnt/lsdi/ocm04910321/ocm04910321/Output/0304.tif (deflated 4%)
  adding: mnt/lsdi/ocm04910321/ocm04910321/Output/0305.tif (deflated 4%)
  adding: mnt/lsdi/ocm04910321/ocm04910321/Output/0306.tif (deflated 4%)
  adding: mnt/lsdi/ocm04910321/ocm04910321/Output/0307.tif (deflated 3%)
  adding: mnt/lsdi/ocm04910321/ocm04910321/Output/0308.tif (deflated 4%)
  adding: mnt/lsdi/ocm04910321/ocm04910321/Output/0309.tif (deflated 4%)
  adding: mnt/lsdi/ocm04910321/ocm04910321/Output/0310.tif (deflated 3%)
  adding: mnt/lsdi/ocm04910321/ocm04910321/Output/0311.tif (deflated 3%)
  adding: mnt/lsdi/ocm04910321/ocm04910321/Output/0312.tif (deflated 3%)
  adding: mnt/lsdi/ocm04910321/ocm04910321/Output/0313.tif (deflated 4%)
  adding: mnt/lsdi/ocm04910321/ocm04910321/Output/0314.tif (deflated 4%)
  adding: mnt/lsdi/ocm04910321/ocm04910321/Output/0315.tif (deflated 3%)
  adding: mnt/lsdi/ocm04910321/ocm04910321/Output/0316.tif (deflated 3%)
  adding: mnt/lsdi/ocm04910321/ocm04910321/Output/0317.tif (deflated 3%)
  adding: mnt/lsdi/ocm04910321/ocm04910321/Output/0318.tif (deflated 3%)
  adding: mnt/lsdi/ocm04910321/ocm04910321/Output/0319.tif (deflated 3%)
  adding: mnt/lsdi/ocm04910321/ocm04910321/Output/0320.tif (deflated 4%)
  adding: mnt/lsdi/ocm04910321/ocm04910321/Output/0321.tif (deflated 3%)
  adding: mnt/lsdi/ocm04910321/ocm04910321/Output/0322.tif (deflated 4%)
  adding: mnt/lsdi/ocm04910321/ocm04910321/Output/0323.tif (deflated 4%)
  adding: mnt/lsdi/ocm04910321/ocm04910321/Output/0324.tif (deflated 4%)
  adding: mnt/lsdi/ocm04910321/ocm04910321/Output/0325.tif (deflated 4%)
  adding: mnt/lsdi/ocm04910321/ocm04910321/Output/0326.tif (deflated 4%)
  adding: mnt/lsdi/ocm04910321/ocm04910321/Output/0327.tif (deflated 3%)
  adding: mnt/lsdi/ocm04910321/ocm04910321/Output/0328.tif (deflated 4%)
  adding: mnt/lsdi/ocm04910321/ocm04910321/Output/0329.tif (deflated 3%)
  adding: mnt/lsdi/ocm04910321/ocm04910321/Output/0330.tif (deflated 4%)
  adding: mnt/lsdi/ocm04910321/ocm04910321/Output/0331.tif (deflated 4%)
  adding: mnt/lsdi/ocm04910321/ocm04910321/Output/0332.tif (deflated 4%)
  adding: mnt/lsdi/ocm04910321/ocm04910321/Output/0333.tif (deflated 4%)
  adding: mnt/lsdi/ocm04910321/ocm04910321/Output/0334.tif (deflated 4%)
  adding: mnt/lsdi/ocm04910321/ocm04910321/Output/0335.tif (deflated 4%)
  adding: mnt/lsdi/ocm04910321/ocm04910321/Output/0336.tif (deflated 4%)
  adding: mnt/lsdi/ocm04910321/ocm04910321/Output/0337.tif (deflated 3%)
  adding: mnt/lsdi/ocm04910321/ocm04910321/Output/0338.tif (deflated 4%)
  adding: mnt/lsdi/ocm04910321/ocm04910321/Output/0339.tif (deflated 4%)
  adding: mnt/lsdi/ocm04910321/ocm04910321/Output/0340.tif (deflated 4%)
  adding: mnt/lsdi/ocm04910321/ocm04910321/Output/0341.tif (deflated 4%)
  adding: mnt/lsdi/ocm04910321/ocm04910321/Output/0342.tif (deflated 4%)
  adding: mnt/lsdi/ocm04910321/ocm04910321/Output/0343.tif (deflated 4%)
  adding: mnt/lsdi/ocm04910321/ocm04910321/Output/0344.tif (deflated 4%)
  adding: mnt/lsdi/ocm04910321/ocm04910321/Output/0345.tif (deflated 4%)
  adding: mnt/lsdi/ocm04910321/ocm04910321/Output/0346.tif (deflated 4%)
  adding: mnt/lsdi/ocm04910321/ocm04910321/Output/0347.tif (deflated 4%)
  adding: mnt/lsdi/ocm04910321/ocm04910321/Output/0348.tif (deflated 4%)
  adding: mnt/lsdi/ocm04910321/ocm04910321/Output/0349.tif (deflated 4%)
  adding: mnt/lsdi/ocm04910321/ocm04910321/Output/0350.tif (deflated 3%)
  adding: mnt/lsdi/ocm04910321/ocm04910321/Output/0351.tif (deflated 3%)
  adding: mnt/lsdi/ocm04910321/ocm04910321/Output/0352.tif (deflated 4%)
  adding: mnt/lsdi/ocm04910321/ocm04910321/Output/0353.tif (deflated 3%)
  adding: mnt/lsdi/ocm04910321/ocm04910321/Output/0354.tif (deflated 4%)
  adding: mnt/lsdi/ocm04910321/ocm04910321/Output/0355.tif (deflated 3%)
  adding: mnt/lsdi/ocm04910321/ocm04910321/Output/0356.tif (deflated 4%)
  adding: mnt/lsdi/ocm04910321/ocm04910321/Output/0357.tif (deflated 3%)
  adding: mnt/lsdi/ocm04910321/ocm04910321/Output/0358.tif (deflated 4%)
  adding: mnt/lsdi/ocm04910321/ocm04910321/Output/0359.tif (deflated 5%)
  adding: mnt/lsdi/ocm04910321/ocm04910321/Output/0360.tif (deflated 4%)
  adding: mnt/lsdi/ocm04910321/ocm04910321/Output/0361.tif (deflated 3%)
  adding: mnt/lsdi/ocm04910321/ocm04910321/Output/0362.tif (deflated 4%)
  adding: mnt/lsdi/ocm04910321/ocm04910321/Output/0363.tif (deflated 3%)
  adding: mnt/lsdi/ocm04910321/ocm04910321/Output/0364.tif (deflated 3%)
  adding: mnt/lsdi/ocm04910321/ocm04910321/Output/0365.tif (deflated 4%)
  adding: mnt/lsdi/ocm04910321/ocm04910321/Output/0366.tif (deflated 4%)
  adding: mnt/lsdi/ocm04910321/ocm04910321/Output/0367.tif (deflated 3%)
  adding: mnt/lsdi/ocm04910321/ocm04910321/Output/0368.tif (deflated 3%)
  adding: mnt/lsdi/ocm04910321/ocm04910321/Output/0369.tif (deflated 3%)
  adding: mnt/lsdi/ocm04910321/ocm04910321/Output/0370.tif (deflated 3%)
  adding: mnt/lsdi/ocm04910321/ocm04910321/Output/0371.tif (deflated 4%)
  adding: mnt/lsdi/ocm04910321/ocm04910321/Output/0372.tif (deflated 7%)
  adding: mnt/lsdi/ocm04910321/ocm04910321/Output/0373.tif (deflated 40%)
curl --location --header authorization: LOW fpJYfLnxbLmCEHqU:JQbq6NgBaPrSh98Y --upload-file /temp/ocm04910321_images.zip http://s3.us.archive.org/04910321.emory.edu/04910321_images.zip
  % Total    % Received % Xferd  Average Speed   Time    Time     Time  Current
                                 Dload  Upload   Total   Spent    Left  Speed
  0     0    0     0    0     0      0      0 --:--:-- --:--:-- --:--:--     0  0 35.0M    0     0    0     0      0      0 --:--:--  0:00:01 --:--:--     0  0 35.0M    0     0    0  128k      0  89846  0:06:49  0:00:01  0:06:48 94432  1 35.0M    0     0    1  416k      0   170k  0:03:30  0:00:02  0:03:28  175k  2 35.0M    0     0    2  768k      0   194k  0:03:04  0:00:03  0:03:01  197k  2 35.0M    0     0    2 1040k      0   236k  0:02:31  0:00:04  0:02:27  240k  4 35.0M    0     0    4 1744k      0   323k  0:01:50  0:00:05  0:01:45  404k  6 35.0M    0     0    6 2496k      0   389k  0:01:32  0:00:06  0:01:26  478k  8 35.0M    0     0    8 3216k      0   434k  0:01:22  0:00:07  0:01:15  564k  9 35.0M    0     0    9 3312k      0   393k  0:01:31  0:00:08  0:01:23  568k 10 35.0M    0     0   10 3760k      0   400k  0:01:29  0:00:09  0:01:20  544k 11 35.0M    0     0   11 3968k      0   380k  0:01:34  0:00:10  0:01:24  440k 12 35.0M    0     0   12 4592k      0   403k  0:01:28  0:00:11  0:01:17  421k 14 35.0M    0     0   14 5312k      0   429k  0:01:23  0:00:12  0:01:11  420k 17 35.0M    0     0   17 6112k      0   456k  0:01:18  0:00:13  0:01:05  563k 18 35.0M    0     0   18 6816k      0   474k  0:01:15  0:00:14  0:01:01  613k 20 35.0M    0     0   20 7520k      0   488k  0:01:13  0:00:15  0:00:58  718k 23 35.0M    0     0   23 8288k      0   505k  0:01:10  0:00:16  0:00:54  738k 25 35.0M    0     0   25 9072k      0   521k  0:01:08  0:00:17  0:00:51  750k 27 35.0M    0     0   27 9856k      0   534k  0:01:07  0:00:18  0:00:49  743k 28 35.0M    0     0   28  9.8M      0   520k  0:01:09  0:00:19  0:00:50  652k 29 35.0M    0     0   29 10.3M      0   517k  0:01:09  0:00:20  0:00:49  606k 30 35.0M    0     0   30 10.6M      0   510k  0:01:10  0:00:21  0:00:49  523k 32 35.0M    0     0   32 11.3M      0   518k  0:01:09  0:00:22  0:00:47  508k 32 35.0M    0     0   32 11.5M      0   505k  0:01:11  0:00:23  0:00:48  394k 34 35.0M    0     0   34 12.1M      0   509k  0:01:10  0:00:24  0:00:46  468k 36 35.0M    0     0   36 12.7M      0   513k  0:01:09  0:00:25  0:00:44  494k 37 35.0M    0     0   37 13.0M      0   502k  0:01:11  0:00:26  0:00:45  468k 37 35.0M    0     0   37 13.2M      0   494k  0:01:12  0:00:27  0:00:45  387k 39 35.0M    0     0   39 13.7M      0   495k  0:01:12  0:00:28  0:00:44  449k 40 35.0M    0     0   40 14.2M      0   497k  0:01:12  0:00:29  0:00:43  441k 41 35.0M    0     0   41 14.5M      0   486k  0:01:13  0:00:30  0:00:43  359k 42 35.0M    0     0   42 14.8M      0   485k  0:01:14  0:00:31  0:00:43  393k 44 35.0M    0     0   44 15.4M      0   488k  0:01:13  0:00:32  0:00:41  453k 45 35.0M    0     0   45 16.0M      0   491k  0:01:13  0:00:33  0:00:40  470k 47 35.0M    0     0   47 16.5M      0   493k  0:01:12  0:00:34  0:00:38  465k 48 35.0M    0     0   48 17.0M      0   493k  0:01:12  0:00:35  0:00:37  538k 49 35.0M    0     0   49 17.5M      0   492k  0:01:12  0:00:36  0:00:36  539k 51 35.0M    0     0   51 18.0M      0   493k  0:01:12  0:00:37  0:00:35  528k 53 35.0M    0     0   53 18.6M      0   496k  0:01:12  0:00:38  0:00:34  529k 55 35.0M    0     0   55 19.3M      0   503k  0:01:11  0:00:39  0:00:32  576k 57 35.0M    0     0   57 20.1M      0   511k  0:01:10  0:00:40  0:00:30  634k 59 35.0M    0     0   59 20.9M      0   516k  0:01:09  0:00:41  0:00:28  693k 61 35.0M    0     0   61 21.5M      0   519k  0:01:09  0:00:42  0:00:27  707k 63 35.0M    0     0   63 22.3M      0   526k  0:01:08  0:00:43  0:00:25  753k 65 35.0M    0     0   65 22.9M      0   528k  0:01:07  0:00:44  0:00:23  721k 67 35.0M    0     0   67 23.6M      0   533k  0:01:07  0:00:45  0:00:22  717k 69 35.0M    0     0   69 24.4M      0   539k  0:01:06  0:00:46  0:00:20  724k 71 35.0M    0     0   71 25.1M      0   544k  0:01:05  0:00:47  0:00:18  758k 73 35.0M    0     0   73 25.7M      0   545k  0:01:05  0:00:48  0:00:17  710k 75 35.0M    0     0   75 26.5M      0   550k  0:01:05  0:00:49  0:00:16  744k 77 35.0M    0     0   77 27.1M      0   551k  0:01:05  0:00:50  0:00:15  716k 79 35.0M    0     0   79 27.9M      0   556k  0:01:04  0:00:51  0:00:13  716k 81 35.0M    0     0   81 28.6M      0   560k  0:01:04  0:00:52  0:00:12  716k 83 35.0M    0     0   83 29.4M      0   564k  0:01:03  0:00:53  0:00:10  754k 86 35.0M    0     0   86 30.2M      0   569k  0:01:03  0:00:54  0:00:09  755k 87 35.0M    0     0   87 30.7M      0   569k  0:01:03  0:00:55  0:00:08  748k 90 35.0M    0     0   90 31.5M      0   573k  0:01:02  0:00:56  0:00:06  750k 92 35.0M    0     0   92 32.3M      0   577k  0:01:02  0:00:57  0:00:05  756k 94 35.0M    0     0   94 33.1M      0   582k  0:01:01  0:00:58  0:00:03  765k 96 35.0M    0     0   96 33.9M      0   586k  0:01:01  0:00:59  0:00:02  770k 99 35.0M    0     0   99 34.7M      0   589k  0:01:00  0:01:00 --:--:--  815k100 35.0M    0     0  100 35.0M      0   581k  0:01:01  0:01:01 --:--:--  665k100 35.0M    0     0  100 35.0M      0   572k  0:01:02  0:01:02 --:--:--  512k100 35.0M    0     0  100 35.0M      0   563k  0:01:03  0:01:03 --:--:--  359k100 35.0M    0     0  100 35.0M      0   554k  0:01:04  0:01:04 --:--:--  206k100 35.0M    0     0  100 35.0M      0   547k  0:01:05  0:01:05 --:--:-- 58103100 35.0M    0     0  100 35.0M      0   547k  0:01:05  0:01:05 --:--:--     0
