01576777
curl --location --header x-amz-auto-make-bucket:1 --header x-archive-ignore-preexisting-bucket:1 --header x-archive-queue-derive:0 --header x-archive-meta-mediatype:texts --header x-archive-meta03-collection:emory --header x-archive-meta01-collection:americanmethodism --header x-archive-meta-sponsor:Emory University, Pitts Theology Library --header x-archive-meta-contributor:Emory University, Pitts Theology Library --header x-archive-meta-ppi:300 --header authorization: LOW fpJYfLnxbLmCEHqU:JQbq6NgBaPrSh98Y --upload-file /mnt/lsdi/ocm01576777/ocm01576777/ocm01576777_MRC.xml http://s3.us.archive.org/01576777.emory.edu/01576777.emory.edu_marc.xml
  % Total    % Received % Xferd  Average Speed   Time    Time     Time  Current
                                 Dload  Upload   Total   Spent    Left  Speed
  0     0    0     0    0     0      0      0 --:--:-- --:--:-- --:--:--     0  0  3304    0     0    0     0      0      0 --:--:--  0:00:01 --:--:--     0100  3304    0     0  100  3304      0   1591  0:00:02  0:00:02 --:--:--  1650100  3304    0     0  100  3304      0   1073  0:00:03  0:00:03 --:--:--  1100100  3304    0     0  100  3304      0    810  0:00:04  0:00:04 --:--:--   824100  3304    0     0  100  3304      0    658  0:00:05  0:00:05 --:--:--   668100  3304    0     0  100  3304      0    580  0:00:05  0:00:05 --:--:--   715100  3304    0     0  100  3304      0    580  0:00:05  0:00:05 --:--:--     0
zip -r /temp/ocm01576777_images.zip /mnt/lsdi/ocm01576777/ocm01576777/Output/0001.tif /mnt/lsdi/ocm01576777/ocm01576777/Output/0002.tif /mnt/lsdi/ocm01576777/ocm01576777/Output/0003.tif /mnt/lsdi/ocm01576777/ocm01576777/Output/0004.tif /mnt/lsdi/ocm01576777/ocm01576777/Output/0005.tif /mnt/lsdi/ocm01576777/ocm01576777/Output/0006.tif /mnt/lsdi/ocm01576777/ocm01576777/Output/0007.tif /mnt/lsdi/ocm01576777/ocm01576777/Output/0008.tif /mnt/lsdi/ocm01576777/ocm01576777/Output/0009.tif /mnt/lsdi/ocm01576777/ocm01576777/Output/0010.tif /mnt/lsdi/ocm01576777/ocm01576777/Output/0011.tif /mnt/lsdi/ocm01576777/ocm01576777/Output/0012.tif /mnt/lsdi/ocm01576777/ocm01576777/Output/0013.tif /mnt/lsdi/ocm01576777/ocm01576777/Output/0014.tif /mnt/lsdi/ocm01576777/ocm01576777/Output/0015.tif /mnt/lsdi/ocm01576777/ocm01576777/Output/0016.tif /mnt/lsdi/ocm01576777/ocm01576777/Output/0017.tif /mnt/lsdi/ocm01576777/ocm01576777/Output/0018.tif /mnt/lsdi/ocm01576777/ocm01576777/Output/0019.tif /mnt/lsdi/ocm01576777/ocm01576777/Output/0020.tif /mnt/lsdi/ocm01576777/ocm01576777/Output/0021.tif /mnt/lsdi/ocm01576777/ocm01576777/Output/0022.tif /mnt/lsdi/ocm01576777/ocm01576777/Output/0023.tif /mnt/lsdi/ocm01576777/ocm01576777/Output/0024.tif /mnt/lsdi/ocm01576777/ocm01576777/Output/0025.tif /mnt/lsdi/ocm01576777/ocm01576777/Output/0026.tif /mnt/lsdi/ocm01576777/ocm01576777/Output/0027.tif /mnt/lsdi/ocm01576777/ocm01576777/Output/0028.tif /mnt/lsdi/ocm01576777/ocm01576777/Output/0029.tif /mnt/lsdi/ocm01576777/ocm01576777/Output/0030.tif /mnt/lsdi/ocm01576777/ocm01576777/Output/0031.tif /mnt/lsdi/ocm01576777/ocm01576777/Output/0032.tif /mnt/lsdi/ocm01576777/ocm01576777/Output/0033.tif /mnt/lsdi/ocm01576777/ocm01576777/Output/0034.tif /mnt/lsdi/ocm01576777/ocm01576777/Output/0035.tif /mnt/lsdi/ocm01576777/ocm01576777/Output/0036.tif /mnt/lsdi/ocm01576777/ocm01576777/Output/0037.tif /mnt/lsdi/ocm01576777/ocm01576777/Output/0038.tif /mnt/lsdi/ocm01576777/ocm01576777/Output/0039.tif /mnt/lsdi/ocm01576777/ocm01576777/Output/0040.tif /mnt/lsdi/ocm01576777/ocm01576777/Output/0041.tif /mnt/lsdi/ocm01576777/ocm01576777/Output/0042.tif /mnt/lsdi/ocm01576777/ocm01576777/Output/0043.tif /mnt/lsdi/ocm01576777/ocm01576777/Output/0044.tif /mnt/lsdi/ocm01576777/ocm01576777/Output/0045.tif /mnt/lsdi/ocm01576777/ocm01576777/Output/0046.tif /mnt/lsdi/ocm01576777/ocm01576777/Output/0047.tif /mnt/lsdi/ocm01576777/ocm01576777/Output/0048.tif /mnt/lsdi/ocm01576777/ocm01576777/Output/0049.tif /mnt/lsdi/ocm01576777/ocm01576777/Output/0050.tif /mnt/lsdi/ocm01576777/ocm01576777/Output/0051.tif /mnt/lsdi/ocm01576777/ocm01576777/Output/0052.tif /mnt/lsdi/ocm01576777/ocm01576777/Output/0053.tif /mnt/lsdi/ocm01576777/ocm01576777/Output/0054.tif /mnt/lsdi/ocm01576777/ocm01576777/Output/0055.tif /mnt/lsdi/ocm01576777/ocm01576777/Output/0056.tif /mnt/lsdi/ocm01576777/ocm01576777/Output/0057.tif /mnt/lsdi/ocm01576777/ocm01576777/Output/0058.tif /mnt/lsdi/ocm01576777/ocm01576777/Output/0059.tif /mnt/lsdi/ocm01576777/ocm01576777/Output/0060.tif /mnt/lsdi/ocm01576777/ocm01576777/Output/0061.tif /mnt/lsdi/ocm01576777/ocm01576777/Output/0062.tif /mnt/lsdi/ocm01576777/ocm01576777/Output/0063.tif /mnt/lsdi/ocm01576777/ocm01576777/Output/0064.tif /mnt/lsdi/ocm01576777/ocm01576777/Output/0065.tif /mnt/lsdi/ocm01576777/ocm01576777/Output/0066.tif /mnt/lsdi/ocm01576777/ocm01576777/Output/0067.tif /mnt/lsdi/ocm01576777/ocm01576777/Output/0068.tif /mnt/lsdi/ocm01576777/ocm01576777/Output/0069.tif /mnt/lsdi/ocm01576777/ocm01576777/Output/0070.tif /mnt/lsdi/ocm01576777/ocm01576777/Output/0071.tif /mnt/lsdi/ocm01576777/ocm01576777/Output/0072.tif /mnt/lsdi/ocm01576777/ocm01576777/Output/0073.tif /mnt/lsdi/ocm01576777/ocm01576777/Output/0074.tif /mnt/lsdi/ocm01576777/ocm01576777/Output/0075.tif /mnt/lsdi/ocm01576777/ocm01576777/Output/0076.tif /mnt/lsdi/ocm01576777/ocm01576777/Output/0077.tif /mnt/lsdi/ocm01576777/ocm01576777/Output/0078.tif /mnt/lsdi/ocm01576777/ocm01576777/Output/0079.tif /mnt/lsdi/ocm01576777/ocm01576777/Output/0080.tif /mnt/lsdi/ocm01576777/ocm01576777/Output/0081.tif /mnt/lsdi/ocm01576777/ocm01576777/Output/0082.tif /mnt/lsdi/ocm01576777/ocm01576777/Output/0083.tif /mnt/lsdi/ocm01576777/ocm01576777/Output/0084.tif /mnt/lsdi/ocm01576777/ocm01576777/Output/0085.tif /mnt/lsdi/ocm01576777/ocm01576777/Output/0086.tif /mnt/lsdi/ocm01576777/ocm01576777/Output/0087.tif /mnt/lsdi/ocm01576777/ocm01576777/Output/0088.tif /mnt/lsdi/ocm01576777/ocm01576777/Output/0089.tif /mnt/lsdi/ocm01576777/ocm01576777/Output/0090.tif /mnt/lsdi/ocm01576777/ocm01576777/Output/0091.tif /mnt/lsdi/ocm01576777/ocm01576777/Output/0092.tif /mnt/lsdi/ocm01576777/ocm01576777/Output/0093.tif /mnt/lsdi/ocm01576777/ocm01576777/Output/0094.tif /mnt/lsdi/ocm01576777/ocm01576777/Output/0095.tif /mnt/lsdi/ocm01576777/ocm01576777/Output/0096.tif /mnt/lsdi/ocm01576777/ocm01576777/Output/0097.tif /mnt/lsdi/ocm01576777/ocm01576777/Output/0098.tif /mnt/lsdi/ocm01576777/ocm01576777/Output/0099.tif /mnt/lsdi/ocm01576777/ocm01576777/Output/0100.tif /mnt/lsdi/ocm01576777/ocm01576777/Output/0101.tif /mnt/lsdi/ocm01576777/ocm01576777/Output/0102.tif /mnt/lsdi/ocm01576777/ocm01576777/Output/0103.tif /mnt/lsdi/ocm01576777/ocm01576777/Output/0104.tif /mnt/lsdi/ocm01576777/ocm01576777/Output/0105.tif /mnt/lsdi/ocm01576777/ocm01576777/Output/0106.tif /mnt/lsdi/ocm01576777/ocm01576777/Output/0107.tif /mnt/lsdi/ocm01576777/ocm01576777/Output/0108.tif /mnt/lsdi/ocm01576777/ocm01576777/Output/0109.tif /mnt/lsdi/ocm01576777/ocm01576777/Output/0110.tif /mnt/lsdi/ocm01576777/ocm01576777/Output/0111.tif /mnt/lsdi/ocm01576777/ocm01576777/Output/0112.tif /mnt/lsdi/ocm01576777/ocm01576777/Output/0113.tif /mnt/lsdi/ocm01576777/ocm01576777/Output/0114.tif /mnt/lsdi/ocm01576777/ocm01576777/Output/0115.tif /mnt/lsdi/ocm01576777/ocm01576777/Output/0116.tif /mnt/lsdi/ocm01576777/ocm01576777/Output/0117.tif /mnt/lsdi/ocm01576777/ocm01576777/Output/0118.tif /mnt/lsdi/ocm01576777/ocm01576777/Output/0119.tif /mnt/lsdi/ocm01576777/ocm01576777/Output/0120.tif /mnt/lsdi/ocm01576777/ocm01576777/Output/0121.tif /mnt/lsdi/ocm01576777/ocm01576777/Output/0122.tif /mnt/lsdi/ocm01576777/ocm01576777/Output/0123.tif /mnt/lsdi/ocm01576777/ocm01576777/Output/0124.tif /mnt/lsdi/ocm01576777/ocm01576777/Output/0125.tif /mnt/lsdi/ocm01576777/ocm01576777/Output/0126.tif /mnt/lsdi/ocm01576777/ocm01576777/Output/0127.tif /mnt/lsdi/ocm01576777/ocm01576777/Output/0128.tif /mnt/lsdi/ocm01576777/ocm01576777/Output/0129.tif /mnt/lsdi/ocm01576777/ocm01576777/Output/0130.tif /mnt/lsdi/ocm01576777/ocm01576777/Output/0131.tif /mnt/lsdi/ocm01576777/ocm01576777/Output/0132.tif /mnt/lsdi/ocm01576777/ocm01576777/Output/0133.tif /mnt/lsdi/ocm01576777/ocm01576777/Output/0134.tif /mnt/lsdi/ocm01576777/ocm01576777/Output/0135.tif /mnt/lsdi/ocm01576777/ocm01576777/Output/0136.tif /mnt/lsdi/ocm01576777/ocm01576777/Output/0137.tif /mnt/lsdi/ocm01576777/ocm01576777/Output/0138.tif /mnt/lsdi/ocm01576777/ocm01576777/Output/0139.tif /mnt/lsdi/ocm01576777/ocm01576777/Output/0140.tif /mnt/lsdi/ocm01576777/ocm01576777/Output/0141.tif /mnt/lsdi/ocm01576777/ocm01576777/Output/0142.tif /mnt/lsdi/ocm01576777/ocm01576777/Output/0143.tif /mnt/lsdi/ocm01576777/ocm01576777/Output/0144.tif /mnt/lsdi/ocm01576777/ocm01576777/Output/0145.tif /mnt/lsdi/ocm01576777/ocm01576777/Output/0146.tif /mnt/lsdi/ocm01576777/ocm01576777/Output/0147.tif /mnt/lsdi/ocm01576777/ocm01576777/Output/0148.tif /mnt/lsdi/ocm01576777/ocm01576777/Output/0149.tif /mnt/lsdi/ocm01576777/ocm01576777/Output/0150.tif /mnt/lsdi/ocm01576777/ocm01576777/Output/0151.tif /mnt/lsdi/ocm01576777/ocm01576777/Output/0152.tif /mnt/lsdi/ocm01576777/ocm01576777/Output/0153.tif /mnt/lsdi/ocm01576777/ocm01576777/Output/0154.tif /mnt/lsdi/ocm01576777/ocm01576777/Output/0155.tif /mnt/lsdi/ocm01576777/ocm01576777/Output/0156.tif /mnt/lsdi/ocm01576777/ocm01576777/Output/0157.tif /mnt/lsdi/ocm01576777/ocm01576777/Output/0158.tif
  adding: mnt/lsdi/ocm01576777/ocm01576777/Output/0001.tif (deflated 83%)
  adding: mnt/lsdi/ocm01576777/ocm01576777/Output/0002.tif (deflated 8%)
  adding: mnt/lsdi/ocm01576777/ocm01576777/Output/0003.tif (deflated 13%)
  adding: mnt/lsdi/ocm01576777/ocm01576777/Output/0004.tif (deflated 7%)
  adding: mnt/lsdi/ocm01576777/ocm01576777/Output/0005.tif (deflated 83%)
  adding: mnt/lsdi/ocm01576777/ocm01576777/Output/0006.tif (deflated 4%)
  adding: mnt/lsdi/ocm01576777/ocm01576777/Output/0007.tif (deflated 83%)
  adding: mnt/lsdi/ocm01576777/ocm01576777/Output/0008.tif (deflated 5%)
  adding: mnt/lsdi/ocm01576777/ocm01576777/Output/0009.tif (deflated 5%)
  adding: mnt/lsdi/ocm01576777/ocm01576777/Output/0010.tif (deflated 4%)
  adding: mnt/lsdi/ocm01576777/ocm01576777/Output/0011.tif (deflated 5%)
  adding: mnt/lsdi/ocm01576777/ocm01576777/Output/0012.tif (deflated 5%)
  adding: mnt/lsdi/ocm01576777/ocm01576777/Output/0013.tif (deflated 5%)
  adding: mnt/lsdi/ocm01576777/ocm01576777/Output/0014.tif (deflated 5%)
  adding: mnt/lsdi/ocm01576777/ocm01576777/Output/0015.tif (deflated 6%)
  adding: mnt/lsdi/ocm01576777/ocm01576777/Output/0016.tif (deflated 4%)
  adding: mnt/lsdi/ocm01576777/ocm01576777/Output/0017.tif (deflated 5%)
  adding: mnt/lsdi/ocm01576777/ocm01576777/Output/0018.tif (deflated 5%)
  adding: mnt/lsdi/ocm01576777/ocm01576777/Output/0019.tif (deflated 5%)
  adding: mnt/lsdi/ocm01576777/ocm01576777/Output/0020.tif (deflated 5%)
  adding: mnt/lsdi/ocm01576777/ocm01576777/Output/0021.tif (deflated 5%)
  adding: mnt/lsdi/ocm01576777/ocm01576777/Output/0022.tif (deflated 5%)
  adding: mnt/lsdi/ocm01576777/ocm01576777/Output/0023.tif (deflated 5%)
  adding: mnt/lsdi/ocm01576777/ocm01576777/Output/0024.tif (deflated 5%)
  adding: mnt/lsdi/ocm01576777/ocm01576777/Output/0025.tif (deflated 4%)
  adding: mnt/lsdi/ocm01576777/ocm01576777/Output/0026.tif (deflated 5%)
  adding: mnt/lsdi/ocm01576777/ocm01576777/Output/0027.tif (deflated 5%)
  adding: mnt/lsdi/ocm01576777/ocm01576777/Output/0028.tif (deflated 8%)
  adding: mnt/lsdi/ocm01576777/ocm01576777/Output/0029.tif (deflated 5%)
  adding: mnt/lsdi/ocm01576777/ocm01576777/Output/0030.tif (deflated 4%)
  adding: mnt/lsdi/ocm01576777/ocm01576777/Output/0031.tif (deflated 6%)
  adding: mnt/lsdi/ocm01576777/ocm01576777/Output/0032.tif (deflated 5%)
  adding: mnt/lsdi/ocm01576777/ocm01576777/Output/0033.tif (deflated 4%)
  adding: mnt/lsdi/ocm01576777/ocm01576777/Output/0034.tif (deflated 4%)
  adding: mnt/lsdi/ocm01576777/ocm01576777/Output/0035.tif (deflated 5%)
  adding: mnt/lsdi/ocm01576777/ocm01576777/Output/0036.tif (deflated 9%)
  adding: mnt/lsdi/ocm01576777/ocm01576777/Output/0037.tif (deflated 5%)
  adding: mnt/lsdi/ocm01576777/ocm01576777/Output/0038.tif (deflated 5%)
  adding: mnt/lsdi/ocm01576777/ocm01576777/Output/0039.tif (deflated 5%)
  adding: mnt/lsdi/ocm01576777/ocm01576777/Output/0040.tif (deflated 5%)
  adding: mnt/lsdi/ocm01576777/ocm01576777/Output/0041.tif (deflated 5%)
  adding: mnt/lsdi/ocm01576777/ocm01576777/Output/0042.tif (deflated 5%)
  adding: mnt/lsdi/ocm01576777/ocm01576777/Output/0043.tif (deflated 5%)
  adding: mnt/lsdi/ocm01576777/ocm01576777/Output/0044.tif (deflated 5%)
  adding: mnt/lsdi/ocm01576777/ocm01576777/Output/0045.tif (deflated 5%)
  adding: mnt/lsdi/ocm01576777/ocm01576777/Output/0046.tif (deflated 4%)
  adding: mnt/lsdi/ocm01576777/ocm01576777/Output/0047.tif (deflated 5%)
  adding: mnt/lsdi/ocm01576777/ocm01576777/Output/0048.tif (deflated 5%)
  adding: mnt/lsdi/ocm01576777/ocm01576777/Output/0049.tif (deflated 5%)
  adding: mnt/lsdi/ocm01576777/ocm01576777/Output/0050.tif (deflated 5%)
  adding: mnt/lsdi/ocm01576777/ocm01576777/Output/0051.tif (deflated 4%)
  adding: mnt/lsdi/ocm01576777/ocm01576777/Output/0052.tif (deflated 4%)
  adding: mnt/lsdi/ocm01576777/ocm01576777/Output/0053.tif (deflated 5%)
  adding: mnt/lsdi/ocm01576777/ocm01576777/Output/0054.tif (deflated 4%)
  adding: mnt/lsdi/ocm01576777/ocm01576777/Output/0055.tif (deflated 6%)
  adding: mnt/lsdi/ocm01576777/ocm01576777/Output/0056.tif (deflated 4%)
  adding: mnt/lsdi/ocm01576777/ocm01576777/Output/0057.tif (deflated 5%)
  adding: mnt/lsdi/ocm01576777/ocm01576777/Output/0058.tif (deflated 6%)
  adding: mnt/lsdi/ocm01576777/ocm01576777/Output/0059.tif (deflated 5%)
  adding: mnt/lsdi/ocm01576777/ocm01576777/Output/0060.tif (deflated 8%)
  adding: mnt/lsdi/ocm01576777/ocm01576777/Output/0061.tif (deflated 4%)
  adding: mnt/lsdi/ocm01576777/ocm01576777/Output/0062.tif (deflated 4%)
  adding: mnt/lsdi/ocm01576777/ocm01576777/Output/0063.tif (deflated 5%)
  adding: mnt/lsdi/ocm01576777/ocm01576777/Output/0064.tif (deflated 5%)
  adding: mnt/lsdi/ocm01576777/ocm01576777/Output/0065.tif (deflated 5%)
  adding: mnt/lsdi/ocm01576777/ocm01576777/Output/0066.tif (deflated 5%)
  adding: mnt/lsdi/ocm01576777/ocm01576777/Output/0067.tif (deflated 5%)
  adding: mnt/lsdi/ocm01576777/ocm01576777/Output/0068.tif (deflated 4%)
  adding: mnt/lsdi/ocm01576777/ocm01576777/Output/0069.tif (deflated 5%)
  adding: mnt/lsdi/ocm01576777/ocm01576777/Output/0070.tif (deflated 4%)
  adding: mnt/lsdi/ocm01576777/ocm01576777/Output/0071.tif (deflated 5%)
  adding: mnt/lsdi/ocm01576777/ocm01576777/Output/0072.tif (deflated 5%)
  adding: mnt/lsdi/ocm01576777/ocm01576777/Output/0073.tif (deflated 5%)
  adding: mnt/lsdi/ocm01576777/ocm01576777/Output/0074.tif (deflated 5%)
  adding: mnt/lsdi/ocm01576777/ocm01576777/Output/0075.tif (deflated 5%)
  adding: mnt/lsdi/ocm01576777/ocm01576777/Output/0076.tif (deflated 4%)
  adding: mnt/lsdi/ocm01576777/ocm01576777/Output/0077.tif (deflated 5%)
  adding: mnt/lsdi/ocm01576777/ocm01576777/Output/0078.tif (deflated 6%)
  adding: mnt/lsdi/ocm01576777/ocm01576777/Output/0079.tif (deflated 6%)
  adding: mnt/lsdi/ocm01576777/ocm01576777/Output/0080.tif (deflated 4%)
  adding: mnt/lsdi/ocm01576777/ocm01576777/Output/0081.tif (deflated 5%)
  adding: mnt/lsdi/ocm01576777/ocm01576777/Output/0082.tif (deflated 5%)
  adding: mnt/lsdi/ocm01576777/ocm01576777/Output/0083.tif (deflated 6%)
  adding: mnt/lsdi/ocm01576777/ocm01576777/Output/0084.tif (deflated 5%)
  adding: mnt/lsdi/ocm01576777/ocm01576777/Output/0085.tif (deflated 6%)
  adding: mnt/lsdi/ocm01576777/ocm01576777/Output/0086.tif (deflated 5%)
  adding: mnt/lsdi/ocm01576777/ocm01576777/Output/0087.tif (deflated 6%)
  adding: mnt/lsdi/ocm01576777/ocm01576777/Output/0088.tif (deflated 4%)
  adding: mnt/lsdi/ocm01576777/ocm01576777/Output/0089.tif (deflated 6%)
  adding: mnt/lsdi/ocm01576777/ocm01576777/Output/0090.tif (deflated 5%)
  adding: mnt/lsdi/ocm01576777/ocm01576777/Output/0091.tif (deflated 6%)
  adding: mnt/lsdi/ocm01576777/ocm01576777/Output/0092.tif (deflated 5%)
  adding: mnt/lsdi/ocm01576777/ocm01576777/Output/0093.tif (deflated 6%)
  adding: mnt/lsdi/ocm01576777/ocm01576777/Output/0094.tif (deflated 5%)
  adding: mnt/lsdi/ocm01576777/ocm01576777/Output/0095.tif (deflated 8%)
  adding: mnt/lsdi/ocm01576777/ocm01576777/Output/0096.tif (deflated 4%)
  adding: mnt/lsdi/ocm01576777/ocm01576777/Output/0097.tif (deflated 4%)
  adding: mnt/lsdi/ocm01576777/ocm01576777/Output/0098.tif (deflated 5%)
  adding: mnt/lsdi/ocm01576777/ocm01576777/Output/0099.tif (deflated 4%)
  adding: mnt/lsdi/ocm01576777/ocm01576777/Output/0100.tif (deflated 5%)
  adding: mnt/lsdi/ocm01576777/ocm01576777/Output/0101.tif (deflated 4%)
  adding: mnt/lsdi/ocm01576777/ocm01576777/Output/0102.tif (deflated 4%)
  adding: mnt/lsdi/ocm01576777/ocm01576777/Output/0103.tif (deflated 4%)
  adding: mnt/lsdi/ocm01576777/ocm01576777/Output/0104.tif (deflated 4%)
  adding: mnt/lsdi/ocm01576777/ocm01576777/Output/0105.tif (deflated 4%)
  adding: mnt/lsdi/ocm01576777/ocm01576777/Output/0106.tif (deflated 4%)
  adding: mnt/lsdi/ocm01576777/ocm01576777/Output/0107.tif (deflated 4%)
  adding: mnt/lsdi/ocm01576777/ocm01576777/Output/0108.tif (deflated 5%)
  adding: mnt/lsdi/ocm01576777/ocm01576777/Output/0109.tif (deflated 8%)
  adding: mnt/lsdi/ocm01576777/ocm01576777/Output/0110.tif (deflated 5%)
  adding: mnt/lsdi/ocm01576777/ocm01576777/Output/0111.tif (deflated 7%)
  adding: mnt/lsdi/ocm01576777/ocm01576777/Output/0112.tif (deflated 4%)
  adding: mnt/lsdi/ocm01576777/ocm01576777/Output/0113.tif (deflated 6%)
  adding: mnt/lsdi/ocm01576777/ocm01576777/Output/0114.tif (deflated 5%)
  adding: mnt/lsdi/ocm01576777/ocm01576777/Output/0115.tif (deflated 4%)
  adding: mnt/lsdi/ocm01576777/ocm01576777/Output/0116.tif (deflated 4%)
  adding: mnt/lsdi/ocm01576777/ocm01576777/Output/0117.tif (deflated 7%)
  adding: mnt/lsdi/ocm01576777/ocm01576777/Output/0118.tif (deflated 5%)
  adding: mnt/lsdi/ocm01576777/ocm01576777/Output/0119.tif (deflated 4%)
  adding: mnt/lsdi/ocm01576777/ocm01576777/Output/0120.tif (deflated 4%)
  adding: mnt/lsdi/ocm01576777/ocm01576777/Output/0121.tif (deflated 4%)
  adding: mnt/lsdi/ocm01576777/ocm01576777/Output/0122.tif (deflated 4%)
  adding: mnt/lsdi/ocm01576777/ocm01576777/Output/0123.tif (deflated 3%)
  adding: mnt/lsdi/ocm01576777/ocm01576777/Output/0124.tif (deflated 4%)
  adding: mnt/lsdi/ocm01576777/ocm01576777/Output/0125.tif (deflated 6%)
  adding: mnt/lsdi/ocm01576777/ocm01576777/Output/0126.tif (deflated 5%)
  adding: mnt/lsdi/ocm01576777/ocm01576777/Output/0127.tif (deflated 5%)
  adding: mnt/lsdi/ocm01576777/ocm01576777/Output/0128.tif (deflated 5%)
  adding: mnt/lsdi/ocm01576777/ocm01576777/Output/0129.tif (deflated 8%)
  adding: mnt/lsdi/ocm01576777/ocm01576777/Output/0130.tif (deflated 4%)
  adding: mnt/lsdi/ocm01576777/ocm01576777/Output/0131.tif (deflated 83%)
  adding: mnt/lsdi/ocm01576777/ocm01576777/Output/0132.tif (deflated 36%)
  adding: mnt/lsdi/ocm01576777/ocm01576777/Output/0133.tif (deflated 83%)
  adding: mnt/lsdi/ocm01576777/ocm01576777/Output/0134.tif (deflated 5%)
  adding: mnt/lsdi/ocm01576777/ocm01576777/Output/0135.tif (deflated 6%)
  adding: mnt/lsdi/ocm01576777/ocm01576777/Output/0136.tif (deflated 5%)
  adding: mnt/lsdi/ocm01576777/ocm01576777/Output/0137.tif (deflated 4%)
  adding: mnt/lsdi/ocm01576777/ocm01576777/Output/0138.tif (deflated 5%)
  adding: mnt/lsdi/ocm01576777/ocm01576777/Output/0139.tif (deflated 6%)
  adding: mnt/lsdi/ocm01576777/ocm01576777/Output/0140.tif (deflated 4%)
  adding: mnt/lsdi/ocm01576777/ocm01576777/Output/0141.tif (deflated 4%)
  adding: mnt/lsdi/ocm01576777/ocm01576777/Output/0142.tif (deflated 5%)
  adding: mnt/lsdi/ocm01576777/ocm01576777/Output/0143.tif (deflated 7%)
  adding: mnt/lsdi/ocm01576777/ocm01576777/Output/0144.tif (deflated 5%)
  adding: mnt/lsdi/ocm01576777/ocm01576777/Output/0145.tif (deflated 4%)
  adding: mnt/lsdi/ocm01576777/ocm01576777/Output/0146.tif (deflated 5%)
  adding: mnt/lsdi/ocm01576777/ocm01576777/Output/0147.tif (deflated 4%)
  adding: mnt/lsdi/ocm01576777/ocm01576777/Output/0148.tif (deflated 5%)
  adding: mnt/lsdi/ocm01576777/ocm01576777/Output/0149.tif (deflated 6%)
  adding: mnt/lsdi/ocm01576777/ocm01576777/Output/0150.tif (deflated 5%)
  adding: mnt/lsdi/ocm01576777/ocm01576777/Output/0151.tif (deflated 5%)
  adding: mnt/lsdi/ocm01576777/ocm01576777/Output/0152.tif (deflated 4%)
  adding: mnt/lsdi/ocm01576777/ocm01576777/Output/0153.tif (deflated 4%)
  adding: mnt/lsdi/ocm01576777/ocm01576777/Output/0154.tif (deflated 5%)
  adding: mnt/lsdi/ocm01576777/ocm01576777/Output/0155.tif (deflated 4%)
  adding: mnt/lsdi/ocm01576777/ocm01576777/Output/0156.tif (deflated 5%)
  adding: mnt/lsdi/ocm01576777/ocm01576777/Output/0157.tif (deflated 5%)
  adding: mnt/lsdi/ocm01576777/ocm01576777/Output/0158.tif (deflated 83%)
curl --location --header authorization: LOW fpJYfLnxbLmCEHqU:JQbq6NgBaPrSh98Y --upload-file /temp/ocm01576777_images.zip http://s3.us.archive.org/01576777.emory.edu/01576777_images.zip
  % Total    % Received % Xferd  Average Speed   Time    Time     Time  Current
                                 Dload  Upload   Total   Spent    Left  Speed
  0     0    0     0    0     0      0      0 --:--:-- --:--:-- --:--:--     0  0 5802k    0     0    0     0      0      0 --:--:--  0:00:01 --:--:--     0 11 5802k    0     0   11  640k      0   319k  0:00:18  0:00:02  0:00:16  367k 26 5802k    0     0   26 1536k      0   509k  0:00:11  0:00:03  0:00:08  558k 40 5802k    0     0   40 2368k      0   596k  0:00:09  0:00:03  0:00:06  638k 55 5802k    0     0   55 3232k      0   650k  0:00:08  0:00:04  0:00:04  686k 70 5802k    0     0   70 4112k      0   687k  0:00:08  0:00:05  0:00:03  871k 83 5802k    0     0   83 4832k      0   691k  0:00:08  0:00:06  0:00:02  840k 96 5802k    0     0   96 5600k      0   701k  0:00:08  0:00:07  0:00:01  817k100 5802k    0     0  100 5802k      0   628k  0:00:09  0:00:09 --:--:--  652k100 5802k    0     0  100 5802k      0   597k  0:00:09  0:00:09 --:--:--  542k
