Bucket ID will be 04301170.emory.edu
curl --location --header x-amz-auto-make-bucket:1 --header x-archive-ignore-preexisting-bucket:1 --header x-archive-queue-derive:0 --header x-archive-meta-mediatype:texts --header x-archive-meta03-collection:emory --header x-archive-meta01-collection:americanmethodism --header x-archive-meta-sponsor:Emory University, Pitts Theology Library --header x-archive-meta-contributor:Emory University, Pitts Theology Library --header x-archive-meta-ppi:300 --header authorization: LOW fpJYfLnxbLmCEHqU:JQbq6NgBaPrSh98Y --upload-file /mnt/lsdi/ocm04301170-1073/ocm04301170/ocm04301170_MRC.xml http://s3.us.archive.org/04301170.1073.emory.edu/04301170.1073.emory.edu_marc.xml
  % Total    % Received % Xferd  Average Speed   Time    Time     Time  Current
                                 Dload  Upload   Total   Spent    Left  Speed
  0     0    0     0    0     0      0      0 --:--:-- --:--:-- --:--:--     0100  4361    0     0  100  4361      0   1851  0:00:02  0:00:02 --:--:--  2362100  4361    0     0  100  4361      0   1299  0:00:03  0:00:03 --:--:--  1531100  4361    0     0  100  4361      0   1034  0:00:04  0:00:04 --:--:--  1177100  4361    0     0  100  4361      0   1034  0:00:04  0:00:04 --:--:--  1177
zip -r /temp/ocm04301170_1073_images.zip /mnt/lsdi/ocm04301170-1073/ocm04301170/Output/ocm04301170_0001.tif /mnt/lsdi/ocm04301170-1073/ocm04301170/Output/ocm04301170_0002.tif /mnt/lsdi/ocm04301170-1073/ocm04301170/Output/ocm04301170_0003.tif /mnt/lsdi/ocm04301170-1073/ocm04301170/Output/ocm04301170_0004.tif /mnt/lsdi/ocm04301170-1073/ocm04301170/Output/ocm04301170_0005.tif /mnt/lsdi/ocm04301170-1073/ocm04301170/Output/ocm04301170_0006.tif /mnt/lsdi/ocm04301170-1073/ocm04301170/Output/ocm04301170_0007.tif /mnt/lsdi/ocm04301170-1073/ocm04301170/Output/ocm04301170_0008.tif /mnt/lsdi/ocm04301170-1073/ocm04301170/Output/ocm04301170_0009.tif /mnt/lsdi/ocm04301170-1073/ocm04301170/Output/ocm04301170_0010.tif /mnt/lsdi/ocm04301170-1073/ocm04301170/Output/ocm04301170_0011.tif /mnt/lsdi/ocm04301170-1073/ocm04301170/Output/ocm04301170_0012.tif /mnt/lsdi/ocm04301170-1073/ocm04301170/Output/ocm04301170_0013.tif /mnt/lsdi/ocm04301170-1073/ocm04301170/Output/ocm04301170_0014.tif /mnt/lsdi/ocm04301170-1073/ocm04301170/Output/ocm04301170_0015.tif /mnt/lsdi/ocm04301170-1073/ocm04301170/Output/ocm04301170_0016.tif /mnt/lsdi/ocm04301170-1073/ocm04301170/Output/ocm04301170_0017.tif /mnt/lsdi/ocm04301170-1073/ocm04301170/Output/ocm04301170_0018.tif /mnt/lsdi/ocm04301170-1073/ocm04301170/Output/ocm04301170_0019.tif /mnt/lsdi/ocm04301170-1073/ocm04301170/Output/ocm04301170_0020.tif /mnt/lsdi/ocm04301170-1073/ocm04301170/Output/ocm04301170_0021.tif /mnt/lsdi/ocm04301170-1073/ocm04301170/Output/ocm04301170_0022.tif /mnt/lsdi/ocm04301170-1073/ocm04301170/Output/ocm04301170_0023.tif /mnt/lsdi/ocm04301170-1073/ocm04301170/Output/ocm04301170_0024.tif /mnt/lsdi/ocm04301170-1073/ocm04301170/Output/ocm04301170_0025.tif /mnt/lsdi/ocm04301170-1073/ocm04301170/Output/ocm04301170_0026.tif /mnt/lsdi/ocm04301170-1073/ocm04301170/Output/ocm04301170_0027.tif /mnt/lsdi/ocm04301170-1073/ocm04301170/Output/ocm04301170_0028.tif /mnt/lsdi/ocm04301170-1073/ocm04301170/Output/ocm04301170_0029.tif /mnt/lsdi/ocm04301170-1073/ocm04301170/Output/ocm04301170_0030.tif /mnt/lsdi/ocm04301170-1073/ocm04301170/Output/ocm04301170_0031.tif /mnt/lsdi/ocm04301170-1073/ocm04301170/Output/ocm04301170_0032.tif /mnt/lsdi/ocm04301170-1073/ocm04301170/Output/ocm04301170_0033.tif /mnt/lsdi/ocm04301170-1073/ocm04301170/Output/ocm04301170_0034.tif /mnt/lsdi/ocm04301170-1073/ocm04301170/Output/ocm04301170_0035.tif /mnt/lsdi/ocm04301170-1073/ocm04301170/Output/ocm04301170_0036.tif /mnt/lsdi/ocm04301170-1073/ocm04301170/Output/ocm04301170_0037.tif /mnt/lsdi/ocm04301170-1073/ocm04301170/Output/ocm04301170_0038.tif /mnt/lsdi/ocm04301170-1073/ocm04301170/Output/ocm04301170_0039.tif /mnt/lsdi/ocm04301170-1073/ocm04301170/Output/ocm04301170_0040.tif /mnt/lsdi/ocm04301170-1073/ocm04301170/Output/ocm04301170_0041.tif /mnt/lsdi/ocm04301170-1073/ocm04301170/Output/ocm04301170_0042.tif /mnt/lsdi/ocm04301170-1073/ocm04301170/Output/ocm04301170_0043.tif /mnt/lsdi/ocm04301170-1073/ocm04301170/Output/ocm04301170_0044.tif /mnt/lsdi/ocm04301170-1073/ocm04301170/Output/ocm04301170_0045.tif /mnt/lsdi/ocm04301170-1073/ocm04301170/Output/ocm04301170_0046.tif /mnt/lsdi/ocm04301170-1073/ocm04301170/Output/ocm04301170_0047.tif /mnt/lsdi/ocm04301170-1073/ocm04301170/Output/ocm04301170_0048.tif /mnt/lsdi/ocm04301170-1073/ocm04301170/Output/ocm04301170_0049.tif /mnt/lsdi/ocm04301170-1073/ocm04301170/Output/ocm04301170_0050.tif /mnt/lsdi/ocm04301170-1073/ocm04301170/Output/ocm04301170_0051.tif /mnt/lsdi/ocm04301170-1073/ocm04301170/Output/ocm04301170_0052.tif /mnt/lsdi/ocm04301170-1073/ocm04301170/Output/ocm04301170_0053.tif /mnt/lsdi/ocm04301170-1073/ocm04301170/Output/ocm04301170_0054.tif /mnt/lsdi/ocm04301170-1073/ocm04301170/Output/ocm04301170_0055.tif /mnt/lsdi/ocm04301170-1073/ocm04301170/Output/ocm04301170_0056.tif /mnt/lsdi/ocm04301170-1073/ocm04301170/Output/ocm04301170_0057.tif /mnt/lsdi/ocm04301170-1073/ocm04301170/Output/ocm04301170_0058.tif /mnt/lsdi/ocm04301170-1073/ocm04301170/Output/ocm04301170_0059.tif /mnt/lsdi/ocm04301170-1073/ocm04301170/Output/ocm04301170_0060.tif /mnt/lsdi/ocm04301170-1073/ocm04301170/Output/ocm04301170_0061.tif /mnt/lsdi/ocm04301170-1073/ocm04301170/Output/ocm04301170_0062.tif /mnt/lsdi/ocm04301170-1073/ocm04301170/Output/ocm04301170_0063.tif /mnt/lsdi/ocm04301170-1073/ocm04301170/Output/ocm04301170_0064.tif /mnt/lsdi/ocm04301170-1073/ocm04301170/Output/ocm04301170_0065.tif /mnt/lsdi/ocm04301170-1073/ocm04301170/Output/ocm04301170_0066.tif /mnt/lsdi/ocm04301170-1073/ocm04301170/Output/ocm04301170_0067.tif /mnt/lsdi/ocm04301170-1073/ocm04301170/Output/ocm04301170_0068.tif /mnt/lsdi/ocm04301170-1073/ocm04301170/Output/ocm04301170_0069.tif /mnt/lsdi/ocm04301170-1073/ocm04301170/Output/ocm04301170_0070.tif /mnt/lsdi/ocm04301170-1073/ocm04301170/Output/ocm04301170_0071.tif /mnt/lsdi/ocm04301170-1073/ocm04301170/Output/ocm04301170_0072.tif /mnt/lsdi/ocm04301170-1073/ocm04301170/Output/ocm04301170_0073.tif /mnt/lsdi/ocm04301170-1073/ocm04301170/Output/ocm04301170_0074.tif /mnt/lsdi/ocm04301170-1073/ocm04301170/Output/ocm04301170_0075.tif /mnt/lsdi/ocm04301170-1073/ocm04301170/Output/ocm04301170_0076.tif /mnt/lsdi/ocm04301170-1073/ocm04301170/Output/ocm04301170_0077.tif /mnt/lsdi/ocm04301170-1073/ocm04301170/Output/ocm04301170_0078.tif /mnt/lsdi/ocm04301170-1073/ocm04301170/Output/ocm04301170_0079.tif /mnt/lsdi/ocm04301170-1073/ocm04301170/Output/ocm04301170_0080.tif /mnt/lsdi/ocm04301170-1073/ocm04301170/Output/ocm04301170_0081.tif /mnt/lsdi/ocm04301170-1073/ocm04301170/Output/ocm04301170_0082.tif /mnt/lsdi/ocm04301170-1073/ocm04301170/Output/ocm04301170_0083.tif /mnt/lsdi/ocm04301170-1073/ocm04301170/Output/ocm04301170_0084.tif /mnt/lsdi/ocm04301170-1073/ocm04301170/Output/ocm04301170_0085.tif /mnt/lsdi/ocm04301170-1073/ocm04301170/Output/ocm04301170_0086.tif /mnt/lsdi/ocm04301170-1073/ocm04301170/Output/ocm04301170_0087.tif /mnt/lsdi/ocm04301170-1073/ocm04301170/Output/ocm04301170_0088.tif /mnt/lsdi/ocm04301170-1073/ocm04301170/Output/ocm04301170_0089.tif /mnt/lsdi/ocm04301170-1073/ocm04301170/Output/ocm04301170_0090.tif /mnt/lsdi/ocm04301170-1073/ocm04301170/Output/ocm04301170_0091.tif /mnt/lsdi/ocm04301170-1073/ocm04301170/Output/ocm04301170_0092.tif /mnt/lsdi/ocm04301170-1073/ocm04301170/Output/ocm04301170_0093.tif /mnt/lsdi/ocm04301170-1073/ocm04301170/Output/ocm04301170_0094.tif /mnt/lsdi/ocm04301170-1073/ocm04301170/Output/ocm04301170_0095.tif /mnt/lsdi/ocm04301170-1073/ocm04301170/Output/ocm04301170_0096.tif /mnt/lsdi/ocm04301170-1073/ocm04301170/Output/ocm04301170_0097.tif /mnt/lsdi/ocm04301170-1073/ocm04301170/Output/ocm04301170_0098.tif /mnt/lsdi/ocm04301170-1073/ocm04301170/Output/ocm04301170_0099.tif /mnt/lsdi/ocm04301170-1073/ocm04301170/Output/ocm04301170_0100.tif /mnt/lsdi/ocm04301170-1073/ocm04301170/Output/ocm04301170_0101.tif /mnt/lsdi/ocm04301170-1073/ocm04301170/Output/ocm04301170_0102.tif /mnt/lsdi/ocm04301170-1073/ocm04301170/Output/ocm04301170_0103.tif /mnt/lsdi/ocm04301170-1073/ocm04301170/Output/ocm04301170_0104.tif /mnt/lsdi/ocm04301170-1073/ocm04301170/Output/ocm04301170_0105.tif /mnt/lsdi/ocm04301170-1073/ocm04301170/Output/ocm04301170_0106.tif /mnt/lsdi/ocm04301170-1073/ocm04301170/Output/ocm04301170_0107.tif /mnt/lsdi/ocm04301170-1073/ocm04301170/Output/ocm04301170_0108.tif /mnt/lsdi/ocm04301170-1073/ocm04301170/Output/ocm04301170_0109.tif /mnt/lsdi/ocm04301170-1073/ocm04301170/Output/ocm04301170_0110.tif /mnt/lsdi/ocm04301170-1073/ocm04301170/Output/ocm04301170_0111.tif /mnt/lsdi/ocm04301170-1073/ocm04301170/Output/ocm04301170_0112.tif /mnt/lsdi/ocm04301170-1073/ocm04301170/Output/ocm04301170_0113.tif /mnt/lsdi/ocm04301170-1073/ocm04301170/Output/ocm04301170_0114.tif /mnt/lsdi/ocm04301170-1073/ocm04301170/Output/ocm04301170_0115.tif /mnt/lsdi/ocm04301170-1073/ocm04301170/Output/ocm04301170_0116.tif /mnt/lsdi/ocm04301170-1073/ocm04301170/Output/ocm04301170_0117.tif /mnt/lsdi/ocm04301170-1073/ocm04301170/Output/ocm04301170_0118.tif /mnt/lsdi/ocm04301170-1073/ocm04301170/Output/ocm04301170_0119.tif /mnt/lsdi/ocm04301170-1073/ocm04301170/Output/ocm04301170_0120.tif /mnt/lsdi/ocm04301170-1073/ocm04301170/Output/ocm04301170_0121.tif /mnt/lsdi/ocm04301170-1073/ocm04301170/Output/ocm04301170_0122.tif /mnt/lsdi/ocm04301170-1073/ocm04301170/Output/ocm04301170_0123.tif /mnt/lsdi/ocm04301170-1073/ocm04301170/Output/ocm04301170_0124.tif /mnt/lsdi/ocm04301170-1073/ocm04301170/Output/ocm04301170_0125.tif /mnt/lsdi/ocm04301170-1073/ocm04301170/Output/ocm04301170_0126.tif /mnt/lsdi/ocm04301170-1073/ocm04301170/Output/ocm04301170_0127.tif /mnt/lsdi/ocm04301170-1073/ocm04301170/Output/ocm04301170_0128.tif /mnt/lsdi/ocm04301170-1073/ocm04301170/Output/ocm04301170_0129.tif /mnt/lsdi/ocm04301170-1073/ocm04301170/Output/ocm04301170_0130.tif /mnt/lsdi/ocm04301170-1073/ocm04301170/Output/ocm04301170_0131.tif /mnt/lsdi/ocm04301170-1073/ocm04301170/Output/ocm04301170_0132.tif /mnt/lsdi/ocm04301170-1073/ocm04301170/Output/ocm04301170_0133.tif /mnt/lsdi/ocm04301170-1073/ocm04301170/Output/ocm04301170_0134.tif /mnt/lsdi/ocm04301170-1073/ocm04301170/Output/ocm04301170_0135.tif /mnt/lsdi/ocm04301170-1073/ocm04301170/Output/ocm04301170_0136.tif /mnt/lsdi/ocm04301170-1073/ocm04301170/Output/ocm04301170_0137.tif /mnt/lsdi/ocm04301170-1073/ocm04301170/Output/ocm04301170_0138.tif /mnt/lsdi/ocm04301170-1073/ocm04301170/Output/ocm04301170_0139.tif /mnt/lsdi/ocm04301170-1073/ocm04301170/Output/ocm04301170_0140.tif /mnt/lsdi/ocm04301170-1073/ocm04301170/Output/ocm04301170_0141.tif /mnt/lsdi/ocm04301170-1073/ocm04301170/Output/ocm04301170_0142.tif /mnt/lsdi/ocm04301170-1073/ocm04301170/Output/ocm04301170_0143.tif /mnt/lsdi/ocm04301170-1073/ocm04301170/Output/ocm04301170_0144.tif /mnt/lsdi/ocm04301170-1073/ocm04301170/Output/ocm04301170_0145.tif /mnt/lsdi/ocm04301170-1073/ocm04301170/Output/ocm04301170_0146.tif /mnt/lsdi/ocm04301170-1073/ocm04301170/Output/ocm04301170_0147.tif /mnt/lsdi/ocm04301170-1073/ocm04301170/Output/ocm04301170_0148.tif /mnt/lsdi/ocm04301170-1073/ocm04301170/Output/ocm04301170_0149.tif /mnt/lsdi/ocm04301170-1073/ocm04301170/Output/ocm04301170_0150.tif /mnt/lsdi/ocm04301170-1073/ocm04301170/Output/ocm04301170_0151.tif /mnt/lsdi/ocm04301170-1073/ocm04301170/Output/ocm04301170_0152.tif /mnt/lsdi/ocm04301170-1073/ocm04301170/Output/ocm04301170_0153.tif /mnt/lsdi/ocm04301170-1073/ocm04301170/Output/ocm04301170_0154.tif /mnt/lsdi/ocm04301170-1073/ocm04301170/Output/ocm04301170_0155.tif /mnt/lsdi/ocm04301170-1073/ocm04301170/Output/ocm04301170_0156.tif /mnt/lsdi/ocm04301170-1073/ocm04301170/Output/ocm04301170_0157.tif /mnt/lsdi/ocm04301170-1073/ocm04301170/Output/ocm04301170_0158.tif /mnt/lsdi/ocm04301170-1073/ocm04301170/Output/ocm04301170_0159.tif /mnt/lsdi/ocm04301170-1073/ocm04301170/Output/ocm04301170_0160.tif /mnt/lsdi/ocm04301170-1073/ocm04301170/Output/ocm04301170_0161.tif /mnt/lsdi/ocm04301170-1073/ocm04301170/Output/ocm04301170_0162.tif /mnt/lsdi/ocm04301170-1073/ocm04301170/Output/ocm04301170_0163.tif /mnt/lsdi/ocm04301170-1073/ocm04301170/Output/ocm04301170_0164.tif /mnt/lsdi/ocm04301170-1073/ocm04301170/Output/ocm04301170_0165.tif /mnt/lsdi/ocm04301170-1073/ocm04301170/Output/ocm04301170_0166.tif /mnt/lsdi/ocm04301170-1073/ocm04301170/Output/ocm04301170_0167.tif /mnt/lsdi/ocm04301170-1073/ocm04301170/Output/ocm04301170_0168.tif /mnt/lsdi/ocm04301170-1073/ocm04301170/Output/ocm04301170_0169.tif /mnt/lsdi/ocm04301170-1073/ocm04301170/Output/ocm04301170_0170.tif /mnt/lsdi/ocm04301170-1073/ocm04301170/Output/ocm04301170_0171.tif /mnt/lsdi/ocm04301170-1073/ocm04301170/Output/ocm04301170_0172.tif /mnt/lsdi/ocm04301170-1073/ocm04301170/Output/ocm04301170_0173.tif /mnt/lsdi/ocm04301170-1073/ocm04301170/Output/ocm04301170_0174.tif /mnt/lsdi/ocm04301170-1073/ocm04301170/Output/ocm04301170_0175.tif /mnt/lsdi/ocm04301170-1073/ocm04301170/Output/ocm04301170_0176.tif /mnt/lsdi/ocm04301170-1073/ocm04301170/Output/ocm04301170_0177.tif /mnt/lsdi/ocm04301170-1073/ocm04301170/Output/ocm04301170_0178.tif /mnt/lsdi/ocm04301170-1073/ocm04301170/Output/ocm04301170_0179.tif /mnt/lsdi/ocm04301170-1073/ocm04301170/Output/ocm04301170_0180.tif /mnt/lsdi/ocm04301170-1073/ocm04301170/Output/ocm04301170_0181.tif /mnt/lsdi/ocm04301170-1073/ocm04301170/Output/ocm04301170_0182.tif /mnt/lsdi/ocm04301170-1073/ocm04301170/Output/ocm04301170_0183.tif /mnt/lsdi/ocm04301170-1073/ocm04301170/Output/ocm04301170_0184.tif /mnt/lsdi/ocm04301170-1073/ocm04301170/Output/ocm04301170_0185.tif /mnt/lsdi/ocm04301170-1073/ocm04301170/Output/ocm04301170_0186.tif /mnt/lsdi/ocm04301170-1073/ocm04301170/Output/ocm04301170_0187.tif /mnt/lsdi/ocm04301170-1073/ocm04301170/Output/ocm04301170_0188.tif /mnt/lsdi/ocm04301170-1073/ocm04301170/Output/ocm04301170_0189.tif /mnt/lsdi/ocm04301170-1073/ocm04301170/Output/ocm04301170_0190.tif /mnt/lsdi/ocm04301170-1073/ocm04301170/Output/ocm04301170_0191.tif /mnt/lsdi/ocm04301170-1073/ocm04301170/Output/ocm04301170_0192.tif /mnt/lsdi/ocm04301170-1073/ocm04301170/Output/ocm04301170_0193.tif /mnt/lsdi/ocm04301170-1073/ocm04301170/Output/ocm04301170_0194.tif /mnt/lsdi/ocm04301170-1073/ocm04301170/Output/ocm04301170_0195.tif /mnt/lsdi/ocm04301170-1073/ocm04301170/Output/ocm04301170_0196.tif /mnt/lsdi/ocm04301170-1073/ocm04301170/Output/ocm04301170_0197.tif /mnt/lsdi/ocm04301170-1073/ocm04301170/Output/ocm04301170_0198.tif /mnt/lsdi/ocm04301170-1073/ocm04301170/Output/ocm04301170_0199.tif /mnt/lsdi/ocm04301170-1073/ocm04301170/Output/ocm04301170_0200.tif /mnt/lsdi/ocm04301170-1073/ocm04301170/Output/ocm04301170_0201.tif /mnt/lsdi/ocm04301170-1073/ocm04301170/Output/ocm04301170_0202.tif /mnt/lsdi/ocm04301170-1073/ocm04301170/Output/ocm04301170_0203.tif /mnt/lsdi/ocm04301170-1073/ocm04301170/Output/ocm04301170_0204.tif /mnt/lsdi/ocm04301170-1073/ocm04301170/Output/ocm04301170_0205.tif /mnt/lsdi/ocm04301170-1073/ocm04301170/Output/ocm04301170_0206.tif /mnt/lsdi/ocm04301170-1073/ocm04301170/Output/ocm04301170_0207.tif /mnt/lsdi/ocm04301170-1073/ocm04301170/Output/ocm04301170_0208.tif /mnt/lsdi/ocm04301170-1073/ocm04301170/Output/ocm04301170_0209.tif /mnt/lsdi/ocm04301170-1073/ocm04301170/Output/ocm04301170_0210.tif /mnt/lsdi/ocm04301170-1073/ocm04301170/Output/ocm04301170_0211.tif /mnt/lsdi/ocm04301170-1073/ocm04301170/Output/ocm04301170_0212.tif /mnt/lsdi/ocm04301170-1073/ocm04301170/Output/ocm04301170_0213.tif /mnt/lsdi/ocm04301170-1073/ocm04301170/Output/ocm04301170_0214.tif /mnt/lsdi/ocm04301170-1073/ocm04301170/Output/ocm04301170_0215.tif /mnt/lsdi/ocm04301170-1073/ocm04301170/Output/ocm04301170_0216.tif /mnt/lsdi/ocm04301170-1073/ocm04301170/Output/ocm04301170_0217.tif /mnt/lsdi/ocm04301170-1073/ocm04301170/Output/ocm04301170_0218.tif /mnt/lsdi/ocm04301170-1073/ocm04301170/Output/ocm04301170_0219.tif /mnt/lsdi/ocm04301170-1073/ocm04301170/Output/ocm04301170_0220.tif /mnt/lsdi/ocm04301170-1073/ocm04301170/Output/ocm04301170_0221.tif /mnt/lsdi/ocm04301170-1073/ocm04301170/Output/ocm04301170_0222.tif /mnt/lsdi/ocm04301170-1073/ocm04301170/Output/ocm04301170_0223.tif /mnt/lsdi/ocm04301170-1073/ocm04301170/Output/ocm04301170_0224.tif /mnt/lsdi/ocm04301170-1073/ocm04301170/Output/ocm04301170_0225.tif /mnt/lsdi/ocm04301170-1073/ocm04301170/Output/ocm04301170_0226.tif /mnt/lsdi/ocm04301170-1073/ocm04301170/Output/ocm04301170_0227.tif /mnt/lsdi/ocm04301170-1073/ocm04301170/Output/ocm04301170_0228.tif /mnt/lsdi/ocm04301170-1073/ocm04301170/Output/ocm04301170_0229.tif /mnt/lsdi/ocm04301170-1073/ocm04301170/Output/ocm04301170_0230.tif /mnt/lsdi/ocm04301170-1073/ocm04301170/Output/ocm04301170_0231.tif /mnt/lsdi/ocm04301170-1073/ocm04301170/Output/ocm04301170_0232.tif /mnt/lsdi/ocm04301170-1073/ocm04301170/Output/ocm04301170_0233.tif /mnt/lsdi/ocm04301170-1073/ocm04301170/Output/ocm04301170_0234.tif /mnt/lsdi/ocm04301170-1073/ocm04301170/Output/ocm04301170_0235.tif /mnt/lsdi/ocm04301170-1073/ocm04301170/Output/ocm04301170_0236.tif /mnt/lsdi/ocm04301170-1073/ocm04301170/Output/ocm04301170_0237.tif /mnt/lsdi/ocm04301170-1073/ocm04301170/Output/ocm04301170_0238.tif /mnt/lsdi/ocm04301170-1073/ocm04301170/Output/ocm04301170_0239.tif /mnt/lsdi/ocm04301170-1073/ocm04301170/Output/ocm04301170_0240.tif /mnt/lsdi/ocm04301170-1073/ocm04301170/Output/ocm04301170_0241.tif /mnt/lsdi/ocm04301170-1073/ocm04301170/Output/ocm04301170_0242.tif /mnt/lsdi/ocm04301170-1073/ocm04301170/Output/ocm04301170_0243.tif /mnt/lsdi/ocm04301170-1073/ocm04301170/Output/ocm04301170_0244.tif /mnt/lsdi/ocm04301170-1073/ocm04301170/Output/ocm04301170_0245.tif /mnt/lsdi/ocm04301170-1073/ocm04301170/Output/ocm04301170_0246.tif /mnt/lsdi/ocm04301170-1073/ocm04301170/Output/ocm04301170_0247.tif /mnt/lsdi/ocm04301170-1073/ocm04301170/Output/ocm04301170_0248.tif /mnt/lsdi/ocm04301170-1073/ocm04301170/Output/ocm04301170_0249.tif /mnt/lsdi/ocm04301170-1073/ocm04301170/Output/ocm04301170_0250.tif /mnt/lsdi/ocm04301170-1073/ocm04301170/Output/ocm04301170_0251.tif /mnt/lsdi/ocm04301170-1073/ocm04301170/Output/ocm04301170_0252.tif /mnt/lsdi/ocm04301170-1073/ocm04301170/Output/ocm04301170_0253.tif /mnt/lsdi/ocm04301170-1073/ocm04301170/Output/ocm04301170_0254.tif /mnt/lsdi/ocm04301170-1073/ocm04301170/Output/ocm04301170_0255.tif /mnt/lsdi/ocm04301170-1073/ocm04301170/Output/ocm04301170_0256.tif /mnt/lsdi/ocm04301170-1073/ocm04301170/Output/ocm04301170_0257.tif /mnt/lsdi/ocm04301170-1073/ocm04301170/Output/ocm04301170_0258.tif /mnt/lsdi/ocm04301170-1073/ocm04301170/Output/ocm04301170_0259.tif /mnt/lsdi/ocm04301170-1073/ocm04301170/Output/ocm04301170_0260.tif /mnt/lsdi/ocm04301170-1073/ocm04301170/Output/ocm04301170_0261.tif /mnt/lsdi/ocm04301170-1073/ocm04301170/Output/ocm04301170_0262.tif /mnt/lsdi/ocm04301170-1073/ocm04301170/Output/ocm04301170_0263.tif /mnt/lsdi/ocm04301170-1073/ocm04301170/Output/ocm04301170_0264.tif /mnt/lsdi/ocm04301170-1073/ocm04301170/Output/ocm04301170_0265.tif /mnt/lsdi/ocm04301170-1073/ocm04301170/Output/ocm04301170_0266.tif /mnt/lsdi/ocm04301170-1073/ocm04301170/Output/ocm04301170_0267.tif /mnt/lsdi/ocm04301170-1073/ocm04301170/Output/ocm04301170_0268.tif /mnt/lsdi/ocm04301170-1073/ocm04301170/Output/ocm04301170_0269.tif /mnt/lsdi/ocm04301170-1073/ocm04301170/Output/ocm04301170_0270.tif /mnt/lsdi/ocm04301170-1073/ocm04301170/Output/ocm04301170_0271.tif /mnt/lsdi/ocm04301170-1073/ocm04301170/Output/ocm04301170_0272.tif /mnt/lsdi/ocm04301170-1073/ocm04301170/Output/ocm04301170_0273.tif /mnt/lsdi/ocm04301170-1073/ocm04301170/Output/ocm04301170_0274.tif /mnt/lsdi/ocm04301170-1073/ocm04301170/Output/ocm04301170_0275.tif /mnt/lsdi/ocm04301170-1073/ocm04301170/Output/ocm04301170_0276.tif /mnt/lsdi/ocm04301170-1073/ocm04301170/Output/ocm04301170_0277.tif /mnt/lsdi/ocm04301170-1073/ocm04301170/Output/ocm04301170_0278.tif /mnt/lsdi/ocm04301170-1073/ocm04301170/Output/ocm04301170_0279.tif /mnt/lsdi/ocm04301170-1073/ocm04301170/Output/ocm04301170_0280.tif /mnt/lsdi/ocm04301170-1073/ocm04301170/Output/ocm04301170_0281.tif /mnt/lsdi/ocm04301170-1073/ocm04301170/Output/ocm04301170_0282.tif /mnt/lsdi/ocm04301170-1073/ocm04301170/Output/ocm04301170_0283.tif /mnt/lsdi/ocm04301170-1073/ocm04301170/Output/ocm04301170_0284.tif /mnt/lsdi/ocm04301170-1073/ocm04301170/Output/ocm04301170_0285.tif /mnt/lsdi/ocm04301170-1073/ocm04301170/Output/ocm04301170_0286.tif /mnt/lsdi/ocm04301170-1073/ocm04301170/Output/ocm04301170_0287.tif /mnt/lsdi/ocm04301170-1073/ocm04301170/Output/ocm04301170_0288.tif /mnt/lsdi/ocm04301170-1073/ocm04301170/Output/ocm04301170_0289.tif /mnt/lsdi/ocm04301170-1073/ocm04301170/Output/ocm04301170_0290.tif /mnt/lsdi/ocm04301170-1073/ocm04301170/Output/ocm04301170_0291.tif /mnt/lsdi/ocm04301170-1073/ocm04301170/Output/ocm04301170_0292.tif /mnt/lsdi/ocm04301170-1073/ocm04301170/Output/ocm04301170_0293.tif /mnt/lsdi/ocm04301170-1073/ocm04301170/Output/ocm04301170_0294.tif /mnt/lsdi/ocm04301170-1073/ocm04301170/Output/ocm04301170_0295.tif /mnt/lsdi/ocm04301170-1073/ocm04301170/Output/ocm04301170_0296.tif /mnt/lsdi/ocm04301170-1073/ocm04301170/Output/ocm04301170_0297.tif /mnt/lsdi/ocm04301170-1073/ocm04301170/Output/ocm04301170_0298.tif /mnt/lsdi/ocm04301170-1073/ocm04301170/Output/ocm04301170_0299.tif /mnt/lsdi/ocm04301170-1073/ocm04301170/Output/ocm04301170_0300.tif /mnt/lsdi/ocm04301170-1073/ocm04301170/Output/ocm04301170_0301.tif /mnt/lsdi/ocm04301170-1073/ocm04301170/Output/ocm04301170_0302.tif /mnt/lsdi/ocm04301170-1073/ocm04301170/Output/ocm04301170_0303.tif /mnt/lsdi/ocm04301170-1073/ocm04301170/Output/ocm04301170_0304.tif /mnt/lsdi/ocm04301170-1073/ocm04301170/Output/ocm04301170_0305.tif /mnt/lsdi/ocm04301170-1073/ocm04301170/Output/ocm04301170_0306.tif /mnt/lsdi/ocm04301170-1073/ocm04301170/Output/ocm04301170_0307.tif /mnt/lsdi/ocm04301170-1073/ocm04301170/Output/ocm04301170_0308.tif /mnt/lsdi/ocm04301170-1073/ocm04301170/Output/ocm04301170_0309.tif /mnt/lsdi/ocm04301170-1073/ocm04301170/Output/ocm04301170_0310.tif /mnt/lsdi/ocm04301170-1073/ocm04301170/Output/ocm04301170_0311.tif /mnt/lsdi/ocm04301170-1073/ocm04301170/Output/ocm04301170_0312.tif /mnt/lsdi/ocm04301170-1073/ocm04301170/Output/ocm04301170_0313.tif /mnt/lsdi/ocm04301170-1073/ocm04301170/Output/ocm04301170_0314.tif /mnt/lsdi/ocm04301170-1073/ocm04301170/Output/ocm04301170_0315.tif /mnt/lsdi/ocm04301170-1073/ocm04301170/Output/ocm04301170_0316.tif /mnt/lsdi/ocm04301170-1073/ocm04301170/Output/ocm04301170_0317.tif /mnt/lsdi/ocm04301170-1073/ocm04301170/Output/ocm04301170_0318.tif /mnt/lsdi/ocm04301170-1073/ocm04301170/Output/ocm04301170_0319.tif /mnt/lsdi/ocm04301170-1073/ocm04301170/Output/ocm04301170_0320.tif /mnt/lsdi/ocm04301170-1073/ocm04301170/Output/ocm04301170_0321.tif /mnt/lsdi/ocm04301170-1073/ocm04301170/Output/ocm04301170_0322.tif /mnt/lsdi/ocm04301170-1073/ocm04301170/Output/ocm04301170_0323.tif /mnt/lsdi/ocm04301170-1073/ocm04301170/Output/ocm04301170_0324.tif /mnt/lsdi/ocm04301170-1073/ocm04301170/Output/ocm04301170_0325.tif /mnt/lsdi/ocm04301170-1073/ocm04301170/Output/ocm04301170_0326.tif /mnt/lsdi/ocm04301170-1073/ocm04301170/Output/ocm04301170_0327.tif /mnt/lsdi/ocm04301170-1073/ocm04301170/Output/ocm04301170_0328.tif /mnt/lsdi/ocm04301170-1073/ocm04301170/Output/ocm04301170_0329.tif /mnt/lsdi/ocm04301170-1073/ocm04301170/Output/ocm04301170_0330.tif /mnt/lsdi/ocm04301170-1073/ocm04301170/Output/ocm04301170_0331.tif /mnt/lsdi/ocm04301170-1073/ocm04301170/Output/ocm04301170_0332.tif /mnt/lsdi/ocm04301170-1073/ocm04301170/Output/ocm04301170_0333.tif /mnt/lsdi/ocm04301170-1073/ocm04301170/Output/ocm04301170_0334.tif /mnt/lsdi/ocm04301170-1073/ocm04301170/Output/ocm04301170_0335.tif /mnt/lsdi/ocm04301170-1073/ocm04301170/Output/ocm04301170_0336.tif /mnt/lsdi/ocm04301170-1073/ocm04301170/Output/ocm04301170_0337.tif /mnt/lsdi/ocm04301170-1073/ocm04301170/Output/ocm04301170_0338.tif /mnt/lsdi/ocm04301170-1073/ocm04301170/Output/ocm04301170_0339.tif /mnt/lsdi/ocm04301170-1073/ocm04301170/Output/ocm04301170_0340.tif /mnt/lsdi/ocm04301170-1073/ocm04301170/Output/ocm04301170_0341.tif /mnt/lsdi/ocm04301170-1073/ocm04301170/Output/ocm04301170_0342.tif /mnt/lsdi/ocm04301170-1073/ocm04301170/Output/ocm04301170_0343.tif /mnt/lsdi/ocm04301170-1073/ocm04301170/Output/ocm04301170_0344.tif /mnt/lsdi/ocm04301170-1073/ocm04301170/Output/ocm04301170_0345.tif /mnt/lsdi/ocm04301170-1073/ocm04301170/Output/ocm04301170_0346.tif /mnt/lsdi/ocm04301170-1073/ocm04301170/Output/ocm04301170_0347.tif /mnt/lsdi/ocm04301170-1073/ocm04301170/Output/ocm04301170_0348.tif
  adding: mnt/lsdi/ocm04301170-1073/ocm04301170/Output/ocm04301170_0001.tif (deflated 82%)
  adding: mnt/lsdi/ocm04301170-1073/ocm04301170/Output/ocm04301170_0002.tif (deflated 16%)
  adding: mnt/lsdi/ocm04301170-1073/ocm04301170/Output/ocm04301170_0003.tif (deflated 3%)
  adding: mnt/lsdi/ocm04301170-1073/ocm04301170/Output/ocm04301170_0004.tif (deflated 5%)
  adding: mnt/lsdi/ocm04301170-1073/ocm04301170/Output/ocm04301170_0005.tif (deflated 82%)
  adding: mnt/lsdi/ocm04301170-1073/ocm04301170/Output/ocm04301170_0006.tif (deflated 6%)
  adding: mnt/lsdi/ocm04301170-1073/ocm04301170/Output/ocm04301170_0007.tif (deflated 8%)
  adding: mnt/lsdi/ocm04301170-1073/ocm04301170/Output/ocm04301170_0008.tif (deflated 19%)
  adding: mnt/lsdi/ocm04301170-1073/ocm04301170/Output/ocm04301170_0009.tif (deflated 4%)
  adding: mnt/lsdi/ocm04301170-1073/ocm04301170/Output/ocm04301170_0010.tif (deflated 4%)
  adding: mnt/lsdi/ocm04301170-1073/ocm04301170/Output/ocm04301170_0011.tif (deflated 5%)
  adding: mnt/lsdi/ocm04301170-1073/ocm04301170/Output/ocm04301170_0012.tif (deflated 4%)
  adding: mnt/lsdi/ocm04301170-1073/ocm04301170/Output/ocm04301170_0013.tif (deflated 4%)
  adding: mnt/lsdi/ocm04301170-1073/ocm04301170/Output/ocm04301170_0014.tif (deflated 4%)
  adding: mnt/lsdi/ocm04301170-1073/ocm04301170/Output/ocm04301170_0015.tif (deflated 4%)
  adding: mnt/lsdi/ocm04301170-1073/ocm04301170/Output/ocm04301170_0016.tif (deflated 4%)
  adding: mnt/lsdi/ocm04301170-1073/ocm04301170/Output/ocm04301170_0017.tif (deflated 4%)
  adding: mnt/lsdi/ocm04301170-1073/ocm04301170/Output/ocm04301170_0018.tif (deflated 4%)
  adding: mnt/lsdi/ocm04301170-1073/ocm04301170/Output/ocm04301170_0019.tif (deflated 4%)
  adding: mnt/lsdi/ocm04301170-1073/ocm04301170/Output/ocm04301170_0020.tif (deflated 4%)
  adding: mnt/lsdi/ocm04301170-1073/ocm04301170/Output/ocm04301170_0021.tif (deflated 4%)
  adding: mnt/lsdi/ocm04301170-1073/ocm04301170/Output/ocm04301170_0022.tif (deflated 4%)
  adding: mnt/lsdi/ocm04301170-1073/ocm04301170/Output/ocm04301170_0023.tif (deflated 4%)
  adding: mnt/lsdi/ocm04301170-1073/ocm04301170/Output/ocm04301170_0024.tif (deflated 4%)
  adding: mnt/lsdi/ocm04301170-1073/ocm04301170/Output/ocm04301170_0025.tif (deflated 4%)
  adding: mnt/lsdi/ocm04301170-1073/ocm04301170/Output/ocm04301170_0026.tif (deflated 4%)
  adding: mnt/lsdi/ocm04301170-1073/ocm04301170/Output/ocm04301170_0027.tif (deflated 4%)
  adding: mnt/lsdi/ocm04301170-1073/ocm04301170/Output/ocm04301170_0028.tif (deflated 4%)
  adding: mnt/lsdi/ocm04301170-1073/ocm04301170/Output/ocm04301170_0029.tif (deflated 3%)
  adding: mnt/lsdi/ocm04301170-1073/ocm04301170/Output/ocm04301170_0030.tif (deflated 4%)
  adding: mnt/lsdi/ocm04301170-1073/ocm04301170/Output/ocm04301170_0031.tif (deflated 4%)
  adding: mnt/lsdi/ocm04301170-1073/ocm04301170/Output/ocm04301170_0032.tif (deflated 4%)
  adding: mnt/lsdi/ocm04301170-1073/ocm04301170/Output/ocm04301170_0033.tif (deflated 4%)
  adding: mnt/lsdi/ocm04301170-1073/ocm04301170/Output/ocm04301170_0034.tif (deflated 4%)
  adding: mnt/lsdi/ocm04301170-1073/ocm04301170/Output/ocm04301170_0035.tif (deflated 4%)
  adding: mnt/lsdi/ocm04301170-1073/ocm04301170/Output/ocm04301170_0036.tif (deflated 4%)
  adding: mnt/lsdi/ocm04301170-1073/ocm04301170/Output/ocm04301170_0037.tif (deflated 4%)
  adding: mnt/lsdi/ocm04301170-1073/ocm04301170/Output/ocm04301170_0038.tif (deflated 4%)
  adding: mnt/lsdi/ocm04301170-1073/ocm04301170/Output/ocm04301170_0039.tif (deflated 4%)
  adding: mnt/lsdi/ocm04301170-1073/ocm04301170/Output/ocm04301170_0040.tif (deflated 4%)
  adding: mnt/lsdi/ocm04301170-1073/ocm04301170/Output/ocm04301170_0041.tif (deflated 4%)
  adding: mnt/lsdi/ocm04301170-1073/ocm04301170/Output/ocm04301170_0042.tif (deflated 4%)
  adding: mnt/lsdi/ocm04301170-1073/ocm04301170/Output/ocm04301170_0043.tif (deflated 4%)
  adding: mnt/lsdi/ocm04301170-1073/ocm04301170/Output/ocm04301170_0044.tif (deflated 4%)
  adding: mnt/lsdi/ocm04301170-1073/ocm04301170/Output/ocm04301170_0045.tif (deflated 4%)
  adding: mnt/lsdi/ocm04301170-1073/ocm04301170/Output/ocm04301170_0046.tif (deflated 4%)
  adding: mnt/lsdi/ocm04301170-1073/ocm04301170/Output/ocm04301170_0047.tif (deflated 4%)
  adding: mnt/lsdi/ocm04301170-1073/ocm04301170/Output/ocm04301170_0048.tif (deflated 4%)
  adding: mnt/lsdi/ocm04301170-1073/ocm04301170/Output/ocm04301170_0049.tif (deflated 4%)
  adding: mnt/lsdi/ocm04301170-1073/ocm04301170/Output/ocm04301170_0050.tif (deflated 4%)
  adding: mnt/lsdi/ocm04301170-1073/ocm04301170/Output/ocm04301170_0051.tif (deflated 4%)
  adding: mnt/lsdi/ocm04301170-1073/ocm04301170/Output/ocm04301170_0052.tif (deflated 4%)
  adding: mnt/lsdi/ocm04301170-1073/ocm04301170/Output/ocm04301170_0053.tif (deflated 4%)
  adding: mnt/lsdi/ocm04301170-1073/ocm04301170/Output/ocm04301170_0054.tif (deflated 4%)
  adding: mnt/lsdi/ocm04301170-1073/ocm04301170/Output/ocm04301170_0055.tif (deflated 4%)
  adding: mnt/lsdi/ocm04301170-1073/ocm04301170/Output/ocm04301170_0056.tif (deflated 4%)
  adding: mnt/lsdi/ocm04301170-1073/ocm04301170/Output/ocm04301170_0057.tif (deflated 4%)
  adding: mnt/lsdi/ocm04301170-1073/ocm04301170/Output/ocm04301170_0058.tif (deflated 4%)
  adding: mnt/lsdi/ocm04301170-1073/ocm04301170/Output/ocm04301170_0059.tif (deflated 4%)
  adding: mnt/lsdi/ocm04301170-1073/ocm04301170/Output/ocm04301170_0060.tif (deflated 4%)
  adding: mnt/lsdi/ocm04301170-1073/ocm04301170/Output/ocm04301170_0061.tif (deflated 4%)
  adding: mnt/lsdi/ocm04301170-1073/ocm04301170/Output/ocm04301170_0062.tif (deflated 4%)
  adding: mnt/lsdi/ocm04301170-1073/ocm04301170/Output/ocm04301170_0063.tif (deflated 4%)
  adding: mnt/lsdi/ocm04301170-1073/ocm04301170/Output/ocm04301170_0064.tif (deflated 4%)
  adding: mnt/lsdi/ocm04301170-1073/ocm04301170/Output/ocm04301170_0065.tif (deflated 5%)
  adding: mnt/lsdi/ocm04301170-1073/ocm04301170/Output/ocm04301170_0066.tif (deflated 4%)
  adding: mnt/lsdi/ocm04301170-1073/ocm04301170/Output/ocm04301170_0067.tif (deflated 4%)
  adding: mnt/lsdi/ocm04301170-1073/ocm04301170/Output/ocm04301170_0068.tif (deflated 4%)
  adding: mnt/lsdi/ocm04301170-1073/ocm04301170/Output/ocm04301170_0069.tif (deflated 4%)
  adding: mnt/lsdi/ocm04301170-1073/ocm04301170/Output/ocm04301170_0070.tif (deflated 4%)
  adding: mnt/lsdi/ocm04301170-1073/ocm04301170/Output/ocm04301170_0071.tif (deflated 4%)
  adding: mnt/lsdi/ocm04301170-1073/ocm04301170/Output/ocm04301170_0072.tif (deflated 4%)
  adding: mnt/lsdi/ocm04301170-1073/ocm04301170/Output/ocm04301170_0073.tif (deflated 4%)
  adding: mnt/lsdi/ocm04301170-1073/ocm04301170/Output/ocm04301170_0074.tif (deflated 4%)
  adding: mnt/lsdi/ocm04301170-1073/ocm04301170/Output/ocm04301170_0075.tif (deflated 4%)
  adding: mnt/lsdi/ocm04301170-1073/ocm04301170/Output/ocm04301170_0076.tif (deflated 4%)
  adding: mnt/lsdi/ocm04301170-1073/ocm04301170/Output/ocm04301170_0077.tif (deflated 4%)
  adding: mnt/lsdi/ocm04301170-1073/ocm04301170/Output/ocm04301170_0078.tif (deflated 4%)
  adding: mnt/lsdi/ocm04301170-1073/ocm04301170/Output/ocm04301170_0079.tif (deflated 4%)
  adding: mnt/lsdi/ocm04301170-1073/ocm04301170/Output/ocm04301170_0080.tif (deflated 4%)
  adding: mnt/lsdi/ocm04301170-1073/ocm04301170/Output/ocm04301170_0081.tif (deflated 4%)
  adding: mnt/lsdi/ocm04301170-1073/ocm04301170/Output/ocm04301170_0082.tif (deflated 4%)
  adding: mnt/lsdi/ocm04301170-1073/ocm04301170/Output/ocm04301170_0083.tif (deflated 4%)
  adding: mnt/lsdi/ocm04301170-1073/ocm04301170/Output/ocm04301170_0084.tif (deflated 4%)
  adding: mnt/lsdi/ocm04301170-1073/ocm04301170/Output/ocm04301170_0085.tif (deflated 4%)
  adding: mnt/lsdi/ocm04301170-1073/ocm04301170/Output/ocm04301170_0086.tif (deflated 4%)
  adding: mnt/lsdi/ocm04301170-1073/ocm04301170/Output/ocm04301170_0087.tif (deflated 4%)
  adding: mnt/lsdi/ocm04301170-1073/ocm04301170/Output/ocm04301170_0088.tif (deflated 4%)
  adding: mnt/lsdi/ocm04301170-1073/ocm04301170/Output/ocm04301170_0089.tif (deflated 4%)
  adding: mnt/lsdi/ocm04301170-1073/ocm04301170/Output/ocm04301170_0090.tif (deflated 4%)
  adding: mnt/lsdi/ocm04301170-1073/ocm04301170/Output/ocm04301170_0091.tif (deflated 4%)
  adding: mnt/lsdi/ocm04301170-1073/ocm04301170/Output/ocm04301170_0092.tif (deflated 4%)
  adding: mnt/lsdi/ocm04301170-1073/ocm04301170/Output/ocm04301170_0093.tif (deflated 4%)
  adding: mnt/lsdi/ocm04301170-1073/ocm04301170/Output/ocm04301170_0094.tif (deflated 4%)
  adding: mnt/lsdi/ocm04301170-1073/ocm04301170/Output/ocm04301170_0095.tif (deflated 4%)
  adding: mnt/lsdi/ocm04301170-1073/ocm04301170/Output/ocm04301170_0096.tif (deflated 4%)
  adding: mnt/lsdi/ocm04301170-1073/ocm04301170/Output/ocm04301170_0097.tif (deflated 4%)
  adding: mnt/lsdi/ocm04301170-1073/ocm04301170/Output/ocm04301170_0098.tif (deflated 4%)
  adding: mnt/lsdi/ocm04301170-1073/ocm04301170/Output/ocm04301170_0099.tif (deflated 4%)
  adding: mnt/lsdi/ocm04301170-1073/ocm04301170/Output/ocm04301170_0100.tif (deflated 4%)
  adding: mnt/lsdi/ocm04301170-1073/ocm04301170/Output/ocm04301170_0101.tif (deflated 4%)
  adding: mnt/lsdi/ocm04301170-1073/ocm04301170/Output/ocm04301170_0102.tif (deflated 4%)
  adding: mnt/lsdi/ocm04301170-1073/ocm04301170/Output/ocm04301170_0103.tif (deflated 4%)
  adding: mnt/lsdi/ocm04301170-1073/ocm04301170/Output/ocm04301170_0104.tif (deflated 4%)
  adding: mnt/lsdi/ocm04301170-1073/ocm04301170/Output/ocm04301170_0105.tif (deflated 4%)
  adding: mnt/lsdi/ocm04301170-1073/ocm04301170/Output/ocm04301170_0106.tif (deflated 4%)
  adding: mnt/lsdi/ocm04301170-1073/ocm04301170/Output/ocm04301170_0107.tif (deflated 4%)
  adding: mnt/lsdi/ocm04301170-1073/ocm04301170/Output/ocm04301170_0108.tif (deflated 4%)
  adding: mnt/lsdi/ocm04301170-1073/ocm04301170/Output/ocm04301170_0109.tif (deflated 4%)
  adding: mnt/lsdi/ocm04301170-1073/ocm04301170/Output/ocm04301170_0110.tif (deflated 4%)
  adding: mnt/lsdi/ocm04301170-1073/ocm04301170/Output/ocm04301170_0111.tif (deflated 4%)
  adding: mnt/lsdi/ocm04301170-1073/ocm04301170/Output/ocm04301170_0112.tif (deflated 4%)
  adding: mnt/lsdi/ocm04301170-1073/ocm04301170/Output/ocm04301170_0113.tif (deflated 4%)
  adding: mnt/lsdi/ocm04301170-1073/ocm04301170/Output/ocm04301170_0114.tif (deflated 4%)
  adding: mnt/lsdi/ocm04301170-1073/ocm04301170/Output/ocm04301170_0115.tif (deflated 4%)
  adding: mnt/lsdi/ocm04301170-1073/ocm04301170/Output/ocm04301170_0116.tif (deflated 4%)
  adding: mnt/lsdi/ocm04301170-1073/ocm04301170/Output/ocm04301170_0117.tif (deflated 4%)
  adding: mnt/lsdi/ocm04301170-1073/ocm04301170/Output/ocm04301170_0118.tif (deflated 4%)
  adding: mnt/lsdi/ocm04301170-1073/ocm04301170/Output/ocm04301170_0119.tif (deflated 4%)
  adding: mnt/lsdi/ocm04301170-1073/ocm04301170/Output/ocm04301170_0120.tif (deflated 4%)
  adding: mnt/lsdi/ocm04301170-1073/ocm04301170/Output/ocm04301170_0121.tif (deflated 4%)
  adding: mnt/lsdi/ocm04301170-1073/ocm04301170/Output/ocm04301170_0122.tif (deflated 4%)
  adding: mnt/lsdi/ocm04301170-1073/ocm04301170/Output/ocm04301170_0123.tif (deflated 4%)
  adding: mnt/lsdi/ocm04301170-1073/ocm04301170/Output/ocm04301170_0124.tif (deflated 4%)
  adding: mnt/lsdi/ocm04301170-1073/ocm04301170/Output/ocm04301170_0125.tif (deflated 4%)
  adding: mnt/lsdi/ocm04301170-1073/ocm04301170/Output/ocm04301170_0126.tif (deflated 4%)
  adding: mnt/lsdi/ocm04301170-1073/ocm04301170/Output/ocm04301170_0127.tif (deflated 4%)
  adding: mnt/lsdi/ocm04301170-1073/ocm04301170/Output/ocm04301170_0128.tif (deflated 4%)
  adding: mnt/lsdi/ocm04301170-1073/ocm04301170/Output/ocm04301170_0129.tif (deflated 4%)
  adding: mnt/lsdi/ocm04301170-1073/ocm04301170/Output/ocm04301170_0130.tif (deflated 4%)
  adding: mnt/lsdi/ocm04301170-1073/ocm04301170/Output/ocm04301170_0131.tif (deflated 4%)
  adding: mnt/lsdi/ocm04301170-1073/ocm04301170/Output/ocm04301170_0132.tif (deflated 4%)
  adding: mnt/lsdi/ocm04301170-1073/ocm04301170/Output/ocm04301170_0133.tif (deflated 4%)
  adding: mnt/lsdi/ocm04301170-1073/ocm04301170/Output/ocm04301170_0134.tif (deflated 4%)
  adding: mnt/lsdi/ocm04301170-1073/ocm04301170/Output/ocm04301170_0135.tif (deflated 4%)
  adding: mnt/lsdi/ocm04301170-1073/ocm04301170/Output/ocm04301170_0136.tif (deflated 4%)
  adding: mnt/lsdi/ocm04301170-1073/ocm04301170/Output/ocm04301170_0137.tif (deflated 4%)
  adding: mnt/lsdi/ocm04301170-1073/ocm04301170/Output/ocm04301170_0138.tif (deflated 4%)
  adding: mnt/lsdi/ocm04301170-1073/ocm04301170/Output/ocm04301170_0139.tif (deflated 4%)
  adding: mnt/lsdi/ocm04301170-1073/ocm04301170/Output/ocm04301170_0140.tif (deflated 4%)
  adding: mnt/lsdi/ocm04301170-1073/ocm04301170/Output/ocm04301170_0141.tif (deflated 4%)
  adding: mnt/lsdi/ocm04301170-1073/ocm04301170/Output/ocm04301170_0142.tif (deflated 4%)
  adding: mnt/lsdi/ocm04301170-1073/ocm04301170/Output/ocm04301170_0143.tif (deflated 4%)
  adding: mnt/lsdi/ocm04301170-1073/ocm04301170/Output/ocm04301170_0144.tif (deflated 4%)
  adding: mnt/lsdi/ocm04301170-1073/ocm04301170/Output/ocm04301170_0145.tif (deflated 4%)
  adding: mnt/lsdi/ocm04301170-1073/ocm04301170/Output/ocm04301170_0146.tif (deflated 4%)
  adding: mnt/lsdi/ocm04301170-1073/ocm04301170/Output/ocm04301170_0147.tif (deflated 4%)
  adding: mnt/lsdi/ocm04301170-1073/ocm04301170/Output/ocm04301170_0148.tif (deflated 4%)
  adding: mnt/lsdi/ocm04301170-1073/ocm04301170/Output/ocm04301170_0149.tif (deflated 4%)
  adding: mnt/lsdi/ocm04301170-1073/ocm04301170/Output/ocm04301170_0150.tif (deflated 4%)
  adding: mnt/lsdi/ocm04301170-1073/ocm04301170/Output/ocm04301170_0151.tif (deflated 4%)
  adding: mnt/lsdi/ocm04301170-1073/ocm04301170/Output/ocm04301170_0152.tif (deflated 4%)
  adding: mnt/lsdi/ocm04301170-1073/ocm04301170/Output/ocm04301170_0153.tif (deflated 4%)
  adding: mnt/lsdi/ocm04301170-1073/ocm04301170/Output/ocm04301170_0154.tif (deflated 4%)
  adding: mnt/lsdi/ocm04301170-1073/ocm04301170/Output/ocm04301170_0155.tif (deflated 4%)
  adding: mnt/lsdi/ocm04301170-1073/ocm04301170/Output/ocm04301170_0156.tif (deflated 4%)
  adding: mnt/lsdi/ocm04301170-1073/ocm04301170/Output/ocm04301170_0157.tif (deflated 4%)
  adding: mnt/lsdi/ocm04301170-1073/ocm04301170/Output/ocm04301170_0158.tif (deflated 4%)
  adding: mnt/lsdi/ocm04301170-1073/ocm04301170/Output/ocm04301170_0159.tif (deflated 4%)
  adding: mnt/lsdi/ocm04301170-1073/ocm04301170/Output/ocm04301170_0160.tif (deflated 4%)
  adding: mnt/lsdi/ocm04301170-1073/ocm04301170/Output/ocm04301170_0161.tif (deflated 4%)
  adding: mnt/lsdi/ocm04301170-1073/ocm04301170/Output/ocm04301170_0162.tif (deflated 4%)
  adding: mnt/lsdi/ocm04301170-1073/ocm04301170/Output/ocm04301170_0163.tif (deflated 5%)
  adding: mnt/lsdi/ocm04301170-1073/ocm04301170/Output/ocm04301170_0164.tif (deflated 4%)
  adding: mnt/lsdi/ocm04301170-1073/ocm04301170/Output/ocm04301170_0165.tif (deflated 4%)
  adding: mnt/lsdi/ocm04301170-1073/ocm04301170/Output/ocm04301170_0166.tif (deflated 4%)
  adding: mnt/lsdi/ocm04301170-1073/ocm04301170/Output/ocm04301170_0167.tif (deflated 4%)
  adding: mnt/lsdi/ocm04301170-1073/ocm04301170/Output/ocm04301170_0168.tif (deflated 4%)
  adding: mnt/lsdi/ocm04301170-1073/ocm04301170/Output/ocm04301170_0169.tif (deflated 4%)
  adding: mnt/lsdi/ocm04301170-1073/ocm04301170/Output/ocm04301170_0170.tif (deflated 4%)
  adding: mnt/lsdi/ocm04301170-1073/ocm04301170/Output/ocm04301170_0171.tif (deflated 4%)
  adding: mnt/lsdi/ocm04301170-1073/ocm04301170/Output/ocm04301170_0172.tif (deflated 4%)
  adding: mnt/lsdi/ocm04301170-1073/ocm04301170/Output/ocm04301170_0173.tif (deflated 4%)
  adding: mnt/lsdi/ocm04301170-1073/ocm04301170/Output/ocm04301170_0174.tif (deflated 4%)
  adding: mnt/lsdi/ocm04301170-1073/ocm04301170/Output/ocm04301170_0175.tif (deflated 4%)
  adding: mnt/lsdi/ocm04301170-1073/ocm04301170/Output/ocm04301170_0176.tif (deflated 4%)
  adding: mnt/lsdi/ocm04301170-1073/ocm04301170/Output/ocm04301170_0177.tif (deflated 4%)
  adding: mnt/lsdi/ocm04301170-1073/ocm04301170/Output/ocm04301170_0178.tif (deflated 4%)
  adding: mnt/lsdi/ocm04301170-1073/ocm04301170/Output/ocm04301170_0179.tif (deflated 4%)
  adding: mnt/lsdi/ocm04301170-1073/ocm04301170/Output/ocm04301170_0180.tif (deflated 4%)
  adding: mnt/lsdi/ocm04301170-1073/ocm04301170/Output/ocm04301170_0181.tif (deflated 4%)
  adding: mnt/lsdi/ocm04301170-1073/ocm04301170/Output/ocm04301170_0182.tif (deflated 4%)
  adding: mnt/lsdi/ocm04301170-1073/ocm04301170/Output/ocm04301170_0183.tif (deflated 4%)
  adding: mnt/lsdi/ocm04301170-1073/ocm04301170/Output/ocm04301170_0184.tif (deflated 4%)
  adding: mnt/lsdi/ocm04301170-1073/ocm04301170/Output/ocm04301170_0185.tif (deflated 4%)
  adding: mnt/lsdi/ocm04301170-1073/ocm04301170/Output/ocm04301170_0186.tif (deflated 4%)
  adding: mnt/lsdi/ocm04301170-1073/ocm04301170/Output/ocm04301170_0187.tif (deflated 4%)
  adding: mnt/lsdi/ocm04301170-1073/ocm04301170/Output/ocm04301170_0188.tif (deflated 4%)
  adding: mnt/lsdi/ocm04301170-1073/ocm04301170/Output/ocm04301170_0189.tif (deflated 4%)
  adding: mnt/lsdi/ocm04301170-1073/ocm04301170/Output/ocm04301170_0190.tif (deflated 4%)
  adding: mnt/lsdi/ocm04301170-1073/ocm04301170/Output/ocm04301170_0191.tif (deflated 4%)
  adding: mnt/lsdi/ocm04301170-1073/ocm04301170/Output/ocm04301170_0192.tif (deflated 4%)
  adding: mnt/lsdi/ocm04301170-1073/ocm04301170/Output/ocm04301170_0193.tif (deflated 4%)
  adding: mnt/lsdi/ocm04301170-1073/ocm04301170/Output/ocm04301170_0194.tif (deflated 4%)
  adding: mnt/lsdi/ocm04301170-1073/ocm04301170/Output/ocm04301170_0195.tif (deflated 4%)
  adding: mnt/lsdi/ocm04301170-1073/ocm04301170/Output/ocm04301170_0196.tif (deflated 4%)
  adding: mnt/lsdi/ocm04301170-1073/ocm04301170/Output/ocm04301170_0197.tif (deflated 4%)
  adding: mnt/lsdi/ocm04301170-1073/ocm04301170/Output/ocm04301170_0198.tif (deflated 4%)
  adding: mnt/lsdi/ocm04301170-1073/ocm04301170/Output/ocm04301170_0199.tif (deflated 4%)
  adding: mnt/lsdi/ocm04301170-1073/ocm04301170/Output/ocm04301170_0200.tif (deflated 4%)
  adding: mnt/lsdi/ocm04301170-1073/ocm04301170/Output/ocm04301170_0201.tif (deflated 4%)
  adding: mnt/lsdi/ocm04301170-1073/ocm04301170/Output/ocm04301170_0202.tif (deflated 4%)
  adding: mnt/lsdi/ocm04301170-1073/ocm04301170/Output/ocm04301170_0203.tif (deflated 4%)
  adding: mnt/lsdi/ocm04301170-1073/ocm04301170/Output/ocm04301170_0204.tif (deflated 4%)
  adding: mnt/lsdi/ocm04301170-1073/ocm04301170/Output/ocm04301170_0205.tif (deflated 4%)
  adding: mnt/lsdi/ocm04301170-1073/ocm04301170/Output/ocm04301170_0206.tif (deflated 4%)
  adding: mnt/lsdi/ocm04301170-1073/ocm04301170/Output/ocm04301170_0207.tif (deflated 4%)
  adding: mnt/lsdi/ocm04301170-1073/ocm04301170/Output/ocm04301170_0208.tif (deflated 4%)
  adding: mnt/lsdi/ocm04301170-1073/ocm04301170/Output/ocm04301170_0209.tif (deflated 4%)
  adding: mnt/lsdi/ocm04301170-1073/ocm04301170/Output/ocm04301170_0210.tif (deflated 4%)
  adding: mnt/lsdi/ocm04301170-1073/ocm04301170/Output/ocm04301170_0211.tif (deflated 4%)
  adding: mnt/lsdi/ocm04301170-1073/ocm04301170/Output/ocm04301170_0212.tif (deflated 4%)
  adding: mnt/lsdi/ocm04301170-1073/ocm04301170/Output/ocm04301170_0213.tif (deflated 4%)
  adding: mnt/lsdi/ocm04301170-1073/ocm04301170/Output/ocm04301170_0214.tif (deflated 4%)
  adding: mnt/lsdi/ocm04301170-1073/ocm04301170/Output/ocm04301170_0215.tif (deflated 4%)
  adding: mnt/lsdi/ocm04301170-1073/ocm04301170/Output/ocm04301170_0216.tif (deflated 4%)
  adding: mnt/lsdi/ocm04301170-1073/ocm04301170/Output/ocm04301170_0217.tif (deflated 4%)
  adding: mnt/lsdi/ocm04301170-1073/ocm04301170/Output/ocm04301170_0218.tif (deflated 4%)
  adding: mnt/lsdi/ocm04301170-1073/ocm04301170/Output/ocm04301170_0219.tif (deflated 4%)
  adding: mnt/lsdi/ocm04301170-1073/ocm04301170/Output/ocm04301170_0220.tif (deflated 4%)
  adding: mnt/lsdi/ocm04301170-1073/ocm04301170/Output/ocm04301170_0221.tif (deflated 4%)
  adding: mnt/lsdi/ocm04301170-1073/ocm04301170/Output/ocm04301170_0222.tif (deflated 4%)
  adding: mnt/lsdi/ocm04301170-1073/ocm04301170/Output/ocm04301170_0223.tif (deflated 29%)
  adding: mnt/lsdi/ocm04301170-1073/ocm04301170/Output/ocm04301170_0224.tif (deflated 4%)
  adding: mnt/lsdi/ocm04301170-1073/ocm04301170/Output/ocm04301170_0225.tif (deflated 3%)
  adding: mnt/lsdi/ocm04301170-1073/ocm04301170/Output/ocm04301170_0226.tif (deflated 4%)
  adding: mnt/lsdi/ocm04301170-1073/ocm04301170/Output/ocm04301170_0227.tif (deflated 4%)
  adding: mnt/lsdi/ocm04301170-1073/ocm04301170/Output/ocm04301170_0228.tif (deflated 5%)
  adding: mnt/lsdi/ocm04301170-1073/ocm04301170/Output/ocm04301170_0229.tif (deflated 4%)
  adding: mnt/lsdi/ocm04301170-1073/ocm04301170/Output/ocm04301170_0230.tif (deflated 4%)
  adding: mnt/lsdi/ocm04301170-1073/ocm04301170/Output/ocm04301170_0231.tif (deflated 4%)
  adding: mnt/lsdi/ocm04301170-1073/ocm04301170/Output/ocm04301170_0232.tif (deflated 4%)
  adding: mnt/lsdi/ocm04301170-1073/ocm04301170/Output/ocm04301170_0233.tif (deflated 4%)
  adding: mnt/lsdi/ocm04301170-1073/ocm04301170/Output/ocm04301170_0234.tif (deflated 4%)
  adding: mnt/lsdi/ocm04301170-1073/ocm04301170/Output/ocm04301170_0235.tif (deflated 4%)
  adding: mnt/lsdi/ocm04301170-1073/ocm04301170/Output/ocm04301170_0236.tif (deflated 4%)
  adding: mnt/lsdi/ocm04301170-1073/ocm04301170/Output/ocm04301170_0237.tif (deflated 4%)
  adding: mnt/lsdi/ocm04301170-1073/ocm04301170/Output/ocm04301170_0238.tif (deflated 4%)
  adding: mnt/lsdi/ocm04301170-1073/ocm04301170/Output/ocm04301170_0239.tif (deflated 4%)
  adding: mnt/lsdi/ocm04301170-1073/ocm04301170/Output/ocm04301170_0240.tif (deflated 4%)
  adding: mnt/lsdi/ocm04301170-1073/ocm04301170/Output/ocm04301170_0241.tif (deflated 4%)
  adding: mnt/lsdi/ocm04301170-1073/ocm04301170/Output/ocm04301170_0242.tif (deflated 4%)
  adding: mnt/lsdi/ocm04301170-1073/ocm04301170/Output/ocm04301170_0243.tif (deflated 4%)
  adding: mnt/lsdi/ocm04301170-1073/ocm04301170/Output/ocm04301170_0244.tif (deflated 4%)
  adding: mnt/lsdi/ocm04301170-1073/ocm04301170/Output/ocm04301170_0245.tif (deflated 4%)
  adding: mnt/lsdi/ocm04301170-1073/ocm04301170/Output/ocm04301170_0246.tif (deflated 4%)
  adding: mnt/lsdi/ocm04301170-1073/ocm04301170/Output/ocm04301170_0247.tif (deflated 4%)
  adding: mnt/lsdi/ocm04301170-1073/ocm04301170/Output/ocm04301170_0248.tif (deflated 4%)
  adding: mnt/lsdi/ocm04301170-1073/ocm04301170/Output/ocm04301170_0249.tif (deflated 4%)
  adding: mnt/lsdi/ocm04301170-1073/ocm04301170/Output/ocm04301170_0250.tif (deflated 4%)
  adding: mnt/lsdi/ocm04301170-1073/ocm04301170/Output/ocm04301170_0251.tif (deflated 4%)
  adding: mnt/lsdi/ocm04301170-1073/ocm04301170/Output/ocm04301170_0252.tif (deflated 4%)
  adding: mnt/lsdi/ocm04301170-1073/ocm04301170/Output/ocm04301170_0253.tif (deflated 4%)
  adding: mnt/lsdi/ocm04301170-1073/ocm04301170/Output/ocm04301170_0254.tif (deflated 4%)
  adding: mnt/lsdi/ocm04301170-1073/ocm04301170/Output/ocm04301170_0255.tif (deflated 4%)
  adding: mnt/lsdi/ocm04301170-1073/ocm04301170/Output/ocm04301170_0256.tif (deflated 4%)
  adding: mnt/lsdi/ocm04301170-1073/ocm04301170/Output/ocm04301170_0257.tif (deflated 4%)
  adding: mnt/lsdi/ocm04301170-1073/ocm04301170/Output/ocm04301170_0258.tif (deflated 4%)
  adding: mnt/lsdi/ocm04301170-1073/ocm04301170/Output/ocm04301170_0259.tif (deflated 4%)
  adding: mnt/lsdi/ocm04301170-1073/ocm04301170/Output/ocm04301170_0260.tif (deflated 4%)
  adding: mnt/lsdi/ocm04301170-1073/ocm04301170/Output/ocm04301170_0261.tif (deflated 4%)
  adding: mnt/lsdi/ocm04301170-1073/ocm04301170/Output/ocm04301170_0262.tif (deflated 4%)
  adding: mnt/lsdi/ocm04301170-1073/ocm04301170/Output/ocm04301170_0263.tif (deflated 4%)
  adding: mnt/lsdi/ocm04301170-1073/ocm04301170/Output/ocm04301170_0264.tif (deflated 4%)
  adding: mnt/lsdi/ocm04301170-1073/ocm04301170/Output/ocm04301170_0265.tif (deflated 4%)
  adding: mnt/lsdi/ocm04301170-1073/ocm04301170/Output/ocm04301170_0266.tif (deflated 4%)
  adding: mnt/lsdi/ocm04301170-1073/ocm04301170/Output/ocm04301170_0267.tif (deflated 3%)
  adding: mnt/lsdi/ocm04301170-1073/ocm04301170/Output/ocm04301170_0268.tif (deflated 4%)
  adding: mnt/lsdi/ocm04301170-1073/ocm04301170/Output/ocm04301170_0269.tif (deflated 4%)
  adding: mnt/lsdi/ocm04301170-1073/ocm04301170/Output/ocm04301170_0270.tif (deflated 4%)
  adding: mnt/lsdi/ocm04301170-1073/ocm04301170/Output/ocm04301170_0271.tif (deflated 4%)
  adding: mnt/lsdi/ocm04301170-1073/ocm04301170/Output/ocm04301170_0272.tif (deflated 4%)
  adding: mnt/lsdi/ocm04301170-1073/ocm04301170/Output/ocm04301170_0273.tif (deflated 4%)
  adding: mnt/lsdi/ocm04301170-1073/ocm04301170/Output/ocm04301170_0274.tif (deflated 4%)
  adding: mnt/lsdi/ocm04301170-1073/ocm04301170/Output/ocm04301170_0275.tif (deflated 4%)
  adding: mnt/lsdi/ocm04301170-1073/ocm04301170/Output/ocm04301170_0276.tif (deflated 4%)
  adding: mnt/lsdi/ocm04301170-1073/ocm04301170/Output/ocm04301170_0277.tif (deflated 4%)
  adding: mnt/lsdi/ocm04301170-1073/ocm04301170/Output/ocm04301170_0278.tif (deflated 4%)
  adding: mnt/lsdi/ocm04301170-1073/ocm04301170/Output/ocm04301170_0279.tif (deflated 4%)
  adding: mnt/lsdi/ocm04301170-1073/ocm04301170/Output/ocm04301170_0280.tif (deflated 4%)
  adding: mnt/lsdi/ocm04301170-1073/ocm04301170/Output/ocm04301170_0281.tif (deflated 4%)
  adding: mnt/lsdi/ocm04301170-1073/ocm04301170/Output/ocm04301170_0282.tif (deflated 4%)
  adding: mnt/lsdi/ocm04301170-1073/ocm04301170/Output/ocm04301170_0283.tif (deflated 4%)
  adding: mnt/lsdi/ocm04301170-1073/ocm04301170/Output/ocm04301170_0284.tif (deflated 4%)
  adding: mnt/lsdi/ocm04301170-1073/ocm04301170/Output/ocm04301170_0285.tif (deflated 4%)
  adding: mnt/lsdi/ocm04301170-1073/ocm04301170/Output/ocm04301170_0286.tif (deflated 4%)
  adding: mnt/lsdi/ocm04301170-1073/ocm04301170/Output/ocm04301170_0287.tif (deflated 4%)
  adding: mnt/lsdi/ocm04301170-1073/ocm04301170/Output/ocm04301170_0288.tif (deflated 4%)
  adding: mnt/lsdi/ocm04301170-1073/ocm04301170/Output/ocm04301170_0289.tif (deflated 4%)
  adding: mnt/lsdi/ocm04301170-1073/ocm04301170/Output/ocm04301170_0290.tif (deflated 6%)
  adding: mnt/lsdi/ocm04301170-1073/ocm04301170/Output/ocm04301170_0291.tif (deflated 4%)
  adding: mnt/lsdi/ocm04301170-1073/ocm04301170/Output/ocm04301170_0292.tif (deflated 4%)
  adding: mnt/lsdi/ocm04301170-1073/ocm04301170/Output/ocm04301170_0293.tif (deflated 4%)
  adding: mnt/lsdi/ocm04301170-1073/ocm04301170/Output/ocm04301170_0294.tif (deflated 4%)
  adding: mnt/lsdi/ocm04301170-1073/ocm04301170/Output/ocm04301170_0295.tif (deflated 5%)
  adding: mnt/lsdi/ocm04301170-1073/ocm04301170/Output/ocm04301170_0296.tif (deflated 3%)
  adding: mnt/lsdi/ocm04301170-1073/ocm04301170/Output/ocm04301170_0297.tif (deflated 3%)
  adding: mnt/lsdi/ocm04301170-1073/ocm04301170/Output/ocm04301170_0298.tif (deflated 3%)
  adding: mnt/lsdi/ocm04301170-1073/ocm04301170/Output/ocm04301170_0299.tif (deflated 3%)
  adding: mnt/lsdi/ocm04301170-1073/ocm04301170/Output/ocm04301170_0300.tif (deflated 3%)
  adding: mnt/lsdi/ocm04301170-1073/ocm04301170/Output/ocm04301170_0301.tif (deflated 3%)
  adding: mnt/lsdi/ocm04301170-1073/ocm04301170/Output/ocm04301170_0302.tif (deflated 3%)
  adding: mnt/lsdi/ocm04301170-1073/ocm04301170/Output/ocm04301170_0303.tif (deflated 3%)
  adding: mnt/lsdi/ocm04301170-1073/ocm04301170/Output/ocm04301170_0304.tif (deflated 3%)
  adding: mnt/lsdi/ocm04301170-1073/ocm04301170/Output/ocm04301170_0305.tif (deflated 3%)
  adding: mnt/lsdi/ocm04301170-1073/ocm04301170/Output/ocm04301170_0306.tif (deflated 3%)
  adding: mnt/lsdi/ocm04301170-1073/ocm04301170/Output/ocm04301170_0307.tif