01225214
curl --location --header x-amz-auto-make-bucket:1 --header x-archive-ignore-preexisting-bucket:1 --header x-archive-queue-derive:0 --header x-archive-meta-mediatype:texts --header x-archive-meta03-collection:emory --header x-archive-meta01-collection:americanmethodism --header x-archive-meta-sponsor:Emory University, Pitts Theology Library --header x-archive-meta-contributor:Emory University, Pitts Theology Library --header x-archive-meta-ppi:300 --header authorization: LOW fpJYfLnxbLmCEHqU:JQbq6NgBaPrSh98Y --upload-file /mnt/lsdi/ocm01225214/ocm01225214/ocm01225214_MRC.xml http://s3.us.archive.org/01225214.emory.edu/01225214.emory.edu_marc.xml
  % Total    % Received % Xferd  Average Speed   Time    Time     Time  Current
                                 Dload  Upload   Total   Spent    Left  Speed
  0     0    0     0    0     0      0      0 --:--:-- --:--:-- --:--:--     0  0  3799    0     0    0     0      0      0 --:--:--  0:00:01 --:--:--     0100  3799    0     0  100  3799      0   1814  0:00:02  0:00:02 --:--:--  1880100  3799    0     0  100  3799      0   1227  0:00:03  0:00:03 --:--:--  1257100  3799    0     0  100  3799      0   1212  0:00:03  0:00:03 --:--:--  1241100  3799    0     0  100  3799      0    918  0:00:04  0:00:04 --:--:--   935100  3799    0     0  100  3799      0    739  0:00:05  0:00:05 --:--:--   935100  3799    0     0  100  3799      0    618  0:00:06  0:00:06 --:--:--     0100  3799    0     0  100  3799      0    531  0:00:07  0:00:07 --:--:--     0100  3799    0     0  100  3799      0    466  0:00:08  0:00:08 --:--:--     0100  3799    0     0  100  3799      0    415  0:00:09  0:00:09 --:--:--     0100  3799    0     0  100  3799      0    409  0:00:09  0:00:09 --:--:--     0
zip -r /temp/ocm01225214_images.zip /mnt/lsdi/ocm01225214/ocm01225214/Output/0000.tif /mnt/lsdi/ocm01225214/ocm01225214/Output/0000a.tif /mnt/lsdi/ocm01225214/ocm01225214/Output/0001.tif /mnt/lsdi/ocm01225214/ocm01225214/Output/0002.tif /mnt/lsdi/ocm01225214/ocm01225214/Output/0003.tif /mnt/lsdi/ocm01225214/ocm01225214/Output/0004.tif /mnt/lsdi/ocm01225214/ocm01225214/Output/0005.tif /mnt/lsdi/ocm01225214/ocm01225214/Output/0006.tif /mnt/lsdi/ocm01225214/ocm01225214/Output/0007.tif /mnt/lsdi/ocm01225214/ocm01225214/Output/0008.tif /mnt/lsdi/ocm01225214/ocm01225214/Output/0009.tif /mnt/lsdi/ocm01225214/ocm01225214/Output/0010.tif /mnt/lsdi/ocm01225214/ocm01225214/Output/0011.tif /mnt/lsdi/ocm01225214/ocm01225214/Output/0012.tif /mnt/lsdi/ocm01225214/ocm01225214/Output/0013.tif /mnt/lsdi/ocm01225214/ocm01225214/Output/0014.tif /mnt/lsdi/ocm01225214/ocm01225214/Output/0015.tif /mnt/lsdi/ocm01225214/ocm01225214/Output/0016.tif /mnt/lsdi/ocm01225214/ocm01225214/Output/0017.tif /mnt/lsdi/ocm01225214/ocm01225214/Output/0018.tif /mnt/lsdi/ocm01225214/ocm01225214/Output/0019.tif /mnt/lsdi/ocm01225214/ocm01225214/Output/0020.tif /mnt/lsdi/ocm01225214/ocm01225214/Output/0021.tif /mnt/lsdi/ocm01225214/ocm01225214/Output/0022.tif /mnt/lsdi/ocm01225214/ocm01225214/Output/0023.tif /mnt/lsdi/ocm01225214/ocm01225214/Output/0024.tif /mnt/lsdi/ocm01225214/ocm01225214/Output/0025.tif /mnt/lsdi/ocm01225214/ocm01225214/Output/0026.tif /mnt/lsdi/ocm01225214/ocm01225214/Output/0027.tif /mnt/lsdi/ocm01225214/ocm01225214/Output/0028.tif /mnt/lsdi/ocm01225214/ocm01225214/Output/0029.tif /mnt/lsdi/ocm01225214/ocm01225214/Output/0030.tif /mnt/lsdi/ocm01225214/ocm01225214/Output/0031.tif /mnt/lsdi/ocm01225214/ocm01225214/Output/0032.tif /mnt/lsdi/ocm01225214/ocm01225214/Output/0033.tif /mnt/lsdi/ocm01225214/ocm01225214/Output/0034.tif /mnt/lsdi/ocm01225214/ocm01225214/Output/0035.tif /mnt/lsdi/ocm01225214/ocm01225214/Output/0036.tif /mnt/lsdi/ocm01225214/ocm01225214/Output/0037.tif /mnt/lsdi/ocm01225214/ocm01225214/Output/0038.tif /mnt/lsdi/ocm01225214/ocm01225214/Output/0039.tif /mnt/lsdi/ocm01225214/ocm01225214/Output/0040.tif /mnt/lsdi/ocm01225214/ocm01225214/Output/0041.tif /mnt/lsdi/ocm01225214/ocm01225214/Output/0042.tif /mnt/lsdi/ocm01225214/ocm01225214/Output/0043.tif /mnt/lsdi/ocm01225214/ocm01225214/Output/0044.tif /mnt/lsdi/ocm01225214/ocm01225214/Output/0045.tif /mnt/lsdi/ocm01225214/ocm01225214/Output/0046.tif /mnt/lsdi/ocm01225214/ocm01225214/Output/0047.tif /mnt/lsdi/ocm01225214/ocm01225214/Output/0048.tif /mnt/lsdi/ocm01225214/ocm01225214/Output/0049.tif /mnt/lsdi/ocm01225214/ocm01225214/Output/0050.tif /mnt/lsdi/ocm01225214/ocm01225214/Output/0051.tif /mnt/lsdi/ocm01225214/ocm01225214/Output/0052.tif /mnt/lsdi/ocm01225214/ocm01225214/Output/0053.tif /mnt/lsdi/ocm01225214/ocm01225214/Output/0054.tif /mnt/lsdi/ocm01225214/ocm01225214/Output/0055.tif /mnt/lsdi/ocm01225214/ocm01225214/Output/0056.tif /mnt/lsdi/ocm01225214/ocm01225214/Output/0057.tif /mnt/lsdi/ocm01225214/ocm01225214/Output/0058.tif /mnt/lsdi/ocm01225214/ocm01225214/Output/0059.tif /mnt/lsdi/ocm01225214/ocm01225214/Output/0060.tif /mnt/lsdi/ocm01225214/ocm01225214/Output/0061.tif /mnt/lsdi/ocm01225214/ocm01225214/Output/0062.tif /mnt/lsdi/ocm01225214/ocm01225214/Output/0063.tif /mnt/lsdi/ocm01225214/ocm01225214/Output/0064.tif /mnt/lsdi/ocm01225214/ocm01225214/Output/0065.tif /mnt/lsdi/ocm01225214/ocm01225214/Output/0066.tif /mnt/lsdi/ocm01225214/ocm01225214/Output/0067.tif /mnt/lsdi/ocm01225214/ocm01225214/Output/0068.tif /mnt/lsdi/ocm01225214/ocm01225214/Output/0069.tif /mnt/lsdi/ocm01225214/ocm01225214/Output/0070.tif /mnt/lsdi/ocm01225214/ocm01225214/Output/0071.tif /mnt/lsdi/ocm01225214/ocm01225214/Output/0072.tif /mnt/lsdi/ocm01225214/ocm01225214/Output/0073.tif /mnt/lsdi/ocm01225214/ocm01225214/Output/0074.tif /mnt/lsdi/ocm01225214/ocm01225214/Output/0075.tif /mnt/lsdi/ocm01225214/ocm01225214/Output/0076.tif /mnt/lsdi/ocm01225214/ocm01225214/Output/0077.tif /mnt/lsdi/ocm01225214/ocm01225214/Output/0078.tif /mnt/lsdi/ocm01225214/ocm01225214/Output/0079.tif /mnt/lsdi/ocm01225214/ocm01225214/Output/0080.tif /mnt/lsdi/ocm01225214/ocm01225214/Output/0081.tif /mnt/lsdi/ocm01225214/ocm01225214/Output/0082.tif /mnt/lsdi/ocm01225214/ocm01225214/Output/0083.tif /mnt/lsdi/ocm01225214/ocm01225214/Output/0084.tif /mnt/lsdi/ocm01225214/ocm01225214/Output/0085.tif /mnt/lsdi/ocm01225214/ocm01225214/Output/0086.tif /mnt/lsdi/ocm01225214/ocm01225214/Output/0087.tif /mnt/lsdi/ocm01225214/ocm01225214/Output/0088.tif /mnt/lsdi/ocm01225214/ocm01225214/Output/0089.tif /mnt/lsdi/ocm01225214/ocm01225214/Output/0090.tif /mnt/lsdi/ocm01225214/ocm01225214/Output/0091.tif /mnt/lsdi/ocm01225214/ocm01225214/Output/0092.tif /mnt/lsdi/ocm01225214/ocm01225214/Output/0093.tif /mnt/lsdi/ocm01225214/ocm01225214/Output/0094.tif /mnt/lsdi/ocm01225214/ocm01225214/Output/0095.tif /mnt/lsdi/ocm01225214/ocm01225214/Output/0096.tif /mnt/lsdi/ocm01225214/ocm01225214/Output/0097.tif /mnt/lsdi/ocm01225214/ocm01225214/Output/0098.tif /mnt/lsdi/ocm01225214/ocm01225214/Output/0099.tif /mnt/lsdi/ocm01225214/ocm01225214/Output/0100.tif /mnt/lsdi/ocm01225214/ocm01225214/Output/0101.tif /mnt/lsdi/ocm01225214/ocm01225214/Output/0102.tif /mnt/lsdi/ocm01225214/ocm01225214/Output/0103.tif /mnt/lsdi/ocm01225214/ocm01225214/Output/0104.tif /mnt/lsdi/ocm01225214/ocm01225214/Output/0105.tif /mnt/lsdi/ocm01225214/ocm01225214/Output/0106.tif /mnt/lsdi/ocm01225214/ocm01225214/Output/0107.tif /mnt/lsdi/ocm01225214/ocm01225214/Output/0108.tif /mnt/lsdi/ocm01225214/ocm01225214/Output/0109.tif /mnt/lsdi/ocm01225214/ocm01225214/Output/0110.tif /mnt/lsdi/ocm01225214/ocm01225214/Output/0111.tif /mnt/lsdi/ocm01225214/ocm01225214/Output/0112.tif /mnt/lsdi/ocm01225214/ocm01225214/Output/0113.tif /mnt/lsdi/ocm01225214/ocm01225214/Output/0114.tif /mnt/lsdi/ocm01225214/ocm01225214/Output/0115.tif /mnt/lsdi/ocm01225214/ocm01225214/Output/0116.tif /mnt/lsdi/ocm01225214/ocm01225214/Output/0117.tif /mnt/lsdi/ocm01225214/ocm01225214/Output/0118.tif /mnt/lsdi/ocm01225214/ocm01225214/Output/0119.tif /mnt/lsdi/ocm01225214/ocm01225214/Output/0120.tif /mnt/lsdi/ocm01225214/ocm01225214/Output/0121.tif /mnt/lsdi/ocm01225214/ocm01225214/Output/0122.tif /mnt/lsdi/ocm01225214/ocm01225214/Output/0123.tif /mnt/lsdi/ocm01225214/ocm01225214/Output/0124.tif /mnt/lsdi/ocm01225214/ocm01225214/Output/0125.tif /mnt/lsdi/ocm01225214/ocm01225214/Output/0126.tif /mnt/lsdi/ocm01225214/ocm01225214/Output/0127.tif /mnt/lsdi/ocm01225214/ocm01225214/Output/0128.tif /mnt/lsdi/ocm01225214/ocm01225214/Output/0129.tif /mnt/lsdi/ocm01225214/ocm01225214/Output/0130.tif /mnt/lsdi/ocm01225214/ocm01225214/Output/0131.tif /mnt/lsdi/ocm01225214/ocm01225214/Output/0132.tif /mnt/lsdi/ocm01225214/ocm01225214/Output/0133.tif /mnt/lsdi/ocm01225214/ocm01225214/Output/0134.tif /mnt/lsdi/ocm01225214/ocm01225214/Output/0135.tif /mnt/lsdi/ocm01225214/ocm01225214/Output/0136.tif /mnt/lsdi/ocm01225214/ocm01225214/Output/0137.tif /mnt/lsdi/ocm01225214/ocm01225214/Output/0138.tif /mnt/lsdi/ocm01225214/ocm01225214/Output/0139.tif /mnt/lsdi/ocm01225214/ocm01225214/Output/0140.tif /mnt/lsdi/ocm01225214/ocm01225214/Output/0141.tif /mnt/lsdi/ocm01225214/ocm01225214/Output/0142.tif /mnt/lsdi/ocm01225214/ocm01225214/Output/0143.tif /mnt/lsdi/ocm01225214/ocm01225214/Output/0144.tif /mnt/lsdi/ocm01225214/ocm01225214/Output/0145.tif /mnt/lsdi/ocm01225214/ocm01225214/Output/0146.tif /mnt/lsdi/ocm01225214/ocm01225214/Output/0147.tif /mnt/lsdi/ocm01225214/ocm01225214/Output/0148.tif /mnt/lsdi/ocm01225214/ocm01225214/Output/0149.tif /mnt/lsdi/ocm01225214/ocm01225214/Output/0150.tif /mnt/lsdi/ocm01225214/ocm01225214/Output/0151.tif /mnt/lsdi/ocm01225214/ocm01225214/Output/0152.tif /mnt/lsdi/ocm01225214/ocm01225214/Output/0153.tif /mnt/lsdi/ocm01225214/ocm01225214/Output/0154.tif /mnt/lsdi/ocm01225214/ocm01225214/Output/0155.tif /mnt/lsdi/ocm01225214/ocm01225214/Output/0156.tif /mnt/lsdi/ocm01225214/ocm01225214/Output/0157.tif /mnt/lsdi/ocm01225214/ocm01225214/Output/0158.tif /mnt/lsdi/ocm01225214/ocm01225214/Output/0159.tif /mnt/lsdi/ocm01225214/ocm01225214/Output/0160.tif /mnt/lsdi/ocm01225214/ocm01225214/Output/0161.tif /mnt/lsdi/ocm01225214/ocm01225214/Output/0162.tif /mnt/lsdi/ocm01225214/ocm01225214/Output/0163.tif /mnt/lsdi/ocm01225214/ocm01225214/Output/0164.tif /mnt/lsdi/ocm01225214/ocm01225214/Output/0165.tif /mnt/lsdi/ocm01225214/ocm01225214/Output/0166.tif /mnt/lsdi/ocm01225214/ocm01225214/Output/0167.tif /mnt/lsdi/ocm01225214/ocm01225214/Output/0168.tif /mnt/lsdi/ocm01225214/ocm01225214/Output/0169.tif /mnt/lsdi/ocm01225214/ocm01225214/Output/0170.tif /mnt/lsdi/ocm01225214/ocm01225214/Output/0171.tif /mnt/lsdi/ocm01225214/ocm01225214/Output/0172.tif /mnt/lsdi/ocm01225214/ocm01225214/Output/0173.tif /mnt/lsdi/ocm01225214/ocm01225214/Output/0174.tif /mnt/lsdi/ocm01225214/ocm01225214/Output/0175.tif /mnt/lsdi/ocm01225214/ocm01225214/Output/0176.tif /mnt/lsdi/ocm01225214/ocm01225214/Output/0177.tif /mnt/lsdi/ocm01225214/ocm01225214/Output/0178.tif /mnt/lsdi/ocm01225214/ocm01225214/Output/0179.tif /mnt/lsdi/ocm01225214/ocm01225214/Output/0180.tif /mnt/lsdi/ocm01225214/ocm01225214/Output/0181.tif /mnt/lsdi/ocm01225214/ocm01225214/Output/0182.tif /mnt/lsdi/ocm01225214/ocm01225214/Output/0183.tif /mnt/lsdi/ocm01225214/ocm01225214/Output/0184.tif /mnt/lsdi/ocm01225214/ocm01225214/Output/0185.tif /mnt/lsdi/ocm01225214/ocm01225214/Output/0186.tif /mnt/lsdi/ocm01225214/ocm01225214/Output/0187.tif /mnt/lsdi/ocm01225214/ocm01225214/Output/0188.tif /mnt/lsdi/ocm01225214/ocm01225214/Output/0189.tif /mnt/lsdi/ocm01225214/ocm01225214/Output/0190.tif /mnt/lsdi/ocm01225214/ocm01225214/Output/0191.tif /mnt/lsdi/ocm01225214/ocm01225214/Output/0192.tif /mnt/lsdi/ocm01225214/ocm01225214/Output/0193.tif /mnt/lsdi/ocm01225214/ocm01225214/Output/0194.tif /mnt/lsdi/ocm01225214/ocm01225214/Output/0195.tif /mnt/lsdi/ocm01225214/ocm01225214/Output/0196.tif /mnt/lsdi/ocm01225214/ocm01225214/Output/0197.tif /mnt/lsdi/ocm01225214/ocm01225214/Output/0198.tif /mnt/lsdi/ocm01225214/ocm01225214/Output/0199.tif /mnt/lsdi/ocm01225214/ocm01225214/Output/0200.tif /mnt/lsdi/ocm01225214/ocm01225214/Output/0201.tif /mnt/lsdi/ocm01225214/ocm01225214/Output/0202.tif /mnt/lsdi/ocm01225214/ocm01225214/Output/0203.tif /mnt/lsdi/ocm01225214/ocm01225214/Output/0204.tif /mnt/lsdi/ocm01225214/ocm01225214/Output/0205.tif /mnt/lsdi/ocm01225214/ocm01225214/Output/0206.tif /mnt/lsdi/ocm01225214/ocm01225214/Output/0207.tif /mnt/lsdi/ocm01225214/ocm01225214/Output/0208.tif /mnt/lsdi/ocm01225214/ocm01225214/Output/0209.tif /mnt/lsdi/ocm01225214/ocm01225214/Output/0210.tif /mnt/lsdi/ocm01225214/ocm01225214/Output/0211.tif /mnt/lsdi/ocm01225214/ocm01225214/Output/0212.tif /mnt/lsdi/ocm01225214/ocm01225214/Output/0213.tif /mnt/lsdi/ocm01225214/ocm01225214/Output/0214.tif /mnt/lsdi/ocm01225214/ocm01225214/Output/0215.tif /mnt/lsdi/ocm01225214/ocm01225214/Output/0216.tif /mnt/lsdi/ocm01225214/ocm01225214/Output/0217.tif /mnt/lsdi/ocm01225214/ocm01225214/Output/0218.tif /mnt/lsdi/ocm01225214/ocm01225214/Output/0219.tif /mnt/lsdi/ocm01225214/ocm01225214/Output/0220.tif /mnt/lsdi/ocm01225214/ocm01225214/Output/0221.tif /mnt/lsdi/ocm01225214/ocm01225214/Output/0222.tif /mnt/lsdi/ocm01225214/ocm01225214/Output/0223.tif /mnt/lsdi/ocm01225214/ocm01225214/Output/0224.tif /mnt/lsdi/ocm01225214/ocm01225214/Output/0225.tif /mnt/lsdi/ocm01225214/ocm01225214/Output/0226.tif /mnt/lsdi/ocm01225214/ocm01225214/Output/0227.tif /mnt/lsdi/ocm01225214/ocm01225214/Output/0228.tif /mnt/lsdi/ocm01225214/ocm01225214/Output/0229.tif /mnt/lsdi/ocm01225214/ocm01225214/Output/0230.tif /mnt/lsdi/ocm01225214/ocm01225214/Output/0231.tif /mnt/lsdi/ocm01225214/ocm01225214/Output/0232.tif /mnt/lsdi/ocm01225214/ocm01225214/Output/0233.tif /mnt/lsdi/ocm01225214/ocm01225214/Output/0234.tif /mnt/lsdi/ocm01225214/ocm01225214/Output/0235.tif /mnt/lsdi/ocm01225214/ocm01225214/Output/0236.tif /mnt/lsdi/ocm01225214/ocm01225214/Output/0237.tif /mnt/lsdi/ocm01225214/ocm01225214/Output/0238.tif /mnt/lsdi/ocm01225214/ocm01225214/Output/0239.tif /mnt/lsdi/ocm01225214/ocm01225214/Output/0240.tif /mnt/lsdi/ocm01225214/ocm01225214/Output/0241.tif /mnt/lsdi/ocm01225214/ocm01225214/Output/0242.tif /mnt/lsdi/ocm01225214/ocm01225214/Output/0243.tif /mnt/lsdi/ocm01225214/ocm01225214/Output/0244.tif /mnt/lsdi/ocm01225214/ocm01225214/Output/0245.tif /mnt/lsdi/ocm01225214/ocm01225214/Output/0246.tif /mnt/lsdi/ocm01225214/ocm01225214/Output/0247.tif /mnt/lsdi/ocm01225214/ocm01225214/Output/0248.tif /mnt/lsdi/ocm01225214/ocm01225214/Output/0249.tif /mnt/lsdi/ocm01225214/ocm01225214/Output/0250.tif /mnt/lsdi/ocm01225214/ocm01225214/Output/0251.tif /mnt/lsdi/ocm01225214/ocm01225214/Output/0252.tif /mnt/lsdi/ocm01225214/ocm01225214/Output/0253.tif /mnt/lsdi/ocm01225214/ocm01225214/Output/0254.tif /mnt/lsdi/ocm01225214/ocm01225214/Output/0255.tif /mnt/lsdi/ocm01225214/ocm01225214/Output/0256.tif /mnt/lsdi/ocm01225214/ocm01225214/Output/0257.tif /mnt/lsdi/ocm01225214/ocm01225214/Output/0258.tif /mnt/lsdi/ocm01225214/ocm01225214/Output/0259.tif /mnt/lsdi/ocm01225214/ocm01225214/Output/0260.tif /mnt/lsdi/ocm01225214/ocm01225214/Output/0261.tif /mnt/lsdi/ocm01225214/ocm01225214/Output/0262.tif /mnt/lsdi/ocm01225214/ocm01225214/Output/0263.tif /mnt/lsdi/ocm01225214/ocm01225214/Output/0264.tif /mnt/lsdi/ocm01225214/ocm01225214/Output/0265.tif /mnt/lsdi/ocm01225214/ocm01225214/Output/0266.tif /mnt/lsdi/ocm01225214/ocm01225214/Output/0267.tif /mnt/lsdi/ocm01225214/ocm01225214/Output/0268.tif /mnt/lsdi/ocm01225214/ocm01225214/Output/0269.tif /mnt/lsdi/ocm01225214/ocm01225214/Output/0270.tif /mnt/lsdi/ocm01225214/ocm01225214/Output/0271.tif /mnt/lsdi/ocm01225214/ocm01225214/Output/0272.tif /mnt/lsdi/ocm01225214/ocm01225214/Output/0272a.tif /mnt/lsdi/ocm01225214/ocm01225214/Output/0272b.tif /mnt/lsdi/ocm01225214/ocm01225214/Output/0273.tif /mnt/lsdi/ocm01225214/ocm01225214/Output/0274.tif /mnt/lsdi/ocm01225214/ocm01225214/Output/0275.tif /mnt/lsdi/ocm01225214/ocm01225214/Output/0276.tif /mnt/lsdi/ocm01225214/ocm01225214/Output/0277.tif /mnt/lsdi/ocm01225214/ocm01225214/Output/0278.tif /mnt/lsdi/ocm01225214/ocm01225214/Output/0278a.tif /mnt/lsdi/ocm01225214/ocm01225214/Output/0278b.tif /mnt/lsdi/ocm01225214/ocm01225214/Output/0278c.tif /mnt/lsdi/ocm01225214/ocm01225214/Output/0278d.tif /mnt/lsdi/ocm01225214/ocm01225214/Output/0279.tif /mnt/lsdi/ocm01225214/ocm01225214/Output/0280.tif /mnt/lsdi/ocm01225214/ocm01225214/Output/0281.tif /mnt/lsdi/ocm01225214/ocm01225214/Output/0282.tif /mnt/lsdi/ocm01225214/ocm01225214/Output/0283.tif /mnt/lsdi/ocm01225214/ocm01225214/Output/0284.tif /mnt/lsdi/ocm01225214/ocm01225214/Output/0285.tif /mnt/lsdi/ocm01225214/ocm01225214/Output/0286.tif /mnt/lsdi/ocm01225214/ocm01225214/Output/0286a.tif /mnt/lsdi/ocm01225214/ocm01225214/Output/0286b.tif /mnt/lsdi/ocm01225214/ocm01225214/Output/0287.tif /mnt/lsdi/ocm01225214/ocm01225214/Output/0288.tif /mnt/lsdi/ocm01225214/ocm01225214/Output/0288a.tif /mnt/lsdi/ocm01225214/ocm01225214/Output/0288b.tif /mnt/lsdi/ocm01225214/ocm01225214/Output/0289.tif /mnt/lsdi/ocm01225214/ocm01225214/Output/0290.tif /mnt/lsdi/ocm01225214/ocm01225214/Output/0291.tif /mnt/lsdi/ocm01225214/ocm01225214/Output/0292.tif /mnt/lsdi/ocm01225214/ocm01225214/Output/0293.tif /mnt/lsdi/ocm01225214/ocm01225214/Output/0294.tif /mnt/lsdi/ocm01225214/ocm01225214/Output/0294a.tif /mnt/lsdi/ocm01225214/ocm01225214/Output/0294b.tif /mnt/lsdi/ocm01225214/ocm01225214/Output/0295.tif /mnt/lsdi/ocm01225214/ocm01225214/Output/0296.tif /mnt/lsdi/ocm01225214/ocm01225214/Output/0297.tif /mnt/lsdi/ocm01225214/ocm01225214/Output/0298.tif /mnt/lsdi/ocm01225214/ocm01225214/Output/0299.tif /mnt/lsdi/ocm01225214/ocm01225214/Output/0300.tif /mnt/lsdi/ocm01225214/ocm01225214/Output/0301.tif /mnt/lsdi/ocm01225214/ocm01225214/Output/0302.tif /mnt/lsdi/ocm01225214/ocm01225214/Output/0303.tif /mnt/lsdi/ocm01225214/ocm01225214/Output/0304.tif /mnt/lsdi/ocm01225214/ocm01225214/Output/0305.tif /mnt/lsdi/ocm01225214/ocm01225214/Output/0306.tif /mnt/lsdi/ocm01225214/ocm01225214/Output/0307.tif /mnt/lsdi/ocm01225214/ocm01225214/Output/0308.tif /mnt/lsdi/ocm01225214/ocm01225214/Output/0309.tif /mnt/lsdi/ocm01225214/ocm01225214/Output/0310.tif
  adding: mnt/lsdi/ocm01225214/ocm01225214/Output/0000.tif (deflated 3%)
  adding: mnt/lsdi/ocm01225214/ocm01225214/Output/0000a.tif (deflated 3%)
  adding: mnt/lsdi/ocm01225214/ocm01225214/Output/0001.tif (deflated 5%)
  adding: mnt/lsdi/ocm01225214/ocm01225214/Output/0002.tif (deflated 6%)
  adding: mnt/lsdi/ocm01225214/ocm01225214/Output/0003.tif (deflated 28%)
  adding: mnt/lsdi/ocm01225214/ocm01225214/Output/0004.tif (deflated 4%)
  adding: mnt/lsdi/ocm01225214/ocm01225214/Output/0005.tif (deflated 3%)
  adding: mnt/lsdi/ocm01225214/ocm01225214/Output/0006.tif (deflated 4%)
  adding: mnt/lsdi/ocm01225214/ocm01225214/Output/0007.tif (deflated 4%)
  adding: mnt/lsdi/ocm01225214/ocm01225214/Output/0008.tif (deflated 4%)
  adding: mnt/lsdi/ocm01225214/ocm01225214/Output/0009.tif (deflated 4%)
  adding: mnt/lsdi/ocm01225214/ocm01225214/Output/0010.tif (deflated 4%)
  adding: mnt/lsdi/ocm01225214/ocm01225214/Output/0011.tif (deflated 5%)
  adding: mnt/lsdi/ocm01225214/ocm01225214/Output/0012.tif (deflated 4%)
  adding: mnt/lsdi/ocm01225214/ocm01225214/Output/0013.tif (deflated 3%)
  adding: mnt/lsdi/ocm01225214/ocm01225214/Output/0014.tif (deflated 3%)
  adding: mnt/lsdi/ocm01225214/ocm01225214/Output/0015.tif (deflated 4%)
  adding: mnt/lsdi/ocm01225214/ocm01225214/Output/0016.tif (deflated 5%)
  adding: mnt/lsdi/ocm01225214/ocm01225214/Output/0017.tif (deflated 3%)
  adding: mnt/lsdi/ocm01225214/ocm01225214/Output/0018.tif (deflated 7%)
  adding: mnt/lsdi/ocm01225214/ocm01225214/Output/0019.tif (deflated 3%)
  adding: mnt/lsdi/ocm01225214/ocm01225214/Output/0020.tif (deflated 4%)
  adding: mnt/lsdi/ocm01225214/ocm01225214/Output/0021.tif (deflated 3%)
  adding: mnt/lsdi/ocm01225214/ocm01225214/Output/0022.tif (deflated 4%)
  adding: mnt/lsdi/ocm01225214/ocm01225214/Output/0023.tif (deflated 4%)
  adding: mnt/lsdi/ocm01225214/ocm01225214/Output/0024.tif (deflated 5%)
  adding: mnt/lsdi/ocm01225214/ocm01225214/Output/0025.tif (deflated 4%)
  adding: mnt/lsdi/ocm01225214/ocm01225214/Output/0026.tif (deflated 4%)
  adding: mnt/lsdi/ocm01225214/ocm01225214/Output/0027.tif (deflated 4%)
  adding: mnt/lsdi/ocm01225214/ocm01225214/Output/0028.tif (deflated 4%)
  adding: mnt/lsdi/ocm01225214/ocm01225214/Output/0029.tif (deflated 5%)
  adding: mnt/lsdi/ocm01225214/ocm01225214/Output/0030.tif (deflated 5%)
  adding: mnt/lsdi/ocm01225214/ocm01225214/Output/0031.tif (deflated 4%)
  adding: mnt/lsdi/ocm01225214/ocm01225214/Output/0032.tif (deflated 4%)
  adding: mnt/lsdi/ocm01225214/ocm01225214/Output/0033.tif (deflated 4%)
  adding: mnt/lsdi/ocm01225214/ocm01225214/Output/0034.tif (deflated 6%)
  adding: mnt/lsdi/ocm01225214/ocm01225214/Output/0035.tif (deflated 3%)
  adding: mnt/lsdi/ocm01225214/ocm01225214/Output/0036.tif (deflated 4%)
  adding: mnt/lsdi/ocm01225214/ocm01225214/Output/0037.tif (deflated 4%)
  adding: mnt/lsdi/ocm01225214/ocm01225214/Output/0038.tif (deflated 4%)
  adding: mnt/lsdi/ocm01225214/ocm01225214/Output/0039.tif (deflated 4%)
  adding: mnt/lsdi/ocm01225214/ocm01225214/Output/0040.tif (deflated 4%)
  adding: mnt/lsdi/ocm01225214/ocm01225214/Output/0041.tif (deflated 2%)
  adding: mnt/lsdi/ocm01225214/ocm01225214/Output/0042.tif (deflated 4%)
  adding: mnt/lsdi/ocm01225214/ocm01225214/Output/0043.tif (deflated 4%)
  adding: mnt/lsdi/ocm01225214/ocm01225214/Output/0044.tif (deflated 4%)
  adding: mnt/lsdi/ocm01225214/ocm01225214/Output/0045.tif (deflated 4%)
  adding: mnt/lsdi/ocm01225214/ocm01225214/Output/0046.tif (deflated 2%)
  adding: mnt/lsdi/ocm01225214/ocm01225214/Output/0047.tif (deflated 4%)
  adding: mnt/lsdi/ocm01225214/ocm01225214/Output/0048.tif (deflated 4%)
  adding: mnt/lsdi/ocm01225214/ocm01225214/Output/0049.tif (deflated 3%)
  adding: mnt/lsdi/ocm01225214/ocm01225214/Output/0050.tif (deflated 4%)
  adding: mnt/lsdi/ocm01225214/ocm01225214/Output/0051.tif (deflated 4%)
  adding: mnt/lsdi/ocm01225214/ocm01225214/Output/0052.tif (deflated 4%)
  adding: mnt/lsdi/ocm01225214/ocm01225214/Output/0053.tif (deflated 3%)
  adding: mnt/lsdi/ocm01225214/ocm01225214/Output/0054.tif (deflated 4%)
  adding: mnt/lsdi/ocm01225214/ocm01225214/Output/0055.tif (deflated 5%)
  adding: mnt/lsdi/ocm01225214/ocm01225214/Output/0056.tif (deflated 4%)
  adding: mnt/lsdi/ocm01225214/ocm01225214/Output/0057.tif (deflated 4%)
  adding: mnt/lsdi/ocm01225214/ocm01225214/Output/0058.tif (deflated 3%)
  adding: mnt/lsdi/ocm01225214/ocm01225214/Output/0059.tif (deflated 4%)
  adding: mnt/lsdi/ocm01225214/ocm01225214/Output/0060.tif (deflated 4%)
  adding: mnt/lsdi/ocm01225214/ocm01225214/Output/0061.tif (deflated 4%)
  adding: mnt/lsdi/ocm01225214/ocm01225214/Output/0062.tif (deflated 3%)
  adding: mnt/lsdi/ocm01225214/ocm01225214/Output/0063.tif (deflated 4%)
  adding: mnt/lsdi/ocm01225214/ocm01225214/Output/0064.tif (deflated 3%)
  adding: mnt/lsdi/ocm01225214/ocm01225214/Output/0065.tif (deflated 4%)
  adding: mnt/lsdi/ocm01225214/ocm01225214/Output/0066.tif (deflated 4%)
  adding: mnt/lsdi/ocm01225214/ocm01225214/Output/0067.tif (deflated 4%)
  adding: mnt/lsdi/ocm01225214/ocm01225214/Output/0068.tif (deflated 5%)
  adding: mnt/lsdi/ocm01225214/ocm01225214/Output/0069.tif (deflated 4%)
  adding: mnt/lsdi/ocm01225214/ocm01225214/Output/0070.tif (deflated 4%)
  adding: mnt/lsdi/ocm01225214/ocm01225214/Output/0071.tif (deflated 4%)
  adding: mnt/lsdi/ocm01225214/ocm01225214/Output/0072.tif (deflated 7%)
  adding: mnt/lsdi/ocm01225214/ocm01225214/Output/0073.tif (deflated 2%)
  adding: mnt/lsdi/ocm01225214/ocm01225214/Output/0074.tif (deflated 4%)
  adding: mnt/lsdi/ocm01225214/ocm01225214/Output/0075.tif (deflated 3%)
  adding: mnt/lsdi/ocm01225214/ocm01225214/Output/0076.tif (deflated 3%)
  adding: mnt/lsdi/ocm01225214/ocm01225214/Output/0077.tif (deflated 4%)
  adding: mnt/lsdi/ocm01225214/ocm01225214/Output/0078.tif (deflated 4%)
  adding: mnt/lsdi/ocm01225214/ocm01225214/Output/0079.tif (deflated 3%)
  adding: mnt/lsdi/ocm01225214/ocm01225214/Output/0080.tif (deflated 4%)
  adding: mnt/lsdi/ocm01225214/ocm01225214/Output/0081.tif (deflated 4%)
  adding: mnt/lsdi/ocm01225214/ocm01225214/Output/0082.tif (deflated 4%)
  adding: mnt/lsdi/ocm01225214/ocm01225214/Output/0083.tif (deflated 4%)
  adding: mnt/lsdi/ocm01225214/ocm01225214/Output/0084.tif (deflated 4%)
  adding: mnt/lsdi/ocm01225214/ocm01225214/Output/0085.tif (deflated 4%)
  adding: mnt/lsdi/ocm01225214/ocm01225214/Output/0086.tif (deflated 5%)
  adding: mnt/lsdi/ocm01225214/ocm01225214/Output/0087.tif (deflated 3%)
  adding: mnt/lsdi/ocm01225214/ocm01225214/Output/0088.tif (deflated 3%)
  adding: mnt/lsdi/ocm01225214/ocm01225214/Output/0089.tif (deflated 4%)
  adding: mnt/lsdi/ocm01225214/ocm01225214/Output/0090.tif (deflated 4%)
  adding: mnt/lsdi/ocm01225214/ocm01225214/Output/0091.tif (deflated 3%)
  adding: mnt/lsdi/ocm01225214/ocm01225214/Output/0092.tif (deflated 4%)
  adding: mnt/lsdi/ocm01225214/ocm01225214/Output/0093.tif (deflated 4%)
  adding: mnt/lsdi/ocm01225214/ocm01225214/Output/0094.tif (deflated 4%)
  adding: mnt/lsdi/ocm01225214/ocm01225214/Output/0095.tif (deflated 4%)
  adding: mnt/lsdi/ocm01225214/ocm01225214/Output/0096.tif (deflated 4%)
  adding: mnt/lsdi/ocm01225214/ocm01225214/Output/0097.tif (deflated 4%)
  adding: mnt/lsdi/ocm01225214/ocm01225214/Output/0098.tif (deflated 3%)
  adding: mnt/lsdi/ocm01225214/ocm01225214/Output/0099.tif (deflated 3%)
  adding: mnt/lsdi/ocm01225214/ocm01225214/Output/0100.tif (deflated 4%)
  adding: mnt/lsdi/ocm01225214/ocm01225214/Output/0101.tif (deflated 4%)
  adding: mnt/lsdi/ocm01225214/ocm01225214/Output/0102.tif (deflated 5%)
  adding: mnt/lsdi/ocm01225214/ocm01225214/Output/0103.tif (deflated 4%)
  adding: mnt/lsdi/ocm01225214/ocm01225214/Output/0104.tif (deflated 4%)
  adding: mnt/lsdi/ocm01225214/ocm01225214/Output/0105.tif (deflated 4%)
  adding: mnt/lsdi/ocm01225214/ocm01225214/Output/0106.tif (deflated 4%)
  adding: mnt/lsdi/ocm01225214/ocm01225214/Output/0107.tif (deflated 3%)
  adding: mnt/lsdi/ocm01225214/ocm01225214/Output/0108.tif (deflated 5%)
  adding: mnt/lsdi/ocm01225214/ocm01225214/Output/0109.tif (deflated 3%)
  adding: mnt/lsdi/ocm01225214/ocm01225214/Output/0110.tif (deflated 4%)
  adding: mnt/lsdi/ocm01225214/ocm01225214/Output/0111.tif (deflated 5%)
  adding: mnt/lsdi/ocm01225214/ocm01225214/Output/0112.tif (deflated 4%)
  adding: mnt/lsdi/ocm01225214/ocm01225214/Output/0113.tif (deflated 4%)
  adding: mnt/lsdi/ocm01225214/ocm01225214/Output/0114.tif (deflated 4%)
  adding: mnt/lsdi/ocm01225214/ocm01225214/Output/0115.tif (deflated 4%)
  adding: mnt/lsdi/ocm01225214/ocm01225214/Output/0116.tif (deflated 4%)
  adding: mnt/lsdi/ocm01225214/ocm01225214/Output/0117.tif (deflated 4%)
  adding: mnt/lsdi/ocm01225214/ocm01225214/Output/0118.tif (deflated 5%)
  adding: mnt/lsdi/ocm01225214/ocm01225214/Output/0119.tif (deflated 4%)
  adding: mnt/lsdi/ocm01225214/ocm01225214/Output/0120.tif (deflated 4%)
  adding: mnt/lsdi/ocm01225214/ocm01225214/Output/0121.tif (deflated 6%)
  adding: mnt/lsdi/ocm01225214/ocm01225214/Output/0122.tif (deflated 4%)
  adding: mnt/lsdi/ocm01225214/ocm01225214/Output/0123.tif (deflated 4%)
  adding: mnt/lsdi/ocm01225214/ocm01225214/Output/0124.tif (deflated 5%)
  adding: mnt/lsdi/ocm01225214/ocm01225214/Output/0125.tif (deflated 4%)
  adding: mnt/lsdi/ocm01225214/ocm01225214/Output/0126.tif (deflated 2%)
  adding: mnt/lsdi/ocm01225214/ocm01225214/Output/0127.tif (deflated 2%)
  adding: mnt/lsdi/ocm01225214/ocm01225214/Output/0128.tif (deflated 6%)
  adding: mnt/lsdi/ocm01225214/ocm01225214/Output/0129.tif (deflated 4%)
  adding: mnt/lsdi/ocm01225214/ocm01225214/Output/0130.tif (deflated 5%)
  adding: mnt/lsdi/ocm01225214/ocm01225214/Output/0131.tif (deflated 4%)
  adding: mnt/lsdi/ocm01225214/ocm01225214/Output/0132.tif (deflated 4%)
  adding: mnt/lsdi/ocm01225214/ocm01225214/Output/0133.tif (deflated 4%)
  adding: mnt/lsdi/ocm01225214/ocm01225214/Output/0134.tif (deflated 6%)
  adding: mnt/lsdi/ocm01225214/ocm01225214/Output/0135.tif (deflated 3%)
  adding: mnt/lsdi/ocm01225214/ocm01225214/Output/0136.tif (deflated 3%)
  adding: mnt/lsdi/ocm01225214/ocm01225214/Output/0137.tif (deflated 4%)
  adding: mnt/lsdi/ocm01225214/ocm01225214/Output/0138.tif (deflated 3%)
  adding: mnt/lsdi/ocm01225214/ocm01225214/Output/0139.tif (deflated 3%)
  adding: mnt/lsdi/ocm01225214/ocm01225214/Output/0140.tif (deflated 3%)
  adding: mnt/lsdi/ocm01225214/ocm01225214/Output/0141.tif (deflated 4%)
  adding: mnt/lsdi/ocm01225214/ocm01225214/Output/0142.tif (deflated 3%)
  adding: mnt/lsdi/ocm01225214/ocm01225214/Output/0143.tif (deflated 4%)
  adding: mnt/lsdi/ocm01225214/ocm01225214/Output/0144.tif (deflated 3%)
  adding: mnt/lsdi/ocm01225214/ocm01225214/Output/0145.tif (deflated 4%)
  adding: mnt/lsdi/ocm01225214/ocm01225214/Output/0146.tif (deflated 3%)
  adding: mnt/lsdi/ocm01225214/ocm01225214/Output/0147.tif (deflated 4%)
  adding: mnt/lsdi/ocm01225214/ocm01225214/Output/0148.tif (deflated 3%)
  adding: mnt/lsdi/ocm01225214/ocm01225214/Output/0149.tif (deflated 4%)
  adding: mnt/lsdi/ocm01225214/ocm01225214/Output/0150.tif (deflated 6%)
  adding: mnt/lsdi/ocm01225214/ocm01225214/Output/0151.tif (deflated 3%)
  adding: mnt/lsdi/ocm01225214/ocm01225214/Output/0152.tif (deflated 4%)
  adding: mnt/lsdi/ocm01225214/ocm01225214/Output/0153.tif (deflated 4%)
  adding: mnt/lsdi/ocm01225214/ocm01225214/Output/0154.tif (deflated 4%)
  adding: mnt/lsdi/ocm01225214/ocm01225214/Output/0155.tif (deflated 4%)
  adding: mnt/lsdi/ocm01225214/ocm01225214/Output/0156.tif (deflated 7%)
  adding: mnt/lsdi/ocm01225214/ocm01225214/Output/0157.tif (deflated 3%)
  adding: mnt/lsdi/ocm01225214/ocm01225214/Output/0158.tif (deflated 4%)
  adding: mnt/lsdi/ocm01225214/ocm01225214/Output/0159.tif (deflated 4%)
  adding: mnt/lsdi/ocm01225214/ocm01225214/Output/0160.tif (deflated 3%)
  adding: mnt/lsdi/ocm01225214/ocm01225214/Output/0161.tif (deflated 3%)
  adding: mnt/lsdi/ocm01225214/ocm01225214/Output/0162.tif (deflated 4%)
  adding: mnt/lsdi/ocm01225214/ocm01225214/Output/0163.tif (deflated 4%)
  adding: mnt/lsdi/ocm01225214/ocm01225214/Output/0164.tif (deflated 4%)
  adding: mnt/lsdi/ocm01225214/ocm01225214/Output/0165.tif (deflated 5%)
  adding: mnt/lsdi/ocm01225214/ocm01225214/Output/0166.tif (deflated 4%)
  adding: mnt/lsdi/ocm01225214/ocm01225214/Output/0167.tif (deflated 4%)
  adding: mnt/lsdi/ocm01225214/ocm01225214/Output/0168.tif (deflated 4%)
  adding: mnt/lsdi/ocm01225214/ocm01225214/Output/0169.tif (deflated 4%)
  adding: mnt/lsdi/ocm01225214/ocm01225214/Output/0170.tif (deflated 4%)
  adding: mnt/lsdi/ocm01225214/ocm01225214/Output/0171.tif (deflated 4%)
  adding: mnt/lsdi/ocm01225214/ocm01225214/Output/0172.tif (deflated 4%)
  adding: mnt/lsdi/ocm01225214/ocm01225214/Output/0173.tif (deflated 7%)
  adding: mnt/lsdi/ocm01225214/ocm01225214/Output/0174.tif (deflated 4%)
  adding: mnt/lsdi/ocm01225214/ocm01225214/Output/0175.tif (deflated 3%)
  adding: mnt/lsdi/ocm01225214/ocm01225214/Output/0176.tif (deflated 4%)
  adding: mnt/lsdi/ocm01225214/ocm01225214/Output/0177.tif (deflated 4%)
  adding: mnt/lsdi/ocm01225214/ocm01225214/Output/0178.tif (deflated 5%)
  adding: mnt/lsdi/ocm01225214/ocm01225214/Output/0179.tif (deflated 3%)
  adding: mnt/lsdi/ocm01225214/ocm01225214/Output/0180.tif (deflated 4%)
  adding: mnt/lsdi/ocm01225214/ocm01225214/Output/0181.tif (deflated 4%)
  adding: mnt/lsdi/ocm01225214/ocm01225214/Output/0182.tif (deflated 4%)
  adding: mnt/lsdi/ocm01225214/ocm01225214/Output/0183.tif (deflated 4%)
  adding: mnt/lsdi/ocm01225214/ocm01225214/Output/0184.tif (deflated 4%)
  adding: mnt/lsdi/ocm01225214/ocm01225214/Output/0185.tif (deflated 2%)
  adding: mnt/lsdi/ocm01225214/ocm01225214/Output/0186.tif (deflated 4%)
  adding: mnt/lsdi/ocm01225214/ocm01225214/Output/0187.tif (deflated 4%)
  adding: mnt/lsdi/ocm01225214/ocm01225214/Output/0188.tif (deflated 4%)
  adding: mnt/lsdi/ocm01225214/ocm01225214/Output/0189.tif (deflated 2%)
  adding: mnt/lsdi/ocm01225214/ocm01225214/Output/0190.tif (deflated 4%)
  adding: mnt/lsdi/ocm01225214/ocm01225214/Output/0191.tif (deflated 4%)
  adding: mnt/lsdi/ocm01225214/ocm01225214/Output/0192.tif (deflated 4%)
  adding: mnt/lsdi/ocm01225214/ocm01225214/Output/0193.tif (deflated 4%)
  adding: mnt/lsdi/ocm01225214/ocm01225214/Output/0194.tif (deflated 4%)
  adding: mnt/lsdi/ocm01225214/ocm01225214/Output/0195.tif (deflated 4%)
  adding: mnt/lsdi/ocm01225214/ocm01225214/Output/0196.tif (deflated 3%)
  adding: mnt/lsdi/ocm01225214/ocm01225214/Output/0197.tif (deflated 5%)
  adding: mnt/lsdi/ocm01225214/ocm01225214/Output/0198.tif (deflated 1%)
  adding: mnt/lsdi/ocm01225214/ocm01225214/Output/0199.tif (deflated 3%)
  adding: mnt/lsdi/ocm01225214/ocm01225214/Output/0200.tif (deflated 4%)
  adding: mnt/lsdi/ocm01225214/ocm01225214/Output/0201.tif (deflated 4%)
  adding: mnt/lsdi/ocm01225214/ocm01225214/Output/0202.tif (deflated 4%)
  adding: mnt/lsdi/ocm01225214/ocm01225214/Output/0203.tif (deflated 3%)
  adding: mnt/lsdi/ocm01225214/ocm01225214/Output/0204.tif (deflated 6%)
  adding: mnt/lsdi/ocm01225214/ocm01225214/Output/0205.tif (deflated 3%)
  adding: mnt/lsdi/ocm01225214/ocm01225214/Output/0206.tif (deflated 4%)
  adding: mnt/lsdi/ocm01225214/ocm01225214/Output/0207.tif (deflated 3%)
  adding: mnt/lsdi/ocm01225214/ocm01225214/Output/0208.tif (deflated 5%)
  adding: mnt/lsdi/ocm01225214/ocm01225214/Output/0209.tif (deflated 3%)
  adding: mnt/lsdi/ocm01225214/ocm01225214/Output/0210.tif (deflated 4%)
  adding: mnt/lsdi/ocm01225214/ocm01225214/Output/0211.tif (deflated 4%)
  adding: mnt/lsdi/ocm01225214/ocm01225214/Output/0212.tif (deflated 5%)
  adding: mnt/lsdi/ocm01225214/ocm01225214/Output/0213.tif (deflated 4%)
  adding: mnt/lsdi/ocm01225214/ocm01225214/Output/0214.tif (deflated 3%)
  adding: mnt/lsdi/ocm01225214/ocm01225214/Output/0215.tif (deflated 5%)
  adding: mnt/lsdi/ocm01225214/ocm01225214/Output/0216.tif (deflated 4%)
  adding: mnt/lsdi/ocm01225214/ocm01225214/Output/0217.tif (deflated 3%)
  adding: mnt/lsdi/ocm01225214/ocm01225214/Output/0218.tif (deflated 4%)
  adding: mnt/lsdi/ocm01225214/ocm01225214/Output/0219.tif (deflated 3%)
  adding: mnt/lsdi/ocm01225214/ocm01225214/Output/0220.tif (deflated 3%)
  adding: mnt/lsdi/ocm01225214/ocm01225214/Output/0221.tif (deflated 3%)
  adding: mnt/lsdi/ocm01225214/ocm01225214/Output/0222.tif (deflated 3%)
  adding: mnt/lsdi/ocm01225214/ocm01225214/Output/0223.tif (deflated 4%)
  adding: mnt/lsdi/ocm01225214/ocm01225214/Output/0224.tif (deflated 4%)
  adding: mnt/lsdi/ocm01225214/ocm01225214/Output/0225.tif (deflated 4%)
  adding: mnt/lsdi/ocm01225214/ocm01225214/Output/0226.tif (deflated 2%)
  adding: mnt/lsdi/ocm01225214/ocm01225214/Output/0227.tif (deflated 3%)
  adding: mnt/lsdi/ocm01225214/ocm01225214/Output/0228.tif (deflated 4%)
  adding: mnt/lsdi/ocm01225214/ocm01225214/Output/0229.tif (deflated 4%)
  adding: mnt/lsdi/ocm01225214/ocm01225214/Output/0230.tif (deflated 4%)
  adding: mnt/lsdi/ocm01225214/ocm01225214/Output/0231.tif (deflated 4%)
  adding: mnt/lsdi/ocm01225214/ocm01225214/Output/0232.tif (deflated 4%)
  adding: mnt/lsdi/ocm01225214/ocm01225214/Output/0233.tif (deflated 2%)
  adding: mnt/lsdi/ocm01225214/ocm01225214/Output/0234.tif (deflated 4%)
  adding: mnt/lsdi/ocm01225214/ocm01225214/Output/0235.tif (deflated 4%)
  adding: mnt/lsdi/ocm01225214/ocm01225214/Output/0236.tif (deflated 5%)
  adding: mnt/lsdi/ocm01225214/ocm01225214/Output/0237.tif (deflated 3%)
  adding: mnt/lsdi/ocm01225214/ocm01225214/Output/0238.tif (deflated 4%)
  adding: mnt/lsdi/ocm01225214/ocm01225214/Output/0239.tif (deflated 5%)
  adding: mnt/lsdi/ocm01225214/ocm01225214/Output/0240.tif (deflated 4%)
  adding: mnt/lsdi/ocm01225214/ocm01225214/Output/0241.tif (deflated 3%)
  adding: mnt/lsdi/ocm01225214/ocm01225214/Output/0242.tif (deflated 7%)
  adding: mnt/lsdi/ocm01225214/ocm01225214/Output/0243.tif (deflated 3%)
  adding: mnt/lsdi/ocm01225214/ocm01225214/Output/0244.tif (deflated 4%)
  adding: mnt/lsdi/ocm01225214/ocm01225214/Output/0245.tif (deflated 4%)
  adding: mnt/lsdi/ocm01225214/ocm01225214/Output/0246.tif (deflated 4%)
  adding: mnt/lsdi/ocm01225214/ocm01225214/Output/0247.tif (deflated 3%)
  adding: mnt/lsdi/ocm01225214/ocm01225214/Output/0248.tif (deflated 4%)
  adding: mnt/lsdi/ocm01225214/ocm01225214/Output/0249.tif (deflated 4%)
  adding: mnt/lsdi/ocm01225214/ocm01225214/Output/0250.tif (deflated 6%)
  adding: mnt/lsdi/ocm01225214/ocm01225214/Output/0251.tif (deflated 3%)
  adding: mnt/lsdi/ocm01225214/ocm01225214/Output/0252.tif (deflated 0%)
  adding: mnt/lsdi/ocm01225214/ocm01225214/Output/0253.tif (deflated 4%)
  adding: mnt/lsdi/ocm01225214/ocm01225214/Output/0254.tif (deflated 4%)
  adding: mnt/lsdi/ocm01225214/ocm01225214/Output/0255.tif (deflated 4%)
  adding: mnt/lsdi/ocm01225214/ocm01225214/Output/0256.tif (deflated 4%)
  adding: mnt/lsdi/ocm01225214/ocm01225214/Output/0257.tif (deflated 4%)
  adding: mnt/lsdi/ocm01225214/ocm01225214/Output/0258.tif (deflated 2%)
  adding: mnt/lsdi/ocm01225214/ocm01225214/Output/0259.tif (deflated 2%)
  adding: mnt/lsdi/ocm01225214/ocm01225214/Output/0260.tif (deflated 3%)
  adding: mnt/lsdi/ocm01225214/ocm01225214/Output/0261.tif (deflated 2%)
  adding: mnt/lsdi/ocm01225214/ocm01225214/Output/0262.tif (deflated 3%)
  adding: mnt/lsdi/ocm01225214/ocm01225214/Output/0263.tif (deflated 2%)
  adding: mnt/lsdi/ocm01225214/ocm01225214/Output/0264.tif (deflated 5%)
  adding: mnt/lsdi/ocm01225214/ocm01225214/Output/0265.tif (deflated 3%)
  adding: mnt/lsdi/ocm01225214/ocm01225214/Output/0266.tif (deflated 6%)
  adding: mnt/lsdi/ocm01225214/ocm01225214/Output/0267.tif (deflated 4%)
  adding: mnt/lsdi/ocm01225214/ocm01225214/Output/0268.tif (deflated 4%)
  adding: mnt/lsdi/ocm01225214/ocm01225214/Output/0269.tif (deflated 3%)
  adding: mnt/lsdi/ocm01225214/ocm01225214/Output/0270.tif (deflated 6%)
  adding: mnt/lsdi/ocm01225214/ocm01225214/Output/0271.tif (deflated 3%)
  adding: mnt/lsdi/ocm01225214/ocm01225214/Output/0272.tif (deflated 4%)
  adding: mnt/lsdi/ocm01225214/ocm01225214/Output/0272a.tif (deflated 4%)
  adding: mnt/lsdi/ocm01225214/ocm01225214/Output/0272b.tif (deflated 4%)
  adding: mnt/lsdi/ocm01225214/ocm01225214/Output/0273.tif (deflated 4%)
  adding: mnt/lsdi/ocm01225214/ocm01225214/Output/0274.tif (deflated 4%)
  adding: mnt/lsdi/ocm01225214/ocm01225214/Output/0275.tif (deflated 4%)
  adding: mnt/lsdi/ocm01225214/ocm01225214/Output/0276.tif (deflated 3%)
  adding: mnt/lsdi/ocm01225214/ocm01225214/Output/0277.tif (deflated 4%)
  adding: mnt/lsdi/ocm01225214/ocm01225214/Output/0278.tif (deflated 0%)
  adding: mnt/lsdi/ocm01225214/ocm01225214/Output/0278a.tif (deflated 4%)
  adding: mnt/lsdi/ocm01225214/ocm01225214/Output/0278b.tif (deflated 3%)
  adding: mnt/lsdi/ocm01225214/ocm01225214/Output/0278c.tif (deflated 6%)
  adding: mnt/lsdi/ocm01225214/ocm01225214/Output/0278d.tif (deflated 6%)
  adding: mnt/lsdi/ocm01225214/ocm01225214/Output/0279.tif (deflated 3%)
  adding: mnt/lsdi/ocm01225214/ocm01225214/Output/0280.tif (deflated 4%)
  adding: mnt/lsdi/ocm01225214/ocm01225214/Output/0281.tif (deflated 6%)
  adding: mnt/lsdi/ocm01225214/ocm01225214/Output/0282.tif (deflated 4%)
  adding: mnt/lsdi/ocm01225214/ocm01225214/Output/0283.tif (deflated 4%)
  adding: mnt/lsdi/ocm01225214/ocm01225214/Output/0284.tif (deflated 5%)
  adding: mnt/lsdi/ocm01225214/ocm01225214/Output/0285.tif (deflated 4%)
  adding: mnt/lsdi/ocm01225214/ocm01225214/Output/0286.tif (deflated 0%)
  adding: mnt/lsdi/ocm01225214/ocm01225214/Output/0286a.tif (deflated 4%)
  adding: mnt/lsdi/ocm01225214/ocm01225214/Output/0286b.tif (deflated 6%)
  adding: mnt/lsdi/ocm01225214/ocm01225214/Output/0287.tif (deflated 5%)
  adding: mnt/lsdi/ocm01225214/ocm01225214/Output/0288.tif (deflated 3%)
  adding: mnt/lsdi/ocm01225214/ocm01225214/Output/0288a.tif (deflated 7%)
  adding: mnt/lsdi/ocm01225214/ocm01225214/Output/0288b.tif (deflated 5%)
  adding: mnt/lsdi/ocm01225214/ocm01225214/Output/0289.tif (deflated 3%)
  adding: mnt/lsdi/ocm01225214/ocm01225214/Output/0290.tif (deflated 5%)
  adding: mnt/lsdi/ocm01225214/ocm01225214/Output/0291.tif (deflated 4%)
  adding: mnt/lsdi/ocm01225214/ocm01225214/Output/0292.tif (deflated 3%)
  adding: mnt/lsdi/ocm01225214/ocm01225214/Output/0293.tif (deflated 4%)
  adding: mnt/lsdi/ocm01225214/ocm01225214/Output/0294.tif (deflated 3%)
  adding: mnt/lsdi/ocm01225214/ocm01225214/Output/0294a.tif (deflated 4%)
  adding: mnt/lsdi/ocm01225214/ocm01225214/Output/0294b.tif (deflated 8%)
  adding: mnt/lsdi/ocm01225214/ocm01225214/Output/0295.tif (deflated 3%)
  adding: mnt/lsdi/ocm01225214/ocm01225214/Output/0296.tif (deflated 4%)
  adding: mnt/lsdi/ocm01225214/ocm01225214/Output/0297.tif (deflated 3%)
  adding: mnt/lsdi/ocm01225214/ocm01225214/Output/0298.tif (deflated 2%)
  adding: mnt/lsdi/ocm01225214/ocm01225214/Output/0299.tif (deflated 4%)
  adding: mnt/lsdi/ocm01225214/ocm01225214/Output/0300.tif (deflated 5%)
  adding: mnt/lsdi/ocm01225214/ocm01225214/Output/0301.tif (deflated 4%)
  adding: mnt/lsdi/ocm01225214/ocm01225214/Output/0302.tif (deflated 4%)
  adding: mnt/lsdi/ocm01225214/ocm01225214/Output/0303.tif (deflated 3%)
  adding: mnt/lsdi/ocm01225214/ocm01225214/Output/0304.tif (deflated 4%)
  adding: mnt/lsdi/ocm01225214/ocm01225214/Output/0305.tif (deflated 3%)
  adding: mnt/lsdi/ocm01225214/ocm01225214/Output/0306.tif (deflated 4%)
  adding: mnt/lsdi/ocm01225214/ocm01225214/Output/0307.tif (deflated 5%)
  adding: mnt/lsdi/ocm01225214/ocm01225214/Output/0308.tif (deflated 5%)
  adding: mnt/lsdi/ocm01225214/ocm01225214/Output/0309.tif (deflated 3%)
  adding: mnt/lsdi/ocm01225214/ocm01225214/Output/0310.tif (deflated 3%)
curl --location --header authorization: LOW fpJYfLnxbLmCEHqU:JQbq6NgBaPrSh98Y --upload-file /temp/ocm01225214_images.zip http://s3.us.archive.org/01225214.emory.edu/01225214_images.zip
  % Total    % Received % Xferd  Average Speed   Time    Time     Time  Current
                                 Dload  Upload   Total   Spent    Left  Speed
  0     0    0     0    0     0      0      0 --:--:-- --:--:-- --:--:--     0  0  132M    0     0    0     0      0      0 --:--:--  0:00:01 --:--:--     0  0  132M    0     0    0  128k      0  96257  0:23:58  0:00:01  0:23:57  105k  0  132M    0     0    0 1024k      0   436k  0:05:09  0:00:02  0:05:07  465k  1  132M    0     0    1 1856k      0   557k  0:04:02  0:00:03  0:03:59  582k  1  132M    0     0    1 2688k      0   617k  0:03:38  0:00:04  0:03:34  639k  2  132M    0     0    2 3504k      0   657k  0:03:25  0:00:05  0:03:20  838k  3  132M    0     0    3 4352k      0   685k  0:03:17  0:00:06  0:03:11  846k  3  132M    0     0    3 5168k      0   703k  0:03:12  0:00:07  0:03:05  829k  4  132M    0     0    4 5952k      0   714k  0:03:09  0:00:08  0:03:01  818k  5  132M    0     0    5 6800k      0   727k  0:03:05  0:00:09  0:02:56  823k  5  132M    0     0    5 7632k      0   738k  0:03:03  0:00:10  0:02:53  825k  6  132M    0     0    6 8464k      0   744k  0:03:01  0:00:11  0:02:50  819k  6  132M    0     0    6 9280k      0   750k  0:03:00  0:00:12  0:02:48  819k  7  132M    0     0    7  9.8M      0   755k  0:02:58  0:00:13  0:02:45  824k  8  132M    0     0    8 10.6M      0   760k  0:02:57  0:00:14  0:02:43  823k  8  132M    0     0    8 11.4M      0   766k  0:02:56  0:00:15  0:02:41  822k  9  132M    0     0    9 12.2M      0   769k  0:02:55  0:00:16  0:02:39  827k  9  132M    0     0    9 13.1M      0   772k  0:02:54  0:00:17  0:02:37  826k 10  132M    0     0   10 13.9M      0   775k  0:02:54  0:00:18  0:02:36  829k 11  132M    0     0   11 14.6M      0   776k  0:02:54  0:00:19  0:02:35  820k 11  132M    0     0   11 15.4M      0   776k  0:02:54  0:00:20  0:02:34  808k 12  132M    0     0   12 16.2M      0   778k  0:02:53  0:00:21  0:02:32  807k 12  132M    0     0   12 17.0M      0   780k  0:02:53  0:00:22  0:02:31  809k 13  132M    0     0   13 17.7M      0   780k  0:02:53  0:00:23  0:02:30  797k 14  132M    0     0   14 18.5M      0   778k  0:02:53  0:00:24  0:02:29  786k 14  132M    0     0   14 19.2M      0   777k  0:02:53  0:00:25  0:02:28  783k 15  132M    0     0   15 20.0M      0   778k  0:02:53  0:00:26  0:02:27  777k 15  132M    0     0   15 20.8M      0   780k  0:02:53  0:00:27  0:02:26  776k 16  132M    0     0   16 21.6M      0   781k  0:02:52  0:00:28  0:02:24  788k 16  132M    0     0   16 22.4M      0   782k  0:02:52  0:00:29  0:02:23  802k 17  132M    0     0   17 23.1M      0   782k  0:02:52  0:00:30  0:02:22  804k 18  132M    0     0   18 23.9M      0   781k  0:02:52  0:00:31  0:02:21  799k 18  132M    0     0   18 24.6M      0   779k  0:02:53  0:00:32  0:02:21  775k 19  132M    0     0   19 25.3M      0   779k  0:02:53  0:00:33  0:02:20  768k 19  132M    0     0   19 26.1M      0   780k  0:02:53  0:00:34  0:02:19  764k 20  132M    0     0   20 26.9M      0   781k  0:02:53  0:00:35  0:02:18  776k 20  132M    0     0   20 27.7M      0   780k  0:02:53  0:00:36  0:02:17  774k 21  132M    0     0   21 28.4M      0   780k  0:02:53  0:00:37  0:02:16  790k 22  132M    0     0   22 29.1M      0   777k  0:02:53  0:00:38  0:02:15  763k 22  132M    0     0   22 29.4M      0   766k  0:02:56  0:00:39  0:02:17  670k 22  132M    0     0   22 30.0M      0   763k  0:02:57  0:00:40  0:02:17  635k 23  132M    0     0   23 30.7M      0   762k  0:02:57  0:00:41  0:02:16  626k 23  132M    0     0   23 31.5M      0   763k  0:02:57  0:00:42  0:02:15  633k 24  132M    0     0   24 32.3M      0   765k  0:02:56  0:00:43  0:02:13  666k 25  132M    0     0   25 33.1M      0   766k  0:02:56  0:00:44  0:02:12  766k 25  132M    0     0   25 34.0M      0   768k  0:02:56  0:00:45  0:02:11  808k 26  132M    0     0   26 34.8M      0   769k  0:02:55  0:00:46  0:02:09  832k 26  132M    0     0   26 35.6M      0   771k  0:02:55  0:00:47  0:02:08  837k 27  132M    0     0   27 36.4M      0   772k  0:02:55  0:00:48  0:02:07  833k 28  132M    0     0   28 37.2M      0   773k  0:02:54  0:00:49  0:02:05  836k 28  132M    0     0   28 38.0M      0   774k  0:02:54  0:00:50  0:02:04  828k 29  132M    0     0   29 38.8M      0   775k  0:02:54  0:00:51  0:02:03  831k 30  132M    0     0   30 39.7M      0   776k  0:02:54  0:00:52  0:02:02  825k 30  132M    0     0   30 40.5M      0   777k  0:02:53  0:00:53  0:02:00  828k 31  132M    0     0   31 41.3M      0   778k  0:02:53  0:00:54  0:01:59  828k 31  132M    0     0   31 42.1M      0   779k  0:02:53  0:00:55  0:01:58  833k 32  132M    0     0   32 42.9M      0   780k  0:02:53  0:00:56  0:01:57  828k 33  132M    0     0   33 43.7M      0   781k  0:02:53  0:00:57  0:01:56  829k 33  132M    0     0   33 44.5M      0   782k  0:02:52  0:00:58  0:01:54  830k 34  132M    0     0   34 45.3M      0   782k  0:02:52  0:00:59  0:01:53  830k 34  132M    0     0   34 46.2M      0   784k  0:02:52  0:01:00  0:01:52  832k 35  132M    0     0   35 47.0M      0   784k  0:02:52  0:01:01  0:01:51  830k 36  132M    0     0   36 47.8M      0   785k  0:02:52  0:01:02  0:01:50  830k 36  132M    0     0   36 48.6M      0   785k  0:02:52  0:01:03  0:01:49  829k 37  132M    0     0   37 49.4M      0   786k  0:02:51  0:01:04  0:01:47  829k 38  132M    0     0   38 50.2M      0   787k  0:02:51  0:01:05  0:01:46  829k 38  132M    0     0   38 51.0M      0   787k  0:02:51  0:01:06  0:01:45  829k 39  132M    0     0   39 51.8M      0   788k  0:02:51  0:01:07  0:01:44  829k 39  132M    0     0   39 52.6M      0   789k  0:02:51  0:01:08  0:01:43  829k 40  132M    0     0   40 53.4M      0   789k  0:02:51  0:01:09  0:01:42  835k 41  132M    0     0   41 54.2M      0   790k  0:02:51  0:01:10  0:01:41  821k 41  132M    0     0   41 55.0M      0   790k  0:02:51  0:01:11  0:01:40  827k 42  132M    0     0   42 55.8M      0   791k  0:02:50  0:01:12  0:01:38  827k 42  132M    0     0   42 56.7M      0   791k  0:02:50  0:01:13  0:01:37  829k 43  132M    0     0   43 57.5M      0   792k  0:02:50  0:01:14  0:01:36  823k 44  132M    0     0   44 58.3M      0   792k  0:02:50  0:01:15  0:01:35  831k 44  132M    0     0   44 59.1M      0   793k  0:02:50  0:01:16  0:01:34  836k 45  132M    0     0   45 60.0M      0   794k  0:02:50  0:01:17  0:01:33  836k 46  132M    0     0   46 60.7M      0   794k  0:02:50  0:01:18  0:01:32  835k 46  132M    0     0   46 61.5M      0   794k  0:02:50  0:01:19  0:01:31  835k 47  132M    0     0   47 62.4M      0   795k  0:02:49  0:01:20  0:01:29  836k 47  132M    0     0   47 63.2M      0   795k  0:02:49  0:01:21  0:01:28  831k 48  132M    0     0   48 64.0M      0   796k  0:02:49  0:01:22  0:01:27  834k 49  132M    0     0   49 64.8M      0   797k  0:02:49  0:01:23  0:01:26  835k 49  132M    0     0   49 65.7M      0   797k  0:02:49  0:01:24  0:01:25  838k 50  132M    0     0   50 66.5M      0   798k  0:02:49  0:01:25  0:01:24  840k 50  132M    0     0   50 67.3M      0   798k  0:02:49  0:01:26  0:01:23  840k 51  132M    0     0   51 68.1M      0   798k  0:02:49  0:01:27  0:01:22  839k 52  132M    0     0   52 68.9M      0   799k  0:02:49  0:01:28  0:01:21  834k 52  132M    0     0   52 69.7M      0   799k  0:02:49  0:01:29  0:01:20  830k 53  132M    0     0   53 70.5M      0   799k  0:02:49  0:01:30  0:01:19  828k 54  132M    0     0   54 71.3M      0   800k  0:02:48  0:01:31  0:01:17  830k 54  132M    0     0   54 72.1M      0   800k  0:02:48  0:01:32  0:01:16  828k 55  132M    0     0   55 73.0M      0   800k  0:02:48  0:01:33  0:01:15  830k 55  132M    0     0   55 73.8M      0   801k  0:02:48  0:01:34  0:01:14  831k 56  132M    0     0   56 74.6M      0   801k  0:02:48  0:01:35  0:01:13  829k 57  132M    0     0   57 75.4M      0   801k  0:02:48  0:01:36  0:01:12  831k 57  132M    0     0   57 76.2M      0   802k  0:02:48  0:01:37  0:01:11  828k 58  132M    0     0   58 77.0M      0   802k  0:02:48  0:01:38  0:01:10  829k 58  132M    0     0   58 77.8M      0   802k  0:02:48  0:01:39  0:01:09  830k 59  132M    0     0   59 78.6M      0   802k  0:02:48  0:01:40  0:01:08  832k 60  132M    0     0   60 79.4M      0   803k  0:02:48  0:01:41  0:01:07  828k 60  132M    0     0   60 80.2M      0   803k  0:02:48  0:01:42  0:01:06  830k 61  132M    0     0   61 81.1M      0   803k  0:02:48  0:01:43  0:01:05  830k 62  132M    0     0   62 81.9M      0   804k  0:02:48  0:01:44  0:01:04  832k 62  132M    0     0   62 82.7M      0   804k  0:02:48  0:01:45  0:01:03  830k 63  132M    0     0   63 83.5M      0   804k  0:02:48  0:01:46  0:01:02  828k 63  132M    0     0   63 84.3M      0   804k  0:02:48  0:01:47  0:01:01  829k 64  132M    0     0   64 85.1M      0   804k  0:02:48  0:01:48  0:01:00  829k 65  132M    0     0   65 85.9M      0   805k  0:02:47  0:01:49  0:00:58  831k 65  132M    0     0   65 86.7M      0   805k  0:02:47  0:01:50  0:00:57  832k 66  132M    0     0   66 87.5M      0   805k  0:02:47  0:01:51  0:00:56  824k 66  132M    0     0   66 88.3M      0   805k  0:02:47  0:01:52  0:00:55  824k 67  132M    0     0   67 89.1M      0   805k  0:02:47  0:01:53  0:00:54  821k 68  132M    0     0   68 89.9M      0   805k  0:02:47  0:01:54  0:00:53  818k 68  132M    0     0   68 90.7M      0   805k  0:02:47  0:01:55  0:00:52  815k 69  132M    0     0   69 91.6M      0   806k  0:02:47  0:01:56  0:00:51  829k 69  132M    0     0   69 92.4M      0   806k  0:02:47  0:01:57  0:00:50  826k 70  132M    0     0   70 93.2M      0   806k  0:02:47  0:01:58  0:00:49  829k 71  132M    0     0   71 94.0M      0   806k  0:02:47  0:01:59  0:00:48  830k 71  132M    0     0   71 94.8M      0   807k  0:02:47  0:02:00  0:00:47  832k 72  132M    0     0   72 95.6M      0   807k  0:02:47  0:02:01  0:00:46  829k 73  132M    0     0   73 96.4M      0   807k  0:02:47  0:02:02  0:00:45  832k 73  132M    0     0   73 97.2M      0   807k  0:02:47  0:02:03  0:00:44  832k 74  132M    0     0   74 98.1M      0   807k  0:02:47  0:02:04  0:00:43  833k 74  132M    0     0   74 98.9M      0   808k  0:02:47  0:02:05  0:00:42  831k 75  132M    0     0   75 99.7M      0   808k  0:02:47  0:02:06  0:00:41  830k 76  132M    0     0   76  100M      0   808k  0:02:47  0:02:07  0:00:40  831k 76  132M    0     0   76  101M      0   808k  0:02:47  0:02:08  0:00:39  833k 77  132M    0     0   77  102M      0   808k  0:02:47  0:02:09  0:00:38  830k 77  132M    0     0   77  102M      0   808k  0:02:47  0:02:10  0:00:37  829k 78  132M    0     0   78  103M      0   809k  0:02:47  0:02:11  0:00:36  829k 79  132M    0     0   79  104M      0   809k  0:02:47  0:02:12  0:00:35  830k 79  132M    0     0   79  105M      0   809k  0:02:47  0:02:13  0:00:34  826k 80  132M    0     0   80  106M      0   809k  0:02:47  0:02:14  0:00:33  827k 81  132M    0     0   81  107M      0   809k  0:02:47  0:02:15  0:00:32  829k 81  132M    0     0   81  107M      0   809k  0:02:46  0:02:16  0:00:30  832k 82  132M    0     0   82  108M      0   809k  0:02:46  0:02:17  0:00:29  829k 82  132M    0     0   82  109M      0   810k  0:02:46  0:02:18  0:00:28  835k 83  132M    0     0   83  110M      0   810k  0:02:46  0:02:19  0:00:27  832k 84  132M    0     0   84  111M      0   810k  0:02:46  0:02:20  0:00:26  828k 84  132M    0     0   84  111M      0   810k  0:02:46  0:02:21  0:00:25  824k 85  132M    0     0   85  112M      0   810k  0:02:46  0:02:22  0:00:24  830k 85  132M    0     0   85  113M      0   810k  0:02:46  0:02:23  0:00:23  824k 86  132M    0     0   86  114M      0   810k  0:02:46  0:02:24  0:00:22  828k 87  132M    0     0   87  115M      0   810k  0:02:46  0:02:25  0:00:21  827k 87  132M    0     0   87  115M      0   811k  0:02:46  0:02:26  0:00:20  827k 88  132M    0     0   88  116M      0   811k  0:02:46  0:02:27  0:00:19  826k 88  132M    0     0   88  117M      0   811k  0:02:46  0:02:28  0:00:18  828k 89  132M    0     0   89  118M      0   811k  0:02:46  0:02:29  0:00:17  827k 90  132M    0     0   90  119M      0   811k  0:02:46  0:02:30  0:00:16  831k 90  132M    0     0   90  119M      0   811k  0:02:46  0:02:31  0:00:15  834k 91  132M    0     0   91  120M      0   811k  0:02:46  0:02:32  0:00:14  829k 92  132M    0     0   92  121M      0   811k  0:02:46  0:02:33  0:00:13  829k 92  132M    0     0   92  122M      0   812k  0:02:46  0:02:34  0:00:12  831k 93  132M    0     0   93  123M      0   812k  0:02:46  0:02:35  0:00:11  828k 93  132M    0     0   93  124M      0   812k  0:02:46  0:02:36  0:00:10  826k 94  132M    0     0   94  124M      0   812k  0:02:46  0:02:37  0:00:09  832k 95  132M    0     0   95  125M      0   812k  0:02:46  0:02:38  0:00:08  836k 95  132M    0     0   95  126M      0   812k  0:02:46  0:02:39  0:00:07  834k 96  132M    0     0   96  127M      0   812k  0:02:46  0:02:40  0:00:06  836k 96  132M    0     0   96  128M      0   812k  0:02:46  0:02:41  0:00:05  836k 97  132M    0     0   97  128M      0   813k  0:02:46  0:02:42  0:00:04  834k 98  132M    0     0   98  129M      0   813k  0:02:46  0:02:43  0:00:03  829k 98  132M    0     0   98  130M      0   813k  0:02:46  0:02:44  0:00:02  830k 99  132M    0     0   99  131M      0   813k  0:02:46  0:02:45  0:00:01  831k100  132M    0     0  100  132M      0   808k  0:02:47  0:02:47 --:--:--  692k100  132M    0     0  100  132M      0   806k  0:02:47  0:02:47 --:--:--  597k100  132M    0     0  100  132M      0   806k  0:02:47  0:02:47 --:--:--  545k
