09677536
curl --location --header x-amz-auto-make-bucket:1 --header x-archive-ignore-preexisting-bucket:1 --header x-archive-queue-derive:0 --header x-archive-meta-mediatype:texts --header x-archive-meta03-collection:emory --header x-archive-meta01-collection:americanmethodism --header x-archive-meta-sponsor:Emory University, Pitts Theology Library --header x-archive-meta-contributor:Emory University, Pitts Theology Library --header x-archive-meta-ppi:300 --header authorization: LOW fpJYfLnxbLmCEHqU:JQbq6NgBaPrSh98Y --upload-file /mnt/lsdi/ocm09677536/ocm09677536/ocm09677536_MRC.xml http://s3.us.archive.org/09677536.emory.edu/09677536.emory.edu_marc.xml
  % Total    % Received % Xferd  Average Speed   Time    Time     Time  Current
                                 Dload  Upload   Total   Spent    Left  Speed
  0     0    0     0    0     0      0      0 --:--:-- --:--:-- --:--:--     0  0  3637    0     0    0     0      0      0 --:--:--  0:00:01 --:--:--     0100  3637    0     0  100  3637      0   1738  0:00:02  0:00:02 --:--:--  1804100  3637    0     0  100  3637      0   1252  0:00:02  0:00:02 --:--:--  1286100  3637    0     0  100  3637      0    931  0:00:03  0:00:03 --:--:--   949100  3637    0     0  100  3637      0    741  0:00:04  0:00:04 --:--:--   753100  3637    0     0  100  3637      0    615  0:00:05  0:00:05 --:--:--   753100  3637    0     0  100  3637      0    526  0:00:06  0:00:06 --:--:--     0100  3637    0     0  100  3637      0    459  0:00:07  0:00:07 --:--:--     0100  3637    0     0  100  3637      0    408  0:00:08  0:00:08 --:--:--     0100  3637    0     0  100  3637      0    405  0:00:08  0:00:08 --:--:--     0
zip -r /temp/ocm09677536_images.zip /mnt/lsdi/ocm09677536/ocm09677536/Output/0001.tif /mnt/lsdi/ocm09677536/ocm09677536/Output/0002.tif /mnt/lsdi/ocm09677536/ocm09677536/Output/0003.tif /mnt/lsdi/ocm09677536/ocm09677536/Output/0004.tif /mnt/lsdi/ocm09677536/ocm09677536/Output/0005.tif /mnt/lsdi/ocm09677536/ocm09677536/Output/0006.tif /mnt/lsdi/ocm09677536/ocm09677536/Output/0007.tif /mnt/lsdi/ocm09677536/ocm09677536/Output/0008.tif /mnt/lsdi/ocm09677536/ocm09677536/Output/0009.tif /mnt/lsdi/ocm09677536/ocm09677536/Output/0010.tif /mnt/lsdi/ocm09677536/ocm09677536/Output/0011.tif /mnt/lsdi/ocm09677536/ocm09677536/Output/0012.tif /mnt/lsdi/ocm09677536/ocm09677536/Output/0013.tif /mnt/lsdi/ocm09677536/ocm09677536/Output/0014.tif /mnt/lsdi/ocm09677536/ocm09677536/Output/0015.tif /mnt/lsdi/ocm09677536/ocm09677536/Output/0016.tif /mnt/lsdi/ocm09677536/ocm09677536/Output/0017.tif /mnt/lsdi/ocm09677536/ocm09677536/Output/0018.tif /mnt/lsdi/ocm09677536/ocm09677536/Output/0019.tif /mnt/lsdi/ocm09677536/ocm09677536/Output/0020.tif /mnt/lsdi/ocm09677536/ocm09677536/Output/0021.tif /mnt/lsdi/ocm09677536/ocm09677536/Output/0022.tif /mnt/lsdi/ocm09677536/ocm09677536/Output/0023.tif /mnt/lsdi/ocm09677536/ocm09677536/Output/0024.tif /mnt/lsdi/ocm09677536/ocm09677536/Output/0025.tif /mnt/lsdi/ocm09677536/ocm09677536/Output/0026.tif /mnt/lsdi/ocm09677536/ocm09677536/Output/0027.tif /mnt/lsdi/ocm09677536/ocm09677536/Output/0028.tif /mnt/lsdi/ocm09677536/ocm09677536/Output/0029.tif /mnt/lsdi/ocm09677536/ocm09677536/Output/0030.tif /mnt/lsdi/ocm09677536/ocm09677536/Output/0031.tif /mnt/lsdi/ocm09677536/ocm09677536/Output/0032.tif /mnt/lsdi/ocm09677536/ocm09677536/Output/0033.tif /mnt/lsdi/ocm09677536/ocm09677536/Output/0034.tif /mnt/lsdi/ocm09677536/ocm09677536/Output/0035.tif /mnt/lsdi/ocm09677536/ocm09677536/Output/0036.tif /mnt/lsdi/ocm09677536/ocm09677536/Output/0037.tif /mnt/lsdi/ocm09677536/ocm09677536/Output/0038.tif /mnt/lsdi/ocm09677536/ocm09677536/Output/0039.tif /mnt/lsdi/ocm09677536/ocm09677536/Output/0040.tif /mnt/lsdi/ocm09677536/ocm09677536/Output/0041.tif /mnt/lsdi/ocm09677536/ocm09677536/Output/0042.tif /mnt/lsdi/ocm09677536/ocm09677536/Output/0043.tif /mnt/lsdi/ocm09677536/ocm09677536/Output/0044.tif /mnt/lsdi/ocm09677536/ocm09677536/Output/0045.tif /mnt/lsdi/ocm09677536/ocm09677536/Output/0046.tif /mnt/lsdi/ocm09677536/ocm09677536/Output/0047.tif /mnt/lsdi/ocm09677536/ocm09677536/Output/0048.tif /mnt/lsdi/ocm09677536/ocm09677536/Output/0049.tif /mnt/lsdi/ocm09677536/ocm09677536/Output/0050.tif /mnt/lsdi/ocm09677536/ocm09677536/Output/0051.tif /mnt/lsdi/ocm09677536/ocm09677536/Output/0052.tif /mnt/lsdi/ocm09677536/ocm09677536/Output/0053.tif /mnt/lsdi/ocm09677536/ocm09677536/Output/0054.tif /mnt/lsdi/ocm09677536/ocm09677536/Output/0055.tif /mnt/lsdi/ocm09677536/ocm09677536/Output/0056.tif /mnt/lsdi/ocm09677536/ocm09677536/Output/0057.tif /mnt/lsdi/ocm09677536/ocm09677536/Output/0058.tif /mnt/lsdi/ocm09677536/ocm09677536/Output/0059.tif /mnt/lsdi/ocm09677536/ocm09677536/Output/0060.tif /mnt/lsdi/ocm09677536/ocm09677536/Output/0061.tif /mnt/lsdi/ocm09677536/ocm09677536/Output/0062.tif /mnt/lsdi/ocm09677536/ocm09677536/Output/0063.tif /mnt/lsdi/ocm09677536/ocm09677536/Output/0064.tif /mnt/lsdi/ocm09677536/ocm09677536/Output/0065.tif /mnt/lsdi/ocm09677536/ocm09677536/Output/0066.tif /mnt/lsdi/ocm09677536/ocm09677536/Output/0067.tif /mnt/lsdi/ocm09677536/ocm09677536/Output/0068.tif /mnt/lsdi/ocm09677536/ocm09677536/Output/0069.tif /mnt/lsdi/ocm09677536/ocm09677536/Output/0070.tif /mnt/lsdi/ocm09677536/ocm09677536/Output/0071.tif /mnt/lsdi/ocm09677536/ocm09677536/Output/0072.tif /mnt/lsdi/ocm09677536/ocm09677536/Output/0073.tif /mnt/lsdi/ocm09677536/ocm09677536/Output/0074.tif /mnt/lsdi/ocm09677536/ocm09677536/Output/0075.tif /mnt/lsdi/ocm09677536/ocm09677536/Output/0076.tif /mnt/lsdi/ocm09677536/ocm09677536/Output/0077.tif /mnt/lsdi/ocm09677536/ocm09677536/Output/0078.tif /mnt/lsdi/ocm09677536/ocm09677536/Output/0079.tif /mnt/lsdi/ocm09677536/ocm09677536/Output/0080.tif /mnt/lsdi/ocm09677536/ocm09677536/Output/0081.tif /mnt/lsdi/ocm09677536/ocm09677536/Output/0082.tif /mnt/lsdi/ocm09677536/ocm09677536/Output/0083.tif /mnt/lsdi/ocm09677536/ocm09677536/Output/0084.tif /mnt/lsdi/ocm09677536/ocm09677536/Output/0085.tif /mnt/lsdi/ocm09677536/ocm09677536/Output/0086.tif /mnt/lsdi/ocm09677536/ocm09677536/Output/0087.tif /mnt/lsdi/ocm09677536/ocm09677536/Output/0088.tif /mnt/lsdi/ocm09677536/ocm09677536/Output/0089.tif /mnt/lsdi/ocm09677536/ocm09677536/Output/0090.tif /mnt/lsdi/ocm09677536/ocm09677536/Output/0091.tif /mnt/lsdi/ocm09677536/ocm09677536/Output/0092.tif /mnt/lsdi/ocm09677536/ocm09677536/Output/0093.tif /mnt/lsdi/ocm09677536/ocm09677536/Output/0094.tif /mnt/lsdi/ocm09677536/ocm09677536/Output/0095.tif /mnt/lsdi/ocm09677536/ocm09677536/Output/0096.tif /mnt/lsdi/ocm09677536/ocm09677536/Output/0097.tif /mnt/lsdi/ocm09677536/ocm09677536/Output/0098.tif /mnt/lsdi/ocm09677536/ocm09677536/Output/0099.tif /mnt/lsdi/ocm09677536/ocm09677536/Output/0100.tif /mnt/lsdi/ocm09677536/ocm09677536/Output/0101.tif /mnt/lsdi/ocm09677536/ocm09677536/Output/0102.tif /mnt/lsdi/ocm09677536/ocm09677536/Output/0103.tif /mnt/lsdi/ocm09677536/ocm09677536/Output/0104.tif /mnt/lsdi/ocm09677536/ocm09677536/Output/0105.tif /mnt/lsdi/ocm09677536/ocm09677536/Output/0106.tif /mnt/lsdi/ocm09677536/ocm09677536/Output/0107.tif /mnt/lsdi/ocm09677536/ocm09677536/Output/0108.tif /mnt/lsdi/ocm09677536/ocm09677536/Output/0109.tif /mnt/lsdi/ocm09677536/ocm09677536/Output/0110.tif /mnt/lsdi/ocm09677536/ocm09677536/Output/0111.tif /mnt/lsdi/ocm09677536/ocm09677536/Output/0112.tif /mnt/lsdi/ocm09677536/ocm09677536/Output/0113.tif /mnt/lsdi/ocm09677536/ocm09677536/Output/0114.tif /mnt/lsdi/ocm09677536/ocm09677536/Output/0115.tif /mnt/lsdi/ocm09677536/ocm09677536/Output/0116.tif /mnt/lsdi/ocm09677536/ocm09677536/Output/0117.tif /mnt/lsdi/ocm09677536/ocm09677536/Output/0118.tif /mnt/lsdi/ocm09677536/ocm09677536/Output/0119.tif /mnt/lsdi/ocm09677536/ocm09677536/Output/0120.tif /mnt/lsdi/ocm09677536/ocm09677536/Output/0121.tif /mnt/lsdi/ocm09677536/ocm09677536/Output/0122.tif /mnt/lsdi/ocm09677536/ocm09677536/Output/0123.tif /mnt/lsdi/ocm09677536/ocm09677536/Output/0124.tif /mnt/lsdi/ocm09677536/ocm09677536/Output/0125.tif /mnt/lsdi/ocm09677536/ocm09677536/Output/0126.tif /mnt/lsdi/ocm09677536/ocm09677536/Output/0127.tif /mnt/lsdi/ocm09677536/ocm09677536/Output/0128.tif /mnt/lsdi/ocm09677536/ocm09677536/Output/0129.tif /mnt/lsdi/ocm09677536/ocm09677536/Output/0130.tif /mnt/lsdi/ocm09677536/ocm09677536/Output/0131.tif /mnt/lsdi/ocm09677536/ocm09677536/Output/0132.tif /mnt/lsdi/ocm09677536/ocm09677536/Output/0133.tif /mnt/lsdi/ocm09677536/ocm09677536/Output/0134.tif /mnt/lsdi/ocm09677536/ocm09677536/Output/0135.tif /mnt/lsdi/ocm09677536/ocm09677536/Output/0136.tif /mnt/lsdi/ocm09677536/ocm09677536/Output/0137.tif /mnt/lsdi/ocm09677536/ocm09677536/Output/0138.tif /mnt/lsdi/ocm09677536/ocm09677536/Output/0139.tif /mnt/lsdi/ocm09677536/ocm09677536/Output/0140.tif /mnt/lsdi/ocm09677536/ocm09677536/Output/0141.tif /mnt/lsdi/ocm09677536/ocm09677536/Output/0142.tif /mnt/lsdi/ocm09677536/ocm09677536/Output/0143.tif /mnt/lsdi/ocm09677536/ocm09677536/Output/0144.tif /mnt/lsdi/ocm09677536/ocm09677536/Output/0145.tif /mnt/lsdi/ocm09677536/ocm09677536/Output/0146.tif /mnt/lsdi/ocm09677536/ocm09677536/Output/0147.tif /mnt/lsdi/ocm09677536/ocm09677536/Output/0148.tif /mnt/lsdi/ocm09677536/ocm09677536/Output/0149.tif /mnt/lsdi/ocm09677536/ocm09677536/Output/0150.tif /mnt/lsdi/ocm09677536/ocm09677536/Output/0151.tif /mnt/lsdi/ocm09677536/ocm09677536/Output/0152.tif /mnt/lsdi/ocm09677536/ocm09677536/Output/0153.tif /mnt/lsdi/ocm09677536/ocm09677536/Output/0154.tif /mnt/lsdi/ocm09677536/ocm09677536/Output/0155.tif /mnt/lsdi/ocm09677536/ocm09677536/Output/0156.tif /mnt/lsdi/ocm09677536/ocm09677536/Output/0157.tif /mnt/lsdi/ocm09677536/ocm09677536/Output/0158.tif /mnt/lsdi/ocm09677536/ocm09677536/Output/0159.tif /mnt/lsdi/ocm09677536/ocm09677536/Output/0160.tif /mnt/lsdi/ocm09677536/ocm09677536/Output/0161.tif /mnt/lsdi/ocm09677536/ocm09677536/Output/0162.tif /mnt/lsdi/ocm09677536/ocm09677536/Output/0163.tif /mnt/lsdi/ocm09677536/ocm09677536/Output/0164.tif /mnt/lsdi/ocm09677536/ocm09677536/Output/0165.tif /mnt/lsdi/ocm09677536/ocm09677536/Output/0166.tif /mnt/lsdi/ocm09677536/ocm09677536/Output/0167.tif /mnt/lsdi/ocm09677536/ocm09677536/Output/0168.tif /mnt/lsdi/ocm09677536/ocm09677536/Output/0169.tif /mnt/lsdi/ocm09677536/ocm09677536/Output/0170.tif /mnt/lsdi/ocm09677536/ocm09677536/Output/0171.tif /mnt/lsdi/ocm09677536/ocm09677536/Output/0172.tif /mnt/lsdi/ocm09677536/ocm09677536/Output/0173.tif /mnt/lsdi/ocm09677536/ocm09677536/Output/0174.tif /mnt/lsdi/ocm09677536/ocm09677536/Output/0175.tif /mnt/lsdi/ocm09677536/ocm09677536/Output/0176.tif /mnt/lsdi/ocm09677536/ocm09677536/Output/0177.tif /mnt/lsdi/ocm09677536/ocm09677536/Output/0178.tif /mnt/lsdi/ocm09677536/ocm09677536/Output/0179.tif /mnt/lsdi/ocm09677536/ocm09677536/Output/0180.tif /mnt/lsdi/ocm09677536/ocm09677536/Output/0181.tif /mnt/lsdi/ocm09677536/ocm09677536/Output/0182.tif /mnt/lsdi/ocm09677536/ocm09677536/Output/0183.tif /mnt/lsdi/ocm09677536/ocm09677536/Output/0184.tif /mnt/lsdi/ocm09677536/ocm09677536/Output/0185.tif /mnt/lsdi/ocm09677536/ocm09677536/Output/0186.tif /mnt/lsdi/ocm09677536/ocm09677536/Output/0187.tif /mnt/lsdi/ocm09677536/ocm09677536/Output/0188.tif /mnt/lsdi/ocm09677536/ocm09677536/Output/0189.tif /mnt/lsdi/ocm09677536/ocm09677536/Output/0190.tif /mnt/lsdi/ocm09677536/ocm09677536/Output/0191.tif /mnt/lsdi/ocm09677536/ocm09677536/Output/0192.tif /mnt/lsdi/ocm09677536/ocm09677536/Output/0193.tif /mnt/lsdi/ocm09677536/ocm09677536/Output/0194.tif /mnt/lsdi/ocm09677536/ocm09677536/Output/0195.tif /mnt/lsdi/ocm09677536/ocm09677536/Output/0196.tif /mnt/lsdi/ocm09677536/ocm09677536/Output/0197.tif /mnt/lsdi/ocm09677536/ocm09677536/Output/0198.tif /mnt/lsdi/ocm09677536/ocm09677536/Output/0199.tif /mnt/lsdi/ocm09677536/ocm09677536/Output/0200.tif /mnt/lsdi/ocm09677536/ocm09677536/Output/0201.tif /mnt/lsdi/ocm09677536/ocm09677536/Output/0202.tif /mnt/lsdi/ocm09677536/ocm09677536/Output/0203.tif /mnt/lsdi/ocm09677536/ocm09677536/Output/0204.tif /mnt/lsdi/ocm09677536/ocm09677536/Output/0205.tif /mnt/lsdi/ocm09677536/ocm09677536/Output/0206.tif /mnt/lsdi/ocm09677536/ocm09677536/Output/0207.tif /mnt/lsdi/ocm09677536/ocm09677536/Output/0208.tif /mnt/lsdi/ocm09677536/ocm09677536/Output/0209.tif /mnt/lsdi/ocm09677536/ocm09677536/Output/0210.tif /mnt/lsdi/ocm09677536/ocm09677536/Output/0211.tif /mnt/lsdi/ocm09677536/ocm09677536/Output/0212.tif /mnt/lsdi/ocm09677536/ocm09677536/Output/0213.tif /mnt/lsdi/ocm09677536/ocm09677536/Output/0214.tif /mnt/lsdi/ocm09677536/ocm09677536/Output/0215.tif /mnt/lsdi/ocm09677536/ocm09677536/Output/0216.tif /mnt/lsdi/ocm09677536/ocm09677536/Output/0217.tif /mnt/lsdi/ocm09677536/ocm09677536/Output/0218.tif /mnt/lsdi/ocm09677536/ocm09677536/Output/0219.tif /mnt/lsdi/ocm09677536/ocm09677536/Output/0220.tif /mnt/lsdi/ocm09677536/ocm09677536/Output/0221.tif /mnt/lsdi/ocm09677536/ocm09677536/Output/0222.tif /mnt/lsdi/ocm09677536/ocm09677536/Output/0223.tif /mnt/lsdi/ocm09677536/ocm09677536/Output/0224.tif /mnt/lsdi/ocm09677536/ocm09677536/Output/0225.tif /mnt/lsdi/ocm09677536/ocm09677536/Output/0226.tif /mnt/lsdi/ocm09677536/ocm09677536/Output/0227.tif /mnt/lsdi/ocm09677536/ocm09677536/Output/0228.tif /mnt/lsdi/ocm09677536/ocm09677536/Output/0229.tif /mnt/lsdi/ocm09677536/ocm09677536/Output/0230.tif /mnt/lsdi/ocm09677536/ocm09677536/Output/0231.tif /mnt/lsdi/ocm09677536/ocm09677536/Output/0232.tif /mnt/lsdi/ocm09677536/ocm09677536/Output/0233.tif /mnt/lsdi/ocm09677536/ocm09677536/Output/0234.tif /mnt/lsdi/ocm09677536/ocm09677536/Output/0235.tif /mnt/lsdi/ocm09677536/ocm09677536/Output/0236.tif /mnt/lsdi/ocm09677536/ocm09677536/Output/0237.tif /mnt/lsdi/ocm09677536/ocm09677536/Output/0238.tif /mnt/lsdi/ocm09677536/ocm09677536/Output/0239.tif /mnt/lsdi/ocm09677536/ocm09677536/Output/0240.tif /mnt/lsdi/ocm09677536/ocm09677536/Output/0241.tif /mnt/lsdi/ocm09677536/ocm09677536/Output/0242.tif /mnt/lsdi/ocm09677536/ocm09677536/Output/0243.tif /mnt/lsdi/ocm09677536/ocm09677536/Output/0244.tif /mnt/lsdi/ocm09677536/ocm09677536/Output/0245.tif /mnt/lsdi/ocm09677536/ocm09677536/Output/0246.tif /mnt/lsdi/ocm09677536/ocm09677536/Output/0247.tif /mnt/lsdi/ocm09677536/ocm09677536/Output/0248.tif /mnt/lsdi/ocm09677536/ocm09677536/Output/0249.tif /mnt/lsdi/ocm09677536/ocm09677536/Output/0250.tif /mnt/lsdi/ocm09677536/ocm09677536/Output/0251.tif /mnt/lsdi/ocm09677536/ocm09677536/Output/0252.tif /mnt/lsdi/ocm09677536/ocm09677536/Output/0253.tif /mnt/lsdi/ocm09677536/ocm09677536/Output/0254.tif /mnt/lsdi/ocm09677536/ocm09677536/Output/0255.tif /mnt/lsdi/ocm09677536/ocm09677536/Output/0256.tif /mnt/lsdi/ocm09677536/ocm09677536/Output/0257.tif /mnt/lsdi/ocm09677536/ocm09677536/Output/0258.tif /mnt/lsdi/ocm09677536/ocm09677536/Output/0259.tif /mnt/lsdi/ocm09677536/ocm09677536/Output/0260.tif /mnt/lsdi/ocm09677536/ocm09677536/Output/0261.tif /mnt/lsdi/ocm09677536/ocm09677536/Output/0262.tif /mnt/lsdi/ocm09677536/ocm09677536/Output/0263.tif /mnt/lsdi/ocm09677536/ocm09677536/Output/0264.tif /mnt/lsdi/ocm09677536/ocm09677536/Output/0265.tif /mnt/lsdi/ocm09677536/ocm09677536/Output/0266.tif /mnt/lsdi/ocm09677536/ocm09677536/Output/0267.tif /mnt/lsdi/ocm09677536/ocm09677536/Output/0268.tif /mnt/lsdi/ocm09677536/ocm09677536/Output/0269.tif /mnt/lsdi/ocm09677536/ocm09677536/Output/0270.tif /mnt/lsdi/ocm09677536/ocm09677536/Output/0271.tif /mnt/lsdi/ocm09677536/ocm09677536/Output/0272.tif /mnt/lsdi/ocm09677536/ocm09677536/Output/0273.tif /mnt/lsdi/ocm09677536/ocm09677536/Output/0274.tif /mnt/lsdi/ocm09677536/ocm09677536/Output/0275.tif /mnt/lsdi/ocm09677536/ocm09677536/Output/0276.tif /mnt/lsdi/ocm09677536/ocm09677536/Output/0277.tif /mnt/lsdi/ocm09677536/ocm09677536/Output/0278.tif /mnt/lsdi/ocm09677536/ocm09677536/Output/0279.tif /mnt/lsdi/ocm09677536/ocm09677536/Output/0280.tif /mnt/lsdi/ocm09677536/ocm09677536/Output/0281.tif /mnt/lsdi/ocm09677536/ocm09677536/Output/0282.tif /mnt/lsdi/ocm09677536/ocm09677536/Output/0283.tif /mnt/lsdi/ocm09677536/ocm09677536/Output/0284.tif /mnt/lsdi/ocm09677536/ocm09677536/Output/0285.tif /mnt/lsdi/ocm09677536/ocm09677536/Output/0286.tif /mnt/lsdi/ocm09677536/ocm09677536/Output/0287.tif /mnt/lsdi/ocm09677536/ocm09677536/Output/0288.tif /mnt/lsdi/ocm09677536/ocm09677536/Output/0289.tif /mnt/lsdi/ocm09677536/ocm09677536/Output/0290.tif /mnt/lsdi/ocm09677536/ocm09677536/Output/0291.tif /mnt/lsdi/ocm09677536/ocm09677536/Output/0292.tif /mnt/lsdi/ocm09677536/ocm09677536/Output/0293.tif /mnt/lsdi/ocm09677536/ocm09677536/Output/0294.tif /mnt/lsdi/ocm09677536/ocm09677536/Output/0295.tif /mnt/lsdi/ocm09677536/ocm09677536/Output/0296.tif /mnt/lsdi/ocm09677536/ocm09677536/Output/0297.tif /mnt/lsdi/ocm09677536/ocm09677536/Output/0298.tif /mnt/lsdi/ocm09677536/ocm09677536/Output/0299.tif /mnt/lsdi/ocm09677536/ocm09677536/Output/0300.tif /mnt/lsdi/ocm09677536/ocm09677536/Output/0301.tif /mnt/lsdi/ocm09677536/ocm09677536/Output/0302.tif /mnt/lsdi/ocm09677536/ocm09677536/Output/0303.tif /mnt/lsdi/ocm09677536/ocm09677536/Output/0304.tif /mnt/lsdi/ocm09677536/ocm09677536/Output/0305.tif /mnt/lsdi/ocm09677536/ocm09677536/Output/0306.tif /mnt/lsdi/ocm09677536/ocm09677536/Output/0307.tif /mnt/lsdi/ocm09677536/ocm09677536/Output/0308.tif /mnt/lsdi/ocm09677536/ocm09677536/Output/0309.tif /mnt/lsdi/ocm09677536/ocm09677536/Output/0310.tif /mnt/lsdi/ocm09677536/ocm09677536/Output/0311.tif /mnt/lsdi/ocm09677536/ocm09677536/Output/0312.tif /mnt/lsdi/ocm09677536/ocm09677536/Output/0313.tif /mnt/lsdi/ocm09677536/ocm09677536/Output/0314.tif /mnt/lsdi/ocm09677536/ocm09677536/Output/0315.tif /mnt/lsdi/ocm09677536/ocm09677536/Output/0316.tif /mnt/lsdi/ocm09677536/ocm09677536/Output/0317.tif /mnt/lsdi/ocm09677536/ocm09677536/Output/0318.tif /mnt/lsdi/ocm09677536/ocm09677536/Output/0319.tif /mnt/lsdi/ocm09677536/ocm09677536/Output/0320.tif /mnt/lsdi/ocm09677536/ocm09677536/Output/0321.tif /mnt/lsdi/ocm09677536/ocm09677536/Output/0322.tif /mnt/lsdi/ocm09677536/ocm09677536/Output/0323.tif /mnt/lsdi/ocm09677536/ocm09677536/Output/0324.tif /mnt/lsdi/ocm09677536/ocm09677536/Output/0325.tif /mnt/lsdi/ocm09677536/ocm09677536/Output/0326.tif /mnt/lsdi/ocm09677536/ocm09677536/Output/0327.tif /mnt/lsdi/ocm09677536/ocm09677536/Output/0328.tif /mnt/lsdi/ocm09677536/ocm09677536/Output/0329.tif /mnt/lsdi/ocm09677536/ocm09677536/Output/0330.tif /mnt/lsdi/ocm09677536/ocm09677536/Output/0331.tif /mnt/lsdi/ocm09677536/ocm09677536/Output/0332.tif /mnt/lsdi/ocm09677536/ocm09677536/Output/0333.tif /mnt/lsdi/ocm09677536/ocm09677536/Output/0334.tif /mnt/lsdi/ocm09677536/ocm09677536/Output/0335.tif /mnt/lsdi/ocm09677536/ocm09677536/Output/0336.tif /mnt/lsdi/ocm09677536/ocm09677536/Output/0337.tif /mnt/lsdi/ocm09677536/ocm09677536/Output/0338.tif /mnt/lsdi/ocm09677536/ocm09677536/Output/0339.tif /mnt/lsdi/ocm09677536/ocm09677536/Output/0340.tif /mnt/lsdi/ocm09677536/ocm09677536/Output/0341.tif /mnt/lsdi/ocm09677536/ocm09677536/Output/0342.tif /mnt/lsdi/ocm09677536/ocm09677536/Output/0343.tif /mnt/lsdi/ocm09677536/ocm09677536/Output/0344.tif /mnt/lsdi/ocm09677536/ocm09677536/Output/0345.tif /mnt/lsdi/ocm09677536/ocm09677536/Output/0346.tif /mnt/lsdi/ocm09677536/ocm09677536/Output/0347.tif /mnt/lsdi/ocm09677536/ocm09677536/Output/0348.tif /mnt/lsdi/ocm09677536/ocm09677536/Output/0349.tif /mnt/lsdi/ocm09677536/ocm09677536/Output/0350.tif /mnt/lsdi/ocm09677536/ocm09677536/Output/0351.tif /mnt/lsdi/ocm09677536/ocm09677536/Output/0352.tif /mnt/lsdi/ocm09677536/ocm09677536/Output/0353.tif /mnt/lsdi/ocm09677536/ocm09677536/Output/0354.tif /mnt/lsdi/ocm09677536/ocm09677536/Output/0355.tif /mnt/lsdi/ocm09677536/ocm09677536/Output/0356.tif /mnt/lsdi/ocm09677536/ocm09677536/Output/0357.tif /mnt/lsdi/ocm09677536/ocm09677536/Output/0358.tif /mnt/lsdi/ocm09677536/ocm09677536/Output/0359.tif /mnt/lsdi/ocm09677536/ocm09677536/Output/0360.tif /mnt/lsdi/ocm09677536/ocm09677536/Output/0361.tif /mnt/lsdi/ocm09677536/ocm09677536/Output/0362.tif /mnt/lsdi/ocm09677536/ocm09677536/Output/0363.tif /mnt/lsdi/ocm09677536/ocm09677536/Output/0364.tif /mnt/lsdi/ocm09677536/ocm09677536/Output/0365.tif /mnt/lsdi/ocm09677536/ocm09677536/Output/0366.tif /mnt/lsdi/ocm09677536/ocm09677536/Output/0367.tif /mnt/lsdi/ocm09677536/ocm09677536/Output/0368.tif /mnt/lsdi/ocm09677536/ocm09677536/Output/0369.tif /mnt/lsdi/ocm09677536/ocm09677536/Output/0370.tif /mnt/lsdi/ocm09677536/ocm09677536/Output/0371.tif /mnt/lsdi/ocm09677536/ocm09677536/Output/0372.tif /mnt/lsdi/ocm09677536/ocm09677536/Output/0373.tif /mnt/lsdi/ocm09677536/ocm09677536/Output/0374.tif /mnt/lsdi/ocm09677536/ocm09677536/Output/0375.tif /mnt/lsdi/ocm09677536/ocm09677536/Output/0376.tif /mnt/lsdi/ocm09677536/ocm09677536/Output/0377.tif /mnt/lsdi/ocm09677536/ocm09677536/Output/0378.tif /mnt/lsdi/ocm09677536/ocm09677536/Output/0379.tif /mnt/lsdi/ocm09677536/ocm09677536/Output/0380.tif /mnt/lsdi/ocm09677536/ocm09677536/Output/0381.tif /mnt/lsdi/ocm09677536/ocm09677536/Output/0382.tif /mnt/lsdi/ocm09677536/ocm09677536/Output/0383.tif /mnt/lsdi/ocm09677536/ocm09677536/Output/0384.tif /mnt/lsdi/ocm09677536/ocm09677536/Output/0385.tif /mnt/lsdi/ocm09677536/ocm09677536/Output/0386.tif /mnt/lsdi/ocm09677536/ocm09677536/Output/0387.tif /mnt/lsdi/ocm09677536/ocm09677536/Output/0388.tif /mnt/lsdi/ocm09677536/ocm09677536/Output/0389.tif /mnt/lsdi/ocm09677536/ocm09677536/Output/0390.tif /mnt/lsdi/ocm09677536/ocm09677536/Output/0391.tif /mnt/lsdi/ocm09677536/ocm09677536/Output/0392.tif /mnt/lsdi/ocm09677536/ocm09677536/Output/0393.tif /mnt/lsdi/ocm09677536/ocm09677536/Output/0394.tif /mnt/lsdi/ocm09677536/ocm09677536/Output/0395.tif /mnt/lsdi/ocm09677536/ocm09677536/Output/0396.tif /mnt/lsdi/ocm09677536/ocm09677536/Output/0397.tif /mnt/lsdi/ocm09677536/ocm09677536/Output/0398.tif /mnt/lsdi/ocm09677536/ocm09677536/Output/0399.tif /mnt/lsdi/ocm09677536/ocm09677536/Output/0400.tif /mnt/lsdi/ocm09677536/ocm09677536/Output/0401.tif /mnt/lsdi/ocm09677536/ocm09677536/Output/0402.tif /mnt/lsdi/ocm09677536/ocm09677536/Output/0403.tif /mnt/lsdi/ocm09677536/ocm09677536/Output/0404.tif /mnt/lsdi/ocm09677536/ocm09677536/Output/0405.tif /mnt/lsdi/ocm09677536/ocm09677536/Output/0406.tif /mnt/lsdi/ocm09677536/ocm09677536/Output/0407.tif /mnt/lsdi/ocm09677536/ocm09677536/Output/0408.tif /mnt/lsdi/ocm09677536/ocm09677536/Output/0409.tif /mnt/lsdi/ocm09677536/ocm09677536/Output/0410.tif /mnt/lsdi/ocm09677536/ocm09677536/Output/0411.tif /mnt/lsdi/ocm09677536/ocm09677536/Output/0412.tif /mnt/lsdi/ocm09677536/ocm09677536/Output/0413.tif /mnt/lsdi/ocm09677536/ocm09677536/Output/0414.tif /mnt/lsdi/ocm09677536/ocm09677536/Output/0415.tif /mnt/lsdi/ocm09677536/ocm09677536/Output/0416.tif /mnt/lsdi/ocm09677536/ocm09677536/Output/0417.tif /mnt/lsdi/ocm09677536/ocm09677536/Output/0418.tif /mnt/lsdi/ocm09677536/ocm09677536/Output/0419.tif /mnt/lsdi/ocm09677536/ocm09677536/Output/0420.tif /mnt/lsdi/ocm09677536/ocm09677536/Output/0421.tif /mnt/lsdi/ocm09677536/ocm09677536/Output/0422.tif /mnt/lsdi/ocm09677536/ocm09677536/Output/0423.tif /mnt/lsdi/ocm09677536/ocm09677536/Output/0424.tif /mnt/lsdi/ocm09677536/ocm09677536/Output/0425.tif /mnt/lsdi/ocm09677536/ocm09677536/Output/0426.tif /mnt/lsdi/ocm09677536/ocm09677536/Output/0427.tif /mnt/lsdi/ocm09677536/ocm09677536/Output/0428.tif /mnt/lsdi/ocm09677536/ocm09677536/Output/0429.tif /mnt/lsdi/ocm09677536/ocm09677536/Output/0430.tif /mnt/lsdi/ocm09677536/ocm09677536/Output/0431.tif /mnt/lsdi/ocm09677536/ocm09677536/Output/0432.tif
  adding: mnt/lsdi/ocm09677536/ocm09677536/Output/0001.tif (deflated 2%)
  adding: mnt/lsdi/ocm09677536/ocm09677536/Output/0002.tif (deflated 2%)
  adding: mnt/lsdi/ocm09677536/ocm09677536/Output/0003.tif (deflated 5%)
  adding: mnt/lsdi/ocm09677536/ocm09677536/Output/0004.tif (deflated 6%)
  adding: mnt/lsdi/ocm09677536/ocm09677536/Output/0005.tif (deflated 2%)
  adding: mnt/lsdi/ocm09677536/ocm09677536/Output/0006.tif (deflated 5%)
  adding: mnt/lsdi/ocm09677536/ocm09677536/Output/0007.tif (deflated 6%)
  adding: mnt/lsdi/ocm09677536/ocm09677536/Output/0008.tif (deflated 5%)
  adding: mnt/lsdi/ocm09677536/ocm09677536/Output/0009.tif (deflated 50%)
  adding: mnt/lsdi/ocm09677536/ocm09677536/Output/0010.tif (deflated 4%)
  adding: mnt/lsdi/ocm09677536/ocm09677536/Output/0011.tif (deflated 4%)
  adding: mnt/lsdi/ocm09677536/ocm09677536/Output/0012.tif (deflated 4%)
  adding: mnt/lsdi/ocm09677536/ocm09677536/Output/0013.tif (deflated 5%)
  adding: mnt/lsdi/ocm09677536/ocm09677536/Output/0014.tif (deflated 5%)
  adding: mnt/lsdi/ocm09677536/ocm09677536/Output/0015.tif (deflated 5%)
  adding: mnt/lsdi/ocm09677536/ocm09677536/Output/0016.tif (deflated 5%)
  adding: mnt/lsdi/ocm09677536/ocm09677536/Output/0017.tif (deflated 5%)
  adding: mnt/lsdi/ocm09677536/ocm09677536/Output/0018.tif (deflated 5%)
  adding: mnt/lsdi/ocm09677536/ocm09677536/Output/0019.tif (deflated 5%)
  adding: mnt/lsdi/ocm09677536/ocm09677536/Output/0020.tif (deflated 4%)
  adding: mnt/lsdi/ocm09677536/ocm09677536/Output/0021.tif (deflated 4%)
  adding: mnt/lsdi/ocm09677536/ocm09677536/Output/0022.tif (deflated 3%)
  adding: mnt/lsdi/ocm09677536/ocm09677536/Output/0023.tif (deflated 4%)
  adding: mnt/lsdi/ocm09677536/ocm09677536/Output/0024.tif (deflated 4%)
  adding: mnt/lsdi/ocm09677536/ocm09677536/Output/0025.tif (deflated 5%)
  adding: mnt/lsdi/ocm09677536/ocm09677536/Output/0026.tif (deflated 5%)
  adding: mnt/lsdi/ocm09677536/ocm09677536/Output/0027.tif (deflated 5%)
  adding: mnt/lsdi/ocm09677536/ocm09677536/Output/0028.tif (deflated 8%)
  adding: mnt/lsdi/ocm09677536/ocm09677536/Output/0029.tif (deflated 5%)
  adding: mnt/lsdi/ocm09677536/ocm09677536/Output/0030.tif (deflated 5%)
  adding: mnt/lsdi/ocm09677536/ocm09677536/Output/0031.tif (deflated 0%)
  adding: mnt/lsdi/ocm09677536/ocm09677536/Output/0032.tif (deflated 2%)
  adding: mnt/lsdi/ocm09677536/ocm09677536/Output/0033.tif (deflated 2%)
  adding: mnt/lsdi/ocm09677536/ocm09677536/Output/0034.tif (deflated 5%)
  adding: mnt/lsdi/ocm09677536/ocm09677536/Output/0035.tif (deflated 5%)
  adding: mnt/lsdi/ocm09677536/ocm09677536/Output/0036.tif (deflated 8%)
  adding: mnt/lsdi/ocm09677536/ocm09677536/Output/0037.tif (deflated 5%)
  adding: mnt/lsdi/ocm09677536/ocm09677536/Output/0038.tif (deflated 5%)
  adding: mnt/lsdi/ocm09677536/ocm09677536/Output/0039.tif (deflated 5%)
  adding: mnt/lsdi/ocm09677536/ocm09677536/Output/0040.tif (deflated 7%)
  adding: mnt/lsdi/ocm09677536/ocm09677536/Output/0041.tif (deflated 5%)
  adding: mnt/lsdi/ocm09677536/ocm09677536/Output/0042.tif (deflated 5%)
  adding: mnt/lsdi/ocm09677536/ocm09677536/Output/0043.tif (deflated 5%)
  adding: mnt/lsdi/ocm09677536/ocm09677536/Output/0044.tif (deflated 4%)
  adding: mnt/lsdi/ocm09677536/ocm09677536/Output/0045.tif (deflated 5%)
  adding: mnt/lsdi/ocm09677536/ocm09677536/Output/0046.tif (deflated 3%)
  adding: mnt/lsdi/ocm09677536/ocm09677536/Output/0047.tif (deflated 5%)
  adding: mnt/lsdi/ocm09677536/ocm09677536/Output/0048.tif (deflated 5%)
  adding: mnt/lsdi/ocm09677536/ocm09677536/Output/0049.tif (deflated 5%)
  adding: mnt/lsdi/ocm09677536/ocm09677536/Output/0050.tif (deflated 5%)
  adding: mnt/lsdi/ocm09677536/ocm09677536/Output/0051.tif (deflated 5%)
  adding: mnt/lsdi/ocm09677536/ocm09677536/Output/0052.tif (deflated 8%)
  adding: mnt/lsdi/ocm09677536/ocm09677536/Output/0053.tif (deflated 5%)
  adding: mnt/lsdi/ocm09677536/ocm09677536/Output/0054.tif (deflated 5%)
  adding: mnt/lsdi/ocm09677536/ocm09677536/Output/0055.tif (deflated 5%)
  adding: mnt/lsdi/ocm09677536/ocm09677536/Output/0056.tif (deflated 5%)
  adding: mnt/lsdi/ocm09677536/ocm09677536/Output/0057.tif (deflated 5%)
  adding: mnt/lsdi/ocm09677536/ocm09677536/Output/0058.tif (deflated 5%)
  adding: mnt/lsdi/ocm09677536/ocm09677536/Output/0059.tif (deflated 5%)
  adding: mnt/lsdi/ocm09677536/ocm09677536/Output/0060.tif (deflated 5%)
  adding: mnt/lsdi/ocm09677536/ocm09677536/Output/0061.tif (deflated 3%)
  adding: mnt/lsdi/ocm09677536/ocm09677536/Output/0062.tif (deflated 4%)
  adding: mnt/lsdi/ocm09677536/ocm09677536/Output/0063.tif (deflated 2%)
  adding: mnt/lsdi/ocm09677536/ocm09677536/Output/0064.tif (deflated 7%)
  adding: mnt/lsdi/ocm09677536/ocm09677536/Output/0065.tif (deflated 1%)
  adding: mnt/lsdi/ocm09677536/ocm09677536/Output/0066.tif (deflated 6%)
  adding: mnt/lsdi/ocm09677536/ocm09677536/Output/0067.tif (deflated 2%)
  adding: mnt/lsdi/ocm09677536/ocm09677536/Output/0068.tif (deflated 7%)
  adding: mnt/lsdi/ocm09677536/ocm09677536/Output/0069.tif (deflated 7%)
  adding: mnt/lsdi/ocm09677536/ocm09677536/Output/0070.tif (deflated 5%)
  adding: mnt/lsdi/ocm09677536/ocm09677536/Output/0071.tif (deflated 5%)
  adding: mnt/lsdi/ocm09677536/ocm09677536/Output/0072.tif (deflated 2%)
  adding: mnt/lsdi/ocm09677536/ocm09677536/Output/0073.tif (deflated 2%)
  adding: mnt/lsdi/ocm09677536/ocm09677536/Output/0074.tif (deflated 2%)
  adding: mnt/lsdi/ocm09677536/ocm09677536/Output/0075.tif (deflated 2%)
  adding: mnt/lsdi/ocm09677536/ocm09677536/Output/0076.tif (deflated 5%)
  adding: mnt/lsdi/ocm09677536/ocm09677536/Output/0077.tif (deflated 5%)
  adding: mnt/lsdi/ocm09677536/ocm09677536/Output/0078.tif (deflated 6%)
  adding: mnt/lsdi/ocm09677536/ocm09677536/Output/0079.tif (deflated 4%)
  adding: mnt/lsdi/ocm09677536/ocm09677536/Output/0080.tif (deflated 3%)
  adding: mnt/lsdi/ocm09677536/ocm09677536/Output/0081.tif (deflated 2%)
  adding: mnt/lsdi/ocm09677536/ocm09677536/Output/0082.tif (deflated 4%)
  adding: mnt/lsdi/ocm09677536/ocm09677536/Output/0083.tif (deflated 4%)
  adding: mnt/lsdi/ocm09677536/ocm09677536/Output/0084.tif (deflated 5%)
  adding: mnt/lsdi/ocm09677536/ocm09677536/Output/0085.tif (deflated 2%)
  adding: mnt/lsdi/ocm09677536/ocm09677536/Output/0086.tif (deflated 3%)
  adding: mnt/lsdi/ocm09677536/ocm09677536/Output/0087.tif (deflated 5%)
  adding: mnt/lsdi/ocm09677536/ocm09677536/Output/0088.tif (deflated 6%)
  adding: mnt/lsdi/ocm09677536/ocm09677536/Output/0089.tif (deflated 4%)
  adding: mnt/lsdi/ocm09677536/ocm09677536/Output/0090.tif (deflated 5%)
  adding: mnt/lsdi/ocm09677536/ocm09677536/Output/0091.tif (deflated 5%)
  adding: mnt/lsdi/ocm09677536/ocm09677536/Output/0092.tif (deflated 5%)
  adding: mnt/lsdi/ocm09677536/ocm09677536/Output/0093.tif (deflated 5%)
  adding: mnt/lsdi/ocm09677536/ocm09677536/Output/0094.tif (deflated 5%)
  adding: mnt/lsdi/ocm09677536/ocm09677536/Output/0095.tif (deflated 3%)
  adding: mnt/lsdi/ocm09677536/ocm09677536/Output/0096.tif (deflated 3%)
  adding: mnt/lsdi/ocm09677536/ocm09677536/Output/0097.tif (deflated 6%)
  adding: mnt/lsdi/ocm09677536/ocm09677536/Output/0098.tif (deflated 5%)
  adding: mnt/lsdi/ocm09677536/ocm09677536/Output/0099.tif (deflated 4%)
  adding: mnt/lsdi/ocm09677536/ocm09677536/Output/0100.tif (deflated 2%)
  adding: mnt/lsdi/ocm09677536/ocm09677536/Output/0101.tif (deflated 4%)
  adding: mnt/lsdi/ocm09677536/ocm09677536/Output/0102.tif (deflated 4%)
  adding: mnt/lsdi/ocm09677536/ocm09677536/Output/0103.tif (deflated 1%)
  adding: mnt/lsdi/ocm09677536/ocm09677536/Output/0104.tif (deflated 5%)
  adding: mnt/lsdi/ocm09677536/ocm09677536/Output/0105.tif (deflated 3%)
  adding: mnt/lsdi/ocm09677536/ocm09677536/Output/0106.tif (deflated 5%)
  adding: mnt/lsdi/ocm09677536/ocm09677536/Output/0107.tif (deflated 1%)
  adding: mnt/lsdi/ocm09677536/ocm09677536/Output/0108.tif (deflated 4%)
  adding: mnt/lsdi/ocm09677536/ocm09677536/Output/0109.tif (deflated 1%)
  adding: mnt/lsdi/ocm09677536/ocm09677536/Output/0110.tif (deflated 4%)
  adding: mnt/lsdi/ocm09677536/ocm09677536/Output/0111.tif (deflated 4%)
  adding: mnt/lsdi/ocm09677536/ocm09677536/Output/0112.tif (deflated 2%)
  adding: mnt/lsdi/ocm09677536/ocm09677536/Output/0113.tif (deflated 4%)
  adding: mnt/lsdi/ocm09677536/ocm09677536/Output/0114.tif (deflated 1%)
  adding: mnt/lsdi/ocm09677536/ocm09677536/Output/0115.tif (deflated 4%)
  adding: mnt/lsdi/ocm09677536/ocm09677536/Output/0116.tif (deflated 1%)
  adding: mnt/lsdi/ocm09677536/ocm09677536/Output/0117.tif (deflated 4%)
  adding: mnt/lsdi/ocm09677536/ocm09677536/Output/0118.tif (deflated 6%)
  adding: mnt/lsdi/ocm09677536/ocm09677536/Output/0119.tif (deflated 5%)
  adding: mnt/lsdi/ocm09677536/ocm09677536/Output/0120.tif (deflated 1%)
  adding: mnt/lsdi/ocm09677536/ocm09677536/Output/0121.tif (deflated 5%)
  adding: mnt/lsdi/ocm09677536/ocm09677536/Output/0122.tif (deflated 5%)
  adding: mnt/lsdi/ocm09677536/ocm09677536/Output/0123.tif (deflated 1%)
  adding: mnt/lsdi/ocm09677536/ocm09677536/Output/0124.tif (deflated 5%)
  adding: mnt/lsdi/ocm09677536/ocm09677536/Output/0125.tif (deflated 3%)
  adding: mnt/lsdi/ocm09677536/ocm09677536/Output/0126.tif (deflated 1%)
  adding: mnt/lsdi/ocm09677536/ocm09677536/Output/0127.tif (deflated 4%)
  adding: mnt/lsdi/ocm09677536/ocm09677536/Output/0128.tif (deflated 5%)
  adding: mnt/lsdi/ocm09677536/ocm09677536/Output/0129.tif (deflated 1%)
  adding: mnt/lsdi/ocm09677536/ocm09677536/Output/0130.tif (deflated 6%)
  adding: mnt/lsdi/ocm09677536/ocm09677536/Output/0131.tif (deflated 4%)
  adding: mnt/lsdi/ocm09677536/ocm09677536/Output/0132.tif (deflated 2%)
  adding: mnt/lsdi/ocm09677536/ocm09677536/Output/0133.tif (deflated 4%)
  adding: mnt/lsdi/ocm09677536/ocm09677536/Output/0134.tif (deflated 3%)
  adding: mnt/lsdi/ocm09677536/ocm09677536/Output/0135.tif (deflated 1%)
  adding: mnt/lsdi/ocm09677536/ocm09677536/Output/0136.tif (deflated 5%)
  adding: mnt/lsdi/ocm09677536/ocm09677536/Output/0137.tif (deflated 1%)
  adding: mnt/lsdi/ocm09677536/ocm09677536/Output/0138.tif (deflated 5%)
  adding: mnt/lsdi/ocm09677536/ocm09677536/Output/0139.tif (deflated 3%)
  adding: mnt/lsdi/ocm09677536/ocm09677536/Output/0140.tif (deflated 1%)
  adding: mnt/lsdi/ocm09677536/ocm09677536/Output/0141.tif (deflated 3%)
  adding: mnt/lsdi/ocm09677536/ocm09677536/Output/0142.tif (deflated 5%)
  adding: mnt/lsdi/ocm09677536/ocm09677536/Output/0143.tif (deflated 3%)
  adding: mnt/lsdi/ocm09677536/ocm09677536/Output/0144.tif (deflated 2%)
  adding: mnt/lsdi/ocm09677536/ocm09677536/Output/0145.tif (deflated 5%)
  adding: mnt/lsdi/ocm09677536/ocm09677536/Output/0146.tif (deflated 5%)
  adding: mnt/lsdi/ocm09677536/ocm09677536/Output/0147.tif (deflated 1%)
  adding: mnt/lsdi/ocm09677536/ocm09677536/Output/0148.tif (deflated 4%)
  adding: mnt/lsdi/ocm09677536/ocm09677536/Output/0149.tif (deflated 1%)
  adding: mnt/lsdi/ocm09677536/ocm09677536/Output/0150.tif (deflated 4%)
  adding: mnt/lsdi/ocm09677536/ocm09677536/Output/0151.tif (deflated 3%)
  adding: mnt/lsdi/ocm09677536/ocm09677536/Output/0152.tif (deflated 2%)
  adding: mnt/lsdi/ocm09677536/ocm09677536/Output/0153.tif (deflated 4%)
  adding: mnt/lsdi/ocm09677536/ocm09677536/Output/0154.tif (deflated 2%)
  adding: mnt/lsdi/ocm09677536/ocm09677536/Output/0155.tif (deflated 4%)
  adding: mnt/lsdi/ocm09677536/ocm09677536/Output/0156.tif (deflated 2%)
  adding: mnt/lsdi/ocm09677536/ocm09677536/Output/0157.tif (deflated 4%)
  adding: mnt/lsdi/ocm09677536/ocm09677536/Output/0158.tif (deflated 2%)
  adding: mnt/lsdi/ocm09677536/ocm09677536/Output/0159.tif (deflated 4%)
  adding: mnt/lsdi/ocm09677536/ocm09677536/Output/0160.tif (deflated 5%)
  adding: mnt/lsdi/ocm09677536/ocm09677536/Output/0161.tif (deflated 1%)
  adding: mnt/lsdi/ocm09677536/ocm09677536/Output/0162.tif (deflated 5%)
  adding: mnt/lsdi/ocm09677536/ocm09677536/Output/0163.tif (deflated 2%)
  adding: mnt/lsdi/ocm09677536/ocm09677536/Output/0164.tif (deflated 1%)
  adding: mnt/lsdi/ocm09677536/ocm09677536/Output/0165.tif (deflated 4%)
  adding: mnt/lsdi/ocm09677536/ocm09677536/Output/0166.tif (deflated 5%)
  adding: mnt/lsdi/ocm09677536/ocm09677536/Output/0167.tif (deflated 1%)
  adding: mnt/lsdi/ocm09677536/ocm09677536/Output/0168.tif (deflated 4%)
  adding: mnt/lsdi/ocm09677536/ocm09677536/Output/0169.tif (deflated 2%)
  adding: mnt/lsdi/ocm09677536/ocm09677536/Output/0170.tif (deflated 5%)
  adding: mnt/lsdi/ocm09677536/ocm09677536/Output/0171.tif (deflated 2%)
  adding: mnt/lsdi/ocm09677536/ocm09677536/Output/0172.tif (deflated 1%)
  adding: mnt/lsdi/ocm09677536/ocm09677536/Output/0173.tif (deflated 3%)
  adding: mnt/lsdi/ocm09677536/ocm09677536/Output/0174.tif (deflated 1%)
  adding: mnt/lsdi/ocm09677536/ocm09677536/Output/0175.tif (deflated 5%)
  adding: mnt/lsdi/ocm09677536/ocm09677536/Output/0176.tif (deflated 4%)
  adding: mnt/lsdi/ocm09677536/ocm09677536/Output/0177.tif (deflated 4%)
  adding: mnt/lsdi/ocm09677536/ocm09677536/Output/0178.tif (deflated 2%)
  adding: mnt/lsdi/ocm09677536/ocm09677536/Output/0179.tif (deflated 1%)
  adding: mnt/lsdi/ocm09677536/ocm09677536/Output/0180.tif (deflated 4%)
  adding: mnt/lsdi/ocm09677536/ocm09677536/Output/0181.tif (deflated 3%)
  adding: mnt/lsdi/ocm09677536/ocm09677536/Output/0182.tif (deflated 2%)
  adding: mnt/lsdi/ocm09677536/ocm09677536/Output/0183.tif (deflated 3%)
  adding: mnt/lsdi/ocm09677536/ocm09677536/Output/0184.tif (deflated 1%)
  adding: mnt/lsdi/ocm09677536/ocm09677536/Output/0185.tif (deflated 1%)
  adding: mnt/lsdi/ocm09677536/ocm09677536/Output/0186.tif (deflated 2%)
  adding: mnt/lsdi/ocm09677536/ocm09677536/Output/0187.tif (deflated 3%)
  adding: mnt/lsdi/ocm09677536/ocm09677536/Output/0188.tif (deflated 4%)
  adding: mnt/lsdi/ocm09677536/ocm09677536/Output/0189.tif (deflated 2%)
  adding: mnt/lsdi/ocm09677536/ocm09677536/Output/0190.tif (deflated 1%)
  adding: mnt/lsdi/ocm09677536/ocm09677536/Output/0191.tif (deflated 3%)
  adding: mnt/lsdi/ocm09677536/ocm09677536/Output/0192.tif (deflated 2%)
  adding: mnt/lsdi/ocm09677536/ocm09677536/Output/0193.tif (deflated 4%)
  adding: mnt/lsdi/ocm09677536/ocm09677536/Output/0194.tif (deflated 5%)
  adding: mnt/lsdi/ocm09677536/ocm09677536/Output/0195.tif (deflated 3%)
  adding: mnt/lsdi/ocm09677536/ocm09677536/Output/0196.tif (deflated 2%)
  adding: mnt/lsdi/ocm09677536/ocm09677536/Output/0197.tif (deflated 4%)
  adding: mnt/lsdi/ocm09677536/ocm09677536/Output/0198.tif (deflated 5%)
  adding: mnt/lsdi/ocm09677536/ocm09677536/Output/0199.tif (deflated 1%)
  adding: mnt/lsdi/ocm09677536/ocm09677536/Output/0200.tif (deflated 5%)
  adding: mnt/lsdi/ocm09677536/ocm09677536/Output/0201.tif (deflated 1%)
  adding: mnt/lsdi/ocm09677536/ocm09677536/Output/0202.tif (deflated 5%)
  adding: mnt/lsdi/ocm09677536/ocm09677536/Output/0203.tif (deflated 3%)
  adding: mnt/lsdi/ocm09677536/ocm09677536/Output/0204.tif (deflated 2%)
  adding: mnt/lsdi/ocm09677536/ocm09677536/Output/0205.tif (deflated 5%)
  adding: mnt/lsdi/ocm09677536/ocm09677536/Output/0206.tif (deflated 5%)
  adding: mnt/lsdi/ocm09677536/ocm09677536/Output/0207.tif (deflated 1%)
  adding: mnt/lsdi/ocm09677536/ocm09677536/Output/0208.tif (deflated 6%)
  adding: mnt/lsdi/ocm09677536/ocm09677536/Output/0209.tif (deflated 1%)
  adding: mnt/lsdi/ocm09677536/ocm09677536/Output/0210.tif (deflated 5%)
  adding: mnt/lsdi/ocm09677536/ocm09677536/Output/0211.tif (deflated 1%)
  adding: mnt/lsdi/ocm09677536/ocm09677536/Output/0212.tif (deflated 5%)
  adding: mnt/lsdi/ocm09677536/ocm09677536/Output/0213.tif (deflated 1%)
  adding: mnt/lsdi/ocm09677536/ocm09677536/Output/0214.tif (deflated 5%)
  adding: mnt/lsdi/ocm09677536/ocm09677536/Output/0215.tif (deflated 1%)
  adding: mnt/lsdi/ocm09677536/ocm09677536/Output/0216.tif (deflated 1%)
  adding: mnt/lsdi/ocm09677536/ocm09677536/Output/0217.tif (deflated 4%)
  adding: mnt/lsdi/ocm09677536/ocm09677536/Output/0218.tif (deflated 7%)
  adding: mnt/lsdi/ocm09677536/ocm09677536/Output/0219.tif (deflated 1%)
  adding: mnt/lsdi/ocm09677536/ocm09677536/Output/0220.tif (deflated 5%)
  adding: mnt/lsdi/ocm09677536/ocm09677536/Output/0221.tif (deflated 3%)
  adding: mnt/lsdi/ocm09677536/ocm09677536/Output/0222.tif (deflated 2%)
  adding: mnt/lsdi/ocm09677536/ocm09677536/Output/0223.tif (deflated 4%)
  adding: mnt/lsdi/ocm09677536/ocm09677536/Output/0224.tif (deflated 6%)
  adding: mnt/lsdi/ocm09677536/ocm09677536/Output/0225.tif (deflated 1%)
  adding: mnt/lsdi/ocm09677536/ocm09677536/Output/0226.tif (deflated 5%)
  adding: mnt/lsdi/ocm09677536/ocm09677536/Output/0227.tif (deflated 3%)
  adding: mnt/lsdi/ocm09677536/ocm09677536/Output/0228.tif (deflated 1%)
  adding: mnt/lsdi/ocm09677536/ocm09677536/Output/0229.tif (deflated 4%)
  adding: mnt/lsdi/ocm09677536/ocm09677536/Output/0230.tif (deflated 6%)
  adding: mnt/lsdi/ocm09677536/ocm09677536/Output/0231.tif (deflated 4%)
  adding: mnt/lsdi/ocm09677536/ocm09677536/Output/0232.tif (deflated 5%)
  adding: mnt/lsdi/ocm09677536/ocm09677536/Output/0233.tif (deflated 1%)
  adding: mnt/lsdi/ocm09677536/ocm09677536/Output/0234.tif (deflated 6%)
  adding: mnt/lsdi/ocm09677536/ocm09677536/Output/0235.tif (deflated 1%)
  adding: mnt/lsdi/ocm09677536/ocm09677536/Output/0236.tif (deflated 6%)
  adding: mnt/lsdi/ocm09677536/ocm09677536/Output/0237.tif (deflated 1%)
  adding: mnt/lsdi/ocm09677536/ocm09677536/Output/0238.tif (deflated 5%)
  adding: mnt/lsdi/ocm09677536/ocm09677536/Output/0239.tif (deflated 4%)
  adding: mnt/lsdi/ocm09677536/ocm09677536/Output/0240.tif (deflated 2%)
  adding: mnt/lsdi/ocm09677536/ocm09677536/Output/0241.tif (deflated 5%)
  adding: mnt/lsdi/ocm09677536/ocm09677536/Output/0242.tif (deflated 4%)
  adding: mnt/lsdi/ocm09677536/ocm09677536/Output/0243.tif (deflated 1%)
  adding: mnt/lsdi/ocm09677536/ocm09677536/Output/0244.tif (deflated 5%)
  adding: mnt/lsdi/ocm09677536/ocm09677536/Output/0245.tif (deflated 5%)
  adding: mnt/lsdi/ocm09677536/ocm09677536/Output/0246.tif (deflated 5%)
  adding: mnt/lsdi/ocm09677536/ocm09677536/Output/0247.tif (deflated 4%)
  adding: mnt/lsdi/ocm09677536/ocm09677536/Output/0248.tif (deflated 2%)
  adding: mnt/lsdi/ocm09677536/ocm09677536/Output/0249.tif (deflated 1%)
  adding: mnt/lsdi/ocm09677536/ocm09677536/Output/0250.tif (deflated 5%)
  adding: mnt/lsdi/ocm09677536/ocm09677536/Output/0251.tif (deflated 3%)
  adding: mnt/lsdi/ocm09677536/ocm09677536/Output/0252.tif (deflated 3%)
  adding: mnt/lsdi/ocm09677536/ocm09677536/Output/0253.tif (deflated 5%)
  adding: mnt/lsdi/ocm09677536/ocm09677536/Output/0254.tif (deflated 6%)
  adding: mnt/lsdi/ocm09677536/ocm09677536/Output/0255.tif (deflated 4%)
  adding: mnt/lsdi/ocm09677536/ocm09677536/Output/0256.tif (deflated 1%)
  adding: mnt/lsdi/ocm09677536/ocm09677536/Output/0257.tif (deflated 3%)
  adding: mnt/lsdi/ocm09677536/ocm09677536/Output/0258.tif (deflated 4%)
  adding: mnt/lsdi/ocm09677536/ocm09677536/Output/0259.tif (deflated 5%)
  adding: mnt/lsdi/ocm09677536/ocm09677536/Output/0260.tif (deflated 5%)
  adding: mnt/lsdi/ocm09677536/ocm09677536/Output/0261.tif (deflated 5%)
  adding: mnt/lsdi/ocm09677536/ocm09677536/Output/0262.tif (deflated 2%)
  adding: mnt/lsdi/ocm09677536/ocm09677536/Output/0263.tif (deflated 4%)
  adding: mnt/lsdi/ocm09677536/ocm09677536/Output/0264.tif (deflated 1%)
  adding: mnt/lsdi/ocm09677536/ocm09677536/Output/0265.tif (deflated 5%)
  adding: mnt/lsdi/ocm09677536/ocm09677536/Output/0266.tif (deflated 4%)
  adding: mnt/lsdi/ocm09677536/ocm09677536/Output/0267.tif (deflated 4%)
  adding: mnt/lsdi/ocm09677536/ocm09677536/Output/0268.tif (deflated 2%)
  adding: mnt/lsdi/ocm09677536/ocm09677536/Output/0269.tif (deflated 5%)
  adding: mnt/lsdi/ocm09677536/ocm09677536/Output/0270.tif (deflated 5%)
  adding: mnt/lsdi/ocm09677536/ocm09677536/Output/0271.tif (deflated 5%)
  adding: mnt/lsdi/ocm09677536/ocm09677536/Output/0272.tif (deflated 2%)
  adding: mnt/lsdi/ocm09677536/ocm09677536/Output/0273.tif (deflated 4%)
  adding: mnt/lsdi/ocm09677536/ocm09677536/Output/0274.tif (deflated 5%)
  adding: mnt/lsdi/ocm09677536/ocm09677536/Output/0275.tif (deflated 2%)
  adding: mnt/lsdi/ocm09677536/ocm09677536/Output/0276.tif (deflated 5%)
  adding: mnt/lsdi/ocm09677536/ocm09677536/Output/0277.tif (deflated 4%)
  adding: mnt/lsdi/ocm09677536/ocm09677536/Output/0278.tif (deflated 5%)
  adding: mnt/lsdi/ocm09677536/ocm09677536/Output/0279.tif (deflated 2%)
  adding: mnt/lsdi/ocm09677536/ocm09677536/Output/0280.tif (deflated 5%)
  adding: mnt/lsdi/ocm09677536/ocm09677536/Output/0281.tif (deflated 1%)
  adding: mnt/lsdi/ocm09677536/ocm09677536/Output/0282.tif (deflated 4%)
  adding: mnt/lsdi/ocm09677536/ocm09677536/Output/0283.tif (deflated 4%)
  adding: mnt/lsdi/ocm09677536/ocm09677536/Output/0284.tif (deflated 1%)
  adding: mnt/lsdi/ocm09677536/ocm09677536/Output/0285.tif (deflated 4%)
  adding: mnt/lsdi/ocm09677536/ocm09677536/Output/0286.tif (deflated 2%)
  adding: mnt/lsdi/ocm09677536/ocm09677536/Output/0287.tif (deflated 5%)
  adding: mnt/lsdi/ocm09677536/ocm09677536/Output/0288.tif (deflated 3%)
  adding: mnt/lsdi/ocm09677536/ocm09677536/Output/0289.tif (deflated 2%)
  adding: mnt/lsdi/ocm09677536/ocm09677536/Output/0290.tif (deflated 5%)
  adding: mnt/lsdi/ocm09677536/ocm09677536/Output/0291.tif (deflated 2%)
  adding: mnt/lsdi/ocm09677536/ocm09677536/Output/0292.tif (deflated 2%)
  adding: mnt/lsdi/ocm09677536/ocm09677536/Output/0293.tif (deflated 2%)
  adding: mnt/lsdi/ocm09677536/ocm09677536/Output/0294.tif (deflated 5%)
  adding: mnt/lsdi/ocm09677536/ocm09677536/Output/0295.tif (deflated 4%)
  adding: mnt/lsdi/ocm09677536/ocm09677536/Output/0296.tif (deflated 2%)
  adding: mnt/lsdi/ocm09677536/ocm09677536/Output/0297.tif (deflated 5%)
  adding: mnt/lsdi/ocm09677536/ocm09677536/Output/0298.tif (deflated 4%)
  adding: mnt/lsdi/ocm09677536/ocm09677536/Output/0299.tif (deflated 5%)
  adding: mnt/lsdi/ocm09677536/ocm09677536/Output/0300.tif (deflated 2%)
  adding: mnt/lsdi/ocm09677536/ocm09677536/Output/0301.tif (deflated 4%)
  adding: mnt/lsdi/ocm09677536/ocm09677536/Output/0302.tif (deflated 5%)
  adding: mnt/lsdi/ocm09677536/ocm09677536/Output/0303.tif (deflated 2%)
  adding: mnt/lsdi/ocm09677536/ocm09677536/Output/0304.tif (deflated 6%)
  adding: mnt/lsdi/ocm09677536/ocm09677536/Output/0305.tif (deflated 1%)
  adding: mnt/lsdi/ocm09677536/ocm09677536/Output/0306.tif (deflated 5%)
  adding: mnt/lsdi/ocm09677536/ocm09677536/Output/0307.tif (deflated 2%)
  adding: mnt/lsdi/ocm09677536/ocm09677536/Output/0308.tif (deflated 5%)
  adding: mnt/lsdi/ocm09677536/ocm09677536/Output/0309.tif (deflated 3%)
  adding: mnt/lsdi/ocm09677536/ocm09677536/Output/0310.tif (deflated 5%)
  adding: mnt/lsdi/ocm09677536/ocm09677536/Output/0311.tif (deflated 2%)
  adding: mnt/lsdi/ocm09677536/ocm09677536/Output/0312.tif (deflated 6%)
  adding: mnt/lsdi/ocm09677536/ocm09677536/Output/0313.tif (deflated 2%)
  adding: mnt/lsdi/ocm09677536/ocm09677536/Output/0314.tif (deflated 5%)
  adding: mnt/lsdi/ocm09677536/ocm09677536/Output/0315.tif (deflated 4%)
  adding: mnt/lsdi/ocm09677536/ocm09677536/Output/0316.tif (deflated 5%)
  adding: mnt/lsdi/ocm09677536/ocm09677536/Output/0317.tif (deflated 4%)
  adding: mnt/lsdi/ocm09677536/ocm09677536/Output/0318.tif (deflated 1%)
  adding: mnt/lsdi/ocm09677536/ocm09677536/Output/0319.tif (deflated 4%)
  adding: mnt/lsdi/ocm09677536/ocm09677536/Output/0320.tif (deflated 2%)
  adding: mnt/lsdi/ocm09677536/ocm09677536/Output/0321.tif (deflated 4%)
  adding: mnt/lsdi/ocm09677536/ocm09677536/Output/0322.tif (deflated 2%)
  adding: mnt/lsdi/ocm09677536/ocm09677536/Output/0323.tif (deflated 2%)
  adding: mnt/lsdi/ocm09677536/ocm09677536/Output/0324.tif (deflated 2%)
  adding: mnt/lsdi/ocm09677536/ocm09677536/Output/0325.tif (deflated 5%)
  adding: mnt/lsdi/ocm09677536/ocm09677536/Output/0326.tif (deflated 3%)
  adding: mnt/lsdi/ocm09677536/ocm09677536/Output/0327.tif (deflated 3%)
  adding: mnt/lsdi/ocm09677536/ocm09677536/Output/0328.tif (deflated 4%)
  adding: mnt/lsdi/ocm09677536/ocm09677536/Output/0329.tif (deflated 94%)
  adding: mnt/lsdi/ocm09677536/ocm09677536/Output/0330.tif (deflated 5%)
  adding: mnt/lsdi/ocm09677536/ocm09677536/Output/0331.tif (deflated 4%)
  adding: mnt/lsdi/ocm09677536/ocm09677536/Output/0332.tif (deflated 5%)
  adding: mnt/lsdi/ocm09677536/ocm09677536/Output/0333.tif (deflated 93%)
  adding: mnt/lsdi/ocm09677536/ocm09677536/Output/0334.tif (deflated 5%)
  adding: mnt/lsdi/ocm09677536/ocm09677536/Output/0335.tif (deflated 2%)
  adding: mnt/lsdi/ocm09677536/ocm09677536/Output/0336.tif (deflated 89%)
  adding: mnt/lsdi/ocm09677536/ocm09677536/Output/0337.tif (deflated 5%)
  adding: mnt/lsdi/ocm09677536/ocm09677536/Output/0338.tif (deflated 4%)
  adding: mnt/lsdi/ocm09677536/ocm09677536/Output/0339.tif (deflated 94%)
  adding: mnt/lsdi/ocm09677536/ocm09677536/Output/0340.tif (deflated 5%)
  adding: mnt/lsdi/ocm09677536/ocm09677536/Output/0341.tif (deflated 94%)
  adding: mnt/lsdi/ocm09677536/ocm09677536/Output/0342.tif (deflated 5%)
  adding: mnt/lsdi/ocm09677536/ocm09677536/Output/0343.tif (deflated 3%)
  adding: mnt/lsdi/ocm09677536/ocm09677536/Output/0344.tif (deflated 94%)
  adding: mnt/lsdi/ocm09677536/ocm09677536/Output/0345.tif (deflated 5%)
  adding: mnt/lsdi/ocm09677536/ocm09677536/Output/0346.tif (deflated 5%)
  adding: mnt/lsdi/ocm09677536/ocm09677536/Output/0347.tif (deflated 95%)
  adding: mnt/lsdi/ocm09677536/ocm09677536/Output/0348.tif (deflated 4%)
  adding: mnt/lsdi/ocm09677536/ocm09677536/Output/0349.tif (deflated 93%)
  adding: mnt/lsdi/ocm09677536/ocm09677536/Output/0350.tif (deflated 5%)
  adding: mnt/lsdi/ocm09677536/ocm09677536/Output/0351.tif (deflated 93%)
  adding: mnt/lsdi/ocm09677536/ocm09677536/Output/0352.tif (deflated 5%)
  adding: mnt/lsdi/ocm09677536/ocm09677536/Output/0353.tif (deflated 2%)
  adding: mnt/lsdi/ocm09677536/ocm09677536/Output/0354.tif (deflated 5%)
  adding: mnt/lsdi/ocm09677536/ocm09677536/Output/0355.tif (deflated 94%)
  adding: mnt/lsdi/ocm09677536/ocm09677536/Output/0356.tif (deflated 5%)
  adding: mnt/lsdi/ocm09677536/ocm09677536/Output/0357.tif (deflated 5%)
  adding: mnt/lsdi/ocm09677536/ocm09677536/Output/0358.tif (deflated 4%)
  adding: mnt/lsdi/ocm09677536/ocm09677536/Output/0359.tif (deflated 5%)
  adding: mnt/lsdi/ocm09677536/ocm09677536/Output/0360.tif (deflated 93%)
  adding: mnt/lsdi/ocm09677536/ocm09677536/Output/0361.tif (deflated 5%)
  adding: mnt/lsdi/ocm09677536/ocm09677536/Output/0362.tif (deflated 5%)
  adding: mnt/lsdi/ocm09677536/ocm09677536/Output/0363.tif (deflated 93%)
  adding: mnt/lsdi/ocm09677536/ocm09677536/Output/0364.tif (deflated 4%)
  adding: mnt/lsdi/ocm09677536/ocm09677536/Output/0365.tif (deflated 5%)
  adding: mnt/lsdi/ocm09677536/ocm09677536/Output/0366.tif (deflated 94%)
  adding: mnt/lsdi/ocm09677536/ocm09677536/Output/0367.tif (deflated 5%)
  adding: mnt/lsdi/ocm09677536/ocm09677536/Output/0368.tif (deflated 5%)
  adding: mnt/lsdi/ocm09677536/ocm09677536/Output/0369.tif (deflated 93%)
  adding: mnt/lsdi/ocm09677536/ocm09677536/Output/0370.tif (deflated 5%)
  adding: mnt/lsdi/ocm09677536/ocm09677536/Output/0371.tif (deflated 3%)
  adding: mnt/lsdi/ocm09677536/ocm09677536/Output/0372.tif (deflated 5%)
  adding: mnt/lsdi/ocm09677536/ocm09677536/Output/0373.tif (deflated 95%)
  adding: mnt/lsdi/ocm09677536/ocm09677536/Output/0374.tif (deflated 6%)
  adding: mnt/lsdi/ocm09677536/ocm09677536/Output/0375.tif (deflated 96%)
  adding: mnt/lsdi/ocm09677536/ocm09677536/Output/0376.tif (deflated 93%)
  adding: mnt/lsdi/ocm09677536/ocm09677536/Output/0377.tif (deflated 93%)
  adding: mnt/lsdi/ocm09677536/ocm09677536/Output/0378.tif (deflated 2%)
  adding: mnt/lsdi/ocm09677536/ocm09677536/Output/0379.tif (deflated 5%)
  adding: mnt/lsdi/ocm09677536/ocm09677536/Output/0380.tif (deflated 93%)
  adding: mnt/lsdi/ocm09677536/ocm09677536/Output/0381.tif (deflated 3%)
  adding: mnt/lsdi/ocm09677536/ocm09677536/Output/0382.tif (deflated 4%)
  adding: mnt/lsdi/ocm09677536/ocm09677536/Output/0383.tif (deflated 2%)
  adding: mnt/lsdi/ocm09677536/ocm09677536/Output/0384.tif (deflated 4%)
  adding: mnt/lsdi/ocm09677536/ocm09677536/Output/0385.tif (deflated 5%)
  adding: mnt/lsdi/ocm09677536/ocm09677536/Output/0386.tif (deflated 4%)
  adding: mnt/lsdi/ocm09677536/ocm09677536/Output/0387.tif (deflated 2%)
  adding: mnt/lsdi/ocm09677536/ocm09677536/Output/0388.tif (deflated 2%)
  adding: mnt/lsdi/ocm09677536/ocm09677536/Output/0389.tif (deflated 5%)
  adding: mnt/lsdi/ocm09677536/ocm09677536/Output/0390.tif (deflated 4%)
  adding: mnt/lsdi/ocm09677536/ocm09677536/Output/0391.tif (deflated 3%)
  adding: mnt/lsdi/ocm09677536/ocm09677536/Output/0392.tif (deflated 1%)
  adding: mnt/lsdi/ocm09677536/ocm09677536/Output/0393.tif (deflated 4%)
  adding: mnt/lsdi/ocm09677536/ocm09677536/Output/0394.tif (deflated 5%)
  adding: mnt/lsdi/ocm09677536/ocm09677536/Output/0395.tif (deflated 4%)
  adding: mnt/lsdi/ocm09677536/ocm09677536/Output/0396.tif (deflated 5%)
  adding: mnt/lsdi/ocm09677536/ocm09677536/Output/0397.tif (deflated 5%)
  adding: mnt/lsdi/ocm09677536/ocm09677536/Output/0398.tif (deflated 3%)
  adding: mnt/lsdi/ocm09677536/ocm09677536/Output/0399.tif (deflated 5%)
  adding: mnt/lsdi/ocm09677536/ocm09677536/Output/0400.tif (deflated 3%)
  adding: mnt/lsdi/ocm09677536/ocm09677536/Output/0401.tif (deflated 2%)
  adding: mnt/lsdi/ocm09677536/ocm09677536/Output/0402.tif (deflated 5%)
  adding: mnt/lsdi/ocm09677536/ocm09677536/Output/0403.tif (deflated 4%)
  adding: mnt/lsdi/ocm09677536/ocm09677536/Output/0404.tif (deflated 5%)
  adding: mnt/lsdi/ocm09677536/ocm09677536/Output/0405.tif (deflated 5%)
  adding: mnt/lsdi/ocm09677536/ocm09677536/Output/0406.tif (deflated 4%)
  adding: mnt/lsdi/ocm09677536/ocm09677536/Output/0407.tif (deflated 5%)
  adding: mnt/lsdi/ocm09677536/ocm09677536/Output/0408.tif (deflated 5%)
  adding: mnt/lsdi/ocm09677536/ocm09677536/Output/0409.tif (deflated 5%)
  adding: mnt/lsdi/ocm09677536/ocm09677536/Output/0410.tif (deflated 4%)
  adding: mnt/lsdi/ocm09677536/ocm09677536/Output/0411.tif (deflated 3%)
  adding: mnt/lsdi/ocm09677536/ocm09677536/Output/0412.tif (deflated 5%)
  adding: mnt/lsdi/ocm09677536/ocm09677536/Output/0413.tif (deflated 1%)
  adding: mnt/lsdi/ocm09677536/ocm09677536/Output/0414.tif (deflated 5%)
  adding: mnt/lsdi/ocm09677536/ocm09677536/Output/0415.tif (deflated 6%)
  adding: mnt/lsdi/ocm09677536/ocm09677536/Output/0416.tif (deflated 5%)
  adding: mnt/lsdi/ocm09677536/ocm09677536/Output/0417.tif (deflated 4%)
  adding: mnt/lsdi/ocm09677536/ocm09677536/Output/0418.tif (deflated 3%)
  adding: mnt/lsdi/ocm09677536/ocm09677536/Output/0419.tif (deflated 5%)
  adding: mnt/lsdi/ocm09677536/ocm09677536/Output/0420.tif (deflated 4%)
  adding: mnt/lsdi/ocm09677536/ocm09677536/Output/0421.tif (deflated 5%)
  adding: mnt/lsdi/ocm09677536/ocm09677536/Output/0422.tif (deflated 3%)
  adding: mnt/lsdi/ocm09677536/ocm09677536/Output/0423.tif (deflated 3%)
  adding: mnt/lsdi/ocm09677536/ocm09677536/Output/0424.tif (deflated 4%)
  adding: mnt/lsdi/ocm09677536/ocm09677536/Output/0425.tif (deflated 5%)
  adding: mnt/lsdi/ocm09677536/ocm09677536/Output/0426.tif (deflated 5%)
  adding: mnt/lsdi/ocm09677536/ocm09677536/Output/0427.tif (deflated 5%)
  adding: mnt/lsdi/ocm09677536/ocm09677536/Output/0428.tif (deflated 5%)
  adding: mnt/lsdi/ocm09677536/ocm09677536/Output/0429.tif (deflated 3%)
  adding: mnt/lsdi/ocm09677536/ocm09677536/Output/0430.tif (deflated 5%)
  adding: mnt/lsdi/ocm09677536/ocm09677536/Output/0431.tif (deflated 2%)
  adding: mnt/lsdi/ocm09677536/ocm09677536/Output/0432.tif (deflated 2%)
curl --location --header authorization: LOW fpJYfLnxbLmCEHqU:JQbq6NgBaPrSh98Y --upload-file /temp/ocm09677536_images.zip http://s3.us.archive.org/09677536.emory.edu/09677536_images.zip
  % Total    % Received % Xferd  Average Speed   Time    Time     Time  Current
                                 Dload  Upload   Total   Spent    Left  Speed
  0     0    0     0    0     0      0      0 --:--:-- --:--:-- --:--:--     0  0  419M    0     0    0     0      0      0 --:--:--  0:00:01 --:--:--     0  0  419M    0     0    0  192k      0   142k  0:50:15  0:00:01  0:50:14  150k  0  419M    0     0    0  992k      0   425k  0:16:48  0:00:02  0:16:46  439k  0  419M    0     0    0 1728k      0   518k  0:13:47  0:00:03  0:13:44  530k  0  419M    0     0    0 2480k      0   569k  0:12:35  0:00:04  0:12:31  578k  0  419M    0     0    0 3360k      0   627k  0:11:24  0:00:05  0:11:19  784k  0  419M    0     0    0 4224k      0   667k  0:10:43  0:00:06  0:10:37  809k  1  419M    0     0    1 4992k      0   679k  0:10:32  0:00:07  0:10:25  796k  1  419M    0     0    1 5312k      0   624k  0:11:28  0:00:08  0:11:20  691k  1  419M    0     0    1 5792k      0   620k  0:11:32  0:00:09  0:11:23  665k  1  419M    0     0    1 6336k      0   574k  0:12:27  0:00:11  0:12:16  524k  1  419M    0     0    1 6464k      0   568k  0:12:35  0:00:11  0:12:24  444k  1  419M    0     0    1 7056k      0   569k  0:12:33  0:00:12  0:12:21  410k  1  419M    0     0    1 7456k      0   557k  0:12:50  0:00:13  0:12:37  440k  1  419M    0     0    1 7824k      0   543k  0:13:10  0:00:14  0:12:56  401k  1  419M    0     0    1 8160k      0   530k  0:13:29  0:00:15  0:13:14  419k  1  419M    0     0    1 8544k      0   520k  0:13:44  0:00:16  0:13:28  412k  2  419M    0     0    2 8976k      0   517k  0:13:49  0:00:17  0:13:32  387k  2  419M    0     0    2 9664k      0   526k  0:13:35  0:00:18  0:13:17  444k  2  419M    0     0    2 10.2M      0   542k  0:13:12  0:00:19  0:12:53  538k  2  419M    0     0    2 11.1M      0   560k  0:12:46  0:00:20  0:12:26  651k  2  419M    0     0    2 11.5M      0   547k  0:13:04  0:00:21  0:12:43  632k  2  419M    0     0    2 11.7M      0   538k  0:13:17  0:00:22  0:12:55  610k  2  419M    0     0    2 12.0M      0   528k  0:13:32  0:00:23  0:13:09  535k  2  419M    0     0    2 12.5M      0   526k  0:13:35  0:00:24  0:13:11  466k  3  419M    0     0    3 12.8M      0   520k  0:13:45  0:00:25  0:13:20  360k  3  419M    0     0    3 13.2M      0   516k  0:13:51  0:00:26  0:13:25  373k  3  419M    0     0    3 13.8M      0   518k  0:13:48  0:00:27  0:13:21  430k  3  419M    0     0    3 14.4M      0   523k  0:13:41  0:00:28  0:13:13  496k  3  419M    0     0    3 15.1M      0   528k  0:13:33  0:00:29  0:13:04  535k  3  419M    0     0    3 15.8M      0   533k  0:13:25  0:00:30  0:12:55  597k  3  419M    0     0    3 16.6M      0   543k  0:13:10  0:00:31  0:12:39  686k  4  419M    0     0    4 17.5M      0   554k  0:12:55  0:00:32  0:12:23  749k  4  419M    0     0    4 18.3M      0   562k  0:12:43  0:00:33  0:12:10  787k  4  419M    0     0    4 19.1M      0   572k  0:12:31  0:00:34  0:11:57  829k  4  419M    0     0    4 20.0M      0   580k  0:12:19  0:00:35  0:11:44  868k  4  419M    0     0    4 20.8M      0   588k  0:12:09  0:00:36  0:11:33  871k  5  419M    0     0    5 21.7M      0   596k  0:12:00  0:00:37  0:11:23  868k  5  419M    0     0    5 22.5M      0   603k  0:11:52  0:00:38  0:11:14  871k  5  419M    0     0    5 23.4M      0   609k  0:11:44  0:00:39  0:11:05  869k  5  419M    0     0    5 24.2M      0   616k  0:11:36  0:00:40  0:10:56  870k  5  419M    0     0    5 25.1M      0   622k  0:11:30  0:00:41  0:10:49  866k  6  419M    0     0    6 25.9M      0   626k  0:11:25  0:00:42  0:10:43  855k  6  419M    0     0    6 26.7M      0   632k  0:11:19  0:00:43  0:10:36  858k  6  419M    0     0    6 27.6M      0   638k  0:11:13  0:00:44  0:10:29  859k  6  419M    0     0    6 28.4M      0   643k  0:11:07  0:00:45  0:10:22  860k  6  419M    0     0    6 29.3M      0   648k  0:11:02  0:00:46  0:10:16  862k  7  419M    0     0    7 30.1M      0   652k  0:10:58  0:00:47  0:10:11  865k  7  419M    0     0    7 30.9M      0   656k  0:10:54  0:00:48  0:10:06  860k  7  419M    0     0    7 31.8M      0   660k  0:10:50  0:00:49  0:10:01  858k  7  419M    0     0    7 32.6M      0   664k  0:10:46  0:00:50  0:09:56  855k  7  419M    0     0    7 33.4M      0   667k  0:10:43  0:00:51  0:09:52  849k  8  419M    0     0    8 34.3M      0   671k  0:10:39  0:00:52  0:09:47  853k  8  419M    0     0    8 35.1M      0   675k  0:10:36  0:00:53  0:09:43  858k  8  419M    0     0    8 36.0M      0   678k  0:10:32  0:00:54  0:09:38  861k  8  419M    0     0    8 36.8M      0   682k  0:10:29  0:00:55  0:09:34  857k  8  419M    0     0    8 37.7M      0   685k  0:10:26  0:00:56  0:09:30  866k  9  419M    0     0    9 38.5M      0   688k  0:10:24  0:00:57  0:09:27  867k  9  419M    0     0    9 39.4M      0   691k  0:10:21  0:00:58  0:09:23  865k  9  419M    0     0    9 40.2M      0   694k  0:10:18  0:00:59  0:09:19  864k  9  419M    0     0    9 41.0M      0   697k  0:10:16  0:01:00  0:09:16  866k  9  419M    0     0    9 41.9M      0   699k  0:10:13  0:01:01  0:09:12  861k 10  419M    0     0   10 42.7M      0   702k  0:10:11  0:01:02  0:09:09  864k 10  419M    0     0   10 43.6M      0   705k  0:10:09  0:01:03  0:09:06  868k 10  419M    0     0   10 44.4M      0   707k  0:10:06  0:01:04  0:09:02  867k 10  419M    0     0   10 45.2M      0   709k  0:10:05  0:01:05  0:09:00  850k 10  419M    0     0   10 46.1M      0   711k  0:10:03  0:01:06  0:08:57  854k 11  419M    0     0   11 46.9M      0   713k  0:10:01  0:01:07  0:08:54  854k 11  419M    0     0   11 47.7M      0   715k  0:10:00  0:01:08  0:08:52  846k 11  419M    0     0   11 48.6M      0   718k  0:09:58  0:01:09  0:08:49  850k 11  419M    0     0   11 49.4M      0   720k  0:09:56  0:01:10  0:08:46  864k 11  419M    0     0   11 50.3M      0   722k  0:09:54  0:01:11  0:08:43  864k 12  419M    0     0   12 51.1M      0   724k  0:09:53  0:01:12  0:08:41  863k 12  419M    0     0   12 52.0M      0   726k  0:09:51  0:01:13  0:08:38  867k 12  419M    0     0   12 52.8M      0   728k  0:09:50  0:01:14  0:08:36  863k 12  419M    0     0   12 53.7M      0   729k  0:09:48  0:01:15  0:08:33  867k 12  419M    0     0   12 54.5M      0   731k  0:09:47  0:01:16  0:08:31  859k 13  419M    0     0   13 55.3M      0   733k  0:09:45  0:01:17  0:08:28  864k 13  419M    0     0   13 56.2M      0   734k  0:09:44  0:01:18  0:08:26  865k 13  419M    0     0   13 57.1M      0   736k  0:09:43  0:01:19  0:08:24  869k 13  419M    0     0   13 57.9M      0   738k  0:09:41  0:01:20  0:08:21  873k 14  419M    0     0   14 58.7M      0   740k  0:09:40  0:01:21  0:08:19  878k 14  419M    0     0   14 59.6M      0   741k  0:09:39  0:01:22  0:08:17  873k 14  419M    0     0   14 60.4M      0   743k  0:09:38  0:01:23  0:08:15  871k 14  419M    0     0   14 61.3M      0   744k  0:09:37  0:01:24  0:08:13  866k 14  419M    0     0   14 62.1M      0   745k  0:09:35  0:01:25  0:08:10  860k 15  419M    0     0   15 63.0M      0   747k  0:09:34  0:01:26  0:08:08  861k 15  419M    0     0   15 63.8M      0   748k  0:09:33  0:01:27  0:08:06  867k 15  419M    0     0   15 64.7M      0   750k  0:09:32  0:01:28  0:08:04  864k 15  419M    0     0   15 65.5M      0   751k  0:09:31  0:01:29  0:08:02  867k 15  419M    0     0   15 66.4M      0   752k  0:09:30  0:01:30  0:08:00  870k 16  419M    0     0   16 67.2M      0   754k  0:09:29  0:01:31  0:07:58  870k 16  419M    0     0   16 68.1M      0   755k  0:09:28  0:01:32  0:07:56  873k 16  419M    0     0   16 69.0M      0   757k  0:09:27  0:01:33  0:07:54  882k 16  419M    0     0   16 69.8M      0   758k  0:09:26  0:01:34  0:07:52  881k 16  419M    0     0   16 70.7M      0   759k  0:09:25  0:01:35  0:07:50  883k 17  419M    0     0   17 71.5M      0   760k  0:09:24  0:01:36  0:07:48  885k 17  419M    0     0   17 72.4M      0   761k  0:09:23  0:01:37  0:07:46  878k 17  419M    0     0   17 73.2M      0   763k  0:09:22  0:01:38  0:07:44  876k 17  419M    0     0   17 74.1M      0   764k  0:09:22  0:01:39  0:07:43  877k 17  419M    0     0   17 75.0M      0   765k  0:09:21  0:01:40  0:07:41  879k 18  419M    0     0   18 75.8M      0   766k  0:09:20  0:01:41  0:07:39  882k 18  419M    0     0   18 76.7M      0   767k  0:09:19  0:01:42  0:07:37  881k 18  419M    0     0   18 77.5M      0   768k  0:09:18  0:01:43  0:07:35  882k 18  419M    0     0   18 78.4M      0   769k  0:09:18  0:01:44  0:07:34  876k 18  419M    0     0   18 79.2M      0   770k  0:09:17  0:01:45  0:07:32  873k 19  419M    0     0   19 80.1M      0   771k  0:09:16  0:01:46  0:07:30  864k 19  419M    0     0   19 80.9M      0   771k  0:09:16  0:01:47  0:07:29  853k 19  419M    0     0   19 81.7M      0   772k  0:09:15  0:01:48  0:07:27  854k 19  419M    0     0   19 82.6M      0   774k  0:09:15  0:01:49  0:07:26  863k 19  419M    0     0   19 83.4M      0   774k  0:09:14  0:01:50  0:07:24  845k 20  419M    0     0   20 84.2M      0   774k  0:09:14  0:01:51  0:07:23  840k 20  419M    0     0   20 85.0M      0   775k  0:09:14  0:01:52  0:07:22  851k 20  419M    0     0   20 85.6M      0   773k  0:09:15  0:01:53  0:07:22  777k 20  419M    0     0   20 86.1M      0   771k  0:09:17  0:01:54  0:07:23  711k 20  419M    0     0   20 86.7M      0   770k  0:09:17  0:01:55  0:07:22  689k 20  419M    0     0   20 87.4M      0   769k  0:09:18  0:01:56  0:07:22  665k 21  419M    0     0   21 88.2M      0   769k  0:09:18  0:01:57  0:07:21  639k 21  419M    0     0   21 89.0M      0   770k  0:09:17  0:01:58  0:07:19  706k 21  419M    0     0   21 89.6M      0   768k  0:09:18  0:01:59  0:07:19  717k 21  419M    0     0   21 90.0M      0   766k  0:09:20  0:02:00  0:07:20  676k 21  419M    0     0   21 90.6M      0   764k  0:09:21  0:02:01  0:07:20  647k 21  419M    0     0   21 90.9M      0   760k  0:09:24  0:02:02  0:07:22  556k 21  419M    0     0   21 91.3M      0   758k  0:09:26  0:02:03  0:07:23  476k 21  419M    0     0   21 91.8M      0   756k  0:09:28  0:02:04  0:07:24  444k 21  419M    0     0   21 92.1M      0   753k  0:09:30  0:02:05  0:07:25  428k 22  419M    0     0   22 92.5M      0   750k  0:09:32  0:02:06  0:07:26  402k 22  419M    0     0   22 93.1M      0   749k  0:09:33  0:02:07  0:07:26  466k 22  419M    0     0   22 93.8M      0   748k  0:09:33  0:02:08  0:07:25  514k 22  419M    0     0   22 94.6M      0   749k  0:09:33  0:02:09  0:07:24  586k 22  419M    0     0   22 95.4M      0   749k  0:09:33  0:02:10  0:07:23  661k 22  419M    0     0   22 96.2M      0   750k  0:09:32  0:02:11  0:07:21  747k 23  419M    0     0   23 97.0M      0   750k  0:09:32  0:02:12  0:07:20  789k 23  419M    0     0   23 97.9M      0   751k  0:09:31  0:02:13  0:07:18  829k 23  419M    0     0   23 98.7M      0   752k  0:09:30  0:02:14  0:07:16  841k 23  419M    0     0   23 99.6M      0   753k  0:09:30  0:02:15  0:07:15  858k 23  419M    0     0   23  100M      0   754k  0:09:29  0:02:16  0:07:13  866k 24  419M    0     0   24  101M      0   755k  0:09:28  0:02:17  0:07:11  878k 24  419M    0     0   24  102M      0   756k  0:09:27  0:02:18  0:07:09  874k 24  419M    0     0   24  103M      0   756k  0:09:27  0:02:19  0:07:08  868k 24  419M    0     0   24  103M      0   757k  0:09:26  0:02:20  0:07:06  867k 24  419M    0     0   24  104M      0   758k  0:09:26  0:02:21  0:07:05  868k 25  419M    0     0   25  105M      0   759k  0:09:25  0:02:22  0:07:03  868k 25  419M    0     0   25  106M      0   760k  0:09:25  0:02:23  0:07:02  869k 25  419M    0     0   25  107M      0   760k  0:09:24  0:02:24  0:07:00  871k 25  419M    0     0   25  108M      0   761k  0:09:23  0:02:25  0:06:58  876k 25  419M    0     0   25  109M      0   762k  0:09:23  0:02:26  0:06:57  877k 26  419M    0     0   26  109M      0   763k  0:09:22  0:02:27  0:06:55  877k 26  419M    0     0   26  110M      0   764k  0:09:22  0:02:28  0:06:54  880k 26  419M    0     0   26  111M      0   764k  0:09:21  0:02:29  0:06:52  881k 26  419M    0     0   26  112M      0   765k  0:09:20  0:02:30  0:06:50  881k 27  419M    0     0   27  113M      0   766k  0:09:20  0:02:31  0:06:49  879k 27  419M    0     0   27  114M      0   766k  0:09:20  0:02:32  0:06:48  867k 27  419M    0     0   27  114M      0   767k  0:09:19  0:02:33  0:06:46  862k 27  419M    0     0   27  115M      0   767k  0:09:19  0:02:34  0:06:45  849k 27  419M    0     0   27  116M      0   768k  0:09:19  0:02:35  0:06:44  833k 27  419M    0     0   27  117M      0   768k  0:09:19  0:02:36  0:06:43  815k 28  419M    0     0   28  118M      0   768k  0:09:18  0:02:37  0:06:41  825k 28  419M    0     0   28  118M      0   769k  0:09:18  0:02:38  0:06:40  821k 28  419M    0     0   28  119M      0   769k  0:09:17  0:02:39  0:06:38  838k 28  419M    0     0   28  120M      0   770k  0:09:17  0:02:40  0:06:37  844k 28  419M    0     0   28  121M      0   771k  0:09:17  0:02:41  0:06:36  862k 29  419M    0     0   29  122M      0   771k  0:09:16  0:02:42  0:06:34  861k 29  419M    0     0   29  123M      0   772k  0:09:16  0:02:43  0:06:33  868k 29  419M    0     0   29  124M      0   772k  0:09:15  0:02:44  0:06:31  866k 29  419M    0     0   29  124M      0   773k  0:09:15  0:02:45  0:06:30  872k 29  419M    0     0   29  125M      0   774k  0:09:14  0:02:46  0:06:28  878k 30  419M    0     0   30  126M      0   774k  0:09:14  0:02:47  0:06:27  873k 30  419M    0     0   30  127M      0   775k  0:09:14  0:02:48  0:06:26  869k 30  419M    0     0   30  128M      0   775k  0:09:13  0:02:49  0:06:24  868k 30  419M    0     0   30  129M      0   776k  0:09:13  0:02:50  0:06:23  869k 30  419M    0     0   30  130M      0   776k  0:09:12  0:02:51  0:06:21  865k 31  419M    0     0   31  130M      0   777k  0:09:12  0:02:52  0:06:20  868k 31  419M    0     0   31  131M      0   777k  0:09:12  0:02:53  0:06:19  872k 31  419M    0     0   31  132M      0   778k  0:09:11  0:02:54  0:06:17  873k 31  419M    0     0   31  133M      0   779k  0:09:11  0:02:55  0:06:16  879k 32  419M    0     0   32  134M      0   779k  0:09:10  0:02:56  0:06:14  874k 32  419M    0     0   32  135M      0   780k  0:09:10  0:02:57  0:06:13  872k 32  419M    0     0   32  135M      0   780k  0:09:10  0:02:58  0:06:12  870k 32  419M    0     0   32  136M      0   781k  0:09:09  0:02:59  0:06:10  878k 32  419M    0     0   32  137M      0   781k  0:09:09  0:03:00  0:06:09  872k 33  419M    0     0   33  138M      0   782k  0:09:09  0:03:01  0:06:08  874k 33  419M    0     0   33  139M      0   782k  0:09:08  0:03:02  0:06:06  870k 33  419M    0     0   33  140M      0   783k  0:09:08  0:03:03  0:06:05  870k 33  419M    0     0   33  141M      0   783k  0:09:08  0:03:04  0:06:04  859k 33  419M    0     0   33  141M      0   783k  0:09:08  0:03:05  0:06:03  858k 34  419M    0     0   34  142M      0   784k  0:09:07  0:03:06  0:06:01  856k 34  419M    0     0   34  143M      0   784k  0:09:07  0:03:07  0:06:00  865k 34  419M    0     0   34  144M      0   785k  0:09:07  0:03:08  0:05:59  867k 34  419M    0     0   34  145M      0   785k  0:09:06  0:03:09  0:05:57  873k 34  419M    0     0   34  146M      0   786k  0:09:06  0:03:10  0:05:56  883k 35  419M    0     0   35  147M      0   787k  0:09:05  0:03:11  0:05:54  892k 35  419M    0     0   35  147M      0   787k  0:09:05  0:03:12  0:05:53  893k 35  419M    0     0   35  148M      0   788k  0:09:05  0:03:13  0:05:52  892k 35  419M    0     0   35  149M      0   788k  0:09:04  0:03:14  0:05:50  883k 35  419M    0     0   35  150M      0   788k  0:09:04  0:03:15  0:05:49  875k 36  419M    0     0   36  151M      0   789k  0:09:04  0:03:16  0:05:48  871k 36  419M    0     0   36  152M      0   789k  0:09:04  0:03:17  0:05:47  867k 36  419M    0     0   36  153M      0   790k  0:09:03  0:03:18  0:05:45  866k 36  419M    0     0   36  153M      0   790k  0:09:03  0:03:19  0:05:44  872k 36  419M    0     0   36  154M      0   790k  0:09:03  0:03:20  0:05:43  869k 37  419M    0     0   37  155M      0   791k  0:09:03  0:03:21  0:05:42  861k 37  419M    0     0   37  156M      0   791k  0:09:02  0:03:22  0:05:40  858k 37  419M    0     0   37  157M      0   791k  0:09:02  0:03:23  0:05:39  864k 37  419M    0     0   37  158M      0   792k  0:09:02  0:03:24  0:05:38  856k 37  419M    0     0   37  158M      0   792k  0:09:02  0:03:25  0:05:37  852k 38  419M    0     0   38  159M      0   792k  0:09:01  0:03:26  0:05:35  855k 38  419M    0     0   38  160M      0   792k  0:09:01  0:03:27  0:05:34  856k 38  419M    0     0   38  161M      0   793k  0:09:01  0:03:28  0:05:33  854k 38  419M    0     0   38  162M      0   793k  0:09:01  0:03:29  0:05:32  856k 38  419M    0     0   38  163M      0   793k  0:09:01  0:03:30  0:05:31  851k 39  419M    0     0   39  163M      0   793k  0:09:01  0:03:31  0:05:30  846k 39  419M    0     0   39  164M      0   794k  0:09:00  0:03:32  0:05:28  847k 39  419M    0     0   39  165M      0   794k  0:09:00  0:03:33  0:05:27  832k 39  419M    0     0   39  166M      0   794k  0:09:00  0:03:34  0:05:26  829k 39  419M    0     0   39  166M      0   792k  0:09:01  0:03:35  0:05:26  754k 39  419M    0     0   39  167M      0   791k  0:09:02  0:03:36  0:05:26  693k 40  419M    0     0   40  167M      0   791k  0:09:02  0:03:37  0:05:25  663k 40  419M    0     0   40  168M      0   791k  0:09:02  0:03:38  0:05:24  674k 40  419M    0     0   40  169M      0   791k  0:09:02  0:03:39  0:05:23  667k 40  419M    0     0   40  170M      0   790k  0:09:03  0:03:40  0:05:23  711k 40  419M    0     0   40  171M      0   791k  0:09:02  0:03:41  0:05:21  774k 40  419M    0     0   40  171M      0   790k  0:09:03  0:03:42  0:05:21  767k 41  419M    0     0   41  172M      0   789k  0:09:04  0:03:43  0:05:21  683k 41  419M    0     0   41  172M      0   788k  0:09:05  0:03:44  0:05:21  635k 41  419M    0     0   41  173M      0   786k  0:09:06  0:03:45  0:05:21  595k 41  419M    0     0   41  173M      0   785k  0:09:07  0:03:46  0:05:21  519k 41  419M    0     0   41  174M      0   783k  0:09:08  0:03:47  0:05:21  481k 41  419M    0     0   41  174M      0   782k  0:09:08  0:03:48  0:05:20  505k 41  419M    0     0   41  175M      0   782k  0:09:09  0:03:49  0:05:20  528k 41  419M    0     0   41  176M      0   782k  0:09:08  0:03:50  0:05:18  606k 42  419M    0     0   42  176M      0   783k  0:09:08  0:03:51  0:05:17  693k 42  419M    0     0   42  177M      0   783k  0:09:08  0:03:52  0:05:16  771k 42  419M    0     0   42  178M      0   784k  0:09:07  0:03:53  0:05:14  835k 42  419M    0     0   42  179M      0   784k  0:09:07  0:03:54  0:05:13  876k 43  419M    0     0   43  180M      0   784k  0:09:07  0:03:55  0:05:12  881k 43  419M    0     0   43  181M      0   785k  0:09:07  0:03:56  0:05:11  881k 43  419M    0     0   43  182M      0   785k  0:09:06  0:03:57  0:05:09  878k 43  419M    0     0   43  182M      0   786k  0:09:06  0:03:58  0:05:08  879k 43  419M    0     0   43  183M      0   786k  0:09:06  0:03:59  0:05:07  878k 44  419M    0     0   44  184M      0   786k  0:09:06  0:04:00  0:05:06  876k 44  419M    0     0   44  185M      0   787k  0:09:05  0:04:01  0:05:04  876k 44  419M    0     0   44  186M      0   787k  0:09:05  0:04:02  0:05:03  878k 44  419M    0     0   44  187M      0   787k  0:09:05  0:04:03  0:05:02  878k 44  419M    0     0   44  188M      0   788k  0:09:04  0:04:04  0:05:00  880k 45  419M    0     0   45  188M      0   788k  0:09:04  0:04:05  0:04:59  881k 45  419M    0     0   45  189M      0   788k  0:09:05  0:04:06  0:04:59  830k 45  419M    0     0   45  190M      0   787k  0:09:05  0:04:07  0:04:58  764k 45  419M    0     0   45  190M      0   786k  0:09:06  0:04:08  0:04:58  730k 45  419M    0     0   45  191M      0   787k  0:09:05  0:04:09  0:04:56  730k 45  419M    0     0   45  192M      0   787k  0:09:05  0:04:10  0:04:55  730k 46  419M    0     0   46  193M      0   787k  0:09:05  0:04:11  0:04:54  775k 46  419M    0     0   46  194M      0   788k  0:09:05  0:04:12  0:04:53  841k 46  419M    0     0   46  195M      0   788k  0:09:04  0:04:13  0:04:51  882k 46  419M    0     0   46  195M      0   789k  0:09:04  0:04:14  0:04:50  884k 46  419M    0     0   46  196M      0   789k  0:09:04  0:04:15  0:04:49  881k 47  419M    0     0   47  197M      0   789k  0:09:03  0:04:16  0:04:47  888k 47  419M    0     0   47  198M      0   790k  0:09:03  0:04:17  0:04:46  885k 47  419M    0     0   47  199M      0   790k  0:09:03  0:04:18  0:04:45  877k 47  419M    0     0   47  200M      0   790k  0:09:03  0:04:19  0:04:44  876k 47  419M    0     0   47  201M      0   790k  0:09:03  0:04:20  0:04:43  871k 48  419M    0     0   48  201M      0   791k  0:09:02  0:04:21  0:04:41  871k 48  419M    0     0   48  202M      0   791k  0:09:02  0:04:22  0:04:40  870k 48  419M    0     0   48  203M      0   791k  0:09:02  0:04:23  0:04:39  871k 48  419M    0     0   48  204M      0   792k  0:09:02  0:04:24  0:04:38  871k 48  419M    0     0   48  205M      0   792k  0:09:02  0:04:25  0:04:37  877k 49  419M    0     0   49  206M      0   792k  0:09:01  0:04:26  0:04:35  878k 49  419M    0     0   49  207M      0   793k  0:09:01  0:04:27  0:04:34  878k 49  419M    0     0   49  207M      0   793k  0:09:01  0:04:28  0:04:33  878k 49  419M    0     0   49  208M      0   793k  0:09:01  0:04:29  0:04:32  879k 49  419M    0     0   49  209M      0   794k  0:09:00  0:04:30  0:04:30  882k 50  419M    0     0   50  210M      0   794k  0:09:00  0:04:31  0:04:29  874k 50  419M    0     0   50  211M      0   794k  0:09:00  0:04:32  0:04:28  877k 50  419M    0     0   50  212M      0   795k  0:09:00  0:04:33  0:04:27  880k 50  419M    0     0   50  213M      0   795k  0:09:00  0:04:34  0:04:26  880k 51  419M    0     0   51  213M      0   795k  0:08:59  0:04:35  0:04:24  876k 51  419M    0     0   51  214M      0   796k  0:08:59  0:04:36  0:04:23  887k 51  419M    0     0   51  215M      0   796k  0:08:59  0:04:37  0:04:22  889k 51  419M    0     0   51  216M      0   796k  0:08:59  0:04:38  0:04:21  884k 51  419M    0     0   51  217M      0   796k  0:08:59  0:04:39  0:04:20  879k 52  419M    0     0   52  218M      0   797k  0:08:58  0:04:40  0:04:18  884k 52  419M    0     0   52  219M      0   797k  0:08:58  0:04:41  0:04:17  879k 52  419M    0     0   52  220M      0   797k  0:08:58  0:04:42  0:04:16  876k 52  419M    0     0   52  220M      0   798k  0:08:58  0:04:43  0:04:15  877k 52  419M    0     0   52  221M      0   798k  0:08:58  0:04:44  0:04:14  875k 53  419M    0     0   53  222M      0   798k  0:08:57  0:04:45  0:04:12  866k 53  419M    0     0   53  223M      0   798k  0:08:57  0:04:46  0:04:11  856k 53  419M    0     0   53  224M      0   798k  0:08:57  0:04:47  0:04:10  854k 53  419M    0     0   53  225M      0   799k  0:08:57  0:04:48  0:04:09  858k 53  419M    0     0   53  225M      0   799k  0:08:57  0:04:49  0:04:08  862k 53  419M    0     0   53  226M      0   797k  0:08:58  0:04:50  0:04:08  765k 54  419M    0     0   54  226M      0   797k  0:08:58  0:04:51  0:04:07  717k 54  419M    0     0   54  226M      0   795k  0:09:00  0:04:52  0:04:08  571k 54  419M    0     0   54  227M      0   794k  0:09:01  0:04:53  0:04:08  494k 54  419M    0     0   54  228M      0   793k  0:09:01  0:04:54  0:04:07  446k 54  419M    0     0   54  228M      0   793k  0:09:01  0:04:55  0:04:06  500k 54  419M    0     0   54  229M      0   792k  0:09:01  0:04:56  0:04:05  532k 54  419M    0     0   54  230M      0   792k  0:09:02  0:04:57  0:04:05  646k 55  419M    0     0   55  230M      0   792k  0:09:01  0:04:58  0:04:03  713k 55  419M    0     0   55  231M      0   792k  0:09:01  0:04:59  0:04:02  766k 55  419M    0     0   55  232M      0   793k  0:09:01  0:05:00  0:04:01  801k 55  419M    0     0   55  233M      0   793k  0:09:01  0:05:01  0:04:00  839k 55  419M    0     0   55  234M      0   793k  0:09:01  0:05:02  0:03:59  874k 56  419M    0     0   56  235M      0   794k  0:09:01  0:05:03  0:03:58  878k 56  419M    0     0   56  236M      0   794k  0:09:00  0:05:04  0:03:56  877k 56  419M    0     0   56  236M      0   794k  0:09:00  0:05:05  0:03:55  879k 56  419M    0     0   56  237M      0   795k  0:09:00  0:05:06  0:03:54  881k 56  419M    0     0   56  238M      0   795k  0:09:00  0:05:07  0:03:53  879k 57  419M    0     0   57  239M      0   795k  0:08:59  0:05:08  0:03:51  890k 57  419M    0     0   57  240M      0   795k  0:08:59  0:05:09  0:03:50  890k 57  419M    0     0   57  241M      0   796k  0:08:59  0:05:10  0:03:49  888k 57  419M    0     0   57  242M      0   796k  0:08:59  0:05:11  0:03:48  889k 57  419M    0     0   57  243M      0   796k  0:08:59  0:05:12  0:03:47  892k 58  419M    0     0   58  243M      0   797k  0:08:58  0:05:13  0:03:45  887k 58  419M    0     0   58  244M      0   797k  0:08:58  0:05:14  0:03:44  886k 58  419M    0     0   58  245M      0   797k  0:08:58  0:05:15  0:03:43  887k 58  419M    0     0   58  246M      0   797k  0:08:58  0:05:16  0:03:42  878k 58  419M    0     0   58  247M      0   798k  0:08:58  0:05:17  0:03:41  877k 59  419M    0     0   59  248M      0   798k  0:08:58  0:05:18  0:03:40  876k 59  419M    0     0   59  249M      0   798k  0:08:57  0:05:19  0:03:38  875k 59  419M    0     0   59  249M      0   798k  0:08:57  0:05:20  0:03:37  875k 59  419M    0     0   59  250M      0   799k  0:08:57  0:05:21  0:03:36  880k 59  419M    0     0   59  251M      0   799k  0:08:57  0:05:22  0:03:35  878k 60  419M    0     0   60  252M      0   799k  0:08:57  0:05:23  0:03:34  870k 60  419M    0     0   60  253M      0   799k  0:08:57  0:05:24  0:03:33  872k 60  419M    0     0   60  254M      0   799k  0:08:57  0:05:25  0:03:32  870k 60  419M    0     0   60  255M      0   800k  0:08:56  0:05:26  0:03:30  870k 60  419M    0     0   60  255M      0   800k  0:08:56  0:05:27  0:03:29  871k 61  419M    0     0   61  256M      0   800k  0:08:56  0:05:28  0:03:28  881k 61  419M    0     0   61  257M      0   800k  0:08:56  0:05:29  0:03:27  880k 61  419M    0     0   61  258M      0   801k  0:08:56  0:05:30  0:03:26  883k 61  419M    0     0   61  259M      0   801k  0:08:56  0:05:31  0:03:25  883k 62  419M    0     0   62  260M      0   801k  0:08:55  0:05:32  0:03:23  880k 62  419M    0     0   62  261M      0   801k  0:08:55  0:05:33  0:03:22  877k 62  419M    0     0   62  261M      0   802k  0:08:55  0:05:34  0:03:21  875k 62  419M    0     0   62  262M      0   802k  0:08:55  0:05:35  0:03:20  878k 62  419M    0     0   62  263M      0   802k  0:08:55  0:05:36  0:03:19  878k 63  419M    0     0   63  264M      0   802k  0:08:55  0:05:37  0:03:18  883k 63  419M    0     0   63  265M      0   803k  0:08:54  0:05:38  0:03:16  884k 63  419M    0     0   63  266M      0   803k  0:08:54  0:05:39  0:03:15  885k 63  419M    0     0   63  267M      0   803k  0:08:54  0:05:40  0:03:14  885k 63  419M    0     0   63  267M      0   803k  0:08:54  0:05:41  0:03:13  885k 64  419M    0     0   64  268M      0   804k  0:08:54  0:05:42  0:03:12  883k 64  419M    0     0   64  269M      0   804k  0:08:54  0:05:43  0:03:11  886k 64  419M    0     0   64  270M      0   804k  0:08:53  0:05:44  0:03:09  888k 64  419M    0     0   64  271M      0   804k  0:08:53  0:05:45  0:03:08  883k 64  419M    0     0   64  272M      0   804k  0:08:53  0:05:46  0:03:07  881k 65  419M    0     0   65  273M      0   805k  0:08:53  0:05:47  0:03:06  882k 65  419M    0     0   65  273M      0   805k  0:08:53  0:05:48  0:03:05  879k 65  419M    0     0   65  274M      0   805k  0:08:53  0:05:49  0:03:04  879k 65  419M    0     0   65  275M      0   805k  0:08:53  0:05:50  0:03:03  875k 65  419M    0     0   65  276M      0   805k  0:08:53  0:05:51  0:03:02  876k 66  419M    0     0   66  277M      0   806k  0:08:52  0:05:52  0:03:00  878k 66  419M    0     0   66  278M      0   806k  0:08:52  0:05:53  0:02:59  877k 66  419M    0     0   66  279M      0   806k  0:08:52  0:05:54  0:02:58  878k 66  419M    0     0   66  279M      0   806k  0:08:52  0:05:55  0:02:57  881k 66  419M    0     0   66  280M      0   807k  0:08:52  0:05:56  0:02:56  878k 67  419M    0     0   67  281M      0   807k  0:08:52  0:05:57  0:02:55  877k 67  419M    0     0   67  282M      0   807k  0:08:52  0:05:58  0:02:54  877k 67  419M    0     0   67  283M      0   807k  0:08:51  0:05:59  0:02:52  873k 67  419M    0     0   67  284M      0   807k  0:08:51  0:06:00  0:02:51  872k 67  419M    0     0   67  285M      0   807k  0:08:51  0:06:01  0:02:50  873k 68  419M    0     0   68  285M      0   808k  0:08:51  0:06:02  0:02:49  870k 68  419M    0     0   68  286M      0   808k  0:08:51  0:06:03  0:02:48  870k 68  419M    0     0   68  287M      0   808k  0:08:51  0:06:04  0:02:47  875k 68  419M    0     0   68  288M      0   808k  0:08:51  0:06:05  0:02:46  876k 68  419M    0     0   68  289M      0   808k  0:08:51  0:06:06  0:02:45  875k 69  419M    0     0   69  290M      0   809k  0:08:50  0:06:07  0:02:43  880k 69  419M    0     0   69  291M      0   809k  0:08:50  0:06:08  0:02:42  872k 69  419M    0     0   69  291M      0   809k  0:08:50  0:06:09  0:02:41  868k 69  419M    0     0   69  292M      0   809k  0:08:50  0:06:10  0:02:40  866k 69  419M    0     0   69  293M      0   809k  0:08:50  0:06:11  0:02:39  862k 70  419M    0     0   70  294M      0   809k  0:08:50  0:06:12  0:02:38  856k 70  419M    0     0   70  295M      0   809k  0:08:50  0:06:13  0:02:37  866k 70  419M    0     0   70  296M      0   810k  0:08:50  0:06:14  0:02:36  870k 70  419M    0     0   70  296M      0   810k  0:08:50  0:06:15  0:02:35  867k 70  419M    0     0   70  297M      0   810k  0:08:50  0:06:16  0:02:34  868k 71  419M    0     0   71  298M      0   810k  0:08:50  0:06:17  0:02:33  865k 71  419M    0     0   71  299M      0   810k  0:08:50  0:06:18  0:02:32  856k 71  419M    0     0   71  300M      0   810k  0:08:49  0:06:19  0:02:30  850k 71  419M    0     0   71  301M      0   810k  0:08:49  0:06:20  0:02:29  857k 71  419M    0     0   71  302M      0   811k  0:08:49  0:06:21  0:02:28  862k 72  419M    0     0   72  302M      0   811k  0:08:49  0:06:22  0:02:27  865k 72  419M    0     0   72  303M      0   811k  0:08:49  0:06:23  0:02:26  874k 72  419M    0     0   72  304M      0   811k  0:08:49  0:06:24  0:02:25  878k 72  419M    0     0   72  305M      0   811k  0:08:49  0:06:25  0:02:24  878k 73  419M    0     0   73  306M      0   811k  0:08:49  0:06:26  0:02:23  881k 73  419M    0     0   73  307M      0   812k  0:08:48  0:06:27  0:02:21  887k 73  419M    0     0   73  308M      0   812k  0:08:48  0:06:28  0:02:20  888k 73  419M    0     0   73  308M      0   812k  0:08:48  0:06:29  0:02:19  883k 73  419M    0     0   73  309M      0   812k  0:08:48  0:06:30  0:02:18  884k 74  419M    0     0   74  310M      0   812k  0:08:48  0:06:31  0:02:17  887k 74  419M    0     0   74  311M      0   813k  0:08:48  0:06:32  0:02:16  878k 74  419M    0     0   74  312M      0   813k  0:08:48  0:06:33  0:02:15  878k 74  419M    0     0   74  313M      0   813k  0:08:48  0:06:34  0:02:14  885k 74  419M    0     0   74  314M      0   813k  0:08:48  0:06:35  0:02:13  883k 75  419M    0     0   75  315M      0   813k  0:08:47  0:06:36  0:02:11  888k 75  419M    0     0   75  315M      0   813k  0:08:47  0:06:37  0:02:10  883k 75  419M    0     0   75  316M      0   814k  0:08:47  0:06:38  0:02:09  882k 75  419M    0     0   75  317M      0   814k  0:08:47  0:06:39  0:02:08  881k 75  419M    0     0   75  318M      0   814k  0:08:47  0:06:40  0:02:07  880k 76  419M    0     0   76  319M      0   814k  0:08:47  0:06:41  0:02:06  882k 76  419M    0     0   76  320M      0   814k  0:08:47  0:06:42  0:02:05  900k 76  419M    0     0   76  321M      0   815k  0:08:47  0:06:43  0:02:04  903k 76  419M    0     0   76  321M      0   815k  0:08:46  0:06:44  0:02:02  900k 76  419M    0     0   76  322M      0   815k  0:08:46  0:06:45  0:02:01  899k 77  419M    0     0   77  323M      0   815k  0:08:46  0:06:46  0:02:00  884k 77  419M    0     0   77  324M      0   815k  0:08:46  0:06:47  0:01:59  878k 77  419M    0     0   77  325M      0   815k  0:08:46  0:06:48  0:01:58  875k 77  419M    0     0   77  326M      0   815k  0:08:46  0:06:49  0:01:57  865k 77  419M    0     0   77  327M      0   816k  0:08:46  0:06:50  0:01:56  863k 78  419M    0     0   78  327M      0   816k  0:08:46  0:06:51  0:01:55  863k 78  419M    0     0   78  328M      0   816k  0:08:46  0:06:52  0:01:54  858k 78  419M    0     0   78  329M      0   816k  0:08:46  0:06:53  0:01:53  861k 78  419M    0     0   78  330M      0   816k  0:08:46  0:06:54  0:01:52  874k 78  419M    0     0   78  331M      0   816k  0:08:46  0:06:55  0:01:51  870k 79  419M    0     0   79  332M      0   816k  0:08:45  0:06:56  0:01:49  867k 79  419M    0     0   79  332M      0   816k  0:08:45  0:06:57  0:01:48  870k 79  419M    0     0   79  333M      0   817k  0:08:45  0:06:58  0:01:47  867k 79  419M    0     0   79  334M      0   817k  0:08:45  0:06:59  0:01:46  869k 79  419M    0     0   79  335M      0   817k  0:08:45  0:07:00  0:01:45  876k 80  419M    0     0   80  336M      0   817k  0:08:45  0:07:01  0:01:44  883k 80  419M    0     0   80  337M      0   817k  0:08:45  0:07:02  0:01:43  879k 80  419M    0     0   80  338M      0   817k  0:08:45  0:07:03  0:01:42  880k 80  419M    0     0   80  338M      0   817k  0:08:45  0:07:04  0:01:41  878k 81  419M    0     0   81  339M      0   818k  0:08:45  0:07:05  0:01:40  877k 81  419M    0     0   81  340M      0   818k  0:08:45  0:07:06  0:01:39  879k 81  419M    0     0   81  341M      0   818k  0:08:44  0:07:07  0:01:37  883k 81  419M    0     0   81  342M      0   818k  0:08:44  0:07:08  0:01:36  880k 81  419M    0     0   81  343M      0   818k  0:08:44  0:07:09  0:01:35  875k 82  419M    0     0   82  344M      0   818k  0:08:44  0:07:10  0:01:34  866k 82  419M    0     0   82  344M      0   818k  0:08:44  0:07:11  0:01:33  868k 82  419M    0     0   82  345M      0   818k  0:08:44  0:07:12  0:01:32  866k 82  419M    0     0   82  346M      0   819k  0:08:44  0:07:13  0:01:31  872k 82  419M    0     0   82  347M      0   819k  0:08:44  0:07:14  0:01:30  875k 83  419M    0     0   83  348M      0   819k  0:08:44  0:07:15  0:01:29  886k 83  419M    0     0   83  349M      0   819k  0:08:44  0:07:16  0:01:28  883k 83  419M    0     0   83  350M      0   819k  0:08:44  0:07:17  0:01:27  881k 83  419M    0     0   83  350M      0   819k  0:08:44  0:07:18  0:01:26  876k 83  419M    0     0   83  351M      0   819k  0:08:43  0:07:19  0:01:24  878k 84  419M    0     0   84  352M      0   820k  0:08:43  0:07:20  0:01:23  878k 84  419M    0     0   84  353M      0   820k  0:08:43  0:07:21  0:01:22  878k 84  419M    0     0   84  354M      0   820k  0:08:43  0:07:22  0:01:21  877k 84  419M    0     0   84  355M      0   820k  0:08:43  0:07:23  0:01:20  880k 84  419M    0     0   84  356M      0   820k  0:08:43  0:07:24  0:01:19  880k 85  419M    0     0   85  356M      0   820k  0:08:43  0:07:25  0:01:18  881k 85  419M    0     0   85  357M      0   821k  0:08:43  0:07:26  0:01:17  886k 85  419M    0     0   85  358M      0   821k  0:08:43  0:07:27  0:01:16  883k 85  419M    0     0   85  359M      0   821k  0:08:43  0:07:28  0:01:15  878k 85  419M    0     0   85  360M      0   821k  0:08:43  0:07:29  0:01:14  877k 86  419M    0     0   86  361M      0   821k  0:08:42  0:07:30  0:01:12  876k 86  419M    0     0   86  362M      0   821k  0:08:42  0:07:31  0:01:11  874k 86  419M    0     0   86  362M      0   821k  0:08:42  0:07:32  0:01:10  875k 86  419M    0     0   86  363M      0   821k  0:08:42  0:07:33  0:01:09  879k 86  419M    0     0   86  364M      0   821k  0:08:42  0:07:34  0:01:08  880k 87  419M    0     0   87  365M      0   822k  0:08:42  0:07:35  0:01:07  879k 87  419M    0     0   87  366M      0   822k  0:08:42  0:07:36  0:01:06  875k 87  419M    0     0   87  367M      0   822k  0:08:42  0:07:37  0:01:05  873k 87  419M    0     0   87  368M      0   822k  0:08:42  0:07:38  0:01:04  872k 87  419M    0     0   87  368M      0   822k  0:08:42  0:07:39  0:01:03  872k 88  419M    0     0   88  369M      0   822k  0:08:42  0:07:40  0:01:02  874k 88  419M    0     0   88  370M      0   822k  0:08:42  0:07:41  0:01:01  874k 88  419M    0     0   88  371M      0   822k  0:08:42  0:07:42  0:01:00  882k 88  419M    0     0   88  372M      0   823k  0:08:41  0:07:43  0:00:58  884k 88  419M    0     0   88  373M      0   823k  0:08:41  0:07:44  0:00:57  883k 89  419M    0     0   89  374M      0   823k  0:08:41  0:07:45  0:00:56  885k 89  419M    0     0   89  375M      0   823k  0:08:41  0:07:46  0:00:55  885k 89  419M    0     0   89  375M      0   823k  0:08:41  0:07:47  0:00:54  891k 89  419M    0     0   89  376M      0   823k  0:08:41  0:07:48  0:00:53  894k 90  419M    0     0   90  377M      0   823k  0:08:41  0:07:49  0:00:52  894k 90  419M    0     0   90  378M      0   824k  0:08:41  0:07:50  0:00:51  887k 90  419M    0     0   90  379M      0   824k  0:08:41  0:07:51  0:00:50  889k 90  419M    0     0   90  380M      0   824k  0:08:41  0:07:52  0:00:49  883k 90  419M    0     0   90  381M      0   824k  0:08:41  0:07:53  0:00:48  876k 91  419M    0     0   91  381M      0   824k  0:08:41  0:07:54  0:00:47  880k 91  419M    0     0   91  382M      0   824k  0:08:40  0:07:55  0:00:45  886k 91  419M    0     0   91  383M      0   824k  0:08:40  0:07:56  0:00:44  886k 91  419M    0     0   91  384M      0   824k  0:08:40  0:07:57  0:00:43  881k 91  419M    0     0   91  385M      0   825k  0:08:40  0:07:58  0:00:42  886k 92  419M    0     0   92  386M      0   825k  0:08:40  0:07:59  0:00:41  881k 92  419M    0     0   92  387M      0   825k  0:08:40  0:08:00  0:00:40  883k 92  419M    0     0   92  387M      0   824k  0:08:40  0:08:01  0:00:39  839k 92  419M    0     0   92  388M      0   824k  0:08:41  0:08:02  0:00:39  797k 92  419M    0     0   92  388M      0   823k  0:08:41  0:08:03  0:00:38  720k 92  419M    0     0   92  389M      0   823k  0:08:41  0:08:04  0:00:37  657k 92  419M    0     0   92  389M      0   822k  0:08:42  0:08:05  0:00:37  567k 93  419M    0     0   93  390M      0   821k  0:08:42  0:08:06  0:00:36  521k 93  419M    0     0   93  390M      0   821k  0:08:43  0:08:07  0:00:36  498k 93  419M    0     0   93  391M      0   821k  0:08:43  0:08:08  0:00:35  540k 93  419M    0     0   93  392M      0   820k  0:08:43  0:08:09  0:00:34  563k 93  419M    0     0   93  393M      0   820k  0:08:43  0:08:10  0:00:33  645k 93  419M    0     0   93  393M      0   820k  0:08:43  0:08:11  0:00:32  734k 94  419M    0     0   94  394M      0   821k  0:08:43  0:08:12  0:00:31  800k 94  419M    0     0   94  395M      0   821k  0:08:43  0:08:13  0:00:30  841k 94  419M    0     0   94  396M      0   821k  0:08:43  0:08:14  0:00:29  880k 94  419M    0     0   94  397M      0   821k  0:08:42  0:08:15  0:00:27  887k 94  419M    0     0   94  398M      0   821k  0:08:42  0:08:16  0:00:26  886k 95  419M    0     0   95  399M      0   821k  0:08:42  0:08:17  0:00:25  878k 95  419M    0     0   95  399M      0   821k  0:08:42  0:08:18  0:00:24  880k 95  419M    0     0   95  400M      0   821k  0:08:42  0:08:19  0:00:23  877k 95  419M    0     0   95  401M      0   822k  0:08:42  0:08:20  0:00:22  875k 95  419M    0     0   95  402M      0   822k  0:08:42  0:08:21  0:00:21  877k 96  419M    0     0   96  403M      0   822k  0:08:42  0:08:22  0:00:20  876k 96  419M    0     0   96  404M      0   822k  0:08:42  0:08:23  0:00:19  876k 96  419M    0     0   96  405M      0   822k  0:08:42  0:08:24  0:00:18  879k 96  419M    0     0   96  405M      0   822k  0:08:42  0:08:25  0:00:17  881k 96  419M    0     0   96  406M      0   822k  0:08:42  0:08:26  0:00:16  880k 97  419M    0     0   97  407M      0   822k  0:08:42  0:08:27  0:00:15  883k 97  419M    0     0   97  408M      0   822k  0:08:42  0:08:28  0:00:14  881k 97  419M    0     0   97  409M      0   823k  0:08:41  0:08:29  0:00:12  882k 97  419M    0     0   97  410M      0   823k  0:08:41  0:08:30  0:00:11  885k 97  419M    0     0   97  411M      0   823k  0:08:41  0:08:31  0:00:10  886k 98  419M    0     0   98  412M      0   823k  0:08:41  0:08:32  0:00:09  891k 98  419M    0     0   98  412M      0   823k  0:08:41  0:08:33  0:00:08  891k 98  419M    0     0   98  413M      0   823k  0:08:41  0:08:34  0:00:07  884k 98  419M    0     0   98  414M      0   823k  0:08:41  0:08:35  0:00:06  886k 99  419M    0     0   99  415M      0   823k  0:08:41  0:08:36  0:00:05  877k 99  419M    0     0   99  416M      0   823k  0:08:41  0:08:37  0:00:04  866k 99  419M    0     0   99  417M      0   824k  0:08:41  0:08:38  0:00:03  870k 99  419M    0     0   99  418M      0   824k  0:08:41  0:08:39  0:00:02  877k 99  419M    0     0   99  418M      0   824k  0:08:41  0:08:40  0:00:01  871k100  419M    0     0  100  419M      0   822k  0:08:42  0:08:42 --:--:--  727k100  419M    0     0  100  419M      0   821k  0:08:43  0:08:43 --:--:--  581k100  419M    0     0  100  419M      0   819k  0:08:43  0:08:43 --:--:--  440k100  419M    0     0  100  419M      0   819k  0:08:43  0:08:43 --:--:--  343k
