04030972
curl --location --header x-amz-auto-make-bucket:1 --header x-archive-ignore-preexisting-bucket:1 --header x-archive-queue-derive:0 --header x-archive-meta-mediatype:texts --header x-archive-meta03-collection:emory --header x-archive-meta01-collection:americanmethodism --header x-archive-meta-sponsor:Emory University, Pitts Theology Library --header x-archive-meta-contributor:Emory University, Pitts Theology Library --header x-archive-meta-ppi:300 --header authorization: LOW fpJYfLnxbLmCEHqU:JQbq6NgBaPrSh98Y --upload-file /mnt/lsdi/ocm04030972/ocm04030972/ocm04030972_MRC.xml http://s3.us.archive.org/04030972.emory.edu/04030972.emory.edu_marc.xml
  % Total    % Received % Xferd  Average Speed   Time    Time     Time  Current
                                 Dload  Upload   Total   Spent    Left  Speed
  0     0    0     0    0     0      0      0 --:--:-- --:--:-- --:--:--     0  0  3311    0     0    0     0      0      0 --:--:--  0:00:01 --:--:--     0100  3311    0     0  100  3311      0   1583  0:00:02  0:00:02 --:--:--  1641100  3311    0     0  100  3311      0   1206  0:00:02  0:00:02 --:--:--  1239100  3311    0     0  100  3311      0    883  0:00:03  0:00:03 --:--:--   901100  3311    0     0  100  3311      0    697  0:00:04  0:00:04 --:--:--   708100  3311    0     0  100  3311      0    576  0:00:05  0:00:05 --:--:--   708100  3311    0     0  100  3311      0    490  0:00:06  0:00:06 --:--:--     0100  3311    0     0  100  3311      0    427  0:00:07  0:00:07 --:--:--     0100  3311    0     0  100  3311      0    378  0:00:08  0:00:08 --:--:--     0100  3311    0     0  100  3311      0    339  0:00:09  0:00:09 --:--:--     0100  3311    0     0  100  3311      0    307  0:00:10  0:00:10 --:--:--     0100  3311    0     0  100  3311      0    289  0:00:11  0:00:11 --:--:--     0100  3311    0     0  100  3311      0    289  0:00:11  0:00:11 --:--:--     0
zip -r /temp/ocm04030972_images.zip /mnt/lsdi/ocm04030972/ocm04030972/Output/0001.tif /mnt/lsdi/ocm04030972/ocm04030972/Output/0002.tif /mnt/lsdi/ocm04030972/ocm04030972/Output/0003.tif /mnt/lsdi/ocm04030972/ocm04030972/Output/0004.tif /mnt/lsdi/ocm04030972/ocm04030972/Output/0005.tif /mnt/lsdi/ocm04030972/ocm04030972/Output/0006.tif /mnt/lsdi/ocm04030972/ocm04030972/Output/0007.tif /mnt/lsdi/ocm04030972/ocm04030972/Output/0008.tif /mnt/lsdi/ocm04030972/ocm04030972/Output/0009.tif /mnt/lsdi/ocm04030972/ocm04030972/Output/0010.tif /mnt/lsdi/ocm04030972/ocm04030972/Output/0011.tif /mnt/lsdi/ocm04030972/ocm04030972/Output/0012.tif /mnt/lsdi/ocm04030972/ocm04030972/Output/0013.tif /mnt/lsdi/ocm04030972/ocm04030972/Output/0014.tif /mnt/lsdi/ocm04030972/ocm04030972/Output/0015.tif /mnt/lsdi/ocm04030972/ocm04030972/Output/0016.tif /mnt/lsdi/ocm04030972/ocm04030972/Output/0017.tif /mnt/lsdi/ocm04030972/ocm04030972/Output/0018.tif /mnt/lsdi/ocm04030972/ocm04030972/Output/0019.tif /mnt/lsdi/ocm04030972/ocm04030972/Output/0020.tif /mnt/lsdi/ocm04030972/ocm04030972/Output/0021.tif /mnt/lsdi/ocm04030972/ocm04030972/Output/0022.tif /mnt/lsdi/ocm04030972/ocm04030972/Output/0023.tif /mnt/lsdi/ocm04030972/ocm04030972/Output/0024.tif /mnt/lsdi/ocm04030972/ocm04030972/Output/0025.tif /mnt/lsdi/ocm04030972/ocm04030972/Output/0026.tif /mnt/lsdi/ocm04030972/ocm04030972/Output/0027.tif /mnt/lsdi/ocm04030972/ocm04030972/Output/0028.tif /mnt/lsdi/ocm04030972/ocm04030972/Output/0029.tif /mnt/lsdi/ocm04030972/ocm04030972/Output/0030.tif /mnt/lsdi/ocm04030972/ocm04030972/Output/0031.tif /mnt/lsdi/ocm04030972/ocm04030972/Output/0032.tif /mnt/lsdi/ocm04030972/ocm04030972/Output/0033.tif /mnt/lsdi/ocm04030972/ocm04030972/Output/0034.tif /mnt/lsdi/ocm04030972/ocm04030972/Output/0035.tif /mnt/lsdi/ocm04030972/ocm04030972/Output/0036.tif /mnt/lsdi/ocm04030972/ocm04030972/Output/0037.tif /mnt/lsdi/ocm04030972/ocm04030972/Output/0038.tif /mnt/lsdi/ocm04030972/ocm04030972/Output/0039.tif /mnt/lsdi/ocm04030972/ocm04030972/Output/0040.tif /mnt/lsdi/ocm04030972/ocm04030972/Output/0041.tif /mnt/lsdi/ocm04030972/ocm04030972/Output/0042.tif /mnt/lsdi/ocm04030972/ocm04030972/Output/0043.tif /mnt/lsdi/ocm04030972/ocm04030972/Output/0044.tif /mnt/lsdi/ocm04030972/ocm04030972/Output/0045.tif /mnt/lsdi/ocm04030972/ocm04030972/Output/0046.tif /mnt/lsdi/ocm04030972/ocm04030972/Output/0047.tif /mnt/lsdi/ocm04030972/ocm04030972/Output/0048.tif /mnt/lsdi/ocm04030972/ocm04030972/Output/0049.tif /mnt/lsdi/ocm04030972/ocm04030972/Output/0050.tif /mnt/lsdi/ocm04030972/ocm04030972/Output/0051.tif /mnt/lsdi/ocm04030972/ocm04030972/Output/0052.tif /mnt/lsdi/ocm04030972/ocm04030972/Output/0053.tif /mnt/lsdi/ocm04030972/ocm04030972/Output/0054.tif /mnt/lsdi/ocm04030972/ocm04030972/Output/0055.tif /mnt/lsdi/ocm04030972/ocm04030972/Output/0056.tif /mnt/lsdi/ocm04030972/ocm04030972/Output/0057.tif /mnt/lsdi/ocm04030972/ocm04030972/Output/0058.tif /mnt/lsdi/ocm04030972/ocm04030972/Output/0059.tif /mnt/lsdi/ocm04030972/ocm04030972/Output/0060.tif /mnt/lsdi/ocm04030972/ocm04030972/Output/0061.tif /mnt/lsdi/ocm04030972/ocm04030972/Output/0062.tif /mnt/lsdi/ocm04030972/ocm04030972/Output/0063.tif /mnt/lsdi/ocm04030972/ocm04030972/Output/0064.tif /mnt/lsdi/ocm04030972/ocm04030972/Output/0065.tif /mnt/lsdi/ocm04030972/ocm04030972/Output/0066.tif /mnt/lsdi/ocm04030972/ocm04030972/Output/0067.tif /mnt/lsdi/ocm04030972/ocm04030972/Output/0068.tif /mnt/lsdi/ocm04030972/ocm04030972/Output/0069.tif /mnt/lsdi/ocm04030972/ocm04030972/Output/0070.tif /mnt/lsdi/ocm04030972/ocm04030972/Output/0071.tif /mnt/lsdi/ocm04030972/ocm04030972/Output/0072.tif /mnt/lsdi/ocm04030972/ocm04030972/Output/0073.tif /mnt/lsdi/ocm04030972/ocm04030972/Output/0074.tif /mnt/lsdi/ocm04030972/ocm04030972/Output/0075.tif /mnt/lsdi/ocm04030972/ocm04030972/Output/0076.tif /mnt/lsdi/ocm04030972/ocm04030972/Output/0077.tif /mnt/lsdi/ocm04030972/ocm04030972/Output/0078.tif /mnt/lsdi/ocm04030972/ocm04030972/Output/0079.tif /mnt/lsdi/ocm04030972/ocm04030972/Output/0080.tif /mnt/lsdi/ocm04030972/ocm04030972/Output/0081.tif /mnt/lsdi/ocm04030972/ocm04030972/Output/0082.tif /mnt/lsdi/ocm04030972/ocm04030972/Output/0083.tif /mnt/lsdi/ocm04030972/ocm04030972/Output/0084.tif /mnt/lsdi/ocm04030972/ocm04030972/Output/0085.tif /mnt/lsdi/ocm04030972/ocm04030972/Output/0086.tif /mnt/lsdi/ocm04030972/ocm04030972/Output/0087.tif /mnt/lsdi/ocm04030972/ocm04030972/Output/0088.tif /mnt/lsdi/ocm04030972/ocm04030972/Output/0089.tif /mnt/lsdi/ocm04030972/ocm04030972/Output/0090.tif /mnt/lsdi/ocm04030972/ocm04030972/Output/0091.tif /mnt/lsdi/ocm04030972/ocm04030972/Output/0092.tif /mnt/lsdi/ocm04030972/ocm04030972/Output/0093.tif /mnt/lsdi/ocm04030972/ocm04030972/Output/0094.tif /mnt/lsdi/ocm04030972/ocm04030972/Output/0095.tif /mnt/lsdi/ocm04030972/ocm04030972/Output/0096.tif /mnt/lsdi/ocm04030972/ocm04030972/Output/0097.tif /mnt/lsdi/ocm04030972/ocm04030972/Output/0098.tif /mnt/lsdi/ocm04030972/ocm04030972/Output/0099.tif /mnt/lsdi/ocm04030972/ocm04030972/Output/0100.tif /mnt/lsdi/ocm04030972/ocm04030972/Output/0101.tif /mnt/lsdi/ocm04030972/ocm04030972/Output/0102.tif /mnt/lsdi/ocm04030972/ocm04030972/Output/0103.tif /mnt/lsdi/ocm04030972/ocm04030972/Output/0104.tif /mnt/lsdi/ocm04030972/ocm04030972/Output/0105.tif /mnt/lsdi/ocm04030972/ocm04030972/Output/0106.tif /mnt/lsdi/ocm04030972/ocm04030972/Output/0107.tif /mnt/lsdi/ocm04030972/ocm04030972/Output/0108.tif /mnt/lsdi/ocm04030972/ocm04030972/Output/0109.tif /mnt/lsdi/ocm04030972/ocm04030972/Output/0110.tif /mnt/lsdi/ocm04030972/ocm04030972/Output/0111.tif /mnt/lsdi/ocm04030972/ocm04030972/Output/0112.tif /mnt/lsdi/ocm04030972/ocm04030972/Output/0113.tif /mnt/lsdi/ocm04030972/ocm04030972/Output/0114.tif /mnt/lsdi/ocm04030972/ocm04030972/Output/0115.tif /mnt/lsdi/ocm04030972/ocm04030972/Output/0116.tif /mnt/lsdi/ocm04030972/ocm04030972/Output/0117.tif /mnt/lsdi/ocm04030972/ocm04030972/Output/0118.tif /mnt/lsdi/ocm04030972/ocm04030972/Output/0119.tif /mnt/lsdi/ocm04030972/ocm04030972/Output/0120.tif /mnt/lsdi/ocm04030972/ocm04030972/Output/0121.tif /mnt/lsdi/ocm04030972/ocm04030972/Output/0122.tif /mnt/lsdi/ocm04030972/ocm04030972/Output/0123.tif /mnt/lsdi/ocm04030972/ocm04030972/Output/0124.tif /mnt/lsdi/ocm04030972/ocm04030972/Output/0125.tif /mnt/lsdi/ocm04030972/ocm04030972/Output/0126.tif /mnt/lsdi/ocm04030972/ocm04030972/Output/0127.tif /mnt/lsdi/ocm04030972/ocm04030972/Output/0128.tif /mnt/lsdi/ocm04030972/ocm04030972/Output/0129.tif /mnt/lsdi/ocm04030972/ocm04030972/Output/0130.tif /mnt/lsdi/ocm04030972/ocm04030972/Output/0131.tif /mnt/lsdi/ocm04030972/ocm04030972/Output/0132.tif /mnt/lsdi/ocm04030972/ocm04030972/Output/0133.tif /mnt/lsdi/ocm04030972/ocm04030972/Output/0134.tif /mnt/lsdi/ocm04030972/ocm04030972/Output/0135.tif /mnt/lsdi/ocm04030972/ocm04030972/Output/0136.tif /mnt/lsdi/ocm04030972/ocm04030972/Output/0137.tif /mnt/lsdi/ocm04030972/ocm04030972/Output/0138.tif /mnt/lsdi/ocm04030972/ocm04030972/Output/0139.tif /mnt/lsdi/ocm04030972/ocm04030972/Output/0140.tif /mnt/lsdi/ocm04030972/ocm04030972/Output/0141.tif /mnt/lsdi/ocm04030972/ocm04030972/Output/0142.tif /mnt/lsdi/ocm04030972/ocm04030972/Output/0143.tif /mnt/lsdi/ocm04030972/ocm04030972/Output/0144.tif /mnt/lsdi/ocm04030972/ocm04030972/Output/0145.tif /mnt/lsdi/ocm04030972/ocm04030972/Output/0146.tif /mnt/lsdi/ocm04030972/ocm04030972/Output/0147.tif /mnt/lsdi/ocm04030972/ocm04030972/Output/0148.tif /mnt/lsdi/ocm04030972/ocm04030972/Output/0149.tif /mnt/lsdi/ocm04030972/ocm04030972/Output/0150.tif /mnt/lsdi/ocm04030972/ocm04030972/Output/0151.tif /mnt/lsdi/ocm04030972/ocm04030972/Output/0152.tif /mnt/lsdi/ocm04030972/ocm04030972/Output/0153.tif /mnt/lsdi/ocm04030972/ocm04030972/Output/0154.tif /mnt/lsdi/ocm04030972/ocm04030972/Output/0155.tif /mnt/lsdi/ocm04030972/ocm04030972/Output/0156.tif /mnt/lsdi/ocm04030972/ocm04030972/Output/0157.tif /mnt/lsdi/ocm04030972/ocm04030972/Output/0158.tif /mnt/lsdi/ocm04030972/ocm04030972/Output/0159.tif /mnt/lsdi/ocm04030972/ocm04030972/Output/0160.tif /mnt/lsdi/ocm04030972/ocm04030972/Output/0161.tif /mnt/lsdi/ocm04030972/ocm04030972/Output/0162.tif /mnt/lsdi/ocm04030972/ocm04030972/Output/0163.tif /mnt/lsdi/ocm04030972/ocm04030972/Output/0164.tif /mnt/lsdi/ocm04030972/ocm04030972/Output/0165.tif /mnt/lsdi/ocm04030972/ocm04030972/Output/0166.tif /mnt/lsdi/ocm04030972/ocm04030972/Output/0167.tif /mnt/lsdi/ocm04030972/ocm04030972/Output/0168.tif /mnt/lsdi/ocm04030972/ocm04030972/Output/0169.tif /mnt/lsdi/ocm04030972/ocm04030972/Output/0170.tif /mnt/lsdi/ocm04030972/ocm04030972/Output/0171.tif /mnt/lsdi/ocm04030972/ocm04030972/Output/0172.tif /mnt/lsdi/ocm04030972/ocm04030972/Output/0173.tif /mnt/lsdi/ocm04030972/ocm04030972/Output/0174.tif /mnt/lsdi/ocm04030972/ocm04030972/Output/0175.tif /mnt/lsdi/ocm04030972/ocm04030972/Output/0176.tif /mnt/lsdi/ocm04030972/ocm04030972/Output/0177.tif /mnt/lsdi/ocm04030972/ocm04030972/Output/0178.tif /mnt/lsdi/ocm04030972/ocm04030972/Output/0179.tif /mnt/lsdi/ocm04030972/ocm04030972/Output/0180.tif /mnt/lsdi/ocm04030972/ocm04030972/Output/0181.tif /mnt/lsdi/ocm04030972/ocm04030972/Output/0182.tif /mnt/lsdi/ocm04030972/ocm04030972/Output/0183.tif /mnt/lsdi/ocm04030972/ocm04030972/Output/0184.tif /mnt/lsdi/ocm04030972/ocm04030972/Output/0185.tif /mnt/lsdi/ocm04030972/ocm04030972/Output/0186.tif /mnt/lsdi/ocm04030972/ocm04030972/Output/0187.tif /mnt/lsdi/ocm04030972/ocm04030972/Output/0188.tif /mnt/lsdi/ocm04030972/ocm04030972/Output/0189.tif /mnt/lsdi/ocm04030972/ocm04030972/Output/0190.tif /mnt/lsdi/ocm04030972/ocm04030972/Output/0191.tif /mnt/lsdi/ocm04030972/ocm04030972/Output/0192.tif /mnt/lsdi/ocm04030972/ocm04030972/Output/0193.tif /mnt/lsdi/ocm04030972/ocm04030972/Output/0194.tif /mnt/lsdi/ocm04030972/ocm04030972/Output/0195.tif /mnt/lsdi/ocm04030972/ocm04030972/Output/0196.tif /mnt/lsdi/ocm04030972/ocm04030972/Output/0197.tif /mnt/lsdi/ocm04030972/ocm04030972/Output/0198.tif /mnt/lsdi/ocm04030972/ocm04030972/Output/0199.tif /mnt/lsdi/ocm04030972/ocm04030972/Output/0200.tif /mnt/lsdi/ocm04030972/ocm04030972/Output/0201.tif /mnt/lsdi/ocm04030972/ocm04030972/Output/0202.tif /mnt/lsdi/ocm04030972/ocm04030972/Output/0203.tif /mnt/lsdi/ocm04030972/ocm04030972/Output/0204.tif /mnt/lsdi/ocm04030972/ocm04030972/Output/0205.tif /mnt/lsdi/ocm04030972/ocm04030972/Output/0206.tif /mnt/lsdi/ocm04030972/ocm04030972/Output/0207.tif /mnt/lsdi/ocm04030972/ocm04030972/Output/0208.tif /mnt/lsdi/ocm04030972/ocm04030972/Output/0209.tif /mnt/lsdi/ocm04030972/ocm04030972/Output/0210.tif /mnt/lsdi/ocm04030972/ocm04030972/Output/0211.tif /mnt/lsdi/ocm04030972/ocm04030972/Output/0212.tif /mnt/lsdi/ocm04030972/ocm04030972/Output/0213.tif /mnt/lsdi/ocm04030972/ocm04030972/Output/0214.tif /mnt/lsdi/ocm04030972/ocm04030972/Output/0215.tif /mnt/lsdi/ocm04030972/ocm04030972/Output/0216.tif /mnt/lsdi/ocm04030972/ocm04030972/Output/0217.tif /mnt/lsdi/ocm04030972/ocm04030972/Output/0218.tif /mnt/lsdi/ocm04030972/ocm04030972/Output/0219.tif /mnt/lsdi/ocm04030972/ocm04030972/Output/0220.tif /mnt/lsdi/ocm04030972/ocm04030972/Output/0221.tif /mnt/lsdi/ocm04030972/ocm04030972/Output/0222.tif /mnt/lsdi/ocm04030972/ocm04030972/Output/0223.tif /mnt/lsdi/ocm04030972/ocm04030972/Output/0224.tif /mnt/lsdi/ocm04030972/ocm04030972/Output/0225.tif /mnt/lsdi/ocm04030972/ocm04030972/Output/0226.tif /mnt/lsdi/ocm04030972/ocm04030972/Output/0227.tif /mnt/lsdi/ocm04030972/ocm04030972/Output/0228.tif /mnt/lsdi/ocm04030972/ocm04030972/Output/0229.tif /mnt/lsdi/ocm04030972/ocm04030972/Output/0230.tif /mnt/lsdi/ocm04030972/ocm04030972/Output/0231.tif /mnt/lsdi/ocm04030972/ocm04030972/Output/0232.tif /mnt/lsdi/ocm04030972/ocm04030972/Output/0233.tif /mnt/lsdi/ocm04030972/ocm04030972/Output/0234.tif /mnt/lsdi/ocm04030972/ocm04030972/Output/0235.tif /mnt/lsdi/ocm04030972/ocm04030972/Output/0236.tif /mnt/lsdi/ocm04030972/ocm04030972/Output/0237.tif /mnt/lsdi/ocm04030972/ocm04030972/Output/0238.tif /mnt/lsdi/ocm04030972/ocm04030972/Output/0239.tif /mnt/lsdi/ocm04030972/ocm04030972/Output/0240.tif /mnt/lsdi/ocm04030972/ocm04030972/Output/0241.tif /mnt/lsdi/ocm04030972/ocm04030972/Output/0242.tif /mnt/lsdi/ocm04030972/ocm04030972/Output/0243.tif /mnt/lsdi/ocm04030972/ocm04030972/Output/0244.tif /mnt/lsdi/ocm04030972/ocm04030972/Output/0245.tif /mnt/lsdi/ocm04030972/ocm04030972/Output/0246.tif /mnt/lsdi/ocm04030972/ocm04030972/Output/0247.tif /mnt/lsdi/ocm04030972/ocm04030972/Output/0248.tif /mnt/lsdi/ocm04030972/ocm04030972/Output/0249.tif /mnt/lsdi/ocm04030972/ocm04030972/Output/0250.tif /mnt/lsdi/ocm04030972/ocm04030972/Output/0251.tif /mnt/lsdi/ocm04030972/ocm04030972/Output/0252.tif /mnt/lsdi/ocm04030972/ocm04030972/Output/0253.tif /mnt/lsdi/ocm04030972/ocm04030972/Output/0254.tif /mnt/lsdi/ocm04030972/ocm04030972/Output/0255.tif /mnt/lsdi/ocm04030972/ocm04030972/Output/0256.tif /mnt/lsdi/ocm04030972/ocm04030972/Output/0257.tif /mnt/lsdi/ocm04030972/ocm04030972/Output/0258.tif /mnt/lsdi/ocm04030972/ocm04030972/Output/0259.tif /mnt/lsdi/ocm04030972/ocm04030972/Output/0260.tif /mnt/lsdi/ocm04030972/ocm04030972/Output/0261.tif /mnt/lsdi/ocm04030972/ocm04030972/Output/0262.tif /mnt/lsdi/ocm04030972/ocm04030972/Output/0263.tif /mnt/lsdi/ocm04030972/ocm04030972/Output/0264.tif /mnt/lsdi/ocm04030972/ocm04030972/Output/0265.tif /mnt/lsdi/ocm04030972/ocm04030972/Output/0266.tif /mnt/lsdi/ocm04030972/ocm04030972/Output/0267.tif /mnt/lsdi/ocm04030972/ocm04030972/Output/0268.tif /mnt/lsdi/ocm04030972/ocm04030972/Output/0269.tif /mnt/lsdi/ocm04030972/ocm04030972/Output/0270.tif /mnt/lsdi/ocm04030972/ocm04030972/Output/0271.tif /mnt/lsdi/ocm04030972/ocm04030972/Output/0272.tif /mnt/lsdi/ocm04030972/ocm04030972/Output/0273.tif /mnt/lsdi/ocm04030972/ocm04030972/Output/0274.tif /mnt/lsdi/ocm04030972/ocm04030972/Output/0275.tif /mnt/lsdi/ocm04030972/ocm04030972/Output/0276.tif /mnt/lsdi/ocm04030972/ocm04030972/Output/0277.tif /mnt/lsdi/ocm04030972/ocm04030972/Output/0278.tif /mnt/lsdi/ocm04030972/ocm04030972/Output/0279.tif /mnt/lsdi/ocm04030972/ocm04030972/Output/0280.tif /mnt/lsdi/ocm04030972/ocm04030972/Output/0281.tif /mnt/lsdi/ocm04030972/ocm04030972/Output/0282.tif /mnt/lsdi/ocm04030972/ocm04030972/Output/0283.tif /mnt/lsdi/ocm04030972/ocm04030972/Output/0284.tif /mnt/lsdi/ocm04030972/ocm04030972/Output/0285.tif /mnt/lsdi/ocm04030972/ocm04030972/Output/0286.tif /mnt/lsdi/ocm04030972/ocm04030972/Output/0287.tif /mnt/lsdi/ocm04030972/ocm04030972/Output/0288.tif /mnt/lsdi/ocm04030972/ocm04030972/Output/0289.tif /mnt/lsdi/ocm04030972/ocm04030972/Output/0290.tif /mnt/lsdi/ocm04030972/ocm04030972/Output/0291.tif /mnt/lsdi/ocm04030972/ocm04030972/Output/0292.tif /mnt/lsdi/ocm04030972/ocm04030972/Output/0293.tif /mnt/lsdi/ocm04030972/ocm04030972/Output/0294.tif /mnt/lsdi/ocm04030972/ocm04030972/Output/0295.tif /mnt/lsdi/ocm04030972/ocm04030972/Output/0296.tif /mnt/lsdi/ocm04030972/ocm04030972/Output/0297.tif /mnt/lsdi/ocm04030972/ocm04030972/Output/0298.tif /mnt/lsdi/ocm04030972/ocm04030972/Output/0299.tif /mnt/lsdi/ocm04030972/ocm04030972/Output/0300.tif /mnt/lsdi/ocm04030972/ocm04030972/Output/0301.tif /mnt/lsdi/ocm04030972/ocm04030972/Output/0302.tif /mnt/lsdi/ocm04030972/ocm04030972/Output/0303.tif /mnt/lsdi/ocm04030972/ocm04030972/Output/0304.tif /mnt/lsdi/ocm04030972/ocm04030972/Output/0305.tif /mnt/lsdi/ocm04030972/ocm04030972/Output/0306.tif /mnt/lsdi/ocm04030972/ocm04030972/Output/0307.tif /mnt/lsdi/ocm04030972/ocm04030972/Output/0308.tif /mnt/lsdi/ocm04030972/ocm04030972/Output/0309.tif /mnt/lsdi/ocm04030972/ocm04030972/Output/0310.tif
  adding: mnt/lsdi/ocm04030972/ocm04030972/Output/0001.tif (deflated 85%)
  adding: mnt/lsdi/ocm04030972/ocm04030972/Output/0002.tif (deflated 85%)
  adding: mnt/lsdi/ocm04030972/ocm04030972/Output/0003.tif (deflated 84%)
  adding: mnt/lsdi/ocm04030972/ocm04030972/Output/0004.tif (deflated 8%)
  adding: mnt/lsdi/ocm04030972/ocm04030972/Output/0005.tif (deflated 18%)
  adding: mnt/lsdi/ocm04030972/ocm04030972/Output/0006.tif (deflated 4%)
  adding: mnt/lsdi/ocm04030972/ocm04030972/Output/0007.tif (deflated 4%)
  adding: mnt/lsdi/ocm04030972/ocm04030972/Output/0008.tif (deflated 5%)
  adding: mnt/lsdi/ocm04030972/ocm04030972/Output/0009.tif (deflated 3%)
  adding: mnt/lsdi/ocm04030972/ocm04030972/Output/0010.tif (deflated 3%)
  adding: mnt/lsdi/ocm04030972/ocm04030972/Output/0011.tif (deflated 6%)
  adding: mnt/lsdi/ocm04030972/ocm04030972/Output/0012.tif (deflated 4%)
  adding: mnt/lsdi/ocm04030972/ocm04030972/Output/0013.tif (deflated 4%)
  adding: mnt/lsdi/ocm04030972/ocm04030972/Output/0014.tif (deflated 4%)
  adding: mnt/lsdi/ocm04030972/ocm04030972/Output/0015.tif (deflated 4%)
  adding: mnt/lsdi/ocm04030972/ocm04030972/Output/0016.tif (deflated 97%)
  adding: mnt/lsdi/ocm04030972/ocm04030972/Output/0017.tif (deflated 85%)
  adding: mnt/lsdi/ocm04030972/ocm04030972/Output/0018.tif (deflated 4%)
  adding: mnt/lsdi/ocm04030972/ocm04030972/Output/0019.tif (deflated 4%)
  adding: mnt/lsdi/ocm04030972/ocm04030972/Output/0020.tif (deflated 85%)
  adding: mnt/lsdi/ocm04030972/ocm04030972/Output/0021.tif (deflated 3%)
  adding: mnt/lsdi/ocm04030972/ocm04030972/Output/0022.tif (deflated 4%)
  adding: mnt/lsdi/ocm04030972/ocm04030972/Output/0023.tif (deflated 4%)
  adding: mnt/lsdi/ocm04030972/ocm04030972/Output/0024.tif (deflated 4%)
  adding: mnt/lsdi/ocm04030972/ocm04030972/Output/0025.tif (deflated 4%)
  adding: mnt/lsdi/ocm04030972/ocm04030972/Output/0026.tif (deflated 4%)
  adding: mnt/lsdi/ocm04030972/ocm04030972/Output/0027.tif (deflated 5%)
  adding: mnt/lsdi/ocm04030972/ocm04030972/Output/0028.tif (deflated 4%)
  adding: mnt/lsdi/ocm04030972/ocm04030972/Output/0029.tif (deflated 4%)
  adding: mnt/lsdi/ocm04030972/ocm04030972/Output/0030.tif (deflated 4%)
  adding: mnt/lsdi/ocm04030972/ocm04030972/Output/0031.tif (deflated 4%)
  adding: mnt/lsdi/ocm04030972/ocm04030972/Output/0032.tif (deflated 4%)
  adding: mnt/lsdi/ocm04030972/ocm04030972/Output/0033.tif (deflated 4%)
  adding: mnt/lsdi/ocm04030972/ocm04030972/Output/0034.tif (deflated 4%)
  adding: mnt/lsdi/ocm04030972/ocm04030972/Output/0035.tif (deflated 4%)
  adding: mnt/lsdi/ocm04030972/ocm04030972/Output/0036.tif (deflated 4%)
  adding: mnt/lsdi/ocm04030972/ocm04030972/Output/0037.tif (deflated 4%)
  adding: mnt/lsdi/ocm04030972/ocm04030972/Output/0038.tif (deflated 4%)
  adding: mnt/lsdi/ocm04030972/ocm04030972/Output/0039.tif (deflated 4%)
  adding: mnt/lsdi/ocm04030972/ocm04030972/Output/0040.tif (deflated 4%)
  adding: mnt/lsdi/ocm04030972/ocm04030972/Output/0041.tif (deflated 4%)
  adding: mnt/lsdi/ocm04030972/ocm04030972/Output/0042.tif (deflated 4%)
  adding: mnt/lsdi/ocm04030972/ocm04030972/Output/0043.tif (deflated 4%)
  adding: mnt/lsdi/ocm04030972/ocm04030972/Output/0044.tif (deflated 4%)
  adding: mnt/lsdi/ocm04030972/ocm04030972/Output/0045.tif (deflated 4%)
  adding: mnt/lsdi/ocm04030972/ocm04030972/Output/0046.tif (deflated 4%)
  adding: mnt/lsdi/ocm04030972/ocm04030972/Output/0047.tif (deflated 4%)
  adding: mnt/lsdi/ocm04030972/ocm04030972/Output/0048.tif (deflated 4%)
  adding: mnt/lsdi/ocm04030972/ocm04030972/Output/0049.tif (deflated 4%)
  adding: mnt/lsdi/ocm04030972/ocm04030972/Output/0050.tif (deflated 4%)
  adding: mnt/lsdi/ocm04030972/ocm04030972/Output/0051.tif (deflated 4%)
  adding: mnt/lsdi/ocm04030972/ocm04030972/Output/0052.tif (deflated 4%)
  adding: mnt/lsdi/ocm04030972/ocm04030972/Output/0053.tif (deflated 4%)
  adding: mnt/lsdi/ocm04030972/ocm04030972/Output/0054.tif (deflated 4%)
  adding: mnt/lsdi/ocm04030972/ocm04030972/Output/0055.tif (deflated 4%)
  adding: mnt/lsdi/ocm04030972/ocm04030972/Output/0056.tif (deflated 4%)
  adding: mnt/lsdi/ocm04030972/ocm04030972/Output/0057.tif (deflated 4%)
  adding: mnt/lsdi/ocm04030972/ocm04030972/Output/0058.tif (deflated 4%)
  adding: mnt/lsdi/ocm04030972/ocm04030972/Output/0059.tif (deflated 4%)
  adding: mnt/lsdi/ocm04030972/ocm04030972/Output/0060.tif (deflated 4%)
  adding: mnt/lsdi/ocm04030972/ocm04030972/Output/0061.tif (deflated 4%)
  adding: mnt/lsdi/ocm04030972/ocm04030972/Output/0062.tif (deflated 4%)
  adding: mnt/lsdi/ocm04030972/ocm04030972/Output/0063.tif (deflated 4%)
  adding: mnt/lsdi/ocm04030972/ocm04030972/Output/0064.tif (deflated 51%)
  adding: mnt/lsdi/ocm04030972/ocm04030972/Output/0065.tif (deflated 85%)
  adding: mnt/lsdi/ocm04030972/ocm04030972/Output/0066.tif (deflated 4%)
  adding: mnt/lsdi/ocm04030972/ocm04030972/Output/0067.tif (deflated 4%)
  adding: mnt/lsdi/ocm04030972/ocm04030972/Output/0068.tif (deflated 4%)
  adding: mnt/lsdi/ocm04030972/ocm04030972/Output/0069.tif (deflated 4%)
  adding: mnt/lsdi/ocm04030972/ocm04030972/Output/0070.tif (deflated 4%)
  adding: mnt/lsdi/ocm04030972/ocm04030972/Output/0071.tif (deflated 4%)
  adding: mnt/lsdi/ocm04030972/ocm04030972/Output/0072.tif (deflated 4%)
  adding: mnt/lsdi/ocm04030972/ocm04030972/Output/0073.tif (deflated 7%)
  adding: mnt/lsdi/ocm04030972/ocm04030972/Output/0074.tif (deflated 49%)
  adding: mnt/lsdi/ocm04030972/ocm04030972/Output/0075.tif (deflated 85%)
  adding: mnt/lsdi/ocm04030972/ocm04030972/Output/0076.tif (deflated 4%)
  adding: mnt/lsdi/ocm04030972/ocm04030972/Output/0077.tif (deflated 4%)
  adding: mnt/lsdi/ocm04030972/ocm04030972/Output/0078.tif (deflated 4%)
  adding: mnt/lsdi/ocm04030972/ocm04030972/Output/0079.tif (deflated 4%)
  adding: mnt/lsdi/ocm04030972/ocm04030972/Output/0080.tif (deflated 4%)
  adding: mnt/lsdi/ocm04030972/ocm04030972/Output/0081.tif (deflated 4%)
  adding: mnt/lsdi/ocm04030972/ocm04030972/Output/0082.tif (deflated 4%)
  adding: mnt/lsdi/ocm04030972/ocm04030972/Output/0083.tif (deflated 4%)
  adding: mnt/lsdi/ocm04030972/ocm04030972/Output/0084.tif (deflated 89%)
  adding: mnt/lsdi/ocm04030972/ocm04030972/Output/0085.tif (deflated 85%)
  adding: mnt/lsdi/ocm04030972/ocm04030972/Output/0086.tif (deflated 4%)
  adding: mnt/lsdi/ocm04030972/ocm04030972/Output/0087.tif (deflated 4%)
  adding: mnt/lsdi/ocm04030972/ocm04030972/Output/0088.tif (deflated 4%)
  adding: mnt/lsdi/ocm04030972/ocm04030972/Output/0089.tif (deflated 4%)
  adding: mnt/lsdi/ocm04030972/ocm04030972/Output/0090.tif (deflated 3%)
  adding: mnt/lsdi/ocm04030972/ocm04030972/Output/0091.tif (deflated 4%)
  adding: mnt/lsdi/ocm04030972/ocm04030972/Output/0092.tif (deflated 4%)
  adding: mnt/lsdi/ocm04030972/ocm04030972/Output/0093.tif (deflated 4%)
  adding: mnt/lsdi/ocm04030972/ocm04030972/Output/0094.tif (deflated 49%)
  adding: mnt/lsdi/ocm04030972/ocm04030972/Output/0095.tif (deflated 85%)
  adding: mnt/lsdi/ocm04030972/ocm04030972/Output/0096.tif (deflated 4%)
  adding: mnt/lsdi/ocm04030972/ocm04030972/Output/0097.tif (deflated 4%)
  adding: mnt/lsdi/ocm04030972/ocm04030972/Output/0098.tif (deflated 4%)
  adding: mnt/lsdi/ocm04030972/ocm04030972/Output/0099.tif (deflated 4%)
  adding: mnt/lsdi/ocm04030972/ocm04030972/Output/0100.tif (deflated 3%)
  adding: mnt/lsdi/ocm04030972/ocm04030972/Output/0101.tif (deflated 4%)
  adding: mnt/lsdi/ocm04030972/ocm04030972/Output/0102.tif (deflated 4%)
  adding: mnt/lsdi/ocm04030972/ocm04030972/Output/0103.tif (deflated 4%)
  adding: mnt/lsdi/ocm04030972/ocm04030972/Output/0104.tif (deflated 8%)
  adding: mnt/lsdi/ocm04030972/ocm04030972/Output/0105.tif (deflated 4%)
  adding: mnt/lsdi/ocm04030972/ocm04030972/Output/0106.tif (deflated 4%)
  adding: mnt/lsdi/ocm04030972/ocm04030972/Output/0107.tif (deflated 4%)
  adding: mnt/lsdi/ocm04030972/ocm04030972/Output/0108.tif (deflated 4%)
  adding: mnt/lsdi/ocm04030972/ocm04030972/Output/0109.tif (deflated 4%)
  adding: mnt/lsdi/ocm04030972/ocm04030972/Output/0110.tif (deflated 4%)
  adding: mnt/lsdi/ocm04030972/ocm04030972/Output/0111.tif (deflated 8%)
  adding: mnt/lsdi/ocm04030972/ocm04030972/Output/0112.tif (deflated 4%)
  adding: mnt/lsdi/ocm04030972/ocm04030972/Output/0113.tif (deflated 4%)
  adding: mnt/lsdi/ocm04030972/ocm04030972/Output/0114.tif (deflated 4%)
  adding: mnt/lsdi/ocm04030972/ocm04030972/Output/0115.tif (deflated 4%)
  adding: mnt/lsdi/ocm04030972/ocm04030972/Output/0116.tif (deflated 5%)
  adding: mnt/lsdi/ocm04030972/ocm04030972/Output/0117.tif (deflated 4%)
  adding: mnt/lsdi/ocm04030972/ocm04030972/Output/0118.tif (deflated 4%)
  adding: mnt/lsdi/ocm04030972/ocm04030972/Output/0119.tif (deflated 4%)
  adding: mnt/lsdi/ocm04030972/ocm04030972/Output/0120.tif (deflated 50%)
  adding: mnt/lsdi/ocm04030972/ocm04030972/Output/0121.tif (deflated 85%)
  adding: mnt/lsdi/ocm04030972/ocm04030972/Output/0122.tif (deflated 4%)
  adding: mnt/lsdi/ocm04030972/ocm04030972/Output/0123.tif (deflated 4%)
  adding: mnt/lsdi/ocm04030972/ocm04030972/Output/0124.tif (deflated 4%)
  adding: mnt/lsdi/ocm04030972/ocm04030972/Output/0125.tif (deflated 4%)
  adding: mnt/lsdi/ocm04030972/ocm04030972/Output/0126.tif (deflated 4%)
  adding: mnt/lsdi/ocm04030972/ocm04030972/Output/0127.tif (deflated 4%)
  adding: mnt/lsdi/ocm04030972/ocm04030972/Output/0128.tif (deflated 4%)
  adding: mnt/lsdi/ocm04030972/ocm04030972/Output/0129.tif (deflated 3%)
  adding: mnt/lsdi/ocm04030972/ocm04030972/Output/0130.tif (deflated 58%)
  adding: mnt/lsdi/ocm04030972/ocm04030972/Output/0131.tif (deflated 85%)
  adding: mnt/lsdi/ocm04030972/ocm04030972/Output/0132.tif (deflated 4%)
  adding: mnt/lsdi/ocm04030972/ocm04030972/Output/0133.tif (deflated 4%)
  adding: mnt/lsdi/ocm04030972/ocm04030972/Output/0134.tif (deflated 4%)
  adding: mnt/lsdi/ocm04030972/ocm04030972/Output/0135.tif (deflated 4%)
  adding: mnt/lsdi/ocm04030972/ocm04030972/Output/0136.tif (deflated 4%)
  adding: mnt/lsdi/ocm04030972/ocm04030972/Output/0137.tif (deflated 4%)
  adding: mnt/lsdi/ocm04030972/ocm04030972/Output/0138.tif (deflated 4%)
  adding: mnt/lsdi/ocm04030972/ocm04030972/Output/0139.tif (deflated 4%)
  adding: mnt/lsdi/ocm04030972/ocm04030972/Output/0140.tif (deflated 74%)
  adding: mnt/lsdi/ocm04030972/ocm04030972/Output/0141.tif (deflated 85%)
  adding: mnt/lsdi/ocm04030972/ocm04030972/Output/0142.tif (deflated 4%)
  adding: mnt/lsdi/ocm04030972/ocm04030972/Output/0143.tif (deflated 4%)
  adding: mnt/lsdi/ocm04030972/ocm04030972/Output/0144.tif (deflated 4%)
  adding: mnt/lsdi/ocm04030972/ocm04030972/Output/0145.tif (deflated 4%)
  adding: mnt/lsdi/ocm04030972/ocm04030972/Output/0146.tif (deflated 4%)
  adding: mnt/lsdi/ocm04030972/ocm04030972/Output/0147.tif (deflated 4%)
  adding: mnt/lsdi/ocm04030972/ocm04030972/Output/0148.tif (deflated 4%)
  adding: mnt/lsdi/ocm04030972/ocm04030972/Output/0149.tif (deflated 4%)
  adding: mnt/lsdi/ocm04030972/ocm04030972/Output/0150.tif (deflated 47%)
  adding: mnt/lsdi/ocm04030972/ocm04030972/Output/0151.tif (deflated 85%)
  adding: mnt/lsdi/ocm04030972/ocm04030972/Output/0152.tif (deflated 4%)
  adding: mnt/lsdi/ocm04030972/ocm04030972/Output/0153.tif (deflated 4%)
  adding: mnt/lsdi/ocm04030972/ocm04030972/Output/0154.tif (deflated 4%)
  adding: mnt/lsdi/ocm04030972/ocm04030972/Output/0155.tif (deflated 4%)
  adding: mnt/lsdi/ocm04030972/ocm04030972/Output/0156.tif (deflated 4%)
  adding: mnt/lsdi/ocm04030972/ocm04030972/Output/0157.tif (deflated 4%)
  adding: mnt/lsdi/ocm04030972/ocm04030972/Output/0158.tif (deflated 4%)
  adding: mnt/lsdi/ocm04030972/ocm04030972/Output/0159.tif (deflated 4%)
  adding: mnt/lsdi/ocm04030972/ocm04030972/Output/0160.tif (deflated 4%)
  adding: mnt/lsdi/ocm04030972/ocm04030972/Output/0161.tif (deflated 4%)
  adding: mnt/lsdi/ocm04030972/ocm04030972/Output/0162.tif (deflated 4%)
  adding: mnt/lsdi/ocm04030972/ocm04030972/Output/0163.tif (deflated 4%)
  adding: mnt/lsdi/ocm04030972/ocm04030972/Output/0164.tif (deflated 4%)
  adding: mnt/lsdi/ocm04030972/ocm04030972/Output/0165.tif (deflated 3%)
  adding: mnt/lsdi/ocm04030972/ocm04030972/Output/0166.tif (deflated 4%)
  adding: mnt/lsdi/ocm04030972/ocm04030972/Output/0167.tif (deflated 4%)
  adding: mnt/lsdi/ocm04030972/ocm04030972/Output/0168.tif (deflated 49%)
  adding: mnt/lsdi/ocm04030972/ocm04030972/Output/0169.tif (deflated 85%)
  adding: mnt/lsdi/ocm04030972/ocm04030972/Output/0170.tif (deflated 4%)
  adding: mnt/lsdi/ocm04030972/ocm04030972/Output/0171.tif (deflated 4%)
  adding: mnt/lsdi/ocm04030972/ocm04030972/Output/0172.tif (deflated 4%)
  adding: mnt/lsdi/ocm04030972/ocm04030972/Output/0173.tif (deflated 4%)
  adding: mnt/lsdi/ocm04030972/ocm04030972/Output/0174.tif (deflated 4%)
  adding: mnt/lsdi/ocm04030972/ocm04030972/Output/0175.tif (deflated 4%)
  adding: mnt/lsdi/ocm04030972/ocm04030972/Output/0176.tif (deflated 4%)
  adding: mnt/lsdi/ocm04030972/ocm04030972/Output/0177.tif (deflated 6%)
  adding: mnt/lsdi/ocm04030972/ocm04030972/Output/0178.tif (deflated 50%)
  adding: mnt/lsdi/ocm04030972/ocm04030972/Output/0179.tif (deflated 85%)
  adding: mnt/lsdi/ocm04030972/ocm04030972/Output/0180.tif (deflated 4%)
  adding: mnt/lsdi/ocm04030972/ocm04030972/Output/0181.tif (deflated 4%)
  adding: mnt/lsdi/ocm04030972/ocm04030972/Output/0182.tif (deflated 4%)
  adding: mnt/lsdi/ocm04030972/ocm04030972/Output/0183.tif (deflated 3%)
  adding: mnt/lsdi/ocm04030972/ocm04030972/Output/0184.tif (deflated 4%)
  adding: mnt/lsdi/ocm04030972/ocm04030972/Output/0185.tif (deflated 4%)
  adding: mnt/lsdi/ocm04030972/ocm04030972/Output/0186.tif (deflated 4%)
  adding: mnt/lsdi/ocm04030972/ocm04030972/Output/0187.tif (deflated 4%)
  adding: mnt/lsdi/ocm04030972/ocm04030972/Output/0188.tif (deflated 46%)
  adding: mnt/lsdi/ocm04030972/ocm04030972/Output/0189.tif (deflated 85%)
  adding: mnt/lsdi/ocm04030972/ocm04030972/Output/0190.tif (deflated 4%)
  adding: mnt/lsdi/ocm04030972/ocm04030972/Output/0191.tif (deflated 4%)
  adding: mnt/lsdi/ocm04030972/ocm04030972/Output/0192.tif (deflated 4%)
  adding: mnt/lsdi/ocm04030972/ocm04030972/Output/0193.tif (deflated 4%)
  adding: mnt/lsdi/ocm04030972/ocm04030972/Output/0194.tif (deflated 4%)
  adding: mnt/lsdi/ocm04030972/ocm04030972/Output/0195.tif (deflated 4%)
  adding: mnt/lsdi/ocm04030972/ocm04030972/Output/0196.tif (deflated 4%)
  adding: mnt/lsdi/ocm04030972/ocm04030972/Output/0197.tif (deflated 4%)
  adding: mnt/lsdi/ocm04030972/ocm04030972/Output/0198.tif (deflated 3%)
  adding: mnt/lsdi/ocm04030972/ocm04030972/Output/0199.tif (deflated 3%)
  adding: mnt/lsdi/ocm04030972/ocm04030972/Output/0200.tif (deflated 4%)
  adding: mnt/lsdi/ocm04030972/ocm04030972/Output/0201.tif (deflated 4%)
  adding: mnt/lsdi/ocm04030972/ocm04030972/Output/0202.tif (deflated 5%)
  adding: mnt/lsdi/ocm04030972/ocm04030972/Output/0203.tif (deflated 4%)
  adding: mnt/lsdi/ocm04030972/ocm04030972/Output/0204.tif (deflated 4%)
  adding: mnt/lsdi/ocm04030972/ocm04030972/Output/0205.tif (deflated 4%)
  adding: mnt/lsdi/ocm04030972/ocm04030972/Output/0206.tif (deflated 4%)
  adding: mnt/lsdi/ocm04030972/ocm04030972/Output/0207.tif (deflated 4%)
  adding: mnt/lsdi/ocm04030972/ocm04030972/Output/0208.tif (deflated 4%)
  adding: mnt/lsdi/ocm04030972/ocm04030972/Output/0209.tif (deflated 4%)
  adding: mnt/lsdi/ocm04030972/ocm04030972/Output/0210.tif (deflated 4%)
  adding: mnt/lsdi/ocm04030972/ocm04030972/Output/0211.tif (deflated 4%)
  adding: mnt/lsdi/ocm04030972/ocm04030972/Output/0212.tif (deflated 5%)
  adding: mnt/lsdi/ocm04030972/ocm04030972/Output/0213.tif (deflated 4%)
  adding: mnt/lsdi/ocm04030972/ocm04030972/Output/0214.tif (deflated 49%)
  adding: mnt/lsdi/ocm04030972/ocm04030972/Output/0215.tif (deflated 85%)
  adding: mnt/lsdi/ocm04030972/ocm04030972/Output/0216.tif (deflated 3%)
  adding: mnt/lsdi/ocm04030972/ocm04030972/Output/0217.tif (deflated 4%)
  adding: mnt/lsdi/ocm04030972/ocm04030972/Output/0218.tif (deflated 4%)
  adding: mnt/lsdi/ocm04030972/ocm04030972/Output/0219.tif (deflated 3%)
  adding: mnt/lsdi/ocm04030972/ocm04030972/Output/0220.tif (deflated 3%)
  adding: mnt/lsdi/ocm04030972/ocm04030972/Output/0221.tif (deflated 4%)
  adding: mnt/lsdi/ocm04030972/ocm04030972/Output/0222.tif (deflated 3%)
  adding: mnt/lsdi/ocm04030972/ocm04030972/Output/0223.tif (deflated 4%)
  adding: mnt/lsdi/ocm04030972/ocm04030972/Output/0224.tif (deflated 48%)
  adding: mnt/lsdi/ocm04030972/ocm04030972/Output/0225.tif (deflated 85%)
  adding: mnt/lsdi/ocm04030972/ocm04030972/Output/0226.tif (deflated 4%)
  adding: mnt/lsdi/ocm04030972/ocm04030972/Output/0227.tif (deflated 3%)
  adding: mnt/lsdi/ocm04030972/ocm04030972/Output/0228.tif (deflated 3%)
  adding: mnt/lsdi/ocm04030972/ocm04030972/Output/0229.tif (deflated 4%)
  adding: mnt/lsdi/ocm04030972/ocm04030972/Output/0230.tif (deflated 3%)
  adding: mnt/lsdi/ocm04030972/ocm04030972/Output/0231.tif (deflated 4%)
  adding: mnt/lsdi/ocm04030972/ocm04030972/Output/0232.tif (deflated 3%)
  adding: mnt/lsdi/ocm04030972/ocm04030972/Output/0233.tif (deflated 4%)
  adding: mnt/lsdi/ocm04030972/ocm04030972/Output/0234.tif (deflated 48%)
  adding: mnt/lsdi/ocm04030972/ocm04030972/Output/0235.tif (deflated 85%)
  adding: mnt/lsdi/ocm04030972/ocm04030972/Output/0236.tif (deflated 3%)
  adding: mnt/lsdi/ocm04030972/ocm04030972/Output/0237.tif (deflated 3%)
  adding: mnt/lsdi/ocm04030972/ocm04030972/Output/0238.tif (deflated 3%)
  adding: mnt/lsdi/ocm04030972/ocm04030972/Output/0239.tif (deflated 3%)
  adding: mnt/lsdi/ocm04030972/ocm04030972/Output/0240.tif (deflated 3%)
  adding: mnt/lsdi/ocm04030972/ocm04030972/Output/0241.tif (deflated 4%)
  adding: mnt/lsdi/ocm04030972/ocm04030972/Output/0242.tif (deflated 3%)
  adding: mnt/lsdi/ocm04030972/ocm04030972/Output/0243.tif (deflated 3%)
  adding: mnt/lsdi/ocm04030972/ocm04030972/Output/0244.tif (deflated 49%)
  adding: mnt/lsdi/ocm04030972/ocm04030972/Output/0245.tif (deflated 85%)
  adding: mnt/lsdi/ocm04030972/ocm04030972/Output/0246.tif (deflated 3%)
  adding: mnt/lsdi/ocm04030972/ocm04030972/Output/0247.tif (deflated 3%)
  adding: mnt/lsdi/ocm04030972/ocm04030972/Output/0248.tif (deflated 3%)
  adding: mnt/lsdi/ocm04030972/ocm04030972/Output/0249.tif (deflated 4%)
  adding: mnt/lsdi/ocm04030972/ocm04030972/Output/0250.tif (deflated 4%)
  adding: mnt/lsdi/ocm04030972/ocm04030972/Output/0251.tif (deflated 3%)
  adding: mnt/lsdi/ocm04030972/ocm04030972/Output/0252.tif (deflated 3%)
  adding: mnt/lsdi/ocm04030972/ocm04030972/Output/0253.tif (deflated 3%)
  adding: mnt/lsdi/ocm04030972/ocm04030972/Output/0254.tif (deflated 45%)
  adding: mnt/lsdi/ocm04030972/ocm04030972/Output/0255.tif (deflated 85%)
  adding: mnt/lsdi/ocm04030972/ocm04030972/Output/0256.tif (deflated 4%)
  adding: mnt/lsdi/ocm04030972/ocm04030972/Output/0257.tif (deflated 3%)
  adding: mnt/lsdi/ocm04030972/ocm04030972/Output/0258.tif (deflated 4%)
  adding: mnt/lsdi/ocm04030972/ocm04030972/Output/0259.tif (deflated 4%)
  adding: mnt/lsdi/ocm04030972/ocm04030972/Output/0260.tif (deflated 7%)
  adding: mnt/lsdi/ocm04030972/ocm04030972/Output/0261.tif (deflated 4%)
  adding: mnt/lsdi/ocm04030972/ocm04030972/Output/0262.tif (deflated 3%)
  adding: mnt/lsdi/ocm04030972/ocm04030972/Output/0263.tif (deflated 4%)
  adding: mnt/lsdi/ocm04030972/ocm04030972/Output/0264.tif (deflated 49%)
  adding: mnt/lsdi/ocm04030972/ocm04030972/Output/0265.tif (deflated 85%)
  adding: mnt/lsdi/ocm04030972/ocm04030972/Output/0266.tif (deflated 4%)
  adding: mnt/lsdi/ocm04030972/ocm04030972/Output/0267.tif (deflated 4%)
  adding: mnt/lsdi/ocm04030972/ocm04030972/Output/0268.tif (deflated 4%)
  adding: mnt/lsdi/ocm04030972/ocm04030972/Output/0269.tif (deflated 4%)
  adding: mnt/lsdi/ocm04030972/ocm04030972/Output/0270.tif (deflated 4%)
  adding: mnt/lsdi/ocm04030972/ocm04030972/Output/0271.tif (deflated 4%)
  adding: mnt/lsdi/ocm04030972/ocm04030972/Output/0272.tif (deflated 4%)
  adding: mnt/lsdi/ocm04030972/ocm04030972/Output/0273.tif (deflated 4%)
  adding: mnt/lsdi/ocm04030972/ocm04030972/Output/0274.tif (deflated 48%)
  adding: mnt/lsdi/ocm04030972/ocm04030972/Output/0275.tif (deflated 85%)
  adding: mnt/lsdi/ocm04030972/ocm04030972/Output/0276.tif (deflated 4%)
  adding: mnt/lsdi/ocm04030972/ocm04030972/Output/0277.tif (deflated 4%)
  adding: mnt/lsdi/ocm04030972/ocm04030972/Output/0278.tif (deflated 4%)
  adding: mnt/lsdi/ocm04030972/ocm04030972/Output/0279.tif (deflated 4%)
  adding: mnt/lsdi/ocm04030972/ocm04030972/Output/0280.tif (deflated 4%)
  adding: mnt/lsdi/ocm04030972/ocm04030972/Output/0281.tif (deflated 4%)
  adding: mnt/lsdi/ocm04030972/ocm04030972/Output/0282.tif (deflated 4%)
  adding: mnt/lsdi/ocm04030972/ocm04030972/Output/0283.tif (deflated 4%)
  adding: mnt/lsdi/ocm04030972/ocm04030972/Output/0284.tif (deflated 62%)
  adding: mnt/lsdi/ocm04030972/ocm04030972/Output/0285.tif (deflated 85%)
  adding: mnt/lsdi/ocm04030972/ocm04030972/Output/0286.tif (deflated 4%)
  adding: mnt/lsdi/ocm04030972/ocm04030972/Output/0287.tif (deflated 4%)
  adding: mnt/lsdi/ocm04030972/ocm04030972/Output/0288.tif (deflated 4%)
  adding: mnt/lsdi/ocm04030972/ocm04030972/Output/0289.tif (deflated 4%)
  adding: mnt/lsdi/ocm04030972/ocm04030972/Output/0290.tif (deflated 4%)
  adding: mnt/lsdi/ocm04030972/ocm04030972/Output/0291.tif (deflated 4%)
  adding: mnt/lsdi/ocm04030972/ocm04030972/Output/0292.tif (deflated 4%)
  adding: mnt/lsdi/ocm04030972/ocm04030972/Output/0293.tif (deflated 4%)
  adding: mnt/lsdi/ocm04030972/ocm04030972/Output/0294.tif (deflated 4%)
  adding: mnt/lsdi/ocm04030972/ocm04030972/Output/0295.tif (deflated 4%)
  adding: mnt/lsdi/ocm04030972/ocm04030972/Output/0296.tif (deflated 4%)
  adding: mnt/lsdi/ocm04030972/ocm04030972/Output/0297.tif (deflated 4%)
  adding: mnt/lsdi/ocm04030972/ocm04030972/Output/0298.tif (deflated 4%)
  adding: mnt/lsdi/ocm04030972/ocm04030972/Output/0299.tif (deflated 4%)
  adding: mnt/lsdi/ocm04030972/ocm04030972/Output/0300.tif (deflated 4%)
  adding: mnt/lsdi/ocm04030972/ocm04030972/Output/0301.tif (deflated 4%)
  adding: mnt/lsdi/ocm04030972/ocm04030972/Output/0302.tif (deflated 4%)
  adding: mnt/lsdi/ocm04030972/ocm04030972/Output/0303.tif (deflated 4%)
  adding: mnt/lsdi/ocm04030972/ocm04030972/Output/0304.tif (deflated 4%)
  adding: mnt/lsdi/ocm04030972/ocm04030972/Output/0305.tif (deflated 5%)
  adding: mnt/lsdi/ocm04030972/ocm04030972/Output/0306.tif (deflated 3%)
  adding: mnt/lsdi/ocm04030972/ocm04030972/Output/0307.tif (deflated 3%)
  adding: mnt/lsdi/ocm04030972/ocm04030972/Output/0308.tif (deflated 2%)
  adding: mnt/lsdi/ocm04030972/ocm04030972/Output/0309.tif (deflated 3%)
  adding: mnt/lsdi/ocm04030972/ocm04030972/Output/0310.tif (deflated 85%)
curl --location --header authorization: LOW fpJYfLnxbLmCEHqU:JQbq6NgBaPrSh98Y --upload-file /temp/ocm04030972_images.zip http://s3.us.archive.org/04030972.emory.edu/04030972_images.zip
  % Total    % Received % Xferd  Average Speed   Time    Time     Time  Current
                                 Dload  Upload   Total   Spent    Left  Speed
  0     0    0     0    0     0      0      0 --:--:-- --:--:-- --:--:--     0  0 92.8M    0     0    0     0      0      0 --:--:--  0:00:01 --:--:--     0  0 92.8M    0     0    0 32768      0  23854  1:08:00  0:00:01  1:07:59 25342  0 92.8M    0     0    0  160k      0  74700  0:21:42  0:00:02  0:21:40 77575  0 92.8M    0     0    0  336k      0   104k  0:15:07  0:00:03  0:15:04  107k  0 92.8M    0     0    0  544k      0   131k  0:12:05  0:00:04  0:12:01  133k  0 92.8M    0     0    0  816k      0   157k  0:10:03  0:00:05  0:09:58  195k  1 92.8M    0     0    1 1104k      0   179k  0:08:48  0:00:06  0:08:42  224k  1 92.8M    0     0    1 1504k      0   207k  0:07:37  0:00:07  0:07:30  266k  2 92.8M    0     0    2 1936k      0   237k  0:06:40  0:00:08  0:06:32  322k  2 92.8M    0     0    2 2144k      0   231k  0:06:50  0:00:09  0:06:41  313k  2 92.8M    0     0    2 2336k      0   224k  0:07:03  0:00:10  0:06:53  290k  3 92.8M    0     0    3 2944k      0   263k  0:06:00  0:00:11  0:05:49  366k  3 92.8M    0     0    3 3744k      0   308k  0:05:08  0:00:12  0:04:56  455k  4 92.8M    0     0    4 4560k      0   347k  0:04:33  0:00:13  0:04:20  527k  5 92.8M    0     0    5 5408k      0   381k  0:04:08  0:00:14  0:03:54  664k  6 92.8M    0     0    6 6080k      0   401k  0:03:56  0:00:15  0:03:41  789k  7 92.8M    0     0    7 6896k      0   426k  0:03:42  0:00:16  0:03:26  788k  8 92.8M    0     0    8 7712k      0   448k  0:03:31  0:00:17  0:03:14  788k  8 92.8M    0     0    8 8464k      0   466k  0:03:23  0:00:18  0:03:05  781k  9 92.8M    0     0    9 9280k      0   484k  0:03:16  0:00:19  0:02:57  777k 10 92.8M    0     0   10  9.8M      0   500k  0:03:09  0:00:20  0:02:49  802k 11 92.8M    0     0   11 10.2M      0   493k  0:03:12  0:00:21  0:02:51  704k 11 92.8M    0     0   11 10.9M      0   504k  0:03:08  0:00:22  0:02:46  697k 12 92.8M    0     0   12 11.7M      0   517k  0:03:03  0:00:23  0:02:40  700k 13 92.8M    0     0   13 12.4M      0   529k  0:02:59  0:00:24  0:02:35  700k 14 92.8M    0     0   14 13.2M      0   540k  0:02:55  0:00:25  0:02:30  701k 15 92.8M    0     0   15 14.0M      0   551k  0:02:52  0:00:26  0:02:26  804k 15 92.8M    0     0   15 14.7M      0   553k  0:02:51  0:00:27  0:02:24  762k 16 92.8M    0     0   16 15.1M      0   548k  0:02:53  0:00:28  0:02:25  689k 16 92.8M    0     0   16 15.6M      0   548k  0:02:53  0:00:29  0:02:24  640k 17 92.8M    0     0   17 16.0M      0   542k  0:02:55  0:00:30  0:02:25  550k 17 92.8M    0     0   17 16.5M      0   542k  0:02:55  0:00:31  0:02:24  497k 18 92.8M    0     0   18 17.0M      0   543k  0:02:54  0:00:32  0:02:22  489k 19 92.8M    0     0   19 17.8M      0   550k  0:02:52  0:00:33  0:02:19  563k 20 92.8M    0     0   20 18.6M      0   558k  0:02:50  0:00:34  0:02:16  614k 20 92.8M    0     0   20 19.4M      0   565k  0:02:48  0:00:35  0:02:13  711k 21 92.8M    0     0   21 20.1M      0   572k  0:02:46  0:00:36  0:02:10  757k 22 92.8M    0     0   22 20.9M      0   576k  0:02:44  0:00:37  0:02:07  787k 23 92.8M    0     0   23 21.5M      0   577k  0:02:44  0:00:38  0:02:06  753k 23 92.8M    0     0   23 22.1M      0   580k  0:02:43  0:00:39  0:02:04  733k 24 92.8M    0     0   24 22.9M      0   586k  0:02:42  0:00:40  0:02:02  735k 25 92.8M    0     0   25 23.7M      0   591k  0:02:40  0:00:41  0:01:59  728k 26 92.8M    0     0   26 24.5M      0   596k  0:02:39  0:00:42  0:01:57  745k 27 92.8M    0     0   27 25.3M      0   601k  0:02:38  0:00:43  0:01:55  785k 28 92.8M    0     0   28 26.1M      0   605k  0:02:36  0:00:44  0:01:52  803k 28 92.8M    0     0   28 26.6M      0   604k  0:02:37  0:00:45  0:01:52  752k 29 92.8M    0     0   29 27.2M      0   605k  0:02:36  0:00:46  0:01:50  726k 30 92.8M    0     0   30 28.0M      0   609k  0:02:36  0:00:47  0:01:49  715k 31 92.8M    0     0   31 28.8M      0   613k  0:02:34  0:00:48  0:01:46  717k 31 92.8M    0     0   31 29.6M      0   617k  0:02:33  0:00:49  0:01:44  716k 32 92.8M    0     0   32 30.4M      0   620k  0:02:33  0:00:50  0:01:43  765k 33 92.8M    0     0   33 30.7M      0   616k  0:02:34  0:00:51  0:01:43  717k 33 92.8M    0     0   33 31.2M      0   612k  0:02:35  0:00:52  0:01:43  645k 34 92.8M    0     0   34 31.9M      0   614k  0:02:34  0:00:53  0:01:41  627k 35 92.8M    0     0   35 32.6M      0   617k  0:02:34  0:00:54  0:01:40  616k 35 92.8M    0     0   35 33.1M      0   613k  0:02:34  0:00:55  0:01:39  542k 36 92.8M    0     0   36 33.5M      0   611k  0:02:35  0:00:56  0:01:39  560k 36 92.8M    0     0   36 34.2M      0   613k  0:02:34  0:00:57  0:01:37  622k 37 92.8M    0     0   37 35.0M      0   616k  0:02:34  0:00:58  0:01:36  640k 38 92.8M    0     0   38 35.8M      0   620k  0:02:33  0:00:59  0:01:34  652k 39 92.8M    0     0   39 36.6M      0   623k  0:02:32  0:01:00  0:01:32  740k 40 92.8M    0     0   40 37.4M      0   626k  0:02:31  0:01:01  0:01:30  795k 41 92.8M    0     0   41 38.1M      0   628k  0:02:31  0:01:02  0:01:29  801k 41 92.8M    0     0   41 38.7M      0   627k  0:02:31  0:01:03  0:01:28  753k 42 92.8M    0     0   42 39.3M      0   628k  0:02:31  0:01:04  0:01:27  723k 43 92.8M    0     0   43 40.1M      0   630k  0:02:30  0:01:05  0:01:25  715k 44 92.8M    0     0   44 40.9M      0   633k  0:02:30  0:01:06  0:01:24  713k 44 92.8M    0     0   44 41.6M      0   635k  0:02:29  0:01:07  0:01:22  724k 45 92.8M    0     0   45 42.4M      0   638k  0:02:28  0:01:08  0:01:20  768k 46 92.8M    0     0   46 43.2M      0   640k  0:02:28  0:01:09  0:01:19  794k 47 92.8M    0     0   47 43.7M      0   637k  0:02:29  0:01:10  0:01:19  721k 47 92.8M    0     0   47 44.4M      0   639k  0:02:28  0:01:11  0:01:17  718k 48 92.8M    0     0   48 45.1M      0   641k  0:02:28  0:01:12  0:01:16  711k 49 92.8M    0     0   49 45.9M      0   643k  0:02:27  0:01:13  0:01:14  714k 50 92.8M    0     0   50 46.7M      0   645k  0:02:27  0:01:14  0:01:13  716k 51 92.8M    0     0   51 47.5M      0   647k  0:02:26  0:01:15  0:01:11  791k 51 92.8M    0     0   51 48.1M      0   646k  0:02:27  0:01:16  0:01:11  747k 52 92.8M    0     0   52 48.6M      0   645k  0:02:27  0:01:17  0:01:10  713k 53 92.8M    0     0   53 49.4M      0   647k  0:02:26  0:01:18  0:01:08  713k 54 92.8M    0     0   54 50.2M      0   649k  0:02:26  0:01:19  0:01:07  716k 54 92.8M    0     0   54 50.9M      0   651k  0:02:25  0:01:20  0:01:05  716k 55 92.8M    0     0   55 51.7M      0   653k  0:02:25  0:01:21  0:01:04  762k 56 92.8M    0     0   56 52.5M      0   655k  0:02:25  0:01:22  0:01:03  798k 57 92.8M    0     0   57 53.0M      0   653k  0:02:25  0:01:23  0:01:02  750k 58 92.8M    0     0   58 53.8M      0   654k  0:02:25  0:01:24  0:01:01  721k 58 92.8M    0     0   58 54.5M      0   655k  0:02:24  0:01:25  0:00:59  720k 59 92.8M    0     0   59 55.2M      0   657k  0:02:24  0:01:26  0:00:58  716k 60 92.8M    0     0   60 55.7M      0   654k  0:02:25  0:01:27  0:00:58  645k 60 92.8M    0     0   60 56.3M      0   654k  0:02:25  0:01:28  0:00:57  662k 61 92.8M    0     0   61 56.9M      0   653k  0:02:25  0:01:29  0:00:56  646k 61 92.8M    0     0   61 57.5M      0   653k  0:02:25  0:01:30  0:00:55  617k 62 92.8M    0     0   62 58.1M      0   653k  0:02:25  0:01:31  0:00:54  586k 63 92.8M    0     0   63 58.5M      0   650k  0:02:26  0:01:32  0:00:54  579k 63 92.8M    0     0   63 59.0M      0   648k  0:02:26  0:01:33  0:00:53  553k 64 92.8M    0     0   64 59.7M      0   649k  0:02:26  0:01:34  0:00:52  570k 65 92.8M    0     0   65 60.5M      0   651k  0:02:25  0:01:35  0:00:50  609k 66 92.8M    0     0   66 61.2M      0   652k  0:02:25  0:01:36  0:00:49  646k 66 92.8M    0     0   66 62.0M      0   654k  0:02:25  0:01:37  0:00:48  725k 67 92.8M    0     0   67 62.8M      0   655k  0:02:24  0:01:38  0:00:46  788k 68 92.8M    0     0   68 63.3M      0   654k  0:02:25  0:01:39  0:00:46  748k 68 92.8M    0     0   68 64.0M      0   654k  0:02:25  0:01:40  0:00:45  723k 69 92.8M    0     0   69 64.8M      0   656k  0:02:24  0:01:41  0:00:43  723k 70 92.8M    0     0   70 65.5M      0   657k  0:02:24  0:01:42  0:00:42  721k 71 92.8M    0     0   71 66.4M      0   659k  0:02:24  0:01:43  0:00:41  722k 72 92.8M    0     0   72 67.1M      0   660k  0:02:23  0:01:44  0:00:39  782k 73 92.8M    0     0   73 67.9M      0   661k  0:02:23  0:01:45  0:00:38  807k 73 92.8M    0     0   73 68.5M      0   661k  0:02:23  0:01:46  0:00:37  757k 74 92.8M    0     0   74 69.1M      0   660k  0:02:23  0:01:47  0:00:36  729k 75 92.8M    0     0   75 69.9M      0   662k  0:02:23  0:01:48  0:00:35  726k 76 92.8M    0     0   76 70.7M      0   663k  0:02:23  0:01:49  0:00:34  728k 77 92.8M    0     0   77 71.5M      0   665k  0:02:22  0:01:50  0:00:32  730k 77 92.8M    0     0   77 72.3M      0   666k  0:02:22  0:01:51  0:00:31  772k 78 92.8M    0     0   78 73.0M      0   666k  0:02:22  0:01:52  0:00:30  793k 79 92.8M    0     0   79 73.5M      0   665k  0:02:22  0:01:53  0:00:29  733k 80 92.8M    0     0   80 74.3M      0   666k  0:02:22  0:01:54  0:00:28  736k 80 92.8M    0     0   80 75.1M      0   668k  0:02:22  0:01:55  0:00:27  735k 81 92.8M    0     0   81 75.9M      0   669k  0:02:22  0:01:56  0:00:26  739k 82 92.8M    0     0   82 76.7M      0   670k  0:02:21  0:01:57  0:00:24  749k 83 92.8M    0     0   83 77.5M      0   671k  0:02:21  0:01:58  0:00:23  814k 84 92.8M    0     0   84 78.2M      0   671k  0:02:21  0:01:59  0:00:22  761k 84 92.8M    0     0   84 78.6M      0   670k  0:02:21  0:02:00  0:00:21  723k 85 92.8M    0     0   85 79.4M      0   671k  0:02:21  0:02:01  0:00:20  718k 86 92.8M    0     0   86 80.1M      0   672k  0:02:21  0:02:02  0:00:19  712k 87 92.8M    0     0   87 80.9M      0   673k  0:02:21  0:02:03  0:00:18  703k 88 92.8M    0     0   88 81.7M      0   674k  0:02:20  0:02:04  0:00:16  752k 88 92.8M    0     0   88 82.5M      0   675k  0:02:20  0:02:05  0:00:15  790k 89 92.8M    0     0   89 83.0M      0   673k  0:02:21  0:02:06  0:00:15  733k 90 92.8M    0     0   90 83.6M      0   673k  0:02:21  0:02:07  0:00:14  705k 90 92.8M    0     0   90 84.4M      0   674k  0:02:20  0:02:08  0:00:12  709k 91 92.8M    0     0   91 85.1M      0   675k  0:02:20  0:02:09  0:00:11  706k 92 92.8M    0     0   92 85.9M      0   676k  0:02:20  0:02:10  0:00:10  705k 93 92.8M    0     0   93 86.7M      0   677k  0:02:20  0:02:11  0:00:09  764k 94 92.8M    0     0   94 87.5M      0   678k  0:02:20  0:02:12  0:00:08  801k 94 92.8M    0     0   94 88.0M      0   677k  0:02:20  0:02:13  0:00:07  751k 95 92.8M    0     0   95 88.5M      0   675k  0:02:20  0:02:14  0:00:06  684k 96 92.8M    0     0   96 89.3M      0   676k  0:02:20  0:02:15  0:00:05  684k 97 92.8M    0     0   97 90.0M      0   677k  0:02:20  0:02:16  0:00:04  680k 97 92.8M    0     0   97 90.8M      0   678k  0:02:20  0:02:17  0:00:03  677k 98 92.8M    0     0   98 91.5M      0   677k  0:02:20  0:02:18  0:00:02  679k 99 92.8M    0     0   99 92.0M      0   676k  0:02:20  0:02:19  0:00:01  708k 99 92.8M    0     0   99 92.7M      0   677k  0:02:20  0:02:20 --:--:--  711k100 92.8M    0     0  100 92.8M      0   673k  0:02:21  0:02:21 --:--:--  558k100 92.8M    0     0  100 92.8M      0   668k  0:02:22  0:02:22 --:--:--  401k100 92.8M    0     0  100 92.8M      0   663k  0:02:23  0:02:23 --:--:--  264k100 92.8M    0     0  100 92.8M      0   660k  0:02:23  0:02:23 --:--:--  180k
