Bucket ID will be 03321673.emory.edu
curl --location --header x-amz-auto-make-bucket:1 --header x-archive-ignore-preexisting-bucket:1 --header x-archive-queue-derive:0 --header x-archive-meta-mediatype:texts --header x-archive-meta03-collection:emory --header x-archive-meta01-collection:americanmethodism --header x-archive-meta-sponsor:Emory University, Pitts Theology Library --header x-archive-meta-contributor:Emory University, Pitts Theology Library --header x-archive-meta-ppi:300 --header authorization: LOW fpJYfLnxbLmCEHqU:JQbq6NgBaPrSh98Y --upload-file /mnt/lsdi/ocm03321673-1051/ocm03321673/ocm03321673_MRC.xml http://s3.us.archive.org/03321673.1051.emory.edu/03321673.1051.emory.edu_marc.xml
  % Total    % Received % Xferd  Average Speed   Time    Time     Time  Current
                                 Dload  Upload   Total   Spent    Left  Speed
  0     0    0     0    0     0      0      0 --:--:-- --:--:-- --:--:--     0  0  4598    0     0    0     0      0      0 --:--:--  0:00:01 --:--:--     0  0  4598    0     0    0     0      0      0 --:--:--  0:00:02 --:--:--     0100  4598    0     0  100  4598      0   1493  0:00:03  0:00:03 --:--:--  1531100  4598    0     0  100  4598      0   1140  0:00:04  0:00:04 --:--:--  1162100  4598    0     0  100  4598      0   1140  0:00:04  0:00:04 --:--:--  1162
zip -r /temp/ocm03321673_1051_images.zip /mnt/lsdi/ocm03321673-1051/ocm03321673/Output/ocm03321673_0001.tif /mnt/lsdi/ocm03321673-1051/ocm03321673/Output/ocm03321673_0002.tif /mnt/lsdi/ocm03321673-1051/ocm03321673/Output/ocm03321673_0003.tif /mnt/lsdi/ocm03321673-1051/ocm03321673/Output/ocm03321673_0004.tif /mnt/lsdi/ocm03321673-1051/ocm03321673/Output/ocm03321673_0005.tif /mnt/lsdi/ocm03321673-1051/ocm03321673/Output/ocm03321673_0006.tif /mnt/lsdi/ocm03321673-1051/ocm03321673/Output/ocm03321673_0007.tif /mnt/lsdi/ocm03321673-1051/ocm03321673/Output/ocm03321673_0008.tif /mnt/lsdi/ocm03321673-1051/ocm03321673/Output/ocm03321673_0009.tif /mnt/lsdi/ocm03321673-1051/ocm03321673/Output/ocm03321673_0010.tif /mnt/lsdi/ocm03321673-1051/ocm03321673/Output/ocm03321673_0011.tif /mnt/lsdi/ocm03321673-1051/ocm03321673/Output/ocm03321673_0012.tif /mnt/lsdi/ocm03321673-1051/ocm03321673/Output/ocm03321673_0013.tif /mnt/lsdi/ocm03321673-1051/ocm03321673/Output/ocm03321673_0014.tif /mnt/lsdi/ocm03321673-1051/ocm03321673/Output/ocm03321673_0015.tif /mnt/lsdi/ocm03321673-1051/ocm03321673/Output/ocm03321673_0016.tif /mnt/lsdi/ocm03321673-1051/ocm03321673/Output/ocm03321673_0017.tif /mnt/lsdi/ocm03321673-1051/ocm03321673/Output/ocm03321673_0018.tif /mnt/lsdi/ocm03321673-1051/ocm03321673/Output/ocm03321673_0019.tif /mnt/lsdi/ocm03321673-1051/ocm03321673/Output/ocm03321673_0020.tif /mnt/lsdi/ocm03321673-1051/ocm03321673/Output/ocm03321673_0021.tif /mnt/lsdi/ocm03321673-1051/ocm03321673/Output/ocm03321673_0022.tif /mnt/lsdi/ocm03321673-1051/ocm03321673/Output/ocm03321673_0023.tif /mnt/lsdi/ocm03321673-1051/ocm03321673/Output/ocm03321673_0024.tif /mnt/lsdi/ocm03321673-1051/ocm03321673/Output/ocm03321673_0025.tif /mnt/lsdi/ocm03321673-1051/ocm03321673/Output/ocm03321673_0026.tif /mnt/lsdi/ocm03321673-1051/ocm03321673/Output/ocm03321673_0027.tif /mnt/lsdi/ocm03321673-1051/ocm03321673/Output/ocm03321673_0028.tif /mnt/lsdi/ocm03321673-1051/ocm03321673/Output/ocm03321673_0029.tif /mnt/lsdi/ocm03321673-1051/ocm03321673/Output/ocm03321673_0030.tif /mnt/lsdi/ocm03321673-1051/ocm03321673/Output/ocm03321673_0031.tif /mnt/lsdi/ocm03321673-1051/ocm03321673/Output/ocm03321673_0032.tif /mnt/lsdi/ocm03321673-1051/ocm03321673/Output/ocm03321673_0033.tif /mnt/lsdi/ocm03321673-1051/ocm03321673/Output/ocm03321673_0034.tif /mnt/lsdi/ocm03321673-1051/ocm03321673/Output/ocm03321673_0035.tif /mnt/lsdi/ocm03321673-1051/ocm03321673/Output/ocm03321673_0036.tif /mnt/lsdi/ocm03321673-1051/ocm03321673/Output/ocm03321673_0037.tif /mnt/lsdi/ocm03321673-1051/ocm03321673/Output/ocm03321673_0038.tif /mnt/lsdi/ocm03321673-1051/ocm03321673/Output/ocm03321673_0039.tif /mnt/lsdi/ocm03321673-1051/ocm03321673/Output/ocm03321673_0040.tif /mnt/lsdi/ocm03321673-1051/ocm03321673/Output/ocm03321673_0041.tif /mnt/lsdi/ocm03321673-1051/ocm03321673/Output/ocm03321673_0042.tif /mnt/lsdi/ocm03321673-1051/ocm03321673/Output/ocm03321673_0043.tif /mnt/lsdi/ocm03321673-1051/ocm03321673/Output/ocm03321673_0044.tif /mnt/lsdi/ocm03321673-1051/ocm03321673/Output/ocm03321673_0045.tif /mnt/lsdi/ocm03321673-1051/ocm03321673/Output/ocm03321673_0046.tif /mnt/lsdi/ocm03321673-1051/ocm03321673/Output/ocm03321673_0047.tif /mnt/lsdi/ocm03321673-1051/ocm03321673/Output/ocm03321673_0048.tif /mnt/lsdi/ocm03321673-1051/ocm03321673/Output/ocm03321673_0049.tif /mnt/lsdi/ocm03321673-1051/ocm03321673/Output/ocm03321673_0050.tif /mnt/lsdi/ocm03321673-1051/ocm03321673/Output/ocm03321673_0051.tif /mnt/lsdi/ocm03321673-1051/ocm03321673/Output/ocm03321673_0052.tif /mnt/lsdi/ocm03321673-1051/ocm03321673/Output/ocm03321673_0053.tif /mnt/lsdi/ocm03321673-1051/ocm03321673/Output/ocm03321673_0054.tif /mnt/lsdi/ocm03321673-1051/ocm03321673/Output/ocm03321673_0055.tif /mnt/lsdi/ocm03321673-1051/ocm03321673/Output/ocm03321673_0056.tif /mnt/lsdi/ocm03321673-1051/ocm03321673/Output/ocm03321673_0057.tif /mnt/lsdi/ocm03321673-1051/ocm03321673/Output/ocm03321673_0058.tif /mnt/lsdi/ocm03321673-1051/ocm03321673/Output/ocm03321673_0059.tif /mnt/lsdi/ocm03321673-1051/ocm03321673/Output/ocm03321673_0060.tif /mnt/lsdi/ocm03321673-1051/ocm03321673/Output/ocm03321673_0061.tif /mnt/lsdi/ocm03321673-1051/ocm03321673/Output/ocm03321673_0062.tif /mnt/lsdi/ocm03321673-1051/ocm03321673/Output/ocm03321673_0063.tif /mnt/lsdi/ocm03321673-1051/ocm03321673/Output/ocm03321673_0064.tif /mnt/lsdi/ocm03321673-1051/ocm03321673/Output/ocm03321673_0065.tif /mnt/lsdi/ocm03321673-1051/ocm03321673/Output/ocm03321673_0066.tif /mnt/lsdi/ocm03321673-1051/ocm03321673/Output/ocm03321673_0067.tif /mnt/lsdi/ocm03321673-1051/ocm03321673/Output/ocm03321673_0068.tif /mnt/lsdi/ocm03321673-1051/ocm03321673/Output/ocm03321673_0069.tif /mnt/lsdi/ocm03321673-1051/ocm03321673/Output/ocm03321673_0070.tif /mnt/lsdi/ocm03321673-1051/ocm03321673/Output/ocm03321673_0071.tif /mnt/lsdi/ocm03321673-1051/ocm03321673/Output/ocm03321673_0072.tif /mnt/lsdi/ocm03321673-1051/ocm03321673/Output/ocm03321673_0073.tif /mnt/lsdi/ocm03321673-1051/ocm03321673/Output/ocm03321673_0074.tif /mnt/lsdi/ocm03321673-1051/ocm03321673/Output/ocm03321673_0075.tif /mnt/lsdi/ocm03321673-1051/ocm03321673/Output/ocm03321673_0076.tif /mnt/lsdi/ocm03321673-1051/ocm03321673/Output/ocm03321673_0077.tif /mnt/lsdi/ocm03321673-1051/ocm03321673/Output/ocm03321673_0078.tif /mnt/lsdi/ocm03321673-1051/ocm03321673/Output/ocm03321673_0079.tif /mnt/lsdi/ocm03321673-1051/ocm03321673/Output/ocm03321673_0080.tif /mnt/lsdi/ocm03321673-1051/ocm03321673/Output/ocm03321673_0081.tif /mnt/lsdi/ocm03321673-1051/ocm03321673/Output/ocm03321673_0082.tif /mnt/lsdi/ocm03321673-1051/ocm03321673/Output/ocm03321673_0083.tif /mnt/lsdi/ocm03321673-1051/ocm03321673/Output/ocm03321673_0084.tif /mnt/lsdi/ocm03321673-1051/ocm03321673/Output/ocm03321673_0085.tif /mnt/lsdi/ocm03321673-1051/ocm03321673/Output/ocm03321673_0086.tif /mnt/lsdi/ocm03321673-1051/ocm03321673/Output/ocm03321673_0087.tif /mnt/lsdi/ocm03321673-1051/ocm03321673/Output/ocm03321673_0088.tif /mnt/lsdi/ocm03321673-1051/ocm03321673/Output/ocm03321673_0089.tif /mnt/lsdi/ocm03321673-1051/ocm03321673/Output/ocm03321673_0090.tif /mnt/lsdi/ocm03321673-1051/ocm03321673/Output/ocm03321673_0091.tif /mnt/lsdi/ocm03321673-1051/ocm03321673/Output/ocm03321673_0092.tif /mnt/lsdi/ocm03321673-1051/ocm03321673/Output/ocm03321673_0093.tif /mnt/lsdi/ocm03321673-1051/ocm03321673/Output/ocm03321673_0094.tif /mnt/lsdi/ocm03321673-1051/ocm03321673/Output/ocm03321673_0095.tif /mnt/lsdi/ocm03321673-1051/ocm03321673/Output/ocm03321673_0096.tif /mnt/lsdi/ocm03321673-1051/ocm03321673/Output/ocm03321673_0097.tif /mnt/lsdi/ocm03321673-1051/ocm03321673/Output/ocm03321673_0098.tif /mnt/lsdi/ocm03321673-1051/ocm03321673/Output/ocm03321673_0099.tif /mnt/lsdi/ocm03321673-1051/ocm03321673/Output/ocm03321673_0100.tif /mnt/lsdi/ocm03321673-1051/ocm03321673/Output/ocm03321673_0101.tif /mnt/lsdi/ocm03321673-1051/ocm03321673/Output/ocm03321673_0102.tif /mnt/lsdi/ocm03321673-1051/ocm03321673/Output/ocm03321673_0103.tif /mnt/lsdi/ocm03321673-1051/ocm03321673/Output/ocm03321673_0104.tif /mnt/lsdi/ocm03321673-1051/ocm03321673/Output/ocm03321673_0105.tif /mnt/lsdi/ocm03321673-1051/ocm03321673/Output/ocm03321673_0106.tif /mnt/lsdi/ocm03321673-1051/ocm03321673/Output/ocm03321673_0107.tif /mnt/lsdi/ocm03321673-1051/ocm03321673/Output/ocm03321673_0108.tif /mnt/lsdi/ocm03321673-1051/ocm03321673/Output/ocm03321673_0109.tif /mnt/lsdi/ocm03321673-1051/ocm03321673/Output/ocm03321673_0110.tif /mnt/lsdi/ocm03321673-1051/ocm03321673/Output/ocm03321673_0111.tif /mnt/lsdi/ocm03321673-1051/ocm03321673/Output/ocm03321673_0112.tif /mnt/lsdi/ocm03321673-1051/ocm03321673/Output/ocm03321673_0113.tif /mnt/lsdi/ocm03321673-1051/ocm03321673/Output/ocm03321673_0114.tif /mnt/lsdi/ocm03321673-1051/ocm03321673/Output/ocm03321673_0115.tif /mnt/lsdi/ocm03321673-1051/ocm03321673/Output/ocm03321673_0116.tif /mnt/lsdi/ocm03321673-1051/ocm03321673/Output/ocm03321673_0117.tif /mnt/lsdi/ocm03321673-1051/ocm03321673/Output/ocm03321673_0118.tif /mnt/lsdi/ocm03321673-1051/ocm03321673/Output/ocm03321673_0119.tif /mnt/lsdi/ocm03321673-1051/ocm03321673/Output/ocm03321673_0120.tif /mnt/lsdi/ocm03321673-1051/ocm03321673/Output/ocm03321673_0121.tif /mnt/lsdi/ocm03321673-1051/ocm03321673/Output/ocm03321673_0122.tif /mnt/lsdi/ocm03321673-1051/ocm03321673/Output/ocm03321673_0123.tif /mnt/lsdi/ocm03321673-1051/ocm03321673/Output/ocm03321673_0124.tif /mnt/lsdi/ocm03321673-1051/ocm03321673/Output/ocm03321673_0125.tif /mnt/lsdi/ocm03321673-1051/ocm03321673/Output/ocm03321673_0126.tif /mnt/lsdi/ocm03321673-1051/ocm03321673/Output/ocm03321673_0127.tif /mnt/lsdi/ocm03321673-1051/ocm03321673/Output/ocm03321673_0128.tif /mnt/lsdi/ocm03321673-1051/ocm03321673/Output/ocm03321673_0129.tif /mnt/lsdi/ocm03321673-1051/ocm03321673/Output/ocm03321673_0130.tif /mnt/lsdi/ocm03321673-1051/ocm03321673/Output/ocm03321673_0131.tif /mnt/lsdi/ocm03321673-1051/ocm03321673/Output/ocm03321673_0132.tif /mnt/lsdi/ocm03321673-1051/ocm03321673/Output/ocm03321673_0133.tif /mnt/lsdi/ocm03321673-1051/ocm03321673/Output/ocm03321673_0134.tif /mnt/lsdi/ocm03321673-1051/ocm03321673/Output/ocm03321673_0135.tif /mnt/lsdi/ocm03321673-1051/ocm03321673/Output/ocm03321673_0136.tif /mnt/lsdi/ocm03321673-1051/ocm03321673/Output/ocm03321673_0137.tif /mnt/lsdi/ocm03321673-1051/ocm03321673/Output/ocm03321673_0138.tif /mnt/lsdi/ocm03321673-1051/ocm03321673/Output/ocm03321673_0139.tif /mnt/lsdi/ocm03321673-1051/ocm03321673/Output/ocm03321673_0140.tif /mnt/lsdi/ocm03321673-1051/ocm03321673/Output/ocm03321673_0141.tif /mnt/lsdi/ocm03321673-1051/ocm03321673/Output/ocm03321673_0142.tif /mnt/lsdi/ocm03321673-1051/ocm03321673/Output/ocm03321673_0143.tif /mnt/lsdi/ocm03321673-1051/ocm03321673/Output/ocm03321673_0144.tif /mnt/lsdi/ocm03321673-1051/ocm03321673/Output/ocm03321673_0145.tif /mnt/lsdi/ocm03321673-1051/ocm03321673/Output/ocm03321673_0146.tif /mnt/lsdi/ocm03321673-1051/ocm03321673/Output/ocm03321673_0147.tif /mnt/lsdi/ocm03321673-1051/ocm03321673/Output/ocm03321673_0148.tif /mnt/lsdi/ocm03321673-1051/ocm03321673/Output/ocm03321673_0149.tif /mnt/lsdi/ocm03321673-1051/ocm03321673/Output/ocm03321673_0150.tif /mnt/lsdi/ocm03321673-1051/ocm03321673/Output/ocm03321673_0151.tif /mnt/lsdi/ocm03321673-1051/ocm03321673/Output/ocm03321673_0152.tif /mnt/lsdi/ocm03321673-1051/ocm03321673/Output/ocm03321673_0153.tif /mnt/lsdi/ocm03321673-1051/ocm03321673/Output/ocm03321673_0154.tif /mnt/lsdi/ocm03321673-1051/ocm03321673/Output/ocm03321673_0155.tif /mnt/lsdi/ocm03321673-1051/ocm03321673/Output/ocm03321673_0156.tif /mnt/lsdi/ocm03321673-1051/ocm03321673/Output/ocm03321673_0157.tif /mnt/lsdi/ocm03321673-1051/ocm03321673/Output/ocm03321673_0158.tif /mnt/lsdi/ocm03321673-1051/ocm03321673/Output/ocm03321673_0159.tif /mnt/lsdi/ocm03321673-1051/ocm03321673/Output/ocm03321673_0160.tif /mnt/lsdi/ocm03321673-1051/ocm03321673/Output/ocm03321673_0161.tif /mnt/lsdi/ocm03321673-1051/ocm03321673/Output/ocm03321673_0162.tif /mnt/lsdi/ocm03321673-1051/ocm03321673/Output/ocm03321673_0163.tif /mnt/lsdi/ocm03321673-1051/ocm03321673/Output/ocm03321673_0164.tif /mnt/lsdi/ocm03321673-1051/ocm03321673/Output/ocm03321673_0165.tif /mnt/lsdi/ocm03321673-1051/ocm03321673/Output/ocm03321673_0166.tif /mnt/lsdi/ocm03321673-1051/ocm03321673/Output/ocm03321673_0167.tif /mnt/lsdi/ocm03321673-1051/ocm03321673/Output/ocm03321673_0168.tif /mnt/lsdi/ocm03321673-1051/ocm03321673/Output/ocm03321673_0169.tif /mnt/lsdi/ocm03321673-1051/ocm03321673/Output/ocm03321673_0170.tif /mnt/lsdi/ocm03321673-1051/ocm03321673/Output/ocm03321673_0171.tif /mnt/lsdi/ocm03321673-1051/ocm03321673/Output/ocm03321673_0172.tif /mnt/lsdi/ocm03321673-1051/ocm03321673/Output/ocm03321673_0173.tif /mnt/lsdi/ocm03321673-1051/ocm03321673/Output/ocm03321673_0174.tif /mnt/lsdi/ocm03321673-1051/ocm03321673/Output/ocm03321673_0175.tif /mnt/lsdi/ocm03321673-1051/ocm03321673/Output/ocm03321673_0176.tif /mnt/lsdi/ocm03321673-1051/ocm03321673/Output/ocm03321673_0177.tif /mnt/lsdi/ocm03321673-1051/ocm03321673/Output/ocm03321673_0178.tif /mnt/lsdi/ocm03321673-1051/ocm03321673/Output/ocm03321673_0179.tif /mnt/lsdi/ocm03321673-1051/ocm03321673/Output/ocm03321673_0180.tif /mnt/lsdi/ocm03321673-1051/ocm03321673/Output/ocm03321673_0181.tif /mnt/lsdi/ocm03321673-1051/ocm03321673/Output/ocm03321673_0182.tif /mnt/lsdi/ocm03321673-1051/ocm03321673/Output/ocm03321673_0183.tif /mnt/lsdi/ocm03321673-1051/ocm03321673/Output/ocm03321673_0184.tif /mnt/lsdi/ocm03321673-1051/ocm03321673/Output/ocm03321673_0185.tif /mnt/lsdi/ocm03321673-1051/ocm03321673/Output/ocm03321673_0186.tif /mnt/lsdi/ocm03321673-1051/ocm03321673/Output/ocm03321673_0187.tif /mnt/lsdi/ocm03321673-1051/ocm03321673/Output/ocm03321673_0188.tif /mnt/lsdi/ocm03321673-1051/ocm03321673/Output/ocm03321673_0189.tif /mnt/lsdi/ocm03321673-1051/ocm03321673/Output/ocm03321673_0190.tif /mnt/lsdi/ocm03321673-1051/ocm03321673/Output/ocm03321673_0191.tif /mnt/lsdi/ocm03321673-1051/ocm03321673/Output/ocm03321673_0192.tif /mnt/lsdi/ocm03321673-1051/ocm03321673/Output/ocm03321673_0193.tif /mnt/lsdi/ocm03321673-1051/ocm03321673/Output/ocm03321673_0194.tif /mnt/lsdi/ocm03321673-1051/ocm03321673/Output/ocm03321673_0195.tif /mnt/lsdi/ocm03321673-1051/ocm03321673/Output/ocm03321673_0196.tif /mnt/lsdi/ocm03321673-1051/ocm03321673/Output/ocm03321673_0197.tif /mnt/lsdi/ocm03321673-1051/ocm03321673/Output/ocm03321673_0198.tif /mnt/lsdi/ocm03321673-1051/ocm03321673/Output/ocm03321673_0199.tif /mnt/lsdi/ocm03321673-1051/ocm03321673/Output/ocm03321673_0200.tif /mnt/lsdi/ocm03321673-1051/ocm03321673/Output/ocm03321673_0201.tif /mnt/lsdi/ocm03321673-1051/ocm03321673/Output/ocm03321673_0202.tif /mnt/lsdi/ocm03321673-1051/ocm03321673/Output/ocm03321673_0203.tif /mnt/lsdi/ocm03321673-1051/ocm03321673/Output/ocm03321673_0204.tif /mnt/lsdi/ocm03321673-1051/ocm03321673/Output/ocm03321673_0205.tif /mnt/lsdi/ocm03321673-1051/ocm03321673/Output/ocm03321673_0206.tif /mnt/lsdi/ocm03321673-1051/ocm03321673/Output/ocm03321673_0207.tif /mnt/lsdi/ocm03321673-1051/ocm03321673/Output/ocm03321673_0208.tif /mnt/lsdi/ocm03321673-1051/ocm03321673/Output/ocm03321673_0209.tif /mnt/lsdi/ocm03321673-1051/ocm03321673/Output/ocm03321673_0210.tif /mnt/lsdi/ocm03321673-1051/ocm03321673/Output/ocm03321673_0211.tif /mnt/lsdi/ocm03321673-1051/ocm03321673/Output/ocm03321673_0212.tif /mnt/lsdi/ocm03321673-1051/ocm03321673/Output/ocm03321673_0213.tif /mnt/lsdi/ocm03321673-1051/ocm03321673/Output/ocm03321673_0214.tif /mnt/lsdi/ocm03321673-1051/ocm03321673/Output/ocm03321673_0215.tif /mnt/lsdi/ocm03321673-1051/ocm03321673/Output/ocm03321673_0216.tif /mnt/lsdi/ocm03321673-1051/ocm03321673/Output/ocm03321673_0217.tif /mnt/lsdi/ocm03321673-1051/ocm03321673/Output/ocm03321673_0218.tif /mnt/lsdi/ocm03321673-1051/ocm03321673/Output/ocm03321673_0219.tif /mnt/lsdi/ocm03321673-1051/ocm03321673/Output/ocm03321673_0220.tif /mnt/lsdi/ocm03321673-1051/ocm03321673/Output/ocm03321673_0221.tif /mnt/lsdi/ocm03321673-1051/ocm03321673/Output/ocm03321673_0222.tif /mnt/lsdi/ocm03321673-1051/ocm03321673/Output/ocm03321673_0223.tif /mnt/lsdi/ocm03321673-1051/ocm03321673/Output/ocm03321673_0224.tif /mnt/lsdi/ocm03321673-1051/ocm03321673/Output/ocm03321673_0225.tif /mnt/lsdi/ocm03321673-1051/ocm03321673/Output/ocm03321673_0226.tif /mnt/lsdi/ocm03321673-1051/ocm03321673/Output/ocm03321673_0227.tif /mnt/lsdi/ocm03321673-1051/ocm03321673/Output/ocm03321673_0228.tif /mnt/lsdi/ocm03321673-1051/ocm03321673/Output/ocm03321673_0229.tif /mnt/lsdi/ocm03321673-1051/ocm03321673/Output/ocm03321673_0230.tif /mnt/lsdi/ocm03321673-1051/ocm03321673/Output/ocm03321673_0231.tif /mnt/lsdi/ocm03321673-1051/ocm03321673/Output/ocm03321673_0232.tif /mnt/lsdi/ocm03321673-1051/ocm03321673/Output/ocm03321673_0233.tif /mnt/lsdi/ocm03321673-1051/ocm03321673/Output/ocm03321673_0234.tif /mnt/lsdi/ocm03321673-1051/ocm03321673/Output/ocm03321673_0235.tif /mnt/lsdi/ocm03321673-1051/ocm03321673/Output/ocm03321673_0236.tif /mnt/lsdi/ocm03321673-1051/ocm03321673/Output/ocm03321673_0237.tif /mnt/lsdi/ocm03321673-1051/ocm03321673/Output/ocm03321673_0238.tif /mnt/lsdi/ocm03321673-1051/ocm03321673/Output/ocm03321673_0239.tif /mnt/lsdi/ocm03321673-1051/ocm03321673/Output/ocm03321673_0240.tif /mnt/lsdi/ocm03321673-1051/ocm03321673/Output/ocm03321673_0241.tif /mnt/lsdi/ocm03321673-1051/ocm03321673/Output/ocm03321673_0242.tif /mnt/lsdi/ocm03321673-1051/ocm03321673/Output/ocm03321673_0243.tif /mnt/lsdi/ocm03321673-1051/ocm03321673/Output/ocm03321673_0244.tif /mnt/lsdi/ocm03321673-1051/ocm03321673/Output/ocm03321673_0245.tif /mnt/lsdi/ocm03321673-1051/ocm03321673/Output/ocm03321673_0246.tif /mnt/lsdi/ocm03321673-1051/ocm03321673/Output/ocm03321673_0247.tif /mnt/lsdi/ocm03321673-1051/ocm03321673/Output/ocm03321673_0248.tif /mnt/lsdi/ocm03321673-1051/ocm03321673/Output/ocm03321673_0249.tif /mnt/lsdi/ocm03321673-1051/ocm03321673/Output/ocm03321673_0250.tif /mnt/lsdi/ocm03321673-1051/ocm03321673/Output/ocm03321673_0251.tif /mnt/lsdi/ocm03321673-1051/ocm03321673/Output/ocm03321673_0252.tif /mnt/lsdi/ocm03321673-1051/ocm03321673/Output/ocm03321673_0253.tif /mnt/lsdi/ocm03321673-1051/ocm03321673/Output/ocm03321673_0254.tif /mnt/lsdi/ocm03321673-1051/ocm03321673/Output/ocm03321673_0255.tif /mnt/lsdi/ocm03321673-1051/ocm03321673/Output/ocm03321673_0256.tif /mnt/lsdi/ocm03321673-1051/ocm03321673/Output/ocm03321673_0257.tif /mnt/lsdi/ocm03321673-1051/ocm03321673/Output/ocm03321673_0258.tif /mnt/lsdi/ocm03321673-1051/ocm03321673/Output/ocm03321673_0259.tif /mnt/lsdi/ocm03321673-1051/ocm03321673/Output/ocm03321673_0260.tif /mnt/lsdi/ocm03321673-1051/ocm03321673/Output/ocm03321673_0261.tif /mnt/lsdi/ocm03321673-1051/ocm03321673/Output/ocm03321673_0262.tif /mnt/lsdi/ocm03321673-1051/ocm03321673/Output/ocm03321673_0263.tif /mnt/lsdi/ocm03321673-1051/ocm03321673/Output/ocm03321673_0264.tif /mnt/lsdi/ocm03321673-1051/ocm03321673/Output/ocm03321673_0265.tif /mnt/lsdi/ocm03321673-1051/ocm03321673/Output/ocm03321673_0266.tif /mnt/lsdi/ocm03321673-1051/ocm03321673/Output/ocm03321673_0267.tif /mnt/lsdi/ocm03321673-1051/ocm03321673/Output/ocm03321673_0268.tif /mnt/lsdi/ocm03321673-1051/ocm03321673/Output/ocm03321673_0269.tif /mnt/lsdi/ocm03321673-1051/ocm03321673/Output/ocm03321673_0270.tif /mnt/lsdi/ocm03321673-1051/ocm03321673/Output/ocm03321673_0271.tif /mnt/lsdi/ocm03321673-1051/ocm03321673/Output/ocm03321673_0272.tif /mnt/lsdi/ocm03321673-1051/ocm03321673/Output/ocm03321673_0273.tif /mnt/lsdi/ocm03321673-1051/ocm03321673/Output/ocm03321673_0274.tif /mnt/lsdi/ocm03321673-1051/ocm03321673/Output/ocm03321673_0275.tif /mnt/lsdi/ocm03321673-1051/ocm03321673/Output/ocm03321673_0276.tif /mnt/lsdi/ocm03321673-1051/ocm03321673/Output/ocm03321673_0277.tif /mnt/lsdi/ocm03321673-1051/ocm03321673/Output/ocm03321673_0278.tif /mnt/lsdi/ocm03321673-1051/ocm03321673/Output/ocm03321673_0279.tif /mnt/lsdi/ocm03321673-1051/ocm03321673/Output/ocm03321673_0280.tif /mnt/lsdi/ocm03321673-1051/ocm03321673/Output/ocm03321673_0281.tif /mnt/lsdi/ocm03321673-1051/ocm03321673/Output/ocm03321673_0282.tif /mnt/lsdi/ocm03321673-1051/ocm03321673/Output/ocm03321673_0283.tif /mnt/lsdi/ocm03321673-1051/ocm03321673/Output/ocm03321673_0284.tif /mnt/lsdi/ocm03321673-1051/ocm03321673/Output/ocm03321673_0285.tif /mnt/lsdi/ocm03321673-1051/ocm03321673/Output/ocm03321673_0286.tif /mnt/lsdi/ocm03321673-1051/ocm03321673/Output/ocm03321673_0287.tif /mnt/lsdi/ocm03321673-1051/ocm03321673/Output/ocm03321673_0288.tif /mnt/lsdi/ocm03321673-1051/ocm03321673/Output/ocm03321673_0289.tif /mnt/lsdi/ocm03321673-1051/ocm03321673/Output/ocm03321673_0290.tif /mnt/lsdi/ocm03321673-1051/ocm03321673/Output/ocm03321673_0291.tif /mnt/lsdi/ocm03321673-1051/ocm03321673/Output/ocm03321673_0292.tif /mnt/lsdi/ocm03321673-1051/ocm03321673/Output/ocm03321673_0293.tif /mnt/lsdi/ocm03321673-1051/ocm03321673/Output/ocm03321673_0294.tif /mnt/lsdi/ocm03321673-1051/ocm03321673/Output/ocm03321673_0295.tif /mnt/lsdi/ocm03321673-1051/ocm03321673/Output/ocm03321673_0296.tif /mnt/lsdi/ocm03321673-1051/ocm03321673/Output/ocm03321673_0297.tif /mnt/lsdi/ocm03321673-1051/ocm03321673/Output/ocm03321673_0298.tif /mnt/lsdi/ocm03321673-1051/ocm03321673/Output/ocm03321673_0299.tif /mnt/lsdi/ocm03321673-1051/ocm03321673/Output/ocm03321673_0300.tif /mnt/lsdi/ocm03321673-1051/ocm03321673/Output/ocm03321673_0301.tif /mnt/lsdi/ocm03321673-1051/ocm03321673/Output/ocm03321673_0302.tif /mnt/lsdi/ocm03321673-1051/ocm03321673/Output/ocm03321673_0303.tif /mnt/lsdi/ocm03321673-1051/ocm03321673/Output/ocm03321673_0304.tif /mnt/lsdi/ocm03321673-1051/ocm03321673/Output/ocm03321673_0305.tif /mnt/lsdi/ocm03321673-1051/ocm03321673/Output/ocm03321673_0306.tif /mnt/lsdi/ocm03321673-1051/ocm03321673/Output/ocm03321673_0307.tif /mnt/lsdi/ocm03321673-1051/ocm03321673/Output/ocm03321673_0308.tif /mnt/lsdi/ocm03321673-1051/ocm03321673/Output/ocm03321673_0309.tif /mnt/lsdi/ocm03321673-1051/ocm03321673/Output/ocm03321673_0310.tif /mnt/lsdi/ocm03321673-1051/ocm03321673/Output/ocm03321673_0311.tif /mnt/lsdi/ocm03321673-1051/ocm03321673/Output/ocm03321673_0312.tif /mnt/lsdi/ocm03321673-1051/ocm03321673/Output/ocm03321673_0313.tif /mnt/lsdi/ocm03321673-1051/ocm03321673/Output/ocm03321673_0314.tif /mnt/lsdi/ocm03321673-1051/ocm03321673/Output/ocm03321673_0315.tif /mnt/lsdi/ocm03321673-1051/ocm03321673/Output/ocm03321673_0316.tif /mnt/lsdi/ocm03321673-1051/ocm03321673/Output/ocm03321673_0317.tif /mnt/lsdi/ocm03321673-1051/ocm03321673/Output/ocm03321673_0318.tif /mnt/lsdi/ocm03321673-1051/ocm03321673/Output/ocm03321673_0319.tif /mnt/lsdi/ocm03321673-1051/ocm03321673/Output/ocm03321673_0320.tif /mnt/lsdi/ocm03321673-1051/ocm03321673/Output/ocm03321673_0321.tif /mnt/lsdi/ocm03321673-1051/ocm03321673/Output/ocm03321673_0322.tif /mnt/lsdi/ocm03321673-1051/ocm03321673/Output/ocm03321673_0323.tif /mnt/lsdi/ocm03321673-1051/ocm03321673/Output/ocm03321673_0324.tif /mnt/lsdi/ocm03321673-1051/ocm03321673/Output/ocm03321673_0325.tif /mnt/lsdi/ocm03321673-1051/ocm03321673/Output/ocm03321673_0326.tif /mnt/lsdi/ocm03321673-1051/ocm03321673/Output/ocm03321673_0327.tif /mnt/lsdi/ocm03321673-1051/ocm03321673/Output/ocm03321673_0328.tif /mnt/lsdi/ocm03321673-1051/ocm03321673/Output/ocm03321673_0329.tif /mnt/lsdi/ocm03321673-1051/ocm03321673/Output/ocm03321673_0330.tif /mnt/lsdi/ocm03321673-1051/ocm03321673/Output/ocm03321673_0331.tif /mnt/lsdi/ocm03321673-1051/ocm03321673/Output/ocm03321673_0332.tif /mnt/lsdi/ocm03321673-1051/ocm03321673/Output/ocm03321673_0333.tif /mnt/lsdi/ocm03321673-1051/ocm03321673/Output/ocm03321673_0334.tif /mnt/lsdi/ocm03321673-1051/ocm03321673/Output/ocm03321673_0335.tif /mnt/lsdi/ocm03321673-1051/ocm03321673/Output/ocm03321673_0336.tif /mnt/lsdi/ocm03321673-1051/ocm03321673/Output/ocm03321673_0337.tif /mnt/lsdi/ocm03321673-1051/ocm03321673/Output/ocm03321673_0338.tif /mnt/lsdi/ocm03321673-1051/ocm03321673/Output/ocm03321673_0339.tif /mnt/lsdi/ocm03321673-1051/ocm03321673/Output/ocm03321673_0340.tif /mnt/lsdi/ocm03321673-1051/ocm03321673/Output/ocm03321673_0341.tif /mnt/lsdi/ocm03321673-1051/ocm03321673/Output/ocm03321673_0342.tif /mnt/lsdi/ocm03321673-1051/ocm03321673/Output/ocm03321673_0343.tif /mnt/lsdi/ocm03321673-1051/ocm03321673/Output/ocm03321673_0344.tif /mnt/lsdi/ocm03321673-1051/ocm03321673/Output/ocm03321673_0345.tif /mnt/lsdi/ocm03321673-1051/ocm03321673/Output/ocm03321673_0346.tif /mnt/lsdi/ocm03321673-1051/ocm03321673/Output/ocm03321673_0347.tif /mnt/lsdi/ocm03321673-1051/ocm03321673/Output/ocm03321673_0348.tif /mnt/lsdi/ocm03321673-1051/ocm03321673/Output/ocm03321673_0349.tif /mnt/lsdi/ocm03321673-1051/ocm03321673/Output/ocm03321673_0350.tif /mnt/lsdi/ocm03321673-1051/ocm03321673/Output/ocm03321673_0351.tif /mnt/lsdi/ocm03321673-1051/ocm03321673/Output/ocm03321673_0352.tif /mnt/lsdi/ocm03321673-1051/ocm03321673/Output/ocm03321673_0353.tif /mnt/lsdi/ocm03321673-1051/ocm03321673/Output/ocm03321673_0354.tif /mnt/lsdi/ocm03321673-1051/ocm03321673/Output/ocm03321673_0355.tif /mnt/lsdi/ocm03321673-1051/ocm03321673/Output/ocm03321673_0356.tif /mnt/lsdi/ocm03321673-1051/ocm03321673/Output/ocm03321673_0357.tif /mnt/lsdi/ocm03321673-1051/ocm03321673/Output/ocm03321673_0358.tif /mnt/lsdi/ocm03321673-1051/ocm03321673/Output/ocm03321673_0359.tif /mnt/lsdi/ocm03321673-1051/ocm03321673/Output/ocm03321673_0360.tif /mnt/lsdi/ocm03321673-1051/ocm03321673/Output/ocm03321673_0361.tif /mnt/lsdi/ocm03321673-1051/ocm03321673/Output/ocm03321673_0362.tif /mnt/lsdi/ocm03321673-1051/ocm03321673/Output/ocm03321673_0363.tif /mnt/lsdi/ocm03321673-1051/ocm03321673/Output/ocm03321673_0364.tif /mnt/lsdi/ocm03321673-1051/ocm03321673/Output/ocm03321673_0365.tif /mnt/lsdi/ocm03321673-1051/ocm03321673/Output/ocm03321673_0366.tif /mnt/lsdi/ocm03321673-1051/ocm03321673/Output/ocm03321673_0367.tif /mnt/lsdi/ocm03321673-1051/ocm03321673/Output/ocm03321673_0368.tif /mnt/lsdi/ocm03321673-1051/ocm03321673/Output/ocm03321673_0369.tif /mnt/lsdi/ocm03321673-1051/ocm03321673/Output/ocm03321673_0370.tif /mnt/lsdi/ocm03321673-1051/ocm03321673/Output/ocm03321673_0371.tif /mnt/lsdi/ocm03321673-1051/ocm03321673/Output/ocm03321673_0372.tif /mnt/lsdi/ocm03321673-1051/ocm03321673/Output/ocm03321673_0373.tif /mnt/lsdi/ocm03321673-1051/ocm03321673/Output/ocm03321673_0374.tif /mnt/lsdi/ocm03321673-1051/ocm03321673/Output/ocm03321673_0375.tif /mnt/lsdi/ocm03321673-1051/ocm03321673/Output/ocm03321673_0376.tif /mnt/lsdi/ocm03321673-1051/ocm03321673/Output/ocm03321673_0377.tif /mnt/lsdi/ocm03321673-1051/ocm03321673/Output/ocm03321673_0378.tif /mnt/lsdi/ocm03321673-1051/ocm03321673/Output/ocm03321673_0379.tif /mnt/lsdi/ocm03321673-1051/ocm03321673/Output/ocm03321673_0380.tif /mnt/lsdi/ocm03321673-1051/ocm03321673/Output/ocm03321673_0381.tif /mnt/lsdi/ocm03321673-1051/ocm03321673/Output/ocm03321673_0382.tif /mnt/lsdi/ocm03321673-1051/ocm03321673/Output/ocm03321673_0383.tif /mnt/lsdi/ocm03321673-1051/ocm03321673/Output/ocm03321673_0384.tif /mnt/lsdi/ocm03321673-1051/ocm03321673/Output/ocm03321673_0385.tif /mnt/lsdi/ocm03321673-1051/ocm03321673/Output/ocm03321673_0386.tif /mnt/lsdi/ocm03321673-1051/ocm03321673/Output/ocm03321673_0387.tif /mnt/lsdi/ocm03321673-1051/ocm03321673/Output/ocm03321673_0388.tif /mnt/lsdi/ocm03321673-1051/ocm03321673/Output/ocm03321673_0389.tif /mnt/lsdi/ocm03321673-1051/ocm03321673/Output/ocm03321673_0390.tif /mnt/lsdi/ocm03321673-1051/ocm03321673/Output/ocm03321673_0391.tif /mnt/lsdi/ocm03321673-1051/ocm03321673/Output/ocm03321673_0392.tif
  adding: mnt/lsdi/ocm03321673-1051/ocm03321673/Output/ocm03321673_0001.tif (deflated 81%)
  adding: mnt/lsdi/ocm03321673-1051/ocm03321673/Output/ocm03321673_0002.tif (deflated 19%)
  adding: mnt/lsdi/ocm03321673-1051/ocm03321673/Output/ocm03321673_0003.tif (deflated 3%)
  adding: mnt/lsdi/ocm03321673-1051/ocm03321673/Output/ocm03321673_0004.tif (deflated 6%)
  adding: mnt/lsdi/ocm03321673-1051/ocm03321673/Output/ocm03321673_0005.tif (deflated 81%)
  adding: mnt/lsdi/ocm03321673-1051/ocm03321673/Output/ocm03321673_0006.tif (deflated 7%)
  adding: mnt/lsdi/ocm03321673-1051/ocm03321673/Output/ocm03321673_0007.tif (deflated 81%)
  adding: mnt/lsdi/ocm03321673-1051/ocm03321673/Output/ocm03321673_0008.tif (deflated 4%)
  adding: mnt/lsdi/ocm03321673-1051/ocm03321673/Output/ocm03321673_0009.tif (deflated 4%)
  adding: mnt/lsdi/ocm03321673-1051/ocm03321673/Output/ocm03321673_0010.tif (deflated 4%)
  adding: mnt/lsdi/ocm03321673-1051/ocm03321673/Output/ocm03321673_0011.tif (deflated 4%)
  adding: mnt/lsdi/ocm03321673-1051/ocm03321673/Output/ocm03321673_0012.tif (deflated 4%)
  adding: mnt/lsdi/ocm03321673-1051/ocm03321673/Output/ocm03321673_0013.tif (deflated 4%)
  adding: mnt/lsdi/ocm03321673-1051/ocm03321673/Output/ocm03321673_0014.tif (deflated 4%)
  adding: mnt/lsdi/ocm03321673-1051/ocm03321673/Output/ocm03321673_0015.tif (deflated 4%)
  adding: mnt/lsdi/ocm03321673-1051/ocm03321673/Output/ocm03321673_0016.tif (deflated 4%)
  adding: mnt/lsdi/ocm03321673-1051/ocm03321673/Output/ocm03321673_0017.tif (deflated 4%)
  adding: mnt/lsdi/ocm03321673-1051/ocm03321673/Output/ocm03321673_0018.tif (deflated 20%)
  adding: mnt/lsdi/ocm03321673-1051/ocm03321673/Output/ocm03321673_0019.tif (deflated 6%)
  adding: mnt/lsdi/ocm03321673-1051/ocm03321673/Output/ocm03321673_0020.tif (deflated 4%)
  adding: mnt/lsdi/ocm03321673-1051/ocm03321673/Output/ocm03321673_0021.tif (deflated 4%)
  adding: mnt/lsdi/ocm03321673-1051/ocm03321673/Output/ocm03321673_0022.tif (deflated 4%)
  adding: mnt/lsdi/ocm03321673-1051/ocm03321673/Output/ocm03321673_0023.tif (deflated 81%)
  adding: mnt/lsdi/ocm03321673-1051/ocm03321673/Output/ocm03321673_0024.tif (deflated 4%)
  adding: mnt/lsdi/ocm03321673-1051/ocm03321673/Output/ocm03321673_0025.tif (deflated 4%)
  adding: mnt/lsdi/ocm03321673-1051/ocm03321673/Output/ocm03321673_0026.tif (deflated 4%)
  adding: mnt/lsdi/ocm03321673-1051/ocm03321673/Output/ocm03321673_0027.tif (deflated 3%)
  adding: mnt/lsdi/ocm03321673-1051/ocm03321673/Output/ocm03321673_0028.tif (deflated 4%)
  adding: mnt/lsdi/ocm03321673-1051/ocm03321673/Output/ocm03321673_0029.tif (deflated 4%)
  adding: mnt/lsdi/ocm03321673-1051/ocm03321673/Output/ocm03321673_0030.tif (deflated 4%)
  adding: mnt/lsdi/ocm03321673-1051/ocm03321673/Output/ocm03321673_0031.tif (deflated 3%)
  adding: mnt/lsdi/ocm03321673-1051/ocm03321673/Output/ocm03321673_0032.tif (deflated 4%)
  adding: mnt/lsdi/ocm03321673-1051/ocm03321673/Output/ocm03321673_0033.tif (deflated 5%)
  adding: mnt/lsdi/ocm03321673-1051/ocm03321673/Output/ocm03321673_0034.tif (deflated 4%)
  adding: mnt/lsdi/ocm03321673-1051/ocm03321673/Output/ocm03321673_0035.tif (deflated 4%)
  adding: mnt/lsdi/ocm03321673-1051/ocm03321673/Output/ocm03321673_0036.tif (deflated 4%)
  adding: mnt/lsdi/ocm03321673-1051/ocm03321673/Output/ocm03321673_0037.tif (deflated 4%)
  adding: mnt/lsdi/ocm03321673-1051/ocm03321673/Output/ocm03321673_0038.tif (deflated 4%)
  adding: mnt/lsdi/ocm03321673-1051/ocm03321673/Output/ocm03321673_0039.tif (deflated 4%)
  adding: mnt/lsdi/ocm03321673-1051/ocm03321673/Output/ocm03321673_0040.tif (deflated 4%)
  adding: mnt/lsdi/ocm03321673-1051/ocm03321673/Output/ocm03321673_0041.tif (deflated 4%)
  adding: mnt/lsdi/ocm03321673-1051/ocm03321673/Output/ocm03321673_0042.tif (deflated 4%)
  adding: mnt/lsdi/ocm03321673-1051/ocm03321673/Output/ocm03321673_0043.tif (deflated 4%)
  adding: mnt/lsdi/ocm03321673-1051/ocm03321673/Output/ocm03321673_0044.tif (deflated 4%)
  adding: mnt/lsdi/ocm03321673-1051/ocm03321673/Output/ocm03321673_0045.tif (deflated 4%)
  adding: mnt/lsdi/ocm03321673-1051/ocm03321673/Output/ocm03321673_0046.tif (deflated 4%)
  adding: mnt/lsdi/ocm03321673-1051/ocm03321673/Output/ocm03321673_0047.tif (deflated 4%)
  adding: mnt/lsdi/ocm03321673-1051/ocm03321673/Output/ocm03321673_0048.tif (deflated 4%)
  adding: mnt/lsdi/ocm03321673-1051/ocm03321673/Output/ocm03321673_0049.tif (deflated 4%)
  adding: mnt/lsdi/ocm03321673-1051/ocm03321673/Output/ocm03321673_0050.tif (deflated 3%)
  adding: mnt/lsdi/ocm03321673-1051/ocm03321673/Output/ocm03321673_0051.tif (deflated 4%)
  adding: mnt/lsdi/ocm03321673-1051/ocm03321673/Output/ocm03321673_0052.tif (deflated 4%)
  adding: mnt/lsdi/ocm03321673-1051/ocm03321673/Output/ocm03321673_0053.tif (deflated 4%)
  adding: mnt/lsdi/ocm03321673-1051/ocm03321673/Output/ocm03321673_0054.tif (deflated 4%)
  adding: mnt/lsdi/ocm03321673-1051/ocm03321673/Output/ocm03321673_0055.tif (deflated 4%)
  adding: mnt/lsdi/ocm03321673-1051/ocm03321673/Output/ocm03321673_0056.tif (deflated 4%)
  adding: mnt/lsdi/ocm03321673-1051/ocm03321673/Output/ocm03321673_0057.tif (deflated 4%)
  adding: mnt/lsdi/ocm03321673-1051/ocm03321673/Output/ocm03321673_0058.tif (deflated 4%)
  adding: mnt/lsdi/ocm03321673-1051/ocm03321673/Output/ocm03321673_0059.tif (deflated 4%)
  adding: mnt/lsdi/ocm03321673-1051/ocm03321673/Output/ocm03321673_0060.tif (deflated 4%)
  adding: mnt/lsdi/ocm03321673-1051/ocm03321673/Output/ocm03321673_0061.tif (deflated 4%)
  adding: mnt/lsdi/ocm03321673-1051/ocm03321673/Output/ocm03321673_0062.tif (deflated 4%)
  adding: mnt/lsdi/ocm03321673-1051/ocm03321673/Output/ocm03321673_0063.tif (deflated 3%)
  adding: mnt/lsdi/ocm03321673-1051/ocm03321673/Output/ocm03321673_0064.tif (deflated 4%)
  adding: mnt/lsdi/ocm03321673-1051/ocm03321673/Output/ocm03321673_0065.tif (deflated 4%)
  adding: mnt/lsdi/ocm03321673-1051/ocm03321673/Output/ocm03321673_0066.tif (deflated 4%)
  adding: mnt/lsdi/ocm03321673-1051/ocm03321673/Output/ocm03321673_0067.tif (deflated 4%)
  adding: mnt/lsdi/ocm03321673-1051/ocm03321673/Output/ocm03321673_0068.tif (deflated 4%)
  adding: mnt/lsdi/ocm03321673-1051/ocm03321673/Output/ocm03321673_0069.tif (deflated 4%)
  adding: mnt/lsdi/ocm03321673-1051/ocm03321673/Output/ocm03321673_0070.tif (deflated 4%)
  adding: mnt/lsdi/ocm03321673-1051/ocm03321673/Output/ocm03321673_0071.tif (deflated 4%)
  adding: mnt/lsdi/ocm03321673-1051/ocm03321673/Output/ocm03321673_0072.tif (deflated 4%)
  adding: mnt/lsdi/ocm03321673-1051/ocm03321673/Output/ocm03321673_0073.tif (deflated 4%)
  adding: mnt/lsdi/ocm03321673-1051/ocm03321673/Output/ocm03321673_0074.tif (deflated 4%)
  adding: mnt/lsdi/ocm03321673-1051/ocm03321673/Output/ocm03321673_0075.tif (deflated 4%)
  adding: mnt/lsdi/ocm03321673-1051/ocm03321673/Output/ocm03321673_0076.tif (deflated 4%)
  adding: mnt/lsdi/ocm03321673-1051/ocm03321673/Output/ocm03321673_0077.tif (deflated 4%)
  adding: mnt/lsdi/ocm03321673-1051/ocm03321673/Output/ocm03321673_0078.tif (deflated 4%)
  adding: mnt/lsdi/ocm03321673-1051/ocm03321673/Output/ocm03321673_0079.tif (deflated 4%)
  adding: mnt/lsdi/ocm03321673-1051/ocm03321673/Output/ocm03321673_0080.tif (deflated 4%)
  adding: mnt/lsdi/ocm03321673-1051/ocm03321673/Output/ocm03321673_0081.tif (deflated 4%)
  adding: mnt/lsdi/ocm03321673-1051/ocm03321673/Output/ocm03321673_0082.tif (deflated 4%)
  adding: mnt/lsdi/ocm03321673-1051/ocm03321673/Output/ocm03321673_0083.tif (deflated 4%)
  adding: mnt/lsdi/ocm03321673-1051/ocm03321673/Output/ocm03321673_0084.tif (deflated 4%)
  adding: mnt/lsdi/ocm03321673-1051/ocm03321673/Output/ocm03321673_0085.tif (deflated 4%)
  adding: mnt/lsdi/ocm03321673-1051/ocm03321673/Output/ocm03321673_0086.tif (deflated 4%)
  adding: mnt/lsdi/ocm03321673-1051/ocm03321673/Output/ocm03321673_0087.tif (deflated 3%)
  adding: mnt/lsdi/ocm03321673-1051/ocm03321673/Output/ocm03321673_0088.tif (deflated 4%)
  adding: mnt/lsdi/ocm03321673-1051/ocm03321673/Output/ocm03321673_0089.tif (deflated 4%)
  adding: mnt/lsdi/ocm03321673-1051/ocm03321673/Output/ocm03321673_0090.tif (deflated 4%)
  adding: mnt/lsdi/ocm03321673-1051/ocm03321673/Output/ocm03321673_0091.tif (deflated 4%)
  adding: mnt/lsdi/ocm03321673-1051/ocm03321673/Output/ocm03321673_0092.tif (deflated 4%)
  adding: mnt/lsdi/ocm03321673-1051/ocm03321673/Output/ocm03321673_0093.tif (deflated 4%)
  adding: mnt/lsdi/ocm03321673-1051/ocm03321673/Output/ocm03321673_0094.tif (deflated 4%)
  adding: mnt/lsdi/ocm03321673-1051/ocm03321673/Output/ocm03321673_0095.tif (deflated 4%)
  adding: mnt/lsdi/ocm03321673-1051/ocm03321673/Output/ocm03321673_0096.tif (deflated 4%)
  adding: mnt/lsdi/ocm03321673-1051/ocm03321673/Output/ocm03321673_0097.tif (deflated 4%)
  adding: mnt/lsdi/ocm03321673-1051/ocm03321673/Output/ocm03321673_0098.tif (deflated 4%)
  adding: mnt/lsdi/ocm03321673-1051/ocm03321673/Output/ocm03321673_0099.tif (deflated 4%)
  adding: mnt/lsdi/ocm03321673-1051/ocm03321673/Output/ocm03321673_0100.tif (deflated 4%)
  adding: mnt/lsdi/ocm03321673-1051/ocm03321673/Output/ocm03321673_0101.tif (deflated 4%)
  adding: mnt/lsdi/ocm03321673-1051/ocm03321673/Output/ocm03321673_0102.tif (deflated 4%)
  adding: mnt/lsdi/ocm03321673-1051/ocm03321673/Output/ocm03321673_0103.tif (deflated 4%)
  adding: mnt/lsdi/ocm03321673-1051/ocm03321673/Output/ocm03321673_0104.tif (deflated 4%)
  adding: mnt/lsdi/ocm03321673-1051/ocm03321673/Output/ocm03321673_0105.tif (deflated 4%)
  adding: mnt/lsdi/ocm03321673-1051/ocm03321673/Output/ocm03321673_0106.tif (deflated 4%)
  adding: mnt/lsdi/ocm03321673-1051/ocm03321673/Output/ocm03321673_0107.tif (deflated 4%)
  adding: mnt/lsdi/ocm03321673-1051/ocm03321673/Output/ocm03321673_0108.tif (deflated 4%)
  adding: mnt/lsdi/ocm03321673-1051/ocm03321673/Output/ocm03321673_0109.tif (deflated 4%)
  adding: mnt/lsdi/ocm03321673-1051/ocm03321673/Output/ocm03321673_0110.tif (deflated 4%)
  adding: mnt/lsdi/ocm03321673-1051/ocm03321673/Output/ocm03321673_0111.tif (deflated 4%)
  adding: mnt/lsdi/ocm03321673-1051/ocm03321673/Output/ocm03321673_0112.tif (deflated 4%)
  adding: mnt/lsdi/ocm03321673-1051/ocm03321673/Output/ocm03321673_0113.tif (deflated 4%)
  adding: mnt/lsdi/ocm03321673-1051/ocm03321673/Output/ocm03321673_0114.tif (deflated 4%)
  adding: mnt/lsdi/ocm03321673-1051/ocm03321673/Output/ocm03321673_0115.tif (deflated 4%)
  adding: mnt/lsdi/ocm03321673-1051/ocm03321673/Output/ocm03321673_0116.tif (deflated 4%)
  adding: mnt/lsdi/ocm03321673-1051/ocm03321673/Output/ocm03321673_0117.tif (deflated 4%)
  adding: mnt/lsdi/ocm03321673-1051/ocm03321673/Output/ocm03321673_0118.tif (deflated 4%)
  adding: mnt/lsdi/ocm03321673-1051/ocm03321673/Output/ocm03321673_0119.tif (deflated 4%)
  adding: mnt/lsdi/ocm03321673-1051/ocm03321673/Output/ocm03321673_0120.tif (deflated 4%)
  adding: mnt/lsdi/ocm03321673-1051/ocm03321673/Output/ocm03321673_0121.tif (deflated 4%)
  adding: mnt/lsdi/ocm03321673-1051/ocm03321673/Output/ocm03321673_0122.tif (deflated 4%)
  adding: mnt/lsdi/ocm03321673-1051/ocm03321673/Output/ocm03321673_0123.tif (deflated 4%)
  adding: mnt/lsdi/ocm03321673-1051/ocm03321673/Output/ocm03321673_0124.tif (deflated 4%)
  adding: mnt/lsdi/ocm03321673-1051/ocm03321673/Output/ocm03321673_0125.tif (deflated 4%)
  adding: mnt/lsdi/ocm03321673-1051/ocm03321673/Output/ocm03321673_0126.tif (deflated 3%)
  adding: mnt/lsdi/ocm03321673-1051/ocm03321673/Output/ocm03321673_0127.tif (deflated 4%)
  adding: mnt/lsdi/ocm03321673-1051/ocm03321673/Output/ocm03321673_0128.tif (deflated 4%)
  adding: mnt/lsdi/ocm03321673-1051/ocm03321673/Output/ocm03321673_0129.tif (deflated 4%)
  adding: mnt/lsdi/ocm03321673-1051/ocm03321673/Output/ocm03321673_0130.tif (deflated 4%)
  adding: mnt/lsdi/ocm03321673-1051/ocm03321673/Output/ocm03321673_0131.tif (deflated 4%)
  adding: mnt/lsdi/ocm03321673-1051/ocm03321673/Output/ocm03321673_0132.tif (deflated 4%)
  adding: mnt/lsdi/ocm03321673-1051/ocm03321673/Output/ocm03321673_0133.tif (deflated 4%)
  adding: mnt/lsdi/ocm03321673-1051/ocm03321673/Output/ocm03321673_0134.tif (deflated 4%)
  adding: mnt/lsdi/ocm03321673-1051/ocm03321673/Output/ocm03321673_0135.tif (deflated 4%)
  adding: mnt/lsdi/ocm03321673-1051/ocm03321673/Output/ocm03321673_0136.tif (deflated 4%)
  adding: mnt/lsdi/ocm03321673-1051/ocm03321673/Output/ocm03321673_0137.tif (deflated 4%)
  adding: mnt/lsdi/ocm03321673-1051/ocm03321673/Output/ocm03321673_0138.tif (deflated 4%)
  adding: mnt/lsdi/ocm03321673-1051/ocm03321673/Output/ocm03321673_0139.tif (deflated 4%)
  adding: mnt/lsdi/ocm03321673-1051/ocm03321673/Output/ocm03321673_0140.tif (deflated 4%)
  adding: mnt/lsdi/ocm03321673-1051/ocm03321673/Output/ocm03321673_0141.tif (deflated 4%)
  adding: mnt/lsdi/ocm03321673-1051/ocm03321673/Output/ocm03321673_0142.tif (deflated 4%)
  adding: mnt/lsdi/ocm03321673-1051/ocm03321673/Output/ocm03321673_0143.tif (deflated 4%)
  adding: mnt/lsdi/ocm03321673-1051/ocm03321673/Output/ocm03321673_0144.tif (deflated 3%)
  adding: mnt/lsdi/ocm03321673-1051/ocm03321673/Output/ocm03321673_0145.tif (deflated 4%)
  adding: mnt/lsdi/ocm03321673-1051/ocm03321673/Output/ocm03321673_0146.tif (deflated 4%)
  adding: mnt/lsdi/ocm03321673-1051/ocm03321673/Output/ocm03321673_0147.tif (deflated 4%)
  adding: mnt/lsdi/ocm03321673-1051/ocm03321673/Output/ocm03321673_0148.tif (deflated 4%)
  adding: mnt/lsdi/ocm03321673-1051/ocm03321673/Output/ocm03321673_0149.tif (deflated 4%)
  adding: mnt/lsdi/ocm03321673-1051/ocm03321673/Output/ocm03321673_0150.tif (deflated 4%)
  adding: mnt/lsdi/ocm03321673-1051/ocm03321673/Output/ocm03321673_0151.tif (deflated 4%)
  adding: mnt/lsdi/ocm03321673-1051/ocm03321673/Output/ocm03321673_0152.tif (deflated 4%)
  adding: mnt/lsdi/ocm03321673-1051/ocm03321673/Output/ocm03321673_0153.tif (deflated 4%)
  adding: mnt/lsdi/ocm03321673-1051/ocm03321673/Output/ocm03321673_0154.tif (deflated 3%)
  adding: mnt/lsdi/ocm03321673-1051/ocm03321673/Output/ocm03321673_0155.tif (deflated 4%)
  adding: mnt/lsdi/ocm03321673-1051/ocm03321673/Output/ocm03321673_0156.tif (deflated 4%)
  adding: mnt/lsdi/ocm03321673-1051/ocm03321673/Output/ocm03321673_0157.tif (deflated 4%)
  adding: mnt/lsdi/ocm03321673-1051/ocm03321673/Output/ocm03321673_0158.tif (deflated 4%)
  adding: mnt/lsdi/ocm03321673-1051/ocm03321673/Output/ocm03321673_0159.tif (deflated 4%)
  adding: mnt/lsdi/ocm03321673-1051/ocm03321673/Output/ocm03321673_0160.tif (deflated 4%)
  adding: mnt/lsdi/ocm03321673-1051/ocm03321673/Output/ocm03321673_0161.tif (deflated 4%)
  adding: mnt/lsdi/ocm03321673-1051/ocm03321673/Output/ocm03321673_0162.tif (deflated 4%)
  adding: mnt/lsdi/ocm03321673-1051/ocm03321673/Output/ocm03321673_0163.tif (deflated 4%)
  adding: mnt/lsdi/ocm03321673-1051/ocm03321673/Output/ocm03321673_0164.tif (deflated 4%)
  adding: mnt/lsdi/ocm03321673-1051/ocm03321673/Output/ocm03321673_0165.tif (deflated 4%)
  adding: mnt/lsdi/ocm03321673-1051/ocm03321673/Output/ocm03321673_0166.tif (deflated 4%)
  adding: mnt/lsdi/ocm03321673-1051/ocm03321673/Output/ocm03321673_0167.tif (deflated 4%)
  adding: mnt/lsdi/ocm03321673-1051/ocm03321673/Output/ocm03321673_0168.tif (deflated 3%)
  adding: mnt/lsdi/ocm03321673-1051/ocm03321673/Output/ocm03321673_0169.tif (deflated 4%)
  adding: mnt/lsdi/ocm03321673-1051/ocm03321673/Output/ocm03321673_0170.tif (deflated 4%)
  adding: mnt/lsdi/ocm03321673-1051/ocm03321673/Output/ocm03321673_0171.tif (deflated 4%)
  adding: mnt/lsdi/ocm03321673-1051/ocm03321673/Output/ocm03321673_0172.tif (deflated 4%)
  adding: mnt/lsdi/ocm03321673-1051/ocm03321673/Output/ocm03321673_0173.tif (deflated 4%)
  adding: mnt/lsdi/ocm03321673-1051/ocm03321673/Output/ocm03321673_0174.tif (deflated 4%)
  adding: mnt/lsdi/ocm03321673-1051/ocm03321673/Output/ocm03321673_0175.tif (deflated 4%)
  adding: mnt/lsdi/ocm03321673-1051/ocm03321673/Output/ocm03321673_0176.tif (deflated 4%)
  adding: mnt/lsdi/ocm03321673-1051/ocm03321673/Output/ocm03321673_0177.tif (deflated 4%)
  adding: mnt/lsdi/ocm03321673-1051/ocm03321673/Output/ocm03321673_0178.tif (deflated 4%)
  adding: mnt/lsdi/ocm03321673-1051/ocm03321673/Output/ocm03321673_0179.tif (deflated 4%)
  adding: mnt/lsdi/ocm03321673-1051/ocm03321673/Output/ocm03321673_0180.tif (deflated 4%)
  adding: mnt/lsdi/ocm03321673-1051/ocm03321673/Output/ocm03321673_0181.tif (deflated 4%)
  adding: mnt/lsdi/ocm03321673-1051/ocm03321673/Output/ocm03321673_0182.tif (deflated 4%)
  adding: mnt/lsdi/ocm03321673-1051/ocm03321673/Output/ocm03321673_0183.tif (deflated 4%)
  adding: mnt/lsdi/ocm03321673-1051/ocm03321673/Output/ocm03321673_0184.tif (deflated 4%)
  adding: mnt/lsdi/ocm03321673-1051/ocm03321673/Output/ocm03321673_0185.tif (deflated 4%)
  adding: mnt/lsdi/ocm03321673-1051/ocm03321673/Output/ocm03321673_0186.tif (deflated 4%)
  adding: mnt/lsdi/ocm03321673-1051/ocm03321673/Output/ocm03321673_0187.tif (deflated 4%)
  adding: mnt/lsdi/ocm03321673-1051/ocm03321673/Output/ocm03321673_0188.tif (deflated 4%)
  adding: mnt/lsdi/ocm03321673-1051/ocm03321673/Output/ocm03321673_0189.tif (deflated 4%)
  adding: mnt/lsdi/ocm03321673-1051/ocm03321673/Output/ocm03321673_0190.tif (deflated 4%)
  adding: mnt/lsdi/ocm03321673-1051/ocm03321673/Output/ocm03321673_0191.tif (deflated 4%)
  adding: mnt/lsdi/ocm03321673-1051/ocm03321673/Output/ocm03321673_0192.tif (deflated 4%)
  adding: mnt/lsdi/ocm03321673-1051/ocm03321673/Output/ocm03321673_0193.tif (deflated 4%)
  adding: mnt/lsdi/ocm03321673-1051/ocm03321673/Output/ocm03321673_0194.tif (deflated 4%)
  adding: mnt/lsdi/ocm03321673-1051/ocm03321673/Output/ocm03321673_0195.tif (deflated 4%)
  adding: mnt/lsdi/ocm03321673-1051/ocm03321673/Output/ocm03321673_0196.tif (deflated 4%)
  adding: mnt/lsdi/ocm03321673-1051/ocm03321673/Output/ocm03321673_0197.tif (deflated 4%)
  adding: mnt/lsdi/ocm03321673-1051/ocm03321673/Output/ocm03321673_0198.tif (deflated 4%)
  adding: mnt/lsdi/ocm03321673-1051/ocm03321673/Output/ocm03321673_0199.tif (deflated 4%)
  adding: mnt/lsdi/ocm03321673-1051/ocm03321673/Output/ocm03321673_0200.tif (deflated 3%)
  adding: mnt/lsdi/ocm03321673-1051/ocm03321673/Output/ocm03321673_0201.tif (deflated 3%)
  adding: mnt/lsdi/ocm03321673-1051/ocm03321673/Output/ocm03321673_0202.tif (deflated 4%)
  adding: mnt/lsdi/ocm03321673-1051/ocm03321673/Output/ocm03321673_0203.tif (deflated 4%)
  adding: mnt/lsdi/ocm03321673-1051/ocm03321673/Output/ocm03321673_0204.tif (deflated 4%)
  adding: mnt/lsdi/ocm03321673-1051/ocm03321673/Output/ocm03321673_0205.tif (deflated 4%)
  adding: mnt/lsdi/ocm03321673-1051/ocm03321673/Output/ocm03321673_0206.tif (deflated 4%)
  adding: mnt/lsdi/ocm03321673-1051/ocm03321673/Output/ocm03321673_0207.tif (deflated 3%)
  adding: mnt/lsdi/ocm03321673-1051/ocm03321673/Output/ocm03321673_0208.tif (deflated 4%)
  adding: mnt/lsdi/ocm03321673-1051/ocm03321673/Output/ocm03321673_0209.tif (deflated 4%)
  adding: mnt/lsdi/ocm03321673-1051/ocm03321673/Output/ocm03321673_0210.tif (deflated 4%)
  adding: mnt/lsdi/ocm03321673-1051/ocm03321673/Output/ocm03321673_0211.tif (deflated 4%)
  adding: mnt/lsdi/ocm03321673-1051/ocm03321673/Output/ocm03321673_0212.tif (deflated 4%)
  adding: mnt/lsdi/ocm03321673-1051/ocm03321673/Output/ocm03321673_0213.tif (deflated 4%)
  adding: mnt/lsdi/ocm03321673-1051/ocm03321673/Output/ocm03321673_0214.tif (deflated 4%)
  adding: mnt/lsdi/ocm03321673-1051/ocm03321673/Output/ocm03321673_0215.tif (deflated 4%)
  adding: mnt/lsdi/ocm03321673-1051/ocm03321673/Output/ocm03321673_0216.tif (deflated 3%)
  adding: mnt/lsdi/ocm03321673-1051/ocm03321673/Output/ocm03321673_0217.tif (deflated 4%)
  adding: mnt/lsdi/ocm03321673-1051/ocm03321673/Output/ocm03321673_0218.tif (deflated 4%)
  adding: mnt/lsdi/ocm03321673-1051/ocm03321673/Output/ocm03321673_0219.tif (deflated 3%)
  adding: mnt/lsdi/ocm03321673-1051/ocm03321673/Output/ocm03321673_0220.tif (deflated 3%)
  adding: mnt/lsdi/ocm03321673-1051/ocm03321673/Output/ocm03321673_0221.tif (deflated 4%)
  adding: mnt/lsdi/ocm03321673-1051/ocm03321673/Output/ocm03321673_0222.tif (deflated 4%)
  adding: mnt/lsdi/ocm03321673-1051/ocm03321673/Output/ocm03321673_0223.tif (deflated 3%)
  adding: mnt/lsdi/ocm03321673-1051/ocm03321673/Output/ocm03321673_0224.tif (deflated 4%)
  adding: mnt/lsdi/ocm03321673-1051/ocm03321673/Output/ocm03321673_0225.tif (deflated 4%)
  adding: mnt/lsdi/ocm03321673-1051/ocm03321673/Output/ocm03321673_0226.tif (deflated 4%)
  adding: mnt/lsdi/ocm03321673-1051/ocm03321673/Output/ocm03321673_0227.tif (deflated 4%)
  adding: mnt/lsdi/ocm03321673-1051/ocm03321673/Output/ocm03321673_0228.tif (deflated 3%)
  adding: mnt/lsdi/ocm03321673-1051/ocm03321673/Output/ocm03321673_0229.tif (deflated 4%)
  adding: mnt/lsdi/ocm03321673-1051/ocm03321673/Output/ocm03321673_0230.tif (deflated 4%)
  adding: mnt/lsdi/ocm03321673-1051/ocm03321673/Output/ocm03321673_0231.tif (deflated 4%)
  adding: mnt/lsdi/ocm03321673-1051/ocm03321673/Output/ocm03321673_0232.tif (deflated 15%)
  adding: mnt/lsdi/ocm03321673-1051/ocm03321673/Output/ocm03321673_0233.tif (deflated 5%)
  adding: mnt/lsdi/ocm03321673-1051/ocm03321673/Output/ocm03321673_0234.tif (deflated 4%)
  adding: mnt/lsdi/ocm03321673-1051/ocm03321673/Output/ocm03321673_0235.tif (deflated 4%)
  adding: mnt/lsdi/ocm03321673-1051/ocm03321673/Output/ocm03321673_0236.tif (deflated 4%)
  adding: mnt/lsdi/ocm03321673-1051/ocm03321673/Output/ocm03321673_0237.tif (deflated 4%)
  adding: mnt/lsdi/ocm03321673-1051/ocm03321673/Output/ocm03321673_0238.tif (deflated 4%)
  adding: mnt/lsdi/ocm03321673-1051/ocm03321673/Output/ocm03321673_0239.tif (deflated 4%)
  adding: mnt/lsdi/ocm03321673-1051/ocm03321673/Output/ocm03321673_0240.tif (deflated 4%)
  adding: mnt/lsdi/ocm03321673-1051/ocm03321673/Output/ocm03321673_0241.tif (deflated 4%)
  adding: mnt/lsdi/ocm03321673-1051/ocm03321673/Output/ocm03321673_0242.tif (deflated 4%)
  adding: mnt/lsdi/ocm03321673-1051/ocm03321673/Output/ocm03321673_0243.tif (deflated 4%)
  adding: mnt/lsdi/ocm03321673-1051/ocm03321673/Output/ocm03321673_0244.tif (deflated 4%)
  adding: mnt/lsdi/ocm03321673-1051/ocm03321673/Output/ocm03321673_0245.tif (deflated 4%)
  adding: mnt/lsdi/ocm03321673-1051/ocm03321673/Output/ocm03321673_0246.tif (deflated 3%)
  adding: mnt/lsdi/ocm03321673-1051/ocm03321673/Output/ocm03321673_0247.tif (deflated 4%)
  adding: mnt/lsdi/ocm03321673-1051/ocm03321673/Output/ocm03321673_0248.tif (deflated 4%)
  adding: mnt/lsdi/ocm03321673-1051/ocm03321673/Output/ocm03321673_0249.tif (deflated 4%)
  adding: mnt/lsdi/ocm03321673-1051/ocm03321673/Output/ocm03321673_0250.tif (deflated 4%)
  adding: mnt/lsdi/ocm03321673-1051/ocm03321673/Output/ocm03321673_0251.tif (deflated 4%)
  adding: mnt/lsdi/ocm03321673-1051/ocm03321673/Output/ocm03321673_0252.tif (deflated 4%)
  adding: mnt/lsdi/ocm03321673-1051/ocm03321673/Output/ocm03321673_0253.tif (deflated 4%)
  adding: mnt/lsdi/ocm03321673-1051/ocm03321673/Output/ocm03321673_0254.tif (deflated 4%)
  adding: mnt/lsdi/ocm03321673-1051/ocm03321673/Output/ocm03321673_0255.tif (deflated 4%)
  adding: mnt/lsdi/ocm03321673-1051/ocm03321673/Output/ocm03321673_0256.tif (deflated 4%)
  adding: mnt/lsdi/ocm03321673-1051/ocm03321673/Output/ocm03321673_0257.tif (deflated 4%)
  adding: mnt/lsdi/ocm03321673-1051/ocm03321673/Output/ocm03321673_0258.tif (deflated 4%)
  adding: mnt/lsdi/ocm03321673-1051/ocm03321673/Output/ocm03321673_0259.tif (deflated 4%)
  adding: mnt/lsdi/ocm03321673-1051/ocm03321673/Output/ocm03321673_0260.tif (deflated 4%)
  adding: mnt/lsdi/ocm03321673-1051/ocm03321673/Output/ocm03321673_0261.tif (deflated 4%)
  adding: mnt/lsdi/ocm03321673-1051/ocm03321673/Output/ocm03321673_0262.tif (deflated 4%)
  adding: mnt/lsdi/ocm03321673-1051/ocm03321673/Output/ocm03321673_0263.tif (deflated 4%)
  adding: mnt/lsdi/ocm03321673-1051/ocm03321673/Output/ocm03321673_0264.tif (deflated 4%)
  adding: mnt/lsdi/ocm03321673-1051/ocm03321673/Output/ocm03321673_0265.tif (deflated 3%)
  adding: mnt/lsdi/ocm03321673-1051/ocm03321673/Output/ocm03321673_0266.tif (deflated 3%)
  adding: mnt/lsdi/ocm03321673-1051/ocm03321673/Output/ocm03321673_0267.tif (deflated 4%)
  adding: mnt/lsdi/ocm03321673-1051/ocm03321673/Output/ocm03321673_0268.tif (deflated 4%)
  adding: mnt/lsdi/ocm03321673-1051/ocm03321673/Output/ocm03321673_0269.tif (deflated 3%)
  adding: mnt/lsdi/ocm03321673-1051/ocm03321673/Output/ocm03321673_0270.tif (deflated 4%)
  adding: mnt/lsdi/ocm03321673-1051/ocm03321673/Output/ocm03321673_0271.tif (deflated 4%)
  adding: mnt/lsdi/ocm03321673-1051/ocm03321673/Output/ocm03321673_0272.tif (deflated 4%)
  adding: mnt/lsdi/ocm03321673-1051/ocm03321673/Output/ocm03321673_0273.tif (deflated 4%)
  adding: mnt/lsdi/ocm03321673-1051/ocm03321673/Output/ocm03321673_0274.tif (deflated 4%)
  adding: mnt/lsdi/ocm03321673-1051/ocm03321673/Output/ocm03321673_0275.tif (deflated 3%)
  adding: mnt/lsdi/ocm03321673-1051/ocm03321673/Output/ocm03321673_0276.tif (deflated 4%)
  adding: mnt/lsdi/ocm03321673-1051/ocm03321673/Output/ocm03321673_0277.tif (deflated 3%)
  adding: mnt/lsdi/ocm03321673-1051/ocm03321673/Output/ocm03321673_0278.tif (deflated 4%)
  adding: mnt/lsdi/ocm03321673-1051/ocm03321673/Output/ocm03321673_0279.tif (deflated 4%)
  adding: mnt/lsdi/ocm03321673-1051/ocm03321673/Output/ocm03321673_0280.tif (deflated 4%)
  adding: mnt/lsdi/ocm03321673-1051/ocm03321673/Output/ocm03321673_0281.tif (deflated 3%)
  adding: mnt/lsdi/ocm03321673-1051/ocm03321673/Output/ocm03321673_0282.tif (deflated 4%)
  adding: mnt/lsdi/ocm03321673-1051/ocm03321673/Output/ocm03321673_0283.tif (deflated 4%)
  adding: mnt/lsdi/ocm03321673-1051/ocm03321673/Output/ocm03321673_0284.tif (deflated 5%)
  adding: mnt/lsdi/ocm03321673-1051/ocm03321673/Output/ocm03321673_0285.tif (deflated 4%)
  adding: mnt/lsdi/ocm03321673-1051/ocm03321673/Output/ocm03321673_0286.tif (deflated 3%)
  adding: mnt/lsdi/ocm03321673-1051/ocm03321673/Output/ocm03321673_0287.tif (deflated 4%)
  adding: mnt/lsdi/ocm03321673-1051/ocm03321673/Output/ocm03321673_0288.tif (deflated 4%)
  adding: mnt/lsdi/ocm03321673-1051/ocm03321673/Output/ocm03321673_0289.tif (deflated 4%)
  adding: mnt/lsdi/ocm03321673-1051/ocm03321673/Output/ocm03321673_0290.tif (deflated 4%)
  adding: mnt/lsdi/ocm03321673-1051/ocm03321673/Output/ocm03321673_0291.tif (deflated 4%)
  adding: mnt/lsdi/ocm03321673-1051/ocm03321673/Output/ocm03321673_0292.tif (deflated 4%)
  adding: mnt/lsdi/ocm03321673-1051/ocm03321673/Output/ocm03321673_0293.tif (deflated 3%)
  adding: mnt/lsdi/ocm03321673-1051/ocm03321673/Output/ocm03321673_0294.tif (deflated 4%)
  adding: mnt/lsdi/ocm03321673-1051/ocm03321673/Output/ocm03321673_0295.tif (deflated 4%)
  adding: mnt/lsdi/ocm03321673-1051/ocm03321673/Output/ocm03321673_0296.tif (deflated 4%)
  adding: mnt/lsdi/ocm03321673-1051/ocm03321673/Output/ocm03321673_0297.tif (deflated 3%)
  adding: mnt/lsdi/ocm03321673-1051/ocm03321673/Output/ocm03321673_0298.tif (deflated 4%)
  adding: mnt/lsdi/ocm03321673-1051/ocm03321673/Output/ocm03321673_0299.tif (deflated 4%)
  adding: mnt/lsdi/ocm03321673-1051/ocm03321673/Output/ocm03321673_0300.tif (deflated 3%)
  adding: mnt/lsdi/ocm03321673-1051/ocm03321673/Output/ocm03321673_0301.tif (deflated 4%)
  adding: mnt/lsdi/ocm03321673-1051/ocm03321673/Output/ocm03321673_0302.tif (deflated 4%)
  adding: mnt/lsdi/ocm03321673-1051/ocm03321673/Output/ocm03321673_0303.tif (deflated 4%)
  adding: mnt/lsdi/ocm03321673-1051/ocm03321673/Output/ocm03321673_0304.tif (deflated 4%)
  adding: mnt/lsdi/ocm03321673-1051/ocm03321673/Output/ocm03321673_0305.tif (deflated 4%)
  adding: mnt/lsdi/ocm03321673-1051/ocm03321673/Output/ocm03321673_0306.tif (deflated 3%)
  adding: mnt/lsdi/ocm03321673-1051/ocm03321673/Output/ocm03321673_0307.tif (deflated 4%)
  adding: mnt/lsdi/ocm03321673-1051/ocm03321673/Output/ocm03321673_0308.tif (deflated 4%)
  adding: mnt/lsdi/ocm03321673-1051/ocm03321673/Output/ocm03321673_0309.tif (deflated 3%)
  adding: mnt/lsdi/ocm03321673-1051/ocm03321673/Output/ocm03321673_0310.tif (deflated 4%)
  adding: mnt/lsdi/ocm03321673-1051/ocm03321673/Output/ocm03321673_0311.tif (deflated 7%)
  adding: mnt/lsdi/ocm03321673-1051/ocm03321673/Output/ocm03321673_0312.tif (deflated 9%)
  adding: mnt/lsdi/ocm03321673-1051/ocm03321673/Output/ocm03321673_0313.tif (deflated 81%)
  adding: mnt/lsdi/ocm03321673-1051/ocm03321673/Output/ocm03321673_0314.tif (deflated 5%)
  adding: mnt/lsdi/ocm03321673-1051/ocm03321673/Output/ocm03321673_0315.tif (deflated 81%)
  adding: mnt/lsdi/ocm03321673-1051/ocm03321673/Output/ocm03321673_0316.tif (deflated 4%)
  adding: mnt/lsdi/ocm03321673-1051/ocm03321673/Output/ocm03321673_0317.tif (deflated 5%)
  adding: mnt/lsdi/ocm03321673-1051/ocm03321673/Output/ocm03321673_0318.tif (deflated 4%)
  adding: mnt/lsdi/ocm03321673-1051/ocm03321673/Output/ocm03321673_0319.tif (deflated 4%)
  adding: mnt/lsdi/ocm03321673-1051/ocm03321673/Output/ocm03321673_0320.tif (deflated 4%)
  adding: mnt/lsdi/ocm03321673-1051/ocm03321673/Output/ocm03321673_0321.tif (deflated 4%)
  adding: mnt/lsdi/ocm03321673-1051/ocm03321673/Output/ocm03321673_0322.tif (deflated 4%)
  adding: mnt/lsdi/ocm03321673-1051/ocm03321673/Output/ocm03321673_0323.tif (deflated 4%)
  adding: mnt/lsdi/ocm03321673-1051/ocm03321673/Output/ocm03321673_0324.tif (deflated 4%)
  adding: mnt/lsdi/ocm03321673-1051/ocm03321673/Output/ocm03321673_0325.tif (deflated 4%)
  adding: mnt/lsdi/ocm03321673-1051/ocm03321673/Output/ocm03321673_0326.tif (deflated 4%)
  adding: mnt/lsdi/ocm03321673-1051/ocm03321673/Output/ocm03321673_0327.tif (deflated 4%)
  adding: mnt/lsdi/ocm03321673-1051/ocm03321673/Output/ocm03321673_0328.tif (deflated 3%)
  adding: mnt/lsdi/ocm03321673-1051/ocm03321673/Output/ocm03321673_0329.tif (deflated 4%)
  adding: mnt/lsdi/ocm03321673-1051/ocm03321673/Output/ocm03321673_0330.tif (deflated 4%)
  adding: mnt/lsdi/ocm03321673-1051/ocm03321673/Output/ocm03321673_0331.tif (deflated 4%)
  adding: mnt/lsdi/ocm03321673-1051/ocm03321673/Output/ocm03321673_0332.tif (deflated 4%)
  adding: mnt/lsdi/ocm03321673-1051/ocm03321673/Output/ocm03321673_0333.tif (deflated 4%)
  adding: mnt/lsdi/ocm03321673-1051/ocm03321673/Output/ocm03321673_0334.tif (deflated 4%)
  adding: mnt/lsdi/ocm03321673-1051/ocm03321673/Output/ocm03321673_0335.tif (deflated 4%)
  adding: mnt/lsdi/ocm03321673-1051/ocm03321673/Output/ocm03321673_0336.tif (deflated 4%)
  adding: mnt/lsdi/ocm03321673-1051/ocm03321673/Output/ocm03321673_0337.tif (deflated 4%)
  adding: mnt/lsdi/ocm03321673-1051/ocm03321673/Output/ocm03321673_0338.tif (deflated 4%)
  adding: mnt/lsdi/ocm03321673-1051/ocm03321673/Output/ocm03321673_0339.tif (deflated 4%)
  adding: mnt/lsdi/ocm03321673-1051/ocm03321673/Output/ocm03321673_0340.tif (deflated 4%)
  adding: mnt/lsdi/ocm03321673-1051/ocm03321673/Output/ocm03321673_0341.tif (deflated 4%)
  adding: mnt/lsdi/ocm03321673-1051/ocm03321673/Output/ocm03321673_0342.tif (deflated 3%)
  adding: mnt/lsdi/ocm03321673-1051/ocm03321673/Output/ocm03321673_0343.tif (deflated 4%)
  adding: mnt/lsdi/ocm03321673-1051/ocm03321673/Output/ocm03321673_0344.tif (deflated 4%)
  adding: mnt/lsdi/ocm03321673-1051/ocm03321673/Output/ocm03321673_0345.tif (deflated 4%)
  adding: mnt/lsdi/ocm03321673-1051/ocm03321673/Output/ocm03321673_0346.tif (deflated 4%)
  adding: mnt/lsdi/ocm03321673-1051/ocm03321673/Output/ocm03321673_0347.tif (deflated 4%)
  adding: mnt/lsdi/ocm03321673-1051/ocm03321673/Output/ocm03321673_0348.tif (deflated 4%)
  adding: mnt/lsdi/ocm03321673-1051/ocm03321673/Output/ocm03321673_0349.tif (deflated 4%)
  adding: mnt/lsdi/ocm03321673-1051/ocm03321673/Output/ocm03321673_0350.tif (deflated 4%)
  adding: mnt/lsdi/ocm03321673-1051/ocm03321673/Output/ocm03321673_0351.tif (deflated 4%)
  adding: mnt/lsdi/ocm03321673-1051/ocm03321673/Output/ocm03321673_0352.tif (deflated 4%)
  adding: mnt/lsdi/ocm03321673-1051/ocm03321673/Output/ocm03321673_0353.tif (deflated 4%)
  adding: mnt/lsdi/ocm03321673-1051/ocm03321673/Output/ocm03321673_0354.tif (deflated 4%)
  adding: mnt/lsdi/ocm03321673-1051/ocm03321673/Output/ocm03321673_0355.tif (deflated 4%)
  adding: mnt/lsdi/ocm03321673-1051/ocm03321673/Output/ocm03321673_0356.tif (deflated 4%)
  adding: mnt/lsdi/ocm03321673-1051/ocm03321673/Output/ocm03321673_0357.tif (deflated 4%)
  adding: mnt/lsdi/ocm03321673-1051/ocm03321673/Output/ocm03321673_0358.tif (deflated 4%)
  adding: mnt/lsdi/ocm03321673-1051/ocm03321673/Output/ocm03321673_0359.tif (deflated 4%)
  adding: mnt/lsdi/ocm03321673-1051/ocm03321673/Output/ocm03321673_0360.tif (deflated 4%)
  adding: mnt/lsdi/ocm03321673-1051/ocm03321673/Output/ocm03321673_0361.tif (deflated 4%)
  adding: mnt/lsdi/ocm03321673-1051/ocm03321673/Output/ocm03321673_0362.tif (deflated 4%)
  adding: mnt/lsdi/ocm03321673-1051/ocm03321673/Output/ocm03321673_0363.tif (deflated 7%)
  adding: mnt/lsdi/ocm03321673-1051/ocm03321673/Output/ocm03321673_0364.tif (deflated 3%)
  adding: mnt/lsdi/ocm03321673-1051/ocm03321673/Output/ocm03321673_0365.tif (deflated 3%)
  adding: mnt/lsdi/ocm03321673-1051/ocm03321673/Output/ocm03321673_0366.tif (deflated 3%)
  adding: mnt/lsdi/ocm03321673-1051/ocm03321673/Output/ocm03321673_0367.tif (deflated 3%)
  adding: mnt/lsdi/ocm03321673-1051/ocm03321673/Output/ocm03321673_0368.tif (deflated 3%)
  adding: mnt/lsdi/ocm03321673-1051/ocm03321673/Output/ocm03321673_0369.tif (deflated 3%)
  adding: mnt/lsdi/ocm03321673-1051/ocm03321673/Output/ocm03321673_0370.tif (deflated 3%)
  adding: mnt/lsdi/ocm03321673-1051/ocm03321673/Output/ocm03321673_0371.tif (deflated 3%)
  adding: mnt/lsdi/ocm03321673-1051/ocm03321673/Output/ocm03321673_0372.tif (deflated 3%)
  adding: mnt/lsdi/ocm03321673-1051/ocm03321673/Output/ocm03321673_0373.tif (deflated 3%)
  adding: mnt/lsdi/ocm03321673-1051/ocm03321673/Output/ocm03321673_0374.tif (deflated 81%)
  adding: mnt/lsdi/ocm03321673-1051/ocm03321673/Output/ocm03321673_0375.tif (deflated 81%)
  adding: mnt/lsdi/ocm03321673-1051/ocm03321673/Output/ocm03321673_0376.tif (deflated 4%)
  adding: mnt/lsdi/ocm03321673-1051/ocm03321673/Output/ocm03321673_0377.tif (deflated 81%)
  adding: mnt/lsdi/ocm03321673-1051/ocm03321673/Output/ocm03321673_0378.tif (deflated 3%)
  adding: mnt/lsdi/ocm03321673-1051/ocm03321673/Output/ocm03321673_0379.tif (deflated 3%)
  adding: mnt/lsdi/ocm03321673-1051/ocm03321673/Output/ocm03321673_0380.tif (deflated 3%)
  adding: mnt/lsdi/ocm03321673-1051/ocm03321673/Output/ocm03321673_0381.tif (deflated 3%)
  adding: mnt/lsdi/ocm03321673-1051/ocm03321673/Output/ocm03321673_0382.tif (deflated 3%)
  adding: mnt/lsdi/ocm03321673-1051/ocm03321673/Output/ocm03321673_0383.tif (deflated 3%)
  adding: mnt/lsdi/ocm03321673-1051/ocm03321673/Output/ocm03321673_0384.tif (deflated 4%)
  adding: mnt/lsdi/ocm03321673-1051/ocm03321673/Output/ocm03321673_0385.tif (deflated 3%)
  adding: mnt/lsdi/ocm03321673-1051/ocm03321673/Output/ocm03321673_0386.tif (deflated 3%)
  adding: mnt/lsdi/ocm03321673-1051/ocm03321673/Output/ocm03321673_0387.tif (deflated 5%)
  adding: mnt/lsdi/ocm03321673-1051/ocm03321673/Output/ocm03321673_0388.tif (deflated 4%)
  adding: mnt/lsdi/ocm03321673-1051/ocm03321673/Output/ocm03321673_0389.tif (deflated 4%)
  adding: mnt/lsdi/ocm03321673-1051/ocm03321673/Output/ocm03321673_0390.tif (deflated 3%)
  adding: mnt/lsdi/ocm03321673-1051/ocm03321673/Output/ocm03321673_0391.tif (deflated 3%)
  adding: mnt/lsdi/ocm03321673-1051/ocm03321673/Output/ocm03321673_0392.tif (deflated 81%)
curl --location --header authorization: LOW fpJYfLnxbLmCEHqU:JQbq6NgBaPrSh98Y --upload-file /temp/ocm03321673_1051_images.zip http://s3.us.archive.org/03321673.1051.emory.edu/03321673_1051_images.zip
  % Total    % Received % Xferd  Average Speed   Time    Time     Time  Current
                                 Dload  Upload   Total   Spent    Left  Speed
  0     0    0     0    0     0      0      0 --:--:-- --:--:-- --:--:--     0  0 17.4M    0     0    0     0      0      0 --:--:--  0:00:01 --:--:--     0  0 17.4M    0     0    0 98304      0  81230  0:03:45  0:00:01  0:03:44 86383  5 17.4M    0     0    5 1040k      0   472k  0:00:37  0:00:02  0:00:35  488k 10 17.4M    0     0   10 1920k      0   601k  0:00:29  0:00:03  0:00:26  615k 15 17.4M    0     0   15 2832k      0   677k  0:00:26  0:00:04  0:00:22  688k 19 17.4M    0     0   19 3472k      0   667k  0:00:26  0:00:05  0:00:21  841k 23 17.4M    0     0   23 4176k      0   674k  0:00:26  0:00:06  0:00:20  818k 27 17.4M    0     0   27 4864k      0   677k  0:00:26  0:00:07  0:00:19  767k 31 17.4M    0     0   31 5568k      0   680k  0:00:26  0:00:08  0:00:18  730k 35 17.4M    0     0   35 6304k      0   686k  0:00:26  0:00:09  0:00:17  693k 40 17.4M    0     0   40 7184k      0   704k  0:00:25  0:00:10  0:00:15  743k 45 17.4M    0     0   45 8064k      0   720k  0:00:24  0:00:11  0:00:13  779k 50 17.4M    0     0   50 8928k      0   732k  0:00:24  0:00:12  0:00:12  812k 55 17.4M    0     0   55 9840k      0   743k  0:00:24  0:00:13  0:00:11  846k 60 17.4M    0     0   60 10.4M      0   753k  0:00:23  0:00:14  0:00:09  875k 64 17.4M    0     0   64 11.2M      0   757k  0:00:23  0:00:15  0:00:08  865k 69 17.4M    0     0   69 12.0M      0   761k  0:00:23  0:00:16  0:00:07  851k 74 17.4M    0     0   74 12.9M      0   767k  0:00:23  0:00:17  0:00:06  852k 78 17.4M    0     0   78 13.7M      0   774k  0:00:23  0:00:18  0:00:05  855k 83 17.4M    0     0   83 14.5M      0   777k  0:00:22  0:00:19  0:00:03  846k 88 17.4M    0     0   88 15.4M      0   781k  0:00:22  0:00:20  0:00:02  854k 93 17.4M    0     0   93 16.2M      0   785k  0:00:22  0:00:21  0:00:01  864k 98 17.4M    0     0   98 17.1M      0   790k  0:00:22  0:00:22 --:--:--  867k100 17.4M    0     0  100 17.4M      0   758k  0:00:23  0:00:23 --:--:--  704k100 17.4M    0     0  100 17.4M      0   750k  0:00:23  0:00:23 --:--:--  637k
