Bucket ID will be 01702954.emory.edu
curl --location --header x-amz-auto-make-bucket:1 --header x-archive-ignore-preexisting-bucket:1 --header x-archive-queue-derive:0 --header x-archive-meta-mediatype:texts --header x-archive-meta03-collection:emory --header x-archive-meta01-collection:americanmethodism --header x-archive-meta-sponsor:Emory University, Pitts Theology Library --header x-archive-meta-contributor:Emory University, Pitts Theology Library --header x-archive-meta-ppi:300 --header authorization: LOW fpJYfLnxbLmCEHqU:JQbq6NgBaPrSh98Y --upload-file /mnt/lsdi/ocm01702954-1672/ocm01702954/ocm01702954_MRC.xml http://s3.us.archive.org/01702954.1672.emory.edu/01702954.1672.emory.edu_marc.xml
  % Total    % Received % Xferd  Average Speed   Time    Time     Time  Current
                                 Dload  Upload   Total   Spent    Left  Speed
  0     0    0     0    0     0      0      0 --:--:-- --:--:-- --:--:--     0  0  4100    0     0    0     0      0      0 --:--:-- --:--:-- --:--:--     0100  4100    0     0  100  4100      0   2289  0:00:01  0:00:01 --:--:--  2392
zip -r /temp/ocm01702954_1672_images.zip /mnt/lsdi/ocm01702954-1672/ocm01702954/Output/0001.tif /mnt/lsdi/ocm01702954-1672/ocm01702954/Output/0002.tif /mnt/lsdi/ocm01702954-1672/ocm01702954/Output/0003.tif /mnt/lsdi/ocm01702954-1672/ocm01702954/Output/0004.tif /mnt/lsdi/ocm01702954-1672/ocm01702954/Output/0005.tif /mnt/lsdi/ocm01702954-1672/ocm01702954/Output/0006.tif /mnt/lsdi/ocm01702954-1672/ocm01702954/Output/0007.tif /mnt/lsdi/ocm01702954-1672/ocm01702954/Output/0008.tif /mnt/lsdi/ocm01702954-1672/ocm01702954/Output/0009.tif /mnt/lsdi/ocm01702954-1672/ocm01702954/Output/0010.tif /mnt/lsdi/ocm01702954-1672/ocm01702954/Output/0011.tif /mnt/lsdi/ocm01702954-1672/ocm01702954/Output/0012.tif /mnt/lsdi/ocm01702954-1672/ocm01702954/Output/0013.tif /mnt/lsdi/ocm01702954-1672/ocm01702954/Output/0014.tif /mnt/lsdi/ocm01702954-1672/ocm01702954/Output/0015.tif /mnt/lsdi/ocm01702954-1672/ocm01702954/Output/0016.tif /mnt/lsdi/ocm01702954-1672/ocm01702954/Output/0017.tif /mnt/lsdi/ocm01702954-1672/ocm01702954/Output/0018.tif /mnt/lsdi/ocm01702954-1672/ocm01702954/Output/0019.tif /mnt/lsdi/ocm01702954-1672/ocm01702954/Output/0020.tif /mnt/lsdi/ocm01702954-1672/ocm01702954/Output/0021.tif /mnt/lsdi/ocm01702954-1672/ocm01702954/Output/0022.tif /mnt/lsdi/ocm01702954-1672/ocm01702954/Output/0023.tif /mnt/lsdi/ocm01702954-1672/ocm01702954/Output/0024.tif /mnt/lsdi/ocm01702954-1672/ocm01702954/Output/0025.tif /mnt/lsdi/ocm01702954-1672/ocm01702954/Output/0026.tif /mnt/lsdi/ocm01702954-1672/ocm01702954/Output/0027.tif /mnt/lsdi/ocm01702954-1672/ocm01702954/Output/0028.tif /mnt/lsdi/ocm01702954-1672/ocm01702954/Output/0029.tif /mnt/lsdi/ocm01702954-1672/ocm01702954/Output/0030.tif /mnt/lsdi/ocm01702954-1672/ocm01702954/Output/0031.tif /mnt/lsdi/ocm01702954-1672/ocm01702954/Output/0032.tif /mnt/lsdi/ocm01702954-1672/ocm01702954/Output/0033.tif /mnt/lsdi/ocm01702954-1672/ocm01702954/Output/0034.tif /mnt/lsdi/ocm01702954-1672/ocm01702954/Output/0035.tif /mnt/lsdi/ocm01702954-1672/ocm01702954/Output/0036.tif /mnt/lsdi/ocm01702954-1672/ocm01702954/Output/0037.tif /mnt/lsdi/ocm01702954-1672/ocm01702954/Output/0038.tif /mnt/lsdi/ocm01702954-1672/ocm01702954/Output/0039.tif /mnt/lsdi/ocm01702954-1672/ocm01702954/Output/0040.tif /mnt/lsdi/ocm01702954-1672/ocm01702954/Output/0041.tif /mnt/lsdi/ocm01702954-1672/ocm01702954/Output/0042.tif /mnt/lsdi/ocm01702954-1672/ocm01702954/Output/0043.tif /mnt/lsdi/ocm01702954-1672/ocm01702954/Output/0044.tif /mnt/lsdi/ocm01702954-1672/ocm01702954/Output/0045.tif /mnt/lsdi/ocm01702954-1672/ocm01702954/Output/0046.tif /mnt/lsdi/ocm01702954-1672/ocm01702954/Output/0047.tif /mnt/lsdi/ocm01702954-1672/ocm01702954/Output/0048.tif /mnt/lsdi/ocm01702954-1672/ocm01702954/Output/0049.tif /mnt/lsdi/ocm01702954-1672/ocm01702954/Output/0050.tif /mnt/lsdi/ocm01702954-1672/ocm01702954/Output/0051.tif /mnt/lsdi/ocm01702954-1672/ocm01702954/Output/0052.tif /mnt/lsdi/ocm01702954-1672/ocm01702954/Output/0053.tif /mnt/lsdi/ocm01702954-1672/ocm01702954/Output/0054.tif /mnt/lsdi/ocm01702954-1672/ocm01702954/Output/0055.tif /mnt/lsdi/ocm01702954-1672/ocm01702954/Output/0056.tif /mnt/lsdi/ocm01702954-1672/ocm01702954/Output/0057.tif /mnt/lsdi/ocm01702954-1672/ocm01702954/Output/0058.tif /mnt/lsdi/ocm01702954-1672/ocm01702954/Output/0059.tif /mnt/lsdi/ocm01702954-1672/ocm01702954/Output/0060.tif /mnt/lsdi/ocm01702954-1672/ocm01702954/Output/0061.tif /mnt/lsdi/ocm01702954-1672/ocm01702954/Output/0062.tif /mnt/lsdi/ocm01702954-1672/ocm01702954/Output/0063.tif /mnt/lsdi/ocm01702954-1672/ocm01702954/Output/0064.tif /mnt/lsdi/ocm01702954-1672/ocm01702954/Output/0065.tif /mnt/lsdi/ocm01702954-1672/ocm01702954/Output/0066.tif /mnt/lsdi/ocm01702954-1672/ocm01702954/Output/0067.tif /mnt/lsdi/ocm01702954-1672/ocm01702954/Output/0068.tif /mnt/lsdi/ocm01702954-1672/ocm01702954/Output/0069.tif /mnt/lsdi/ocm01702954-1672/ocm01702954/Output/0070.tif /mnt/lsdi/ocm01702954-1672/ocm01702954/Output/0071.tif /mnt/lsdi/ocm01702954-1672/ocm01702954/Output/0072.tif /mnt/lsdi/ocm01702954-1672/ocm01702954/Output/0073.tif /mnt/lsdi/ocm01702954-1672/ocm01702954/Output/0074.tif /mnt/lsdi/ocm01702954-1672/ocm01702954/Output/0075.tif /mnt/lsdi/ocm01702954-1672/ocm01702954/Output/0076.tif /mnt/lsdi/ocm01702954-1672/ocm01702954/Output/0077.tif /mnt/lsdi/ocm01702954-1672/ocm01702954/Output/0078.tif /mnt/lsdi/ocm01702954-1672/ocm01702954/Output/0079.tif /mnt/lsdi/ocm01702954-1672/ocm01702954/Output/0080.tif /mnt/lsdi/ocm01702954-1672/ocm01702954/Output/0081.tif /mnt/lsdi/ocm01702954-1672/ocm01702954/Output/0082.tif /mnt/lsdi/ocm01702954-1672/ocm01702954/Output/0083.tif /mnt/lsdi/ocm01702954-1672/ocm01702954/Output/0084.tif /mnt/lsdi/ocm01702954-1672/ocm01702954/Output/0085.tif /mnt/lsdi/ocm01702954-1672/ocm01702954/Output/0086.tif /mnt/lsdi/ocm01702954-1672/ocm01702954/Output/0087.tif /mnt/lsdi/ocm01702954-1672/ocm01702954/Output/0088.tif /mnt/lsdi/ocm01702954-1672/ocm01702954/Output/0089.tif /mnt/lsdi/ocm01702954-1672/ocm01702954/Output/0090.tif /mnt/lsdi/ocm01702954-1672/ocm01702954/Output/0091.tif /mnt/lsdi/ocm01702954-1672/ocm01702954/Output/0092.tif /mnt/lsdi/ocm01702954-1672/ocm01702954/Output/0093.tif /mnt/lsdi/ocm01702954-1672/ocm01702954/Output/0094.tif /mnt/lsdi/ocm01702954-1672/ocm01702954/Output/0095.tif /mnt/lsdi/ocm01702954-1672/ocm01702954/Output/0096.tif /mnt/lsdi/ocm01702954-1672/ocm01702954/Output/0097.tif /mnt/lsdi/ocm01702954-1672/ocm01702954/Output/0098.tif /mnt/lsdi/ocm01702954-1672/ocm01702954/Output/0099.tif /mnt/lsdi/ocm01702954-1672/ocm01702954/Output/0100.tif /mnt/lsdi/ocm01702954-1672/ocm01702954/Output/0101.tif /mnt/lsdi/ocm01702954-1672/ocm01702954/Output/0102.tif /mnt/lsdi/ocm01702954-1672/ocm01702954/Output/0103.tif /mnt/lsdi/ocm01702954-1672/ocm01702954/Output/0104.tif /mnt/lsdi/ocm01702954-1672/ocm01702954/Output/0105.tif /mnt/lsdi/ocm01702954-1672/ocm01702954/Output/0106.tif /mnt/lsdi/ocm01702954-1672/ocm01702954/Output/0107.tif /mnt/lsdi/ocm01702954-1672/ocm01702954/Output/0108.tif /mnt/lsdi/ocm01702954-1672/ocm01702954/Output/0109.tif /mnt/lsdi/ocm01702954-1672/ocm01702954/Output/0110.tif /mnt/lsdi/ocm01702954-1672/ocm01702954/Output/0111.tif /mnt/lsdi/ocm01702954-1672/ocm01702954/Output/0112.tif /mnt/lsdi/ocm01702954-1672/ocm01702954/Output/0113.tif /mnt/lsdi/ocm01702954-1672/ocm01702954/Output/0114.tif /mnt/lsdi/ocm01702954-1672/ocm01702954/Output/0115.tif /mnt/lsdi/ocm01702954-1672/ocm01702954/Output/0116.tif /mnt/lsdi/ocm01702954-1672/ocm01702954/Output/0117.tif /mnt/lsdi/ocm01702954-1672/ocm01702954/Output/0118.tif /mnt/lsdi/ocm01702954-1672/ocm01702954/Output/0119.tif /mnt/lsdi/ocm01702954-1672/ocm01702954/Output/0120.tif /mnt/lsdi/ocm01702954-1672/ocm01702954/Output/0121.tif /mnt/lsdi/ocm01702954-1672/ocm01702954/Output/0122.tif /mnt/lsdi/ocm01702954-1672/ocm01702954/Output/0123.tif /mnt/lsdi/ocm01702954-1672/ocm01702954/Output/0124.tif /mnt/lsdi/ocm01702954-1672/ocm01702954/Output/0125.tif /mnt/lsdi/ocm01702954-1672/ocm01702954/Output/0126.tif /mnt/lsdi/ocm01702954-1672/ocm01702954/Output/0127.tif /mnt/lsdi/ocm01702954-1672/ocm01702954/Output/0128.tif /mnt/lsdi/ocm01702954-1672/ocm01702954/Output/0129.tif /mnt/lsdi/ocm01702954-1672/ocm01702954/Output/0130.tif /mnt/lsdi/ocm01702954-1672/ocm01702954/Output/0131.tif /mnt/lsdi/ocm01702954-1672/ocm01702954/Output/0132.tif /mnt/lsdi/ocm01702954-1672/ocm01702954/Output/0133.tif /mnt/lsdi/ocm01702954-1672/ocm01702954/Output/0134.tif /mnt/lsdi/ocm01702954-1672/ocm01702954/Output/0135.tif /mnt/lsdi/ocm01702954-1672/ocm01702954/Output/0136.tif /mnt/lsdi/ocm01702954-1672/ocm01702954/Output/0137.tif /mnt/lsdi/ocm01702954-1672/ocm01702954/Output/0138.tif /mnt/lsdi/ocm01702954-1672/ocm01702954/Output/0139.tif /mnt/lsdi/ocm01702954-1672/ocm01702954/Output/0140.tif /mnt/lsdi/ocm01702954-1672/ocm01702954/Output/0141.tif /mnt/lsdi/ocm01702954-1672/ocm01702954/Output/0142.tif /mnt/lsdi/ocm01702954-1672/ocm01702954/Output/0143.tif /mnt/lsdi/ocm01702954-1672/ocm01702954/Output/0144.tif /mnt/lsdi/ocm01702954-1672/ocm01702954/Output/0145.tif /mnt/lsdi/ocm01702954-1672/ocm01702954/Output/0146.tif /mnt/lsdi/ocm01702954-1672/ocm01702954/Output/0147.tif /mnt/lsdi/ocm01702954-1672/ocm01702954/Output/0148.tif /mnt/lsdi/ocm01702954-1672/ocm01702954/Output/0149.tif /mnt/lsdi/ocm01702954-1672/ocm01702954/Output/0150.tif /mnt/lsdi/ocm01702954-1672/ocm01702954/Output/0151.tif /mnt/lsdi/ocm01702954-1672/ocm01702954/Output/0152.tif /mnt/lsdi/ocm01702954-1672/ocm01702954/Output/0153.tif /mnt/lsdi/ocm01702954-1672/ocm01702954/Output/0154.tif /mnt/lsdi/ocm01702954-1672/ocm01702954/Output/0155.tif /mnt/lsdi/ocm01702954-1672/ocm01702954/Output/0156.tif /mnt/lsdi/ocm01702954-1672/ocm01702954/Output/0157.tif /mnt/lsdi/ocm01702954-1672/ocm01702954/Output/0158.tif /mnt/lsdi/ocm01702954-1672/ocm01702954/Output/0159.tif /mnt/lsdi/ocm01702954-1672/ocm01702954/Output/0160.tif /mnt/lsdi/ocm01702954-1672/ocm01702954/Output/0161.tif /mnt/lsdi/ocm01702954-1672/ocm01702954/Output/0162.tif /mnt/lsdi/ocm01702954-1672/ocm01702954/Output/0163.tif /mnt/lsdi/ocm01702954-1672/ocm01702954/Output/0164.tif /mnt/lsdi/ocm01702954-1672/ocm01702954/Output/0165.tif /mnt/lsdi/ocm01702954-1672/ocm01702954/Output/0166.tif /mnt/lsdi/ocm01702954-1672/ocm01702954/Output/0167.tif /mnt/lsdi/ocm01702954-1672/ocm01702954/Output/0168.tif /mnt/lsdi/ocm01702954-1672/ocm01702954/Output/0169.tif /mnt/lsdi/ocm01702954-1672/ocm01702954/Output/0170.tif /mnt/lsdi/ocm01702954-1672/ocm01702954/Output/0171.tif /mnt/lsdi/ocm01702954-1672/ocm01702954/Output/0172.tif /mnt/lsdi/ocm01702954-1672/ocm01702954/Output/0173.tif /mnt/lsdi/ocm01702954-1672/ocm01702954/Output/0174.tif /mnt/lsdi/ocm01702954-1672/ocm01702954/Output/0175.tif /mnt/lsdi/ocm01702954-1672/ocm01702954/Output/0176.tif /mnt/lsdi/ocm01702954-1672/ocm01702954/Output/0177.tif /mnt/lsdi/ocm01702954-1672/ocm01702954/Output/0178.tif /mnt/lsdi/ocm01702954-1672/ocm01702954/Output/0179.tif /mnt/lsdi/ocm01702954-1672/ocm01702954/Output/0180.tif /mnt/lsdi/ocm01702954-1672/ocm01702954/Output/0181.tif /mnt/lsdi/ocm01702954-1672/ocm01702954/Output/0182.tif /mnt/lsdi/ocm01702954-1672/ocm01702954/Output/0183.tif /mnt/lsdi/ocm01702954-1672/ocm01702954/Output/0184.tif /mnt/lsdi/ocm01702954-1672/ocm01702954/Output/0185.tif /mnt/lsdi/ocm01702954-1672/ocm01702954/Output/0186.tif /mnt/lsdi/ocm01702954-1672/ocm01702954/Output/0187.tif /mnt/lsdi/ocm01702954-1672/ocm01702954/Output/0188.tif /mnt/lsdi/ocm01702954-1672/ocm01702954/Output/0189.tif /mnt/lsdi/ocm01702954-1672/ocm01702954/Output/0190.tif /mnt/lsdi/ocm01702954-1672/ocm01702954/Output/0191.tif /mnt/lsdi/ocm01702954-1672/ocm01702954/Output/0192.tif /mnt/lsdi/ocm01702954-1672/ocm01702954/Output/0193.tif /mnt/lsdi/ocm01702954-1672/ocm01702954/Output/0194.tif /mnt/lsdi/ocm01702954-1672/ocm01702954/Output/0195.tif /mnt/lsdi/ocm01702954-1672/ocm01702954/Output/0196.tif /mnt/lsdi/ocm01702954-1672/ocm01702954/Output/0197.tif /mnt/lsdi/ocm01702954-1672/ocm01702954/Output/0198.tif /mnt/lsdi/ocm01702954-1672/ocm01702954/Output/0199.tif /mnt/lsdi/ocm01702954-1672/ocm01702954/Output/0200.tif /mnt/lsdi/ocm01702954-1672/ocm01702954/Output/0201.tif /mnt/lsdi/ocm01702954-1672/ocm01702954/Output/0202.tif /mnt/lsdi/ocm01702954-1672/ocm01702954/Output/0203.tif /mnt/lsdi/ocm01702954-1672/ocm01702954/Output/0204.tif /mnt/lsdi/ocm01702954-1672/ocm01702954/Output/0205.tif /mnt/lsdi/ocm01702954-1672/ocm01702954/Output/0206.tif /mnt/lsdi/ocm01702954-1672/ocm01702954/Output/0207.tif /mnt/lsdi/ocm01702954-1672/ocm01702954/Output/0208.tif /mnt/lsdi/ocm01702954-1672/ocm01702954/Output/0209.tif /mnt/lsdi/ocm01702954-1672/ocm01702954/Output/0210.tif /mnt/lsdi/ocm01702954-1672/ocm01702954/Output/0211.tif /mnt/lsdi/ocm01702954-1672/ocm01702954/Output/0212.tif /mnt/lsdi/ocm01702954-1672/ocm01702954/Output/0213.tif /mnt/lsdi/ocm01702954-1672/ocm01702954/Output/0214.tif /mnt/lsdi/ocm01702954-1672/ocm01702954/Output/0215.tif /mnt/lsdi/ocm01702954-1672/ocm01702954/Output/0216.tif /mnt/lsdi/ocm01702954-1672/ocm01702954/Output/0217.tif /mnt/lsdi/ocm01702954-1672/ocm01702954/Output/0218.tif /mnt/lsdi/ocm01702954-1672/ocm01702954/Output/0219.tif /mnt/lsdi/ocm01702954-1672/ocm01702954/Output/0220.tif /mnt/lsdi/ocm01702954-1672/ocm01702954/Output/0221.tif /mnt/lsdi/ocm01702954-1672/ocm01702954/Output/0222.tif /mnt/lsdi/ocm01702954-1672/ocm01702954/Output/0223.tif /mnt/lsdi/ocm01702954-1672/ocm01702954/Output/0224.tif /mnt/lsdi/ocm01702954-1672/ocm01702954/Output/0225.tif /mnt/lsdi/ocm01702954-1672/ocm01702954/Output/0226.tif /mnt/lsdi/ocm01702954-1672/ocm01702954/Output/0227.tif /mnt/lsdi/ocm01702954-1672/ocm01702954/Output/0228.tif /mnt/lsdi/ocm01702954-1672/ocm01702954/Output/0229.tif /mnt/lsdi/ocm01702954-1672/ocm01702954/Output/0230.tif /mnt/lsdi/ocm01702954-1672/ocm01702954/Output/0231.tif /mnt/lsdi/ocm01702954-1672/ocm01702954/Output/0232.tif /mnt/lsdi/ocm01702954-1672/ocm01702954/Output/0233.tif /mnt/lsdi/ocm01702954-1672/ocm01702954/Output/0234.tif /mnt/lsdi/ocm01702954-1672/ocm01702954/Output/0235.tif /mnt/lsdi/ocm01702954-1672/ocm01702954/Output/0236.tif /mnt/lsdi/ocm01702954-1672/ocm01702954/Output/0237.tif /mnt/lsdi/ocm01702954-1672/ocm01702954/Output/0238.tif /mnt/lsdi/ocm01702954-1672/ocm01702954/Output/0239.tif /mnt/lsdi/ocm01702954-1672/ocm01702954/Output/0240.tif /mnt/lsdi/ocm01702954-1672/ocm01702954/Output/0241.tif /mnt/lsdi/ocm01702954-1672/ocm01702954/Output/0242.tif /mnt/lsdi/ocm01702954-1672/ocm01702954/Output/0243.tif /mnt/lsdi/ocm01702954-1672/ocm01702954/Output/0244.tif /mnt/lsdi/ocm01702954-1672/ocm01702954/Output/0245.tif /mnt/lsdi/ocm01702954-1672/ocm01702954/Output/0246.tif /mnt/lsdi/ocm01702954-1672/ocm01702954/Output/0247.tif /mnt/lsdi/ocm01702954-1672/ocm01702954/Output/0248.tif /mnt/lsdi/ocm01702954-1672/ocm01702954/Output/0249.tif /mnt/lsdi/ocm01702954-1672/ocm01702954/Output/0250.tif /mnt/lsdi/ocm01702954-1672/ocm01702954/Output/0251.tif /mnt/lsdi/ocm01702954-1672/ocm01702954/Output/0252.tif /mnt/lsdi/ocm01702954-1672/ocm01702954/Output/0253.tif /mnt/lsdi/ocm01702954-1672/ocm01702954/Output/0254.tif /mnt/lsdi/ocm01702954-1672/ocm01702954/Output/0255.tif /mnt/lsdi/ocm01702954-1672/ocm01702954/Output/0256.tif /mnt/lsdi/ocm01702954-1672/ocm01702954/Output/0257.tif /mnt/lsdi/ocm01702954-1672/ocm01702954/Output/0258.tif /mnt/lsdi/ocm01702954-1672/ocm01702954/Output/0259.tif /mnt/lsdi/ocm01702954-1672/ocm01702954/Output/0260.tif /mnt/lsdi/ocm01702954-1672/ocm01702954/Output/0261.tif /mnt/lsdi/ocm01702954-1672/ocm01702954/Output/0262.tif /mnt/lsdi/ocm01702954-1672/ocm01702954/Output/0263.tif /mnt/lsdi/ocm01702954-1672/ocm01702954/Output/0264.tif /mnt/lsdi/ocm01702954-1672/ocm01702954/Output/0265.tif /mnt/lsdi/ocm01702954-1672/ocm01702954/Output/0266.tif /mnt/lsdi/ocm01702954-1672/ocm01702954/Output/0267.tif /mnt/lsdi/ocm01702954-1672/ocm01702954/Output/0268.tif /mnt/lsdi/ocm01702954-1672/ocm01702954/Output/0269.tif /mnt/lsdi/ocm01702954-1672/ocm01702954/Output/0270.tif /mnt/lsdi/ocm01702954-1672/ocm01702954/Output/0271.tif /mnt/lsdi/ocm01702954-1672/ocm01702954/Output/0272.tif /mnt/lsdi/ocm01702954-1672/ocm01702954/Output/0273.tif /mnt/lsdi/ocm01702954-1672/ocm01702954/Output/0274.tif /mnt/lsdi/ocm01702954-1672/ocm01702954/Output/0275.tif /mnt/lsdi/ocm01702954-1672/ocm01702954/Output/0276.tif /mnt/lsdi/ocm01702954-1672/ocm01702954/Output/0277.tif /mnt/lsdi/ocm01702954-1672/ocm01702954/Output/0278.tif /mnt/lsdi/ocm01702954-1672/ocm01702954/Output/0279.tif /mnt/lsdi/ocm01702954-1672/ocm01702954/Output/0280.tif /mnt/lsdi/ocm01702954-1672/ocm01702954/Output/0281.tif /mnt/lsdi/ocm01702954-1672/ocm01702954/Output/0282.tif /mnt/lsdi/ocm01702954-1672/ocm01702954/Output/0283.tif /mnt/lsdi/ocm01702954-1672/ocm01702954/Output/0284.tif /mnt/lsdi/ocm01702954-1672/ocm01702954/Output/0285.tif /mnt/lsdi/ocm01702954-1672/ocm01702954/Output/0286.tif /mnt/lsdi/ocm01702954-1672/ocm01702954/Output/0287.tif /mnt/lsdi/ocm01702954-1672/ocm01702954/Output/0288.tif /mnt/lsdi/ocm01702954-1672/ocm01702954/Output/0289.tif /mnt/lsdi/ocm01702954-1672/ocm01702954/Output/0290.tif /mnt/lsdi/ocm01702954-1672/ocm01702954/Output/0291.tif /mnt/lsdi/ocm01702954-1672/ocm01702954/Output/0292.tif /mnt/lsdi/ocm01702954-1672/ocm01702954/Output/0293.tif /mnt/lsdi/ocm01702954-1672/ocm01702954/Output/0294.tif /mnt/lsdi/ocm01702954-1672/ocm01702954/Output/0295.tif /mnt/lsdi/ocm01702954-1672/ocm01702954/Output/0296.tif /mnt/lsdi/ocm01702954-1672/ocm01702954/Output/0297.tif /mnt/lsdi/ocm01702954-1672/ocm01702954/Output/0298.tif /mnt/lsdi/ocm01702954-1672/ocm01702954/Output/0299.tif /mnt/lsdi/ocm01702954-1672/ocm01702954/Output/0300.tif /mnt/lsdi/ocm01702954-1672/ocm01702954/Output/0301.tif /mnt/lsdi/ocm01702954-1672/ocm01702954/Output/0302.tif /mnt/lsdi/ocm01702954-1672/ocm01702954/Output/0303.tif /mnt/lsdi/ocm01702954-1672/ocm01702954/Output/0304.tif /mnt/lsdi/ocm01702954-1672/ocm01702954/Output/0305.tif /mnt/lsdi/ocm01702954-1672/ocm01702954/Output/0306.tif /mnt/lsdi/ocm01702954-1672/ocm01702954/Output/0307.tif /mnt/lsdi/ocm01702954-1672/ocm01702954/Output/0308.tif /mnt/lsdi/ocm01702954-1672/ocm01702954/Output/0309.tif /mnt/lsdi/ocm01702954-1672/ocm01702954/Output/0310.tif /mnt/lsdi/ocm01702954-1672/ocm01702954/Output/0311.tif /mnt/lsdi/ocm01702954-1672/ocm01702954/Output/0312.tif /mnt/lsdi/ocm01702954-1672/ocm01702954/Output/0313.tif /mnt/lsdi/ocm01702954-1672/ocm01702954/Output/0314.tif /mnt/lsdi/ocm01702954-1672/ocm01702954/Output/0315.tif /mnt/lsdi/ocm01702954-1672/ocm01702954/Output/0316.tif /mnt/lsdi/ocm01702954-1672/ocm01702954/Output/0317.tif /mnt/lsdi/ocm01702954-1672/ocm01702954/Output/0318.tif /mnt/lsdi/ocm01702954-1672/ocm01702954/Output/0319.tif /mnt/lsdi/ocm01702954-1672/ocm01702954/Output/0320.tif /mnt/lsdi/ocm01702954-1672/ocm01702954/Output/0321.tif /mnt/lsdi/ocm01702954-1672/ocm01702954/Output/0322.tif /mnt/lsdi/ocm01702954-1672/ocm01702954/Output/0323.tif /mnt/lsdi/ocm01702954-1672/ocm01702954/Output/0324.tif /mnt/lsdi/ocm01702954-1672/ocm01702954/Output/0325.tif /mnt/lsdi/ocm01702954-1672/ocm01702954/Output/0326.tif /mnt/lsdi/ocm01702954-1672/ocm01702954/Output/0327.tif /mnt/lsdi/ocm01702954-1672/ocm01702954/Output/0328.tif /mnt/lsdi/ocm01702954-1672/ocm01702954/Output/0329.tif /mnt/lsdi/ocm01702954-1672/ocm01702954/Output/0330.tif /mnt/lsdi/ocm01702954-1672/ocm01702954/Output/0331.tif /mnt/lsdi/ocm01702954-1672/ocm01702954/Output/0332.tif /mnt/lsdi/ocm01702954-1672/ocm01702954/Output/0333.tif /mnt/lsdi/ocm01702954-1672/ocm01702954/Output/0334.tif /mnt/lsdi/ocm01702954-1672/ocm01702954/Output/0335.tif /mnt/lsdi/ocm01702954-1672/ocm01702954/Output/0336.tif /mnt/lsdi/ocm01702954-1672/ocm01702954/Output/0337.tif /mnt/lsdi/ocm01702954-1672/ocm01702954/Output/0338.tif /mnt/lsdi/ocm01702954-1672/ocm01702954/Output/0339.tif /mnt/lsdi/ocm01702954-1672/ocm01702954/Output/0340.tif /mnt/lsdi/ocm01702954-1672/ocm01702954/Output/0341.tif /mnt/lsdi/ocm01702954-1672/ocm01702954/Output/0342.tif /mnt/lsdi/ocm01702954-1672/ocm01702954/Output/0343.tif /mnt/lsdi/ocm01702954-1672/ocm01702954/Output/0344.tif /mnt/lsdi/ocm01702954-1672/ocm01702954/Output/0345.tif /mnt/lsdi/ocm01702954-1672/ocm01702954/Output/0346.tif /mnt/lsdi/ocm01702954-1672/ocm01702954/Output/0347.tif /mnt/lsdi/ocm01702954-1672/ocm01702954/Output/0348.tif /mnt/lsdi/ocm01702954-1672/ocm01702954/Output/0349.tif /mnt/lsdi/ocm01702954-1672/ocm01702954/Output/0350.tif /mnt/lsdi/ocm01702954-1672/ocm01702954/Output/0351.tif /mnt/lsdi/ocm01702954-1672/ocm01702954/Output/0352.tif /mnt/lsdi/ocm01702954-1672/ocm01702954/Output/0353.tif /mnt/lsdi/ocm01702954-1672/ocm01702954/Output/0354.tif /mnt/lsdi/ocm01702954-1672/ocm01702954/Output/0355.tif /mnt/lsdi/ocm01702954-1672/ocm01702954/Output/0356.tif /mnt/lsdi/ocm01702954-1672/ocm01702954/Output/0357.tif /mnt/lsdi/ocm01702954-1672/ocm01702954/Output/0358.tif /mnt/lsdi/ocm01702954-1672/ocm01702954/Output/0359.tif /mnt/lsdi/ocm01702954-1672/ocm01702954/Output/0360.tif /mnt/lsdi/ocm01702954-1672/ocm01702954/Output/0361.tif /mnt/lsdi/ocm01702954-1672/ocm01702954/Output/0362.tif /mnt/lsdi/ocm01702954-1672/ocm01702954/Output/0363.tif /mnt/lsdi/ocm01702954-1672/ocm01702954/Output/0364.tif /mnt/lsdi/ocm01702954-1672/ocm01702954/Output/0365.tif /mnt/lsdi/ocm01702954-1672/ocm01702954/Output/0366.tif /mnt/lsdi/ocm01702954-1672/ocm01702954/Output/0367.tif /mnt/lsdi/ocm01702954-1672/ocm01702954/Output/0368.tif /mnt/lsdi/ocm01702954-1672/ocm01702954/Output/0369.tif /mnt/lsdi/ocm01702954-1672/ocm01702954/Output/0370.tif /mnt/lsdi/ocm01702954-1672/ocm01702954/Output/0371.tif /mnt/lsdi/ocm01702954-1672/ocm01702954/Output/0372.tif /mnt/lsdi/ocm01702954-1672/ocm01702954/Output/0373.tif /mnt/lsdi/ocm01702954-1672/ocm01702954/Output/0374.tif /mnt/lsdi/ocm01702954-1672/ocm01702954/Output/0375.tif /mnt/lsdi/ocm01702954-1672/ocm01702954/Output/0376.tif /mnt/lsdi/ocm01702954-1672/ocm01702954/Output/0377.tif /mnt/lsdi/ocm01702954-1672/ocm01702954/Output/0378.tif /mnt/lsdi/ocm01702954-1672/ocm01702954/Output/0379.tif /mnt/lsdi/ocm01702954-1672/ocm01702954/Output/0380.tif /mnt/lsdi/ocm01702954-1672/ocm01702954/Output/0381.tif /mnt/lsdi/ocm01702954-1672/ocm01702954/Output/0382.tif /mnt/lsdi/ocm01702954-1672/ocm01702954/Output/0383.tif /mnt/lsdi/ocm01702954-1672/ocm01702954/Output/0384.tif /mnt/lsdi/ocm01702954-1672/ocm01702954/Output/0385.tif /mnt/lsdi/ocm01702954-1672/ocm01702954/Output/0386.tif /mnt/lsdi/ocm01702954-1672/ocm01702954/Output/0387.tif /mnt/lsdi/ocm01702954-1672/ocm01702954/Output/0388.tif /mnt/lsdi/ocm01702954-1672/ocm01702954/Output/0389.tif
  adding: mnt/lsdi/ocm01702954-1672/ocm01702954/Output/0001.tif (deflated 81%)
  adding: mnt/lsdi/ocm01702954-1672/ocm01702954/Output/0002.tif (deflated 29%)
  adding: mnt/lsdi/ocm01702954-1672/ocm01702954/Output/0003.tif (deflated 81%)
  adding: mnt/lsdi/ocm01702954-1672/ocm01702954/Output/0004.tif (deflated 81%)
  adding: mnt/lsdi/ocm01702954-1672/ocm01702954/Output/0005.tif (deflated 2%)
  adding: mnt/lsdi/ocm01702954-1672/ocm01702954/Output/0006.tif (deflated 5%)
  adding: mnt/lsdi/ocm01702954-1672/ocm01702954/Output/0007.tif (deflated 3%)
  adding: mnt/lsdi/ocm01702954-1672/ocm01702954/Output/0008.tif (deflated 14%)
  adding: mnt/lsdi/ocm01702954-1672/ocm01702954/Output/0009.tif (deflated 81%)
  adding: mnt/lsdi/ocm01702954-1672/ocm01702954/Output/0010.tif (deflated 5%)
  adding: mnt/lsdi/ocm01702954-1672/ocm01702954/Output/0011.tif (deflated 5%)
  adding: mnt/lsdi/ocm01702954-1672/ocm01702954/Output/0012.tif (deflated 6%)
  adding: mnt/lsdi/ocm01702954-1672/ocm01702954/Output/0013.tif (deflated 81%)
  adding: mnt/lsdi/ocm01702954-1672/ocm01702954/Output/0014.tif (deflated 5%)
  adding: mnt/lsdi/ocm01702954-1672/ocm01702954/Output/0015.tif (deflated 4%)
  adding: mnt/lsdi/ocm01702954-1672/ocm01702954/Output/0016.tif (deflated 4%)
  adding: mnt/lsdi/ocm01702954-1672/ocm01702954/Output/0017.tif (deflated 4%)
  adding: mnt/lsdi/ocm01702954-1672/ocm01702954/Output/0018.tif (deflated 4%)
  adding: mnt/lsdi/ocm01702954-1672/ocm01702954/Output/0019.tif (deflated 3%)
  adding: mnt/lsdi/ocm01702954-1672/ocm01702954/Output/0020.tif (deflated 4%)
  adding: mnt/lsdi/ocm01702954-1672/ocm01702954/Output/0021.tif (deflated 4%)
  adding: mnt/lsdi/ocm01702954-1672/ocm01702954/Output/0022.tif (deflated 4%)
  adding: mnt/lsdi/ocm01702954-1672/ocm01702954/Output/0023.tif (deflated 4%)
  adding: mnt/lsdi/ocm01702954-1672/ocm01702954/Output/0024.tif (deflated 4%)
  adding: mnt/lsdi/ocm01702954-1672/ocm01702954/Output/0025.tif (deflated 3%)
  adding: mnt/lsdi/ocm01702954-1672/ocm01702954/Output/0026.tif (deflated 3%)
  adding: mnt/lsdi/ocm01702954-1672/ocm01702954/Output/0027.tif (deflated 3%)
  adding: mnt/lsdi/ocm01702954-1672/ocm01702954/Output/0028.tif (deflated 3%)
  adding: mnt/lsdi/ocm01702954-1672/ocm01702954/Output/0029.tif (deflated 3%)
  adding: mnt/lsdi/ocm01702954-1672/ocm01702954/Output/0030.tif (deflated 3%)
  adding: mnt/lsdi/ocm01702954-1672/ocm01702954/Output/0031.tif (deflated 3%)
  adding: mnt/lsdi/ocm01702954-1672/ocm01702954/Output/0032.tif (deflated 3%)
  adding: mnt/lsdi/ocm01702954-1672/ocm01702954/Output/0033.tif (deflated 1%)
  adding: mnt/lsdi/ocm01702954-1672/ocm01702954/Output/0034.tif (deflated 2%)
  adding: mnt/lsdi/ocm01702954-1672/ocm01702954/Output/0035.tif (deflated 2%)
  adding: mnt/lsdi/ocm01702954-1672/ocm01702954/Output/0036.tif (deflated 2%)
  adding: mnt/lsdi/ocm01702954-1672/ocm01702954/Output/0037.tif (deflated 81%)
  adding: mnt/lsdi/ocm01702954-1672/ocm01702954/Output/0038.tif (deflated 2%)
  adding: mnt/lsdi/ocm01702954-1672/ocm01702954/Output/0039.tif (deflated 4%)
  adding: mnt/lsdi/ocm01702954-1672/ocm01702954/Output/0040.tif (deflated 4%)
  adding: mnt/lsdi/ocm01702954-1672/ocm01702954/Output/0041.tif (deflated 81%)
  adding: mnt/lsdi/ocm01702954-1672/ocm01702954/Output/0042.tif (deflated 4%)
  adding: mnt/lsdi/ocm01702954-1672/ocm01702954/Output/0043.tif (deflated 5%)
  adding: mnt/lsdi/ocm01702954-1672/ocm01702954/Output/0044.tif (deflated 4%)
  adding: mnt/lsdi/ocm01702954-1672/ocm01702954/Output/0045.tif (deflated 3%)
  adding: mnt/lsdi/ocm01702954-1672/ocm01702954/Output/0046.tif (deflated 4%)
  adding: mnt/lsdi/ocm01702954-1672/ocm01702954/Output/0047.tif (deflated 5%)
  adding: mnt/lsdi/ocm01702954-1672/ocm01702954/Output/0048.tif (deflated 3%)
  adding: mnt/lsdi/ocm01702954-1672/ocm01702954/Output/0049.tif (deflated 5%)
  adding: mnt/lsdi/ocm01702954-1672/ocm01702954/Output/0050.tif (deflated 1%)
  adding: mnt/lsdi/ocm01702954-1672/ocm01702954/Output/0051.tif (deflated 81%)
  adding: mnt/lsdi/ocm01702954-1672/ocm01702954/Output/0052.tif (deflated 1%)
  adding: mnt/lsdi/ocm01702954-1672/ocm01702954/Output/0053.tif (deflated 4%)
  adding: mnt/lsdi/ocm01702954-1672/ocm01702954/Output/0054.tif (deflated 5%)
  adding: mnt/lsdi/ocm01702954-1672/ocm01702954/Output/0055.tif (deflated 5%)
  adding: mnt/lsdi/ocm01702954-1672/ocm01702954/Output/0056.tif (deflated 2%)
  adding: mnt/lsdi/ocm01702954-1672/ocm01702954/Output/0057.tif (deflated 4%)
  adding: mnt/lsdi/ocm01702954-1672/ocm01702954/Output/0058.tif (deflated 3%)
  adding: mnt/lsdi/ocm01702954-1672/ocm01702954/Output/0059.tif (deflated 4%)
  adding: mnt/lsdi/ocm01702954-1672/ocm01702954/Output/0060.tif (deflated 4%)
  adding: mnt/lsdi/ocm01702954-1672/ocm01702954/Output/0061.tif (deflated 81%)
  adding: mnt/lsdi/ocm01702954-1672/ocm01702954/Output/0062.tif (deflated 3%)
  adding: mnt/lsdi/ocm01702954-1672/ocm01702954/Output/0063.tif (deflated 4%)
  adding: mnt/lsdi/ocm01702954-1672/ocm01702954/Output/0064.tif (deflated 3%)
  adding: mnt/lsdi/ocm01702954-1672/ocm01702954/Output/0065.tif (deflated 4%)
  adding: mnt/lsdi/ocm01702954-1672/ocm01702954/Output/0066.tif (deflated 3%)
  adding: mnt/lsdi/ocm01702954-1672/ocm01702954/Output/0067.tif (deflated 4%)
  adding: mnt/lsdi/ocm01702954-1672/ocm01702954/Output/0068.tif (deflated 2%)
  adding: mnt/lsdi/ocm01702954-1672/ocm01702954/Output/0069.tif (deflated 5%)
  adding: mnt/lsdi/ocm01702954-1672/ocm01702954/Output/0070.tif (deflated 2%)
  adding: mnt/lsdi/ocm01702954-1672/ocm01702954/Output/0071.tif (deflated 3%)
  adding: mnt/lsdi/ocm01702954-1672/ocm01702954/Output/0072.tif (deflated 2%)
  adding: mnt/lsdi/ocm01702954-1672/ocm01702954/Output/0073.tif (deflated 81%)
  adding: mnt/lsdi/ocm01702954-1672/ocm01702954/Output/0074.tif (deflated 3%)
  adding: mnt/lsdi/ocm01702954-1672/ocm01702954/Output/0075.tif (deflated 3%)
  adding: mnt/lsdi/ocm01702954-1672/ocm01702954/Output/0076.tif (deflated 3%)
  adding: mnt/lsdi/ocm01702954-1672/ocm01702954/Output/0077.tif (deflated 81%)
  adding: mnt/lsdi/ocm01702954-1672/ocm01702954/Output/0078.tif (deflated 1%)
  adding: mnt/lsdi/ocm01702954-1672/ocm01702954/Output/0079.tif (deflated 3%)
  adding: mnt/lsdi/ocm01702954-1672/ocm01702954/Output/0080.tif (deflated 3%)
  adding: mnt/lsdi/ocm01702954-1672/ocm01702954/Output/0081.tif (deflated 3%)
  adding: mnt/lsdi/ocm01702954-1672/ocm01702954/Output/0082.tif (deflated 3%)
  adding: mnt/lsdi/ocm01702954-1672/ocm01702954/Output/0083.tif (deflated 5%)
  adding: mnt/lsdi/ocm01702954-1672/ocm01702954/Output/0084.tif (deflated 2%)
  adding: mnt/lsdi/ocm01702954-1672/ocm01702954/Output/0085.tif (deflated 5%)
  adding: mnt/lsdi/ocm01702954-1672/ocm01702954/Output/0086.tif (deflated 2%)
  adding: mnt/lsdi/ocm01702954-1672/ocm01702954/Output/0087.tif (deflated 1%)
  adding: mnt/lsdi/ocm01702954-1672/ocm01702954/Output/0088.tif (deflated 5%)
  adding: mnt/lsdi/ocm01702954-1672/ocm01702954/Output/0089.tif (deflated 3%)
  adding: mnt/lsdi/ocm01702954-1672/ocm01702954/Output/0090.tif (deflated 1%)
  adding: mnt/lsdi/ocm01702954-1672/ocm01702954/Output/0091.tif (deflated 4%)
  adding: mnt/lsdi/ocm01702954-1672/ocm01702954/Output/0092.tif (deflated 4%)
  adding: mnt/lsdi/ocm01702954-1672/ocm01702954/Output/0093.tif (deflated 2%)
  adding: mnt/lsdi/ocm01702954-1672/ocm01702954/Output/0094.tif (deflated 2%)
  adding: mnt/lsdi/ocm01702954-1672/ocm01702954/Output/0095.tif (deflated 5%)
  adding: mnt/lsdi/ocm01702954-1672/ocm01702954/Output/0096.tif (deflated 4%)
  adding: mnt/lsdi/ocm01702954-1672/ocm01702954/Output/0097.tif (deflated 2%)
  adding: mnt/lsdi/ocm01702954-1672/ocm01702954/Output/0098.tif (deflated 2%)
  adding: mnt/lsdi/ocm01702954-1672/ocm01702954/Output/0099.tif (deflated 1%)
  adding: mnt/lsdi/ocm01702954-1672/ocm01702954/Output/0100.tif (deflated 4%)
  adding: mnt/lsdi/ocm01702954-1672/ocm01702954/Output/0101.tif (deflated 1%)
  adding: mnt/lsdi/ocm01702954-1672/ocm01702954/Output/0102.tif (deflated 4%)
  adding: mnt/lsdi/ocm01702954-1672/ocm01702954/Output/0103.tif (deflated 4%)
  adding: mnt/lsdi/ocm01702954-1672/ocm01702954/Output/0104.tif (deflated 3%)
  adding: mnt/lsdi/ocm01702954-1672/ocm01702954/Output/0105.tif (deflated 2%)
  adding: mnt/lsdi/ocm01702954-1672/ocm01702954/Output/0106.tif (deflated 2%)
  adding: mnt/lsdi/ocm01702954-1672/ocm01702954/Output/0107.tif (deflated 2%)
  adding: mnt/lsdi/ocm01702954-1672/ocm01702954/Output/0108.tif (deflated 2%)
  adding: mnt/lsdi/ocm01702954-1672/ocm01702954/Output/0109.tif (deflated 1%)
  adding: mnt/lsdi/ocm01702954-1672/ocm01702954/Output/0110.tif (deflated 3%)
  adding: mnt/lsdi/ocm01702954-1672/ocm01702954/Output/0111.tif (deflated 3%)
  adding: mnt/lsdi/ocm01702954-1672/ocm01702954/Output/0112.tif (deflated 3%)
  adding: mnt/lsdi/ocm01702954-1672/ocm01702954/Output/0113.tif (deflated 5%)
  adding: mnt/lsdi/ocm01702954-1672/ocm01702954/Output/0114.tif (deflated 2%)
  adding: mnt/lsdi/ocm01702954-1672/ocm01702954/Output/0115.tif (deflated 2%)
  adding: mnt/lsdi/ocm01702954-1672/ocm01702954/Output/0116.tif (deflated 3%)
  adding: mnt/lsdi/ocm01702954-1672/ocm01702954/Output/0117.tif (deflated 2%)
  adding: mnt/lsdi/ocm01702954-1672/ocm01702954/Output/0118.tif (deflated 3%)
  adding: mnt/lsdi/ocm01702954-1672/ocm01702954/Output/0119.tif (deflated 3%)
  adding: mnt/lsdi/ocm01702954-1672/ocm01702954/Output/0120.tif (deflated 3%)
  adding: mnt/lsdi/ocm01702954-1672/ocm01702954/Output/0121.tif (deflated 3%)
  adding: mnt/lsdi/ocm01702954-1672/ocm01702954/Output/0122.tif (deflated 4%)
  adding: mnt/lsdi/ocm01702954-1672/ocm01702954/Output/0123.tif (deflated 4%)
  adding: mnt/lsdi/ocm01702954-1672/ocm01702954/Output/0124.tif (deflated 3%)
  adding: mnt/lsdi/ocm01702954-1672/ocm01702954/Output/0125.tif (deflated 1%)
  adding: mnt/lsdi/ocm01702954-1672/ocm01702954/Output/0126.tif (deflated 3%)
  adding: mnt/lsdi/ocm01702954-1672/ocm01702954/Output/0127.tif (deflated 81%)
  adding: mnt/lsdi/ocm01702954-1672/ocm01702954/Output/0128.tif (deflated 2%)
  adding: mnt/lsdi/ocm01702954-1672/ocm01702954/Output/0129.tif (deflated 3%)
  adding: mnt/lsdi/ocm01702954-1672/ocm01702954/Output/0130.tif (deflated 2%)
  adding: mnt/lsdi/ocm01702954-1672/ocm01702954/Output/0131.tif (deflated 81%)
  adding: mnt/lsdi/ocm01702954-1672/ocm01702954/Output/0132.tif (deflated 4%)
  adding: mnt/lsdi/ocm01702954-1672/ocm01702954/Output/0133.tif (deflated 3%)
  adding: mnt/lsdi/ocm01702954-1672/ocm01702954/Output/0134.tif (deflated 4%)
  adding: mnt/lsdi/ocm01702954-1672/ocm01702954/Output/0135.tif (deflated 3%)
  adding: mnt/lsdi/ocm01702954-1672/ocm01702954/Output/0136.tif (deflated 6%)
  adding: mnt/lsdi/ocm01702954-1672/ocm01702954/Output/0137.tif (deflated 3%)
  adding: mnt/lsdi/ocm01702954-1672/ocm01702954/Output/0138.tif (deflated 4%)
  adding: mnt/lsdi/ocm01702954-1672/ocm01702954/Output/0139.tif (deflated 5%)
  adding: mnt/lsdi/ocm01702954-1672/ocm01702954/Output/0140.tif (deflated 4%)
  adding: mnt/lsdi/ocm01702954-1672/ocm01702954/Output/0141.tif (deflated 2%)
  adding: mnt/lsdi/ocm01702954-1672/ocm01702954/Output/0142.tif (deflated 5%)
  adding: mnt/lsdi/ocm01702954-1672/ocm01702954/Output/0143.tif (deflated 2%)
  adding: mnt/lsdi/ocm01702954-1672/ocm01702954/Output/0144.tif (deflated 5%)
  adding: mnt/lsdi/ocm01702954-1672/ocm01702954/Output/0145.tif (deflated 2%)
  adding: mnt/lsdi/ocm01702954-1672/ocm01702954/Output/0146.tif (deflated 1%)
  adding: mnt/lsdi/ocm01702954-1672/ocm01702954/Output/0147.tif (deflated 3%)
  adding: mnt/lsdi/ocm01702954-1672/ocm01702954/Output/0148.tif (deflated 7%)
  adding: mnt/lsdi/ocm01702954-1672/ocm01702954/Output/0149.tif (deflated 74%)
  adding: mnt/lsdi/ocm01702954-1672/ocm01702954/Output/0150.tif (deflated 3%)
  adding: mnt/lsdi/ocm01702954-1672/ocm01702954/Output/0151.tif (deflated 5%)
  adding: mnt/lsdi/ocm01702954-1672/ocm01702954/Output/0152.tif (deflated 3%)
  adding: mnt/lsdi/ocm01702954-1672/ocm01702954/Output/0153.tif (deflated 81%)
  adding: mnt/lsdi/ocm01702954-1672/ocm01702954/Output/0154.tif (deflated 4%)
  adding: mnt/lsdi/ocm01702954-1672/ocm01702954/Output/0155.tif (deflated 3%)
  adding: mnt/lsdi/ocm01702954-1672/ocm01702954/Output/0156.tif (deflated 4%)
  adding: mnt/lsdi/ocm01702954-1672/ocm01702954/Output/0157.tif (deflated 81%)
  adding: mnt/lsdi/ocm01702954-1672/ocm01702954/Output/0158.tif (deflated 3%)
  adding: mnt/lsdi/ocm01702954-1672/ocm01702954/Output/0159.tif (deflated 2%)
  adding: mnt/lsdi/ocm01702954-1672/ocm01702954/Output/0160.tif (deflated 2%)
  adding: mnt/lsdi/ocm01702954-1672/ocm01702954/Output/0161.tif (deflated 2%)
  adding: mnt/lsdi/ocm01702954-1672/ocm01702954/Output/0162.tif (deflated 3%)
  adding: mnt/lsdi/ocm01702954-1672/ocm01702954/Output/0163.tif (deflated 5%)
  adding: mnt/lsdi/ocm01702954-1672/ocm01702954/Output/0164.tif (deflated 2%)
  adding: mnt/lsdi/ocm01702954-1672/ocm01702954/Output/0165.tif (deflated 3%)
  adding: mnt/lsdi/ocm01702954-1672/ocm01702954/Output/0166.tif (deflated 3%)
  adding: mnt/lsdi/ocm01702954-1672/ocm01702954/Output/0167.tif (deflated 81%)
  adding: mnt/lsdi/ocm01702954-1672/ocm01702954/Output/0168.tif (deflated 4%)
  adding: mnt/lsdi/ocm01702954-1672/ocm01702954/Output/0169.tif (deflated 4%)
  adding: mnt/lsdi/ocm01702954-1672/ocm01702954/Output/0170.tif (deflated 4%)
  adding: mnt/lsdi/ocm01702954-1672/ocm01702954/Output/0171.tif (deflated 4%)
  adding: mnt/lsdi/ocm01702954-1672/ocm01702954/Output/0172.tif (deflated 3%)
  adding: mnt/lsdi/ocm01702954-1672/ocm01702954/Output/0173.tif (deflated 4%)
  adding: mnt/lsdi/ocm01702954-1672/ocm01702954/Output/0174.tif (deflated 3%)
  adding: mnt/lsdi/ocm01702954-1672/ocm01702954/Output/0175.tif (deflated 4%)
  adding: mnt/lsdi/ocm01702954-1672/ocm01702954/Output/0176.tif (deflated 2%)
  adding: mnt/lsdi/ocm01702954-1672/ocm01702954/Output/0177.tif (deflated 5%)
  adding: mnt/lsdi/ocm01702954-1672/ocm01702954/Output/0178.tif (deflated 2%)
  adding: mnt/lsdi/ocm01702954-1672/ocm01702954/Output/0179.tif (deflated 81%)
  adding: mnt/lsdi/ocm01702954-1672/ocm01702954/Output/0180.tif (deflated 2%)
  adding: mnt/lsdi/ocm01702954-1672/ocm01702954/Output/0181.tif (deflated 3%)
  adding: mnt/lsdi/ocm01702954-1672/ocm01702954/Output/0182.tif (deflated 2%)
  adding: mnt/lsdi/ocm01702954-1672/ocm01702954/Output/0183.tif (deflated 2%)
  adding: mnt/lsdi/ocm01702954-1672/ocm01702954/Output/0184.tif (deflated 2%)
  adding: mnt/lsdi/ocm01702954-1672/ocm01702954/Output/0185.tif (deflated 5%)
  adding: mnt/lsdi/ocm01702954-1672/ocm01702954/Output/0186.tif (deflated 2%)
  adding: mnt/lsdi/ocm01702954-1672/ocm01702954/Output/0187.tif (deflated 2%)
  adding: mnt/lsdi/ocm01702954-1672/ocm01702954/Output/0188.tif (deflated 3%)
  adding: mnt/lsdi/ocm01702954-1672/ocm01702954/Output/0189.tif (deflated 2%)
  adding: mnt/lsdi/ocm01702954-1672/ocm01702954/Output/0190.tif (deflated 3%)
  adding: mnt/lsdi/ocm01702954-1672/ocm01702954/Output/0191.tif (deflated 2%)
  adding: mnt/lsdi/ocm01702954-1672/ocm01702954/Output/0192.tif (deflated 3%)
  adding: mnt/lsdi/ocm01702954-1672/ocm01702954/Output/0193.tif (deflated 2%)
  adding: mnt/lsdi/ocm01702954-1672/ocm01702954/Output/0194.tif (deflated 3%)
  adding: mnt/lsdi/ocm01702954-1672/ocm01702954/Output/0195.tif (deflated 4%)
  adding: mnt/lsdi/ocm01702954-1672/ocm01702954/Output/0196.tif (deflated 3%)
  adding: mnt/lsdi/ocm01702954-1672/ocm01702954/Output/0197.tif (deflated 81%)
  adding: mnt/lsdi/ocm01702954-1672/ocm01702954/Output/0198.tif (deflated 1%)
  adding: mnt/lsdi/ocm01702954-1672/ocm01702954/Output/0199.tif (deflated 3%)
  adding: mnt/lsdi/ocm01702954-1672/ocm01702954/Output/0200.tif (deflated 1%)
  adding: mnt/lsdi/ocm01702954-1672/ocm01702954/Output/0201.tif (deflated 3%)
  adding: mnt/lsdi/ocm01702954-1672/ocm01702954/Output/0202.tif (deflated 3%)
  adding: mnt/lsdi/ocm01702954-1672/ocm01702954/Output/0203.tif (deflated 2%)
  adding: mnt/lsdi/ocm01702954-1672/ocm01702954/Output/0204.tif (deflated 4%)
  adding: mnt/lsdi/ocm01702954-1672/ocm01702954/Output/0205.tif (deflated 3%)
  adding: mnt/lsdi/ocm01702954-1672/ocm01702954/Output/0206.tif (deflated 2%)
  adding: mnt/lsdi/ocm01702954-1672/ocm01702954/Output/0207.tif (deflated 3%)
  adding: mnt/lsdi/ocm01702954-1672/ocm01702954/Output/0208.tif (deflated 4%)
  adding: mnt/lsdi/ocm01702954-1672/ocm01702954/Output/0209.tif (deflated 2%)
  adding: mnt/lsdi/ocm01702954-1672/ocm01702954/Output/0210.tif (deflated 2%)
  adding: mnt/lsdi/ocm01702954-1672/ocm01702954/Output/0211.tif (deflated 3%)
  adding: mnt/lsdi/ocm01702954-1672/ocm01702954/Output/0212.tif (deflated 3%)
  adding: mnt/lsdi/ocm01702954-1672/ocm01702954/Output/0213.tif (deflated 4%)
  adding: mnt/lsdi/ocm01702954-1672/ocm01702954/Output/0214.tif (deflated 3%)
  adding: mnt/lsdi/ocm01702954-1672/ocm01702954/Output/0215.tif (deflated 2%)
  adding: mnt/lsdi/ocm01702954-1672/ocm01702954/Output/0216.tif (deflated 2%)
  adding: mnt/lsdi/ocm01702954-1672/ocm01702954/Output/0217.tif (deflated 3%)
  adding: mnt/lsdi/ocm01702954-1672/ocm01702954/Output/0218.tif (deflated 4%)
  adding: mnt/lsdi/ocm01702954-1672/ocm01702954/Output/0219.tif (deflated 5%)
  adding: mnt/lsdi/ocm01702954-1672/ocm01702954/Output/0220.tif (deflated 4%)
  adding: mnt/lsdi/ocm01702954-1672/ocm01702954/Output/0221.tif (deflated 81%)
  adding: mnt/lsdi/ocm01702954-1672/ocm01702954/Output/0222.tif (deflated 2%)
  adding: mnt/lsdi/ocm01702954-1672/ocm01702954/Output/0223.tif (deflated 4%)
  adding: mnt/lsdi/ocm01702954-1672/ocm01702954/Output/0224.tif (deflated 2%)
  adding: mnt/lsdi/ocm01702954-1672/ocm01702954/Output/0225.tif (deflated 2%)
  adding: mnt/lsdi/ocm01702954-1672/ocm01702954/Output/0226.tif (deflated 2%)
  adding: mnt/lsdi/ocm01702954-1672/ocm01702954/Output/0227.tif (deflated 1%)
  adding: mnt/lsdi/ocm01702954-1672/ocm01702954/Output/0228.tif (deflated 3%)
  adding: mnt/lsdi/ocm01702954-1672/ocm01702954/Output/0229.tif (deflated 3%)
  adding: mnt/lsdi/ocm01702954-1672/ocm01702954/Output/0230.tif (deflated 3%)
  adding: mnt/lsdi/ocm01702954-1672/ocm01702954/Output/0231.tif (deflated 81%)
  adding: mnt/lsdi/ocm01702954-1672/ocm01702954/Output/0232.tif (deflated 5%)
  adding: mnt/lsdi/ocm01702954-1672/ocm01702954/Output/0233.tif (deflated 3%)
  adding: mnt/lsdi/ocm01702954-1672/ocm01702954/Output/0234.tif (deflated 3%)
  adding: mnt/lsdi/ocm01702954-1672/ocm01702954/Output/0235.tif (deflated 2%)
  adding: mnt/lsdi/ocm01702954-1672/ocm01702954/Output/0236.tif (deflated 3%)
  adding: mnt/lsdi/ocm01702954-1672/ocm01702954/Output/0237.tif (deflated 81%)
  adding: mnt/lsdi/ocm01702954-1672/ocm01702954/Output/0238.tif (deflated 2%)
  adding: mnt/lsdi/ocm01702954-1672/ocm01702954/Output/0239.tif (deflated 5%)
  adding: mnt/lsdi/ocm01702954-1672/ocm01702954/Output/0240.tif (deflated 3%)
  adding: mnt/lsdi/ocm01702954-1672/ocm01702954/Output/0241.tif (deflated 81%)
  adding: mnt/lsdi/ocm01702954-1672/ocm01702954/Output/0242.tif (deflated 4%)
  adding: mnt/lsdi/ocm01702954-1672/ocm01702954/Output/0243.tif (deflated 6%)
  adding: mnt/lsdi/ocm01702954-1672/ocm01702954/Output/0244.tif (deflated 4%)
  adding: mnt/lsdi/ocm01702954-1672/ocm01702954/Output/0245.tif (deflated 3%)
  adding: mnt/lsdi/ocm01702954-1672/ocm01702954/Output/0246.tif (deflated 5%)
  adding: mnt/lsdi/ocm01702954-1672/ocm01702954/Output/0247.tif (deflated 3%)
  adding: mnt/lsdi/ocm01702954-1672/ocm01702954/Output/0248.tif (deflated 4%)
  adding: mnt/lsdi/ocm01702954-1672/ocm01702954/Output/0249.tif (deflated 7%)
  adding: mnt/lsdi/ocm01702954-1672/ocm01702954/Output/0250.tif (deflated 2%)
  adding: mnt/lsdi/ocm01702954-1672/ocm01702954/Output/0251.tif (deflated 2%)
  adding: mnt/lsdi/ocm01702954-1672/ocm01702954/Output/0252.tif (deflated 5%)
  adding: mnt/lsdi/ocm01702954-1672/ocm01702954/Output/0253.tif (deflated 2%)
  adding: mnt/lsdi/ocm01702954-1672/ocm01702954/Output/0254.tif (deflated 3%)
  adding: mnt/lsdi/ocm01702954-1672/ocm01702954/Output/0255.tif (deflated 2%)
  adding: mnt/lsdi/ocm01702954-1672/ocm01702954/Output/0256.tif (deflated 2%)
  adding: mnt/lsdi/ocm01702954-1672/ocm01702954/Output/0257.tif (deflated 2%)
  adding: mnt/lsdi/ocm01702954-1672/ocm01702954/Output/0258.tif (deflated 5%)
  adding: mnt/lsdi/ocm01702954-1672/ocm01702954/Output/0259.tif (deflated 2%)
  adding: mnt/lsdi/ocm01702954-1672/ocm01702954/Output/0260.tif (deflated 6%)
  adding: mnt/lsdi/ocm01702954-1672/ocm01702954/Output/0261.tif (deflated 5%)
  adding: mnt/lsdi/ocm01702954-1672/ocm01702954/Output/0262.tif (deflated 3%)
  adding: mnt/lsdi/ocm01702954-1672/ocm01702954/Output/0263.tif (deflated 4%)
  adding: mnt/lsdi/ocm01702954-1672/ocm01702954/Output/0264.tif (deflated 5%)
  adding: mnt/lsdi/ocm01702954-1672/ocm01702954/Output/0265.tif (deflated 6%)
  adding: mnt/lsdi/ocm01702954-1672/ocm01702954/Output/0266.tif (deflated 2%)
  adding: mnt/lsdi/ocm01702954-1672/ocm01702954/Output/0267.tif (deflated 2%)
  adding: mnt/lsdi/ocm01702954-1672/ocm01702954/Output/0268.tif (deflated 2%)
  adding: mnt/lsdi/ocm01702954-1672/ocm01702954/Output/0269.tif (deflated 5%)
  adding: mnt/lsdi/ocm01702954-1672/ocm01702954/Output/0270.tif (deflated 3%)
  adding: mnt/lsdi/ocm01702954-1672/ocm01702954/Output/0271.tif (deflated 81%)
  adding: mnt/lsdi/ocm01702954-1672/ocm01702954/Output/0272.tif (deflated 5%)
  adding: mnt/lsdi/ocm01702954-1672/ocm01702954/Output/0273.tif (deflated 3%)
  adding: mnt/lsdi/ocm01702954-1672/ocm01702954/Output/0274.tif (deflated 2%)
  adding: mnt/lsdi/ocm01702954-1672/ocm01702954/Output/0275.tif (deflated 81%)
  adding: mnt/lsdi/ocm01702954-1672/ocm01702954/Output/0276.tif (deflated 2%)
  adding: mnt/lsdi/ocm01702954-1672/ocm01702954/Output/0277.tif (deflated 2%)
  adding: mnt/lsdi/ocm01702954-1672/ocm01702954/Output/0278.tif (deflated 5%)
  adding: mnt/lsdi/ocm01702954-1672/ocm01702954/Output/0279.tif (deflated 1%)
  adding: mnt/lsdi/ocm01702954-1672/ocm01702954/Output/0280.tif (deflated 81%)
  adding: mnt/lsdi/ocm01702954-1672/ocm01702954/Output/0281.tif (deflated 2%)
  adding: mnt/lsdi/ocm01702954-1672/ocm01702954/Output/0282.tif (deflated 4%)
  adding: mnt/lsdi/ocm01702954-1672/ocm01702954/Output/0283.tif (deflated 81%)
  adding: mnt/lsdi/ocm01702954-1672/ocm01702954/Output/0284.tif (deflated 4%)
  adding: mnt/lsdi/ocm01702954-1672/ocm01702954/Output/0285.tif (deflated 1%)
  adding: mnt/lsdi/ocm01702954-1672/ocm01702954/Output/0286.tif (deflated 3%)
  adding: mnt/lsdi/ocm01702954-1672/ocm01702954/Output/0287.tif (deflated 81%)
  adding: mnt/lsdi/ocm01702954-1672/ocm01702954/Output/0288.tif (deflated 3%)
  adding: mnt/lsdi/ocm01702954-1672/ocm01702954/Output/0289.tif (deflated 5%)
  adding: mnt/lsdi/ocm01702954-1672/ocm01702954/Output/0290.tif (deflated 4%)
  adding: mnt/lsdi/ocm01702954-1672/ocm01702954/Output/0291.tif (deflated 6%)
  adding: mnt/lsdi/ocm01702954-1672/ocm01702954/Output/0292.tif (deflated 5%)
  adding: mnt/lsdi/ocm01702954-1672/ocm01702954/Output/0293.tif (deflated 6%)
  adding: mnt/lsdi/ocm01702954-1672/ocm01702954/Output/0294.tif (deflated 2%)
  adding: mnt/lsdi/ocm01702954-1672/ocm01702954/Output/0295.tif (deflated 2%)
  adding: mnt/lsdi/ocm01702954-1672/ocm01702954/Output/0296.tif (deflated 4%)
  adding: mnt/lsdi/ocm01702954-1672/ocm01702954/Output/0297.tif (deflated 5%)
  adding: mnt/lsdi/ocm01702954-1672/ocm01702954/Output/0298.tif (deflated 3%)
  adding: mnt/lsdi/ocm01702954-1672/ocm01702954/Output/0299.tif (deflated 6%)
  adding: mnt/lsdi/ocm01702954-1672/ocm01702954/Output/0300.tif (deflated 4%)
  adding: mnt/lsdi/ocm01702954-1672/ocm01702954/Output/0301.tif (deflated 3%)
  adding: mnt/lsdi/ocm01702954-1672/ocm01702954/Output/0302.tif (deflated 2%)
  adding: mnt/lsdi/ocm01702954-1672/ocm01702954/Output/0303.tif (deflated 81%)
  adding: mnt/lsdi/ocm01702954-1672/ocm01702954/Output/0304.tif (deflated 1%)
  adding: mnt/lsdi/ocm01702954-1672/ocm01702954/Output/0305.tif (deflated 2%)
  adding: mnt/lsdi/ocm01702954-1672/ocm01702954/Output/0306.tif (deflated 4%)
  adding: mnt/lsdi/ocm01702954-1672/ocm01702954/Output/0307.tif (deflated 2%)
  adding: mnt/lsdi/ocm01702954-1672/ocm01702954/Output/0308.tif (deflated 4%)
  adding: mnt/lsdi/ocm01702954-1672/ocm01702954/Output/0309.tif (deflated 1%)
  adding: mnt/lsdi/ocm01702954-1672/ocm01702954/Output/0310.tif (deflated 3%)
  adding: mnt/lsdi/ocm01702954-1672/ocm01702954/Output/0311.tif (deflated 1%)
  adding: mnt/lsdi/ocm01702954-1672/ocm01702954/Output/0312.tif (deflated 3%)
  adding: mnt/lsdi/ocm01702954-1672/ocm01702954/Output/0313.tif (deflated 5%)
  adding: mnt/lsdi/ocm01702954-1672/ocm01702954/Output/0314.tif (deflated 2%)
  adding: mnt/lsdi/ocm01702954-1672/ocm01702954/Output/0315.tif (deflated 81%)
  adding: mnt/lsdi/ocm01702954-1672/ocm01702954/Output/0316.tif (deflated 2%)
  adding: mnt/lsdi/ocm01702954-1672/ocm01702954/Output/0317.tif (deflated 6%)
  adding: mnt/lsdi/ocm01702954-1672/ocm01702954/Output/0318.tif (deflated 2%)
  adding: mnt/lsdi/ocm01702954-1672/ocm01702954/Output/0319.tif (deflated 2%)
  adding: mnt/lsdi/ocm01702954-1672/ocm01702954/Output/0320.tif (deflated 2%)
  adding: mnt/lsdi/ocm01702954-1672/ocm01702954/Output/0321.tif (deflated 81%)
  adding: mnt/lsdi/ocm01702954-1672/ocm01702954/Output/0322.tif (deflated 4%)
  adding: mnt/lsdi/ocm01702954-1672/ocm01702954/Output/0323.tif (deflated 6%)
  adding: mnt/lsdi/ocm01702954-1672/ocm01702954/Output/0324.tif (deflated 2%)
  adding: mnt/lsdi/ocm01702954-1672/ocm01702954/Output/0325.tif (deflated 7%)
  adding: mnt/lsdi/ocm01702954-1672/ocm01702954/Output/0326.tif (deflated 2%)
  adding: mnt/lsdi/ocm01702954-1672/ocm01702954/Output/0327.tif (deflated 7%)
  adding: mnt/lsdi/ocm01702954-1672/ocm01702954/Output/0328.tif (deflated 3%)
  adding: mnt/lsdi/ocm01702954-1672/ocm01702954/Output/0329.tif (deflated 81%)
  adding: mnt/lsdi/ocm01702954-1672/ocm01702954/Output/0330.tif (deflated 3%)
  adding: mnt/lsdi/ocm01702954-1672/ocm01702954/Output/0331.tif (deflated 7%)
  adding: mnt/lsdi/ocm01702954-1672/ocm01702954/Output/0332.tif (deflated 2%)
  adding: mnt/lsdi/ocm01702954-1672/ocm01702954/Output/0333.tif (deflated 7%)
  adding: mnt/lsdi/ocm01702954-1672/ocm01702954/Output/0334.tif (deflated 3%)
  adding: mnt/lsdi/ocm01702954-1672/ocm01702954/Output/0335.tif (deflated 6%)
  adding: mnt/lsdi/ocm01702954-1672/ocm01702954/Output/0336.tif (deflated 3%)
  adding: mnt/lsdi/ocm01702954-1672/ocm01702954/Output/0337.tif (deflated 2%)
  adding: mnt/lsdi/ocm01702954-1672/ocm01702954/Output/0338.tif (deflated 4%)
  adding: mnt/lsdi/ocm01702954-1672/ocm01702954/Output/0339.tif (deflated 5%)
  adding: mnt/lsdi/ocm01702954-1672/ocm01702954/Output/0340.tif (deflated 3%)
  adding: mnt/lsdi/ocm01702954-1672/ocm01702954/Output/0341.tif (deflated 6%)
  adding: mnt/lsdi/ocm01702954-1672/ocm01702954/Output/0342.tif (deflated 2%)
  adding: mnt/lsdi/ocm01702954-1672/ocm01702954/Output/0343.tif (deflated 81%)
  adding: mnt/lsdi/ocm01702954-1672/ocm01702954/Output/0344.tif (deflated 1%)
  adding: mnt/lsdi/ocm01702954-1672/ocm01702954/Output/0345.tif (deflated 81%)
  adding: mnt/lsdi/ocm01702954-1672/ocm01702954/Output/0346.tif (deflated 4%)
  adding: mnt/lsdi/ocm01702954-1672/ocm01702954/Output/0347.tif (deflated 5%)
  adding: mnt/lsdi/ocm01702954-1672/ocm01702954/Output/0348.tif (deflated 4%)
  adding: mnt/lsdi/ocm01702954-1672/ocm01702954/Output/0349.tif (deflated 3%)
  adding: mnt/lsdi/ocm01702954-1672/ocm01702954/Output/0350.tif (deflated 81%)
  adding: mnt/lsdi/ocm01702954-1672/ocm01702954/Output/0351.tif (deflated 81%)
  adding: mnt/lsdi/ocm01702954-1672/ocm01702954/Output/0352.tif (deflated 4%)
  adding: mnt/lsdi/ocm01702954-1672/ocm01702954/Output/0353.tif (deflated 81%)
  adding: mnt/lsdi/ocm01702954-1672/ocm01702954/Output/0354.tif (deflated 2%)
  adding: mnt/lsdi/ocm01702954-1672/ocm01702954/Output/0355.tif (deflated 6%)
  adding: mnt/lsdi/ocm01702954-1672/ocm01702954/Output/0356.tif (deflated 2%)
  adding: mnt/lsdi/ocm01702954-1672/ocm01702954/Output/0357.tif (deflated 3%)
  adding: mnt/lsdi/ocm01702954-1672/ocm01702954/Output/0358.tif (deflated 2%)
  adding: mnt/lsdi/ocm01702954-1672/ocm01702954/Output/0359.tif (deflated 4%)
  adding: mnt/lsdi/ocm01702954-1672/ocm01702954/Output/0360.tif (deflated 81%)
  adding: mnt/lsdi/ocm01702954-1672/ocm01702954/Output/0361.tif (deflated 4%)
  adding: mnt/lsdi/ocm01702954-1672/ocm01702954/Output/0362.tif (deflated 81%)
  adding: mnt/lsdi/ocm01702954-1672/ocm01702954/Output/0363.tif (deflated 3%)
  adding: mnt/lsdi/ocm01702954-1672/ocm01702954/Output/0364.tif (deflated 5%)
  adding: mnt/lsdi/ocm01702954-1672/ocm01702954/Output/0365.tif (deflated 3%)
  adding: mnt/lsdi/ocm01702954-1672/ocm01702954/Output/0366.tif (deflated 4%)
  adding: mnt/lsdi/ocm01702954-1672/ocm01702954/Output/0367.tif (deflated 3%)
  adding: mnt/lsdi/ocm01702954-1672/ocm01702954/Output/0368.tif (deflated 3%)
  adding: mnt/lsdi/ocm01702954-1672/ocm01702954/Output/0369.tif (deflated 3%)
  adding: mnt/lsdi/ocm01702954-1672/ocm01702954/Output/0370.tif (deflated 3%)
  adding: mnt/lsdi/ocm01702954-1672/ocm01702954/Output/0371.tif (deflated 3%)
  adding: mnt/lsdi/ocm01702954-1672/ocm01702954/Output/0372.tif (deflated 3%)
  adding: mnt/lsdi/ocm01702954-1672/ocm01702954/Output/0373.tif (deflated 3%)
  adding: mnt/lsdi/ocm01702954-1672/ocm01702954/Output/0374.tif (deflated 4%)
  adding: mnt/lsdi/ocm01702954-1672/ocm01702954/Output/0375.tif (deflated 3%)
  adding: mnt/lsdi/ocm01702954-1672/ocm01702954/Output/0376.tif (deflated 3%)
  adding: mnt/lsdi/ocm01702954-1672/ocm01702954/Output/0377.tif (deflated 3%)
  adding: mnt/lsdi/ocm01702954-1672/ocm01702954/Output/0378.tif (deflated 4%)
  adding: mnt/lsdi/ocm01702954-1672/ocm01702954/Output/0379.tif (deflated 3%)
  adding: mnt/lsdi/ocm01702954-1672/ocm01702954/Output/0380.tif (deflated 4%)
  adding: mnt/lsdi/ocm01702954-1672/ocm01702954/Output/0381.tif (deflated 3%)
  adding: mnt/lsdi/ocm01702954-1672/ocm01702954/Output/0382.tif (deflated 4%)
  adding: mnt/lsdi/ocm01702954-1672/ocm01702954/Output/0383.tif (deflated 3%)
  adding: mnt/lsdi/ocm01702954-1672/ocm01702954/Output/0384.tif (deflated 4%)
  adding: mnt/lsdi/ocm01702954-1672/ocm01702954/Output/0385.tif (deflated 3%)
  adding: mnt/lsdi/ocm01702954-1672/ocm01702954/Output/0386.tif (deflated 81%)
  adding: mnt/lsdi/ocm01702954-1672/ocm01702954/Output/0387.tif (deflated 2%)
  adding: mnt/lsdi/ocm01702954-1672/ocm01702954/Output/0388.tif (deflated 81%)
  adding: mnt/lsdi/ocm01702954-1672/ocm01702954/Output/0389.tif (deflated 81%)
curl --location --header authorization: LOW fpJYfLnxbLmCEHqU:JQbq6NgBaPrSh98Y --upload-file /temp/ocm01702954_1672_images.zip http://s3.us.archive.org/01702954.1672.emory.edu/01702954_1672_images.zip
  % Total    % Received % Xferd  Average Speed   Time    Time     Time  Current
                                 Dload  Upload   Total   Spent    Left  Speed
  0     0    0     0    0     0      0      0 --:--:-- --:--:-- --:--:--     0  0  133M    0     0    0     0      0      0 --:--:--  0:00:01 --:--:--     0  0  133M    0     0    0  208k      0   154k  0:14:45  0:00:01  0:14:44  163k  0  133M    0     0    0 1088k      0   470k  0:04:50  0:00:02  0:04:48  485k  1  133M    0     0    1 1984k      0   597k  0:03:48  0:00:03  0:03:45  611k  2  133M    0     0    2 2864k      0   661k  0:03:26  0:00:04  0:03:22  672k  2  133M    0     0    2 3744k      0   702k  0:03:14  0:00:05  0:03:09  879k  3  133M    0     0    3 4592k      0   727k  0:03:07  0:00:06  0:03:01  883k  3  133M    0     0    3 5472k      0   748k  0:03:02  0:00:07  0:02:55  876k  4  133M    0     0    4 6352k      0   764k  0:02:58  0:00:08  0:02:50  875k  5  133M    0     0    5 7232k      0   777k  0:02:56  0:00:09  0:02:47  877k  5  133M    0     0    5 8112k      0   787k  0:02:53  0:00:10  0:02:43  878k  6  133M    0     0    6 8992k      0   795k  0:02:52  0:00:11  0:02:41  879k  7  133M    0     0    7 9856k      0   799k  0:02:51  0:00:12  0:02:39  873k  7  133M    0     0    7 10.4M      0   803k  0:02:50  0:00:13  0:02:37  867k  8  133M    0     0    8 11.2M      0   807k  0:02:49  0:00:14  0:02:35  862k  9  133M    0     0    9 12.1M      0   811k  0:02:48  0:00:15  0:02:33  860k  9  133M    0     0    9 13.0M      0   814k  0:02:48  0:00:16  0:02:32  856k 10  133M    0     0   10 13.7M      0   815k  0:02:47  0:00:17  0:02:30  854k 10  133M    0     0   10 14.6M      0   818k  0:02:47  0:00:18  0:02:29  857k 11  133M    0     0   11 15.4M      0   819k  0:02:46  0:00:19  0:02:27  855k 12  133M    0     0   12 16.3M      0   821k  0:02:46  0:00:20  0:02:26  853k 12  133M    0     0   12 17.1M      0   823k  0:02:46  0:00:21  0:02:25  854k 13  133M    0     0   13 17.9M      0   823k  0:02:46  0:00:22  0:02:24  852k 14  133M    0     0   14 18.7M      0   825k  0:02:45  0:00:23  0:02:22  852k 14  133M    0     0   14 19.5M      0   825k  0:02:45  0:00:24  0:02:21  845k 15  133M    0     0   15 20.4M      0   825k  0:02:45  0:00:25  0:02:20  840k 15  133M    0     0   15 21.2M      0   826k  0:02:45  0:00:26  0:02:19  839k 16  133M    0     0   16 22.0M      0   827k  0:02:45  0:00:27  0:02:18  847k 17  133M    0     0   17 22.9M      0   829k  0:02:45  0:00:28  0:02:17  845k 17  133M    0     0   17 23.7M      0   830k  0:02:44  0:00:29  0:02:15  857k 18  133M    0     0   18 24.6M      0   831k  0:02:44  0:00:30  0:02:14  861k 19  133M    0     0   19 25.4M      0   832k  0:02:44  0:00:31  0:02:13  864k 19  133M    0     0   19 26.2M      0   830k  0:02:44  0:00:32  0:02:12  844k 20  133M    0     0   20 26.9M      0   829k  0:02:44  0:00:33  0:02:11  833k 20  133M    0     0   20 27.8M      0   830k  0:02:44  0:00:34  0:02:10  829k 21  133M    0     0   21 28.6M      0   831k  0:02:44  0:00:35  0:02:09  833k 22  133M    0     0   22 29.5M      0   831k  0:02:44  0:00:36  0:02:08  825k 22  133M    0     0   22 30.3M      0   832k  0:02:44  0:00:37  0:02:07  845k 23  133M    0     0   23 31.1M      0   833k  0:02:44  0:00:38  0:02:06  856k 23  133M    0     0   23 32.0M      0   834k  0:02:44  0:00:39  0:02:05  859k 24  133M    0     0   24 32.8M      0   834k  0:02:44  0:00:40  0:02:04  851k 25  133M    0     0   25 33.6M      0   834k  0:02:43  0:00:41  0:02:02  854k 25  133M    0     0   25 34.4M      0   834k  0:02:44  0:00:42  0:02:02  846k 26  133M    0     0   26 35.2M      0   834k  0:02:43  0:00:43  0:02:00  845k 27  133M    0     0   27 36.0M      0   834k  0:02:44  0:00:44  0:02:00  835k 27  133M    0     0   27 36.9M      0   835k  0:02:43  0:00:45  0:01:58  843k 28  133M    0     0   28 37.8M      0   836k  0:02:43  0:00:46  0:01:57  849k 28  133M    0     0   28 38.6M      0   837k  0:02:43  0:00:47  0:01:56  861k 29  133M    0     0   29 39.5M      0   836k  0:02:43  0:00:48  0:01:55  853k 30  133M    0     0   30 40.2M      0   836k  0:02:43  0:00:49  0:01:54  853k 30  133M    0     0   30 41.1M      0   837k  0:02:43  0:00:50  0:01:53  855k 31  133M    0     0   31 41.9M      0   837k  0:02:43  0:00:51  0:01:52  849k 32  133M    0     0   32 42.7M      0   837k  0:02:43  0:00:52  0:01:51  839k 32  133M    0     0   32 43.5M      0   837k  0:02:43  0:00:53  0:01:50  845k 33  133M    0     0   33 44.4M      0   837k  0:02:43  0:00:54  0:01:49  846k 33  133M    0     0   33 45.2M      0   837k  0:02:43  0:00:55  0:01:48  838k 34  133M    0     0   34 46.0M      0   837k  0:02:43  0:00:56  0:01:47  837k 35  133M    0     0   35 46.8M      0   837k  0:02:43  0:00:57  0:01:46  836k 35  133M    0     0   35 47.6M      0   837k  0:02:43  0:00:58  0:01:45  835k 36  133M    0     0   36 48.5M      0   837k  0:02:43  0:00:59  0:01:44  835k 36  133M    0     0   36 49.2M      0   836k  0:02:43  0:01:00  0:01:43  830k 37  133M    0     0   37 50.1M      0   837k  0:02:43  0:01:01  0:01:42  834k 38  133M    0     0   38 50.8M      0   836k  0:02:43  0:01:02  0:01:41  825k 38  133M    0     0   38 51.7M      0   836k  0:02:43  0:01:03  0:01:40  830k 39  133M    0     0   39 52.5M      0   836k  0:02:43  0:01:04  0:01:39  833k 39  133M    0     0   39 53.3M      0   836k  0:02:43  0:01:05  0:01:38  829k 40  133M    0     0   40 54.1M      0   835k  0:02:43  0:01:06  0:01:37  821k 41  133M    0     0   41 54.9M      0   836k  0:02:43  0:01:07  0:01:36  836k 41  133M    0     0   41 55.8M      0   836k  0:02:43  0:01:08  0:01:35  836k 42  133M    0     0   42 56.6M      0   837k  0:02:43  0:01:09  0:01:34  841k 43  133M    0     0   43 57.5M      0   837k  0:02:43  0:01:10  0:01:33  854k 43  133M    0     0   43 58.3M      0   837k  0:02:43  0:01:11  0:01:32  861k 44  133M    0     0   44 59.1M      0   837k  0:02:43  0:01:12  0:01:31  858k 44  133M    0     0   44 60.0M      0   838k  0:02:43  0:01:13  0:01:30  861k 45  133M    0     0   45 60.8M      0   839k  0:02:43  0:01:14  0:01:29  868k 46  133M    0     0   46 61.7M      0   839k  0:02:42  0:01:15  0:01:27  867k 46  133M    0     0   46 62.5M      0   839k  0:02:42  0:01:16  0:01:26  871k 47  133M    0     0   47 63.4M      0   840k  0:02:42  0:01:17  0:01:25  873k 48  133M    0     0   48 64.2M      0   840k  0:02:42  0:01:18  0:01:24  867k 48  133M    0     0   48 65.1M      0   840k  0:02:42  0:01:19  0:01:23  862k 49  133M    0     0   49 65.9M      0   840k  0:02:42  0:01:20  0:01:22  860k 50  133M    0     0   50 66.8M      0   841k  0:02:42  0:01:21  0:01:21  863k 50  133M    0     0   50 67.7M      0   842k  0:02:42  0:01:22  0:01:20  876k 51  133M    0     0   51 68.5M      0   842k  0:02:42  0:01:23  0:01:19  872k 51  133M    0     0   51 69.3M      0   842k  0:02:42  0:01:24  0:01:18  871k 52  133M    0     0   52 70.2M      0   843k  0:02:42  0:01:25  0:01:17  878k 53  133M    0     0   53 71.0M      0   843k  0:02:42  0:01:26  0:01:16  874k 53  133M    0     0   53 71.9M      0   843k  0:02:42  0:01:27  0:01:15  868k 54  133M    0     0   54 72.8M      0   844k  0:02:42  0:01:28  0:01:14  880k 55  133M    0     0   55 73.6M      0   844k  0:02:42  0:01:29  0:01:13  872k 55  133M    0     0   55 74.5M      0   844k  0:02:41  0:01:30  0:01:11  875k 56  133M    0     0   56 75.3M      0   845k  0:02:41  0:01:31  0:01:10  873k 57  133M    0     0   57 76.2M      0   845k  0:02:41  0:01:32  0:01:09  875k 57  133M    0     0   57 77.1M      0   845k  0:02:41  0:01:33  0:01:08  872k 58  133M    0     0   58 77.9M      0   846k  0:02:41  0:01:34  0:01:07  881k 58  133M    0     0   58 78.7M      0   846k  0:02:41  0:01:35  0:01:06  875k 59  133M    0     0   59 79.6M      0   846k  0:02:41  0:01:36  0:01:05  880k 60  133M    0     0   60 80.5M      0   847k  0:02:41  0:01:37  0:01:04  880k 60  133M    0     0   60 81.4M      0   848k  0:02:41  0:01:38  0:01:03  888k 61  133M    0     0   61 82.2M      0   848k  0:02:41  0:01:39  0:01:02  884k 62  133M    0     0   62 83.1M      0   848k  0:02:41  0:01:40  0:01:01  887k 62  133M    0     0   62 84.0M      0   848k  0:02:41  0:01:41  0:01:00  884k 63  133M    0     0   63 84.8M      0   849k  0:02:41  0:01:42  0:00:59  884k 64  133M    0     0   64 85.7M      0   849k  0:02:41  0:01:43  0:00:58  877k 64  133M    0     0   64 86.5M      0   849k  0:02:41  0:01:44  0:00:57  882k 65  133M    0     0   65 87.4M      0   850k  0:02:40  0:01:45  0:00:55  887k 66  133M    0     0   66 88.3M      0   850k  0:02:40  0:01:46  0:00:54  889k 66  133M    0     0   66 89.2M      0   851k  0:02:40  0:01:47  0:00:53  887k 67  133M    0     0   67 90.0M      0   851k  0:02:40  0:01:48  0:00:52  891k 68  133M    0     0   68 90.9M      0   851k  0:02:40  0:01:49  0:00:51  893k 68  133M    0     0   68 91.8M      0   851k  0:02:40  0:01:50  0:00:50  886k 69  133M    0     0   69 92.6M      0   851k  0:02:40  0:01:51  0:00:49  879k 69  133M    0     0   69 93.4M      0   852k  0:02:40  0:01:52  0:00:48  877k 70  133M    0     0   70 94.3M      0   852k  0:02:40  0:01:53  0:00:47  877k 71  133M    0     0   71 95.2M      0   853k  0:02:40  0:01:54  0:00:46  880k 71  133M    0     0   71 96.1M      0   853k  0:02:40  0:01:55  0:00:45  883k 72  133M    0     0   72 96.9M      0   853k  0:02:40  0:01:56  0:00:44  890k 73  133M    0     0   73 97.8M      0   853k  0:02:40  0:01:57  0:00:43  894k 73  133M    0     0   73 98.7M      0   854k  0:02:40  0:01:58  0:00:42  891k 74  133M    0     0   74 99.5M      0   854k  0:02:40  0:01:59  0:00:41  884k 75  133M    0     0   75  100M      0   854k  0:02:40  0:02:00  0:00:40  883k 75  133M    0     0   75  101M      0   854k  0:02:40  0:02:01  0:00:39  876k 76  133M    0     0   76  102M      0   854k  0:02:40  0:02:02  0:00:38  877k 77  133M    0     0   77  103M      0   855k  0:02:40  0:02:03  0:00:37  875k 77  133M    0     0   77  103M      0   855k  0:02:39  0:02:04  0:00:35  879k 78  133M    0     0   78  104M      0   855k  0:02:39  0:02:05  0:00:34  881k 79  133M    0     0   79  105M      0   855k  0:02:39  0:02:06  0:00:33  889k 79  133M    0     0   79  106M      0   856k  0:02:39  0:02:07  0:00:32  883k 80  133M    0     0   80  107M      0   856k  0:02:39  0:02:08  0:00:31  882k 80  133M    0     0   80  108M      0   856k  0:02:39  0:02:09  0:00:30  883k 81  133M    0     0   81  109M      0   856k  0:02:39  0:02:10  0:00:29  889k 82  133M    0     0   82  109M      0   856k  0:02:39  0:02:11  0:00:28  883k 82  133M    0     0   82  110M      0   857k  0:02:39  0:02:12  0:00:27  886k 83  133M    0     0   83  111M      0   857k  0:02:39  0:02:13  0:00:26  881k 84  133M    0     0   84  112M      0   857k  0:02:39  0:02:14  0:00:25  875k 84  133M    0     0   84  113M      0   857k  0:02:39  0:02:15  0:00:24  865k 85  133M    0     0   85  114M      0   857k  0:02:39  0:02:16  0:00:23  860k 86  133M    0     0   86  114M      0   857k  0:02:39  0:02:17  0:00:22  855k 86  133M    0     0   86  115M      0   857k  0:02:39  0:02:18  0:00:21  863k 87  133M    0     0   87  116M      0   856k  0:02:39  0:02:19  0:00:20  849k 87  133M    0     0   87  117M      0   857k  0:02:39  0:02:20  0:00:19  850k 88  133M    0     0   88  118M      0   857k  0:02:39  0:02:21  0:00:18  859k 89  133M    0     0   89  119M      0   857k  0:02:39  0:02:22  0:00:17  862k 89  133M    0     0   89  119M      0   857k  0:02:39  0:02:23  0:00:16  858k 90  133M    0     0   90  120M      0   857k  0:02:39  0:02:24  0:00:15  876k 91  133M    0     0   91  121M      0   857k  0:02:39  0:02:25  0:00:14  876k 91  133M    0     0   91  122M      0   857k  0:02:39  0:02:26  0:00:13  876k 92  133M    0     0   92  123M      0   857k  0:02:39  0:02:27  0:00:12  874k 93  133M    0     0   93  124M      0   858k  0:02:39  0:02:28  0:00:11  878k 93  133M    0     0   93  125M      0   858k  0:02:39  0:02:29  0:00:10  879k 94  133M    0     0   94  126M      0   858k  0:02:39  0:02:30  0:00:09  877k 94  133M    0     0   94  126M      0   858k  0:02:39  0:02:31  0:00:08  876k 95  133M    0     0   95  127M      0   858k  0:02:39  0:02:32  0:00:07  868k 96  133M    0     0   96  128M      0   858k  0:02:39  0:02:33  0:00:06  861k 96  133M    0     0   96  129M      0   858k  0:02:39  0:02:34  0:00:05  862k 97  133M    0     0   97  130M      0   858k  0:02:39  0:02:35  0:00:04  864k 98  133M    0     0   98  131M      0   858k  0:02:39  0:02:36  0:00:03  862k 98  133M    0     0   98  131M      0   857k  0:02:39  0:02:37  0:00:02  826k 99  133M    0     0   99  132M      0   855k  0:02:39  0:02:38  0:00:01  786k 99  133M    0     0   99  133M      0   854k  0:02:40  0:02:39  0:00:01  748k100  133M    0     0  100  133M      0   848k  0:02:41  0:02:41 --:--:--  590k100  133M    0     0  100  133M      0   848k  0:02:41  0:02:41 --:--:--  523k100  133M    0     0  100  133M      0   848k  0:02:41  0:02:41 --:--:--  485k
