04308994
curl --location --header x-amz-auto-make-bucket:1 --header x-archive-ignore-preexisting-bucket:1 --header x-archive-queue-derive:0 --header x-archive-meta-mediatype:texts --header x-archive-meta03-collection:emory --header x-archive-meta01-collection:americanmethodism --header x-archive-meta-sponsor:Emory University, Pitts Theology Library --header x-archive-meta-contributor:Emory University, Pitts Theology Library --header x-archive-meta-ppi:300 --header authorization: LOW fpJYfLnxbLmCEHqU:JQbq6NgBaPrSh98Y --upload-file /mnt/lsdi/ocm04308994/ocm04308994/ocm04308994_MRC.xml http://s3.us.archive.org/04308994.emory.edu/04308994.emory.edu_marc.xml
  % Total    % Received % Xferd  Average Speed   Time    Time     Time  Current
                                 Dload  Upload   Total   Spent    Left  Speed
  0     0    0     0    0     0      0      0 --:--:-- --:--:-- --:--:--     0  0  3134    0     0    0     0      0      0 --:--:--  0:00:01 --:--:--     0100  3134    0     0  100  3134      0   1495  0:00:02  0:00:02 --:--:--  1552100  3134    0     0  100  3134      0   1145  0:00:02  0:00:02 --:--:--  1177100  3134    0     0  100  3134      0    838  0:00:03  0:00:03 --:--:--   855100  3134    0     0  100  3134      0    661  0:00:04  0:00:04 --:--:--   672100  3134    0     0  100  3134      0    545  0:00:05  0:00:05 --:--:--   672100  3134    0     0  100  3134      0    464  0:00:06  0:00:06 --:--:--     0100  3134    0     0  100  3134      0    404  0:00:07  0:00:07 --:--:--     0100  3134    0     0  100  3134      0    358  0:00:08  0:00:08 --:--:--     0100  3134    0     0  100  3134      0    323  0:00:09  0:00:09 --:--:--     0100  3134    0     0  100  3134      0    323  0:00:09  0:00:09 --:--:--     0
zip -r /temp/ocm04308994_images.zip /mnt/lsdi/ocm04308994/ocm04308994/Output/ocm04308994_0001.tif /mnt/lsdi/ocm04308994/ocm04308994/Output/ocm04308994_0002.tif /mnt/lsdi/ocm04308994/ocm04308994/Output/ocm04308994_0003.tif /mnt/lsdi/ocm04308994/ocm04308994/Output/ocm04308994_0004.tif /mnt/lsdi/ocm04308994/ocm04308994/Output/ocm04308994_0005.tif /mnt/lsdi/ocm04308994/ocm04308994/Output/ocm04308994_0006.tif /mnt/lsdi/ocm04308994/ocm04308994/Output/ocm04308994_0007.tif /mnt/lsdi/ocm04308994/ocm04308994/Output/ocm04308994_0008.tif /mnt/lsdi/ocm04308994/ocm04308994/Output/ocm04308994_0009.tif /mnt/lsdi/ocm04308994/ocm04308994/Output/ocm04308994_0010.tif /mnt/lsdi/ocm04308994/ocm04308994/Output/ocm04308994_0011.tif /mnt/lsdi/ocm04308994/ocm04308994/Output/ocm04308994_0012.tif /mnt/lsdi/ocm04308994/ocm04308994/Output/ocm04308994_0013.tif /mnt/lsdi/ocm04308994/ocm04308994/Output/ocm04308994_0014.tif /mnt/lsdi/ocm04308994/ocm04308994/Output/ocm04308994_0015.tif /mnt/lsdi/ocm04308994/ocm04308994/Output/ocm04308994_0016.tif /mnt/lsdi/ocm04308994/ocm04308994/Output/ocm04308994_0017.tif /mnt/lsdi/ocm04308994/ocm04308994/Output/ocm04308994_0018.tif /mnt/lsdi/ocm04308994/ocm04308994/Output/ocm04308994_0019.tif /mnt/lsdi/ocm04308994/ocm04308994/Output/ocm04308994_0020.tif /mnt/lsdi/ocm04308994/ocm04308994/Output/ocm04308994_0021.tif /mnt/lsdi/ocm04308994/ocm04308994/Output/ocm04308994_0022.tif /mnt/lsdi/ocm04308994/ocm04308994/Output/ocm04308994_0023.tif /mnt/lsdi/ocm04308994/ocm04308994/Output/ocm04308994_0024.tif /mnt/lsdi/ocm04308994/ocm04308994/Output/ocm04308994_0025.tif /mnt/lsdi/ocm04308994/ocm04308994/Output/ocm04308994_0026.tif /mnt/lsdi/ocm04308994/ocm04308994/Output/ocm04308994_0027.tif /mnt/lsdi/ocm04308994/ocm04308994/Output/ocm04308994_0028.tif /mnt/lsdi/ocm04308994/ocm04308994/Output/ocm04308994_0029.tif /mnt/lsdi/ocm04308994/ocm04308994/Output/ocm04308994_0030.tif /mnt/lsdi/ocm04308994/ocm04308994/Output/ocm04308994_0031.tif /mnt/lsdi/ocm04308994/ocm04308994/Output/ocm04308994_0032.tif /mnt/lsdi/ocm04308994/ocm04308994/Output/ocm04308994_0033.tif /mnt/lsdi/ocm04308994/ocm04308994/Output/ocm04308994_0034.tif /mnt/lsdi/ocm04308994/ocm04308994/Output/ocm04308994_0035.tif /mnt/lsdi/ocm04308994/ocm04308994/Output/ocm04308994_0036.tif /mnt/lsdi/ocm04308994/ocm04308994/Output/ocm04308994_0037.tif /mnt/lsdi/ocm04308994/ocm04308994/Output/ocm04308994_0038.tif /mnt/lsdi/ocm04308994/ocm04308994/Output/ocm04308994_0039.tif /mnt/lsdi/ocm04308994/ocm04308994/Output/ocm04308994_0040.tif /mnt/lsdi/ocm04308994/ocm04308994/Output/ocm04308994_0041.tif /mnt/lsdi/ocm04308994/ocm04308994/Output/ocm04308994_0042.tif /mnt/lsdi/ocm04308994/ocm04308994/Output/ocm04308994_0043.tif /mnt/lsdi/ocm04308994/ocm04308994/Output/ocm04308994_0044.tif /mnt/lsdi/ocm04308994/ocm04308994/Output/ocm04308994_0045.tif /mnt/lsdi/ocm04308994/ocm04308994/Output/ocm04308994_0046.tif /mnt/lsdi/ocm04308994/ocm04308994/Output/ocm04308994_0047.tif /mnt/lsdi/ocm04308994/ocm04308994/Output/ocm04308994_0048.tif /mnt/lsdi/ocm04308994/ocm04308994/Output/ocm04308994_0049.tif /mnt/lsdi/ocm04308994/ocm04308994/Output/ocm04308994_0050.tif /mnt/lsdi/ocm04308994/ocm04308994/Output/ocm04308994_0051.tif /mnt/lsdi/ocm04308994/ocm04308994/Output/ocm04308994_0052.tif /mnt/lsdi/ocm04308994/ocm04308994/Output/ocm04308994_0053.tif /mnt/lsdi/ocm04308994/ocm04308994/Output/ocm04308994_0054.tif /mnt/lsdi/ocm04308994/ocm04308994/Output/ocm04308994_0055.tif /mnt/lsdi/ocm04308994/ocm04308994/Output/ocm04308994_0056.tif /mnt/lsdi/ocm04308994/ocm04308994/Output/ocm04308994_0057.tif /mnt/lsdi/ocm04308994/ocm04308994/Output/ocm04308994_0058.tif /mnt/lsdi/ocm04308994/ocm04308994/Output/ocm04308994_0059.tif /mnt/lsdi/ocm04308994/ocm04308994/Output/ocm04308994_0060.tif /mnt/lsdi/ocm04308994/ocm04308994/Output/ocm04308994_0061.tif /mnt/lsdi/ocm04308994/ocm04308994/Output/ocm04308994_0062.tif /mnt/lsdi/ocm04308994/ocm04308994/Output/ocm04308994_0063.tif /mnt/lsdi/ocm04308994/ocm04308994/Output/ocm04308994_0064.tif /mnt/lsdi/ocm04308994/ocm04308994/Output/ocm04308994_0065.tif /mnt/lsdi/ocm04308994/ocm04308994/Output/ocm04308994_0066.tif /mnt/lsdi/ocm04308994/ocm04308994/Output/ocm04308994_0067.tif /mnt/lsdi/ocm04308994/ocm04308994/Output/ocm04308994_0068.tif /mnt/lsdi/ocm04308994/ocm04308994/Output/ocm04308994_0069.tif /mnt/lsdi/ocm04308994/ocm04308994/Output/ocm04308994_0070.tif /mnt/lsdi/ocm04308994/ocm04308994/Output/ocm04308994_0071.tif /mnt/lsdi/ocm04308994/ocm04308994/Output/ocm04308994_0072.tif /mnt/lsdi/ocm04308994/ocm04308994/Output/ocm04308994_0073.tif /mnt/lsdi/ocm04308994/ocm04308994/Output/ocm04308994_0074.tif /mnt/lsdi/ocm04308994/ocm04308994/Output/ocm04308994_0075.tif /mnt/lsdi/ocm04308994/ocm04308994/Output/ocm04308994_0076.tif /mnt/lsdi/ocm04308994/ocm04308994/Output/ocm04308994_0077.tif /mnt/lsdi/ocm04308994/ocm04308994/Output/ocm04308994_0078.tif /mnt/lsdi/ocm04308994/ocm04308994/Output/ocm04308994_0079.tif /mnt/lsdi/ocm04308994/ocm04308994/Output/ocm04308994_0080.tif /mnt/lsdi/ocm04308994/ocm04308994/Output/ocm04308994_0081.tif /mnt/lsdi/ocm04308994/ocm04308994/Output/ocm04308994_0082.tif /mnt/lsdi/ocm04308994/ocm04308994/Output/ocm04308994_0083.tif /mnt/lsdi/ocm04308994/ocm04308994/Output/ocm04308994_0084.tif /mnt/lsdi/ocm04308994/ocm04308994/Output/ocm04308994_0085.tif /mnt/lsdi/ocm04308994/ocm04308994/Output/ocm04308994_0086.tif /mnt/lsdi/ocm04308994/ocm04308994/Output/ocm04308994_0087.tif /mnt/lsdi/ocm04308994/ocm04308994/Output/ocm04308994_0088.tif /mnt/lsdi/ocm04308994/ocm04308994/Output/ocm04308994_0089.tif /mnt/lsdi/ocm04308994/ocm04308994/Output/ocm04308994_0090.tif /mnt/lsdi/ocm04308994/ocm04308994/Output/ocm04308994_0091.tif /mnt/lsdi/ocm04308994/ocm04308994/Output/ocm04308994_0092.tif /mnt/lsdi/ocm04308994/ocm04308994/Output/ocm04308994_0093.tif /mnt/lsdi/ocm04308994/ocm04308994/Output/ocm04308994_0094.tif /mnt/lsdi/ocm04308994/ocm04308994/Output/ocm04308994_0095.tif /mnt/lsdi/ocm04308994/ocm04308994/Output/ocm04308994_0096.tif /mnt/lsdi/ocm04308994/ocm04308994/Output/ocm04308994_0097.tif /mnt/lsdi/ocm04308994/ocm04308994/Output/ocm04308994_0098.tif /mnt/lsdi/ocm04308994/ocm04308994/Output/ocm04308994_0099.tif /mnt/lsdi/ocm04308994/ocm04308994/Output/ocm04308994_0100.tif /mnt/lsdi/ocm04308994/ocm04308994/Output/ocm04308994_0101.tif /mnt/lsdi/ocm04308994/ocm04308994/Output/ocm04308994_0102.tif /mnt/lsdi/ocm04308994/ocm04308994/Output/ocm04308994_0103.tif /mnt/lsdi/ocm04308994/ocm04308994/Output/ocm04308994_0104.tif /mnt/lsdi/ocm04308994/ocm04308994/Output/ocm04308994_0105.tif /mnt/lsdi/ocm04308994/ocm04308994/Output/ocm04308994_0106.tif /mnt/lsdi/ocm04308994/ocm04308994/Output/ocm04308994_0107.tif /mnt/lsdi/ocm04308994/ocm04308994/Output/ocm04308994_0108.tif /mnt/lsdi/ocm04308994/ocm04308994/Output/ocm04308994_0109.tif /mnt/lsdi/ocm04308994/ocm04308994/Output/ocm04308994_0110.tif /mnt/lsdi/ocm04308994/ocm04308994/Output/ocm04308994_0111.tif /mnt/lsdi/ocm04308994/ocm04308994/Output/ocm04308994_0112.tif /mnt/lsdi/ocm04308994/ocm04308994/Output/ocm04308994_0113.tif /mnt/lsdi/ocm04308994/ocm04308994/Output/ocm04308994_0114.tif /mnt/lsdi/ocm04308994/ocm04308994/Output/ocm04308994_0115.tif /mnt/lsdi/ocm04308994/ocm04308994/Output/ocm04308994_0116.tif /mnt/lsdi/ocm04308994/ocm04308994/Output/ocm04308994_0117.tif /mnt/lsdi/ocm04308994/ocm04308994/Output/ocm04308994_0118.tif /mnt/lsdi/ocm04308994/ocm04308994/Output/ocm04308994_0119.tif /mnt/lsdi/ocm04308994/ocm04308994/Output/ocm04308994_0120.tif /mnt/lsdi/ocm04308994/ocm04308994/Output/ocm04308994_0121.tif /mnt/lsdi/ocm04308994/ocm04308994/Output/ocm04308994_0122.tif /mnt/lsdi/ocm04308994/ocm04308994/Output/ocm04308994_0123.tif /mnt/lsdi/ocm04308994/ocm04308994/Output/ocm04308994_0124.tif /mnt/lsdi/ocm04308994/ocm04308994/Output/ocm04308994_0125.tif /mnt/lsdi/ocm04308994/ocm04308994/Output/ocm04308994_0126.tif /mnt/lsdi/ocm04308994/ocm04308994/Output/ocm04308994_0127.tif /mnt/lsdi/ocm04308994/ocm04308994/Output/ocm04308994_0128.tif /mnt/lsdi/ocm04308994/ocm04308994/Output/ocm04308994_0129.tif /mnt/lsdi/ocm04308994/ocm04308994/Output/ocm04308994_0130.tif /mnt/lsdi/ocm04308994/ocm04308994/Output/ocm04308994_0131.tif /mnt/lsdi/ocm04308994/ocm04308994/Output/ocm04308994_0132.tif /mnt/lsdi/ocm04308994/ocm04308994/Output/ocm04308994_0133.tif /mnt/lsdi/ocm04308994/ocm04308994/Output/ocm04308994_0134.tif /mnt/lsdi/ocm04308994/ocm04308994/Output/ocm04308994_0135.tif /mnt/lsdi/ocm04308994/ocm04308994/Output/ocm04308994_0136.tif /mnt/lsdi/ocm04308994/ocm04308994/Output/ocm04308994_0137.tif /mnt/lsdi/ocm04308994/ocm04308994/Output/ocm04308994_0138.tif /mnt/lsdi/ocm04308994/ocm04308994/Output/ocm04308994_0139.tif /mnt/lsdi/ocm04308994/ocm04308994/Output/ocm04308994_0140.tif /mnt/lsdi/ocm04308994/ocm04308994/Output/ocm04308994_0141.tif /mnt/lsdi/ocm04308994/ocm04308994/Output/ocm04308994_0142.tif /mnt/lsdi/ocm04308994/ocm04308994/Output/ocm04308994_0143.tif /mnt/lsdi/ocm04308994/ocm04308994/Output/ocm04308994_0144.tif /mnt/lsdi/ocm04308994/ocm04308994/Output/ocm04308994_0145.tif /mnt/lsdi/ocm04308994/ocm04308994/Output/ocm04308994_0146.tif /mnt/lsdi/ocm04308994/ocm04308994/Output/ocm04308994_0147.tif /mnt/lsdi/ocm04308994/ocm04308994/Output/ocm04308994_0148.tif /mnt/lsdi/ocm04308994/ocm04308994/Output/ocm04308994_0149.tif /mnt/lsdi/ocm04308994/ocm04308994/Output/ocm04308994_0150.tif /mnt/lsdi/ocm04308994/ocm04308994/Output/ocm04308994_0151.tif /mnt/lsdi/ocm04308994/ocm04308994/Output/ocm04308994_0152.tif /mnt/lsdi/ocm04308994/ocm04308994/Output/ocm04308994_0153.tif /mnt/lsdi/ocm04308994/ocm04308994/Output/ocm04308994_0154.tif /mnt/lsdi/ocm04308994/ocm04308994/Output/ocm04308994_0155.tif /mnt/lsdi/ocm04308994/ocm04308994/Output/ocm04308994_0156.tif /mnt/lsdi/ocm04308994/ocm04308994/Output/ocm04308994_0157.tif /mnt/lsdi/ocm04308994/ocm04308994/Output/ocm04308994_0158.tif /mnt/lsdi/ocm04308994/ocm04308994/Output/ocm04308994_0159.tif /mnt/lsdi/ocm04308994/ocm04308994/Output/ocm04308994_0160.tif /mnt/lsdi/ocm04308994/ocm04308994/Output/ocm04308994_0161.tif /mnt/lsdi/ocm04308994/ocm04308994/Output/ocm04308994_0162.tif /mnt/lsdi/ocm04308994/ocm04308994/Output/ocm04308994_0163.tif /mnt/lsdi/ocm04308994/ocm04308994/Output/ocm04308994_0164.tif /mnt/lsdi/ocm04308994/ocm04308994/Output/ocm04308994_0165.tif /mnt/lsdi/ocm04308994/ocm04308994/Output/ocm04308994_0166.tif /mnt/lsdi/ocm04308994/ocm04308994/Output/ocm04308994_0167.tif /mnt/lsdi/ocm04308994/ocm04308994/Output/ocm04308994_0168.tif /mnt/lsdi/ocm04308994/ocm04308994/Output/ocm04308994_0169.tif /mnt/lsdi/ocm04308994/ocm04308994/Output/ocm04308994_0170.tif /mnt/lsdi/ocm04308994/ocm04308994/Output/ocm04308994_0171.tif /mnt/lsdi/ocm04308994/ocm04308994/Output/ocm04308994_0172.tif /mnt/lsdi/ocm04308994/ocm04308994/Output/ocm04308994_0173.tif /mnt/lsdi/ocm04308994/ocm04308994/Output/ocm04308994_0174.tif /mnt/lsdi/ocm04308994/ocm04308994/Output/ocm04308994_0175.tif /mnt/lsdi/ocm04308994/ocm04308994/Output/ocm04308994_0176.tif /mnt/lsdi/ocm04308994/ocm04308994/Output/ocm04308994_0177.tif /mnt/lsdi/ocm04308994/ocm04308994/Output/ocm04308994_0178.tif /mnt/lsdi/ocm04308994/ocm04308994/Output/ocm04308994_0179.tif /mnt/lsdi/ocm04308994/ocm04308994/Output/ocm04308994_0180.tif /mnt/lsdi/ocm04308994/ocm04308994/Output/ocm04308994_0181.tif /mnt/lsdi/ocm04308994/ocm04308994/Output/ocm04308994_0182.tif /mnt/lsdi/ocm04308994/ocm04308994/Output/ocm04308994_0183.tif /mnt/lsdi/ocm04308994/ocm04308994/Output/ocm04308994_0184.tif /mnt/lsdi/ocm04308994/ocm04308994/Output/ocm04308994_0185.tif /mnt/lsdi/ocm04308994/ocm04308994/Output/ocm04308994_0186.tif /mnt/lsdi/ocm04308994/ocm04308994/Output/ocm04308994_0187.tif /mnt/lsdi/ocm04308994/ocm04308994/Output/ocm04308994_0188.tif /mnt/lsdi/ocm04308994/ocm04308994/Output/ocm04308994_0189.tif /mnt/lsdi/ocm04308994/ocm04308994/Output/ocm04308994_0190.tif /mnt/lsdi/ocm04308994/ocm04308994/Output/ocm04308994_0191.tif /mnt/lsdi/ocm04308994/ocm04308994/Output/ocm04308994_0192.tif /mnt/lsdi/ocm04308994/ocm04308994/Output/ocm04308994_0193.tif /mnt/lsdi/ocm04308994/ocm04308994/Output/ocm04308994_0194.tif /mnt/lsdi/ocm04308994/ocm04308994/Output/ocm04308994_0195.tif /mnt/lsdi/ocm04308994/ocm04308994/Output/ocm04308994_0196.tif /mnt/lsdi/ocm04308994/ocm04308994/Output/ocm04308994_0197.tif /mnt/lsdi/ocm04308994/ocm04308994/Output/ocm04308994_0198.tif /mnt/lsdi/ocm04308994/ocm04308994/Output/ocm04308994_0199.tif /mnt/lsdi/ocm04308994/ocm04308994/Output/ocm04308994_0200.tif /mnt/lsdi/ocm04308994/ocm04308994/Output/ocm04308994_0201.tif /mnt/lsdi/ocm04308994/ocm04308994/Output/ocm04308994_0202.tif /mnt/lsdi/ocm04308994/ocm04308994/Output/ocm04308994_0203.tif /mnt/lsdi/ocm04308994/ocm04308994/Output/ocm04308994_0204.tif /mnt/lsdi/ocm04308994/ocm04308994/Output/ocm04308994_0205.tif /mnt/lsdi/ocm04308994/ocm04308994/Output/ocm04308994_0206.tif /mnt/lsdi/ocm04308994/ocm04308994/Output/ocm04308994_0207.tif /mnt/lsdi/ocm04308994/ocm04308994/Output/ocm04308994_0208.tif /mnt/lsdi/ocm04308994/ocm04308994/Output/ocm04308994_0209.tif /mnt/lsdi/ocm04308994/ocm04308994/Output/ocm04308994_0210.tif /mnt/lsdi/ocm04308994/ocm04308994/Output/ocm04308994_0211.tif /mnt/lsdi/ocm04308994/ocm04308994/Output/ocm04308994_0212.tif /mnt/lsdi/ocm04308994/ocm04308994/Output/ocm04308994_0213.tif /mnt/lsdi/ocm04308994/ocm04308994/Output/ocm04308994_0214.tif /mnt/lsdi/ocm04308994/ocm04308994/Output/ocm04308994_0215.tif /mnt/lsdi/ocm04308994/ocm04308994/Output/ocm04308994_0216.tif /mnt/lsdi/ocm04308994/ocm04308994/Output/ocm04308994_0217.tif /mnt/lsdi/ocm04308994/ocm04308994/Output/ocm04308994_0218.tif /mnt/lsdi/ocm04308994/ocm04308994/Output/ocm04308994_0219.tif /mnt/lsdi/ocm04308994/ocm04308994/Output/ocm04308994_0220.tif /mnt/lsdi/ocm04308994/ocm04308994/Output/ocm04308994_0221.tif /mnt/lsdi/ocm04308994/ocm04308994/Output/ocm04308994_0222.tif /mnt/lsdi/ocm04308994/ocm04308994/Output/ocm04308994_0223.tif /mnt/lsdi/ocm04308994/ocm04308994/Output/ocm04308994_0224.tif /mnt/lsdi/ocm04308994/ocm04308994/Output/ocm04308994_0225.tif /mnt/lsdi/ocm04308994/ocm04308994/Output/ocm04308994_0226.tif /mnt/lsdi/ocm04308994/ocm04308994/Output/ocm04308994_0227.tif /mnt/lsdi/ocm04308994/ocm04308994/Output/ocm04308994_0228.tif /mnt/lsdi/ocm04308994/ocm04308994/Output/ocm04308994_0229.tif /mnt/lsdi/ocm04308994/ocm04308994/Output/ocm04308994_0230.tif /mnt/lsdi/ocm04308994/ocm04308994/Output/ocm04308994_0231.tif /mnt/lsdi/ocm04308994/ocm04308994/Output/ocm04308994_0232.tif /mnt/lsdi/ocm04308994/ocm04308994/Output/ocm04308994_0233.tif /mnt/lsdi/ocm04308994/ocm04308994/Output/ocm04308994_0234.tif /mnt/lsdi/ocm04308994/ocm04308994/Output/ocm04308994_0235.tif /mnt/lsdi/ocm04308994/ocm04308994/Output/ocm04308994_0236.tif /mnt/lsdi/ocm04308994/ocm04308994/Output/ocm04308994_0237.tif /mnt/lsdi/ocm04308994/ocm04308994/Output/ocm04308994_0238.tif /mnt/lsdi/ocm04308994/ocm04308994/Output/ocm04308994_0239.tif /mnt/lsdi/ocm04308994/ocm04308994/Output/ocm04308994_0240.tif /mnt/lsdi/ocm04308994/ocm04308994/Output/ocm04308994_0241.tif /mnt/lsdi/ocm04308994/ocm04308994/Output/ocm04308994_0242.tif /mnt/lsdi/ocm04308994/ocm04308994/Output/ocm04308994_0243.tif /mnt/lsdi/ocm04308994/ocm04308994/Output/ocm04308994_0244.tif /mnt/lsdi/ocm04308994/ocm04308994/Output/ocm04308994_0245.tif /mnt/lsdi/ocm04308994/ocm04308994/Output/ocm04308994_0246.tif /mnt/lsdi/ocm04308994/ocm04308994/Output/ocm04308994_0247.tif /mnt/lsdi/ocm04308994/ocm04308994/Output/ocm04308994_0248.tif /mnt/lsdi/ocm04308994/ocm04308994/Output/ocm04308994_0249.tif /mnt/lsdi/ocm04308994/ocm04308994/Output/ocm04308994_0250.tif /mnt/lsdi/ocm04308994/ocm04308994/Output/ocm04308994_0251.tif /mnt/lsdi/ocm04308994/ocm04308994/Output/ocm04308994_0252.tif /mnt/lsdi/ocm04308994/ocm04308994/Output/ocm04308994_0253.tif /mnt/lsdi/ocm04308994/ocm04308994/Output/ocm04308994_0254.tif /mnt/lsdi/ocm04308994/ocm04308994/Output/ocm04308994_0255.tif /mnt/lsdi/ocm04308994/ocm04308994/Output/ocm04308994_0256.tif /mnt/lsdi/ocm04308994/ocm04308994/Output/ocm04308994_0257.tif /mnt/lsdi/ocm04308994/ocm04308994/Output/ocm04308994_0258.tif /mnt/lsdi/ocm04308994/ocm04308994/Output/ocm04308994_0259.tif /mnt/lsdi/ocm04308994/ocm04308994/Output/ocm04308994_0260.tif /mnt/lsdi/ocm04308994/ocm04308994/Output/ocm04308994_0261.tif /mnt/lsdi/ocm04308994/ocm04308994/Output/ocm04308994_0262.tif /mnt/lsdi/ocm04308994/ocm04308994/Output/ocm04308994_0263.tif /mnt/lsdi/ocm04308994/ocm04308994/Output/ocm04308994_0264.tif /mnt/lsdi/ocm04308994/ocm04308994/Output/ocm04308994_0265.tif /mnt/lsdi/ocm04308994/ocm04308994/Output/ocm04308994_0266.tif /mnt/lsdi/ocm04308994/ocm04308994/Output/ocm04308994_0267.tif /mnt/lsdi/ocm04308994/ocm04308994/Output/ocm04308994_0268.tif /mnt/lsdi/ocm04308994/ocm04308994/Output/ocm04308994_0269.tif /mnt/lsdi/ocm04308994/ocm04308994/Output/ocm04308994_0270.tif /mnt/lsdi/ocm04308994/ocm04308994/Output/ocm04308994_0271.tif /mnt/lsdi/ocm04308994/ocm04308994/Output/ocm04308994_0272.tif /mnt/lsdi/ocm04308994/ocm04308994/Output/ocm04308994_0273.tif /mnt/lsdi/ocm04308994/ocm04308994/Output/ocm04308994_0274.tif /mnt/lsdi/ocm04308994/ocm04308994/Output/ocm04308994_0275.tif /mnt/lsdi/ocm04308994/ocm04308994/Output/ocm04308994_0276.tif /mnt/lsdi/ocm04308994/ocm04308994/Output/ocm04308994_0277.tif /mnt/lsdi/ocm04308994/ocm04308994/Output/ocm04308994_0278.tif /mnt/lsdi/ocm04308994/ocm04308994/Output/ocm04308994_0279.tif /mnt/lsdi/ocm04308994/ocm04308994/Output/ocm04308994_0280.tif /mnt/lsdi/ocm04308994/ocm04308994/Output/ocm04308994_0281.tif /mnt/lsdi/ocm04308994/ocm04308994/Output/ocm04308994_0282.tif /mnt/lsdi/ocm04308994/ocm04308994/Output/ocm04308994_0283.tif /mnt/lsdi/ocm04308994/ocm04308994/Output/ocm04308994_0284.tif /mnt/lsdi/ocm04308994/ocm04308994/Output/ocm04308994_0285.tif /mnt/lsdi/ocm04308994/ocm04308994/Output/ocm04308994_0286.tif /mnt/lsdi/ocm04308994/ocm04308994/Output/ocm04308994_0287.tif /mnt/lsdi/ocm04308994/ocm04308994/Output/ocm04308994_0288.tif /mnt/lsdi/ocm04308994/ocm04308994/Output/ocm04308994_0289.tif /mnt/lsdi/ocm04308994/ocm04308994/Output/ocm04308994_0290.tif /mnt/lsdi/ocm04308994/ocm04308994/Output/ocm04308994_0291.tif /mnt/lsdi/ocm04308994/ocm04308994/Output/ocm04308994_0292.tif /mnt/lsdi/ocm04308994/ocm04308994/Output/ocm04308994_0293.tif /mnt/lsdi/ocm04308994/ocm04308994/Output/ocm04308994_0294.tif /mnt/lsdi/ocm04308994/ocm04308994/Output/ocm04308994_0295.tif /mnt/lsdi/ocm04308994/ocm04308994/Output/ocm04308994_0296.tif /mnt/lsdi/ocm04308994/ocm04308994/Output/ocm04308994_0297.tif /mnt/lsdi/ocm04308994/ocm04308994/Output/ocm04308994_0298.tif /mnt/lsdi/ocm04308994/ocm04308994/Output/ocm04308994_0299.tif /mnt/lsdi/ocm04308994/ocm04308994/Output/ocm04308994_0300.tif /mnt/lsdi/ocm04308994/ocm04308994/Output/ocm04308994_0301.tif /mnt/lsdi/ocm04308994/ocm04308994/Output/ocm04308994_0302.tif /mnt/lsdi/ocm04308994/ocm04308994/Output/ocm04308994_0303.tif /mnt/lsdi/ocm04308994/ocm04308994/Output/ocm04308994_0304.tif /mnt/lsdi/ocm04308994/ocm04308994/Output/ocm04308994_0305.tif /mnt/lsdi/ocm04308994/ocm04308994/Output/ocm04308994_0306.tif /mnt/lsdi/ocm04308994/ocm04308994/Output/ocm04308994_0307.tif /mnt/lsdi/ocm04308994/ocm04308994/Output/ocm04308994_0308.tif /mnt/lsdi/ocm04308994/ocm04308994/Output/ocm04308994_0309.tif /mnt/lsdi/ocm04308994/ocm04308994/Output/ocm04308994_0310.tif /mnt/lsdi/ocm04308994/ocm04308994/Output/ocm04308994_0311.tif /mnt/lsdi/ocm04308994/ocm04308994/Output/ocm04308994_0312.tif /mnt/lsdi/ocm04308994/ocm04308994/Output/ocm04308994_0313.tif /mnt/lsdi/ocm04308994/ocm04308994/Output/ocm04308994_0314.tif /mnt/lsdi/ocm04308994/ocm04308994/Output/ocm04308994_0315.tif /mnt/lsdi/ocm04308994/ocm04308994/Output/ocm04308994_0316.tif /mnt/lsdi/ocm04308994/ocm04308994/Output/ocm04308994_0317.tif /mnt/lsdi/ocm04308994/ocm04308994/Output/ocm04308994_0318.tif /mnt/lsdi/ocm04308994/ocm04308994/Output/ocm04308994_0319.tif /mnt/lsdi/ocm04308994/ocm04308994/Output/ocm04308994_0320.tif /mnt/lsdi/ocm04308994/ocm04308994/Output/ocm04308994_0321.tif /mnt/lsdi/ocm04308994/ocm04308994/Output/ocm04308994_0322.tif /mnt/lsdi/ocm04308994/ocm04308994/Output/ocm04308994_0323.tif /mnt/lsdi/ocm04308994/ocm04308994/Output/ocm04308994_0324.tif /mnt/lsdi/ocm04308994/ocm04308994/Output/ocm04308994_0325.tif /mnt/lsdi/ocm04308994/ocm04308994/Output/ocm04308994_0326.tif /mnt/lsdi/ocm04308994/ocm04308994/Output/ocm04308994_0327.tif /mnt/lsdi/ocm04308994/ocm04308994/Output/ocm04308994_0328.tif /mnt/lsdi/ocm04308994/ocm04308994/Output/ocm04308994_0329.tif /mnt/lsdi/ocm04308994/ocm04308994/Output/ocm04308994_0330.tif /mnt/lsdi/ocm04308994/ocm04308994/Output/ocm04308994_0331.tif /mnt/lsdi/ocm04308994/ocm04308994/Output/ocm04308994_0332.tif /mnt/lsdi/ocm04308994/ocm04308994/Output/ocm04308994_0333.tif /mnt/lsdi/ocm04308994/ocm04308994/Output/ocm04308994_0334.tif /mnt/lsdi/ocm04308994/ocm04308994/Output/ocm04308994_0335.tif /mnt/lsdi/ocm04308994/ocm04308994/Output/ocm04308994_0336.tif /mnt/lsdi/ocm04308994/ocm04308994/Output/ocm04308994_0337.tif /mnt/lsdi/ocm04308994/ocm04308994/Output/ocm04308994_0338.tif
  adding: mnt/lsdi/ocm04308994/ocm04308994/Output/ocm04308994_0001.tif (deflated 5%)
  adding: mnt/lsdi/ocm04308994/ocm04308994/Output/ocm04308994_0002.tif (deflated 4%)
  adding: mnt/lsdi/ocm04308994/ocm04308994/Output/ocm04308994_0003.tif (deflated 84%)
  adding: mnt/lsdi/ocm04308994/ocm04308994/Output/ocm04308994_0004.tif (deflated 4%)
  adding: mnt/lsdi/ocm04308994/ocm04308994/Output/ocm04308994_0005.tif (deflated 84%)
  adding: mnt/lsdi/ocm04308994/ocm04308994/Output/ocm04308994_0006.tif (deflated 3%)
  adding: mnt/lsdi/ocm04308994/ocm04308994/Output/ocm04308994_0007.tif (deflated 3%)
  adding: mnt/lsdi/ocm04308994/ocm04308994/Output/ocm04308994_0008.tif (deflated 3%)
  adding: mnt/lsdi/ocm04308994/ocm04308994/Output/ocm04308994_0009.tif (deflated 3%)
  adding: mnt/lsdi/ocm04308994/ocm04308994/Output/ocm04308994_0010.tif (deflated 3%)
  adding: mnt/lsdi/ocm04308994/ocm04308994/Output/ocm04308994_0011.tif (deflated 3%)
  adding: mnt/lsdi/ocm04308994/ocm04308994/Output/ocm04308994_0012.tif (deflated 4%)
  adding: mnt/lsdi/ocm04308994/ocm04308994/Output/ocm04308994_0013.tif (deflated 3%)
  adding: mnt/lsdi/ocm04308994/ocm04308994/Output/ocm04308994_0014.tif (deflated 3%)
  adding: mnt/lsdi/ocm04308994/ocm04308994/Output/ocm04308994_0015.tif (deflated 3%)
  adding: mnt/lsdi/ocm04308994/ocm04308994/Output/ocm04308994_0016.tif (deflated 3%)
  adding: mnt/lsdi/ocm04308994/ocm04308994/Output/ocm04308994_0017.tif (deflated 3%)
  adding: mnt/lsdi/ocm04308994/ocm04308994/Output/ocm04308994_0018.tif (deflated 3%)
  adding: mnt/lsdi/ocm04308994/ocm04308994/Output/ocm04308994_0019.tif (deflated 3%)
  adding: mnt/lsdi/ocm04308994/ocm04308994/Output/ocm04308994_0020.tif (deflated 3%)
  adding: mnt/lsdi/ocm04308994/ocm04308994/Output/ocm04308994_0021.tif (deflated 3%)
  adding: mnt/lsdi/ocm04308994/ocm04308994/Output/ocm04308994_0022.tif (deflated 3%)
  adding: mnt/lsdi/ocm04308994/ocm04308994/Output/ocm04308994_0023.tif (deflated 3%)
  adding: mnt/lsdi/ocm04308994/ocm04308994/Output/ocm04308994_0024.tif (deflated 3%)
  adding: mnt/lsdi/ocm04308994/ocm04308994/Output/ocm04308994_0025.tif (deflated 3%)
  adding: mnt/lsdi/ocm04308994/ocm04308994/Output/ocm04308994_0026.tif (deflated 3%)
  adding: mnt/lsdi/ocm04308994/ocm04308994/Output/ocm04308994_0027.tif (deflated 3%)
  adding: mnt/lsdi/ocm04308994/ocm04308994/Output/ocm04308994_0028.tif (deflated 3%)
  adding: mnt/lsdi/ocm04308994/ocm04308994/Output/ocm04308994_0029.tif (deflated 3%)
  adding: mnt/lsdi/ocm04308994/ocm04308994/Output/ocm04308994_0030.tif (deflated 3%)
  adding: mnt/lsdi/ocm04308994/ocm04308994/Output/ocm04308994_0031.tif (deflated 3%)
  adding: mnt/lsdi/ocm04308994/ocm04308994/Output/ocm04308994_0032.tif (deflated 4%)
  adding: mnt/lsdi/ocm04308994/ocm04308994/Output/ocm04308994_0033.tif (deflated 3%)
  adding: mnt/lsdi/ocm04308994/ocm04308994/Output/ocm04308994_0034.tif (deflated 3%)
  adding: mnt/lsdi/ocm04308994/ocm04308994/Output/ocm04308994_0035.tif (deflated 3%)
  adding: mnt/lsdi/ocm04308994/ocm04308994/Output/ocm04308994_0036.tif (deflated 3%)
  adding: mnt/lsdi/ocm04308994/ocm04308994/Output/ocm04308994_0037.tif (deflated 3%)
  adding: mnt/lsdi/ocm04308994/ocm04308994/Output/ocm04308994_0038.tif (deflated 3%)
  adding: mnt/lsdi/ocm04308994/ocm04308994/Output/ocm04308994_0039.tif (deflated 3%)
  adding: mnt/lsdi/ocm04308994/ocm04308994/Output/ocm04308994_0040.tif (deflated 3%)
  adding: mnt/lsdi/ocm04308994/ocm04308994/Output/ocm04308994_0041.tif (deflated 3%)
  adding: mnt/lsdi/ocm04308994/ocm04308994/Output/ocm04308994_0042.tif (deflated 3%)
  adding: mnt/lsdi/ocm04308994/ocm04308994/Output/ocm04308994_0043.tif (deflated 3%)
  adding: mnt/lsdi/ocm04308994/ocm04308994/Output/ocm04308994_0044.tif (deflated 3%)
  adding: mnt/lsdi/ocm04308994/ocm04308994/Output/ocm04308994_0045.tif (deflated 3%)
  adding: mnt/lsdi/ocm04308994/ocm04308994/Output/ocm04308994_0046.tif (deflated 3%)
  adding: mnt/lsdi/ocm04308994/ocm04308994/Output/ocm04308994_0047.tif (deflated 3%)
  adding: mnt/lsdi/ocm04308994/ocm04308994/Output/ocm04308994_0048.tif (deflated 3%)
  adding: mnt/lsdi/ocm04308994/ocm04308994/Output/ocm04308994_0049.tif (deflated 3%)
  adding: mnt/lsdi/ocm04308994/ocm04308994/Output/ocm04308994_0050.tif (deflated 3%)
  adding: mnt/lsdi/ocm04308994/ocm04308994/Output/ocm04308994_0051.tif (deflated 3%)
  adding: mnt/lsdi/ocm04308994/ocm04308994/Output/ocm04308994_0052.tif (deflated 3%)
  adding: mnt/lsdi/ocm04308994/ocm04308994/Output/ocm04308994_0053.tif (deflated 3%)
  adding: mnt/lsdi/ocm04308994/ocm04308994/Output/ocm04308994_0054.tif (deflated 3%)
  adding: mnt/lsdi/ocm04308994/ocm04308994/Output/ocm04308994_0055.tif (deflated 3%)
  adding: mnt/lsdi/ocm04308994/ocm04308994/Output/ocm04308994_0056.tif (deflated 3%)
  adding: mnt/lsdi/ocm04308994/ocm04308994/Output/ocm04308994_0057.tif (deflated 3%)
  adding: mnt/lsdi/ocm04308994/ocm04308994/Output/ocm04308994_0058.tif (deflated 3%)
  adding: mnt/lsdi/ocm04308994/ocm04308994/Output/ocm04308994_0059.tif (deflated 3%)
  adding: mnt/lsdi/ocm04308994/ocm04308994/Output/ocm04308994_0060.tif (deflated 3%)
  adding: mnt/lsdi/ocm04308994/ocm04308994/Output/ocm04308994_0061.tif (deflated 3%)
  adding: mnt/lsdi/ocm04308994/ocm04308994/Output/ocm04308994_0062.tif (deflated 3%)
  adding: mnt/lsdi/ocm04308994/ocm04308994/Output/ocm04308994_0063.tif (deflated 3%)
  adding: mnt/lsdi/ocm04308994/ocm04308994/Output/ocm04308994_0064.tif (deflated 3%)
  adding: mnt/lsdi/ocm04308994/ocm04308994/Output/ocm04308994_0065.tif (deflated 3%)
  adding: mnt/lsdi/ocm04308994/ocm04308994/Output/ocm04308994_0066.tif (deflated 3%)
  adding: mnt/lsdi/ocm04308994/ocm04308994/Output/ocm04308994_0067.tif (deflated 3%)
  adding: mnt/lsdi/ocm04308994/ocm04308994/Output/ocm04308994_0068.tif (deflated 3%)
  adding: mnt/lsdi/ocm04308994/ocm04308994/Output/ocm04308994_0069.tif (deflated 3%)
  adding: mnt/lsdi/ocm04308994/ocm04308994/Output/ocm04308994_0070.tif (deflated 3%)
  adding: mnt/lsdi/ocm04308994/ocm04308994/Output/ocm04308994_0071.tif (deflated 3%)
  adding: mnt/lsdi/ocm04308994/ocm04308994/Output/ocm04308994_0072.tif (deflated 3%)
  adding: mnt/lsdi/ocm04308994/ocm04308994/Output/ocm04308994_0073.tif (deflated 2%)
  adding: mnt/lsdi/ocm04308994/ocm04308994/Output/ocm04308994_0074.tif (deflated 3%)
  adding: mnt/lsdi/ocm04308994/ocm04308994/Output/ocm04308994_0075.tif (deflated 3%)
  adding: mnt/lsdi/ocm04308994/ocm04308994/Output/ocm04308994_0076.tif (deflated 3%)
  adding: mnt/lsdi/ocm04308994/ocm04308994/Output/ocm04308994_0077.tif (deflated 3%)
  adding: mnt/lsdi/ocm04308994/ocm04308994/Output/ocm04308994_0078.tif (deflated 3%)
  adding: mnt/lsdi/ocm04308994/ocm04308994/Output/ocm04308994_0079.tif (deflated 3%)
  adding: mnt/lsdi/ocm04308994/ocm04308994/Output/ocm04308994_0080.tif (deflated 3%)
  adding: mnt/lsdi/ocm04308994/ocm04308994/Output/ocm04308994_0081.tif (deflated 3%)
  adding: mnt/lsdi/ocm04308994/ocm04308994/Output/ocm04308994_0082.tif (deflated 3%)
  adding: mnt/lsdi/ocm04308994/ocm04308994/Output/ocm04308994_0083.tif (deflated 3%)
  adding: mnt/lsdi/ocm04308994/ocm04308994/Output/ocm04308994_0084.tif (deflated 3%)
  adding: mnt/lsdi/ocm04308994/ocm04308994/Output/ocm04308994_0085.tif (deflated 3%)
  adding: mnt/lsdi/ocm04308994/ocm04308994/Output/ocm04308994_0086.tif (deflated 3%)
  adding: mnt/lsdi/ocm04308994/ocm04308994/Output/ocm04308994_0087.tif (deflated 3%)
  adding: mnt/lsdi/ocm04308994/ocm04308994/Output/ocm04308994_0088.tif (deflated 3%)
  adding: mnt/lsdi/ocm04308994/ocm04308994/Output/ocm04308994_0089.tif (deflated 3%)
  adding: mnt/lsdi/ocm04308994/ocm04308994/Output/ocm04308994_0090.tif (deflated 3%)
  adding: mnt/lsdi/ocm04308994/ocm04308994/Output/ocm04308994_0091.tif (deflated 3%)
  adding: mnt/lsdi/ocm04308994/ocm04308994/Output/ocm04308994_0092.tif (deflated 3%)
  adding: mnt/lsdi/ocm04308994/ocm04308994/Output/ocm04308994_0093.tif (deflated 3%)
  adding: mnt/lsdi/ocm04308994/ocm04308994/Output/ocm04308994_0094.tif (deflated 3%)
  adding: mnt/lsdi/ocm04308994/ocm04308994/Output/ocm04308994_0095.tif (deflated 3%)
  adding: mnt/lsdi/ocm04308994/ocm04308994/Output/ocm04308994_0096.tif (deflated 3%)
  adding: mnt/lsdi/ocm04308994/ocm04308994/Output/ocm04308994_0097.tif (deflated 3%)
  adding: mnt/lsdi/ocm04308994/ocm04308994/Output/ocm04308994_0098.tif (deflated 3%)
  adding: mnt/lsdi/ocm04308994/ocm04308994/Output/ocm04308994_0099.tif (deflated 3%)
  adding: mnt/lsdi/ocm04308994/ocm04308994/Output/ocm04308994_0100.tif (deflated 3%)
  adding: mnt/lsdi/ocm04308994/ocm04308994/Output/ocm04308994_0101.tif (deflated 3%)
  adding: mnt/lsdi/ocm04308994/ocm04308994/Output/ocm04308994_0102.tif (deflated 3%)
  adding: mnt/lsdi/ocm04308994/ocm04308994/Output/ocm04308994_0103.tif (deflated 3%)
  adding: mnt/lsdi/ocm04308994/ocm04308994/Output/ocm04308994_0104.tif (deflated 3%)
  adding: mnt/lsdi/ocm04308994/ocm04308994/Output/ocm04308994_0105.tif (deflated 3%)
  adding: mnt/lsdi/ocm04308994/ocm04308994/Output/ocm04308994_0106.tif (deflated 3%)
  adding: mnt/lsdi/ocm04308994/ocm04308994/Output/ocm04308994_0107.tif (deflated 3%)
  adding: mnt/lsdi/ocm04308994/ocm04308994/Output/ocm04308994_0108.tif (deflated 3%)
  adding: mnt/lsdi/ocm04308994/ocm04308994/Output/ocm04308994_0109.tif (deflated 3%)
  adding: mnt/lsdi/ocm04308994/ocm04308994/Output/ocm04308994_0110.tif (deflated 3%)
  adding: mnt/lsdi/ocm04308994/ocm04308994/Output/ocm04308994_0111.tif (deflated 3%)
  adding: mnt/lsdi/ocm04308994/ocm04308994/Output/ocm04308994_0112.tif (deflated 3%)
  adding: mnt/lsdi/ocm04308994/ocm04308994/Output/ocm04308994_0113.tif (deflated 3%)
  adding: mnt/lsdi/ocm04308994/ocm04308994/Output/ocm04308994_0114.tif (deflated 3%)
  adding: mnt/lsdi/ocm04308994/ocm04308994/Output/ocm04308994_0115.tif (deflated 3%)
  adding: mnt/lsdi/ocm04308994/ocm04308994/Output/ocm04308994_0116.tif (deflated 3%)
  adding: mnt/lsdi/ocm04308994/ocm04308994/Output/ocm04308994_0117.tif (deflated 3%)
  adding: mnt/lsdi/ocm04308994/ocm04308994/Output/ocm04308994_0118.tif (deflated 3%)
  adding: mnt/lsdi/ocm04308994/ocm04308994/Output/ocm04308994_0119.tif (deflated 3%)
  adding: mnt/lsdi/ocm04308994/ocm04308994/Output/ocm04308994_0120.tif (deflated 3%)
  adding: mnt/lsdi/ocm04308994/ocm04308994/Output/ocm04308994_0121.tif (deflated 3%)
  adding: mnt/lsdi/ocm04308994/ocm04308994/Output/ocm04308994_0122.tif (deflated 3%)
  adding: mnt/lsdi/ocm04308994/ocm04308994/Output/ocm04308994_0123.tif (deflated 3%)
  adding: mnt/lsdi/ocm04308994/ocm04308994/Output/ocm04308994_0124.tif (deflated 3%)
  adding: mnt/lsdi/ocm04308994/ocm04308994/Output/ocm04308994_0125.tif (deflated 3%)
  adding: mnt/lsdi/ocm04308994/ocm04308994/Output/ocm04308994_0126.tif (deflated 3%)
  adding: mnt/lsdi/ocm04308994/ocm04308994/Output/ocm04308994_0127.tif (deflated 3%)
  adding: mnt/lsdi/ocm04308994/ocm04308994/Output/ocm04308994_0128.tif (deflated 3%)
  adding: mnt/lsdi/ocm04308994/ocm04308994/Output/ocm04308994_0129.tif (deflated 3%)
  adding: mnt/lsdi/ocm04308994/ocm04308994/Output/ocm04308994_0130.tif (deflated 3%)
  adding: mnt/lsdi/ocm04308994/ocm04308994/Output/ocm04308994_0131.tif (deflated 3%)
  adding: mnt/lsdi/ocm04308994/ocm04308994/Output/ocm04308994_0132.tif (deflated 3%)
  adding: mnt/lsdi/ocm04308994/ocm04308994/Output/ocm04308994_0133.tif (deflated 3%)
  adding: mnt/lsdi/ocm04308994/ocm04308994/Output/ocm04308994_0134.tif (deflated 3%)
  adding: mnt/lsdi/ocm04308994/ocm04308994/Output/ocm04308994_0135.tif (deflated 3%)
  adding: mnt/lsdi/ocm04308994/ocm04308994/Output/ocm04308994_0136.tif (deflated 3%)
  adding: mnt/lsdi/ocm04308994/ocm04308994/Output/ocm04308994_0137.tif (deflated 3%)
  adding: mnt/lsdi/ocm04308994/ocm04308994/Output/ocm04308994_0138.tif (deflated 3%)
  adding: mnt/lsdi/ocm04308994/ocm04308994/Output/ocm04308994_0139.tif (deflated 3%)
  adding: mnt/lsdi/ocm04308994/ocm04308994/Output/ocm04308994_0140.tif (deflated 3%)
  adding: mnt/lsdi/ocm04308994/ocm04308994/Output/ocm04308994_0141.tif (deflated 3%)
  adding: mnt/lsdi/ocm04308994/ocm04308994/Output/ocm04308994_0142.tif (deflated 3%)
  adding: mnt/lsdi/ocm04308994/ocm04308994/Output/ocm04308994_0143.tif (deflated 2%)
  adding: mnt/lsdi/ocm04308994/ocm04308994/Output/ocm04308994_0144.tif (deflated 3%)
  adding: mnt/lsdi/ocm04308994/ocm04308994/Output/ocm04308994_0145.tif (deflated 3%)
  adding: mnt/lsdi/ocm04308994/ocm04308994/Output/ocm04308994_0146.tif (deflated 3%)
  adding: mnt/lsdi/ocm04308994/ocm04308994/Output/ocm04308994_0147.tif (deflated 3%)
  adding: mnt/lsdi/ocm04308994/ocm04308994/Output/ocm04308994_0148.tif (deflated 3%)
  adding: mnt/lsdi/ocm04308994/ocm04308994/Output/ocm04308994_0149.tif (deflated 3%)
  adding: mnt/lsdi/ocm04308994/ocm04308994/Output/ocm04308994_0150.tif (deflated 3%)
  adding: mnt/lsdi/ocm04308994/ocm04308994/Output/ocm04308994_0151.tif (deflated 3%)
  adding: mnt/lsdi/ocm04308994/ocm04308994/Output/ocm04308994_0152.tif (deflated 3%)
  adding: mnt/lsdi/ocm04308994/ocm04308994/Output/ocm04308994_0153.tif (deflated 3%)
  adding: mnt/lsdi/ocm04308994/ocm04308994/Output/ocm04308994_0154.tif (deflated 3%)
  adding: mnt/lsdi/ocm04308994/ocm04308994/Output/ocm04308994_0155.tif (deflated 3%)
  adding: mnt/lsdi/ocm04308994/ocm04308994/Output/ocm04308994_0156.tif (deflated 3%)
  adding: mnt/lsdi/ocm04308994/ocm04308994/Output/ocm04308994_0157.tif (deflated 3%)
  adding: mnt/lsdi/ocm04308994/ocm04308994/Output/ocm04308994_0158.tif (deflated 3%)
  adding: mnt/lsdi/ocm04308994/ocm04308994/Output/ocm04308994_0159.tif (deflated 3%)
  adding: mnt/lsdi/ocm04308994/ocm04308994/Output/ocm04308994_0160.tif (deflated 3%)
  adding: mnt/lsdi/ocm04308994/ocm04308994/Output/ocm04308994_0161.tif (deflated 3%)
  adding: mnt/lsdi/ocm04308994/ocm04308994/Output/ocm04308994_0162.tif (deflated 3%)
  adding: mnt/lsdi/ocm04308994/ocm04308994/Output/ocm04308994_0163.tif (deflated 3%)
  adding: mnt/lsdi/ocm04308994/ocm04308994/Output/ocm04308994_0164.tif (deflated 3%)
  adding: mnt/lsdi/ocm04308994/ocm04308994/Output/ocm04308994_0165.tif (deflated 3%)
  adding: mnt/lsdi/ocm04308994/ocm04308994/Output/ocm04308994_0166.tif (deflated 3%)
  adding: mnt/lsdi/ocm04308994/ocm04308994/Output/ocm04308994_0167.tif (deflated 3%)
  adding: mnt/lsdi/ocm04308994/ocm04308994/Output/ocm04308994_0168.tif (deflated 3%)
  adding: mnt/lsdi/ocm04308994/ocm04308994/Output/ocm04308994_0169.tif (deflated 2%)
  adding: mnt/lsdi/ocm04308994/ocm04308994/Output/ocm04308994_0170.tif (deflated 3%)
  adding: mnt/lsdi/ocm04308994/ocm04308994/Output/ocm04308994_0171.tif (deflated 2%)
  adding: mnt/lsdi/ocm04308994/ocm04308994/Output/ocm04308994_0172.tif (deflated 3%)
  adding: mnt/lsdi/ocm04308994/ocm04308994/Output/ocm04308994_0173.tif (deflated 3%)
  adding: mnt/lsdi/ocm04308994/ocm04308994/Output/ocm04308994_0174.tif (deflated 3%)
  adding: mnt/lsdi/ocm04308994/ocm04308994/Output/ocm04308994_0175.tif (deflated 3%)
  adding: mnt/lsdi/ocm04308994/ocm04308994/Output/ocm04308994_0176.tif (deflated 3%)
  adding: mnt/lsdi/ocm04308994/ocm04308994/Output/ocm04308994_0177.tif (deflated 2%)
  adding: mnt/lsdi/ocm04308994/ocm04308994/Output/ocm04308994_0178.tif (deflated 3%)
  adding: mnt/lsdi/ocm04308994/ocm04308994/Output/ocm04308994_0179.tif (deflated 3%)
  adding: mnt/lsdi/ocm04308994/ocm04308994/Output/ocm04308994_0180.tif (deflated 3%)
  adding: mnt/lsdi/ocm04308994/ocm04308994/Output/ocm04308994_0181.tif (deflated 2%)
  adding: mnt/lsdi/ocm04308994/ocm04308994/Output/ocm04308994_0182.tif (deflated 3%)
  adding: mnt/lsdi/ocm04308994/ocm04308994/Output/ocm04308994_0183.tif (deflated 3%)
  adding: mnt/lsdi/ocm04308994/ocm04308994/Output/ocm04308994_0184.tif (deflated 2%)
  adding: mnt/lsdi/ocm04308994/ocm04308994/Output/ocm04308994_0185.tif (deflated 3%)
  adding: mnt/lsdi/ocm04308994/ocm04308994/Output/ocm04308994_0186.tif (deflated 3%)
  adding: mnt/lsdi/ocm04308994/ocm04308994/Output/ocm04308994_0187.tif (deflated 3%)
  adding: mnt/lsdi/ocm04308994/ocm04308994/Output/ocm04308994_0188.tif (deflated 3%)
  adding: mnt/lsdi/ocm04308994/ocm04308994/Output/ocm04308994_0189.tif (deflated 3%)
  adding: mnt/lsdi/ocm04308994/ocm04308994/Output/ocm04308994_0190.tif (deflated 3%)
  adding: mnt/lsdi/ocm04308994/ocm04308994/Output/ocm04308994_0191.tif (deflated 3%)
  adding: mnt/lsdi/ocm04308994/ocm04308994/Output/ocm04308994_0192.tif (deflated 3%)
  adding: mnt/lsdi/ocm04308994/ocm04308994/Output/ocm04308994_0193.tif (deflated 3%)
  adding: mnt/lsdi/ocm04308994/ocm04308994/Output/ocm04308994_0194.tif (deflated 3%)
  adding: mnt/lsdi/ocm04308994/ocm04308994/Output/ocm04308994_0195.tif (deflated 2%)
  adding: mnt/lsdi/ocm04308994/ocm04308994/Output/ocm04308994_0196.tif (deflated 3%)
  adding: mnt/lsdi/ocm04308994/ocm04308994/Output/ocm04308994_0197.tif (deflated 3%)
  adding: mnt/lsdi/ocm04308994/ocm04308994/Output/ocm04308994_0198.tif (deflated 3%)
  adding: mnt/lsdi/ocm04308994/ocm04308994/Output/ocm04308994_0199.tif (deflated 2%)
  adding: mnt/lsdi/ocm04308994/ocm04308994/Output/ocm04308994_0200.tif (deflated 3%)
  adding: mnt/lsdi/ocm04308994/ocm04308994/Output/ocm04308994_0201.tif (deflated 2%)
  adding: mnt/lsdi/ocm04308994/ocm04308994/Output/ocm04308994_0202.tif (deflated 3%)
  adding: mnt/lsdi/ocm04308994/ocm04308994/Output/ocm04308994_0203.tif (deflated 3%)
  adding: mnt/lsdi/ocm04308994/ocm04308994/Output/ocm04308994_0204.tif (deflated 3%)
  adding: mnt/lsdi/ocm04308994/ocm04308994/Output/ocm04308994_0205.tif (deflated 3%)
  adding: mnt/lsdi/ocm04308994/ocm04308994/Output/ocm04308994_0206.tif (deflated 3%)
  adding: mnt/lsdi/ocm04308994/ocm04308994/Output/ocm04308994_0207.tif (deflated 3%)
  adding: mnt/lsdi/ocm04308994/ocm04308994/Output/ocm04308994_0208.tif (deflated 3%)
  adding: mnt/lsdi/ocm04308994/ocm04308994/Output/ocm04308994_0209.tif (deflated 3%)
  adding: mnt/lsdi/ocm04308994/ocm04308994/Output/ocm04308994_0210.tif (deflated 3%)
  adding: mnt/lsdi/ocm04308994/ocm04308994/Output/ocm04308994_0211.tif (deflated 3%)
  adding: mnt/lsdi/ocm04308994/ocm04308994/Output/ocm04308994_0212.tif (deflated 3%)
  adding: mnt/lsdi/ocm04308994/ocm04308994/Output/ocm04308994_0213.tif (deflated 3%)
  adding: mnt/lsdi/ocm04308994/ocm04308994/Output/ocm04308994_0214.tif (deflated 3%)
  adding: mnt/lsdi/ocm04308994/ocm04308994/Output/ocm04308994_0215.tif (deflated 3%)
  adding: mnt/lsdi/ocm04308994/ocm04308994/Output/ocm04308994_0216.tif (deflated 3%)
  adding: mnt/lsdi/ocm04308994/ocm04308994/Output/ocm04308994_0217.tif (deflated 3%)
  adding: mnt/lsdi/ocm04308994/ocm04308994/Output/ocm04308994_0218.tif (deflated 3%)
  adding: mnt/lsdi/ocm04308994/ocm04308994/Output/ocm04308994_0219.tif (deflated 3%)
  adding: mnt/lsdi/ocm04308994/ocm04308994/Output/ocm04308994_0220.tif (deflated 3%)
  adding: mnt/lsdi/ocm04308994/ocm04308994/Output/ocm04308994_0221.tif (deflated 2%)
  adding: mnt/lsdi/ocm04308994/ocm04308994/Output/ocm04308994_0222.tif (deflated 3%)
  adding: mnt/lsdi/ocm04308994/ocm04308994/Output/ocm04308994_0223.tif (deflated 2%)
  adding: mnt/lsdi/ocm04308994/ocm04308994/Output/ocm04308994_0224.tif (deflated 3%)
  adding: mnt/lsdi/ocm04308994/ocm04308994/Output/ocm04308994_0225.tif (deflated 3%)
  adding: mnt/lsdi/ocm04308994/ocm04308994/Output/ocm04308994_0226.tif (deflated 3%)
  adding: mnt/lsdi/ocm04308994/ocm04308994/Output/ocm04308994_0227.tif (deflated 3%)
  adding: mnt/lsdi/ocm04308994/ocm04308994/Output/ocm04308994_0228.tif (deflated 3%)
  adding: mnt/lsdi/ocm04308994/ocm04308994/Output/ocm04308994_0229.tif (deflated 3%)
  adding: mnt/lsdi/ocm04308994/ocm04308994/Output/ocm04308994_0230.tif (deflated 3%)
  adding: mnt/lsdi/ocm04308994/ocm04308994/Output/ocm04308994_0231.tif (deflated 3%)
  adding: mnt/lsdi/ocm04308994/ocm04308994/Output/ocm04308994_0232.tif (deflated 3%)
  adding: mnt/lsdi/ocm04308994/ocm04308994/Output/ocm04308994_0233.tif (deflated 3%)
  adding: mnt/lsdi/ocm04308994/ocm04308994/Output/ocm04308994_0234.tif (deflated 3%)
  adding: mnt/lsdi/ocm04308994/ocm04308994/Output/ocm04308994_0235.tif (deflated 3%)
  adding: mnt/lsdi/ocm04308994/ocm04308994/Output/ocm04308994_0236.tif (deflated 3%)
  adding: mnt/lsdi/ocm04308994/ocm04308994/Output/ocm04308994_0237.tif (deflated 3%)
  adding: mnt/lsdi/ocm04308994/ocm04308994/Output/ocm04308994_0238.tif (deflated 3%)
  adding: mnt/lsdi/ocm04308994/ocm04308994/Output/ocm04308994_0239.tif (deflated 3%)
  adding: mnt/lsdi/ocm04308994/ocm04308994/Output/ocm04308994_0240.tif (deflated 3%)
  adding: mnt/lsdi/ocm04308994/ocm04308994/Output/ocm04308994_0241.tif (deflated 3%)
  adding: mnt/lsdi/ocm04308994/ocm04308994/Output/ocm04308994_0242.tif (deflated 3%)
  adding: mnt/lsdi/ocm04308994/ocm04308994/Output/ocm04308994_0243.tif (deflated 3%)
  adding: mnt/lsdi/ocm04308994/ocm04308994/Output/ocm04308994_0244.tif (deflated 3%)
  adding: mnt/lsdi/ocm04308994/ocm04308994/Output/ocm04308994_0245.tif (deflated 3%)
  adding: mnt/lsdi/ocm04308994/ocm04308994/Output/ocm04308994_0246.tif (deflated 3%)
  adding: mnt/lsdi/ocm04308994/ocm04308994/Output/ocm04308994_0247.tif (deflated 3%)
  adding: mnt/lsdi/ocm04308994/ocm04308994/Output/ocm04308994_0248.tif (deflated 3%)
  adding: mnt/lsdi/ocm04308994/ocm04308994/Output/ocm04308994_0249.tif (deflated 3%)
  adding: mnt/lsdi/ocm04308994/ocm04308994/Output/ocm04308994_0250.tif (deflated 3%)
  adding: mnt/lsdi/ocm04308994/ocm04308994/Output/ocm04308994_0251.tif (deflated 3%)
  adding: mnt/lsdi/ocm04308994/ocm04308994/Output/ocm04308994_0252.tif (deflated 3%)
  adding: mnt/lsdi/ocm04308994/ocm04308994/Output/ocm04308994_0253.tif (deflated 3%)
  adding: mnt/lsdi/ocm04308994/ocm04308994/Output/ocm04308994_0254.tif (deflated 3%)
  adding: mnt/lsdi/ocm04308994/ocm04308994/Output/ocm04308994_0255.tif (deflated 3%)
  adding: mnt/lsdi/ocm04308994/ocm04308994/Output/ocm04308994_0256.tif (deflated 3%)
  adding: mnt/lsdi/ocm04308994/ocm04308994/Output/ocm04308994_0257.tif (deflated 3%)
  adding: mnt/lsdi/ocm04308994/ocm04308994/Output/ocm04308994_0258.tif (deflated 3%)
  adding: mnt/lsdi/ocm04308994/ocm04308994/Output/ocm04308994_0259.tif (deflated 3%)
  adding: mnt/lsdi/ocm04308994/ocm04308994/Output/ocm04308994_0260.tif (deflated 3%)
  adding: mnt/lsdi/ocm04308994/ocm04308994/Output/ocm04308994_0261.tif (deflated 3%)
  adding: mnt/lsdi/ocm04308994/ocm04308994/Output/ocm04308994_0262.tif (deflated 3%)
  adding: mnt/lsdi/ocm04308994/ocm04308994/Output/ocm04308994_0263.tif (deflated 3%)
  adding: mnt/lsdi/ocm04308994/ocm04308994/Output/ocm04308994_0264.tif (deflated 3%)
  adding: mnt/lsdi/ocm04308994/ocm04308994/Output/ocm04308994_0265.tif (deflated 2%)
  adding: mnt/lsdi/ocm04308994/ocm04308994/Output/ocm04308994_0266.tif (deflated 3%)
  adding: mnt/lsdi/ocm04308994/ocm04308994/Output/ocm04308994_0267.tif (deflated 2%)
  adding: mnt/lsdi/ocm04308994/ocm04308994/Output/ocm04308994_0268.tif (deflated 3%)
  adding: mnt/lsdi/ocm04308994/ocm04308994/Output/ocm04308994_0269.tif (deflated 3%)
  adding: mnt/lsdi/ocm04308994/ocm04308994/Output/ocm04308994_0270.tif (deflated 3%)
  adding: mnt/lsdi/ocm04308994/ocm04308994/Output/ocm04308994_0271.tif (deflated 3%)
  adding: mnt/lsdi/ocm04308994/ocm04308994/Output/ocm04308994_0272.tif (deflated 3%)
  adding: mnt/lsdi/ocm04308994/ocm04308994/Output/ocm04308994_0273.tif (deflated 3%)
  adding: mnt/lsdi/ocm04308994/ocm04308994/Output/ocm04308994_0274.tif (deflated 3%)
  adding: mnt/lsdi/ocm04308994/ocm04308994/Output/ocm04308994_0275.tif (deflated 3%)
  adding: mnt/lsdi/ocm04308994/ocm04308994/Output/ocm04308994_0276.tif (deflated 3%)
  adding: mnt/lsdi/ocm04308994/ocm04308994/Output/ocm04308994_0277.tif (deflated 3%)
  adding: mnt/lsdi/ocm04308994/ocm04308994/Output/ocm04308994_0278.tif (deflated 3%)
  adding: mnt/lsdi/ocm04308994/ocm04308994/Output/ocm04308994_0279.tif (deflated 3%)
  adding: mnt/lsdi/ocm04308994/ocm04308994/Output/ocm04308994_0280.tif (deflated 3%)
  adding: mnt/lsdi/ocm04308994/ocm04308994/Output/ocm04308994_0281.tif (deflated 2%)
  adding: mnt/lsdi/ocm04308994/ocm04308994/Output/ocm04308994_0282.tif (deflated 3%)
  adding: mnt/lsdi/ocm04308994/ocm04308994/Output/ocm04308994_0283.tif (deflated 3%)
  adding: mnt/lsdi/ocm04308994/ocm04308994/Output/ocm04308994_0284.tif (deflated 3%)
  adding: mnt/lsdi/ocm04308994/ocm04308994/Output/ocm04308994_0285.tif (deflated 3%)
  adding: mnt/lsdi/ocm04308994/ocm04308994/Output/ocm04308994_0286.tif (deflated 3%)
  adding: mnt/lsdi/ocm04308994/ocm04308994/Output/ocm04308994_0287.tif (deflated 3%)
  adding: mnt/lsdi/ocm04308994/ocm04308994/Output/ocm04308994_0288.tif (deflated 3%)
  adding: mnt/lsdi/ocm04308994/ocm04308994/Output/ocm04308994_0289.tif (deflated 3%)
  adding: mnt/lsdi/ocm04308994/ocm04308994/Output/ocm04308994_0290.tif (deflated 3%)
  adding: mnt/lsdi/ocm04308994/ocm04308994/Output/ocm04308994_0291.tif (deflated 2%)
  adding: mnt/lsdi/ocm04308994/ocm04308994/Output/ocm04308994_0292.tif (deflated 3%)
  adding: mnt/lsdi/ocm04308994/ocm04308994/Output/ocm04308994_0293.tif (deflated 3%)
  adding: mnt/lsdi/ocm04308994/ocm04308994/Output/ocm04308994_0294.tif (deflated 3%)
  adding: mnt/lsdi/ocm04308994/ocm04308994/Output/ocm04308994_0295.tif (deflated 3%)
  adding: mnt/lsdi/ocm04308994/ocm04308994/Output/ocm04308994_0296.tif (deflated 3%)
  adding: mnt/lsdi/ocm04308994/ocm04308994/Output/ocm04308994_0297.tif (deflated 2%)
  adding: mnt/lsdi/ocm04308994/ocm04308994/Output/ocm04308994_0298.tif (deflated 3%)
  adding: mnt/lsdi/ocm04308994/ocm04308994/Output/ocm04308994_0299.tif (deflated 3%)
  adding: mnt/lsdi/ocm04308994/ocm04308994/Output/ocm04308994_0300.tif (deflated 3%)
  adding: mnt/lsdi/ocm04308994/ocm04308994/Output/ocm04308994_0301.tif (deflated 3%)
  adding: mnt/lsdi/ocm04308994/ocm04308994/Output/ocm04308994_0302.tif (deflated 3%)
  adding: mnt/lsdi/ocm04308994/ocm04308994/Output/ocm04308994_0303.tif (deflated 3%)
  adding: mnt/lsdi/ocm04308994/ocm04308994/Output/ocm04308994_0304.tif (deflated 3%)
  adding: mnt/lsdi/ocm04308994/ocm04308994/Output/ocm04308994_0305.tif (deflated 3%)
  adding: mnt/lsdi/ocm04308994/ocm04308994/Output/ocm04308994_0306.tif (deflated 3%)
  adding: mnt/lsdi/ocm04308994/ocm04308994/Output/ocm04308994_0307.tif (deflated 3%)
  adding: mnt/lsdi/ocm04308994/ocm04308994/Output/ocm04308994_0308.tif (deflated 3%)
  adding: mnt/lsdi/ocm04308994/ocm04308994/Output/ocm04308994_0309.tif (deflated 3%)
  adding: mnt/lsdi/ocm04308994/ocm04308994/Output/ocm04308994_0310.tif (deflated 3%)
  adding: mnt/lsdi/ocm04308994/ocm04308994/Output/ocm04308994_0311.tif (deflated 3%)
  adding: mnt/lsdi/ocm04308994/ocm04308994/Output/ocm04308994_0312.tif (deflated 3%)
  adding: mnt/lsdi/ocm04308994/ocm04308994/Output/ocm04308994_0313.tif (deflated 3%)
  adding: mnt/lsdi/ocm04308994/ocm04308994/Output/ocm04308994_0314.tif (deflated 3%)
  adding: mnt/lsdi/ocm04308994/ocm04308994/Output/ocm04308994_0315.tif (deflated 3%)
  adding: mnt/lsdi/ocm04308994/ocm04308994/Output/ocm04308994_0316.tif (deflated 3%)
  adding: mnt/lsdi/ocm04308994/ocm04308994/Output/ocm04308994_0317.tif (deflated 3%)
  adding: mnt/lsdi/ocm04308994/ocm04308994/Output/ocm04308994_0318.tif (deflated 3%)
  adding: mnt/lsdi/ocm04308994/ocm04308994/Output/ocm04308994_0319.tif (deflated 3%)
  adding: mnt/lsdi/ocm04308994/ocm04308994/Output/ocm04308994_0320.tif (deflated 3%)
  adding: mnt/lsdi/ocm04308994/ocm04308994/Output/ocm04308994_0321.tif (deflated 3%)
  adding: mnt/lsdi/ocm04308994/ocm04308994/Output/ocm04308994_0322.tif (deflated 3%)
  adding: mnt/lsdi/ocm04308994/ocm04308994/Output/ocm04308994_0323.tif (deflated 3%)
  adding: mnt/lsdi/ocm04308994/ocm04308994/Output/ocm04308994_0324.tif (deflated 3%)
  adding: mnt/lsdi/ocm04308994/ocm04308994/Output/ocm04308994_0325.tif (deflated 3%)
  adding: mnt/lsdi/ocm04308994/ocm04308994/Output/ocm04308994_0326.tif (deflated 3%)
  adding: mnt/lsdi/ocm04308994/ocm04308994/Output/ocm04308994_0327.tif (deflated 3%)
  adding: mnt/lsdi/ocm04308994/ocm04308994/Output/ocm04308994_0328.tif (deflated 3%)
  adding: mnt/lsdi/ocm04308994/ocm04308994/Output/ocm04308994_0329.tif (deflated 3%)
  adding: mnt/lsdi/ocm04308994/ocm04308994/Output/ocm04308994_0330.tif (deflated 3%)
  adding: mnt/lsdi/ocm04308994/ocm04308994/Output/ocm04308994_0331.tif (deflated 3%)
  adding: mnt/lsdi/ocm04308994/ocm04308994/Output/ocm04308994_0332.tif (deflated 3%)
  adding: mnt/lsdi/ocm04308994/ocm04308994/Output/ocm04308994_0333.tif (deflated 3%)
  adding: mnt/lsdi/ocm04308994/ocm04308994/Output/ocm04308994_0334.tif (deflated 3%)
  adding: mnt/lsdi/ocm04308994/ocm04308994/Output/ocm04308994_0335.tif (deflated 3%)
  adding: mnt/lsdi/ocm04308994/ocm04308994/Output/ocm04308994_0336.tif (deflated 3%)
  adding: mnt/lsdi/ocm04308994/ocm04308994/Output/ocm04308994_0337.tif (deflated 5%)
  adding: mnt/lsdi/ocm04308994/ocm04308994/Output/ocm04308994_0338.tif (deflated 84%)
curl --location --header authorization: LOW fpJYfLnxbLmCEHqU:JQbq6NgBaPrSh98Y --upload-file /temp/ocm04308994_images.zip http://s3.us.archive.org/04308994.emory.edu/04308994_images.zip
  % Total    % Received % Xferd  Average Speed   Time    Time     Time  Current
                                 Dload  Upload   Total   Spent    Left  Speed
  0     0    0     0    0     0      0      0 --:--:-- --:--:-- --:--:--     0  0 22.8M    0     0    0     0      0      0 --:--:--  0:00:01 --:--:--     0  0 22.8M    0     0    0 32768      0  28683  0:13:54  0:00:01  0:13:53 30624  3 22.8M    0     0    3  864k      0   399k  0:00:58  0:00:02  0:00:56  413k  7 22.8M    0     0    7 1776k      0   562k  0:00:41  0:00:03  0:00:38  575k 11 22.8M    0     0   11 2672k      0   642k  0:00:36  0:00:04  0:00:32  653k 15 22.8M    0     0   15 3552k      0   690k  0:00:33  0:00:05  0:00:28  872k 19 22.8M    0     0   19 4480k      0   726k  0:00:32  0:00:06  0:00:26  885k 22 22.8M    0     0   22 5344k      0   749k  0:00:31  0:00:07  0:00:24  901k 26 22.8M    0     0   26 6224k      0   765k  0:00:30  0:00:08  0:00:22  894k 30 22.8M    0     0   30 7104k      0   775k  0:00:30  0:00:09  0:00:21  886k 34 22.8M    0     0   34 7984k      0   786k  0:00:29  0:00:10  0:00:19  885k 37 22.8M    0     0   37 8864k      0   795k  0:00:29  0:00:11  0:00:18  881k 41 22.8M    0     0   41 9696k      0   799k  0:00:29  0:00:12  0:00:17  870k 45 22.8M    0     0   45 10.3M      0   802k  0:00:29  0:00:13  0:00:16  862k 48 22.8M    0     0   48 11.0M      0   797k  0:00:29  0:00:14  0:00:15  836k 51 22.8M    0     0   51 11.7M      0   795k  0:00:29  0:00:15  0:00:14  812k 55 22.8M    0     0   55 12.6M      0   800k  0:00:29  0:00:16  0:00:13  810k 58 22.8M    0     0   58 13.4M      0   801k  0:00:29  0:00:17  0:00:12  807k 62 22.8M    0     0   62 14.2M      0   805k  0:00:29  0:00:18  0:00:11  812k 66 22.8M    0     0   66 15.0M      0   807k  0:00:28  0:00:19  0:00:09  838k 69 22.8M    0     0   69 15.9M      0   812k  0:00:28  0:00:20  0:00:08  864k 73 22.8M    0     0   73 16.7M      0   812k  0:00:28  0:00:21  0:00:07  852k 77 22.8M    0     0   77 17.6M      0   815k  0:00:28  0:00:22  0:00:06  863k 81 22.8M    0     0   81 18.5M      0   818k  0:00:28  0:00:23  0:00:05  869k 84 22.8M    0     0   84 19.3M      0   821k  0:00:28  0:00:24  0:00:04  872k 88 22.8M    0     0   88 20.2M      0   823k  0:00:28  0:00:25  0:00:03  869k 92 22.8M    0     0   92 21.0M      0   826k  0:00:28  0:00:26  0:00:02  885k 96 22.8M    0     0   96 21.9M      0   828k  0:00:28  0:00:27  0:00:01  884k 99 22.8M    0     0   99 22.8M      0   831k  0:00:28  0:00:28 --:--:--  887k100 22.8M    0     0  100 22.8M      0   801k  0:00:29  0:00:29 --:--:--  705k100 22.8M    0     0  100 22.8M      0   774k  0:00:30  0:00:30 --:--:--  530k100 22.8M    0     0  100 22.8M      0   749k  0:00:31  0:00:31 --:--:--  352k100 22.8M    0     0  100 22.8M      0   726k  0:00:32  0:00:32 --:--:--  175k100 22.8M    0     0  100 22.8M      0   704k  0:00:33  0:00:33 --:--:--   831100 22.8M    0     0  100 22.8M      0   684k  0:00:34  0:00:34 --:--:--     0100 22.8M    0     0  100 22.8M      0   664k  0:00:35  0:00:35 --:--:--     0100 22.8M    0     0  100 22.8M      0   646k  0:00:36  0:00:36 --:--:--     0100 22.8M    0     0  100 22.8M      0   628k  0:00:37  0:00:37 --:--:--     0100 22.8M    0     0  100 22.8M      0   612k  0:00:38  0:00:38 --:--:--     0100 22.8M    0     0  100 22.8M      0   584k  0:00:39  0:00:39 --:--:--     0100 22.8M    0     0  100 22.8M      0   570k  0:00:40  0:00:40 --:--:--     0100 22.8M    0     0  100 22.8M      0   556k  0:00:41  0:00:41 --:--:--     0100 22.8M    0     0  100 22.8M      0   543k  0:00:42  0:00:42 --:--:--     0100 22.8M    0     0  100 22.8M      0   531k  0:00:43  0:00:43 --:--:--     0100 22.8M    0     0  100 22.8M      0   519k  0:00:44  0:00:44 --:--:--     0100 22.8M    0     0  100 22.8M      0   508k  0:00:45  0:00:45 --:--:--     0100 22.8M    0     0  100 22.8M      0   508k  0:00:46  0:00:46 --:--:--     0
