07864809
curl --location --header x-amz-auto-make-bucket:1 --header x-archive-ignore-preexisting-bucket:1 --header x-archive-queue-derive:0 --header x-archive-meta-mediatype:texts --header x-archive-meta03-collection:emory --header x-archive-meta01-collection:americanmethodism --header x-archive-meta-sponsor:Emory University, Pitts Theology Library --header x-archive-meta-contributor:Emory University, Pitts Theology Library --header x-archive-meta-ppi:300 --header authorization: LOW fpJYfLnxbLmCEHqU:JQbq6NgBaPrSh98Y --upload-file /mnt/lsdi/ocm07864809/ocm07864809/ocm07864809_MRC.xml http://s3.us.archive.org/07864809.emory.edu/07864809.emory.edu_marc.xml
  % Total    % Received % Xferd  Average Speed   Time    Time     Time  Current
                                 Dload  Upload   Total   Spent    Left  Speed
  0     0    0     0    0     0      0      0 --:--:-- --:--:-- --:--:--     0  0  3141    0     0    0     0      0      0 --:--:-- --:--:-- --:--:--     0100  3141    0     0  100  3141      0   2333  0:00:01  0:00:01 --:--:--  2473
zip -r /temp/ocm07864809_images.zip /mnt/lsdi/ocm07864809/ocm07864809/Output/_0001.tif /mnt/lsdi/ocm07864809/ocm07864809/Output/_0002.tif /mnt/lsdi/ocm07864809/ocm07864809/Output/_0003.tif /mnt/lsdi/ocm07864809/ocm07864809/Output/_0004.tif /mnt/lsdi/ocm07864809/ocm07864809/Output/_0005.tif /mnt/lsdi/ocm07864809/ocm07864809/Output/_0006.tif /mnt/lsdi/ocm07864809/ocm07864809/Output/_0007.tif /mnt/lsdi/ocm07864809/ocm07864809/Output/_0008.tif /mnt/lsdi/ocm07864809/ocm07864809/Output/_0009.tif /mnt/lsdi/ocm07864809/ocm07864809/Output/_0010.tif /mnt/lsdi/ocm07864809/ocm07864809/Output/_0011.tif /mnt/lsdi/ocm07864809/ocm07864809/Output/_0012.tif /mnt/lsdi/ocm07864809/ocm07864809/Output/_0013.tif /mnt/lsdi/ocm07864809/ocm07864809/Output/_0014.tif /mnt/lsdi/ocm07864809/ocm07864809/Output/_0015.tif /mnt/lsdi/ocm07864809/ocm07864809/Output/_0016.tif /mnt/lsdi/ocm07864809/ocm07864809/Output/_0017.tif /mnt/lsdi/ocm07864809/ocm07864809/Output/_0018.tif /mnt/lsdi/ocm07864809/ocm07864809/Output/_0019.tif /mnt/lsdi/ocm07864809/ocm07864809/Output/_0020.tif /mnt/lsdi/ocm07864809/ocm07864809/Output/_0021.tif /mnt/lsdi/ocm07864809/ocm07864809/Output/_0022.tif /mnt/lsdi/ocm07864809/ocm07864809/Output/_0023.tif /mnt/lsdi/ocm07864809/ocm07864809/Output/_0024.tif /mnt/lsdi/ocm07864809/ocm07864809/Output/_0025.tif /mnt/lsdi/ocm07864809/ocm07864809/Output/_0026.tif /mnt/lsdi/ocm07864809/ocm07864809/Output/_0027.tif /mnt/lsdi/ocm07864809/ocm07864809/Output/_0028.tif /mnt/lsdi/ocm07864809/ocm07864809/Output/_0029.tif /mnt/lsdi/ocm07864809/ocm07864809/Output/_0030.tif /mnt/lsdi/ocm07864809/ocm07864809/Output/_0031.tif /mnt/lsdi/ocm07864809/ocm07864809/Output/_0032.tif /mnt/lsdi/ocm07864809/ocm07864809/Output/_0033.tif /mnt/lsdi/ocm07864809/ocm07864809/Output/_0034.tif /mnt/lsdi/ocm07864809/ocm07864809/Output/_0035.tif /mnt/lsdi/ocm07864809/ocm07864809/Output/_0036.tif /mnt/lsdi/ocm07864809/ocm07864809/Output/_0037.tif /mnt/lsdi/ocm07864809/ocm07864809/Output/_0038.tif
  adding: mnt/lsdi/ocm07864809/ocm07864809/Output/_0001.tif (deflated 84%)
  adding: mnt/lsdi/ocm07864809/ocm07864809/Output/_0002.tif (deflated 4%)
  adding: mnt/lsdi/ocm07864809/ocm07864809/Output/_0003.tif (deflated 84%)
  adding: mnt/lsdi/ocm07864809/ocm07864809/Output/_0004.tif (deflated 3%)
  adding: mnt/lsdi/ocm07864809/ocm07864809/Output/_0005.tif (deflated 3%)
  adding: mnt/lsdi/ocm07864809/ocm07864809/Output/_0006.tif (deflated 3%)
  adding: mnt/lsdi/ocm07864809/ocm07864809/Output/_0007.tif (deflated 3%)
  adding: mnt/lsdi/ocm07864809/ocm07864809/Output/_0008.tif (deflated 3%)
  adding: mnt/lsdi/ocm07864809/ocm07864809/Output/_0009.tif (deflated 3%)
  adding: mnt/lsdi/ocm07864809/ocm07864809/Output/_0010.tif (deflated 3%)
  adding: mnt/lsdi/ocm07864809/ocm07864809/Output/_0011.tif (deflated 3%)
  adding: mnt/lsdi/ocm07864809/ocm07864809/Output/_0012.tif (deflated 3%)
  adding: mnt/lsdi/ocm07864809/ocm07864809/Output/_0013.tif (deflated 4%)
  adding: mnt/lsdi/ocm07864809/ocm07864809/Output/_0014.tif (deflated 3%)
  adding: mnt/lsdi/ocm07864809/ocm07864809/Output/_0015.tif (deflated 3%)
  adding: mnt/lsdi/ocm07864809/ocm07864809/Output/_0016.tif (deflated 3%)
  adding: mnt/lsdi/ocm07864809/ocm07864809/Output/_0017.tif (deflated 3%)
  adding: mnt/lsdi/ocm07864809/ocm07864809/Output/_0018.tif (deflated 3%)
  adding: mnt/lsdi/ocm07864809/ocm07864809/Output/_0019.tif (deflated 3%)
  adding: mnt/lsdi/ocm07864809/ocm07864809/Output/_0020.tif (deflated 3%)
  adding: mnt/lsdi/ocm07864809/ocm07864809/Output/_0021.tif (deflated 4%)
  adding: mnt/lsdi/ocm07864809/ocm07864809/Output/_0022.tif (deflated 3%)
  adding: mnt/lsdi/ocm07864809/ocm07864809/Output/_0023.tif (deflated 3%)
  adding: mnt/lsdi/ocm07864809/ocm07864809/Output/_0024.tif (deflated 3%)
  adding: mnt/lsdi/ocm07864809/ocm07864809/Output/_0025.tif (deflated 4%)
  adding: mnt/lsdi/ocm07864809/ocm07864809/Output/_0026.tif (deflated 3%)
  adding: mnt/lsdi/ocm07864809/ocm07864809/Output/_0027.tif (deflated 3%)
  adding: mnt/lsdi/ocm07864809/ocm07864809/Output/_0028.tif (deflated 4%)
  adding: mnt/lsdi/ocm07864809/ocm07864809/Output/_0029.tif (deflated 4%)
  adding: mnt/lsdi/ocm07864809/ocm07864809/Output/_0030.tif (deflated 4%)
  adding: mnt/lsdi/ocm07864809/ocm07864809/Output/_0031.tif (deflated 4%)
  adding: mnt/lsdi/ocm07864809/ocm07864809/Output/_0032.tif (deflated 3%)
  adding: mnt/lsdi/ocm07864809/ocm07864809/Output/_0033.tif (deflated 3%)
  adding: mnt/lsdi/ocm07864809/ocm07864809/Output/_0034.tif (deflated 3%)
  adding: mnt/lsdi/ocm07864809/ocm07864809/Output/_0035.tif (deflated 3%)
  adding: mnt/lsdi/ocm07864809/ocm07864809/Output/_0036.tif (deflated 4%)
  adding: mnt/lsdi/ocm07864809/ocm07864809/Output/_0037.tif (deflated 3%)
  adding: mnt/lsdi/ocm07864809/ocm07864809/Output/_0038.tif (deflated 84%)
curl --location --header authorization: LOW fpJYfLnxbLmCEHqU:JQbq6NgBaPrSh98Y --upload-file /temp/ocm07864809_images.zip http://s3.us.archive.org/07864809.emory.edu/07864809_images.zip
  % Total    % Received % Xferd  Average Speed   Time    Time     Time  Current
                                 Dload  Upload   Total   Spent    Left  Speed
  0     0    0     0    0     0      0      0 --:--:-- --:--:-- --:--:--     0  0 1812k    0     0    0     0      0      0 --:--:--  0:00:01 --:--:--     0 39 1812k    0     0   39  720k      0   390k  0:00:04  0:00:01  0:00:03  407k 85 1812k    0     0   85 1552k      0   547k  0:00:03  0:00:02  0:00:01  562k100 1812k    0     0  100 1812k      0   427k  0:00:04  0:00:04 --:--:--  436k100 1812k    0     0  100 1812k      0   427k  0:00:04  0:00:04 --:--:--  435k
