09990038
curl --location --header x-amz-auto-make-bucket:1 --header x-archive-ignore-preexisting-bucket:1 --header x-archive-queue-derive:0 --header x-archive-meta-mediatype:texts --header x-archive-meta03-collection:emory --header x-archive-meta01-collection:americanmethodism --header x-archive-meta-sponsor:Emory University, Pitts Theology Library --header x-archive-meta-contributor:Emory University, Pitts Theology Library --header x-archive-meta-ppi:300 --header authorization: LOW fpJYfLnxbLmCEHqU:JQbq6NgBaPrSh98Y --upload-file /mnt/lsdi/ocm09990038/ocm09990038/ocm09990038_MRC.xml http://s3.us.archive.org/09990038.emory.edu/09990038.emory.edu_marc.xml
  % Total    % Received % Xferd  Average Speed   Time    Time     Time  Current
                                 Dload  Upload   Total   Spent    Left  Speed
  0     0    0     0    0     0      0      0 --:--:-- --:--:-- --:--:--     0  0  2959    0     0    0     0      0      0 --:--:-- --:--:-- --:--:--     0100  2959    0     0  100  2959      0   1521  0:00:01  0:00:01 --:--:--  1654100  2959    0     0  100  2959      0   1428  0:00:02  0:00:02 --:--:--  1544
zip -r /temp/ocm09990038_images.zip /mnt/lsdi/ocm09990038/ocm09990038/Output/000000.tif /mnt/lsdi/ocm09990038/ocm09990038/Output/000001.tif /mnt/lsdi/ocm09990038/ocm09990038/Output/000002.tif /mnt/lsdi/ocm09990038/ocm09990038/Output/000003.tif /mnt/lsdi/ocm09990038/ocm09990038/Output/000004.tif /mnt/lsdi/ocm09990038/ocm09990038/Output/000005.tif /mnt/lsdi/ocm09990038/ocm09990038/Output/000006.tif /mnt/lsdi/ocm09990038/ocm09990038/Output/000007.tif /mnt/lsdi/ocm09990038/ocm09990038/Output/000008.tif /mnt/lsdi/ocm09990038/ocm09990038/Output/000009.tif /mnt/lsdi/ocm09990038/ocm09990038/Output/000010.tif /mnt/lsdi/ocm09990038/ocm09990038/Output/000011.tif /mnt/lsdi/ocm09990038/ocm09990038/Output/000012.tif /mnt/lsdi/ocm09990038/ocm09990038/Output/000013.tif /mnt/lsdi/ocm09990038/ocm09990038/Output/000014.tif /mnt/lsdi/ocm09990038/ocm09990038/Output/000015.tif /mnt/lsdi/ocm09990038/ocm09990038/Output/000016.tif /mnt/lsdi/ocm09990038/ocm09990038/Output/000017.tif /mnt/lsdi/ocm09990038/ocm09990038/Output/000018.tif /mnt/lsdi/ocm09990038/ocm09990038/Output/000019.tif /mnt/lsdi/ocm09990038/ocm09990038/Output/000020.tif /mnt/lsdi/ocm09990038/ocm09990038/Output/000021.tif /mnt/lsdi/ocm09990038/ocm09990038/Output/000022.tif /mnt/lsdi/ocm09990038/ocm09990038/Output/000023.tif /mnt/lsdi/ocm09990038/ocm09990038/Output/000024.tif /mnt/lsdi/ocm09990038/ocm09990038/Output/000025.tif /mnt/lsdi/ocm09990038/ocm09990038/Output/000026.tif /mnt/lsdi/ocm09990038/ocm09990038/Output/000027.tif /mnt/lsdi/ocm09990038/ocm09990038/Output/000028.tif /mnt/lsdi/ocm09990038/ocm09990038/Output/000029.tif /mnt/lsdi/ocm09990038/ocm09990038/Output/000030.tif /mnt/lsdi/ocm09990038/ocm09990038/Output/000031.tif /mnt/lsdi/ocm09990038/ocm09990038/Output/000032.tif /mnt/lsdi/ocm09990038/ocm09990038/Output/000033.tif /mnt/lsdi/ocm09990038/ocm09990038/Output/000034.tif /mnt/lsdi/ocm09990038/ocm09990038/Output/000035.tif /mnt/lsdi/ocm09990038/ocm09990038/Output/000036.tif /mnt/lsdi/ocm09990038/ocm09990038/Output/000037.tif /mnt/lsdi/ocm09990038/ocm09990038/Output/000038.tif /mnt/lsdi/ocm09990038/ocm09990038/Output/000039.tif /mnt/lsdi/ocm09990038/ocm09990038/Output/000040.tif /mnt/lsdi/ocm09990038/ocm09990038/Output/000041.tif /mnt/lsdi/ocm09990038/ocm09990038/Output/000042.tif /mnt/lsdi/ocm09990038/ocm09990038/Output/000043.tif /mnt/lsdi/ocm09990038/ocm09990038/Output/000044.tif /mnt/lsdi/ocm09990038/ocm09990038/Output/000045.tif /mnt/lsdi/ocm09990038/ocm09990038/Output/000046.tif /mnt/lsdi/ocm09990038/ocm09990038/Output/000047.tif /mnt/lsdi/ocm09990038/ocm09990038/Output/000048.tif /mnt/lsdi/ocm09990038/ocm09990038/Output/000049.tif /mnt/lsdi/ocm09990038/ocm09990038/Output/000050.tif /mnt/lsdi/ocm09990038/ocm09990038/Output/000051.tif /mnt/lsdi/ocm09990038/ocm09990038/Output/000052.tif /mnt/lsdi/ocm09990038/ocm09990038/Output/000053.tif /mnt/lsdi/ocm09990038/ocm09990038/Output/000054.tif /mnt/lsdi/ocm09990038/ocm09990038/Output/000055.tif /mnt/lsdi/ocm09990038/ocm09990038/Output/000056.tif /mnt/lsdi/ocm09990038/ocm09990038/Output/000057.tif /mnt/lsdi/ocm09990038/ocm09990038/Output/000058.tif /mnt/lsdi/ocm09990038/ocm09990038/Output/000059.tif /mnt/lsdi/ocm09990038/ocm09990038/Output/000060.tif /mnt/lsdi/ocm09990038/ocm09990038/Output/000061.tif /mnt/lsdi/ocm09990038/ocm09990038/Output/000062.tif /mnt/lsdi/ocm09990038/ocm09990038/Output/000063.tif /mnt/lsdi/ocm09990038/ocm09990038/Output/000064.tif /mnt/lsdi/ocm09990038/ocm09990038/Output/000065.tif /mnt/lsdi/ocm09990038/ocm09990038/Output/000066.tif /mnt/lsdi/ocm09990038/ocm09990038/Output/000067.tif /mnt/lsdi/ocm09990038/ocm09990038/Output/000068.tif /mnt/lsdi/ocm09990038/ocm09990038/Output/000069.tif /mnt/lsdi/ocm09990038/ocm09990038/Output/000070.tif /mnt/lsdi/ocm09990038/ocm09990038/Output/000071.tif /mnt/lsdi/ocm09990038/ocm09990038/Output/000072.tif /mnt/lsdi/ocm09990038/ocm09990038/Output/000073.tif /mnt/lsdi/ocm09990038/ocm09990038/Output/000074.tif /mnt/lsdi/ocm09990038/ocm09990038/Output/000075.tif /mnt/lsdi/ocm09990038/ocm09990038/Output/000076.tif /mnt/lsdi/ocm09990038/ocm09990038/Output/000077.tif /mnt/lsdi/ocm09990038/ocm09990038/Output/000078.tif /mnt/lsdi/ocm09990038/ocm09990038/Output/000079.tif /mnt/lsdi/ocm09990038/ocm09990038/Output/000080.tif /mnt/lsdi/ocm09990038/ocm09990038/Output/000081.tif /mnt/lsdi/ocm09990038/ocm09990038/Output/000082.tif /mnt/lsdi/ocm09990038/ocm09990038/Output/000083.tif /mnt/lsdi/ocm09990038/ocm09990038/Output/000084.tif /mnt/lsdi/ocm09990038/ocm09990038/Output/000085.tif /mnt/lsdi/ocm09990038/ocm09990038/Output/000086.tif /mnt/lsdi/ocm09990038/ocm09990038/Output/000087.tif /mnt/lsdi/ocm09990038/ocm09990038/Output/000088.tif /mnt/lsdi/ocm09990038/ocm09990038/Output/000089.tif /mnt/lsdi/ocm09990038/ocm09990038/Output/000090.tif /mnt/lsdi/ocm09990038/ocm09990038/Output/000091.tif /mnt/lsdi/ocm09990038/ocm09990038/Output/000092.tif /mnt/lsdi/ocm09990038/ocm09990038/Output/000093.tif /mnt/lsdi/ocm09990038/ocm09990038/Output/000094.tif /mnt/lsdi/ocm09990038/ocm09990038/Output/000095.tif /mnt/lsdi/ocm09990038/ocm09990038/Output/000096.tif /mnt/lsdi/ocm09990038/ocm09990038/Output/000097.tif /mnt/lsdi/ocm09990038/ocm09990038/Output/000098.tif /mnt/lsdi/ocm09990038/ocm09990038/Output/000099.tif /mnt/lsdi/ocm09990038/ocm09990038/Output/000100.tif /mnt/lsdi/ocm09990038/ocm09990038/Output/000101.tif /mnt/lsdi/ocm09990038/ocm09990038/Output/000102.tif /mnt/lsdi/ocm09990038/ocm09990038/Output/000103.tif /mnt/lsdi/ocm09990038/ocm09990038/Output/000104.tif /mnt/lsdi/ocm09990038/ocm09990038/Output/000105.tif /mnt/lsdi/ocm09990038/ocm09990038/Output/000106.tif /mnt/lsdi/ocm09990038/ocm09990038/Output/000107.tif /mnt/lsdi/ocm09990038/ocm09990038/Output/000108.tif /mnt/lsdi/ocm09990038/ocm09990038/Output/000109.tif /mnt/lsdi/ocm09990038/ocm09990038/Output/000110.tif /mnt/lsdi/ocm09990038/ocm09990038/Output/000111.tif /mnt/lsdi/ocm09990038/ocm09990038/Output/000112.tif /mnt/lsdi/ocm09990038/ocm09990038/Output/000113.tif /mnt/lsdi/ocm09990038/ocm09990038/Output/000114.tif /mnt/lsdi/ocm09990038/ocm09990038/Output/000115.tif /mnt/lsdi/ocm09990038/ocm09990038/Output/000116.tif /mnt/lsdi/ocm09990038/ocm09990038/Output/000117.tif /mnt/lsdi/ocm09990038/ocm09990038/Output/000118.tif /mnt/lsdi/ocm09990038/ocm09990038/Output/000119.tif /mnt/lsdi/ocm09990038/ocm09990038/Output/000120.tif /mnt/lsdi/ocm09990038/ocm09990038/Output/000121.tif
  adding: mnt/lsdi/ocm09990038/ocm09990038/Output/000000.tif (deflated 78%)
  adding: mnt/lsdi/ocm09990038/ocm09990038/Output/000001.tif (deflated 16%)
  adding: mnt/lsdi/ocm09990038/ocm09990038/Output/000002.tif (deflated 78%)
  adding: mnt/lsdi/ocm09990038/ocm09990038/Output/000003.tif (deflated 15%)
  adding: mnt/lsdi/ocm09990038/ocm09990038/Output/000004.tif (deflated 78%)
  adding: mnt/lsdi/ocm09990038/ocm09990038/Output/000005.tif (deflated 8%)
  adding: mnt/lsdi/ocm09990038/ocm09990038/Output/000006.tif (deflated 78%)
  adding: mnt/lsdi/ocm09990038/ocm09990038/Output/000007.tif (deflated 7%)
  adding: mnt/lsdi/ocm09990038/ocm09990038/Output/000008.tif (deflated 9%)
  adding: mnt/lsdi/ocm09990038/ocm09990038/Output/000009.tif (deflated 3%)
  adding: mnt/lsdi/ocm09990038/ocm09990038/Output/000010.tif (deflated 4%)
  adding: mnt/lsdi/ocm09990038/ocm09990038/Output/000011.tif (deflated 4%)
  adding: mnt/lsdi/ocm09990038/ocm09990038/Output/000012.tif (deflated 4%)
  adding: mnt/lsdi/ocm09990038/ocm09990038/Output/000013.tif (deflated 4%)
  adding: mnt/lsdi/ocm09990038/ocm09990038/Output/000014.tif (deflated 4%)
  adding: mnt/lsdi/ocm09990038/ocm09990038/Output/000015.tif (deflated 5%)
  adding: mnt/lsdi/ocm09990038/ocm09990038/Output/000016.tif (deflated 4%)
  adding: mnt/lsdi/ocm09990038/ocm09990038/Output/000017.tif (deflated 4%)
  adding: mnt/lsdi/ocm09990038/ocm09990038/Output/000018.tif (deflated 4%)
  adding: mnt/lsdi/ocm09990038/ocm09990038/Output/000019.tif (deflated 3%)
  adding: mnt/lsdi/ocm09990038/ocm09990038/Output/000020.tif (deflated 4%)
  adding: mnt/lsdi/ocm09990038/ocm09990038/Output/000021.tif (deflated 4%)
  adding: mnt/lsdi/ocm09990038/ocm09990038/Output/000022.tif (deflated 4%)
  adding: mnt/lsdi/ocm09990038/ocm09990038/Output/000023.tif (deflated 4%)
  adding: mnt/lsdi/ocm09990038/ocm09990038/Output/000024.tif (deflated 4%)
  adding: mnt/lsdi/ocm09990038/ocm09990038/Output/000025.tif (deflated 5%)
  adding: mnt/lsdi/ocm09990038/ocm09990038/Output/000026.tif (deflated 4%)
  adding: mnt/lsdi/ocm09990038/ocm09990038/Output/000027.tif (deflated 4%)
  adding: mnt/lsdi/ocm09990038/ocm09990038/Output/000028.tif (deflated 4%)
  adding: mnt/lsdi/ocm09990038/ocm09990038/Output/000029.tif (deflated 4%)
  adding: mnt/lsdi/ocm09990038/ocm09990038/Output/000030.tif (deflated 4%)
  adding: mnt/lsdi/ocm09990038/ocm09990038/Output/000031.tif (deflated 5%)
  adding: mnt/lsdi/ocm09990038/ocm09990038/Output/000032.tif (deflated 4%)
  adding: mnt/lsdi/ocm09990038/ocm09990038/Output/000033.tif (deflated 5%)
  adding: mnt/lsdi/ocm09990038/ocm09990038/Output/000034.tif (deflated 4%)
  adding: mnt/lsdi/ocm09990038/ocm09990038/Output/000035.tif (deflated 4%)
  adding: mnt/lsdi/ocm09990038/ocm09990038/Output/000036.tif (deflated 4%)
  adding: mnt/lsdi/ocm09990038/ocm09990038/Output/000037.tif (deflated 4%)
  adding: mnt/lsdi/ocm09990038/ocm09990038/Output/000038.tif (deflated 4%)
  adding: mnt/lsdi/ocm09990038/ocm09990038/Output/000039.tif (deflated 4%)
  adding: mnt/lsdi/ocm09990038/ocm09990038/Output/000040.tif (deflated 4%)
  adding: mnt/lsdi/ocm09990038/ocm09990038/Output/000041.tif (deflated 4%)
  adding: mnt/lsdi/ocm09990038/ocm09990038/Output/000042.tif (deflated 3%)
  adding: mnt/lsdi/ocm09990038/ocm09990038/Output/000043.tif (deflated 5%)
  adding: mnt/lsdi/ocm09990038/ocm09990038/Output/000044.tif (deflated 4%)
  adding: mnt/lsdi/ocm09990038/ocm09990038/Output/000045.tif (deflated 4%)
  adding: mnt/lsdi/ocm09990038/ocm09990038/Output/000046.tif (deflated 4%)
  adding: mnt/lsdi/ocm09990038/ocm09990038/Output/000047.tif (deflated 4%)
  adding: mnt/lsdi/ocm09990038/ocm09990038/Output/000048.tif (deflated 4%)
  adding: mnt/lsdi/ocm09990038/ocm09990038/Output/000049.tif (deflated 4%)
  adding: mnt/lsdi/ocm09990038/ocm09990038/Output/000050.tif (deflated 4%)
  adding: mnt/lsdi/ocm09990038/ocm09990038/Output/000051.tif (deflated 3%)
  adding: mnt/lsdi/ocm09990038/ocm09990038/Output/000052.tif (deflated 4%)
  adding: mnt/lsdi/ocm09990038/ocm09990038/Output/000053.tif (deflated 4%)
  adding: mnt/lsdi/ocm09990038/ocm09990038/Output/000054.tif (deflated 4%)
  adding: mnt/lsdi/ocm09990038/ocm09990038/Output/000055.tif (deflated 4%)
  adding: mnt/lsdi/ocm09990038/ocm09990038/Output/000056.tif (deflated 4%)
  adding: mnt/lsdi/ocm09990038/ocm09990038/Output/000057.tif (deflated 4%)
  adding: mnt/lsdi/ocm09990038/ocm09990038/Output/000058.tif (deflated 4%)
  adding: mnt/lsdi/ocm09990038/ocm09990038/Output/000059.tif (deflated 4%)
  adding: mnt/lsdi/ocm09990038/ocm09990038/Output/000060.tif (deflated 4%)
  adding: mnt/lsdi/ocm09990038/ocm09990038/Output/000061.tif (deflated 4%)
  adding: mnt/lsdi/ocm09990038/ocm09990038/Output/000062.tif (deflated 4%)
  adding: mnt/lsdi/ocm09990038/ocm09990038/Output/000063.tif (deflated 4%)
  adding: mnt/lsdi/ocm09990038/ocm09990038/Output/000064.tif (deflated 4%)
  adding: mnt/lsdi/ocm09990038/ocm09990038/Output/000065.tif (deflated 4%)
  adding: mnt/lsdi/ocm09990038/ocm09990038/Output/000066.tif (deflated 4%)
  adding: mnt/lsdi/ocm09990038/ocm09990038/Output/000067.tif (deflated 4%)
  adding: mnt/lsdi/ocm09990038/ocm09990038/Output/000068.tif (deflated 4%)
  adding: mnt/lsdi/ocm09990038/ocm09990038/Output/000069.tif (deflated 4%)
  adding: mnt/lsdi/ocm09990038/ocm09990038/Output/000070.tif (deflated 4%)
  adding: mnt/lsdi/ocm09990038/ocm09990038/Output/000071.tif (deflated 3%)
  adding: mnt/lsdi/ocm09990038/ocm09990038/Output/000072.tif (deflated 4%)
  adding: mnt/lsdi/ocm09990038/ocm09990038/Output/000073.tif (deflated 4%)
  adding: mnt/lsdi/ocm09990038/ocm09990038/Output/000074.tif (deflated 4%)
  adding: mnt/lsdi/ocm09990038/ocm09990038/Output/000075.tif (deflated 4%)
  adding: mnt/lsdi/ocm09990038/ocm09990038/Output/000076.tif (deflated 4%)
  adding: mnt/lsdi/ocm09990038/ocm09990038/Output/000077.tif (deflated 4%)
  adding: mnt/lsdi/ocm09990038/ocm09990038/Output/000078.tif (deflated 4%)
  adding: mnt/lsdi/ocm09990038/ocm09990038/Output/000079.tif (deflated 4%)
  adding: mnt/lsdi/ocm09990038/ocm09990038/Output/000080.tif (deflated 4%)
  adding: mnt/lsdi/ocm09990038/ocm09990038/Output/000081.tif (deflated 4%)
  adding: mnt/lsdi/ocm09990038/ocm09990038/Output/000082.tif (deflated 4%)
  adding: mnt/lsdi/ocm09990038/ocm09990038/Output/000083.tif (deflated 4%)
  adding: mnt/lsdi/ocm09990038/ocm09990038/Output/000084.tif (deflated 4%)
  adding: mnt/lsdi/ocm09990038/ocm09990038/Output/000085.tif (deflated 4%)
  adding: mnt/lsdi/ocm09990038/ocm09990038/Output/000086.tif (deflated 4%)
  adding: mnt/lsdi/ocm09990038/ocm09990038/Output/000087.tif (deflated 4%)
  adding: mnt/lsdi/ocm09990038/ocm09990038/Output/000088.tif (deflated 3%)
  adding: mnt/lsdi/ocm09990038/ocm09990038/Output/000089.tif (deflated 4%)
  adding: mnt/lsdi/ocm09990038/ocm09990038/Output/000090.tif (deflated 4%)
  adding: mnt/lsdi/ocm09990038/ocm09990038/Output/000091.tif (deflated 4%)
  adding: mnt/lsdi/ocm09990038/ocm09990038/Output/000092.tif (deflated 4%)
  adding: mnt/lsdi/ocm09990038/ocm09990038/Output/000093.tif (deflated 3%)
  adding: mnt/lsdi/ocm09990038/ocm09990038/Output/000094.tif (deflated 3%)
  adding: mnt/lsdi/ocm09990038/ocm09990038/Output/000095.tif (deflated 4%)
  adding: mnt/lsdi/ocm09990038/ocm09990038/Output/000096.tif (deflated 4%)
  adding: mnt/lsdi/ocm09990038/ocm09990038/Output/000097.tif (deflated 4%)
  adding: mnt/lsdi/ocm09990038/ocm09990038/Output/000098.tif (deflated 4%)
  adding: mnt/lsdi/ocm09990038/ocm09990038/Output/000099.tif (deflated 4%)
  adding: mnt/lsdi/ocm09990038/ocm09990038/Output/000100.tif (deflated 4%)
  adding: mnt/lsdi/ocm09990038/ocm09990038/Output/000101.tif (deflated 4%)
  adding: mnt/lsdi/ocm09990038/ocm09990038/Output/000102.tif (deflated 4%)
  adding: mnt/lsdi/ocm09990038/ocm09990038/Output/000103.tif (deflated 4%)
  adding: mnt/lsdi/ocm09990038/ocm09990038/Output/000104.tif (deflated 4%)
  adding: mnt/lsdi/ocm09990038/ocm09990038/Output/000105.tif (deflated 4%)
  adding: mnt/lsdi/ocm09990038/ocm09990038/Output/000106.tif (deflated 4%)
  adding: mnt/lsdi/ocm09990038/ocm09990038/Output/000107.tif (deflated 4%)
  adding: mnt/lsdi/ocm09990038/ocm09990038/Output/000108.tif (deflated 3%)
  adding: mnt/lsdi/ocm09990038/ocm09990038/Output/000109.tif (deflated 4%)
  adding: mnt/lsdi/ocm09990038/ocm09990038/Output/000110.tif (deflated 4%)
  adding: mnt/lsdi/ocm09990038/ocm09990038/Output/000111.tif (deflated 4%)
  adding: mnt/lsdi/ocm09990038/ocm09990038/Output/000112.tif (deflated 4%)
  adding: mnt/lsdi/ocm09990038/ocm09990038/Output/000113.tif (deflated 5%)
  adding: mnt/lsdi/ocm09990038/ocm09990038/Output/000114.tif (deflated 4%)
  adding: mnt/lsdi/ocm09990038/ocm09990038/Output/000115.tif (deflated 4%)
  adding: mnt/lsdi/ocm09990038/ocm09990038/Output/000116.tif (deflated 4%)
  adding: mnt/lsdi/ocm09990038/ocm09990038/Output/000117.tif (deflated 5%)
  adding: mnt/lsdi/ocm09990038/ocm09990038/Output/000118.tif (deflated 4%)
  adding: mnt/lsdi/ocm09990038/ocm09990038/Output/000119.tif (deflated 4%)
  adding: mnt/lsdi/ocm09990038/ocm09990038/Output/000120.tif (deflated 3%)
  adding: mnt/lsdi/ocm09990038/ocm09990038/Output/000121.tif (deflated 78%)
curl --location --header authorization: LOW fpJYfLnxbLmCEHqU:JQbq6NgBaPrSh98Y --upload-file /temp/ocm09990038_images.zip http://s3.us.archive.org/09990038.emory.edu/09990038_images.zip
  % Total    % Received % Xferd  Average Speed   Time    Time     Time  Current
                                 Dload  Upload   Total   Spent    Left  Speed
  0     0    0     0    0     0      0      0 --:--:-- --:--:-- --:--:--     0  0 3286k    0     0    0     0      0      0 --:--:-- --:--:-- --:--:--     0 19 3286k    0     0   19  656k      0   350k  0:00:09  0:00:01  0:00:08  366k 40 3286k    0     0   40 1328k      0   469k  0:00:06  0:00:02  0:00:04  484k 62 3286k    0     0   62 2064k      0   540k  0:00:06  0:00:03  0:00:03  552k 86 3286k    0     0   86 2848k      0   591k  0:00:05  0:00:04  0:00:01  602k100 3286k    0     0  100 3286k      0   512k  0:00:06  0:00:06 --:--:--  602k100 3286k    0     0  100 3286k      0   458k  0:00:07  0:00:07 --:--:--  497k100 3286k    0     0  100 3286k      0   458k  0:00:07  0:00:07 --:--:--  451k
