Bucket ID will be 03511315.emory.edu
curl --location --header x-amz-auto-make-bucket:1 --header x-archive-ignore-preexisting-bucket:1 --header x-archive-queue-derive:0 --header x-archive-meta-mediatype:texts --header x-archive-meta03-collection:emory --header x-archive-meta01-collection:americanmethodism --header x-archive-meta-sponsor:Emory University, Pitts Theology Library --header x-archive-meta-contributor:Emory University, Pitts Theology Library --header x-archive-meta-ppi:300 --header authorization: LOW fpJYfLnxbLmCEHqU:JQbq6NgBaPrSh98Y --upload-file /mnt/lsdi/ocm03511315-1767/ocm03511315/ocm03511315_MRC.xml http://s3.us.archive.org/03511315.1767.emory.edu/03511315.1767.emory.edu_marc.xml
  % Total    % Received % Xferd  Average Speed   Time    Time     Time  Current
                                 Dload  Upload   Total   Spent    Left  Speed
  0     0    0     0    0     0      0      0 --:--:-- --:--:-- --:--:--     0  0  3399    0     0    0     0      0      0 --:--:--  0:00:01 --:--:--     0100  3399    0     0  100  3399      0   1631  0:00:02  0:00:02 --:--:--  1694100  3399    0     0  100  3399      0   1237  0:00:02  0:00:02 --:--:--  1273100  3399    0     0  100  3399      0    907  0:00:03  0:00:03 --:--:--   925100  3399    0     0  100  3399      0    715  0:00:04  0:00:04 --:--:--   727100  3399    0     0  100  3399      0    591  0:00:05  0:00:05 --:--:--   727100  3399    0     0  100  3399      0    503  0:00:06  0:00:06 --:--:--     0100  3399    0     0  100  3399      0    438  0:00:07  0:00:07 --:--:--     0100  3399    0     0  100  3399      0    388  0:00:08  0:00:08 --:--:--     0100  3399    0     0  100  3399      0    387  0:00:08  0:00:08 --:--:--     0
zip -r /temp/ocm03511315_1767_images.zip /mnt/lsdi/ocm03511315-1767/ocm03511315/Output/ocm03511315_0001.tif /mnt/lsdi/ocm03511315-1767/ocm03511315/Output/ocm03511315_0002.tif /mnt/lsdi/ocm03511315-1767/ocm03511315/Output/ocm03511315_0003.tif /mnt/lsdi/ocm03511315-1767/ocm03511315/Output/ocm03511315_0004.tif /mnt/lsdi/ocm03511315-1767/ocm03511315/Output/ocm03511315_0005.tif /mnt/lsdi/ocm03511315-1767/ocm03511315/Output/ocm03511315_0006.tif /mnt/lsdi/ocm03511315-1767/ocm03511315/Output/ocm03511315_0007.tif /mnt/lsdi/ocm03511315-1767/ocm03511315/Output/ocm03511315_0008.tif /mnt/lsdi/ocm03511315-1767/ocm03511315/Output/ocm03511315_0009.tif /mnt/lsdi/ocm03511315-1767/ocm03511315/Output/ocm03511315_0010.tif /mnt/lsdi/ocm03511315-1767/ocm03511315/Output/ocm03511315_0011.tif /mnt/lsdi/ocm03511315-1767/ocm03511315/Output/ocm03511315_0012.tif /mnt/lsdi/ocm03511315-1767/ocm03511315/Output/ocm03511315_0013.tif /mnt/lsdi/ocm03511315-1767/ocm03511315/Output/ocm03511315_0014.tif /mnt/lsdi/ocm03511315-1767/ocm03511315/Output/ocm03511315_0015.tif /mnt/lsdi/ocm03511315-1767/ocm03511315/Output/ocm03511315_0016.tif /mnt/lsdi/ocm03511315-1767/ocm03511315/Output/ocm03511315_0017.tif /mnt/lsdi/ocm03511315-1767/ocm03511315/Output/ocm03511315_0018.tif /mnt/lsdi/ocm03511315-1767/ocm03511315/Output/ocm03511315_0019.tif /mnt/lsdi/ocm03511315-1767/ocm03511315/Output/ocm03511315_0020.tif /mnt/lsdi/ocm03511315-1767/ocm03511315/Output/ocm03511315_0021.tif /mnt/lsdi/ocm03511315-1767/ocm03511315/Output/ocm03511315_0022.tif /mnt/lsdi/ocm03511315-1767/ocm03511315/Output/ocm03511315_0023.tif /mnt/lsdi/ocm03511315-1767/ocm03511315/Output/ocm03511315_0024.tif /mnt/lsdi/ocm03511315-1767/ocm03511315/Output/ocm03511315_0025.tif /mnt/lsdi/ocm03511315-1767/ocm03511315/Output/ocm03511315_0026.tif /mnt/lsdi/ocm03511315-1767/ocm03511315/Output/ocm03511315_0027.tif /mnt/lsdi/ocm03511315-1767/ocm03511315/Output/ocm03511315_0028.tif /mnt/lsdi/ocm03511315-1767/ocm03511315/Output/ocm03511315_0029.tif /mnt/lsdi/ocm03511315-1767/ocm03511315/Output/ocm03511315_0030.tif /mnt/lsdi/ocm03511315-1767/ocm03511315/Output/ocm03511315_0031.tif /mnt/lsdi/ocm03511315-1767/ocm03511315/Output/ocm03511315_0032.tif /mnt/lsdi/ocm03511315-1767/ocm03511315/Output/ocm03511315_0033.tif /mnt/lsdi/ocm03511315-1767/ocm03511315/Output/ocm03511315_0034.tif /mnt/lsdi/ocm03511315-1767/ocm03511315/Output/ocm03511315_0035.tif /mnt/lsdi/ocm03511315-1767/ocm03511315/Output/ocm03511315_0036.tif /mnt/lsdi/ocm03511315-1767/ocm03511315/Output/ocm03511315_0037.tif /mnt/lsdi/ocm03511315-1767/ocm03511315/Output/ocm03511315_0038.tif /mnt/lsdi/ocm03511315-1767/ocm03511315/Output/ocm03511315_0039.tif /mnt/lsdi/ocm03511315-1767/ocm03511315/Output/ocm03511315_0040.tif /mnt/lsdi/ocm03511315-1767/ocm03511315/Output/ocm03511315_0041.tif /mnt/lsdi/ocm03511315-1767/ocm03511315/Output/ocm03511315_0042.tif /mnt/lsdi/ocm03511315-1767/ocm03511315/Output/ocm03511315_0043.tif /mnt/lsdi/ocm03511315-1767/ocm03511315/Output/ocm03511315_0044.tif /mnt/lsdi/ocm03511315-1767/ocm03511315/Output/ocm03511315_0045.tif /mnt/lsdi/ocm03511315-1767/ocm03511315/Output/ocm03511315_0046.tif /mnt/lsdi/ocm03511315-1767/ocm03511315/Output/ocm03511315_0047.tif /mnt/lsdi/ocm03511315-1767/ocm03511315/Output/ocm03511315_0048.tif /mnt/lsdi/ocm03511315-1767/ocm03511315/Output/ocm03511315_0049.tif /mnt/lsdi/ocm03511315-1767/ocm03511315/Output/ocm03511315_0050.tif /mnt/lsdi/ocm03511315-1767/ocm03511315/Output/ocm03511315_0051.tif /mnt/lsdi/ocm03511315-1767/ocm03511315/Output/ocm03511315_0052.tif /mnt/lsdi/ocm03511315-1767/ocm03511315/Output/ocm03511315_0053.tif /mnt/lsdi/ocm03511315-1767/ocm03511315/Output/ocm03511315_0054.tif /mnt/lsdi/ocm03511315-1767/ocm03511315/Output/ocm03511315_0055.tif /mnt/lsdi/ocm03511315-1767/ocm03511315/Output/ocm03511315_0056.tif /mnt/lsdi/ocm03511315-1767/ocm03511315/Output/ocm03511315_0057.tif /mnt/lsdi/ocm03511315-1767/ocm03511315/Output/ocm03511315_0058.tif /mnt/lsdi/ocm03511315-1767/ocm03511315/Output/ocm03511315_0059.tif /mnt/lsdi/ocm03511315-1767/ocm03511315/Output/ocm03511315_0060.tif /mnt/lsdi/ocm03511315-1767/ocm03511315/Output/ocm03511315_0061.tif /mnt/lsdi/ocm03511315-1767/ocm03511315/Output/ocm03511315_0062.tif /mnt/lsdi/ocm03511315-1767/ocm03511315/Output/ocm03511315_0063.tif /mnt/lsdi/ocm03511315-1767/ocm03511315/Output/ocm03511315_0064.tif /mnt/lsdi/ocm03511315-1767/ocm03511315/Output/ocm03511315_0065.tif /mnt/lsdi/ocm03511315-1767/ocm03511315/Output/ocm03511315_0066.tif /mnt/lsdi/ocm03511315-1767/ocm03511315/Output/ocm03511315_0067.tif /mnt/lsdi/ocm03511315-1767/ocm03511315/Output/ocm03511315_0068.tif /mnt/lsdi/ocm03511315-1767/ocm03511315/Output/ocm03511315_0069.tif /mnt/lsdi/ocm03511315-1767/ocm03511315/Output/ocm03511315_0070.tif /mnt/lsdi/ocm03511315-1767/ocm03511315/Output/ocm03511315_0071.tif /mnt/lsdi/ocm03511315-1767/ocm03511315/Output/ocm03511315_0072.tif /mnt/lsdi/ocm03511315-1767/ocm03511315/Output/ocm03511315_0073.tif /mnt/lsdi/ocm03511315-1767/ocm03511315/Output/ocm03511315_0074.tif /mnt/lsdi/ocm03511315-1767/ocm03511315/Output/ocm03511315_0075.tif /mnt/lsdi/ocm03511315-1767/ocm03511315/Output/ocm03511315_0076.tif /mnt/lsdi/ocm03511315-1767/ocm03511315/Output/ocm03511315_0077.tif /mnt/lsdi/ocm03511315-1767/ocm03511315/Output/ocm03511315_0078.tif /mnt/lsdi/ocm03511315-1767/ocm03511315/Output/ocm03511315_0079.tif /mnt/lsdi/ocm03511315-1767/ocm03511315/Output/ocm03511315_0080.tif /mnt/lsdi/ocm03511315-1767/ocm03511315/Output/ocm03511315_0081.tif /mnt/lsdi/ocm03511315-1767/ocm03511315/Output/ocm03511315_0082.tif /mnt/lsdi/ocm03511315-1767/ocm03511315/Output/ocm03511315_0083.tif /mnt/lsdi/ocm03511315-1767/ocm03511315/Output/ocm03511315_0084.tif /mnt/lsdi/ocm03511315-1767/ocm03511315/Output/ocm03511315_0085.tif /mnt/lsdi/ocm03511315-1767/ocm03511315/Output/ocm03511315_0086.tif /mnt/lsdi/ocm03511315-1767/ocm03511315/Output/ocm03511315_0087.tif /mnt/lsdi/ocm03511315-1767/ocm03511315/Output/ocm03511315_0088.tif /mnt/lsdi/ocm03511315-1767/ocm03511315/Output/ocm03511315_0089.tif /mnt/lsdi/ocm03511315-1767/ocm03511315/Output/ocm03511315_0090.tif /mnt/lsdi/ocm03511315-1767/ocm03511315/Output/ocm03511315_0091.tif /mnt/lsdi/ocm03511315-1767/ocm03511315/Output/ocm03511315_0092.tif /mnt/lsdi/ocm03511315-1767/ocm03511315/Output/ocm03511315_0093.tif /mnt/lsdi/ocm03511315-1767/ocm03511315/Output/ocm03511315_0094.tif /mnt/lsdi/ocm03511315-1767/ocm03511315/Output/ocm03511315_0095.tif /mnt/lsdi/ocm03511315-1767/ocm03511315/Output/ocm03511315_0096.tif /mnt/lsdi/ocm03511315-1767/ocm03511315/Output/ocm03511315_0097.tif /mnt/lsdi/ocm03511315-1767/ocm03511315/Output/ocm03511315_0098.tif /mnt/lsdi/ocm03511315-1767/ocm03511315/Output/ocm03511315_0099.tif /mnt/lsdi/ocm03511315-1767/ocm03511315/Output/ocm03511315_0100.tif /mnt/lsdi/ocm03511315-1767/ocm03511315/Output/ocm03511315_0101.tif /mnt/lsdi/ocm03511315-1767/ocm03511315/Output/ocm03511315_0102.tif /mnt/lsdi/ocm03511315-1767/ocm03511315/Output/ocm03511315_0103.tif /mnt/lsdi/ocm03511315-1767/ocm03511315/Output/ocm03511315_0104.tif /mnt/lsdi/ocm03511315-1767/ocm03511315/Output/ocm03511315_0105.tif /mnt/lsdi/ocm03511315-1767/ocm03511315/Output/ocm03511315_0106.tif /mnt/lsdi/ocm03511315-1767/ocm03511315/Output/ocm03511315_0107.tif /mnt/lsdi/ocm03511315-1767/ocm03511315/Output/ocm03511315_0108.tif /mnt/lsdi/ocm03511315-1767/ocm03511315/Output/ocm03511315_0109.tif /mnt/lsdi/ocm03511315-1767/ocm03511315/Output/ocm03511315_0110.tif /mnt/lsdi/ocm03511315-1767/ocm03511315/Output/ocm03511315_0111.tif /mnt/lsdi/ocm03511315-1767/ocm03511315/Output/ocm03511315_0112.tif /mnt/lsdi/ocm03511315-1767/ocm03511315/Output/ocm03511315_0113.tif /mnt/lsdi/ocm03511315-1767/ocm03511315/Output/ocm03511315_0114.tif /mnt/lsdi/ocm03511315-1767/ocm03511315/Output/ocm03511315_0115.tif /mnt/lsdi/ocm03511315-1767/ocm03511315/Output/ocm03511315_0116.tif /mnt/lsdi/ocm03511315-1767/ocm03511315/Output/ocm03511315_0117.tif /mnt/lsdi/ocm03511315-1767/ocm03511315/Output/ocm03511315_0118.tif /mnt/lsdi/ocm03511315-1767/ocm03511315/Output/ocm03511315_0119.tif /mnt/lsdi/ocm03511315-1767/ocm03511315/Output/ocm03511315_0120.tif /mnt/lsdi/ocm03511315-1767/ocm03511315/Output/ocm03511315_0121.tif /mnt/lsdi/ocm03511315-1767/ocm03511315/Output/ocm03511315_0122.tif /mnt/lsdi/ocm03511315-1767/ocm03511315/Output/ocm03511315_0123.tif /mnt/lsdi/ocm03511315-1767/ocm03511315/Output/ocm03511315_0124.tif /mnt/lsdi/ocm03511315-1767/ocm03511315/Output/ocm03511315_0125.tif /mnt/lsdi/ocm03511315-1767/ocm03511315/Output/ocm03511315_0126.tif /mnt/lsdi/ocm03511315-1767/ocm03511315/Output/ocm03511315_0127.tif /mnt/lsdi/ocm03511315-1767/ocm03511315/Output/ocm03511315_0128.tif /mnt/lsdi/ocm03511315-1767/ocm03511315/Output/ocm03511315_0129.tif /mnt/lsdi/ocm03511315-1767/ocm03511315/Output/ocm03511315_0130.tif /mnt/lsdi/ocm03511315-1767/ocm03511315/Output/ocm03511315_0131.tif /mnt/lsdi/ocm03511315-1767/ocm03511315/Output/ocm03511315_0132.tif /mnt/lsdi/ocm03511315-1767/ocm03511315/Output/ocm03511315_0133.tif /mnt/lsdi/ocm03511315-1767/ocm03511315/Output/ocm03511315_0134.tif /mnt/lsdi/ocm03511315-1767/ocm03511315/Output/ocm03511315_0135.tif /mnt/lsdi/ocm03511315-1767/ocm03511315/Output/ocm03511315_0136.tif /mnt/lsdi/ocm03511315-1767/ocm03511315/Output/ocm03511315_0137.tif /mnt/lsdi/ocm03511315-1767/ocm03511315/Output/ocm03511315_0138.tif /mnt/lsdi/ocm03511315-1767/ocm03511315/Output/ocm03511315_0139.tif /mnt/lsdi/ocm03511315-1767/ocm03511315/Output/ocm03511315_0140.tif /mnt/lsdi/ocm03511315-1767/ocm03511315/Output/ocm03511315_0141.tif /mnt/lsdi/ocm03511315-1767/ocm03511315/Output/ocm03511315_0142.tif /mnt/lsdi/ocm03511315-1767/ocm03511315/Output/ocm03511315_0143.tif /mnt/lsdi/ocm03511315-1767/ocm03511315/Output/ocm03511315_0144.tif /mnt/lsdi/ocm03511315-1767/ocm03511315/Output/ocm03511315_0145.tif /mnt/lsdi/ocm03511315-1767/ocm03511315/Output/ocm03511315_0146.tif /mnt/lsdi/ocm03511315-1767/ocm03511315/Output/ocm03511315_0147.tif /mnt/lsdi/ocm03511315-1767/ocm03511315/Output/ocm03511315_0148.tif /mnt/lsdi/ocm03511315-1767/ocm03511315/Output/ocm03511315_0149.tif /mnt/lsdi/ocm03511315-1767/ocm03511315/Output/ocm03511315_0150.tif /mnt/lsdi/ocm03511315-1767/ocm03511315/Output/ocm03511315_0151.tif /mnt/lsdi/ocm03511315-1767/ocm03511315/Output/ocm03511315_0152.tif /mnt/lsdi/ocm03511315-1767/ocm03511315/Output/ocm03511315_0153.tif /mnt/lsdi/ocm03511315-1767/ocm03511315/Output/ocm03511315_0154.tif /mnt/lsdi/ocm03511315-1767/ocm03511315/Output/ocm03511315_0155.tif /mnt/lsdi/ocm03511315-1767/ocm03511315/Output/ocm03511315_0156.tif /mnt/lsdi/ocm03511315-1767/ocm03511315/Output/ocm03511315_0157.tif /mnt/lsdi/ocm03511315-1767/ocm03511315/Output/ocm03511315_0158.tif /mnt/lsdi/ocm03511315-1767/ocm03511315/Output/ocm03511315_0159.tif /mnt/lsdi/ocm03511315-1767/ocm03511315/Output/ocm03511315_0160.tif /mnt/lsdi/ocm03511315-1767/ocm03511315/Output/ocm03511315_0161.tif /mnt/lsdi/ocm03511315-1767/ocm03511315/Output/ocm03511315_0162.tif /mnt/lsdi/ocm03511315-1767/ocm03511315/Output/ocm03511315_0163.tif /mnt/lsdi/ocm03511315-1767/ocm03511315/Output/ocm03511315_0164.tif /mnt/lsdi/ocm03511315-1767/ocm03511315/Output/ocm03511315_0165.tif /mnt/lsdi/ocm03511315-1767/ocm03511315/Output/ocm03511315_0166.tif /mnt/lsdi/ocm03511315-1767/ocm03511315/Output/ocm03511315_0167.tif /mnt/lsdi/ocm03511315-1767/ocm03511315/Output/ocm03511315_0168.tif /mnt/lsdi/ocm03511315-1767/ocm03511315/Output/ocm03511315_0169.tif /mnt/lsdi/ocm03511315-1767/ocm03511315/Output/ocm03511315_0170.tif /mnt/lsdi/ocm03511315-1767/ocm03511315/Output/ocm03511315_0171.tif /mnt/lsdi/ocm03511315-1767/ocm03511315/Output/ocm03511315_0172.tif /mnt/lsdi/ocm03511315-1767/ocm03511315/Output/ocm03511315_0173.tif /mnt/lsdi/ocm03511315-1767/ocm03511315/Output/ocm03511315_0174.tif /mnt/lsdi/ocm03511315-1767/ocm03511315/Output/ocm03511315_0175.tif /mnt/lsdi/ocm03511315-1767/ocm03511315/Output/ocm03511315_0176.tif /mnt/lsdi/ocm03511315-1767/ocm03511315/Output/ocm03511315_0177.tif /mnt/lsdi/ocm03511315-1767/ocm03511315/Output/ocm03511315_0178.tif /mnt/lsdi/ocm03511315-1767/ocm03511315/Output/ocm03511315_0179.tif /mnt/lsdi/ocm03511315-1767/ocm03511315/Output/ocm03511315_0180.tif /mnt/lsdi/ocm03511315-1767/ocm03511315/Output/ocm03511315_0181.tif /mnt/lsdi/ocm03511315-1767/ocm03511315/Output/ocm03511315_0182.tif /mnt/lsdi/ocm03511315-1767/ocm03511315/Output/ocm03511315_0183.tif /mnt/lsdi/ocm03511315-1767/ocm03511315/Output/ocm03511315_0184.tif /mnt/lsdi/ocm03511315-1767/ocm03511315/Output/ocm03511315_0185.tif /mnt/lsdi/ocm03511315-1767/ocm03511315/Output/ocm03511315_0186.tif /mnt/lsdi/ocm03511315-1767/ocm03511315/Output/ocm03511315_0187.tif /mnt/lsdi/ocm03511315-1767/ocm03511315/Output/ocm03511315_0188.tif /mnt/lsdi/ocm03511315-1767/ocm03511315/Output/ocm03511315_0189.tif /mnt/lsdi/ocm03511315-1767/ocm03511315/Output/ocm03511315_0190.tif /mnt/lsdi/ocm03511315-1767/ocm03511315/Output/ocm03511315_0191.tif /mnt/lsdi/ocm03511315-1767/ocm03511315/Output/ocm03511315_0192.tif /mnt/lsdi/ocm03511315-1767/ocm03511315/Output/ocm03511315_0193.tif /mnt/lsdi/ocm03511315-1767/ocm03511315/Output/ocm03511315_0194.tif /mnt/lsdi/ocm03511315-1767/ocm03511315/Output/ocm03511315_0195.tif /mnt/lsdi/ocm03511315-1767/ocm03511315/Output/ocm03511315_0196.tif /mnt/lsdi/ocm03511315-1767/ocm03511315/Output/ocm03511315_0197.tif /mnt/lsdi/ocm03511315-1767/ocm03511315/Output/ocm03511315_0198.tif /mnt/lsdi/ocm03511315-1767/ocm03511315/Output/ocm03511315_0199.tif /mnt/lsdi/ocm03511315-1767/ocm03511315/Output/ocm03511315_0200.tif /mnt/lsdi/ocm03511315-1767/ocm03511315/Output/ocm03511315_0201.tif /mnt/lsdi/ocm03511315-1767/ocm03511315/Output/ocm03511315_0202.tif /mnt/lsdi/ocm03511315-1767/ocm03511315/Output/ocm03511315_0203.tif /mnt/lsdi/ocm03511315-1767/ocm03511315/Output/ocm03511315_0204.tif /mnt/lsdi/ocm03511315-1767/ocm03511315/Output/ocm03511315_0205.tif /mnt/lsdi/ocm03511315-1767/ocm03511315/Output/ocm03511315_0206.tif /mnt/lsdi/ocm03511315-1767/ocm03511315/Output/ocm03511315_0207.tif /mnt/lsdi/ocm03511315-1767/ocm03511315/Output/ocm03511315_0208.tif /mnt/lsdi/ocm03511315-1767/ocm03511315/Output/ocm03511315_0209.tif /mnt/lsdi/ocm03511315-1767/ocm03511315/Output/ocm03511315_0210.tif /mnt/lsdi/ocm03511315-1767/ocm03511315/Output/ocm03511315_0211.tif /mnt/lsdi/ocm03511315-1767/ocm03511315/Output/ocm03511315_0212.tif /mnt/lsdi/ocm03511315-1767/ocm03511315/Output/ocm03511315_0213.tif /mnt/lsdi/ocm03511315-1767/ocm03511315/Output/ocm03511315_0214.tif /mnt/lsdi/ocm03511315-1767/ocm03511315/Output/ocm03511315_0215.tif /mnt/lsdi/ocm03511315-1767/ocm03511315/Output/ocm03511315_0216.tif /mnt/lsdi/ocm03511315-1767/ocm03511315/Output/ocm03511315_0217.tif /mnt/lsdi/ocm03511315-1767/ocm03511315/Output/ocm03511315_0218.tif /mnt/lsdi/ocm03511315-1767/ocm03511315/Output/ocm03511315_0219.tif /mnt/lsdi/ocm03511315-1767/ocm03511315/Output/ocm03511315_0220.tif /mnt/lsdi/ocm03511315-1767/ocm03511315/Output/ocm03511315_0221.tif /mnt/lsdi/ocm03511315-1767/ocm03511315/Output/ocm03511315_0222.tif /mnt/lsdi/ocm03511315-1767/ocm03511315/Output/ocm03511315_0223.tif /mnt/lsdi/ocm03511315-1767/ocm03511315/Output/ocm03511315_0224.tif /mnt/lsdi/ocm03511315-1767/ocm03511315/Output/ocm03511315_0225.tif /mnt/lsdi/ocm03511315-1767/ocm03511315/Output/ocm03511315_0226.tif /mnt/lsdi/ocm03511315-1767/ocm03511315/Output/ocm03511315_0227.tif /mnt/lsdi/ocm03511315-1767/ocm03511315/Output/ocm03511315_0228.tif /mnt/lsdi/ocm03511315-1767/ocm03511315/Output/ocm03511315_0229.tif /mnt/lsdi/ocm03511315-1767/ocm03511315/Output/ocm03511315_0230.tif /mnt/lsdi/ocm03511315-1767/ocm03511315/Output/ocm03511315_0231.tif /mnt/lsdi/ocm03511315-1767/ocm03511315/Output/ocm03511315_0232.tif /mnt/lsdi/ocm03511315-1767/ocm03511315/Output/ocm03511315_0233.tif /mnt/lsdi/ocm03511315-1767/ocm03511315/Output/ocm03511315_0234.tif /mnt/lsdi/ocm03511315-1767/ocm03511315/Output/ocm03511315_0235.tif /mnt/lsdi/ocm03511315-1767/ocm03511315/Output/ocm03511315_0236.tif /mnt/lsdi/ocm03511315-1767/ocm03511315/Output/ocm03511315_0237.tif /mnt/lsdi/ocm03511315-1767/ocm03511315/Output/ocm03511315_0238.tif /mnt/lsdi/ocm03511315-1767/ocm03511315/Output/ocm03511315_0239.tif /mnt/lsdi/ocm03511315-1767/ocm03511315/Output/ocm03511315_0240.tif /mnt/lsdi/ocm03511315-1767/ocm03511315/Output/ocm03511315_0241.tif /mnt/lsdi/ocm03511315-1767/ocm03511315/Output/ocm03511315_0242.tif /mnt/lsdi/ocm03511315-1767/ocm03511315/Output/ocm03511315_0243.tif /mnt/lsdi/ocm03511315-1767/ocm03511315/Output/ocm03511315_0244.tif /mnt/lsdi/ocm03511315-1767/ocm03511315/Output/ocm03511315_0245.tif /mnt/lsdi/ocm03511315-1767/ocm03511315/Output/ocm03511315_0246.tif /mnt/lsdi/ocm03511315-1767/ocm03511315/Output/ocm03511315_0247.tif /mnt/lsdi/ocm03511315-1767/ocm03511315/Output/ocm03511315_0248.tif /mnt/lsdi/ocm03511315-1767/ocm03511315/Output/ocm03511315_0249.tif /mnt/lsdi/ocm03511315-1767/ocm03511315/Output/ocm03511315_0250.tif /mnt/lsdi/ocm03511315-1767/ocm03511315/Output/ocm03511315_0251.tif /mnt/lsdi/ocm03511315-1767/ocm03511315/Output/ocm03511315_0252.tif /mnt/lsdi/ocm03511315-1767/ocm03511315/Output/ocm03511315_0253.tif /mnt/lsdi/ocm03511315-1767/ocm03511315/Output/ocm03511315_0254.tif /mnt/lsdi/ocm03511315-1767/ocm03511315/Output/ocm03511315_0255.tif /mnt/lsdi/ocm03511315-1767/ocm03511315/Output/ocm03511315_0256.tif /mnt/lsdi/ocm03511315-1767/ocm03511315/Output/ocm03511315_0257.tif /mnt/lsdi/ocm03511315-1767/ocm03511315/Output/ocm03511315_0258.tif /mnt/lsdi/ocm03511315-1767/ocm03511315/Output/ocm03511315_0259.tif /mnt/lsdi/ocm03511315-1767/ocm03511315/Output/ocm03511315_0260.tif /mnt/lsdi/ocm03511315-1767/ocm03511315/Output/ocm03511315_0261.tif /mnt/lsdi/ocm03511315-1767/ocm03511315/Output/ocm03511315_0262.tif /mnt/lsdi/ocm03511315-1767/ocm03511315/Output/ocm03511315_0263.tif /mnt/lsdi/ocm03511315-1767/ocm03511315/Output/ocm03511315_0264.tif /mnt/lsdi/ocm03511315-1767/ocm03511315/Output/ocm03511315_0265.tif /mnt/lsdi/ocm03511315-1767/ocm03511315/Output/ocm03511315_0266.tif /mnt/lsdi/ocm03511315-1767/ocm03511315/Output/ocm03511315_0267.tif /mnt/lsdi/ocm03511315-1767/ocm03511315/Output/ocm03511315_0268.tif /mnt/lsdi/ocm03511315-1767/ocm03511315/Output/ocm03511315_0269.tif /mnt/lsdi/ocm03511315-1767/ocm03511315/Output/ocm03511315_0270.tif /mnt/lsdi/ocm03511315-1767/ocm03511315/Output/ocm03511315_0271.tif /mnt/lsdi/ocm03511315-1767/ocm03511315/Output/ocm03511315_0272.tif /mnt/lsdi/ocm03511315-1767/ocm03511315/Output/ocm03511315_0273.tif /mnt/lsdi/ocm03511315-1767/ocm03511315/Output/ocm03511315_0274.tif /mnt/lsdi/ocm03511315-1767/ocm03511315/Output/ocm03511315_0275.tif /mnt/lsdi/ocm03511315-1767/ocm03511315/Output/ocm03511315_0276.tif /mnt/lsdi/ocm03511315-1767/ocm03511315/Output/ocm03511315_0277.tif /mnt/lsdi/ocm03511315-1767/ocm03511315/Output/ocm03511315_0278.tif /mnt/lsdi/ocm03511315-1767/ocm03511315/Output/ocm03511315_0279.tif /mnt/lsdi/ocm03511315-1767/ocm03511315/Output/ocm03511315_0280.tif /mnt/lsdi/ocm03511315-1767/ocm03511315/Output/ocm03511315_0281.tif /mnt/lsdi/ocm03511315-1767/ocm03511315/Output/ocm03511315_0282.tif /mnt/lsdi/ocm03511315-1767/ocm03511315/Output/ocm03511315_0283.tif /mnt/lsdi/ocm03511315-1767/ocm03511315/Output/ocm03511315_0284.tif /mnt/lsdi/ocm03511315-1767/ocm03511315/Output/ocm03511315_0285.tif /mnt/lsdi/ocm03511315-1767/ocm03511315/Output/ocm03511315_0286.tif /mnt/lsdi/ocm03511315-1767/ocm03511315/Output/ocm03511315_0287.tif /mnt/lsdi/ocm03511315-1767/ocm03511315/Output/ocm03511315_0288.tif /mnt/lsdi/ocm03511315-1767/ocm03511315/Output/ocm03511315_0289.tif /mnt/lsdi/ocm03511315-1767/ocm03511315/Output/ocm03511315_0290.tif /mnt/lsdi/ocm03511315-1767/ocm03511315/Output/ocm03511315_0291.tif /mnt/lsdi/ocm03511315-1767/ocm03511315/Output/ocm03511315_0292.tif /mnt/lsdi/ocm03511315-1767/ocm03511315/Output/ocm03511315_0293.tif /mnt/lsdi/ocm03511315-1767/ocm03511315/Output/ocm03511315_0294.tif /mnt/lsdi/ocm03511315-1767/ocm03511315/Output/ocm03511315_0295.tif /mnt/lsdi/ocm03511315-1767/ocm03511315/Output/ocm03511315_0296.tif /mnt/lsdi/ocm03511315-1767/ocm03511315/Output/ocm03511315_0297.tif /mnt/lsdi/ocm03511315-1767/ocm03511315/Output/ocm03511315_0298.tif /mnt/lsdi/ocm03511315-1767/ocm03511315/Output/ocm03511315_0299.tif /mnt/lsdi/ocm03511315-1767/ocm03511315/Output/ocm03511315_0300.tif /mnt/lsdi/ocm03511315-1767/ocm03511315/Output/ocm03511315_0301.tif /mnt/lsdi/ocm03511315-1767/ocm03511315/Output/ocm03511315_0302.tif /mnt/lsdi/ocm03511315-1767/ocm03511315/Output/ocm03511315_0303.tif /mnt/lsdi/ocm03511315-1767/ocm03511315/Output/ocm03511315_0304.tif /mnt/lsdi/ocm03511315-1767/ocm03511315/Output/ocm03511315_0305.tif /mnt/lsdi/ocm03511315-1767/ocm03511315/Output/ocm03511315_0306.tif /mnt/lsdi/ocm03511315-1767/ocm03511315/Output/ocm03511315_0307.tif /mnt/lsdi/ocm03511315-1767/ocm03511315/Output/ocm03511315_0308.tif /mnt/lsdi/ocm03511315-1767/ocm03511315/Output/ocm03511315_0309.tif /mnt/lsdi/ocm03511315-1767/ocm03511315/Output/ocm03511315_0310.tif /mnt/lsdi/ocm03511315-1767/ocm03511315/Output/ocm03511315_0311.tif /mnt/lsdi/ocm03511315-1767/ocm03511315/Output/ocm03511315_0312.tif /mnt/lsdi/ocm03511315-1767/ocm03511315/Output/ocm03511315_0313.tif /mnt/lsdi/ocm03511315-1767/ocm03511315/Output/ocm03511315_0314.tif /mnt/lsdi/ocm03511315-1767/ocm03511315/Output/ocm03511315_0315.tif /mnt/lsdi/ocm03511315-1767/ocm03511315/Output/ocm03511315_0316.tif /mnt/lsdi/ocm03511315-1767/ocm03511315/Output/ocm03511315_0317.tif /mnt/lsdi/ocm03511315-1767/ocm03511315/Output/ocm03511315_0318.tif /mnt/lsdi/ocm03511315-1767/ocm03511315/Output/ocm03511315_0319.tif /mnt/lsdi/ocm03511315-1767/ocm03511315/Output/ocm03511315_0320.tif /mnt/lsdi/ocm03511315-1767/ocm03511315/Output/ocm03511315_0321.tif /mnt/lsdi/ocm03511315-1767/ocm03511315/Output/ocm03511315_0322.tif /mnt/lsdi/ocm03511315-1767/ocm03511315/Output/ocm03511315_0323.tif /mnt/lsdi/ocm03511315-1767/ocm03511315/Output/ocm03511315_0324.tif /mnt/lsdi/ocm03511315-1767/ocm03511315/Output/ocm03511315_0325.tif /mnt/lsdi/ocm03511315-1767/ocm03511315/Output/ocm03511315_0326.tif /mnt/lsdi/ocm03511315-1767/ocm03511315/Output/ocm03511315_0327.tif /mnt/lsdi/ocm03511315-1767/ocm03511315/Output/ocm03511315_0328.tif /mnt/lsdi/ocm03511315-1767/ocm03511315/Output/ocm03511315_0329.tif /mnt/lsdi/ocm03511315-1767/ocm03511315/Output/ocm03511315_0330.tif /mnt/lsdi/ocm03511315-1767/ocm03511315/Output/ocm03511315_0331.tif /mnt/lsdi/ocm03511315-1767/ocm03511315/Output/ocm03511315_0332.tif /mnt/lsdi/ocm03511315-1767/ocm03511315/Output/ocm03511315_0333.tif /mnt/lsdi/ocm03511315-1767/ocm03511315/Output/ocm03511315_0334.tif /mnt/lsdi/ocm03511315-1767/ocm03511315/Output/ocm03511315_0335.tif /mnt/lsdi/ocm03511315-1767/ocm03511315/Output/ocm03511315_0336.tif /mnt/lsdi/ocm03511315-1767/ocm03511315/Output/ocm03511315_0337.tif /mnt/lsdi/ocm03511315-1767/ocm03511315/Output/ocm03511315_0338.tif /mnt/lsdi/ocm03511315-1767/ocm03511315/Output/ocm03511315_0339.tif /mnt/lsdi/ocm03511315-1767/ocm03511315/Output/ocm03511315_0340.tif /mnt/lsdi/ocm03511315-1767/ocm03511315/Output/ocm03511315_0341.tif /mnt/lsdi/ocm03511315-1767/ocm03511315/Output/ocm03511315_0342.tif /mnt/lsdi/ocm03511315-1767/ocm03511315/Output/ocm03511315_0343.tif /mnt/lsdi/ocm03511315-1767/ocm03511315/Output/ocm03511315_0344.tif /mnt/lsdi/ocm03511315-1767/ocm03511315/Output/ocm03511315_0345.tif /mnt/lsdi/ocm03511315-1767/ocm03511315/Output/ocm03511315_0346.tif /mnt/lsdi/ocm03511315-1767/ocm03511315/Output/ocm03511315_0347.tif /mnt/lsdi/ocm03511315-1767/ocm03511315/Output/ocm03511315_0348.tif /mnt/lsdi/ocm03511315-1767/ocm03511315/Output/ocm03511315_0349.tif /mnt/lsdi/ocm03511315-1767/ocm03511315/Output/ocm03511315_0350.tif /mnt/lsdi/ocm03511315-1767/ocm03511315/Output/ocm03511315_0351.tif /mnt/lsdi/ocm03511315-1767/ocm03511315/Output/ocm03511315_0352.tif /mnt/lsdi/ocm03511315-1767/ocm03511315/Output/ocm03511315_0353.tif /mnt/lsdi/ocm03511315-1767/ocm03511315/Output/ocm03511315_0354.tif /mnt/lsdi/ocm03511315-1767/ocm03511315/Output/ocm03511315_0355.tif /mnt/lsdi/ocm03511315-1767/ocm03511315/Output/ocm03511315_0356.tif
  adding: mnt/lsdi/ocm03511315-1767/ocm03511315/Output/ocm03511315_0001.tif (deflated 79%)
  adding: mnt/lsdi/ocm03511315-1767/ocm03511315/Output/ocm03511315_0002.tif (deflated 79%)
  adding: mnt/lsdi/ocm03511315-1767/ocm03511315/Output/ocm03511315_0003.tif (deflated 3%)
  adding: mnt/lsdi/ocm03511315-1767/ocm03511315/Output/ocm03511315_0004.tif (deflated 8%)
  adding: mnt/lsdi/ocm03511315-1767/ocm03511315/Output/ocm03511315_0005.tif (deflated 13%)
  adding: mnt/lsdi/ocm03511315-1767/ocm03511315/Output/ocm03511315_0006.tif (deflated 9%)
  adding: mnt/lsdi/ocm03511315-1767/ocm03511315/Output/ocm03511315_0007.tif (deflated 79%)
  adding: mnt/lsdi/ocm03511315-1767/ocm03511315/Output/ocm03511315_0008.tif (deflated 7%)
  adding: mnt/lsdi/ocm03511315-1767/ocm03511315/Output/ocm03511315_0009.tif (deflated 79%)
  adding: mnt/lsdi/ocm03511315-1767/ocm03511315/Output/ocm03511315_0010.tif (deflated 4%)
  adding: mnt/lsdi/ocm03511315-1767/ocm03511315/Output/ocm03511315_0011.tif (deflated 4%)
  adding: mnt/lsdi/ocm03511315-1767/ocm03511315/Output/ocm03511315_0012.tif (deflated 4%)
  adding: mnt/lsdi/ocm03511315-1767/ocm03511315/Output/ocm03511315_0013.tif (deflated 4%)
  adding: mnt/lsdi/ocm03511315-1767/ocm03511315/Output/ocm03511315_0014.tif (deflated 4%)
  adding: mnt/lsdi/ocm03511315-1767/ocm03511315/Output/ocm03511315_0015.tif (deflated 4%)
  adding: mnt/lsdi/ocm03511315-1767/ocm03511315/Output/ocm03511315_0016.tif (deflated 4%)
  adding: mnt/lsdi/ocm03511315-1767/ocm03511315/Output/ocm03511315_0017.tif (deflated 4%)
  adding: mnt/lsdi/ocm03511315-1767/ocm03511315/Output/ocm03511315_0018.tif (deflated 4%)
  adding: mnt/lsdi/ocm03511315-1767/ocm03511315/Output/ocm03511315_0019.tif (deflated 4%)
  adding: mnt/lsdi/ocm03511315-1767/ocm03511315/Output/ocm03511315_0020.tif (deflated 4%)
  adding: mnt/lsdi/ocm03511315-1767/ocm03511315/Output/ocm03511315_0021.tif (deflated 4%)
  adding: mnt/lsdi/ocm03511315-1767/ocm03511315/Output/ocm03511315_0022.tif (deflated 4%)
  adding: mnt/lsdi/ocm03511315-1767/ocm03511315/Output/ocm03511315_0023.tif (deflated 4%)
  adding: mnt/lsdi/ocm03511315-1767/ocm03511315/Output/ocm03511315_0024.tif (deflated 4%)
  adding: mnt/lsdi/ocm03511315-1767/ocm03511315/Output/ocm03511315_0025.tif (deflated 4%)
  adding: mnt/lsdi/ocm03511315-1767/ocm03511315/Output/ocm03511315_0026.tif (deflated 3%)
  adding: mnt/lsdi/ocm03511315-1767/ocm03511315/Output/ocm03511315_0027.tif (deflated 4%)
  adding: mnt/lsdi/ocm03511315-1767/ocm03511315/Output/ocm03511315_0028.tif (deflated 4%)
  adding: mnt/lsdi/ocm03511315-1767/ocm03511315/Output/ocm03511315_0029.tif (deflated 4%)
  adding: mnt/lsdi/ocm03511315-1767/ocm03511315/Output/ocm03511315_0030.tif (deflated 4%)
  adding: mnt/lsdi/ocm03511315-1767/ocm03511315/Output/ocm03511315_0031.tif (deflated 4%)
  adding: mnt/lsdi/ocm03511315-1767/ocm03511315/Output/ocm03511315_0032.tif (deflated 5%)
  adding: mnt/lsdi/ocm03511315-1767/ocm03511315/Output/ocm03511315_0033.tif (deflated 4%)
  adding: mnt/lsdi/ocm03511315-1767/ocm03511315/Output/ocm03511315_0034.tif (deflated 4%)
  adding: mnt/lsdi/ocm03511315-1767/ocm03511315/Output/ocm03511315_0035.tif (deflated 4%)
  adding: mnt/lsdi/ocm03511315-1767/ocm03511315/Output/ocm03511315_0036.tif (deflated 4%)
  adding: mnt/lsdi/ocm03511315-1767/ocm03511315/Output/ocm03511315_0037.tif (deflated 4%)
  adding: mnt/lsdi/ocm03511315-1767/ocm03511315/Output/ocm03511315_0038.tif (deflated 4%)
  adding: mnt/lsdi/ocm03511315-1767/ocm03511315/Output/ocm03511315_0039.tif (deflated 4%)
  adding: mnt/lsdi/ocm03511315-1767/ocm03511315/Output/ocm03511315_0040.tif (deflated 4%)
  adding: mnt/lsdi/ocm03511315-1767/ocm03511315/Output/ocm03511315_0041.tif (deflated 4%)
  adding: mnt/lsdi/ocm03511315-1767/ocm03511315/Output/ocm03511315_0042.tif (deflated 5%)
  adding: mnt/lsdi/ocm03511315-1767/ocm03511315/Output/ocm03511315_0043.tif (deflated 4%)
  adding: mnt/lsdi/ocm03511315-1767/ocm03511315/Output/ocm03511315_0044.tif (deflated 4%)
  adding: mnt/lsdi/ocm03511315-1767/ocm03511315/Output/ocm03511315_0045.tif (deflated 4%)
  adding: mnt/lsdi/ocm03511315-1767/ocm03511315/Output/ocm03511315_0046.tif (deflated 4%)
  adding: mnt/lsdi/ocm03511315-1767/ocm03511315/Output/ocm03511315_0047.tif (deflated 4%)
  adding: mnt/lsdi/ocm03511315-1767/ocm03511315/Output/ocm03511315_0048.tif (deflated 4%)
  adding: mnt/lsdi/ocm03511315-1767/ocm03511315/Output/ocm03511315_0049.tif (deflated 4%)
  adding: mnt/lsdi/ocm03511315-1767/ocm03511315/Output/ocm03511315_0050.tif (deflated 4%)
  adding: mnt/lsdi/ocm03511315-1767/ocm03511315/Output/ocm03511315_0051.tif (deflated 4%)
  adding: mnt/lsdi/ocm03511315-1767/ocm03511315/Output/ocm03511315_0052.tif (deflated 4%)
  adding: mnt/lsdi/ocm03511315-1767/ocm03511315/Output/ocm03511315_0053.tif (deflated 4%)
  adding: mnt/lsdi/ocm03511315-1767/ocm03511315/Output/ocm03511315_0054.tif (deflated 4%)
  adding: mnt/lsdi/ocm03511315-1767/ocm03511315/Output/ocm03511315_0055.tif (deflated 4%)
  adding: mnt/lsdi/ocm03511315-1767/ocm03511315/Output/ocm03511315_0056.tif (deflated 4%)
  adding: mnt/lsdi/ocm03511315-1767/ocm03511315/Output/ocm03511315_0057.tif (deflated 4%)
  adding: mnt/lsdi/ocm03511315-1767/ocm03511315/Output/ocm03511315_0058.tif (deflated 4%)
  adding: mnt/lsdi/ocm03511315-1767/ocm03511315/Output/ocm03511315_0059.tif (deflated 4%)
  adding: mnt/lsdi/ocm03511315-1767/ocm03511315/Output/ocm03511315_0060.tif (deflated 4%)
  adding: mnt/lsdi/ocm03511315-1767/ocm03511315/Output/ocm03511315_0061.tif (deflated 4%)
  adding: mnt/lsdi/ocm03511315-1767/ocm03511315/Output/ocm03511315_0062.tif (deflated 4%)
  adding: mnt/lsdi/ocm03511315-1767/ocm03511315/Output/ocm03511315_0063.tif (deflated 4%)
  adding: mnt/lsdi/ocm03511315-1767/ocm03511315/Output/ocm03511315_0064.tif (deflated 4%)
  adding: mnt/lsdi/ocm03511315-1767/ocm03511315/Output/ocm03511315_0065.tif (deflated 4%)
  adding: mnt/lsdi/ocm03511315-1767/ocm03511315/Output/ocm03511315_0066.tif (deflated 4%)
  adding: mnt/lsdi/ocm03511315-1767/ocm03511315/Output/ocm03511315_0067.tif (deflated 4%)
  adding: mnt/lsdi/ocm03511315-1767/ocm03511315/Output/ocm03511315_0068.tif (deflated 4%)
  adding: mnt/lsdi/ocm03511315-1767/ocm03511315/Output/ocm03511315_0069.tif (deflated 4%)
  adding: mnt/lsdi/ocm03511315-1767/ocm03511315/Output/ocm03511315_0070.tif (deflated 3%)
  adding: mnt/lsdi/ocm03511315-1767/ocm03511315/Output/ocm03511315_0071.tif (deflated 3%)
  adding: mnt/lsdi/ocm03511315-1767/ocm03511315/Output/ocm03511315_0072.tif (deflated 4%)
  adding: mnt/lsdi/ocm03511315-1767/ocm03511315/Output/ocm03511315_0073.tif (deflated 4%)
  adding: mnt/lsdi/ocm03511315-1767/ocm03511315/Output/ocm03511315_0074.tif (deflated 4%)
  adding: mnt/lsdi/ocm03511315-1767/ocm03511315/Output/ocm03511315_0075.tif (deflated 4%)
  adding: mnt/lsdi/ocm03511315-1767/ocm03511315/Output/ocm03511315_0076.tif (deflated 4%)
  adding: mnt/lsdi/ocm03511315-1767/ocm03511315/Output/ocm03511315_0077.tif (deflated 4%)
  adding: mnt/lsdi/ocm03511315-1767/ocm03511315/Output/ocm03511315_0078.tif (deflated 4%)
  adding: mnt/lsdi/ocm03511315-1767/ocm03511315/Output/ocm03511315_0079.tif (deflated 4%)
  adding: mnt/lsdi/ocm03511315-1767/ocm03511315/Output/ocm03511315_0080.tif (deflated 4%)
  adding: mnt/lsdi/ocm03511315-1767/ocm03511315/Output/ocm03511315_0081.tif (deflated 5%)
  adding: mnt/lsdi/ocm03511315-1767/ocm03511315/Output/ocm03511315_0082.tif (deflated 4%)
  adding: mnt/lsdi/ocm03511315-1767/ocm03511315/Output/ocm03511315_0083.tif (deflated 4%)
  adding: mnt/lsdi/ocm03511315-1767/ocm03511315/Output/ocm03511315_0084.tif (deflated 4%)
  adding: mnt/lsdi/ocm03511315-1767/ocm03511315/Output/ocm03511315_0085.tif (deflated 4%)
  adding: mnt/lsdi/ocm03511315-1767/ocm03511315/Output/ocm03511315_0086.tif (deflated 4%)
  adding: mnt/lsdi/ocm03511315-1767/ocm03511315/Output/ocm03511315_0087.tif (deflated 4%)
  adding: mnt/lsdi/ocm03511315-1767/ocm03511315/Output/ocm03511315_0088.tif (deflated 6%)
  adding: mnt/lsdi/ocm03511315-1767/ocm03511315/Output/ocm03511315_0089.tif (deflated 4%)
  adding: mnt/lsdi/ocm03511315-1767/ocm03511315/Output/ocm03511315_0090.tif (deflated 4%)
  adding: mnt/lsdi/ocm03511315-1767/ocm03511315/Output/ocm03511315_0091.tif (deflated 4%)
  adding: mnt/lsdi/ocm03511315-1767/ocm03511315/Output/ocm03511315_0092.tif (deflated 4%)
  adding: mnt/lsdi/ocm03511315-1767/ocm03511315/Output/ocm03511315_0093.tif (deflated 4%)
  adding: mnt/lsdi/ocm03511315-1767/ocm03511315/Output/ocm03511315_0094.tif (deflated 4%)
  adding: mnt/lsdi/ocm03511315-1767/ocm03511315/Output/ocm03511315_0095.tif (deflated 4%)
  adding: mnt/lsdi/ocm03511315-1767/ocm03511315/Output/ocm03511315_0096.tif (deflated 4%)
  adding: mnt/lsdi/ocm03511315-1767/ocm03511315/Output/ocm03511315_0097.tif (deflated 4%)
  adding: mnt/lsdi/ocm03511315-1767/ocm03511315/Output/ocm03511315_0098.tif (deflated 4%)
  adding: mnt/lsdi/ocm03511315-1767/ocm03511315/Output/ocm03511315_0099.tif (deflated 4%)
  adding: mnt/lsdi/ocm03511315-1767/ocm03511315/Output/ocm03511315_0100.tif (deflated 4%)
  adding: mnt/lsdi/ocm03511315-1767/ocm03511315/Output/ocm03511315_0101.tif (deflated 4%)
  adding: mnt/lsdi/ocm03511315-1767/ocm03511315/Output/ocm03511315_0102.tif (deflated 4%)
  adding: mnt/lsdi/ocm03511315-1767/ocm03511315/Output/ocm03511315_0103.tif (deflated 4%)
  adding: mnt/lsdi/ocm03511315-1767/ocm03511315/Output/ocm03511315_0104.tif (deflated 4%)
  adding: mnt/lsdi/ocm03511315-1767/ocm03511315/Output/ocm03511315_0105.tif (deflated 4%)
  adding: mnt/lsdi/ocm03511315-1767/ocm03511315/Output/ocm03511315_0106.tif (deflated 4%)
  adding: mnt/lsdi/ocm03511315-1767/ocm03511315/Output/ocm03511315_0107.tif (deflated 4%)
  adding: mnt/lsdi/ocm03511315-1767/ocm03511315/Output/ocm03511315_0108.tif (deflated 4%)
  adding: mnt/lsdi/ocm03511315-1767/ocm03511315/Output/ocm03511315_0109.tif (deflated 4%)
  adding: mnt/lsdi/ocm03511315-1767/ocm03511315/Output/ocm03511315_0110.tif (deflated 4%)
  adding: mnt/lsdi/ocm03511315-1767/ocm03511315/Output/ocm03511315_0111.tif (deflated 4%)
  adding: mnt/lsdi/ocm03511315-1767/ocm03511315/Output/ocm03511315_0112.tif (deflated 4%)
  adding: mnt/lsdi/ocm03511315-1767/ocm03511315/Output/ocm03511315_0113.tif (deflated 5%)
  adding: mnt/lsdi/ocm03511315-1767/ocm03511315/Output/ocm03511315_0114.tif (deflated 4%)
  adding: mnt/lsdi/ocm03511315-1767/ocm03511315/Output/ocm03511315_0115.tif (deflated 4%)
  adding: mnt/lsdi/ocm03511315-1767/ocm03511315/Output/ocm03511315_0116.tif (deflated 4%)
  adding: mnt/lsdi/ocm03511315-1767/ocm03511315/Output/ocm03511315_0117.tif (deflated 4%)
  adding: mnt/lsdi/ocm03511315-1767/ocm03511315/Output/ocm03511315_0118.tif (deflated 4%)
  adding: mnt/lsdi/ocm03511315-1767/ocm03511315/Output/ocm03511315_0119.tif (deflated 4%)
  adding: mnt/lsdi/ocm03511315-1767/ocm03511315/Output/ocm03511315_0120.tif (deflated 4%)
  adding: mnt/lsdi/ocm03511315-1767/ocm03511315/Output/ocm03511315_0121.tif (deflated 4%)
  adding: mnt/lsdi/ocm03511315-1767/ocm03511315/Output/ocm03511315_0122.tif (deflated 4%)
  adding: mnt/lsdi/ocm03511315-1767/ocm03511315/Output/ocm03511315_0123.tif (deflated 6%)
  adding: mnt/lsdi/ocm03511315-1767/ocm03511315/Output/ocm03511315_0124.tif (deflated 4%)
  adding: mnt/lsdi/ocm03511315-1767/ocm03511315/Output/ocm03511315_0125.tif (deflated 4%)
  adding: mnt/lsdi/ocm03511315-1767/ocm03511315/Output/ocm03511315_0126.tif (deflated 4%)
  adding: mnt/lsdi/ocm03511315-1767/ocm03511315/Output/ocm03511315_0127.tif (deflated 4%)
  adding: mnt/lsdi/ocm03511315-1767/ocm03511315/Output/ocm03511315_0128.tif (deflated 4%)
  adding: mnt/lsdi/ocm03511315-1767/ocm03511315/Output/ocm03511315_0129.tif (deflated 4%)
  adding: mnt/lsdi/ocm03511315-1767/ocm03511315/Output/ocm03511315_0130.tif (deflated 4%)
  adding: mnt/lsdi/ocm03511315-1767/ocm03511315/Output/ocm03511315_0131.tif (deflated 4%)
  adding: mnt/lsdi/ocm03511315-1767/ocm03511315/Output/ocm03511315_0132.tif (deflated 4%)
  adding: mnt/lsdi/ocm03511315-1767/ocm03511315/Output/ocm03511315_0133.tif (deflated 4%)
  adding: mnt/lsdi/ocm03511315-1767/ocm03511315/Output/ocm03511315_0134.tif (deflated 4%)
  adding: mnt/lsdi/ocm03511315-1767/ocm03511315/Output/ocm03511315_0135.tif (deflated 4%)
  adding: mnt/lsdi/ocm03511315-1767/ocm03511315/Output/ocm03511315_0136.tif (deflated 4%)
  adding: mnt/lsdi/ocm03511315-1767/ocm03511315/Output/ocm03511315_0137.tif (deflated 4%)
  adding: mnt/lsdi/ocm03511315-1767/ocm03511315/Output/ocm03511315_0138.tif (deflated 4%)
  adding: mnt/lsdi/ocm03511315-1767/ocm03511315/Output/ocm03511315_0139.tif (deflated 4%)
  adding: mnt/lsdi/ocm03511315-1767/ocm03511315/Output/ocm03511315_0140.tif (deflated 4%)
  adding: mnt/lsdi/ocm03511315-1767/ocm03511315/Output/ocm03511315_0141.tif (deflated 4%)
  adding: mnt/lsdi/ocm03511315-1767/ocm03511315/Output/ocm03511315_0142.tif (deflated 4%)
  adding: mnt/lsdi/ocm03511315-1767/ocm03511315/Output/ocm03511315_0143.tif (deflated 4%)
  adding: mnt/lsdi/ocm03511315-1767/ocm03511315/Output/ocm03511315_0144.tif (deflated 4%)
  adding: mnt/lsdi/ocm03511315-1767/ocm03511315/Output/ocm03511315_0145.tif (deflated 4%)
  adding: mnt/lsdi/ocm03511315-1767/ocm03511315/Output/ocm03511315_0146.tif (deflated 4%)
  adding: mnt/lsdi/ocm03511315-1767/ocm03511315/Output/ocm03511315_0147.tif (deflated 4%)
  adding: mnt/lsdi/ocm03511315-1767/ocm03511315/Output/ocm03511315_0148.tif (deflated 4%)
  adding: mnt/lsdi/ocm03511315-1767/ocm03511315/Output/ocm03511315_0149.tif (deflated 4%)
  adding: mnt/lsdi/ocm03511315-1767/ocm03511315/Output/ocm03511315_0150.tif (deflated 4%)
  adding: mnt/lsdi/ocm03511315-1767/ocm03511315/Output/ocm03511315_0151.tif (deflated 4%)
  adding: mnt/lsdi/ocm03511315-1767/ocm03511315/Output/ocm03511315_0152.tif (deflated 4%)
  adding: mnt/lsdi/ocm03511315-1767/ocm03511315/Output/ocm03511315_0153.tif (deflated 5%)
  adding: mnt/lsdi/ocm03511315-1767/ocm03511315/Output/ocm03511315_0154.tif (deflated 4%)
  adding: mnt/lsdi/ocm03511315-1767/ocm03511315/Output/ocm03511315_0155.tif (deflated 4%)
  adding: mnt/lsdi/ocm03511315-1767/ocm03511315/Output/ocm03511315_0156.tif (deflated 4%)
  adding: mnt/lsdi/ocm03511315-1767/ocm03511315/Output/ocm03511315_0157.tif (deflated 4%)
  adding: mnt/lsdi/ocm03511315-1767/ocm03511315/Output/ocm03511315_0158.tif (deflated 4%)
  adding: mnt/lsdi/ocm03511315-1767/ocm03511315/Output/ocm03511315_0159.tif (deflated 4%)
  adding: mnt/lsdi/ocm03511315-1767/ocm03511315/Output/ocm03511315_0160.tif (deflated 4%)
  adding: mnt/lsdi/ocm03511315-1767/ocm03511315/Output/ocm03511315_0161.tif (deflated 4%)
  adding: mnt/lsdi/ocm03511315-1767/ocm03511315/Output/ocm03511315_0162.tif (deflated 4%)
  adding: mnt/lsdi/ocm03511315-1767/ocm03511315/Output/ocm03511315_0163.tif (deflated 4%)
  adding: mnt/lsdi/ocm03511315-1767/ocm03511315/Output/ocm03511315_0164.tif (deflated 4%)
  adding: mnt/lsdi/ocm03511315-1767/ocm03511315/Output/ocm03511315_0165.tif (deflated 4%)
  adding: mnt/lsdi/ocm03511315-1767/ocm03511315/Output/ocm03511315_0166.tif (deflated 4%)
  adding: mnt/lsdi/ocm03511315-1767/ocm03511315/Output/ocm03511315_0167.tif (deflated 4%)
  adding: mnt/lsdi/ocm03511315-1767/ocm03511315/Output/ocm03511315_0168.tif (deflated 4%)
  adding: mnt/lsdi/ocm03511315-1767/ocm03511315/Output/ocm03511315_0169.tif (deflated 4%)
  adding: mnt/lsdi/ocm03511315-1767/ocm03511315/Output/ocm03511315_0170.tif (deflated 4%)
  adding: mnt/lsdi/ocm03511315-1767/ocm03511315/Output/ocm03511315_0171.tif (deflated 4%)
  adding: mnt/lsdi/ocm03511315-1767/ocm03511315/Output/ocm03511315_0172.tif (deflated 4%)
  adding: mnt/lsdi/ocm03511315-1767/ocm03511315/Output/ocm03511315_0173.tif (deflated 4%)
  adding: mnt/lsdi/ocm03511315-1767/ocm03511315/Output/ocm03511315_0174.tif (deflated 4%)
  adding: mnt/lsdi/ocm03511315-1767/ocm03511315/Output/ocm03511315_0175.tif (deflated 4%)
  adding: mnt/lsdi/ocm03511315-1767/ocm03511315/Output/ocm03511315_0176.tif (deflated 4%)
  adding: mnt/lsdi/ocm03511315-1767/ocm03511315/Output/ocm03511315_0177.tif (deflated 4%)
  adding: mnt/lsdi/ocm03511315-1767/ocm03511315/Output/ocm03511315_0178.tif (deflated 4%)
  adding: mnt/lsdi/ocm03511315-1767/ocm03511315/Output/ocm03511315_0179.tif (deflated 4%)
  adding: mnt/lsdi/ocm03511315-1767/ocm03511315/Output/ocm03511315_0180.tif (deflated 4%)
  adding: mnt/lsdi/ocm03511315-1767/ocm03511315/Output/ocm03511315_0181.tif (deflated 4%)
  adding: mnt/lsdi/ocm03511315-1767/ocm03511315/Output/ocm03511315_0182.tif (deflated 4%)
  adding: mnt/lsdi/ocm03511315-1767/ocm03511315/Output/ocm03511315_0183.tif (deflated 4%)
  adding: mnt/lsdi/ocm03511315-1767/ocm03511315/Output/ocm03511315_0184.tif (deflated 4%)
  adding: mnt/lsdi/ocm03511315-1767/ocm03511315/Output/ocm03511315_0185.tif (deflated 4%)
  adding: mnt/lsdi/ocm03511315-1767/ocm03511315/Output/ocm03511315_0186.tif (deflated 5%)
  adding: mnt/lsdi/ocm03511315-1767/ocm03511315/Output/ocm03511315_0187.tif (deflated 4%)
  adding: mnt/lsdi/ocm03511315-1767/ocm03511315/Output/ocm03511315_0188.tif (deflated 4%)
  adding: mnt/lsdi/ocm03511315-1767/ocm03511315/Output/ocm03511315_0189.tif (deflated 4%)
  adding: mnt/lsdi/ocm03511315-1767/ocm03511315/Output/ocm03511315_0190.tif (deflated 4%)
  adding: mnt/lsdi/ocm03511315-1767/ocm03511315/Output/ocm03511315_0191.tif (deflated 4%)
  adding: mnt/lsdi/ocm03511315-1767/ocm03511315/Output/ocm03511315_0192.tif (deflated 4%)
  adding: mnt/lsdi/ocm03511315-1767/ocm03511315/Output/ocm03511315_0193.tif (deflated 4%)
  adding: mnt/lsdi/ocm03511315-1767/ocm03511315/Output/ocm03511315_0194.tif (deflated 4%)
  adding: mnt/lsdi/ocm03511315-1767/ocm03511315/Output/ocm03511315_0195.tif (deflated 4%)
  adding: mnt/lsdi/ocm03511315-1767/ocm03511315/Output/ocm03511315_0196.tif (deflated 4%)
  adding: mnt/lsdi/ocm03511315-1767/ocm03511315/Output/ocm03511315_0197.tif (deflated 4%)
  adding: mnt/lsdi/ocm03511315-1767/ocm03511315/Output/ocm03511315_0198.tif (deflated 4%)
  adding: mnt/lsdi/ocm03511315-1767/ocm03511315/Output/ocm03511315_0199.tif (deflated 4%)
  adding: mnt/lsdi/ocm03511315-1767/ocm03511315/Output/ocm03511315_0200.tif (deflated 4%)
  adding: mnt/lsdi/ocm03511315-1767/ocm03511315/Output/ocm03511315_0201.tif (deflated 4%)
  adding: mnt/lsdi/ocm03511315-1767/ocm03511315/Output/ocm03511315_0202.tif (deflated 4%)
  adding: mnt/lsdi/ocm03511315-1767/ocm03511315/Output/ocm03511315_0203.tif (deflated 4%)
  adding: mnt/lsdi/ocm03511315-1767/ocm03511315/Output/ocm03511315_0204.tif (deflated 4%)
  adding: mnt/lsdi/ocm03511315-1767/ocm03511315/Output/ocm03511315_0205.tif (deflated 5%)
  adding: mnt/lsdi/ocm03511315-1767/ocm03511315/Output/ocm03511315_0206.tif (deflated 4%)
  adding: mnt/lsdi/ocm03511315-1767/ocm03511315/Output/ocm03511315_0207.tif (deflated 4%)
  adding: mnt/lsdi/ocm03511315-1767/ocm03511315/Output/ocm03511315_0208.tif (deflated 4%)
  adding: mnt/lsdi/ocm03511315-1767/ocm03511315/Output/ocm03511315_0209.tif (deflated 4%)
  adding: mnt/lsdi/ocm03511315-1767/ocm03511315/Output/ocm03511315_0210.tif (deflated 4%)
  adding: mnt/lsdi/ocm03511315-1767/ocm03511315/Output/ocm03511315_0211.tif (deflated 4%)
  adding: mnt/lsdi/ocm03511315-1767/ocm03511315/Output/ocm03511315_0212.tif (deflated 4%)
  adding: mnt/lsdi/ocm03511315-1767/ocm03511315/Output/ocm03511315_0213.tif (deflated 4%)
  adding: mnt/lsdi/ocm03511315-1767/ocm03511315/Output/ocm03511315_0214.tif (deflated 5%)
  adding: mnt/lsdi/ocm03511315-1767/ocm03511315/Output/ocm03511315_0215.tif (deflated 4%)
  adding: mnt/lsdi/ocm03511315-1767/ocm03511315/Output/ocm03511315_0216.tif (deflated 4%)
  adding: mnt/lsdi/ocm03511315-1767/ocm03511315/Output/ocm03511315_0217.tif (deflated 4%)
  adding: mnt/lsdi/ocm03511315-1767/ocm03511315/Output/ocm03511315_0218.tif (deflated 4%)
  adding: mnt/lsdi/ocm03511315-1767/ocm03511315/Output/ocm03511315_0219.tif (deflated 4%)
  adding: mnt/lsdi/ocm03511315-1767/ocm03511315/Output/ocm03511315_0220.tif (deflated 4%)
  adding: mnt/lsdi/ocm03511315-1767/ocm03511315/Output/ocm03511315_0221.tif (deflated 4%)
  adding: mnt/lsdi/ocm03511315-1767/ocm03511315/Output/ocm03511315_0222.tif (deflated 4%)
  adding: mnt/lsdi/ocm03511315-1767/ocm03511315/Output/ocm03511315_0223.tif (deflated 3%)
  adding: mnt/lsdi/ocm03511315-1767/ocm03511315/Output/ocm03511315_0224.tif (deflated 4%)
  adding: mnt/lsdi/ocm03511315-1767/ocm03511315/Output/ocm03511315_0225.tif (deflated 4%)
  adding: mnt/lsdi/ocm03511315-1767/ocm03511315/Output/ocm03511315_0226.tif (deflated 4%)
  adding: mnt/lsdi/ocm03511315-1767/ocm03511315/Output/ocm03511315_0227.tif (deflated 4%)
  adding: mnt/lsdi/ocm03511315-1767/ocm03511315/Output/ocm03511315_0228.tif (deflated 4%)
  adding: mnt/lsdi/ocm03511315-1767/ocm03511315/Output/ocm03511315_0229.tif (deflated 4%)
  adding: mnt/lsdi/ocm03511315-1767/ocm03511315/Output/ocm03511315_0230.tif (deflated 4%)
  adding: mnt/lsdi/ocm03511315-1767/ocm03511315/Output/ocm03511315_0231.tif (deflated 4%)
  adding: mnt/lsdi/ocm03511315-1767/ocm03511315/Output/ocm03511315_0232.tif (deflated 4%)
  adding: mnt/lsdi/ocm03511315-1767/ocm03511315/Output/ocm03511315_0233.tif (deflated 4%)
  adding: mnt/lsdi/ocm03511315-1767/ocm03511315/Output/ocm03511315_0234.tif (deflated 4%)
  adding: mnt/lsdi/ocm03511315-1767/ocm03511315/Output/ocm03511315_0235.tif (deflated 4%)
  adding: mnt/lsdi/ocm03511315-1767/ocm03511315/Output/ocm03511315_0236.tif (deflated 4%)
  adding: mnt/lsdi/ocm03511315-1767/ocm03511315/Output/ocm03511315_0237.tif (deflated 4%)
  adding: mnt/lsdi/ocm03511315-1767/ocm03511315/Output/ocm03511315_0238.tif (deflated 4%)
  adding: mnt/lsdi/ocm03511315-1767/ocm03511315/Output/ocm03511315_0239.tif (deflated 4%)
  adding: mnt/lsdi/ocm03511315-1767/ocm03511315/Output/ocm03511315_0240.tif (deflated 4%)
  adding: mnt/lsdi/ocm03511315-1767/ocm03511315/Output/ocm03511315_0241.tif (deflated 4%)
  adding: mnt/lsdi/ocm03511315-1767/ocm03511315/Output/ocm03511315_0242.tif (deflated 4%)
  adding: mnt/lsdi/ocm03511315-1767/ocm03511315/Output/ocm03511315_0243.tif (deflated 4%)
  adding: mnt/lsdi/ocm03511315-1767/ocm03511315/Output/ocm03511315_0244.tif (deflated 4%)
  adding: mnt/lsdi/ocm03511315-1767/ocm03511315/Output/ocm03511315_0245.tif (deflated 4%)
  adding: mnt/lsdi/ocm03511315-1767/ocm03511315/Output/ocm03511315_0246.tif (deflated 4%)
  adding: mnt/lsdi/ocm03511315-1767/ocm03511315/Output/ocm03511315_0247.tif (deflated 4%)
  adding: mnt/lsdi/ocm03511315-1767/ocm03511315/Output/ocm03511315_0248.tif (deflated 4%)
  adding: mnt/lsdi/ocm03511315-1767/ocm03511315/Output/ocm03511315_0249.tif (deflated 4%)
  adding: mnt/lsdi/ocm03511315-1767/ocm03511315/Output/ocm03511315_0250.tif (deflated 4%)
  adding: mnt/lsdi/ocm03511315-1767/ocm03511315/Output/ocm03511315_0251.tif (deflated 4%)
  adding: mnt/lsdi/ocm03511315-1767/ocm03511315/Output/ocm03511315_0252.tif (deflated 4%)
  adding: mnt/lsdi/ocm03511315-1767/ocm03511315/Output/ocm03511315_0253.tif (deflated 4%)
  adding: mnt/lsdi/ocm03511315-1767/ocm03511315/Output/ocm03511315_0254.tif (deflated 4%)
  adding: mnt/lsdi/ocm03511315-1767/ocm03511315/Output/ocm03511315_0255.tif (deflated 4%)
  adding: mnt/lsdi/ocm03511315-1767/ocm03511315/Output/ocm03511315_0256.tif (deflated 5%)
  adding: mnt/lsdi/ocm03511315-1767/ocm03511315/Output/ocm03511315_0257.tif (deflated 4%)
  adding: mnt/lsdi/ocm03511315-1767/ocm03511315/Output/ocm03511315_0258.tif (deflated 4%)
  adding: mnt/lsdi/ocm03511315-1767/ocm03511315/Output/ocm03511315_0259.tif (deflated 4%)
  adding: mnt/lsdi/ocm03511315-1767/ocm03511315/Output/ocm03511315_0260.tif (deflated 4%)
  adding: mnt/lsdi/ocm03511315-1767/ocm03511315/Output/ocm03511315_0261.tif (deflated 4%)
  adding: mnt/lsdi/ocm03511315-1767/ocm03511315/Output/ocm03511315_0262.tif (deflated 4%)
  adding: mnt/lsdi/ocm03511315-1767/ocm03511315/Output/ocm03511315_0263.tif (deflated 4%)
  adding: mnt/lsdi/ocm03511315-1767/ocm03511315/Output/ocm03511315_0264.tif (deflated 4%)
  adding: mnt/lsdi/ocm03511315-1767/ocm03511315/Output/ocm03511315_0265.tif (deflated 5%)
  adding: mnt/lsdi/ocm03511315-1767/ocm03511315/Output/ocm03511315_0266.tif (deflated 4%)
  adding: mnt/lsdi/ocm03511315-1767/ocm03511315/Output/ocm03511315_0267.tif (deflated 4%)
  adding: mnt/lsdi/ocm03511315-1767/ocm03511315/Output/ocm03511315_0268.tif (deflated 4%)
  adding: mnt/lsdi/ocm03511315-1767/ocm03511315/Output/ocm03511315_0269.tif (deflated 4%)
  adding: mnt/lsdi/ocm03511315-1767/ocm03511315/Output/ocm03511315_0270.tif (deflated 4%)
  adding: mnt/lsdi/ocm03511315-1767/ocm03511315/Output/ocm03511315_0271.tif (deflated 4%)
  adding: mnt/lsdi/ocm03511315-1767/ocm03511315/Output/ocm03511315_0272.tif (deflated 4%)
  adding: mnt/lsdi/ocm03511315-1767/ocm03511315/Output/ocm03511315_0273.tif (deflated 4%)
  adding: mnt/lsdi/ocm03511315-1767/ocm03511315/Output/ocm03511315_0274.tif (deflated 4%)
  adding: mnt/lsdi/ocm03511315-1767/ocm03511315/Output/ocm03511315_0275.tif (deflated 4%)
  adding: mnt/lsdi/ocm03511315-1767/ocm03511315/Output/ocm03511315_0276.tif (deflated 4%)
  adding: mnt/lsdi/ocm03511315-1767/ocm03511315/Output/ocm03511315_0277.tif (deflated 4%)
  adding: mnt/lsdi/ocm03511315-1767/ocm03511315/Output/ocm03511315_0278.tif (deflated 4%)
  adding: mnt/lsdi/ocm03511315-1767/ocm03511315/Output/ocm03511315_0279.tif (deflated 4%)
  adding: mnt/lsdi/ocm03511315-1767/ocm03511315/Output/ocm03511315_0280.tif (deflated 4%)
  adding: mnt/lsdi/ocm03511315-1767/ocm03511315/Output/ocm03511315_0281.tif (deflated 5%)
  adding: mnt/lsdi/ocm03511315-1767/ocm03511315/Output/ocm03511315_0282.tif (deflated 22%)
  adding: mnt/lsdi/ocm03511315-1767/ocm03511315/Output/ocm03511315_0283.tif (deflated 79%)
  adding: mnt/lsdi/ocm03511315-1767/ocm03511315/Output/ocm03511315_0284.tif (deflated 4%)
  adding: mnt/lsdi/ocm03511315-1767/ocm03511315/Output/ocm03511315_0285.tif (deflated 4%)
  adding: mnt/lsdi/ocm03511315-1767/ocm03511315/Output/ocm03511315_0286.tif (deflated 4%)
  adding: mnt/lsdi/ocm03511315-1767/ocm03511315/Output/ocm03511315_0287.tif (deflated 4%)
  adding: mnt/lsdi/ocm03511315-1767/ocm03511315/Output/ocm03511315_0288.tif (deflated 4%)
  adding: mnt/lsdi/ocm03511315-1767/ocm03511315/Output/ocm03511315_0289.tif (deflated 4%)
  adding: mnt/lsdi/ocm03511315-1767/ocm03511315/Output/ocm03511315_0290.tif (deflated 4%)
  adding: mnt/lsdi/ocm03511315-1767/ocm03511315/Output/ocm03511315_0291.tif (deflated 4%)
  adding: mnt/lsdi/ocm03511315-1767/ocm03511315/Output/ocm03511315_0292.tif (deflated 4%)
  adding: mnt/lsdi/ocm03511315-1767/ocm03511315/Output/ocm03511315_0293.tif (deflated 4%)
  adding: mnt/lsdi/ocm03511315-1767/ocm03511315/Output/ocm03511315_0294.tif (deflated 4%)
  adding: mnt/lsdi/ocm03511315-1767/ocm03511315/Output/ocm03511315_0295.tif (deflated 4%)
  adding: mnt/lsdi/ocm03511315-1767/ocm03511315/Output/ocm03511315_0296.tif (deflated 4%)
  adding: mnt/lsdi/ocm03511315-1767/ocm03511315/Output/ocm03511315_0297.tif (deflated 4%)
  adding: mnt/lsdi/ocm03511315-1767/ocm03511315/Output/ocm03511315_0298.tif (deflated 4%)
  adding: mnt/lsdi/ocm03511315-1767/ocm03511315/Output/ocm03511315_0299.tif (deflated 4%)
  adding: mnt/lsdi/ocm03511315-1767/ocm03511315/Output/ocm03511315_0300.tif (deflated 4%)
  adding: mnt/lsdi/ocm03511315-1767/ocm03511315/Output/ocm03511315_0301.tif (deflated 4%)
  adding: mnt/lsdi/ocm03511315-1767/ocm03511315/Output/ocm03511315_0302.tif (deflated 4%)
  adding: mnt/lsdi/ocm03511315-1767/ocm03511315/Output/ocm03511315_0303.tif (deflated 5%)
  adding: mnt/lsdi/ocm03511315-1767/ocm03511315/Output/ocm03511315_0304.tif (deflated 4%)
  adding: mnt/lsdi/ocm03511315-1767/ocm03511315/Output/ocm03511315_0305.tif (deflated 5%)
  adding: mnt/lsdi/ocm03511315-1767/ocm03511315/Output/ocm03511315_0306.tif (deflated 4%)
  adding: mnt/lsdi/ocm03511315-1767/ocm03511315/Output/ocm03511315_0307.tif (deflated 4%)
  adding: mnt/lsdi/ocm03511315-1767/ocm03511315/Output/ocm03511315_0308.tif (deflated 4%)
  adding: mnt/lsdi/ocm03511315-1767/ocm03511315/Output/ocm03511315_0309.tif (deflated 4%)
  adding: mnt/lsdi/ocm03511315-1767/ocm03511315/Output/ocm03511315_0310.tif (deflated 4%)
  adding: mnt/lsdi/ocm03511315-1767/ocm03511315/Output/ocm03511315_0311.tif (deflated 4%)
  adding: mnt/lsdi/ocm03511315-1767/ocm03511315/Output/ocm03511315_0312.tif (deflated 4%)
  adding: mnt/lsdi/ocm03511315-1767/ocm03511315/Output/ocm03511315_0313.tif (deflated 5%)
  adding: mnt/lsdi/ocm03511315-1767/ocm03511315/Output/ocm03511315_0314.tif (deflated 4%)
  adding: mnt/lsdi/ocm03511315-1767/ocm03511315/Output/ocm03511315_0315.tif (deflated 4%)
  adding: mnt/lsdi/ocm03511315-1767/ocm03511315/Output/ocm03511315_0316.tif (deflated 4%)
  adding: mnt/lsdi/ocm03511315-1767/ocm03511315/Output/ocm03511315_0317.tif (deflated 4%)
  adding: mnt/lsdi/ocm03511315-1767/ocm03511315/Output/ocm03511315_0318.tif (deflated 4%)
  adding: mnt/lsdi/ocm03511315-1767/ocm03511315/Output/ocm03511315_0319.tif (deflated 4%)
  adding: mnt/lsdi/ocm03511315-1767/ocm03511315/Output/ocm03511315_0320.tif (deflated 4%)
  adding: mnt/lsdi/ocm03511315-1767/ocm03511315/Output/ocm03511315_0321.tif (deflated 4%)
  adding: mnt/lsdi/ocm03511315-1767/ocm03511315/Output/ocm03511315_0322.tif (deflated 4%)
  adding: mnt/lsdi/ocm03511315-1767/ocm03511315/Output/ocm03511315_0323.tif (deflated 4%)
  adding: mnt/lsdi/ocm03511315-1767/ocm03511315/Output/ocm03511315_0324.tif (deflated 4%)
  adding: mnt/lsdi/ocm03511315-1767/ocm03511315/Output/ocm03511315_0325.tif (deflated 5%)
  adding: mnt/lsdi/ocm03511315-1767/ocm03511315/Output/ocm03511315_0326.tif (deflated 4%)
  adding: mnt/lsdi/ocm03511315-1767/ocm03511315/Output/ocm03511315_0327.tif (deflated 4%)
  adding: mnt/lsdi/ocm03511315-1767/ocm03511315/Output/ocm03511315_0328.tif (deflated 4%)
  adding: mnt/lsdi/ocm03511315-1767/ocm03511315/Output/ocm03511315_0329.tif (deflated 4%)
  adding: mnt/lsdi/ocm03511315-1767/ocm03511315/Output/ocm03511315_0330.tif (deflated 4%)
  adding: mnt/lsdi/ocm03511315-1767/ocm03511315/Output/ocm03511315_0331.tif (deflated 4%)
  adding: mnt/lsdi/ocm03511315-1767/ocm03511315/Output/ocm03511315_0332.tif (deflated 4%)
  adding: mnt/lsdi/ocm03511315-1767/ocm03511315/Output/ocm03511315_0333.tif (deflated 4%)
  adding: mnt/lsdi/ocm03511315-1767/ocm03511315/Output/ocm03511315_0334.tif (deflated 4%)
  adding: mnt/lsdi/ocm03511315-1767/ocm03511315/Output/ocm03511315_0335.tif (deflated 4%)
  adding: mnt/lsdi/ocm03511315-1767/ocm03511315/Output/ocm03511315_0336.tif (deflated 4%)
  adding: mnt/lsdi/ocm03511315-1767/ocm03511315/Output/ocm03511315_0337.tif (deflated 4%)
  adding: mnt/lsdi/ocm03511315-1767/ocm03511315/Output/ocm03511315_0338.tif (deflated 4%)
  adding: mnt/lsdi/ocm03511315-1767/ocm03511315/Output/ocm03511315_0339.tif (deflated 4%)
  adding: mnt/lsdi/ocm03511315-1767/ocm03511315/Output/ocm03511315_0340.tif (deflated 6%)
  adding: mnt/lsdi/ocm03511315-1767/ocm03511315/Output/ocm03511315_0341.tif (deflated 4%)
  adding: mnt/lsdi/ocm03511315-1767/ocm03511315/Output/ocm03511315_0342.tif (deflated 4%)
  adding: mnt/lsdi/ocm03511315-1767/ocm03511315/Output/ocm03511315_0343.tif (deflated 4%)
  adding: mnt/lsdi/ocm03511315-1767/ocm03511315/Output/ocm03511315_0344.tif (deflated 4%)
  adding: mnt/lsdi/ocm03511315-1767/ocm03511315/Output/ocm03511315_0345.tif (deflated 4%)
  adding: mnt/lsdi/ocm03511315-1767/ocm03511315/Output/ocm03511315_0346.tif (deflated 4%)
  adding: mnt/lsdi/ocm03511315-1767/ocm03511315/Output/ocm03511315_0347.tif (deflated 4%)
  adding: mnt/lsdi/ocm03511315-1767/ocm03511315/Output/ocm03511315_0348.tif (deflated 4%)
  adding: mnt/lsdi/ocm03511315-1767/ocm03511315/Output/ocm03511315_0349.tif (deflated 4%)
  adding: mnt/lsdi/ocm03511315-1767/ocm03511315/Output/ocm03511315_0350.tif (deflated 4%)
  adding: mnt/lsdi/ocm03511315-1767/ocm03511315/Output/ocm03511315_0351.tif (deflated 4%)
  adding: mnt/lsdi/ocm03511315-1767/ocm03511315/Output/ocm03511315_0352.tif (deflated 5%)
  adding: mnt/lsdi/ocm03511315-1767/ocm03511315/Output/ocm03511315_0353.tif (deflated 79%)
  adding: mnt/lsdi/ocm03511315-1767/ocm03511315/Output/ocm03511315_0354.tif (deflated 3%)
  adding: mnt/lsdi/ocm03511315-1767/ocm03511315/Output/ocm03511315_0355.tif (deflated 3%)
  adding: mnt/lsdi/ocm03511315-1767/ocm03511315/Output/ocm03511315_0356.tif (deflated 79%)
curl --location --header authorization: LOW fpJYfLnxbLmCEHqU:JQbq6NgBaPrSh98Y --upload-file /temp/ocm03511315_1767_images.zip http://s3.us.archive.org/03511315.1767.emory.edu/03511315_1767_images.zip
  % Total    % Received % Xferd  Average Speed   Time    Time     Time  Current
                                 Dload  Upload   Total   Spent    Left  Speed
  0     0    0     0    0     0      0      0 --:--:-- --:--:-- --:--:--     0  0 10.2M    0     0    0     0      0      0 --:--:--  0:00:01 --:--:--     0  7 10.2M    0     0    7  736k      0   398k  0:00:26  0:00:01  0:00:25  415k 15 10.2M    0     0   15 1648k      0   579k  0:00:18  0:00:02  0:00:16  594k 23 10.2M    0     0   23 2416k      0   622k  0:00:16  0:00:03  0:00:13  634k 30 10.2M    0     0   30 3184k      0   654k  0:00:15  0:00:04  0:00:11  664k 36 10.2M    0     0   36 3872k      0   661k  0:00:15  0:00:05  0:00:10  810k 44 10.2M    0     0   44 4640k      0   674k  0:00:15  0:00:06  0:00:09  775k 52 10.2M    0     0   52 5472k      0   696k  0:00:15  0:00:07  0:00:08  763k 60 10.2M    0     0   60 6320k      0   714k  0:00:14  0:00:08  0:00:06  785k 68 10.2M    0     0   68 7216k      0   731k  0:00:14  0:00:09  0:00:05  806k 76 10.2M    0     0   76 8016k      0   736k  0:00:14  0:00:10  0:00:04  822k 82 10.2M    0     0   82 8640k      0   728k  0:00:14  0:00:11  0:00:03  801k 88 10.2M    0     0   88 9296k      0   723k  0:00:14  0:00:12  0:00:02  765k 95 10.2M    0     0   95  9.7M      0   722k  0:00:14  0:00:13  0:00:01  736k100 10.2M    0     0  100 10.2M      0   674k  0:00:15  0:00:15 --:--:--  574k100 10.2M    0     0  100 10.2M      0   633k  0:00:16  0:00:16 --:--:--  434k100 10.2M    0     0  100 10.2M      0   597k  0:00:17  0:00:17 --:--:--  322k100 10.2M    0     0  100 10.2M      0   577k  0:00:18  0:00:18 --:--:--  221k100 10.2M    0     0  100 10.2M      0   577k  0:00:18  0:00:18 --:--:--  108k
