02606675
curl --location --header x-amz-auto-make-bucket:1 --header x-archive-ignore-preexisting-bucket:1 --header x-archive-queue-derive:0 --header x-archive-meta-mediatype:texts --header x-archive-meta03-collection:emory --header x-archive-meta01-collection:americanmethodism --header x-archive-meta-sponsor:Emory University, Pitts Theology Library --header x-archive-meta-contributor:Emory University, Pitts Theology Library --header x-archive-meta-ppi:300 --header authorization: LOW fpJYfLnxbLmCEHqU:JQbq6NgBaPrSh98Y --upload-file /mnt/lsdi/ocm02606675/ocm02606675/ocm02606675_MRC.xml http://s3.us.archive.org/02606675.emory.edu/02606675.emory.edu_marc.xml
  % Total    % Received % Xferd  Average Speed   Time    Time     Time  Current
                                 Dload  Upload   Total   Spent    Left  Speed
  0     0    0     0    0     0      0      0 --:--:-- --:--:-- --:--:--     0100  3108    0     0  100  3108      0   1578  0:00:01  0:00:01 --:--:--  1647100  3108    0     0  100  3108      0   1493  0:00:02  0:00:02 --:--:--  1555100  3108    0     0  100  3108      0   1493  0:00:02  0:00:02 --:--:--  1555
zip -r /temp/ocm02606675_images.zip /mnt/lsdi/ocm02606675/ocm02606675/Output/_0001.tif /mnt/lsdi/ocm02606675/ocm02606675/Output/_0002.tif /mnt/lsdi/ocm02606675/ocm02606675/Output/_0003.tif /mnt/lsdi/ocm02606675/ocm02606675/Output/_0004.tif /mnt/lsdi/ocm02606675/ocm02606675/Output/_0005.tif /mnt/lsdi/ocm02606675/ocm02606675/Output/_0006.tif /mnt/lsdi/ocm02606675/ocm02606675/Output/_0007.tif /mnt/lsdi/ocm02606675/ocm02606675/Output/_0008.tif /mnt/lsdi/ocm02606675/ocm02606675/Output/_0009.tif /mnt/lsdi/ocm02606675/ocm02606675/Output/_0010.tif /mnt/lsdi/ocm02606675/ocm02606675/Output/_0011.tif /mnt/lsdi/ocm02606675/ocm02606675/Output/_0012.tif /mnt/lsdi/ocm02606675/ocm02606675/Output/_0013.tif /mnt/lsdi/ocm02606675/ocm02606675/Output/_0014.tif /mnt/lsdi/ocm02606675/ocm02606675/Output/_0015.tif /mnt/lsdi/ocm02606675/ocm02606675/Output/_0016.tif /mnt/lsdi/ocm02606675/ocm02606675/Output/_0017.tif /mnt/lsdi/ocm02606675/ocm02606675/Output/_0018.tif /mnt/lsdi/ocm02606675/ocm02606675/Output/_0019.tif /mnt/lsdi/ocm02606675/ocm02606675/Output/_0020.tif /mnt/lsdi/ocm02606675/ocm02606675/Output/_0021.tif /mnt/lsdi/ocm02606675/ocm02606675/Output/_0022.tif /mnt/lsdi/ocm02606675/ocm02606675/Output/_0023.tif /mnt/lsdi/ocm02606675/ocm02606675/Output/_0024.tif /mnt/lsdi/ocm02606675/ocm02606675/Output/_0025.tif /mnt/lsdi/ocm02606675/ocm02606675/Output/_0026.tif /mnt/lsdi/ocm02606675/ocm02606675/Output/_0027.tif /mnt/lsdi/ocm02606675/ocm02606675/Output/_0028.tif /mnt/lsdi/ocm02606675/ocm02606675/Output/_0029.tif /mnt/lsdi/ocm02606675/ocm02606675/Output/_0030.tif /mnt/lsdi/ocm02606675/ocm02606675/Output/_0031.tif /mnt/lsdi/ocm02606675/ocm02606675/Output/_0032.tif /mnt/lsdi/ocm02606675/ocm02606675/Output/_0033.tif /mnt/lsdi/ocm02606675/ocm02606675/Output/_0034.tif /mnt/lsdi/ocm02606675/ocm02606675/Output/_0035.tif /mnt/lsdi/ocm02606675/ocm02606675/Output/_0036.tif /mnt/lsdi/ocm02606675/ocm02606675/Output/_0037.tif /mnt/lsdi/ocm02606675/ocm02606675/Output/_0038.tif /mnt/lsdi/ocm02606675/ocm02606675/Output/_0039.tif /mnt/lsdi/ocm02606675/ocm02606675/Output/_0040.tif /mnt/lsdi/ocm02606675/ocm02606675/Output/_0041.tif /mnt/lsdi/ocm02606675/ocm02606675/Output/_0042.tif /mnt/lsdi/ocm02606675/ocm02606675/Output/_0043.tif /mnt/lsdi/ocm02606675/ocm02606675/Output/_0044.tif /mnt/lsdi/ocm02606675/ocm02606675/Output/_0045.tif /mnt/lsdi/ocm02606675/ocm02606675/Output/_0046.tif /mnt/lsdi/ocm02606675/ocm02606675/Output/_0047.tif /mnt/lsdi/ocm02606675/ocm02606675/Output/_0048.tif /mnt/lsdi/ocm02606675/ocm02606675/Output/_0049.tif /mnt/lsdi/ocm02606675/ocm02606675/Output/_0050.tif /mnt/lsdi/ocm02606675/ocm02606675/Output/_0051.tif /mnt/lsdi/ocm02606675/ocm02606675/Output/_0052.tif /mnt/lsdi/ocm02606675/ocm02606675/Output/_0053.tif /mnt/lsdi/ocm02606675/ocm02606675/Output/_0054.tif /mnt/lsdi/ocm02606675/ocm02606675/Output/_0055.tif /mnt/lsdi/ocm02606675/ocm02606675/Output/_0056.tif /mnt/lsdi/ocm02606675/ocm02606675/Output/_0057.tif /mnt/lsdi/ocm02606675/ocm02606675/Output/_0058.tif /mnt/lsdi/ocm02606675/ocm02606675/Output/_0059.tif /mnt/lsdi/ocm02606675/ocm02606675/Output/_0060.tif /mnt/lsdi/ocm02606675/ocm02606675/Output/_0061.tif /mnt/lsdi/ocm02606675/ocm02606675/Output/_0062.tif /mnt/lsdi/ocm02606675/ocm02606675/Output/_0063.tif /mnt/lsdi/ocm02606675/ocm02606675/Output/_0064.tif /mnt/lsdi/ocm02606675/ocm02606675/Output/_0065.tif /mnt/lsdi/ocm02606675/ocm02606675/Output/_0066.tif /mnt/lsdi/ocm02606675/ocm02606675/Output/_0067.tif /mnt/lsdi/ocm02606675/ocm02606675/Output/_0068.tif /mnt/lsdi/ocm02606675/ocm02606675/Output/_0069.tif /mnt/lsdi/ocm02606675/ocm02606675/Output/_0070.tif /mnt/lsdi/ocm02606675/ocm02606675/Output/_0071.tif /mnt/lsdi/ocm02606675/ocm02606675/Output/_0072.tif /mnt/lsdi/ocm02606675/ocm02606675/Output/_0073.tif /mnt/lsdi/ocm02606675/ocm02606675/Output/_0074.tif /mnt/lsdi/ocm02606675/ocm02606675/Output/_0075.tif /mnt/lsdi/ocm02606675/ocm02606675/Output/_0076.tif /mnt/lsdi/ocm02606675/ocm02606675/Output/_0077.tif /mnt/lsdi/ocm02606675/ocm02606675/Output/_0078.tif /mnt/lsdi/ocm02606675/ocm02606675/Output/_0079.tif /mnt/lsdi/ocm02606675/ocm02606675/Output/_0080.tif /mnt/lsdi/ocm02606675/ocm02606675/Output/_0081.tif /mnt/lsdi/ocm02606675/ocm02606675/Output/_0082.tif /mnt/lsdi/ocm02606675/ocm02606675/Output/_0083.tif /mnt/lsdi/ocm02606675/ocm02606675/Output/_0084.tif /mnt/lsdi/ocm02606675/ocm02606675/Output/_0085.tif /mnt/lsdi/ocm02606675/ocm02606675/Output/_0086.tif /mnt/lsdi/ocm02606675/ocm02606675/Output/_0087.tif /mnt/lsdi/ocm02606675/ocm02606675/Output/_0088.tif /mnt/lsdi/ocm02606675/ocm02606675/Output/_0089.tif /mnt/lsdi/ocm02606675/ocm02606675/Output/_0090.tif /mnt/lsdi/ocm02606675/ocm02606675/Output/_0091.tif /mnt/lsdi/ocm02606675/ocm02606675/Output/_0092.tif /mnt/lsdi/ocm02606675/ocm02606675/Output/_0093.tif /mnt/lsdi/ocm02606675/ocm02606675/Output/_0094.tif /mnt/lsdi/ocm02606675/ocm02606675/Output/_0095.tif /mnt/lsdi/ocm02606675/ocm02606675/Output/_0096.tif /mnt/lsdi/ocm02606675/ocm02606675/Output/_0097.tif /mnt/lsdi/ocm02606675/ocm02606675/Output/_0098.tif /mnt/lsdi/ocm02606675/ocm02606675/Output/_0099.tif /mnt/lsdi/ocm02606675/ocm02606675/Output/_0100.tif /mnt/lsdi/ocm02606675/ocm02606675/Output/_0101.tif /mnt/lsdi/ocm02606675/ocm02606675/Output/_0102.tif /mnt/lsdi/ocm02606675/ocm02606675/Output/_0103.tif /mnt/lsdi/ocm02606675/ocm02606675/Output/_0104.tif /mnt/lsdi/ocm02606675/ocm02606675/Output/_0105.tif /mnt/lsdi/ocm02606675/ocm02606675/Output/_0106.tif /mnt/lsdi/ocm02606675/ocm02606675/Output/_0107.tif /mnt/lsdi/ocm02606675/ocm02606675/Output/_0108.tif /mnt/lsdi/ocm02606675/ocm02606675/Output/_0109.tif /mnt/lsdi/ocm02606675/ocm02606675/Output/_0110.tif /mnt/lsdi/ocm02606675/ocm02606675/Output/_0111.tif /mnt/lsdi/ocm02606675/ocm02606675/Output/_0112.tif /mnt/lsdi/ocm02606675/ocm02606675/Output/_0113.tif /mnt/lsdi/ocm02606675/ocm02606675/Output/_0114.tif /mnt/lsdi/ocm02606675/ocm02606675/Output/_0115.tif /mnt/lsdi/ocm02606675/ocm02606675/Output/_0116.tif /mnt/lsdi/ocm02606675/ocm02606675/Output/_0117.tif /mnt/lsdi/ocm02606675/ocm02606675/Output/_0118.tif /mnt/lsdi/ocm02606675/ocm02606675/Output/_0119.tif /mnt/lsdi/ocm02606675/ocm02606675/Output/_0120.tif /mnt/lsdi/ocm02606675/ocm02606675/Output/_0121.tif /mnt/lsdi/ocm02606675/ocm02606675/Output/_0122.tif /mnt/lsdi/ocm02606675/ocm02606675/Output/_0123.tif /mnt/lsdi/ocm02606675/ocm02606675/Output/_0124.tif /mnt/lsdi/ocm02606675/ocm02606675/Output/_0125.tif /mnt/lsdi/ocm02606675/ocm02606675/Output/_0126.tif /mnt/lsdi/ocm02606675/ocm02606675/Output/_0127.tif /mnt/lsdi/ocm02606675/ocm02606675/Output/_0128.tif /mnt/lsdi/ocm02606675/ocm02606675/Output/_0129.tif /mnt/lsdi/ocm02606675/ocm02606675/Output/_0130.tif /mnt/lsdi/ocm02606675/ocm02606675/Output/_0131.tif /mnt/lsdi/ocm02606675/ocm02606675/Output/_0132.tif /mnt/lsdi/ocm02606675/ocm02606675/Output/_0133.tif /mnt/lsdi/ocm02606675/ocm02606675/Output/_0134.tif /mnt/lsdi/ocm02606675/ocm02606675/Output/_0135.tif /mnt/lsdi/ocm02606675/ocm02606675/Output/_0136.tif /mnt/lsdi/ocm02606675/ocm02606675/Output/_0137.tif /mnt/lsdi/ocm02606675/ocm02606675/Output/_0138.tif /mnt/lsdi/ocm02606675/ocm02606675/Output/_0139.tif /mnt/lsdi/ocm02606675/ocm02606675/Output/_0140.tif /mnt/lsdi/ocm02606675/ocm02606675/Output/_0141.tif /mnt/lsdi/ocm02606675/ocm02606675/Output/_0142.tif /mnt/lsdi/ocm02606675/ocm02606675/Output/_0143.tif /mnt/lsdi/ocm02606675/ocm02606675/Output/_0144.tif /mnt/lsdi/ocm02606675/ocm02606675/Output/_0145.tif /mnt/lsdi/ocm02606675/ocm02606675/Output/_0146.tif /mnt/lsdi/ocm02606675/ocm02606675/Output/_0147.tif /mnt/lsdi/ocm02606675/ocm02606675/Output/_0148.tif /mnt/lsdi/ocm02606675/ocm02606675/Output/_0149.tif /mnt/lsdi/ocm02606675/ocm02606675/Output/_0150.tif /mnt/lsdi/ocm02606675/ocm02606675/Output/_0151.tif /mnt/lsdi/ocm02606675/ocm02606675/Output/_0152.tif /mnt/lsdi/ocm02606675/ocm02606675/Output/_0153.tif /mnt/lsdi/ocm02606675/ocm02606675/Output/_0154.tif /mnt/lsdi/ocm02606675/ocm02606675/Output/_0155.tif /mnt/lsdi/ocm02606675/ocm02606675/Output/_0156.tif /mnt/lsdi/ocm02606675/ocm02606675/Output/_0157.tif /mnt/lsdi/ocm02606675/ocm02606675/Output/_0158.tif /mnt/lsdi/ocm02606675/ocm02606675/Output/_0159.tif /mnt/lsdi/ocm02606675/ocm02606675/Output/_0160.tif /mnt/lsdi/ocm02606675/ocm02606675/Output/_0161.tif /mnt/lsdi/ocm02606675/ocm02606675/Output/_0162.tif /mnt/lsdi/ocm02606675/ocm02606675/Output/_0163.tif /mnt/lsdi/ocm02606675/ocm02606675/Output/_0164.tif /mnt/lsdi/ocm02606675/ocm02606675/Output/_0165.tif /mnt/lsdi/ocm02606675/ocm02606675/Output/_0166.tif /mnt/lsdi/ocm02606675/ocm02606675/Output/_0167.tif /mnt/lsdi/ocm02606675/ocm02606675/Output/_0168.tif /mnt/lsdi/ocm02606675/ocm02606675/Output/_0169.tif /mnt/lsdi/ocm02606675/ocm02606675/Output/_0170.tif /mnt/lsdi/ocm02606675/ocm02606675/Output/_0171.tif /mnt/lsdi/ocm02606675/ocm02606675/Output/_0172.tif /mnt/lsdi/ocm02606675/ocm02606675/Output/_0173.tif /mnt/lsdi/ocm02606675/ocm02606675/Output/_0174.tif /mnt/lsdi/ocm02606675/ocm02606675/Output/_0175.tif /mnt/lsdi/ocm02606675/ocm02606675/Output/_0176.tif /mnt/lsdi/ocm02606675/ocm02606675/Output/_0177.tif /mnt/lsdi/ocm02606675/ocm02606675/Output/_0178.tif /mnt/lsdi/ocm02606675/ocm02606675/Output/_0179.tif /mnt/lsdi/ocm02606675/ocm02606675/Output/_0180.tif /mnt/lsdi/ocm02606675/ocm02606675/Output/_0181.tif /mnt/lsdi/ocm02606675/ocm02606675/Output/_0182.tif /mnt/lsdi/ocm02606675/ocm02606675/Output/_0183.tif /mnt/lsdi/ocm02606675/ocm02606675/Output/_0184.tif /mnt/lsdi/ocm02606675/ocm02606675/Output/_0185.tif /mnt/lsdi/ocm02606675/ocm02606675/Output/_0186.tif /mnt/lsdi/ocm02606675/ocm02606675/Output/_0187.tif /mnt/lsdi/ocm02606675/ocm02606675/Output/_0188.tif /mnt/lsdi/ocm02606675/ocm02606675/Output/_0189.tif /mnt/lsdi/ocm02606675/ocm02606675/Output/_0190.tif /mnt/lsdi/ocm02606675/ocm02606675/Output/_0191.tif /mnt/lsdi/ocm02606675/ocm02606675/Output/_0192.tif /mnt/lsdi/ocm02606675/ocm02606675/Output/_0193.tif /mnt/lsdi/ocm02606675/ocm02606675/Output/_0194.tif /mnt/lsdi/ocm02606675/ocm02606675/Output/_0195.tif /mnt/lsdi/ocm02606675/ocm02606675/Output/_0196.tif /mnt/lsdi/ocm02606675/ocm02606675/Output/_0197.tif /mnt/lsdi/ocm02606675/ocm02606675/Output/_0198.tif /mnt/lsdi/ocm02606675/ocm02606675/Output/_0199.tif /mnt/lsdi/ocm02606675/ocm02606675/Output/_0200.tif /mnt/lsdi/ocm02606675/ocm02606675/Output/_0201.tif /mnt/lsdi/ocm02606675/ocm02606675/Output/_0202.tif /mnt/lsdi/ocm02606675/ocm02606675/Output/_0203.tif /mnt/lsdi/ocm02606675/ocm02606675/Output/_0204.tif /mnt/lsdi/ocm02606675/ocm02606675/Output/_0205.tif /mnt/lsdi/ocm02606675/ocm02606675/Output/_0206.tif /mnt/lsdi/ocm02606675/ocm02606675/Output/_0207.tif /mnt/lsdi/ocm02606675/ocm02606675/Output/_0208.tif /mnt/lsdi/ocm02606675/ocm02606675/Output/_0209.tif /mnt/lsdi/ocm02606675/ocm02606675/Output/_0210.tif /mnt/lsdi/ocm02606675/ocm02606675/Output/_0211.tif /mnt/lsdi/ocm02606675/ocm02606675/Output/_0212.tif /mnt/lsdi/ocm02606675/ocm02606675/Output/_0213.tif /mnt/lsdi/ocm02606675/ocm02606675/Output/_0214.tif /mnt/lsdi/ocm02606675/ocm02606675/Output/_0215.tif /mnt/lsdi/ocm02606675/ocm02606675/Output/_0216.tif /mnt/lsdi/ocm02606675/ocm02606675/Output/_0217.tif /mnt/lsdi/ocm02606675/ocm02606675/Output/_0218.tif /mnt/lsdi/ocm02606675/ocm02606675/Output/_0219.tif /mnt/lsdi/ocm02606675/ocm02606675/Output/_0220.tif /mnt/lsdi/ocm02606675/ocm02606675/Output/_0221.tif /mnt/lsdi/ocm02606675/ocm02606675/Output/_0222.tif /mnt/lsdi/ocm02606675/ocm02606675/Output/_0223.tif /mnt/lsdi/ocm02606675/ocm02606675/Output/_0224.tif /mnt/lsdi/ocm02606675/ocm02606675/Output/_0225.tif /mnt/lsdi/ocm02606675/ocm02606675/Output/_0226.tif /mnt/lsdi/ocm02606675/ocm02606675/Output/_0227.tif /mnt/lsdi/ocm02606675/ocm02606675/Output/_0228.tif /mnt/lsdi/ocm02606675/ocm02606675/Output/_0229.tif /mnt/lsdi/ocm02606675/ocm02606675/Output/_0230.tif /mnt/lsdi/ocm02606675/ocm02606675/Output/_0231.tif /mnt/lsdi/ocm02606675/ocm02606675/Output/_0232.tif /mnt/lsdi/ocm02606675/ocm02606675/Output/_0233.tif /mnt/lsdi/ocm02606675/ocm02606675/Output/_0234.tif /mnt/lsdi/ocm02606675/ocm02606675/Output/_0235.tif /mnt/lsdi/ocm02606675/ocm02606675/Output/_0236.tif /mnt/lsdi/ocm02606675/ocm02606675/Output/_0237.tif /mnt/lsdi/ocm02606675/ocm02606675/Output/_0238.tif /mnt/lsdi/ocm02606675/ocm02606675/Output/_0239.tif /mnt/lsdi/ocm02606675/ocm02606675/Output/_0240.tif /mnt/lsdi/ocm02606675/ocm02606675/Output/_0241.tif /mnt/lsdi/ocm02606675/ocm02606675/Output/_0242.tif /mnt/lsdi/ocm02606675/ocm02606675/Output/_0243.tif /mnt/lsdi/ocm02606675/ocm02606675/Output/_0244.tif /mnt/lsdi/ocm02606675/ocm02606675/Output/_0245.tif /mnt/lsdi/ocm02606675/ocm02606675/Output/_0246.tif /mnt/lsdi/ocm02606675/ocm02606675/Output/_0247.tif /mnt/lsdi/ocm02606675/ocm02606675/Output/_0248.tif /mnt/lsdi/ocm02606675/ocm02606675/Output/_0249.tif /mnt/lsdi/ocm02606675/ocm02606675/Output/_0250.tif /mnt/lsdi/ocm02606675/ocm02606675/Output/_0251.tif /mnt/lsdi/ocm02606675/ocm02606675/Output/_0252.tif /mnt/lsdi/ocm02606675/ocm02606675/Output/_0253.tif /mnt/lsdi/ocm02606675/ocm02606675/Output/_0254.tif /mnt/lsdi/ocm02606675/ocm02606675/Output/_0255.tif /mnt/lsdi/ocm02606675/ocm02606675/Output/_0256.tif /mnt/lsdi/ocm02606675/ocm02606675/Output/_0257.tif /mnt/lsdi/ocm02606675/ocm02606675/Output/_0258.tif /mnt/lsdi/ocm02606675/ocm02606675/Output/_0259.tif /mnt/lsdi/ocm02606675/ocm02606675/Output/_0260.tif /mnt/lsdi/ocm02606675/ocm02606675/Output/_0261.tif /mnt/lsdi/ocm02606675/ocm02606675/Output/_0262.tif /mnt/lsdi/ocm02606675/ocm02606675/Output/_0263.tif /mnt/lsdi/ocm02606675/ocm02606675/Output/_0264.tif /mnt/lsdi/ocm02606675/ocm02606675/Output/_0265.tif /mnt/lsdi/ocm02606675/ocm02606675/Output/_0266.tif /mnt/lsdi/ocm02606675/ocm02606675/Output/_0267.tif /mnt/lsdi/ocm02606675/ocm02606675/Output/_0268.tif /mnt/lsdi/ocm02606675/ocm02606675/Output/_0269.tif /mnt/lsdi/ocm02606675/ocm02606675/Output/_0270.tif /mnt/lsdi/ocm02606675/ocm02606675/Output/_0271.tif /mnt/lsdi/ocm02606675/ocm02606675/Output/_0272.tif /mnt/lsdi/ocm02606675/ocm02606675/Output/_0273.tif /mnt/lsdi/ocm02606675/ocm02606675/Output/_0274.tif /mnt/lsdi/ocm02606675/ocm02606675/Output/_0275.tif /mnt/lsdi/ocm02606675/ocm02606675/Output/_0276.tif /mnt/lsdi/ocm02606675/ocm02606675/Output/_0277.tif /mnt/lsdi/ocm02606675/ocm02606675/Output/_0278.tif /mnt/lsdi/ocm02606675/ocm02606675/Output/_0279.tif /mnt/lsdi/ocm02606675/ocm02606675/Output/_0280.tif /mnt/lsdi/ocm02606675/ocm02606675/Output/_0281.tif /mnt/lsdi/ocm02606675/ocm02606675/Output/_0282.tif /mnt/lsdi/ocm02606675/ocm02606675/Output/_0283.tif /mnt/lsdi/ocm02606675/ocm02606675/Output/_0284.tif /mnt/lsdi/ocm02606675/ocm02606675/Output/_0285.tif /mnt/lsdi/ocm02606675/ocm02606675/Output/_0286.tif /mnt/lsdi/ocm02606675/ocm02606675/Output/_0287.tif /mnt/lsdi/ocm02606675/ocm02606675/Output/_0288.tif /mnt/lsdi/ocm02606675/ocm02606675/Output/_0289.tif /mnt/lsdi/ocm02606675/ocm02606675/Output/_0290.tif /mnt/lsdi/ocm02606675/ocm02606675/Output/_0291.tif /mnt/lsdi/ocm02606675/ocm02606675/Output/_0292.tif /mnt/lsdi/ocm02606675/ocm02606675/Output/_0293.tif /mnt/lsdi/ocm02606675/ocm02606675/Output/_0294.tif /mnt/lsdi/ocm02606675/ocm02606675/Output/_0295.tif /mnt/lsdi/ocm02606675/ocm02606675/Output/_0296.tif /mnt/lsdi/ocm02606675/ocm02606675/Output/_0297.tif /mnt/lsdi/ocm02606675/ocm02606675/Output/_0298.tif /mnt/lsdi/ocm02606675/ocm02606675/Output/_0299.tif /mnt/lsdi/ocm02606675/ocm02606675/Output/_0300.tif /mnt/lsdi/ocm02606675/ocm02606675/Output/_0301.tif /mnt/lsdi/ocm02606675/ocm02606675/Output/_0302.tif /mnt/lsdi/ocm02606675/ocm02606675/Output/_0303.tif /mnt/lsdi/ocm02606675/ocm02606675/Output/_0304.tif /mnt/lsdi/ocm02606675/ocm02606675/Output/_0305.tif /mnt/lsdi/ocm02606675/ocm02606675/Output/_0306.tif /mnt/lsdi/ocm02606675/ocm02606675/Output/_0307.tif /mnt/lsdi/ocm02606675/ocm02606675/Output/_0308.tif /mnt/lsdi/ocm02606675/ocm02606675/Output/_0309.tif /mnt/lsdi/ocm02606675/ocm02606675/Output/_0310.tif /mnt/lsdi/ocm02606675/ocm02606675/Output/_0311.tif /mnt/lsdi/ocm02606675/ocm02606675/Output/_0312.tif /mnt/lsdi/ocm02606675/ocm02606675/Output/_0313.tif /mnt/lsdi/ocm02606675/ocm02606675/Output/_0314.tif /mnt/lsdi/ocm02606675/ocm02606675/Output/_0315.tif /mnt/lsdi/ocm02606675/ocm02606675/Output/_0316.tif /mnt/lsdi/ocm02606675/ocm02606675/Output/_0317.tif /mnt/lsdi/ocm02606675/ocm02606675/Output/_0318.tif /mnt/lsdi/ocm02606675/ocm02606675/Output/_0319.tif /mnt/lsdi/ocm02606675/ocm02606675/Output/_0320.tif /mnt/lsdi/ocm02606675/ocm02606675/Output/_0321.tif /mnt/lsdi/ocm02606675/ocm02606675/Output/_0322.tif /mnt/lsdi/ocm02606675/ocm02606675/Output/_0323.tif /mnt/lsdi/ocm02606675/ocm02606675/Output/_0324.tif /mnt/lsdi/ocm02606675/ocm02606675/Output/_0325.tif /mnt/lsdi/ocm02606675/ocm02606675/Output/_0326.tif /mnt/lsdi/ocm02606675/ocm02606675/Output/_0327.tif /mnt/lsdi/ocm02606675/ocm02606675/Output/_0328.tif /mnt/lsdi/ocm02606675/ocm02606675/Output/_0329.tif /mnt/lsdi/ocm02606675/ocm02606675/Output/_0330.tif /mnt/lsdi/ocm02606675/ocm02606675/Output/_0331.tif /mnt/lsdi/ocm02606675/ocm02606675/Output/_0332.tif /mnt/lsdi/ocm02606675/ocm02606675/Output/_0333.tif /mnt/lsdi/ocm02606675/ocm02606675/Output/_0334.tif /mnt/lsdi/ocm02606675/ocm02606675/Output/_0335.tif /mnt/lsdi/ocm02606675/ocm02606675/Output/_0336.tif /mnt/lsdi/ocm02606675/ocm02606675/Output/_0337.tif /mnt/lsdi/ocm02606675/ocm02606675/Output/_0338.tif /mnt/lsdi/ocm02606675/ocm02606675/Output/_0339.tif /mnt/lsdi/ocm02606675/ocm02606675/Output/_0340.tif /mnt/lsdi/ocm02606675/ocm02606675/Output/_0341.tif /mnt/lsdi/ocm02606675/ocm02606675/Output/_0342.tif /mnt/lsdi/ocm02606675/ocm02606675/Output/_0343.tif /mnt/lsdi/ocm02606675/ocm02606675/Output/_0344.tif /mnt/lsdi/ocm02606675/ocm02606675/Output/_0345.tif /mnt/lsdi/ocm02606675/ocm02606675/Output/_0346.tif /mnt/lsdi/ocm02606675/ocm02606675/Output/_0347.tif /mnt/lsdi/ocm02606675/ocm02606675/Output/_0348.tif /mnt/lsdi/ocm02606675/ocm02606675/Output/_0349.tif /mnt/lsdi/ocm02606675/ocm02606675/Output/_0350.tif /mnt/lsdi/ocm02606675/ocm02606675/Output/_0351.tif /mnt/lsdi/ocm02606675/ocm02606675/Output/_0352.tif /mnt/lsdi/ocm02606675/ocm02606675/Output/_0353.tif /mnt/lsdi/ocm02606675/ocm02606675/Output/_0354.tif /mnt/lsdi/ocm02606675/ocm02606675/Output/_0355.tif /mnt/lsdi/ocm02606675/ocm02606675/Output/_0356.tif /mnt/lsdi/ocm02606675/ocm02606675/Output/_0357.tif /mnt/lsdi/ocm02606675/ocm02606675/Output/_0358.tif /mnt/lsdi/ocm02606675/ocm02606675/Output/_0359.tif /mnt/lsdi/ocm02606675/ocm02606675/Output/_0360.tif /mnt/lsdi/ocm02606675/ocm02606675/Output/_0361.tif /mnt/lsdi/ocm02606675/ocm02606675/Output/_0362.tif /mnt/lsdi/ocm02606675/ocm02606675/Output/_0363.tif /mnt/lsdi/ocm02606675/ocm02606675/Output/_0364.tif /mnt/lsdi/ocm02606675/ocm02606675/Output/_0365.tif /mnt/lsdi/ocm02606675/ocm02606675/Output/_0366.tif /mnt/lsdi/ocm02606675/ocm02606675/Output/_0367.tif /mnt/lsdi/ocm02606675/ocm02606675/Output/_0368.tif /mnt/lsdi/ocm02606675/ocm02606675/Output/_0369.tif /mnt/lsdi/ocm02606675/ocm02606675/Output/_0370.tif /mnt/lsdi/ocm02606675/ocm02606675/Output/_0371.tif /mnt/lsdi/ocm02606675/ocm02606675/Output/_0372.tif /mnt/lsdi/ocm02606675/ocm02606675/Output/_0373.tif /mnt/lsdi/ocm02606675/ocm02606675/Output/_0374.tif /mnt/lsdi/ocm02606675/ocm02606675/Output/_0375.tif /mnt/lsdi/ocm02606675/ocm02606675/Output/_0376.tif /mnt/lsdi/ocm02606675/ocm02606675/Output/_0377.tif /mnt/lsdi/ocm02606675/ocm02606675/Output/_0378.tif /mnt/lsdi/ocm02606675/ocm02606675/Output/_0379.tif /mnt/lsdi/ocm02606675/ocm02606675/Output/_0380.tif /mnt/lsdi/ocm02606675/ocm02606675/Output/_0381.tif /mnt/lsdi/ocm02606675/ocm02606675/Output/_0382.tif /mnt/lsdi/ocm02606675/ocm02606675/Output/_0383.tif /mnt/lsdi/ocm02606675/ocm02606675/Output/_0384.tif /mnt/lsdi/ocm02606675/ocm02606675/Output/_0385.tif /mnt/lsdi/ocm02606675/ocm02606675/Output/_0386.tif /mnt/lsdi/ocm02606675/ocm02606675/Output/_0387.tif /mnt/lsdi/ocm02606675/ocm02606675/Output/_0388.tif /mnt/lsdi/ocm02606675/ocm02606675/Output/_0389.tif /mnt/lsdi/ocm02606675/ocm02606675/Output/_0390.tif /mnt/lsdi/ocm02606675/ocm02606675/Output/_0391.tif /mnt/lsdi/ocm02606675/ocm02606675/Output/_0392.tif /mnt/lsdi/ocm02606675/ocm02606675/Output/_0393.tif /mnt/lsdi/ocm02606675/ocm02606675/Output/_0394.tif /mnt/lsdi/ocm02606675/ocm02606675/Output/_0395.tif /mnt/lsdi/ocm02606675/ocm02606675/Output/_0396.tif /mnt/lsdi/ocm02606675/ocm02606675/Output/_0397.tif /mnt/lsdi/ocm02606675/ocm02606675/Output/_0398.tif /mnt/lsdi/ocm02606675/ocm02606675/Output/_0399.tif /mnt/lsdi/ocm02606675/ocm02606675/Output/_0400.tif /mnt/lsdi/ocm02606675/ocm02606675/Output/_0401.tif /mnt/lsdi/ocm02606675/ocm02606675/Output/_0402.tif /mnt/lsdi/ocm02606675/ocm02606675/Output/_0403.tif /mnt/lsdi/ocm02606675/ocm02606675/Output/_0404.tif /mnt/lsdi/ocm02606675/ocm02606675/Output/_0405.tif /mnt/lsdi/ocm02606675/ocm02606675/Output/_0406.tif /mnt/lsdi/ocm02606675/ocm02606675/Output/_0407.tif /mnt/lsdi/ocm02606675/ocm02606675/Output/_0408.tif /mnt/lsdi/ocm02606675/ocm02606675/Output/_0409.tif /mnt/lsdi/ocm02606675/ocm02606675/Output/_0410.tif /mnt/lsdi/ocm02606675/ocm02606675/Output/_0411.tif /mnt/lsdi/ocm02606675/ocm02606675/Output/_0412.tif /mnt/lsdi/ocm02606675/ocm02606675/Output/_0413.tif /mnt/lsdi/ocm02606675/ocm02606675/Output/_0414.tif /mnt/lsdi/ocm02606675/ocm02606675/Output/_0415.tif /mnt/lsdi/ocm02606675/ocm02606675/Output/_0416.tif /mnt/lsdi/ocm02606675/ocm02606675/Output/_0417.tif /mnt/lsdi/ocm02606675/ocm02606675/Output/_0418.tif /mnt/lsdi/ocm02606675/ocm02606675/Output/_0419.tif /mnt/lsdi/ocm02606675/ocm02606675/Output/_0420.tif /mnt/lsdi/ocm02606675/ocm02606675/Output/_0421.tif /mnt/lsdi/ocm02606675/ocm02606675/Output/_0422.tif /mnt/lsdi/ocm02606675/ocm02606675/Output/_0423.tif /mnt/lsdi/ocm02606675/ocm02606675/Output/_0424.tif /mnt/lsdi/ocm02606675/ocm02606675/Output/_0425.tif /mnt/lsdi/ocm02606675/ocm02606675/Output/_0426.tif /mnt/lsdi/ocm02606675/ocm02606675/Output/_0427.tif /mnt/lsdi/ocm02606675/ocm02606675/Output/_0428.tif /mnt/lsdi/ocm02606675/ocm02606675/Output/_0429.tif /mnt/lsdi/ocm02606675/ocm02606675/Output/_0430.tif /mnt/lsdi/ocm02606675/ocm02606675/Output/_0431.tif /mnt/lsdi/ocm02606675/ocm02606675/Output/_0432.tif /mnt/lsdi/ocm02606675/ocm02606675/Output/_0433.tif /mnt/lsdi/ocm02606675/ocm02606675/Output/_0434.tif /mnt/lsdi/ocm02606675/ocm02606675/Output/_0435.tif /mnt/lsdi/ocm02606675/ocm02606675/Output/_0436.tif /mnt/lsdi/ocm02606675/ocm02606675/Output/_0437.tif /mnt/lsdi/ocm02606675/ocm02606675/Output/_0438.tif /mnt/lsdi/ocm02606675/ocm02606675/Output/_0439.tif /mnt/lsdi/ocm02606675/ocm02606675/Output/_0440.tif /mnt/lsdi/ocm02606675/ocm02606675/Output/_0441.tif /mnt/lsdi/ocm02606675/ocm02606675/Output/_0442.tif /mnt/lsdi/ocm02606675/ocm02606675/Output/_0443.tif /mnt/lsdi/ocm02606675/ocm02606675/Output/_0444.tif /mnt/lsdi/ocm02606675/ocm02606675/Output/_0445.tif /mnt/lsdi/ocm02606675/ocm02606675/Output/_0446.tif /mnt/lsdi/ocm02606675/ocm02606675/Output/_0447.tif /mnt/lsdi/ocm02606675/ocm02606675/Output/_0448.tif /mnt/lsdi/ocm02606675/ocm02606675/Output/_0449.tif /mnt/lsdi/ocm02606675/ocm02606675/Output/_0450.tif /mnt/lsdi/ocm02606675/ocm02606675/Output/_0451.tif /mnt/lsdi/ocm02606675/ocm02606675/Output/_0452.tif /mnt/lsdi/ocm02606675/ocm02606675/Output/_0453.tif /mnt/lsdi/ocm02606675/ocm02606675/Output/_0454.tif /mnt/lsdi/ocm02606675/ocm02606675/Output/_0455.tif /mnt/lsdi/ocm02606675/ocm02606675/Output/_0456.tif /mnt/lsdi/ocm02606675/ocm02606675/Output/_0457.tif /mnt/lsdi/ocm02606675/ocm02606675/Output/_0458.tif /mnt/lsdi/ocm02606675/ocm02606675/Output/_0459.tif /mnt/lsdi/ocm02606675/ocm02606675/Output/_0460.tif /mnt/lsdi/ocm02606675/ocm02606675/Output/_0461.tif /mnt/lsdi/ocm02606675/ocm02606675/Output/_0462.tif /mnt/lsdi/ocm02606675/ocm02606675/Output/_0463.tif /mnt/lsdi/ocm02606675/ocm02606675/Output/_0464.tif /mnt/lsdi/ocm02606675/ocm02606675/Output/_0465.tif /mnt/lsdi/ocm02606675/ocm02606675/Output/_0466.tif /mnt/lsdi/ocm02606675/ocm02606675/Output/_0467.tif /mnt/lsdi/ocm02606675/ocm02606675/Output/_0468.tif /mnt/lsdi/ocm02606675/ocm02606675/Output/_0469.tif /mnt/lsdi/ocm02606675/ocm02606675/Output/_0470.tif /mnt/lsdi/ocm02606675/ocm02606675/Output/_0471.tif /mnt/lsdi/ocm02606675/ocm02606675/Output/_0472.tif /mnt/lsdi/ocm02606675/ocm02606675/Output/_0473.tif /mnt/lsdi/ocm02606675/ocm02606675/Output/_0474.tif
  adding: mnt/lsdi/ocm02606675/ocm02606675/Output/_0001.tif (deflated 80%)
  adding: mnt/lsdi/ocm02606675/ocm02606675/Output/_0002.tif (deflated 80%)
  adding: mnt/lsdi/ocm02606675/ocm02606675/Output/_0003.tif (deflated 4%)
  adding: mnt/lsdi/ocm02606675/ocm02606675/Output/_0004.tif (deflated 5%)
  adding: mnt/lsdi/ocm02606675/ocm02606675/Output/_0005.tif (deflated 29%)
  adding: mnt/lsdi/ocm02606675/ocm02606675/Output/_0006.tif (deflated 4%)
  adding: mnt/lsdi/ocm02606675/ocm02606675/Output/_0007.tif (deflated 80%)
  adding: mnt/lsdi/ocm02606675/ocm02606675/Output/_0008.tif (deflated 3%)
  adding: mnt/lsdi/ocm02606675/ocm02606675/Output/_0009.tif (deflated 80%)
  adding: mnt/lsdi/ocm02606675/ocm02606675/Output/_0010.tif (deflated 3%)
  adding: mnt/lsdi/ocm02606675/ocm02606675/Output/_0011.tif (deflated 3%)
  adding: mnt/lsdi/ocm02606675/ocm02606675/Output/_0012.tif (deflated 3%)
  adding: mnt/lsdi/ocm02606675/ocm02606675/Output/_0013.tif (deflated 80%)
  adding: mnt/lsdi/ocm02606675/ocm02606675/Output/_0014.tif (deflated 3%)
  adding: mnt/lsdi/ocm02606675/ocm02606675/Output/_0015.tif (deflated 4%)
  adding: mnt/lsdi/ocm02606675/ocm02606675/Output/_0016.tif (deflated 4%)
  adding: mnt/lsdi/ocm02606675/ocm02606675/Output/_0017.tif (deflated 3%)
  adding: mnt/lsdi/ocm02606675/ocm02606675/Output/_0018.tif (deflated 4%)
  adding: mnt/lsdi/ocm02606675/ocm02606675/Output/_0019.tif (deflated 4%)
  adding: mnt/lsdi/ocm02606675/ocm02606675/Output/_0020.tif (deflated 4%)
  adding: mnt/lsdi/ocm02606675/ocm02606675/Output/_0021.tif (deflated 4%)
  adding: mnt/lsdi/ocm02606675/ocm02606675/Output/_0022.tif (deflated 4%)
  adding: mnt/lsdi/ocm02606675/ocm02606675/Output/_0023.tif (deflated 3%)
  adding: mnt/lsdi/ocm02606675/ocm02606675/Output/_0024.tif (deflated 3%)
  adding: mnt/lsdi/ocm02606675/ocm02606675/Output/_0025.tif (deflated 3%)
  adding: mnt/lsdi/ocm02606675/ocm02606675/Output/_0026.tif (deflated 4%)
  adding: mnt/lsdi/ocm02606675/ocm02606675/Output/_0027.tif (deflated 3%)
  adding: mnt/lsdi/ocm02606675/ocm02606675/Output/_0028.tif (deflated 3%)
  adding: mnt/lsdi/ocm02606675/ocm02606675/Output/_0029.tif (deflated 3%)
  adding: mnt/lsdi/ocm02606675/ocm02606675/Output/_0030.tif (deflated 80%)
  adding: mnt/lsdi/ocm02606675/ocm02606675/Output/_0031.tif (deflated 4%)
  adding: mnt/lsdi/ocm02606675/ocm02606675/Output/_0032.tif (deflated 3%)
  adding: mnt/lsdi/ocm02606675/ocm02606675/Output/_0033.tif (deflated 4%)
  adding: mnt/lsdi/ocm02606675/ocm02606675/Output/_0034.tif (deflated 3%)
  adding: mnt/lsdi/ocm02606675/ocm02606675/Output/_0035.tif (deflated 3%)
  adding: mnt/lsdi/ocm02606675/ocm02606675/Output/_0036.tif (deflated 3%)
  adding: mnt/lsdi/ocm02606675/ocm02606675/Output/_0037.tif (deflated 3%)
  adding: mnt/lsdi/ocm02606675/ocm02606675/Output/_0038.tif (deflated 3%)
  adding: mnt/lsdi/ocm02606675/ocm02606675/Output/_0039.tif (deflated 6%)
  adding: mnt/lsdi/ocm02606675/ocm02606675/Output/_0040.tif (deflated 4%)
  adding: mnt/lsdi/ocm02606675/ocm02606675/Output/_0041.tif (deflated 3%)
  adding: mnt/lsdi/ocm02606675/ocm02606675/Output/_0042.tif (deflated 4%)
  adding: mnt/lsdi/ocm02606675/ocm02606675/Output/_0043.tif (deflated 4%)
  adding: mnt/lsdi/ocm02606675/ocm02606675/Output/_0044.tif (deflated 4%)
  adding: mnt/lsdi/ocm02606675/ocm02606675/Output/_0045.tif (deflated 3%)
  adding: mnt/lsdi/ocm02606675/ocm02606675/Output/_0046.tif (deflated 3%)
  adding: mnt/lsdi/ocm02606675/ocm02606675/Output/_0047.tif (deflated 4%)
  adding: mnt/lsdi/ocm02606675/ocm02606675/Output/_0048.tif (deflated 4%)
  adding: mnt/lsdi/ocm02606675/ocm02606675/Output/_0049.tif (deflated 4%)
  adding: mnt/lsdi/ocm02606675/ocm02606675/Output/_0050.tif (deflated 80%)
  adding: mnt/lsdi/ocm02606675/ocm02606675/Output/_0051.tif (deflated 4%)
  adding: mnt/lsdi/ocm02606675/ocm02606675/Output/_0052.tif (deflated 4%)
  adding: mnt/lsdi/ocm02606675/ocm02606675/Output/_0053.tif (deflated 3%)
  adding: mnt/lsdi/ocm02606675/ocm02606675/Output/_0054.tif (deflated 3%)
  adding: mnt/lsdi/ocm02606675/ocm02606675/Output/_0055.tif (deflated 4%)
  adding: mnt/lsdi/ocm02606675/ocm02606675/Output/_0056.tif (deflated 3%)
  adding: mnt/lsdi/ocm02606675/ocm02606675/Output/_0057.tif (deflated 3%)
  adding: mnt/lsdi/ocm02606675/ocm02606675/Output/_0058.tif (deflated 4%)
  adding: mnt/lsdi/ocm02606675/ocm02606675/Output/_0059.tif (deflated 4%)
  adding: mnt/lsdi/ocm02606675/ocm02606675/Output/_0060.tif (deflated 4%)
  adding: mnt/lsdi/ocm02606675/ocm02606675/Output/_0061.tif (deflated 4%)
  adding: mnt/lsdi/ocm02606675/ocm02606675/Output/_0062.tif (deflated 4%)
  adding: mnt/lsdi/ocm02606675/ocm02606675/Output/_0063.tif (deflated 4%)
  adding: mnt/lsdi/ocm02606675/ocm02606675/Output/_0064.tif (deflated 4%)
  adding: mnt/lsdi/ocm02606675/ocm02606675/Output/_0065.tif (deflated 4%)
  adding: mnt/lsdi/ocm02606675/ocm02606675/Output/_0066.tif (deflated 4%)
  adding: mnt/lsdi/ocm02606675/ocm02606675/Output/_0067.tif (deflated 4%)
  adding: mnt/lsdi/ocm02606675/ocm02606675/Output/_0068.tif (deflated 4%)
  adding: mnt/lsdi/ocm02606675/ocm02606675/Output/_0069.tif (deflated 3%)
  adding: mnt/lsdi/ocm02606675/ocm02606675/Output/_0070.tif (deflated 3%)
  adding: mnt/lsdi/ocm02606675/ocm02606675/Output/_0071.tif (deflated 4%)
  adding: mnt/lsdi/ocm02606675/ocm02606675/Output/_0072.tif (deflated 4%)
  adding: mnt/lsdi/ocm02606675/ocm02606675/Output/_0073.tif (deflated 4%)
  adding: mnt/lsdi/ocm02606675/ocm02606675/Output/_0074.tif (deflated 80%)
  adding: mnt/lsdi/ocm02606675/ocm02606675/Output/_0075.tif (deflated 4%)
  adding: mnt/lsdi/ocm02606675/ocm02606675/Output/_0076.tif (deflated 3%)
  adding: mnt/lsdi/ocm02606675/ocm02606675/Output/_0077.tif (deflated 4%)
  adding: mnt/lsdi/ocm02606675/ocm02606675/Output/_0078.tif (deflated 4%)
  adding: mnt/lsdi/ocm02606675/ocm02606675/Output/_0079.tif (deflated 4%)
  adding: mnt/lsdi/ocm02606675/ocm02606675/Output/_0080.tif (deflated 3%)
  adding: mnt/lsdi/ocm02606675/ocm02606675/Output/_0081.tif (deflated 3%)
  adding: mnt/lsdi/ocm02606675/ocm02606675/Output/_0082.tif (deflated 3%)
  adding: mnt/lsdi/ocm02606675/ocm02606675/Output/_0083.tif (deflated 4%)
  adding: mnt/lsdi/ocm02606675/ocm02606675/Output/_0084.tif (deflated 4%)
  adding: mnt/lsdi/ocm02606675/ocm02606675/Output/_0085.tif (deflated 3%)
  adding: mnt/lsdi/ocm02606675/ocm02606675/Output/_0086.tif (deflated 3%)
  adding: mnt/lsdi/ocm02606675/ocm02606675/Output/_0087.tif (deflated 4%)
  adding: mnt/lsdi/ocm02606675/ocm02606675/Output/_0088.tif (deflated 3%)
  adding: mnt/lsdi/ocm02606675/ocm02606675/Output/_0089.tif (deflated 4%)
  adding: mnt/lsdi/ocm02606675/ocm02606675/Output/_0090.tif (deflated 3%)
  adding: mnt/lsdi/ocm02606675/ocm02606675/Output/_0091.tif (deflated 4%)
  adding: mnt/lsdi/ocm02606675/ocm02606675/Output/_0092.tif (deflated 80%)
  adding: mnt/lsdi/ocm02606675/ocm02606675/Output/_0093.tif (deflated 4%)
  adding: mnt/lsdi/ocm02606675/ocm02606675/Output/_0094.tif (deflated 3%)
  adding: mnt/lsdi/ocm02606675/ocm02606675/Output/_0095.tif (deflated 3%)
  adding: mnt/lsdi/ocm02606675/ocm02606675/Output/_0096.tif (deflated 4%)
  adding: mnt/lsdi/ocm02606675/ocm02606675/Output/_0097.tif (deflated 4%)
  adding: mnt/lsdi/ocm02606675/ocm02606675/Output/_0098.tif (deflated 3%)
  adding: mnt/lsdi/ocm02606675/ocm02606675/Output/_0099.tif (deflated 3%)
  adding: mnt/lsdi/ocm02606675/ocm02606675/Output/_0100.tif (deflated 4%)
  adding: mnt/lsdi/ocm02606675/ocm02606675/Output/_0101.tif (deflated 4%)
  adding: mnt/lsdi/ocm02606675/ocm02606675/Output/_0102.tif (deflated 4%)
  adding: mnt/lsdi/ocm02606675/ocm02606675/Output/_0103.tif (deflated 4%)
  adding: mnt/lsdi/ocm02606675/ocm02606675/Output/_0104.tif (deflated 3%)
  adding: mnt/lsdi/ocm02606675/ocm02606675/Output/_0105.tif (deflated 4%)
  adding: mnt/lsdi/ocm02606675/ocm02606675/Output/_0106.tif (deflated 3%)
  adding: mnt/lsdi/ocm02606675/ocm02606675/Output/_0107.tif (deflated 4%)
  adding: mnt/lsdi/ocm02606675/ocm02606675/Output/_0108.tif (deflated 3%)
  adding: mnt/lsdi/ocm02606675/ocm02606675/Output/_0109.tif (deflated 4%)
  adding: mnt/lsdi/ocm02606675/ocm02606675/Output/_0110.tif (deflated 4%)
  adding: mnt/lsdi/ocm02606675/ocm02606675/Output/_0111.tif (deflated 3%)
  adding: mnt/lsdi/ocm02606675/ocm02606675/Output/_0112.tif (deflated 3%)
  adding: mnt/lsdi/ocm02606675/ocm02606675/Output/_0113.tif (deflated 3%)
  adding: mnt/lsdi/ocm02606675/ocm02606675/Output/_0114.tif (deflated 3%)
  adding: mnt/lsdi/ocm02606675/ocm02606675/Output/_0115.tif (deflated 4%)
  adding: mnt/lsdi/ocm02606675/ocm02606675/Output/_0116.tif (deflated 4%)
  adding: mnt/lsdi/ocm02606675/ocm02606675/Output/_0117.tif (deflated 4%)
  adding: mnt/lsdi/ocm02606675/ocm02606675/Output/_0118.tif (deflated 4%)
  adding: mnt/lsdi/ocm02606675/ocm02606675/Output/_0119.tif (deflated 4%)
  adding: mnt/lsdi/ocm02606675/ocm02606675/Output/_0120.tif (deflated 3%)
  adding: mnt/lsdi/ocm02606675/ocm02606675/Output/_0121.tif (deflated 4%)
  adding: mnt/lsdi/ocm02606675/ocm02606675/Output/_0122.tif (deflated 5%)
  adding: mnt/lsdi/ocm02606675/ocm02606675/Output/_0123.tif (deflated 3%)
  adding: mnt/lsdi/ocm02606675/ocm02606675/Output/_0124.tif (deflated 5%)
  adding: mnt/lsdi/ocm02606675/ocm02606675/Output/_0125.tif (deflated 80%)
  adding: mnt/lsdi/ocm02606675/ocm02606675/Output/_0126.tif (deflated 4%)
  adding: mnt/lsdi/ocm02606675/ocm02606675/Output/_0127.tif (deflated 4%)
  adding: mnt/lsdi/ocm02606675/ocm02606675/Output/_0128.tif (deflated 3%)
  adding: mnt/lsdi/ocm02606675/ocm02606675/Output/_0129.tif (deflated 4%)
  adding: mnt/lsdi/ocm02606675/ocm02606675/Output/_0130.tif (deflated 4%)
  adding: mnt/lsdi/ocm02606675/ocm02606675/Output/_0131.tif (deflated 4%)
  adding: mnt/lsdi/ocm02606675/ocm02606675/Output/_0132.tif (deflated 4%)
  adding: mnt/lsdi/ocm02606675/ocm02606675/Output/_0133.tif (deflated 4%)
  adding: mnt/lsdi/ocm02606675/ocm02606675/Output/_0134.tif (deflated 4%)
  adding: mnt/lsdi/ocm02606675/ocm02606675/Output/_0135.tif (deflated 4%)
  adding: mnt/lsdi/ocm02606675/ocm02606675/Output/_0136.tif (deflated 4%)
  adding: mnt/lsdi/ocm02606675/ocm02606675/Output/_0137.tif (deflated 4%)
  adding: mnt/lsdi/ocm02606675/ocm02606675/Output/_0138.tif (deflated 4%)
  adding: mnt/lsdi/ocm02606675/ocm02606675/Output/_0139.tif (deflated 4%)
  adding: mnt/lsdi/ocm02606675/ocm02606675/Output/_0140.tif (deflated 4%)
  adding: mnt/lsdi/ocm02606675/ocm02606675/Output/_0141.tif (deflated 4%)
  adding: mnt/lsdi/ocm02606675/ocm02606675/Output/_0142.tif (deflated 4%)
  adding: mnt/lsdi/ocm02606675/ocm02606675/Output/_0143.tif (deflated 3%)
  adding: mnt/lsdi/ocm02606675/ocm02606675/Output/_0144.tif (deflated 4%)
  adding: mnt/lsdi/ocm02606675/ocm02606675/Output/_0145.tif (deflated 4%)
  adding: mnt/lsdi/ocm02606675/ocm02606675/Output/_0146.tif (deflated 4%)
  adding: mnt/lsdi/ocm02606675/ocm02606675/Output/_0147.tif (deflated 4%)
  adding: mnt/lsdi/ocm02606675/ocm02606675/Output/_0148.tif (deflated 4%)
  adding: mnt/lsdi/ocm02606675/ocm02606675/Output/_0149.tif (deflated 4%)
  adding: mnt/lsdi/ocm02606675/ocm02606675/Output/_0150.tif (deflated 4%)
  adding: mnt/lsdi/ocm02606675/ocm02606675/Output/_0151.tif (deflated 4%)
  adding: mnt/lsdi/ocm02606675/ocm02606675/Output/_0152.tif (deflated 4%)
  adding: mnt/lsdi/ocm02606675/ocm02606675/Output/_0153.tif (deflated 4%)
  adding: mnt/lsdi/ocm02606675/ocm02606675/Output/_0154.tif (deflated 80%)
  adding: mnt/lsdi/ocm02606675/ocm02606675/Output/_0155.tif (deflated 4%)
  adding: mnt/lsdi/ocm02606675/ocm02606675/Output/_0156.tif (deflated 3%)
  adding: mnt/lsdi/ocm02606675/ocm02606675/Output/_0157.tif (deflated 4%)
  adding: mnt/lsdi/ocm02606675/ocm02606675/Output/_0158.tif (deflated 4%)
  adding: mnt/lsdi/ocm02606675/ocm02606675/Output/_0159.tif (deflated 4%)
  adding: mnt/lsdi/ocm02606675/ocm02606675/Output/_0160.tif (deflated 4%)
  adding: mnt/lsdi/ocm02606675/ocm02606675/Output/_0161.tif (deflated 4%)
  adding: mnt/lsdi/ocm02606675/ocm02606675/Output/_0162.tif (deflated 4%)
  adding: mnt/lsdi/ocm02606675/ocm02606675/Output/_0163.tif (deflated 4%)
  adding: mnt/lsdi/ocm02606675/ocm02606675/Output/_0164.tif (deflated 4%)
  adding: mnt/lsdi/ocm02606675/ocm02606675/Output/_0165.tif (deflated 4%)
  adding: mnt/lsdi/ocm02606675/ocm02606675/Output/_0166.tif (deflated 4%)
  adding: mnt/lsdi/ocm02606675/ocm02606675/Output/_0167.tif (deflated 4%)
  adding: mnt/lsdi/ocm02606675/ocm02606675/Output/_0168.tif (deflated 4%)
  adding: mnt/lsdi/ocm02606675/ocm02606675/Output/_0169.tif (deflated 4%)
  adding: mnt/lsdi/ocm02606675/ocm02606675/Output/_0170.tif (deflated 4%)
  adding: mnt/lsdi/ocm02606675/ocm02606675/Output/_0171.tif (deflated 4%)
  adding: mnt/lsdi/ocm02606675/ocm02606675/Output/_0172.tif (deflated 4%)
  adding: mnt/lsdi/ocm02606675/ocm02606675/Output/_0173.tif (deflated 4%)
  adding: mnt/lsdi/ocm02606675/ocm02606675/Output/_0174.tif (deflated 4%)
  adding: mnt/lsdi/ocm02606675/ocm02606675/Output/_0175.tif (deflated 4%)
  adding: mnt/lsdi/ocm02606675/ocm02606675/Output/_0176.tif (deflated 4%)
  adding: mnt/lsdi/ocm02606675/ocm02606675/Output/_0177.tif (deflated 6%)
  adding: mnt/lsdi/ocm02606675/ocm02606675/Output/_0178.tif (deflated 80%)
  adding: mnt/lsdi/ocm02606675/ocm02606675/Output/_0179.tif (deflated 4%)
  adding: mnt/lsdi/ocm02606675/ocm02606675/Output/_0180.tif (deflated 3%)
  adding: mnt/lsdi/ocm02606675/ocm02606675/Output/_0181.tif (deflated 4%)
  adding: mnt/lsdi/ocm02606675/ocm02606675/Output/_0182.tif (deflated 4%)
  adding: mnt/lsdi/ocm02606675/ocm02606675/Output/_0183.tif (deflated 4%)
  adding: mnt/lsdi/ocm02606675/ocm02606675/Output/_0184.tif (deflated 4%)
  adding: mnt/lsdi/ocm02606675/ocm02606675/Output/_0185.tif (deflated 4%)
  adding: mnt/lsdi/ocm02606675/ocm02606675/Output/_0186.tif (deflated 4%)
  adding: mnt/lsdi/ocm02606675/ocm02606675/Output/_0187.tif (deflated 4%)
  adding: mnt/lsdi/ocm02606675/ocm02606675/Output/_0188.tif (deflated 4%)
  adding: mnt/lsdi/ocm02606675/ocm02606675/Output/_0189.tif (deflated 4%)
  adding: mnt/lsdi/ocm02606675/ocm02606675/Output/_0190.tif (deflated 4%)
  adding: mnt/lsdi/ocm02606675/ocm02606675/Output/_0191.tif (deflated 4%)
  adding: mnt/lsdi/ocm02606675/ocm02606675/Output/_0192.tif (deflated 4%)
  adding: mnt/lsdi/ocm02606675/ocm02606675/Output/_0193.tif (deflated 4%)
  adding: mnt/lsdi/ocm02606675/ocm02606675/Output/_0194.tif (deflated 4%)
  adding: mnt/lsdi/ocm02606675/ocm02606675/Output/_0195.tif (deflated 4%)
  adding: mnt/lsdi/ocm02606675/ocm02606675/Output/_0196.tif (deflated 5%)
  adding: mnt/lsdi/ocm02606675/ocm02606675/Output/_0197.tif (deflated 4%)
  adding: mnt/lsdi/ocm02606675/ocm02606675/Output/_0198.tif (deflated 4%)
  adding: mnt/lsdi/ocm02606675/ocm02606675/Output/_0199.tif (deflated 80%)
  adding: mnt/lsdi/ocm02606675/ocm02606675/Output/_0200.tif (deflated 4%)
  adding: mnt/lsdi/ocm02606675/ocm02606675/Output/_0201.tif (deflated 4%)
  adding: mnt/lsdi/ocm02606675/ocm02606675/Output/_0202.tif (deflated 4%)
  adding: mnt/lsdi/ocm02606675/ocm02606675/Output/_0203.tif (deflated 4%)
  adding: mnt/lsdi/ocm02606675/ocm02606675/Output/_0204.tif (deflated 3%)
  adding: mnt/lsdi/ocm02606675/ocm02606675/Output/_0205.tif (deflated 4%)
  adding: mnt/lsdi/ocm02606675/ocm02606675/Output/_0206.tif (deflated 4%)
  adding: mnt/lsdi/ocm02606675/ocm02606675/Output/_0207.tif (deflated 4%)
  adding: mnt/lsdi/ocm02606675/ocm02606675/Output/_0208.tif (deflated 3%)
  adding: mnt/lsdi/ocm02606675/ocm02606675/Output/_0209.tif (deflated 4%)
  adding: mnt/lsdi/ocm02606675/ocm02606675/Output/_0210.tif (deflated 4%)
  adding: mnt/lsdi/ocm02606675/ocm02606675/Output/_0211.tif (deflated 4%)
  adding: mnt/lsdi/ocm02606675/ocm02606675/Output/_0212.tif (deflated 4%)
  adding: mnt/lsdi/ocm02606675/ocm02606675/Output/_0213.tif (deflated 4%)
  adding: mnt/lsdi/ocm02606675/ocm02606675/Output/_0214.tif (deflated 4%)
  adding: mnt/lsdi/ocm02606675/ocm02606675/Output/_0215.tif (deflated 4%)
  adding: mnt/lsdi/ocm02606675/ocm02606675/Output/_0216.tif (deflated 4%)
  adding: mnt/lsdi/ocm02606675/ocm02606675/Output/_0217.tif (deflated 4%)
  adding: mnt/lsdi/ocm02606675/ocm02606675/Output/_0218.tif (deflated 4%)
  adding: mnt/lsdi/ocm02606675/ocm02606675/Output/_0219.tif (deflated 4%)
  adding: mnt/lsdi/ocm02606675/ocm02606675/Output/_0220.tif (deflated 80%)
  adding: mnt/lsdi/ocm02606675/ocm02606675/Output/_0221.tif (deflated 5%)
  adding: mnt/lsdi/ocm02606675/ocm02606675/Output/_0222.tif (deflated 3%)
  adding: mnt/lsdi/ocm02606675/ocm02606675/Output/_0223.tif (deflated 4%)
  adding: mnt/lsdi/ocm02606675/ocm02606675/Output/_0224.tif (deflated 4%)
  adding: mnt/lsdi/ocm02606675/ocm02606675/Output/_0225.tif (deflated 4%)
  adding: mnt/lsdi/ocm02606675/ocm02606675/Output/_0226.tif (deflated 4%)
  adding: mnt/lsdi/ocm02606675/ocm02606675/Output/_0227.tif (deflated 4%)
  adding: mnt/lsdi/ocm02606675/ocm02606675/Output/_0228.tif (deflated 3%)
  adding: mnt/lsdi/ocm02606675/ocm02606675/Output/_0229.tif (deflated 4%)
  adding: mnt/lsdi/ocm02606675/ocm02606675/Output/_0230.tif (deflated 4%)
  adding: mnt/lsdi/ocm02606675/ocm02606675/Output/_0231.tif (deflated 4%)
  adding: mnt/lsdi/ocm02606675/ocm02606675/Output/_0232.tif (deflated 4%)
  adding: mnt/lsdi/ocm02606675/ocm02606675/Output/_0233.tif (deflated 4%)
  adding: mnt/lsdi/ocm02606675/ocm02606675/Output/_0234.tif (deflated 3%)
  adding: mnt/lsdi/ocm02606675/ocm02606675/Output/_0235.tif (deflated 4%)
  adding: mnt/lsdi/ocm02606675/ocm02606675/Output/_0236.tif (deflated 4%)
  adding: mnt/lsdi/ocm02606675/ocm02606675/Output/_0237.tif (deflated 4%)
  adding: mnt/lsdi/ocm02606675/ocm02606675/Output/_0238.tif (deflated 3%)
  adding: mnt/lsdi/ocm02606675/ocm02606675/Output/_0239.tif (deflated 4%)
  adding: mnt/lsdi/ocm02606675/ocm02606675/Output/_0240.tif (deflated 4%)
  adding: mnt/lsdi/ocm02606675/ocm02606675/Output/_0241.tif (deflated 4%)
  adding: mnt/lsdi/ocm02606675/ocm02606675/Output/_0242.tif (deflated 4%)
  adding: mnt/lsdi/ocm02606675/ocm02606675/Output/_0243.tif (deflated 4%)
  adding: mnt/lsdi/ocm02606675/ocm02606675/Output/_0244.tif (deflated 4%)
  adding: mnt/lsdi/ocm02606675/ocm02606675/Output/_0245.tif (deflated 4%)
  adding: mnt/lsdi/ocm02606675/ocm02606675/Output/_0246.tif (deflated 4%)
  adding: mnt/lsdi/ocm02606675/ocm02606675/Output/_0247.tif (deflated 5%)
  adding: mnt/lsdi/ocm02606675/ocm02606675/Output/_0248.tif (deflated 80%)
  adding: mnt/lsdi/ocm02606675/ocm02606675/Output/_0249.tif (deflated 5%)
  adding: mnt/lsdi/ocm02606675/ocm02606675/Output/_0250.tif (deflated 4%)
  adding: mnt/lsdi/ocm02606675/ocm02606675/Output/_0251.tif (deflated 4%)
  adding: mnt/lsdi/ocm02606675/ocm02606675/Output/_0252.tif (deflated 4%)
  adding: mnt/lsdi/ocm02606675/ocm02606675/Output/_0253.tif (deflated 4%)
  adding: mnt/lsdi/ocm02606675/ocm02606675/Output/_0254.tif (deflated 4%)
  adding: mnt/lsdi/ocm02606675/ocm02606675/Output/_0255.tif (deflated 4%)
  adding: mnt/lsdi/ocm02606675/ocm02606675/Output/_0256.tif (deflated 4%)
  adding: mnt/lsdi/ocm02606675/ocm02606675/Output/_0257.tif (deflated 4%)
  adding: mnt/lsdi/ocm02606675/ocm02606675/Output/_0258.tif (deflated 4%)
  adding: mnt/lsdi/ocm02606675/ocm02606675/Output/_0259.tif (deflated 5%)
  adding: mnt/lsdi/ocm02606675/ocm02606675/Output/_0260.tif (deflated 4%)
  adding: mnt/lsdi/ocm02606675/ocm02606675/Output/_0261.tif (deflated 4%)
  adding: mnt/lsdi/ocm02606675/ocm02606675/Output/_0262.tif (deflated 4%)
  adding: mnt/lsdi/ocm02606675/ocm02606675/Output/_0263.tif (deflated 4%)
  adding: mnt/lsdi/ocm02606675/ocm02606675/Output/_0264.tif (deflated 4%)
  adding: mnt/lsdi/ocm02606675/ocm02606675/Output/_0265.tif (deflated 4%)
  adding: mnt/lsdi/ocm02606675/ocm02606675/Output/_0266.tif (deflated 4%)
  adding: mnt/lsdi/ocm02606675/ocm02606675/Output/_0267.tif (deflated 3%)
  adding: mnt/lsdi/ocm02606675/ocm02606675/Output/_0268.tif (deflated 4%)
  adding: mnt/lsdi/ocm02606675/ocm02606675/Output/_0269.tif (deflated 4%)
  adding: mnt/lsdi/ocm02606675/ocm02606675/Output/_0270.tif (deflated 4%)
  adding: mnt/lsdi/ocm02606675/ocm02606675/Output/_0271.tif (deflated 4%)
  adding: mnt/lsdi/ocm02606675/ocm02606675/Output/_0272.tif (deflated 4%)
  adding: mnt/lsdi/ocm02606675/ocm02606675/Output/_0273.tif (deflated 4%)
  adding: mnt/lsdi/ocm02606675/ocm02606675/Output/_0274.tif (deflated 4%)
  adding: mnt/lsdi/ocm02606675/ocm02606675/Output/_0275.tif (deflated 4%)
  adding: mnt/lsdi/ocm02606675/ocm02606675/Output/_0276.tif (deflated 4%)
  adding: mnt/lsdi/ocm02606675/ocm02606675/Output/_0277.tif (deflated 4%)
  adding: mnt/lsdi/ocm02606675/ocm02606675/Output/_0278.tif (deflated 6%)
  adding: mnt/lsdi/ocm02606675/ocm02606675/Output/_0279.tif (deflated 80%)
  adding: mnt/lsdi/ocm02606675/ocm02606675/Output/_0280.tif (deflated 3%)
  adding: mnt/lsdi/ocm02606675/ocm02606675/Output/_0281.tif (deflated 4%)
  adding: mnt/lsdi/ocm02606675/ocm02606675/Output/_0282.tif (deflated 4%)
  adding: mnt/lsdi/ocm02606675/ocm02606675/Output/_0283.tif (deflated 4%)
  adding: mnt/lsdi/ocm02606675/ocm02606675/Output/_0284.tif (deflated 3%)
  adding: mnt/lsdi/ocm02606675/ocm02606675/Output/_0285.tif (deflated 4%)
  adding: mnt/lsdi/ocm02606675/ocm02606675/Output/_0286.tif (deflated 4%)
  adding: mnt/lsdi/ocm02606675/ocm02606675/Output/_0287.tif (deflated 4%)
  adding: mnt/lsdi/ocm02606675/ocm02606675/Output/_0288.tif (deflated 3%)
  adding: mnt/lsdi/ocm02606675/ocm02606675/Output/_0289.tif (deflated 4%)
  adding: mnt/lsdi/ocm02606675/ocm02606675/Output/_0290.tif (deflated 4%)
  adding: mnt/lsdi/ocm02606675/ocm02606675/Output/_0291.tif (deflated 3%)
  adding: mnt/lsdi/ocm02606675/ocm02606675/Output/_0292.tif (deflated 4%)
  adding: mnt/lsdi/ocm02606675/ocm02606675/Output/_0293.tif (deflated 4%)
  adding: mnt/lsdi/ocm02606675/ocm02606675/Output/_0294.tif (deflated 4%)
  adding: mnt/lsdi/ocm02606675/ocm02606675/Output/_0295.tif (deflated 4%)
  adding: mnt/lsdi/ocm02606675/ocm02606675/Output/_0296.tif (deflated 4%)
  adding: mnt/lsdi/ocm02606675/ocm02606675/Output/_0297.tif (deflated 4%)
  adding: mnt/lsdi/ocm02606675/ocm02606675/Output/_0298.tif (deflated 4%)
  adding: mnt/lsdi/ocm02606675/ocm02606675/Output/_0299.tif (deflated 4%)
  adding: mnt/lsdi/ocm02606675/ocm02606675/Output/_0300.tif (deflated 4%)
  adding: mnt/lsdi/ocm02606675/ocm02606675/Output/_0301.tif (deflated 3%)
  adding: mnt/lsdi/ocm02606675/ocm02606675/Output/_0302.tif (deflated 6%)
  adding: mnt/lsdi/ocm02606675/ocm02606675/Output/_0303.tif (deflated 80%)
  adding: mnt/lsdi/ocm02606675/ocm02606675/Output/_0304.tif (deflated 4%)
  adding: mnt/lsdi/ocm02606675/ocm02606675/Output/_0305.tif (deflated 4%)
  adding: mnt/lsdi/ocm02606675/ocm02606675/Output/_0306.tif (deflated 4%)
  adding: mnt/lsdi/ocm02606675/ocm02606675/Output/_0307.tif (deflated 4%)
  adding: mnt/lsdi/ocm02606675/ocm02606675/Output/_0308.tif (deflated 4%)
  adding: mnt/lsdi/ocm02606675/ocm02606675/Output/_0309.tif (deflated 4%)
  adding: mnt/lsdi/ocm02606675/ocm02606675/Output/_0310.tif (deflated 4%)
  adding: mnt/lsdi/ocm02606675/ocm02606675/Output/_0311.tif (deflated 4%)
  adding: mnt/lsdi/ocm02606675/ocm02606675/Output/_0312.tif (deflated 4%)
  adding: mnt/lsdi/ocm02606675/ocm02606675/Output/_0313.tif (deflated 3%)
  adding: mnt/lsdi/ocm02606675/ocm02606675/Output/_0314.tif (deflated 5%)
  adding: mnt/lsdi/ocm02606675/ocm02606675/Output/_0315.tif (deflated 80%)
  adding: mnt/lsdi/ocm02606675/ocm02606675/Output/_0316.tif (deflated 4%)
  adding: mnt/lsdi/ocm02606675/ocm02606675/Output/_0317.tif (deflated 4%)
  adding: mnt/lsdi/ocm02606675/ocm02606675/Output/_0318.tif (deflated 4%)
  adding: mnt/lsdi/ocm02606675/ocm02606675/Output/_0319.tif (deflated 4%)
  adding: mnt/lsdi/ocm02606675/ocm02606675/Output/_0320.tif (deflated 4%)
  adding: mnt/lsdi/ocm02606675/ocm02606675/Output/_0321.tif (deflated 4%)
  adding: mnt/lsdi/ocm02606675/ocm02606675/Output/_0322.tif (deflated 4%)
  adding: mnt/lsdi/ocm02606675/ocm02606675/Output/_0323.tif (deflated 4%)
  adding: mnt/lsdi/ocm02606675/ocm02606675/Output/_0324.tif (deflated 4%)
  adding: mnt/lsdi/ocm02606675/ocm02606675/Output/_0325.tif (deflated 4%)
  adding: mnt/lsdi/ocm02606675/ocm02606675/Output/_0326.tif (deflated 4%)
  adding: mnt/lsdi/ocm02606675/ocm02606675/Output/_0327.tif (deflated 4%)
  adding: mnt/lsdi/ocm02606675/ocm02606675/Output/_0328.tif (deflated 4%)
  adding: mnt/lsdi/ocm02606675/ocm02606675/Output/_0329.tif (deflated 4%)
  adding: mnt/lsdi/ocm02606675/ocm02606675/Output/_0330.tif (deflated 4%)
  adding: mnt/lsdi/ocm02606675/ocm02606675/Output/_0331.tif (deflated 4%)
  adding: mnt/lsdi/ocm02606675/ocm02606675/Output/_0332.tif (deflated 4%)
  adding: mnt/lsdi/ocm02606675/ocm02606675/Output/_0333.tif (deflated 4%)
  adding: mnt/lsdi/ocm02606675/ocm02606675/Output/_0334.tif (deflated 6%)
  adding: mnt/lsdi/ocm02606675/ocm02606675/Output/_0335.tif (deflated 3%)
  adding: mnt/lsdi/ocm02606675/ocm02606675/Output/_0336.tif (deflated 6%)
  adding: mnt/lsdi/ocm02606675/ocm02606675/Output/_0337.tif (deflated 80%)
  adding: mnt/lsdi/ocm02606675/ocm02606675/Output/_0338.tif (deflated 4%)
  adding: mnt/lsdi/ocm02606675/ocm02606675/Output/_0339.tif (deflated 3%)
  adding: mnt/lsdi/ocm02606675/ocm02606675/Output/_0340.tif (deflated 4%)
  adding: mnt/lsdi/ocm02606675/ocm02606675/Output/_0341.tif (deflated 3%)
  adding: mnt/lsdi/ocm02606675/ocm02606675/Output/_0342.tif (deflated 4%)
  adding: mnt/lsdi/ocm02606675/ocm02606675/Output/_0343.tif (deflated 3%)
  adding: mnt/lsdi/ocm02606675/ocm02606675/Output/_0344.tif (deflated 4%)
  adding: mnt/lsdi/ocm02606675/ocm02606675/Output/_0345.tif (deflated 4%)
  adding: mnt/lsdi/ocm02606675/ocm02606675/Output/_0346.tif (deflated 4%)
  adding: mnt/lsdi/ocm02606675/ocm02606675/Output/_0347.tif (deflated 4%)
  adding: mnt/lsdi/ocm02606675/ocm02606675/Output/_0348.tif (deflated 4%)
  adding: mnt/lsdi/ocm02606675/ocm02606675/Output/_0349.tif (deflated 3%)
  adding: mnt/lsdi/ocm02606675/ocm02606675/Output/_0350.tif (deflated 3%)
  adding: mnt/lsdi/ocm02606675/ocm02606675/Output/_0351.tif (deflated 4%)
  adding: mnt/lsdi/ocm02606675/ocm02606675/Output/_0352.tif (deflated 4%)
  adding: mnt/lsdi/ocm02606675/ocm02606675/Output/_0353.tif (deflated 4%)
  adding: mnt/lsdi/ocm02606675/ocm02606675/Output/_0354.tif (deflated 4%)
  adding: mnt/lsdi/ocm02606675/ocm02606675/Output/_0355.tif (deflated 4%)
  adding: mnt/lsdi/ocm02606675/ocm02606675/Output/_0356.tif (deflated 4%)
  adding: mnt/lsdi/ocm02606675/ocm02606675/Output/_0357.tif (deflated 4%)
  adding: mnt/lsdi/ocm02606675/ocm02606675/Output/_0358.tif (deflated 4%)
  adding: mnt/lsdi/ocm02606675/ocm02606675/Output/_0359.tif (deflated 4%)
  adding: mnt/lsdi/ocm02606675/ocm02606675/Output/_0360.tif (deflated 2%)
  adding: mnt/lsdi/ocm02606675/ocm02606675/Output/_0361.tif (deflated 3%)
  adding: mnt/lsdi/ocm02606675/ocm02606675/Output/_0362.tif (deflated 3%)
  adding: mnt/lsdi/ocm02606675/ocm02606675/Output/_0363.tif (deflated 3%)
  adding: mnt/lsdi/ocm02606675/ocm02606675/Output/_0364.tif (deflated 3%)
  adding: mnt/lsdi/ocm02606675/ocm02606675/Output/_0365.tif (deflated 3%)
  adding: mnt/lsdi/ocm02606675/ocm02606675/Output/_0366.tif (deflated 4%)
  adding: mnt/lsdi/ocm02606675/ocm02606675/Output/_0367.tif (deflated 4%)
  adding: mnt/lsdi/ocm02606675/ocm02606675/Output/_0368.tif (deflated 3%)
  adding: mnt/lsdi/ocm02606675/ocm02606675/Output/_0369.tif (deflated 3%)
  adding: mnt/lsdi/ocm02606675/ocm02606675/Output/_0370.tif (deflated 3%)
  adding: mnt/lsdi/ocm02606675/ocm02606675/Output/_0371.tif (deflated 3%)
  adding: mnt/lsdi/ocm02606675/ocm02606675/Output/_0372.tif (deflated 3%)
  adding: mnt/lsdi/ocm02606675/ocm02606675/Output/_0373.tif (deflated 4%)
  adding: mnt/lsdi/ocm02606675/ocm02606675/Output/_0374.tif (deflated 3%)
  adding: mnt/lsdi/ocm02606675/ocm02606675/Output/_0375.tif (deflated 4%)
  adding: mnt/lsdi/ocm02606675/ocm02606675/Output/_0376.tif (deflated 3%)
  adding: mnt/lsdi/ocm02606675/ocm02606675/Output/_0377.tif (deflated 4%)
  adding: mnt/lsdi/ocm02606675/ocm02606675/Output/_0378.tif (deflated 4%)
  adding: mnt/lsdi/ocm02606675/ocm02606675/Output/_0379.tif (deflated 80%)
  adding: mnt/lsdi/ocm02606675/ocm02606675/Output/_0380.tif (deflated 3%)
  adding: mnt/lsdi/ocm02606675/ocm02606675/Output/_0381.tif (deflated 3%)
  adding: mnt/lsdi/ocm02606675/ocm02606675/Output/_0382.tif (deflated 3%)
  adding: mnt/lsdi/ocm02606675/ocm02606675/Output/_0383.tif (deflated 4%)
  adding: mnt/lsdi/ocm02606675/ocm02606675/Output/_0384.tif (deflated 3%)
  adding: mnt/lsdi/ocm02606675/ocm02606675/Output/_0385.tif (deflated 4%)
  adding: mnt/lsdi/ocm02606675/ocm02606675/Output/_0386.tif (deflated 3%)
  adding: mnt/lsdi/ocm02606675/ocm02606675/Output/_0387.tif (deflated 4%)
  adding: mnt/lsdi/ocm02606675/ocm02606675/Output/_0388.tif (deflated 4%)
  adding: mnt/lsdi/ocm02606675/ocm02606675/Output/_0389.tif (deflated 3%)
  adding: mnt/lsdi/ocm02606675/ocm02606675/Output/_0390.tif (deflated 3%)
  adding: mnt/lsdi/ocm02606675/ocm02606675/Output/_0391.tif (deflated 3%)
  adding: mnt/lsdi/ocm02606675/ocm02606675/Output/_0392.tif (deflated 4%)
  adding: mnt/lsdi/ocm02606675/ocm02606675/Output/_0393.tif (deflated 4%)
  adding: mnt/lsdi/ocm02606675/ocm02606675/Output/_0394.tif (deflated 3%)
  adding: mnt/lsdi/ocm02606675/ocm02606675/Output/_0395.tif (deflated 4%)
  adding: mnt/lsdi/ocm02606675/ocm02606675/Output/_0396.tif (deflated 4%)
  adding: mnt/lsdi/ocm02606675/ocm02606675/Output/_0397.tif (deflated 4%)
  adding: mnt/lsdi/ocm02606675/ocm02606675/Output/_0398.tif (deflated 4%)
  adding: mnt/lsdi/ocm02606675/ocm02606675/Output/_0399.tif (deflated 5%)
  adding: mnt/lsdi/ocm02606675/ocm02606675/Output/_0400.tif (deflated 4%)
  adding: mnt/lsdi/ocm02606675/ocm02606675/Output/_0401.tif (deflated 3%)
  adding: mnt/lsdi/ocm02606675/ocm02606675/Output/_0402.tif (deflated 4%)
  adding: mnt/lsdi/ocm02606675/ocm02606675/Output/_0403.tif (deflated 3%)
  adding: mnt/lsdi/ocm02606675/ocm02606675/Output/_0404.tif (deflated 4%)
  adding: mnt/lsdi/ocm02606675/ocm02606675/Output/_0405.tif (deflated 4%)
  adding: mnt/lsdi/ocm02606675/ocm02606675/Output/_0406.tif (deflated 4%)
  adding: mnt/lsdi/ocm02606675/ocm02606675/Output/_0407.tif (deflated 3%)
  adding: mnt/lsdi/ocm02606675/ocm02606675/Output/_0408.tif (deflated 4%)
  adding: mnt/lsdi/ocm02606675/ocm02606675/Output/_0409.tif (deflated 4%)
  adding: mnt/lsdi/ocm02606675/ocm02606675/Output/_0410.tif (deflated 3%)
  adding: mnt/lsdi/ocm02606675/ocm02606675/Output/_0411.tif (deflated 4%)
  adding: mnt/lsdi/ocm02606675/ocm02606675/Output/_0412.tif (deflated 4%)
  adding: mnt/lsdi/ocm02606675/ocm02606675/Output/_0413.tif (deflated 4%)
  adding: mnt/lsdi/ocm02606675/ocm02606675/Output/_0414.tif (deflated 4%)
  adding: mnt/lsdi/ocm02606675/ocm02606675/Output/_0415.tif (deflated 4%)
  adding: mnt/lsdi/ocm02606675/ocm02606675/Output/_0416.tif (deflated 4%)
  adding: mnt/lsdi/ocm02606675/ocm02606675/Output/_0417.tif (deflated 4%)
  adding: mnt/lsdi/ocm02606675/ocm02606675/Output/_0418.tif (deflated 80%)
  adding: mnt/lsdi/ocm02606675/ocm02606675/Output/_0419.tif (deflated 4%)
  adding: mnt/lsdi/ocm02606675/ocm02606675/Output/_0420.tif (deflated 3%)
  adding: mnt/lsdi/ocm02606675/ocm02606675/Output/_0421.tif (deflated 3%)
  adding: mnt/lsdi/ocm02606675/ocm02606675/Output/_0422.tif (deflated 3%)
  adding: mnt/lsdi/ocm02606675/ocm02606675/Output/_0423.tif (deflated 4%)
  adding: mnt/lsdi/ocm02606675/ocm02606675/Output/_0424.tif (deflated 4%)
  adding: mnt/lsdi/ocm02606675/ocm02606675/Output/_0425.tif (deflated 3%)
  adding: mnt/lsdi/ocm02606675/ocm02606675/Output/_0426.tif (deflated 3%)
  adding: mnt/lsdi/ocm02606675/ocm02606675/Output/_0427.tif (deflated 4%)
  adding: mnt/lsdi/ocm02606675/ocm02606675/Output/_0428.tif (deflated 4%)
  adding: mnt/lsdi/ocm02606675/ocm02606675/Output/_0429.tif (deflated 4%)
  adding: mnt/lsdi/ocm02606675/ocm02606675/Output/_0430.tif (deflated 3%)
  adding: mnt/lsdi/ocm02606675/ocm02606675/Output/_0431.tif (deflated 4%)
  adding: mnt/lsdi/ocm02606675/ocm02606675/Output/_0432.tif (deflated 4%)
  adding: mnt/lsdi/ocm02606675/ocm02606675/Output/_0433.tif (deflated 3%)
  adding: mnt/lsdi/ocm02606675/ocm02606675/Output/_0434.tif (deflated 3%)
  adding: mnt/lsdi/ocm02606675/ocm02606675/Output/_0435.tif (deflated 3%)
  adding: mnt/lsdi/ocm02606675/ocm02606675/Output/_0436.tif (deflated 4%)
  adding: mnt/lsdi/ocm02606675/ocm02606675/Output/_0437.tif (deflated 3%)
  adding: mnt/lsdi/ocm02606675/ocm02606675/Output/_0438.tif (deflated 3%)
  adding: mnt/lsdi/ocm02606675/ocm02606675/Output/_0439.tif (deflated 4%)
  adding: mnt/lsdi/ocm02606675/ocm02606675/Output/_0440.tif (deflated 4%)
  adding: mnt/lsdi/ocm02606675/ocm02606675/Output/_0441.tif (deflated 4%)
  adding: mnt/lsdi/ocm02606675/ocm02606675/Output/_0442.tif (deflated 4%)
  adding: mnt/lsdi/ocm02606675/ocm02606675/Output/_0443.tif (deflated 80%)
  adding: mnt/lsdi/ocm02606675/ocm02606675/Output/_0444.tif (deflated 4%)
  adding: mnt/lsdi/ocm02606675/ocm02606675/Output/_0445.tif (deflated 4%)
  adding: mnt/lsdi/ocm02606675/ocm02606675/Output/_0446.tif (deflated 4%)
  adding: mnt/lsdi/ocm02606675/ocm02606675/Output/_0447.tif (deflated 4%)
  adding: mnt/lsdi/ocm02606675/ocm02606675/Output/_0448.tif (deflated 4%)
  adding: mnt/lsdi/ocm02606675/ocm02606675/Output/_0449.tif (deflated 4%)
  adding: mnt/lsdi/ocm02606675/ocm02606675/Output/_0450.tif (deflated 4%)
  adding: mnt/lsdi/ocm02606675/ocm02606675/Output/_0451.tif (deflated 4%)
  adding: mnt/lsdi/ocm02606675/ocm02606675/Output/_0452.tif (deflated 4%)
  adding: mnt/lsdi/ocm02606675/ocm02606675/Output/_0453.tif (deflated 80%)
  adding: mnt/lsdi/ocm02606675/ocm02606675/Output/_0454.tif (deflated 4%)
  adding: mnt/lsdi/ocm02606675/ocm02606675/Output/_0455.tif (deflated 4%)
  adding: mnt/lsdi/ocm02606675/ocm02606675/Output/_0456.tif (deflated 4%)
  adding: mnt/lsdi/ocm02606675/ocm02606675/Output/_0457.tif (deflated 4%)
  adding: mnt/lsdi/ocm02606675/ocm02606675/Output/_0458.tif (deflated 3%)
  adding: mnt/lsdi/ocm02606675/ocm02606675/Output/_0459.tif (deflated 4%)
  adding: mnt/lsdi/ocm02606675/ocm02606675/Output/_0460.tif (deflated 4%)
  adding: mnt/lsdi/ocm02606675/ocm02606675/Output/_0461.tif (deflated 4%)
  adding: mnt/lsdi/ocm02606675/ocm02606675/Output/_0462.tif (deflated 4%)
  adding: mnt/lsdi/ocm02606675/ocm02606675/Output/_0463.tif (deflated 4%)
  adding: mnt/lsdi/ocm02606675/ocm02606675/Output/_0464.tif (deflated 5%)
  adding: mnt/lsdi/ocm02606675/ocm02606675/Output/_0465.tif (deflated 4%)
  adding: mnt/lsdi/ocm02606675/ocm02606675/Output/_0466.tif (deflated 4%)
  adding: mnt/lsdi/ocm02606675/ocm02606675/Output/_0467.tif (deflated 4%)
  adding: mnt/lsdi/ocm02606675/ocm02606675/Output/_0468.tif (deflated 4%)
  adding: mnt/lsdi/ocm02606675/ocm02606675/Output/_0469.tif (deflated 4%)
  adding: mnt/lsdi/ocm02606675/ocm02606675/Output/_0470.tif (deflated 2%)
  adding: mnt/lsdi/ocm02606675/ocm02606675/Output/_0471.tif (deflated 2%)
  adding: mnt/lsdi/ocm02606675/ocm02606675/Output/_0472.tif (deflated 2%)
  adding: mnt/lsdi/ocm02606675/ocm02606675/Output/_0473.tif (deflated 4%)
  adding: mnt/lsdi/ocm02606675/ocm02606675/Output/_0474.tif (deflated 80%)
curl --location --header authorization: LOW fpJYfLnxbLmCEHqU:JQbq6NgBaPrSh98Y --upload-file /temp/ocm02606675_images.zip http://s3.us.archive.org/02606675.emory.edu/02606675_images.zip
  % Total    % Received % Xferd  Average Speed   Time    Time     Time  Current
                                 Dload  Upload   Total   Spent    Left  Speed
  0     0    0     0    0     0      0      0 --:--:-- --:--:-- --:--:--     0  0 76.0M    0     0    0     0      0      0 --:--:-- --:--:-- --:--:--     0  0 76.0M    0     0    0  432k      0   285k  0:04:33  0:00:01  0:04:32  301k  1 76.0M    0     0    1 1152k      0   452k  0:02:52  0:00:02  0:02:50  467k  2 76.0M    0     0    2 1872k      0   530k  0:02:26  0:00:03  0:02:23  542k  3 76.0M    0     0    3 2576k      0   570k  0:02:16  0:00:04  0:02:12  581k  4 76.0M    0     0    4 3312k      0   598k  0:02:10  0:00:05  0:02:05  718k  5 76.0M    0     0    5 4032k      0   614k  0:02:06  0:00:06  0:02:00  714k  6 76.0M    0     0    6 4752k      0   632k  0:02:03  0:00:07  0:01:56  724k  7 76.0M    0     0    7 5472k      0   641k  0:02:01  0:00:08  0:01:53  720k  7 76.0M    0     0    7 6192k      0   650k  0:01:59  0:00:09  0:01:50  723k  8 76.0M    0     0    8 6912k      0   655k  0:01:58  0:00:10  0:01:48  720k  9 76.0M    0     0    9 7632k      0   662k  0:01:57  0:00:11  0:01:46  724k 10 76.0M    0     0   10 8352k      0   667k  0:01:56  0:00:12  0:01:44  720k 11 76.0M    0     0   11 9040k      0   667k  0:01:56  0:00:13  0:01:43  711k 12 76.0M    0     0   12 9776k      0   672k  0:01:55  0:00:14  0:01:41  714k 13 76.0M    0     0   13 10.2M      0   675k  0:01:55  0:00:15  0:01:40  717k 14 76.0M    0     0   14 10.9M      0   677k  0:01:54  0:00:16  0:01:38  713k 15 76.0M    0     0   15 11.6M      0   679k  0:01:54  0:00:17  0:01:37  708k 16 76.0M    0     0   16 12.2M      0   679k  0:01:54  0:00:18  0:01:36  711k 17 76.0M    0     0   17 13.0M      0   681k  0:01:54  0:00:19  0:01:35  705k 17 76.0M    0     0   17 13.6M      0   682k  0:01:54  0:00:20  0:01:34  703k 18 76.0M    0     0   18 14.4M      0   683k  0:01:53  0:00:21  0:01:32  703k 19 76.0M    0     0   19 15.0M      0   685k  0:01:53  0:00:22  0:01:31  708k 20 76.0M    0     0   20 15.7M      0   686k  0:01:53  0:00:23  0:01:30  712k 21 76.0M    0     0   21 16.4M      0   685k  0:01:53  0:00:24  0:01:29  701k 22 76.0M    0     0   22 17.0M      0   684k  0:01:53  0:00:25  0:01:28  693k 23 76.0M    0     0   23 17.7M      0   686k  0:01:53  0:00:26  0:01:27  696k 24 76.0M    0     0   24 18.4M      0   686k  0:01:53  0:00:27  0:01:26  690k 25 76.0M    0     0   25 19.1M      0   686k  0:01:53  0:00:28  0:01:25  688k 26 76.0M    0     0   26 19.8M      0   687k  0:01:53  0:00:29  0:01:24  700k 26 76.0M    0     0   26 20.5M      0   687k  0:01:53  0:00:30  0:01:23  705k 27 76.0M    0     0   27 21.2M      0   688k  0:01:53  0:00:31  0:01:22  702k 28 76.0M    0     0   28 21.8M      0   688k  0:01:53  0:00:32  0:01:21  702k 29 76.0M    0     0   29 22.5M      0   688k  0:01:53  0:00:33  0:01:20  701k 30 76.0M    0     0   30 23.2M      0   689k  0:01:52  0:00:34  0:01:18  701k 31 76.0M    0     0   31 23.9M      0   689k  0:01:52  0:00:35  0:01:17  700k 32 76.0M    0     0   32 24.6M      0   691k  0:01:52  0:00:36  0:01:16  705k 33 76.0M    0     0   33 25.3M      0   691k  0:01:52  0:00:37  0:01:15  709k 34 76.0M    0     0   34 26.0M      0   692k  0:01:52  0:00:38  0:01:14  716k 35 76.0M    0     0   35 26.7M      0   693k  0:01:52  0:00:39  0:01:13  719k 36 76.0M    0     0   36 27.4M      0   693k  0:01:52  0:00:40  0:01:12  722k 37 76.0M    0     0   37 28.1M      0   695k  0:01:52  0:00:41  0:01:11  726k 37 76.0M    0     0   37 28.8M      0   694k  0:01:52  0:00:42  0:01:10  719k 38 76.0M    0     0   38 29.5M      0   695k  0:01:52  0:00:43  0:01:09  717k 39 76.0M    0     0   39 30.2M      0   695k  0:01:51  0:00:44  0:01:07  714k 40 76.0M    0     0   40 30.9M      0   696k  0:01:51  0:00:45  0:01:06  719k 41 76.0M    0     0   41 31.6M      0   697k  0:01:51  0:00:46  0:01:05  716k 42 76.0M    0     0   42 32.3M      0   697k  0:01:51  0:00:47  0:01:04  724k 43 76.0M    0     0   43 33.0M      0   698k  0:01:51  0:00:48  0:01:03  724k 44 76.0M    0     0   44 33.7M      0   698k  0:01:51  0:00:49  0:01:02  718k 45 76.0M    0     0   45 34.4M      0   698k  0:01:51  0:00:50  0:01:01  715k 46 76.0M    0     0   46 35.1M      0   699k  0:01:51  0:00:51  0:01:00  714k 47 76.0M    0     0   47 35.8M      0   699k  0:01:51  0:00:52  0:00:59  714k 48 76.0M    0     0   48 36.5M      0   699k  0:01:51  0:00:53  0:00:58  712k 49 76.0M    0     0   49 37.2M      0   700k  0:01:51  0:00:54  0:00:57  721k 49 76.0M    0     0   49 38.0M      0   700k  0:01:51  0:00:55  0:00:56  722k 50 76.0M    0     0   50 38.7M      0   701k  0:01:51  0:00:56  0:00:55  722k 51 76.0M    0     0   51 39.4M      0   701k  0:01:51  0:00:57  0:00:54  721k 52 76.0M    0     0   52 40.1M      0   701k  0:01:50  0:00:58  0:00:52  726k 53 76.0M    0     0   53 40.7M      0   701k  0:01:51  0:00:59  0:00:52  713k 54 76.0M    0     0   54 41.4M      0   701k  0:01:50  0:01:00  0:00:50  715k 55 76.0M    0     0   55 42.2M      0   702k  0:01:50  0:01:01  0:00:49  715k 56 76.0M    0     0   56 42.9M      0   702k  0:01:50  0:01:02  0:00:48  717k 57 76.0M    0     0   57 43.6M      0   702k  0:01:50  0:01:03  0:00:47  713k 58 76.0M    0     0   58 44.3M      0   703k  0:01:50  0:01:04  0:00:46  730k 59 76.0M    0     0   59 45.0M      0   703k  0:01:50  0:01:05  0:00:45  723k 60 76.0M    0     0   60 45.7M      0   703k  0:01:50  0:01:06  0:00:44  720k 61 76.0M    0     0   61 46.4M      0   703k  0:01:50  0:01:07  0:00:43  718k 61 76.0M    0     0   61 47.1M      0   704k  0:01:50  0:01:08  0:00:42  723k 62 76.0M    0     0   62 47.8M      0   704k  0:01:50  0:01:09  0:00:41  718k 63 76.0M    0     0   63 48.5M      0   705k  0:01:50  0:01:10  0:00:40  725k 64 76.0M    0     0   64 49.2M      0   705k  0:01:50  0:01:11  0:00:39  730k 65 76.0M    0     0   65 49.9M      0   705k  0:01:50  0:01:12  0:00:38  728k 66 76.0M    0     0   66 50.7M      0   705k  0:01:50  0:01:13  0:00:37  727k 67 76.0M    0     0   67 51.3M      0   706k  0:01:50  0:01:14  0:00:36  724k 68 76.0M    0     0   68 52.0M      0   706k  0:01:50  0:01:15  0:00:35  722k 69 76.0M    0     0   69 52.7M      0   706k  0:01:50  0:01:16  0:00:34  715k 70 76.0M    0     0   70 53.5M      0   706k  0:01:50  0:01:17  0:00:33  719k 71 76.0M    0     0   71 54.2M      0   706k  0:01:50  0:01:18  0:00:32  715k 72 76.0M    0     0   72 54.8M      0   706k  0:01:50  0:01:19  0:00:31  713k 73 76.0M    0     0   73 55.5M      0   707k  0:01:50  0:01:20  0:00:30  719k 73 76.0M    0     0   73 56.2M      0   706k  0:01:50  0:01:21  0:00:29  714k 74 76.0M    0     0   74 57.0M      0   707k  0:01:50  0:01:22  0:00:28  721k 75 76.0M    0     0   75 57.7M      0   707k  0:01:50  0:01:23  0:00:27  724k 76 76.0M    0     0   76 58.4M      0   707k  0:01:50  0:01:24  0:00:26  725k 77 76.0M    0     0   77 59.0M      0   707k  0:01:50  0:01:25  0:00:25  716k 78 76.0M    0     0   78 59.7M      0   707k  0:01:50  0:01:26  0:00:24  713k 79 76.0M    0     0   79 60.4M      0   707k  0:01:50  0:01:27  0:00:23  707k 80 76.0M    0     0   80 61.1M      0   707k  0:01:50  0:01:28  0:00:22  704k 81 76.0M    0     0   81 61.8M      0   707k  0:01:50  0:01:29  0:00:21  703k 82 76.0M    0     0   82 62.5M      0   707k  0:01:50  0:01:30  0:00:20  707k 83 76.0M    0     0   83 63.2M      0   707k  0:01:50  0:01:31  0:00:19  714k 84 76.0M    0     0   84 64.0M      0   707k  0:01:50  0:01:32  0:00:18  717k 85 76.0M    0     0   85 64.6M      0   707k  0:01:50  0:01:33  0:00:17  717k 85 76.0M    0     0   85 65.3M      0   708k  0:01:50  0:01:34  0:00:16  719k 86 76.0M    0     0   86 66.0M      0   707k  0:01:50  0:01:35  0:00:15  715k 87 76.0M    0     0   87 66.7M      0   708k  0:01:50  0:01:36  0:00:14  715k 88 76.0M    0     0   88 67.4M      0   708k  0:01:49  0:01:37  0:00:12  715k 89 76.0M    0     0   89 68.1M      0   708k  0:01:49  0:01:38  0:00:11  720k 90 76.0M    0     0   90 68.9M      0   708k  0:01:49  0:01:39  0:00:10  721k 91 76.0M    0     0   91 69.6M      0   708k  0:01:49  0:01:40  0:00:09  728k 92 76.0M    0     0   92 70.2M      0   708k  0:01:49  0:01:41  0:00:08  721k 93 76.0M    0     0   93 70.9M      0   708k  0:01:49  0:01:42  0:00:07  719k 94 76.0M    0     0   94 71.6M      0   708k  0:01:49  0:01:43  0:00:06  702k 95 76.0M    0     0   95 72.3M      0   708k  0:01:49  0:01:44  0:00:05  703k 95 76.0M    0     0   95 73.0M      0   708k  0:01:49  0:01:45  0:00:04  700k 96 76.0M    0     0   96 73.7M      0   708k  0:01:49  0:01:46  0:00:03  708k 97 76.0M    0     0   97 74.4M      0   708k  0:01:49  0:01:47  0:00:02  697k 98 76.0M    0     0   98 75.0M      0   708k  0:01:49  0:01:48  0:00:01  709k 99 76.0M    0     0   99 75.7M      0   708k  0:01:49  0:01:49 --:--:--  704k100 76.0M    0     0  100 76.0M      0   702k  0:01:50  0:01:50 --:--:--  574k100 76.0M    0     0  100 76.0M      0   700k  0:01:51  0:01:51 --:--:--  510k
