04824645
curl --location --header x-amz-auto-make-bucket:1 --header x-archive-ignore-preexisting-bucket:1 --header x-archive-queue-derive:0 --header x-archive-meta-mediatype:texts --header x-archive-meta03-collection:emory --header x-archive-meta01-collection:americanmethodism --header x-archive-meta-sponsor:Emory University, Pitts Theology Library --header x-archive-meta-contributor:Emory University, Pitts Theology Library --header x-archive-meta-ppi:300 --header authorization: LOW fpJYfLnxbLmCEHqU:JQbq6NgBaPrSh98Y --upload-file /mnt/lsdi/ocm04824645/ocm04824645/ocm04824645_MRC.xml http://s3.us.archive.org/04824645.emory.edu/04824645.emory.edu_marc.xml
  % Total    % Received % Xferd  Average Speed   Time    Time     Time  Current
                                 Dload  Upload   Total   Spent    Left  Speed
  0     0    0     0    0     0      0      0 --:--:-- --:--:-- --:--:--     0  0  3556    0     0    0     0      0      0 --:--:--  0:00:01 --:--:--     0100  3556    0     0  100  3556      0   1692  0:00:02  0:00:02 --:--:--  1762100  3556    0     0  100  3556      0   1260  0:00:02  0:00:02 --:--:--  1297100  3556    0     0  100  3556      0    930  0:00:03  0:00:03 --:--:--   950100  3556    0     0  100  3556      0    737  0:00:04  0:00:04 --:--:--   750100  3556    0     0  100  3556      0    610  0:00:05  0:00:05 --:--:--   750100  3556    0     0  100  3556      0    520  0:00:06  0:00:06 --:--:--     0100  3556    0     0  100  3556      0    454  0:00:07  0:00:07 --:--:--     0100  3556    0     0  100  3556      0    402  0:00:08  0:00:08 --:--:--     0100  3556    0     0  100  3556      0    396  0:00:08  0:00:08 --:--:--     0
zip -r /temp/ocm04824645_images.zip /mnt/lsdi/ocm04824645/ocm04824645/Output/ocm04824645_0001.tif /mnt/lsdi/ocm04824645/ocm04824645/Output/ocm04824645_0002.tif /mnt/lsdi/ocm04824645/ocm04824645/Output/ocm04824645_0003.tif /mnt/lsdi/ocm04824645/ocm04824645/Output/ocm04824645_0004.tif /mnt/lsdi/ocm04824645/ocm04824645/Output/ocm04824645_0005.tif /mnt/lsdi/ocm04824645/ocm04824645/Output/ocm04824645_0006.tif /mnt/lsdi/ocm04824645/ocm04824645/Output/ocm04824645_0007.tif /mnt/lsdi/ocm04824645/ocm04824645/Output/ocm04824645_0008.tif /mnt/lsdi/ocm04824645/ocm04824645/Output/ocm04824645_0009.tif /mnt/lsdi/ocm04824645/ocm04824645/Output/ocm04824645_0010.tif /mnt/lsdi/ocm04824645/ocm04824645/Output/ocm04824645_0011.tif /mnt/lsdi/ocm04824645/ocm04824645/Output/ocm04824645_0012.tif /mnt/lsdi/ocm04824645/ocm04824645/Output/ocm04824645_0013.tif /mnt/lsdi/ocm04824645/ocm04824645/Output/ocm04824645_0014.tif /mnt/lsdi/ocm04824645/ocm04824645/Output/ocm04824645_0015.tif /mnt/lsdi/ocm04824645/ocm04824645/Output/ocm04824645_0016.tif /mnt/lsdi/ocm04824645/ocm04824645/Output/ocm04824645_0017.tif /mnt/lsdi/ocm04824645/ocm04824645/Output/ocm04824645_0018.tif /mnt/lsdi/ocm04824645/ocm04824645/Output/ocm04824645_0019.tif /mnt/lsdi/ocm04824645/ocm04824645/Output/ocm04824645_0020.tif /mnt/lsdi/ocm04824645/ocm04824645/Output/ocm04824645_0021.tif /mnt/lsdi/ocm04824645/ocm04824645/Output/ocm04824645_0022.tif /mnt/lsdi/ocm04824645/ocm04824645/Output/ocm04824645_0023.tif /mnt/lsdi/ocm04824645/ocm04824645/Output/ocm04824645_0024.tif /mnt/lsdi/ocm04824645/ocm04824645/Output/ocm04824645_0025.tif /mnt/lsdi/ocm04824645/ocm04824645/Output/ocm04824645_0026.tif /mnt/lsdi/ocm04824645/ocm04824645/Output/ocm04824645_0027.tif /mnt/lsdi/ocm04824645/ocm04824645/Output/ocm04824645_0028.tif /mnt/lsdi/ocm04824645/ocm04824645/Output/ocm04824645_0029.tif /mnt/lsdi/ocm04824645/ocm04824645/Output/ocm04824645_0030.tif /mnt/lsdi/ocm04824645/ocm04824645/Output/ocm04824645_0031.tif /mnt/lsdi/ocm04824645/ocm04824645/Output/ocm04824645_0032.tif /mnt/lsdi/ocm04824645/ocm04824645/Output/ocm04824645_0033.tif /mnt/lsdi/ocm04824645/ocm04824645/Output/ocm04824645_0034.tif /mnt/lsdi/ocm04824645/ocm04824645/Output/ocm04824645_0035.tif /mnt/lsdi/ocm04824645/ocm04824645/Output/ocm04824645_0036.tif /mnt/lsdi/ocm04824645/ocm04824645/Output/ocm04824645_0037.tif /mnt/lsdi/ocm04824645/ocm04824645/Output/ocm04824645_0038.tif /mnt/lsdi/ocm04824645/ocm04824645/Output/ocm04824645_0039.tif /mnt/lsdi/ocm04824645/ocm04824645/Output/ocm04824645_0040.tif /mnt/lsdi/ocm04824645/ocm04824645/Output/ocm04824645_0041.tif /mnt/lsdi/ocm04824645/ocm04824645/Output/ocm04824645_0042.tif /mnt/lsdi/ocm04824645/ocm04824645/Output/ocm04824645_0043.tif /mnt/lsdi/ocm04824645/ocm04824645/Output/ocm04824645_0044.tif /mnt/lsdi/ocm04824645/ocm04824645/Output/ocm04824645_0045.tif /mnt/lsdi/ocm04824645/ocm04824645/Output/ocm04824645_0046.tif /mnt/lsdi/ocm04824645/ocm04824645/Output/ocm04824645_0047.tif /mnt/lsdi/ocm04824645/ocm04824645/Output/ocm04824645_0048.tif /mnt/lsdi/ocm04824645/ocm04824645/Output/ocm04824645_0049.tif /mnt/lsdi/ocm04824645/ocm04824645/Output/ocm04824645_0050.tif /mnt/lsdi/ocm04824645/ocm04824645/Output/ocm04824645_0051.tif /mnt/lsdi/ocm04824645/ocm04824645/Output/ocm04824645_0052.tif /mnt/lsdi/ocm04824645/ocm04824645/Output/ocm04824645_0053.tif /mnt/lsdi/ocm04824645/ocm04824645/Output/ocm04824645_0054.tif /mnt/lsdi/ocm04824645/ocm04824645/Output/ocm04824645_0055.tif /mnt/lsdi/ocm04824645/ocm04824645/Output/ocm04824645_0056.tif /mnt/lsdi/ocm04824645/ocm04824645/Output/ocm04824645_0057.tif /mnt/lsdi/ocm04824645/ocm04824645/Output/ocm04824645_0058.tif /mnt/lsdi/ocm04824645/ocm04824645/Output/ocm04824645_0059.tif /mnt/lsdi/ocm04824645/ocm04824645/Output/ocm04824645_0060.tif /mnt/lsdi/ocm04824645/ocm04824645/Output/ocm04824645_0061.tif /mnt/lsdi/ocm04824645/ocm04824645/Output/ocm04824645_0062.tif /mnt/lsdi/ocm04824645/ocm04824645/Output/ocm04824645_0063.tif /mnt/lsdi/ocm04824645/ocm04824645/Output/ocm04824645_0064.tif /mnt/lsdi/ocm04824645/ocm04824645/Output/ocm04824645_0065.tif /mnt/lsdi/ocm04824645/ocm04824645/Output/ocm04824645_0066.tif /mnt/lsdi/ocm04824645/ocm04824645/Output/ocm04824645_0067.tif /mnt/lsdi/ocm04824645/ocm04824645/Output/ocm04824645_0068.tif /mnt/lsdi/ocm04824645/ocm04824645/Output/ocm04824645_0069.tif /mnt/lsdi/ocm04824645/ocm04824645/Output/ocm04824645_0070.tif /mnt/lsdi/ocm04824645/ocm04824645/Output/ocm04824645_0071.tif /mnt/lsdi/ocm04824645/ocm04824645/Output/ocm04824645_0072.tif /mnt/lsdi/ocm04824645/ocm04824645/Output/ocm04824645_0073.tif /mnt/lsdi/ocm04824645/ocm04824645/Output/ocm04824645_0074.tif /mnt/lsdi/ocm04824645/ocm04824645/Output/ocm04824645_0075.tif /mnt/lsdi/ocm04824645/ocm04824645/Output/ocm04824645_0076.tif /mnt/lsdi/ocm04824645/ocm04824645/Output/ocm04824645_0077.tif /mnt/lsdi/ocm04824645/ocm04824645/Output/ocm04824645_0078.tif /mnt/lsdi/ocm04824645/ocm04824645/Output/ocm04824645_0079.tif /mnt/lsdi/ocm04824645/ocm04824645/Output/ocm04824645_0080.tif /mnt/lsdi/ocm04824645/ocm04824645/Output/ocm04824645_0081.tif /mnt/lsdi/ocm04824645/ocm04824645/Output/ocm04824645_0082.tif /mnt/lsdi/ocm04824645/ocm04824645/Output/ocm04824645_0083.tif /mnt/lsdi/ocm04824645/ocm04824645/Output/ocm04824645_0084.tif /mnt/lsdi/ocm04824645/ocm04824645/Output/ocm04824645_0085.tif /mnt/lsdi/ocm04824645/ocm04824645/Output/ocm04824645_0086.tif /mnt/lsdi/ocm04824645/ocm04824645/Output/ocm04824645_0087.tif /mnt/lsdi/ocm04824645/ocm04824645/Output/ocm04824645_0088.tif /mnt/lsdi/ocm04824645/ocm04824645/Output/ocm04824645_0089.tif /mnt/lsdi/ocm04824645/ocm04824645/Output/ocm04824645_0090.tif /mnt/lsdi/ocm04824645/ocm04824645/Output/ocm04824645_0091.tif /mnt/lsdi/ocm04824645/ocm04824645/Output/ocm04824645_0092.tif /mnt/lsdi/ocm04824645/ocm04824645/Output/ocm04824645_0093.tif /mnt/lsdi/ocm04824645/ocm04824645/Output/ocm04824645_0094.tif /mnt/lsdi/ocm04824645/ocm04824645/Output/ocm04824645_0095.tif /mnt/lsdi/ocm04824645/ocm04824645/Output/ocm04824645_0096.tif /mnt/lsdi/ocm04824645/ocm04824645/Output/ocm04824645_0097.tif /mnt/lsdi/ocm04824645/ocm04824645/Output/ocm04824645_0098.tif /mnt/lsdi/ocm04824645/ocm04824645/Output/ocm04824645_0099.tif /mnt/lsdi/ocm04824645/ocm04824645/Output/ocm04824645_0100.tif /mnt/lsdi/ocm04824645/ocm04824645/Output/ocm04824645_0101.tif /mnt/lsdi/ocm04824645/ocm04824645/Output/ocm04824645_0102.tif /mnt/lsdi/ocm04824645/ocm04824645/Output/ocm04824645_0103.tif /mnt/lsdi/ocm04824645/ocm04824645/Output/ocm04824645_0104.tif /mnt/lsdi/ocm04824645/ocm04824645/Output/ocm04824645_0105.tif /mnt/lsdi/ocm04824645/ocm04824645/Output/ocm04824645_0106.tif /mnt/lsdi/ocm04824645/ocm04824645/Output/ocm04824645_0107.tif /mnt/lsdi/ocm04824645/ocm04824645/Output/ocm04824645_0108.tif /mnt/lsdi/ocm04824645/ocm04824645/Output/ocm04824645_0109.tif /mnt/lsdi/ocm04824645/ocm04824645/Output/ocm04824645_0110.tif /mnt/lsdi/ocm04824645/ocm04824645/Output/ocm04824645_0111.tif /mnt/lsdi/ocm04824645/ocm04824645/Output/ocm04824645_0112.tif /mnt/lsdi/ocm04824645/ocm04824645/Output/ocm04824645_0113.tif /mnt/lsdi/ocm04824645/ocm04824645/Output/ocm04824645_0114.tif /mnt/lsdi/ocm04824645/ocm04824645/Output/ocm04824645_0115.tif /mnt/lsdi/ocm04824645/ocm04824645/Output/ocm04824645_0116.tif /mnt/lsdi/ocm04824645/ocm04824645/Output/ocm04824645_0117.tif /mnt/lsdi/ocm04824645/ocm04824645/Output/ocm04824645_0118.tif /mnt/lsdi/ocm04824645/ocm04824645/Output/ocm04824645_0119.tif /mnt/lsdi/ocm04824645/ocm04824645/Output/ocm04824645_0120.tif /mnt/lsdi/ocm04824645/ocm04824645/Output/ocm04824645_0121.tif /mnt/lsdi/ocm04824645/ocm04824645/Output/ocm04824645_0122.tif /mnt/lsdi/ocm04824645/ocm04824645/Output/ocm04824645_0123.tif /mnt/lsdi/ocm04824645/ocm04824645/Output/ocm04824645_0124.tif /mnt/lsdi/ocm04824645/ocm04824645/Output/ocm04824645_0125.tif /mnt/lsdi/ocm04824645/ocm04824645/Output/ocm04824645_0126.tif /mnt/lsdi/ocm04824645/ocm04824645/Output/ocm04824645_0127.tif /mnt/lsdi/ocm04824645/ocm04824645/Output/ocm04824645_0128.tif /mnt/lsdi/ocm04824645/ocm04824645/Output/ocm04824645_0129.tif /mnt/lsdi/ocm04824645/ocm04824645/Output/ocm04824645_0130.tif /mnt/lsdi/ocm04824645/ocm04824645/Output/ocm04824645_0131.tif /mnt/lsdi/ocm04824645/ocm04824645/Output/ocm04824645_0132.tif /mnt/lsdi/ocm04824645/ocm04824645/Output/ocm04824645_0133.tif /mnt/lsdi/ocm04824645/ocm04824645/Output/ocm04824645_0134.tif /mnt/lsdi/ocm04824645/ocm04824645/Output/ocm04824645_0135.tif /mnt/lsdi/ocm04824645/ocm04824645/Output/ocm04824645_0136.tif /mnt/lsdi/ocm04824645/ocm04824645/Output/ocm04824645_0137.tif /mnt/lsdi/ocm04824645/ocm04824645/Output/ocm04824645_0138.tif /mnt/lsdi/ocm04824645/ocm04824645/Output/ocm04824645_0139.tif /mnt/lsdi/ocm04824645/ocm04824645/Output/ocm04824645_0140.tif /mnt/lsdi/ocm04824645/ocm04824645/Output/ocm04824645_0141.tif /mnt/lsdi/ocm04824645/ocm04824645/Output/ocm04824645_0142.tif /mnt/lsdi/ocm04824645/ocm04824645/Output/ocm04824645_0143.tif /mnt/lsdi/ocm04824645/ocm04824645/Output/ocm04824645_0144.tif /mnt/lsdi/ocm04824645/ocm04824645/Output/ocm04824645_0145.tif /mnt/lsdi/ocm04824645/ocm04824645/Output/ocm04824645_0146.tif /mnt/lsdi/ocm04824645/ocm04824645/Output/ocm04824645_0147.tif /mnt/lsdi/ocm04824645/ocm04824645/Output/ocm04824645_0148.tif /mnt/lsdi/ocm04824645/ocm04824645/Output/ocm04824645_0149.tif /mnt/lsdi/ocm04824645/ocm04824645/Output/ocm04824645_0150.tif /mnt/lsdi/ocm04824645/ocm04824645/Output/ocm04824645_0151.tif /mnt/lsdi/ocm04824645/ocm04824645/Output/ocm04824645_0152.tif /mnt/lsdi/ocm04824645/ocm04824645/Output/ocm04824645_0153.tif /mnt/lsdi/ocm04824645/ocm04824645/Output/ocm04824645_0154.tif /mnt/lsdi/ocm04824645/ocm04824645/Output/ocm04824645_0155.tif /mnt/lsdi/ocm04824645/ocm04824645/Output/ocm04824645_0156.tif /mnt/lsdi/ocm04824645/ocm04824645/Output/ocm04824645_0157.tif /mnt/lsdi/ocm04824645/ocm04824645/Output/ocm04824645_0158.tif /mnt/lsdi/ocm04824645/ocm04824645/Output/ocm04824645_0159.tif /mnt/lsdi/ocm04824645/ocm04824645/Output/ocm04824645_0160.tif /mnt/lsdi/ocm04824645/ocm04824645/Output/ocm04824645_0161.tif /mnt/lsdi/ocm04824645/ocm04824645/Output/ocm04824645_0162.tif /mnt/lsdi/ocm04824645/ocm04824645/Output/ocm04824645_0163.tif /mnt/lsdi/ocm04824645/ocm04824645/Output/ocm04824645_0164.tif /mnt/lsdi/ocm04824645/ocm04824645/Output/ocm04824645_0165.tif /mnt/lsdi/ocm04824645/ocm04824645/Output/ocm04824645_0166.tif /mnt/lsdi/ocm04824645/ocm04824645/Output/ocm04824645_0167.tif /mnt/lsdi/ocm04824645/ocm04824645/Output/ocm04824645_0168.tif /mnt/lsdi/ocm04824645/ocm04824645/Output/ocm04824645_0169.tif /mnt/lsdi/ocm04824645/ocm04824645/Output/ocm04824645_0170.tif /mnt/lsdi/ocm04824645/ocm04824645/Output/ocm04824645_0171.tif /mnt/lsdi/ocm04824645/ocm04824645/Output/ocm04824645_0172.tif /mnt/lsdi/ocm04824645/ocm04824645/Output/ocm04824645_0173.tif /mnt/lsdi/ocm04824645/ocm04824645/Output/ocm04824645_0174.tif /mnt/lsdi/ocm04824645/ocm04824645/Output/ocm04824645_0175.tif /mnt/lsdi/ocm04824645/ocm04824645/Output/ocm04824645_0176.tif /mnt/lsdi/ocm04824645/ocm04824645/Output/ocm04824645_0177.tif /mnt/lsdi/ocm04824645/ocm04824645/Output/ocm04824645_0178.tif /mnt/lsdi/ocm04824645/ocm04824645/Output/ocm04824645_0179.tif /mnt/lsdi/ocm04824645/ocm04824645/Output/ocm04824645_0180.tif /mnt/lsdi/ocm04824645/ocm04824645/Output/ocm04824645_0181.tif /mnt/lsdi/ocm04824645/ocm04824645/Output/ocm04824645_0182.tif /mnt/lsdi/ocm04824645/ocm04824645/Output/ocm04824645_0183.tif /mnt/lsdi/ocm04824645/ocm04824645/Output/ocm04824645_0184.tif /mnt/lsdi/ocm04824645/ocm04824645/Output/ocm04824645_0185.tif /mnt/lsdi/ocm04824645/ocm04824645/Output/ocm04824645_0186.tif /mnt/lsdi/ocm04824645/ocm04824645/Output/ocm04824645_0187.tif /mnt/lsdi/ocm04824645/ocm04824645/Output/ocm04824645_0188.tif /mnt/lsdi/ocm04824645/ocm04824645/Output/ocm04824645_0189.tif /mnt/lsdi/ocm04824645/ocm04824645/Output/ocm04824645_0190.tif /mnt/lsdi/ocm04824645/ocm04824645/Output/ocm04824645_0191.tif /mnt/lsdi/ocm04824645/ocm04824645/Output/ocm04824645_0192.tif /mnt/lsdi/ocm04824645/ocm04824645/Output/ocm04824645_0193.tif /mnt/lsdi/ocm04824645/ocm04824645/Output/ocm04824645_0194.tif /mnt/lsdi/ocm04824645/ocm04824645/Output/ocm04824645_0195.tif /mnt/lsdi/ocm04824645/ocm04824645/Output/ocm04824645_0196.tif /mnt/lsdi/ocm04824645/ocm04824645/Output/ocm04824645_0197.tif /mnt/lsdi/ocm04824645/ocm04824645/Output/ocm04824645_0198.tif /mnt/lsdi/ocm04824645/ocm04824645/Output/ocm04824645_0199.tif /mnt/lsdi/ocm04824645/ocm04824645/Output/ocm04824645_0200.tif /mnt/lsdi/ocm04824645/ocm04824645/Output/ocm04824645_0201.tif /mnt/lsdi/ocm04824645/ocm04824645/Output/ocm04824645_0202.tif /mnt/lsdi/ocm04824645/ocm04824645/Output/ocm04824645_0203.tif /mnt/lsdi/ocm04824645/ocm04824645/Output/ocm04824645_0204.tif /mnt/lsdi/ocm04824645/ocm04824645/Output/ocm04824645_0205.tif /mnt/lsdi/ocm04824645/ocm04824645/Output/ocm04824645_0206.tif /mnt/lsdi/ocm04824645/ocm04824645/Output/ocm04824645_0207.tif /mnt/lsdi/ocm04824645/ocm04824645/Output/ocm04824645_0208.tif /mnt/lsdi/ocm04824645/ocm04824645/Output/ocm04824645_0209.tif /mnt/lsdi/ocm04824645/ocm04824645/Output/ocm04824645_0210.tif /mnt/lsdi/ocm04824645/ocm04824645/Output/ocm04824645_0211.tif /mnt/lsdi/ocm04824645/ocm04824645/Output/ocm04824645_0212.tif /mnt/lsdi/ocm04824645/ocm04824645/Output/ocm04824645_0213.tif /mnt/lsdi/ocm04824645/ocm04824645/Output/ocm04824645_0214.tif /mnt/lsdi/ocm04824645/ocm04824645/Output/ocm04824645_0215.tif /mnt/lsdi/ocm04824645/ocm04824645/Output/ocm04824645_0216.tif /mnt/lsdi/ocm04824645/ocm04824645/Output/ocm04824645_0217.tif /mnt/lsdi/ocm04824645/ocm04824645/Output/ocm04824645_0218.tif /mnt/lsdi/ocm04824645/ocm04824645/Output/ocm04824645_0219.tif /mnt/lsdi/ocm04824645/ocm04824645/Output/ocm04824645_0220.tif /mnt/lsdi/ocm04824645/ocm04824645/Output/ocm04824645_0221.tif /mnt/lsdi/ocm04824645/ocm04824645/Output/ocm04824645_0222.tif /mnt/lsdi/ocm04824645/ocm04824645/Output/ocm04824645_0223.tif /mnt/lsdi/ocm04824645/ocm04824645/Output/ocm04824645_0224.tif /mnt/lsdi/ocm04824645/ocm04824645/Output/ocm04824645_0225.tif /mnt/lsdi/ocm04824645/ocm04824645/Output/ocm04824645_0226.tif /mnt/lsdi/ocm04824645/ocm04824645/Output/ocm04824645_0227.tif /mnt/lsdi/ocm04824645/ocm04824645/Output/ocm04824645_0228.tif /mnt/lsdi/ocm04824645/ocm04824645/Output/ocm04824645_0229.tif /mnt/lsdi/ocm04824645/ocm04824645/Output/ocm04824645_0230.tif /mnt/lsdi/ocm04824645/ocm04824645/Output/ocm04824645_0231.tif /mnt/lsdi/ocm04824645/ocm04824645/Output/ocm04824645_0232.tif /mnt/lsdi/ocm04824645/ocm04824645/Output/ocm04824645_0233.tif /mnt/lsdi/ocm04824645/ocm04824645/Output/ocm04824645_0234.tif /mnt/lsdi/ocm04824645/ocm04824645/Output/ocm04824645_0235.tif /mnt/lsdi/ocm04824645/ocm04824645/Output/ocm04824645_0236.tif /mnt/lsdi/ocm04824645/ocm04824645/Output/ocm04824645_0237.tif /mnt/lsdi/ocm04824645/ocm04824645/Output/ocm04824645_0238.tif /mnt/lsdi/ocm04824645/ocm04824645/Output/ocm04824645_0239.tif /mnt/lsdi/ocm04824645/ocm04824645/Output/ocm04824645_0240.tif /mnt/lsdi/ocm04824645/ocm04824645/Output/ocm04824645_0241.tif /mnt/lsdi/ocm04824645/ocm04824645/Output/ocm04824645_0242.tif /mnt/lsdi/ocm04824645/ocm04824645/Output/ocm04824645_0243.tif /mnt/lsdi/ocm04824645/ocm04824645/Output/ocm04824645_0244.tif /mnt/lsdi/ocm04824645/ocm04824645/Output/ocm04824645_0245.tif /mnt/lsdi/ocm04824645/ocm04824645/Output/ocm04824645_0246.tif /mnt/lsdi/ocm04824645/ocm04824645/Output/ocm04824645_0247.tif /mnt/lsdi/ocm04824645/ocm04824645/Output/ocm04824645_0248.tif /mnt/lsdi/ocm04824645/ocm04824645/Output/ocm04824645_0249.tif /mnt/lsdi/ocm04824645/ocm04824645/Output/ocm04824645_0250.tif /mnt/lsdi/ocm04824645/ocm04824645/Output/ocm04824645_0251.tif /mnt/lsdi/ocm04824645/ocm04824645/Output/ocm04824645_0252.tif /mnt/lsdi/ocm04824645/ocm04824645/Output/ocm04824645_0253.tif /mnt/lsdi/ocm04824645/ocm04824645/Output/ocm04824645_0254.tif /mnt/lsdi/ocm04824645/ocm04824645/Output/ocm04824645_0255.tif /mnt/lsdi/ocm04824645/ocm04824645/Output/ocm04824645_0256.tif /mnt/lsdi/ocm04824645/ocm04824645/Output/ocm04824645_0257.tif /mnt/lsdi/ocm04824645/ocm04824645/Output/ocm04824645_0258.tif /mnt/lsdi/ocm04824645/ocm04824645/Output/ocm04824645_0259.tif /mnt/lsdi/ocm04824645/ocm04824645/Output/ocm04824645_0260.tif /mnt/lsdi/ocm04824645/ocm04824645/Output/ocm04824645_0261.tif /mnt/lsdi/ocm04824645/ocm04824645/Output/ocm04824645_0262.tif /mnt/lsdi/ocm04824645/ocm04824645/Output/ocm04824645_0263.tif /mnt/lsdi/ocm04824645/ocm04824645/Output/ocm04824645_0264.tif /mnt/lsdi/ocm04824645/ocm04824645/Output/ocm04824645_0265.tif /mnt/lsdi/ocm04824645/ocm04824645/Output/ocm04824645_0266.tif /mnt/lsdi/ocm04824645/ocm04824645/Output/ocm04824645_0267.tif /mnt/lsdi/ocm04824645/ocm04824645/Output/ocm04824645_0268.tif /mnt/lsdi/ocm04824645/ocm04824645/Output/ocm04824645_0269.tif /mnt/lsdi/ocm04824645/ocm04824645/Output/ocm04824645_0270.tif /mnt/lsdi/ocm04824645/ocm04824645/Output/ocm04824645_0271.tif /mnt/lsdi/ocm04824645/ocm04824645/Output/ocm04824645_0272.tif /mnt/lsdi/ocm04824645/ocm04824645/Output/ocm04824645_0273.tif /mnt/lsdi/ocm04824645/ocm04824645/Output/ocm04824645_0274.tif /mnt/lsdi/ocm04824645/ocm04824645/Output/ocm04824645_0275.tif /mnt/lsdi/ocm04824645/ocm04824645/Output/ocm04824645_0276.tif /mnt/lsdi/ocm04824645/ocm04824645/Output/ocm04824645_0277.tif /mnt/lsdi/ocm04824645/ocm04824645/Output/ocm04824645_0278.tif /mnt/lsdi/ocm04824645/ocm04824645/Output/ocm04824645_0279.tif /mnt/lsdi/ocm04824645/ocm04824645/Output/ocm04824645_0280.tif /mnt/lsdi/ocm04824645/ocm04824645/Output/ocm04824645_0281.tif /mnt/lsdi/ocm04824645/ocm04824645/Output/ocm04824645_0282.tif /mnt/lsdi/ocm04824645/ocm04824645/Output/ocm04824645_0283.tif /mnt/lsdi/ocm04824645/ocm04824645/Output/ocm04824645_0284.tif /mnt/lsdi/ocm04824645/ocm04824645/Output/ocm04824645_0285.tif /mnt/lsdi/ocm04824645/ocm04824645/Output/ocm04824645_0286.tif /mnt/lsdi/ocm04824645/ocm04824645/Output/ocm04824645_0287.tif /mnt/lsdi/ocm04824645/ocm04824645/Output/ocm04824645_0288.tif /mnt/lsdi/ocm04824645/ocm04824645/Output/ocm04824645_0289.tif /mnt/lsdi/ocm04824645/ocm04824645/Output/ocm04824645_0290.tif /mnt/lsdi/ocm04824645/ocm04824645/Output/ocm04824645_0291.tif /mnt/lsdi/ocm04824645/ocm04824645/Output/ocm04824645_0292.tif /mnt/lsdi/ocm04824645/ocm04824645/Output/ocm04824645_0293.tif /mnt/lsdi/ocm04824645/ocm04824645/Output/ocm04824645_0294.tif /mnt/lsdi/ocm04824645/ocm04824645/Output/ocm04824645_0295.tif /mnt/lsdi/ocm04824645/ocm04824645/Output/ocm04824645_0296.tif /mnt/lsdi/ocm04824645/ocm04824645/Output/ocm04824645_0297.tif /mnt/lsdi/ocm04824645/ocm04824645/Output/ocm04824645_0298.tif /mnt/lsdi/ocm04824645/ocm04824645/Output/ocm04824645_0299.tif /mnt/lsdi/ocm04824645/ocm04824645/Output/ocm04824645_0300.tif /mnt/lsdi/ocm04824645/ocm04824645/Output/ocm04824645_0301.tif /mnt/lsdi/ocm04824645/ocm04824645/Output/ocm04824645_0302.tif /mnt/lsdi/ocm04824645/ocm04824645/Output/ocm04824645_0303.tif /mnt/lsdi/ocm04824645/ocm04824645/Output/ocm04824645_0304.tif /mnt/lsdi/ocm04824645/ocm04824645/Output/ocm04824645_0305.tif /mnt/lsdi/ocm04824645/ocm04824645/Output/ocm04824645_0306.tif /mnt/lsdi/ocm04824645/ocm04824645/Output/ocm04824645_0307.tif /mnt/lsdi/ocm04824645/ocm04824645/Output/ocm04824645_0308.tif /mnt/lsdi/ocm04824645/ocm04824645/Output/ocm04824645_0309.tif /mnt/lsdi/ocm04824645/ocm04824645/Output/ocm04824645_0310.tif /mnt/lsdi/ocm04824645/ocm04824645/Output/ocm04824645_0311.tif /mnt/lsdi/ocm04824645/ocm04824645/Output/ocm04824645_0312.tif /mnt/lsdi/ocm04824645/ocm04824645/Output/ocm04824645_0313.tif /mnt/lsdi/ocm04824645/ocm04824645/Output/ocm04824645_0314.tif /mnt/lsdi/ocm04824645/ocm04824645/Output/ocm04824645_0315.tif /mnt/lsdi/ocm04824645/ocm04824645/Output/ocm04824645_0316.tif /mnt/lsdi/ocm04824645/ocm04824645/Output/ocm04824645_0317.tif /mnt/lsdi/ocm04824645/ocm04824645/Output/ocm04824645_0318.tif /mnt/lsdi/ocm04824645/ocm04824645/Output/ocm04824645_0319.tif /mnt/lsdi/ocm04824645/ocm04824645/Output/ocm04824645_0320.tif /mnt/lsdi/ocm04824645/ocm04824645/Output/ocm04824645_0321.tif /mnt/lsdi/ocm04824645/ocm04824645/Output/ocm04824645_0322.tif /mnt/lsdi/ocm04824645/ocm04824645/Output/ocm04824645_0323.tif /mnt/lsdi/ocm04824645/ocm04824645/Output/ocm04824645_0324.tif /mnt/lsdi/ocm04824645/ocm04824645/Output/ocm04824645_0325.tif /mnt/lsdi/ocm04824645/ocm04824645/Output/ocm04824645_0326.tif /mnt/lsdi/ocm04824645/ocm04824645/Output/ocm04824645_0327.tif /mnt/lsdi/ocm04824645/ocm04824645/Output/ocm04824645_0328.tif /mnt/lsdi/ocm04824645/ocm04824645/Output/ocm04824645_0329.tif /mnt/lsdi/ocm04824645/ocm04824645/Output/ocm04824645_0330.tif /mnt/lsdi/ocm04824645/ocm04824645/Output/ocm04824645_0331.tif /mnt/lsdi/ocm04824645/ocm04824645/Output/ocm04824645_0332.tif /mnt/lsdi/ocm04824645/ocm04824645/Output/ocm04824645_0333.tif /mnt/lsdi/ocm04824645/ocm04824645/Output/ocm04824645_0334.tif /mnt/lsdi/ocm04824645/ocm04824645/Output/ocm04824645_0335.tif /mnt/lsdi/ocm04824645/ocm04824645/Output/ocm04824645_0336.tif /mnt/lsdi/ocm04824645/ocm04824645/Output/ocm04824645_0337.tif /mnt/lsdi/ocm04824645/ocm04824645/Output/ocm04824645_0338.tif /mnt/lsdi/ocm04824645/ocm04824645/Output/ocm04824645_0339.tif /mnt/lsdi/ocm04824645/ocm04824645/Output/ocm04824645_0340.tif /mnt/lsdi/ocm04824645/ocm04824645/Output/ocm04824645_0341.tif /mnt/lsdi/ocm04824645/ocm04824645/Output/ocm04824645_0342.tif /mnt/lsdi/ocm04824645/ocm04824645/Output/ocm04824645_0343.tif /mnt/lsdi/ocm04824645/ocm04824645/Output/ocm04824645_0344.tif /mnt/lsdi/ocm04824645/ocm04824645/Output/ocm04824645_0345.tif /mnt/lsdi/ocm04824645/ocm04824645/Output/ocm04824645_0346.tif /mnt/lsdi/ocm04824645/ocm04824645/Output/ocm04824645_0347.tif /mnt/lsdi/ocm04824645/ocm04824645/Output/ocm04824645_0348.tif
  adding: mnt/lsdi/ocm04824645/ocm04824645/Output/ocm04824645_0001.tif (deflated 80%)
  adding: mnt/lsdi/ocm04824645/ocm04824645/Output/ocm04824645_0002.tif (deflated 15%)
  adding: mnt/lsdi/ocm04824645/ocm04824645/Output/ocm04824645_0003.tif (deflated 4%)
  adding: mnt/lsdi/ocm04824645/ocm04824645/Output/ocm04824645_0004.tif (deflated 80%)
  adding: mnt/lsdi/ocm04824645/ocm04824645/Output/ocm04824645_0005.tif (deflated 4%)
  adding: mnt/lsdi/ocm04824645/ocm04824645/Output/ocm04824645_0006.tif (deflated 4%)
  adding: mnt/lsdi/ocm04824645/ocm04824645/Output/ocm04824645_0007.tif (deflated 42%)
  adding: mnt/lsdi/ocm04824645/ocm04824645/Output/ocm04824645_0008.tif (deflated 5%)
  adding: mnt/lsdi/ocm04824645/ocm04824645/Output/ocm04824645_0009.tif (deflated 80%)
  adding: mnt/lsdi/ocm04824645/ocm04824645/Output/ocm04824645_0010.tif (deflated 4%)
  adding: mnt/lsdi/ocm04824645/ocm04824645/Output/ocm04824645_0011.tif (deflated 80%)
  adding: mnt/lsdi/ocm04824645/ocm04824645/Output/ocm04824645_0012.tif (deflated 80%)
  adding: mnt/lsdi/ocm04824645/ocm04824645/Output/ocm04824645_0013.tif (deflated 3%)
  adding: mnt/lsdi/ocm04824645/ocm04824645/Output/ocm04824645_0014.tif (deflated 4%)
  adding: mnt/lsdi/ocm04824645/ocm04824645/Output/ocm04824645_0015.tif (deflated 3%)
  adding: mnt/lsdi/ocm04824645/ocm04824645/Output/ocm04824645_0016.tif (deflated 3%)
  adding: mnt/lsdi/ocm04824645/ocm04824645/Output/ocm04824645_0017.tif (deflated 3%)
  adding: mnt/lsdi/ocm04824645/ocm04824645/Output/ocm04824645_0018.tif (deflated 3%)
  adding: mnt/lsdi/ocm04824645/ocm04824645/Output/ocm04824645_0019.tif (deflated 3%)
  adding: mnt/lsdi/ocm04824645/ocm04824645/Output/ocm04824645_0020.tif (deflated 3%)
  adding: mnt/lsdi/ocm04824645/ocm04824645/Output/ocm04824645_0021.tif (deflated 3%)
  adding: mnt/lsdi/ocm04824645/ocm04824645/Output/ocm04824645_0022.tif (deflated 3%)
  adding: mnt/lsdi/ocm04824645/ocm04824645/Output/ocm04824645_0023.tif (deflated 3%)
  adding: mnt/lsdi/ocm04824645/ocm04824645/Output/ocm04824645_0024.tif (deflated 3%)
  adding: mnt/lsdi/ocm04824645/ocm04824645/Output/ocm04824645_0025.tif (deflated 3%)
  adding: mnt/lsdi/ocm04824645/ocm04824645/Output/ocm04824645_0026.tif (deflated 3%)
  adding: mnt/lsdi/ocm04824645/ocm04824645/Output/ocm04824645_0027.tif (deflated 3%)
  adding: mnt/lsdi/ocm04824645/ocm04824645/Output/ocm04824645_0028.tif (deflated 4%)
  adding: mnt/lsdi/ocm04824645/ocm04824645/Output/ocm04824645_0029.tif (deflated 3%)
  adding: mnt/lsdi/ocm04824645/ocm04824645/Output/ocm04824645_0030.tif (deflated 3%)
  adding: mnt/lsdi/ocm04824645/ocm04824645/Output/ocm04824645_0031.tif (deflated 3%)
  adding: mnt/lsdi/ocm04824645/ocm04824645/Output/ocm04824645_0032.tif (deflated 3%)
  adding: mnt/lsdi/ocm04824645/ocm04824645/Output/ocm04824645_0033.tif (deflated 3%)
  adding: mnt/lsdi/ocm04824645/ocm04824645/Output/ocm04824645_0034.tif (deflated 80%)
  adding: mnt/lsdi/ocm04824645/ocm04824645/Output/ocm04824645_0035.tif (deflated 3%)
  adding: mnt/lsdi/ocm04824645/ocm04824645/Output/ocm04824645_0036.tif (deflated 4%)
  adding: mnt/lsdi/ocm04824645/ocm04824645/Output/ocm04824645_0037.tif (deflated 3%)
  adding: mnt/lsdi/ocm04824645/ocm04824645/Output/ocm04824645_0038.tif (deflated 3%)
  adding: mnt/lsdi/ocm04824645/ocm04824645/Output/ocm04824645_0039.tif (deflated 3%)
  adding: mnt/lsdi/ocm04824645/ocm04824645/Output/ocm04824645_0040.tif (deflated 3%)
  adding: mnt/lsdi/ocm04824645/ocm04824645/Output/ocm04824645_0041.tif (deflated 3%)
  adding: mnt/lsdi/ocm04824645/ocm04824645/Output/ocm04824645_0042.tif (deflated 3%)
  adding: mnt/lsdi/ocm04824645/ocm04824645/Output/ocm04824645_0043.tif (deflated 3%)
  adding: mnt/lsdi/ocm04824645/ocm04824645/Output/ocm04824645_0044.tif (deflated 3%)
  adding: mnt/lsdi/ocm04824645/ocm04824645/Output/ocm04824645_0045.tif (deflated 3%)
  adding: mnt/lsdi/ocm04824645/ocm04824645/Output/ocm04824645_0046.tif (deflated 4%)
  adding: mnt/lsdi/ocm04824645/ocm04824645/Output/ocm04824645_0047.tif (deflated 3%)
  adding: mnt/lsdi/ocm04824645/ocm04824645/Output/ocm04824645_0048.tif (deflated 3%)
  adding: mnt/lsdi/ocm04824645/ocm04824645/Output/ocm04824645_0049.tif (deflated 3%)
  adding: mnt/lsdi/ocm04824645/ocm04824645/Output/ocm04824645_0050.tif (deflated 3%)
  adding: mnt/lsdi/ocm04824645/ocm04824645/Output/ocm04824645_0051.tif (deflated 3%)
  adding: mnt/lsdi/ocm04824645/ocm04824645/Output/ocm04824645_0052.tif (deflated 3%)
  adding: mnt/lsdi/ocm04824645/ocm04824645/Output/ocm04824645_0053.tif (deflated 3%)
  adding: mnt/lsdi/ocm04824645/ocm04824645/Output/ocm04824645_0054.tif (deflated 3%)
  adding: mnt/lsdi/ocm04824645/ocm04824645/Output/ocm04824645_0055.tif (deflated 3%)
  adding: mnt/lsdi/ocm04824645/ocm04824645/Output/ocm04824645_0056.tif (deflated 3%)
  adding: mnt/lsdi/ocm04824645/ocm04824645/Output/ocm04824645_0057.tif (deflated 3%)
  adding: mnt/lsdi/ocm04824645/ocm04824645/Output/ocm04824645_0058.tif (deflated 3%)
  adding: mnt/lsdi/ocm04824645/ocm04824645/Output/ocm04824645_0059.tif (deflated 3%)
  adding: mnt/lsdi/ocm04824645/ocm04824645/Output/ocm04824645_0060.tif (deflated 3%)
  adding: mnt/lsdi/ocm04824645/ocm04824645/Output/ocm04824645_0061.tif (deflated 3%)
  adding: mnt/lsdi/ocm04824645/ocm04824645/Output/ocm04824645_0062.tif (deflated 3%)
  adding: mnt/lsdi/ocm04824645/ocm04824645/Output/ocm04824645_0063.tif (deflated 3%)
  adding: mnt/lsdi/ocm04824645/ocm04824645/Output/ocm04824645_0064.tif (deflated 3%)
  adding: mnt/lsdi/ocm04824645/ocm04824645/Output/ocm04824645_0065.tif (deflated 3%)
  adding: mnt/lsdi/ocm04824645/ocm04824645/Output/ocm04824645_0066.tif (deflated 4%)
  adding: mnt/lsdi/ocm04824645/ocm04824645/Output/ocm04824645_0067.tif (deflated 3%)
  adding: mnt/lsdi/ocm04824645/ocm04824645/Output/ocm04824645_0068.tif (deflated 3%)
  adding: mnt/lsdi/ocm04824645/ocm04824645/Output/ocm04824645_0069.tif (deflated 3%)
  adding: mnt/lsdi/ocm04824645/ocm04824645/Output/ocm04824645_0070.tif (deflated 3%)
  adding: mnt/lsdi/ocm04824645/ocm04824645/Output/ocm04824645_0071.tif (deflated 3%)
  adding: mnt/lsdi/ocm04824645/ocm04824645/Output/ocm04824645_0072.tif (deflated 80%)
  adding: mnt/lsdi/ocm04824645/ocm04824645/Output/ocm04824645_0073.tif (deflated 4%)
  adding: mnt/lsdi/ocm04824645/ocm04824645/Output/ocm04824645_0074.tif (deflated 4%)
  adding: mnt/lsdi/ocm04824645/ocm04824645/Output/ocm04824645_0075.tif (deflated 4%)
  adding: mnt/lsdi/ocm04824645/ocm04824645/Output/ocm04824645_0076.tif (deflated 3%)
  adding: mnt/lsdi/ocm04824645/ocm04824645/Output/ocm04824645_0077.tif (deflated 3%)
  adding: mnt/lsdi/ocm04824645/ocm04824645/Output/ocm04824645_0078.tif (deflated 3%)
  adding: mnt/lsdi/ocm04824645/ocm04824645/Output/ocm04824645_0079.tif (deflated 4%)
  adding: mnt/lsdi/ocm04824645/ocm04824645/Output/ocm04824645_0080.tif (deflated 3%)
  adding: mnt/lsdi/ocm04824645/ocm04824645/Output/ocm04824645_0081.tif (deflated 3%)
  adding: mnt/lsdi/ocm04824645/ocm04824645/Output/ocm04824645_0082.tif (deflated 3%)
  adding: mnt/lsdi/ocm04824645/ocm04824645/Output/ocm04824645_0083.tif (deflated 3%)
  adding: mnt/lsdi/ocm04824645/ocm04824645/Output/ocm04824645_0084.tif (deflated 3%)
  adding: mnt/lsdi/ocm04824645/ocm04824645/Output/ocm04824645_0085.tif (deflated 4%)
  adding: mnt/lsdi/ocm04824645/ocm04824645/Output/ocm04824645_0086.tif (deflated 3%)
  adding: mnt/lsdi/ocm04824645/ocm04824645/Output/ocm04824645_0087.tif (deflated 3%)
  adding: mnt/lsdi/ocm04824645/ocm04824645/Output/ocm04824645_0088.tif (deflated 3%)
  adding: mnt/lsdi/ocm04824645/ocm04824645/Output/ocm04824645_0089.tif (deflated 4%)
  adding: mnt/lsdi/ocm04824645/ocm04824645/Output/ocm04824645_0090.tif (deflated 6%)
  adding: mnt/lsdi/ocm04824645/ocm04824645/Output/ocm04824645_0091.tif (deflated 4%)
  adding: mnt/lsdi/ocm04824645/ocm04824645/Output/ocm04824645_0092.tif (deflated 5%)
  adding: mnt/lsdi/ocm04824645/ocm04824645/Output/ocm04824645_0093.tif (deflated 80%)
  adding: mnt/lsdi/ocm04824645/ocm04824645/Output/ocm04824645_0094.tif (deflated 3%)
  adding: mnt/lsdi/ocm04824645/ocm04824645/Output/ocm04824645_0095.tif (deflated 3%)
  adding: mnt/lsdi/ocm04824645/ocm04824645/Output/ocm04824645_0096.tif (deflated 3%)
  adding: mnt/lsdi/ocm04824645/ocm04824645/Output/ocm04824645_0097.tif (deflated 3%)
  adding: mnt/lsdi/ocm04824645/ocm04824645/Output/ocm04824645_0098.tif (deflated 3%)
  adding: mnt/lsdi/ocm04824645/ocm04824645/Output/ocm04824645_0099.tif (deflated 4%)
  adding: mnt/lsdi/ocm04824645/ocm04824645/Output/ocm04824645_0100.tif (deflated 3%)
  adding: mnt/lsdi/ocm04824645/ocm04824645/Output/ocm04824645_0101.tif (deflated 3%)
  adding: mnt/lsdi/ocm04824645/ocm04824645/Output/ocm04824645_0102.tif (deflated 3%)
  adding: mnt/lsdi/ocm04824645/ocm04824645/Output/ocm04824645_0103.tif (deflated 3%)
  adding: mnt/lsdi/ocm04824645/ocm04824645/Output/ocm04824645_0104.tif (deflated 3%)
  adding: mnt/lsdi/ocm04824645/ocm04824645/Output/ocm04824645_0105.tif (deflated 4%)
  adding: mnt/lsdi/ocm04824645/ocm04824645/Output/ocm04824645_0106.tif (deflated 3%)
  adding: mnt/lsdi/ocm04824645/ocm04824645/Output/ocm04824645_0107.tif (deflated 3%)
  adding: mnt/lsdi/ocm04824645/ocm04824645/Output/ocm04824645_0108.tif (deflated 3%)
  adding: mnt/lsdi/ocm04824645/ocm04824645/Output/ocm04824645_0109.tif (deflated 3%)
  adding: mnt/lsdi/ocm04824645/ocm04824645/Output/ocm04824645_0110.tif (deflated 3%)
  adding: mnt/lsdi/ocm04824645/ocm04824645/Output/ocm04824645_0111.tif (deflated 4%)
  adding: mnt/lsdi/ocm04824645/ocm04824645/Output/ocm04824645_0112.tif (deflated 5%)
  adding: mnt/lsdi/ocm04824645/ocm04824645/Output/ocm04824645_0113.tif (deflated 3%)
  adding: mnt/lsdi/ocm04824645/ocm04824645/Output/ocm04824645_0114.tif (deflated 4%)
  adding: mnt/lsdi/ocm04824645/ocm04824645/Output/ocm04824645_0115.tif (deflated 80%)
  adding: mnt/lsdi/ocm04824645/ocm04824645/Output/ocm04824645_0116.tif (deflated 3%)
  adding: mnt/lsdi/ocm04824645/ocm04824645/Output/ocm04824645_0117.tif (deflated 3%)
  adding: mnt/lsdi/ocm04824645/ocm04824645/Output/ocm04824645_0118.tif (deflated 3%)
  adding: mnt/lsdi/ocm04824645/ocm04824645/Output/ocm04824645_0119.tif (deflated 3%)
  adding: mnt/lsdi/ocm04824645/ocm04824645/Output/ocm04824645_0120.tif (deflated 3%)
  adding: mnt/lsdi/ocm04824645/ocm04824645/Output/ocm04824645_0121.tif (deflated 3%)
  adding: mnt/lsdi/ocm04824645/ocm04824645/Output/ocm04824645_0122.tif (deflated 3%)
  adding: mnt/lsdi/ocm04824645/ocm04824645/Output/ocm04824645_0123.tif (deflated 3%)
  adding: mnt/lsdi/ocm04824645/ocm04824645/Output/ocm04824645_0124.tif (deflated 3%)
  adding: mnt/lsdi/ocm04824645/ocm04824645/Output/ocm04824645_0125.tif (deflated 3%)
  adding: mnt/lsdi/ocm04824645/ocm04824645/Output/ocm04824645_0126.tif (deflated 3%)
  adding: mnt/lsdi/ocm04824645/ocm04824645/Output/ocm04824645_0127.tif (deflated 3%)
  adding: mnt/lsdi/ocm04824645/ocm04824645/Output/ocm04824645_0128.tif (deflated 3%)
  adding: mnt/lsdi/ocm04824645/ocm04824645/Output/ocm04824645_0129.tif (deflated 3%)
  adding: mnt/lsdi/ocm04824645/ocm04824645/Output/ocm04824645_0130.tif (deflated 3%)
  adding: mnt/lsdi/ocm04824645/ocm04824645/Output/ocm04824645_0131.tif (deflated 3%)
  adding: mnt/lsdi/ocm04824645/ocm04824645/Output/ocm04824645_0132.tif (deflated 3%)
  adding: mnt/lsdi/ocm04824645/ocm04824645/Output/ocm04824645_0133.tif (deflated 4%)
  adding: mnt/lsdi/ocm04824645/ocm04824645/Output/ocm04824645_0134.tif (deflated 3%)
  adding: mnt/lsdi/ocm04824645/ocm04824645/Output/ocm04824645_0135.tif (deflated 3%)
  adding: mnt/lsdi/ocm04824645/ocm04824645/Output/ocm04824645_0136.tif (deflated 3%)
  adding: mnt/lsdi/ocm04824645/ocm04824645/Output/ocm04824645_0137.tif (deflated 3%)
  adding: mnt/lsdi/ocm04824645/ocm04824645/Output/ocm04824645_0138.tif (deflated 4%)
  adding: mnt/lsdi/ocm04824645/ocm04824645/Output/ocm04824645_0139.tif (deflated 3%)
  adding: mnt/lsdi/ocm04824645/ocm04824645/Output/ocm04824645_0140.tif (deflated 3%)
  adding: mnt/lsdi/ocm04824645/ocm04824645/Output/ocm04824645_0141.tif (deflated 3%)
  adding: mnt/lsdi/ocm04824645/ocm04824645/Output/ocm04824645_0142.tif (deflated 4%)
  adding: mnt/lsdi/ocm04824645/ocm04824645/Output/ocm04824645_0143.tif (deflated 3%)
  adding: mnt/lsdi/ocm04824645/ocm04824645/Output/ocm04824645_0144.tif (deflated 3%)
  adding: mnt/lsdi/ocm04824645/ocm04824645/Output/ocm04824645_0145.tif (deflated 3%)
  adding: mnt/lsdi/ocm04824645/ocm04824645/Output/ocm04824645_0146.tif (deflated 5%)
  adding: mnt/lsdi/ocm04824645/ocm04824645/Output/ocm04824645_0147.tif (deflated 80%)
  adding: mnt/lsdi/ocm04824645/ocm04824645/Output/ocm04824645_0148.tif (deflated 3%)
  adding: mnt/lsdi/ocm04824645/ocm04824645/Output/ocm04824645_0149.tif (deflated 3%)
  adding: mnt/lsdi/ocm04824645/ocm04824645/Output/ocm04824645_0150.tif (deflated 3%)
  adding: mnt/lsdi/ocm04824645/ocm04824645/Output/ocm04824645_0151.tif (deflated 3%)
  adding: mnt/lsdi/ocm04824645/ocm04824645/Output/ocm04824645_0152.tif (deflated 3%)
  adding: mnt/lsdi/ocm04824645/ocm04824645/Output/ocm04824645_0153.tif (deflated 3%)
  adding: mnt/lsdi/ocm04824645/ocm04824645/Output/ocm04824645_0154.tif (deflated 3%)
  adding: mnt/lsdi/ocm04824645/ocm04824645/Output/ocm04824645_0155.tif (deflated 3%)
  adding: mnt/lsdi/ocm04824645/ocm04824645/Output/ocm04824645_0156.tif (deflated 4%)
  adding: mnt/lsdi/ocm04824645/ocm04824645/Output/ocm04824645_0157.tif (deflated 3%)
  adding: mnt/lsdi/ocm04824645/ocm04824645/Output/ocm04824645_0158.tif (deflated 3%)
  adding: mnt/lsdi/ocm04824645/ocm04824645/Output/ocm04824645_0159.tif (deflated 4%)
  adding: mnt/lsdi/ocm04824645/ocm04824645/Output/ocm04824645_0160.tif (deflated 3%)
  adding: mnt/lsdi/ocm04824645/ocm04824645/Output/ocm04824645_0161.tif (deflated 3%)
  adding: mnt/lsdi/ocm04824645/ocm04824645/Output/ocm04824645_0162.tif (deflated 3%)
  adding: mnt/lsdi/ocm04824645/ocm04824645/Output/ocm04824645_0163.tif (deflated 3%)
  adding: mnt/lsdi/ocm04824645/ocm04824645/Output/ocm04824645_0164.tif (deflated 3%)
  adding: mnt/lsdi/ocm04824645/ocm04824645/Output/ocm04824645_0165.tif (deflated 3%)
  adding: mnt/lsdi/ocm04824645/ocm04824645/Output/ocm04824645_0166.tif (deflated 3%)
  adding: mnt/lsdi/ocm04824645/ocm04824645/Output/ocm04824645_0167.tif (deflated 4%)
  adding: mnt/lsdi/ocm04824645/ocm04824645/Output/ocm04824645_0168.tif (deflated 80%)
  adding: mnt/lsdi/ocm04824645/ocm04824645/Output/ocm04824645_0169.tif (deflated 4%)
  adding: mnt/lsdi/ocm04824645/ocm04824645/Output/ocm04824645_0170.tif (deflated 4%)
  adding: mnt/lsdi/ocm04824645/ocm04824645/Output/ocm04824645_0171.tif (deflated 3%)
  adding: mnt/lsdi/ocm04824645/ocm04824645/Output/ocm04824645_0172.tif (deflated 3%)
  adding: mnt/lsdi/ocm04824645/ocm04824645/Output/ocm04824645_0173.tif (deflated 4%)
  adding: mnt/lsdi/ocm04824645/ocm04824645/Output/ocm04824645_0174.tif (deflated 3%)
  adding: mnt/lsdi/ocm04824645/ocm04824645/Output/ocm04824645_0175.tif (deflated 3%)
  adding: mnt/lsdi/ocm04824645/ocm04824645/Output/ocm04824645_0176.tif (deflated 3%)
  adding: mnt/lsdi/ocm04824645/ocm04824645/Output/ocm04824645_0177.tif (deflated 3%)
  adding: mnt/lsdi/ocm04824645/ocm04824645/Output/ocm04824645_0178.tif (deflated 3%)
  adding: mnt/lsdi/ocm04824645/ocm04824645/Output/ocm04824645_0179.tif (deflated 3%)
  adding: mnt/lsdi/ocm04824645/ocm04824645/Output/ocm04824645_0180.tif (deflated 3%)
  adding: mnt/lsdi/ocm04824645/ocm04824645/Output/ocm04824645_0181.tif (deflated 3%)
  adding: mnt/lsdi/ocm04824645/ocm04824645/Output/ocm04824645_0182.tif (deflated 4%)
  adding: mnt/lsdi/ocm04824645/ocm04824645/Output/ocm04824645_0183.tif (deflated 3%)
  adding: mnt/lsdi/ocm04824645/ocm04824645/Output/ocm04824645_0184.tif (deflated 4%)
  adding: mnt/lsdi/ocm04824645/ocm04824645/Output/ocm04824645_0185.tif (deflated 3%)
  adding: mnt/lsdi/ocm04824645/ocm04824645/Output/ocm04824645_0186.tif (deflated 4%)
  adding: mnt/lsdi/ocm04824645/ocm04824645/Output/ocm04824645_0187.tif (deflated 3%)
  adding: mnt/lsdi/ocm04824645/ocm04824645/Output/ocm04824645_0188.tif (deflated 3%)
  adding: mnt/lsdi/ocm04824645/ocm04824645/Output/ocm04824645_0189.tif (deflated 3%)
  adding: mnt/lsdi/ocm04824645/ocm04824645/Output/ocm04824645_0190.tif (deflated 4%)
  adding: mnt/lsdi/ocm04824645/ocm04824645/Output/ocm04824645_0191.tif (deflated 3%)
  adding: mnt/lsdi/ocm04824645/ocm04824645/Output/ocm04824645_0192.tif (deflated 3%)
  adding: mnt/lsdi/ocm04824645/ocm04824645/Output/ocm04824645_0193.tif (deflated 3%)
  adding: mnt/lsdi/ocm04824645/ocm04824645/Output/ocm04824645_0194.tif (deflated 4%)
  adding: mnt/lsdi/ocm04824645/ocm04824645/Output/ocm04824645_0195.tif (deflated 3%)
  adding: mnt/lsdi/ocm04824645/ocm04824645/Output/ocm04824645_0196.tif (deflated 6%)
  adding: mnt/lsdi/ocm04824645/ocm04824645/Output/ocm04824645_0197.tif (deflated 4%)
  adding: mnt/lsdi/ocm04824645/ocm04824645/Output/ocm04824645_0198.tif (deflated 4%)
  adding: mnt/lsdi/ocm04824645/ocm04824645/Output/ocm04824645_0199.tif (deflated 80%)
  adding: mnt/lsdi/ocm04824645/ocm04824645/Output/ocm04824645_0200.tif (deflated 4%)
  adding: mnt/lsdi/ocm04824645/ocm04824645/Output/ocm04824645_0201.tif (deflated 3%)
  adding: mnt/lsdi/ocm04824645/ocm04824645/Output/ocm04824645_0202.tif (deflated 4%)
  adding: mnt/lsdi/ocm04824645/ocm04824645/Output/ocm04824645_0203.tif (deflated 3%)
  adding: mnt/lsdi/ocm04824645/ocm04824645/Output/ocm04824645_0204.tif (deflated 4%)
  adding: mnt/lsdi/ocm04824645/ocm04824645/Output/ocm04824645_0205.tif (deflated 3%)
  adding: mnt/lsdi/ocm04824645/ocm04824645/Output/ocm04824645_0206.tif (deflated 4%)
  adding: mnt/lsdi/ocm04824645/ocm04824645/Output/ocm04824645_0207.tif (deflated 3%)
  adding: mnt/lsdi/ocm04824645/ocm04824645/Output/ocm04824645_0208.tif (deflated 4%)
  adding: mnt/lsdi/ocm04824645/ocm04824645/Output/ocm04824645_0209.tif (deflated 3%)
  adding: mnt/lsdi/ocm04824645/ocm04824645/Output/ocm04824645_0210.tif (deflated 4%)
  adding: mnt/lsdi/ocm04824645/ocm04824645/Output/ocm04824645_0211.tif (deflated 3%)
  adding: mnt/lsdi/ocm04824645/ocm04824645/Output/ocm04824645_0212.tif (deflated 4%)
  adding: mnt/lsdi/ocm04824645/ocm04824645/Output/ocm04824645_0213.tif (deflated 4%)
  adding: mnt/lsdi/ocm04824645/ocm04824645/Output/ocm04824645_0214.tif (deflated 3%)
  adding: mnt/lsdi/ocm04824645/ocm04824645/Output/ocm04824645_0215.tif (deflated 3%)
  adding: mnt/lsdi/ocm04824645/ocm04824645/Output/ocm04824645_0216.tif (deflated 3%)
  adding: mnt/lsdi/ocm04824645/ocm04824645/Output/ocm04824645_0217.tif (deflated 4%)
  adding: mnt/lsdi/ocm04824645/ocm04824645/Output/ocm04824645_0218.tif (deflated 3%)
  adding: mnt/lsdi/ocm04824645/ocm04824645/Output/ocm04824645_0219.tif (deflated 3%)
  adding: mnt/lsdi/ocm04824645/ocm04824645/Output/ocm04824645_0220.tif (deflated 4%)
  adding: mnt/lsdi/ocm04824645/ocm04824645/Output/ocm04824645_0221.tif (deflated 3%)
  adding: mnt/lsdi/ocm04824645/ocm04824645/Output/ocm04824645_0222.tif (deflated 4%)
  adding: mnt/lsdi/ocm04824645/ocm04824645/Output/ocm04824645_0223.tif (deflated 4%)
  adding: mnt/lsdi/ocm04824645/ocm04824645/Output/ocm04824645_0224.tif (deflated 3%)
  adding: mnt/lsdi/ocm04824645/ocm04824645/Output/ocm04824645_0225.tif (deflated 3%)
  adding: mnt/lsdi/ocm04824645/ocm04824645/Output/ocm04824645_0226.tif (deflated 3%)
  adding: mnt/lsdi/ocm04824645/ocm04824645/Output/ocm04824645_0227.tif (deflated 3%)
  adding: mnt/lsdi/ocm04824645/ocm04824645/Output/ocm04824645_0228.tif (deflated 4%)
  adding: mnt/lsdi/ocm04824645/ocm04824645/Output/ocm04824645_0229.tif (deflated 3%)
  adding: mnt/lsdi/ocm04824645/ocm04824645/Output/ocm04824645_0230.tif (deflated 4%)
  adding: mnt/lsdi/ocm04824645/ocm04824645/Output/ocm04824645_0231.tif (deflated 3%)
  adding: mnt/lsdi/ocm04824645/ocm04824645/Output/ocm04824645_0232.tif (deflated 4%)
  adding: mnt/lsdi/ocm04824645/ocm04824645/Output/ocm04824645_0233.tif (deflated 3%)
  adding: mnt/lsdi/ocm04824645/ocm04824645/Output/ocm04824645_0234.tif (deflated 4%)
  adding: mnt/lsdi/ocm04824645/ocm04824645/Output/ocm04824645_0235.tif (deflated 3%)
  adding: mnt/lsdi/ocm04824645/ocm04824645/Output/ocm04824645_0236.tif (deflated 4%)
  adding: mnt/lsdi/ocm04824645/ocm04824645/Output/ocm04824645_0237.tif (deflated 3%)
  adding: mnt/lsdi/ocm04824645/ocm04824645/Output/ocm04824645_0238.tif (deflated 4%)
  adding: mnt/lsdi/ocm04824645/ocm04824645/Output/ocm04824645_0239.tif (deflated 3%)
  adding: mnt/lsdi/ocm04824645/ocm04824645/Output/ocm04824645_0240.tif (deflated 4%)
  adding: mnt/lsdi/ocm04824645/ocm04824645/Output/ocm04824645_0241.tif (deflated 3%)
  adding: mnt/lsdi/ocm04824645/ocm04824645/Output/ocm04824645_0242.tif (deflated 4%)
  adding: mnt/lsdi/ocm04824645/ocm04824645/Output/ocm04824645_0243.tif (deflated 3%)
  adding: mnt/lsdi/ocm04824645/ocm04824645/Output/ocm04824645_0244.tif (deflated 4%)
  adding: mnt/lsdi/ocm04824645/ocm04824645/Output/ocm04824645_0245.tif (deflated 3%)
  adding: mnt/lsdi/ocm04824645/ocm04824645/Output/ocm04824645_0246.tif (deflated 4%)
  adding: mnt/lsdi/ocm04824645/ocm04824645/Output/ocm04824645_0247.tif (deflated 3%)
  adding: mnt/lsdi/ocm04824645/ocm04824645/Output/ocm04824645_0248.tif (deflated 4%)
  adding: mnt/lsdi/ocm04824645/ocm04824645/Output/ocm04824645_0249.tif (deflated 3%)
  adding: mnt/lsdi/ocm04824645/ocm04824645/Output/ocm04824645_0250.tif (deflated 4%)
  adding: mnt/lsdi/ocm04824645/ocm04824645/Output/ocm04824645_0251.tif (deflated 3%)
  adding: mnt/lsdi/ocm04824645/ocm04824645/Output/ocm04824645_0252.tif (deflated 4%)
  adding: mnt/lsdi/ocm04824645/ocm04824645/Output/ocm04824645_0253.tif (deflated 6%)
  adding: mnt/lsdi/ocm04824645/ocm04824645/Output/ocm04824645_0254.tif (deflated 80%)
  adding: mnt/lsdi/ocm04824645/ocm04824645/Output/ocm04824645_0255.tif (deflated 3%)
  adding: mnt/lsdi/ocm04824645/ocm04824645/Output/ocm04824645_0256.tif (deflated 4%)
  adding: mnt/lsdi/ocm04824645/ocm04824645/Output/ocm04824645_0257.tif (deflated 3%)
  adding: mnt/lsdi/ocm04824645/ocm04824645/Output/ocm04824645_0258.tif (deflated 4%)
  adding: mnt/lsdi/ocm04824645/ocm04824645/Output/ocm04824645_0259.tif (deflated 3%)
  adding: mnt/lsdi/ocm04824645/ocm04824645/Output/ocm04824645_0260.tif (deflated 4%)
  adding: mnt/lsdi/ocm04824645/ocm04824645/Output/ocm04824645_0261.tif (deflated 3%)
  adding: mnt/lsdi/ocm04824645/ocm04824645/Output/ocm04824645_0262.tif (deflated 4%)
  adding: mnt/lsdi/ocm04824645/ocm04824645/Output/ocm04824645_0263.tif (deflated 3%)
  adding: mnt/lsdi/ocm04824645/ocm04824645/Output/ocm04824645_0264.tif (deflated 3%)
  adding: mnt/lsdi/ocm04824645/ocm04824645/Output/ocm04824645_0265.tif (deflated 3%)
  adding: mnt/lsdi/ocm04824645/ocm04824645/Output/ocm04824645_0266.tif (deflated 4%)
  adding: mnt/lsdi/ocm04824645/ocm04824645/Output/ocm04824645_0267.tif (deflated 3%)
  adding: mnt/lsdi/ocm04824645/ocm04824645/Output/ocm04824645_0268.tif (deflated 4%)
  adding: mnt/lsdi/ocm04824645/ocm04824645/Output/ocm04824645_0269.tif (deflated 3%)
  adding: mnt/lsdi/ocm04824645/ocm04824645/Output/ocm04824645_0270.tif (deflated 3%)
  adding: mnt/lsdi/ocm04824645/ocm04824645/Output/ocm04824645_0271.tif (deflated 3%)
  adding: mnt/lsdi/ocm04824645/ocm04824645/Output/ocm04824645_0272.tif (deflated 4%)
  adding: mnt/lsdi/ocm04824645/ocm04824645/Output/ocm04824645_0273.tif (deflated 3%)
  adding: mnt/lsdi/ocm04824645/ocm04824645/Output/ocm04824645_0274.tif (deflated 5%)
  adding: mnt/lsdi/ocm04824645/ocm04824645/Output/ocm04824645_0275.tif (deflated 4%)
  adding: mnt/lsdi/ocm04824645/ocm04824645/Output/ocm04824645_0276.tif (deflated 4%)
  adding: mnt/lsdi/ocm04824645/ocm04824645/Output/ocm04824645_0277.tif (deflated 3%)
  adding: mnt/lsdi/ocm04824645/ocm04824645/Output/ocm04824645_0278.tif (deflated 4%)
  adding: mnt/lsdi/ocm04824645/ocm04824645/Output/ocm04824645_0279.tif (deflated 3%)
  adding: mnt/lsdi/ocm04824645/ocm04824645/Output/ocm04824645_0280.tif (deflated 4%)
  adding: mnt/lsdi/ocm04824645/ocm04824645/Output/ocm04824645_0281.tif (deflated 3%)
  adding: mnt/lsdi/ocm04824645/ocm04824645/Output/ocm04824645_0282.tif (deflated 4%)
  adding: mnt/lsdi/ocm04824645/ocm04824645/Output/ocm04824645_0283.tif (deflated 3%)
  adding: mnt/lsdi/ocm04824645/ocm04824645/Output/ocm04824645_0284.tif (deflated 4%)
  adding: mnt/lsdi/ocm04824645/ocm04824645/Output/ocm04824645_0285.tif (deflated 3%)
  adding: mnt/lsdi/ocm04824645/ocm04824645/Output/ocm04824645_0286.tif (deflated 3%)
  adding: mnt/lsdi/ocm04824645/ocm04824645/Output/ocm04824645_0287.tif (deflated 3%)
  adding: mnt/lsdi/ocm04824645/ocm04824645/Output/ocm04824645_0288.tif (deflated 4%)
  adding: mnt/lsdi/ocm04824645/ocm04824645/Output/ocm04824645_0289.tif (deflated 3%)
  adding: mnt/lsdi/ocm04824645/ocm04824645/Output/ocm04824645_0290.tif (deflated 4%)
  adding: mnt/lsdi/ocm04824645/ocm04824645/Output/ocm04824645_0291.tif (deflated 3%)
  adding: mnt/lsdi/ocm04824645/ocm04824645/Output/ocm04824645_0292.tif (deflated 4%)
  adding: mnt/lsdi/ocm04824645/ocm04824645/Output/ocm04824645_0293.tif (deflated 3%)
  adding: mnt/lsdi/ocm04824645/ocm04824645/Output/ocm04824645_0294.tif (deflated 4%)
  adding: mnt/lsdi/ocm04824645/ocm04824645/Output/ocm04824645_0295.tif (deflated 3%)
  adding: mnt/lsdi/ocm04824645/ocm04824645/Output/ocm04824645_0296.tif (deflated 4%)
  adding: mnt/lsdi/ocm04824645/ocm04824645/Output/ocm04824645_0297.tif (deflated 3%)
  adding: mnt/lsdi/ocm04824645/ocm04824645/Output/ocm04824645_0298.tif (deflated 4%)
  adding: mnt/lsdi/ocm04824645/ocm04824645/Output/ocm04824645_0299.tif (deflated 80%)
  adding: mnt/lsdi/ocm04824645/ocm04824645/Output/ocm04824645_0300.tif (deflated 4%)
  adding: mnt/lsdi/ocm04824645/ocm04824645/Output/ocm04824645_0301.tif (deflated 3%)
  adding: mnt/lsdi/ocm04824645/ocm04824645/Output/ocm04824645_0302.tif (deflated 4%)
  adding: mnt/lsdi/ocm04824645/ocm04824645/Output/ocm04824645_0303.tif (deflated 3%)
  adding: mnt/lsdi/ocm04824645/ocm04824645/Output/ocm04824645_0304.tif (deflated 4%)
  adding: mnt/lsdi/ocm04824645/ocm04824645/Output/ocm04824645_0305.tif (deflated 3%)
  adding: mnt/lsdi/ocm04824645/ocm04824645/Output/ocm04824645_0306.tif (deflated 4%)
  adding: mnt/lsdi/ocm04824645/ocm04824645/Output/ocm04824645_0307.tif (deflated 3%)
  adding: mnt/lsdi/ocm04824645/ocm04824645/Output/ocm04824645_0308.tif (deflated 4%)
  adding: mnt/lsdi/ocm04824645/ocm04824645/Output/ocm04824645_0309.tif (deflated 3%)
  adding: mnt/lsdi/ocm04824645/ocm04824645/Output/ocm04824645_0310.tif (deflated 4%)
  adding: mnt/lsdi/ocm04824645/ocm04824645/Output/ocm04824645_0311.tif (deflated 3%)
  adding: mnt/lsdi/ocm04824645/ocm04824645/Output/ocm04824645_0312.tif (deflated 4%)
  adding: mnt/lsdi/ocm04824645/ocm04824645/Output/ocm04824645_0313.tif (deflated 3%)
  adding: mnt/lsdi/ocm04824645/ocm04824645/Output/ocm04824645_0314.tif (deflated 3%)
  adding: mnt/lsdi/ocm04824645/ocm04824645/Output/ocm04824645_0315.tif (deflated 3%)
  adding: mnt/lsdi/ocm04824645/ocm04824645/Output/ocm04824645_0316.tif (deflated 3%)
  adding: mnt/lsdi/ocm04824645/ocm04824645/Output/ocm04824645_0317.tif (deflated 3%)
  adding: mnt/lsdi/ocm04824645/ocm04824645/Output/ocm04824645_0318.tif (deflated 3%)
  adding: mnt/lsdi/ocm04824645/ocm04824645/Output/ocm04824645_0319.tif (deflated 3%)
  adding: mnt/lsdi/ocm04824645/ocm04824645/Output/ocm04824645_0320.tif (deflated 3%)
  adding: mnt/lsdi/ocm04824645/ocm04824645/Output/ocm04824645_0321.tif (deflated 3%)
  adding: mnt/lsdi/ocm04824645/ocm04824645/Output/ocm04824645_0322.tif (deflated 3%)
  adding: mnt/lsdi/ocm04824645/ocm04824645/Output/ocm04824645_0323.tif (deflated 3%)
  adding: mnt/lsdi/ocm04824645/ocm04824645/Output/ocm04824645_0324.tif (deflated 3%)
  adding: mnt/lsdi/ocm04824645/ocm04824645/Output/ocm04824645_0325.tif (deflated 3%)
  adding: mnt/lsdi/ocm04824645/ocm04824645/Output/ocm04824645_0326.tif (deflated 3%)
  adding: mnt/lsdi/ocm04824645/ocm04824645/Output/ocm04824645_0327.tif (deflated 4%)
  adding: mnt/lsdi/ocm04824645/ocm04824645/Output/ocm04824645_0328.tif (deflated 3%)
  adding: mnt/lsdi/ocm04824645/ocm04824645/Output/ocm04824645_0329.tif (deflated 4%)
  adding: mnt/lsdi/ocm04824645/ocm04824645/Output/ocm04824645_0330.tif (deflated 3%)
  adding: mnt/lsdi/ocm04824645/ocm04824645/Output/ocm04824645_0331.tif (deflated 6%)
  adding: mnt/lsdi/ocm04824645/ocm04824645/Output/ocm04824645_0332.tif (deflated 80%)
  adding: mnt/lsdi/ocm04824645/ocm04824645/Output/ocm04824645_0333.tif (deflated 3%)
  adding: mnt/lsdi/ocm04824645/ocm04824645/Output/ocm04824645_0334.tif (deflated 3%)
  adding: mnt/lsdi/ocm04824645/ocm04824645/Output/ocm04824645_0335.tif (deflated 4%)
  adding: mnt/lsdi/ocm04824645/ocm04824645/Output/ocm04824645_0336.tif (deflated 3%)
  adding: mnt/lsdi/ocm04824645/ocm04824645/Output/ocm04824645_0337.tif (deflated 3%)
  adding: mnt/lsdi/ocm04824645/ocm04824645/Output/ocm04824645_0338.tif (deflated 3%)
  adding: mnt/lsdi/ocm04824645/ocm04824645/Output/ocm04824645_0339.tif (deflated 4%)
  adding: mnt/lsdi/ocm04824645/ocm04824645/Output/ocm04824645_0340.tif (deflated 3%)
  adding: mnt/lsdi/ocm04824645/ocm04824645/Output/ocm04824645_0341.tif (deflated 3%)
  adding: mnt/lsdi/ocm04824645/ocm04824645/Output/ocm04824645_0342.tif (deflated 3%)
  adding: mnt/lsdi/ocm04824645/ocm04824645/Output/ocm04824645_0343.tif (deflated 4%)
  adding: mnt/lsdi/ocm04824645/ocm04824645/Output/ocm04824645_0344.tif (deflated 3%)
  adding: mnt/lsdi/ocm04824645/ocm04824645/Output/ocm04824645_0345.tif (deflated 3%)
  adding: mnt/lsdi/ocm04824645/ocm04824645/Output/ocm04824645_0346.tif (deflated 3%)
  adding: mnt/lsdi/ocm04824645/ocm04824645/Output/ocm04824645_0347.tif (deflated 3%)
  adding: mnt/lsdi/ocm04824645/ocm04824645/Output/ocm04824645_0348.tif (deflated 80%)
curl --location --header authorization: LOW fpJYfLnxbLmCEHqU:JQbq6NgBaPrSh98Y --upload-file /temp/ocm04824645_images.zip http://s3.us.archive.org/04824645.emory.edu/04824645_images.zip
  % Total    % Received % Xferd  Average Speed   Time    Time     Time  Current
                                 Dload  Upload   Total   Spent    Left  Speed
  0     0    0     0    0     0      0      0 --:--:-- --:--:-- --:--:--     0  0 20.6M    0     0    0     0      0      0 --:--:-- --:--:-- --:--:--     0  1 20.6M    0     0    1  240k      0   174k  0:02:01  0:00:01  0:02:00  185k  4 20.6M    0     0    4  960k      0   411k  0:00:51  0:00:02  0:00:49  426k  8 20.6M    0     0    8 1712k      0   513k  0:00:41  0:00:03  0:00:38  526k 11 20.6M    0     0   11 2496k      0   574k  0:00:36  0:00:04  0:00:32  585k 15 20.6M    0     0   15 3216k      0   604k  0:00:34  0:00:05  0:00:29  743k 18 20.6M    0     0   18 3952k      0   625k  0:00:33  0:00:06  0:00:27  752k 22 20.6M    0     0   22 4672k      0   638k  0:00:33  0:00:07  0:00:26  745k 25 20.6M    0     0   25 5440k      0   653k  0:00:32  0:00:08  0:00:24  747k 29 20.6M    0     0   29 6176k      0   662k  0:00:31  0:00:09  0:00:22  739k 32 20.6M    0     0   32 6896k      0   668k  0:00:31  0:00:10  0:00:21  736k 36 20.6M    0     0   36 7600k      0   670k  0:00:31  0:00:11  0:00:20  727k 39 20.6M    0     0   39 8384k      0   678k  0:00:31  0:00:12  0:00:19  737k 43 20.6M    0     0   43 9136k      0   684k  0:00:30  0:00:13  0:00:17  736k 46 20.6M    0     0   46 9872k      0   689k  0:00:30  0:00:14  0:00:16  740k 50 20.6M    0     0   50 10.3M      0   693k  0:00:30  0:00:15  0:00:15  744k 53 20.6M    0     0   53 11.1M      0   695k  0:00:30  0:00:16  0:00:14  752k 57 20.6M    0     0   57 11.8M      0   700k  0:00:30  0:00:17  0:00:13  752k 60 20.6M    0     0   60 12.5M      0   699k  0:00:30  0:00:18  0:00:12  740k 64 20.6M    0     0   64 13.2M      0   704k  0:00:29  0:00:19  0:00:10  746k 68 20.6M    0     0   68 14.0M      0   706k  0:00:29  0:00:20  0:00:09  747k 71 20.6M    0     0   71 14.7M      0   709k  0:00:29  0:00:21  0:00:08  753k 75 20.6M    0     0   75 15.5M      0   710k  0:00:29  0:00:22  0:00:07  746k 78 20.6M    0     0   78 16.2M      0   712k  0:00:29  0:00:23  0:00:06  756k 82 20.6M    0     0   82 16.9M      0   714k  0:00:29  0:00:24  0:00:05  752k 86 20.6M    0     0   86 17.7M      0   716k  0:00:29  0:00:25  0:00:04  759k 89 20.6M    0     0   89 18.4M      0   717k  0:00:29  0:00:26  0:00:03  751k 92 20.6M    0     0   92 19.1M      0   717k  0:00:29  0:00:27  0:00:02  748k 96 20.6M    0     0   96 19.8M      0   718k  0:00:29  0:00:28  0:00:01  747k100 20.6M    0     0  100 20.6M      0   719k  0:00:29  0:00:29 --:--:--  747k100 20.6M    0     0  100 20.6M      0   695k  0:00:30  0:00:30 --:--:--  589k100 20.6M    0     0  100 20.6M      0   673k  0:00:31  0:00:31 --:--:--  444k100 20.6M    0     0  100 20.6M      0   652k  0:00:32  0:00:32 --:--:--  298k100 20.6M    0     0  100 20.6M      0   633k  0:00:33  0:00:33 --:--:--  148k100 20.6M    0     0  100 20.6M      0   627k  0:00:33  0:00:33 --:--:--     0
