04044413
curl --location --header x-amz-auto-make-bucket:1 --header x-archive-ignore-preexisting-bucket:1 --header x-archive-queue-derive:0 --header x-archive-meta-mediatype:texts --header x-archive-meta03-collection:emory --header x-archive-meta01-collection:americanmethodism --header x-archive-meta-sponsor:Emory University, Pitts Theology Library --header x-archive-meta-contributor:Emory University, Pitts Theology Library --header x-archive-meta-ppi:300 --header authorization: LOW fpJYfLnxbLmCEHqU:JQbq6NgBaPrSh98Y --upload-file /mnt/lsdi/ocm04044413/ocm04044413/ocm04044413_MRC.xml http://s3.us.archive.org/04044413.emory.edu/04044413.emory.edu_marc.xml
  % Total    % Received % Xferd  Average Speed   Time    Time     Time  Current
                                 Dload  Upload   Total   Spent    Left  Speed
  0     0    0     0    0     0      0      0 --:--:-- --:--:-- --:--:--     0  0  3867    0     0    0     0      0      0 --:--:--  0:00:01 --:--:--     0100  3867    0     0  100  3867      0   1581  0:00:02  0:00:02 --:--:--  1916100  3867    0     0  100  3867      0    937  0:00:04  0:00:04 --:--:--  1046100  3867    0     0  100  3867      0    754  0:00:05  0:00:05 --:--:--   823100  3867    0     0  100  3867      0    631  0:00:06  0:00:06 --:--:--   678100  3867    0     0  100  3867      0    542  0:00:07  0:00:07 --:--:--   678100  3867    0     0  100  3867      0    475  0:00:08  0:00:08 --:--:--     0100  3867    0     0  100  3867      0    423  0:00:09  0:00:09 --:--:--     0100  3867    0     0  100  3867      0    391  0:00:09  0:00:09 --:--:--     0100  3867    0     0  100  3867      0    391  0:00:09  0:00:09 --:--:--     0
zip -r /temp/ocm04044413_images.zip /mnt/lsdi/ocm04044413/ocm04044413/Output/0001.tif /mnt/lsdi/ocm04044413/ocm04044413/Output/0002.tif /mnt/lsdi/ocm04044413/ocm04044413/Output/0003.tif /mnt/lsdi/ocm04044413/ocm04044413/Output/0004.tif /mnt/lsdi/ocm04044413/ocm04044413/Output/0005.tif /mnt/lsdi/ocm04044413/ocm04044413/Output/0006.tif /mnt/lsdi/ocm04044413/ocm04044413/Output/0007.tif /mnt/lsdi/ocm04044413/ocm04044413/Output/0008.tif /mnt/lsdi/ocm04044413/ocm04044413/Output/0009.tif /mnt/lsdi/ocm04044413/ocm04044413/Output/0010.tif /mnt/lsdi/ocm04044413/ocm04044413/Output/0011.tif /mnt/lsdi/ocm04044413/ocm04044413/Output/0012.tif /mnt/lsdi/ocm04044413/ocm04044413/Output/0013.tif /mnt/lsdi/ocm04044413/ocm04044413/Output/0014.tif /mnt/lsdi/ocm04044413/ocm04044413/Output/0015.tif /mnt/lsdi/ocm04044413/ocm04044413/Output/0016.tif /mnt/lsdi/ocm04044413/ocm04044413/Output/0017.tif /mnt/lsdi/ocm04044413/ocm04044413/Output/0018.tif /mnt/lsdi/ocm04044413/ocm04044413/Output/0019.tif /mnt/lsdi/ocm04044413/ocm04044413/Output/0020.tif /mnt/lsdi/ocm04044413/ocm04044413/Output/0021.tif /mnt/lsdi/ocm04044413/ocm04044413/Output/0022.tif /mnt/lsdi/ocm04044413/ocm04044413/Output/0023.tif /mnt/lsdi/ocm04044413/ocm04044413/Output/0024.tif /mnt/lsdi/ocm04044413/ocm04044413/Output/0025.tif /mnt/lsdi/ocm04044413/ocm04044413/Output/0026.tif
  adding: mnt/lsdi/ocm04044413/ocm04044413/Output/0001.tif (deflated 83%)
  adding: mnt/lsdi/ocm04044413/ocm04044413/Output/0002.tif (deflated 13%)
  adding: mnt/lsdi/ocm04044413/ocm04044413/Output/0003.tif (deflated 3%)
  adding: mnt/lsdi/ocm04044413/ocm04044413/Output/0004.tif (deflated 3%)
  adding: mnt/lsdi/ocm04044413/ocm04044413/Output/0005.tif (deflated 4%)
  adding: mnt/lsdi/ocm04044413/ocm04044413/Output/0006.tif (deflated 4%)
  adding: mnt/lsdi/ocm04044413/ocm04044413/Output/0007.tif (deflated 4%)
  adding: mnt/lsdi/ocm04044413/ocm04044413/Output/0008.tif (deflated 5%)
  adding: mnt/lsdi/ocm04044413/ocm04044413/Output/0009.tif (deflated 4%)
  adding: mnt/lsdi/ocm04044413/ocm04044413/Output/0010.tif (deflated 4%)
  adding: mnt/lsdi/ocm04044413/ocm04044413/Output/0011.tif (deflated 4%)
  adding: mnt/lsdi/ocm04044413/ocm04044413/Output/0012.tif (deflated 4%)
  adding: mnt/lsdi/ocm04044413/ocm04044413/Output/0013.tif (deflated 4%)
  adding: mnt/lsdi/ocm04044413/ocm04044413/Output/0014.tif (deflated 4%)
  adding: mnt/lsdi/ocm04044413/ocm04044413/Output/0015.tif (deflated 4%)
  adding: mnt/lsdi/ocm04044413/ocm04044413/Output/0016.tif (deflated 3%)
  adding: mnt/lsdi/ocm04044413/ocm04044413/Output/0017.tif (deflated 5%)
  adding: mnt/lsdi/ocm04044413/ocm04044413/Output/0018.tif (deflated 3%)
  adding: mnt/lsdi/ocm04044413/ocm04044413/Output/0019.tif (deflated 4%)
  adding: mnt/lsdi/ocm04044413/ocm04044413/Output/0020.tif (deflated 4%)
  adding: mnt/lsdi/ocm04044413/ocm04044413/Output/0021.tif (deflated 4%)
  adding: mnt/lsdi/ocm04044413/ocm04044413/Output/0022.tif (deflated 4%)
  adding: mnt/lsdi/ocm04044413/ocm04044413/Output/0023.tif (deflated 3%)
  adding: mnt/lsdi/ocm04044413/ocm04044413/Output/0024.tif (deflated 3%)
  adding: mnt/lsdi/ocm04044413/ocm04044413/Output/0025.tif (deflated 3%)
  adding: mnt/lsdi/ocm04044413/ocm04044413/Output/0026.tif (deflated 83%)
curl --location --header authorization: LOW fpJYfLnxbLmCEHqU:JQbq6NgBaPrSh98Y --upload-file /temp/ocm04044413_images.zip http://s3.us.archive.org/04044413.emory.edu/04044413_images.zip
  % Total    % Received % Xferd  Average Speed   Time    Time     Time  Current
                                 Dload  Upload   Total   Spent    Left  Speed
  0     0    0     0    0     0      0      0 --:--:-- --:--:-- --:--:--     0  0 1178k    0     0    0     0      0      0 --:--:--  0:00:01 --:--:--     0 44 1178k    0     0   44  528k      0   314k  0:00:03  0:00:01  0:00:02  328k100 1178k    0     0  100 1178k      0   391k  0:00:03  0:00:03 --:--:--  401k100 1178k    0     0  100 1178k      0   391k  0:00:03  0:00:03 --:--:--  401k
