08030867
curl --location --header x-amz-auto-make-bucket:1 --header x-archive-ignore-preexisting-bucket:1 --header x-archive-queue-derive:0 --header x-archive-meta-mediatype:texts --header x-archive-meta03-collection:emory --header x-archive-meta01-collection:americanmethodism --header x-archive-meta-sponsor:Emory University, Pitts Theology Library --header x-archive-meta-contributor:Emory University, Pitts Theology Library --header x-archive-meta-ppi:300 --header authorization: LOW fpJYfLnxbLmCEHqU:JQbq6NgBaPrSh98Y --upload-file /mnt/lsdi/ocm08030867/ocm08030867/ocm08030867_MRC.xml http://s3.us.archive.org/08030867.emory.edu/08030867.emory.edu_marc.xml
  % Total    % Received % Xferd  Average Speed   Time    Time     Time  Current
                                 Dload  Upload   Total   Spent    Left  Speed
  0     0    0     0    0     0      0      0 --:--:-- --:--:-- --:--:--     0  0  2938    0     0    0     0      0      0 --:--:--  0:00:01 --:--:--     0100  2938    0     0  100  2938      0   1401  0:00:02  0:00:02 --:--:--  1451100  2938    0     0  100  2938      0   1033  0:00:02  0:00:02 --:--:--  1059100  2938    0     0  100  2938      0    764  0:00:03  0:00:03 --:--:--   778100  2938    0     0  100  2938      0    606  0:00:04  0:00:04 --:--:--   615100  2938    0     0  100  2938      0    502  0:00:05  0:00:05 --:--:--   615100  2938    0     0  100  2938      0    429  0:00:06  0:00:06 --:--:--     0100  2938    0     0  100  2938      0    374  0:00:07  0:00:07 --:--:--     0100  2938    0     0  100  2938      0    338  0:00:08  0:00:08 --:--:--     0
zip -r /temp/ocm08030867_images.zip /mnt/lsdi/ocm08030867/ocm08030867/Output/0001.tif /mnt/lsdi/ocm08030867/ocm08030867/Output/0002.tif /mnt/lsdi/ocm08030867/ocm08030867/Output/0003.tif /mnt/lsdi/ocm08030867/ocm08030867/Output/0004.tif /mnt/lsdi/ocm08030867/ocm08030867/Output/0005.tif /mnt/lsdi/ocm08030867/ocm08030867/Output/0006.tif /mnt/lsdi/ocm08030867/ocm08030867/Output/0007.tif /mnt/lsdi/ocm08030867/ocm08030867/Output/0008.tif /mnt/lsdi/ocm08030867/ocm08030867/Output/0009.tif /mnt/lsdi/ocm08030867/ocm08030867/Output/0010.tif /mnt/lsdi/ocm08030867/ocm08030867/Output/0011.tif /mnt/lsdi/ocm08030867/ocm08030867/Output/0012.tif /mnt/lsdi/ocm08030867/ocm08030867/Output/0013.tif /mnt/lsdi/ocm08030867/ocm08030867/Output/0014.tif /mnt/lsdi/ocm08030867/ocm08030867/Output/0015.tif /mnt/lsdi/ocm08030867/ocm08030867/Output/0016.tif /mnt/lsdi/ocm08030867/ocm08030867/Output/0017.tif /mnt/lsdi/ocm08030867/ocm08030867/Output/0018.tif /mnt/lsdi/ocm08030867/ocm08030867/Output/0019.tif /mnt/lsdi/ocm08030867/ocm08030867/Output/0020.tif /mnt/lsdi/ocm08030867/ocm08030867/Output/0021.tif /mnt/lsdi/ocm08030867/ocm08030867/Output/0022.tif /mnt/lsdi/ocm08030867/ocm08030867/Output/0023.tif /mnt/lsdi/ocm08030867/ocm08030867/Output/0024.tif /mnt/lsdi/ocm08030867/ocm08030867/Output/0025.tif /mnt/lsdi/ocm08030867/ocm08030867/Output/0026.tif /mnt/lsdi/ocm08030867/ocm08030867/Output/0027.tif /mnt/lsdi/ocm08030867/ocm08030867/Output/0028.tif /mnt/lsdi/ocm08030867/ocm08030867/Output/0029.tif /mnt/lsdi/ocm08030867/ocm08030867/Output/0030.tif /mnt/lsdi/ocm08030867/ocm08030867/Output/0031.tif /mnt/lsdi/ocm08030867/ocm08030867/Output/0032.tif /mnt/lsdi/ocm08030867/ocm08030867/Output/0033.tif /mnt/lsdi/ocm08030867/ocm08030867/Output/0034.tif /mnt/lsdi/ocm08030867/ocm08030867/Output/0035.tif /mnt/lsdi/ocm08030867/ocm08030867/Output/0036.tif /mnt/lsdi/ocm08030867/ocm08030867/Output/0037.tif /mnt/lsdi/ocm08030867/ocm08030867/Output/0038.tif /mnt/lsdi/ocm08030867/ocm08030867/Output/0039.tif /mnt/lsdi/ocm08030867/ocm08030867/Output/0040.tif /mnt/lsdi/ocm08030867/ocm08030867/Output/0041.tif /mnt/lsdi/ocm08030867/ocm08030867/Output/0042.tif /mnt/lsdi/ocm08030867/ocm08030867/Output/0043.tif /mnt/lsdi/ocm08030867/ocm08030867/Output/0044.tif /mnt/lsdi/ocm08030867/ocm08030867/Output/0045.tif /mnt/lsdi/ocm08030867/ocm08030867/Output/0046.tif /mnt/lsdi/ocm08030867/ocm08030867/Output/0047.tif /mnt/lsdi/ocm08030867/ocm08030867/Output/0048.tif /mnt/lsdi/ocm08030867/ocm08030867/Output/0049.tif /mnt/lsdi/ocm08030867/ocm08030867/Output/0050.tif /mnt/lsdi/ocm08030867/ocm08030867/Output/0051.tif /mnt/lsdi/ocm08030867/ocm08030867/Output/0052.tif /mnt/lsdi/ocm08030867/ocm08030867/Output/0053.tif /mnt/lsdi/ocm08030867/ocm08030867/Output/0054.tif /mnt/lsdi/ocm08030867/ocm08030867/Output/0055.tif /mnt/lsdi/ocm08030867/ocm08030867/Output/0056.tif /mnt/lsdi/ocm08030867/ocm08030867/Output/0057.tif /mnt/lsdi/ocm08030867/ocm08030867/Output/0058.tif /mnt/lsdi/ocm08030867/ocm08030867/Output/0059.tif /mnt/lsdi/ocm08030867/ocm08030867/Output/0060.tif /mnt/lsdi/ocm08030867/ocm08030867/Output/0061.tif /mnt/lsdi/ocm08030867/ocm08030867/Output/0062.tif /mnt/lsdi/ocm08030867/ocm08030867/Output/0063.tif /mnt/lsdi/ocm08030867/ocm08030867/Output/0064.tif /mnt/lsdi/ocm08030867/ocm08030867/Output/0065.tif /mnt/lsdi/ocm08030867/ocm08030867/Output/0066.tif /mnt/lsdi/ocm08030867/ocm08030867/Output/0067.tif /mnt/lsdi/ocm08030867/ocm08030867/Output/0068.tif /mnt/lsdi/ocm08030867/ocm08030867/Output/0069.tif /mnt/lsdi/ocm08030867/ocm08030867/Output/0070.tif /mnt/lsdi/ocm08030867/ocm08030867/Output/0071.tif /mnt/lsdi/ocm08030867/ocm08030867/Output/0072.tif /mnt/lsdi/ocm08030867/ocm08030867/Output/0073.tif /mnt/lsdi/ocm08030867/ocm08030867/Output/0074.tif /mnt/lsdi/ocm08030867/ocm08030867/Output/0075.tif /mnt/lsdi/ocm08030867/ocm08030867/Output/0076.tif /mnt/lsdi/ocm08030867/ocm08030867/Output/0077.tif /mnt/lsdi/ocm08030867/ocm08030867/Output/0078.tif /mnt/lsdi/ocm08030867/ocm08030867/Output/0079.tif /mnt/lsdi/ocm08030867/ocm08030867/Output/0080.tif /mnt/lsdi/ocm08030867/ocm08030867/Output/0081.tif /mnt/lsdi/ocm08030867/ocm08030867/Output/0082.tif /mnt/lsdi/ocm08030867/ocm08030867/Output/0083.tif /mnt/lsdi/ocm08030867/ocm08030867/Output/0084.tif /mnt/lsdi/ocm08030867/ocm08030867/Output/0085.tif /mnt/lsdi/ocm08030867/ocm08030867/Output/0086.tif /mnt/lsdi/ocm08030867/ocm08030867/Output/0087.tif /mnt/lsdi/ocm08030867/ocm08030867/Output/0088.tif /mnt/lsdi/ocm08030867/ocm08030867/Output/0089.tif /mnt/lsdi/ocm08030867/ocm08030867/Output/0090.tif /mnt/lsdi/ocm08030867/ocm08030867/Output/0091.tif /mnt/lsdi/ocm08030867/ocm08030867/Output/0092.tif /mnt/lsdi/ocm08030867/ocm08030867/Output/0093.tif /mnt/lsdi/ocm08030867/ocm08030867/Output/0094.tif /mnt/lsdi/ocm08030867/ocm08030867/Output/0095.tif /mnt/lsdi/ocm08030867/ocm08030867/Output/0096.tif /mnt/lsdi/ocm08030867/ocm08030867/Output/0097.tif /mnt/lsdi/ocm08030867/ocm08030867/Output/0098.tif /mnt/lsdi/ocm08030867/ocm08030867/Output/0099.tif /mnt/lsdi/ocm08030867/ocm08030867/Output/0100.tif /mnt/lsdi/ocm08030867/ocm08030867/Output/0101.tif /mnt/lsdi/ocm08030867/ocm08030867/Output/0102.tif /mnt/lsdi/ocm08030867/ocm08030867/Output/0103.tif /mnt/lsdi/ocm08030867/ocm08030867/Output/0104.tif /mnt/lsdi/ocm08030867/ocm08030867/Output/0105.tif /mnt/lsdi/ocm08030867/ocm08030867/Output/0106.tif /mnt/lsdi/ocm08030867/ocm08030867/Output/0107.tif /mnt/lsdi/ocm08030867/ocm08030867/Output/0108.tif /mnt/lsdi/ocm08030867/ocm08030867/Output/0109.tif /mnt/lsdi/ocm08030867/ocm08030867/Output/0110.tif /mnt/lsdi/ocm08030867/ocm08030867/Output/0111.tif /mnt/lsdi/ocm08030867/ocm08030867/Output/0112.tif /mnt/lsdi/ocm08030867/ocm08030867/Output/0113.tif /mnt/lsdi/ocm08030867/ocm08030867/Output/0114.tif /mnt/lsdi/ocm08030867/ocm08030867/Output/0115.tif /mnt/lsdi/ocm08030867/ocm08030867/Output/0116.tif /mnt/lsdi/ocm08030867/ocm08030867/Output/0117.tif /mnt/lsdi/ocm08030867/ocm08030867/Output/0118.tif /mnt/lsdi/ocm08030867/ocm08030867/Output/0119.tif /mnt/lsdi/ocm08030867/ocm08030867/Output/0120.tif /mnt/lsdi/ocm08030867/ocm08030867/Output/0121.tif /mnt/lsdi/ocm08030867/ocm08030867/Output/0122.tif /mnt/lsdi/ocm08030867/ocm08030867/Output/0123.tif /mnt/lsdi/ocm08030867/ocm08030867/Output/0124.tif /mnt/lsdi/ocm08030867/ocm08030867/Output/0125.tif /mnt/lsdi/ocm08030867/ocm08030867/Output/0126.tif /mnt/lsdi/ocm08030867/ocm08030867/Output/0127.tif /mnt/lsdi/ocm08030867/ocm08030867/Output/0128.tif /mnt/lsdi/ocm08030867/ocm08030867/Output/0129.tif /mnt/lsdi/ocm08030867/ocm08030867/Output/0130.tif /mnt/lsdi/ocm08030867/ocm08030867/Output/0131.tif /mnt/lsdi/ocm08030867/ocm08030867/Output/0132.tif /mnt/lsdi/ocm08030867/ocm08030867/Output/0133.tif /mnt/lsdi/ocm08030867/ocm08030867/Output/0134.tif /mnt/lsdi/ocm08030867/ocm08030867/Output/0135.tif /mnt/lsdi/ocm08030867/ocm08030867/Output/0136.tif /mnt/lsdi/ocm08030867/ocm08030867/Output/0137.tif /mnt/lsdi/ocm08030867/ocm08030867/Output/0138.tif /mnt/lsdi/ocm08030867/ocm08030867/Output/0139.tif /mnt/lsdi/ocm08030867/ocm08030867/Output/0140.tif /mnt/lsdi/ocm08030867/ocm08030867/Output/0141.tif /mnt/lsdi/ocm08030867/ocm08030867/Output/0142.tif /mnt/lsdi/ocm08030867/ocm08030867/Output/0143.tif /mnt/lsdi/ocm08030867/ocm08030867/Output/0144.tif /mnt/lsdi/ocm08030867/ocm08030867/Output/0145.tif /mnt/lsdi/ocm08030867/ocm08030867/Output/0146.tif /mnt/lsdi/ocm08030867/ocm08030867/Output/0147.tif /mnt/lsdi/ocm08030867/ocm08030867/Output/0148.tif /mnt/lsdi/ocm08030867/ocm08030867/Output/0149.tif /mnt/lsdi/ocm08030867/ocm08030867/Output/0150.tif /mnt/lsdi/ocm08030867/ocm08030867/Output/0151.tif /mnt/lsdi/ocm08030867/ocm08030867/Output/0152.tif /mnt/lsdi/ocm08030867/ocm08030867/Output/0153.tif /mnt/lsdi/ocm08030867/ocm08030867/Output/0154.tif /mnt/lsdi/ocm08030867/ocm08030867/Output/0155.tif /mnt/lsdi/ocm08030867/ocm08030867/Output/0156.tif /mnt/lsdi/ocm08030867/ocm08030867/Output/0157.tif /mnt/lsdi/ocm08030867/ocm08030867/Output/0158.tif /mnt/lsdi/ocm08030867/ocm08030867/Output/0159.tif /mnt/lsdi/ocm08030867/ocm08030867/Output/0160.tif /mnt/lsdi/ocm08030867/ocm08030867/Output/0161.tif /mnt/lsdi/ocm08030867/ocm08030867/Output/0162.tif /mnt/lsdi/ocm08030867/ocm08030867/Output/0163.tif /mnt/lsdi/ocm08030867/ocm08030867/Output/0164.tif /mnt/lsdi/ocm08030867/ocm08030867/Output/0165.tif /mnt/lsdi/ocm08030867/ocm08030867/Output/0166.tif /mnt/lsdi/ocm08030867/ocm08030867/Output/0167.tif /mnt/lsdi/ocm08030867/ocm08030867/Output/0168.tif /mnt/lsdi/ocm08030867/ocm08030867/Output/0169.tif /mnt/lsdi/ocm08030867/ocm08030867/Output/0170.tif /mnt/lsdi/ocm08030867/ocm08030867/Output/0171.tif /mnt/lsdi/ocm08030867/ocm08030867/Output/0172.tif /mnt/lsdi/ocm08030867/ocm08030867/Output/0173.tif /mnt/lsdi/ocm08030867/ocm08030867/Output/0174.tif /mnt/lsdi/ocm08030867/ocm08030867/Output/0175.tif /mnt/lsdi/ocm08030867/ocm08030867/Output/0176.tif /mnt/lsdi/ocm08030867/ocm08030867/Output/0177.tif /mnt/lsdi/ocm08030867/ocm08030867/Output/0178.tif /mnt/lsdi/ocm08030867/ocm08030867/Output/0179.tif /mnt/lsdi/ocm08030867/ocm08030867/Output/0180.tif /mnt/lsdi/ocm08030867/ocm08030867/Output/0181.tif /mnt/lsdi/ocm08030867/ocm08030867/Output/0182.tif /mnt/lsdi/ocm08030867/ocm08030867/Output/0183.tif /mnt/lsdi/ocm08030867/ocm08030867/Output/0184.tif /mnt/lsdi/ocm08030867/ocm08030867/Output/0185.tif /mnt/lsdi/ocm08030867/ocm08030867/Output/0186.tif /mnt/lsdi/ocm08030867/ocm08030867/Output/0187.tif /mnt/lsdi/ocm08030867/ocm08030867/Output/0188.tif /mnt/lsdi/ocm08030867/ocm08030867/Output/0189.tif /mnt/lsdi/ocm08030867/ocm08030867/Output/0190.tif /mnt/lsdi/ocm08030867/ocm08030867/Output/0191.tif /mnt/lsdi/ocm08030867/ocm08030867/Output/0192.tif /mnt/lsdi/ocm08030867/ocm08030867/Output/0193.tif /mnt/lsdi/ocm08030867/ocm08030867/Output/0194.tif /mnt/lsdi/ocm08030867/ocm08030867/Output/0195.tif /mnt/lsdi/ocm08030867/ocm08030867/Output/0196.tif /mnt/lsdi/ocm08030867/ocm08030867/Output/0197.tif /mnt/lsdi/ocm08030867/ocm08030867/Output/0198.tif /mnt/lsdi/ocm08030867/ocm08030867/Output/0199.tif /mnt/lsdi/ocm08030867/ocm08030867/Output/0200.tif /mnt/lsdi/ocm08030867/ocm08030867/Output/0201.tif /mnt/lsdi/ocm08030867/ocm08030867/Output/0202.tif /mnt/lsdi/ocm08030867/ocm08030867/Output/0203.tif /mnt/lsdi/ocm08030867/ocm08030867/Output/0204.tif /mnt/lsdi/ocm08030867/ocm08030867/Output/0205.tif /mnt/lsdi/ocm08030867/ocm08030867/Output/0206.tif /mnt/lsdi/ocm08030867/ocm08030867/Output/0207.tif /mnt/lsdi/ocm08030867/ocm08030867/Output/0208.tif /mnt/lsdi/ocm08030867/ocm08030867/Output/0209.tif /mnt/lsdi/ocm08030867/ocm08030867/Output/0210.tif /mnt/lsdi/ocm08030867/ocm08030867/Output/0211.tif /mnt/lsdi/ocm08030867/ocm08030867/Output/0212.tif /mnt/lsdi/ocm08030867/ocm08030867/Output/0213.tif /mnt/lsdi/ocm08030867/ocm08030867/Output/0214.tif /mnt/lsdi/ocm08030867/ocm08030867/Output/0215.tif /mnt/lsdi/ocm08030867/ocm08030867/Output/0216.tif /mnt/lsdi/ocm08030867/ocm08030867/Output/0217.tif /mnt/lsdi/ocm08030867/ocm08030867/Output/0218.tif /mnt/lsdi/ocm08030867/ocm08030867/Output/0219.tif /mnt/lsdi/ocm08030867/ocm08030867/Output/0220.tif /mnt/lsdi/ocm08030867/ocm08030867/Output/0221.tif /mnt/lsdi/ocm08030867/ocm08030867/Output/0222.tif /mnt/lsdi/ocm08030867/ocm08030867/Output/0223.tif /mnt/lsdi/ocm08030867/ocm08030867/Output/0224.tif /mnt/lsdi/ocm08030867/ocm08030867/Output/0225.tif /mnt/lsdi/ocm08030867/ocm08030867/Output/0226.tif /mnt/lsdi/ocm08030867/ocm08030867/Output/0227.tif /mnt/lsdi/ocm08030867/ocm08030867/Output/0228.tif /mnt/lsdi/ocm08030867/ocm08030867/Output/0229.tif /mnt/lsdi/ocm08030867/ocm08030867/Output/0230.tif /mnt/lsdi/ocm08030867/ocm08030867/Output/0231.tif /mnt/lsdi/ocm08030867/ocm08030867/Output/0232.tif /mnt/lsdi/ocm08030867/ocm08030867/Output/0233.tif /mnt/lsdi/ocm08030867/ocm08030867/Output/0234.tif /mnt/lsdi/ocm08030867/ocm08030867/Output/0235.tif /mnt/lsdi/ocm08030867/ocm08030867/Output/0236.tif /mnt/lsdi/ocm08030867/ocm08030867/Output/0237.tif /mnt/lsdi/ocm08030867/ocm08030867/Output/0238.tif /mnt/lsdi/ocm08030867/ocm08030867/Output/0239.tif /mnt/lsdi/ocm08030867/ocm08030867/Output/0240.tif /mnt/lsdi/ocm08030867/ocm08030867/Output/0241.tif /mnt/lsdi/ocm08030867/ocm08030867/Output/0242.tif /mnt/lsdi/ocm08030867/ocm08030867/Output/0243.tif /mnt/lsdi/ocm08030867/ocm08030867/Output/0244.tif /mnt/lsdi/ocm08030867/ocm08030867/Output/0245.tif /mnt/lsdi/ocm08030867/ocm08030867/Output/0246.tif /mnt/lsdi/ocm08030867/ocm08030867/Output/0247.tif /mnt/lsdi/ocm08030867/ocm08030867/Output/0248.tif /mnt/lsdi/ocm08030867/ocm08030867/Output/0249.tif /mnt/lsdi/ocm08030867/ocm08030867/Output/0250.tif /mnt/lsdi/ocm08030867/ocm08030867/Output/0251.tif /mnt/lsdi/ocm08030867/ocm08030867/Output/0252.tif /mnt/lsdi/ocm08030867/ocm08030867/Output/0253.tif /mnt/lsdi/ocm08030867/ocm08030867/Output/0254.tif /mnt/lsdi/ocm08030867/ocm08030867/Output/0255.tif /mnt/lsdi/ocm08030867/ocm08030867/Output/0256.tif /mnt/lsdi/ocm08030867/ocm08030867/Output/0257.tif /mnt/lsdi/ocm08030867/ocm08030867/Output/0258.tif /mnt/lsdi/ocm08030867/ocm08030867/Output/0259.tif /mnt/lsdi/ocm08030867/ocm08030867/Output/0260.tif /mnt/lsdi/ocm08030867/ocm08030867/Output/0261.tif /mnt/lsdi/ocm08030867/ocm08030867/Output/0262.tif /mnt/lsdi/ocm08030867/ocm08030867/Output/0263.tif /mnt/lsdi/ocm08030867/ocm08030867/Output/0264.tif /mnt/lsdi/ocm08030867/ocm08030867/Output/0265.tif /mnt/lsdi/ocm08030867/ocm08030867/Output/0266.tif /mnt/lsdi/ocm08030867/ocm08030867/Output/0267.tif /mnt/lsdi/ocm08030867/ocm08030867/Output/0268.tif /mnt/lsdi/ocm08030867/ocm08030867/Output/0269.tif /mnt/lsdi/ocm08030867/ocm08030867/Output/0270.tif /mnt/lsdi/ocm08030867/ocm08030867/Output/0271.tif /mnt/lsdi/ocm08030867/ocm08030867/Output/0272.tif /mnt/lsdi/ocm08030867/ocm08030867/Output/0273.tif /mnt/lsdi/ocm08030867/ocm08030867/Output/0274.tif /mnt/lsdi/ocm08030867/ocm08030867/Output/0275.tif /mnt/lsdi/ocm08030867/ocm08030867/Output/0276.tif /mnt/lsdi/ocm08030867/ocm08030867/Output/0277.tif /mnt/lsdi/ocm08030867/ocm08030867/Output/0278.tif /mnt/lsdi/ocm08030867/ocm08030867/Output/0279.tif /mnt/lsdi/ocm08030867/ocm08030867/Output/0280.tif /mnt/lsdi/ocm08030867/ocm08030867/Output/0281.tif /mnt/lsdi/ocm08030867/ocm08030867/Output/0282.tif /mnt/lsdi/ocm08030867/ocm08030867/Output/0283.tif /mnt/lsdi/ocm08030867/ocm08030867/Output/0284.tif /mnt/lsdi/ocm08030867/ocm08030867/Output/0285.tif /mnt/lsdi/ocm08030867/ocm08030867/Output/0286.tif /mnt/lsdi/ocm08030867/ocm08030867/Output/0287.tif /mnt/lsdi/ocm08030867/ocm08030867/Output/0288.tif /mnt/lsdi/ocm08030867/ocm08030867/Output/0289.tif /mnt/lsdi/ocm08030867/ocm08030867/Output/0290.tif /mnt/lsdi/ocm08030867/ocm08030867/Output/0291.tif /mnt/lsdi/ocm08030867/ocm08030867/Output/0292.tif /mnt/lsdi/ocm08030867/ocm08030867/Output/0293.tif /mnt/lsdi/ocm08030867/ocm08030867/Output/0294.tif /mnt/lsdi/ocm08030867/ocm08030867/Output/0295.tif /mnt/lsdi/ocm08030867/ocm08030867/Output/0296.tif /mnt/lsdi/ocm08030867/ocm08030867/Output/0297.tif /mnt/lsdi/ocm08030867/ocm08030867/Output/0298.tif /mnt/lsdi/ocm08030867/ocm08030867/Output/0299.tif /mnt/lsdi/ocm08030867/ocm08030867/Output/0300.tif /mnt/lsdi/ocm08030867/ocm08030867/Output/0301.tif /mnt/lsdi/ocm08030867/ocm08030867/Output/0302.tif /mnt/lsdi/ocm08030867/ocm08030867/Output/0303.tif /mnt/lsdi/ocm08030867/ocm08030867/Output/0304.tif /mnt/lsdi/ocm08030867/ocm08030867/Output/0305.tif /mnt/lsdi/ocm08030867/ocm08030867/Output/0306.tif /mnt/lsdi/ocm08030867/ocm08030867/Output/0307.tif /mnt/lsdi/ocm08030867/ocm08030867/Output/0308.tif /mnt/lsdi/ocm08030867/ocm08030867/Output/0309.tif /mnt/lsdi/ocm08030867/ocm08030867/Output/0310.tif /mnt/lsdi/ocm08030867/ocm08030867/Output/0311.tif /mnt/lsdi/ocm08030867/ocm08030867/Output/0312.tif /mnt/lsdi/ocm08030867/ocm08030867/Output/0313.tif /mnt/lsdi/ocm08030867/ocm08030867/Output/0314.tif /mnt/lsdi/ocm08030867/ocm08030867/Output/0315.tif /mnt/lsdi/ocm08030867/ocm08030867/Output/0316.tif /mnt/lsdi/ocm08030867/ocm08030867/Output/0317.tif /mnt/lsdi/ocm08030867/ocm08030867/Output/0318.tif /mnt/lsdi/ocm08030867/ocm08030867/Output/0319.tif /mnt/lsdi/ocm08030867/ocm08030867/Output/0320.tif /mnt/lsdi/ocm08030867/ocm08030867/Output/0321.tif /mnt/lsdi/ocm08030867/ocm08030867/Output/0322.tif /mnt/lsdi/ocm08030867/ocm08030867/Output/0323.tif /mnt/lsdi/ocm08030867/ocm08030867/Output/0324.tif /mnt/lsdi/ocm08030867/ocm08030867/Output/0325.tif /mnt/lsdi/ocm08030867/ocm08030867/Output/0326.tif /mnt/lsdi/ocm08030867/ocm08030867/Output/0327.tif /mnt/lsdi/ocm08030867/ocm08030867/Output/0328.tif /mnt/lsdi/ocm08030867/ocm08030867/Output/0329.tif /mnt/lsdi/ocm08030867/ocm08030867/Output/0330.tif /mnt/lsdi/ocm08030867/ocm08030867/Output/0331.tif /mnt/lsdi/ocm08030867/ocm08030867/Output/0332.tif /mnt/lsdi/ocm08030867/ocm08030867/Output/0333.tif /mnt/lsdi/ocm08030867/ocm08030867/Output/0334.tif /mnt/lsdi/ocm08030867/ocm08030867/Output/0335.tif /mnt/lsdi/ocm08030867/ocm08030867/Output/0336.tif /mnt/lsdi/ocm08030867/ocm08030867/Output/0337.tif /mnt/lsdi/ocm08030867/ocm08030867/Output/0338.tif
  adding: mnt/lsdi/ocm08030867/ocm08030867/Output/0001.tif (deflated 83%)
  adding: mnt/lsdi/ocm08030867/ocm08030867/Output/0002.tif (deflated 83%)
  adding: mnt/lsdi/ocm08030867/ocm08030867/Output/0003.tif (deflated 78%)
  adding: mnt/lsdi/ocm08030867/ocm08030867/Output/0004.tif (deflated 8%)
  adding: mnt/lsdi/ocm08030867/ocm08030867/Output/0005.tif (deflated 21%)
  adding: mnt/lsdi/ocm08030867/ocm08030867/Output/0006.tif (deflated 6%)
  adding: mnt/lsdi/ocm08030867/ocm08030867/Output/0007.tif (deflated 4%)
  adding: mnt/lsdi/ocm08030867/ocm08030867/Output/0008.tif (deflated 3%)
  adding: mnt/lsdi/ocm08030867/ocm08030867/Output/0009.tif (deflated 4%)
  adding: mnt/lsdi/ocm08030867/ocm08030867/Output/0010.tif (deflated 3%)
  adding: mnt/lsdi/ocm08030867/ocm08030867/Output/0011.tif (deflated 3%)
  adding: mnt/lsdi/ocm08030867/ocm08030867/Output/0012.tif (deflated 4%)
  adding: mnt/lsdi/ocm08030867/ocm08030867/Output/0013.tif (deflated 3%)
  adding: mnt/lsdi/ocm08030867/ocm08030867/Output/0014.tif (deflated 3%)
  adding: mnt/lsdi/ocm08030867/ocm08030867/Output/0015.tif (deflated 3%)
  adding: mnt/lsdi/ocm08030867/ocm08030867/Output/0016.tif (deflated 4%)
  adding: mnt/lsdi/ocm08030867/ocm08030867/Output/0017.tif (deflated 2%)
  adding: mnt/lsdi/ocm08030867/ocm08030867/Output/0018.tif (deflated 2%)
  adding: mnt/lsdi/ocm08030867/ocm08030867/Output/0019.tif (deflated 3%)
  adding: mnt/lsdi/ocm08030867/ocm08030867/Output/0020.tif (deflated 4%)
  adding: mnt/lsdi/ocm08030867/ocm08030867/Output/0021.tif (deflated 4%)
  adding: mnt/lsdi/ocm08030867/ocm08030867/Output/0022.tif (deflated 4%)
  adding: mnt/lsdi/ocm08030867/ocm08030867/Output/0023.tif (deflated 4%)
  adding: mnt/lsdi/ocm08030867/ocm08030867/Output/0024.tif (deflated 4%)
  adding: mnt/lsdi/ocm08030867/ocm08030867/Output/0025.tif (deflated 3%)
  adding: mnt/lsdi/ocm08030867/ocm08030867/Output/0026.tif (deflated 3%)
  adding: mnt/lsdi/ocm08030867/ocm08030867/Output/0027.tif (deflated 4%)
  adding: mnt/lsdi/ocm08030867/ocm08030867/Output/0028.tif (deflated 76%)
  adding: mnt/lsdi/ocm08030867/ocm08030867/Output/0029.tif (deflated 83%)
  adding: mnt/lsdi/ocm08030867/ocm08030867/Output/0030.tif (deflated 4%)
  adding: mnt/lsdi/ocm08030867/ocm08030867/Output/0031.tif (deflated 4%)
  adding: mnt/lsdi/ocm08030867/ocm08030867/Output/0032.tif (deflated 3%)
  adding: mnt/lsdi/ocm08030867/ocm08030867/Output/0033.tif (deflated 3%)
  adding: mnt/lsdi/ocm08030867/ocm08030867/Output/0034.tif (deflated 4%)
  adding: mnt/lsdi/ocm08030867/ocm08030867/Output/0035.tif (deflated 4%)
  adding: mnt/lsdi/ocm08030867/ocm08030867/Output/0036.tif (deflated 4%)
  adding: mnt/lsdi/ocm08030867/ocm08030867/Output/0037.tif (deflated 4%)
  adding: mnt/lsdi/ocm08030867/ocm08030867/Output/0038.tif (deflated 65%)
  adding: mnt/lsdi/ocm08030867/ocm08030867/Output/0039.tif (deflated 83%)
  adding: mnt/lsdi/ocm08030867/ocm08030867/Output/0040.tif (deflated 4%)
  adding: mnt/lsdi/ocm08030867/ocm08030867/Output/0041.tif (deflated 4%)
  adding: mnt/lsdi/ocm08030867/ocm08030867/Output/0042.tif (deflated 3%)
  adding: mnt/lsdi/ocm08030867/ocm08030867/Output/0043.tif (deflated 4%)
  adding: mnt/lsdi/ocm08030867/ocm08030867/Output/0044.tif (deflated 4%)
  adding: mnt/lsdi/ocm08030867/ocm08030867/Output/0045.tif (deflated 4%)
  adding: mnt/lsdi/ocm08030867/ocm08030867/Output/0046.tif (deflated 4%)
  adding: mnt/lsdi/ocm08030867/ocm08030867/Output/0047.tif (deflated 4%)
  adding: mnt/lsdi/ocm08030867/ocm08030867/Output/0048.tif (deflated 4%)
  adding: mnt/lsdi/ocm08030867/ocm08030867/Output/0049.tif (deflated 4%)
  adding: mnt/lsdi/ocm08030867/ocm08030867/Output/0050.tif (deflated 5%)
  adding: mnt/lsdi/ocm08030867/ocm08030867/Output/0051.tif (deflated 4%)
  adding: mnt/lsdi/ocm08030867/ocm08030867/Output/0052.tif (deflated 3%)
  adding: mnt/lsdi/ocm08030867/ocm08030867/Output/0053.tif (deflated 3%)
  adding: mnt/lsdi/ocm08030867/ocm08030867/Output/0054.tif (deflated 4%)
  adding: mnt/lsdi/ocm08030867/ocm08030867/Output/0055.tif (deflated 4%)
  adding: mnt/lsdi/ocm08030867/ocm08030867/Output/0056.tif (deflated 83%)
  adding: mnt/lsdi/ocm08030867/ocm08030867/Output/0057.tif (deflated 58%)
  adding: mnt/lsdi/ocm08030867/ocm08030867/Output/0058.tif (deflated 4%)
  adding: mnt/lsdi/ocm08030867/ocm08030867/Output/0059.tif (deflated 4%)
  adding: mnt/lsdi/ocm08030867/ocm08030867/Output/0060.tif (deflated 3%)
  adding: mnt/lsdi/ocm08030867/ocm08030867/Output/0061.tif (deflated 4%)
  adding: mnt/lsdi/ocm08030867/ocm08030867/Output/0062.tif (deflated 4%)
  adding: mnt/lsdi/ocm08030867/ocm08030867/Output/0063.tif (deflated 4%)
  adding: mnt/lsdi/ocm08030867/ocm08030867/Output/0064.tif (deflated 3%)
  adding: mnt/lsdi/ocm08030867/ocm08030867/Output/0065.tif (deflated 4%)
  adding: mnt/lsdi/ocm08030867/ocm08030867/Output/0066.tif (deflated 4%)
  adding: mnt/lsdi/ocm08030867/ocm08030867/Output/0067.tif (deflated 4%)
  adding: mnt/lsdi/ocm08030867/ocm08030867/Output/0068.tif (deflated 4%)
  adding: mnt/lsdi/ocm08030867/ocm08030867/Output/0069.tif (deflated 4%)
  adding: mnt/lsdi/ocm08030867/ocm08030867/Output/0070.tif (deflated 4%)
  adding: mnt/lsdi/ocm08030867/ocm08030867/Output/0071.tif (deflated 4%)
  adding: mnt/lsdi/ocm08030867/ocm08030867/Output/0072.tif (deflated 4%)
  adding: mnt/lsdi/ocm08030867/ocm08030867/Output/0073.tif (deflated 4%)
  adding: mnt/lsdi/ocm08030867/ocm08030867/Output/0074.tif (deflated 64%)
  adding: mnt/lsdi/ocm08030867/ocm08030867/Output/0075.tif (deflated 83%)
  adding: mnt/lsdi/ocm08030867/ocm08030867/Output/0076.tif (deflated 4%)
  adding: mnt/lsdi/ocm08030867/ocm08030867/Output/0077.tif (deflated 3%)
  adding: mnt/lsdi/ocm08030867/ocm08030867/Output/0078.tif (deflated 3%)
  adding: mnt/lsdi/ocm08030867/ocm08030867/Output/0079.tif (deflated 4%)
  adding: mnt/lsdi/ocm08030867/ocm08030867/Output/0080.tif (deflated 5%)
  adding: mnt/lsdi/ocm08030867/ocm08030867/Output/0081.tif (deflated 4%)
  adding: mnt/lsdi/ocm08030867/ocm08030867/Output/0082.tif (deflated 4%)
  adding: mnt/lsdi/ocm08030867/ocm08030867/Output/0083.tif (deflated 4%)
  adding: mnt/lsdi/ocm08030867/ocm08030867/Output/0084.tif (deflated 4%)
  adding: mnt/lsdi/ocm08030867/ocm08030867/Output/0085.tif (deflated 3%)
  adding: mnt/lsdi/ocm08030867/ocm08030867/Output/0086.tif (deflated 3%)
  adding: mnt/lsdi/ocm08030867/ocm08030867/Output/0087.tif (deflated 4%)
  adding: mnt/lsdi/ocm08030867/ocm08030867/Output/0088.tif (deflated 4%)
  adding: mnt/lsdi/ocm08030867/ocm08030867/Output/0089.tif (deflated 4%)
  adding: mnt/lsdi/ocm08030867/ocm08030867/Output/0090.tif (deflated 4%)
  adding: mnt/lsdi/ocm08030867/ocm08030867/Output/0091.tif (deflated 4%)
  adding: mnt/lsdi/ocm08030867/ocm08030867/Output/0092.tif (deflated 4%)
  adding: mnt/lsdi/ocm08030867/ocm08030867/Output/0093.tif (deflated 4%)
  adding: mnt/lsdi/ocm08030867/ocm08030867/Output/0094.tif (deflated 4%)
  adding: mnt/lsdi/ocm08030867/ocm08030867/Output/0095.tif (deflated 5%)
  adding: mnt/lsdi/ocm08030867/ocm08030867/Output/0096.tif (deflated 4%)
  adding: mnt/lsdi/ocm08030867/ocm08030867/Output/0097.tif (deflated 4%)
  adding: mnt/lsdi/ocm08030867/ocm08030867/Output/0098.tif (deflated 4%)
  adding: mnt/lsdi/ocm08030867/ocm08030867/Output/0099.tif (deflated 4%)
  adding: mnt/lsdi/ocm08030867/ocm08030867/Output/0100.tif (deflated 57%)
  adding: mnt/lsdi/ocm08030867/ocm08030867/Output/0101.tif (deflated 83%)
  adding: mnt/lsdi/ocm08030867/ocm08030867/Output/0102.tif (deflated 4%)
  adding: mnt/lsdi/ocm08030867/ocm08030867/Output/0103.tif (deflated 4%)
  adding: mnt/lsdi/ocm08030867/ocm08030867/Output/0104.tif (deflated 4%)
  adding: mnt/lsdi/ocm08030867/ocm08030867/Output/0105.tif (deflated 4%)
  adding: mnt/lsdi/ocm08030867/ocm08030867/Output/0106.tif (deflated 4%)
  adding: mnt/lsdi/ocm08030867/ocm08030867/Output/0107.tif (deflated 4%)
  adding: mnt/lsdi/ocm08030867/ocm08030867/Output/0108.tif (deflated 4%)
  adding: mnt/lsdi/ocm08030867/ocm08030867/Output/0109.tif (deflated 4%)
  adding: mnt/lsdi/ocm08030867/ocm08030867/Output/0110.tif (deflated 65%)
  adding: mnt/lsdi/ocm08030867/ocm08030867/Output/0111.tif (deflated 83%)
  adding: mnt/lsdi/ocm08030867/ocm08030867/Output/0112.tif (deflated 66%)
  adding: mnt/lsdi/ocm08030867/ocm08030867/Output/0113.tif (deflated 83%)
  adding: mnt/lsdi/ocm08030867/ocm08030867/Output/0114.tif (deflated 3%)
  adding: mnt/lsdi/ocm08030867/ocm08030867/Output/0115.tif (deflated 4%)
  adding: mnt/lsdi/ocm08030867/ocm08030867/Output/0116.tif (deflated 4%)
  adding: mnt/lsdi/ocm08030867/ocm08030867/Output/0117.tif (deflated 4%)
  adding: mnt/lsdi/ocm08030867/ocm08030867/Output/0118.tif (deflated 3%)
  adding: mnt/lsdi/ocm08030867/ocm08030867/Output/0119.tif (deflated 4%)
  adding: mnt/lsdi/ocm08030867/ocm08030867/Output/0120.tif (deflated 4%)
  adding: mnt/lsdi/ocm08030867/ocm08030867/Output/0121.tif (deflated 5%)
  adding: mnt/lsdi/ocm08030867/ocm08030867/Output/0122.tif (deflated 83%)
  adding: mnt/lsdi/ocm08030867/ocm08030867/Output/0123.tif (deflated 57%)
  adding: mnt/lsdi/ocm08030867/ocm08030867/Output/0124.tif (deflated 4%)
  adding: mnt/lsdi/ocm08030867/ocm08030867/Output/0125.tif (deflated 4%)
  adding: mnt/lsdi/ocm08030867/ocm08030867/Output/0126.tif (deflated 4%)
  adding: mnt/lsdi/ocm08030867/ocm08030867/Output/0127.tif (deflated 4%)
  adding: mnt/lsdi/ocm08030867/ocm08030867/Output/0128.tif (deflated 4%)
  adding: mnt/lsdi/ocm08030867/ocm08030867/Output/0129.tif (deflated 4%)
  adding: mnt/lsdi/ocm08030867/ocm08030867/Output/0130.tif (deflated 4%)
  adding: mnt/lsdi/ocm08030867/ocm08030867/Output/0131.tif (deflated 4%)
  adding: mnt/lsdi/ocm08030867/ocm08030867/Output/0132.tif (deflated 63%)
  adding: mnt/lsdi/ocm08030867/ocm08030867/Output/0133.tif (deflated 83%)
  adding: mnt/lsdi/ocm08030867/ocm08030867/Output/0134.tif (deflated 4%)
  adding: mnt/lsdi/ocm08030867/ocm08030867/Output/0135.tif (deflated 4%)
  adding: mnt/lsdi/ocm08030867/ocm08030867/Output/0136.tif (deflated 4%)
  adding: mnt/lsdi/ocm08030867/ocm08030867/Output/0137.tif (deflated 4%)
  adding: mnt/lsdi/ocm08030867/ocm08030867/Output/0138.tif (deflated 3%)
  adding: mnt/lsdi/ocm08030867/ocm08030867/Output/0139.tif (deflated 4%)
  adding: mnt/lsdi/ocm08030867/ocm08030867/Output/0140.tif (deflated 4%)
  adding: mnt/lsdi/ocm08030867/ocm08030867/Output/0141.tif (deflated 4%)
  adding: mnt/lsdi/ocm08030867/ocm08030867/Output/0142.tif (deflated 4%)
  adding: mnt/lsdi/ocm08030867/ocm08030867/Output/0143.tif (deflated 4%)
  adding: mnt/lsdi/ocm08030867/ocm08030867/Output/0144.tif (deflated 4%)
  adding: mnt/lsdi/ocm08030867/ocm08030867/Output/0145.tif (deflated 4%)
  adding: mnt/lsdi/ocm08030867/ocm08030867/Output/0146.tif (deflated 3%)
  adding: mnt/lsdi/ocm08030867/ocm08030867/Output/0147.tif (deflated 4%)
  adding: mnt/lsdi/ocm08030867/ocm08030867/Output/0148.tif (deflated 4%)
  adding: mnt/lsdi/ocm08030867/ocm08030867/Output/0149.tif (deflated 4%)
  adding: mnt/lsdi/ocm08030867/ocm08030867/Output/0150.tif (deflated 60%)
  adding: mnt/lsdi/ocm08030867/ocm08030867/Output/0151.tif (deflated 83%)
  adding: mnt/lsdi/ocm08030867/ocm08030867/Output/0152.tif (deflated 4%)
  adding: mnt/lsdi/ocm08030867/ocm08030867/Output/0153.tif (deflated 4%)
  adding: mnt/lsdi/ocm08030867/ocm08030867/Output/0154.tif (deflated 4%)
  adding: mnt/lsdi/ocm08030867/ocm08030867/Output/0155.tif (deflated 4%)
  adding: mnt/lsdi/ocm08030867/ocm08030867/Output/0156.tif (deflated 4%)
  adding: mnt/lsdi/ocm08030867/ocm08030867/Output/0157.tif (deflated 4%)
  adding: mnt/lsdi/ocm08030867/ocm08030867/Output/0158.tif (deflated 4%)
  adding: mnt/lsdi/ocm08030867/ocm08030867/Output/0159.tif (deflated 4%)
  adding: mnt/lsdi/ocm08030867/ocm08030867/Output/0160.tif (deflated 59%)
  adding: mnt/lsdi/ocm08030867/ocm08030867/Output/0161.tif (deflated 83%)
  adding: mnt/lsdi/ocm08030867/ocm08030867/Output/0162.tif (deflated 4%)
  adding: mnt/lsdi/ocm08030867/ocm08030867/Output/0163.tif (deflated 4%)
  adding: mnt/lsdi/ocm08030867/ocm08030867/Output/0164.tif (deflated 4%)
  adding: mnt/lsdi/ocm08030867/ocm08030867/Output/0165.tif (deflated 4%)
  adding: mnt/lsdi/ocm08030867/ocm08030867/Output/0166.tif (deflated 4%)
  adding: mnt/lsdi/ocm08030867/ocm08030867/Output/0167.tif (deflated 4%)
  adding: mnt/lsdi/ocm08030867/ocm08030867/Output/0168.tif (deflated 3%)
  adding: mnt/lsdi/ocm08030867/ocm08030867/Output/0169.tif (deflated 4%)
  adding: mnt/lsdi/ocm08030867/ocm08030867/Output/0170.tif (deflated 4%)
  adding: mnt/lsdi/ocm08030867/ocm08030867/Output/0171.tif (deflated 3%)
  adding: mnt/lsdi/ocm08030867/ocm08030867/Output/0172.tif (deflated 5%)
  adding: mnt/lsdi/ocm08030867/ocm08030867/Output/0173.tif (deflated 4%)
  adding: mnt/lsdi/ocm08030867/ocm08030867/Output/0174.tif (deflated 4%)
  adding: mnt/lsdi/ocm08030867/ocm08030867/Output/0175.tif (deflated 4%)
  adding: mnt/lsdi/ocm08030867/ocm08030867/Output/0176.tif (deflated 3%)
  adding: mnt/lsdi/ocm08030867/ocm08030867/Output/0177.tif (deflated 4%)
  adding: mnt/lsdi/ocm08030867/ocm08030867/Output/0178.tif (deflated 4%)
  adding: mnt/lsdi/ocm08030867/ocm08030867/Output/0179.tif (deflated 4%)
  adding: mnt/lsdi/ocm08030867/ocm08030867/Output/0180.tif (deflated 3%)
  adding: mnt/lsdi/ocm08030867/ocm08030867/Output/0181.tif (deflated 4%)
  adding: mnt/lsdi/ocm08030867/ocm08030867/Output/0182.tif (deflated 58%)
  adding: mnt/lsdi/ocm08030867/ocm08030867/Output/0183.tif (deflated 83%)
  adding: mnt/lsdi/ocm08030867/ocm08030867/Output/0184.tif (deflated 4%)
  adding: mnt/lsdi/ocm08030867/ocm08030867/Output/0185.tif (deflated 4%)
  adding: mnt/lsdi/ocm08030867/ocm08030867/Output/0186.tif (deflated 3%)
  adding: mnt/lsdi/ocm08030867/ocm08030867/Output/0187.tif (deflated 4%)
  adding: mnt/lsdi/ocm08030867/ocm08030867/Output/0188.tif (deflated 4%)
  adding: mnt/lsdi/ocm08030867/ocm08030867/Output/0189.tif (deflated 4%)
  adding: mnt/lsdi/ocm08030867/ocm08030867/Output/0190.tif (deflated 4%)
  adding: mnt/lsdi/ocm08030867/ocm08030867/Output/0191.tif (deflated 4%)
  adding: mnt/lsdi/ocm08030867/ocm08030867/Output/0192.tif (deflated 4%)
  adding: mnt/lsdi/ocm08030867/ocm08030867/Output/0193.tif (deflated 4%)
  adding: mnt/lsdi/ocm08030867/ocm08030867/Output/0194.tif (deflated 4%)
  adding: mnt/lsdi/ocm08030867/ocm08030867/Output/0195.tif (deflated 4%)
  adding: mnt/lsdi/ocm08030867/ocm08030867/Output/0196.tif (deflated 61%)
  adding: mnt/lsdi/ocm08030867/ocm08030867/Output/0197.tif (deflated 83%)
  adding: mnt/lsdi/ocm08030867/ocm08030867/Output/0198.tif (deflated 4%)
  adding: mnt/lsdi/ocm08030867/ocm08030867/Output/0199.tif (deflated 4%)
  adding: mnt/lsdi/ocm08030867/ocm08030867/Output/0200.tif (deflated 4%)
  adding: mnt/lsdi/ocm08030867/ocm08030867/Output/0201.tif (deflated 4%)
  adding: mnt/lsdi/ocm08030867/ocm08030867/Output/0202.tif (deflated 4%)
  adding: mnt/lsdi/ocm08030867/ocm08030867/Output/0203.tif (deflated 4%)
  adding: mnt/lsdi/ocm08030867/ocm08030867/Output/0204.tif (deflated 4%)
  adding: mnt/lsdi/ocm08030867/ocm08030867/Output/0205.tif (deflated 4%)
  adding: mnt/lsdi/ocm08030867/ocm08030867/Output/0206.tif (deflated 4%)
  adding: mnt/lsdi/ocm08030867/ocm08030867/Output/0207.tif (deflated 4%)
  adding: mnt/lsdi/ocm08030867/ocm08030867/Output/0208.tif (deflated 4%)
  adding: mnt/lsdi/ocm08030867/ocm08030867/Output/0209.tif (deflated 3%)
  adding: mnt/lsdi/ocm08030867/ocm08030867/Output/0210.tif (deflated 4%)
  adding: mnt/lsdi/ocm08030867/ocm08030867/Output/0211.tif (deflated 3%)
  adding: mnt/lsdi/ocm08030867/ocm08030867/Output/0212.tif (deflated 4%)
  adding: mnt/lsdi/ocm08030867/ocm08030867/Output/0213.tif (deflated 6%)
  adding: mnt/lsdi/ocm08030867/ocm08030867/Output/0214.tif (deflated 3%)
  adding: mnt/lsdi/ocm08030867/ocm08030867/Output/0215.tif (deflated 4%)
  adding: mnt/lsdi/ocm08030867/ocm08030867/Output/0216.tif (deflated 4%)
  adding: mnt/lsdi/ocm08030867/ocm08030867/Output/0217.tif (deflated 3%)
  adding: mnt/lsdi/ocm08030867/ocm08030867/Output/0218.tif (deflated 3%)
  adding: mnt/lsdi/ocm08030867/ocm08030867/Output/0219.tif (deflated 3%)
  adding: mnt/lsdi/ocm08030867/ocm08030867/Output/0220.tif (deflated 4%)
  adding: mnt/lsdi/ocm08030867/ocm08030867/Output/0221.tif (deflated 4%)
  adding: mnt/lsdi/ocm08030867/ocm08030867/Output/0222.tif (deflated 64%)
  adding: mnt/lsdi/ocm08030867/ocm08030867/Output/0223.tif (deflated 83%)
  adding: mnt/lsdi/ocm08030867/ocm08030867/Output/0224.tif (deflated 5%)
  adding: mnt/lsdi/ocm08030867/ocm08030867/Output/0225.tif (deflated 4%)
  adding: mnt/lsdi/ocm08030867/ocm08030867/Output/0226.tif (deflated 3%)
  adding: mnt/lsdi/ocm08030867/ocm08030867/Output/0227.tif (deflated 4%)
  adding: mnt/lsdi/ocm08030867/ocm08030867/Output/0228.tif (deflated 4%)
  adding: mnt/lsdi/ocm08030867/ocm08030867/Output/0229.tif (deflated 4%)
  adding: mnt/lsdi/ocm08030867/ocm08030867/Output/0230.tif (deflated 3%)
  adding: mnt/lsdi/ocm08030867/ocm08030867/Output/0231.tif (deflated 4%)
  adding: mnt/lsdi/ocm08030867/ocm08030867/Output/0232.tif (deflated 3%)
  adding: mnt/lsdi/ocm08030867/ocm08030867/Output/0233.tif (deflated 5%)
  adding: mnt/lsdi/ocm08030867/ocm08030867/Output/0234.tif (deflated 4%)
  adding: mnt/lsdi/ocm08030867/ocm08030867/Output/0235.tif (deflated 4%)
  adding: mnt/lsdi/ocm08030867/ocm08030867/Output/0236.tif (deflated 4%)
  adding: mnt/lsdi/ocm08030867/ocm08030867/Output/0237.tif (deflated 4%)
  adding: mnt/lsdi/ocm08030867/ocm08030867/Output/0238.tif (deflated 3%)
  adding: mnt/lsdi/ocm08030867/ocm08030867/Output/0239.tif (deflated 4%)
  adding: mnt/lsdi/ocm08030867/ocm08030867/Output/0240.tif (deflated 3%)
  adding: mnt/lsdi/ocm08030867/ocm08030867/Output/0241.tif (deflated 4%)
  adding: mnt/lsdi/ocm08030867/ocm08030867/Output/0242.tif (deflated 4%)
  adding: mnt/lsdi/ocm08030867/ocm08030867/Output/0243.tif (deflated 4%)
  adding: mnt/lsdi/ocm08030867/ocm08030867/Output/0244.tif (deflated 3%)
  adding: mnt/lsdi/ocm08030867/ocm08030867/Output/0245.tif (deflated 3%)
  adding: mnt/lsdi/ocm08030867/ocm08030867/Output/0246.tif (deflated 3%)
  adding: mnt/lsdi/ocm08030867/ocm08030867/Output/0247.tif (deflated 4%)
  adding: mnt/lsdi/ocm08030867/ocm08030867/Output/0248.tif (deflated 3%)
  adding: mnt/lsdi/ocm08030867/ocm08030867/Output/0249.tif (deflated 4%)
  adding: mnt/lsdi/ocm08030867/ocm08030867/Output/0250.tif (deflated 3%)
  adding: mnt/lsdi/ocm08030867/ocm08030867/Output/0251.tif (deflated 4%)
  adding: mnt/lsdi/ocm08030867/ocm08030867/Output/0252.tif (deflated 4%)
  adding: mnt/lsdi/ocm08030867/ocm08030867/Output/0253.tif (deflated 3%)
  adding: mnt/lsdi/ocm08030867/ocm08030867/Output/0254.tif (deflated 3%)
  adding: mnt/lsdi/ocm08030867/ocm08030867/Output/0255.tif (deflated 4%)
  adding: mnt/lsdi/ocm08030867/ocm08030867/Output/0256.tif (deflated 66%)
  adding: mnt/lsdi/ocm08030867/ocm08030867/Output/0257.tif (deflated 83%)
  adding: mnt/lsdi/ocm08030867/ocm08030867/Output/0258.tif (deflated 4%)
  adding: mnt/lsdi/ocm08030867/ocm08030867/Output/0259.tif (deflated 3%)
  adding: mnt/lsdi/ocm08030867/ocm08030867/Output/0260.tif (deflated 4%)
  adding: mnt/lsdi/ocm08030867/ocm08030867/Output/0261.tif (deflated 4%)
  adding: mnt/lsdi/ocm08030867/ocm08030867/Output/0262.tif (deflated 60%)
  adding: mnt/lsdi/ocm08030867/ocm08030867/Output/0263.tif (deflated 83%)
  adding: mnt/lsdi/ocm08030867/ocm08030867/Output/0264.tif (deflated 4%)
  adding: mnt/lsdi/ocm08030867/ocm08030867/Output/0265.tif (deflated 4%)
  adding: mnt/lsdi/ocm08030867/ocm08030867/Output/0266.tif (deflated 63%)
  adding: mnt/lsdi/ocm08030867/ocm08030867/Output/0267.tif (deflated 83%)
  adding: mnt/lsdi/ocm08030867/ocm08030867/Output/0268.tif (deflated 3%)
  adding: mnt/lsdi/ocm08030867/ocm08030867/Output/0269.tif (deflated 4%)
  adding: mnt/lsdi/ocm08030867/ocm08030867/Output/0270.tif (deflated 65%)
  adding: mnt/lsdi/ocm08030867/ocm08030867/Output/0271.tif (deflated 83%)
  adding: mnt/lsdi/ocm08030867/ocm08030867/Output/0272.tif (deflated 4%)
  adding: mnt/lsdi/ocm08030867/ocm08030867/Output/0273.tif (deflated 4%)
  adding: mnt/lsdi/ocm08030867/ocm08030867/Output/0274.tif (deflated 4%)
  adding: mnt/lsdi/ocm08030867/ocm08030867/Output/0275.tif (deflated 4%)
  adding: mnt/lsdi/ocm08030867/ocm08030867/Output/0276.tif (deflated 64%)
  adding: mnt/lsdi/ocm08030867/ocm08030867/Output/0277.tif (deflated 83%)
  adding: mnt/lsdi/ocm08030867/ocm08030867/Output/0278.tif (deflated 4%)
  adding: mnt/lsdi/ocm08030867/ocm08030867/Output/0279.tif (deflated 4%)
  adding: mnt/lsdi/ocm08030867/ocm08030867/Output/0280.tif (deflated 4%)
  adding: mnt/lsdi/ocm08030867/ocm08030867/Output/0281.tif (deflated 4%)
  adding: mnt/lsdi/ocm08030867/ocm08030867/Output/0282.tif (deflated 60%)
  adding: mnt/lsdi/ocm08030867/ocm08030867/Output/0283.tif (deflated 83%)
  adding: mnt/lsdi/ocm08030867/ocm08030867/Output/0284.tif (deflated 4%)
  adding: mnt/lsdi/ocm08030867/ocm08030867/Output/0285.tif (deflated 4%)
  adding: mnt/lsdi/ocm08030867/ocm08030867/Output/0286.tif (deflated 4%)
  adding: mnt/lsdi/ocm08030867/ocm08030867/Output/0287.tif (deflated 4%)
  adding: mnt/lsdi/ocm08030867/ocm08030867/Output/0288.tif (deflated 64%)
  adding: mnt/lsdi/ocm08030867/ocm08030867/Output/0289.tif (deflated 83%)
  adding: mnt/lsdi/ocm08030867/ocm08030867/Output/0290.tif (deflated 4%)
  adding: mnt/lsdi/ocm08030867/ocm08030867/Output/0291.tif (deflated 4%)
  adding: mnt/lsdi/ocm08030867/ocm08030867/Output/0292.tif (deflated 4%)
  adding: mnt/lsdi/ocm08030867/ocm08030867/Output/0293.tif (deflated 4%)
  adding: mnt/lsdi/ocm08030867/ocm08030867/Output/0294.tif (deflated 83%)
  adding: mnt/lsdi/ocm08030867/ocm08030867/Output/0295.tif (deflated 61%)
  adding: mnt/lsdi/ocm08030867/ocm08030867/Output/0296.tif (deflated 4%)
  adding: mnt/lsdi/ocm08030867/ocm08030867/Output/0297.tif (deflated 4%)
  adding: mnt/lsdi/ocm08030867/ocm08030867/Output/0298.tif (deflated 4%)
  adding: mnt/lsdi/ocm08030867/ocm08030867/Output/0299.tif (deflated 4%)
  adding: mnt/lsdi/ocm08030867/ocm08030867/Output/0300.tif (deflated 4%)
  adding: mnt/lsdi/ocm08030867/ocm08030867/Output/0301.tif (deflated 4%)
  adding: mnt/lsdi/ocm08030867/ocm08030867/Output/0302.tif (deflated 4%)
  adding: mnt/lsdi/ocm08030867/ocm08030867/Output/0303.tif (deflated 4%)
  adding: mnt/lsdi/ocm08030867/ocm08030867/Output/0304.tif (deflated 67%)
  adding: mnt/lsdi/ocm08030867/ocm08030867/Output/0305.tif (deflated 83%)
  adding: mnt/lsdi/ocm08030867/ocm08030867/Output/0306.tif (deflated 4%)
  adding: mnt/lsdi/ocm08030867/ocm08030867/Output/0307.tif (deflated 4%)
  adding: mnt/lsdi/ocm08030867/ocm08030867/Output/0308.tif (deflated 4%)
  adding: mnt/lsdi/ocm08030867/ocm08030867/Output/0309.tif (deflated 3%)
  adding: mnt/lsdi/ocm08030867/ocm08030867/Output/0310.tif (deflated 58%)
  adding: mnt/lsdi/ocm08030867/ocm08030867/Output/0311.tif (deflated 83%)
  adding: mnt/lsdi/ocm08030867/ocm08030867/Output/0312.tif (deflated 3%)
  adding: mnt/lsdi/ocm08030867/ocm08030867/Output/0313.tif (deflated 4%)
  adding: mnt/lsdi/ocm08030867/ocm08030867/Output/0314.tif (deflated 4%)
  adding: mnt/lsdi/ocm08030867/ocm08030867/Output/0315.tif (deflated 4%)
  adding: mnt/lsdi/ocm08030867/ocm08030867/Output/0316.tif (deflated 68%)
  adding: mnt/lsdi/ocm08030867/ocm08030867/Output/0317.tif (deflated 83%)
  adding: mnt/lsdi/ocm08030867/ocm08030867/Output/0318.tif (deflated 3%)
  adding: mnt/lsdi/ocm08030867/ocm08030867/Output/0319.tif (deflated 4%)
  adding: mnt/lsdi/ocm08030867/ocm08030867/Output/0320.tif (deflated 4%)
  adding: mnt/lsdi/ocm08030867/ocm08030867/Output/0321.tif (deflated 4%)
  adding: mnt/lsdi/ocm08030867/ocm08030867/Output/0322.tif (deflated 83%)
  adding: mnt/lsdi/ocm08030867/ocm08030867/Output/0323.tif (deflated 66%)
  adding: mnt/lsdi/ocm08030867/ocm08030867/Output/0324.tif (deflated 3%)
  adding: mnt/lsdi/ocm08030867/ocm08030867/Output/0325.tif (deflated 4%)
  adding: mnt/lsdi/ocm08030867/ocm08030867/Output/0326.tif (deflated 4%)
  adding: mnt/lsdi/ocm08030867/ocm08030867/Output/0327.tif (deflated 4%)
  adding: mnt/lsdi/ocm08030867/ocm08030867/Output/0328.tif (deflated 68%)
  adding: mnt/lsdi/ocm08030867/ocm08030867/Output/0329.tif (deflated 83%)
  adding: mnt/lsdi/ocm08030867/ocm08030867/Output/0330.tif (deflated 4%)
  adding: mnt/lsdi/ocm08030867/ocm08030867/Output/0331.tif (deflated 4%)
  adding: mnt/lsdi/ocm08030867/ocm08030867/Output/0332.tif (deflated 4%)
  adding: mnt/lsdi/ocm08030867/ocm08030867/Output/0333.tif (deflated 3%)
  adding: mnt/lsdi/ocm08030867/ocm08030867/Output/0334.tif (deflated 3%)
  adding: mnt/lsdi/ocm08030867/ocm08030867/Output/0335.tif (deflated 4%)
  adding: mnt/lsdi/ocm08030867/ocm08030867/Output/0336.tif (deflated 3%)
  adding: mnt/lsdi/ocm08030867/ocm08030867/Output/0337.tif (deflated 4%)
  adding: mnt/lsdi/ocm08030867/ocm08030867/Output/0338.tif (deflated 83%)
curl --location --header authorization: LOW fpJYfLnxbLmCEHqU:JQbq6NgBaPrSh98Y --upload-file /temp/ocm08030867_images.zip http://s3.us.archive.org/08030867.emory.edu/08030867_images.zip
  % Total    % Received % Xferd  Average Speed   Time    Time     Time  Current
                                 Dload  Upload   Total   Spent    Left  Speed
  0     0    0     0    0     0      0      0 --:--:-- --:--:-- --:--:--     0  0 90.0M    0     0    0     0      0      0 --:--:--  0:00:01 --:--:--     0  0 90.0M    0     0    0 65536      0  38127  0:41:15  0:00:01  0:41:14 39791  0 90.0M    0     0    0  224k      0  86671  0:18:08  0:00:02  0:18:06 89078  0 90.0M    0     0    0  464k      0   127k  0:12:03  0:00:03  0:12:00  129k  0 90.0M    0     0    0  768k      0   164k  0:09:20  0:00:04  0:09:16  166k  1 90.0M    0     0    1 1088k      0   193k  0:07:55  0:00:05  0:07:50  239k  1 90.0M    0     0    1 1504k      0   226k  0:06:46  0:00:06  0:06:40  293k  1 90.0M    0     0    1 1824k      0   236k  0:06:29  0:00:07  0:06:22  315k  2 90.0M    0     0    2 2208k      0   256k  0:05:59  0:00:08  0:05:51  350k  2 90.0M    0     0    2 2688k      0   277k  0:05:31  0:00:09  0:05:22  383k  3 90.0M    0     0    3 2928k      0   275k  0:05:34  0:00:10  0:05:24  367k  3 90.0M    0     0    3 3408k      0   292k  0:05:15  0:00:11  0:05:04  378k  4 90.0M    0     0    4 3920k      0   310k  0:04:57  0:00:12  0:04:45  426k  4 90.0M    0     0    4 4448k      0   325k  0:04:43  0:00:13  0:04:30  442k  5 90.0M    0     0    5 4736k      0   323k  0:04:44  0:00:14  0:04:30  414k  5 90.0M    0     0    5 5216k      0   333k  0:04:36  0:00:15  0:04:21  456k  6 90.0M    0     0    6 5920k      0   355k  0:04:18  0:00:16  0:04:02  505k  7 90.0M    0     0    7 6736k      0   381k  0:04:01  0:00:17  0:03:44  561k  8 90.0M    0     0    8 7536k      0   404k  0:03:47  0:00:18  0:03:29  624k  8 90.0M    0     0    8 7984k      0   406k  0:03:46  0:00:19  0:03:27  649k  9 90.0M    0     0    9 8576k      0   415k  0:03:41  0:00:20  0:03:21  671k 10 90.0M    0     0   10 9344k      0   432k  0:03:33  0:00:21  0:03:12  685k 11 90.0M    0     0   11  9.9M      0   447k  0:03:25  0:00:22  0:03:03  681k 11 90.0M    0     0   11 10.6M      0   462k  0:03:19  0:00:23  0:02:56  678k 12 90.0M    0     0   12 11.4M      0   475k  0:03:13  0:00:24  0:02:49  743k 13 90.0M    0     0   13 12.1M      0   483k  0:03:10  0:00:25  0:02:45  764k 14 90.0M    0     0   14 12.6M      0   485k  0:03:09  0:00:26  0:02:43  714k 14 90.0M    0     0   14 13.4M      0   496k  0:03:05  0:00:27  0:02:38  718k 15 90.0M    0     0   15 14.1M      0   507k  0:03:01  0:00:28  0:02:33  718k 16 90.0M    0     0   16 14.9M      0   516k  0:02:58  0:00:29  0:02:29  720k 17 90.0M    0     0   17 15.4M      0   515k  0:02:58  0:00:30  0:02:28  678k 17 90.0M    0     0   17 16.1M      0   521k  0:02:56  0:00:31  0:02:25  711k 18 90.0M    0     0   18 16.8M      0   528k  0:02:54  0:00:32  0:02:22  703k 19 90.0M    0     0   19 17.6M      0   536k  0:02:51  0:00:33  0:02:18  701k 20 90.0M    0     0   20 18.3M      0   543k  0:02:49  0:00:34  0:02:15  704k 21 90.0M    0     0   21 19.1M      0   550k  0:02:47  0:00:35  0:02:12  764k 21 90.0M    0     0   21 19.7M      0   550k  0:02:47  0:00:36  0:02:11  730k 22 90.0M    0     0   22 20.2M      0   551k  0:02:47  0:00:37  0:02:10  699k 23 90.0M    0     0   23 21.0M      0   557k  0:02:45  0:00:38  0:02:07  701k 24 90.0M    0     0   24 21.7M      0   563k  0:02:43  0:00:39  0:02:04  698k 24 90.0M    0     0   24 22.4M      0   559k  0:02:44  0:00:41  0:02:03  619k 25 90.0M    0     0   25 22.8M      0   561k  0:02:44  0:00:41  0:02:03  646k 26 90.0M    0     0   26 23.5M      0   566k  0:02:42  0:00:42  0:02:00  682k 27 90.0M    0     0   27 24.3M      0   571k  0:02:41  0:00:43  0:01:58  679k 27 90.0M    0     0   27 24.9M      0   571k  0:02:41  0:00:44  0:01:57  631k 28 90.0M    0     0   28 25.5M      0   571k  0:02:41  0:00:45  0:01:56  683k 29 90.0M    0     0   29 26.2M      0   576k  0:02:39  0:00:46  0:01:53  704k 30 90.0M    0     0   30 27.0M      0   581k  0:02:38  0:00:47  0:01:51  706k 30 90.0M    0     0   30 27.8M      0   585k  0:02:37  0:00:48  0:01:49  709k 31 90.0M    0     0   31 28.5M      0   586k  0:02:37  0:00:49  0:01:48  725k 32 90.0M    0     0   32 28.9M      0   586k  0:02:37  0:00:50  0:01:47  716k 33 90.0M    0     0   33 29.7M      0   590k  0:02:36  0:00:51  0:01:45  715k 33 90.0M    0     0   33 30.5M      0   593k  0:02:35  0:00:52  0:01:43  714k 34 90.0M    0     0   34 31.3M      0   597k  0:02:34  0:00:53  0:01:41  712k 35 90.0M    0     0   35 31.8M      0   596k  0:02:34  0:00:54  0:01:40  697k 36 90.0M    0     0   36 32.5M      0   596k  0:02:34  0:00:55  0:01:39  704k 36 90.0M    0     0   36 33.1M      0   599k  0:02:33  0:00:56  0:01:37  696k 37 90.0M    0     0   37 33.9M      0   602k  0:02:32  0:00:57  0:01:35  697k 38 90.0M    0     0   38 34.6M      0   605k  0:02:32  0:00:58  0:01:34  689k 39 90.0M    0     0   39 35.4M      0   607k  0:02:31  0:00:59  0:01:32  729k 39 90.0M    0     0   39 35.9M      0   606k  0:02:31  0:01:00  0:01:31  713k 40 90.0M    0     0   40 36.6M      0   608k  0:02:31  0:01:01  0:01:30  707k 41 90.0M    0     0   41 37.3M      0   610k  0:02:31  0:01:02  0:01:29  696k 42 90.0M    0     0   42 38.0M      0   613k  0:02:30  0:01:03  0:01:27  703k 43 90.0M    0     0   43 38.8M      0   615k  0:02:29  0:01:04  0:01:25  710k 43 90.0M    0     0   43 39.4M      0   615k  0:02:29  0:01:05  0:01:24  728k 44 90.0M    0     0   44 40.1M      0   616k  0:02:29  0:01:06  0:01:23  712k 45 90.0M    0     0   45 40.8M      0   618k  0:02:28  0:01:07  0:01:21  724k 46 90.0M    0     0   46 41.5M      0   620k  0:02:28  0:01:08  0:01:20  717k 47 90.0M    0     0   47 42.3M      0   622k  0:02:28  0:01:09  0:01:19  714k 47 90.0M    0     0   47 43.0M      0   623k  0:02:27  0:01:10  0:01:17  728k 48 90.0M    0     0   48 43.5M      0   622k  0:02:27  0:01:11  0:01:16  712k 49 90.0M    0     0   49 44.1M      0   621k  0:02:28  0:01:12  0:01:16  665k 49 90.0M    0     0   49 44.8M      0   623k  0:02:27  0:01:13  0:01:14  669k 50 90.0M    0     0   50 45.6M      0   625k  0:02:27  0:01:14  0:01:13  672k 51 90.0M    0     0   51 46.3M      0   628k  0:02:26  0:01:15  0:01:11  690k 52 90.0M    0     0   52 47.0M      0   627k  0:02:26  0:01:16  0:01:10  700k 53 90.0M    0     0   53 47.7M      0   628k  0:02:26  0:01:17  0:01:09  717k 53 90.0M    0     0   53 48.2M      0   628k  0:02:26  0:01:18  0:01:08  700k 54 90.0M    0     0   54 49.0M      0   631k  0:02:26  0:01:19  0:01:07  706k 55 90.0M    0     0   55 49.8M      0   633k  0:02:25  0:01:20  0:01:05  708k 56 90.0M    0     0   56 50.4M      0   632k  0:02:25  0:01:21  0:01:04  696k 56 90.0M    0     0   56 51.1M      0   633k  0:02:25  0:01:22  0:01:03  722k 57 90.0M    0     0   57 51.9M      0   634k  0:02:25  0:01:23  0:01:02  712k 58 90.0M    0     0   58 52.4M      0   634k  0:02:25  0:01:24  0:01:01  694k 59 90.0M    0     0   59 53.2M      0   636k  0:02:24  0:01:25  0:00:59  694k 60 90.0M    0     0   60 54.0M      0   638k  0:02:24  0:01:26  0:00:58  748k 60 90.0M    0     0   60 54.5M      0   636k  0:02:24  0:01:27  0:00:57  687k 61 90.0M    0     0   61 55.0M      0   635k  0:02:24  0:01:28  0:00:56  665k 61 90.0M    0     0   61 55.7M      0   637k  0:02:24  0:01:29  0:00:55  683k 62 90.0M    0     0   62 56.5M      0   638k  0:02:24  0:01:30  0:00:54  678k 63 90.0M    0     0   63 57.2M      0   640k  0:02:23  0:01:31  0:00:52  669k 64 90.0M    0     0   64 57.7M      0   638k  0:02:24  0:01:32  0:00:52  662k 64 90.0M    0     0   64 58.4M      0   639k  0:02:24  0:01:33  0:00:51  707k 65 90.0M    0     0   65 59.2M      0   641k  0:02:23  0:01:34  0:00:49  709k 66 90.0M    0     0   66 59.7M      0   639k  0:02:24  0:01:35  0:00:49  649k 66 90.0M    0     0   66 60.2M      0   638k  0:02:24  0:01:36  0:00:48  611k 67 90.0M    0     0   67 60.6M      0   634k  0:02:25  0:01:37  0:00:48  571k 67 90.0M    0     0   67 61.0M      0   633k  0:02:25  0:01:38  0:00:47  519k 68 90.0M    0     0   68 61.5M      0   632k  0:02:25  0:01:39  0:00:46  473k 69 90.0M    0     0   69 62.1M      0   632k  0:02:25  0:01:40  0:00:45  492k 69 90.0M    0     0   69 62.6M      0   631k  0:02:25  0:01:41  0:00:44  489k 70 90.0M    0     0   70 63.2M      0   631k  0:02:26  0:01:42  0:00:44  558k 70 90.0M    0     0   70 63.5M      0   628k  0:02:26  0:01:43  0:00:43  522k 71 90.0M    0     0   71 64.3M      0   629k  0:02:26  0:01:44  0:00:42  559k 72 90.0M    0     0   72 65.0M      0   630k  0:02:26  0:01:45  0:00:41  602k 73 90.0M    0     0   73 65.8M      0   631k  0:02:25  0:01:46  0:00:39  640k 73 90.0M    0     0   73 66.3M      0   631k  0:02:26  0:01:47  0:00:39  627k 74 90.0M    0     0   74 66.9M      0   630k  0:02:26  0:01:48  0:00:38  684k 75 90.0M    0     0   75 67.7M      0   632k  0:02:25  0:01:49  0:00:36  694k 76 90.0M    0     0   76 68.4M      0   633k  0:02:25  0:01:50  0:00:35  695k 76 90.0M    0     0   76 69.2M      0   635k  0:02:25  0:01:51  0:00:34  705k 77 90.0M    0     0   77 69.6M      0   632k  0:02:25  0:01:52  0:00:33  659k 78 90.0M    0     0   78 70.2M      0   633k  0:02:25  0:01:53  0:00:32  690k 78 90.0M    0     0   78 71.0M      0   634k  0:02:25  0:01:54  0:00:31  687k 79 90.0M    0     0   79 71.8M      0   636k  0:02:24  0:01:55  0:00:29  691k 80 90.0M    0     0   80 72.4M      0   635k  0:02:24  0:01:56  0:00:28  646k 81 90.0M    0     0   81 73.0M      0   635k  0:02:24  0:01:57  0:00:27  713k 81 90.0M    0     0   81 73.7M      0   636k  0:02:24  0:01:58  0:00:26  717k 82 90.0M    0     0   82 74.5M      0   638k  0:02:24  0:01:59  0:00:25  713k 83 90.0M    0     0   83 75.2M      0   639k  0:02:24  0:02:00  0:00:24  705k 84 90.0M    0     0   84 75.8M      0   637k  0:02:24  0:02:01  0:00:23  680k 84 90.0M    0     0   84 76.4M      0   638k  0:02:24  0:02:02  0:00:22  706k 85 90.0M    0     0   85 77.2M      0   639k  0:02:24  0:02:03  0:00:21  704k 86 90.0M    0     0   86 78.0M      0   641k  0:02:23  0:02:04  0:00:19  712k 87 90.0M    0     0   87 78.4M      0   639k  0:02:24  0:02:05  0:00:19  641k 87 90.0M    0     0   87 79.0M      0   639k  0:02:24  0:02:06  0:00:18  675k 88 90.0M    0     0   88 79.7M      0   640k  0:02:23  0:02:07  0:00:16  682k 89 90.0M    0     0   89 80.5M      0   641k  0:02:23  0:02:08  0:00:15  684k 90 90.0M    0     0   90 81.3M      0   642k  0:02:23  0:02:09  0:00:14  685k 91 90.0M    0     0   91 81.9M      0   640k  0:02:23  0:02:10  0:00:13  678k 91 90.0M    0     0   91 82.4M      0   641k  0:02:23  0:02:11  0:00:12  703k 92 90.0M    0     0   92 83.2M      0   642k  0:02:23  0:02:12  0:00:11  697k 93 90.0M    0     0   93 83.9M      0   643k  0:02:23  0:02:13  0:00:10  694k 93 90.0M    0     0   93 84.4M      0   642k  0:02:23  0:02:14  0:00:09  637k 94 90.0M    0     0   94 85.0M      0   642k  0:02:23  0:02:15  0:00:08  676k 95 90.0M    0     0   95 85.8M      0   643k  0:02:23  0:02:16  0:00:07  690k 96 90.0M    0     0   96 86.5M      0   644k  0:02:23  0:02:17  0:00:06  695k 96 90.0M    0     0   96 87.0M      0   643k  0:02:23  0:02:18  0:00:05  640k 97 90.0M    0     0   97 87.5M      0   642k  0:02:23  0:02:19  0:00:04  636k 98 90.0M    0     0   98 88.3M      0   643k  0:02:23  0:02:20  0:00:03  674k 99 90.0M    0     0   99 89.1M      0   644k  0:02:23  0:02:21  0:00:02  671k 99 90.0M    0     0   99 89.7M      0   643k  0:02:23  0:02:22  0:00:01  633k100 90.0M    0     0  100 90.0M      0   639k  0:02:24  0:02:24 --:--:--  548k100 90.0M    0     0  100 90.0M      0   635k  0:02:25  0:02:25 --:--:--  459k100 90.0M    0     0  100 90.0M      0   635k  0:02:25  0:02:25 --:--:--  389k
