03683367
curl --location --header x-amz-auto-make-bucket:1 --header x-archive-ignore-preexisting-bucket:1 --header x-archive-queue-derive:0 --header x-archive-meta-mediatype:texts --header x-archive-meta03-collection:emory --header x-archive-meta01-collection:americanmethodism --header x-archive-meta-sponsor:Emory University, Pitts Theology Library --header x-archive-meta-contributor:Emory University, Pitts Theology Library --header x-archive-meta-ppi:300 --header authorization: LOW fpJYfLnxbLmCEHqU:JQbq6NgBaPrSh98Y --upload-file /mnt/lsdi/ocm03683367/ocm03683367/ocm03683367_MRC.xml http://s3.us.archive.org/03683367.emory.edu/03683367.emory.edu_marc.xml
  % Total    % Received % Xferd  Average Speed   Time    Time     Time  Current
                                 Dload  Upload   Total   Spent    Left  Speed
  0     0    0     0    0     0      0      0 --:--:-- --:--:-- --:--:--     0  0  3807    0     0    0     0      0      0 --:--:--  0:00:01 --:--:--     0100  3807    0     0  100  3807      0   1821  0:00:02  0:00:02 --:--:--  1887100  3807    0     0  100  3807      0   1231  0:00:03  0:00:03 --:--:--  1261100  3807    0     0  100  3807      0    887  0:00:04  0:00:04 --:--:--   903100  3807    0     0  100  3807      0    719  0:00:05  0:00:05 --:--:--   729100  3807    0     0  100  3807      0    605  0:00:06  0:00:06 --:--:--   730100  3807    0     0  100  3807      0    522  0:00:07  0:00:07 --:--:--     0100  3807    0     0  100  3807      0    459  0:00:08  0:00:08 --:--:--     0100  3807    0     0  100  3807      0    409  0:00:09  0:00:09 --:--:--     0100  3807    0     0  100  3807      0    369  0:00:10  0:00:10 --:--:--     0100  3807    0     0  100  3807      0    337  0:00:11  0:00:11 --:--:--     0100  3807    0     0  100  3807      0    309  0:00:12  0:00:12 --:--:--     0100  3807    0     0  100  3807      0    286  0:00:13  0:00:13 --:--:--     0100  3807    0     0  100  3807      0    266  0:00:14  0:00:14 --:--:--     0100  3807    0     0  100  3807      0    248  0:00:15  0:00:15 --:--:--     0100  3807    0     0  100  3807      0    233  0:00:16  0:00:16 --:--:--     0100  3807    0     0  100  3807      0    233  0:00:16  0:00:16 --:--:--     0
zip -r /temp/ocm03683367_images.zip /mnt/lsdi/ocm03683367/ocm03683367/Output/0001.tif /mnt/lsdi/ocm03683367/ocm03683367/Output/0002.tif /mnt/lsdi/ocm03683367/ocm03683367/Output/0003.tif /mnt/lsdi/ocm03683367/ocm03683367/Output/0004.tif /mnt/lsdi/ocm03683367/ocm03683367/Output/0005.tif /mnt/lsdi/ocm03683367/ocm03683367/Output/0006.tif /mnt/lsdi/ocm03683367/ocm03683367/Output/0007.tif /mnt/lsdi/ocm03683367/ocm03683367/Output/0008.tif /mnt/lsdi/ocm03683367/ocm03683367/Output/0009.tif /mnt/lsdi/ocm03683367/ocm03683367/Output/0010.tif /mnt/lsdi/ocm03683367/ocm03683367/Output/0011.tif /mnt/lsdi/ocm03683367/ocm03683367/Output/0012.tif /mnt/lsdi/ocm03683367/ocm03683367/Output/0013.tif /mnt/lsdi/ocm03683367/ocm03683367/Output/0014.tif /mnt/lsdi/ocm03683367/ocm03683367/Output/0015.tif /mnt/lsdi/ocm03683367/ocm03683367/Output/0016.tif /mnt/lsdi/ocm03683367/ocm03683367/Output/0017.tif /mnt/lsdi/ocm03683367/ocm03683367/Output/0018.tif /mnt/lsdi/ocm03683367/ocm03683367/Output/0019.tif /mnt/lsdi/ocm03683367/ocm03683367/Output/0020.tif /mnt/lsdi/ocm03683367/ocm03683367/Output/0021.tif /mnt/lsdi/ocm03683367/ocm03683367/Output/0022.tif /mnt/lsdi/ocm03683367/ocm03683367/Output/0023.tif /mnt/lsdi/ocm03683367/ocm03683367/Output/0024.tif /mnt/lsdi/ocm03683367/ocm03683367/Output/0025.tif /mnt/lsdi/ocm03683367/ocm03683367/Output/0026.tif /mnt/lsdi/ocm03683367/ocm03683367/Output/0027.tif /mnt/lsdi/ocm03683367/ocm03683367/Output/0028.tif /mnt/lsdi/ocm03683367/ocm03683367/Output/0029.tif /mnt/lsdi/ocm03683367/ocm03683367/Output/0030.tif /mnt/lsdi/ocm03683367/ocm03683367/Output/0031.tif /mnt/lsdi/ocm03683367/ocm03683367/Output/0032.tif /mnt/lsdi/ocm03683367/ocm03683367/Output/0033.tif /mnt/lsdi/ocm03683367/ocm03683367/Output/0034.tif /mnt/lsdi/ocm03683367/ocm03683367/Output/0035.tif /mnt/lsdi/ocm03683367/ocm03683367/Output/0036.tif /mnt/lsdi/ocm03683367/ocm03683367/Output/0037.tif /mnt/lsdi/ocm03683367/ocm03683367/Output/0038.tif /mnt/lsdi/ocm03683367/ocm03683367/Output/0039.tif /mnt/lsdi/ocm03683367/ocm03683367/Output/0040.tif /mnt/lsdi/ocm03683367/ocm03683367/Output/0041.tif /mnt/lsdi/ocm03683367/ocm03683367/Output/0042.tif /mnt/lsdi/ocm03683367/ocm03683367/Output/0043.tif /mnt/lsdi/ocm03683367/ocm03683367/Output/0044.tif /mnt/lsdi/ocm03683367/ocm03683367/Output/0045.tif /mnt/lsdi/ocm03683367/ocm03683367/Output/0046.tif /mnt/lsdi/ocm03683367/ocm03683367/Output/0047.tif /mnt/lsdi/ocm03683367/ocm03683367/Output/0048.tif /mnt/lsdi/ocm03683367/ocm03683367/Output/0049.tif /mnt/lsdi/ocm03683367/ocm03683367/Output/0050.tif /mnt/lsdi/ocm03683367/ocm03683367/Output/0051.tif /mnt/lsdi/ocm03683367/ocm03683367/Output/0052.tif /mnt/lsdi/ocm03683367/ocm03683367/Output/0053.tif /mnt/lsdi/ocm03683367/ocm03683367/Output/0054.tif /mnt/lsdi/ocm03683367/ocm03683367/Output/0055.tif /mnt/lsdi/ocm03683367/ocm03683367/Output/0056.tif /mnt/lsdi/ocm03683367/ocm03683367/Output/0057.tif /mnt/lsdi/ocm03683367/ocm03683367/Output/0058.tif /mnt/lsdi/ocm03683367/ocm03683367/Output/0059.tif /mnt/lsdi/ocm03683367/ocm03683367/Output/0060.tif /mnt/lsdi/ocm03683367/ocm03683367/Output/0061.tif /mnt/lsdi/ocm03683367/ocm03683367/Output/0062.tif /mnt/lsdi/ocm03683367/ocm03683367/Output/0063.tif /mnt/lsdi/ocm03683367/ocm03683367/Output/0064.tif /mnt/lsdi/ocm03683367/ocm03683367/Output/0065.tif /mnt/lsdi/ocm03683367/ocm03683367/Output/0066.tif /mnt/lsdi/ocm03683367/ocm03683367/Output/0067.tif /mnt/lsdi/ocm03683367/ocm03683367/Output/0068.tif /mnt/lsdi/ocm03683367/ocm03683367/Output/0069.tif /mnt/lsdi/ocm03683367/ocm03683367/Output/0070.tif /mnt/lsdi/ocm03683367/ocm03683367/Output/0071.tif /mnt/lsdi/ocm03683367/ocm03683367/Output/0072.tif /mnt/lsdi/ocm03683367/ocm03683367/Output/0073.tif /mnt/lsdi/ocm03683367/ocm03683367/Output/0074.tif /mnt/lsdi/ocm03683367/ocm03683367/Output/0075.tif /mnt/lsdi/ocm03683367/ocm03683367/Output/0076.tif /mnt/lsdi/ocm03683367/ocm03683367/Output/0077.tif /mnt/lsdi/ocm03683367/ocm03683367/Output/0078.tif /mnt/lsdi/ocm03683367/ocm03683367/Output/0079.tif /mnt/lsdi/ocm03683367/ocm03683367/Output/0080.tif /mnt/lsdi/ocm03683367/ocm03683367/Output/0081.tif /mnt/lsdi/ocm03683367/ocm03683367/Output/0082.tif /mnt/lsdi/ocm03683367/ocm03683367/Output/0083.tif /mnt/lsdi/ocm03683367/ocm03683367/Output/0084.tif /mnt/lsdi/ocm03683367/ocm03683367/Output/0085.tif /mnt/lsdi/ocm03683367/ocm03683367/Output/0086.tif /mnt/lsdi/ocm03683367/ocm03683367/Output/0087.tif /mnt/lsdi/ocm03683367/ocm03683367/Output/0088.tif /mnt/lsdi/ocm03683367/ocm03683367/Output/0089.tif /mnt/lsdi/ocm03683367/ocm03683367/Output/0090.tif /mnt/lsdi/ocm03683367/ocm03683367/Output/0091.tif /mnt/lsdi/ocm03683367/ocm03683367/Output/0092.tif /mnt/lsdi/ocm03683367/ocm03683367/Output/0093.tif /mnt/lsdi/ocm03683367/ocm03683367/Output/0094.tif /mnt/lsdi/ocm03683367/ocm03683367/Output/0095.tif /mnt/lsdi/ocm03683367/ocm03683367/Output/0096.tif /mnt/lsdi/ocm03683367/ocm03683367/Output/0097.tif /mnt/lsdi/ocm03683367/ocm03683367/Output/0098.tif /mnt/lsdi/ocm03683367/ocm03683367/Output/0099.tif /mnt/lsdi/ocm03683367/ocm03683367/Output/0100.tif /mnt/lsdi/ocm03683367/ocm03683367/Output/0101.tif /mnt/lsdi/ocm03683367/ocm03683367/Output/0102.tif /mnt/lsdi/ocm03683367/ocm03683367/Output/0103.tif /mnt/lsdi/ocm03683367/ocm03683367/Output/0104.tif /mnt/lsdi/ocm03683367/ocm03683367/Output/0105.tif /mnt/lsdi/ocm03683367/ocm03683367/Output/0106.tif /mnt/lsdi/ocm03683367/ocm03683367/Output/0107.tif /mnt/lsdi/ocm03683367/ocm03683367/Output/0108.tif /mnt/lsdi/ocm03683367/ocm03683367/Output/0109.tif /mnt/lsdi/ocm03683367/ocm03683367/Output/0110.tif /mnt/lsdi/ocm03683367/ocm03683367/Output/0111.tif /mnt/lsdi/ocm03683367/ocm03683367/Output/0112.tif /mnt/lsdi/ocm03683367/ocm03683367/Output/0113.tif /mnt/lsdi/ocm03683367/ocm03683367/Output/0114.tif /mnt/lsdi/ocm03683367/ocm03683367/Output/0115.tif /mnt/lsdi/ocm03683367/ocm03683367/Output/0116.tif /mnt/lsdi/ocm03683367/ocm03683367/Output/0117.tif /mnt/lsdi/ocm03683367/ocm03683367/Output/0118.tif /mnt/lsdi/ocm03683367/ocm03683367/Output/0119.tif /mnt/lsdi/ocm03683367/ocm03683367/Output/0120.tif /mnt/lsdi/ocm03683367/ocm03683367/Output/0121.tif /mnt/lsdi/ocm03683367/ocm03683367/Output/0122.tif /mnt/lsdi/ocm03683367/ocm03683367/Output/0123.tif /mnt/lsdi/ocm03683367/ocm03683367/Output/0124.tif /mnt/lsdi/ocm03683367/ocm03683367/Output/0125.tif /mnt/lsdi/ocm03683367/ocm03683367/Output/0126.tif /mnt/lsdi/ocm03683367/ocm03683367/Output/0127.tif /mnt/lsdi/ocm03683367/ocm03683367/Output/0128.tif /mnt/lsdi/ocm03683367/ocm03683367/Output/0129.tif /mnt/lsdi/ocm03683367/ocm03683367/Output/0130.tif /mnt/lsdi/ocm03683367/ocm03683367/Output/0131.tif /mnt/lsdi/ocm03683367/ocm03683367/Output/0132.tif /mnt/lsdi/ocm03683367/ocm03683367/Output/0133.tif /mnt/lsdi/ocm03683367/ocm03683367/Output/0134.tif /mnt/lsdi/ocm03683367/ocm03683367/Output/0135.tif /mnt/lsdi/ocm03683367/ocm03683367/Output/0136.tif /mnt/lsdi/ocm03683367/ocm03683367/Output/0137.tif /mnt/lsdi/ocm03683367/ocm03683367/Output/0138.tif /mnt/lsdi/ocm03683367/ocm03683367/Output/0139.tif /mnt/lsdi/ocm03683367/ocm03683367/Output/0140.tif /mnt/lsdi/ocm03683367/ocm03683367/Output/0141.tif /mnt/lsdi/ocm03683367/ocm03683367/Output/0142.tif /mnt/lsdi/ocm03683367/ocm03683367/Output/0143.tif /mnt/lsdi/ocm03683367/ocm03683367/Output/0144.tif /mnt/lsdi/ocm03683367/ocm03683367/Output/0145.tif /mnt/lsdi/ocm03683367/ocm03683367/Output/0146.tif /mnt/lsdi/ocm03683367/ocm03683367/Output/0147.tif /mnt/lsdi/ocm03683367/ocm03683367/Output/0148.tif /mnt/lsdi/ocm03683367/ocm03683367/Output/0149.tif /mnt/lsdi/ocm03683367/ocm03683367/Output/0150.tif /mnt/lsdi/ocm03683367/ocm03683367/Output/0151.tif /mnt/lsdi/ocm03683367/ocm03683367/Output/0152.tif /mnt/lsdi/ocm03683367/ocm03683367/Output/0153.tif /mnt/lsdi/ocm03683367/ocm03683367/Output/0154.tif /mnt/lsdi/ocm03683367/ocm03683367/Output/0155.tif /mnt/lsdi/ocm03683367/ocm03683367/Output/0156.tif /mnt/lsdi/ocm03683367/ocm03683367/Output/0157.tif /mnt/lsdi/ocm03683367/ocm03683367/Output/0158.tif /mnt/lsdi/ocm03683367/ocm03683367/Output/0159.tif /mnt/lsdi/ocm03683367/ocm03683367/Output/0160.tif /mnt/lsdi/ocm03683367/ocm03683367/Output/0161.tif /mnt/lsdi/ocm03683367/ocm03683367/Output/0162.tif /mnt/lsdi/ocm03683367/ocm03683367/Output/0163.tif /mnt/lsdi/ocm03683367/ocm03683367/Output/0164.tif /mnt/lsdi/ocm03683367/ocm03683367/Output/0165.tif /mnt/lsdi/ocm03683367/ocm03683367/Output/0166.tif /mnt/lsdi/ocm03683367/ocm03683367/Output/0167.tif /mnt/lsdi/ocm03683367/ocm03683367/Output/0168.tif /mnt/lsdi/ocm03683367/ocm03683367/Output/0169.tif /mnt/lsdi/ocm03683367/ocm03683367/Output/0170.tif /mnt/lsdi/ocm03683367/ocm03683367/Output/0171.tif /mnt/lsdi/ocm03683367/ocm03683367/Output/0172.tif /mnt/lsdi/ocm03683367/ocm03683367/Output/0173.tif /mnt/lsdi/ocm03683367/ocm03683367/Output/0174.tif /mnt/lsdi/ocm03683367/ocm03683367/Output/0175.tif /mnt/lsdi/ocm03683367/ocm03683367/Output/0176.tif /mnt/lsdi/ocm03683367/ocm03683367/Output/0177.tif /mnt/lsdi/ocm03683367/ocm03683367/Output/0178.tif /mnt/lsdi/ocm03683367/ocm03683367/Output/0179.tif /mnt/lsdi/ocm03683367/ocm03683367/Output/0180.tif /mnt/lsdi/ocm03683367/ocm03683367/Output/0181.tif /mnt/lsdi/ocm03683367/ocm03683367/Output/0182.tif /mnt/lsdi/ocm03683367/ocm03683367/Output/0183.tif /mnt/lsdi/ocm03683367/ocm03683367/Output/0184.tif /mnt/lsdi/ocm03683367/ocm03683367/Output/0185.tif /mnt/lsdi/ocm03683367/ocm03683367/Output/0186.tif /mnt/lsdi/ocm03683367/ocm03683367/Output/0187.tif /mnt/lsdi/ocm03683367/ocm03683367/Output/0188.tif /mnt/lsdi/ocm03683367/ocm03683367/Output/0189.tif /mnt/lsdi/ocm03683367/ocm03683367/Output/0190.tif /mnt/lsdi/ocm03683367/ocm03683367/Output/0191.tif /mnt/lsdi/ocm03683367/ocm03683367/Output/0192.tif /mnt/lsdi/ocm03683367/ocm03683367/Output/0193.tif /mnt/lsdi/ocm03683367/ocm03683367/Output/0194.tif /mnt/lsdi/ocm03683367/ocm03683367/Output/0195.tif /mnt/lsdi/ocm03683367/ocm03683367/Output/0196.tif /mnt/lsdi/ocm03683367/ocm03683367/Output/0197.tif /mnt/lsdi/ocm03683367/ocm03683367/Output/0198.tif /mnt/lsdi/ocm03683367/ocm03683367/Output/0199.tif /mnt/lsdi/ocm03683367/ocm03683367/Output/0200.tif /mnt/lsdi/ocm03683367/ocm03683367/Output/0201.tif /mnt/lsdi/ocm03683367/ocm03683367/Output/0202.tif /mnt/lsdi/ocm03683367/ocm03683367/Output/0203.tif /mnt/lsdi/ocm03683367/ocm03683367/Output/0204.tif /mnt/lsdi/ocm03683367/ocm03683367/Output/0205.tif /mnt/lsdi/ocm03683367/ocm03683367/Output/0206.tif /mnt/lsdi/ocm03683367/ocm03683367/Output/0207.tif /mnt/lsdi/ocm03683367/ocm03683367/Output/0208.tif /mnt/lsdi/ocm03683367/ocm03683367/Output/0209.tif /mnt/lsdi/ocm03683367/ocm03683367/Output/0210.tif /mnt/lsdi/ocm03683367/ocm03683367/Output/0211.tif /mnt/lsdi/ocm03683367/ocm03683367/Output/0212.tif /mnt/lsdi/ocm03683367/ocm03683367/Output/0213.tif /mnt/lsdi/ocm03683367/ocm03683367/Output/0214.tif /mnt/lsdi/ocm03683367/ocm03683367/Output/0215.tif /mnt/lsdi/ocm03683367/ocm03683367/Output/0216.tif /mnt/lsdi/ocm03683367/ocm03683367/Output/0217.tif /mnt/lsdi/ocm03683367/ocm03683367/Output/0218.tif /mnt/lsdi/ocm03683367/ocm03683367/Output/0219.tif /mnt/lsdi/ocm03683367/ocm03683367/Output/0220.tif /mnt/lsdi/ocm03683367/ocm03683367/Output/0221.tif /mnt/lsdi/ocm03683367/ocm03683367/Output/0222.tif /mnt/lsdi/ocm03683367/ocm03683367/Output/0223.tif /mnt/lsdi/ocm03683367/ocm03683367/Output/0224.tif /mnt/lsdi/ocm03683367/ocm03683367/Output/0225.tif /mnt/lsdi/ocm03683367/ocm03683367/Output/0226.tif /mnt/lsdi/ocm03683367/ocm03683367/Output/0227.tif /mnt/lsdi/ocm03683367/ocm03683367/Output/0228.tif /mnt/lsdi/ocm03683367/ocm03683367/Output/0229.tif /mnt/lsdi/ocm03683367/ocm03683367/Output/0230.tif /mnt/lsdi/ocm03683367/ocm03683367/Output/0231.tif /mnt/lsdi/ocm03683367/ocm03683367/Output/0232.tif /mnt/lsdi/ocm03683367/ocm03683367/Output/0233.tif /mnt/lsdi/ocm03683367/ocm03683367/Output/0234.tif /mnt/lsdi/ocm03683367/ocm03683367/Output/0235.tif /mnt/lsdi/ocm03683367/ocm03683367/Output/0236.tif /mnt/lsdi/ocm03683367/ocm03683367/Output/0237.tif /mnt/lsdi/ocm03683367/ocm03683367/Output/0238.tif /mnt/lsdi/ocm03683367/ocm03683367/Output/0239.tif /mnt/lsdi/ocm03683367/ocm03683367/Output/0240.tif /mnt/lsdi/ocm03683367/ocm03683367/Output/0241.tif /mnt/lsdi/ocm03683367/ocm03683367/Output/0242.tif /mnt/lsdi/ocm03683367/ocm03683367/Output/0243.tif /mnt/lsdi/ocm03683367/ocm03683367/Output/0244.tif /mnt/lsdi/ocm03683367/ocm03683367/Output/0245.tif /mnt/lsdi/ocm03683367/ocm03683367/Output/0246.tif /mnt/lsdi/ocm03683367/ocm03683367/Output/0247.tif /mnt/lsdi/ocm03683367/ocm03683367/Output/0248.tif /mnt/lsdi/ocm03683367/ocm03683367/Output/0249.tif /mnt/lsdi/ocm03683367/ocm03683367/Output/0250.tif /mnt/lsdi/ocm03683367/ocm03683367/Output/0251.tif /mnt/lsdi/ocm03683367/ocm03683367/Output/0252.tif /mnt/lsdi/ocm03683367/ocm03683367/Output/0253.tif /mnt/lsdi/ocm03683367/ocm03683367/Output/0254.tif /mnt/lsdi/ocm03683367/ocm03683367/Output/0255.tif /mnt/lsdi/ocm03683367/ocm03683367/Output/0256.tif /mnt/lsdi/ocm03683367/ocm03683367/Output/0257.tif /mnt/lsdi/ocm03683367/ocm03683367/Output/0258.tif /mnt/lsdi/ocm03683367/ocm03683367/Output/0259.tif /mnt/lsdi/ocm03683367/ocm03683367/Output/0260.tif /mnt/lsdi/ocm03683367/ocm03683367/Output/0261.tif /mnt/lsdi/ocm03683367/ocm03683367/Output/0262.tif /mnt/lsdi/ocm03683367/ocm03683367/Output/0263.tif /mnt/lsdi/ocm03683367/ocm03683367/Output/0264.tif /mnt/lsdi/ocm03683367/ocm03683367/Output/0265.tif /mnt/lsdi/ocm03683367/ocm03683367/Output/0266.tif /mnt/lsdi/ocm03683367/ocm03683367/Output/0267.tif /mnt/lsdi/ocm03683367/ocm03683367/Output/0268.tif /mnt/lsdi/ocm03683367/ocm03683367/Output/0269.tif /mnt/lsdi/ocm03683367/ocm03683367/Output/0270.tif /mnt/lsdi/ocm03683367/ocm03683367/Output/0271.tif /mnt/lsdi/ocm03683367/ocm03683367/Output/0272.tif /mnt/lsdi/ocm03683367/ocm03683367/Output/0273.tif /mnt/lsdi/ocm03683367/ocm03683367/Output/0274.tif /mnt/lsdi/ocm03683367/ocm03683367/Output/0275.tif /mnt/lsdi/ocm03683367/ocm03683367/Output/0276.tif /mnt/lsdi/ocm03683367/ocm03683367/Output/0277.tif /mnt/lsdi/ocm03683367/ocm03683367/Output/0278.tif /mnt/lsdi/ocm03683367/ocm03683367/Output/0279.tif /mnt/lsdi/ocm03683367/ocm03683367/Output/0280.tif /mnt/lsdi/ocm03683367/ocm03683367/Output/0281.tif /mnt/lsdi/ocm03683367/ocm03683367/Output/0282.tif /mnt/lsdi/ocm03683367/ocm03683367/Output/0283.tif /mnt/lsdi/ocm03683367/ocm03683367/Output/0284.tif /mnt/lsdi/ocm03683367/ocm03683367/Output/0285.tif /mnt/lsdi/ocm03683367/ocm03683367/Output/0286.tif /mnt/lsdi/ocm03683367/ocm03683367/Output/0287.tif /mnt/lsdi/ocm03683367/ocm03683367/Output/0288.tif /mnt/lsdi/ocm03683367/ocm03683367/Output/0289.tif /mnt/lsdi/ocm03683367/ocm03683367/Output/0290.tif /mnt/lsdi/ocm03683367/ocm03683367/Output/0291.tif /mnt/lsdi/ocm03683367/ocm03683367/Output/0292.tif /mnt/lsdi/ocm03683367/ocm03683367/Output/0293.tif /mnt/lsdi/ocm03683367/ocm03683367/Output/0294.tif /mnt/lsdi/ocm03683367/ocm03683367/Output/0295.tif /mnt/lsdi/ocm03683367/ocm03683367/Output/0296.tif /mnt/lsdi/ocm03683367/ocm03683367/Output/0297.tif /mnt/lsdi/ocm03683367/ocm03683367/Output/0298.tif /mnt/lsdi/ocm03683367/ocm03683367/Output/0299.tif /mnt/lsdi/ocm03683367/ocm03683367/Output/0300.tif /mnt/lsdi/ocm03683367/ocm03683367/Output/0301.tif /mnt/lsdi/ocm03683367/ocm03683367/Output/0302.tif /mnt/lsdi/ocm03683367/ocm03683367/Output/0303.tif /mnt/lsdi/ocm03683367/ocm03683367/Output/0304.tif /mnt/lsdi/ocm03683367/ocm03683367/Output/0305.tif /mnt/lsdi/ocm03683367/ocm03683367/Output/0306.tif /mnt/lsdi/ocm03683367/ocm03683367/Output/0307.tif /mnt/lsdi/ocm03683367/ocm03683367/Output/0308.tif /mnt/lsdi/ocm03683367/ocm03683367/Output/0309.tif /mnt/lsdi/ocm03683367/ocm03683367/Output/0310.tif /mnt/lsdi/ocm03683367/ocm03683367/Output/0311.tif /mnt/lsdi/ocm03683367/ocm03683367/Output/0312.tif /mnt/lsdi/ocm03683367/ocm03683367/Output/0313.tif /mnt/lsdi/ocm03683367/ocm03683367/Output/0314.tif /mnt/lsdi/ocm03683367/ocm03683367/Output/0315.tif /mnt/lsdi/ocm03683367/ocm03683367/Output/0316.tif /mnt/lsdi/ocm03683367/ocm03683367/Output/0317.tif /mnt/lsdi/ocm03683367/ocm03683367/Output/0318.tif /mnt/lsdi/ocm03683367/ocm03683367/Output/0319.tif /mnt/lsdi/ocm03683367/ocm03683367/Output/0320.tif /mnt/lsdi/ocm03683367/ocm03683367/Output/0321.tif /mnt/lsdi/ocm03683367/ocm03683367/Output/0322.tif /mnt/lsdi/ocm03683367/ocm03683367/Output/0323.tif /mnt/lsdi/ocm03683367/ocm03683367/Output/0324.tif /mnt/lsdi/ocm03683367/ocm03683367/Output/0325.tif /mnt/lsdi/ocm03683367/ocm03683367/Output/0326.tif /mnt/lsdi/ocm03683367/ocm03683367/Output/0327.tif /mnt/lsdi/ocm03683367/ocm03683367/Output/0328.tif /mnt/lsdi/ocm03683367/ocm03683367/Output/0329.tif /mnt/lsdi/ocm03683367/ocm03683367/Output/0330.tif /mnt/lsdi/ocm03683367/ocm03683367/Output/0331.tif /mnt/lsdi/ocm03683367/ocm03683367/Output/0332.tif /mnt/lsdi/ocm03683367/ocm03683367/Output/0333.tif /mnt/lsdi/ocm03683367/ocm03683367/Output/0334.tif /mnt/lsdi/ocm03683367/ocm03683367/Output/0335.tif /mnt/lsdi/ocm03683367/ocm03683367/Output/0336.tif /mnt/lsdi/ocm03683367/ocm03683367/Output/0337.tif /mnt/lsdi/ocm03683367/ocm03683367/Output/0338.tif /mnt/lsdi/ocm03683367/ocm03683367/Output/0339.tif /mnt/lsdi/ocm03683367/ocm03683367/Output/0340.tif /mnt/lsdi/ocm03683367/ocm03683367/Output/0341.tif /mnt/lsdi/ocm03683367/ocm03683367/Output/0342.tif /mnt/lsdi/ocm03683367/ocm03683367/Output/0343.tif /mnt/lsdi/ocm03683367/ocm03683367/Output/0344.tif /mnt/lsdi/ocm03683367/ocm03683367/Output/0345.tif /mnt/lsdi/ocm03683367/ocm03683367/Output/0346.tif /mnt/lsdi/ocm03683367/ocm03683367/Output/0347.tif /mnt/lsdi/ocm03683367/ocm03683367/Output/0348.tif /mnt/lsdi/ocm03683367/ocm03683367/Output/0349.tif /mnt/lsdi/ocm03683367/ocm03683367/Output/0350.tif /mnt/lsdi/ocm03683367/ocm03683367/Output/0351.tif /mnt/lsdi/ocm03683367/ocm03683367/Output/0352.tif /mnt/lsdi/ocm03683367/ocm03683367/Output/0353.tif /mnt/lsdi/ocm03683367/ocm03683367/Output/0354.tif /mnt/lsdi/ocm03683367/ocm03683367/Output/0355.tif /mnt/lsdi/ocm03683367/ocm03683367/Output/0356.tif /mnt/lsdi/ocm03683367/ocm03683367/Output/0357.tif /mnt/lsdi/ocm03683367/ocm03683367/Output/0358.tif /mnt/lsdi/ocm03683367/ocm03683367/Output/0359.tif /mnt/lsdi/ocm03683367/ocm03683367/Output/0360.tif /mnt/lsdi/ocm03683367/ocm03683367/Output/0361.tif /mnt/lsdi/ocm03683367/ocm03683367/Output/0362.tif /mnt/lsdi/ocm03683367/ocm03683367/Output/0363.tif /mnt/lsdi/ocm03683367/ocm03683367/Output/0364.tif /mnt/lsdi/ocm03683367/ocm03683367/Output/0365.tif /mnt/lsdi/ocm03683367/ocm03683367/Output/0366.tif /mnt/lsdi/ocm03683367/ocm03683367/Output/0367.tif /mnt/lsdi/ocm03683367/ocm03683367/Output/0368.tif /mnt/lsdi/ocm03683367/ocm03683367/Output/0369.tif /mnt/lsdi/ocm03683367/ocm03683367/Output/0370.tif /mnt/lsdi/ocm03683367/ocm03683367/Output/0371.tif /mnt/lsdi/ocm03683367/ocm03683367/Output/0372.tif /mnt/lsdi/ocm03683367/ocm03683367/Output/0373.tif /mnt/lsdi/ocm03683367/ocm03683367/Output/0374.tif /mnt/lsdi/ocm03683367/ocm03683367/Output/0375.tif /mnt/lsdi/ocm03683367/ocm03683367/Output/0376.tif /mnt/lsdi/ocm03683367/ocm03683367/Output/0377.tif /mnt/lsdi/ocm03683367/ocm03683367/Output/0378.tif /mnt/lsdi/ocm03683367/ocm03683367/Output/0379.tif /mnt/lsdi/ocm03683367/ocm03683367/Output/0380.tif /mnt/lsdi/ocm03683367/ocm03683367/Output/0381.tif /mnt/lsdi/ocm03683367/ocm03683367/Output/0382.tif /mnt/lsdi/ocm03683367/ocm03683367/Output/0383.tif /mnt/lsdi/ocm03683367/ocm03683367/Output/0384.tif /mnt/lsdi/ocm03683367/ocm03683367/Output/0385.tif /mnt/lsdi/ocm03683367/ocm03683367/Output/0386.tif /mnt/lsdi/ocm03683367/ocm03683367/Output/0387.tif /mnt/lsdi/ocm03683367/ocm03683367/Output/0388.tif /mnt/lsdi/ocm03683367/ocm03683367/Output/0389.tif /mnt/lsdi/ocm03683367/ocm03683367/Output/0390.tif /mnt/lsdi/ocm03683367/ocm03683367/Output/0391.tif /mnt/lsdi/ocm03683367/ocm03683367/Output/0392.tif /mnt/lsdi/ocm03683367/ocm03683367/Output/0393.tif /mnt/lsdi/ocm03683367/ocm03683367/Output/0394.tif /mnt/lsdi/ocm03683367/ocm03683367/Output/0395.tif /mnt/lsdi/ocm03683367/ocm03683367/Output/0396.tif /mnt/lsdi/ocm03683367/ocm03683367/Output/0397.tif /mnt/lsdi/ocm03683367/ocm03683367/Output/0398.tif /mnt/lsdi/ocm03683367/ocm03683367/Output/0399.tif /mnt/lsdi/ocm03683367/ocm03683367/Output/0400.tif
  adding: mnt/lsdi/ocm03683367/ocm03683367/Output/0001.tif (deflated 85%)
  adding: mnt/lsdi/ocm03683367/ocm03683367/Output/0002.tif (deflated 85%)
  adding: mnt/lsdi/ocm03683367/ocm03683367/Output/0003.tif (deflated 74%)
  adding: mnt/lsdi/ocm03683367/ocm03683367/Output/0004.tif (deflated 6%)
  adding: mnt/lsdi/ocm03683367/ocm03683367/Output/0005.tif (deflated 72%)
  adding: mnt/lsdi/ocm03683367/ocm03683367/Output/0006.tif (deflated 70%)
  adding: mnt/lsdi/ocm03683367/ocm03683367/Output/0007.tif (deflated 98%)
  adding: mnt/lsdi/ocm03683367/ocm03683367/Output/0008.tif (deflated 4%)
  adding: mnt/lsdi/ocm03683367/ocm03683367/Output/0009.tif (deflated 5%)
  adding: mnt/lsdi/ocm03683367/ocm03683367/Output/0010.tif (deflated 5%)
  adding: mnt/lsdi/ocm03683367/ocm03683367/Output/0011.tif (deflated 4%)
  adding: mnt/lsdi/ocm03683367/ocm03683367/Output/0012.tif (deflated 5%)
  adding: mnt/lsdi/ocm03683367/ocm03683367/Output/0013.tif (deflated 4%)
  adding: mnt/lsdi/ocm03683367/ocm03683367/Output/0014.tif (deflated 4%)
  adding: mnt/lsdi/ocm03683367/ocm03683367/Output/0015.tif (deflated 78%)
  adding: mnt/lsdi/ocm03683367/ocm03683367/Output/0016.tif (deflated 6%)
  adding: mnt/lsdi/ocm03683367/ocm03683367/Output/0017.tif (deflated 85%)
  adding: mnt/lsdi/ocm03683367/ocm03683367/Output/0018.tif (deflated 4%)
  adding: mnt/lsdi/ocm03683367/ocm03683367/Output/0019.tif (deflated 4%)
  adding: mnt/lsdi/ocm03683367/ocm03683367/Output/0020.tif (deflated 4%)
  adding: mnt/lsdi/ocm03683367/ocm03683367/Output/0021.tif (deflated 4%)
  adding: mnt/lsdi/ocm03683367/ocm03683367/Output/0022.tif (deflated 5%)
  adding: mnt/lsdi/ocm03683367/ocm03683367/Output/0023.tif (deflated 4%)
  adding: mnt/lsdi/ocm03683367/ocm03683367/Output/0024.tif (deflated 89%)
  adding: mnt/lsdi/ocm03683367/ocm03683367/Output/0025.tif (deflated 4%)
  adding: mnt/lsdi/ocm03683367/ocm03683367/Output/0026.tif (deflated 8%)
  adding: mnt/lsdi/ocm03683367/ocm03683367/Output/0027.tif (deflated 5%)
  adding: mnt/lsdi/ocm03683367/ocm03683367/Output/0028.tif (deflated 5%)
  adding: mnt/lsdi/ocm03683367/ocm03683367/Output/0029.tif (deflated 5%)
  adding: mnt/lsdi/ocm03683367/ocm03683367/Output/0030.tif (deflated 5%)
  adding: mnt/lsdi/ocm03683367/ocm03683367/Output/0031.tif (deflated 5%)
  adding: mnt/lsdi/ocm03683367/ocm03683367/Output/0032.tif (deflated 5%)
  adding: mnt/lsdi/ocm03683367/ocm03683367/Output/0033.tif (deflated 99%)
  adding: mnt/lsdi/ocm03683367/ocm03683367/Output/0034.tif (deflated 4%)
  adding: mnt/lsdi/ocm03683367/ocm03683367/Output/0035.tif (deflated 4%)
  adding: mnt/lsdi/ocm03683367/ocm03683367/Output/0036.tif (deflated 4%)
  adding: mnt/lsdi/ocm03683367/ocm03683367/Output/0037.tif (deflated 4%)
  adding: mnt/lsdi/ocm03683367/ocm03683367/Output/0038.tif (deflated 4%)
  adding: mnt/lsdi/ocm03683367/ocm03683367/Output/0039.tif (deflated 4%)
  adding: mnt/lsdi/ocm03683367/ocm03683367/Output/0040.tif (deflated 4%)
  adding: mnt/lsdi/ocm03683367/ocm03683367/Output/0041.tif (deflated 4%)
  adding: mnt/lsdi/ocm03683367/ocm03683367/Output/0042.tif (deflated 4%)
  adding: mnt/lsdi/ocm03683367/ocm03683367/Output/0043.tif (deflated 4%)
  adding: mnt/lsdi/ocm03683367/ocm03683367/Output/0044.tif (deflated 4%)
  adding: mnt/lsdi/ocm03683367/ocm03683367/Output/0045.tif (deflated 4%)
  adding: mnt/lsdi/ocm03683367/ocm03683367/Output/0046.tif (deflated 4%)
  adding: mnt/lsdi/ocm03683367/ocm03683367/Output/0047.tif (deflated 97%)
  adding: mnt/lsdi/ocm03683367/ocm03683367/Output/0048.tif (deflated 4%)
  adding: mnt/lsdi/ocm03683367/ocm03683367/Output/0049.tif (deflated 99%)
  adding: mnt/lsdi/ocm03683367/ocm03683367/Output/0050.tif (deflated 5%)
  adding: mnt/lsdi/ocm03683367/ocm03683367/Output/0051.tif (deflated 4%)
  adding: mnt/lsdi/ocm03683367/ocm03683367/Output/0052.tif (deflated 88%)
  adding: mnt/lsdi/ocm03683367/ocm03683367/Output/0053.tif (deflated 92%)
  adding: mnt/lsdi/ocm03683367/ocm03683367/Output/0054.tif (deflated 79%)
  adding: mnt/lsdi/ocm03683367/ocm03683367/Output/0055.tif (deflated 4%)
  adding: mnt/lsdi/ocm03683367/ocm03683367/Output/0056.tif (deflated 85%)
  adding: mnt/lsdi/ocm03683367/ocm03683367/Output/0057.tif (deflated 90%)
  adding: mnt/lsdi/ocm03683367/ocm03683367/Output/0058.tif (deflated 4%)
  adding: mnt/lsdi/ocm03683367/ocm03683367/Output/0059.tif (deflated 78%)
  adding: mnt/lsdi/ocm03683367/ocm03683367/Output/0060.tif (deflated 4%)
  adding: mnt/lsdi/ocm03683367/ocm03683367/Output/0061.tif (deflated 91%)
  adding: mnt/lsdi/ocm03683367/ocm03683367/Output/0062.tif (deflated 4%)
  adding: mnt/lsdi/ocm03683367/ocm03683367/Output/0063.tif (deflated 4%)
  adding: mnt/lsdi/ocm03683367/ocm03683367/Output/0064.tif (deflated 5%)
  adding: mnt/lsdi/ocm03683367/ocm03683367/Output/0065.tif (deflated 4%)
  adding: mnt/lsdi/ocm03683367/ocm03683367/Output/0066.tif (deflated 4%)
  adding: mnt/lsdi/ocm03683367/ocm03683367/Output/0067.tif (deflated 4%)
  adding: mnt/lsdi/ocm03683367/ocm03683367/Output/0068.tif (deflated 4%)
  adding: mnt/lsdi/ocm03683367/ocm03683367/Output/0069.tif (deflated 4%)
  adding: mnt/lsdi/ocm03683367/ocm03683367/Output/0070.tif (deflated 4%)
  adding: mnt/lsdi/ocm03683367/ocm03683367/Output/0071.tif (deflated 4%)
  adding: mnt/lsdi/ocm03683367/ocm03683367/Output/0072.tif (deflated 4%)
  adding: mnt/lsdi/ocm03683367/ocm03683367/Output/0073.tif (deflated 4%)
  adding: mnt/lsdi/ocm03683367/ocm03683367/Output/0074.tif (deflated 4%)
  adding: mnt/lsdi/ocm03683367/ocm03683367/Output/0075.tif (deflated 4%)
  adding: mnt/lsdi/ocm03683367/ocm03683367/Output/0076.tif (deflated 4%)
  adding: mnt/lsdi/ocm03683367/ocm03683367/Output/0077.tif (deflated 4%)
  adding: mnt/lsdi/ocm03683367/ocm03683367/Output/0078.tif (deflated 4%)
  adding: mnt/lsdi/ocm03683367/ocm03683367/Output/0079.tif (deflated 5%)
  adding: mnt/lsdi/ocm03683367/ocm03683367/Output/0080.tif (deflated 4%)
  adding: mnt/lsdi/ocm03683367/ocm03683367/Output/0081.tif (deflated 4%)
  adding: mnt/lsdi/ocm03683367/ocm03683367/Output/0082.tif (deflated 4%)
  adding: mnt/lsdi/ocm03683367/ocm03683367/Output/0083.tif (deflated 79%)
  adding: mnt/lsdi/ocm03683367/ocm03683367/Output/0084.tif (deflated 6%)
  adding: mnt/lsdi/ocm03683367/ocm03683367/Output/0085.tif (deflated 91%)
  adding: mnt/lsdi/ocm03683367/ocm03683367/Output/0086.tif (deflated 4%)
  adding: mnt/lsdi/ocm03683367/ocm03683367/Output/0087.tif (deflated 4%)
  adding: mnt/lsdi/ocm03683367/ocm03683367/Output/0088.tif (deflated 4%)
  adding: mnt/lsdi/ocm03683367/ocm03683367/Output/0089.tif (deflated 84%)
  adding: mnt/lsdi/ocm03683367/ocm03683367/Output/0090.tif (deflated 4%)
  adding: mnt/lsdi/ocm03683367/ocm03683367/Output/0091.tif (deflated 4%)
  adding: mnt/lsdi/ocm03683367/ocm03683367/Output/0092.tif (deflated 4%)
  adding: mnt/lsdi/ocm03683367/ocm03683367/Output/0093.tif (deflated 88%)
  adding: mnt/lsdi/ocm03683367/ocm03683367/Output/0094.tif (deflated 90%)
  adding: mnt/lsdi/ocm03683367/ocm03683367/Output/0095.tif (deflated 74%)
  adding: mnt/lsdi/ocm03683367/ocm03683367/Output/0096.tif (deflated 79%)
  adding: mnt/lsdi/ocm03683367/ocm03683367/Output/0097.tif (deflated 94%)
  adding: mnt/lsdi/ocm03683367/ocm03683367/Output/0098.tif (deflated 7%)
  adding: mnt/lsdi/ocm03683367/ocm03683367/Output/0099.tif (deflated 89%)
  adding: mnt/lsdi/ocm03683367/ocm03683367/Output/0100.tif (deflated 4%)
  adding: mnt/lsdi/ocm03683367/ocm03683367/Output/0101.tif (deflated 4%)
  adding: mnt/lsdi/ocm03683367/ocm03683367/Output/0102.tif (deflated 3%)
  adding: mnt/lsdi/ocm03683367/ocm03683367/Output/0103.tif (deflated 4%)
  adding: mnt/lsdi/ocm03683367/ocm03683367/Output/0104.tif (deflated 4%)
  adding: mnt/lsdi/ocm03683367/ocm03683367/Output/0105.tif (deflated 4%)
  adding: mnt/lsdi/ocm03683367/ocm03683367/Output/0106.tif (deflated 4%)
  adding: mnt/lsdi/ocm03683367/ocm03683367/Output/0107.tif (deflated 4%)
  adding: mnt/lsdi/ocm03683367/ocm03683367/Output/0108.tif (deflated 4%)
  adding: mnt/lsdi/ocm03683367/ocm03683367/Output/0109.tif (deflated 90%)
  adding: mnt/lsdi/ocm03683367/ocm03683367/Output/0110.tif (deflated 4%)
  adding: mnt/lsdi/ocm03683367/ocm03683367/Output/0111.tif (deflated 4%)
  adding: mnt/lsdi/ocm03683367/ocm03683367/Output/0112.tif (deflated 4%)
  adding: mnt/lsdi/ocm03683367/ocm03683367/Output/0113.tif (deflated 4%)
  adding: mnt/lsdi/ocm03683367/ocm03683367/Output/0114.tif (deflated 4%)
  adding: mnt/lsdi/ocm03683367/ocm03683367/Output/0115.tif (deflated 5%)
  adding: mnt/lsdi/ocm03683367/ocm03683367/Output/0116.tif (deflated 3%)
  adding: mnt/lsdi/ocm03683367/ocm03683367/Output/0117.tif (deflated 4%)
  adding: mnt/lsdi/ocm03683367/ocm03683367/Output/0118.tif (deflated 98%)
  adding: mnt/lsdi/ocm03683367/ocm03683367/Output/0119.tif (deflated 75%)
  adding: mnt/lsdi/ocm03683367/ocm03683367/Output/0120.tif (deflated 83%)
  adding: mnt/lsdi/ocm03683367/ocm03683367/Output/0121.tif (deflated 87%)
  adding: mnt/lsdi/ocm03683367/ocm03683367/Output/0122.tif (deflated 4%)
  adding: mnt/lsdi/ocm03683367/ocm03683367/Output/0123.tif (deflated 85%)
  adding: mnt/lsdi/ocm03683367/ocm03683367/Output/0124.tif (deflated 65%)
  adding: mnt/lsdi/ocm03683367/ocm03683367/Output/0125.tif (deflated 91%)
  adding: mnt/lsdi/ocm03683367/ocm03683367/Output/0126.tif (deflated 89%)
  adding: mnt/lsdi/ocm03683367/ocm03683367/Output/0127.tif (deflated 84%)
  adding: mnt/lsdi/ocm03683367/ocm03683367/Output/0128.tif (deflated 4%)
  adding: mnt/lsdi/ocm03683367/ocm03683367/Output/0129.tif (deflated 90%)
  adding: mnt/lsdi/ocm03683367/ocm03683367/Output/0130.tif (deflated 79%)
  adding: mnt/lsdi/ocm03683367/ocm03683367/Output/0131.tif (deflated 90%)
  adding: mnt/lsdi/ocm03683367/ocm03683367/Output/0132.tif (deflated 89%)
  adding: mnt/lsdi/ocm03683367/ocm03683367/Output/0133.tif (deflated 4%)
  adding: mnt/lsdi/ocm03683367/ocm03683367/Output/0134.tif (deflated 7%)
  adding: mnt/lsdi/ocm03683367/ocm03683367/Output/0135.tif (deflated 5%)
  adding: mnt/lsdi/ocm03683367/ocm03683367/Output/0136.tif (deflated 5%)
  adding: mnt/lsdi/ocm03683367/ocm03683367/Output/0137.tif (deflated 77%)
  adding: mnt/lsdi/ocm03683367/ocm03683367/Output/0138.tif (deflated 98%)
  adding: mnt/lsdi/ocm03683367/ocm03683367/Output/0139.tif (deflated 4%)
  adding: mnt/lsdi/ocm03683367/ocm03683367/Output/0140.tif (deflated 93%)
  adding: mnt/lsdi/ocm03683367/ocm03683367/Output/0141.tif (deflated 5%)
  adding: mnt/lsdi/ocm03683367/ocm03683367/Output/0142.tif (deflated 81%)
  adding: mnt/lsdi/ocm03683367/ocm03683367/Output/0143.tif (deflated 4%)
  adding: mnt/lsdi/ocm03683367/ocm03683367/Output/0144.tif (deflated 63%)
  adding: mnt/lsdi/ocm03683367/ocm03683367/Output/0145.tif (deflated 91%)
  adding: mnt/lsdi/ocm03683367/ocm03683367/Output/0146.tif (deflated 72%)
  adding: mnt/lsdi/ocm03683367/ocm03683367/Output/0147.tif (deflated 4%)
  adding: mnt/lsdi/ocm03683367/ocm03683367/Output/0148.tif (deflated 98%)
  adding: mnt/lsdi/ocm03683367/ocm03683367/Output/0149.tif (deflated 86%)
  adding: mnt/lsdi/ocm03683367/ocm03683367/Output/0150.tif (deflated 92%)
  adding: mnt/lsdi/ocm03683367/ocm03683367/Output/0151.tif (deflated 93%)
  adding: mnt/lsdi/ocm03683367/ocm03683367/Output/0152.tif (deflated 98%)
  adding: mnt/lsdi/ocm03683367/ocm03683367/Output/0153.tif (deflated 4%)
  adding: mnt/lsdi/ocm03683367/ocm03683367/Output/0154.tif (deflated 81%)
  adding: mnt/lsdi/ocm03683367/ocm03683367/Output/0155.tif (deflated 4%)
  adding: mnt/lsdi/ocm03683367/ocm03683367/Output/0156.tif (deflated 64%)
  adding: mnt/lsdi/ocm03683367/ocm03683367/Output/0157.tif (deflated 5%)
  adding: mnt/lsdi/ocm03683367/ocm03683367/Output/0158.tif (deflated 44%)
  adding: mnt/lsdi/ocm03683367/ocm03683367/Output/0159.tif (deflated 4%)
  adding: mnt/lsdi/ocm03683367/ocm03683367/Output/0160.tif (deflated 47%)
  adding: mnt/lsdi/ocm03683367/ocm03683367/Output/0161.tif (deflated 69%)
  adding: mnt/lsdi/ocm03683367/ocm03683367/Output/0162.tif (deflated 4%)
  adding: mnt/lsdi/ocm03683367/ocm03683367/Output/0163.tif (deflated 92%)
  adding: mnt/lsdi/ocm03683367/ocm03683367/Output/0164.tif (deflated 72%)
  adding: mnt/lsdi/ocm03683367/ocm03683367/Output/0165.tif (deflated 87%)
  adding: mnt/lsdi/ocm03683367/ocm03683367/Output/0166.tif (deflated 77%)
  adding: mnt/lsdi/ocm03683367/ocm03683367/Output/0167.tif (deflated 4%)
  adding: mnt/lsdi/ocm03683367/ocm03683367/Output/0168.tif (deflated 4%)
  adding: mnt/lsdi/ocm03683367/ocm03683367/Output/0169.tif (deflated 87%)
  adding: mnt/lsdi/ocm03683367/ocm03683367/Output/0170.tif (deflated 4%)
  adding: mnt/lsdi/ocm03683367/ocm03683367/Output/0171.tif (deflated 4%)
  adding: mnt/lsdi/ocm03683367/ocm03683367/Output/0172.tif (deflated 4%)
  adding: mnt/lsdi/ocm03683367/ocm03683367/Output/0173.tif (deflated 4%)
  adding: mnt/lsdi/ocm03683367/ocm03683367/Output/0174.tif (deflated 4%)
  adding: mnt/lsdi/ocm03683367/ocm03683367/Output/0175.tif (deflated 4%)
  adding: mnt/lsdi/ocm03683367/ocm03683367/Output/0176.tif (deflated 92%)
  adding: mnt/lsdi/ocm03683367/ocm03683367/Output/0177.tif (deflated 81%)
  adding: mnt/lsdi/ocm03683367/ocm03683367/Output/0178.tif (deflated 4%)
  adding: mnt/lsdi/ocm03683367/ocm03683367/Output/0179.tif (deflated 93%)
  adding: mnt/lsdi/ocm03683367/ocm03683367/Output/0180.tif (deflated 4%)
  adding: mnt/lsdi/ocm03683367/ocm03683367/Output/0181.tif (deflated 4%)
  adding: mnt/lsdi/ocm03683367/ocm03683367/Output/0182.tif (deflated 92%)
  adding: mnt/lsdi/ocm03683367/ocm03683367/Output/0183.tif (deflated 89%)
  adding: mnt/lsdi/ocm03683367/ocm03683367/Output/0184.tif (deflated 92%)
  adding: mnt/lsdi/ocm03683367/ocm03683367/Output/0185.tif (deflated 80%)
  adding: mnt/lsdi/ocm03683367/ocm03683367/Output/0186.tif (deflated 79%)
  adding: mnt/lsdi/ocm03683367/ocm03683367/Output/0187.tif (deflated 86%)
  adding: mnt/lsdi/ocm03683367/ocm03683367/Output/0188.tif (deflated 92%)
  adding: mnt/lsdi/ocm03683367/ocm03683367/Output/0189.tif (deflated 4%)
  adding: mnt/lsdi/ocm03683367/ocm03683367/Output/0190.tif (deflated 4%)
  adding: mnt/lsdi/ocm03683367/ocm03683367/Output/0191.tif (deflated 4%)
  adding: mnt/lsdi/ocm03683367/ocm03683367/Output/0192.tif (deflated 92%)
  adding: mnt/lsdi/ocm03683367/ocm03683367/Output/0193.tif (deflated 4%)
  adding: mnt/lsdi/ocm03683367/ocm03683367/Output/0194.tif (deflated 80%)
  adding: mnt/lsdi/ocm03683367/ocm03683367/Output/0195.tif (deflated 87%)
  adding: mnt/lsdi/ocm03683367/ocm03683367/Output/0196.tif (deflated 4%)
  adding: mnt/lsdi/ocm03683367/ocm03683367/Output/0197.tif (deflated 98%)
  adding: mnt/lsdi/ocm03683367/ocm03683367/Output/0198.tif (deflated 75%)
  adding: mnt/lsdi/ocm03683367/ocm03683367/Output/0199.tif (deflated 98%)
  adding: mnt/lsdi/ocm03683367/ocm03683367/Output/0200.tif (deflated 98%)
  adding: mnt/lsdi/ocm03683367/ocm03683367/Output/0201.tif (deflated 88%)
  adding: mnt/lsdi/ocm03683367/ocm03683367/Output/0202.tif (deflated 95%)
  adding: mnt/lsdi/ocm03683367/ocm03683367/Output/0203.tif (deflated 92%)
  adding: mnt/lsdi/ocm03683367/ocm03683367/Output/0204.tif (deflated 4%)
  adding: mnt/lsdi/ocm03683367/ocm03683367/Output/0205.tif (deflated 98%)
  adding: mnt/lsdi/ocm03683367/ocm03683367/Output/0206.tif (deflated 4%)
  adding: mnt/lsdi/ocm03683367/ocm03683367/Output/0207.tif (deflated 89%)
  adding: mnt/lsdi/ocm03683367/ocm03683367/Output/0208.tif (deflated 4%)
  adding: mnt/lsdi/ocm03683367/ocm03683367/Output/0209.tif (deflated 72%)
  adding: mnt/lsdi/ocm03683367/ocm03683367/Output/0210.tif (deflated 4%)
  adding: mnt/lsdi/ocm03683367/ocm03683367/Output/0211.tif (deflated 4%)
  adding: mnt/lsdi/ocm03683367/ocm03683367/Output/0212.tif (deflated 88%)
  adding: mnt/lsdi/ocm03683367/ocm03683367/Output/0213.tif (deflated 92%)
  adding: mnt/lsdi/ocm03683367/ocm03683367/Output/0214.tif (deflated 92%)
  adding: mnt/lsdi/ocm03683367/ocm03683367/Output/0215.tif (deflated 85%)
  adding: mnt/lsdi/ocm03683367/ocm03683367/Output/0216.tif (deflated 4%)
  adding: mnt/lsdi/ocm03683367/ocm03683367/Output/0217.tif (deflated 83%)
  adding: mnt/lsdi/ocm03683367/ocm03683367/Output/0218.tif (deflated 4%)
  adding: mnt/lsdi/ocm03683367/ocm03683367/Output/0219.tif (deflated 4%)
  adding: mnt/lsdi/ocm03683367/ocm03683367/Output/0220.tif (deflated 4%)
  adding: mnt/lsdi/ocm03683367/ocm03683367/Output/0221.tif (deflated 90%)
  adding: mnt/lsdi/ocm03683367/ocm03683367/Output/0222.tif (deflated 79%)
  adding: mnt/lsdi/ocm03683367/ocm03683367/Output/0223.tif (deflated 81%)
  adding: mnt/lsdi/ocm03683367/ocm03683367/Output/0224.tif (deflated 92%)
  adding: mnt/lsdi/ocm03683367/ocm03683367/Output/0225.tif (deflated 87%)
  adding: mnt/lsdi/ocm03683367/ocm03683367/Output/0226.tif (deflated 60%)
  adding: mnt/lsdi/ocm03683367/ocm03683367/Output/0227.tif (deflated 93%)
  adding: mnt/lsdi/ocm03683367/ocm03683367/Output/0228.tif (deflated 58%)
  adding: mnt/lsdi/ocm03683367/ocm03683367/Output/0229.tif (deflated 4%)
  adding: mnt/lsdi/ocm03683367/ocm03683367/Output/0230.tif (deflated 4%)
  adding: mnt/lsdi/ocm03683367/ocm03683367/Output/0231.tif (deflated 79%)
  adding: mnt/lsdi/ocm03683367/ocm03683367/Output/0232.tif (deflated 4%)
  adding: mnt/lsdi/ocm03683367/ocm03683367/Output/0233.tif (deflated 4%)
  adding: mnt/lsdi/ocm03683367/ocm03683367/Output/0234.tif (deflated 4%)
  adding: mnt/lsdi/ocm03683367/ocm03683367/Output/0235.tif (deflated 98%)
  adding: mnt/lsdi/ocm03683367/ocm03683367/Output/0236.tif (deflated 4%)
  adding: mnt/lsdi/ocm03683367/ocm03683367/Output/0237.tif (deflated 98%)
  adding: mnt/lsdi/ocm03683367/ocm03683367/Output/0238.tif (deflated 4%)
  adding: mnt/lsdi/ocm03683367/ocm03683367/Output/0239.tif (deflated 98%)
  adding: mnt/lsdi/ocm03683367/ocm03683367/Output/0240.tif (deflated 86%)
  adding: mnt/lsdi/ocm03683367/ocm03683367/Output/0241.tif (deflated 4%)
  adding: mnt/lsdi/ocm03683367/ocm03683367/Output/0242.tif (deflated 98%)
  adding: mnt/lsdi/ocm03683367/ocm03683367/Output/0243.tif (deflated 4%)
  adding: mnt/lsdi/ocm03683367/ocm03683367/Output/0244.tif (deflated 92%)
  adding: mnt/lsdi/ocm03683367/ocm03683367/Output/0245.tif (deflated 4%)
  adding: mnt/lsdi/ocm03683367/ocm03683367/Output/0246.tif (deflated 4%)
  adding: mnt/lsdi/ocm03683367/ocm03683367/Output/0247.tif (deflated 4%)
  adding: mnt/lsdi/ocm03683367/ocm03683367/Output/0248.tif (deflated 4%)
  adding: mnt/lsdi/ocm03683367/ocm03683367/Output/0249.tif (deflated 97%)
  adding: mnt/lsdi/ocm03683367/ocm03683367/Output/0250.tif (deflated 79%)
  adding: mnt/lsdi/ocm03683367/ocm03683367/Output/0251.tif (deflated 4%)
  adding: mnt/lsdi/ocm03683367/ocm03683367/Output/0252.tif (deflated 98%)
  adding: mnt/lsdi/ocm03683367/ocm03683367/Output/0253.tif (deflated 4%)
  adding: mnt/lsdi/ocm03683367/ocm03683367/Output/0254.tif (deflated 4%)
  adding: mnt/lsdi/ocm03683367/ocm03683367/Output/0255.tif (deflated 93%)
  adding: mnt/lsdi/ocm03683367/ocm03683367/Output/0256.tif (deflated 74%)
  adding: mnt/lsdi/ocm03683367/ocm03683367/Output/0257.tif (deflated 4%)
  adding: mnt/lsdi/ocm03683367/ocm03683367/Output/0258.tif (deflated 4%)
  adding: mnt/lsdi/ocm03683367/ocm03683367/Output/0259.tif (deflated 4%)
  adding: mnt/lsdi/ocm03683367/ocm03683367/Output/0260.tif (deflated 93%)
  adding: mnt/lsdi/ocm03683367/ocm03683367/Output/0261.tif (deflated 4%)
  adding: mnt/lsdi/ocm03683367/ocm03683367/Output/0262.tif (deflated 98%)
  adding: mnt/lsdi/ocm03683367/ocm03683367/Output/0263.tif (deflated 78%)
  adding: mnt/lsdi/ocm03683367/ocm03683367/Output/0264.tif (deflated 88%)
  adding: mnt/lsdi/ocm03683367/ocm03683367/Output/0265.tif (deflated 76%)
  adding: mnt/lsdi/ocm03683367/ocm03683367/Output/0266.tif (deflated 4%)
  adding: mnt/lsdi/ocm03683367/ocm03683367/Output/0267.tif (deflated 4%)
  adding: mnt/lsdi/ocm03683367/ocm03683367/Output/0268.tif (deflated 4%)
  adding: mnt/lsdi/ocm03683367/ocm03683367/Output/0269.tif (deflated 93%)
  adding: mnt/lsdi/ocm03683367/ocm03683367/Output/0270.tif (deflated 87%)
  adding: mnt/lsdi/ocm03683367/ocm03683367/Output/0271.tif (deflated 95%)
  adding: mnt/lsdi/ocm03683367/ocm03683367/Output/0272.tif (deflated 4%)
  adding: mnt/lsdi/ocm03683367/ocm03683367/Output/0273.tif (deflated 4%)
  adding: mnt/lsdi/ocm03683367/ocm03683367/Output/0274.tif (deflated 98%)
  adding: mnt/lsdi/ocm03683367/ocm03683367/Output/0275.tif (deflated 4%)
  adding: mnt/lsdi/ocm03683367/ocm03683367/Output/0276.tif (deflated 98%)
  adding: mnt/lsdi/ocm03683367/ocm03683367/Output/0277.tif (deflated 73%)
  adding: mnt/lsdi/ocm03683367/ocm03683367/Output/0278.tif (deflated 4%)
  adding: mnt/lsdi/ocm03683367/ocm03683367/Output/0279.tif (deflated 4%)
  adding: mnt/lsdi/ocm03683367/ocm03683367/Output/0280.tif (deflated 72%)
  adding: mnt/lsdi/ocm03683367/ocm03683367/Output/0281.tif (deflated 4%)
  adding: mnt/lsdi/ocm03683367/ocm03683367/Output/0282.tif (deflated 4%)
  adding: mnt/lsdi/ocm03683367/ocm03683367/Output/0283.tif (deflated 4%)
  adding: mnt/lsdi/ocm03683367/ocm03683367/Output/0284.tif (deflated 93%)
  adding: mnt/lsdi/ocm03683367/ocm03683367/Output/0285.tif (deflated 86%)
  adding: mnt/lsdi/ocm03683367/ocm03683367/Output/0286.tif (deflated 98%)
  adding: mnt/lsdi/ocm03683367/ocm03683367/Output/0287.tif (deflated 90%)
  adding: mnt/lsdi/ocm03683367/ocm03683367/Output/0288.tif (deflated 75%)
  adding: mnt/lsdi/ocm03683367/ocm03683367/Output/0289.tif (deflated 4%)
  adding: mnt/lsdi/ocm03683367/ocm03683367/Output/0290.tif (deflated 92%)
  adding: mnt/lsdi/ocm03683367/ocm03683367/Output/0291.tif (deflated 82%)
  adding: mnt/lsdi/ocm03683367/ocm03683367/Output/0292.tif (deflated 92%)
  adding: mnt/lsdi/ocm03683367/ocm03683367/Output/0293.tif (deflated 81%)
  adding: mnt/lsdi/ocm03683367/ocm03683367/Output/0294.tif (deflated 88%)
  adding: mnt/lsdi/ocm03683367/ocm03683367/Output/0295.tif (deflated 78%)
  adding: mnt/lsdi/ocm03683367/ocm03683367/Output/0296.tif (deflated 4%)
  adding: mnt/lsdi/ocm03683367/ocm03683367/Output/0297.tif (deflated 93%)
  adding: mnt/lsdi/ocm03683367/ocm03683367/Output/0298.tif (deflated 77%)
  adding: mnt/lsdi/ocm03683367/ocm03683367/Output/0299.tif (deflated 95%)
  adding: mnt/lsdi/ocm03683367/ocm03683367/Output/0300.tif (deflated 82%)
  adding: mnt/lsdi/ocm03683367/ocm03683367/Output/0301.tif (deflated 4%)
  adding: mnt/lsdi/ocm03683367/ocm03683367/Output/0302.tif (deflated 92%)
  adding: mnt/lsdi/ocm03683367/ocm03683367/Output/0303.tif (deflated 81%)
  adding: mnt/lsdi/ocm03683367/ocm03683367/Output/0304.tif (deflated 68%)
  adding: mnt/lsdi/ocm03683367/ocm03683367/Output/0305.tif (deflated 4%)
  adding: mnt/lsdi/ocm03683367/ocm03683367/Output/0306.tif (deflated 92%)
  adding: mnt/lsdi/ocm03683367/ocm03683367/Output/0307.tif (deflated 82%)
  adding: mnt/lsdi/ocm03683367/ocm03683367/Output/0308.tif (deflated 91%)
  adding: mnt/lsdi/ocm03683367/ocm03683367/Output/0309.tif (deflated 87%)
  adding: mnt/lsdi/ocm03683367/ocm03683367/Output/0310.tif (deflated 4%)
  adding: mnt/lsdi/ocm03683367/ocm03683367/Output/0311.tif (deflated 98%)
  adding: mnt/lsdi/ocm03683367/ocm03683367/Output/0312.tif (deflated 65%)
  adding: mnt/lsdi/ocm03683367/ocm03683367/Output/0313.tif (deflated 70%)
  adding: mnt/lsdi/ocm03683367/ocm03683367/Output/0314.tif (deflated 79%)
  adding: mnt/lsdi/ocm03683367/ocm03683367/Output/0315.tif (deflated 71%)
  adding: mnt/lsdi/ocm03683367/ocm03683367/Output/0316.tif (deflated 4%)
  adding: mnt/lsdi/ocm03683367/ocm03683367/Output/0317.tif (deflated 93%)
  adding: mnt/lsdi/ocm03683367/ocm03683367/Output/0318.tif (deflated 87%)
  adding: mnt/lsdi/ocm03683367/ocm03683367/Output/0319.tif (deflated 87%)
  adding: mnt/lsdi/ocm03683367/ocm03683367/Output/0320.tif (deflated 85%)
  adding: mnt/lsdi/ocm03683367/ocm03683367/Output/0321.tif (deflated 92%)
  adding: mnt/lsdi/ocm03683367/ocm03683367/Output/0322.tif (deflated 75%)
  adding: mnt/lsdi/ocm03683367/ocm03683367/Output/0323.tif (deflated 4%)
  adding: mnt/lsdi/ocm03683367/ocm03683367/Output/0324.tif (deflated 70%)
  adding: mnt/lsdi/ocm03683367/ocm03683367/Output/0325.tif (deflated 96%)
  adding: mnt/lsdi/ocm03683367/ocm03683367/Output/0326.tif (deflated 4%)
  adding: mnt/lsdi/ocm03683367/ocm03683367/Output/0327.tif (deflated 4%)
  adding: mnt/lsdi/ocm03683367/ocm03683367/Output/0328.tif (deflated 57%)
  adding: mnt/lsdi/ocm03683367/ocm03683367/Output/0329.tif (deflated 4%)
  adding: mnt/lsdi/ocm03683367/ocm03683367/Output/0330.tif (deflated 97%)
  adding: mnt/lsdi/ocm03683367/ocm03683367/Output/0331.tif (deflated 4%)
  adding: mnt/lsdi/ocm03683367/ocm03683367/Output/0332.tif (deflated 57%)
  adding: mnt/lsdi/ocm03683367/ocm03683367/Output/0333.tif (deflated 4%)
  adding: mnt/lsdi/ocm03683367/ocm03683367/Output/0334.tif (deflated 98%)
  adding: mnt/lsdi/ocm03683367/ocm03683367/Output/0335.tif (deflated 4%)
  adding: mnt/lsdi/ocm03683367/ocm03683367/Output/0336.tif (deflated 4%)
  adding: mnt/lsdi/ocm03683367/ocm03683367/Output/0337.tif (deflated 4%)
  adding: mnt/lsdi/ocm03683367/ocm03683367/Output/0338.tif (deflated 96%)
  adding: mnt/lsdi/ocm03683367/ocm03683367/Output/0339.tif (deflated 4%)
  adding: mnt/lsdi/ocm03683367/ocm03683367/Output/0340.tif (deflated 4%)
  adding: mnt/lsdi/ocm03683367/ocm03683367/Output/0341.tif (deflated 4%)
  adding: mnt/lsdi/ocm03683367/ocm03683367/Output/0342.tif (deflated 51%)
  adding: mnt/lsdi/ocm03683367/ocm03683367/Output/0343.tif (deflated 94%)
  adding: mnt/lsdi/ocm03683367/ocm03683367/Output/0344.tif (deflated 77%)
  adding: mnt/lsdi/ocm03683367/ocm03683367/Output/0345.tif (deflated 4%)
  adding: mnt/lsdi/ocm03683367/ocm03683367/Output/0346.tif (deflated 99%)
  adding: mnt/lsdi/ocm03683367/ocm03683367/Output/0347.tif (deflated 4%)
  adding: mnt/lsdi/ocm03683367/ocm03683367/Output/0348.tif (deflated 97%)
  adding: mnt/lsdi/ocm03683367/ocm03683367/Output/0349.tif (deflated 3%)
  adding: mnt/lsdi/ocm03683367/ocm03683367/Output/0350.tif (deflated 97%)
  adding: mnt/lsdi/ocm03683367/ocm03683367/Output/0351.tif (deflated 3%)
  adding: mnt/lsdi/ocm03683367/ocm03683367/Output/0352.tif (deflated 96%)
  adding: mnt/lsdi/ocm03683367/ocm03683367/Output/0353.tif (deflated 3%)
  adding: mnt/lsdi/ocm03683367/ocm03683367/Output/0354.tif (deflated 83%)
  adding: mnt/lsdi/ocm03683367/ocm03683367/Output/0355.tif (deflated 4%)
  adding: mnt/lsdi/ocm03683367/ocm03683367/Output/0356.tif (deflated 72%)
  adding: mnt/lsdi/ocm03683367/ocm03683367/Output/0357.tif (deflated 3%)
  adding: mnt/lsdi/ocm03683367/ocm03683367/Output/0358.tif (deflated 3%)
  adding: mnt/lsdi/ocm03683367/ocm03683367/Output/0359.tif (deflated 4%)
  adding: mnt/lsdi/ocm03683367/ocm03683367/Output/0360.tif (deflated 97%)
  adding: mnt/lsdi/ocm03683367/ocm03683367/Output/0361.tif (deflated 3%)
  adding: mnt/lsdi/ocm03683367/ocm03683367/Output/0362.tif (deflated 63%)
  adding: mnt/lsdi/ocm03683367/ocm03683367/Output/0363.tif (deflated 4%)
  adding: mnt/lsdi/ocm03683367/ocm03683367/Output/0364.tif (deflated 98%)
  adding: mnt/lsdi/ocm03683367/ocm03683367/Output/0365.tif (deflated 98%)
  adding: mnt/lsdi/ocm03683367/ocm03683367/Output/0366.tif (deflated 98%)
  adding: mnt/lsdi/ocm03683367/ocm03683367/Output/0367.tif (deflated 3%)
  adding: mnt/lsdi/ocm03683367/ocm03683367/Output/0368.tif (deflated 62%)
  adding: mnt/lsdi/ocm03683367/ocm03683367/Output/0369.tif (deflated 3%)
  adding: mnt/lsdi/ocm03683367/ocm03683367/Output/0370.tif (deflated 97%)
  adding: mnt/lsdi/ocm03683367/ocm03683367/Output/0371.tif (deflated 3%)
  adding: mnt/lsdi/ocm03683367/ocm03683367/Output/0372.tif (deflated 76%)
  adding: mnt/lsdi/ocm03683367/ocm03683367/Output/0373.tif (deflated 3%)
  adding: mnt/lsdi/ocm03683367/ocm03683367/Output/0374.tif (deflated 3%)
  adding: mnt/lsdi/ocm03683367/ocm03683367/Output/0375.tif (deflated 4%)
  adding: mnt/lsdi/ocm03683367/ocm03683367/Output/0376.tif (deflated 97%)
  adding: mnt/lsdi/ocm03683367/ocm03683367/Output/0377.tif (deflated 98%)
  adding: mnt/lsdi/ocm03683367/ocm03683367/Output/0378.tif (deflated 7%)
  adding: mnt/lsdi/ocm03683367/ocm03683367/Output/0379.tif (deflated 4%)
  adding: mnt/lsdi/ocm03683367/ocm03683367/Output/0380.tif (deflated 4%)
  adding: mnt/lsdi/ocm03683367/ocm03683367/Output/0381.tif (deflated 5%)
  adding: mnt/lsdi/ocm03683367/ocm03683367/Output/0382.tif (deflated 4%)
  adding: mnt/lsdi/ocm03683367/ocm03683367/Output/0383.tif (deflated 5%)
  adding: mnt/lsdi/ocm03683367/ocm03683367/Output/0384.tif (deflated 89%)
  adding: mnt/lsdi/ocm03683367/ocm03683367/Output/0385.tif (deflated 98%)
  adding: mnt/lsdi/ocm03683367/ocm03683367/Output/0386.tif (deflated 63%)
  adding: mnt/lsdi/ocm03683367/ocm03683367/Output/0387.tif (deflated 4%)
  adding: mnt/lsdi/ocm03683367/ocm03683367/Output/0388.tif (deflated 4%)
  adding: mnt/lsdi/ocm03683367/ocm03683367/Output/0389.tif (deflated 5%)
  adding: mnt/lsdi/ocm03683367/ocm03683367/Output/0390.tif (deflated 3%)
  adding: mnt/lsdi/ocm03683367/ocm03683367/Output/0391.tif (deflated 4%)
  adding: mnt/lsdi/ocm03683367/ocm03683367/Output/0392.tif (deflated 3%)
  adding: mnt/lsdi/ocm03683367/ocm03683367/Output/0393.tif (deflated 4%)
  adding: mnt/lsdi/ocm03683367/ocm03683367/Output/0394.tif (deflated 3%)
  adding: mnt/lsdi/ocm03683367/ocm03683367/Output/0395.tif (deflated 3%)
  adding: mnt/lsdi/ocm03683367/ocm03683367/Output/0396.tif (deflated 3%)
  adding: mnt/lsdi/ocm03683367/ocm03683367/Output/0397.tif (deflated 3%)
  adding: mnt/lsdi/ocm03683367/ocm03683367/Output/0398.tif (deflated 6%)
  adding: mnt/lsdi/ocm03683367/ocm03683367/Output/0399.tif (deflated 85%)
  adding: mnt/lsdi/ocm03683367/ocm03683367/Output/0400.tif (deflated 85%)
curl --location --header authorization: LOW fpJYfLnxbLmCEHqU:JQbq6NgBaPrSh98Y --upload-file /temp/ocm03683367_images.zip http://s3.us.archive.org/03683367.emory.edu/03683367_images.zip
  % Total    % Received % Xferd  Average Speed   Time    Time     Time  Current
                                 Dload  Upload   Total   Spent    Left  Speed
  0     0    0     0    0     0      0      0 --:--:-- --:--:-- --:--:--     0  0  244M    0     0    0     0      0      0 --:--:--  0:00:01 --:--:--     0  0  244M    0     0    0     0      0      0 --:--:--  0:00:02 --:--:--     0  0  244M    0     0    0  624k      0   215k  0:19:21  0:00:02  0:19:19  221k  0  244M    0     0    0 1568k      0   403k  0:10:20  0:00:03  0:10:17  410k  0  244M    0     0    0 2496k      0   505k  0:08:15  0:00:04  0:08:11  512k  1  244M    0     0    1 3376k      0   569k  0:07:19  0:00:05  0:07:14  695k  1  244M    0     0    1 4256k      0   615k  0:06:46  0:00:06  0:06:40  878k  2  244M    0     0    2 5136k      0   649k  0:06:25  0:00:07  0:06:18  900k  2  244M    0     0    2 6016k      0   676k  0:06:09  0:00:08  0:06:01  888k  2  244M    0     0    2 6912k      0   699k  0:05:58  0:00:09  0:05:49  892k  3  244M    0     0    3 7760k      0   711k  0:05:51  0:00:10  0:05:41  880k  3  244M    0     0    3 8640k      0   726k  0:05:44  0:00:11  0:05:33  881k  3  244M    0     0    3 9552k      0   739k  0:05:38  0:00:12  0:05:26  881k  4  244M    0     0    4 10.0M      0   741k  0:05:37  0:00:13  0:05:24  857k  4  244M    0     0    4 10.6M      0   731k  0:05:42  0:00:14  0:05:28  795k  4  244M    0     0    4 11.3M      0   731k  0:05:42  0:00:15  0:05:27  773k  4  244M    0     0    4 12.1M      0   738k  0:05:38  0:00:16  0:05:22  766k  5  244M    0     0    5 13.0M      0   749k  0:05:33  0:00:17  0:05:16  774k  5  244M    0     0    5 13.8M      0   750k  0:05:33  0:00:18  0:05:15  773k  5  244M    0     0    5 14.5M      0   747k  0:05:35  0:00:19  0:05:16  793k  6  244M    0     0    6 15.1M      0   741k  0:05:37  0:00:20  0:05:17  772k  6  244M    0     0    6 15.8M      0   738k  0:05:38  0:00:21  0:05:17  739k  6  244M    0     0    6 16.4M      0   734k  0:05:40  0:00:22  0:05:18  681k  6  244M    0     0    6 17.0M      0   731k  0:05:42  0:00:23  0:05:19  662k  7  244M    0     0    7 17.8M      0   733k  0:05:41  0:00:24  0:05:17  679k  7  244M    0     0    7 18.5M      0   733k  0:05:41  0:00:25  0:05:16  702k  7  244M    0     0    7 19.3M      0   734k  0:05:40  0:00:26  0:05:14  717k  8  244M    0     0    8 19.8M      0   729k  0:05:43  0:00:27  0:05:16  704k  8  244M    0     0    8 20.5M      0   727k  0:05:43  0:00:28  0:05:15  709k  8  244M    0     0    8 21.2M      0   727k  0:05:43  0:00:29  0:05:14  699k  8  244M    0     0    8 21.8M      0   725k  0:05:44  0:00:30  0:05:14  683k  9  244M    0     0    9 22.6M      0   725k  0:05:44  0:00:31  0:05:13  676k  9  244M    0     0    9 23.3M      0   726k  0:05:44  0:00:32  0:05:12  712k  9  244M    0     0    9 24.0M      0   727k  0:05:44  0:00:33  0:05:11  725k 10  244M    0     0   10 24.8M      0   729k  0:05:43  0:00:34  0:05:09  740k 10  244M    0     0   10 25.6M      0   732k  0:05:41  0:00:35  0:05:06  772k 10  244M    0     0   10 26.4M      0   732k  0:05:41  0:00:36  0:05:05  779k 11  244M    0     0   11 27.2M      0   736k  0:05:39  0:00:37  0:05:02  801k 11  244M    0     0   11 28.0M      0   739k  0:05:38  0:00:38  0:05:00  819k 11  244M    0     0   11 28.9M      0   741k  0:05:37  0:00:39  0:04:58  825k 12  244M    0     0   12 29.7M      0   745k  0:05:35  0:00:40  0:04:55  839k 12  244M    0     0   12 30.6M      0   748k  0:05:34  0:00:41  0:04:53  862k 12  244M    0     0   12 31.5M      0   752k  0:05:32  0:00:42  0:04:50  870k 13  244M    0     0   13 32.3M      0   755k  0:05:31  0:00:43  0:04:48  878k 13  244M    0     0   13 33.2M      0   758k  0:05:29  0:00:44  0:04:45  893k 13  244M    0     0   13 34.1M      0   761k  0:05:28  0:00:45  0:04:43  891k 14  244M    0     0   14 34.9M      0   763k  0:05:27  0:00:46  0:04:41  894k 14  244M    0     0   14 35.8M      0   766k  0:05:26  0:00:47  0:04:39  889k 15  244M    0     0   15 36.7M      0   769k  0:05:25  0:00:48  0:04:37  891k 15  244M    0     0   15 37.5M      0   771k  0:05:24  0:00:49  0:04:35  886k 15  244M    0     0   15 38.4M      0   773k  0:05:23  0:00:50  0:04:33  888k 16  244M    0     0   16 39.3M      0   775k  0:05:22  0:00:51  0:04:31  888k 16  244M    0     0   16 40.1M      0   778k  0:05:21  0:00:52  0:04:29  889k 16  244M    0     0   16 41.0M      0   780k  0:05:20  0:00:53  0:04:27  888k 17  244M    0     0   17 41.9M      0   782k  0:05:19  0:00:54  0:04:25  891k 17  244M    0     0   17 42.8M      0   784k  0:05:19  0:00:55  0:04:24  892k 17  244M    0     0   17 43.6M      0   786k  0:05:18  0:00:56  0:04:22  891k 18  244M    0     0   18 44.5M      0   787k  0:05:18  0:00:57  0:04:21  882k 18  244M    0     0   18 45.3M      0   788k  0:05:17  0:00:58  0:04:19  880k 18  244M    0     0   18 46.2M      0   790k  0:05:16  0:00:59  0:04:17  880k 19  244M    0     0   19 47.1M      0   792k  0:05:16  0:01:00  0:04:16  878k 19  244M    0     0   19 47.6M      0   788k  0:05:17  0:01:01  0:04:16  814k 19  244M    0     0   19 48.3M      0   786k  0:05:18  0:01:02  0:04:16  777k 20  244M    0     0   20 49.0M      0   786k  0:05:18  0:01:03  0:04:15  761k 20  244M    0     0   20 49.9M      0   788k  0:05:17  0:01:04  0:04:13  758k 20  244M    0     0   20 50.8M      0   789k  0:05:17  0:01:05  0:04:12  759k 21  244M    0     0   21 51.6M      0   791k  0:05:16  0:01:06  0:04:10  824k 21  244M    0     0   21 52.5M      0   792k  0:05:15  0:01:07  0:04:08  867k 21  244M    0     0   21 53.4M      0   793k  0:05:15  0:01:08  0:04:07  884k 22  244M    0     0   22 54.2M      0   795k  0:05:14  0:01:09  0:04:05  886k 22  244M    0     0   22 55.1M      0   796k  0:05:14  0:01:10  0:04:04  885k 22  244M    0     0   22 56.0M      0   797k  0:05:13  0:01:11  0:04:02  884k 23  244M    0     0   23 56.8M      0   798k  0:05:13  0:01:12  0:04:01  889k 23  244M    0     0   23 57.7M      0   799k  0:05:12  0:01:13  0:03:59  881k 23  244M    0     0   23 58.5M      0   800k  0:05:12  0:01:14  0:03:58  882k 24  244M    0     0   24 59.4M      0   801k  0:05:12  0:01:15  0:03:57  877k 24  244M    0     0   24 60.3M      0   802k  0:05:11  0:01:16  0:03:55  878k 25  244M    0     0   25 61.1M      0   804k  0:05:11  0:01:17  0:03:54  880k 25  244M    0     0   25 62.0M      0   805k  0:05:10  0:01:18  0:03:52  889k 25  244M    0     0   25 62.9M      0   806k  0:05:10  0:01:19  0:03:51  887k 26  244M    0     0   26 63.7M      0   807k  0:05:09  0:01:20  0:03:49  898k 26  244M    0     0   26 64.6M      0   808k  0:05:09  0:01:21  0:03:48  887k 26  244M    0     0   26 65.5M      0   809k  0:05:09  0:01:22  0:03:47  883k 27  244M    0     0   27 66.3M      0   809k  0:05:09  0:01:23  0:03:46  881k 27  244M    0     0   27 67.2M      0   810k  0:05:08  0:01:24  0:03:44  876k 27  244M    0     0   27 68.0M      0   811k  0:05:08  0:01:25  0:03:43  872k 28  244M    0     0   28 68.9M      0   812k  0:05:08  0:01:26  0:03:42  881k 28  244M    0     0   28 69.8M      0   813k  0:05:07  0:01:27  0:03:40  881k 28  244M    0     0   28 70.6M      0   814k  0:05:07  0:01:28  0:03:39  882k 29  244M    0     0   29 71.5M      0   814k  0:05:07  0:01:29  0:03:38  889k 29  244M    0     0   29 72.4M      0   815k  0:05:06  0:01:30  0:03:36  889k 29  244M    0     0   29 73.2M      0   816k  0:05:06  0:01:31  0:03:35  887k 30  244M    0     0   30 74.1M      0   817k  0:05:06  0:01:32  0:03:34  887k 30  244M    0     0   30 75.0M      0   817k  0:05:06  0:01:33  0:03:33  885k 31  244M    0     0   31 75.8M      0   818k  0:05:05  0:01:34  0:03:31  885k 31  244M    0     0   31 76.7M      0   819k  0:05:05  0:01:35  0:03:30  885k 31  244M    0     0   31 77.5M      0   820k  0:05:05  0:01:36  0:03:29  887k 32  244M    0     0   32 78.4M      0   820k  0:05:04  0:01:37  0:03:27  889k 32  244M    0     0   32 79.3M      0   821k  0:05:04  0:01:38  0:03:26  892k 32  244M    0     0   32 80.2M      0   822k  0:05:04  0:01:39  0:03:25  887k 33  244M    0     0   33 81.0M      0   822k  0:05:04  0:01:40  0:03:24  884k 33  244M    0     0   33 81.9M      0   823k  0:05:04  0:01:41  0:03:23  882k 33  244M    0     0   33 82.7M      0   823k  0:05:03  0:01:42  0:03:21  881k 34  244M    0     0   34 83.6M      0   824k  0:05:03  0:01:43  0:03:20  880k 34  244M    0     0   34 84.5M      0   825k  0:05:03  0:01:44  0:03:19  886k 34  244M    0     0   34 85.3M      0   825k  0:05:03  0:01:45  0:03:18  891k 35  244M    0     0   35 86.2M      0   826k  0:05:02  0:01:46  0:03:16  896k 35  244M    0     0   35 87.1M      0   826k  0:05:02  0:01:47  0:03:15  891k 35  244M    0     0   35 88.0M      0   827k  0:05:02  0:01:48  0:03:14  888k 36  244M    0     0   36 88.8M      0   827k  0:05:02  0:01:49  0:03:13  882k 36  244M    0     0   36 89.6M      0   828k  0:05:02  0:01:50  0:03:12  879k 37  244M    0     0   37 90.5M      0   828k  0:05:01  0:01:51  0:03:10  879k 37  244M    0     0   37 91.4M      0   829k  0:05:01  0:01:52  0:03:09  886k 37  244M    0     0   37 92.2M      0   829k  0:05:01  0:01:53  0:03:08  882k 38  244M    0     0   38 93.1M      0   830k  0:05:01  0:01:54  0:03:07  885k 38  244M    0     0   38 94.0M      0   830k  0:05:01  0:01:55  0:03:06  886k 38  244M    0     0   38 94.8M      0   831k  0:05:01  0:01:56  0:03:05  883k 39  244M    0     0   39 95.7M      0   831k  0:05:00  0:01:57  0:03:03  878k 39  244M    0     0   39 96.6M      0   831k  0:05:00  0:01:58  0:03:02  878k 39  244M    0     0   39 97.4M      0   832k  0:05:00  0:01:59  0:03:01  881k 40  244M    0     0   40 98.3M      0   832k  0:05:00  0:02:00  0:03:00  879k 40  244M    0     0   40 99.1M      0   833k  0:05:00  0:02:01  0:02:59  878k 40  244M    0     0   40  100M      0   833k  0:05:00  0:02:02  0:02:58  881k 41  244M    0     0   41  100M      0   833k  0:05:00  0:02:03  0:02:57  884k 41  244M    0     0   41  101M      0   834k  0:04:59  0:02:04  0:02:55  884k 41  244M    0     0   41  102M      0   834k  0:04:59  0:02:05  0:02:54  883k 42  244M    0     0   42  103M      0   835k  0:04:59  0:02:06  0:02:53  883k 42  244M    0     0   42  104M      0   835k  0:04:59  0:02:07  0:02:52  886k 43  244M    0     0   43  105M      0   835k  0:04:59  0:02:08  0:02:51  885k 43  244M    0     0   43  106M      0   836k  0:04:59  0:02:09  0:02:50  885k 43  244M    0     0   43  106M      0   836k  0:04:59  0:02:10  0:02:49  886k 44  244M    0     0   44  107M      0   837k  0:04:58  0:02:11  0:02:47  887k 44  244M    0     0   44  108M      0   837k  0:04:58  0:02:12  0:02:46  886k 44  244M    0     0   44  109M      0   837k  0:04:58  0:02:13  0:02:45  887k 45  244M    0     0   45  110M      0   838k  0:04:58  0:02:14  0:02:44  890k 45  244M    0     0   45  111M      0   838k  0:04:58  0:02:15  0:02:43  885k 45  244M    0     0   45  112M      0   838k  0:04:58  0:02:16  0:02:42  882k 46  244M    0     0   46  113M      0   839k  0:04:58  0:02:17  0:02:41  881k 46  244M    0     0   46  113M      0   839k  0:04:58  0:02:18  0:02:40  883k 46  244M    0     0   46  114M      0   839k  0:04:58  0:02:19  0:02:39  880k 47  244M    0     0   47  115M      0   840k  0:04:57  0:02:20  0:02:37  883k 47  244M    0     0   47  116M      0   840k  0:04:57  0:02:21  0:02:36  885k 47  244M    0     0   47  117M      0   840k  0:04:57  0:02:22  0:02:35  882k 48  244M    0     0   48  118M      0   840k  0:04:57  0:02:23  0:02:34  880k 48  244M    0     0   48  119M      0   841k  0:04:57  0:02:24  0:02:33  885k 49  244M    0     0   49  119M      0   841k  0:04:57  0:02:25  0:02:32  879k 49  244M    0     0   49  120M      0   841k  0:04:57  0:02:26  0:02:31  878k 49  244M    0     0   49  121M      0   842k  0:04:57  0:02:27  0:02:30  881k 50  244M    0     0   50  122M      0   842k  0:04:57  0:02:28  0:02:29  884k 50  244M    0     0   50  123M      0   842k  0:04:57  0:02:29  0:02:28  880k 50  244M    0     0   50  124M      0   843k  0:04:56  0:02:30  0:02:26  889k 51  244M    0     0   51  125M      0   843k  0:04:56  0:02:31  0:02:25  885k 51  244M    0     0   51  125M      0   843k  0:04:56  0:02:32  0:02:24  883k 51  244M    0     0   51  126M      0   843k  0:04:56  0:02:33  0:02:23  882k 52  244M    0     0   52  127M      0   843k  0:04:56  0:02:34  0:02:22  880k 52  244M    0     0   52  128M      0   844k  0:04:56  0:02:35  0:02:21  879k 52  244M    0     0   52  129M      0   844k  0:04:56  0:02:36  0:02:20  887k 53  244M    0     0   53  130M      0   844k  0:04:56  0:02:37  0:02:19  889k 53  244M    0     0   53  131M      0   845k  0:04:56  0:02:38  0:02:18  888k 54  244M    0     0   54  132M      0   845k  0:04:56  0:02:39  0:02:17  892k 54  244M    0     0   54  132M      0   845k  0:04:56  0:02:40  0:02:16  885k 54  244M    0     0   54  133M      0   845k  0:04:55  0:02:41  0:02:14  883k 55  244M    0     0   55  134M      0   846k  0:04:55  0:02:42  0:02:13  882k 55  244M    0     0   55  135M      0   846k  0:04:55  0:02:43  0:02:12  883k 55  244M    0     0   55  136M      0   846k  0:04:55  0:02:44  0:02:11  886k 56  244M    0     0   56  137M      0   846k  0:04:55  0:02:45  0:02:10  891k 56  244M    0     0   56  138M      0   847k  0:04:55  0:02:46  0:02:09  889k 56  244M    0     0   56  138M      0   847k  0:04:55  0:02:47  0:02:08  890k 57  244M    0     0   57  139M      0   847k  0:04:55  0:02:48  0:02:07  888k 57  244M    0     0   57  140M      0   847k  0:04:55  0:02:49  0:02:06  882k 57  244M    0     0   57  141M      0   848k  0:04:55  0:02:50  0:02:05  889k 58  244M    0     0   58  142M      0   848k  0:04:55  0:02:51  0:02:04  890k 58  244M    0     0   58  143M      0   848k  0:04:54  0:02:52  0:02:02  886k 58  244M    0     0   58  144M      0   848k  0:04:54  0:02:53  0:02:01  889k 59  244M    0     0   59  145M      0   848k  0:04:54  0:02:54  0:02:00  888k 59  244M    0     0   59  145M      0   849k  0:04:54  0:02:55  0:01:59  885k 60  244M    0     0   60  146M      0   849k  0:04:54  0:02:56  0:01:58  885k 60  244M    0     0   60  147M      0   849k  0:04:54  0:02:57  0:01:57  884k 60  244M    0     0   60  148M      0   849k  0:04:54  0:02:58  0:01:56  892k 61  244M    0     0   61  149M      0   850k  0:04:54  0:02:59  0:01:55  888k 61  244M    0     0   61  150M      0   850k  0:04:54  0:03:00  0:01:54  887k 61  244M    0     0   61  151M      0   850k  0:04:54  0:03:01  0:01:53  888k 62  244M    0     0   62  151M      0   850k  0:04:54  0:03:02  0:01:52  892k 62  244M    0     0   62  152M      0   850k  0:04:54  0:03:03  0:01:51  885k 62  244M    0     0   62  153M      0   851k  0:04:54  0:03:04  0:01:50  889k 63  244M    0     0   63  154M      0   851k  0:04:54  0:03:05  0:01:49  886k 63  244M    0     0   63  155M      0   851k  0:04:54  0:03:06  0:01:48  878k 63  244M    0     0   63  156M      0   851k  0:04:53  0:03:07  0:01:46  877k 64  244M    0     0   64  157M      0   851k  0:04:53  0:03:08  0:01:45  875k 64  244M    0     0   64  157M      0   851k  0:04:53  0:03:09  0:01:44  873k 64  244M    0     0   64  158M      0   851k  0:04:53  0:03:10  0:01:43  872k 65  244M    0     0   65  159M      0   851k  0:04:53  0:03:11  0:01:42  860k 65  244M    0     0   65  160M      0   851k  0:04:54  0:03:12  0:01:42  848k 65  244M    0     0   65  161M      0   851k  0:04:54  0:03:13  0:01:41  839k 66  244M    0     0   66  161M      0   850k  0:04:54  0:03:14  0:01:40  818k 66  244M    0     0   66  162M      0   850k  0:04:54  0:03:15  0:01:39  816k 66  244M    0     0   66  163M      0   850k  0:04:54  0:03:16  0:01:38  825k 67  244M    0     0   67  164M      0   850k  0:04:54  0:03:17  0:01:37  821k 67  244M    0     0   67  165M      0   850k  0:04:54  0:03:18  0:01:36  831k 67  244M    0     0   67  166M      0   850k  0:04:54  0:03:19  0:01:35  840k 68  244M    0     0   68  166M      0   850k  0:04:54  0:03:20  0:01:34  849k 68  244M    0     0   68  167M      0   851k  0:04:54  0:03:21  0:01:33  860k 69  244M    0     0   69  168M      0   851k  0:04:54  0:03:22  0:01:32  871k 69  244M    0     0   69  169M      0   851k  0:04:54  0:03:23  0:01:31  872k 69  244M    0     0   69  170M      0   851k  0:04:53  0:03:24  0:01:29  885k 70  244M    0     0   70  171M      0   851k  0:04:53  0:03:25  0:01:28  876k 70  244M    0     0   70  172M      0   851k  0:04:53  0:03:26  0:01:27  873k 70  244M    0     0   70  172M      0   851k  0:04:53  0:03:27  0:01:26  879k 71  244M    0     0   71  173M      0   851k  0:04:53  0:03:28  0:01:25  874k 71  244M    0     0   71  174M      0   852k  0:04:53  0:03:29  0:01:24  876k 71  244M    0     0   71  175M      0   852k  0:04:53  0:03:30  0:01:23  883k 72  244M    0     0   72  176M      0   852k  0:04:53  0:03:31  0:01:22  880k 72  244M    0     0   72  177M      0   852k  0:04:53  0:03:32  0:01:21  865k 72  244M    0     0   72  178M      0   852k  0:04:53  0:03:33  0:01:20  870k 73  244M    0     0   73  178M      0   852k  0:04:53  0:03:34  0:01:19  866k 73  244M    0     0   73  179M      0   852k  0:04:53  0:03:35  0:01:18  865k 73  244M    0     0   73  180M      0   852k  0:04:53  0:03:36  0:01:17  871k 74  244M    0     0   74  181M      0   852k  0:04:53  0:03:37  0:01:16  875k 74  244M    0     0   74  182M      0   852k  0:04:53  0:03:38  0:01:15  874k 74  244M    0     0   74  183M      0   852k  0:04:53  0:03:39  0:01:14  878k 75  244M    0     0   75  184M      0   853k  0:04:53  0:03:40  0:01:13  877k 75  244M    0     0   75  184M      0   853k  0:04:53  0:03:41  0:01:12  876k 75  244M    0     0   75  185M      0   853k  0:04:53  0:03:42  0:01:11  881k 76  244M    0     0   76  186M      0   853k  0:04:53  0:03:43  0:01:10  880k 76  244M    0     0   76  187M      0   853k  0:04:53  0:03:44  0:01:09  881k 77  244M    0     0   77  188M      0   853k  0:04:53  0:03:45  0:01:08  881k 77  244M    0     0   77  189M      0   853k  0:04:53  0:03:46  0:01:07  881k 77  244M    0     0   77  190M      0   854k  0:04:53  0:03:47  0:01:06  888k 78  244M    0     0   78  190M      0   854k  0:04:53  0:03:48  0:01:05  891k 78  244M    0     0   78  191M      0   854k  0:04:53  0:03:49  0:01:04  880k 78  244M    0     0   78  192M      0   854k  0:04:52  0:03:50  0:01:02  880k 79  244M    0     0   79  193M      0   854k  0:04:52  0:03:51  0:01:01  875k 79  244M    0     0   79  194M      0   854k  0:04:52  0:03:52  0:01:00  872k 79  244M    0     0   79  195M      0   854k  0:04:52  0:03:53  0:00:59  877k 80  244M    0     0   80  196M      0   854k  0:04:52  0:03:54  0:00:58  888k 80  244M    0     0   80  196M      0   854k  0:04:52  0:03:55  0:00:57  883k 80  244M    0     0   80  197M      0   855k  0:04:52  0:03:56  0:00:56  888k 81  244M    0     0   81  198M      0   855k  0:04:52  0:03:57  0:00:55  889k 81  244M    0     0   81  199M      0   855k  0:04:52  0:03:58  0:00:54  884k 81  244M    0     0   81  200M      0   855k  0:04:52  0:03:59  0:00:53  883k 82  244M    0     0   82  201M      0   855k  0:04:52  0:04:00  0:00:52  886k 82  244M    0     0   82  202M      0   855k  0:04:52  0:04:01  0:00:51  893k 83  244M    0     0   83  203M      0   855k  0:04:52  0:04:02  0:00:50  886k 83  244M    0     0   83  203M      0   855k  0:04:52  0:04:03  0:00:49  876k 83  244M    0     0   83  204M      0   855k  0:04:52  0:04:04  0:00:48  877k 84  244M    0     0   84  205M      0   856k  0:04:52  0:04:05  0:00:47  881k 84  244M    0     0   84  206M      0   856k  0:04:52  0:04:06  0:00:46  875k 84  244M    0     0   84  207M      0   856k  0:04:52  0:04:07  0:00:45  878k 85  244M    0     0   85  208M      0   856k  0:04:52  0:04:08  0:00:44  887k 85  244M    0     0   85  209M      0   856k  0:04:52  0:04:09  0:00:43  884k 85  244M    0     0   85  209M      0   856k  0:04:52  0:04:10  0:00:42  883k 86  244M    0     0   86  210M      0   856k  0:04:52  0:04:11  0:00:41  883k 86  244M    0     0   86  211M      0   856k  0:04:52  0:04:12  0:00:40  886k 86  244M    0     0   86  212M      0   857k  0:04:52  0:04:13  0:00:39  887k 87  244M    0     0   87  213M      0   857k  0:04:51  0:04:14  0:00:37  890k 87  244M    0     0   87  214M      0   857k  0:04:51  0:04:15  0:00:36  892k 88  244M    0     0   88  215M      0   857k  0:04:51  0:04:16  0:00:35  884k 88  244M    0     0   88  215M      0   857k  0:04:51  0:04:17  0:00:34  888k 88  244M    0     0   88  216M      0   857k  0:04:51  0:04:18  0:00:33  887k 89  244M    0     0   89  217M      0   857k  0:04:51  0:04:19  0:00:32  885k 89  244M    0     0   89  218M      0   857k  0:04:51  0:04:20  0:00:31  886k 89  244M    0     0   89  219M      0   858k  0:04:51  0:04:21  0:00:30  894k 90  244M    0     0   90  220M      0   858k  0:04:51  0:04:22  0:00:29  889k 90  244M    0     0   90  221M      0   858k  0:04:51  0:04:23  0:00:28  884k 90  244M    0     0   90  221M      0   858k  0:04:51  0:04:24  0:00:27  869k 91  244M    0     0   91  222M      0   858k  0:04:51  0:04:25  0:00:26  864k 91  244M    0     0   91  223M      0   858k  0:04:51  0:04:26  0:00:25  862k 91  244M    0     0   91  224M      0   856k  0:04:52  0:04:28  0:00:24  767k 91  244M    0     0   91  224M      0   855k  0:04:52  0:04:28  0:00:24  713k 92  244M    0     0   92  225M      0   854k  0:04:52  0:04:29  0:00:23  690k 92  244M    0     0   92  226M      0   854k  0:04:52  0:04:30  0:00:22  681k 92  244M    0     0   92  226M      0   854k  0:04:52  0:04:31  0:00:21  669k 93  244M    0     0   93  227M      0   854k  0:04:52  0:04:32  0:00:20  741k 93  244M    0     0   93  228M      0   853k  0:04:53  0:04:33  0:00:20  757k 93  244M    0     0   93  229M      0   853k  0:04:53  0:04:34  0:00:19  782k 94  244M    0     0   94  229M      0   853k  0:04:53  0:04:35  0:00:18  765k 94  244M    0     0   94  230M      0   852k  0:04:53  0:04:36  0:00:17  761k 94  244M    0     0   94  231M      0   852k  0:04:53  0:04:37  0:00:16  770k 94  244M    0     0   94  232M      0   852k  0:04:53  0:04:38  0:00:15  791k 95  244M    0     0   95  232M      0   852k  0:04:53  0:04:39  0:00:14  784k 95  244M    0     0   95  233M      0   852k  0:04:53  0:04:40  0:00:13  802k 95  244M    0     0   95  234M      0   852k  0:04:53  0:04:41  0:00:12  799k 96  244M    0     0   96  235M      0   851k  0:04:53  0:04:42  0:00:11  795k 96  244M    0     0   96  236M      0   851k  0:04:53  0:04:43  0:00:10  815k 96  244M    0     0   96  237M      0   851k  0:04:53  0:04:44  0:00:09  821k 97  244M    0     0   97  237M      0   851k  0:04:53  0:04:45  0:00:08  833k 97  244M    0     0   97  238M      0   852k  0:04:53  0:04:46  0:00:07  853k 98  244M    0     0   98  239M      0   852k  0:04:53  0:04:47  0:00:06  872k 98  244M    0     0   98  240M      0   851k  0:04:53  0:04:48  0:00:05  831k 98  244M    0     0   98  240M      0   850k  0:04:54  0:04:49  0:00:05  800k 98  244M    0     0   98  241M      0   850k  0:04:54  0:04:50  0:00:04  769k 99  244M    0     0   99  242M      0   849k  0:04:54  0:04:51  0:00:03  731k 99  244M    0     0   99  243M      0   850k  0:04:54  0:04:52  0:00:02  729k 99  244M    0     0   99  244M      0   850k  0:04:54  0:04:53  0:00:01  774k100  244M    0     0  100  244M      0   847k  0:04:55  0:04:55 --:--:--  658k100  244M    0     0  100  244M      0   846k  0:04:55  0:04:55 --:--:--  600k
