Bucket ID will be 04325895.emory.edu
curl --location --header x-amz-auto-make-bucket:1 --header x-archive-ignore-preexisting-bucket:1 --header x-archive-queue-derive:0 --header x-archive-meta-mediatype:texts --header x-archive-meta03-collection:emory --header x-archive-meta01-collection:americanmethodism --header x-archive-meta-sponsor:Emory University, Pitts Theology Library --header x-archive-meta-contributor:Emory University, Pitts Theology Library --header x-archive-meta-ppi:300 --header authorization: LOW fpJYfLnxbLmCEHqU:JQbq6NgBaPrSh98Y --upload-file /mnt/lsdi/ocm04325895-1774/ocm04325895/ocm04325895_MRC.xml http://s3.us.archive.org/04325895.1774.emory.edu/04325895.1774.emory.edu_marc.xml
  % Total    % Received % Xferd  Average Speed   Time    Time     Time  Current
                                 Dload  Upload   Total   Spent    Left  Speed
  0     0    0     0    0     0      0      0 --:--:-- --:--:-- --:--:--     0  0  3559    0     0    0     0      0      0 --:--:--  0:00:01 --:--:--     0100  3559    0     0  100  3559      0   1714  0:00:02  0:00:02 --:--:--  1777100  3559    0     0  100  3559      0   1212  0:00:02  0:00:02 --:--:--  1243100  3559    0     0  100  3559      0   1212  0:00:02  0:00:02 --:--:--  1243
zip -r /temp/ocm04325895_1774_images.zip /mnt/lsdi/ocm04325895-1774/ocm04325895/Output/0001.tif /mnt/lsdi/ocm04325895-1774/ocm04325895/Output/0002.tif /mnt/lsdi/ocm04325895-1774/ocm04325895/Output/0003.tif /mnt/lsdi/ocm04325895-1774/ocm04325895/Output/0004.tif /mnt/lsdi/ocm04325895-1774/ocm04325895/Output/0005.tif /mnt/lsdi/ocm04325895-1774/ocm04325895/Output/0006.tif /mnt/lsdi/ocm04325895-1774/ocm04325895/Output/0007.tif /mnt/lsdi/ocm04325895-1774/ocm04325895/Output/0008.tif /mnt/lsdi/ocm04325895-1774/ocm04325895/Output/0009.tif /mnt/lsdi/ocm04325895-1774/ocm04325895/Output/0010.tif /mnt/lsdi/ocm04325895-1774/ocm04325895/Output/0011.tif /mnt/lsdi/ocm04325895-1774/ocm04325895/Output/0012.tif /mnt/lsdi/ocm04325895-1774/ocm04325895/Output/0013.tif /mnt/lsdi/ocm04325895-1774/ocm04325895/Output/0014.tif /mnt/lsdi/ocm04325895-1774/ocm04325895/Output/0015.tif /mnt/lsdi/ocm04325895-1774/ocm04325895/Output/0016.tif /mnt/lsdi/ocm04325895-1774/ocm04325895/Output/0017.tif /mnt/lsdi/ocm04325895-1774/ocm04325895/Output/0018.tif /mnt/lsdi/ocm04325895-1774/ocm04325895/Output/0019.tif /mnt/lsdi/ocm04325895-1774/ocm04325895/Output/0020.tif /mnt/lsdi/ocm04325895-1774/ocm04325895/Output/0021.tif /mnt/lsdi/ocm04325895-1774/ocm04325895/Output/0022.tif /mnt/lsdi/ocm04325895-1774/ocm04325895/Output/0023.tif /mnt/lsdi/ocm04325895-1774/ocm04325895/Output/0024.tif /mnt/lsdi/ocm04325895-1774/ocm04325895/Output/0025.tif /mnt/lsdi/ocm04325895-1774/ocm04325895/Output/0026.tif /mnt/lsdi/ocm04325895-1774/ocm04325895/Output/0027.tif /mnt/lsdi/ocm04325895-1774/ocm04325895/Output/0028.tif /mnt/lsdi/ocm04325895-1774/ocm04325895/Output/0029.tif /mnt/lsdi/ocm04325895-1774/ocm04325895/Output/0030.tif /mnt/lsdi/ocm04325895-1774/ocm04325895/Output/0031.tif /mnt/lsdi/ocm04325895-1774/ocm04325895/Output/0032.tif /mnt/lsdi/ocm04325895-1774/ocm04325895/Output/0033.tif /mnt/lsdi/ocm04325895-1774/ocm04325895/Output/0034.tif /mnt/lsdi/ocm04325895-1774/ocm04325895/Output/0035.tif /mnt/lsdi/ocm04325895-1774/ocm04325895/Output/0036.tif /mnt/lsdi/ocm04325895-1774/ocm04325895/Output/0037.tif /mnt/lsdi/ocm04325895-1774/ocm04325895/Output/0038.tif /mnt/lsdi/ocm04325895-1774/ocm04325895/Output/0039.tif /mnt/lsdi/ocm04325895-1774/ocm04325895/Output/0040.tif /mnt/lsdi/ocm04325895-1774/ocm04325895/Output/0041.tif /mnt/lsdi/ocm04325895-1774/ocm04325895/Output/0042.tif /mnt/lsdi/ocm04325895-1774/ocm04325895/Output/0043.tif /mnt/lsdi/ocm04325895-1774/ocm04325895/Output/0044.tif /mnt/lsdi/ocm04325895-1774/ocm04325895/Output/0045.tif /mnt/lsdi/ocm04325895-1774/ocm04325895/Output/0046.tif /mnt/lsdi/ocm04325895-1774/ocm04325895/Output/0047.tif /mnt/lsdi/ocm04325895-1774/ocm04325895/Output/0048.tif /mnt/lsdi/ocm04325895-1774/ocm04325895/Output/0049.tif /mnt/lsdi/ocm04325895-1774/ocm04325895/Output/0050.tif /mnt/lsdi/ocm04325895-1774/ocm04325895/Output/0051.tif /mnt/lsdi/ocm04325895-1774/ocm04325895/Output/0052.tif /mnt/lsdi/ocm04325895-1774/ocm04325895/Output/0053.tif /mnt/lsdi/ocm04325895-1774/ocm04325895/Output/0054.tif /mnt/lsdi/ocm04325895-1774/ocm04325895/Output/0055.tif /mnt/lsdi/ocm04325895-1774/ocm04325895/Output/0056.tif /mnt/lsdi/ocm04325895-1774/ocm04325895/Output/0057.tif /mnt/lsdi/ocm04325895-1774/ocm04325895/Output/0058.tif /mnt/lsdi/ocm04325895-1774/ocm04325895/Output/0059.tif /mnt/lsdi/ocm04325895-1774/ocm04325895/Output/0060.tif /mnt/lsdi/ocm04325895-1774/ocm04325895/Output/0061.tif /mnt/lsdi/ocm04325895-1774/ocm04325895/Output/0062.tif /mnt/lsdi/ocm04325895-1774/ocm04325895/Output/0063.tif /mnt/lsdi/ocm04325895-1774/ocm04325895/Output/0064.tif /mnt/lsdi/ocm04325895-1774/ocm04325895/Output/0065.tif /mnt/lsdi/ocm04325895-1774/ocm04325895/Output/0066.tif /mnt/lsdi/ocm04325895-1774/ocm04325895/Output/0067.tif /mnt/lsdi/ocm04325895-1774/ocm04325895/Output/0068.tif /mnt/lsdi/ocm04325895-1774/ocm04325895/Output/0069.tif /mnt/lsdi/ocm04325895-1774/ocm04325895/Output/0070.tif /mnt/lsdi/ocm04325895-1774/ocm04325895/Output/0071.tif /mnt/lsdi/ocm04325895-1774/ocm04325895/Output/0072.tif /mnt/lsdi/ocm04325895-1774/ocm04325895/Output/0073.tif /mnt/lsdi/ocm04325895-1774/ocm04325895/Output/0074.tif /mnt/lsdi/ocm04325895-1774/ocm04325895/Output/0075.tif /mnt/lsdi/ocm04325895-1774/ocm04325895/Output/0076.tif /mnt/lsdi/ocm04325895-1774/ocm04325895/Output/0077.tif /mnt/lsdi/ocm04325895-1774/ocm04325895/Output/0078.tif /mnt/lsdi/ocm04325895-1774/ocm04325895/Output/0079.tif /mnt/lsdi/ocm04325895-1774/ocm04325895/Output/0080.tif /mnt/lsdi/ocm04325895-1774/ocm04325895/Output/0081.tif /mnt/lsdi/ocm04325895-1774/ocm04325895/Output/0082.tif /mnt/lsdi/ocm04325895-1774/ocm04325895/Output/0083.tif /mnt/lsdi/ocm04325895-1774/ocm04325895/Output/0084.tif /mnt/lsdi/ocm04325895-1774/ocm04325895/Output/0085.tif /mnt/lsdi/ocm04325895-1774/ocm04325895/Output/0086.tif /mnt/lsdi/ocm04325895-1774/ocm04325895/Output/0087.tif /mnt/lsdi/ocm04325895-1774/ocm04325895/Output/0088.tif /mnt/lsdi/ocm04325895-1774/ocm04325895/Output/0089.tif /mnt/lsdi/ocm04325895-1774/ocm04325895/Output/0090.tif /mnt/lsdi/ocm04325895-1774/ocm04325895/Output/0091.tif /mnt/lsdi/ocm04325895-1774/ocm04325895/Output/0092.tif /mnt/lsdi/ocm04325895-1774/ocm04325895/Output/0093.tif /mnt/lsdi/ocm04325895-1774/ocm04325895/Output/0094.tif /mnt/lsdi/ocm04325895-1774/ocm04325895/Output/0095.tif /mnt/lsdi/ocm04325895-1774/ocm04325895/Output/0096.tif /mnt/lsdi/ocm04325895-1774/ocm04325895/Output/0097.tif /mnt/lsdi/ocm04325895-1774/ocm04325895/Output/0098.tif /mnt/lsdi/ocm04325895-1774/ocm04325895/Output/0099.tif /mnt/lsdi/ocm04325895-1774/ocm04325895/Output/0100.tif /mnt/lsdi/ocm04325895-1774/ocm04325895/Output/0101.tif /mnt/lsdi/ocm04325895-1774/ocm04325895/Output/0102.tif /mnt/lsdi/ocm04325895-1774/ocm04325895/Output/0103.tif /mnt/lsdi/ocm04325895-1774/ocm04325895/Output/0104.tif /mnt/lsdi/ocm04325895-1774/ocm04325895/Output/0105.tif /mnt/lsdi/ocm04325895-1774/ocm04325895/Output/0106.tif /mnt/lsdi/ocm04325895-1774/ocm04325895/Output/0107.tif /mnt/lsdi/ocm04325895-1774/ocm04325895/Output/0108.tif /mnt/lsdi/ocm04325895-1774/ocm04325895/Output/0109.tif /mnt/lsdi/ocm04325895-1774/ocm04325895/Output/0110.tif /mnt/lsdi/ocm04325895-1774/ocm04325895/Output/0111.tif /mnt/lsdi/ocm04325895-1774/ocm04325895/Output/0112.tif /mnt/lsdi/ocm04325895-1774/ocm04325895/Output/0113.tif /mnt/lsdi/ocm04325895-1774/ocm04325895/Output/0114.tif /mnt/lsdi/ocm04325895-1774/ocm04325895/Output/0115.tif /mnt/lsdi/ocm04325895-1774/ocm04325895/Output/0116.tif /mnt/lsdi/ocm04325895-1774/ocm04325895/Output/0117.tif /mnt/lsdi/ocm04325895-1774/ocm04325895/Output/0118.tif /mnt/lsdi/ocm04325895-1774/ocm04325895/Output/0119.tif /mnt/lsdi/ocm04325895-1774/ocm04325895/Output/0120.tif /mnt/lsdi/ocm04325895-1774/ocm04325895/Output/0121.tif /mnt/lsdi/ocm04325895-1774/ocm04325895/Output/0122.tif /mnt/lsdi/ocm04325895-1774/ocm04325895/Output/0123.tif /mnt/lsdi/ocm04325895-1774/ocm04325895/Output/0124.tif /mnt/lsdi/ocm04325895-1774/ocm04325895/Output/0125.tif /mnt/lsdi/ocm04325895-1774/ocm04325895/Output/0126.tif /mnt/lsdi/ocm04325895-1774/ocm04325895/Output/0127.tif /mnt/lsdi/ocm04325895-1774/ocm04325895/Output/0128.tif /mnt/lsdi/ocm04325895-1774/ocm04325895/Output/0129.tif /mnt/lsdi/ocm04325895-1774/ocm04325895/Output/0130.tif /mnt/lsdi/ocm04325895-1774/ocm04325895/Output/0131.tif /mnt/lsdi/ocm04325895-1774/ocm04325895/Output/0132.tif /mnt/lsdi/ocm04325895-1774/ocm04325895/Output/0133.tif /mnt/lsdi/ocm04325895-1774/ocm04325895/Output/0134.tif /mnt/lsdi/ocm04325895-1774/ocm04325895/Output/0135.tif /mnt/lsdi/ocm04325895-1774/ocm04325895/Output/0136.tif /mnt/lsdi/ocm04325895-1774/ocm04325895/Output/0137.tif /mnt/lsdi/ocm04325895-1774/ocm04325895/Output/0138.tif /mnt/lsdi/ocm04325895-1774/ocm04325895/Output/0139.tif /mnt/lsdi/ocm04325895-1774/ocm04325895/Output/0140.tif /mnt/lsdi/ocm04325895-1774/ocm04325895/Output/0141.tif /mnt/lsdi/ocm04325895-1774/ocm04325895/Output/0142.tif /mnt/lsdi/ocm04325895-1774/ocm04325895/Output/0143.tif /mnt/lsdi/ocm04325895-1774/ocm04325895/Output/0144.tif /mnt/lsdi/ocm04325895-1774/ocm04325895/Output/0145.tif /mnt/lsdi/ocm04325895-1774/ocm04325895/Output/0146.tif /mnt/lsdi/ocm04325895-1774/ocm04325895/Output/0147.tif /mnt/lsdi/ocm04325895-1774/ocm04325895/Output/0148.tif /mnt/lsdi/ocm04325895-1774/ocm04325895/Output/0149.tif /mnt/lsdi/ocm04325895-1774/ocm04325895/Output/0150.tif /mnt/lsdi/ocm04325895-1774/ocm04325895/Output/0151.tif /mnt/lsdi/ocm04325895-1774/ocm04325895/Output/0152.tif /mnt/lsdi/ocm04325895-1774/ocm04325895/Output/0153.tif /mnt/lsdi/ocm04325895-1774/ocm04325895/Output/0154.tif /mnt/lsdi/ocm04325895-1774/ocm04325895/Output/0155.tif /mnt/lsdi/ocm04325895-1774/ocm04325895/Output/0156.tif /mnt/lsdi/ocm04325895-1774/ocm04325895/Output/0157.tif /mnt/lsdi/ocm04325895-1774/ocm04325895/Output/0158.tif /mnt/lsdi/ocm04325895-1774/ocm04325895/Output/0159.tif /mnt/lsdi/ocm04325895-1774/ocm04325895/Output/0160.tif /mnt/lsdi/ocm04325895-1774/ocm04325895/Output/0161.tif /mnt/lsdi/ocm04325895-1774/ocm04325895/Output/0162.tif /mnt/lsdi/ocm04325895-1774/ocm04325895/Output/0163.tif /mnt/lsdi/ocm04325895-1774/ocm04325895/Output/0164.tif /mnt/lsdi/ocm04325895-1774/ocm04325895/Output/0165.tif /mnt/lsdi/ocm04325895-1774/ocm04325895/Output/0166.tif /mnt/lsdi/ocm04325895-1774/ocm04325895/Output/0167.tif /mnt/lsdi/ocm04325895-1774/ocm04325895/Output/0168.tif /mnt/lsdi/ocm04325895-1774/ocm04325895/Output/0169.tif /mnt/lsdi/ocm04325895-1774/ocm04325895/Output/0170.tif /mnt/lsdi/ocm04325895-1774/ocm04325895/Output/0171.tif /mnt/lsdi/ocm04325895-1774/ocm04325895/Output/0172.tif /mnt/lsdi/ocm04325895-1774/ocm04325895/Output/0173.tif /mnt/lsdi/ocm04325895-1774/ocm04325895/Output/0174.tif /mnt/lsdi/ocm04325895-1774/ocm04325895/Output/0175.tif /mnt/lsdi/ocm04325895-1774/ocm04325895/Output/0176.tif /mnt/lsdi/ocm04325895-1774/ocm04325895/Output/0177.tif /mnt/lsdi/ocm04325895-1774/ocm04325895/Output/0178.tif /mnt/lsdi/ocm04325895-1774/ocm04325895/Output/0179.tif /mnt/lsdi/ocm04325895-1774/ocm04325895/Output/0180.tif /mnt/lsdi/ocm04325895-1774/ocm04325895/Output/0181.tif /mnt/lsdi/ocm04325895-1774/ocm04325895/Output/0182.tif /mnt/lsdi/ocm04325895-1774/ocm04325895/Output/0183.tif /mnt/lsdi/ocm04325895-1774/ocm04325895/Output/0184.tif /mnt/lsdi/ocm04325895-1774/ocm04325895/Output/0185.tif /mnt/lsdi/ocm04325895-1774/ocm04325895/Output/0186.tif /mnt/lsdi/ocm04325895-1774/ocm04325895/Output/0187.tif /mnt/lsdi/ocm04325895-1774/ocm04325895/Output/0188.tif /mnt/lsdi/ocm04325895-1774/ocm04325895/Output/0189.tif /mnt/lsdi/ocm04325895-1774/ocm04325895/Output/0190.tif /mnt/lsdi/ocm04325895-1774/ocm04325895/Output/0191.tif /mnt/lsdi/ocm04325895-1774/ocm04325895/Output/0192.tif /mnt/lsdi/ocm04325895-1774/ocm04325895/Output/0193.tif /mnt/lsdi/ocm04325895-1774/ocm04325895/Output/0194.tif /mnt/lsdi/ocm04325895-1774/ocm04325895/Output/0195.tif /mnt/lsdi/ocm04325895-1774/ocm04325895/Output/0196.tif /mnt/lsdi/ocm04325895-1774/ocm04325895/Output/0197.tif /mnt/lsdi/ocm04325895-1774/ocm04325895/Output/0198.tif /mnt/lsdi/ocm04325895-1774/ocm04325895/Output/0199.tif /mnt/lsdi/ocm04325895-1774/ocm04325895/Output/0200.tif /mnt/lsdi/ocm04325895-1774/ocm04325895/Output/0201.tif /mnt/lsdi/ocm04325895-1774/ocm04325895/Output/0202.tif /mnt/lsdi/ocm04325895-1774/ocm04325895/Output/0203.tif /mnt/lsdi/ocm04325895-1774/ocm04325895/Output/0204.tif /mnt/lsdi/ocm04325895-1774/ocm04325895/Output/0205.tif /mnt/lsdi/ocm04325895-1774/ocm04325895/Output/0206.tif /mnt/lsdi/ocm04325895-1774/ocm04325895/Output/0207.tif /mnt/lsdi/ocm04325895-1774/ocm04325895/Output/0208.tif /mnt/lsdi/ocm04325895-1774/ocm04325895/Output/0209.tif /mnt/lsdi/ocm04325895-1774/ocm04325895/Output/0210.tif /mnt/lsdi/ocm04325895-1774/ocm04325895/Output/0211.tif /mnt/lsdi/ocm04325895-1774/ocm04325895/Output/0212.tif /mnt/lsdi/ocm04325895-1774/ocm04325895/Output/0213.tif /mnt/lsdi/ocm04325895-1774/ocm04325895/Output/0214.tif /mnt/lsdi/ocm04325895-1774/ocm04325895/Output/0215.tif /mnt/lsdi/ocm04325895-1774/ocm04325895/Output/0216.tif /mnt/lsdi/ocm04325895-1774/ocm04325895/Output/0217.tif /mnt/lsdi/ocm04325895-1774/ocm04325895/Output/0218.tif /mnt/lsdi/ocm04325895-1774/ocm04325895/Output/0219.tif /mnt/lsdi/ocm04325895-1774/ocm04325895/Output/0220.tif /mnt/lsdi/ocm04325895-1774/ocm04325895/Output/0221.tif /mnt/lsdi/ocm04325895-1774/ocm04325895/Output/0222.tif /mnt/lsdi/ocm04325895-1774/ocm04325895/Output/0223.tif /mnt/lsdi/ocm04325895-1774/ocm04325895/Output/0224.tif /mnt/lsdi/ocm04325895-1774/ocm04325895/Output/0225.tif /mnt/lsdi/ocm04325895-1774/ocm04325895/Output/0226.tif /mnt/lsdi/ocm04325895-1774/ocm04325895/Output/0227.tif /mnt/lsdi/ocm04325895-1774/ocm04325895/Output/0228.tif /mnt/lsdi/ocm04325895-1774/ocm04325895/Output/0229.tif /mnt/lsdi/ocm04325895-1774/ocm04325895/Output/0230.tif /mnt/lsdi/ocm04325895-1774/ocm04325895/Output/0231.tif /mnt/lsdi/ocm04325895-1774/ocm04325895/Output/0232.tif /mnt/lsdi/ocm04325895-1774/ocm04325895/Output/0233.tif /mnt/lsdi/ocm04325895-1774/ocm04325895/Output/0234.tif /mnt/lsdi/ocm04325895-1774/ocm04325895/Output/0235.tif /mnt/lsdi/ocm04325895-1774/ocm04325895/Output/0236.tif /mnt/lsdi/ocm04325895-1774/ocm04325895/Output/0237.tif /mnt/lsdi/ocm04325895-1774/ocm04325895/Output/0238.tif /mnt/lsdi/ocm04325895-1774/ocm04325895/Output/0239.tif /mnt/lsdi/ocm04325895-1774/ocm04325895/Output/0240.tif /mnt/lsdi/ocm04325895-1774/ocm04325895/Output/0241.tif /mnt/lsdi/ocm04325895-1774/ocm04325895/Output/0242.tif /mnt/lsdi/ocm04325895-1774/ocm04325895/Output/0243.tif /mnt/lsdi/ocm04325895-1774/ocm04325895/Output/0244.tif /mnt/lsdi/ocm04325895-1774/ocm04325895/Output/0245.tif /mnt/lsdi/ocm04325895-1774/ocm04325895/Output/0246.tif /mnt/lsdi/ocm04325895-1774/ocm04325895/Output/0247.tif /mnt/lsdi/ocm04325895-1774/ocm04325895/Output/0248.tif /mnt/lsdi/ocm04325895-1774/ocm04325895/Output/0249.tif /mnt/lsdi/ocm04325895-1774/ocm04325895/Output/0250.tif /mnt/lsdi/ocm04325895-1774/ocm04325895/Output/0251.tif /mnt/lsdi/ocm04325895-1774/ocm04325895/Output/0252.tif /mnt/lsdi/ocm04325895-1774/ocm04325895/Output/0253.tif /mnt/lsdi/ocm04325895-1774/ocm04325895/Output/0254.tif /mnt/lsdi/ocm04325895-1774/ocm04325895/Output/0255.tif /mnt/lsdi/ocm04325895-1774/ocm04325895/Output/0256.tif /mnt/lsdi/ocm04325895-1774/ocm04325895/Output/0257.tif /mnt/lsdi/ocm04325895-1774/ocm04325895/Output/0258.tif /mnt/lsdi/ocm04325895-1774/ocm04325895/Output/0259.tif /mnt/lsdi/ocm04325895-1774/ocm04325895/Output/0260.tif /mnt/lsdi/ocm04325895-1774/ocm04325895/Output/0261.tif /mnt/lsdi/ocm04325895-1774/ocm04325895/Output/0262.tif /mnt/lsdi/ocm04325895-1774/ocm04325895/Output/0263.tif /mnt/lsdi/ocm04325895-1774/ocm04325895/Output/0264.tif /mnt/lsdi/ocm04325895-1774/ocm04325895/Output/0265.tif /mnt/lsdi/ocm04325895-1774/ocm04325895/Output/0266.tif /mnt/lsdi/ocm04325895-1774/ocm04325895/Output/0267.tif /mnt/lsdi/ocm04325895-1774/ocm04325895/Output/0268.tif /mnt/lsdi/ocm04325895-1774/ocm04325895/Output/0269.tif /mnt/lsdi/ocm04325895-1774/ocm04325895/Output/0270.tif /mnt/lsdi/ocm04325895-1774/ocm04325895/Output/0271.tif /mnt/lsdi/ocm04325895-1774/ocm04325895/Output/0272.tif /mnt/lsdi/ocm04325895-1774/ocm04325895/Output/0273.tif /mnt/lsdi/ocm04325895-1774/ocm04325895/Output/0274.tif /mnt/lsdi/ocm04325895-1774/ocm04325895/Output/0275.tif /mnt/lsdi/ocm04325895-1774/ocm04325895/Output/0276.tif /mnt/lsdi/ocm04325895-1774/ocm04325895/Output/0277.tif /mnt/lsdi/ocm04325895-1774/ocm04325895/Output/0278.tif /mnt/lsdi/ocm04325895-1774/ocm04325895/Output/0279.tif /mnt/lsdi/ocm04325895-1774/ocm04325895/Output/0280.tif /mnt/lsdi/ocm04325895-1774/ocm04325895/Output/0281.tif /mnt/lsdi/ocm04325895-1774/ocm04325895/Output/0282.tif /mnt/lsdi/ocm04325895-1774/ocm04325895/Output/0283.tif /mnt/lsdi/ocm04325895-1774/ocm04325895/Output/0284.tif /mnt/lsdi/ocm04325895-1774/ocm04325895/Output/0285.tif /mnt/lsdi/ocm04325895-1774/ocm04325895/Output/0286.tif /mnt/lsdi/ocm04325895-1774/ocm04325895/Output/0287.tif /mnt/lsdi/ocm04325895-1774/ocm04325895/Output/0288.tif /mnt/lsdi/ocm04325895-1774/ocm04325895/Output/0289.tif /mnt/lsdi/ocm04325895-1774/ocm04325895/Output/0290.tif /mnt/lsdi/ocm04325895-1774/ocm04325895/Output/0291.tif /mnt/lsdi/ocm04325895-1774/ocm04325895/Output/0292.tif /mnt/lsdi/ocm04325895-1774/ocm04325895/Output/0293.tif /mnt/lsdi/ocm04325895-1774/ocm04325895/Output/0294.tif /mnt/lsdi/ocm04325895-1774/ocm04325895/Output/0295.tif /mnt/lsdi/ocm04325895-1774/ocm04325895/Output/0296.tif /mnt/lsdi/ocm04325895-1774/ocm04325895/Output/0297.tif /mnt/lsdi/ocm04325895-1774/ocm04325895/Output/0298.tif /mnt/lsdi/ocm04325895-1774/ocm04325895/Output/0299.tif /mnt/lsdi/ocm04325895-1774/ocm04325895/Output/0300.tif /mnt/lsdi/ocm04325895-1774/ocm04325895/Output/0301.tif /mnt/lsdi/ocm04325895-1774/ocm04325895/Output/0302.tif /mnt/lsdi/ocm04325895-1774/ocm04325895/Output/0303.tif /mnt/lsdi/ocm04325895-1774/ocm04325895/Output/0304.tif /mnt/lsdi/ocm04325895-1774/ocm04325895/Output/0305.tif /mnt/lsdi/ocm04325895-1774/ocm04325895/Output/0306.tif /mnt/lsdi/ocm04325895-1774/ocm04325895/Output/0307.tif /mnt/lsdi/ocm04325895-1774/ocm04325895/Output/0308.tif /mnt/lsdi/ocm04325895-1774/ocm04325895/Output/0309.tif /mnt/lsdi/ocm04325895-1774/ocm04325895/Output/0310.tif /mnt/lsdi/ocm04325895-1774/ocm04325895/Output/0311.tif /mnt/lsdi/ocm04325895-1774/ocm04325895/Output/0312.tif /mnt/lsdi/ocm04325895-1774/ocm04325895/Output/0313.tif /mnt/lsdi/ocm04325895-1774/ocm04325895/Output/0314.tif /mnt/lsdi/ocm04325895-1774/ocm04325895/Output/0315.tif /mnt/lsdi/ocm04325895-1774/ocm04325895/Output/0316.tif /mnt/lsdi/ocm04325895-1774/ocm04325895/Output/0317.tif /mnt/lsdi/ocm04325895-1774/ocm04325895/Output/0318.tif /mnt/lsdi/ocm04325895-1774/ocm04325895/Output/0319.tif /mnt/lsdi/ocm04325895-1774/ocm04325895/Output/0320.tif /mnt/lsdi/ocm04325895-1774/ocm04325895/Output/0321.tif /mnt/lsdi/ocm04325895-1774/ocm04325895/Output/0322.tif /mnt/lsdi/ocm04325895-1774/ocm04325895/Output/0323.tif /mnt/lsdi/ocm04325895-1774/ocm04325895/Output/0324.tif /mnt/lsdi/ocm04325895-1774/ocm04325895/Output/0325.tif /mnt/lsdi/ocm04325895-1774/ocm04325895/Output/0326.tif /mnt/lsdi/ocm04325895-1774/ocm04325895/Output/0327.tif /mnt/lsdi/ocm04325895-1774/ocm04325895/Output/0328.tif /mnt/lsdi/ocm04325895-1774/ocm04325895/Output/0329.tif /mnt/lsdi/ocm04325895-1774/ocm04325895/Output/0330.tif /mnt/lsdi/ocm04325895-1774/ocm04325895/Output/0331.tif /mnt/lsdi/ocm04325895-1774/ocm04325895/Output/0332.tif /mnt/lsdi/ocm04325895-1774/ocm04325895/Output/0333.tif /mnt/lsdi/ocm04325895-1774/ocm04325895/Output/0334.tif /mnt/lsdi/ocm04325895-1774/ocm04325895/Output/0335.tif /mnt/lsdi/ocm04325895-1774/ocm04325895/Output/0336.tif /mnt/lsdi/ocm04325895-1774/ocm04325895/Output/0337.tif /mnt/lsdi/ocm04325895-1774/ocm04325895/Output/0338.tif /mnt/lsdi/ocm04325895-1774/ocm04325895/Output/0339.tif /mnt/lsdi/ocm04325895-1774/ocm04325895/Output/0340.tif /mnt/lsdi/ocm04325895-1774/ocm04325895/Output/0341.tif /mnt/lsdi/ocm04325895-1774/ocm04325895/Output/0342.tif /mnt/lsdi/ocm04325895-1774/ocm04325895/Output/0343.tif /mnt/lsdi/ocm04325895-1774/ocm04325895/Output/0344.tif /mnt/lsdi/ocm04325895-1774/ocm04325895/Output/0345.tif /mnt/lsdi/ocm04325895-1774/ocm04325895/Output/0346.tif /mnt/lsdi/ocm04325895-1774/ocm04325895/Output/0347.tif /mnt/lsdi/ocm04325895-1774/ocm04325895/Output/0348.tif /mnt/lsdi/ocm04325895-1774/ocm04325895/Output/0349.tif /mnt/lsdi/ocm04325895-1774/ocm04325895/Output/0350.tif /mnt/lsdi/ocm04325895-1774/ocm04325895/Output/0351.tif /mnt/lsdi/ocm04325895-1774/ocm04325895/Output/0352.tif /mnt/lsdi/ocm04325895-1774/ocm04325895/Output/0353.tif /mnt/lsdi/ocm04325895-1774/ocm04325895/Output/0354.tif /mnt/lsdi/ocm04325895-1774/ocm04325895/Output/0355.tif /mnt/lsdi/ocm04325895-1774/ocm04325895/Output/0356.tif /mnt/lsdi/ocm04325895-1774/ocm04325895/Output/0357.tif /mnt/lsdi/ocm04325895-1774/ocm04325895/Output/0358.tif /mnt/lsdi/ocm04325895-1774/ocm04325895/Output/0359.tif /mnt/lsdi/ocm04325895-1774/ocm04325895/Output/0360.tif /mnt/lsdi/ocm04325895-1774/ocm04325895/Output/0361.tif /mnt/lsdi/ocm04325895-1774/ocm04325895/Output/0362.tif /mnt/lsdi/ocm04325895-1774/ocm04325895/Output/0363.tif /mnt/lsdi/ocm04325895-1774/ocm04325895/Output/0364.tif /mnt/lsdi/ocm04325895-1774/ocm04325895/Output/0365.tif /mnt/lsdi/ocm04325895-1774/ocm04325895/Output/0366.tif /mnt/lsdi/ocm04325895-1774/ocm04325895/Output/0367.tif /mnt/lsdi/ocm04325895-1774/ocm04325895/Output/0368.tif /mnt/lsdi/ocm04325895-1774/ocm04325895/Output/0369.tif /mnt/lsdi/ocm04325895-1774/ocm04325895/Output/0370.tif /mnt/lsdi/ocm04325895-1774/ocm04325895/Output/0371.tif /mnt/lsdi/ocm04325895-1774/ocm04325895/Output/0372.tif /mnt/lsdi/ocm04325895-1774/ocm04325895/Output/0373.tif /mnt/lsdi/ocm04325895-1774/ocm04325895/Output/0374.tif /mnt/lsdi/ocm04325895-1774/ocm04325895/Output/0375.tif /mnt/lsdi/ocm04325895-1774/ocm04325895/Output/0376.tif /mnt/lsdi/ocm04325895-1774/ocm04325895/Output/0377.tif /mnt/lsdi/ocm04325895-1774/ocm04325895/Output/0378.tif /mnt/lsdi/ocm04325895-1774/ocm04325895/Output/0379.tif /mnt/lsdi/ocm04325895-1774/ocm04325895/Output/0380.tif /mnt/lsdi/ocm04325895-1774/ocm04325895/Output/0381.tif /mnt/lsdi/ocm04325895-1774/ocm04325895/Output/0382.tif /mnt/lsdi/ocm04325895-1774/ocm04325895/Output/0383.tif /mnt/lsdi/ocm04325895-1774/ocm04325895/Output/0384.tif /mnt/lsdi/ocm04325895-1774/ocm04325895/Output/0385.tif /mnt/lsdi/ocm04325895-1774/ocm04325895/Output/0386.tif /mnt/lsdi/ocm04325895-1774/ocm04325895/Output/0387.tif /mnt/lsdi/ocm04325895-1774/ocm04325895/Output/0388.tif /mnt/lsdi/ocm04325895-1774/ocm04325895/Output/0389.tif /mnt/lsdi/ocm04325895-1774/ocm04325895/Output/0390.tif /mnt/lsdi/ocm04325895-1774/ocm04325895/Output/0391.tif /mnt/lsdi/ocm04325895-1774/ocm04325895/Output/0392.tif /mnt/lsdi/ocm04325895-1774/ocm04325895/Output/0393.tif /mnt/lsdi/ocm04325895-1774/ocm04325895/Output/0394.tif /mnt/lsdi/ocm04325895-1774/ocm04325895/Output/0395.tif /mnt/lsdi/ocm04325895-1774/ocm04325895/Output/0396.tif /mnt/lsdi/ocm04325895-1774/ocm04325895/Output/0397.tif /mnt/lsdi/ocm04325895-1774/ocm04325895/Output/0398.tif /mnt/lsdi/ocm04325895-1774/ocm04325895/Output/0399.tif /mnt/lsdi/ocm04325895-1774/ocm04325895/Output/0400.tif /mnt/lsdi/ocm04325895-1774/ocm04325895/Output/0401.tif /mnt/lsdi/ocm04325895-1774/ocm04325895/Output/0402.tif /mnt/lsdi/ocm04325895-1774/ocm04325895/Output/0403.tif /mnt/lsdi/ocm04325895-1774/ocm04325895/Output/0404.tif /mnt/lsdi/ocm04325895-1774/ocm04325895/Output/0405.tif /mnt/lsdi/ocm04325895-1774/ocm04325895/Output/0406.tif /mnt/lsdi/ocm04325895-1774/ocm04325895/Output/0407.tif /mnt/lsdi/ocm04325895-1774/ocm04325895/Output/0408.tif /mnt/lsdi/ocm04325895-1774/ocm04325895/Output/0409.tif /mnt/lsdi/ocm04325895-1774/ocm04325895/Output/0410.tif /mnt/lsdi/ocm04325895-1774/ocm04325895/Output/0411.tif /mnt/lsdi/ocm04325895-1774/ocm04325895/Output/0412.tif
  adding: mnt/lsdi/ocm04325895-1774/ocm04325895/Output/0001.tif (deflated 81%)
  adding: mnt/lsdi/ocm04325895-1774/ocm04325895/Output/0002.tif (deflated 81%)
  adding: mnt/lsdi/ocm04325895-1774/ocm04325895/Output/0003.tif (deflated 81%)
  adding: mnt/lsdi/ocm04325895-1774/ocm04325895/Output/0004.tif (deflated 6%)
  adding: mnt/lsdi/ocm04325895-1774/ocm04325895/Output/0005.tif (deflated 81%)
  adding: mnt/lsdi/ocm04325895-1774/ocm04325895/Output/0006.tif (deflated 5%)
  adding: mnt/lsdi/ocm04325895-1774/ocm04325895/Output/0007.tif (deflated 5%)
  adding: mnt/lsdi/ocm04325895-1774/ocm04325895/Output/0008.tif (deflated 4%)
  adding: mnt/lsdi/ocm04325895-1774/ocm04325895/Output/0009.tif (deflated 81%)
  adding: mnt/lsdi/ocm04325895-1774/ocm04325895/Output/0010.tif (deflated 4%)
  adding: mnt/lsdi/ocm04325895-1774/ocm04325895/Output/0011.tif (deflated 2%)
  adding: mnt/lsdi/ocm04325895-1774/ocm04325895/Output/0012.tif (deflated 3%)
  adding: mnt/lsdi/ocm04325895-1774/ocm04325895/Output/0013.tif (deflated 2%)
  adding: mnt/lsdi/ocm04325895-1774/ocm04325895/Output/0014.tif (deflated 5%)
  adding: mnt/lsdi/ocm04325895-1774/ocm04325895/Output/0015.tif (deflated 5%)
  adding: mnt/lsdi/ocm04325895-1774/ocm04325895/Output/0016.tif (deflated 4%)
  adding: mnt/lsdi/ocm04325895-1774/ocm04325895/Output/0017.tif (deflated 5%)
  adding: mnt/lsdi/ocm04325895-1774/ocm04325895/Output/0018.tif (deflated 4%)
  adding: mnt/lsdi/ocm04325895-1774/ocm04325895/Output/0019.tif (deflated 5%)
  adding: mnt/lsdi/ocm04325895-1774/ocm04325895/Output/0020.tif (deflated 5%)
  adding: mnt/lsdi/ocm04325895-1774/ocm04325895/Output/0021.tif (deflated 4%)
  adding: mnt/lsdi/ocm04325895-1774/ocm04325895/Output/0022.tif (deflated 4%)
  adding: mnt/lsdi/ocm04325895-1774/ocm04325895/Output/0023.tif (deflated 4%)
  adding: mnt/lsdi/ocm04325895-1774/ocm04325895/Output/0024.tif (deflated 4%)
  adding: mnt/lsdi/ocm04325895-1774/ocm04325895/Output/0025.tif (deflated 4%)
  adding: mnt/lsdi/ocm04325895-1774/ocm04325895/Output/0026.tif (deflated 4%)
  adding: mnt/lsdi/ocm04325895-1774/ocm04325895/Output/0027.tif (deflated 5%)
  adding: mnt/lsdi/ocm04325895-1774/ocm04325895/Output/0028.tif (deflated 5%)
  adding: mnt/lsdi/ocm04325895-1774/ocm04325895/Output/0029.tif (deflated 4%)
  adding: mnt/lsdi/ocm04325895-1774/ocm04325895/Output/0030.tif (deflated 4%)
  adding: mnt/lsdi/ocm04325895-1774/ocm04325895/Output/0031.tif (deflated 4%)
  adding: mnt/lsdi/ocm04325895-1774/ocm04325895/Output/0032.tif (deflated 4%)
  adding: mnt/lsdi/ocm04325895-1774/ocm04325895/Output/0033.tif (deflated 4%)
  adding: mnt/lsdi/ocm04325895-1774/ocm04325895/Output/0034.tif (deflated 4%)
  adding: mnt/lsdi/ocm04325895-1774/ocm04325895/Output/0035.tif (deflated 4%)
  adding: mnt/lsdi/ocm04325895-1774/ocm04325895/Output/0036.tif (deflated 4%)
  adding: mnt/lsdi/ocm04325895-1774/ocm04325895/Output/0037.tif (deflated 5%)
  adding: mnt/lsdi/ocm04325895-1774/ocm04325895/Output/0038.tif (deflated 5%)
  adding: mnt/lsdi/ocm04325895-1774/ocm04325895/Output/0039.tif (deflated 4%)
  adding: mnt/lsdi/ocm04325895-1774/ocm04325895/Output/0040.tif (deflated 3%)
  adding: mnt/lsdi/ocm04325895-1774/ocm04325895/Output/0041.tif (deflated 4%)
  adding: mnt/lsdi/ocm04325895-1774/ocm04325895/Output/0042.tif (deflated 4%)
  adding: mnt/lsdi/ocm04325895-1774/ocm04325895/Output/0043.tif (deflated 4%)
  adding: mnt/lsdi/ocm04325895-1774/ocm04325895/Output/0044.tif (deflated 5%)
  adding: mnt/lsdi/ocm04325895-1774/ocm04325895/Output/0045.tif (deflated 4%)
  adding: mnt/lsdi/ocm04325895-1774/ocm04325895/Output/0046.tif (deflated 4%)
  adding: mnt/lsdi/ocm04325895-1774/ocm04325895/Output/0047.tif (deflated 4%)
  adding: mnt/lsdi/ocm04325895-1774/ocm04325895/Output/0048.tif (deflated 4%)
  adding: mnt/lsdi/ocm04325895-1774/ocm04325895/Output/0049.tif (deflated 4%)
  adding: mnt/lsdi/ocm04325895-1774/ocm04325895/Output/0050.tif (deflated 4%)
  adding: mnt/lsdi/ocm04325895-1774/ocm04325895/Output/0051.tif (deflated 4%)
  adding: mnt/lsdi/ocm04325895-1774/ocm04325895/Output/0052.tif (deflated 5%)
  adding: mnt/lsdi/ocm04325895-1774/ocm04325895/Output/0053.tif (deflated 4%)
  adding: mnt/lsdi/ocm04325895-1774/ocm04325895/Output/0054.tif (deflated 5%)
  adding: mnt/lsdi/ocm04325895-1774/ocm04325895/Output/0055.tif (deflated 6%)
  adding: mnt/lsdi/ocm04325895-1774/ocm04325895/Output/0056.tif (deflated 4%)
  adding: mnt/lsdi/ocm04325895-1774/ocm04325895/Output/0057.tif (deflated 5%)
  adding: mnt/lsdi/ocm04325895-1774/ocm04325895/Output/0058.tif (deflated 4%)
  adding: mnt/lsdi/ocm04325895-1774/ocm04325895/Output/0059.tif (deflated 4%)
  adding: mnt/lsdi/ocm04325895-1774/ocm04325895/Output/0060.tif (deflated 4%)
  adding: mnt/lsdi/ocm04325895-1774/ocm04325895/Output/0061.tif (deflated 5%)
  adding: mnt/lsdi/ocm04325895-1774/ocm04325895/Output/0062.tif (deflated 4%)
  adding: mnt/lsdi/ocm04325895-1774/ocm04325895/Output/0063.tif (deflated 5%)
  adding: mnt/lsdi/ocm04325895-1774/ocm04325895/Output/0064.tif (deflated 6%)
  adding: mnt/lsdi/ocm04325895-1774/ocm04325895/Output/0065.tif (deflated 5%)
  adding: mnt/lsdi/ocm04325895-1774/ocm04325895/Output/0066.tif (deflated 4%)
  adding: mnt/lsdi/ocm04325895-1774/ocm04325895/Output/0067.tif (deflated 4%)
  adding: mnt/lsdi/ocm04325895-1774/ocm04325895/Output/0068.tif (deflated 3%)
  adding: mnt/lsdi/ocm04325895-1774/ocm04325895/Output/0069.tif (deflated 4%)
  adding: mnt/lsdi/ocm04325895-1774/ocm04325895/Output/0070.tif (deflated 4%)
  adding: mnt/lsdi/ocm04325895-1774/ocm04325895/Output/0071.tif (deflated 3%)
  adding: mnt/lsdi/ocm04325895-1774/ocm04325895/Output/0072.tif (deflated 4%)
  adding: mnt/lsdi/ocm04325895-1774/ocm04325895/Output/0073.tif (deflated 4%)
  adding: mnt/lsdi/ocm04325895-1774/ocm04325895/Output/0074.tif (deflated 4%)
  adding: mnt/lsdi/ocm04325895-1774/ocm04325895/Output/0075.tif (deflated 4%)
  adding: mnt/lsdi/ocm04325895-1774/ocm04325895/Output/0076.tif (deflated 4%)
  adding: mnt/lsdi/ocm04325895-1774/ocm04325895/Output/0077.tif (deflated 4%)
  adding: mnt/lsdi/ocm04325895-1774/ocm04325895/Output/0078.tif (deflated 4%)
  adding: mnt/lsdi/ocm04325895-1774/ocm04325895/Output/0079.tif (deflated 5%)
  adding: mnt/lsdi/ocm04325895-1774/ocm04325895/Output/0080.tif (deflated 5%)
  adding: mnt/lsdi/ocm04325895-1774/ocm04325895/Output/0081.tif (deflated 4%)
  adding: mnt/lsdi/ocm04325895-1774/ocm04325895/Output/0082.tif (deflated 5%)
  adding: mnt/lsdi/ocm04325895-1774/ocm04325895/Output/0083.tif (deflated 5%)
  adding: mnt/lsdi/ocm04325895-1774/ocm04325895/Output/0084.tif (deflated 4%)
  adding: mnt/lsdi/ocm04325895-1774/ocm04325895/Output/0085.tif (deflated 3%)
  adding: mnt/lsdi/ocm04325895-1774/ocm04325895/Output/0086.tif (deflated 4%)
  adding: mnt/lsdi/ocm04325895-1774/ocm04325895/Output/0087.tif (deflated 3%)
  adding: mnt/lsdi/ocm04325895-1774/ocm04325895/Output/0088.tif (deflated 4%)
  adding: mnt/lsdi/ocm04325895-1774/ocm04325895/Output/0089.tif (deflated 4%)
  adding: mnt/lsdi/ocm04325895-1774/ocm04325895/Output/0090.tif (deflated 5%)
  adding: mnt/lsdi/ocm04325895-1774/ocm04325895/Output/0091.tif (deflated 4%)
  adding: mnt/lsdi/ocm04325895-1774/ocm04325895/Output/0092.tif (deflated 5%)
  adding: mnt/lsdi/ocm04325895-1774/ocm04325895/Output/0093.tif (deflated 5%)
  adding: mnt/lsdi/ocm04325895-1774/ocm04325895/Output/0094.tif (deflated 5%)
  adding: mnt/lsdi/ocm04325895-1774/ocm04325895/Output/0095.tif (deflated 6%)
  adding: mnt/lsdi/ocm04325895-1774/ocm04325895/Output/0096.tif (deflated 4%)
  adding: mnt/lsdi/ocm04325895-1774/ocm04325895/Output/0097.tif (deflated 4%)
  adding: mnt/lsdi/ocm04325895-1774/ocm04325895/Output/0098.tif (deflated 4%)
  adding: mnt/lsdi/ocm04325895-1774/ocm04325895/Output/0099.tif (deflated 4%)
  adding: mnt/lsdi/ocm04325895-1774/ocm04325895/Output/0100.tif (deflated 4%)
  adding: mnt/lsdi/ocm04325895-1774/ocm04325895/Output/0101.tif (deflated 6%)
  adding: mnt/lsdi/ocm04325895-1774/ocm04325895/Output/0102.tif (deflated 5%)
  adding: mnt/lsdi/ocm04325895-1774/ocm04325895/Output/0103.tif (deflated 3%)
  adding: mnt/lsdi/ocm04325895-1774/ocm04325895/Output/0104.tif (deflated 5%)
  adding: mnt/lsdi/ocm04325895-1774/ocm04325895/Output/0105.tif (deflated 3%)
  adding: mnt/lsdi/ocm04325895-1774/ocm04325895/Output/0106.tif (deflated 5%)
  adding: mnt/lsdi/ocm04325895-1774/ocm04325895/Output/0107.tif (deflated 3%)
  adding: mnt/lsdi/ocm04325895-1774/ocm04325895/Output/0108.tif (deflated 5%)
  adding: mnt/lsdi/ocm04325895-1774/ocm04325895/Output/0109.tif (deflated 4%)
  adding: mnt/lsdi/ocm04325895-1774/ocm04325895/Output/0110.tif (deflated 4%)
  adding: mnt/lsdi/ocm04325895-1774/ocm04325895/Output/0111.tif (deflated 3%)
  adding: mnt/lsdi/ocm04325895-1774/ocm04325895/Output/0112.tif (deflated 3%)
  adding: mnt/lsdi/ocm04325895-1774/ocm04325895/Output/0113.tif (deflated 4%)
  adding: mnt/lsdi/ocm04325895-1774/ocm04325895/Output/0114.tif (deflated 3%)
  adding: mnt/lsdi/ocm04325895-1774/ocm04325895/Output/0115.tif (deflated 4%)
  adding: mnt/lsdi/ocm04325895-1774/ocm04325895/Output/0116.tif (deflated 5%)
  adding: mnt/lsdi/ocm04325895-1774/ocm04325895/Output/0117.tif (deflated 4%)
  adding: mnt/lsdi/ocm04325895-1774/ocm04325895/Output/0118.tif (deflated 3%)
  adding: mnt/lsdi/ocm04325895-1774/ocm04325895/Output/0119.tif (deflated 4%)
  adding: mnt/lsdi/ocm04325895-1774/ocm04325895/Output/0120.tif (deflated 4%)
  adding: mnt/lsdi/ocm04325895-1774/ocm04325895/Output/0121.tif (deflated 4%)
  adding: mnt/lsdi/ocm04325895-1774/ocm04325895/Output/0122.tif (deflated 4%)
  adding: mnt/lsdi/ocm04325895-1774/ocm04325895/Output/0123.tif (deflated 4%)
  adding: mnt/lsdi/ocm04325895-1774/ocm04325895/Output/0124.tif (deflated 4%)
  adding: mnt/lsdi/ocm04325895-1774/ocm04325895/Output/0125.tif (deflated 4%)
  adding: mnt/lsdi/ocm04325895-1774/ocm04325895/Output/0126.tif (deflated 2%)
  adding: mnt/lsdi/ocm04325895-1774/ocm04325895/Output/0127.tif (deflated 4%)
  adding: mnt/lsdi/ocm04325895-1774/ocm04325895/Output/0128.tif (deflated 4%)
  adding: mnt/lsdi/ocm04325895-1774/ocm04325895/Output/0129.tif (deflated 4%)
  adding: mnt/lsdi/ocm04325895-1774/ocm04325895/Output/0130.tif (deflated 3%)
  adding: mnt/lsdi/ocm04325895-1774/ocm04325895/Output/0131.tif (deflated 5%)
  adding: mnt/lsdi/ocm04325895-1774/ocm04325895/Output/0132.tif (deflated 4%)
  adding: mnt/lsdi/ocm04325895-1774/ocm04325895/Output/0133.tif (deflated 4%)
  adding: mnt/lsdi/ocm04325895-1774/ocm04325895/Output/0134.tif (deflated 4%)
  adding: mnt/lsdi/ocm04325895-1774/ocm04325895/Output/0135.tif (deflated 3%)
  adding: mnt/lsdi/ocm04325895-1774/ocm04325895/Output/0136.tif (deflated 4%)
  adding: mnt/lsdi/ocm04325895-1774/ocm04325895/Output/0137.tif (deflated 4%)
  adding: mnt/lsdi/ocm04325895-1774/ocm04325895/Output/0138.tif (deflated 4%)
  adding: mnt/lsdi/ocm04325895-1774/ocm04325895/Output/0139.tif (deflated 3%)
  adding: mnt/lsdi/ocm04325895-1774/ocm04325895/Output/0140.tif (deflated 4%)
  adding: mnt/lsdi/ocm04325895-1774/ocm04325895/Output/0141.tif (deflated 4%)
  adding: mnt/lsdi/ocm04325895-1774/ocm04325895/Output/0142.tif (deflated 4%)
  adding: mnt/lsdi/ocm04325895-1774/ocm04325895/Output/0143.tif (deflated 4%)
  adding: mnt/lsdi/ocm04325895-1774/ocm04325895/Output/0144.tif (deflated 5%)
  adding: mnt/lsdi/ocm04325895-1774/ocm04325895/Output/0145.tif (deflated 5%)
  adding: mnt/lsdi/ocm04325895-1774/ocm04325895/Output/0146.tif (deflated 4%)
  adding: mnt/lsdi/ocm04325895-1774/ocm04325895/Output/0147.tif (deflated 4%)
  adding: mnt/lsdi/ocm04325895-1774/ocm04325895/Output/0148.tif (deflated 3%)
  adding: mnt/lsdi/ocm04325895-1774/ocm04325895/Output/0149.tif (deflated 4%)
  adding: mnt/lsdi/ocm04325895-1774/ocm04325895/Output/0150.tif (deflated 4%)
  adding: mnt/lsdi/ocm04325895-1774/ocm04325895/Output/0151.tif (deflated 3%)
  adding: mnt/lsdi/ocm04325895-1774/ocm04325895/Output/0152.tif (deflated 2%)
  adding: mnt/lsdi/ocm04325895-1774/ocm04325895/Output/0153.tif (deflated 4%)
  adding: mnt/lsdi/ocm04325895-1774/ocm04325895/Output/0154.tif (deflated 3%)
  adding: mnt/lsdi/ocm04325895-1774/ocm04325895/Output/0155.tif (deflated 4%)
  adding: mnt/lsdi/ocm04325895-1774/ocm04325895/Output/0156.tif (deflated 4%)
  adding: mnt/lsdi/ocm04325895-1774/ocm04325895/Output/0157.tif (deflated 3%)
  adding: mnt/lsdi/ocm04325895-1774/ocm04325895/Output/0158.tif (deflated 4%)
  adding: mnt/lsdi/ocm04325895-1774/ocm04325895/Output/0159.tif (deflated 2%)
  adding: mnt/lsdi/ocm04325895-1774/ocm04325895/Output/0160.tif (deflated 3%)
  adding: mnt/lsdi/ocm04325895-1774/ocm04325895/Output/0161.tif (deflated 2%)
  adding: mnt/lsdi/ocm04325895-1774/ocm04325895/Output/0162.tif (deflated 4%)
  adding: mnt/lsdi/ocm04325895-1774/ocm04325895/Output/0163.tif (deflated 4%)
  adding: mnt/lsdi/ocm04325895-1774/ocm04325895/Output/0164.tif (deflated 4%)
  adding: mnt/lsdi/ocm04325895-1774/ocm04325895/Output/0165.tif (deflated 4%)
  adding: mnt/lsdi/ocm04325895-1774/ocm04325895/Output/0166.tif (deflated 4%)
  adding: mnt/lsdi/ocm04325895-1774/ocm04325895/Output/0167.tif (deflated 5%)
  adding: mnt/lsdi/ocm04325895-1774/ocm04325895/Output/0168.tif (deflated 3%)
  adding: mnt/lsdi/ocm04325895-1774/ocm04325895/Output/0169.tif (deflated 5%)
  adding: mnt/lsdi/ocm04325895-1774/ocm04325895/Output/0170.tif (deflated 5%)
  adding: mnt/lsdi/ocm04325895-1774/ocm04325895/Output/0171.tif (deflated 4%)
  adding: mnt/lsdi/ocm04325895-1774/ocm04325895/Output/0172.tif (deflated 3%)
  adding: mnt/lsdi/ocm04325895-1774/ocm04325895/Output/0173.tif (deflated 4%)
  adding: mnt/lsdi/ocm04325895-1774/ocm04325895/Output/0174.tif (deflated 5%)
  adding: mnt/lsdi/ocm04325895-1774/ocm04325895/Output/0175.tif (deflated 3%)
  adding: mnt/lsdi/ocm04325895-1774/ocm04325895/Output/0176.tif (deflated 3%)
  adding: mnt/lsdi/ocm04325895-1774/ocm04325895/Output/0177.tif (deflated 4%)
  adding: mnt/lsdi/ocm04325895-1774/ocm04325895/Output/0178.tif (deflated 4%)
  adding: mnt/lsdi/ocm04325895-1774/ocm04325895/Output/0179.tif (deflated 3%)
  adding: mnt/lsdi/ocm04325895-1774/ocm04325895/Output/0180.tif (deflated 3%)
  adding: mnt/lsdi/ocm04325895-1774/ocm04325895/Output/0181.tif (deflated 5%)
  adding: mnt/lsdi/ocm04325895-1774/ocm04325895/Output/0182.tif (deflated 5%)
  adding: mnt/lsdi/ocm04325895-1774/ocm04325895/Output/0183.tif (deflated 4%)
  adding: mnt/lsdi/ocm04325895-1774/ocm04325895/Output/0184.tif (deflated 3%)
  adding: mnt/lsdi/ocm04325895-1774/ocm04325895/Output/0185.tif (deflated 4%)
  adding: mnt/lsdi/ocm04325895-1774/ocm04325895/Output/0186.tif (deflated 4%)
  adding: mnt/lsdi/ocm04325895-1774/ocm04325895/Output/0187.tif (deflated 5%)
  adding: mnt/lsdi/ocm04325895-1774/ocm04325895/Output/0188.tif (deflated 4%)
  adding: mnt/lsdi/ocm04325895-1774/ocm04325895/Output/0189.tif (deflated 4%)
  adding: mnt/lsdi/ocm04325895-1774/ocm04325895/Output/0190.tif (deflated 4%)
  adding: mnt/lsdi/ocm04325895-1774/ocm04325895/Output/0191.tif (deflated 5%)
  adding: mnt/lsdi/ocm04325895-1774/ocm04325895/Output/0192.tif (deflated 2%)
  adding: mnt/lsdi/ocm04325895-1774/ocm04325895/Output/0193.tif (deflated 2%)
  adding: mnt/lsdi/ocm04325895-1774/ocm04325895/Output/0194.tif (deflated 3%)
  adding: mnt/lsdi/ocm04325895-1774/ocm04325895/Output/0195.tif (deflated 5%)
  adding: mnt/lsdi/ocm04325895-1774/ocm04325895/Output/0196.tif (deflated 4%)
  adding: mnt/lsdi/ocm04325895-1774/ocm04325895/Output/0197.tif (deflated 4%)
  adding: mnt/lsdi/ocm04325895-1774/ocm04325895/Output/0198.tif (deflated 4%)
  adding: mnt/lsdi/ocm04325895-1774/ocm04325895/Output/0199.tif (deflated 4%)
  adding: mnt/lsdi/ocm04325895-1774/ocm04325895/Output/0200.tif (deflated 4%)
  adding: mnt/lsdi/ocm04325895-1774/ocm04325895/Output/0201.tif (deflated 4%)
  adding: mnt/lsdi/ocm04325895-1774/ocm04325895/Output/0202.tif (deflated 4%)
  adding: mnt/lsdi/ocm04325895-1774/ocm04325895/Output/0203.tif (deflated 4%)
  adding: mnt/lsdi/ocm04325895-1774/ocm04325895/Output/0204.tif (deflated 3%)
  adding: mnt/lsdi/ocm04325895-1774/ocm04325895/Output/0205.tif (deflated 4%)
  adding: mnt/lsdi/ocm04325895-1774/ocm04325895/Output/0206.tif (deflated 5%)
  adding: mnt/lsdi/ocm04325895-1774/ocm04325895/Output/0207.tif (deflated 4%)
  adding: mnt/lsdi/ocm04325895-1774/ocm04325895/Output/0208.tif (deflated 4%)
  adding: mnt/lsdi/ocm04325895-1774/ocm04325895/Output/0209.tif (deflated 3%)
  adding: mnt/lsdi/ocm04325895-1774/ocm04325895/Output/0210.tif (deflated 4%)
  adding: mnt/lsdi/ocm04325895-1774/ocm04325895/Output/0211.tif (deflated 4%)
  adding: mnt/lsdi/ocm04325895-1774/ocm04325895/Output/0212.tif (deflated 4%)
  adding: mnt/lsdi/ocm04325895-1774/ocm04325895/Output/0213.tif (deflated 5%)
  adding: mnt/lsdi/ocm04325895-1774/ocm04325895/Output/0214.tif (deflated 4%)
  adding: mnt/lsdi/ocm04325895-1774/ocm04325895/Output/0215.tif (deflated 4%)
  adding: mnt/lsdi/ocm04325895-1774/ocm04325895/Output/0216.tif (deflated 5%)
  adding: mnt/lsdi/ocm04325895-1774/ocm04325895/Output/0217.tif (deflated 3%)
  adding: mnt/lsdi/ocm04325895-1774/ocm04325895/Output/0218.tif (deflated 2%)
  adding: mnt/lsdi/ocm04325895-1774/ocm04325895/Output/0219.tif (deflated 4%)
  adding: mnt/lsdi/ocm04325895-1774/ocm04325895/Output/0220.tif (deflated 4%)
  adding: mnt/lsdi/ocm04325895-1774/ocm04325895/Output/0221.tif (deflated 4%)
  adding: mnt/lsdi/ocm04325895-1774/ocm04325895/Output/0222.tif (deflated 4%)
  adding: mnt/lsdi/ocm04325895-1774/ocm04325895/Output/0223.tif (deflated 5%)
  adding: mnt/lsdi/ocm04325895-1774/ocm04325895/Output/0224.tif (deflated 3%)
  adding: mnt/lsdi/ocm04325895-1774/ocm04325895/Output/0225.tif (deflated 5%)
  adding: mnt/lsdi/ocm04325895-1774/ocm04325895/Output/0226.tif (deflated 2%)
  adding: mnt/lsdi/ocm04325895-1774/ocm04325895/Output/0227.tif (deflated 4%)
  adding: mnt/lsdi/ocm04325895-1774/ocm04325895/Output/0228.tif (deflated 5%)
  adding: mnt/lsdi/ocm04325895-1774/ocm04325895/Output/0229.tif (deflated 5%)
  adding: mnt/lsdi/ocm04325895-1774/ocm04325895/Output/0230.tif (deflated 4%)
  adding: mnt/lsdi/ocm04325895-1774/ocm04325895/Output/0231.tif (deflated 5%)
  adding: mnt/lsdi/ocm04325895-1774/ocm04325895/Output/0232.tif (deflated 3%)
  adding: mnt/lsdi/ocm04325895-1774/ocm04325895/Output/0233.tif (deflated 5%)
  adding: mnt/lsdi/ocm04325895-1774/ocm04325895/Output/0234.tif (deflated 4%)
  adding: mnt/lsdi/ocm04325895-1774/ocm04325895/Output/0235.tif (deflated 2%)
  adding: mnt/lsdi/ocm04325895-1774/ocm04325895/Output/0236.tif (deflated 2%)
  adding: mnt/lsdi/ocm04325895-1774/ocm04325895/Output/0237.tif (deflated 4%)
  adding: mnt/lsdi/ocm04325895-1774/ocm04325895/Output/0238.tif (deflated 4%)
  adding: mnt/lsdi/ocm04325895-1774/ocm04325895/Output/0239.tif (deflated 2%)
  adding: mnt/lsdi/ocm04325895-1774/ocm04325895/Output/0240.tif (deflated 4%)
  adding: mnt/lsdi/ocm04325895-1774/ocm04325895/Output/0241.tif (deflated 1%)
  adding: mnt/lsdi/ocm04325895-1774/ocm04325895/Output/0242.tif (deflated 2%)
  adding: mnt/lsdi/ocm04325895-1774/ocm04325895/Output/0243.tif (deflated 3%)
  adding: mnt/lsdi/ocm04325895-1774/ocm04325895/Output/0244.tif (deflated 2%)
  adding: mnt/lsdi/ocm04325895-1774/ocm04325895/Output/0245.tif (deflated 2%)
  adding: mnt/lsdi/ocm04325895-1774/ocm04325895/Output/0246.tif (deflated 2%)
  adding: mnt/lsdi/ocm04325895-1774/ocm04325895/Output/0247.tif (deflated 3%)
  adding: mnt/lsdi/ocm04325895-1774/ocm04325895/Output/0248.tif (deflated 3%)
  adding: mnt/lsdi/ocm04325895-1774/ocm04325895/Output/0249.tif (deflated 2%)
  adding: mnt/lsdi/ocm04325895-1774/ocm04325895/Output/0250.tif (deflated 4%)
  adding: mnt/lsdi/ocm04325895-1774/ocm04325895/Output/0251.tif (deflated 3%)
  adding: mnt/lsdi/ocm04325895-1774/ocm04325895/Output/0252.tif (deflated 4%)
  adding: mnt/lsdi/ocm04325895-1774/ocm04325895/Output/0253.tif (deflated 2%)
  adding: mnt/lsdi/ocm04325895-1774/ocm04325895/Output/0254.tif (deflated 3%)
  adding: mnt/lsdi/ocm04325895-1774/ocm04325895/Output/0255.tif (deflated 3%)
  adding: mnt/lsdi/ocm04325895-1774/ocm04325895/Output/0256.tif (deflated 3%)
  adding: mnt/lsdi/ocm04325895-1774/ocm04325895/Output/0257.tif (deflated 2%)
  adding: mnt/lsdi/ocm04325895-1774/ocm04325895/Output/0258.tif (deflated 3%)
  adding: mnt/lsdi/ocm04325895-1774/ocm04325895/Output/0259.tif (deflated 2%)
  adding: mnt/lsdi/ocm04325895-1774/ocm04325895/Output/0260.tif (deflated 3%)
  adding: mnt/lsdi/ocm04325895-1774/ocm04325895/Output/0261.tif (deflated 3%)
  adding: mnt/lsdi/ocm04325895-1774/ocm04325895/Output/0262.tif (deflated 2%)
  adding: mnt/lsdi/ocm04325895-1774/ocm04325895/Output/0263.tif (deflated 3%)
  adding: mnt/lsdi/ocm04325895-1774/ocm04325895/Output/0264.tif (deflated 3%)
  adding: mnt/lsdi/ocm04325895-1774/ocm04325895/Output/0265.tif (deflated 3%)
  adding: mnt/lsdi/ocm04325895-1774/ocm04325895/Output/0266.tif (deflated 1%)
  adding: mnt/lsdi/ocm04325895-1774/ocm04325895/Output/0267.tif (deflated 4%)
  adding: mnt/lsdi/ocm04325895-1774/ocm04325895/Output/0268.tif (deflated 4%)
  adding: mnt/lsdi/ocm04325895-1774/ocm04325895/Output/0269.tif (deflated 3%)
  adding: mnt/lsdi/ocm04325895-1774/ocm04325895/Output/0270.tif (deflated 2%)
  adding: mnt/lsdi/ocm04325895-1774/ocm04325895/Output/0271.tif (deflated 4%)
  adding: mnt/lsdi/ocm04325895-1774/ocm04325895/Output/0272.tif (deflated 3%)
  adding: mnt/lsdi/ocm04325895-1774/ocm04325895/Output/0273.tif (deflated 2%)
  adding: mnt/lsdi/ocm04325895-1774/ocm04325895/Output/0274.tif (deflated 3%)
  adding: mnt/lsdi/ocm04325895-1774/ocm04325895/Output/0275.tif (deflated 1%)
  adding: mnt/lsdi/ocm04325895-1774/ocm04325895/Output/0276.tif (deflated 3%)
  adding: mnt/lsdi/ocm04325895-1774/ocm04325895/Output/0277.tif (deflated 4%)
  adding: mnt/lsdi/ocm04325895-1774/ocm04325895/Output/0278.tif (deflated 3%)
  adding: mnt/lsdi/ocm04325895-1774/ocm04325895/Output/0279.tif (deflated 3%)
  adding: mnt/lsdi/ocm04325895-1774/ocm04325895/Output/0280.tif (deflated 3%)
  adding: mnt/lsdi/ocm04325895-1774/ocm04325895/Output/0281.tif (deflated 2%)
  adding: mnt/lsdi/ocm04325895-1774/ocm04325895/Output/0282.tif (deflated 1%)
  adding: mnt/lsdi/ocm04325895-1774/ocm04325895/Output/0283.tif (deflated 3%)
  adding: mnt/lsdi/ocm04325895-1774/ocm04325895/Output/0284.tif (deflated 3%)
  adding: mnt/lsdi/ocm04325895-1774/ocm04325895/Output/0285.tif (deflated 2%)
  adding: mnt/lsdi/ocm04325895-1774/ocm04325895/Output/0286.tif (deflated 3%)
  adding: mnt/lsdi/ocm04325895-1774/ocm04325895/Output/0287.tif (deflated 4%)
  adding: mnt/lsdi/ocm04325895-1774/ocm04325895/Output/0288.tif (deflated 3%)
  adding: mnt/lsdi/ocm04325895-1774/ocm04325895/Output/0289.tif (deflated 2%)
  adding: mnt/lsdi/ocm04325895-1774/ocm04325895/Output/0290.tif (deflated 3%)
  adding: mnt/lsdi/ocm04325895-1774/ocm04325895/Output/0291.tif (deflated 1%)
  adding: mnt/lsdi/ocm04325895-1774/ocm04325895/Output/0292.tif (deflated 2%)
  adding: mnt/lsdi/ocm04325895-1774/ocm04325895/Output/0293.tif (deflated 2%)
  adding: mnt/lsdi/ocm04325895-1774/ocm04325895/Output/0294.tif (deflated 5%)
  adding: mnt/lsdi/ocm04325895-1774/ocm04325895/Output/0295.tif (deflated 4%)
  adding: mnt/lsdi/ocm04325895-1774/ocm04325895/Output/0296.tif (deflated 2%)
  adding: mnt/lsdi/ocm04325895-1774/ocm04325895/Output/0297.tif (deflated 3%)
  adding: mnt/lsdi/ocm04325895-1774/ocm04325895/Output/0298.tif (deflated 5%)
  adding: mnt/lsdi/ocm04325895-1774/ocm04325895/Output/0299.tif (deflated 3%)
  adding: mnt/lsdi/ocm04325895-1774/ocm04325895/Output/0300.tif (deflated 2%)
  adding: mnt/lsdi/ocm04325895-1774/ocm04325895/Output/0301.tif (deflated 4%)
  adding: mnt/lsdi/ocm04325895-1774/ocm04325895/Output/0302.tif (deflated 2%)
  adding: mnt/lsdi/ocm04325895-1774/ocm04325895/Output/0303.tif (deflated 3%)
  adding: mnt/lsdi/ocm04325895-1774/ocm04325895/Output/0304.tif (deflated 3%)
  adding: mnt/lsdi/ocm04325895-1774/ocm04325895/Output/0305.tif (deflated 4%)
  adding: mnt/lsdi/ocm04325895-1774/ocm04325895/Output/0306.tif (deflated 3%)
  adding: mnt/lsdi/ocm04325895-1774/ocm04325895/Output/0307.tif (deflated 3%)
  adding: mnt/lsdi/ocm04325895-1774/ocm04325895/Output/0308.tif (deflated 2%)
  adding: mnt/lsdi/ocm04325895-1774/ocm04325895/Output/0309.tif (deflated 5%)
  adding: mnt/lsdi/ocm04325895-1774/ocm04325895/Output/0310.tif (deflated 3%)
  adding: mnt/lsdi/ocm04325895-1774/ocm04325895/Output/0311.tif (deflated 2%)
  adding: mnt/lsdi/ocm04325895-1774/ocm04325895/Output/0312.tif (deflated 3%)
  adding: mnt/lsdi/ocm04325895-1774/ocm04325895/Output/0313.tif (deflated 3%)
  adding: mnt/lsdi/ocm04325895-1774/ocm04325895/Output/0314.tif (deflated 3%)
  adding: mnt/lsdi/ocm04325895-1774/ocm04325895/Output/0315.tif (deflated 3%)
  adding: mnt/lsdi/ocm04325895-1774/ocm04325895/Output/0316.tif (deflated 2%)
  adding: mnt/lsdi/ocm04325895-1774/ocm04325895/Output/0317.tif (deflated 3%)
  adding: mnt/lsdi/ocm04325895-1774/ocm04325895/Output/0318.tif (deflated 3%)
  adding: mnt/lsdi/ocm04325895-1774/ocm04325895/Output/0319.tif (deflated 5%)
  adding: mnt/lsdi/ocm04325895-1774/ocm04325895/Output/0320.tif (deflated 3%)
  adding: mnt/lsdi/ocm04325895-1774/ocm04325895/Output/0321.tif (deflated 4%)
  adding: mnt/lsdi/ocm04325895-1774/ocm04325895/Output/0322.tif (deflated 1%)
  adding: mnt/lsdi/ocm04325895-1774/ocm04325895/Output/0323.tif (deflated 4%)
  adding: mnt/lsdi/ocm04325895-1774/ocm04325895/Output/0324.tif (deflated 2%)
  adding: mnt/lsdi/ocm04325895-1774/ocm04325895/Output/0325.tif (deflated 3%)
  adding: mnt/lsdi/ocm04325895-1774/ocm04325895/Output/0326.tif (deflated 2%)
  adding: mnt/lsdi/ocm04325895-1774/ocm04325895/Output/0327.tif (deflated 2%)
  adding: mnt/lsdi/ocm04325895-1774/ocm04325895/Output/0328.tif (deflated 4%)
  adding: mnt/lsdi/ocm04325895-1774/ocm04325895/Output/0329.tif (deflated 3%)
  adding: mnt/lsdi/ocm04325895-1774/ocm04325895/Output/0330.tif (deflated 2%)
  adding: mnt/lsdi/ocm04325895-1774/ocm04325895/Output/0331.tif (deflated 3%)
  adding: mnt/lsdi/ocm04325895-1774/ocm04325895/Output/0332.tif (deflated 2%)
  adding: mnt/lsdi/ocm04325895-1774/ocm04325895/Output/0333.tif (deflated 3%)
  adding: mnt/lsdi/ocm04325895-1774/ocm04325895/Output/0334.tif (deflated 2%)
  adding: mnt/lsdi/ocm04325895-1774/ocm04325895/Output/0335.tif (deflated 3%)
  adding: mnt/lsdi/ocm04325895-1774/ocm04325895/Output/0336.tif (deflated 5%)
  adding: mnt/lsdi/ocm04325895-1774/ocm04325895/Output/0337.tif (deflated 3%)
  adding: mnt/lsdi/ocm04325895-1774/ocm04325895/Output/0338.tif (deflated 4%)
  adding: mnt/lsdi/ocm04325895-1774/ocm04325895/Output/0339.tif (deflated 3%)
  adding: mnt/lsdi/ocm04325895-1774/ocm04325895/Output/0340.tif (deflated 5%)
  adding: mnt/lsdi/ocm04325895-1774/ocm04325895/Output/0341.tif (deflated 4%)
  adding: mnt/lsdi/ocm04325895-1774/ocm04325895/Output/0342.tif (deflated 2%)
  adding: mnt/lsdi/ocm04325895-1774/ocm04325895/Output/0343.tif (deflated 3%)
  adding: mnt/lsdi/ocm04325895-1774/ocm04325895/Output/0344.tif (deflated 3%)
  adding: mnt/lsdi/ocm04325895-1774/ocm04325895/Output/0345.tif (deflated 3%)
  adding: mnt/lsdi/ocm04325895-1774/ocm04325895/Output/0346.tif (deflated 1%)
  adding: mnt/lsdi/ocm04325895-1774/ocm04325895/Output/0347.tif (deflated 4%)
  adding: mnt/lsdi/ocm04325895-1774/ocm04325895/Output/0348.tif (deflated 3%)
  adding: mnt/lsdi/ocm04325895-1774/ocm04325895/Output/0349.tif (deflated 5%)
  adding: mnt/lsdi/ocm04325895-1774/ocm04325895/Output/0350.tif (deflated 3%)
  adding: mnt/lsdi/ocm04325895-1774/ocm04325895/Output/0351.tif (deflated 3%)
  adding: mnt/lsdi/ocm04325895-1774/ocm04325895/Output/0352.tif (deflated 5%)
  adding: mnt/lsdi/ocm04325895-1774/ocm04325895/Output/0353.tif (deflated 3%)
  adding: mnt/lsdi/ocm04325895-1774/ocm04325895/Output/0354.tif (deflated 4%)
  adding: mnt/lsdi/ocm04325895-1774/ocm04325895/Output/0355.tif (deflated 4%)
  adding: mnt/lsdi/ocm04325895-1774/ocm04325895/Output/0356.tif (deflated 3%)
  adding: mnt/lsdi/ocm04325895-1774/ocm04325895/Output/0357.tif (deflated 1%)
  adding: mnt/lsdi/ocm04325895-1774/ocm04325895/Output/0358.tif (deflated 4%)
  adding: mnt/lsdi/ocm04325895-1774/ocm04325895/Output/0359.tif (deflated 5%)
  adding: mnt/lsdi/ocm04325895-1774/ocm04325895/Output/0360.tif (deflated 1%)
  adding: mnt/lsdi/ocm04325895-1774/ocm04325895/Output/0361.tif (deflated 2%)
  adding: mnt/lsdi/ocm04325895-1774/ocm04325895/Output/0362.tif (deflated 2%)
  adding: mnt/lsdi/ocm04325895-1774/ocm04325895/Output/0363.tif (deflated 2%)
  adding: mnt/lsdi/ocm04325895-1774/ocm04325895/Output/0364.tif (deflated 2%)
  adding: mnt/lsdi/ocm04325895-1774/ocm04325895/Output/0365.tif (deflated 2%)
  adding: mnt/lsdi/ocm04325895-1774/ocm04325895/Output/0366.tif (deflated 2%)
  adding: mnt/lsdi/ocm04325895-1774/ocm04325895/Output/0367.tif (deflated 2%)
  adding: mnt/lsdi/ocm04325895-1774/ocm04325895/Output/0368.tif (deflated 2%)
  adding: mnt/lsdi/ocm04325895-1774/ocm04325895/Output/0369.tif (deflated 3%)
  adding: mnt/lsdi/ocm04325895-1774/ocm04325895/Output/0370.tif (deflated 5%)
  adding: mnt/lsdi/ocm04325895-1774/ocm04325895/Output/0371.tif (deflated 4%)
  adding: mnt/lsdi/ocm04325895-1774/ocm04325895/Output/0372.tif (deflated 5%)
  adding: mnt/lsdi/ocm04325895-1774/ocm04325895/Output/0373.tif (deflated 5%)
  adding: mnt/lsdi/ocm04325895-1774/ocm04325895/Output/0374.tif (deflated 3%)
  adding: mnt/lsdi/ocm04325895-1774/ocm04325895/Output/0375.tif (deflated 5%)
  adding: mnt/lsdi/ocm04325895-1774/ocm04325895/Output/0376.tif (deflated 4%)
  adding: mnt/lsdi/ocm04325895-1774/ocm04325895/Output/0377.tif (deflated 5%)
  adding: mnt/lsdi/ocm04325895-1774/ocm04325895/Output/0378.tif (deflated 2%)
  adding: mnt/lsdi/ocm04325895-1774/ocm04325895/Output/0379.tif (deflated 5%)
  adding: mnt/lsdi/ocm04325895-1774/ocm04325895/Output/0380.tif (deflated 6%)
  adding: mnt/lsdi/ocm04325895-1774/ocm04325895/Output/0381.tif (deflated 5%)
  adding: mnt/lsdi/ocm04325895-1774/ocm04325895/Output/0382.tif (deflated 3%)
  adding: mnt/lsdi/ocm04325895-1774/ocm04325895/Output/0383.tif (deflated 4%)
  adding: mnt/lsdi/ocm04325895-1774/ocm04325895/Output/0384.tif (deflated 4%)
  adding: mnt/lsdi/ocm04325895-1774/ocm04325895/Output/0385.tif (deflated 5%)
  adding: mnt/lsdi/ocm04325895-1774/ocm04325895/Output/0386.tif (deflated 2%)
  adding: mnt/lsdi/ocm04325895-1774/ocm04325895/Output/0387.tif (deflated 4%)
  adding: mnt/lsdi/ocm04325895-1774/ocm04325895/Output/0388.tif (deflated 5%)
  adding: mnt/lsdi/ocm04325895-1774/ocm04325895/Output/0389.tif (deflated 2%)
  adding: mnt/lsdi/ocm04325895-1774/ocm04325895/Output/0390.tif (deflated 4%)
  adding: mnt/lsdi/ocm04325895-1774/ocm04325895/Output/0391.tif (deflated 4%)
  adding: mnt/lsdi/ocm04325895-1774/ocm04325895/Output/0392.tif (deflated 5%)
  adding: mnt/lsdi/ocm04325895-1774/ocm04325895/Output/0393.tif (deflated 4%)
  adding: mnt/lsdi/ocm04325895-1774/ocm04325895/Output/0394.tif (deflated 4%)
  adding: mnt/lsdi/ocm04325895-1774/ocm04325895/Output/0395.tif (deflated 4%)
  adding: mnt/lsdi/ocm04325895-1774/ocm04325895/Output/0396.tif (deflated 5%)
  adding: mnt/lsdi/ocm04325895-1774/ocm04325895/Output/0397.tif (deflated 4%)
  adding: mnt/lsdi/ocm04325895-1774/ocm04325895/Output/0398.tif (deflated 2%)
  adding: mnt/lsdi/ocm04325895-1774/ocm04325895/Output/0399.tif (deflated 5%)
  adding: mnt/lsdi/ocm04325895-1774/ocm04325895/Output/0400.tif (deflated 5%)
  adding: mnt/lsdi/ocm04325895-1774/ocm04325895/Output/0401.tif (deflated 5%)
  adding: mnt/lsdi/ocm04325895-1774/ocm04325895/Output/0402.tif (deflated 4%)
  adding: mnt/lsdi/ocm04325895-1774/ocm04325895/Output/0403.tif (deflated 4%)
  adding: mnt/lsdi/ocm04325895-1774/ocm04325895/Output/0404.tif (deflated 5%)
  adding: mnt/lsdi/ocm04325895-1774/ocm04325895/Output/0405.tif (deflated 81%)
  adding: mnt/lsdi/ocm04325895-1774/ocm04325895/Output/0406.tif (deflated 3%)
  adding: mnt/lsdi/ocm04325895-1774/ocm04325895/Output/0407.tif (deflated 3%)
  adding: mnt/lsdi/ocm04325895-1774/ocm04325895/Output/0408.tif (deflated 3%)
  adding: mnt/lsdi/ocm04325895-1774/ocm04325895/Output/0409.tif (deflated 3%)
  adding: mnt/lsdi/ocm04325895-1774/ocm04325895/Output/0410.tif (deflated 5%)
  adding: mnt/lsdi/ocm04325895-1774/ocm04325895/Output/0411.tif (deflated 81%)
  adding: mnt/lsdi/ocm04325895-1774/ocm04325895/Output/0412.tif (deflated 81%)
curl --location --header authorization: LOW fpJYfLnxbLmCEHqU:JQbq6NgBaPrSh98Y --upload-file /temp/ocm04325895_1774_images.zip http://s3.us.archive.org/04325895.1774.emory.edu/04325895_1774_images.zip
  % Total    % Received % Xferd  Average Speed   Time    Time     Time  Current
                                 Dload  Upload   Total   Spent    Left  Speed
  0     0    0     0    0     0      0      0 --:--:-- --:--:-- --:--:--     0  0  196M    0     0    0     0      0      0 --:--:--  0:00:01 --:--:--     0  0  196M    0     0    0  400k      0   252k  0:13:15  0:00:01  0:13:14  264k  0  196M    0     0    0 1248k      0   477k  0:07:00  0:00:02  0:06:58  491k  1  196M    0     0    1 2080k      0   577k  0:05:47  0:00:03  0:05:44  589k  1  196M    0     0    1 2768k      0   580k  0:05:45  0:00:04  0:05:41  589k  1  196M    0     0    1 3008k      0   534k  0:06:15  0:00:05  0:06:10  661k  1  196M    0     0    1 3600k      0   545k  0:06:08  0:00:06  0:06:02  638k  2  196M    0     0    2 4240k      0   559k  0:05:59  0:00:07  0:05:52  602k  2  196M    0     0    2 5008k      0   581k  0:05:45  0:00:08  0:05:37  584k  2  196M    0     0    2 5824k      0   606k  0:05:31  0:00:09  0:05:22  631k  3  196M    0     0    3 6640k      0   624k  0:05:21  0:00:10  0:05:11  725k  3  196M    0     0    3 7248k      0   625k  0:05:20  0:00:11  0:05:09  731k  3  196M    0     0    3 7936k      0   630k  0:05:18  0:00:12  0:05:06  737k  4  196M    0     0    4 8784k      0   646k  0:05:10  0:00:13  0:04:57  760k  4  196M    0     0    4 9632k      0   658k  0:05:04  0:00:14  0:04:50  759k  5  196M    0     0    5 10.2M      0   669k  0:04:59  0:00:15  0:04:44  766k  5  196M    0     0    5 11.0M      0   681k  0:04:54  0:00:16  0:04:38  809k  6  196M    0     0    6 11.8M      0   689k  0:04:51  0:00:17  0:04:34  836k  6  196M    0     0    6 12.6M      0   697k  0:04:48  0:00:18  0:04:30  833k  6  196M    0     0    6 13.4M      0   705k  0:04:44  0:00:19  0:04:25  840k  7  196M    0     0    7 14.3M      0   710k  0:04:42  0:00:20  0:04:22  838k  7  196M    0     0    7 15.1M      0   716k  0:04:40  0:00:21  0:04:19  834k  8  196M    0     0    8 15.9M      0   722k  0:04:37  0:00:22  0:04:15  842k  8  196M    0     0    8 16.7M      0   726k  0:04:36  0:00:23  0:04:13  837k  8  196M    0     0    8 17.5M      0   730k  0:04:34  0:00:24  0:04:10  830k  9  196M    0     0    9 18.3M      0   735k  0:04:33  0:00:25  0:04:08  837k  9  196M    0     0    9 19.2M      0   738k  0:04:31  0:00:26  0:04:05  832k 10  196M    0     0   10 20.0M      0   742k  0:04:30  0:00:27  0:04:03  829k 10  196M    0     0   10 20.8M      0   746k  0:04:28  0:00:28  0:04:00  841k 11  196M    0     0   11 21.6M      0   748k  0:04:28  0:00:29  0:03:59  837k 11  196M    0     0   11 22.4M      0   751k  0:04:27  0:00:30  0:03:57  834k 11  196M    0     0   11 23.2M      0   755k  0:04:25  0:00:31  0:03:54  845k 12  196M    0     0   12 24.1M      0   756k  0:04:25  0:00:32  0:03:53  837k 12  196M    0     0   12 24.9M      0   759k  0:04:24  0:00:33  0:03:51  830k 13  196M    0     0   13 25.7M      0   762k  0:04:23  0:00:34  0:03:49  841k 13  196M    0     0   13 26.5M      0   763k  0:04:23  0:00:35  0:03:48  837k 13  196M    0     0   13 27.3M      0   765k  0:04:22  0:00:36  0:03:46  830k 14  196M    0     0   14 28.1M      0   768k  0:04:21  0:00:37  0:03:44  841k 14  196M    0     0   14 29.0M      0   769k  0:04:21  0:00:38  0:03:43  838k 15  196M    0     0   15 29.8M      0   771k  0:04:20  0:00:39  0:03:41  834k 15  196M    0     0   15 30.6M      0   773k  0:04:19  0:00:40  0:03:39  841k 16  196M    0     0   16 31.4M      0   774k  0:04:19  0:00:41  0:03:38  839k 16  196M    0     0   16 32.2M      0   775k  0:04:18  0:00:42  0:03:36  835k 16  196M    0     0   16 33.1M      0   777k  0:04:18  0:00:43  0:03:35  838k 17  196M    0     0   17 33.9M      0   778k  0:04:17  0:00:44  0:03:33  838k 17  196M    0     0   17 34.7M      0   780k  0:04:17  0:00:45  0:03:32  836k 18  196M    0     0   18 35.5M      0   781k  0:04:17  0:00:46  0:03:31  835k 18  196M    0     0   18 36.3M      0   782k  0:04:16  0:00:47  0:03:29  833k 18  196M    0     0   18 37.1M      0   783k  0:04:16  0:00:48  0:03:28  831k 19  196M    0     0   19 37.9M      0   784k  0:04:16  0:00:49  0:03:27  833k 19  196M    0     0   19 38.7M      0   785k  0:04:15  0:00:50  0:03:25  830k 20  196M    0     0   20 39.6M      0   785k  0:04:15  0:00:51  0:03:24  830k 20  196M    0     0   20 40.4M      0   786k  0:04:15  0:00:52  0:03:23  830k 21  196M    0     0   21 41.2M      0   787k  0:04:15  0:00:53  0:03:22  828k 21  196M    0     0   21 42.0M      0   788k  0:04:14  0:00:54  0:03:20  827k 21  196M    0     0   21 42.8M      0   788k  0:04:14  0:00:55  0:03:19  827k 22  196M    0     0   22 43.6M      0   789k  0:04:14  0:00:56  0:03:18  827k 22  196M    0     0   22 44.4M      0   790k  0:04:14  0:00:57  0:03:17  827k 23  196M    0     0   23 45.2M      0   790k  0:04:13  0:00:58  0:03:15  829k 23  196M    0     0   23 46.0M      0   791k  0:04:13  0:00:59  0:03:14  829k 23  196M    0     0   23 46.8M      0   792k  0:04:13  0:01:00  0:03:13  832k 24  196M    0     0   24 47.7M      0   792k  0:04:13  0:01:01  0:03:12  830k 24  196M    0     0   24 48.5M      0   793k  0:04:13  0:01:02  0:03:11  830k 25  196M    0     0   25 49.3M      0   794k  0:04:12  0:01:03  0:03:09  830k 25  196M    0     0   25 50.1M      0   794k  0:04:12  0:01:04  0:03:08  831k 25  196M    0     0   25 50.9M      0   794k  0:04:12  0:01:05  0:03:07  823k 26  196M    0     0   26 51.7M      0   795k  0:04:12  0:01:06  0:03:06  827k 26  196M    0     0   26 52.5M      0   795k  0:04:12  0:01:07  0:03:05  826k 27  196M    0     0   27 53.3M      0   796k  0:04:12  0:01:08  0:03:04  824k 27  196M    0     0   27 54.1M      0   796k  0:04:12  0:01:09  0:03:03  824k 28  196M    0     0   28 54.9M      0   797k  0:04:11  0:01:10  0:03:01  828k 28  196M    0     0   28 55.7M      0   797k  0:04:11  0:01:11  0:03:00  827k 28  196M    0     0   28 56.5M      0   798k  0:04:11  0:01:12  0:02:59  828k 29  196M    0     0   29 57.4M      0   798k  0:04:11  0:01:13  0:02:58  833k 29  196M    0     0   29 58.2M      0   799k  0:04:11  0:01:14  0:02:57  832k 30  196M    0     0   30 59.0M      0   799k  0:04:11  0:01:15  0:02:56  829k 30  196M    0     0   30 59.8M      0   799k  0:04:11  0:01:16  0:02:55  830k 30  196M    0     0   30 60.6M      0   800k  0:04:10  0:01:17  0:02:53  832k 31  196M    0     0   31 61.4M      0   800k  0:04:10  0:01:18  0:02:52  833k 31  196M    0     0   31 62.2M      0   801k  0:04:10  0:01:19  0:02:51  827k 32  196M    0     0   32 63.0M      0   801k  0:04:10  0:01:20  0:02:50  830k 32  196M    0     0   32 63.8M      0   801k  0:04:10  0:01:21  0:02:49  831k 32  196M    0     0   32 64.7M      0   802k  0:04:10  0:01:22  0:02:48  835k 33  196M    0     0   33 65.5M      0   802k  0:04:10  0:01:23  0:02:47  822k 33  196M    0     0   33 66.3M      0   802k  0:04:10  0:01:24  0:02:46  827k 34  196M    0     0   34 67.1M      0   802k  0:04:10  0:01:25  0:02:45  825k 34  196M    0     0   34 67.9M      0   803k  0:04:10  0:01:26  0:02:44  825k 35  196M    0     0   35 68.7M      0   803k  0:04:10  0:01:27  0:02:43  816k 35  196M    0     0   35 69.5M      0   803k  0:04:09  0:01:28  0:02:41  822k 35  196M    0     0   35 70.3M      0   803k  0:04:09  0:01:29  0:02:40  822k 36  196M    0     0   36 71.1M      0   803k  0:04:09  0:01:30  0:02:39  823k 36  196M    0     0   36 71.9M      0   804k  0:04:09  0:01:31  0:02:38  820k 37  196M    0     0   37 72.7M      0   804k  0:04:09  0:01:32  0:02:37  828k 37  196M    0     0   37 73.5M      0   804k  0:04:09  0:01:33  0:02:36  826k 37  196M    0     0   37 74.3M      0   804k  0:04:09  0:01:34  0:02:35  819k 38  196M    0     0   38 75.1M      0   804k  0:04:09  0:01:35  0:02:34  819k 38  196M    0     0   38 75.9M      0   804k  0:04:09  0:01:36  0:02:33  816k 39  196M    0     0   39 76.7M      0   804k  0:04:09  0:01:37  0:02:32  810k 39  196M    0     0   39 77.5M      0   804k  0:04:09  0:01:38  0:02:31  810k 39  196M    0     0   39 78.3M      0   805k  0:04:09  0:01:39  0:02:30  816k 40  196M    0     0   40 79.1M      0   805k  0:04:09  0:01:40  0:02:29  815k 40  196M    0     0   40 79.9M      0   805k  0:04:09  0:01:41  0:02:28  821k 41  196M    0     0   41 80.7M      0   805k  0:04:09  0:01:42  0:02:27  819k 41  196M    0     0   41 81.5M      0   805k  0:04:09  0:01:43  0:02:26  820k 41  196M    0     0   41 82.2M      0   805k  0:04:09  0:01:44  0:02:25  814k 42  196M    0     0   42 83.0M      0   805k  0:04:09  0:01:45  0:02:24  813k 42  196M    0     0   42 83.8M      0   805k  0:04:09  0:01:46  0:02:23  811k 43  196M    0     0   43 84.6M      0   805k  0:04:09  0:01:47  0:02:22  808k 43  196M    0     0   43 85.4M      0   805k  0:04:09  0:01:48  0:02:21  805k 43  196M    0     0   43 86.2M      0   805k  0:04:09  0:01:49  0:02:20  807k 44  196M    0     0   44 87.0M      0   805k  0:04:09  0:01:50  0:02:19  805k 44  196M    0     0   44 87.7M      0   805k  0:04:09  0:01:51  0:02:18  800k 45  196M    0     0   45 88.5M      0   805k  0:04:09  0:01:52  0:02:17  803k 45  196M    0     0   45 89.3M      0   805k  0:04:09  0:01:53  0:02:16  806k 45  196M    0     0   45 90.1M      0   805k  0:04:09  0:01:54  0:02:15  808k 46  196M    0     0   46 90.9M      0   805k  0:04:09  0:01:55  0:02:14  805k 46  196M    0     0   46 91.7M      0   805k  0:04:09  0:01:56  0:02:13  807k 47  196M    0     0   47 92.5M      0   805k  0:04:09  0:01:57  0:02:12  809k 47  196M    0     0   47 93.3M      0   805k  0:04:09  0:01:58  0:02:11  810k 47  196M    0     0   47 94.1M      0   805k  0:04:09  0:01:59  0:02:10  807k 48  196M    0     0   48 94.9M      0   806k  0:04:09  0:02:00  0:02:09  814k 48  196M    0     0   48 95.7M      0   806k  0:04:09  0:02:01  0:02:08  822k 49  196M    0     0   49 96.5M      0   806k  0:04:09  0:02:02  0:02:07  824k 49  196M    0     0   49 97.3M      0   806k  0:04:08  0:02:03  0:02:05  826k 50  196M    0     0   50 98.2M      0   807k  0:04:08  0:02:04  0:02:04  834k 50  196M    0     0   50 99.0M      0   807k  0:04:08  0:02:05  0:02:03  834k 50  196M    0     0   50 99.8M      0   807k  0:04:08  0:02:06  0:02:02  831k 51  196M    0     0   51  100M      0   807k  0:04:08  0:02:07  0:02:01  830k 51  196M    0     0   51  101M      0   807k  0:04:08  0:02:08  0:02:00  834k 52  196M    0     0   52  102M      0   808k  0:04:08  0:02:09  0:01:59  830k 52  196M    0     0   52  103M      0   808k  0:04:08  0:02:10  0:01:58  831k 52  196M    0     0   52  103M      0   808k  0:04:08  0:02:11  0:01:57  830k 53  196M    0     0   53  104M      0   808k  0:04:08  0:02:12  0:01:56  830k 53  196M    0     0   53  105M      0   808k  0:04:08  0:02:13  0:01:55  831k 54  196M    0     0   54  106M      0   808k  0:04:08  0:02:14  0:01:54  828k 54  196M    0     0   54  107M      0   808k  0:04:08  0:02:15  0:01:53  831k 55  196M    0     0   55  107M      0   809k  0:04:08  0:02:16  0:01:52  831k 55  196M    0     0   55  108M      0   809k  0:04:08  0:02:17  0:01:51  835k 55  196M    0     0   55  109M      0   809k  0:04:08  0:02:18  0:01:50  828k 56  196M    0     0   56  110M      0   809k  0:04:08  0:02:19  0:01:49  831k 56  196M    0     0   56  111M      0   809k  0:04:08  0:02:20  0:01:48  832k 57  196M    0     0   57  112M      0   810k  0:04:07  0:02:21  0:01:46  835k 57  196M    0     0   57  112M      0   810k  0:04:07  0:02:22  0:01:45  827k 57  196M    0     0   57  113M      0   810k  0:04:07  0:02:23  0:01:44  826k 58  196M    0     0   58  114M      0   810k  0:04:07  0:02:24  0:01:43  826k 58  196M    0     0   58  115M      0   810k  0:04:07  0:02:25  0:01:42  828k 59  196M    0     0   59  116M      0   810k  0:04:07  0:02:26  0:01:41  825k 59  196M    0     0   59  116M      0   810k  0:04:07  0:02:27  0:01:40  827k 59  196M    0     0   59  117M      0   810k  0:04:07  0:02:28  0:01:39  831k 60  196M    0     0   60  118M      0   810k  0:04:07  0:02:29  0:01:38  830k 60  196M    0     0   60  119M      0   811k  0:04:07  0:02:30  0:01:37  829k 61  196M    0     0   61  120M      0   811k  0:04:07  0:02:31  0:01:36  832k 61  196M    0     0   61  120M      0   811k  0:04:07  0:02:32  0:01:35  829k 62  196M    0     0   62  121M      0   811k  0:04:07  0:02:33  0:01:34  829k 62  196M    0     0   62  122M      0   811k  0:04:07  0:02:34  0:01:33  829k 62  196M    0     0   62  123M      0   811k  0:04:07  0:02:35  0:01:32  827k 63  196M    0     0   63  124M      0   811k  0:04:07  0:02:36  0:01:31  824k 63  196M    0     0   63  124M      0   811k  0:04:07  0:02:37  0:01:30  830k 64  196M    0     0   64  125M      0   811k  0:04:07  0:02:38  0:01:29  828k 64  196M    0     0   64  126M      0   812k  0:04:07  0:02:39  0:01:28  828k 64  196M    0     0   64  127M      0   812k  0:04:07  0:02:40  0:01:27  829k 65  196M    0     0   65  128M      0   812k  0:04:07  0:02:41  0:01:26  832k 65  196M    0     0   65  129M      0   812k  0:04:07  0:02:42  0:01:25  829k 66  196M    0     0   66  129M      0   812k  0:04:07  0:02:43  0:01:24  831k 66  196M    0     0   66  130M      0   812k  0:04:07  0:02:44  0:01:23  832k 66  196M    0     0   66  131M      0   812k  0:04:07  0:02:45  0:01:22  825k 67  196M    0     0   67  132M      0   812k  0:04:07  0:02:46  0:01:21  826k 67  196M    0     0   67  133M      0   812k  0:04:07  0:02:47  0:01:20  826k 68  196M    0     0   68  133M      0   812k  0:04:07  0:02:48  0:01:19  825k 68  196M    0     0   68  134M      0   813k  0:04:07  0:02:49  0:01:18  826k 69  196M    0     0   69  135M      0   813k  0:04:06  0:02:50  0:01:16  833k 69  196M    0     0   69  136M      0   813k  0:04:06  0:02:51  0:01:15  831k 69  196M    0     0   69  137M      0   813k  0:04:06  0:02:52  0:01:14  833k 70  196M    0     0   70  137M      0   813k  0:04:06  0:02:53  0:01:13  834k 70  196M    0     0   70  138M      0   813k  0:04:06  0:02:54  0:01:12  839k 71  196M    0     0   71  139M      0   813k  0:04:06  0:02:55  0:01:11  838k 71  196M    0     0   71  140M      0   814k  0:04:06  0:02:56  0:01:10  840k 71  196M    0     0   71  141M      0   814k  0:04:06  0:02:57  0:01:09  843k 72  196M    0     0   72  142M      0   814k  0:04:06  0:02:58  0:01:08  836k 72  196M    0     0   72  142M      0   814k  0:04:06  0:02:59  0:01:07  829k 73  196M    0     0   73  143M      0   814k  0:04:06  0:03:00  0:01:06  828k 73  196M    0     0   73  144M      0   814k  0:04:06  0:03:01  0:01:05  829k 74  196M    0     0   74  145M      0   814k  0:04:06  0:03:02  0:01:04  829k 74  196M    0     0   74  146M      0   814k  0:04:06  0:03:03  0:01:03  829k 74  196M    0     0   74  146M      0   814k  0:04:06  0:03:04  0:01:02  828k 75  196M    0     0   75  147M      0   814k  0:04:06  0:03:05  0:01:01  828k 75  196M    0     0   75  148M      0   814k  0:04:06  0:03:06  0:01:00  829k 76  196M    0     0   76  149M      0   814k  0:04:06  0:03:07  0:00:59  821k 76  196M    0     0   76  150M      0   814k  0:04:06  0:03:08  0:00:58  826k 76  196M    0     0   76  150M      0   814k  0:04:06  0:03:09  0:00:57  828k 77  196M    0     0   77  151M      0   815k  0:04:06  0:03:10  0:00:56  832k 77  196M    0     0   77  152M      0   815k  0:04:06  0:03:11  0:00:55  824k 78  196M    0     0   78  153M      0   815k  0:04:06  0:03:12  0:00:54  830k 78  196M    0     0   78  154M      0   815k  0:04:06  0:03:13  0:00:53  830k 79  196M    0     0   79  154M      0   815k  0:04:06  0:03:14  0:00:52  835k 79  196M    0     0   79  155M      0   815k  0:04:06  0:03:15  0:00:51  827k 79  196M    0     0   79  156M      0   815k  0:04:06  0:03:16  0:00:50  831k 80  196M    0     0   80  157M      0   815k  0:04:06  0:03:17  0:00:49  831k 80  196M    0     0   80  158M      0   815k  0:04:06  0:03:18  0:00:48  834k 81  196M    0     0   81  159M      0   815k  0:04:06  0:03:19  0:00:47  828k 81  196M    0     0   81  159M      0   815k  0:04:06  0:03:20  0:00:46  831k 81  196M    0     0   81  160M      0   815k  0:04:06  0:03:21  0:00:45  827k 82  196M    0     0   82  161M      0   815k  0:04:06  0:03:22  0:00:44  825k 82  196M    0     0   82  162M      0   815k  0:04:06  0:03:23  0:00:43  822k 83  196M    0     0   83  163M      0   815k  0:04:06  0:03:24  0:00:42  820k 83  196M    0     0   83  163M      0   815k  0:04:06  0:03:25  0:00:41  817k 83  196M    0     0   83  164M      0   815k  0:04:06  0:03:26  0:00:40  818k 84  196M    0     0   84  165M      0   815k  0:04:06  0:03:27  0:00:39  817k 84  196M    0     0   84  166M      0   815k  0:04:06  0:03:28  0:00:38  812k 85  196M    0     0   85  167M      0   815k  0:04:06  0:03:29  0:00:37  815k 85  196M    0     0   85  167M      0   815k  0:04:06  0:03:30  0:00:36  814k 85  196M    0     0   85  168M      0   816k  0:04:06  0:03:31  0:00:35  822k 86  196M    0     0   86  169M      0   816k  0:04:06  0:03:32  0:00:34  821k 86  196M    0     0   86  170M      0   816k  0:04:06  0:03:33  0:00:33  825k 87  196M    0     0   87  171M      0   816k  0:04:06  0:03:34  0:00:32  825k 87  196M    0     0   87  171M      0   816k  0:04:06  0:03:35  0:00:31  829k 88  196M    0     0   88  172M      0   816k  0:04:06  0:03:36  0:00:30  829k 88  196M    0     0   88  173M      0   816k  0:04:06  0:03:37  0:00:29  830k 88  196M    0     0   88  174M      0   816k  0:04:06  0:03:38  0:00:28  831k 89  196M    0     0   89  175M      0   816k  0:04:05  0:03:39  0:00:26  831k 89  196M    0     0   89  175M      0   816k  0:04:05  0:03:40  0:00:25  835k 90  196M    0     0   90  176M      0   816k  0:04:05  0:03:41  0:00:24  828k 90  196M    0     0   90  177M      0   816k  0:04:05  0:03:42  0:00:23  839k 90  196M    0     0   90  178M      0   816k  0:04:05  0:03:43  0:00:22  839k 91  196M    0     0   91  179M      0   817k  0:04:05  0:03:44  0:00:21  838k 91  196M    0     0   91  180M      0   817k  0:04:05  0:03:45  0:00:20  840k 92  196M    0     0   92  180M      0   817k  0:04:05  0:03:46  0:00:19  844k 92  196M    0     0   92  181M      0   817k  0:04:05  0:03:47  0:00:18  834k 93  196M    0     0   93  182M      0   817k  0:04:05  0:03:48  0:00:17  833k 93  196M    0     0   93  183M      0   817k  0:04:05  0:03:49  0:00:16  832k 93  196M    0     0   93  184M      0   817k  0:04:05  0:03:50  0:00:15  826k 94  196M    0     0   94  184M      0   817k  0:04:05  0:03:51  0:00:14  822k 94  196M    0     0   94  185M      0   817k  0:04:05  0:03:52  0:00:13  824k 95  196M    0     0   95  186M      0   817k  0:04:05  0:03:53  0:00:12  821k 95  196M    0     0   95  187M      0   817k  0:04:05  0:03:54  0:00:11  808k 95  196M    0     0   95  187M      0   816k  0:04:05  0:03:55  0:00:10  795k 96  196M    0     0   96  188M      0   816k  0:04:05  0:03:56  0:00:09  788k 96  196M    0     0   96  189M      0   816k  0:04:05  0:03:57  0:00:08  786k 97  196M    0     0   97  190M      0   816k  0:04:05  0:03:58  0:00:07  778k 97  196M    0     0   97  191M      0   816k  0:04:05  0:03:59  0:00:06  787k 97  196M    0     0   97  191M      0   816k  0:04:05  0:04:00  0:00:05  797k 98  196M    0     0   98  192M      0   816k  0:04:05  0:04:01  0:00:04  804k 98  196M    0     0   98  193M      0   816k  0:04:05  0:04:02  0:00:03  804k 99  196M    0     0   99  194M      0   816k  0:04:06  0:04:03  0:00:03  805k 99  196M    0     0   99  194M      0   816k  0:04:06  0:04:04  0:00:02  801k 99  196M    0     0   99  195M      0   816k  0:04:06  0:04:05  0:00:01  807k100  196M    0     0  100  196M      0   812k  0:04:07  0:04:07 --:--:--  652k100  196M    0     0  100  196M      0   812k  0:04:07  0:04:07 --:--:--  613k
