07658870
curl --location --header x-amz-auto-make-bucket:1 --header x-archive-ignore-preexisting-bucket:1 --header x-archive-queue-derive:0 --header x-archive-meta-mediatype:texts --header x-archive-meta03-collection:emory --header x-archive-meta01-collection:americanmethodism --header x-archive-meta-sponsor:Emory University, Pitts Theology Library --header x-archive-meta-contributor:Emory University, Pitts Theology Library --header x-archive-meta-ppi:300 --header authorization: LOW fpJYfLnxbLmCEHqU:JQbq6NgBaPrSh98Y --upload-file /mnt/lsdi/ocm07658870/ocm07658870/ocm07658870_MRC.xml http://s3.us.archive.org/07658870.emory.edu/07658870.emory.edu_marc.xml
  % Total    % Received % Xferd  Average Speed   Time    Time     Time  Current
                                 Dload  Upload   Total   Spent    Left  Speed
  0     0    0     0    0     0      0      0 --:--:-- --:--:-- --:--:--     0  0  3825    0     0    0     0      0      0 --:--:--  0:00:01 --:--:--     0100  3825    0     0  100  3825      0   1731  0:00:02  0:00:02 --:--:--  1890100  3825    0     0  100  3825      0   1303  0:00:02  0:00:02 --:--:--  1390100  3825    0     0  100  3825      0    971  0:00:03  0:00:03 --:--:--  1019100  3825    0     0  100  3825      0    774  0:00:04  0:00:04 --:--:--   804100  3825    0     0  100  3825      0    644  0:00:05  0:00:05 --:--:--   804100  3825    0     0  100  3825      0    551  0:00:06  0:00:06 --:--:--     0100  3825    0     0  100  3825      0    481  0:00:07  0:00:07 --:--:--     0100  3825    0     0  100  3825      0    434  0:00:08  0:00:08 --:--:--     0100  3825    0     0  100  3825      0    434  0:00:08  0:00:08 --:--:--     0
zip -r /temp/ocm07658870_images.zip /mnt/lsdi/ocm07658870/ocm07658870/Output/_0001.tif /mnt/lsdi/ocm07658870/ocm07658870/Output/_0002.tif /mnt/lsdi/ocm07658870/ocm07658870/Output/_0003.tif /mnt/lsdi/ocm07658870/ocm07658870/Output/_0004.tif /mnt/lsdi/ocm07658870/ocm07658870/Output/_0005.tif /mnt/lsdi/ocm07658870/ocm07658870/Output/_0006.tif /mnt/lsdi/ocm07658870/ocm07658870/Output/_0007.tif /mnt/lsdi/ocm07658870/ocm07658870/Output/_0008.tif /mnt/lsdi/ocm07658870/ocm07658870/Output/_0009.tif /mnt/lsdi/ocm07658870/ocm07658870/Output/_0010.tif /mnt/lsdi/ocm07658870/ocm07658870/Output/_0011.tif /mnt/lsdi/ocm07658870/ocm07658870/Output/_0012.tif /mnt/lsdi/ocm07658870/ocm07658870/Output/_0013.tif /mnt/lsdi/ocm07658870/ocm07658870/Output/_0014.tif /mnt/lsdi/ocm07658870/ocm07658870/Output/_0015.tif /mnt/lsdi/ocm07658870/ocm07658870/Output/_0016.tif /mnt/lsdi/ocm07658870/ocm07658870/Output/_0017.tif /mnt/lsdi/ocm07658870/ocm07658870/Output/_0018.tif /mnt/lsdi/ocm07658870/ocm07658870/Output/_0019.tif /mnt/lsdi/ocm07658870/ocm07658870/Output/_0020.tif /mnt/lsdi/ocm07658870/ocm07658870/Output/_0021.tif /mnt/lsdi/ocm07658870/ocm07658870/Output/_0022.tif /mnt/lsdi/ocm07658870/ocm07658870/Output/_0023.tif /mnt/lsdi/ocm07658870/ocm07658870/Output/_0024.tif /mnt/lsdi/ocm07658870/ocm07658870/Output/_0025.tif /mnt/lsdi/ocm07658870/ocm07658870/Output/_0026.tif /mnt/lsdi/ocm07658870/ocm07658870/Output/_0027.tif /mnt/lsdi/ocm07658870/ocm07658870/Output/_0028.tif /mnt/lsdi/ocm07658870/ocm07658870/Output/_0029.tif /mnt/lsdi/ocm07658870/ocm07658870/Output/_0030.tif /mnt/lsdi/ocm07658870/ocm07658870/Output/_0031.tif /mnt/lsdi/ocm07658870/ocm07658870/Output/_0032.tif /mnt/lsdi/ocm07658870/ocm07658870/Output/_0033.tif /mnt/lsdi/ocm07658870/ocm07658870/Output/_0034.tif /mnt/lsdi/ocm07658870/ocm07658870/Output/_0035.tif /mnt/lsdi/ocm07658870/ocm07658870/Output/_0036.tif /mnt/lsdi/ocm07658870/ocm07658870/Output/_0037.tif /mnt/lsdi/ocm07658870/ocm07658870/Output/_0038.tif /mnt/lsdi/ocm07658870/ocm07658870/Output/_0039.tif /mnt/lsdi/ocm07658870/ocm07658870/Output/_0040.tif /mnt/lsdi/ocm07658870/ocm07658870/Output/_0041.tif /mnt/lsdi/ocm07658870/ocm07658870/Output/_0042.tif /mnt/lsdi/ocm07658870/ocm07658870/Output/_0043.tif /mnt/lsdi/ocm07658870/ocm07658870/Output/_0044.tif /mnt/lsdi/ocm07658870/ocm07658870/Output/_0045.tif /mnt/lsdi/ocm07658870/ocm07658870/Output/_0046.tif /mnt/lsdi/ocm07658870/ocm07658870/Output/_0047.tif /mnt/lsdi/ocm07658870/ocm07658870/Output/_0048.tif /mnt/lsdi/ocm07658870/ocm07658870/Output/_0049.tif /mnt/lsdi/ocm07658870/ocm07658870/Output/_0050.tif /mnt/lsdi/ocm07658870/ocm07658870/Output/_0051.tif /mnt/lsdi/ocm07658870/ocm07658870/Output/_0052.tif /mnt/lsdi/ocm07658870/ocm07658870/Output/_0053.tif /mnt/lsdi/ocm07658870/ocm07658870/Output/_0054.tif /mnt/lsdi/ocm07658870/ocm07658870/Output/_0055.tif /mnt/lsdi/ocm07658870/ocm07658870/Output/_0056.tif /mnt/lsdi/ocm07658870/ocm07658870/Output/_0057.tif /mnt/lsdi/ocm07658870/ocm07658870/Output/_0058.tif /mnt/lsdi/ocm07658870/ocm07658870/Output/_0059.tif /mnt/lsdi/ocm07658870/ocm07658870/Output/_0060.tif /mnt/lsdi/ocm07658870/ocm07658870/Output/_0061.tif /mnt/lsdi/ocm07658870/ocm07658870/Output/_0062.tif /mnt/lsdi/ocm07658870/ocm07658870/Output/_0063.tif /mnt/lsdi/ocm07658870/ocm07658870/Output/_0064.tif /mnt/lsdi/ocm07658870/ocm07658870/Output/_0065.tif /mnt/lsdi/ocm07658870/ocm07658870/Output/_0066.tif /mnt/lsdi/ocm07658870/ocm07658870/Output/_0067.tif /mnt/lsdi/ocm07658870/ocm07658870/Output/_0068.tif /mnt/lsdi/ocm07658870/ocm07658870/Output/_0069.tif /mnt/lsdi/ocm07658870/ocm07658870/Output/_0070.tif /mnt/lsdi/ocm07658870/ocm07658870/Output/_0071.tif /mnt/lsdi/ocm07658870/ocm07658870/Output/_0072.tif /mnt/lsdi/ocm07658870/ocm07658870/Output/_0073.tif /mnt/lsdi/ocm07658870/ocm07658870/Output/_0074.tif /mnt/lsdi/ocm07658870/ocm07658870/Output/_0075.tif /mnt/lsdi/ocm07658870/ocm07658870/Output/_0076.tif /mnt/lsdi/ocm07658870/ocm07658870/Output/_0077.tif /mnt/lsdi/ocm07658870/ocm07658870/Output/_0078.tif /mnt/lsdi/ocm07658870/ocm07658870/Output/_0079.tif /mnt/lsdi/ocm07658870/ocm07658870/Output/_0080.tif /mnt/lsdi/ocm07658870/ocm07658870/Output/_0081.tif /mnt/lsdi/ocm07658870/ocm07658870/Output/_0082.tif /mnt/lsdi/ocm07658870/ocm07658870/Output/_0083.tif /mnt/lsdi/ocm07658870/ocm07658870/Output/_0084.tif /mnt/lsdi/ocm07658870/ocm07658870/Output/_0085.tif /mnt/lsdi/ocm07658870/ocm07658870/Output/_0086.tif /mnt/lsdi/ocm07658870/ocm07658870/Output/_0087.tif /mnt/lsdi/ocm07658870/ocm07658870/Output/_0088.tif /mnt/lsdi/ocm07658870/ocm07658870/Output/_0089.tif /mnt/lsdi/ocm07658870/ocm07658870/Output/_0090.tif /mnt/lsdi/ocm07658870/ocm07658870/Output/_0091.tif /mnt/lsdi/ocm07658870/ocm07658870/Output/_0092.tif /mnt/lsdi/ocm07658870/ocm07658870/Output/_0093.tif /mnt/lsdi/ocm07658870/ocm07658870/Output/_0094.tif /mnt/lsdi/ocm07658870/ocm07658870/Output/_0095.tif /mnt/lsdi/ocm07658870/ocm07658870/Output/_0096.tif /mnt/lsdi/ocm07658870/ocm07658870/Output/_0097.tif /mnt/lsdi/ocm07658870/ocm07658870/Output/_0098.tif /mnt/lsdi/ocm07658870/ocm07658870/Output/_0099.tif /mnt/lsdi/ocm07658870/ocm07658870/Output/_0100.tif /mnt/lsdi/ocm07658870/ocm07658870/Output/_0101.tif /mnt/lsdi/ocm07658870/ocm07658870/Output/_0102.tif /mnt/lsdi/ocm07658870/ocm07658870/Output/_0103.tif /mnt/lsdi/ocm07658870/ocm07658870/Output/_0104.tif /mnt/lsdi/ocm07658870/ocm07658870/Output/_0105.tif /mnt/lsdi/ocm07658870/ocm07658870/Output/_0106.tif /mnt/lsdi/ocm07658870/ocm07658870/Output/_0107.tif /mnt/lsdi/ocm07658870/ocm07658870/Output/_0108.tif /mnt/lsdi/ocm07658870/ocm07658870/Output/_0109.tif /mnt/lsdi/ocm07658870/ocm07658870/Output/_0110.tif /mnt/lsdi/ocm07658870/ocm07658870/Output/_0111.tif /mnt/lsdi/ocm07658870/ocm07658870/Output/_0112.tif /mnt/lsdi/ocm07658870/ocm07658870/Output/_0113.tif /mnt/lsdi/ocm07658870/ocm07658870/Output/_0114.tif /mnt/lsdi/ocm07658870/ocm07658870/Output/_0115.tif /mnt/lsdi/ocm07658870/ocm07658870/Output/_0116.tif /mnt/lsdi/ocm07658870/ocm07658870/Output/_0117.tif /mnt/lsdi/ocm07658870/ocm07658870/Output/_0118.tif /mnt/lsdi/ocm07658870/ocm07658870/Output/_0119.tif /mnt/lsdi/ocm07658870/ocm07658870/Output/_0120.tif /mnt/lsdi/ocm07658870/ocm07658870/Output/_0121.tif /mnt/lsdi/ocm07658870/ocm07658870/Output/_0122.tif /mnt/lsdi/ocm07658870/ocm07658870/Output/_0123.tif /mnt/lsdi/ocm07658870/ocm07658870/Output/_0124.tif /mnt/lsdi/ocm07658870/ocm07658870/Output/_0125.tif /mnt/lsdi/ocm07658870/ocm07658870/Output/_0126.tif /mnt/lsdi/ocm07658870/ocm07658870/Output/_0127.tif /mnt/lsdi/ocm07658870/ocm07658870/Output/_0128.tif /mnt/lsdi/ocm07658870/ocm07658870/Output/_0129.tif /mnt/lsdi/ocm07658870/ocm07658870/Output/_0130.tif /mnt/lsdi/ocm07658870/ocm07658870/Output/_0131.tif /mnt/lsdi/ocm07658870/ocm07658870/Output/_0132.tif /mnt/lsdi/ocm07658870/ocm07658870/Output/_0133.tif /mnt/lsdi/ocm07658870/ocm07658870/Output/_0134.tif /mnt/lsdi/ocm07658870/ocm07658870/Output/_0135.tif /mnt/lsdi/ocm07658870/ocm07658870/Output/_0136.tif /mnt/lsdi/ocm07658870/ocm07658870/Output/_0137.tif /mnt/lsdi/ocm07658870/ocm07658870/Output/_0138.tif /mnt/lsdi/ocm07658870/ocm07658870/Output/_0139.tif /mnt/lsdi/ocm07658870/ocm07658870/Output/_0140.tif /mnt/lsdi/ocm07658870/ocm07658870/Output/_0141.tif /mnt/lsdi/ocm07658870/ocm07658870/Output/_0142.tif /mnt/lsdi/ocm07658870/ocm07658870/Output/_0143.tif /mnt/lsdi/ocm07658870/ocm07658870/Output/_0144.tif /mnt/lsdi/ocm07658870/ocm07658870/Output/_0145.tif /mnt/lsdi/ocm07658870/ocm07658870/Output/_0146.tif /mnt/lsdi/ocm07658870/ocm07658870/Output/_0147.tif /mnt/lsdi/ocm07658870/ocm07658870/Output/_0148.tif /mnt/lsdi/ocm07658870/ocm07658870/Output/_0149.tif /mnt/lsdi/ocm07658870/ocm07658870/Output/_0150.tif /mnt/lsdi/ocm07658870/ocm07658870/Output/_0151.tif /mnt/lsdi/ocm07658870/ocm07658870/Output/_0152.tif /mnt/lsdi/ocm07658870/ocm07658870/Output/_0153.tif /mnt/lsdi/ocm07658870/ocm07658870/Output/_0154.tif /mnt/lsdi/ocm07658870/ocm07658870/Output/_0155.tif /mnt/lsdi/ocm07658870/ocm07658870/Output/_0156.tif /mnt/lsdi/ocm07658870/ocm07658870/Output/_0157.tif /mnt/lsdi/ocm07658870/ocm07658870/Output/_0158.tif /mnt/lsdi/ocm07658870/ocm07658870/Output/_0159.tif /mnt/lsdi/ocm07658870/ocm07658870/Output/_0160.tif /mnt/lsdi/ocm07658870/ocm07658870/Output/_0161.tif /mnt/lsdi/ocm07658870/ocm07658870/Output/_0162.tif /mnt/lsdi/ocm07658870/ocm07658870/Output/_0163.tif /mnt/lsdi/ocm07658870/ocm07658870/Output/_0164.tif /mnt/lsdi/ocm07658870/ocm07658870/Output/_0165.tif /mnt/lsdi/ocm07658870/ocm07658870/Output/_0166.tif /mnt/lsdi/ocm07658870/ocm07658870/Output/_0167.tif /mnt/lsdi/ocm07658870/ocm07658870/Output/_0168.tif /mnt/lsdi/ocm07658870/ocm07658870/Output/_0169.tif /mnt/lsdi/ocm07658870/ocm07658870/Output/_0170.tif /mnt/lsdi/ocm07658870/ocm07658870/Output/_0171.tif /mnt/lsdi/ocm07658870/ocm07658870/Output/_0172.tif /mnt/lsdi/ocm07658870/ocm07658870/Output/_0173.tif /mnt/lsdi/ocm07658870/ocm07658870/Output/_0174.tif /mnt/lsdi/ocm07658870/ocm07658870/Output/_0175.tif /mnt/lsdi/ocm07658870/ocm07658870/Output/_0176.tif /mnt/lsdi/ocm07658870/ocm07658870/Output/_0177.tif /mnt/lsdi/ocm07658870/ocm07658870/Output/_0178.tif /mnt/lsdi/ocm07658870/ocm07658870/Output/_0179.tif /mnt/lsdi/ocm07658870/ocm07658870/Output/_0180.tif /mnt/lsdi/ocm07658870/ocm07658870/Output/_0181.tif /mnt/lsdi/ocm07658870/ocm07658870/Output/_0182.tif /mnt/lsdi/ocm07658870/ocm07658870/Output/_0183.tif /mnt/lsdi/ocm07658870/ocm07658870/Output/_0184.tif /mnt/lsdi/ocm07658870/ocm07658870/Output/_0185.tif /mnt/lsdi/ocm07658870/ocm07658870/Output/_0186.tif /mnt/lsdi/ocm07658870/ocm07658870/Output/_0187.tif /mnt/lsdi/ocm07658870/ocm07658870/Output/_0188.tif /mnt/lsdi/ocm07658870/ocm07658870/Output/_0189.tif /mnt/lsdi/ocm07658870/ocm07658870/Output/_0190.tif /mnt/lsdi/ocm07658870/ocm07658870/Output/_0191.tif /mnt/lsdi/ocm07658870/ocm07658870/Output/_0192.tif /mnt/lsdi/ocm07658870/ocm07658870/Output/_0193.tif /mnt/lsdi/ocm07658870/ocm07658870/Output/_0194.tif /mnt/lsdi/ocm07658870/ocm07658870/Output/_0195.tif /mnt/lsdi/ocm07658870/ocm07658870/Output/_0196.tif /mnt/lsdi/ocm07658870/ocm07658870/Output/_0197.tif /mnt/lsdi/ocm07658870/ocm07658870/Output/_0198.tif /mnt/lsdi/ocm07658870/ocm07658870/Output/_0199.tif /mnt/lsdi/ocm07658870/ocm07658870/Output/_0200.tif /mnt/lsdi/ocm07658870/ocm07658870/Output/_0201.tif /mnt/lsdi/ocm07658870/ocm07658870/Output/_0202.tif /mnt/lsdi/ocm07658870/ocm07658870/Output/_0203.tif /mnt/lsdi/ocm07658870/ocm07658870/Output/_0204.tif /mnt/lsdi/ocm07658870/ocm07658870/Output/_0205.tif /mnt/lsdi/ocm07658870/ocm07658870/Output/_0206.tif /mnt/lsdi/ocm07658870/ocm07658870/Output/_0207.tif /mnt/lsdi/ocm07658870/ocm07658870/Output/_0208.tif /mnt/lsdi/ocm07658870/ocm07658870/Output/_0209.tif /mnt/lsdi/ocm07658870/ocm07658870/Output/_0210.tif /mnt/lsdi/ocm07658870/ocm07658870/Output/_0211.tif /mnt/lsdi/ocm07658870/ocm07658870/Output/_0212.tif /mnt/lsdi/ocm07658870/ocm07658870/Output/_0213.tif /mnt/lsdi/ocm07658870/ocm07658870/Output/_0214.tif /mnt/lsdi/ocm07658870/ocm07658870/Output/_0215.tif /mnt/lsdi/ocm07658870/ocm07658870/Output/_0216.tif /mnt/lsdi/ocm07658870/ocm07658870/Output/_0217.tif /mnt/lsdi/ocm07658870/ocm07658870/Output/_0218.tif /mnt/lsdi/ocm07658870/ocm07658870/Output/_0219.tif /mnt/lsdi/ocm07658870/ocm07658870/Output/_0220.tif /mnt/lsdi/ocm07658870/ocm07658870/Output/_0221.tif /mnt/lsdi/ocm07658870/ocm07658870/Output/_0222.tif /mnt/lsdi/ocm07658870/ocm07658870/Output/_0223.tif /mnt/lsdi/ocm07658870/ocm07658870/Output/_0224.tif /mnt/lsdi/ocm07658870/ocm07658870/Output/_0225.tif /mnt/lsdi/ocm07658870/ocm07658870/Output/_0226.tif /mnt/lsdi/ocm07658870/ocm07658870/Output/_0227.tif /mnt/lsdi/ocm07658870/ocm07658870/Output/_0228.tif /mnt/lsdi/ocm07658870/ocm07658870/Output/_0229.tif /mnt/lsdi/ocm07658870/ocm07658870/Output/_0230.tif /mnt/lsdi/ocm07658870/ocm07658870/Output/_0231.tif /mnt/lsdi/ocm07658870/ocm07658870/Output/_0232.tif /mnt/lsdi/ocm07658870/ocm07658870/Output/_0233.tif /mnt/lsdi/ocm07658870/ocm07658870/Output/_0234.tif /mnt/lsdi/ocm07658870/ocm07658870/Output/_0235.tif /mnt/lsdi/ocm07658870/ocm07658870/Output/_0236.tif /mnt/lsdi/ocm07658870/ocm07658870/Output/_0237.tif /mnt/lsdi/ocm07658870/ocm07658870/Output/_0238.tif /mnt/lsdi/ocm07658870/ocm07658870/Output/_0239.tif /mnt/lsdi/ocm07658870/ocm07658870/Output/_0240.tif /mnt/lsdi/ocm07658870/ocm07658870/Output/_0241.tif /mnt/lsdi/ocm07658870/ocm07658870/Output/_0242.tif /mnt/lsdi/ocm07658870/ocm07658870/Output/_0243.tif /mnt/lsdi/ocm07658870/ocm07658870/Output/_0244.tif /mnt/lsdi/ocm07658870/ocm07658870/Output/_0245.tif /mnt/lsdi/ocm07658870/ocm07658870/Output/_0246.tif /mnt/lsdi/ocm07658870/ocm07658870/Output/_0247.tif /mnt/lsdi/ocm07658870/ocm07658870/Output/_0248.tif /mnt/lsdi/ocm07658870/ocm07658870/Output/_0249.tif /mnt/lsdi/ocm07658870/ocm07658870/Output/_0250.tif /mnt/lsdi/ocm07658870/ocm07658870/Output/_0251.tif /mnt/lsdi/ocm07658870/ocm07658870/Output/_0252.tif /mnt/lsdi/ocm07658870/ocm07658870/Output/_0253.tif /mnt/lsdi/ocm07658870/ocm07658870/Output/_0254.tif /mnt/lsdi/ocm07658870/ocm07658870/Output/_0255.tif /mnt/lsdi/ocm07658870/ocm07658870/Output/_0256.tif /mnt/lsdi/ocm07658870/ocm07658870/Output/_0257.tif /mnt/lsdi/ocm07658870/ocm07658870/Output/_0258.tif /mnt/lsdi/ocm07658870/ocm07658870/Output/_0259.tif /mnt/lsdi/ocm07658870/ocm07658870/Output/_0260.tif /mnt/lsdi/ocm07658870/ocm07658870/Output/_0261.tif /mnt/lsdi/ocm07658870/ocm07658870/Output/_0262.tif /mnt/lsdi/ocm07658870/ocm07658870/Output/_0263.tif /mnt/lsdi/ocm07658870/ocm07658870/Output/_0264.tif /mnt/lsdi/ocm07658870/ocm07658870/Output/_0265.tif /mnt/lsdi/ocm07658870/ocm07658870/Output/_0266.tif /mnt/lsdi/ocm07658870/ocm07658870/Output/_0267.tif /mnt/lsdi/ocm07658870/ocm07658870/Output/_0268.tif /mnt/lsdi/ocm07658870/ocm07658870/Output/_0269.tif /mnt/lsdi/ocm07658870/ocm07658870/Output/_0270.tif /mnt/lsdi/ocm07658870/ocm07658870/Output/_0271.tif /mnt/lsdi/ocm07658870/ocm07658870/Output/_0272.tif /mnt/lsdi/ocm07658870/ocm07658870/Output/_0273.tif /mnt/lsdi/ocm07658870/ocm07658870/Output/_0274.tif /mnt/lsdi/ocm07658870/ocm07658870/Output/_0275.tif /mnt/lsdi/ocm07658870/ocm07658870/Output/_0276.tif /mnt/lsdi/ocm07658870/ocm07658870/Output/_0277.tif /mnt/lsdi/ocm07658870/ocm07658870/Output/_0278.tif /mnt/lsdi/ocm07658870/ocm07658870/Output/_0279.tif /mnt/lsdi/ocm07658870/ocm07658870/Output/_0280.tif /mnt/lsdi/ocm07658870/ocm07658870/Output/_0281.tif /mnt/lsdi/ocm07658870/ocm07658870/Output/_0282.tif /mnt/lsdi/ocm07658870/ocm07658870/Output/_0283.tif /mnt/lsdi/ocm07658870/ocm07658870/Output/_0284.tif /mnt/lsdi/ocm07658870/ocm07658870/Output/_0285.tif /mnt/lsdi/ocm07658870/ocm07658870/Output/_0286.tif /mnt/lsdi/ocm07658870/ocm07658870/Output/_0287.tif /mnt/lsdi/ocm07658870/ocm07658870/Output/_0288.tif /mnt/lsdi/ocm07658870/ocm07658870/Output/_0289.tif /mnt/lsdi/ocm07658870/ocm07658870/Output/_0290.tif /mnt/lsdi/ocm07658870/ocm07658870/Output/_0291.tif /mnt/lsdi/ocm07658870/ocm07658870/Output/_0292.tif /mnt/lsdi/ocm07658870/ocm07658870/Output/_0293.tif /mnt/lsdi/ocm07658870/ocm07658870/Output/_0294.tif /mnt/lsdi/ocm07658870/ocm07658870/Output/_0295.tif /mnt/lsdi/ocm07658870/ocm07658870/Output/_0296.tif /mnt/lsdi/ocm07658870/ocm07658870/Output/_0297.tif /mnt/lsdi/ocm07658870/ocm07658870/Output/_0298.tif /mnt/lsdi/ocm07658870/ocm07658870/Output/_0299.tif /mnt/lsdi/ocm07658870/ocm07658870/Output/_0300.tif /mnt/lsdi/ocm07658870/ocm07658870/Output/_0301.tif /mnt/lsdi/ocm07658870/ocm07658870/Output/_0302.tif /mnt/lsdi/ocm07658870/ocm07658870/Output/_0303.tif /mnt/lsdi/ocm07658870/ocm07658870/Output/_0304.tif /mnt/lsdi/ocm07658870/ocm07658870/Output/_0305.tif /mnt/lsdi/ocm07658870/ocm07658870/Output/_0306.tif /mnt/lsdi/ocm07658870/ocm07658870/Output/_0307.tif /mnt/lsdi/ocm07658870/ocm07658870/Output/_0308.tif /mnt/lsdi/ocm07658870/ocm07658870/Output/_0309.tif /mnt/lsdi/ocm07658870/ocm07658870/Output/_0310.tif /mnt/lsdi/ocm07658870/ocm07658870/Output/_0311.tif /mnt/lsdi/ocm07658870/ocm07658870/Output/_0312.tif /mnt/lsdi/ocm07658870/ocm07658870/Output/_0313.tif /mnt/lsdi/ocm07658870/ocm07658870/Output/_0314.tif /mnt/lsdi/ocm07658870/ocm07658870/Output/_0315.tif /mnt/lsdi/ocm07658870/ocm07658870/Output/_0316.tif /mnt/lsdi/ocm07658870/ocm07658870/Output/_0317.tif /mnt/lsdi/ocm07658870/ocm07658870/Output/_0318.tif /mnt/lsdi/ocm07658870/ocm07658870/Output/_0319.tif /mnt/lsdi/ocm07658870/ocm07658870/Output/_0320.tif /mnt/lsdi/ocm07658870/ocm07658870/Output/_0321.tif /mnt/lsdi/ocm07658870/ocm07658870/Output/_0322.tif /mnt/lsdi/ocm07658870/ocm07658870/Output/_0323.tif /mnt/lsdi/ocm07658870/ocm07658870/Output/_0324.tif /mnt/lsdi/ocm07658870/ocm07658870/Output/_0325.tif /mnt/lsdi/ocm07658870/ocm07658870/Output/_0326.tif /mnt/lsdi/ocm07658870/ocm07658870/Output/_0327.tif /mnt/lsdi/ocm07658870/ocm07658870/Output/_0328.tif /mnt/lsdi/ocm07658870/ocm07658870/Output/_0329.tif /mnt/lsdi/ocm07658870/ocm07658870/Output/_0330.tif /mnt/lsdi/ocm07658870/ocm07658870/Output/_0331.tif /mnt/lsdi/ocm07658870/ocm07658870/Output/_0332.tif /mnt/lsdi/ocm07658870/ocm07658870/Output/_0333.tif /mnt/lsdi/ocm07658870/ocm07658870/Output/_0334.tif /mnt/lsdi/ocm07658870/ocm07658870/Output/_0335.tif /mnt/lsdi/ocm07658870/ocm07658870/Output/_0336.tif /mnt/lsdi/ocm07658870/ocm07658870/Output/_0337.tif /mnt/lsdi/ocm07658870/ocm07658870/Output/_0338.tif /mnt/lsdi/ocm07658870/ocm07658870/Output/_0339.tif /mnt/lsdi/ocm07658870/ocm07658870/Output/_0340.tif /mnt/lsdi/ocm07658870/ocm07658870/Output/_0341.tif /mnt/lsdi/ocm07658870/ocm07658870/Output/_0342.tif /mnt/lsdi/ocm07658870/ocm07658870/Output/_0343.tif /mnt/lsdi/ocm07658870/ocm07658870/Output/_0344.tif /mnt/lsdi/ocm07658870/ocm07658870/Output/_0345.tif /mnt/lsdi/ocm07658870/ocm07658870/Output/_0346.tif /mnt/lsdi/ocm07658870/ocm07658870/Output/_0347.tif /mnt/lsdi/ocm07658870/ocm07658870/Output/_0348.tif /mnt/lsdi/ocm07658870/ocm07658870/Output/_0349.tif /mnt/lsdi/ocm07658870/ocm07658870/Output/_0350.tif /mnt/lsdi/ocm07658870/ocm07658870/Output/_0351.tif /mnt/lsdi/ocm07658870/ocm07658870/Output/_0352.tif /mnt/lsdi/ocm07658870/ocm07658870/Output/_0353.tif /mnt/lsdi/ocm07658870/ocm07658870/Output/_0354.tif /mnt/lsdi/ocm07658870/ocm07658870/Output/_0355.tif /mnt/lsdi/ocm07658870/ocm07658870/Output/_0356.tif /mnt/lsdi/ocm07658870/ocm07658870/Output/_0357.tif /mnt/lsdi/ocm07658870/ocm07658870/Output/_0358.tif /mnt/lsdi/ocm07658870/ocm07658870/Output/_0359.tif /mnt/lsdi/ocm07658870/ocm07658870/Output/_0360.tif /mnt/lsdi/ocm07658870/ocm07658870/Output/_0361.tif /mnt/lsdi/ocm07658870/ocm07658870/Output/_0362.tif /mnt/lsdi/ocm07658870/ocm07658870/Output/_0363.tif /mnt/lsdi/ocm07658870/ocm07658870/Output/_0364.tif /mnt/lsdi/ocm07658870/ocm07658870/Output/_0365.tif /mnt/lsdi/ocm07658870/ocm07658870/Output/_0366.tif /mnt/lsdi/ocm07658870/ocm07658870/Output/_0367.tif /mnt/lsdi/ocm07658870/ocm07658870/Output/_0368.tif /mnt/lsdi/ocm07658870/ocm07658870/Output/_0369.tif /mnt/lsdi/ocm07658870/ocm07658870/Output/_0370.tif /mnt/lsdi/ocm07658870/ocm07658870/Output/_0371.tif /mnt/lsdi/ocm07658870/ocm07658870/Output/_0372.tif /mnt/lsdi/ocm07658870/ocm07658870/Output/_0373.tif /mnt/lsdi/ocm07658870/ocm07658870/Output/_0374.tif /mnt/lsdi/ocm07658870/ocm07658870/Output/_0375.tif /mnt/lsdi/ocm07658870/ocm07658870/Output/_0376.tif /mnt/lsdi/ocm07658870/ocm07658870/Output/_0377.tif /mnt/lsdi/ocm07658870/ocm07658870/Output/_0378.tif /mnt/lsdi/ocm07658870/ocm07658870/Output/_0379.tif /mnt/lsdi/ocm07658870/ocm07658870/Output/_0380.tif /mnt/lsdi/ocm07658870/ocm07658870/Output/_0381.tif /mnt/lsdi/ocm07658870/ocm07658870/Output/_0382.tif /mnt/lsdi/ocm07658870/ocm07658870/Output/_0383.tif /mnt/lsdi/ocm07658870/ocm07658870/Output/_0384.tif /mnt/lsdi/ocm07658870/ocm07658870/Output/_0385.tif /mnt/lsdi/ocm07658870/ocm07658870/Output/_0386.tif /mnt/lsdi/ocm07658870/ocm07658870/Output/_0387.tif /mnt/lsdi/ocm07658870/ocm07658870/Output/_0388.tif /mnt/lsdi/ocm07658870/ocm07658870/Output/_0389.tif /mnt/lsdi/ocm07658870/ocm07658870/Output/_0390.tif /mnt/lsdi/ocm07658870/ocm07658870/Output/_0391.tif /mnt/lsdi/ocm07658870/ocm07658870/Output/_0392.tif /mnt/lsdi/ocm07658870/ocm07658870/Output/_0393.tif /mnt/lsdi/ocm07658870/ocm07658870/Output/_0394.tif /mnt/lsdi/ocm07658870/ocm07658870/Output/_0395.tif /mnt/lsdi/ocm07658870/ocm07658870/Output/_0396.tif /mnt/lsdi/ocm07658870/ocm07658870/Output/_0397.tif /mnt/lsdi/ocm07658870/ocm07658870/Output/_0398.tif /mnt/lsdi/ocm07658870/ocm07658870/Output/_0399.tif /mnt/lsdi/ocm07658870/ocm07658870/Output/_0400.tif /mnt/lsdi/ocm07658870/ocm07658870/Output/_0401.tif /mnt/lsdi/ocm07658870/ocm07658870/Output/_0402.tif /mnt/lsdi/ocm07658870/ocm07658870/Output/_0403.tif /mnt/lsdi/ocm07658870/ocm07658870/Output/_0404.tif /mnt/lsdi/ocm07658870/ocm07658870/Output/_0405.tif /mnt/lsdi/ocm07658870/ocm07658870/Output/_0406.tif /mnt/lsdi/ocm07658870/ocm07658870/Output/_0407.tif /mnt/lsdi/ocm07658870/ocm07658870/Output/_0408.tif /mnt/lsdi/ocm07658870/ocm07658870/Output/_0409.tif /mnt/lsdi/ocm07658870/ocm07658870/Output/_0410.tif /mnt/lsdi/ocm07658870/ocm07658870/Output/_0411.tif /mnt/lsdi/ocm07658870/ocm07658870/Output/_0412.tif /mnt/lsdi/ocm07658870/ocm07658870/Output/_0413.tif /mnt/lsdi/ocm07658870/ocm07658870/Output/_0414.tif /mnt/lsdi/ocm07658870/ocm07658870/Output/_0415.tif /mnt/lsdi/ocm07658870/ocm07658870/Output/_0416.tif /mnt/lsdi/ocm07658870/ocm07658870/Output/_0417.tif /mnt/lsdi/ocm07658870/ocm07658870/Output/_0418.tif /mnt/lsdi/ocm07658870/ocm07658870/Output/_0419.tif /mnt/lsdi/ocm07658870/ocm07658870/Output/_0420.tif /mnt/lsdi/ocm07658870/ocm07658870/Output/_0421.tif /mnt/lsdi/ocm07658870/ocm07658870/Output/_0422.tif /mnt/lsdi/ocm07658870/ocm07658870/Output/_0423.tif /mnt/lsdi/ocm07658870/ocm07658870/Output/_0424.tif /mnt/lsdi/ocm07658870/ocm07658870/Output/_0425.tif /mnt/lsdi/ocm07658870/ocm07658870/Output/_0426.tif
  adding: mnt/lsdi/ocm07658870/ocm07658870/Output/_0001.tif (deflated 66%)
  adding: mnt/lsdi/ocm07658870/ocm07658870/Output/_0002.tif (deflated 84%)
  adding: mnt/lsdi/ocm07658870/ocm07658870/Output/_0003.tif (deflated 84%)
  adding: mnt/lsdi/ocm07658870/ocm07658870/Output/_0004.tif (deflated 86%)
  adding: mnt/lsdi/ocm07658870/ocm07658870/Output/_0005.tif (deflated 86%)
  adding: mnt/lsdi/ocm07658870/ocm07658870/Output/_0006.tif (deflated 2%)
  adding: mnt/lsdi/ocm07658870/ocm07658870/Output/_0007.tif (deflated 85%)
  adding: mnt/lsdi/ocm07658870/ocm07658870/Output/_0008.tif (deflated 86%)
  adding: mnt/lsdi/ocm07658870/ocm07658870/Output/_0009.tif (deflated 91%)
  adding: mnt/lsdi/ocm07658870/ocm07658870/Output/_0010.tif (deflated 3%)
  adding: mnt/lsdi/ocm07658870/ocm07658870/Output/_0011.tif (deflated 5%)
  adding: mnt/lsdi/ocm07658870/ocm07658870/Output/_0012.tif (deflated 3%)
  adding: mnt/lsdi/ocm07658870/ocm07658870/Output/_0013.tif (deflated 3%)
  adding: mnt/lsdi/ocm07658870/ocm07658870/Output/_0014.tif (deflated 2%)
  adding: mnt/lsdi/ocm07658870/ocm07658870/Output/_0015.tif (deflated 2%)
  adding: mnt/lsdi/ocm07658870/ocm07658870/Output/_0016.tif (deflated 2%)
  adding: mnt/lsdi/ocm07658870/ocm07658870/Output/_0017.tif (deflated 2%)
  adding: mnt/lsdi/ocm07658870/ocm07658870/Output/_0018.tif (deflated 2%)
  adding: mnt/lsdi/ocm07658870/ocm07658870/Output/_0019.tif (deflated 2%)
  adding: mnt/lsdi/ocm07658870/ocm07658870/Output/_0020.tif (deflated 2%)
  adding: mnt/lsdi/ocm07658870/ocm07658870/Output/_0021.tif (deflated 2%)
  adding: mnt/lsdi/ocm07658870/ocm07658870/Output/_0022.tif (deflated 2%)
  adding: mnt/lsdi/ocm07658870/ocm07658870/Output/_0023.tif (deflated 2%)
  adding: mnt/lsdi/ocm07658870/ocm07658870/Output/_0024.tif (deflated 2%)
  adding: mnt/lsdi/ocm07658870/ocm07658870/Output/_0025.tif (deflated 2%)
  adding: mnt/lsdi/ocm07658870/ocm07658870/Output/_0026.tif (deflated 3%)
  adding: mnt/lsdi/ocm07658870/ocm07658870/Output/_0027.tif (deflated 3%)
  adding: mnt/lsdi/ocm07658870/ocm07658870/Output/_0028.tif (deflated 2%)
  adding: mnt/lsdi/ocm07658870/ocm07658870/Output/_0029.tif (deflated 2%)
  adding: mnt/lsdi/ocm07658870/ocm07658870/Output/_0030.tif (deflated 2%)
  adding: mnt/lsdi/ocm07658870/ocm07658870/Output/_0031.tif (deflated 2%)
  adding: mnt/lsdi/ocm07658870/ocm07658870/Output/_0032.tif (deflated 2%)
  adding: mnt/lsdi/ocm07658870/ocm07658870/Output/_0033.tif (deflated 2%)
  adding: mnt/lsdi/ocm07658870/ocm07658870/Output/_0034.tif (deflated 2%)
  adding: mnt/lsdi/ocm07658870/ocm07658870/Output/_0035.tif (deflated 3%)
  adding: mnt/lsdi/ocm07658870/ocm07658870/Output/_0036.tif (deflated 2%)
  adding: mnt/lsdi/ocm07658870/ocm07658870/Output/_0037.tif (deflated 3%)
  adding: mnt/lsdi/ocm07658870/ocm07658870/Output/_0038.tif (deflated 2%)
  adding: mnt/lsdi/ocm07658870/ocm07658870/Output/_0039.tif (deflated 2%)
  adding: mnt/lsdi/ocm07658870/ocm07658870/Output/_0040.tif (deflated 2%)
  adding: mnt/lsdi/ocm07658870/ocm07658870/Output/_0041.tif (deflated 3%)
  adding: mnt/lsdi/ocm07658870/ocm07658870/Output/_0042.tif (deflated 2%)
  adding: mnt/lsdi/ocm07658870/ocm07658870/Output/_0043.tif (deflated 3%)
  adding: mnt/lsdi/ocm07658870/ocm07658870/Output/_0044.tif (deflated 2%)
  adding: mnt/lsdi/ocm07658870/ocm07658870/Output/_0045.tif (deflated 3%)
  adding: mnt/lsdi/ocm07658870/ocm07658870/Output/_0046.tif (deflated 2%)
  adding: mnt/lsdi/ocm07658870/ocm07658870/Output/_0047.tif (deflated 3%)
  adding: mnt/lsdi/ocm07658870/ocm07658870/Output/_0048.tif (deflated 2%)
  adding: mnt/lsdi/ocm07658870/ocm07658870/Output/_0049.tif (deflated 3%)
  adding: mnt/lsdi/ocm07658870/ocm07658870/Output/_0050.tif (deflated 2%)
  adding: mnt/lsdi/ocm07658870/ocm07658870/Output/_0051.tif (deflated 3%)
  adding: mnt/lsdi/ocm07658870/ocm07658870/Output/_0052.tif (deflated 2%)
  adding: mnt/lsdi/ocm07658870/ocm07658870/Output/_0053.tif (deflated 3%)
  adding: mnt/lsdi/ocm07658870/ocm07658870/Output/_0054.tif (deflated 2%)
  adding: mnt/lsdi/ocm07658870/ocm07658870/Output/_0055.tif (deflated 3%)
  adding: mnt/lsdi/ocm07658870/ocm07658870/Output/_0056.tif (deflated 2%)
  adding: mnt/lsdi/ocm07658870/ocm07658870/Output/_0057.tif (deflated 3%)
  adding: mnt/lsdi/ocm07658870/ocm07658870/Output/_0058.tif (deflated 3%)
  adding: mnt/lsdi/ocm07658870/ocm07658870/Output/_0059.tif (deflated 3%)
  adding: mnt/lsdi/ocm07658870/ocm07658870/Output/_0060.tif (deflated 2%)
  adding: mnt/lsdi/ocm07658870/ocm07658870/Output/_0061.tif (deflated 3%)
  adding: mnt/lsdi/ocm07658870/ocm07658870/Output/_0062.tif (deflated 2%)
  adding: mnt/lsdi/ocm07658870/ocm07658870/Output/_0063.tif (deflated 3%)
  adding: mnt/lsdi/ocm07658870/ocm07658870/Output/_0064.tif (deflated 2%)
  adding: mnt/lsdi/ocm07658870/ocm07658870/Output/_0065.tif (deflated 3%)
  adding: mnt/lsdi/ocm07658870/ocm07658870/Output/_0066.tif (deflated 2%)
  adding: mnt/lsdi/ocm07658870/ocm07658870/Output/_0067.tif (deflated 2%)
  adding: mnt/lsdi/ocm07658870/ocm07658870/Output/_0068.tif (deflated 2%)
  adding: mnt/lsdi/ocm07658870/ocm07658870/Output/_0069.tif (deflated 3%)
  adding: mnt/lsdi/ocm07658870/ocm07658870/Output/_0070.tif (deflated 2%)
  adding: mnt/lsdi/ocm07658870/ocm07658870/Output/_0071.tif (deflated 3%)
  adding: mnt/lsdi/ocm07658870/ocm07658870/Output/_0072.tif (deflated 3%)
  adding: mnt/lsdi/ocm07658870/ocm07658870/Output/_0073.tif (deflated 3%)
  adding: mnt/lsdi/ocm07658870/ocm07658870/Output/_0074.tif (deflated 2%)
  adding: mnt/lsdi/ocm07658870/ocm07658870/Output/_0075.tif (deflated 2%)
  adding: mnt/lsdi/ocm07658870/ocm07658870/Output/_0076.tif (deflated 2%)
  adding: mnt/lsdi/ocm07658870/ocm07658870/Output/_0077.tif (deflated 3%)
  adding: mnt/lsdi/ocm07658870/ocm07658870/Output/_0078.tif (deflated 2%)
  adding: mnt/lsdi/ocm07658870/ocm07658870/Output/_0079.tif (deflated 2%)
  adding: mnt/lsdi/ocm07658870/ocm07658870/Output/_0080.tif (deflated 2%)
  adding: mnt/lsdi/ocm07658870/ocm07658870/Output/_0081.tif (deflated 3%)
  adding: mnt/lsdi/ocm07658870/ocm07658870/Output/_0082.tif (deflated 2%)
  adding: mnt/lsdi/ocm07658870/ocm07658870/Output/_0083.tif (deflated 2%)
  adding: mnt/lsdi/ocm07658870/ocm07658870/Output/_0084.tif (deflated 2%)
  adding: mnt/lsdi/ocm07658870/ocm07658870/Output/_0085.tif (deflated 2%)
  adding: mnt/lsdi/ocm07658870/ocm07658870/Output/_0086.tif (deflated 2%)
  adding: mnt/lsdi/ocm07658870/ocm07658870/Output/_0087.tif (deflated 3%)
  adding: mnt/lsdi/ocm07658870/ocm07658870/Output/_0088.tif (deflated 2%)
  adding: mnt/lsdi/ocm07658870/ocm07658870/Output/_0089.tif (deflated 3%)
  adding: mnt/lsdi/ocm07658870/ocm07658870/Output/_0090.tif (deflated 2%)
  adding: mnt/lsdi/ocm07658870/ocm07658870/Output/_0091.tif (deflated 2%)
  adding: mnt/lsdi/ocm07658870/ocm07658870/Output/_0092.tif (deflated 24%)
  adding: mnt/lsdi/ocm07658870/ocm07658870/Output/_0093.tif (deflated 84%)
  adding: mnt/lsdi/ocm07658870/ocm07658870/Output/_0094.tif (deflated 3%)
  adding: mnt/lsdi/ocm07658870/ocm07658870/Output/_0095.tif (deflated 3%)
  adding: mnt/lsdi/ocm07658870/ocm07658870/Output/_0096.tif (deflated 3%)
  adding: mnt/lsdi/ocm07658870/ocm07658870/Output/_0097.tif (deflated 3%)
  adding: mnt/lsdi/ocm07658870/ocm07658870/Output/_0098.tif (deflated 2%)
  adding: mnt/lsdi/ocm07658870/ocm07658870/Output/_0099.tif (deflated 2%)
  adding: mnt/lsdi/ocm07658870/ocm07658870/Output/_0100.tif (deflated 2%)
  adding: mnt/lsdi/ocm07658870/ocm07658870/Output/_0101.tif (deflated 3%)
  adding: mnt/lsdi/ocm07658870/ocm07658870/Output/_0102.tif (deflated 2%)
  adding: mnt/lsdi/ocm07658870/ocm07658870/Output/_0103.tif (deflated 3%)
  adding: mnt/lsdi/ocm07658870/ocm07658870/Output/_0104.tif (deflated 2%)
  adding: mnt/lsdi/ocm07658870/ocm07658870/Output/_0105.tif (deflated 2%)
  adding: mnt/lsdi/ocm07658870/ocm07658870/Output/_0106.tif (deflated 2%)
  adding: mnt/lsdi/ocm07658870/ocm07658870/Output/_0107.tif (deflated 3%)
  adding: mnt/lsdi/ocm07658870/ocm07658870/Output/_0108.tif (deflated 2%)
  adding: mnt/lsdi/ocm07658870/ocm07658870/Output/_0109.tif (deflated 2%)
  adding: mnt/lsdi/ocm07658870/ocm07658870/Output/_0110.tif (deflated 2%)
  adding: mnt/lsdi/ocm07658870/ocm07658870/Output/_0111.tif (deflated 3%)
  adding: mnt/lsdi/ocm07658870/ocm07658870/Output/_0112.tif (deflated 3%)
  adding: mnt/lsdi/ocm07658870/ocm07658870/Output/_0113.tif (deflated 3%)
  adding: mnt/lsdi/ocm07658870/ocm07658870/Output/_0114.tif (deflated 3%)
  adding: mnt/lsdi/ocm07658870/ocm07658870/Output/_0115.tif (deflated 3%)
  adding: mnt/lsdi/ocm07658870/ocm07658870/Output/_0116.tif (deflated 3%)
  adding: mnt/lsdi/ocm07658870/ocm07658870/Output/_0117.tif (deflated 3%)
  adding: mnt/lsdi/ocm07658870/ocm07658870/Output/_0118.tif (deflated 2%)
  adding: mnt/lsdi/ocm07658870/ocm07658870/Output/_0119.tif (deflated 3%)
  adding: mnt/lsdi/ocm07658870/ocm07658870/Output/_0120.tif (deflated 3%)
  adding: mnt/lsdi/ocm07658870/ocm07658870/Output/_0121.tif (deflated 3%)
  adding: mnt/lsdi/ocm07658870/ocm07658870/Output/_0122.tif (deflated 2%)
  adding: mnt/lsdi/ocm07658870/ocm07658870/Output/_0123.tif (deflated 3%)
  adding: mnt/lsdi/ocm07658870/ocm07658870/Output/_0124.tif (deflated 2%)
  adding: mnt/lsdi/ocm07658870/ocm07658870/Output/_0125.tif (deflated 3%)
  adding: mnt/lsdi/ocm07658870/ocm07658870/Output/_0126.tif (deflated 1%)
  adding: mnt/lsdi/ocm07658870/ocm07658870/Output/_0127.tif (deflated 2%)
  adding: mnt/lsdi/ocm07658870/ocm07658870/Output/_0128.tif (deflated 2%)
  adding: mnt/lsdi/ocm07658870/ocm07658870/Output/_0129.tif (deflated 2%)
  adding: mnt/lsdi/ocm07658870/ocm07658870/Output/_0130.tif (deflated 3%)
  adding: mnt/lsdi/ocm07658870/ocm07658870/Output/_0131.tif (deflated 3%)
  adding: mnt/lsdi/ocm07658870/ocm07658870/Output/_0132.tif (deflated 2%)
  adding: mnt/lsdi/ocm07658870/ocm07658870/Output/_0133.tif (deflated 3%)
  adding: mnt/lsdi/ocm07658870/ocm07658870/Output/_0134.tif (deflated 2%)
  adding: mnt/lsdi/ocm07658870/ocm07658870/Output/_0135.tif (deflated 3%)
  adding: mnt/lsdi/ocm07658870/ocm07658870/Output/_0136.tif (deflated 2%)
  adding: mnt/lsdi/ocm07658870/ocm07658870/Output/_0137.tif (deflated 3%)
  adding: mnt/lsdi/ocm07658870/ocm07658870/Output/_0138.tif (deflated 2%)
  adding: mnt/lsdi/ocm07658870/ocm07658870/Output/_0139.tif (deflated 2%)
  adding: mnt/lsdi/ocm07658870/ocm07658870/Output/_0140.tif (deflated 1%)
  adding: mnt/lsdi/ocm07658870/ocm07658870/Output/_0141.tif (deflated 3%)
  adding: mnt/lsdi/ocm07658870/ocm07658870/Output/_0142.tif (deflated 2%)
  adding: mnt/lsdi/ocm07658870/ocm07658870/Output/_0143.tif (deflated 3%)
  adding: mnt/lsdi/ocm07658870/ocm07658870/Output/_0144.tif (deflated 3%)
  adding: mnt/lsdi/ocm07658870/ocm07658870/Output/_0145.tif (deflated 3%)
  adding: mnt/lsdi/ocm07658870/ocm07658870/Output/_0146.tif (deflated 2%)
  adding: mnt/lsdi/ocm07658870/ocm07658870/Output/_0147.tif (deflated 3%)
  adding: mnt/lsdi/ocm07658870/ocm07658870/Output/_0148.tif (deflated 2%)
  adding: mnt/lsdi/ocm07658870/ocm07658870/Output/_0149.tif (deflated 2%)
  adding: mnt/lsdi/ocm07658870/ocm07658870/Output/_0150.tif (deflated 3%)
  adding: mnt/lsdi/ocm07658870/ocm07658870/Output/_0151.tif (deflated 3%)
  adding: mnt/lsdi/ocm07658870/ocm07658870/Output/_0152.tif (deflated 2%)
  adding: mnt/lsdi/ocm07658870/ocm07658870/Output/_0153.tif (deflated 1%)
  adding: mnt/lsdi/ocm07658870/ocm07658870/Output/_0154.tif (deflated 2%)
  adding: mnt/lsdi/ocm07658870/ocm07658870/Output/_0155.tif (deflated 2%)
  adding: mnt/lsdi/ocm07658870/ocm07658870/Output/_0156.tif (deflated 3%)
  adding: mnt/lsdi/ocm07658870/ocm07658870/Output/_0157.tif (deflated 3%)
  adding: mnt/lsdi/ocm07658870/ocm07658870/Output/_0158.tif (deflated 3%)
  adding: mnt/lsdi/ocm07658870/ocm07658870/Output/_0159.tif (deflated 3%)
  adding: mnt/lsdi/ocm07658870/ocm07658870/Output/_0160.tif (deflated 3%)
  adding: mnt/lsdi/ocm07658870/ocm07658870/Output/_0161.tif (deflated 3%)
  adding: mnt/lsdi/ocm07658870/ocm07658870/Output/_0162.tif (deflated 3%)
  adding: mnt/lsdi/ocm07658870/ocm07658870/Output/_0163.tif (deflated 3%)
  adding: mnt/lsdi/ocm07658870/ocm07658870/Output/_0164.tif (deflated 3%)
  adding: mnt/lsdi/ocm07658870/ocm07658870/Output/_0165.tif (deflated 3%)
  adding: mnt/lsdi/ocm07658870/ocm07658870/Output/_0166.tif (deflated 3%)
  adding: mnt/lsdi/ocm07658870/ocm07658870/Output/_0167.tif (deflated 3%)
  adding: mnt/lsdi/ocm07658870/ocm07658870/Output/_0168.tif (deflated 3%)
  adding: mnt/lsdi/ocm07658870/ocm07658870/Output/_0169.tif (deflated 3%)
  adding: mnt/lsdi/ocm07658870/ocm07658870/Output/_0170.tif (deflated 3%)
  adding: mnt/lsdi/ocm07658870/ocm07658870/Output/_0171.tif (deflated 3%)
  adding: mnt/lsdi/ocm07658870/ocm07658870/Output/_0172.tif (deflated 3%)
  adding: mnt/lsdi/ocm07658870/ocm07658870/Output/_0173.tif (deflated 3%)
  adding: mnt/lsdi/ocm07658870/ocm07658870/Output/_0174.tif (deflated 3%)
  adding: mnt/lsdi/ocm07658870/ocm07658870/Output/_0175.tif (deflated 3%)
  adding: mnt/lsdi/ocm07658870/ocm07658870/Output/_0176.tif (deflated 3%)
  adding: mnt/lsdi/ocm07658870/ocm07658870/Output/_0177.tif (deflated 3%)
  adding: mnt/lsdi/ocm07658870/ocm07658870/Output/_0178.tif (deflated 3%)
  adding: mnt/lsdi/ocm07658870/ocm07658870/Output/_0179.tif (deflated 3%)
  adding: mnt/lsdi/ocm07658870/ocm07658870/Output/_0180.tif (deflated 3%)
  adding: mnt/lsdi/ocm07658870/ocm07658870/Output/_0181.tif (deflated 3%)
  adding: mnt/lsdi/ocm07658870/ocm07658870/Output/_0182.tif (deflated 3%)
  adding: mnt/lsdi/ocm07658870/ocm07658870/Output/_0183.tif (deflated 3%)
  adding: mnt/lsdi/ocm07658870/ocm07658870/Output/_0184.tif (deflated 3%)
  adding: mnt/lsdi/ocm07658870/ocm07658870/Output/_0185.tif (deflated 3%)
  adding: mnt/lsdi/ocm07658870/ocm07658870/Output/_0186.tif (deflated 3%)
  adding: mnt/lsdi/ocm07658870/ocm07658870/Output/_0187.tif (deflated 3%)
  adding: mnt/lsdi/ocm07658870/ocm07658870/Output/_0188.tif (deflated 3%)
  adding: mnt/lsdi/ocm07658870/ocm07658870/Output/_0189.tif (deflated 3%)
  adding: mnt/lsdi/ocm07658870/ocm07658870/Output/_0190.tif (deflated 3%)
  adding: mnt/lsdi/ocm07658870/ocm07658870/Output/_0191.tif (deflated 3%)
  adding: mnt/lsdi/ocm07658870/ocm07658870/Output/_0192.tif (deflated 3%)
  adding: mnt/lsdi/ocm07658870/ocm07658870/Output/_0193.tif (deflated 3%)
  adding: mnt/lsdi/ocm07658870/ocm07658870/Output/_0194.tif (deflated 2%)
  adding: mnt/lsdi/ocm07658870/ocm07658870/Output/_0195.tif (deflated 3%)
  adding: mnt/lsdi/ocm07658870/ocm07658870/Output/_0196.tif (deflated 1%)
  adding: mnt/lsdi/ocm07658870/ocm07658870/Output/_0197.tif (deflated 2%)
  adding: mnt/lsdi/ocm07658870/ocm07658870/Output/_0198.tif (deflated 1%)
  adding: mnt/lsdi/ocm07658870/ocm07658870/Output/_0199.tif (deflated 1%)
  adding: mnt/lsdi/ocm07658870/ocm07658870/Output/_0200.tif (deflated 3%)
  adding: mnt/lsdi/ocm07658870/ocm07658870/Output/_0201.tif (deflated 3%)
  adding: mnt/lsdi/ocm07658870/ocm07658870/Output/_0202.tif (deflated 3%)
  adding: mnt/lsdi/ocm07658870/ocm07658870/Output/_0203.tif (deflated 3%)
  adding: mnt/lsdi/ocm07658870/ocm07658870/Output/_0204.tif (deflated 3%)
  adding: mnt/lsdi/ocm07658870/ocm07658870/Output/_0205.tif (deflated 3%)
  adding: mnt/lsdi/ocm07658870/ocm07658870/Output/_0206.tif (deflated 3%)
  adding: mnt/lsdi/ocm07658870/ocm07658870/Output/_0207.tif (deflated 2%)
  adding: mnt/lsdi/ocm07658870/ocm07658870/Output/_0208.tif (deflated 2%)
  adding: mnt/lsdi/ocm07658870/ocm07658870/Output/_0209.tif (deflated 2%)
  adding: mnt/lsdi/ocm07658870/ocm07658870/Output/_0210.tif (deflated 3%)
  adding: mnt/lsdi/ocm07658870/ocm07658870/Output/_0211.tif (deflated 3%)
  adding: mnt/lsdi/ocm07658870/ocm07658870/Output/_0212.tif (deflated 2%)
  adding: mnt/lsdi/ocm07658870/ocm07658870/Output/_0213.tif (deflated 2%)
  adding: mnt/lsdi/ocm07658870/ocm07658870/Output/_0214.tif (deflated 3%)
  adding: mnt/lsdi/ocm07658870/ocm07658870/Output/_0215.tif (deflated 3%)
  adding: mnt/lsdi/ocm07658870/ocm07658870/Output/_0216.tif (deflated 3%)
  adding: mnt/lsdi/ocm07658870/ocm07658870/Output/_0217.tif (deflated 3%)
  adding: mnt/lsdi/ocm07658870/ocm07658870/Output/_0218.tif (deflated 3%)
  adding: mnt/lsdi/ocm07658870/ocm07658870/Output/_0219.tif (deflated 3%)
  adding: mnt/lsdi/ocm07658870/ocm07658870/Output/_0220.tif (deflated 3%)
  adding: mnt/lsdi/ocm07658870/ocm07658870/Output/_0221.tif (deflated 3%)
  adding: mnt/lsdi/ocm07658870/ocm07658870/Output/_0222.tif (deflated 3%)
  adding: mnt/lsdi/ocm07658870/ocm07658870/Output/_0223.tif (deflated 3%)
  adding: mnt/lsdi/ocm07658870/ocm07658870/Output/_0224.tif (deflated 3%)
  adding: mnt/lsdi/ocm07658870/ocm07658870/Output/_0225.tif (deflated 3%)
  adding: mnt/lsdi/ocm07658870/ocm07658870/Output/_0226.tif (deflated 3%)
  adding: mnt/lsdi/ocm07658870/ocm07658870/Output/_0227.tif (deflated 3%)
  adding: mnt/lsdi/ocm07658870/ocm07658870/Output/_0228.tif (deflated 2%)
  adding: mnt/lsdi/ocm07658870/ocm07658870/Output/_0229.tif (deflated 3%)
  adding: mnt/lsdi/ocm07658870/ocm07658870/Output/_0230.tif (deflated 3%)
  adding: mnt/lsdi/ocm07658870/ocm07658870/Output/_0231.tif (deflated 3%)
  adding: mnt/lsdi/ocm07658870/ocm07658870/Output/_0232.tif (deflated 3%)
  adding: mnt/lsdi/ocm07658870/ocm07658870/Output/_0233.tif (deflated 3%)
  adding: mnt/lsdi/ocm07658870/ocm07658870/Output/_0234.tif (deflated 3%)
  adding: mnt/lsdi/ocm07658870/ocm07658870/Output/_0235.tif (deflated 3%)
  adding: mnt/lsdi/ocm07658870/ocm07658870/Output/_0236.tif (deflated 3%)
  adding: mnt/lsdi/ocm07658870/ocm07658870/Output/_0237.tif (deflated 3%)
  adding: mnt/lsdi/ocm07658870/ocm07658870/Output/_0238.tif (deflated 3%)
  adding: mnt/lsdi/ocm07658870/ocm07658870/Output/_0239.tif (deflated 3%)
  adding: mnt/lsdi/ocm07658870/ocm07658870/Output/_0240.tif (deflated 3%)
  adding: mnt/lsdi/ocm07658870/ocm07658870/Output/_0241.tif (deflated 2%)
  adding: mnt/lsdi/ocm07658870/ocm07658870/Output/_0242.tif (deflated 3%)
  adding: mnt/lsdi/ocm07658870/ocm07658870/Output/_0243.tif (deflated 3%)
  adding: mnt/lsdi/ocm07658870/ocm07658870/Output/_0244.tif (deflated 3%)
  adding: mnt/lsdi/ocm07658870/ocm07658870/Output/_0245.tif (deflated 3%)
  adding: mnt/lsdi/ocm07658870/ocm07658870/Output/_0246.tif (deflated 2%)
  adding: mnt/lsdi/ocm07658870/ocm07658870/Output/_0247.tif (deflated 3%)
  adding: mnt/lsdi/ocm07658870/ocm07658870/Output/_0248.tif (deflated 3%)
  adding: mnt/lsdi/ocm07658870/ocm07658870/Output/_0249.tif (deflated 2%)
  adding: mnt/lsdi/ocm07658870/ocm07658870/Output/_0250.tif (deflated 3%)
  adding: mnt/lsdi/ocm07658870/ocm07658870/Output/_0251.tif (deflated 3%)
  adding: mnt/lsdi/ocm07658870/ocm07658870/Output/_0252.tif (deflated 2%)
  adding: mnt/lsdi/ocm07658870/ocm07658870/Output/_0253.tif (deflated 4%)
  adding: mnt/lsdi/ocm07658870/ocm07658870/Output/_0254.tif (deflated 3%)
  adding: mnt/lsdi/ocm07658870/ocm07658870/Output/_0255.tif (deflated 3%)
  adding: mnt/lsdi/ocm07658870/ocm07658870/Output/_0256.tif (deflated 3%)
  adding: mnt/lsdi/ocm07658870/ocm07658870/Output/_0257.tif (deflated 4%)
  adding: mnt/lsdi/ocm07658870/ocm07658870/Output/_0258.tif (deflated 3%)
  adding: mnt/lsdi/ocm07658870/ocm07658870/Output/_0259.tif (deflated 4%)
  adding: mnt/lsdi/ocm07658870/ocm07658870/Output/_0260.tif (deflated 3%)
  adding: mnt/lsdi/ocm07658870/ocm07658870/Output/_0261.tif (deflated 4%)
  adding: mnt/lsdi/ocm07658870/ocm07658870/Output/_0262.tif (deflated 3%)
  adding: mnt/lsdi/ocm07658870/ocm07658870/Output/_0263.tif (deflated 4%)
  adding: mnt/lsdi/ocm07658870/ocm07658870/Output/_0264.tif (deflated 3%)
  adding: mnt/lsdi/ocm07658870/ocm07658870/Output/_0265.tif (deflated 4%)
  adding: mnt/lsdi/ocm07658870/ocm07658870/Output/_0266.tif (deflated 3%)
  adding: mnt/lsdi/ocm07658870/ocm07658870/Output/_0267.tif (deflated 4%)
  adding: mnt/lsdi/ocm07658870/ocm07658870/Output/_0268.tif (deflated 3%)
  adding: mnt/lsdi/ocm07658870/ocm07658870/Output/_0269.tif (deflated 3%)
  adding: mnt/lsdi/ocm07658870/ocm07658870/Output/_0270.tif (deflated 3%)
  adding: mnt/lsdi/ocm07658870/ocm07658870/Output/_0271.tif (deflated 3%)
  adding: mnt/lsdi/ocm07658870/ocm07658870/Output/_0272.tif (deflated 3%)
  adding: mnt/lsdi/ocm07658870/ocm07658870/Output/_0273.tif (deflated 3%)
  adding: mnt/lsdi/ocm07658870/ocm07658870/Output/_0274.tif (deflated 3%)
  adding: mnt/lsdi/ocm07658870/ocm07658870/Output/_0275.tif (deflated 3%)
  adding: mnt/lsdi/ocm07658870/ocm07658870/Output/_0276.tif (deflated 3%)
  adding: mnt/lsdi/ocm07658870/ocm07658870/Output/_0277.tif (deflated 4%)
  adding: mnt/lsdi/ocm07658870/ocm07658870/Output/_0278.tif (deflated 3%)
  adding: mnt/lsdi/ocm07658870/ocm07658870/Output/_0279.tif (deflated 3%)
  adding: mnt/lsdi/ocm07658870/ocm07658870/Output/_0280.tif (deflated 3%)
  adding: mnt/lsdi/ocm07658870/ocm07658870/Output/_0281.tif (deflated 3%)
  adding: mnt/lsdi/ocm07658870/ocm07658870/Output/_0282.tif (deflated 3%)
  adding: mnt/lsdi/ocm07658870/ocm07658870/Output/_0283.tif (deflated 4%)
  adding: mnt/lsdi/ocm07658870/ocm07658870/Output/_0284.tif (deflated 3%)
  adding: mnt/lsdi/ocm07658870/ocm07658870/Output/_0285.tif (deflated 4%)
  adding: mnt/lsdi/ocm07658870/ocm07658870/Output/_0286.tif (deflated 3%)
  adding: mnt/lsdi/ocm07658870/ocm07658870/Output/_0287.tif (deflated 4%)
  adding: mnt/lsdi/ocm07658870/ocm07658870/Output/_0288.tif (deflated 3%)
  adding: mnt/lsdi/ocm07658870/ocm07658870/Output/_0289.tif (deflated 3%)
  adding: mnt/lsdi/ocm07658870/ocm07658870/Output/_0290.tif (deflated 3%)
  adding: mnt/lsdi/ocm07658870/ocm07658870/Output/_0291.tif (deflated 3%)
  adding: mnt/lsdi/ocm07658870/ocm07658870/Output/_0292.tif (deflated 3%)
  adding: mnt/lsdi/ocm07658870/ocm07658870/Output/_0293.tif (deflated 3%)
  adding: mnt/lsdi/ocm07658870/ocm07658870/Output/_0294.tif (deflated 3%)
  adding: mnt/lsdi/ocm07658870/ocm07658870/Output/_0295.tif (deflated 3%)
  adding: mnt/lsdi/ocm07658870/ocm07658870/Output/_0296.tif (deflated 3%)
  adding: mnt/lsdi/ocm07658870/ocm07658870/Output/_0297.tif (deflated 3%)
  adding: mnt/lsdi/ocm07658870/ocm07658870/Output/_0298.tif (deflated 3%)
  adding: mnt/lsdi/ocm07658870/ocm07658870/Output/_0299.tif (deflated 3%)
  adding: mnt/lsdi/ocm07658870/ocm07658870/Output/_0300.tif (deflated 3%)
  adding: mnt/lsdi/ocm07658870/ocm07658870/Output/_0301.tif (deflated 4%)
  adding: mnt/lsdi/ocm07658870/ocm07658870/Output/_0302.tif (deflated 3%)
  adding: mnt/lsdi/ocm07658870/ocm07658870/Output/_0303.tif (deflated 4%)
  adding: mnt/lsdi/ocm07658870/ocm07658870/Output/_0304.tif (deflated 3%)
  adding: mnt/lsdi/ocm07658870/ocm07658870/Output/_0305.tif (deflated 3%)
  adding: mnt/lsdi/ocm07658870/ocm07658870/Output/_0306.tif (deflated 2%)
  adding: mnt/lsdi/ocm07658870/ocm07658870/Output/_0307.tif (deflated 4%)
  adding: mnt/lsdi/ocm07658870/ocm07658870/Output/_0308.tif (deflated 3%)
  adding: mnt/lsdi/ocm07658870/ocm07658870/Output/_0309.tif (deflated 4%)
  adding: mnt/lsdi/ocm07658870/ocm07658870/Output/_0310.tif (deflated 3%)
  adding: mnt/lsdi/ocm07658870/ocm07658870/Output/_0311.tif (deflated 4%)
  adding: mnt/lsdi/ocm07658870/ocm07658870/Output/_0312.tif (deflated 3%)
  adding: mnt/lsdi/ocm07658870/ocm07658870/Output/_0313.tif (deflated 3%)
  adding: mnt/lsdi/ocm07658870/ocm07658870/Output/_0314.tif (deflated 3%)
  adding: mnt/lsdi/ocm07658870/ocm07658870/Output/_0315.tif (deflated 3%)
  adding: mnt/lsdi/ocm07658870/ocm07658870/Output/_0316.tif (deflated 3%)
  adding: mnt/lsdi/ocm07658870/ocm07658870/Output/_0317.tif (deflated 3%)
  adding: mnt/lsdi/ocm07658870/ocm07658870/Output/_0318.tif (deflated 3%)
  adding: mnt/lsdi/ocm07658870/ocm07658870/Output/_0319.tif (deflated 2%)
  adding: mnt/lsdi/ocm07658870/ocm07658870/Output/_0320.tif (deflated 3%)
  adding: mnt/lsdi/ocm07658870/ocm07658870/Output/_0321.tif (deflated 3%)
  adding: mnt/lsdi/ocm07658870/ocm07658870/Output/_0322.tif (deflated 3%)
  adding: mnt/lsdi/ocm07658870/ocm07658870/Output/_0323.tif (deflated 3%)
  adding: mnt/lsdi/ocm07658870/ocm07658870/Output/_0324.tif (deflated 3%)
  adding: mnt/lsdi/ocm07658870/ocm07658870/Output/_0325.tif (deflated 3%)
  adding: mnt/lsdi/ocm07658870/ocm07658870/Output/_0326.tif (deflated 3%)
  adding: mnt/lsdi/ocm07658870/ocm07658870/Output/_0327.tif (deflated 3%)
  adding: mnt/lsdi/ocm07658870/ocm07658870/Output/_0328.tif (deflated 3%)
  adding: mnt/lsdi/ocm07658870/ocm07658870/Output/_0329.tif (deflated 3%)
  adding: mnt/lsdi/ocm07658870/ocm07658870/Output/_0330.tif (deflated 3%)
  adding: mnt/lsdi/ocm07658870/ocm07658870/Output/_0331.tif (deflated 3%)
  adding: mnt/lsdi/ocm07658870/ocm07658870/Output/_0332.tif (deflated 3%)
  adding: mnt/lsdi/ocm07658870/ocm07658870/Output/_0333.tif (deflated 3%)
  adding: mnt/lsdi/ocm07658870/ocm07658870/Output/_0334.tif (deflated 3%)
  adding: mnt/lsdi/ocm07658870/ocm07658870/Output/_0335.tif (deflated 3%)
  adding: mnt/lsdi/ocm07658870/ocm07658870/Output/_0336.tif (deflated 3%)
  adding: mnt/lsdi/ocm07658870/ocm07658870/Output/_0337.tif (deflated 3%)
  adding: mnt/lsdi/ocm07658870/ocm07658870/Output/_0338.tif (deflated 3%)
  adding: mnt/lsdi/ocm07658870/ocm07658870/Output/_0339.tif (deflated 3%)
  adding: mnt/lsdi/ocm07658870/ocm07658870/Output/_0340.tif (deflated 3%)
  adding: mnt/lsdi/ocm07658870/ocm07658870/Output/_0341.tif (deflated 3%)
  adding: mnt/lsdi/ocm07658870/ocm07658870/Output/_0342.tif (deflated 4%)
  adding: mnt/lsdi/ocm07658870/ocm07658870/Output/_0343.tif (deflated 3%)
  adding: mnt/lsdi/ocm07658870/ocm07658870/Output/_0344.tif (deflated 3%)
  adding: mnt/lsdi/ocm07658870/ocm07658870/Output/_0345.tif (deflated 4%)
  adding: mnt/lsdi/ocm07658870/ocm07658870/Output/_0346.tif (deflated 3%)
  adding: mnt/lsdi/ocm07658870/ocm07658870/Output/_0347.tif (deflated 4%)
  adding: mnt/lsdi/ocm07658870/ocm07658870/Output/_0348.tif (deflated 4%)
  adding: mnt/lsdi/ocm07658870/ocm07658870/Output/_0349.tif (deflated 3%)
  adding: mnt/lsdi/ocm07658870/ocm07658870/Output/_0350.tif (deflated 3%)
  adding: mnt/lsdi/ocm07658870/ocm07658870/Output/_0351.tif (deflated 4%)
  adding: mnt/lsdi/ocm07658870/ocm07658870/Output/_0352.tif (deflated 3%)
  adding: mnt/lsdi/ocm07658870/ocm07658870/Output/_0353.tif (deflated 3%)
  adding: mnt/lsdi/ocm07658870/ocm07658870/Output/_0354.tif (deflated 3%)
  adding: mnt/lsdi/ocm07658870/ocm07658870/Output/_0355.tif (deflated 5%)
  adding: mnt/lsdi/ocm07658870/ocm07658870/Output/_0356.tif (deflated 3%)
  adding: mnt/lsdi/ocm07658870/ocm07658870/Output/_0357.tif (deflated 3%)
  adding: mnt/lsdi/ocm07658870/ocm07658870/Output/_0358.tif (deflated 3%)
  adding: mnt/lsdi/ocm07658870/ocm07658870/Output/_0359.tif (deflated 3%)
  adding: mnt/lsdi/ocm07658870/ocm07658870/Output/_0360.tif (deflated 3%)
  adding: mnt/lsdi/ocm07658870/ocm07658870/Output/_0361.tif (deflated 3%)
  adding: mnt/lsdi/ocm07658870/ocm07658870/Output/_0362.tif (deflated 3%)
  adding: mnt/lsdi/ocm07658870/ocm07658870/Output/_0363.tif (deflated 4%)
  adding: mnt/lsdi/ocm07658870/ocm07658870/Output/_0364.tif (deflated 3%)
  adding: mnt/lsdi/ocm07658870/ocm07658870/Output/_0365.tif (deflated 4%)
  adding: mnt/lsdi/ocm07658870/ocm07658870/Output/_0366.tif (deflated 3%)
  adding: mnt/lsdi/ocm07658870/ocm07658870/Output/_0367.tif (deflated 3%)
  adding: mnt/lsdi/ocm07658870/ocm07658870/Output/_0368.tif (deflated 3%)
  adding: mnt/lsdi/ocm07658870/ocm07658870/Output/_0369.tif (deflated 6%)
  adding: mnt/lsdi/ocm07658870/ocm07658870/Output/_0370.tif (deflated 3%)
  adding: mnt/lsdi/ocm07658870/ocm07658870/Output/_0371.tif (deflated 3%)
  adding: mnt/lsdi/ocm07658870/ocm07658870/Output/_0372.tif (deflated 3%)
  adding: mnt/lsdi/ocm07658870/ocm07658870/Output/_0373.tif (deflated 3%)
  adding: mnt/lsdi/ocm07658870/ocm07658870/Output/_0374.tif (deflated 3%)
  adding: mnt/lsdi/ocm07658870/ocm07658870/Output/_0375.tif (deflated 3%)
  adding: mnt/lsdi/ocm07658870/ocm07658870/Output/_0376.tif (deflated 3%)
  adding: mnt/lsdi/ocm07658870/ocm07658870/Output/_0377.tif (deflated 3%)
  adding: mnt/lsdi/ocm07658870/ocm07658870/Output/_0378.tif (deflated 3%)
  adding: mnt/lsdi/ocm07658870/ocm07658870/Output/_0379.tif (deflated 3%)
  adding: mnt/lsdi/ocm07658870/ocm07658870/Output/_0380.tif (deflated 2%)
  adding: mnt/lsdi/ocm07658870/ocm07658870/Output/_0381.tif (deflated 3%)
  adding: mnt/lsdi/ocm07658870/ocm07658870/Output/_0382.tif (deflated 3%)
  adding: mnt/lsdi/ocm07658870/ocm07658870/Output/_0383.tif (deflated 3%)
  adding: mnt/lsdi/ocm07658870/ocm07658870/Output/_0384.tif (deflated 3%)
  adding: mnt/lsdi/ocm07658870/ocm07658870/Output/_0385.tif (deflated 2%)
  adding: mnt/lsdi/ocm07658870/ocm07658870/Output/_0386.tif (deflated 2%)
  adding: mnt/lsdi/ocm07658870/ocm07658870/Output/_0387.tif (deflated 3%)
  adding: mnt/lsdi/ocm07658870/ocm07658870/Output/_0388.tif (deflated 2%)
  adding: mnt/lsdi/ocm07658870/ocm07658870/Output/_0389.tif (deflated 3%)
  adding: mnt/lsdi/ocm07658870/ocm07658870/Output/_0390.tif (deflated 3%)
  adding: mnt/lsdi/ocm07658870/ocm07658870/Output/_0391.tif (deflated 3%)
  adding: mnt/lsdi/ocm07658870/ocm07658870/Output/_0392.tif (deflated 2%)
  adding: mnt/lsdi/ocm07658870/ocm07658870/Output/_0393.tif (deflated 3%)
  adding: mnt/lsdi/ocm07658870/ocm07658870/Output/_0394.tif (deflated 3%)
  adding: mnt/lsdi/ocm07658870/ocm07658870/Output/_0395.tif (deflated 3%)
  adding: mnt/lsdi/ocm07658870/ocm07658870/Output/_0396.tif (deflated 3%)
  adding: mnt/lsdi/ocm07658870/ocm07658870/Output/_0397.tif (deflated 2%)
  adding: mnt/lsdi/ocm07658870/ocm07658870/Output/_0398.tif (deflated 2%)
  adding: mnt/lsdi/ocm07658870/ocm07658870/Output/_0399.tif (deflated 3%)
  adding: mnt/lsdi/ocm07658870/ocm07658870/Output/_0400.tif (deflated 3%)
  adding: mnt/lsdi/ocm07658870/ocm07658870/Output/_0401.tif (deflated 3%)
  adding: mnt/lsdi/ocm07658870/ocm07658870/Output/_0402.tif (deflated 2%)
  adding: mnt/lsdi/ocm07658870/ocm07658870/Output/_0403.tif (deflated 3%)
  adding: mnt/lsdi/ocm07658870/ocm07658870/Output/_0404.tif (deflated 2%)
  adding: mnt/lsdi/ocm07658870/ocm07658870/Output/_0405.tif (deflated 3%)
  adding: mnt/lsdi/ocm07658870/ocm07658870/Output/_0406.tif (deflated 2%)
  adding: mnt/lsdi/ocm07658870/ocm07658870/Output/_0407.tif (deflated 3%)
  adding: mnt/lsdi/ocm07658870/ocm07658870/Output/_0408.tif (deflated 3%)
  adding: mnt/lsdi/ocm07658870/ocm07658870/Output/_0409.tif (deflated 3%)
  adding: mnt/lsdi/ocm07658870/ocm07658870/Output/_0410.tif (deflated 2%)
  adding: mnt/lsdi/ocm07658870/ocm07658870/Output/_0411.tif (deflated 3%)
  adding: mnt/lsdi/ocm07658870/ocm07658870/Output/_0412.tif (deflated 3%)
  adding: mnt/lsdi/ocm07658870/ocm07658870/Output/_0413.tif (deflated 3%)
  adding: mnt/lsdi/ocm07658870/ocm07658870/Output/_0414.tif (deflated 3%)
  adding: mnt/lsdi/ocm07658870/ocm07658870/Output/_0415.tif (deflated 46%)
  adding: mnt/lsdi/ocm07658870/ocm07658870/Output/_0416.tif (deflated 3%)
  adding: mnt/lsdi/ocm07658870/ocm07658870/Output/_0417.tif (deflated 74%)
  adding: mnt/lsdi/ocm07658870/ocm07658870/Output/_0418.tif (deflated 2%)
  adding: mnt/lsdi/ocm07658870/ocm07658870/Output/_0419.tif (deflated 3%)
  adding: mnt/lsdi/ocm07658870/ocm07658870/Output/_0420.tif (deflated 2%)
  adding: mnt/lsdi/ocm07658870/ocm07658870/Output/_0421.tif (deflated 3%)
  adding: mnt/lsdi/ocm07658870/ocm07658870/Output/_0422.tif (deflated 3%)
  adding: mnt/lsdi/ocm07658870/ocm07658870/Output/_0423.tif (deflated 3%)
  adding: mnt/lsdi/ocm07658870/ocm07658870/Output/_0424.tif (deflated 2%)
  adding: mnt/lsdi/ocm07658870/ocm07658870/Output/_0425.tif (deflated 2%)
  adding: mnt/lsdi/ocm07658870/ocm07658870/Output/_0426.tif (deflated 66%)
curl --location --header authorization: LOW fpJYfLnxbLmCEHqU:JQbq6NgBaPrSh98Y --upload-file /temp/ocm07658870_images.zip http://s3.us.archive.org/07658870.emory.edu/07658870_images.zip
  % Total    % Received % Xferd  Average Speed   Time    Time     Time  Current
                                 Dload  Upload   Total   Spent    Left  Speed
  0     0    0     0    0     0      0      0 --:--:-- --:--:-- --:--:--     0  0 40.5M    0     0    0     0      0      0 --:--:--  0:00:01 --:--:--     0  0 40.5M    0     0    0  240k      0   145k  0:04:45  0:00:01  0:04:44  153k  1 40.5M    0     0    1  720k      0   275k  0:02:30  0:00:02  0:02:28  284k  2 40.5M    0     0    2 1232k      0   322k  0:02:08  0:00:03  0:02:05  329k  3 40.5M    0     0    3 1648k      0   355k  0:01:56  0:00:04  0:01:52  362k  5 40.5M    0     0    5 2144k      0   381k  0:01:48  0:00:05  0:01:43  465k  6 40.5M    0     0    6 2512k      0   373k  0:01:51  0:00:06  0:01:45  447k  7 40.5M    0     0    7 2992k      0   391k  0:01:45  0:00:07  0:01:38  451k  8 40.5M    0     0    8 3488k      0   403k  0:01:42  0:00:08  0:01:34  468k  9 40.5M    0     0    9 3792k      0   394k  0:01:45  0:00:09  0:01:36  430k 10 40.5M    0     0   10 4336k      0   406k  0:01:42  0:00:10  0:01:32  435k 11 40.5M    0     0   11 4672k      0   398k  0:01:44  0:00:11  0:01:33  432k 12 40.5M    0     0   12 5088k      0   402k  0:01:43  0:00:12  0:01:31  419k 13 40.5M    0     0   13 5408k      0   396k  0:01:44  0:00:13  0:01:31  382k 14 40.5M    0     0   14 6064k      0   415k  0:01:40  0:00:14  0:01:26  455k 16 40.5M    0     0   16 6784k      0   433k  0:01:35  0:00:15  0:01:20  491k 18 40.5M    0     0   18 7504k      0   450k  0:01:32  0:00:16  0:01:16  574k 19 40.5M    0     0   19 8240k      0   467k  0:01:28  0:00:17  0:01:11  630k 21 40.5M    0     0   21 8960k      0   481k  0:01:26  0:00:18  0:01:08  715k 23 40.5M    0     0   23 9680k      0   493k  0:01:24  0:00:19  0:01:05  723k 25 40.5M    0     0   25 10.1M      0   503k  0:01:22  0:00:20  0:01:02  721k 26 40.5M    0     0   26 10.8M      0   513k  0:01:20  0:00:21  0:00:59  724k 28 40.5M    0     0   28 11.5M      0   521k  0:01:19  0:00:22  0:00:57  715k 30 40.5M    0     0   30 12.2M      0   529k  0:01:18  0:00:23  0:00:55  711k 31 40.5M    0     0   31 12.9M      0   536k  0:01:17  0:00:24  0:00:53  705k 33 40.5M    0     0   33 13.5M      0   542k  0:01:16  0:00:25  0:00:51  704k 35 40.5M    0     0   35 14.2M      0   548k  0:01:15  0:00:26  0:00:49  700k 37 40.5M    0     0   37 15.0M      0   555k  0:01:14  0:00:27  0:00:47  707k 38 40.5M    0     0   38 15.6M      0   561k  0:01:13  0:00:28  0:00:45  710k 40 40.5M    0     0   40 16.3M      0   564k  0:01:13  0:00:29  0:00:44  704k 41 40.5M    0     0   41 17.0M      0   569k  0:01:12  0:00:30  0:00:42  704k 43 40.5M    0     0   43 17.7M      0   573k  0:01:12  0:00:31  0:00:41  707k 45 40.5M    0     0   45 18.4M      0   578k  0:01:11  0:00:32  0:00:39  702k 47 40.5M    0     0   47 19.1M      0   582k  0:01:11  0:00:33  0:00:38  704k 48 40.5M    0     0   48 19.8M      0   587k  0:01:10  0:00:34  0:00:36  718k 50 40.5M    0     0   50 20.5M      0   591k  0:01:10  0:00:35  0:00:35  727k 52 40.5M    0     0   52 21.2M      0   594k  0:01:09  0:00:36  0:00:33  725k 54 40.5M    0     0   54 21.9M      0   598k  0:01:09  0:00:37  0:00:32  731k 56 40.5M    0     0   56 22.7M      0   602k  0:01:08  0:00:38  0:00:30  731k 57 40.5M    0     0   57 23.4M      0   605k  0:01:08  0:00:39  0:00:29  730k 59 40.5M    0     0   59 24.1M      0   608k  0:01:08  0:00:40  0:00:28  729k 61 40.5M    0     0   61 24.8M      0   610k  0:01:07  0:00:41  0:00:26  727k 62 40.5M    0     0   62 25.5M      0   612k  0:01:07  0:00:42  0:00:25  721k 64 40.5M    0     0   64 26.2M      0   615k  0:01:07  0:00:43  0:00:24  717k 66 40.5M    0     0   66 26.8M      0   616k  0:01:07  0:00:44  0:00:23  708k 68 40.5M    0     0   68 27.6M      0   618k  0:01:07  0:00:45  0:00:22  704k 69 40.5M    0     0   69 28.2M      0   620k  0:01:06  0:00:46  0:00:20  705k 71 40.5M    0     0   71 28.9M      0   622k  0:01:06  0:00:47  0:00:19  702k 73 40.5M    0     0   73 29.6M      0   624k  0:01:06  0:00:48  0:00:18  705k 74 40.5M    0     0   74 30.3M      0   625k  0:01:06  0:00:49  0:00:17  705k 76 40.5M    0     0   76 31.0M      0   627k  0:01:06  0:00:50  0:00:16  706k 78 40.5M    0     0   78 31.7M      0   629k  0:01:05  0:00:51  0:00:14  712k 80 40.5M    0     0   80 32.4M      0   631k  0:01:05  0:00:52  0:00:13  717k 81 40.5M    0     0   81 33.1M      0   633k  0:01:05  0:00:53  0:00:12  719k 83 40.5M    0     0   83 33.8M      0   635k  0:01:05  0:00:54  0:00:11  730k 85 40.5M    0     0   85 34.5M      0   634k  0:01:05  0:00:55  0:00:10  710k 86 40.5M    0     0   86 35.2M      0   636k  0:01:05  0:00:56  0:00:09  708k 88 40.5M    0     0   88 35.8M      0   637k  0:01:05  0:00:57  0:00:08  705k 90 40.5M    0     0   90 36.5M      0   638k  0:01:04  0:00:58  0:00:06  697k 91 40.5M    0     0   91 37.2M      0   640k  0:01:04  0:00:59  0:00:05  692k 93 40.5M    0     0   93 37.9M      0   640k  0:01:04  0:01:00  0:00:04  708k 94 40.5M    0     0   94 38.2M      0   635k  0:01:05  0:01:01  0:00:04  619k 95 40.5M    0     0   95 38.7M      0   634k  0:01:05  0:01:02  0:00:03  591k 97 40.5M    0     0   97 39.4M      0   635k  0:01:05  0:01:03  0:00:02  591k 98 40.5M    0     0   98 40.0M      0   635k  0:01:05  0:01:04  0:00:01  576k100 40.5M    0     0  100 40.5M      0   624k  0:01:06  0:01:06 --:--:--  457k100 40.5M    0     0  100 40.5M      0   621k  0:01:06  0:01:06 --:--:--  453k100 40.5M    0     0  100 40.5M      0   621k  0:01:06  0:01:06 --:--:--  425k
