Bucket ID will be 02845216.emory.edu
curl --location --header x-amz-auto-make-bucket:1 --header x-archive-ignore-preexisting-bucket:1 --header x-archive-queue-derive:0 --header x-archive-meta-mediatype:texts --header x-archive-meta03-collection:emory --header x-archive-meta01-collection:americanmethodism --header x-archive-meta-sponsor:Emory University, Pitts Theology Library --header x-archive-meta-contributor:Emory University, Pitts Theology Library --header x-archive-meta-ppi:300 --header authorization: LOW fpJYfLnxbLmCEHqU:JQbq6NgBaPrSh98Y --upload-file /mnt/lsdi/ocm02845216-423/ocm02845216/ocm02845216_MRC.xml http://s3.us.archive.org/02845216.423.emory.edu/02845216.423.emory.edu_marc.xml
  % Total    % Received % Xferd  Average Speed   Time    Time     Time  Current
                                 Dload  Upload   Total   Spent    Left  Speed
  0     0    0     0    0     0      0      0 --:--:-- --:--:-- --:--:--     0  0  3741    0     0    0     0      0      0 --:--:--  0:00:01 --:--:--     0100  3741    0     0  100  3741      0   1723  0:00:02  0:00:02 --:--:--  1857100  3741    0     0  100  3741      0   1274  0:00:02  0:00:02 --:--:--  1345100  3741    0     0  100  3741      0    950  0:00:03  0:00:03 --:--:--   989100  3741    0     0  100  3741      0    757  0:00:04  0:00:04 --:--:--   782100  3741    0     0  100  3741      0    629  0:00:05  0:00:05 --:--:--   782100  3741    0     0  100  3741      0    538  0:00:06  0:00:06 --:--:--     0100  3741    0     0  100  3741      0    471  0:00:07  0:00:07 --:--:--     0100  3741    0     0  100  3741      0    418  0:00:08  0:00:08 --:--:--     0100  3741    0     0  100  3741      0    376  0:00:09  0:00:09 --:--:--     0100  3741    0     0  100  3741      0    355  0:00:10  0:00:10 --:--:--     0100  3741    0     0  100  3741      0    355  0:00:10  0:00:10 --:--:--     0
zip -r /temp/ocm02845216_423_images.zip /mnt/lsdi/ocm02845216-423/ocm02845216/Output/0001.tif /mnt/lsdi/ocm02845216-423/ocm02845216/Output/0002.tif /mnt/lsdi/ocm02845216-423/ocm02845216/Output/0003.tif /mnt/lsdi/ocm02845216-423/ocm02845216/Output/0004.tif /mnt/lsdi/ocm02845216-423/ocm02845216/Output/0005.tif /mnt/lsdi/ocm02845216-423/ocm02845216/Output/0006.tif /mnt/lsdi/ocm02845216-423/ocm02845216/Output/0007.tif /mnt/lsdi/ocm02845216-423/ocm02845216/Output/0008.tif /mnt/lsdi/ocm02845216-423/ocm02845216/Output/0009.tif /mnt/lsdi/ocm02845216-423/ocm02845216/Output/0010.tif /mnt/lsdi/ocm02845216-423/ocm02845216/Output/0011.tif /mnt/lsdi/ocm02845216-423/ocm02845216/Output/0012.tif /mnt/lsdi/ocm02845216-423/ocm02845216/Output/0013.tif /mnt/lsdi/ocm02845216-423/ocm02845216/Output/0014.tif /mnt/lsdi/ocm02845216-423/ocm02845216/Output/0015.tif /mnt/lsdi/ocm02845216-423/ocm02845216/Output/0016.tif /mnt/lsdi/ocm02845216-423/ocm02845216/Output/0017.tif /mnt/lsdi/ocm02845216-423/ocm02845216/Output/0018.tif /mnt/lsdi/ocm02845216-423/ocm02845216/Output/0019.tif /mnt/lsdi/ocm02845216-423/ocm02845216/Output/0020.tif /mnt/lsdi/ocm02845216-423/ocm02845216/Output/0021.tif /mnt/lsdi/ocm02845216-423/ocm02845216/Output/0022.tif /mnt/lsdi/ocm02845216-423/ocm02845216/Output/0023.tif /mnt/lsdi/ocm02845216-423/ocm02845216/Output/0024.tif /mnt/lsdi/ocm02845216-423/ocm02845216/Output/0025.tif /mnt/lsdi/ocm02845216-423/ocm02845216/Output/0026.tif /mnt/lsdi/ocm02845216-423/ocm02845216/Output/0027.tif /mnt/lsdi/ocm02845216-423/ocm02845216/Output/0028.tif /mnt/lsdi/ocm02845216-423/ocm02845216/Output/0029.tif /mnt/lsdi/ocm02845216-423/ocm02845216/Output/0030.tif /mnt/lsdi/ocm02845216-423/ocm02845216/Output/0031.tif /mnt/lsdi/ocm02845216-423/ocm02845216/Output/0032.tif /mnt/lsdi/ocm02845216-423/ocm02845216/Output/0033.tif /mnt/lsdi/ocm02845216-423/ocm02845216/Output/0034.tif /mnt/lsdi/ocm02845216-423/ocm02845216/Output/0035.tif /mnt/lsdi/ocm02845216-423/ocm02845216/Output/0036.tif /mnt/lsdi/ocm02845216-423/ocm02845216/Output/0037.tif /mnt/lsdi/ocm02845216-423/ocm02845216/Output/0038.tif /mnt/lsdi/ocm02845216-423/ocm02845216/Output/0039.tif /mnt/lsdi/ocm02845216-423/ocm02845216/Output/0040.tif /mnt/lsdi/ocm02845216-423/ocm02845216/Output/0041.tif /mnt/lsdi/ocm02845216-423/ocm02845216/Output/0042.tif /mnt/lsdi/ocm02845216-423/ocm02845216/Output/0043.tif /mnt/lsdi/ocm02845216-423/ocm02845216/Output/0044.tif /mnt/lsdi/ocm02845216-423/ocm02845216/Output/0045.tif /mnt/lsdi/ocm02845216-423/ocm02845216/Output/0046.tif /mnt/lsdi/ocm02845216-423/ocm02845216/Output/0047.tif /mnt/lsdi/ocm02845216-423/ocm02845216/Output/0048.tif /mnt/lsdi/ocm02845216-423/ocm02845216/Output/0049.tif /mnt/lsdi/ocm02845216-423/ocm02845216/Output/0050.tif /mnt/lsdi/ocm02845216-423/ocm02845216/Output/0051.tif /mnt/lsdi/ocm02845216-423/ocm02845216/Output/0052.tif /mnt/lsdi/ocm02845216-423/ocm02845216/Output/0053.tif /mnt/lsdi/ocm02845216-423/ocm02845216/Output/0054.tif /mnt/lsdi/ocm02845216-423/ocm02845216/Output/0055.tif /mnt/lsdi/ocm02845216-423/ocm02845216/Output/0056.tif /mnt/lsdi/ocm02845216-423/ocm02845216/Output/0057.tif /mnt/lsdi/ocm02845216-423/ocm02845216/Output/0058.tif /mnt/lsdi/ocm02845216-423/ocm02845216/Output/0059.tif /mnt/lsdi/ocm02845216-423/ocm02845216/Output/0060.tif /mnt/lsdi/ocm02845216-423/ocm02845216/Output/0061.tif /mnt/lsdi/ocm02845216-423/ocm02845216/Output/0062.tif /mnt/lsdi/ocm02845216-423/ocm02845216/Output/0063.tif /mnt/lsdi/ocm02845216-423/ocm02845216/Output/0064.tif /mnt/lsdi/ocm02845216-423/ocm02845216/Output/0065.tif /mnt/lsdi/ocm02845216-423/ocm02845216/Output/0066.tif /mnt/lsdi/ocm02845216-423/ocm02845216/Output/0067.tif /mnt/lsdi/ocm02845216-423/ocm02845216/Output/0068.tif /mnt/lsdi/ocm02845216-423/ocm02845216/Output/0069.tif /mnt/lsdi/ocm02845216-423/ocm02845216/Output/0070.tif /mnt/lsdi/ocm02845216-423/ocm02845216/Output/0071.tif /mnt/lsdi/ocm02845216-423/ocm02845216/Output/0072.tif /mnt/lsdi/ocm02845216-423/ocm02845216/Output/0073.tif /mnt/lsdi/ocm02845216-423/ocm02845216/Output/0074.tif /mnt/lsdi/ocm02845216-423/ocm02845216/Output/0075.tif /mnt/lsdi/ocm02845216-423/ocm02845216/Output/0076.tif /mnt/lsdi/ocm02845216-423/ocm02845216/Output/0077.tif /mnt/lsdi/ocm02845216-423/ocm02845216/Output/0078.tif /mnt/lsdi/ocm02845216-423/ocm02845216/Output/0079.tif /mnt/lsdi/ocm02845216-423/ocm02845216/Output/0080.tif /mnt/lsdi/ocm02845216-423/ocm02845216/Output/0081.tif /mnt/lsdi/ocm02845216-423/ocm02845216/Output/0082.tif /mnt/lsdi/ocm02845216-423/ocm02845216/Output/0083.tif /mnt/lsdi/ocm02845216-423/ocm02845216/Output/0084.tif /mnt/lsdi/ocm02845216-423/ocm02845216/Output/0085.tif /mnt/lsdi/ocm02845216-423/ocm02845216/Output/0086.tif /mnt/lsdi/ocm02845216-423/ocm02845216/Output/0087.tif /mnt/lsdi/ocm02845216-423/ocm02845216/Output/0088.tif /mnt/lsdi/ocm02845216-423/ocm02845216/Output/0089.tif /mnt/lsdi/ocm02845216-423/ocm02845216/Output/0090.tif /mnt/lsdi/ocm02845216-423/ocm02845216/Output/0091.tif /mnt/lsdi/ocm02845216-423/ocm02845216/Output/0092.tif /mnt/lsdi/ocm02845216-423/ocm02845216/Output/0093.tif /mnt/lsdi/ocm02845216-423/ocm02845216/Output/0094.tif /mnt/lsdi/ocm02845216-423/ocm02845216/Output/0095.tif /mnt/lsdi/ocm02845216-423/ocm02845216/Output/0096.tif /mnt/lsdi/ocm02845216-423/ocm02845216/Output/0097.tif /mnt/lsdi/ocm02845216-423/ocm02845216/Output/0098.tif /mnt/lsdi/ocm02845216-423/ocm02845216/Output/0099.tif /mnt/lsdi/ocm02845216-423/ocm02845216/Output/0100.tif /mnt/lsdi/ocm02845216-423/ocm02845216/Output/0101.tif /mnt/lsdi/ocm02845216-423/ocm02845216/Output/0102.tif /mnt/lsdi/ocm02845216-423/ocm02845216/Output/0103.tif /mnt/lsdi/ocm02845216-423/ocm02845216/Output/0104.tif /mnt/lsdi/ocm02845216-423/ocm02845216/Output/0105.tif /mnt/lsdi/ocm02845216-423/ocm02845216/Output/0106.tif /mnt/lsdi/ocm02845216-423/ocm02845216/Output/0107.tif /mnt/lsdi/ocm02845216-423/ocm02845216/Output/0108.tif /mnt/lsdi/ocm02845216-423/ocm02845216/Output/0109.tif /mnt/lsdi/ocm02845216-423/ocm02845216/Output/0110.tif /mnt/lsdi/ocm02845216-423/ocm02845216/Output/0111.tif /mnt/lsdi/ocm02845216-423/ocm02845216/Output/0112.tif /mnt/lsdi/ocm02845216-423/ocm02845216/Output/0113.tif /mnt/lsdi/ocm02845216-423/ocm02845216/Output/0114.tif /mnt/lsdi/ocm02845216-423/ocm02845216/Output/0115.tif /mnt/lsdi/ocm02845216-423/ocm02845216/Output/0116.tif /mnt/lsdi/ocm02845216-423/ocm02845216/Output/0117.tif /mnt/lsdi/ocm02845216-423/ocm02845216/Output/0118.tif /mnt/lsdi/ocm02845216-423/ocm02845216/Output/0119.tif /mnt/lsdi/ocm02845216-423/ocm02845216/Output/0120.tif /mnt/lsdi/ocm02845216-423/ocm02845216/Output/0121.tif /mnt/lsdi/ocm02845216-423/ocm02845216/Output/0122.tif /mnt/lsdi/ocm02845216-423/ocm02845216/Output/0123.tif /mnt/lsdi/ocm02845216-423/ocm02845216/Output/0124.tif /mnt/lsdi/ocm02845216-423/ocm02845216/Output/0125.tif /mnt/lsdi/ocm02845216-423/ocm02845216/Output/0126.tif /mnt/lsdi/ocm02845216-423/ocm02845216/Output/0127.tif /mnt/lsdi/ocm02845216-423/ocm02845216/Output/0128.tif /mnt/lsdi/ocm02845216-423/ocm02845216/Output/0129.tif /mnt/lsdi/ocm02845216-423/ocm02845216/Output/0130.tif /mnt/lsdi/ocm02845216-423/ocm02845216/Output/0131.tif /mnt/lsdi/ocm02845216-423/ocm02845216/Output/0132.tif /mnt/lsdi/ocm02845216-423/ocm02845216/Output/0133.tif /mnt/lsdi/ocm02845216-423/ocm02845216/Output/0134.tif /mnt/lsdi/ocm02845216-423/ocm02845216/Output/0135.tif /mnt/lsdi/ocm02845216-423/ocm02845216/Output/0136.tif /mnt/lsdi/ocm02845216-423/ocm02845216/Output/0137.tif /mnt/lsdi/ocm02845216-423/ocm02845216/Output/0138.tif /mnt/lsdi/ocm02845216-423/ocm02845216/Output/0139.tif /mnt/lsdi/ocm02845216-423/ocm02845216/Output/0140.tif /mnt/lsdi/ocm02845216-423/ocm02845216/Output/0141.tif /mnt/lsdi/ocm02845216-423/ocm02845216/Output/0142.tif /mnt/lsdi/ocm02845216-423/ocm02845216/Output/0143.tif /mnt/lsdi/ocm02845216-423/ocm02845216/Output/0144.tif /mnt/lsdi/ocm02845216-423/ocm02845216/Output/0145.tif /mnt/lsdi/ocm02845216-423/ocm02845216/Output/0146.tif /mnt/lsdi/ocm02845216-423/ocm02845216/Output/0147.tif /mnt/lsdi/ocm02845216-423/ocm02845216/Output/0148.tif /mnt/lsdi/ocm02845216-423/ocm02845216/Output/0149.tif /mnt/lsdi/ocm02845216-423/ocm02845216/Output/0150.tif /mnt/lsdi/ocm02845216-423/ocm02845216/Output/0151.tif /mnt/lsdi/ocm02845216-423/ocm02845216/Output/0152.tif /mnt/lsdi/ocm02845216-423/ocm02845216/Output/0153.tif /mnt/lsdi/ocm02845216-423/ocm02845216/Output/0154.tif /mnt/lsdi/ocm02845216-423/ocm02845216/Output/0155.tif /mnt/lsdi/ocm02845216-423/ocm02845216/Output/0156.tif /mnt/lsdi/ocm02845216-423/ocm02845216/Output/0157.tif /mnt/lsdi/ocm02845216-423/ocm02845216/Output/0158.tif /mnt/lsdi/ocm02845216-423/ocm02845216/Output/0159.tif /mnt/lsdi/ocm02845216-423/ocm02845216/Output/0160.tif /mnt/lsdi/ocm02845216-423/ocm02845216/Output/0161.tif /mnt/lsdi/ocm02845216-423/ocm02845216/Output/0162.tif /mnt/lsdi/ocm02845216-423/ocm02845216/Output/0163.tif /mnt/lsdi/ocm02845216-423/ocm02845216/Output/0164.tif /mnt/lsdi/ocm02845216-423/ocm02845216/Output/0165.tif /mnt/lsdi/ocm02845216-423/ocm02845216/Output/0166.tif /mnt/lsdi/ocm02845216-423/ocm02845216/Output/0167.tif /mnt/lsdi/ocm02845216-423/ocm02845216/Output/0168.tif /mnt/lsdi/ocm02845216-423/ocm02845216/Output/0169.tif /mnt/lsdi/ocm02845216-423/ocm02845216/Output/0170.tif /mnt/lsdi/ocm02845216-423/ocm02845216/Output/0171.tif /mnt/lsdi/ocm02845216-423/ocm02845216/Output/0172.tif /mnt/lsdi/ocm02845216-423/ocm02845216/Output/0173.tif /mnt/lsdi/ocm02845216-423/ocm02845216/Output/0174.tif /mnt/lsdi/ocm02845216-423/ocm02845216/Output/0175.tif /mnt/lsdi/ocm02845216-423/ocm02845216/Output/0176.tif /mnt/lsdi/ocm02845216-423/ocm02845216/Output/0177.tif /mnt/lsdi/ocm02845216-423/ocm02845216/Output/0178.tif /mnt/lsdi/ocm02845216-423/ocm02845216/Output/0179.tif /mnt/lsdi/ocm02845216-423/ocm02845216/Output/0180.tif /mnt/lsdi/ocm02845216-423/ocm02845216/Output/0181.tif /mnt/lsdi/ocm02845216-423/ocm02845216/Output/0182.tif /mnt/lsdi/ocm02845216-423/ocm02845216/Output/0183.tif /mnt/lsdi/ocm02845216-423/ocm02845216/Output/0184.tif /mnt/lsdi/ocm02845216-423/ocm02845216/Output/0185.tif /mnt/lsdi/ocm02845216-423/ocm02845216/Output/0186.tif /mnt/lsdi/ocm02845216-423/ocm02845216/Output/0187.tif /mnt/lsdi/ocm02845216-423/ocm02845216/Output/0188.tif /mnt/lsdi/ocm02845216-423/ocm02845216/Output/0189.tif /mnt/lsdi/ocm02845216-423/ocm02845216/Output/0190.tif /mnt/lsdi/ocm02845216-423/ocm02845216/Output/0191.tif /mnt/lsdi/ocm02845216-423/ocm02845216/Output/0192.tif /mnt/lsdi/ocm02845216-423/ocm02845216/Output/0193.tif /mnt/lsdi/ocm02845216-423/ocm02845216/Output/0194.tif /mnt/lsdi/ocm02845216-423/ocm02845216/Output/0195.tif /mnt/lsdi/ocm02845216-423/ocm02845216/Output/0196.tif /mnt/lsdi/ocm02845216-423/ocm02845216/Output/0197.tif /mnt/lsdi/ocm02845216-423/ocm02845216/Output/0198.tif /mnt/lsdi/ocm02845216-423/ocm02845216/Output/0199.tif /mnt/lsdi/ocm02845216-423/ocm02845216/Output/0200.tif /mnt/lsdi/ocm02845216-423/ocm02845216/Output/0201.tif /mnt/lsdi/ocm02845216-423/ocm02845216/Output/0202.tif /mnt/lsdi/ocm02845216-423/ocm02845216/Output/0203.tif /mnt/lsdi/ocm02845216-423/ocm02845216/Output/0204.tif /mnt/lsdi/ocm02845216-423/ocm02845216/Output/0205.tif /mnt/lsdi/ocm02845216-423/ocm02845216/Output/0206.tif /mnt/lsdi/ocm02845216-423/ocm02845216/Output/0207.tif /mnt/lsdi/ocm02845216-423/ocm02845216/Output/0208.tif /mnt/lsdi/ocm02845216-423/ocm02845216/Output/0209.tif /mnt/lsdi/ocm02845216-423/ocm02845216/Output/0210.tif /mnt/lsdi/ocm02845216-423/ocm02845216/Output/0211.tif /mnt/lsdi/ocm02845216-423/ocm02845216/Output/0212.tif /mnt/lsdi/ocm02845216-423/ocm02845216/Output/0213.tif /mnt/lsdi/ocm02845216-423/ocm02845216/Output/0214.tif /mnt/lsdi/ocm02845216-423/ocm02845216/Output/0215.tif /mnt/lsdi/ocm02845216-423/ocm02845216/Output/0216.tif /mnt/lsdi/ocm02845216-423/ocm02845216/Output/0217.tif /mnt/lsdi/ocm02845216-423/ocm02845216/Output/0218.tif /mnt/lsdi/ocm02845216-423/ocm02845216/Output/0219.tif /mnt/lsdi/ocm02845216-423/ocm02845216/Output/0220.tif /mnt/lsdi/ocm02845216-423/ocm02845216/Output/0221.tif /mnt/lsdi/ocm02845216-423/ocm02845216/Output/0222.tif /mnt/lsdi/ocm02845216-423/ocm02845216/Output/0223.tif /mnt/lsdi/ocm02845216-423/ocm02845216/Output/0224.tif /mnt/lsdi/ocm02845216-423/ocm02845216/Output/0225.tif /mnt/lsdi/ocm02845216-423/ocm02845216/Output/0226.tif /mnt/lsdi/ocm02845216-423/ocm02845216/Output/0227.tif /mnt/lsdi/ocm02845216-423/ocm02845216/Output/0228.tif /mnt/lsdi/ocm02845216-423/ocm02845216/Output/0229.tif /mnt/lsdi/ocm02845216-423/ocm02845216/Output/0230.tif /mnt/lsdi/ocm02845216-423/ocm02845216/Output/0231.tif /mnt/lsdi/ocm02845216-423/ocm02845216/Output/0232.tif /mnt/lsdi/ocm02845216-423/ocm02845216/Output/0233.tif /mnt/lsdi/ocm02845216-423/ocm02845216/Output/0234.tif /mnt/lsdi/ocm02845216-423/ocm02845216/Output/0235.tif /mnt/lsdi/ocm02845216-423/ocm02845216/Output/0236.tif /mnt/lsdi/ocm02845216-423/ocm02845216/Output/0237.tif /mnt/lsdi/ocm02845216-423/ocm02845216/Output/0238.tif /mnt/lsdi/ocm02845216-423/ocm02845216/Output/0239.tif /mnt/lsdi/ocm02845216-423/ocm02845216/Output/0240.tif /mnt/lsdi/ocm02845216-423/ocm02845216/Output/0241.tif /mnt/lsdi/ocm02845216-423/ocm02845216/Output/0242.tif /mnt/lsdi/ocm02845216-423/ocm02845216/Output/0243.tif /mnt/lsdi/ocm02845216-423/ocm02845216/Output/0244.tif /mnt/lsdi/ocm02845216-423/ocm02845216/Output/0245.tif /mnt/lsdi/ocm02845216-423/ocm02845216/Output/0246.tif /mnt/lsdi/ocm02845216-423/ocm02845216/Output/0247.tif /mnt/lsdi/ocm02845216-423/ocm02845216/Output/0248.tif /mnt/lsdi/ocm02845216-423/ocm02845216/Output/0249.tif /mnt/lsdi/ocm02845216-423/ocm02845216/Output/0250.tif /mnt/lsdi/ocm02845216-423/ocm02845216/Output/0251.tif /mnt/lsdi/ocm02845216-423/ocm02845216/Output/0252.tif /mnt/lsdi/ocm02845216-423/ocm02845216/Output/0253.tif /mnt/lsdi/ocm02845216-423/ocm02845216/Output/0254.tif /mnt/lsdi/ocm02845216-423/ocm02845216/Output/0255.tif /mnt/lsdi/ocm02845216-423/ocm02845216/Output/0256.tif /mnt/lsdi/ocm02845216-423/ocm02845216/Output/0257.tif /mnt/lsdi/ocm02845216-423/ocm02845216/Output/0258.tif /mnt/lsdi/ocm02845216-423/ocm02845216/Output/0259.tif /mnt/lsdi/ocm02845216-423/ocm02845216/Output/0260.tif /mnt/lsdi/ocm02845216-423/ocm02845216/Output/0261.tif /mnt/lsdi/ocm02845216-423/ocm02845216/Output/0262.tif /mnt/lsdi/ocm02845216-423/ocm02845216/Output/0263.tif /mnt/lsdi/ocm02845216-423/ocm02845216/Output/0264.tif /mnt/lsdi/ocm02845216-423/ocm02845216/Output/0265.tif /mnt/lsdi/ocm02845216-423/ocm02845216/Output/0266.tif /mnt/lsdi/ocm02845216-423/ocm02845216/Output/0267.tif /mnt/lsdi/ocm02845216-423/ocm02845216/Output/0268.tif /mnt/lsdi/ocm02845216-423/ocm02845216/Output/0269.tif /mnt/lsdi/ocm02845216-423/ocm02845216/Output/0270.tif /mnt/lsdi/ocm02845216-423/ocm02845216/Output/0271.tif /mnt/lsdi/ocm02845216-423/ocm02845216/Output/0272.tif /mnt/lsdi/ocm02845216-423/ocm02845216/Output/0273.tif /mnt/lsdi/ocm02845216-423/ocm02845216/Output/0274.tif /mnt/lsdi/ocm02845216-423/ocm02845216/Output/0275.tif /mnt/lsdi/ocm02845216-423/ocm02845216/Output/0276.tif /mnt/lsdi/ocm02845216-423/ocm02845216/Output/0277.tif /mnt/lsdi/ocm02845216-423/ocm02845216/Output/0278.tif /mnt/lsdi/ocm02845216-423/ocm02845216/Output/0279.tif /mnt/lsdi/ocm02845216-423/ocm02845216/Output/0280.tif /mnt/lsdi/ocm02845216-423/ocm02845216/Output/0281.tif /mnt/lsdi/ocm02845216-423/ocm02845216/Output/0282.tif /mnt/lsdi/ocm02845216-423/ocm02845216/Output/0283.tif /mnt/lsdi/ocm02845216-423/ocm02845216/Output/0284.tif /mnt/lsdi/ocm02845216-423/ocm02845216/Output/0285.tif /mnt/lsdi/ocm02845216-423/ocm02845216/Output/0286.tif /mnt/lsdi/ocm02845216-423/ocm02845216/Output/0287.tif /mnt/lsdi/ocm02845216-423/ocm02845216/Output/0288.tif /mnt/lsdi/ocm02845216-423/ocm02845216/Output/0289.tif /mnt/lsdi/ocm02845216-423/ocm02845216/Output/0290.tif /mnt/lsdi/ocm02845216-423/ocm02845216/Output/0291.tif /mnt/lsdi/ocm02845216-423/ocm02845216/Output/0292.tif /mnt/lsdi/ocm02845216-423/ocm02845216/Output/0293.tif /mnt/lsdi/ocm02845216-423/ocm02845216/Output/0294.tif /mnt/lsdi/ocm02845216-423/ocm02845216/Output/0295.tif /mnt/lsdi/ocm02845216-423/ocm02845216/Output/0296.tif /mnt/lsdi/ocm02845216-423/ocm02845216/Output/0297.tif /mnt/lsdi/ocm02845216-423/ocm02845216/Output/0298.tif /mnt/lsdi/ocm02845216-423/ocm02845216/Output/0299.tif /mnt/lsdi/ocm02845216-423/ocm02845216/Output/0300.tif /mnt/lsdi/ocm02845216-423/ocm02845216/Output/0301.tif /mnt/lsdi/ocm02845216-423/ocm02845216/Output/0302.tif /mnt/lsdi/ocm02845216-423/ocm02845216/Output/0303.tif /mnt/lsdi/ocm02845216-423/ocm02845216/Output/0304.tif /mnt/lsdi/ocm02845216-423/ocm02845216/Output/0305.tif /mnt/lsdi/ocm02845216-423/ocm02845216/Output/0306.tif /mnt/lsdi/ocm02845216-423/ocm02845216/Output/0307.tif /mnt/lsdi/ocm02845216-423/ocm02845216/Output/0308.tif /mnt/lsdi/ocm02845216-423/ocm02845216/Output/0309.tif /mnt/lsdi/ocm02845216-423/ocm02845216/Output/0310.tif /mnt/lsdi/ocm02845216-423/ocm02845216/Output/0311.tif /mnt/lsdi/ocm02845216-423/ocm02845216/Output/0312.tif /mnt/lsdi/ocm02845216-423/ocm02845216/Output/0313.tif /mnt/lsdi/ocm02845216-423/ocm02845216/Output/0314.tif /mnt/lsdi/ocm02845216-423/ocm02845216/Output/0315.tif /mnt/lsdi/ocm02845216-423/ocm02845216/Output/0316.tif /mnt/lsdi/ocm02845216-423/ocm02845216/Output/0317.tif /mnt/lsdi/ocm02845216-423/ocm02845216/Output/0318.tif /mnt/lsdi/ocm02845216-423/ocm02845216/Output/0319.tif /mnt/lsdi/ocm02845216-423/ocm02845216/Output/0320.tif /mnt/lsdi/ocm02845216-423/ocm02845216/Output/0321.tif /mnt/lsdi/ocm02845216-423/ocm02845216/Output/0322.tif /mnt/lsdi/ocm02845216-423/ocm02845216/Output/0323.tif /mnt/lsdi/ocm02845216-423/ocm02845216/Output/0324.tif /mnt/lsdi/ocm02845216-423/ocm02845216/Output/0325.tif /mnt/lsdi/ocm02845216-423/ocm02845216/Output/0326.tif /mnt/lsdi/ocm02845216-423/ocm02845216/Output/0327.tif /mnt/lsdi/ocm02845216-423/ocm02845216/Output/0328.tif /mnt/lsdi/ocm02845216-423/ocm02845216/Output/0329.tif /mnt/lsdi/ocm02845216-423/ocm02845216/Output/0330.tif /mnt/lsdi/ocm02845216-423/ocm02845216/Output/0331.tif /mnt/lsdi/ocm02845216-423/ocm02845216/Output/0332.tif /mnt/lsdi/ocm02845216-423/ocm02845216/Output/0333.tif /mnt/lsdi/ocm02845216-423/ocm02845216/Output/0334.tif /mnt/lsdi/ocm02845216-423/ocm02845216/Output/0335.tif /mnt/lsdi/ocm02845216-423/ocm02845216/Output/0336.tif /mnt/lsdi/ocm02845216-423/ocm02845216/Output/0337.tif /mnt/lsdi/ocm02845216-423/ocm02845216/Output/0338.tif /mnt/lsdi/ocm02845216-423/ocm02845216/Output/0339.tif /mnt/lsdi/ocm02845216-423/ocm02845216/Output/0340.tif /mnt/lsdi/ocm02845216-423/ocm02845216/Output/0341.tif /mnt/lsdi/ocm02845216-423/ocm02845216/Output/0342.tif /mnt/lsdi/ocm02845216-423/ocm02845216/Output/0343.tif /mnt/lsdi/ocm02845216-423/ocm02845216/Output/0344.tif /mnt/lsdi/ocm02845216-423/ocm02845216/Output/0345.tif /mnt/lsdi/ocm02845216-423/ocm02845216/Output/0346.tif /mnt/lsdi/ocm02845216-423/ocm02845216/Output/0347.tif /mnt/lsdi/ocm02845216-423/ocm02845216/Output/0348.tif /mnt/lsdi/ocm02845216-423/ocm02845216/Output/0349.tif /mnt/lsdi/ocm02845216-423/ocm02845216/Output/0350.tif /mnt/lsdi/ocm02845216-423/ocm02845216/Output/0351.tif /mnt/lsdi/ocm02845216-423/ocm02845216/Output/0352.tif /mnt/lsdi/ocm02845216-423/ocm02845216/Output/0353.tif /mnt/lsdi/ocm02845216-423/ocm02845216/Output/0354.tif /mnt/lsdi/ocm02845216-423/ocm02845216/Output/0355.tif /mnt/lsdi/ocm02845216-423/ocm02845216/Output/0356.tif /mnt/lsdi/ocm02845216-423/ocm02845216/Output/0357.tif /mnt/lsdi/ocm02845216-423/ocm02845216/Output/0358.tif /mnt/lsdi/ocm02845216-423/ocm02845216/Output/0359.tif /mnt/lsdi/ocm02845216-423/ocm02845216/Output/0360.tif /mnt/lsdi/ocm02845216-423/ocm02845216/Output/0361.tif /mnt/lsdi/ocm02845216-423/ocm02845216/Output/0362.tif /mnt/lsdi/ocm02845216-423/ocm02845216/Output/0363.tif /mnt/lsdi/ocm02845216-423/ocm02845216/Output/0364.tif /mnt/lsdi/ocm02845216-423/ocm02845216/Output/0365.tif /mnt/lsdi/ocm02845216-423/ocm02845216/Output/0366.tif /mnt/lsdi/ocm02845216-423/ocm02845216/Output/0367.tif /mnt/lsdi/ocm02845216-423/ocm02845216/Output/0368.tif /mnt/lsdi/ocm02845216-423/ocm02845216/Output/0369.tif /mnt/lsdi/ocm02845216-423/ocm02845216/Output/0370.tif /mnt/lsdi/ocm02845216-423/ocm02845216/Output/0371.tif /mnt/lsdi/ocm02845216-423/ocm02845216/Output/0372.tif /mnt/lsdi/ocm02845216-423/ocm02845216/Output/0373.tif /mnt/lsdi/ocm02845216-423/ocm02845216/Output/0374.tif /mnt/lsdi/ocm02845216-423/ocm02845216/Output/0375.tif /mnt/lsdi/ocm02845216-423/ocm02845216/Output/0376.tif /mnt/lsdi/ocm02845216-423/ocm02845216/Output/0377.tif /mnt/lsdi/ocm02845216-423/ocm02845216/Output/0378.tif /mnt/lsdi/ocm02845216-423/ocm02845216/Output/0379.tif /mnt/lsdi/ocm02845216-423/ocm02845216/Output/0380.tif /mnt/lsdi/ocm02845216-423/ocm02845216/Output/0381.tif /mnt/lsdi/ocm02845216-423/ocm02845216/Output/0382.tif /mnt/lsdi/ocm02845216-423/ocm02845216/Output/0383.tif /mnt/lsdi/ocm02845216-423/ocm02845216/Output/0384.tif /mnt/lsdi/ocm02845216-423/ocm02845216/Output/0385.tif /mnt/lsdi/ocm02845216-423/ocm02845216/Output/0386.tif /mnt/lsdi/ocm02845216-423/ocm02845216/Output/0387.tif /mnt/lsdi/ocm02845216-423/ocm02845216/Output/0388.tif /mnt/lsdi/ocm02845216-423/ocm02845216/Output/0389.tif /mnt/lsdi/ocm02845216-423/ocm02845216/Output/0390.tif /mnt/lsdi/ocm02845216-423/ocm02845216/Output/0391.tif /mnt/lsdi/ocm02845216-423/ocm02845216/Output/0392.tif /mnt/lsdi/ocm02845216-423/ocm02845216/Output/0393.tif /mnt/lsdi/ocm02845216-423/ocm02845216/Output/0394.tif /mnt/lsdi/ocm02845216-423/ocm02845216/Output/0395.tif /mnt/lsdi/ocm02845216-423/ocm02845216/Output/0396.tif /mnt/lsdi/ocm02845216-423/ocm02845216/Output/0397.tif /mnt/lsdi/ocm02845216-423/ocm02845216/Output/0398.tif /mnt/lsdi/ocm02845216-423/ocm02845216/Output/0399.tif /mnt/lsdi/ocm02845216-423/ocm02845216/Output/0400.tif /mnt/lsdi/ocm02845216-423/ocm02845216/Output/0401.tif /mnt/lsdi/ocm02845216-423/ocm02845216/Output/0402.tif /mnt/lsdi/ocm02845216-423/ocm02845216/Output/0403.tif /mnt/lsdi/ocm02845216-423/ocm02845216/Output/0404.tif /mnt/lsdi/ocm02845216-423/ocm02845216/Output/0405.tif /mnt/lsdi/ocm02845216-423/ocm02845216/Output/0406.tif /mnt/lsdi/ocm02845216-423/ocm02845216/Output/0407.tif /mnt/lsdi/ocm02845216-423/ocm02845216/Output/0408.tif /mnt/lsdi/ocm02845216-423/ocm02845216/Output/0409.tif /mnt/lsdi/ocm02845216-423/ocm02845216/Output/0410.tif /mnt/lsdi/ocm02845216-423/ocm02845216/Output/0411.tif /mnt/lsdi/ocm02845216-423/ocm02845216/Output/0412.tif /mnt/lsdi/ocm02845216-423/ocm02845216/Output/0413.tif /mnt/lsdi/ocm02845216-423/ocm02845216/Output/0414.tif /mnt/lsdi/ocm02845216-423/ocm02845216/Output/0415.tif /mnt/lsdi/ocm02845216-423/ocm02845216/Output/0416.tif /mnt/lsdi/ocm02845216-423/ocm02845216/Output/0417.tif /mnt/lsdi/ocm02845216-423/ocm02845216/Output/0418.tif /mnt/lsdi/ocm02845216-423/ocm02845216/Output/0419.tif /mnt/lsdi/ocm02845216-423/ocm02845216/Output/0420.tif /mnt/lsdi/ocm02845216-423/ocm02845216/Output/0421.tif /mnt/lsdi/ocm02845216-423/ocm02845216/Output/0422.tif /mnt/lsdi/ocm02845216-423/ocm02845216/Output/0423.tif /mnt/lsdi/ocm02845216-423/ocm02845216/Output/0424.tif /mnt/lsdi/ocm02845216-423/ocm02845216/Output/0425.tif /mnt/lsdi/ocm02845216-423/ocm02845216/Output/0426.tif /mnt/lsdi/ocm02845216-423/ocm02845216/Output/0427.tif /mnt/lsdi/ocm02845216-423/ocm02845216/Output/0428.tif /mnt/lsdi/ocm02845216-423/ocm02845216/Output/0429.tif /mnt/lsdi/ocm02845216-423/ocm02845216/Output/0430.tif /mnt/lsdi/ocm02845216-423/ocm02845216/Output/0431.tif /mnt/lsdi/ocm02845216-423/ocm02845216/Output/0432.tif /mnt/lsdi/ocm02845216-423/ocm02845216/Output/0433.tif /mnt/lsdi/ocm02845216-423/ocm02845216/Output/0434.tif /mnt/lsdi/ocm02845216-423/ocm02845216/Output/0435.tif /mnt/lsdi/ocm02845216-423/ocm02845216/Output/0436.tif /mnt/lsdi/ocm02845216-423/ocm02845216/Output/0437.tif /mnt/lsdi/ocm02845216-423/ocm02845216/Output/0438.tif /mnt/lsdi/ocm02845216-423/ocm02845216/Output/0439.tif /mnt/lsdi/ocm02845216-423/ocm02845216/Output/0440.tif /mnt/lsdi/ocm02845216-423/ocm02845216/Output/0441.tif /mnt/lsdi/ocm02845216-423/ocm02845216/Output/0442.tif /mnt/lsdi/ocm02845216-423/ocm02845216/Output/0443.tif /mnt/lsdi/ocm02845216-423/ocm02845216/Output/0444.tif /mnt/lsdi/ocm02845216-423/ocm02845216/Output/0445.tif /mnt/lsdi/ocm02845216-423/ocm02845216/Output/0446.tif /mnt/lsdi/ocm02845216-423/ocm02845216/Output/0447.tif /mnt/lsdi/ocm02845216-423/ocm02845216/Output/0448.tif /mnt/lsdi/ocm02845216-423/ocm02845216/Output/0449.tif /mnt/lsdi/ocm02845216-423/ocm02845216/Output/0450.tif /mnt/lsdi/ocm02845216-423/ocm02845216/Output/0451.tif /mnt/lsdi/ocm02845216-423/ocm02845216/Output/0452.tif /mnt/lsdi/ocm02845216-423/ocm02845216/Output/0453.tif /mnt/lsdi/ocm02845216-423/ocm02845216/Output/0454.tif /mnt/lsdi/ocm02845216-423/ocm02845216/Output/0455.tif /mnt/lsdi/ocm02845216-423/ocm02845216/Output/0456.tif /mnt/lsdi/ocm02845216-423/ocm02845216/Output/0457.tif /mnt/lsdi/ocm02845216-423/ocm02845216/Output/0458.tif /mnt/lsdi/ocm02845216-423/ocm02845216/Output/0459.tif /mnt/lsdi/ocm02845216-423/ocm02845216/Output/0460.tif /mnt/lsdi/ocm02845216-423/ocm02845216/Output/0461.tif /mnt/lsdi/ocm02845216-423/ocm02845216/Output/0462.tif /mnt/lsdi/ocm02845216-423/ocm02845216/Output/0463.tif /mnt/lsdi/ocm02845216-423/ocm02845216/Output/0464.tif /mnt/lsdi/ocm02845216-423/ocm02845216/Output/0465.tif /mnt/lsdi/ocm02845216-423/ocm02845216/Output/0466.tif /mnt/lsdi/ocm02845216-423/ocm02845216/Output/0467.tif /mnt/lsdi/ocm02845216-423/ocm02845216/Output/0468.tif /mnt/lsdi/ocm02845216-423/ocm02845216/Output/0469.tif /mnt/lsdi/ocm02845216-423/ocm02845216/Output/0470.tif /mnt/lsdi/ocm02845216-423/ocm02845216/Output/0471.tif /mnt/lsdi/ocm02845216-423/ocm02845216/Output/0472.tif /mnt/lsdi/ocm02845216-423/ocm02845216/Output/0473.tif /mnt/lsdi/ocm02845216-423/ocm02845216/Output/0474.tif /mnt/lsdi/ocm02845216-423/ocm02845216/Output/0475.tif /mnt/lsdi/ocm02845216-423/ocm02845216/Output/0476.tif /mnt/lsdi/ocm02845216-423/ocm02845216/Output/0477.tif /mnt/lsdi/ocm02845216-423/ocm02845216/Output/0478.tif /mnt/lsdi/ocm02845216-423/ocm02845216/Output/0479.tif /mnt/lsdi/ocm02845216-423/ocm02845216/Output/0480.tif /mnt/lsdi/ocm02845216-423/ocm02845216/Output/0481.tif /mnt/lsdi/ocm02845216-423/ocm02845216/Output/0482.tif /mnt/lsdi/ocm02845216-423/ocm02845216/Output/0483.tif /mnt/lsdi/ocm02845216-423/ocm02845216/Output/0484.tif /mnt/lsdi/ocm02845216-423/ocm02845216/Output/0485.tif /mnt/lsdi/ocm02845216-423/ocm02845216/Output/0486.tif /mnt/lsdi/ocm02845216-423/ocm02845216/Output/0487.tif /mnt/lsdi/ocm02845216-423/ocm02845216/Output/0488.tif /mnt/lsdi/ocm02845216-423/ocm02845216/Output/0489.tif /mnt/lsdi/ocm02845216-423/ocm02845216/Output/0490.tif /mnt/lsdi/ocm02845216-423/ocm02845216/Output/0491.tif /mnt/lsdi/ocm02845216-423/ocm02845216/Output/0492.tif /mnt/lsdi/ocm02845216-423/ocm02845216/Output/0493.tif /mnt/lsdi/ocm02845216-423/ocm02845216/Output/0494.tif /mnt/lsdi/ocm02845216-423/ocm02845216/Output/0495.tif /mnt/lsdi/ocm02845216-423/ocm02845216/Output/0496.tif /mnt/lsdi/ocm02845216-423/ocm02845216/Output/0497.tif /mnt/lsdi/ocm02845216-423/ocm02845216/Output/0498.tif /mnt/lsdi/ocm02845216-423/ocm02845216/Output/0499.tif /mnt/lsdi/ocm02845216-423/ocm02845216/Output/0500.tif /mnt/lsdi/ocm02845216-423/ocm02845216/Output/0501.tif /mnt/lsdi/ocm02845216-423/ocm02845216/Output/0502.tif
  adding: mnt/lsdi/ocm02845216-423/ocm02845216/Output/0001.tif (deflated 100%)
  adding: mnt/lsdi/ocm02845216-423/ocm02845216/Output/0002.tif (deflated 100%)
  adding: mnt/lsdi/ocm02845216-423/ocm02845216/Output/0003.tif (deflated 71%)
  adding: mnt/lsdi/ocm02845216-423/ocm02845216/Output/0004.tif (deflated 100%)
  adding: mnt/lsdi/ocm02845216-423/ocm02845216/Output/0005.tif (deflated 100%)
  adding: mnt/lsdi/ocm02845216-423/ocm02845216/Output/0006.tif (deflated 96%)
  adding: mnt/lsdi/ocm02845216-423/ocm02845216/Output/0007.tif (deflated 32%)
  adding: mnt/lsdi/ocm02845216-423/ocm02845216/Output/0008.tif (deflated 5%)
  adding: mnt/lsdi/ocm02845216-423/ocm02845216/Output/0009.tif (deflated 4%)
  adding: mnt/lsdi/ocm02845216-423/ocm02845216/Output/0010.tif (deflated 4%)
  adding: mnt/lsdi/ocm02845216-423/ocm02845216/Output/0011.tif (deflated 4%)
  adding: mnt/lsdi/ocm02845216-423/ocm02845216/Output/0012.tif (deflated 3%)
  adding: mnt/lsdi/ocm02845216-423/ocm02845216/Output/0013.tif (deflated 3%)
  adding: mnt/lsdi/ocm02845216-423/ocm02845216/Output/0014.tif (deflated 98%)
  adding: mnt/lsdi/ocm02845216-423/ocm02845216/Output/0015.tif (deflated 4%)
  adding: mnt/lsdi/ocm02845216-423/ocm02845216/Output/0016.tif (deflated 98%)
  adding: mnt/lsdi/ocm02845216-423/ocm02845216/Output/0017.tif (deflated 94%)
  adding: mnt/lsdi/ocm02845216-423/ocm02845216/Output/0018.tif (deflated 4%)
  adding: mnt/lsdi/ocm02845216-423/ocm02845216/Output/0019.tif (deflated 98%)
  adding: mnt/lsdi/ocm02845216-423/ocm02845216/Output/0020.tif (deflated 100%)
  adding: mnt/lsdi/ocm02845216-423/ocm02845216/Output/0021.tif (deflated 18%)
  adding: mnt/lsdi/ocm02845216-423/ocm02845216/Output/0022.tif (deflated 71%)
  adding: mnt/lsdi/ocm02845216-423/ocm02845216/Output/0023.tif (deflated 100%)
  adding: mnt/lsdi/ocm02845216-423/ocm02845216/Output/0024.tif (deflated 80%)
  adding: mnt/lsdi/ocm02845216-423/ocm02845216/Output/0025.tif (deflated 4%)
  adding: mnt/lsdi/ocm02845216-423/ocm02845216/Output/0026.tif (deflated 63%)
  adding: mnt/lsdi/ocm02845216-423/ocm02845216/Output/0027.tif (deflated 100%)
  adding: mnt/lsdi/ocm02845216-423/ocm02845216/Output/0028.tif (deflated 79%)
  adding: mnt/lsdi/ocm02845216-423/ocm02845216/Output/0029.tif (deflated 5%)
  adding: mnt/lsdi/ocm02845216-423/ocm02845216/Output/0030.tif (deflated 98%)
  adding: mnt/lsdi/ocm02845216-423/ocm02845216/Output/0031.tif (deflated 98%)
  adding: mnt/lsdi/ocm02845216-423/ocm02845216/Output/0032.tif (deflated 95%)
  adding: mnt/lsdi/ocm02845216-423/ocm02845216/Output/0033.tif (deflated 100%)
  adding: mnt/lsdi/ocm02845216-423/ocm02845216/Output/0034.tif (deflated 4%)
  adding: mnt/lsdi/ocm02845216-423/ocm02845216/Output/0035.tif (deflated 4%)
  adding: mnt/lsdi/ocm02845216-423/ocm02845216/Output/0036.tif (deflated 86%)
  adding: mnt/lsdi/ocm02845216-423/ocm02845216/Output/0037.tif (deflated 4%)
  adding: mnt/lsdi/ocm02845216-423/ocm02845216/Output/0038.tif (deflated 92%)
  adding: mnt/lsdi/ocm02845216-423/ocm02845216/Output/0039.tif (deflated 80%)
  adding: mnt/lsdi/ocm02845216-423/ocm02845216/Output/0040.tif (deflated 4%)
  adding: mnt/lsdi/ocm02845216-423/ocm02845216/Output/0041.tif (deflated 82%)
  adding: mnt/lsdi/ocm02845216-423/ocm02845216/Output/0042.tif (deflated 87%)
  adding: mnt/lsdi/ocm02845216-423/ocm02845216/Output/0043.tif (deflated 92%)
  adding: mnt/lsdi/ocm02845216-423/ocm02845216/Output/0044.tif (deflated 89%)
  adding: mnt/lsdi/ocm02845216-423/ocm02845216/Output/0045.tif (deflated 81%)
  adding: mnt/lsdi/ocm02845216-423/ocm02845216/Output/0046.tif (deflated 93%)
  adding: mnt/lsdi/ocm02845216-423/ocm02845216/Output/0047.tif (deflated 98%)
  adding: mnt/lsdi/ocm02845216-423/ocm02845216/Output/0048.tif (deflated 4%)
  adding: mnt/lsdi/ocm02845216-423/ocm02845216/Output/0049.tif (deflated 97%)
  adding: mnt/lsdi/ocm02845216-423/ocm02845216/Output/0050.tif (deflated 69%)
  adding: mnt/lsdi/ocm02845216-423/ocm02845216/Output/0051.tif (deflated 100%)
  adding: mnt/lsdi/ocm02845216-423/ocm02845216/Output/0052.tif (deflated 98%)
  adding: mnt/lsdi/ocm02845216-423/ocm02845216/Output/0053.tif (deflated 98%)
  adding: mnt/lsdi/ocm02845216-423/ocm02845216/Output/0054.tif (deflated 98%)
  adding: mnt/lsdi/ocm02845216-423/ocm02845216/Output/0055.tif (deflated 4%)
  adding: mnt/lsdi/ocm02845216-423/ocm02845216/Output/0056.tif (deflated 4%)
  adding: mnt/lsdi/ocm02845216-423/ocm02845216/Output/0057.tif (deflated 97%)
  adding: mnt/lsdi/ocm02845216-423/ocm02845216/Output/0058.tif (deflated 4%)
  adding: mnt/lsdi/ocm02845216-423/ocm02845216/Output/0059.tif (deflated 89%)
  adding: mnt/lsdi/ocm02845216-423/ocm02845216/Output/0060.tif (deflated 4%)
  adding: mnt/lsdi/ocm02845216-423/ocm02845216/Output/0061.tif (deflated 98%)
  adding: mnt/lsdi/ocm02845216-423/ocm02845216/Output/0062.tif (deflated 94%)
  adding: mnt/lsdi/ocm02845216-423/ocm02845216/Output/0063.tif (deflated 98%)
  adding: mnt/lsdi/ocm02845216-423/ocm02845216/Output/0064.tif (deflated 95%)
  adding: mnt/lsdi/ocm02845216-423/ocm02845216/Output/0065.tif (deflated 89%)
  adding: mnt/lsdi/ocm02845216-423/ocm02845216/Output/0066.tif (deflated 4%)
  adding: mnt/lsdi/ocm02845216-423/ocm02845216/Output/0067.tif (deflated 99%)
  adding: mnt/lsdi/ocm02845216-423/ocm02845216/Output/0068.tif (deflated 4%)
  adding: mnt/lsdi/ocm02845216-423/ocm02845216/Output/0069.tif (deflated 4%)
  adding: mnt/lsdi/ocm02845216-423/ocm02845216/Output/0070.tif (deflated 100%)
  adding: mnt/lsdi/ocm02845216-423/ocm02845216/Output/0071.tif (deflated 20%)
  adding: mnt/lsdi/ocm02845216-423/ocm02845216/Output/0072.tif (deflated 71%)
  adding: mnt/lsdi/ocm02845216-423/ocm02845216/Output/0073.tif (deflated 100%)
  adding: mnt/lsdi/ocm02845216-423/ocm02845216/Output/0074.tif (deflated 84%)
  adding: mnt/lsdi/ocm02845216-423/ocm02845216/Output/0075.tif (deflated 4%)
  adding: mnt/lsdi/ocm02845216-423/ocm02845216/Output/0076.tif (deflated 98%)
  adding: mnt/lsdi/ocm02845216-423/ocm02845216/Output/0077.tif (deflated 5%)
  adding: mnt/lsdi/ocm02845216-423/ocm02845216/Output/0078.tif (deflated 91%)
  adding: mnt/lsdi/ocm02845216-423/ocm02845216/Output/0079.tif (deflated 94%)
  adding: mnt/lsdi/ocm02845216-423/ocm02845216/Output/0080.tif (deflated 95%)
  adding: mnt/lsdi/ocm02845216-423/ocm02845216/Output/0081.tif (deflated 100%)
  adding: mnt/lsdi/ocm02845216-423/ocm02845216/Output/0082.tif (deflated 98%)
  adding: mnt/lsdi/ocm02845216-423/ocm02845216/Output/0083.tif (deflated 4%)
  adding: mnt/lsdi/ocm02845216-423/ocm02845216/Output/0084.tif (deflated 98%)
  adding: mnt/lsdi/ocm02845216-423/ocm02845216/Output/0085.tif (deflated 4%)
  adding: mnt/lsdi/ocm02845216-423/ocm02845216/Output/0086.tif (deflated 4%)
  adding: mnt/lsdi/ocm02845216-423/ocm02845216/Output/0087.tif (deflated 87%)
  adding: mnt/lsdi/ocm02845216-423/ocm02845216/Output/0088.tif (deflated 5%)
  adding: mnt/lsdi/ocm02845216-423/ocm02845216/Output/0089.tif (deflated 98%)
  adding: mnt/lsdi/ocm02845216-423/ocm02845216/Output/0090.tif (deflated 98%)
  adding: mnt/lsdi/ocm02845216-423/ocm02845216/Output/0091.tif (deflated 4%)
  adding: mnt/lsdi/ocm02845216-423/ocm02845216/Output/0092.tif (deflated 87%)
  adding: mnt/lsdi/ocm02845216-423/ocm02845216/Output/0093.tif (deflated 4%)
  adding: mnt/lsdi/ocm02845216-423/ocm02845216/Output/0094.tif (deflated 77%)
  adding: mnt/lsdi/ocm02845216-423/ocm02845216/Output/0095.tif (deflated 4%)
  adding: mnt/lsdi/ocm02845216-423/ocm02845216/Output/0096.tif (deflated 97%)
  adding: mnt/lsdi/ocm02845216-423/ocm02845216/Output/0097.tif (deflated 4%)
  adding: mnt/lsdi/ocm02845216-423/ocm02845216/Output/0098.tif (deflated 4%)
  adding: mnt/lsdi/ocm02845216-423/ocm02845216/Output/0099.tif (deflated 92%)
  adding: mnt/lsdi/ocm02845216-423/ocm02845216/Output/0100.tif (deflated 4%)
  adding: mnt/lsdi/ocm02845216-423/ocm02845216/Output/0101.tif (deflated 4%)
  adding: mnt/lsdi/ocm02845216-423/ocm02845216/Output/0102.tif (deflated 98%)
  adding: mnt/lsdi/ocm02845216-423/ocm02845216/Output/0103.tif (deflated 4%)
  adding: mnt/lsdi/ocm02845216-423/ocm02845216/Output/0104.tif (deflated 100%)
  adding: mnt/lsdi/ocm02845216-423/ocm02845216/Output/0105.tif (deflated 21%)
  adding: mnt/lsdi/ocm02845216-423/ocm02845216/Output/0106.tif (deflated 69%)
  adding: mnt/lsdi/ocm02845216-423/ocm02845216/Output/0107.tif (deflated 100%)
  adding: mnt/lsdi/ocm02845216-423/ocm02845216/Output/0108.tif (deflated 98%)
  adding: mnt/lsdi/ocm02845216-423/ocm02845216/Output/0109.tif (deflated 4%)
  adding: mnt/lsdi/ocm02845216-423/ocm02845216/Output/0110.tif (deflated 98%)
  adding: mnt/lsdi/ocm02845216-423/ocm02845216/Output/0111.tif (deflated 93%)
  adding: mnt/lsdi/ocm02845216-423/ocm02845216/Output/0112.tif (deflated 4%)
  adding: mnt/lsdi/ocm02845216-423/ocm02845216/Output/0113.tif (deflated 86%)
  adding: mnt/lsdi/ocm02845216-423/ocm02845216/Output/0114.tif (deflated 4%)
  adding: mnt/lsdi/ocm02845216-423/ocm02845216/Output/0115.tif (deflated 4%)
  adding: mnt/lsdi/ocm02845216-423/ocm02845216/Output/0116.tif (deflated 4%)
  adding: mnt/lsdi/ocm02845216-423/ocm02845216/Output/0117.tif (deflated 95%)
  adding: mnt/lsdi/ocm02845216-423/ocm02845216/Output/0118.tif (deflated 94%)
  adding: mnt/lsdi/ocm02845216-423/ocm02845216/Output/0119.tif (deflated 4%)
  adding: mnt/lsdi/ocm02845216-423/ocm02845216/Output/0120.tif (deflated 4%)
  adding: mnt/lsdi/ocm02845216-423/ocm02845216/Output/0121.tif (deflated 4%)
  adding: mnt/lsdi/ocm02845216-423/ocm02845216/Output/0122.tif (deflated 98%)
  adding: mnt/lsdi/ocm02845216-423/ocm02845216/Output/0123.tif (deflated 4%)
  adding: mnt/lsdi/ocm02845216-423/ocm02845216/Output/0124.tif (deflated 98%)
  adding: mnt/lsdi/ocm02845216-423/ocm02845216/Output/0125.tif (deflated 93%)
  adding: mnt/lsdi/ocm02845216-423/ocm02845216/Output/0126.tif (deflated 4%)
  adding: mnt/lsdi/ocm02845216-423/ocm02845216/Output/0127.tif (deflated 98%)
  adding: mnt/lsdi/ocm02845216-423/ocm02845216/Output/0128.tif (deflated 4%)
  adding: mnt/lsdi/ocm02845216-423/ocm02845216/Output/0129.tif (deflated 98%)
  adding: mnt/lsdi/ocm02845216-423/ocm02845216/Output/0130.tif (deflated 4%)
  adding: mnt/lsdi/ocm02845216-423/ocm02845216/Output/0131.tif (deflated 4%)
  adding: mnt/lsdi/ocm02845216-423/ocm02845216/Output/0132.tif (deflated 98%)
  adding: mnt/lsdi/ocm02845216-423/ocm02845216/Output/0133.tif (deflated 4%)
  adding: mnt/lsdi/ocm02845216-423/ocm02845216/Output/0134.tif (deflated 98%)
  adding: mnt/lsdi/ocm02845216-423/ocm02845216/Output/0135.tif (deflated 4%)
  adding: mnt/lsdi/ocm02845216-423/ocm02845216/Output/0136.tif (deflated 86%)
  adding: mnt/lsdi/ocm02845216-423/ocm02845216/Output/0137.tif (deflated 4%)
  adding: mnt/lsdi/ocm02845216-423/ocm02845216/Output/0138.tif (deflated 4%)
  adding: mnt/lsdi/ocm02845216-423/ocm02845216/Output/0139.tif (deflated 5%)
  adding: mnt/lsdi/ocm02845216-423/ocm02845216/Output/0140.tif (deflated 98%)
  adding: mnt/lsdi/ocm02845216-423/ocm02845216/Output/0141.tif (deflated 4%)
  adding: mnt/lsdi/ocm02845216-423/ocm02845216/Output/0142.tif (deflated 4%)
  adding: mnt/lsdi/ocm02845216-423/ocm02845216/Output/0143.tif (deflated 82%)
  adding: mnt/lsdi/ocm02845216-423/ocm02845216/Output/0144.tif (deflated 4%)
  adding: mnt/lsdi/ocm02845216-423/ocm02845216/Output/0145.tif (deflated 4%)
  adding: mnt/lsdi/ocm02845216-423/ocm02845216/Output/0146.tif (deflated 4%)
  adding: mnt/lsdi/ocm02845216-423/ocm02845216/Output/0147.tif (deflated 5%)
  adding: mnt/lsdi/ocm02845216-423/ocm02845216/Output/0148.tif (deflated 91%)
  adding: mnt/lsdi/ocm02845216-423/ocm02845216/Output/0149.tif (deflated 83%)
  adding: mnt/lsdi/ocm02845216-423/ocm02845216/Output/0150.tif (deflated 4%)
  adding: mnt/lsdi/ocm02845216-423/ocm02845216/Output/0151.tif (deflated 98%)
  adding: mnt/lsdi/ocm02845216-423/ocm02845216/Output/0152.tif (deflated 4%)
  adding: mnt/lsdi/ocm02845216-423/ocm02845216/Output/0153.tif (deflated 94%)
  adding: mnt/lsdi/ocm02845216-423/ocm02845216/Output/0154.tif (deflated 97%)
  adding: mnt/lsdi/ocm02845216-423/ocm02845216/Output/0155.tif (deflated 4%)
  adding: mnt/lsdi/ocm02845216-423/ocm02845216/Output/0156.tif (deflated 98%)
  adding: mnt/lsdi/ocm02845216-423/ocm02845216/Output/0157.tif (deflated 4%)
  adding: mnt/lsdi/ocm02845216-423/ocm02845216/Output/0158.tif (deflated 98%)
  adding: mnt/lsdi/ocm02845216-423/ocm02845216/Output/0159.tif (deflated 81%)
  adding: mnt/lsdi/ocm02845216-423/ocm02845216/Output/0160.tif (deflated 4%)
  adding: mnt/lsdi/ocm02845216-423/ocm02845216/Output/0161.tif (deflated 98%)
  adding: mnt/lsdi/ocm02845216-423/ocm02845216/Output/0162.tif (deflated 4%)
  adding: mnt/lsdi/ocm02845216-423/ocm02845216/Output/0163.tif (deflated 76%)
  adding: mnt/lsdi/ocm02845216-423/ocm02845216/Output/0164.tif (deflated 98%)
  adding: mnt/lsdi/ocm02845216-423/ocm02845216/Output/0165.tif (deflated 4%)
  adding: mnt/lsdi/ocm02845216-423/ocm02845216/Output/0166.tif (deflated 6%)
  adding: mnt/lsdi/ocm02845216-423/ocm02845216/Output/0167.tif (deflated 98%)
  adding: mnt/lsdi/ocm02845216-423/ocm02845216/Output/0168.tif (deflated 4%)
  adding: mnt/lsdi/ocm02845216-423/ocm02845216/Output/0169.tif (deflated 4%)
  adding: mnt/lsdi/ocm02845216-423/ocm02845216/Output/0170.tif (deflated 4%)
  adding: mnt/lsdi/ocm02845216-423/ocm02845216/Output/0171.tif (deflated 4%)
  adding: mnt/lsdi/ocm02845216-423/ocm02845216/Output/0172.tif (deflated 4%)
  adding: mnt/lsdi/ocm02845216-423/ocm02845216/Output/0173.tif (deflated 4%)
  adding: mnt/lsdi/ocm02845216-423/ocm02845216/Output/0174.tif (deflated 4%)
  adding: mnt/lsdi/ocm02845216-423/ocm02845216/Output/0175.tif (deflated 98%)
  adding: mnt/lsdi/ocm02845216-423/ocm02845216/Output/0176.tif (deflated 98%)
  adding: mnt/lsdi/ocm02845216-423/ocm02845216/Output/0177.tif (deflated 4%)
  adding: mnt/lsdi/ocm02845216-423/ocm02845216/Output/0178.tif (deflated 98%)
  adding: mnt/lsdi/ocm02845216-423/ocm02845216/Output/0179.tif (deflated 4%)
  adding: mnt/lsdi/ocm02845216-423/ocm02845216/Output/0180.tif (deflated 4%)
  adding: mnt/lsdi/ocm02845216-423/ocm02845216/Output/0181.tif (deflated 4%)
  adding: mnt/lsdi/ocm02845216-423/ocm02845216/Output/0182.tif (deflated 4%)
  adding: mnt/lsdi/ocm02845216-423/ocm02845216/Output/0183.tif (deflated 4%)
  adding: mnt/lsdi/ocm02845216-423/ocm02845216/Output/0184.tif (deflated 4%)
  adding: mnt/lsdi/ocm02845216-423/ocm02845216/Output/0185.tif (deflated 4%)
  adding: mnt/lsdi/ocm02845216-423/ocm02845216/Output/0186.tif (deflated 81%)
  adding: mnt/lsdi/ocm02845216-423/ocm02845216/Output/0187.tif (deflated 4%)
  adding: mnt/lsdi/ocm02845216-423/ocm02845216/Output/0188.tif (deflated 98%)
  adding: mnt/lsdi/ocm02845216-423/ocm02845216/Output/0189.tif (deflated 98%)
  adding: mnt/lsdi/ocm02845216-423/ocm02845216/Output/0190.tif (deflated 4%)
  adding: mnt/lsdi/ocm02845216-423/ocm02845216/Output/0191.tif (deflated 78%)
  adding: mnt/lsdi/ocm02845216-423/ocm02845216/Output/0192.tif (deflated 4%)
  adding: mnt/lsdi/ocm02845216-423/ocm02845216/Output/0193.tif (deflated 4%)
  adding: mnt/lsdi/ocm02845216-423/ocm02845216/Output/0194.tif (deflated 98%)
  adding: mnt/lsdi/ocm02845216-423/ocm02845216/Output/0195.tif (deflated 4%)
  adding: mnt/lsdi/ocm02845216-423/ocm02845216/Output/0196.tif (deflated 81%)
  adding: mnt/lsdi/ocm02845216-423/ocm02845216/Output/0197.tif (deflated 100%)
  adding: mnt/lsdi/ocm02845216-423/ocm02845216/Output/0198.tif (deflated 98%)
  adding: mnt/lsdi/ocm02845216-423/ocm02845216/Output/0199.tif (deflated 5%)
  adding: mnt/lsdi/ocm02845216-423/ocm02845216/Output/0200.tif (deflated 98%)
  adding: mnt/lsdi/ocm02845216-423/ocm02845216/Output/0201.tif (deflated 4%)
  adding: mnt/lsdi/ocm02845216-423/ocm02845216/Output/0202.tif (deflated 98%)
  adding: mnt/lsdi/ocm02845216-423/ocm02845216/Output/0203.tif (deflated 4%)
  adding: mnt/lsdi/ocm02845216-423/ocm02845216/Output/0204.tif (deflated 4%)
  adding: mnt/lsdi/ocm02845216-423/ocm02845216/Output/0205.tif (deflated 4%)
  adding: mnt/lsdi/ocm02845216-423/ocm02845216/Output/0206.tif (deflated 4%)
  adding: mnt/lsdi/ocm02845216-423/ocm02845216/Output/0207.tif (deflated 81%)
  adding: mnt/lsdi/ocm02845216-423/ocm02845216/Output/0208.tif (deflated 98%)
  adding: mnt/lsdi/ocm02845216-423/ocm02845216/Output/0209.tif (deflated 4%)
  adding: mnt/lsdi/ocm02845216-423/ocm02845216/Output/0210.tif (deflated 4%)
  adding: mnt/lsdi/ocm02845216-423/ocm02845216/Output/0211.tif (deflated 4%)
  adding: mnt/lsdi/ocm02845216-423/ocm02845216/Output/0212.tif (deflated 81%)
  adding: mnt/lsdi/ocm02845216-423/ocm02845216/Output/0213.tif (deflated 4%)
  adding: mnt/lsdi/ocm02845216-423/ocm02845216/Output/0214.tif (deflated 98%)
  adding: mnt/lsdi/ocm02845216-423/ocm02845216/Output/0215.tif (deflated 4%)
  adding: mnt/lsdi/ocm02845216-423/ocm02845216/Output/0216.tif (deflated 81%)
  adding: mnt/lsdi/ocm02845216-423/ocm02845216/Output/0217.tif (deflated 4%)
  adding: mnt/lsdi/ocm02845216-423/ocm02845216/Output/0218.tif (deflated 98%)
  adding: mnt/lsdi/ocm02845216-423/ocm02845216/Output/0219.tif (deflated 4%)
  adding: mnt/lsdi/ocm02845216-423/ocm02845216/Output/0220.tif (deflated 98%)
  adding: mnt/lsdi/ocm02845216-423/ocm02845216/Output/0221.tif (deflated 97%)
  adding: mnt/lsdi/ocm02845216-423/ocm02845216/Output/0222.tif (deflated 4%)
  adding: mnt/lsdi/ocm02845216-423/ocm02845216/Output/0223.tif (deflated 4%)
  adding: mnt/lsdi/ocm02845216-423/ocm02845216/Output/0224.tif (deflated 4%)
  adding: mnt/lsdi/ocm02845216-423/ocm02845216/Output/0225.tif (deflated 4%)
  adding: mnt/lsdi/ocm02845216-423/ocm02845216/Output/0226.tif (deflated 4%)
  adding: mnt/lsdi/ocm02845216-423/ocm02845216/Output/0227.tif (deflated 4%)
  adding: mnt/lsdi/ocm02845216-423/ocm02845216/Output/0228.tif (deflated 4%)
  adding: mnt/lsdi/ocm02845216-423/ocm02845216/Output/0229.tif (deflated 4%)
  adding: mnt/lsdi/ocm02845216-423/ocm02845216/Output/0230.tif (deflated 98%)
  adding: mnt/lsdi/ocm02845216-423/ocm02845216/Output/0231.tif (deflated 4%)
  adding: mnt/lsdi/ocm02845216-423/ocm02845216/Output/0232.tif (deflated 88%)
  adding: mnt/lsdi/ocm02845216-423/ocm02845216/Output/0233.tif (deflated 4%)
  adding: mnt/lsdi/ocm02845216-423/ocm02845216/Output/0234.tif (deflated 95%)
  adding: mnt/lsdi/ocm02845216-423/ocm02845216/Output/0235.tif (deflated 97%)
  adding: mnt/lsdi/ocm02845216-423/ocm02845216/Output/0236.tif (deflated 4%)
  adding: mnt/lsdi/ocm02845216-423/ocm02845216/Output/0237.tif (deflated 91%)
  adding: mnt/lsdi/ocm02845216-423/ocm02845216/Output/0238.tif (deflated 76%)
  adding: mnt/lsdi/ocm02845216-423/ocm02845216/Output/0239.tif (deflated 100%)
  adding: mnt/lsdi/ocm02845216-423/ocm02845216/Output/0240.tif (deflated 4%)
  adding: mnt/lsdi/ocm02845216-423/ocm02845216/Output/0241.tif (deflated 98%)
  adding: mnt/lsdi/ocm02845216-423/ocm02845216/Output/0242.tif (deflated 4%)
  adding: mnt/lsdi/ocm02845216-423/ocm02845216/Output/0243.tif (deflated 4%)
  adding: mnt/lsdi/ocm02845216-423/ocm02845216/Output/0244.tif (deflated 4%)
  adding: mnt/lsdi/ocm02845216-423/ocm02845216/Output/0245.tif (deflated 4%)
  adding: mnt/lsdi/ocm02845216-423/ocm02845216/Output/0246.tif (deflated 4%)
  adding: mnt/lsdi/ocm02845216-423/ocm02845216/Output/0247.tif (deflated 4%)
  adding: mnt/lsdi/ocm02845216-423/ocm02845216/Output/0248.tif (deflated 94%)
  adding: mnt/lsdi/ocm02845216-423/ocm02845216/Output/0249.tif (deflated 4%)
  adding: mnt/lsdi/ocm02845216-423/ocm02845216/Output/0250.tif (deflated 100%)
  adding: mnt/lsdi/ocm02845216-423/ocm02845216/Output/0251.tif (deflated 22%)
  adding: mnt/lsdi/ocm02845216-423/ocm02845216/Output/0252.tif (deflated 75%)
  adding: mnt/lsdi/ocm02845216-423/ocm02845216/Output/0253.tif (deflated 100%)
  adding: mnt/lsdi/ocm02845216-423/ocm02845216/Output/0254.tif (deflated 4%)
  adding: mnt/lsdi/ocm02845216-423/ocm02845216/Output/0255.tif (deflated 4%)
  adding: mnt/lsdi/ocm02845216-423/ocm02845216/Output/0256.tif (deflated 4%)
  adding: mnt/lsdi/ocm02845216-423/ocm02845216/Output/0257.tif (deflated 4%)
  adding: mnt/lsdi/ocm02845216-423/ocm02845216/Output/0258.tif (deflated 4%)
  adding: mnt/lsdi/ocm02845216-423/ocm02845216/Output/0259.tif (deflated 4%)
  adding: mnt/lsdi/ocm02845216-423/ocm02845216/Output/0260.tif (deflated 6%)
  adding: mnt/lsdi/ocm02845216-423/ocm02845216/Output/0261.tif (deflated 98%)
  adding: mnt/lsdi/ocm02845216-423/ocm02845216/Output/0262.tif (deflated 4%)
  adding: mnt/lsdi/ocm02845216-423/ocm02845216/Output/0263.tif (deflated 4%)
  adding: mnt/lsdi/ocm02845216-423/ocm02845216/Output/0264.tif (deflated 4%)
  adding: mnt/lsdi/ocm02845216-423/ocm02845216/Output/0265.tif (deflated 82%)
  adding: mnt/lsdi/ocm02845216-423/ocm02845216/Output/0266.tif (deflated 4%)
  adding: mnt/lsdi/ocm02845216-423/ocm02845216/Output/0267.tif (deflated 4%)
  adding: mnt/lsdi/ocm02845216-423/ocm02845216/Output/0268.tif (deflated 86%)
  adding: mnt/lsdi/ocm02845216-423/ocm02845216/Output/0269.tif (deflated 4%)
  adding: mnt/lsdi/ocm02845216-423/ocm02845216/Output/0270.tif (deflated 98%)
  adding: mnt/lsdi/ocm02845216-423/ocm02845216/Output/0271.tif (deflated 83%)
  adding: mnt/lsdi/ocm02845216-423/ocm02845216/Output/0272.tif (deflated 4%)
  adding: mnt/lsdi/ocm02845216-423/ocm02845216/Output/0273.tif (deflated 91%)
  adding: mnt/lsdi/ocm02845216-423/ocm02845216/Output/0274.tif (deflated 4%)
  adding: mnt/lsdi/ocm02845216-423/ocm02845216/Output/0275.tif (deflated 4%)
  adding: mnt/lsdi/ocm02845216-423/ocm02845216/Output/0276.tif (deflated 4%)
  adding: mnt/lsdi/ocm02845216-423/ocm02845216/Output/0277.tif (deflated 4%)
  adding: mnt/lsdi/ocm02845216-423/ocm02845216/Output/0278.tif (deflated 4%)
  adding: mnt/lsdi/ocm02845216-423/ocm02845216/Output/0279.tif (deflated 4%)
  adding: mnt/lsdi/ocm02845216-423/ocm02845216/Output/0280.tif (deflated 4%)
  adding: mnt/lsdi/ocm02845216-423/ocm02845216/Output/0281.tif (deflated 6%)
  adding: mnt/lsdi/ocm02845216-423/ocm02845216/Output/0282.tif (deflated 98%)
  adding: mnt/lsdi/ocm02845216-423/ocm02845216/Output/0283.tif (deflated 98%)
  adding: mnt/lsdi/ocm02845216-423/ocm02845216/Output/0284.tif (deflated 4%)
  adding: mnt/lsdi/ocm02845216-423/ocm02845216/Output/0285.tif (deflated 98%)
  adding: mnt/lsdi/ocm02845216-423/ocm02845216/Output/0286.tif (deflated 4%)
  adding: mnt/lsdi/ocm02845216-423/ocm02845216/Output/0287.tif (deflated 97%)
  adding: mnt/lsdi/ocm02845216-423/ocm02845216/Output/0288.tif (deflated 82%)
  adding: mnt/lsdi/ocm02845216-423/ocm02845216/Output/0289.tif (deflated 4%)
  adding: mnt/lsdi/ocm02845216-423/ocm02845216/Output/0290.tif (deflated 94%)
  adding: mnt/lsdi/ocm02845216-423/ocm02845216/Output/0291.tif (deflated 4%)
  adding: mnt/lsdi/ocm02845216-423/ocm02845216/Output/0292.tif (deflated 4%)
  adding: mnt/lsdi/ocm02845216-423/ocm02845216/Output/0293.tif (deflated 98%)
  adding: mnt/lsdi/ocm02845216-423/ocm02845216/Output/0294.tif (deflated 4%)
  adding: mnt/lsdi/ocm02845216-423/ocm02845216/Output/0295.tif (deflated 81%)
  adding: mnt/lsdi/ocm02845216-423/ocm02845216/Output/0296.tif (deflated 4%)
  adding: mnt/lsdi/ocm02845216-423/ocm02845216/Output/0297.tif (deflated 85%)
  adding: mnt/lsdi/ocm02845216-423/ocm02845216/Output/0298.tif (deflated 4%)
  adding: mnt/lsdi/ocm02845216-423/ocm02845216/Output/0299.tif (deflated 86%)
  adding: mnt/lsdi/ocm02845216-423/ocm02845216/Output/0300.tif (deflated 4%)
  adding: mnt/lsdi/ocm02845216-423/ocm02845216/Output/0301.tif (deflated 93%)
  adding: mnt/lsdi/ocm02845216-423/ocm02845216/Output/0302.tif (deflated 4%)
  adding: mnt/lsdi/ocm02845216-423/ocm02845216/Output/0303.tif (deflated 5%)
  adding: mnt/lsdi/ocm02845216-423/ocm02845216/Output/0304.tif (deflated 98%)
  adding: mnt/lsdi/ocm02845216-423/ocm02845216/Output/0305.tif (deflated 4%)
  adding: mnt/lsdi/ocm02845216-423/ocm02845216/Output/0306.tif (deflated 4%)
  adding: mnt/lsdi/ocm02845216-423/ocm02845216/Output/0307.tif (deflated 77%)
  adding: mnt/lsdi/ocm02845216-423/ocm02845216/Output/0308.tif (deflated 4%)
  adding: mnt/lsdi/ocm02845216-423/ocm02845216/Output/0309.tif (deflated 4%)
  adding: mnt/lsdi/ocm02845216-423/ocm02845216/Output/0310.tif (deflated 4%)
  adding: mnt/lsdi/ocm02845216-423/ocm02845216/Output/0311.tif (deflated 88%)
  adding: mnt/lsdi/ocm02845216-423/ocm02845216/Output/0312.tif (deflated 4%)
  adding: mnt/lsdi/ocm02845216-423/ocm02845216/Output/0313.tif (deflated 4%)
  adding: mnt/lsdi/ocm02845216-423/ocm02845216/Output/0314.tif (deflated 4%)
  adding: mnt/lsdi/ocm02845216-423/ocm02845216/Output/0315.tif (deflated 4%)
  adding: mnt/lsdi/ocm02845216-423/ocm02845216/Output/0316.tif (deflated 5%)
  adding: mnt/lsdi/ocm02845216-423/ocm02845216/Output/0317.tif (deflated 93%)
  adding: mnt/lsdi/ocm02845216-423/ocm02845216/Output/0318.tif (deflated 90%)
  adding: mnt/lsdi/ocm02845216-423/ocm02845216/Output/0319.tif (deflated 4%)
  adding: mnt/lsdi/ocm02845216-423/ocm02845216/Output/0320.tif (deflated 85%)
  adding: mnt/lsdi/ocm02845216-423/ocm02845216/Output/0321.tif (deflated 4%)
  adding: mnt/lsdi/ocm02845216-423/ocm02845216/Output/0322.tif (deflated 4%)
  adding: mnt/lsdi/ocm02845216-423/ocm02845216/Output/0323.tif (deflated 4%)
  adding: mnt/lsdi/ocm02845216-423/ocm02845216/Output/0324.tif (deflated 4%)
  adding: mnt/lsdi/ocm02845216-423/ocm02845216/Output/0325.tif (deflated 4%)
  adding: mnt/lsdi/ocm02845216-423/ocm02845216/Output/0326.tif (deflated 98%)
  adding: mnt/lsdi/ocm02845216-423/ocm02845216/Output/0327.tif (deflated 87%)
  adding: mnt/lsdi/ocm02845216-423/ocm02845216/Output/0328.tif (deflated 4%)
  adding: mnt/lsdi/ocm02845216-423/ocm02845216/Output/0329.tif (deflated 4%)
  adding: mnt/lsdi/ocm02845216-423/ocm02845216/Output/0330.tif (deflated 98%)
  adding: mnt/lsdi/ocm02845216-423/ocm02845216/Output/0331.tif (deflated 4%)
  adding: mnt/lsdi/ocm02845216-423/ocm02845216/Output/0332.tif (deflated 66%)
  adding: mnt/lsdi/ocm02845216-423/ocm02845216/Output/0333.tif (deflated 100%)
  adding: mnt/lsdi/ocm02845216-423/ocm02845216/Output/0334.tif (deflated 4%)
  adding: mnt/lsdi/ocm02845216-423/ocm02845216/Output/0335.tif (deflated 95%)
  adding: mnt/lsdi/ocm02845216-423/ocm02845216/Output/0336.tif (deflated 4%)
  adding: mnt/lsdi/ocm02845216-423/ocm02845216/Output/0337.tif (deflated 94%)
  adding: mnt/lsdi/ocm02845216-423/ocm02845216/Output/0338.tif (deflated 94%)
  adding: mnt/lsdi/ocm02845216-423/ocm02845216/Output/0339.tif (deflated 4%)
  adding: mnt/lsdi/ocm02845216-423/ocm02845216/Output/0340.tif (deflated 95%)
  adding: mnt/lsdi/ocm02845216-423/ocm02845216/Output/0341.tif (deflated 4%)
  adding: mnt/lsdi/ocm02845216-423/ocm02845216/Output/0342.tif (deflated 82%)
  adding: mnt/lsdi/ocm02845216-423/ocm02845216/Output/0343.tif (deflated 4%)
  adding: mnt/lsdi/ocm02845216-423/ocm02845216/Output/0344.tif (deflated 3%)
  adding: mnt/lsdi/ocm02845216-423/ocm02845216/Output/0345.tif (deflated 96%)
  adding: mnt/lsdi/ocm02845216-423/ocm02845216/Output/0346.tif (deflated 4%)
  adding: mnt/lsdi/ocm02845216-423/ocm02845216/Output/0347.tif (deflated 4%)
  adding: mnt/lsdi/ocm02845216-423/ocm02845216/Output/0348.tif (deflated 4%)
  adding: mnt/lsdi/ocm02845216-423/ocm02845216/Output/0349.tif (deflated 93%)
  adding: mnt/lsdi/ocm02845216-423/ocm02845216/Output/0350.tif (deflated 4%)
  adding: mnt/lsdi/ocm02845216-423/ocm02845216/Output/0351.tif (deflated 4%)
  adding: mnt/lsdi/ocm02845216-423/ocm02845216/Output/0352.tif (deflated 4%)
  adding: mnt/lsdi/ocm02845216-423/ocm02845216/Output/0353.tif (deflated 4%)
  adding: mnt/lsdi/ocm02845216-423/ocm02845216/Output/0354.tif (deflated 4%)
  adding: mnt/lsdi/ocm02845216-423/ocm02845216/Output/0355.tif (deflated 5%)
  adding: mnt/lsdi/ocm02845216-423/ocm02845216/Output/0356.tif (deflated 98%)
  adding: mnt/lsdi/ocm02845216-423/ocm02845216/Output/0357.tif (deflated 4%)
  adding: mnt/lsdi/ocm02845216-423/ocm02845216/Output/0358.tif (deflated 95%)
  adding: mnt/lsdi/ocm02845216-423/ocm02845216/Output/0359.tif (deflated 98%)
  adding: mnt/lsdi/ocm02845216-423/ocm02845216/Output/0360.tif (deflated 98%)
  adding: mnt/lsdi/ocm02845216-423/ocm02845216/Output/0361.tif (deflated 86%)
  adding: mnt/lsdi/ocm02845216-423/ocm02845216/Output/0362.tif (deflated 98%)
  adding: mnt/lsdi/ocm02845216-423/ocm02845216/Output/0363.tif (deflated 85%)
  adding: mnt/lsdi/ocm02845216-423/ocm02845216/Output/0364.tif (deflated 4%)
  adding: mnt/lsdi/ocm02845216-423/ocm02845216/Output/0365.tif (deflated 89%)
  adding: mnt/lsdi/ocm02845216-423/ocm02845216/Output/0366.tif (deflated 98%)
  adding: mnt/lsdi/ocm02845216-423/ocm02845216/Output/0367.tif (deflated 98%)
  adding: mnt/lsdi/ocm02845216-423/ocm02845216/Output/0368.tif (deflated 98%)
  adding: mnt/lsdi/ocm02845216-423/ocm02845216/Output/0369.tif (deflated 4%)
  adding: mnt/lsdi/ocm02845216-423/ocm02845216/Output/0370.tif (deflated 98%)
  adding: mnt/lsdi/ocm02845216-423/ocm02845216/Output/0371.tif (deflated 95%)
  adding: mnt/lsdi/ocm02845216-423/ocm02845216/Output/0372.tif (deflated 98%)
  adding: mnt/lsdi/ocm02845216-423/ocm02845216/Output/0373.tif (deflated 98%)
  adding: mnt/lsdi/ocm02845216-423/ocm02845216/Output/0374.tif (deflated 98%)
  adding: mnt/lsdi/ocm02845216-423/ocm02845216/Output/0375.tif (deflated 98%)
  adding: mnt/lsdi/ocm02845216-423/ocm02845216/Output/0376.tif (deflated 6%)
  adding: mnt/lsdi/ocm02845216-423/ocm02845216/Output/0377.tif (deflated 94%)
  adding: mnt/lsdi/ocm02845216-423/ocm02845216/Output/0378.tif (deflated 96%)
  adding: mnt/lsdi/ocm02845216-423/ocm02845216/Output/0379.tif (deflated 4%)
  adding: mnt/lsdi/ocm02845216-423/ocm02845216/Output/0380.tif (deflated 77%)
  adding: mnt/lsdi/ocm02845216-423/ocm02845216/Output/0381.tif (deflated 4%)
  adding: mnt/lsdi/ocm02845216-423/ocm02845216/Output/0382.tif (deflated 98%)
  adding: mnt/lsdi/ocm02845216-423/ocm02845216/Output/0383.tif (deflated 80%)
  adding: mnt/lsdi/ocm02845216-423/ocm02845216/Output/0384.tif (deflated 4%)
  adding: mnt/lsdi/ocm02845216-423/ocm02845216/Output/0385.tif (deflated 6%)
  adding: mnt/lsdi/ocm02845216-423/ocm02845216/Output/0386.tif (deflated 98%)
  adding: mnt/lsdi/ocm02845216-423/ocm02845216/Output/0387.tif (deflated 4%)
  adding: mnt/lsdi/ocm02845216-423/ocm02845216/Output/0388.tif (deflated 98%)
  adding: mnt/lsdi/ocm02845216-423/ocm02845216/Output/0389.tif (deflated 4%)
  adding: mnt/lsdi/ocm02845216-423/ocm02845216/Output/0390.tif (deflated 98%)
  adding: mnt/lsdi/ocm02845216-423/ocm02845216/Output/0391.tif (deflated 4%)
  adding: mnt/lsdi/ocm02845216-423/ocm02845216/Output/0392.tif (deflated 83%)
  adding: mnt/lsdi/ocm02845216-423/ocm02845216/Output/0393.tif (deflated 4%)
  adding: mnt/lsdi/ocm02845216-423/ocm02845216/Output/0394.tif (deflated 4%)
  adding: mnt/lsdi/ocm02845216-423/ocm02845216/Output/0395.tif (deflated 4%)
  adding: mnt/lsdi/ocm02845216-423/ocm02845216/Output/0396.tif (deflated 4%)
  adding: mnt/lsdi/ocm02845216-423/ocm02845216/Output/0397.tif (deflated 4%)
  adding: mnt/lsdi/ocm02845216-423/ocm02845216/Output/0398.tif (deflated 6%)
  adding: mnt/lsdi/ocm02845216-423/ocm02845216/Output/0399.tif (deflated 93%)
  adding: mnt/lsdi/ocm02845216-423/ocm02845216/Output/0400.tif (deflated 4%)
  adding: mnt/lsdi/ocm02845216-423/ocm02845216/Output/0401.tif (deflated 4%)
  adding: mnt/lsdi/ocm02845216-423/ocm02845216/Output/0402.tif (deflated 77%)
  adding: mnt/lsdi/ocm02845216-423/ocm02845216/Output/0403.tif (deflated 4%)
  adding: mnt/lsdi/ocm02845216-423/ocm02845216/Output/0404.tif (deflated 4%)
  adding: mnt/lsdi/ocm02845216-423/ocm02845216/Output/0405.tif (deflated 4%)
  adding: mnt/lsdi/ocm02845216-423/ocm02845216/Output/0406.tif (deflated 94%)
  adding: mnt/lsdi/ocm02845216-423/ocm02845216/Output/0407.tif (deflated 4%)
  adding: mnt/lsdi/ocm02845216-423/ocm02845216/Output/0408.tif (deflated 4%)
  adding: mnt/lsdi/ocm02845216-423/ocm02845216/Output/0409.tif (deflated 4%)
  adding: mnt/lsdi/ocm02845216-423/ocm02845216/Output/0410.tif (deflated 83%)
  adding: mnt/lsdi/ocm02845216-423/ocm02845216/Output/0411.tif (deflated 4%)
  adding: mnt/lsdi/ocm02845216-423/ocm02845216/Output/0412.tif (deflated 82%)
  adding: mnt/lsdi/ocm02845216-423/ocm02845216/Output/0413.tif (deflated 4%)
  adding: mnt/lsdi/ocm02845216-423/ocm02845216/Output/0414.tif (deflated 4%)
  adding: mnt/lsdi/ocm02845216-423/ocm02845216/Output/0415.tif (deflated 98%)
  adding: mnt/lsdi/ocm02845216-423/ocm02845216/Output/0416.tif (deflated 98%)
  adding: mnt/lsdi/ocm02845216-423/ocm02845216/Output/0417.tif (deflated 82%)
  adding: mnt/lsdi/ocm02845216-423/ocm02845216/Output/0418.tif (deflated 98%)
  adding: mnt/lsdi/ocm02845216-423/ocm02845216/Output/0419.tif (deflated 4%)
  adding: mnt/lsdi/ocm02845216-423/ocm02845216/Output/0420.tif (deflated 4%)
  adding: mnt/lsdi/ocm02845216-423/ocm02845216/Output/0421.tif (deflated 94%)
  adding: mnt/lsdi/ocm02845216-423/ocm02845216/Output/0422.tif (deflated 82%)
  adding: mnt/lsdi/ocm02845216-423/ocm02845216/Output/0423.tif (deflated 4%)
  adding: mnt/lsdi/ocm02845216-423/ocm02845216/Output/0424.tif (deflated 97%)
  adding: mnt/lsdi/ocm02845216-423/ocm02845216/Output/0425.tif (deflated 94%)
  adding: mnt/lsdi/ocm02845216-423/ocm02845216/Output/0426.tif (deflated 85%)
  adding: mnt/lsdi/ocm02845216-423/ocm02845216/Output/0427.tif (deflated 4%)
  adding: mnt/lsdi/ocm02845216-423/ocm02845216/Output/0428.tif (deflated 85%)
  adding: mnt/lsdi/ocm02845216-423/ocm02845216/Output/0429.tif (deflated 4%)
  adding: mnt/lsdi/ocm02845216-423/ocm02845216/Output/0430.tif (deflated 98%)
  adding: mnt/lsdi/ocm02845216-423/ocm02845216/Output/0431.tif (deflated 4%)
  adding: mnt/lsdi/ocm02845216-423/ocm02845216/Output/0432.tif (deflated 4%)
  adding: mnt/lsdi/ocm02845216-423/ocm02845216/Output/0433.tif (deflated 4%)
  adding: mnt/lsdi/ocm02845216-423/ocm02845216/Output/0434.tif (deflated 6%)
  adding: mnt/lsdi/ocm02845216-423/ocm02845216/Output/0435.tif (deflated 98%)
  adding: mnt/lsdi/ocm02845216-423/ocm02845216/Output/0436.tif (deflated 4%)
  adding: mnt/lsdi/ocm02845216-423/ocm02845216/Output/0437.tif (deflated 4%)
  adding: mnt/lsdi/ocm02845216-423/ocm02845216/Output/0438.tif (deflated 4%)
  adding: mnt/lsdi/ocm02845216-423/ocm02845216/Output/0439.tif (deflated 81%)
  adding: mnt/lsdi/ocm02845216-423/ocm02845216/Output/0440.tif (deflated 98%)
  adding: mnt/lsdi/ocm02845216-423/ocm02845216/Output/0441.tif (deflated 98%)
  adding: mnt/lsdi/ocm02845216-423/ocm02845216/Output/0442.tif (deflated 4%)
  adding: mnt/lsdi/ocm02845216-423/ocm02845216/Output/0443.tif (deflated 93%)
  adding: mnt/lsdi/ocm02845216-423/ocm02845216/Output/0444.tif (deflated 4%)
  adding: mnt/lsdi/ocm02845216-423/ocm02845216/Output/0445.tif (deflated 4%)
  adding: mnt/lsdi/ocm02845216-423/ocm02845216/Output/0446.tif (deflated 4%)
  adding: mnt/lsdi/ocm02845216-423/ocm02845216/Output/0447.tif (deflated 98%)
  adding: mnt/lsdi/ocm02845216-423/ocm02845216/Output/0448.tif (deflated 4%)
  adding: mnt/lsdi/ocm02845216-423/ocm02845216/Output/0449.tif (deflated 4%)
  adding: mnt/lsdi/ocm02845216-423/ocm02845216/Output/0450.tif (deflated 98%)
  adding: mnt/lsdi/ocm02845216-423/ocm02845216/Output/0451.tif (deflated 4%)
  adding: mnt/lsdi/ocm02845216-423/ocm02845216/Output/0452.tif (deflated 98%)
  adding: mnt/lsdi/ocm02845216-423/ocm02845216/Output/0453.tif (deflated 4%)
  adding: mnt/lsdi/ocm02845216-423/ocm02845216/Output/0454.tif (deflated 92%)
  adding: mnt/lsdi/ocm02845216-423/ocm02845216/Output/0455.tif (deflated 4%)
  adding: mnt/lsdi/ocm02845216-423/ocm02845216/Output/0456.tif (deflated 99%)
  adding: mnt/lsdi/ocm02845216-423/ocm02845216/Output/0457.tif (deflated 4%)
  adding: mnt/lsdi/ocm02845216-423/ocm02845216/Output/0458.tif (deflated 98%)
  adding: mnt/lsdi/ocm02845216-423/ocm02845216/Output/0459.tif (deflated 98%)
  adding: mnt/lsdi/ocm02845216-423/ocm02845216/Output/0460.tif (deflated 4%)
  adding: mnt/lsdi/ocm02845216-423/ocm02845216/Output/0461.tif (deflated 4%)
  adding: mnt/lsdi/ocm02845216-423/ocm02845216/Output/0462.tif (deflated 85%)
  adding: mnt/lsdi/ocm02845216-423/ocm02845216/Output/0463.tif (deflated 4%)
  adding: mnt/lsdi/ocm02845216-423/ocm02845216/Output/0464.tif (deflated 90%)
  adding: mnt/lsdi/ocm02845216-423/ocm02845216/Output/0465.tif (deflated 4%)
  adding: mnt/lsdi/ocm02845216-423/ocm02845216/Output/0466.tif (deflated 98%)
  adding: mnt/lsdi/ocm02845216-423/ocm02845216/Output/0467.tif (deflated 97%)
  adding: mnt/lsdi/ocm02845216-423/ocm02845216/Output/0468.tif (deflated 4%)
  adding: mnt/lsdi/ocm02845216-423/ocm02845216/Output/0469.tif (deflated 98%)
  adding: mnt/lsdi/ocm02845216-423/ocm02845216/Output/0470.tif (deflated 6%)
  adding: mnt/lsdi/ocm02845216-423/ocm02845216/Output/0471.tif (deflated 93%)
  adding: mnt/lsdi/ocm02845216-423/ocm02845216/Output/0472.tif (deflated 4%)
  adding: mnt/lsdi/ocm02845216-423/ocm02845216/Output/0473.tif (deflated 4%)
  adding: mnt/lsdi/ocm02845216-423/ocm02845216/Output/0474.tif (deflated 88%)
  adding: mnt/lsdi/ocm02845216-423/ocm02845216/Output/0475.tif (deflated 4%)
  adding: mnt/lsdi/ocm02845216-423/ocm02845216/Output/0476.tif (deflated 6%)
  adding: mnt/lsdi/ocm02845216-423/ocm02845216/Output/0477.tif (deflated 98%)
  adding: mnt/lsdi/ocm02845216-423/ocm02845216/Output/0478.tif (deflated 4%)
  adding: mnt/lsdi/ocm02845216-423/ocm02845216/Output/0479.tif (deflated 4%)
  adding: mnt/lsdi/ocm02845216-423/ocm02845216/Output/0480.tif (deflated 4%)
  adding: mnt/lsdi/ocm02845216-423/ocm02845216/Output/0481.tif (deflated 4%)
  adding: mnt/lsdi/ocm02845216-423/ocm02845216/Output/0482.tif (deflated 4%)
  adding: mnt/lsdi/ocm02845216-423/ocm02845216/Output/0483.tif (deflated 4%)
  adding: mnt/lsdi/ocm02845216-423/ocm02845216/Output/0484.tif (deflated 4%)
  adding: mnt/lsdi/ocm02845216-423/ocm02845216/Output/0485.tif (deflated 6%)
  adding: mnt/lsdi/ocm02845216-423/ocm02845216/Output/0486.tif (deflated 98%)
  adding: mnt/lsdi/ocm02845216-423/ocm02845216/Output/0487.tif (deflated 80%)
  adding: mnt/lsdi/ocm02845216-423/ocm02845216/Output/0488.tif (deflated 4%)
  adding: mnt/lsdi/ocm02845216-423/ocm02845216/Output/0489.tif (deflated 86%)
  adding: mnt/lsdi/ocm02845216-423/ocm02845216/Output/0490.tif (deflated 4%)
  adding: mnt/lsdi/ocm02845216-423/ocm02845216/Output/0491.tif (deflated 81%)
  adding: mnt/lsdi/ocm02845216-423/ocm02845216/Output/0492.tif (deflated 4%)
  adding: mnt/lsdi/ocm02845216-423/ocm02845216/Output/0493.tif (deflated 93%)
  adding: mnt/lsdi/ocm02845216-423/ocm02845216/Output/0494.tif (deflated 4%)
  adding: mnt/lsdi/ocm02845216-423/ocm02845216/Output/0495.tif (deflated 4%)
  adding: mnt/lsdi/ocm02845216-423/ocm02845216/Output/0496.tif (deflated 84%)
  adding: mnt/lsdi/ocm02845216-423/ocm02845216/Output/0497.tif (deflated 4%)
  adding: mnt/lsdi/ocm02845216-423/ocm02845216/Output/0498.tif (deflated 98%)
  adding: mnt/lsdi/ocm02845216-423/ocm02845216/Output/0499.tif (deflated 4%)
  adding: mnt/lsdi/ocm02845216-423/ocm02845216/Output/0500.tif (deflated 89%)
  adding: mnt/lsdi/ocm02845216-423/ocm02845216/Output/0501.tif (deflated 5%)
  adding: mnt/lsdi/ocm02845216-423/ocm02845216/Output/0502.tif (deflated 100%)
curl --location --header authorization: LOW fpJYfLnxbLmCEHqU:JQbq6NgBaPrSh98Y --upload-file /temp/ocm02845216_423_images.zip http://s3.us.archive.org/02845216.423.emory.edu/02845216_423_images.zip
  % Total    % Received % Xferd  Average Speed   Time    Time     Time  Current
                                 Dload  Upload   Total   Spent    Left  Speed
  0     0    0     0    0     0      0      0 --:--:-- --:--:-- --:--:--     0  0  195M    0     0    0     0      0      0 --:--:--  0:00:01 --:--:--     0  0  195M    0     0    0 98304      0  78219  0:43:38  0:00:01  0:43:37 84308  0  195M    0     0    0  816k      0   354k  0:09:23  0:00:02  0:09:21  369k  0  195M    0     0    0 1584k      0   482k  0:06:54  0:00:03  0:06:51  495k  1  195M    0     0    1 2304k      0   539k  0:06:10  0:00:04  0:06:06  551k  1  195M    0     0    1 3040k      0   577k  0:05:46  0:00:05  0:05:41  729k  1  195M    0     0    1 3824k      0   608k  0:05:28  0:00:06  0:05:22  741k  2  195M    0     0    2 4544k      0   625k  0:05:19  0:00:07  0:05:12  750k  2  195M    0     0    2 5312k      0   643k  0:05:10  0:00:08  0:05:02  749k  3  195M    0     0    3 6064k      0   651k  0:05:07  0:00:09  0:04:58  745k  3  195M    0     0    3 6752k      0   658k  0:05:03  0:00:10  0:04:53  744k  3  195M    0     0    3 7504k      0   666k  0:05:00  0:00:11  0:04:49  739k  4  195M    0     0    4 8288k      0   673k  0:04:57  0:00:12  0:04:45  742k  4  195M    0     0    4 9024k      0   681k  0:04:53  0:00:13  0:04:40  743k  4  195M    0     0    4 9728k      0   682k  0:04:53  0:00:14  0:04:39  740k  5  195M    0     0    5 10.1M      0   683k  0:04:52  0:00:15  0:04:37  734k  5  195M    0     0    5 10.9M      0   687k  0:04:51  0:00:16  0:04:35  734k  5  195M    0     0    5 11.6M      0   690k  0:04:49  0:00:17  0:04:32  734k  6  195M    0     0    6 12.3M      0   694k  0:04:48  0:00:18  0:04:30  729k  6  195M    0     0    6 13.1M      0   697k  0:04:46  0:00:19  0:04:27  739k  7  195M    0     0    7 13.8M      0   697k  0:04:46  0:00:20  0:04:26  741k  7  195M    0     0    7 14.5M      0   699k  0:04:45  0:00:21  0:04:24  739k  7  195M    0     0    7 15.2M      0   703k  0:04:44  0:00:22  0:04:22  746k  8  195M    0     0    8 16.0M      0   705k  0:04:43  0:00:23  0:04:20  744k  8  195M    0     0    8 16.7M      0   707k  0:04:42  0:00:24  0:04:18  746k  8  195M    0     0    8 17.4M      0   708k  0:04:42  0:00:25  0:04:17  749k  9  195M    0     0    9 18.2M      0   710k  0:04:41  0:00:26  0:04:15  754k  9  195M    0     0    9 18.9M      0   712k  0:04:40  0:00:27  0:04:13  752k 10  195M    0     0   10 19.7M      0   714k  0:04:39  0:00:28  0:04:11  759k 10  195M    0     0   10 20.4M      0   716k  0:04:39  0:00:29  0:04:10  758k 10  195M    0     0   10 21.1M      0   716k  0:04:39  0:00:30  0:04:09  760k 11  195M    0     0   11 21.9M      0   716k  0:04:39  0:00:31  0:04:08  752k 11  195M    0     0   11 22.6M      0   718k  0:04:38  0:00:32  0:04:06  751k 11  195M    0     0   11 23.3M      0   718k  0:04:38  0:00:33  0:04:05  737k 12  195M    0     0   12 24.0M      0   718k  0:04:38  0:00:34  0:04:04  735k 12  195M    0     0   12 24.8M      0   720k  0:04:37  0:00:35  0:04:02  741k 13  195M    0     0   13 25.5M      0   721k  0:04:37  0:00:36  0:04:01  749k 13  195M    0     0   13 26.2M      0   722k  0:04:36  0:00:37  0:03:59  751k 13  195M    0     0   13 27.0M      0   724k  0:04:36  0:00:38  0:03:58  763k 14  195M    0     0   14 27.7M      0   724k  0:04:36  0:00:39  0:03:57  763k 14  195M    0     0   14 28.5M      0   724k  0:04:35  0:00:40  0:03:55  758k 14  195M    0     0   14 29.2M      0   724k  0:04:35  0:00:41  0:03:54  749k 15  195M    0     0   15 29.9M      0   724k  0:04:36  0:00:42  0:03:54  736k 15  195M    0     0   15 30.6M      0   724k  0:04:36  0:00:43  0:03:53  729k 16  195M    0     0   16 31.2M      0   723k  0:04:36  0:00:44  0:03:52  718k 16  195M    0     0   16 32.0M      0   724k  0:04:36  0:00:45  0:03:51  721k 16  195M    0     0   16 32.7M      0   725k  0:04:35  0:00:46  0:03:49  726k 17  195M    0     0   17 33.4M      0   725k  0:04:35  0:00:47  0:03:48  732k 17  195M    0     0   17 34.1M      0   724k  0:04:35  0:00:48  0:03:47  726k 17  195M    0     0   17 34.9M      0   725k  0:04:35  0:00:49  0:03:46  735k 18  195M    0     0   18 35.5M      0   725k  0:04:35  0:00:50  0:03:45  729k 18  195M    0     0   18 36.2M      0   724k  0:04:35  0:00:51  0:03:44  723k 18  195M    0     0   18 37.0M      0   725k  0:04:35  0:00:52  0:03:43  731k 19  195M    0     0   19 37.7M      0   725k  0:04:35  0:00:53  0:03:42  733k 19  195M    0     0   19 38.5M      0   726k  0:04:35  0:00:54  0:03:41  740k 20  195M    0     0   20 39.2M      0   726k  0:04:35  0:00:55  0:03:40  740k 20  195M    0     0   20 39.9M      0   726k  0:04:35  0:00:56  0:03:39  746k 20  195M    0     0   20 40.6M      0   726k  0:04:35  0:00:57  0:03:38  735k 21  195M    0     0   21 41.3M      0   727k  0:04:35  0:00:58  0:03:37  741k 21  195M    0     0   21 42.1M      0   727k  0:04:34  0:00:59  0:03:35  741k 21  195M    0     0   21 42.8M      0   728k  0:04:34  0:01:00  0:03:34  751k 22  195M    0     0   22 43.5M      0   728k  0:04:34  0:01:01  0:03:33  747k 22  195M    0     0   22 44.3M      0   728k  0:04:34  0:01:02  0:03:32  753k 23  195M    0     0   23 44.9M      0   727k  0:04:34  0:01:03  0:03:31  738k 23  195M    0     0   23 45.7M      0   728k  0:04:34  0:01:04  0:03:30  734k 23  195M    0     0   23 46.4M      0   728k  0:04:34  0:01:05  0:03:29  725k 24  195M    0     0   24 47.1M      0   728k  0:04:34  0:01:06  0:03:28  730k 24  195M    0     0   24 47.8M      0   728k  0:04:34  0:01:07  0:03:27  729k 24  195M    0     0   24 48.5M      0   729k  0:04:34  0:01:08  0:03:26  743k 25  195M    0     0   25 49.3M      0   729k  0:04:34  0:01:09  0:03:25  749k 25  195M    0     0   25 50.0M      0   729k  0:04:34  0:01:10  0:03:24  753k 26  195M    0     0   26 50.7M      0   730k  0:04:33  0:01:11  0:03:22  748k 26  195M    0     0   26 51.5M      0   730k  0:04:33  0:01:12  0:03:21  746k 26  195M    0     0   26 52.2M      0   730k  0:04:33  0:01:13  0:03:20  747k 27  195M    0     0   27 53.0M      0   730k  0:04:33  0:01:14  0:03:19  736k 27  195M    0     0   27 53.7M      0   730k  0:04:33  0:01:15  0:03:18  741k 27  195M    0     0   27 54.4M      0   731k  0:04:33  0:01:16  0:03:17  745k 28  195M    0     0   28 55.1M      0   731k  0:04:33  0:01:17  0:03:16  744k 28  195M    0     0   28 55.8M      0   731k  0:04:33  0:01:18  0:03:15  742k 28  195M    0     0   28 56.6M      0   731k  0:04:33  0:01:19  0:03:14  750k 29  195M    0     0   29 57.3M      0   731k  0:04:33  0:01:20  0:03:13  738k 29  195M    0     0   29 58.0M      0   731k  0:04:33  0:01:21  0:03:12  734k 30  195M    0     0   30 58.7M      0   731k  0:04:33  0:01:22  0:03:11  740k 30  195M    0     0   30 59.5M      0   731k  0:04:33  0:01:23  0:03:10  741k 30  195M    0     0   30 60.2M      0   731k  0:04:33  0:01:24  0:03:09  731k 31  195M    0     0   31 60.9M      0   731k  0:04:33  0:01:25  0:03:08  735k 31  195M    0     0   31 61.6M      0   731k  0:04:33  0:01:26  0:03:07  742k 31  195M    0     0   31 62.4M      0   732k  0:04:33  0:01:27  0:03:06  743k 32  195M    0     0   32 63.2M      0   732k  0:04:32  0:01:28  0:03:04  749k 32  195M    0     0   32 63.9M      0   733k  0:04:32  0:01:29  0:03:03  760k 33  195M    0     0   33 64.6M      0   733k  0:04:32  0:01:30  0:03:02  759k 33  195M    0     0   33 65.3M      0   733k  0:04:32  0:01:31  0:03:01  759k 33  195M    0     0   33 66.0M      0   733k  0:04:32  0:01:32  0:03:00  754k 34  195M    0     0   34 66.8M      0   733k  0:04:32  0:01:33  0:02:59  748k 34  195M    0     0   34 67.5M      0   734k  0:04:32  0:01:34  0:02:58  748k 34  195M    0     0   34 68.2M      0   733k  0:04:32  0:01:35  0:02:57  742k 35  195M    0     0   35 68.9M      0   733k  0:04:32  0:01:36  0:02:56  738k 35  195M    0     0   35 69.7M      0   734k  0:04:32  0:01:37  0:02:55  743k 36  195M    0     0   36 70.4M      0   734k  0:04:32  0:01:38  0:02:54  743k 36  195M    0     0   36 71.2M      0   734k  0:04:32  0:01:39  0:02:53  743k 36  195M    0     0   36 71.9M      0   734k  0:04:32  0:01:40  0:02:52  753k 37  195M    0     0   37 72.6M      0   734k  0:04:32  0:01:41  0:02:51  753k 37  195M    0     0   37 73.3M      0   734k  0:04:32  0:01:42  0:02:50  743k 37  195M    0     0   37 74.0M      0   734k  0:04:32  0:01:43  0:02:49  736k 38  195M    0     0   38 74.7M      0   734k  0:04:32  0:01:44  0:02:48  732k 38  195M    0     0   38 75.4M      0   733k  0:04:32  0:01:45  0:02:47  721k 39  195M    0     0   39 76.1M      0   733k  0:04:32  0:01:46  0:02:46  720k 39  195M    0     0   39 76.9M      0   734k  0:04:32  0:01:47  0:02:45  729k 39  195M    0     0   39 77.6M      0   734k  0:04:32  0:01:48  0:02:44  736k 40  195M    0     0   40 78.3M      0   734k  0:04:32  0:01:49  0:02:43  734k 40  195M    0     0   40 79.0M      0   734k  0:04:32  0:01:50  0:02:42  743k 40  195M    0     0   40 79.8M      0   734k  0:04:32  0:01:51  0:02:41  748k 41  195M    0     0   41 80.5M      0   735k  0:04:32  0:01:52  0:02:40  753k 41  195M    0     0   41 81.3M      0   735k  0:04:32  0:01:53  0:02:39  752k 42  195M    0     0   42 82.0M      0   735k  0:04:32  0:01:54  0:02:38  756k 42  195M    0     0   42 82.8M      0   735k  0:04:31  0:01:55  0:02:36  762k 42  195M    0     0   42 83.5M      0   735k  0:04:31  0:01:56  0:02:35  764k 43  195M    0     0   43 84.2M      0   735k  0:04:31  0:01:57  0:02:34  752k 43  195M    0     0   43 85.0M      0   736k  0:04:31  0:01:58  0:02:33  756k 43  195M    0     0   43 85.6M      0   735k  0:04:31  0:01:59  0:02:32  743k 44  195M    0     0   44 86.4M      0   736k  0:04:31  0:02:00  0:02:31  747k 44  195M    0     0   44 87.1M      0   736k  0:04:31  0:02:01  0:02:30  739k 44  195M    0     0   44 87.8M      0   735k  0:04:31  0:02:02  0:02:29  737k 45  195M    0     0   45 88.6M      0   736k  0:04:31  0:02:03  0:02:28  739k 45  195M    0     0   45 89.3M      0   736k  0:04:31  0:02:04  0:02:27  751k 46  195M    0     0   46 90.0M      0   735k  0:04:31  0:02:05  0:02:26  731k 46  195M    0     0   46 90.7M      0   735k  0:04:31  0:02:06  0:02:25  726k 46  195M    0     0   46 91.4M      0   735k  0:04:31  0:02:07  0:02:24  734k 47  195M    0     0   47 92.1M      0   735k  0:04:31  0:02:08  0:02:23  729k 47  195M    0     0   47 92.8M      0   735k  0:04:31  0:02:09  0:02:22  725k 47  195M    0     0   47 93.6M      0   735k  0:04:31  0:02:10  0:02:21  737k 48  195M    0     0   48 94.3M      0   735k  0:04:31  0:02:11  0:02:20  742k 48  195M    0     0   48 95.0M      0   735k  0:04:31  0:02:12  0:02:19  738k 49  195M    0     0   49 95.7M      0   736k  0:04:31  0:02:13  0:02:18  738k 49  195M    0     0   49 96.5M      0   736k  0:04:31  0:02:14  0:02:17  739k 49  195M    0     0   49 97.2M      0   736k  0:04:31  0:02:15  0:02:16  739k 50  195M    0     0   50 97.9M      0   736k  0:04:31  0:02:16  0:02:15  742k 50  195M    0     0   50 98.7M      0   736k  0:04:31  0:02:17  0:02:14  744k 50  195M    0     0   50 99.4M      0   736k  0:04:31  0:02:18  0:02:13  748k 51  195M    0     0   51  100M      0   736k  0:04:31  0:02:19  0:02:12  749k 51  195M    0     0   51  100M      0   736k  0:04:31  0:02:20  0:02:11  739k 52  195M    0     0   52  101M      0   736k  0:04:31  0:02:21  0:02:10  740k 52  195M    0     0   52  102M      0   736k  0:04:31  0:02:22  0:02:09  736k 52  195M    0     0   52  103M      0   736k  0:04:31  0:02:23  0:02:08  733k 53  195M    0     0   53  103M      0   736k  0:04:31  0:02:24  0:02:07  730k 53  195M    0     0   53  104M      0   736k  0:04:31  0:02:25  0:02:06  741k 53  195M    0     0   53  105M      0   736k  0:04:31  0:02:26  0:02:05  745k 54  195M    0     0   54  105M      0   736k  0:04:31  0:02:27  0:02:04  739k 54  195M    0     0   54  106M      0   736k  0:04:31  0:02:28  0:02:03  741k 54  195M    0     0   54  107M      0   736k  0:04:31  0:02:29  0:02:02  736k 55  195M    0     0   55  108M      0   736k  0:04:31  0:02:30  0:02:01  736k 55  195M    0     0   55  108M      0   735k  0:04:31  0:02:31  0:02:00  714k 56  195M    0     0   56  109M      0   736k  0:04:31  0:02:32  0:01:59  726k 56  195M    0     0   56  110M      0   736k  0:04:31  0:02:33  0:01:58  726k 56  195M    0     0   56  110M      0   736k  0:04:31  0:02:34  0:01:57  739k 57  195M    0     0   57  111M      0   736k  0:04:31  0:02:35  0:01:56  732k 57  195M    0     0   57  112M      0   736k  0:04:31  0:02:36  0:01:55  740k 57  195M    0     0   57  113M      0   735k  0:04:31  0:02:37  0:01:54  733k 58  195M    0     0   58  113M      0   736k  0:04:31  0:02:38  0:01:53  733k 58  195M    0     0   58  114M      0   736k  0:04:31  0:02:39  0:01:52  727k 59  195M    0     0   59  115M      0   736k  0:04:31  0:02:40  0:01:51  741k 59  195M    0     0   59  115M      0   736k  0:04:31  0:02:41  0:01:50  749k 59  195M    0     0   59  116M      0   736k  0:04:31  0:02:42  0:01:49  746k 60  195M    0     0   60  117M      0   736k  0:04:31  0:02:43  0:01:48  747k 60  195M    0     0   60  118M      0   736k  0:04:31  0:02:44  0:01:47  750k 60  195M    0     0   60  118M      0   736k  0:04:31  0:02:45  0:01:46  745k 61  195M    0     0   61  119M      0   736k  0:04:31  0:02:46  0:01:45  749k 61  195M    0     0   61  120M      0   737k  0:04:31  0:02:47  0:01:44  762k 62  195M    0     0   62  121M      0   737k  0:04:31  0:02:48  0:01:43  762k 62  195M    0     0   62  121M      0   737k  0:04:31  0:02:49  0:01:42  763k 62  195M    0     0   62  122M      0   737k  0:04:31  0:02:50  0:01:41  765k 63  195M    0     0   63  123M      0   737k  0:04:31  0:02:51  0:01:40  759k 63  195M    0     0   63  124M      0   737k  0:04:31  0:02:52  0:01:39  749k 63  195M    0     0   63  124M      0   737k  0:04:31  0:02:53  0:01:38  742k 64  195M    0     0   64  125M      0   737k  0:04:31  0:02:54  0:01:37  733k 64  195M    0     0   64  126M      0   737k  0:04:31  0:02:55  0:01:36  728k 64  195M    0     0   64  126M      0   737k  0:04:31  0:02:56  0:01:35  723k 65  195M    0     0   65  127M      0   737k  0:04:31  0:02:57  0:01:34  726k 65  195M    0     0   65  128M      0   737k  0:04:31  0:02:58  0:01:33  730k 66  195M    0     0   66  129M      0   737k  0:04:31  0:02:59  0:01:32  740k 66  195M    0     0   66  129M      0   737k  0:04:31  0:03:00  0:01:31  746k 66  195M    0     0   66  130M      0   737k  0:04:31  0:03:01  0:01:30  760k 67  195M    0     0   67  131M      0   737k  0:04:31  0:03:02  0:01:29  758k 67  195M    0     0   67  132M      0   737k  0:04:31  0:03:03  0:01:28  762k 67  195M    0     0   67  132M      0   737k  0:04:31  0:03:04  0:01:27  756k 68  195M    0     0   68  133M      0   737k  0:04:31  0:03:05  0:01:26  749k 68  195M    0     0   68  134M      0   737k  0:04:31  0:03:06  0:01:25  729k 69  195M    0     0   69  134M      0   737k  0:04:31  0:03:07  0:01:24  735k 69  195M    0     0   69  135M      0   737k  0:04:31  0:03:08  0:01:23  731k 69  195M    0     0   69  136M      0   737k  0:04:31  0:03:09  0:01:22  737k 70  195M    0     0   70  137M      0   737k  0:04:31  0:03:10  0:01:21  731k 70  195M    0     0   70  137M      0   737k  0:04:31  0:03:11  0:01:20  752k 70  195M    0     0   70  138M      0   738k  0:04:31  0:03:12  0:01:19  752k 71  195M    0     0   71  139M      0   737k  0:04:31  0:03:13  0:01:18  745k 71  195M    0     0   71  140M      0   737k  0:04:31  0:03:14  0:01:17  739k 72  195M    0     0   72  140M      0   737k  0:04:31  0:03:15  0:01:16  747k 72  195M    0     0   72  141M      0   738k  0:04:30  0:03:16  0:01:14  747k 72  195M    0     0   72  142M      0   738k  0:04:30  0:03:17  0:01:13  746k 73  195M    0     0   73  142M      0   738k  0:04:30  0:03:18  0:01:12  750k 73  195M    0     0   73  143M      0   738k  0:04:30  0:03:19  0:01:11  756k 73  195M    0     0   73  144M      0   738k  0:04:30  0:03:20  0:01:10  754k 74  195M    0     0   74  145M      0   738k  0:04:30  0:03:21  0:01:09  740k 74  195M    0     0   74  145M      0   738k  0:04:30  0:03:22  0:01:08  736k 75  195M    0     0   75  146M      0   738k  0:04:30  0:03:23  0:01:07  735k 75  195M    0     0   75  147M      0   738k  0:04:30  0:03:24  0:01:06  739k 75  195M    0     0   75  147M      0   738k  0:04:30  0:03:25  0:01:05  728k 76  195M    0     0   76  148M      0   738k  0:04:30  0:03:26  0:01:04  737k 76  195M    0     0   76  149M      0   738k  0:04:30  0:03:27  0:01:03  742k 76  195M    0     0   76  150M      0   738k  0:04:30  0:03:28  0:01:02  758k 77  195M    0     0   77  150M      0   738k  0:04:30  0:03:29  0:01:01  751k 77  195M    0     0   77  151M      0   738k  0:04:30  0:03:30  0:01:00  770k 78  195M    0     0   78  152M      0   739k  0:04:30  0:03:31  0:00:59  774k 78  195M    0     0   78  153M      0   739k  0:04:30  0:03:32  0:00:58  769k 78  195M    0     0   78  153M      0   739k  0:04:30  0:03:33  0:00:57  756k 79  195M    0     0   79  154M      0   739k  0:04:30  0:03:34  0:00:56  751k 79  195M    0     0   79  155M      0   738k  0:04:30  0:03:35  0:00:55  742k 79  195M    0     0   79  156M      0   739k  0:04:30  0:03:36  0:00:54  745k 80  195M    0     0   80  156M      0   739k  0:04:30  0:03:37  0:00:53  739k 80  195M    0     0   80  157M      0   738k  0:04:30  0:03:38  0:00:52  734k 81  195M    0     0   81  158M      0   739k  0:04:30  0:03:39  0:00:51  741k 81  195M    0     0   81  159M      0   739k  0:04:30  0:03:40  0:00:50  748k 81  195M    0     0   81  159M      0   739k  0:04:30  0:03:41  0:00:49  739k 82  195M    0     0   82  160M      0   739k  0:04:30  0:03:42  0:00:48  747k 82  195M    0     0   82  161M      0   739k  0:04:30  0:03:43  0:00:47  755k 82  195M    0     0   82  161M      0   739k  0:04:30  0:03:44  0:00:46  753k 83  195M    0     0   83  162M      0   739k  0:04:30  0:03:45  0:00:45  754k 83  195M    0     0   83  163M      0   739k  0:04:30  0:03:46  0:00:44  765k 84  195M    0     0   84  164M      0   739k  0:04:30  0:03:47  0:00:43  763k 84  195M    0     0   84  164M      0   739k  0:04:30  0:03:48  0:00:42  761k 84  195M    0     0   84  165M      0   739k  0:04:30  0:03:49  0:00:41  752k 85  195M    0     0   85  166M      0   739k  0:04:30  0:03:50  0:00:40  749k 85  195M    0     0   85  167M      0   739k  0:04:30  0:03:51  0:00:39  725k 85  195M    0     0   85  167M      0   739k  0:04:30  0:03:52  0:00:38  730k 86  195M    0     0   86  168M      0   739k  0:04:30  0:03:53  0:00:37  729k 86  195M    0     0   86  169M      0   739k  0:04:30  0:03:54  0:00:36  739k 86  195M    0     0   86  169M      0   739k  0:04:30  0:03:55  0:00:35  732k 87  195M    0     0   87  170M      0   739k  0:04:30  0:03:56  0:00:34  748k 87  195M    0     0   87  171M      0   739k  0:04:30  0:03:57  0:00:33  748k 88  195M    0     0   88  172M      0   739k  0:04:30  0:03:58  0:00:32  755k 88  195M    0     0   88  172M      0   739k  0:04:30  0:03:59  0:00:31  751k 88  195M    0     0   88  173M      0   739k  0:04:30  0:04:00  0:00:30  755k 89  195M    0     0   89  174M      0   739k  0:04:30  0:04:01  0:00:29  752k 89  195M    0     0   89  175M      0   739k  0:04:30  0:04:02  0:00:28  747k 90  195M    0     0   90  175M      0   739k  0:04:30  0:04:03  0:00:27  742k 90  195M    0     0   90  176M      0   739k  0:04:30  0:04:04  0:00:26  742k 90  195M    0     0   90  177M      0   739k  0:04:30  0:04:05  0:00:25  745k 91  195M    0     0   91  177M      0   739k  0:04:30  0:04:06  0:00:24  731k 91  195M    0     0   91  178M      0   739k  0:04:30  0:04:07  0:00:23  729k 91  195M    0     0   91  179M      0   739k  0:04:30  0:04:08  0:00:22  728k 92  195M    0     0   92  180M      0   739k  0:04:30  0:04:09  0:00:21  721k 92  195M    0     0   92  180M      0   739k  0:04:30  0:04:10  0:00:20  722k 92  195M    0     0   92  181M      0   739k  0:04:30  0:04:11  0:00:19  733k 93  195M    0     0   93  182M      0   739k  0:04:30  0:04:12  0:00:18  740k 93  195M    0     0   93  183M      0   739k  0:04:30  0:04:13  0:00:17  741k 94  195M    0     0   94  183M      0   739k  0:04:30  0:04:14  0:00:16  748k 94  195M    0     0   94  184M      0   739k  0:04:30  0:04:15  0:00:15  748k 94  195M    0     0   94  185M      0   739k  0:04:30  0:04:16  0:00:14  749k 95  195M    0     0   95  185M      0   740k  0:04:30  0:04:17  0:00:13  753k 95  195M    0     0   95  186M      0   740k  0:04:30  0:04:18  0:00:12  755k 95  195M    0     0   95  187M      0   740k  0:04:30  0:04:19  0:00:11  754k 96  195M    0     0   96  188M      0   739k  0:04:30  0:04:20  0:00:10  734k 96  195M    0     0   96  188M      0   739k  0:04:30  0:04:21  0:00:09  729k 96  195M    0     0   96  189M      0   739k  0:04:30  0:04:22  0:00:08  722k 97  195M    0     0   97  190M      0   739k  0:04:30  0:04:23  0:00:07  719k 97  195M    0     0   97  190M      0   739k  0:04:30  0:04:24  0:00:06  722k 98  195M    0     0   98  191M      0   739k  0:04:30  0:04:25  0:00:05  731k 98  195M    0     0   98  192M      0   739k  0:04:30  0:04:26  0:00:04  739k 98  195M    0     0   98  193M      0   739k  0:04:30  0:04:27  0:00:03  740k 99  195M    0     0   99  193M      0   739k  0:04:30  0:04:28  0:00:02  745k 99  195M    0     0   99  194M      0   739k  0:04:30  0:04:29  0:00:01  749k 99  195M    0     0   99  195M      0   739k  0:04:30  0:04:30 --:--:--  761k100  195M    0     0  100  195M      0   737k  0:04:31  0:04:31 --:--:--  609k100  195M    0     0  100  195M      0   736k  0:04:31  0:04:31 --:--:--  542k
