07486517
curl --location --header x-amz-auto-make-bucket:1 --header x-archive-ignore-preexisting-bucket:1 --header x-archive-queue-derive:0 --header x-archive-meta-mediatype:texts --header x-archive-meta03-collection:emory --header x-archive-meta01-collection:americanmethodism --header x-archive-meta-sponsor:Emory University, Pitts Theology Library --header x-archive-meta-contributor:Emory University, Pitts Theology Library --header x-archive-meta-ppi:300 --header authorization: LOW fpJYfLnxbLmCEHqU:JQbq6NgBaPrSh98Y --upload-file /mnt/lsdi/ocm07486517/ocm07486517/ocm07486517_MRC.xml http://s3.us.archive.org/07486517.emory.edu/07486517.emory.edu_marc.xml
  % Total    % Received % Xferd  Average Speed   Time    Time     Time  Current
                                 Dload  Upload   Total   Spent    Left  Speed
  0     0    0     0    0     0      0      0 --:--:-- --:--:-- --:--:--     0  0  3133    0     0    0     0      0      0 --:--:--  0:00:01 --:--:--     0100  3133    0     0  100  3133      0   1481  0:00:02  0:00:02 --:--:--  1541100  3133    0     0  100  3133      0    817  0:00:03  0:00:03 --:--:--   835100  3133    0     0  100  3133      0    648  0:00:04  0:00:04 --:--:--   659100  3133    0     0  100  3133      0    536  0:00:05  0:00:05 --:--:--   544100  3133    0     0  100  3133      0    458  0:00:06  0:00:06 --:--:--   544100  3133    0     0  100  3133      0    399  0:00:07  0:00:07 --:--:--     0100  3133    0     0  100  3133      0    354  0:00:08  0:00:08 --:--:--     0100  3133    0     0  100  3133      0    332  0:00:09  0:00:09 --:--:--     0100  3133    0     0  100  3133      0    332  0:00:09  0:00:09 --:--:--     0
zip -r /temp/ocm07486517_images.zip /mnt/lsdi/ocm07486517/ocm07486517/Output/_0001.tif /mnt/lsdi/ocm07486517/ocm07486517/Output/_0002.tif /mnt/lsdi/ocm07486517/ocm07486517/Output/_0003.tif /mnt/lsdi/ocm07486517/ocm07486517/Output/_0004.tif /mnt/lsdi/ocm07486517/ocm07486517/Output/_0005.tif /mnt/lsdi/ocm07486517/ocm07486517/Output/_0006.tif /mnt/lsdi/ocm07486517/ocm07486517/Output/_0007.tif /mnt/lsdi/ocm07486517/ocm07486517/Output/_0008.tif /mnt/lsdi/ocm07486517/ocm07486517/Output/_0009.tif /mnt/lsdi/ocm07486517/ocm07486517/Output/_0010.tif /mnt/lsdi/ocm07486517/ocm07486517/Output/_0011.tif /mnt/lsdi/ocm07486517/ocm07486517/Output/_0012.tif /mnt/lsdi/ocm07486517/ocm07486517/Output/_0013.tif /mnt/lsdi/ocm07486517/ocm07486517/Output/_0014.tif /mnt/lsdi/ocm07486517/ocm07486517/Output/_0015.tif /mnt/lsdi/ocm07486517/ocm07486517/Output/_0016.tif /mnt/lsdi/ocm07486517/ocm07486517/Output/_0017.tif /mnt/lsdi/ocm07486517/ocm07486517/Output/_0018.tif /mnt/lsdi/ocm07486517/ocm07486517/Output/_0019.tif /mnt/lsdi/ocm07486517/ocm07486517/Output/_0020.tif /mnt/lsdi/ocm07486517/ocm07486517/Output/_0021.tif /mnt/lsdi/ocm07486517/ocm07486517/Output/_0022.tif /mnt/lsdi/ocm07486517/ocm07486517/Output/_0023.tif /mnt/lsdi/ocm07486517/ocm07486517/Output/_0024.tif /mnt/lsdi/ocm07486517/ocm07486517/Output/_0025.tif /mnt/lsdi/ocm07486517/ocm07486517/Output/_0026.tif /mnt/lsdi/ocm07486517/ocm07486517/Output/_0027.tif /mnt/lsdi/ocm07486517/ocm07486517/Output/_0028.tif /mnt/lsdi/ocm07486517/ocm07486517/Output/_0029.tif /mnt/lsdi/ocm07486517/ocm07486517/Output/_0030.tif /mnt/lsdi/ocm07486517/ocm07486517/Output/_0031.tif /mnt/lsdi/ocm07486517/ocm07486517/Output/_0032.tif /mnt/lsdi/ocm07486517/ocm07486517/Output/_0033.tif /mnt/lsdi/ocm07486517/ocm07486517/Output/_0034.tif /mnt/lsdi/ocm07486517/ocm07486517/Output/_0035.tif /mnt/lsdi/ocm07486517/ocm07486517/Output/_0036.tif /mnt/lsdi/ocm07486517/ocm07486517/Output/_0037.tif /mnt/lsdi/ocm07486517/ocm07486517/Output/_0038.tif /mnt/lsdi/ocm07486517/ocm07486517/Output/_0039.tif /mnt/lsdi/ocm07486517/ocm07486517/Output/_0040.tif /mnt/lsdi/ocm07486517/ocm07486517/Output/_0041.tif /mnt/lsdi/ocm07486517/ocm07486517/Output/_0042.tif /mnt/lsdi/ocm07486517/ocm07486517/Output/_0043.tif /mnt/lsdi/ocm07486517/ocm07486517/Output/_0044.tif /mnt/lsdi/ocm07486517/ocm07486517/Output/_0045.tif /mnt/lsdi/ocm07486517/ocm07486517/Output/_0046.tif /mnt/lsdi/ocm07486517/ocm07486517/Output/_0047.tif /mnt/lsdi/ocm07486517/ocm07486517/Output/_0048.tif /mnt/lsdi/ocm07486517/ocm07486517/Output/_0049.tif /mnt/lsdi/ocm07486517/ocm07486517/Output/_0050.tif /mnt/lsdi/ocm07486517/ocm07486517/Output/_0051.tif /mnt/lsdi/ocm07486517/ocm07486517/Output/_0052.tif /mnt/lsdi/ocm07486517/ocm07486517/Output/_0053.tif /mnt/lsdi/ocm07486517/ocm07486517/Output/_0054.tif /mnt/lsdi/ocm07486517/ocm07486517/Output/_0055.tif /mnt/lsdi/ocm07486517/ocm07486517/Output/_0056.tif /mnt/lsdi/ocm07486517/ocm07486517/Output/_0057.tif /mnt/lsdi/ocm07486517/ocm07486517/Output/_0058.tif /mnt/lsdi/ocm07486517/ocm07486517/Output/_0059.tif /mnt/lsdi/ocm07486517/ocm07486517/Output/_0060.tif /mnt/lsdi/ocm07486517/ocm07486517/Output/_0061.tif /mnt/lsdi/ocm07486517/ocm07486517/Output/_0062.tif /mnt/lsdi/ocm07486517/ocm07486517/Output/_0063.tif /mnt/lsdi/ocm07486517/ocm07486517/Output/_0064.tif /mnt/lsdi/ocm07486517/ocm07486517/Output/_0065.tif /mnt/lsdi/ocm07486517/ocm07486517/Output/_0066.tif /mnt/lsdi/ocm07486517/ocm07486517/Output/_0067.tif /mnt/lsdi/ocm07486517/ocm07486517/Output/_0068.tif /mnt/lsdi/ocm07486517/ocm07486517/Output/_0069.tif /mnt/lsdi/ocm07486517/ocm07486517/Output/_0070.tif /mnt/lsdi/ocm07486517/ocm07486517/Output/_0071.tif /mnt/lsdi/ocm07486517/ocm07486517/Output/_0072.tif /mnt/lsdi/ocm07486517/ocm07486517/Output/_0073.tif /mnt/lsdi/ocm07486517/ocm07486517/Output/_0074.tif /mnt/lsdi/ocm07486517/ocm07486517/Output/_0075.tif /mnt/lsdi/ocm07486517/ocm07486517/Output/_0076.tif /mnt/lsdi/ocm07486517/ocm07486517/Output/_0077.tif /mnt/lsdi/ocm07486517/ocm07486517/Output/_0078.tif /mnt/lsdi/ocm07486517/ocm07486517/Output/_0079.tif /mnt/lsdi/ocm07486517/ocm07486517/Output/_0080.tif /mnt/lsdi/ocm07486517/ocm07486517/Output/_0081.tif /mnt/lsdi/ocm07486517/ocm07486517/Output/_0082.tif /mnt/lsdi/ocm07486517/ocm07486517/Output/_0083.tif /mnt/lsdi/ocm07486517/ocm07486517/Output/_0084.tif /mnt/lsdi/ocm07486517/ocm07486517/Output/_0085.tif /mnt/lsdi/ocm07486517/ocm07486517/Output/_0086.tif /mnt/lsdi/ocm07486517/ocm07486517/Output/_0087.tif /mnt/lsdi/ocm07486517/ocm07486517/Output/_0088.tif /mnt/lsdi/ocm07486517/ocm07486517/Output/_0089.tif /mnt/lsdi/ocm07486517/ocm07486517/Output/_0090.tif /mnt/lsdi/ocm07486517/ocm07486517/Output/_0091.tif /mnt/lsdi/ocm07486517/ocm07486517/Output/_0092.tif /mnt/lsdi/ocm07486517/ocm07486517/Output/_0093.tif /mnt/lsdi/ocm07486517/ocm07486517/Output/_0094.tif /mnt/lsdi/ocm07486517/ocm07486517/Output/_0095.tif /mnt/lsdi/ocm07486517/ocm07486517/Output/_0096.tif /mnt/lsdi/ocm07486517/ocm07486517/Output/_0097.tif /mnt/lsdi/ocm07486517/ocm07486517/Output/_0098.tif /mnt/lsdi/ocm07486517/ocm07486517/Output/_0099.tif /mnt/lsdi/ocm07486517/ocm07486517/Output/_0100.tif /mnt/lsdi/ocm07486517/ocm07486517/Output/_0101.tif /mnt/lsdi/ocm07486517/ocm07486517/Output/_0102.tif /mnt/lsdi/ocm07486517/ocm07486517/Output/_0103.tif /mnt/lsdi/ocm07486517/ocm07486517/Output/_0104.tif /mnt/lsdi/ocm07486517/ocm07486517/Output/_0105.tif /mnt/lsdi/ocm07486517/ocm07486517/Output/_0106.tif /mnt/lsdi/ocm07486517/ocm07486517/Output/_0107.tif /mnt/lsdi/ocm07486517/ocm07486517/Output/_0108.tif /mnt/lsdi/ocm07486517/ocm07486517/Output/_0109.tif /mnt/lsdi/ocm07486517/ocm07486517/Output/_0110.tif /mnt/lsdi/ocm07486517/ocm07486517/Output/_0111.tif /mnt/lsdi/ocm07486517/ocm07486517/Output/_0112.tif /mnt/lsdi/ocm07486517/ocm07486517/Output/_0113.tif /mnt/lsdi/ocm07486517/ocm07486517/Output/_0114.tif /mnt/lsdi/ocm07486517/ocm07486517/Output/_0115.tif /mnt/lsdi/ocm07486517/ocm07486517/Output/_0116.tif /mnt/lsdi/ocm07486517/ocm07486517/Output/_0117.tif /mnt/lsdi/ocm07486517/ocm07486517/Output/_0118.tif /mnt/lsdi/ocm07486517/ocm07486517/Output/_0119.tif /mnt/lsdi/ocm07486517/ocm07486517/Output/_0120.tif /mnt/lsdi/ocm07486517/ocm07486517/Output/_0121.tif /mnt/lsdi/ocm07486517/ocm07486517/Output/_0122.tif /mnt/lsdi/ocm07486517/ocm07486517/Output/_0123.tif /mnt/lsdi/ocm07486517/ocm07486517/Output/_0124.tif /mnt/lsdi/ocm07486517/ocm07486517/Output/_0125.tif /mnt/lsdi/ocm07486517/ocm07486517/Output/_0126.tif /mnt/lsdi/ocm07486517/ocm07486517/Output/_0127.tif /mnt/lsdi/ocm07486517/ocm07486517/Output/_0128.tif /mnt/lsdi/ocm07486517/ocm07486517/Output/_0129.tif /mnt/lsdi/ocm07486517/ocm07486517/Output/_0130.tif /mnt/lsdi/ocm07486517/ocm07486517/Output/_0131.tif /mnt/lsdi/ocm07486517/ocm07486517/Output/_0132.tif /mnt/lsdi/ocm07486517/ocm07486517/Output/_0133.tif /mnt/lsdi/ocm07486517/ocm07486517/Output/_0134.tif /mnt/lsdi/ocm07486517/ocm07486517/Output/_0135.tif /mnt/lsdi/ocm07486517/ocm07486517/Output/_0136.tif /mnt/lsdi/ocm07486517/ocm07486517/Output/_0137.tif /mnt/lsdi/ocm07486517/ocm07486517/Output/_0138.tif /mnt/lsdi/ocm07486517/ocm07486517/Output/_0139.tif /mnt/lsdi/ocm07486517/ocm07486517/Output/_0140.tif /mnt/lsdi/ocm07486517/ocm07486517/Output/_0141.tif /mnt/lsdi/ocm07486517/ocm07486517/Output/_0142.tif /mnt/lsdi/ocm07486517/ocm07486517/Output/_0143.tif /mnt/lsdi/ocm07486517/ocm07486517/Output/_0144.tif /mnt/lsdi/ocm07486517/ocm07486517/Output/_0145.tif /mnt/lsdi/ocm07486517/ocm07486517/Output/_0146.tif /mnt/lsdi/ocm07486517/ocm07486517/Output/_0147.tif /mnt/lsdi/ocm07486517/ocm07486517/Output/_0148.tif /mnt/lsdi/ocm07486517/ocm07486517/Output/_0149.tif /mnt/lsdi/ocm07486517/ocm07486517/Output/_0150.tif /mnt/lsdi/ocm07486517/ocm07486517/Output/_0151.tif /mnt/lsdi/ocm07486517/ocm07486517/Output/_0152.tif /mnt/lsdi/ocm07486517/ocm07486517/Output/_0153.tif /mnt/lsdi/ocm07486517/ocm07486517/Output/_0154.tif /mnt/lsdi/ocm07486517/ocm07486517/Output/_0155.tif /mnt/lsdi/ocm07486517/ocm07486517/Output/_0156.tif /mnt/lsdi/ocm07486517/ocm07486517/Output/_0157.tif /mnt/lsdi/ocm07486517/ocm07486517/Output/_0158.tif /mnt/lsdi/ocm07486517/ocm07486517/Output/_0159.tif /mnt/lsdi/ocm07486517/ocm07486517/Output/_0160.tif /mnt/lsdi/ocm07486517/ocm07486517/Output/_0161.tif /mnt/lsdi/ocm07486517/ocm07486517/Output/_0162.tif /mnt/lsdi/ocm07486517/ocm07486517/Output/_0163.tif /mnt/lsdi/ocm07486517/ocm07486517/Output/_0164.tif /mnt/lsdi/ocm07486517/ocm07486517/Output/_0165.tif /mnt/lsdi/ocm07486517/ocm07486517/Output/_0166.tif /mnt/lsdi/ocm07486517/ocm07486517/Output/_0167.tif /mnt/lsdi/ocm07486517/ocm07486517/Output/_0168.tif /mnt/lsdi/ocm07486517/ocm07486517/Output/_0169.tif /mnt/lsdi/ocm07486517/ocm07486517/Output/_0170.tif /mnt/lsdi/ocm07486517/ocm07486517/Output/_0171.tif /mnt/lsdi/ocm07486517/ocm07486517/Output/_0172.tif /mnt/lsdi/ocm07486517/ocm07486517/Output/_0173.tif /mnt/lsdi/ocm07486517/ocm07486517/Output/_0174.tif /mnt/lsdi/ocm07486517/ocm07486517/Output/_0175.tif /mnt/lsdi/ocm07486517/ocm07486517/Output/_0176.tif /mnt/lsdi/ocm07486517/ocm07486517/Output/_0177.tif /mnt/lsdi/ocm07486517/ocm07486517/Output/_0178.tif /mnt/lsdi/ocm07486517/ocm07486517/Output/_0179.tif /mnt/lsdi/ocm07486517/ocm07486517/Output/_0180.tif /mnt/lsdi/ocm07486517/ocm07486517/Output/_0181.tif /mnt/lsdi/ocm07486517/ocm07486517/Output/_0182.tif /mnt/lsdi/ocm07486517/ocm07486517/Output/_0183.tif /mnt/lsdi/ocm07486517/ocm07486517/Output/_0184.tif /mnt/lsdi/ocm07486517/ocm07486517/Output/_0185.tif /mnt/lsdi/ocm07486517/ocm07486517/Output/_0186.tif /mnt/lsdi/ocm07486517/ocm07486517/Output/_0187.tif /mnt/lsdi/ocm07486517/ocm07486517/Output/_0188.tif /mnt/lsdi/ocm07486517/ocm07486517/Output/_0189.tif /mnt/lsdi/ocm07486517/ocm07486517/Output/_0190.tif /mnt/lsdi/ocm07486517/ocm07486517/Output/_0191.tif /mnt/lsdi/ocm07486517/ocm07486517/Output/_0192.tif /mnt/lsdi/ocm07486517/ocm07486517/Output/_0193.tif /mnt/lsdi/ocm07486517/ocm07486517/Output/_0194.tif /mnt/lsdi/ocm07486517/ocm07486517/Output/_0195.tif /mnt/lsdi/ocm07486517/ocm07486517/Output/_0196.tif /mnt/lsdi/ocm07486517/ocm07486517/Output/_0197.tif /mnt/lsdi/ocm07486517/ocm07486517/Output/_0198.tif /mnt/lsdi/ocm07486517/ocm07486517/Output/_0199.tif /mnt/lsdi/ocm07486517/ocm07486517/Output/_0200.tif /mnt/lsdi/ocm07486517/ocm07486517/Output/_0201.tif /mnt/lsdi/ocm07486517/ocm07486517/Output/_0202.tif /mnt/lsdi/ocm07486517/ocm07486517/Output/_0203.tif /mnt/lsdi/ocm07486517/ocm07486517/Output/_0204.tif /mnt/lsdi/ocm07486517/ocm07486517/Output/_0205.tif /mnt/lsdi/ocm07486517/ocm07486517/Output/_0206.tif /mnt/lsdi/ocm07486517/ocm07486517/Output/_0207.tif /mnt/lsdi/ocm07486517/ocm07486517/Output/_0208.tif /mnt/lsdi/ocm07486517/ocm07486517/Output/_0209.tif /mnt/lsdi/ocm07486517/ocm07486517/Output/_0210.tif /mnt/lsdi/ocm07486517/ocm07486517/Output/_0211.tif /mnt/lsdi/ocm07486517/ocm07486517/Output/_0212.tif /mnt/lsdi/ocm07486517/ocm07486517/Output/_0213.tif /mnt/lsdi/ocm07486517/ocm07486517/Output/_0214.tif /mnt/lsdi/ocm07486517/ocm07486517/Output/_0215.tif /mnt/lsdi/ocm07486517/ocm07486517/Output/_0216.tif /mnt/lsdi/ocm07486517/ocm07486517/Output/_0217.tif /mnt/lsdi/ocm07486517/ocm07486517/Output/_0218.tif /mnt/lsdi/ocm07486517/ocm07486517/Output/_0219.tif /mnt/lsdi/ocm07486517/ocm07486517/Output/_0220.tif /mnt/lsdi/ocm07486517/ocm07486517/Output/_0221.tif /mnt/lsdi/ocm07486517/ocm07486517/Output/_0222.tif /mnt/lsdi/ocm07486517/ocm07486517/Output/_0223.tif /mnt/lsdi/ocm07486517/ocm07486517/Output/_0224.tif /mnt/lsdi/ocm07486517/ocm07486517/Output/_0225.tif /mnt/lsdi/ocm07486517/ocm07486517/Output/_0226.tif /mnt/lsdi/ocm07486517/ocm07486517/Output/_0227.tif /mnt/lsdi/ocm07486517/ocm07486517/Output/_0228.tif /mnt/lsdi/ocm07486517/ocm07486517/Output/_0229.tif /mnt/lsdi/ocm07486517/ocm07486517/Output/_0230.tif /mnt/lsdi/ocm07486517/ocm07486517/Output/_0231.tif /mnt/lsdi/ocm07486517/ocm07486517/Output/_0232.tif /mnt/lsdi/ocm07486517/ocm07486517/Output/_0233.tif /mnt/lsdi/ocm07486517/ocm07486517/Output/_0234.tif /mnt/lsdi/ocm07486517/ocm07486517/Output/_0235.tif /mnt/lsdi/ocm07486517/ocm07486517/Output/_0236.tif /mnt/lsdi/ocm07486517/ocm07486517/Output/_0237.tif /mnt/lsdi/ocm07486517/ocm07486517/Output/_0238.tif /mnt/lsdi/ocm07486517/ocm07486517/Output/_0239.tif /mnt/lsdi/ocm07486517/ocm07486517/Output/_0240.tif /mnt/lsdi/ocm07486517/ocm07486517/Output/_0241.tif /mnt/lsdi/ocm07486517/ocm07486517/Output/_0242.tif /mnt/lsdi/ocm07486517/ocm07486517/Output/_0243.tif /mnt/lsdi/ocm07486517/ocm07486517/Output/_0244.tif /mnt/lsdi/ocm07486517/ocm07486517/Output/_0245.tif /mnt/lsdi/ocm07486517/ocm07486517/Output/_0246.tif /mnt/lsdi/ocm07486517/ocm07486517/Output/_0247.tif /mnt/lsdi/ocm07486517/ocm07486517/Output/_0248.tif /mnt/lsdi/ocm07486517/ocm07486517/Output/_0249.tif /mnt/lsdi/ocm07486517/ocm07486517/Output/_0250.tif /mnt/lsdi/ocm07486517/ocm07486517/Output/_0251.tif /mnt/lsdi/ocm07486517/ocm07486517/Output/_0252.tif /mnt/lsdi/ocm07486517/ocm07486517/Output/_0253.tif /mnt/lsdi/ocm07486517/ocm07486517/Output/_0254.tif /mnt/lsdi/ocm07486517/ocm07486517/Output/_0255.tif /mnt/lsdi/ocm07486517/ocm07486517/Output/_0256.tif /mnt/lsdi/ocm07486517/ocm07486517/Output/_0257.tif /mnt/lsdi/ocm07486517/ocm07486517/Output/_0258.tif /mnt/lsdi/ocm07486517/ocm07486517/Output/_0259.tif /mnt/lsdi/ocm07486517/ocm07486517/Output/_0260.tif /mnt/lsdi/ocm07486517/ocm07486517/Output/_0261.tif /mnt/lsdi/ocm07486517/ocm07486517/Output/_0262.tif /mnt/lsdi/ocm07486517/ocm07486517/Output/_0263.tif /mnt/lsdi/ocm07486517/ocm07486517/Output/_0264.tif /mnt/lsdi/ocm07486517/ocm07486517/Output/_0265.tif /mnt/lsdi/ocm07486517/ocm07486517/Output/_0266.tif /mnt/lsdi/ocm07486517/ocm07486517/Output/_0267.tif /mnt/lsdi/ocm07486517/ocm07486517/Output/_0268.tif /mnt/lsdi/ocm07486517/ocm07486517/Output/_0269.tif /mnt/lsdi/ocm07486517/ocm07486517/Output/_0270.tif /mnt/lsdi/ocm07486517/ocm07486517/Output/_0271.tif /mnt/lsdi/ocm07486517/ocm07486517/Output/_0272.tif /mnt/lsdi/ocm07486517/ocm07486517/Output/_0273.tif /mnt/lsdi/ocm07486517/ocm07486517/Output/_0274.tif /mnt/lsdi/ocm07486517/ocm07486517/Output/_0275.tif /mnt/lsdi/ocm07486517/ocm07486517/Output/_0276.tif /mnt/lsdi/ocm07486517/ocm07486517/Output/_0277.tif /mnt/lsdi/ocm07486517/ocm07486517/Output/_0278.tif /mnt/lsdi/ocm07486517/ocm07486517/Output/_0279.tif /mnt/lsdi/ocm07486517/ocm07486517/Output/_0280.tif /mnt/lsdi/ocm07486517/ocm07486517/Output/_0281.tif /mnt/lsdi/ocm07486517/ocm07486517/Output/_0282.tif /mnt/lsdi/ocm07486517/ocm07486517/Output/_0283.tif /mnt/lsdi/ocm07486517/ocm07486517/Output/_0284.tif /mnt/lsdi/ocm07486517/ocm07486517/Output/_0285.tif /mnt/lsdi/ocm07486517/ocm07486517/Output/_0286.tif /mnt/lsdi/ocm07486517/ocm07486517/Output/_0287.tif /mnt/lsdi/ocm07486517/ocm07486517/Output/_0288.tif /mnt/lsdi/ocm07486517/ocm07486517/Output/_0289.tif /mnt/lsdi/ocm07486517/ocm07486517/Output/_0290.tif /mnt/lsdi/ocm07486517/ocm07486517/Output/_0291.tif /mnt/lsdi/ocm07486517/ocm07486517/Output/_0292.tif /mnt/lsdi/ocm07486517/ocm07486517/Output/_0293.tif /mnt/lsdi/ocm07486517/ocm07486517/Output/_0294.tif /mnt/lsdi/ocm07486517/ocm07486517/Output/_0295.tif /mnt/lsdi/ocm07486517/ocm07486517/Output/_0296.tif /mnt/lsdi/ocm07486517/ocm07486517/Output/_0297.tif /mnt/lsdi/ocm07486517/ocm07486517/Output/_0298.tif /mnt/lsdi/ocm07486517/ocm07486517/Output/_0299.tif /mnt/lsdi/ocm07486517/ocm07486517/Output/_0300.tif
  adding: mnt/lsdi/ocm07486517/ocm07486517/Output/_0001.tif (deflated 83%)
  adding: mnt/lsdi/ocm07486517/ocm07486517/Output/_0002.tif (deflated 6%)
  adding: mnt/lsdi/ocm07486517/ocm07486517/Output/_0003.tif (deflated 83%)
  adding: mnt/lsdi/ocm07486517/ocm07486517/Output/_0004.tif (deflated 4%)
  adding: mnt/lsdi/ocm07486517/ocm07486517/Output/_0005.tif (deflated 83%)
  adding: mnt/lsdi/ocm07486517/ocm07486517/Output/_0006.tif (deflated 4%)
  adding: mnt/lsdi/ocm07486517/ocm07486517/Output/_0007.tif (deflated 83%)
  adding: mnt/lsdi/ocm07486517/ocm07486517/Output/_0008.tif (deflated 4%)
  adding: mnt/lsdi/ocm07486517/ocm07486517/Output/_0009.tif (deflated 3%)
  adding: mnt/lsdi/ocm07486517/ocm07486517/Output/_0010.tif (deflated 3%)
  adding: mnt/lsdi/ocm07486517/ocm07486517/Output/_0011.tif (deflated 3%)
  adding: mnt/lsdi/ocm07486517/ocm07486517/Output/_0012.tif (deflated 3%)
  adding: mnt/lsdi/ocm07486517/ocm07486517/Output/_0013.tif (deflated 3%)
  adding: mnt/lsdi/ocm07486517/ocm07486517/Output/_0014.tif (deflated 3%)
  adding: mnt/lsdi/ocm07486517/ocm07486517/Output/_0015.tif (deflated 3%)
  adding: mnt/lsdi/ocm07486517/ocm07486517/Output/_0016.tif (deflated 3%)
  adding: mnt/lsdi/ocm07486517/ocm07486517/Output/_0017.tif (deflated 4%)
  adding: mnt/lsdi/ocm07486517/ocm07486517/Output/_0018.tif (deflated 4%)
  adding: mnt/lsdi/ocm07486517/ocm07486517/Output/_0019.tif (deflated 3%)
  adding: mnt/lsdi/ocm07486517/ocm07486517/Output/_0020.tif (deflated 3%)
  adding: mnt/lsdi/ocm07486517/ocm07486517/Output/_0021.tif (deflated 4%)
  adding: mnt/lsdi/ocm07486517/ocm07486517/Output/_0022.tif (deflated 3%)
  adding: mnt/lsdi/ocm07486517/ocm07486517/Output/_0023.tif (deflated 5%)
  adding: mnt/lsdi/ocm07486517/ocm07486517/Output/_0024.tif (deflated 19%)
  adding: mnt/lsdi/ocm07486517/ocm07486517/Output/_0025.tif (deflated 83%)
  adding: mnt/lsdi/ocm07486517/ocm07486517/Output/_0026.tif (deflated 3%)
  adding: mnt/lsdi/ocm07486517/ocm07486517/Output/_0027.tif (deflated 3%)
  adding: mnt/lsdi/ocm07486517/ocm07486517/Output/_0028.tif (deflated 3%)
  adding: mnt/lsdi/ocm07486517/ocm07486517/Output/_0029.tif (deflated 3%)
  adding: mnt/lsdi/ocm07486517/ocm07486517/Output/_0030.tif (deflated 3%)
  adding: mnt/lsdi/ocm07486517/ocm07486517/Output/_0031.tif (deflated 3%)
  adding: mnt/lsdi/ocm07486517/ocm07486517/Output/_0032.tif (deflated 3%)
  adding: mnt/lsdi/ocm07486517/ocm07486517/Output/_0033.tif (deflated 3%)
  adding: mnt/lsdi/ocm07486517/ocm07486517/Output/_0034.tif (deflated 3%)
  adding: mnt/lsdi/ocm07486517/ocm07486517/Output/_0035.tif (deflated 3%)
  adding: mnt/lsdi/ocm07486517/ocm07486517/Output/_0036.tif (deflated 3%)
  adding: mnt/lsdi/ocm07486517/ocm07486517/Output/_0037.tif (deflated 3%)
  adding: mnt/lsdi/ocm07486517/ocm07486517/Output/_0038.tif (deflated 3%)
  adding: mnt/lsdi/ocm07486517/ocm07486517/Output/_0039.tif (deflated 3%)
  adding: mnt/lsdi/ocm07486517/ocm07486517/Output/_0040.tif (deflated 3%)
  adding: mnt/lsdi/ocm07486517/ocm07486517/Output/_0041.tif (deflated 3%)
  adding: mnt/lsdi/ocm07486517/ocm07486517/Output/_0042.tif (deflated 3%)
  adding: mnt/lsdi/ocm07486517/ocm07486517/Output/_0043.tif (deflated 3%)
  adding: mnt/lsdi/ocm07486517/ocm07486517/Output/_0044.tif (deflated 3%)
  adding: mnt/lsdi/ocm07486517/ocm07486517/Output/_0045.tif (deflated 3%)
  adding: mnt/lsdi/ocm07486517/ocm07486517/Output/_0046.tif (deflated 3%)
  adding: mnt/lsdi/ocm07486517/ocm07486517/Output/_0047.tif (deflated 3%)
  adding: mnt/lsdi/ocm07486517/ocm07486517/Output/_0048.tif (deflated 3%)
  adding: mnt/lsdi/ocm07486517/ocm07486517/Output/_0049.tif (deflated 3%)
  adding: mnt/lsdi/ocm07486517/ocm07486517/Output/_0050.tif (deflated 3%)
  adding: mnt/lsdi/ocm07486517/ocm07486517/Output/_0051.tif (deflated 3%)
  adding: mnt/lsdi/ocm07486517/ocm07486517/Output/_0052.tif (deflated 3%)
  adding: mnt/lsdi/ocm07486517/ocm07486517/Output/_0053.tif (deflated 3%)
  adding: mnt/lsdi/ocm07486517/ocm07486517/Output/_0054.tif (deflated 3%)
  adding: mnt/lsdi/ocm07486517/ocm07486517/Output/_0055.tif (deflated 14%)
  adding: mnt/lsdi/ocm07486517/ocm07486517/Output/_0056.tif (deflated 17%)
  adding: mnt/lsdi/ocm07486517/ocm07486517/Output/_0057.tif (deflated 83%)
  adding: mnt/lsdi/ocm07486517/ocm07486517/Output/_0058.tif (deflated 3%)
  adding: mnt/lsdi/ocm07486517/ocm07486517/Output/_0059.tif (deflated 3%)
  adding: mnt/lsdi/ocm07486517/ocm07486517/Output/_0060.tif (deflated 3%)
  adding: mnt/lsdi/ocm07486517/ocm07486517/Output/_0061.tif (deflated 3%)
  adding: mnt/lsdi/ocm07486517/ocm07486517/Output/_0062.tif (deflated 3%)
  adding: mnt/lsdi/ocm07486517/ocm07486517/Output/_0063.tif (deflated 2%)
  adding: mnt/lsdi/ocm07486517/ocm07486517/Output/_0064.tif (deflated 70%)
  adding: mnt/lsdi/ocm07486517/ocm07486517/Output/_0065.tif (deflated 83%)
  adding: mnt/lsdi/ocm07486517/ocm07486517/Output/_0066.tif (deflated 3%)
  adding: mnt/lsdi/ocm07486517/ocm07486517/Output/_0067.tif (deflated 3%)
  adding: mnt/lsdi/ocm07486517/ocm07486517/Output/_0068.tif (deflated 2%)
  adding: mnt/lsdi/ocm07486517/ocm07486517/Output/_0069.tif (deflated 3%)
  adding: mnt/lsdi/ocm07486517/ocm07486517/Output/_0070.tif (deflated 3%)
  adding: mnt/lsdi/ocm07486517/ocm07486517/Output/_0071.tif (deflated 3%)
  adding: mnt/lsdi/ocm07486517/ocm07486517/Output/_0072.tif (deflated 3%)
  adding: mnt/lsdi/ocm07486517/ocm07486517/Output/_0073.tif (deflated 3%)
  adding: mnt/lsdi/ocm07486517/ocm07486517/Output/_0074.tif (deflated 68%)
  adding: mnt/lsdi/ocm07486517/ocm07486517/Output/_0075.tif (deflated 83%)
  adding: mnt/lsdi/ocm07486517/ocm07486517/Output/_0076.tif (deflated 3%)
  adding: mnt/lsdi/ocm07486517/ocm07486517/Output/_0077.tif (deflated 3%)
  adding: mnt/lsdi/ocm07486517/ocm07486517/Output/_0078.tif (deflated 3%)
  adding: mnt/lsdi/ocm07486517/ocm07486517/Output/_0079.tif (deflated 3%)
  adding: mnt/lsdi/ocm07486517/ocm07486517/Output/_0080.tif (deflated 3%)
  adding: mnt/lsdi/ocm07486517/ocm07486517/Output/_0081.tif (deflated 3%)
  adding: mnt/lsdi/ocm07486517/ocm07486517/Output/_0082.tif (deflated 3%)
  adding: mnt/lsdi/ocm07486517/ocm07486517/Output/_0083.tif (deflated 3%)
  adding: mnt/lsdi/ocm07486517/ocm07486517/Output/_0084.tif (deflated 2%)
  adding: mnt/lsdi/ocm07486517/ocm07486517/Output/_0085.tif (deflated 3%)
  adding: mnt/lsdi/ocm07486517/ocm07486517/Output/_0086.tif (deflated 3%)
  adding: mnt/lsdi/ocm07486517/ocm07486517/Output/_0087.tif (deflated 3%)
  adding: mnt/lsdi/ocm07486517/ocm07486517/Output/_0088.tif (deflated 3%)
  adding: mnt/lsdi/ocm07486517/ocm07486517/Output/_0089.tif (deflated 3%)
  adding: mnt/lsdi/ocm07486517/ocm07486517/Output/_0090.tif (deflated 3%)
  adding: mnt/lsdi/ocm07486517/ocm07486517/Output/_0091.tif (deflated 3%)
  adding: mnt/lsdi/ocm07486517/ocm07486517/Output/_0092.tif (deflated 3%)
  adding: mnt/lsdi/ocm07486517/ocm07486517/Output/_0093.tif (deflated 3%)
  adding: mnt/lsdi/ocm07486517/ocm07486517/Output/_0094.tif (deflated 4%)
  adding: mnt/lsdi/ocm07486517/ocm07486517/Output/_0095.tif (deflated 83%)
  adding: mnt/lsdi/ocm07486517/ocm07486517/Output/_0096.tif (deflated 16%)
  adding: mnt/lsdi/ocm07486517/ocm07486517/Output/_0097.tif (deflated 83%)
  adding: mnt/lsdi/ocm07486517/ocm07486517/Output/_0098.tif (deflated 3%)
  adding: mnt/lsdi/ocm07486517/ocm07486517/Output/_0099.tif (deflated 3%)
  adding: mnt/lsdi/ocm07486517/ocm07486517/Output/_0100.tif (deflated 3%)
  adding: mnt/lsdi/ocm07486517/ocm07486517/Output/_0101.tif (deflated 3%)
  adding: mnt/lsdi/ocm07486517/ocm07486517/Output/_0102.tif (deflated 3%)
  adding: mnt/lsdi/ocm07486517/ocm07486517/Output/_0103.tif (deflated 3%)
  adding: mnt/lsdi/ocm07486517/ocm07486517/Output/_0104.tif (deflated 3%)
  adding: mnt/lsdi/ocm07486517/ocm07486517/Output/_0105.tif (deflated 3%)
  adding: mnt/lsdi/ocm07486517/ocm07486517/Output/_0106.tif (deflated 3%)
  adding: mnt/lsdi/ocm07486517/ocm07486517/Output/_0107.tif (deflated 3%)
  adding: mnt/lsdi/ocm07486517/ocm07486517/Output/_0108.tif (deflated 2%)
  adding: mnt/lsdi/ocm07486517/ocm07486517/Output/_0109.tif (deflated 3%)
  adding: mnt/lsdi/ocm07486517/ocm07486517/Output/_0110.tif (deflated 3%)
  adding: mnt/lsdi/ocm07486517/ocm07486517/Output/_0111.tif (deflated 3%)
  adding: mnt/lsdi/ocm07486517/ocm07486517/Output/_0112.tif (deflated 70%)
  adding: mnt/lsdi/ocm07486517/ocm07486517/Output/_0113.tif (deflated 83%)
  adding: mnt/lsdi/ocm07486517/ocm07486517/Output/_0114.tif (deflated 2%)
  adding: mnt/lsdi/ocm07486517/ocm07486517/Output/_0115.tif (deflated 3%)
  adding: mnt/lsdi/ocm07486517/ocm07486517/Output/_0116.tif (deflated 2%)
  adding: mnt/lsdi/ocm07486517/ocm07486517/Output/_0117.tif (deflated 2%)
  adding: mnt/lsdi/ocm07486517/ocm07486517/Output/_0118.tif (deflated 3%)
  adding: mnt/lsdi/ocm07486517/ocm07486517/Output/_0119.tif (deflated 3%)
  adding: mnt/lsdi/ocm07486517/ocm07486517/Output/_0120.tif (deflated 3%)
  adding: mnt/lsdi/ocm07486517/ocm07486517/Output/_0121.tif (deflated 3%)
  adding: mnt/lsdi/ocm07486517/ocm07486517/Output/_0122.tif (deflated 83%)
  adding: mnt/lsdi/ocm07486517/ocm07486517/Output/_0123.tif (deflated 83%)
  adding: mnt/lsdi/ocm07486517/ocm07486517/Output/_0124.tif (deflated 16%)
  adding: mnt/lsdi/ocm07486517/ocm07486517/Output/_0125.tif (deflated 83%)
  adding: mnt/lsdi/ocm07486517/ocm07486517/Output/_0126.tif (deflated 3%)
  adding: mnt/lsdi/ocm07486517/ocm07486517/Output/_0127.tif (deflated 3%)
  adding: mnt/lsdi/ocm07486517/ocm07486517/Output/_0128.tif (deflated 3%)
  adding: mnt/lsdi/ocm07486517/ocm07486517/Output/_0129.tif (deflated 3%)
  adding: mnt/lsdi/ocm07486517/ocm07486517/Output/_0130.tif (deflated 3%)
  adding: mnt/lsdi/ocm07486517/ocm07486517/Output/_0131.tif (deflated 3%)
  adding: mnt/lsdi/ocm07486517/ocm07486517/Output/_0132.tif (deflated 3%)
  adding: mnt/lsdi/ocm07486517/ocm07486517/Output/_0133.tif (deflated 3%)
  adding: mnt/lsdi/ocm07486517/ocm07486517/Output/_0134.tif (deflated 3%)
  adding: mnt/lsdi/ocm07486517/ocm07486517/Output/_0135.tif (deflated 3%)
  adding: mnt/lsdi/ocm07486517/ocm07486517/Output/_0136.tif (deflated 3%)
  adding: mnt/lsdi/ocm07486517/ocm07486517/Output/_0137.tif (deflated 3%)
  adding: mnt/lsdi/ocm07486517/ocm07486517/Output/_0138.tif (deflated 2%)
  adding: mnt/lsdi/ocm07486517/ocm07486517/Output/_0139.tif (deflated 2%)
  adding: mnt/lsdi/ocm07486517/ocm07486517/Output/_0140.tif (deflated 3%)
  adding: mnt/lsdi/ocm07486517/ocm07486517/Output/_0141.tif (deflated 3%)
  adding: mnt/lsdi/ocm07486517/ocm07486517/Output/_0142.tif (deflated 3%)
  adding: mnt/lsdi/ocm07486517/ocm07486517/Output/_0143.tif (deflated 4%)
  adding: mnt/lsdi/ocm07486517/ocm07486517/Output/_0144.tif (deflated 16%)
  adding: mnt/lsdi/ocm07486517/ocm07486517/Output/_0145.tif (deflated 83%)
  adding: mnt/lsdi/ocm07486517/ocm07486517/Output/_0146.tif (deflated 3%)
  adding: mnt/lsdi/ocm07486517/ocm07486517/Output/_0147.tif (deflated 3%)
  adding: mnt/lsdi/ocm07486517/ocm07486517/Output/_0148.tif (deflated 3%)
  adding: mnt/lsdi/ocm07486517/ocm07486517/Output/_0149.tif (deflated 3%)
  adding: mnt/lsdi/ocm07486517/ocm07486517/Output/_0150.tif (deflated 67%)
  adding: mnt/lsdi/ocm07486517/ocm07486517/Output/_0151.tif (deflated 83%)
  adding: mnt/lsdi/ocm07486517/ocm07486517/Output/_0152.tif (deflated 3%)
  adding: mnt/lsdi/ocm07486517/ocm07486517/Output/_0153.tif (deflated 3%)
  adding: mnt/lsdi/ocm07486517/ocm07486517/Output/_0154.tif (deflated 2%)
  adding: mnt/lsdi/ocm07486517/ocm07486517/Output/_0155.tif (deflated 3%)
  adding: mnt/lsdi/ocm07486517/ocm07486517/Output/_0156.tif (deflated 70%)
  adding: mnt/lsdi/ocm07486517/ocm07486517/Output/_0157.tif (deflated 83%)
  adding: mnt/lsdi/ocm07486517/ocm07486517/Output/_0158.tif (deflated 2%)
  adding: mnt/lsdi/ocm07486517/ocm07486517/Output/_0159.tif (deflated 83%)
  adding: mnt/lsdi/ocm07486517/ocm07486517/Output/_0160.tif (deflated 15%)
  adding: mnt/lsdi/ocm07486517/ocm07486517/Output/_0161.tif (deflated 83%)
  adding: mnt/lsdi/ocm07486517/ocm07486517/Output/_0162.tif (deflated 3%)
  adding: mnt/lsdi/ocm07486517/ocm07486517/Output/_0163.tif (deflated 3%)
  adding: mnt/lsdi/ocm07486517/ocm07486517/Output/_0164.tif (deflated 3%)
  adding: mnt/lsdi/ocm07486517/ocm07486517/Output/_0165.tif (deflated 3%)
  adding: mnt/lsdi/ocm07486517/ocm07486517/Output/_0166.tif (deflated 3%)
  adding: mnt/lsdi/ocm07486517/ocm07486517/Output/_0167.tif (deflated 3%)
  adding: mnt/lsdi/ocm07486517/ocm07486517/Output/_0168.tif (deflated 5%)
  adding: mnt/lsdi/ocm07486517/ocm07486517/Output/_0169.tif (deflated 83%)
  adding: mnt/lsdi/ocm07486517/ocm07486517/Output/_0170.tif (deflated 15%)
  adding: mnt/lsdi/ocm07486517/ocm07486517/Output/_0171.tif (deflated 83%)
  adding: mnt/lsdi/ocm07486517/ocm07486517/Output/_0172.tif (deflated 4%)
  adding: mnt/lsdi/ocm07486517/ocm07486517/Output/_0173.tif (deflated 3%)
  adding: mnt/lsdi/ocm07486517/ocm07486517/Output/_0174.tif (deflated 2%)
  adding: mnt/lsdi/ocm07486517/ocm07486517/Output/_0175.tif (deflated 4%)
  adding: mnt/lsdi/ocm07486517/ocm07486517/Output/_0176.tif (deflated 16%)
  adding: mnt/lsdi/ocm07486517/ocm07486517/Output/_0177.tif (deflated 83%)
  adding: mnt/lsdi/ocm07486517/ocm07486517/Output/_0178.tif (deflated 83%)
  adding: mnt/lsdi/ocm07486517/ocm07486517/Output/_0179.tif (deflated 71%)
  adding: mnt/lsdi/ocm07486517/ocm07486517/Output/_0180.tif (deflated 3%)
  adding: mnt/lsdi/ocm07486517/ocm07486517/Output/_0181.tif (deflated 3%)
  adding: mnt/lsdi/ocm07486517/ocm07486517/Output/_0182.tif (deflated 3%)
  adding: mnt/lsdi/ocm07486517/ocm07486517/Output/_0183.tif (deflated 3%)
  adding: mnt/lsdi/ocm07486517/ocm07486517/Output/_0184.tif (deflated 73%)
  adding: mnt/lsdi/ocm07486517/ocm07486517/Output/_0185.tif (deflated 83%)
  adding: mnt/lsdi/ocm07486517/ocm07486517/Output/_0186.tif (deflated 2%)
  adding: mnt/lsdi/ocm07486517/ocm07486517/Output/_0187.tif (deflated 3%)
  adding: mnt/lsdi/ocm07486517/ocm07486517/Output/_0188.tif (deflated 3%)
  adding: mnt/lsdi/ocm07486517/ocm07486517/Output/_0189.tif (deflated 3%)
  adding: mnt/lsdi/ocm07486517/ocm07486517/Output/_0190.tif (deflated 3%)
  adding: mnt/lsdi/ocm07486517/ocm07486517/Output/_0191.tif (deflated 3%)
  adding: mnt/lsdi/ocm07486517/ocm07486517/Output/_0192.tif (deflated 3%)
  adding: mnt/lsdi/ocm07486517/ocm07486517/Output/_0193.tif (deflated 3%)
  adding: mnt/lsdi/ocm07486517/ocm07486517/Output/_0194.tif (deflated 2%)
  adding: mnt/lsdi/ocm07486517/ocm07486517/Output/_0195.tif (deflated 3%)
  adding: mnt/lsdi/ocm07486517/ocm07486517/Output/_0196.tif (deflated 3%)
  adding: mnt/lsdi/ocm07486517/ocm07486517/Output/_0197.tif (deflated 3%)
  adding: mnt/lsdi/ocm07486517/ocm07486517/Output/_0198.tif (deflated 3%)
  adding: mnt/lsdi/ocm07486517/ocm07486517/Output/_0199.tif (deflated 3%)
  adding: mnt/lsdi/ocm07486517/ocm07486517/Output/_0200.tif (deflated 3%)
  adding: mnt/lsdi/ocm07486517/ocm07486517/Output/_0201.tif (deflated 3%)
  adding: mnt/lsdi/ocm07486517/ocm07486517/Output/_0202.tif (deflated 2%)
  adding: mnt/lsdi/ocm07486517/ocm07486517/Output/_0203.tif (deflated 3%)
  adding: mnt/lsdi/ocm07486517/ocm07486517/Output/_0204.tif (deflated 3%)
  adding: mnt/lsdi/ocm07486517/ocm07486517/Output/_0205.tif (deflated 2%)
  adding: mnt/lsdi/ocm07486517/ocm07486517/Output/_0206.tif (deflated 3%)
  adding: mnt/lsdi/ocm07486517/ocm07486517/Output/_0207.tif (deflated 3%)
  adding: mnt/lsdi/ocm07486517/ocm07486517/Output/_0208.tif (deflated 3%)
  adding: mnt/lsdi/ocm07486517/ocm07486517/Output/_0209.tif (deflated 3%)
  adding: mnt/lsdi/ocm07486517/ocm07486517/Output/_0210.tif (deflated 3%)
  adding: mnt/lsdi/ocm07486517/ocm07486517/Output/_0211.tif (deflated 83%)
  adding: mnt/lsdi/ocm07486517/ocm07486517/Output/_0212.tif (deflated 14%)
  adding: mnt/lsdi/ocm07486517/ocm07486517/Output/_0213.tif (deflated 83%)
  adding: mnt/lsdi/ocm07486517/ocm07486517/Output/_0214.tif (deflated 83%)
  adding: mnt/lsdi/ocm07486517/ocm07486517/Output/_0215.tif (deflated 70%)
  adding: mnt/lsdi/ocm07486517/ocm07486517/Output/_0216.tif (deflated 4%)
  adding: mnt/lsdi/ocm07486517/ocm07486517/Output/_0217.tif (deflated 3%)
  adding: mnt/lsdi/ocm07486517/ocm07486517/Output/_0218.tif (deflated 3%)
  adding: mnt/lsdi/ocm07486517/ocm07486517/Output/_0219.tif (deflated 3%)
  adding: mnt/lsdi/ocm07486517/ocm07486517/Output/_0220.tif (deflated 3%)
  adding: mnt/lsdi/ocm07486517/ocm07486517/Output/_0221.tif (deflated 3%)
  adding: mnt/lsdi/ocm07486517/ocm07486517/Output/_0222.tif (deflated 3%)
  adding: mnt/lsdi/ocm07486517/ocm07486517/Output/_0223.tif (deflated 3%)
  adding: mnt/lsdi/ocm07486517/ocm07486517/Output/_0224.tif (deflated 3%)
  adding: mnt/lsdi/ocm07486517/ocm07486517/Output/_0225.tif (deflated 3%)
  adding: mnt/lsdi/ocm07486517/ocm07486517/Output/_0226.tif (deflated 3%)
  adding: mnt/lsdi/ocm07486517/ocm07486517/Output/_0227.tif (deflated 3%)
  adding: mnt/lsdi/ocm07486517/ocm07486517/Output/_0228.tif (deflated 2%)
  adding: mnt/lsdi/ocm07486517/ocm07486517/Output/_0229.tif (deflated 2%)
  adding: mnt/lsdi/ocm07486517/ocm07486517/Output/_0230.tif (deflated 3%)
  adding: mnt/lsdi/ocm07486517/ocm07486517/Output/_0231.tif (deflated 2%)
  adding: mnt/lsdi/ocm07486517/ocm07486517/Output/_0232.tif (deflated 2%)
  adding: mnt/lsdi/ocm07486517/ocm07486517/Output/_0233.tif (deflated 3%)
  adding: mnt/lsdi/ocm07486517/ocm07486517/Output/_0234.tif (deflated 2%)
  adding: mnt/lsdi/ocm07486517/ocm07486517/Output/_0235.tif (deflated 3%)
  adding: mnt/lsdi/ocm07486517/ocm07486517/Output/_0236.tif (deflated 2%)
  adding: mnt/lsdi/ocm07486517/ocm07486517/Output/_0237.tif (deflated 3%)
  adding: mnt/lsdi/ocm07486517/ocm07486517/Output/_0238.tif (deflated 3%)
  adding: mnt/lsdi/ocm07486517/ocm07486517/Output/_0239.tif (deflated 2%)
  adding: mnt/lsdi/ocm07486517/ocm07486517/Output/_0240.tif (deflated 4%)
  adding: mnt/lsdi/ocm07486517/ocm07486517/Output/_0241.tif (deflated 83%)
  adding: mnt/lsdi/ocm07486517/ocm07486517/Output/_0242.tif (deflated 16%)
  adding: mnt/lsdi/ocm07486517/ocm07486517/Output/_0243.tif (deflated 83%)
  adding: mnt/lsdi/ocm07486517/ocm07486517/Output/_0244.tif (deflated 3%)
  adding: mnt/lsdi/ocm07486517/ocm07486517/Output/_0245.tif (deflated 3%)
  adding: mnt/lsdi/ocm07486517/ocm07486517/Output/_0246.tif (deflated 3%)
  adding: mnt/lsdi/ocm07486517/ocm07486517/Output/_0247.tif (deflated 3%)
  adding: mnt/lsdi/ocm07486517/ocm07486517/Output/_0248.tif (deflated 3%)
  adding: mnt/lsdi/ocm07486517/ocm07486517/Output/_0249.tif (deflated 3%)
  adding: mnt/lsdi/ocm07486517/ocm07486517/Output/_0250.tif (deflated 3%)
  adding: mnt/lsdi/ocm07486517/ocm07486517/Output/_0251.tif (deflated 3%)
  adding: mnt/lsdi/ocm07486517/ocm07486517/Output/_0252.tif (deflated 2%)
  adding: mnt/lsdi/ocm07486517/ocm07486517/Output/_0253.tif (deflated 2%)
  adding: mnt/lsdi/ocm07486517/ocm07486517/Output/_0254.tif (deflated 2%)
  adding: mnt/lsdi/ocm07486517/ocm07486517/Output/_0255.tif (deflated 2%)
  adding: mnt/lsdi/ocm07486517/ocm07486517/Output/_0256.tif (deflated 3%)
  adding: mnt/lsdi/ocm07486517/ocm07486517/Output/_0257.tif (deflated 3%)
  adding: mnt/lsdi/ocm07486517/ocm07486517/Output/_0258.tif (deflated 3%)
  adding: mnt/lsdi/ocm07486517/ocm07486517/Output/_0259.tif (deflated 3%)
  adding: mnt/lsdi/ocm07486517/ocm07486517/Output/_0260.tif (deflated 3%)
  adding: mnt/lsdi/ocm07486517/ocm07486517/Output/_0261.tif (deflated 5%)
  adding: mnt/lsdi/ocm07486517/ocm07486517/Output/_0262.tif (deflated 16%)
  adding: mnt/lsdi/ocm07486517/ocm07486517/Output/_0263.tif (deflated 83%)
  adding: mnt/lsdi/ocm07486517/ocm07486517/Output/_0264.tif (deflated 4%)
  adding: mnt/lsdi/ocm07486517/ocm07486517/Output/_0265.tif (deflated 3%)
  adding: mnt/lsdi/ocm07486517/ocm07486517/Output/_0266.tif (deflated 3%)
  adding: mnt/lsdi/ocm07486517/ocm07486517/Output/_0267.tif (deflated 3%)
  adding: mnt/lsdi/ocm07486517/ocm07486517/Output/_0268.tif (deflated 3%)
  adding: mnt/lsdi/ocm07486517/ocm07486517/Output/_0269.tif (deflated 3%)
  adding: mnt/lsdi/ocm07486517/ocm07486517/Output/_0270.tif (deflated 3%)
  adding: mnt/lsdi/ocm07486517/ocm07486517/Output/_0271.tif (deflated 3%)
  adding: mnt/lsdi/ocm07486517/ocm07486517/Output/_0272.tif (deflated 3%)
  adding: mnt/lsdi/ocm07486517/ocm07486517/Output/_0273.tif (deflated 3%)
  adding: mnt/lsdi/ocm07486517/ocm07486517/Output/_0274.tif (deflated 3%)
  adding: mnt/lsdi/ocm07486517/ocm07486517/Output/_0275.tif (deflated 2%)
  adding: mnt/lsdi/ocm07486517/ocm07486517/Output/_0276.tif (deflated 3%)
  adding: mnt/lsdi/ocm07486517/ocm07486517/Output/_0277.tif (deflated 2%)
  adding: mnt/lsdi/ocm07486517/ocm07486517/Output/_0278.tif (deflated 3%)
  adding: mnt/lsdi/ocm07486517/ocm07486517/Output/_0279.tif (deflated 83%)
  adding: mnt/lsdi/ocm07486517/ocm07486517/Output/_0280.tif (deflated 17%)
  adding: mnt/lsdi/ocm07486517/ocm07486517/Output/_0281.tif (deflated 83%)
  adding: mnt/lsdi/ocm07486517/ocm07486517/Output/_0282.tif (deflated 83%)
  adding: mnt/lsdi/ocm07486517/ocm07486517/Output/_0283.tif (deflated 56%)
  adding: mnt/lsdi/ocm07486517/ocm07486517/Output/_0284.tif (deflated 3%)
  adding: mnt/lsdi/ocm07486517/ocm07486517/Output/_0285.tif (deflated 3%)
  adding: mnt/lsdi/ocm07486517/ocm07486517/Output/_0286.tif (deflated 3%)
  adding: mnt/lsdi/ocm07486517/ocm07486517/Output/_0287.tif (deflated 3%)
  adding: mnt/lsdi/ocm07486517/ocm07486517/Output/_0288.tif (deflated 3%)
  adding: mnt/lsdi/ocm07486517/ocm07486517/Output/_0289.tif (deflated 2%)
  adding: mnt/lsdi/ocm07486517/ocm07486517/Output/_0290.tif (deflated 3%)
  adding: mnt/lsdi/ocm07486517/ocm07486517/Output/_0291.tif (deflated 3%)
  adding: mnt/lsdi/ocm07486517/ocm07486517/Output/_0292.tif (deflated 2%)
  adding: mnt/lsdi/ocm07486517/ocm07486517/Output/_0293.tif (deflated 3%)
  adding: mnt/lsdi/ocm07486517/ocm07486517/Output/_0294.tif (deflated 2%)
  adding: mnt/lsdi/ocm07486517/ocm07486517/Output/_0295.tif (deflated 2%)
  adding: mnt/lsdi/ocm07486517/ocm07486517/Output/_0296.tif (deflated 3%)
  adding: mnt/lsdi/ocm07486517/ocm07486517/Output/_0297.tif (deflated 3%)
  adding: mnt/lsdi/ocm07486517/ocm07486517/Output/_0298.tif (deflated 2%)
  adding: mnt/lsdi/ocm07486517/ocm07486517/Output/_0299.tif (deflated 3%)
  adding: mnt/lsdi/ocm07486517/ocm07486517/Output/_0300.tif (deflated 7%)
curl --location --header authorization: LOW fpJYfLnxbLmCEHqU:JQbq6NgBaPrSh98Y --upload-file /temp/ocm07486517_images.zip http://s3.us.archive.org/07486517.emory.edu/07486517_images.zip
  % Total    % Received % Xferd  Average Speed   Time    Time     Time  Current
                                 Dload  Upload   Total   Spent    Left  Speed
  0     0    0     0    0     0      0      0 --:--:-- --:--:-- --:--:--     0  0 30.9M    0     0    0     0      0      0 --:--:--  0:00:01 --:--:--     0  0 30.9M    0     0    0 98304      0  79326  0:06:49  0:00:01  0:06:48 84891  2 30.9M    0     0    2  880k      0   400k  0:01:19  0:00:02  0:01:17  415k  5 30.9M    0     0    5 1632k      0   510k  0:01:02  0:00:03  0:00:59  524k  7 30.9M    0     0    7 2400k      0   568k  0:00:55  0:00:04  0:00:51  579k  9 30.9M    0     0    9 3136k      0   603k  0:00:52  0:00:05  0:00:47  762k 12 30.9M    0     0   12 3936k      0   630k  0:00:50  0:00:06  0:00:44  766k 14 30.9M    0     0   14 4640k      0   644k  0:00:49  0:00:07  0:00:42  752k 17 30.9M    0     0   17 5408k      0   659k  0:00:48  0:00:08  0:00:40  755k 19 30.9M    0     0   19 6160k      0   669k  0:00:47  0:00:09  0:00:38  755k 21 30.9M    0     0   21 6880k      0   673k  0:00:47  0:00:10  0:00:37  745k 24 30.9M    0     0   24 7664k      0   683k  0:00:46  0:00:11  0:00:35  751k 26 30.9M    0     0   26 8416k      0   687k  0:00:46  0:00:12  0:00:34  750k 28 30.9M    0     0   28 9168k      0   692k  0:00:45  0:00:13  0:00:32  744k 31 30.9M    0     0   31 9920k      0   698k  0:00:45  0:00:14  0:00:31  750k 33 30.9M    0     0   33 10.3M      0   698k  0:00:45  0:00:15  0:00:30  749k 35 30.9M    0     0   35 11.0M      0   699k  0:00:45  0:00:16  0:00:29  733k 38 30.9M    0     0   38 11.8M      0   704k  0:00:45  0:00:17  0:00:28  743k 40 30.9M    0     0   40 12.5M      0   708k  0:00:44  0:00:18  0:00:26  750k 42 30.9M    0     0   42 13.2M      0   708k  0:00:44  0:00:19  0:00:25  737k 45 30.9M    0     0   45 14.0M      0   712k  0:00:44  0:00:20  0:00:24  754k 47 30.9M    0     0   47 14.7M      0   714k  0:00:44  0:00:21  0:00:23  762k 49 30.9M    0     0   49 15.4M      0   713k  0:00:44  0:00:22  0:00:22  744k 52 30.9M    0     0   52 16.1M      0   713k  0:00:44  0:00:23  0:00:21  732k 54 30.9M    0     0   54 16.8M      0   714k  0:00:44  0:00:24  0:00:20  736k 56 30.9M    0     0   56 17.6M      0   716k  0:00:44  0:00:25  0:00:19  736k 59 30.9M    0     0   59 18.3M      0   718k  0:00:44  0:00:26  0:00:18  734k 61 30.9M    0     0   61 19.0M      0   718k  0:00:44  0:00:27  0:00:17  742k 63 30.9M    0     0   63 19.7M      0   718k  0:00:44  0:00:28  0:00:16  744k 66 30.9M    0     0   66 20.5M      0   721k  0:00:43  0:00:29  0:00:14  756k 68 30.9M    0     0   68 21.2M      0   721k  0:00:43  0:00:30  0:00:13  745k 71 30.9M    0     0   71 22.0M      0   722k  0:00:43  0:00:31  0:00:12  743k 73 30.9M    0     0   73 22.7M      0   722k  0:00:43  0:00:32  0:00:11  746k 75 30.9M    0     0   75 23.5M      0   724k  0:00:43  0:00:33  0:00:10  754k 78 30.9M    0     0   78 24.1M      0   724k  0:00:43  0:00:34  0:00:09  739k 80 30.9M    0     0   80 24.9M      0   725k  0:00:43  0:00:35  0:00:08  749k 82 30.9M    0     0   82 25.6M      0   726k  0:00:43  0:00:36  0:00:07  753k 85 30.9M    0     0   85 26.4M      0   727k  0:00:43  0:00:37  0:00:06  761k 87 30.9M    0     0   87 27.2M      0   728k  0:00:43  0:00:38  0:00:05  754k 90 30.9M    0     0   90 27.9M      0   729k  0:00:43  0:00:39  0:00:04  767k 92 30.9M    0     0   92 28.6M      0   730k  0:00:43  0:00:40  0:00:03  760k 94 30.9M    0     0   94 29.4M      0   730k  0:00:43  0:00:41  0:00:02  764k 97 30.9M    0     0   97 30.1M      0   732k  0:00:43  0:00:42  0:00:01  763k 99 30.9M    0     0   99 30.9M      0   733k  0:00:43  0:00:43 --:--:--  775k100 30.9M    0     0  100 30.9M      0   716k  0:00:44  0:00:44 --:--:--  617k100 30.9M    0     0  100 30.9M      0   709k  0:00:44  0:00:44 --:--:--  528k
