Bucket ID will be 02849022.emory.edu
curl --location --header x-amz-auto-make-bucket:1 --header x-archive-ignore-preexisting-bucket:1 --header x-archive-queue-derive:0 --header x-archive-meta-mediatype:texts --header x-archive-meta03-collection:emory --header x-archive-meta01-collection:americanmethodism --header x-archive-meta-sponsor:Emory University, Pitts Theology Library --header x-archive-meta-contributor:Emory University, Pitts Theology Library --header x-archive-meta-ppi:300 --header authorization: LOW fpJYfLnxbLmCEHqU:JQbq6NgBaPrSh98Y --upload-file /mnt/lsdi/ocm02849022-1004/ocm02849022/ocm02849022_MRC.xml http://s3.us.archive.org/02849022.1004.emory.edu/02849022.1004.emory.edu_marc.xml
  % Total    % Received % Xferd  Average Speed   Time    Time     Time  Current
                                 Dload  Upload   Total   Spent    Left  Speed
  0     0    0     0    0     0      0      0 --:--:-- --:--:-- --:--:--     0100  3134    0     0  100  3134      0   1660  0:00:01  0:00:01 --:--:--  1729100  3134    0     0  100  3134      0   1084  0:00:02  0:00:02 --:--:--  1114100  3134    0     0  100  3134      0    818  0:00:03  0:00:03 --:--:--   834100  3134    0     0  100  3134      0    818  0:00:03  0:00:03 --:--:--   834
zip -r /temp/ocm02849022_1004_images.zip /mnt/lsdi/ocm02849022-1004/ocm02849022/Output/ocm02849022_0001.tif /mnt/lsdi/ocm02849022-1004/ocm02849022/Output/ocm02849022_0002.tif /mnt/lsdi/ocm02849022-1004/ocm02849022/Output/ocm02849022_0003.tif /mnt/lsdi/ocm02849022-1004/ocm02849022/Output/ocm02849022_0004.tif /mnt/lsdi/ocm02849022-1004/ocm02849022/Output/ocm02849022_0005.tif /mnt/lsdi/ocm02849022-1004/ocm02849022/Output/ocm02849022_0006.tif /mnt/lsdi/ocm02849022-1004/ocm02849022/Output/ocm02849022_0007.tif /mnt/lsdi/ocm02849022-1004/ocm02849022/Output/ocm02849022_0008.tif /mnt/lsdi/ocm02849022-1004/ocm02849022/Output/ocm02849022_0009.tif /mnt/lsdi/ocm02849022-1004/ocm02849022/Output/ocm02849022_0010.tif /mnt/lsdi/ocm02849022-1004/ocm02849022/Output/ocm02849022_0011.tif /mnt/lsdi/ocm02849022-1004/ocm02849022/Output/ocm02849022_0012.tif /mnt/lsdi/ocm02849022-1004/ocm02849022/Output/ocm02849022_0013.tif /mnt/lsdi/ocm02849022-1004/ocm02849022/Output/ocm02849022_0014.tif /mnt/lsdi/ocm02849022-1004/ocm02849022/Output/ocm02849022_0015.tif /mnt/lsdi/ocm02849022-1004/ocm02849022/Output/ocm02849022_0016.tif /mnt/lsdi/ocm02849022-1004/ocm02849022/Output/ocm02849022_0017.tif /mnt/lsdi/ocm02849022-1004/ocm02849022/Output/ocm02849022_0018.tif /mnt/lsdi/ocm02849022-1004/ocm02849022/Output/ocm02849022_0019.tif /mnt/lsdi/ocm02849022-1004/ocm02849022/Output/ocm02849022_0020.tif /mnt/lsdi/ocm02849022-1004/ocm02849022/Output/ocm02849022_0021.tif /mnt/lsdi/ocm02849022-1004/ocm02849022/Output/ocm02849022_0022.tif /mnt/lsdi/ocm02849022-1004/ocm02849022/Output/ocm02849022_0023.tif /mnt/lsdi/ocm02849022-1004/ocm02849022/Output/ocm02849022_0024.tif /mnt/lsdi/ocm02849022-1004/ocm02849022/Output/ocm02849022_0025.tif /mnt/lsdi/ocm02849022-1004/ocm02849022/Output/ocm02849022_0026.tif /mnt/lsdi/ocm02849022-1004/ocm02849022/Output/ocm02849022_0027.tif /mnt/lsdi/ocm02849022-1004/ocm02849022/Output/ocm02849022_0028.tif /mnt/lsdi/ocm02849022-1004/ocm02849022/Output/ocm02849022_0029.tif /mnt/lsdi/ocm02849022-1004/ocm02849022/Output/ocm02849022_0030.tif /mnt/lsdi/ocm02849022-1004/ocm02849022/Output/ocm02849022_0031.tif /mnt/lsdi/ocm02849022-1004/ocm02849022/Output/ocm02849022_0032.tif /mnt/lsdi/ocm02849022-1004/ocm02849022/Output/ocm02849022_0033.tif /mnt/lsdi/ocm02849022-1004/ocm02849022/Output/ocm02849022_0034.tif /mnt/lsdi/ocm02849022-1004/ocm02849022/Output/ocm02849022_0035.tif /mnt/lsdi/ocm02849022-1004/ocm02849022/Output/ocm02849022_0036.tif /mnt/lsdi/ocm02849022-1004/ocm02849022/Output/ocm02849022_0037.tif /mnt/lsdi/ocm02849022-1004/ocm02849022/Output/ocm02849022_0038.tif /mnt/lsdi/ocm02849022-1004/ocm02849022/Output/ocm02849022_0039.tif /mnt/lsdi/ocm02849022-1004/ocm02849022/Output/ocm02849022_0040.tif /mnt/lsdi/ocm02849022-1004/ocm02849022/Output/ocm02849022_0041.tif /mnt/lsdi/ocm02849022-1004/ocm02849022/Output/ocm02849022_0042.tif /mnt/lsdi/ocm02849022-1004/ocm02849022/Output/ocm02849022_0043.tif /mnt/lsdi/ocm02849022-1004/ocm02849022/Output/ocm02849022_0044.tif /mnt/lsdi/ocm02849022-1004/ocm02849022/Output/ocm02849022_0045.tif /mnt/lsdi/ocm02849022-1004/ocm02849022/Output/ocm02849022_0046.tif /mnt/lsdi/ocm02849022-1004/ocm02849022/Output/ocm02849022_0047.tif /mnt/lsdi/ocm02849022-1004/ocm02849022/Output/ocm02849022_0048.tif /mnt/lsdi/ocm02849022-1004/ocm02849022/Output/ocm02849022_0049.tif /mnt/lsdi/ocm02849022-1004/ocm02849022/Output/ocm02849022_0050.tif /mnt/lsdi/ocm02849022-1004/ocm02849022/Output/ocm02849022_0051.tif /mnt/lsdi/ocm02849022-1004/ocm02849022/Output/ocm02849022_0052.tif /mnt/lsdi/ocm02849022-1004/ocm02849022/Output/ocm02849022_0053.tif /mnt/lsdi/ocm02849022-1004/ocm02849022/Output/ocm02849022_0054.tif /mnt/lsdi/ocm02849022-1004/ocm02849022/Output/ocm02849022_0055.tif /mnt/lsdi/ocm02849022-1004/ocm02849022/Output/ocm02849022_0056.tif /mnt/lsdi/ocm02849022-1004/ocm02849022/Output/ocm02849022_0057.tif /mnt/lsdi/ocm02849022-1004/ocm02849022/Output/ocm02849022_0058.tif /mnt/lsdi/ocm02849022-1004/ocm02849022/Output/ocm02849022_0059.tif /mnt/lsdi/ocm02849022-1004/ocm02849022/Output/ocm02849022_0060.tif /mnt/lsdi/ocm02849022-1004/ocm02849022/Output/ocm02849022_0061.tif /mnt/lsdi/ocm02849022-1004/ocm02849022/Output/ocm02849022_0062.tif /mnt/lsdi/ocm02849022-1004/ocm02849022/Output/ocm02849022_0063.tif /mnt/lsdi/ocm02849022-1004/ocm02849022/Output/ocm02849022_0064.tif /mnt/lsdi/ocm02849022-1004/ocm02849022/Output/ocm02849022_0065.tif /mnt/lsdi/ocm02849022-1004/ocm02849022/Output/ocm02849022_0066.tif /mnt/lsdi/ocm02849022-1004/ocm02849022/Output/ocm02849022_0067.tif /mnt/lsdi/ocm02849022-1004/ocm02849022/Output/ocm02849022_0068.tif /mnt/lsdi/ocm02849022-1004/ocm02849022/Output/ocm02849022_0069.tif /mnt/lsdi/ocm02849022-1004/ocm02849022/Output/ocm02849022_0070.tif /mnt/lsdi/ocm02849022-1004/ocm02849022/Output/ocm02849022_0071.tif /mnt/lsdi/ocm02849022-1004/ocm02849022/Output/ocm02849022_0072.tif /mnt/lsdi/ocm02849022-1004/ocm02849022/Output/ocm02849022_0073.tif /mnt/lsdi/ocm02849022-1004/ocm02849022/Output/ocm02849022_0074.tif /mnt/lsdi/ocm02849022-1004/ocm02849022/Output/ocm02849022_0075.tif /mnt/lsdi/ocm02849022-1004/ocm02849022/Output/ocm02849022_0076.tif /mnt/lsdi/ocm02849022-1004/ocm02849022/Output/ocm02849022_0077.tif /mnt/lsdi/ocm02849022-1004/ocm02849022/Output/ocm02849022_0078.tif /mnt/lsdi/ocm02849022-1004/ocm02849022/Output/ocm02849022_0079.tif /mnt/lsdi/ocm02849022-1004/ocm02849022/Output/ocm02849022_0080.tif /mnt/lsdi/ocm02849022-1004/ocm02849022/Output/ocm02849022_0081.tif /mnt/lsdi/ocm02849022-1004/ocm02849022/Output/ocm02849022_0082.tif /mnt/lsdi/ocm02849022-1004/ocm02849022/Output/ocm02849022_0083.tif /mnt/lsdi/ocm02849022-1004/ocm02849022/Output/ocm02849022_0084.tif /mnt/lsdi/ocm02849022-1004/ocm02849022/Output/ocm02849022_0085.tif /mnt/lsdi/ocm02849022-1004/ocm02849022/Output/ocm02849022_0086.tif /mnt/lsdi/ocm02849022-1004/ocm02849022/Output/ocm02849022_0087.tif /mnt/lsdi/ocm02849022-1004/ocm02849022/Output/ocm02849022_0088.tif /mnt/lsdi/ocm02849022-1004/ocm02849022/Output/ocm02849022_0089.tif /mnt/lsdi/ocm02849022-1004/ocm02849022/Output/ocm02849022_0090.tif /mnt/lsdi/ocm02849022-1004/ocm02849022/Output/ocm02849022_0091.tif /mnt/lsdi/ocm02849022-1004/ocm02849022/Output/ocm02849022_0092.tif /mnt/lsdi/ocm02849022-1004/ocm02849022/Output/ocm02849022_0093.tif /mnt/lsdi/ocm02849022-1004/ocm02849022/Output/ocm02849022_0094.tif /mnt/lsdi/ocm02849022-1004/ocm02849022/Output/ocm02849022_0095.tif /mnt/lsdi/ocm02849022-1004/ocm02849022/Output/ocm02849022_0096.tif /mnt/lsdi/ocm02849022-1004/ocm02849022/Output/ocm02849022_0097.tif /mnt/lsdi/ocm02849022-1004/ocm02849022/Output/ocm02849022_0098.tif /mnt/lsdi/ocm02849022-1004/ocm02849022/Output/ocm02849022_0099.tif /mnt/lsdi/ocm02849022-1004/ocm02849022/Output/ocm02849022_0100.tif /mnt/lsdi/ocm02849022-1004/ocm02849022/Output/ocm02849022_0101.tif /mnt/lsdi/ocm02849022-1004/ocm02849022/Output/ocm02849022_0102.tif /mnt/lsdi/ocm02849022-1004/ocm02849022/Output/ocm02849022_0103.tif /mnt/lsdi/ocm02849022-1004/ocm02849022/Output/ocm02849022_0104.tif /mnt/lsdi/ocm02849022-1004/ocm02849022/Output/ocm02849022_0105.tif /mnt/lsdi/ocm02849022-1004/ocm02849022/Output/ocm02849022_0106.tif /mnt/lsdi/ocm02849022-1004/ocm02849022/Output/ocm02849022_0107.tif /mnt/lsdi/ocm02849022-1004/ocm02849022/Output/ocm02849022_0108.tif /mnt/lsdi/ocm02849022-1004/ocm02849022/Output/ocm02849022_0109.tif /mnt/lsdi/ocm02849022-1004/ocm02849022/Output/ocm02849022_0110.tif /mnt/lsdi/ocm02849022-1004/ocm02849022/Output/ocm02849022_0111.tif /mnt/lsdi/ocm02849022-1004/ocm02849022/Output/ocm02849022_0112.tif /mnt/lsdi/ocm02849022-1004/ocm02849022/Output/ocm02849022_0113.tif /mnt/lsdi/ocm02849022-1004/ocm02849022/Output/ocm02849022_0114.tif /mnt/lsdi/ocm02849022-1004/ocm02849022/Output/ocm02849022_0115.tif /mnt/lsdi/ocm02849022-1004/ocm02849022/Output/ocm02849022_0116.tif /mnt/lsdi/ocm02849022-1004/ocm02849022/Output/ocm02849022_0117.tif /mnt/lsdi/ocm02849022-1004/ocm02849022/Output/ocm02849022_0118.tif /mnt/lsdi/ocm02849022-1004/ocm02849022/Output/ocm02849022_0119.tif /mnt/lsdi/ocm02849022-1004/ocm02849022/Output/ocm02849022_0120.tif /mnt/lsdi/ocm02849022-1004/ocm02849022/Output/ocm02849022_0121.tif /mnt/lsdi/ocm02849022-1004/ocm02849022/Output/ocm02849022_0122.tif /mnt/lsdi/ocm02849022-1004/ocm02849022/Output/ocm02849022_0123.tif /mnt/lsdi/ocm02849022-1004/ocm02849022/Output/ocm02849022_0124.tif /mnt/lsdi/ocm02849022-1004/ocm02849022/Output/ocm02849022_0125.tif /mnt/lsdi/ocm02849022-1004/ocm02849022/Output/ocm02849022_0126.tif /mnt/lsdi/ocm02849022-1004/ocm02849022/Output/ocm02849022_0127.tif /mnt/lsdi/ocm02849022-1004/ocm02849022/Output/ocm02849022_0128.tif /mnt/lsdi/ocm02849022-1004/ocm02849022/Output/ocm02849022_0129.tif /mnt/lsdi/ocm02849022-1004/ocm02849022/Output/ocm02849022_0130.tif /mnt/lsdi/ocm02849022-1004/ocm02849022/Output/ocm02849022_0131.tif /mnt/lsdi/ocm02849022-1004/ocm02849022/Output/ocm02849022_0132.tif /mnt/lsdi/ocm02849022-1004/ocm02849022/Output/ocm02849022_0133.tif /mnt/lsdi/ocm02849022-1004/ocm02849022/Output/ocm02849022_0134.tif /mnt/lsdi/ocm02849022-1004/ocm02849022/Output/ocm02849022_0135.tif /mnt/lsdi/ocm02849022-1004/ocm02849022/Output/ocm02849022_0136.tif /mnt/lsdi/ocm02849022-1004/ocm02849022/Output/ocm02849022_0137.tif /mnt/lsdi/ocm02849022-1004/ocm02849022/Output/ocm02849022_0138.tif /mnt/lsdi/ocm02849022-1004/ocm02849022/Output/ocm02849022_0139.tif /mnt/lsdi/ocm02849022-1004/ocm02849022/Output/ocm02849022_0140.tif /mnt/lsdi/ocm02849022-1004/ocm02849022/Output/ocm02849022_0141.tif /mnt/lsdi/ocm02849022-1004/ocm02849022/Output/ocm02849022_0142.tif /mnt/lsdi/ocm02849022-1004/ocm02849022/Output/ocm02849022_0143.tif /mnt/lsdi/ocm02849022-1004/ocm02849022/Output/ocm02849022_0144.tif /mnt/lsdi/ocm02849022-1004/ocm02849022/Output/ocm02849022_0145.tif /mnt/lsdi/ocm02849022-1004/ocm02849022/Output/ocm02849022_0146.tif /mnt/lsdi/ocm02849022-1004/ocm02849022/Output/ocm02849022_0147.tif /mnt/lsdi/ocm02849022-1004/ocm02849022/Output/ocm02849022_0148.tif /mnt/lsdi/ocm02849022-1004/ocm02849022/Output/ocm02849022_0149.tif /mnt/lsdi/ocm02849022-1004/ocm02849022/Output/ocm02849022_0150.tif /mnt/lsdi/ocm02849022-1004/ocm02849022/Output/ocm02849022_0151.tif /mnt/lsdi/ocm02849022-1004/ocm02849022/Output/ocm02849022_0152.tif /mnt/lsdi/ocm02849022-1004/ocm02849022/Output/ocm02849022_0153.tif /mnt/lsdi/ocm02849022-1004/ocm02849022/Output/ocm02849022_0154.tif /mnt/lsdi/ocm02849022-1004/ocm02849022/Output/ocm02849022_0155.tif /mnt/lsdi/ocm02849022-1004/ocm02849022/Output/ocm02849022_0156.tif /mnt/lsdi/ocm02849022-1004/ocm02849022/Output/ocm02849022_0157.tif /mnt/lsdi/ocm02849022-1004/ocm02849022/Output/ocm02849022_0158.tif /mnt/lsdi/ocm02849022-1004/ocm02849022/Output/ocm02849022_0159.tif /mnt/lsdi/ocm02849022-1004/ocm02849022/Output/ocm02849022_0160.tif /mnt/lsdi/ocm02849022-1004/ocm02849022/Output/ocm02849022_0161.tif /mnt/lsdi/ocm02849022-1004/ocm02849022/Output/ocm02849022_0162.tif /mnt/lsdi/ocm02849022-1004/ocm02849022/Output/ocm02849022_0163.tif /mnt/lsdi/ocm02849022-1004/ocm02849022/Output/ocm02849022_0164.tif /mnt/lsdi/ocm02849022-1004/ocm02849022/Output/ocm02849022_0165.tif /mnt/lsdi/ocm02849022-1004/ocm02849022/Output/ocm02849022_0166.tif /mnt/lsdi/ocm02849022-1004/ocm02849022/Output/ocm02849022_0167.tif /mnt/lsdi/ocm02849022-1004/ocm02849022/Output/ocm02849022_0168.tif /mnt/lsdi/ocm02849022-1004/ocm02849022/Output/ocm02849022_0169.tif /mnt/lsdi/ocm02849022-1004/ocm02849022/Output/ocm02849022_0170.tif /mnt/lsdi/ocm02849022-1004/ocm02849022/Output/ocm02849022_0171.tif /mnt/lsdi/ocm02849022-1004/ocm02849022/Output/ocm02849022_0172.tif /mnt/lsdi/ocm02849022-1004/ocm02849022/Output/ocm02849022_0173.tif /mnt/lsdi/ocm02849022-1004/ocm02849022/Output/ocm02849022_0174.tif /mnt/lsdi/ocm02849022-1004/ocm02849022/Output/ocm02849022_0175.tif /mnt/lsdi/ocm02849022-1004/ocm02849022/Output/ocm02849022_0176.tif /mnt/lsdi/ocm02849022-1004/ocm02849022/Output/ocm02849022_0177.tif /mnt/lsdi/ocm02849022-1004/ocm02849022/Output/ocm02849022_0178.tif /mnt/lsdi/ocm02849022-1004/ocm02849022/Output/ocm02849022_0179.tif /mnt/lsdi/ocm02849022-1004/ocm02849022/Output/ocm02849022_0180.tif /mnt/lsdi/ocm02849022-1004/ocm02849022/Output/ocm02849022_0181.tif /mnt/lsdi/ocm02849022-1004/ocm02849022/Output/ocm02849022_0182.tif /mnt/lsdi/ocm02849022-1004/ocm02849022/Output/ocm02849022_0183.tif /mnt/lsdi/ocm02849022-1004/ocm02849022/Output/ocm02849022_0184.tif /mnt/lsdi/ocm02849022-1004/ocm02849022/Output/ocm02849022_0185.tif /mnt/lsdi/ocm02849022-1004/ocm02849022/Output/ocm02849022_0186.tif /mnt/lsdi/ocm02849022-1004/ocm02849022/Output/ocm02849022_0187.tif /mnt/lsdi/ocm02849022-1004/ocm02849022/Output/ocm02849022_0188.tif /mnt/lsdi/ocm02849022-1004/ocm02849022/Output/ocm02849022_0189.tif /mnt/lsdi/ocm02849022-1004/ocm02849022/Output/ocm02849022_0190.tif /mnt/lsdi/ocm02849022-1004/ocm02849022/Output/ocm02849022_0191.tif /mnt/lsdi/ocm02849022-1004/ocm02849022/Output/ocm02849022_0192.tif /mnt/lsdi/ocm02849022-1004/ocm02849022/Output/ocm02849022_0193.tif /mnt/lsdi/ocm02849022-1004/ocm02849022/Output/ocm02849022_0194.tif /mnt/lsdi/ocm02849022-1004/ocm02849022/Output/ocm02849022_0195.tif /mnt/lsdi/ocm02849022-1004/ocm02849022/Output/ocm02849022_0196.tif /mnt/lsdi/ocm02849022-1004/ocm02849022/Output/ocm02849022_0197.tif /mnt/lsdi/ocm02849022-1004/ocm02849022/Output/ocm02849022_0198.tif /mnt/lsdi/ocm02849022-1004/ocm02849022/Output/ocm02849022_0199.tif /mnt/lsdi/ocm02849022-1004/ocm02849022/Output/ocm02849022_0200.tif /mnt/lsdi/ocm02849022-1004/ocm02849022/Output/ocm02849022_0201.tif /mnt/lsdi/ocm02849022-1004/ocm02849022/Output/ocm02849022_0202.tif /mnt/lsdi/ocm02849022-1004/ocm02849022/Output/ocm02849022_0203.tif /mnt/lsdi/ocm02849022-1004/ocm02849022/Output/ocm02849022_0204.tif /mnt/lsdi/ocm02849022-1004/ocm02849022/Output/ocm02849022_0205.tif /mnt/lsdi/ocm02849022-1004/ocm02849022/Output/ocm02849022_0206.tif /mnt/lsdi/ocm02849022-1004/ocm02849022/Output/ocm02849022_0207.tif /mnt/lsdi/ocm02849022-1004/ocm02849022/Output/ocm02849022_0208.tif /mnt/lsdi/ocm02849022-1004/ocm02849022/Output/ocm02849022_0209.tif /mnt/lsdi/ocm02849022-1004/ocm02849022/Output/ocm02849022_0210.tif /mnt/lsdi/ocm02849022-1004/ocm02849022/Output/ocm02849022_0211.tif /mnt/lsdi/ocm02849022-1004/ocm02849022/Output/ocm02849022_0212.tif /mnt/lsdi/ocm02849022-1004/ocm02849022/Output/ocm02849022_0213.tif /mnt/lsdi/ocm02849022-1004/ocm02849022/Output/ocm02849022_0214.tif /mnt/lsdi/ocm02849022-1004/ocm02849022/Output/ocm02849022_0215.tif /mnt/lsdi/ocm02849022-1004/ocm02849022/Output/ocm02849022_0216.tif /mnt/lsdi/ocm02849022-1004/ocm02849022/Output/ocm02849022_0217.tif /mnt/lsdi/ocm02849022-1004/ocm02849022/Output/ocm02849022_0218.tif /mnt/lsdi/ocm02849022-1004/ocm02849022/Output/ocm02849022_0219.tif /mnt/lsdi/ocm02849022-1004/ocm02849022/Output/ocm02849022_0220.tif /mnt/lsdi/ocm02849022-1004/ocm02849022/Output/ocm02849022_0221.tif /mnt/lsdi/ocm02849022-1004/ocm02849022/Output/ocm02849022_0222.tif /mnt/lsdi/ocm02849022-1004/ocm02849022/Output/ocm02849022_0223.tif /mnt/lsdi/ocm02849022-1004/ocm02849022/Output/ocm02849022_0224.tif /mnt/lsdi/ocm02849022-1004/ocm02849022/Output/ocm02849022_0225.tif /mnt/lsdi/ocm02849022-1004/ocm02849022/Output/ocm02849022_0226.tif /mnt/lsdi/ocm02849022-1004/ocm02849022/Output/ocm02849022_0227.tif /mnt/lsdi/ocm02849022-1004/ocm02849022/Output/ocm02849022_0228.tif /mnt/lsdi/ocm02849022-1004/ocm02849022/Output/ocm02849022_0229.tif /mnt/lsdi/ocm02849022-1004/ocm02849022/Output/ocm02849022_0230.tif /mnt/lsdi/ocm02849022-1004/ocm02849022/Output/ocm02849022_0231.tif /mnt/lsdi/ocm02849022-1004/ocm02849022/Output/ocm02849022_0232.tif /mnt/lsdi/ocm02849022-1004/ocm02849022/Output/ocm02849022_0233.tif /mnt/lsdi/ocm02849022-1004/ocm02849022/Output/ocm02849022_0234.tif /mnt/lsdi/ocm02849022-1004/ocm02849022/Output/ocm02849022_0235.tif /mnt/lsdi/ocm02849022-1004/ocm02849022/Output/ocm02849022_0236.tif /mnt/lsdi/ocm02849022-1004/ocm02849022/Output/ocm02849022_0237.tif /mnt/lsdi/ocm02849022-1004/ocm02849022/Output/ocm02849022_0238.tif /mnt/lsdi/ocm02849022-1004/ocm02849022/Output/ocm02849022_0239.tif /mnt/lsdi/ocm02849022-1004/ocm02849022/Output/ocm02849022_0240.tif /mnt/lsdi/ocm02849022-1004/ocm02849022/Output/ocm02849022_0241.tif /mnt/lsdi/ocm02849022-1004/ocm02849022/Output/ocm02849022_0242.tif /mnt/lsdi/ocm02849022-1004/ocm02849022/Output/ocm02849022_0243.tif /mnt/lsdi/ocm02849022-1004/ocm02849022/Output/ocm02849022_0244.tif /mnt/lsdi/ocm02849022-1004/ocm02849022/Output/ocm02849022_0245.tif /mnt/lsdi/ocm02849022-1004/ocm02849022/Output/ocm02849022_0246.tif /mnt/lsdi/ocm02849022-1004/ocm02849022/Output/ocm02849022_0247.tif /mnt/lsdi/ocm02849022-1004/ocm02849022/Output/ocm02849022_0248.tif /mnt/lsdi/ocm02849022-1004/ocm02849022/Output/ocm02849022_0249.tif /mnt/lsdi/ocm02849022-1004/ocm02849022/Output/ocm02849022_0250.tif /mnt/lsdi/ocm02849022-1004/ocm02849022/Output/ocm02849022_0251.tif /mnt/lsdi/ocm02849022-1004/ocm02849022/Output/ocm02849022_0252.tif /mnt/lsdi/ocm02849022-1004/ocm02849022/Output/ocm02849022_0253.tif /mnt/lsdi/ocm02849022-1004/ocm02849022/Output/ocm02849022_0254.tif /mnt/lsdi/ocm02849022-1004/ocm02849022/Output/ocm02849022_0255.tif /mnt/lsdi/ocm02849022-1004/ocm02849022/Output/ocm02849022_0256.tif /mnt/lsdi/ocm02849022-1004/ocm02849022/Output/ocm02849022_0257.tif /mnt/lsdi/ocm02849022-1004/ocm02849022/Output/ocm02849022_0258.tif /mnt/lsdi/ocm02849022-1004/ocm02849022/Output/ocm02849022_0259.tif /mnt/lsdi/ocm02849022-1004/ocm02849022/Output/ocm02849022_0260.tif /mnt/lsdi/ocm02849022-1004/ocm02849022/Output/ocm02849022_0261.tif /mnt/lsdi/ocm02849022-1004/ocm02849022/Output/ocm02849022_0262.tif /mnt/lsdi/ocm02849022-1004/ocm02849022/Output/ocm02849022_0263.tif /mnt/lsdi/ocm02849022-1004/ocm02849022/Output/ocm02849022_0264.tif /mnt/lsdi/ocm02849022-1004/ocm02849022/Output/ocm02849022_0265.tif /mnt/lsdi/ocm02849022-1004/ocm02849022/Output/ocm02849022_0266.tif /mnt/lsdi/ocm02849022-1004/ocm02849022/Output/ocm02849022_0267.tif /mnt/lsdi/ocm02849022-1004/ocm02849022/Output/ocm02849022_0268.tif /mnt/lsdi/ocm02849022-1004/ocm02849022/Output/ocm02849022_0269.tif /mnt/lsdi/ocm02849022-1004/ocm02849022/Output/ocm02849022_0270.tif /mnt/lsdi/ocm02849022-1004/ocm02849022/Output/ocm02849022_0271.tif /mnt/lsdi/ocm02849022-1004/ocm02849022/Output/ocm02849022_0272.tif /mnt/lsdi/ocm02849022-1004/ocm02849022/Output/ocm02849022_0273.tif /mnt/lsdi/ocm02849022-1004/ocm02849022/Output/ocm02849022_0274.tif /mnt/lsdi/ocm02849022-1004/ocm02849022/Output/ocm02849022_0275.tif /mnt/lsdi/ocm02849022-1004/ocm02849022/Output/ocm02849022_0276.tif /mnt/lsdi/ocm02849022-1004/ocm02849022/Output/ocm02849022_0277.tif /mnt/lsdi/ocm02849022-1004/ocm02849022/Output/ocm02849022_0278.tif /mnt/lsdi/ocm02849022-1004/ocm02849022/Output/ocm02849022_0279.tif /mnt/lsdi/ocm02849022-1004/ocm02849022/Output/ocm02849022_0280.tif /mnt/lsdi/ocm02849022-1004/ocm02849022/Output/ocm02849022_0281.tif /mnt/lsdi/ocm02849022-1004/ocm02849022/Output/ocm02849022_0282.tif /mnt/lsdi/ocm02849022-1004/ocm02849022/Output/ocm02849022_0283.tif /mnt/lsdi/ocm02849022-1004/ocm02849022/Output/ocm02849022_0284.tif /mnt/lsdi/ocm02849022-1004/ocm02849022/Output/ocm02849022_0285.tif /mnt/lsdi/ocm02849022-1004/ocm02849022/Output/ocm02849022_0286.tif /mnt/lsdi/ocm02849022-1004/ocm02849022/Output/ocm02849022_0287.tif /mnt/lsdi/ocm02849022-1004/ocm02849022/Output/ocm02849022_0288.tif /mnt/lsdi/ocm02849022-1004/ocm02849022/Output/ocm02849022_0289.tif /mnt/lsdi/ocm02849022-1004/ocm02849022/Output/ocm02849022_0290.tif /mnt/lsdi/ocm02849022-1004/ocm02849022/Output/ocm02849022_0291.tif /mnt/lsdi/ocm02849022-1004/ocm02849022/Output/ocm02849022_0292.tif /mnt/lsdi/ocm02849022-1004/ocm02849022/Output/ocm02849022_0293.tif /mnt/lsdi/ocm02849022-1004/ocm02849022/Output/ocm02849022_0294.tif /mnt/lsdi/ocm02849022-1004/ocm02849022/Output/ocm02849022_0295.tif /mnt/lsdi/ocm02849022-1004/ocm02849022/Output/ocm02849022_0296.tif /mnt/lsdi/ocm02849022-1004/ocm02849022/Output/ocm02849022_0297.tif /mnt/lsdi/ocm02849022-1004/ocm02849022/Output/ocm02849022_0298.tif /mnt/lsdi/ocm02849022-1004/ocm02849022/Output/ocm02849022_0299.tif /mnt/lsdi/ocm02849022-1004/ocm02849022/Output/ocm02849022_0300.tif /mnt/lsdi/ocm02849022-1004/ocm02849022/Output/ocm02849022_0301.tif /mnt/lsdi/ocm02849022-1004/ocm02849022/Output/ocm02849022_0302.tif /mnt/lsdi/ocm02849022-1004/ocm02849022/Output/ocm02849022_0303.tif /mnt/lsdi/ocm02849022-1004/ocm02849022/Output/ocm02849022_0304.tif /mnt/lsdi/ocm02849022-1004/ocm02849022/Output/ocm02849022_0305.tif /mnt/lsdi/ocm02849022-1004/ocm02849022/Output/ocm02849022_0306.tif /mnt/lsdi/ocm02849022-1004/ocm02849022/Output/ocm02849022_0307.tif /mnt/lsdi/ocm02849022-1004/ocm02849022/Output/ocm02849022_0308.tif /mnt/lsdi/ocm02849022-1004/ocm02849022/Output/ocm02849022_0309.tif /mnt/lsdi/ocm02849022-1004/ocm02849022/Output/ocm02849022_0310.tif /mnt/lsdi/ocm02849022-1004/ocm02849022/Output/ocm02849022_0311.tif /mnt/lsdi/ocm02849022-1004/ocm02849022/Output/ocm02849022_0312.tif /mnt/lsdi/ocm02849022-1004/ocm02849022/Output/ocm02849022_0313.tif /mnt/lsdi/ocm02849022-1004/ocm02849022/Output/ocm02849022_0314.tif /mnt/lsdi/ocm02849022-1004/ocm02849022/Output/ocm02849022_0315.tif /mnt/lsdi/ocm02849022-1004/ocm02849022/Output/ocm02849022_0316.tif /mnt/lsdi/ocm02849022-1004/ocm02849022/Output/ocm02849022_0317.tif /mnt/lsdi/ocm02849022-1004/ocm02849022/Output/ocm02849022_0318.tif /mnt/lsdi/ocm02849022-1004/ocm02849022/Output/ocm02849022_0319.tif /mnt/lsdi/ocm02849022-1004/ocm02849022/Output/ocm02849022_0320.tif /mnt/lsdi/ocm02849022-1004/ocm02849022/Output/ocm02849022_0321.tif /mnt/lsdi/ocm02849022-1004/ocm02849022/Output/ocm02849022_0322.tif /mnt/lsdi/ocm02849022-1004/ocm02849022/Output/ocm02849022_0323.tif /mnt/lsdi/ocm02849022-1004/ocm02849022/Output/ocm02849022_0324.tif /mnt/lsdi/ocm02849022-1004/ocm02849022/Output/ocm02849022_0325.tif /mnt/lsdi/ocm02849022-1004/ocm02849022/Output/ocm02849022_0326.tif /mnt/lsdi/ocm02849022-1004/ocm02849022/Output/ocm02849022_0327.tif /mnt/lsdi/ocm02849022-1004/ocm02849022/Output/ocm02849022_0328.tif /mnt/lsdi/ocm02849022-1004/ocm02849022/Output/ocm02849022_0329.tif /mnt/lsdi/ocm02849022-1004/ocm02849022/Output/ocm02849022_0330.tif /mnt/lsdi/ocm02849022-1004/ocm02849022/Output/ocm02849022_0331.tif /mnt/lsdi/ocm02849022-1004/ocm02849022/Output/ocm02849022_0332.tif /mnt/lsdi/ocm02849022-1004/ocm02849022/Output/ocm02849022_0333.tif /mnt/lsdi/ocm02849022-1004/ocm02849022/Output/ocm02849022_0334.tif /mnt/lsdi/ocm02849022-1004/ocm02849022/Output/ocm02849022_0335.tif /mnt/lsdi/ocm02849022-1004/ocm02849022/Output/ocm02849022_0336.tif /mnt/lsdi/ocm02849022-1004/ocm02849022/Output/ocm02849022_0337.tif /mnt/lsdi/ocm02849022-1004/ocm02849022/Output/ocm02849022_0338.tif /mnt/lsdi/ocm02849022-1004/ocm02849022/Output/ocm02849022_0339.tif /mnt/lsdi/ocm02849022-1004/ocm02849022/Output/ocm02849022_0340.tif /mnt/lsdi/ocm02849022-1004/ocm02849022/Output/ocm02849022_0341.tif /mnt/lsdi/ocm02849022-1004/ocm02849022/Output/ocm02849022_0342.tif /mnt/lsdi/ocm02849022-1004/ocm02849022/Output/ocm02849022_0343.tif /mnt/lsdi/ocm02849022-1004/ocm02849022/Output/ocm02849022_0344.tif /mnt/lsdi/ocm02849022-1004/ocm02849022/Output/ocm02849022_0345.tif /mnt/lsdi/ocm02849022-1004/ocm02849022/Output/ocm02849022_0346.tif /mnt/lsdi/ocm02849022-1004/ocm02849022/Output/ocm02849022_0347.tif /mnt/lsdi/ocm02849022-1004/ocm02849022/Output/ocm02849022_0348.tif /mnt/lsdi/ocm02849022-1004/ocm02849022/Output/ocm02849022_0349.tif /mnt/lsdi/ocm02849022-1004/ocm02849022/Output/ocm02849022_0350.tif /mnt/lsdi/ocm02849022-1004/ocm02849022/Output/ocm02849022_0351.tif /mnt/lsdi/ocm02849022-1004/ocm02849022/Output/ocm02849022_0352.tif /mnt/lsdi/ocm02849022-1004/ocm02849022/Output/ocm02849022_0353.tif /mnt/lsdi/ocm02849022-1004/ocm02849022/Output/ocm02849022_0354.tif /mnt/lsdi/ocm02849022-1004/ocm02849022/Output/ocm02849022_0355.tif /mnt/lsdi/ocm02849022-1004/ocm02849022/Output/ocm02849022_0356.tif /mnt/lsdi/ocm02849022-1004/ocm02849022/Output/ocm02849022_0357.tif /mnt/lsdi/ocm02849022-1004/ocm02849022/Output/ocm02849022_0358.tif /mnt/lsdi/ocm02849022-1004/ocm02849022/Output/ocm02849022_0359.tif /mnt/lsdi/ocm02849022-1004/ocm02849022/Output/ocm02849022_0360.tif /mnt/lsdi/ocm02849022-1004/ocm02849022/Output/ocm02849022_0361.tif /mnt/lsdi/ocm02849022-1004/ocm02849022/Output/ocm02849022_0362.tif /mnt/lsdi/ocm02849022-1004/ocm02849022/Output/ocm02849022_0363.tif /mnt/lsdi/ocm02849022-1004/ocm02849022/Output/ocm02849022_0364.tif /mnt/lsdi/ocm02849022-1004/ocm02849022/Output/ocm02849022_0365.tif /mnt/lsdi/ocm02849022-1004/ocm02849022/Output/ocm02849022_0366.tif /mnt/lsdi/ocm02849022-1004/ocm02849022/Output/ocm02849022_0367.tif /mnt/lsdi/ocm02849022-1004/ocm02849022/Output/ocm02849022_0368.tif /mnt/lsdi/ocm02849022-1004/ocm02849022/Output/ocm02849022_0369.tif /mnt/lsdi/ocm02849022-1004/ocm02849022/Output/ocm02849022_0370.tif /mnt/lsdi/ocm02849022-1004/ocm02849022/Output/ocm02849022_0371.tif /mnt/lsdi/ocm02849022-1004/ocm02849022/Output/ocm02849022_0372.tif /mnt/lsdi/ocm02849022-1004/ocm02849022/Output/ocm02849022_0373.tif /mnt/lsdi/ocm02849022-1004/ocm02849022/Output/ocm02849022_0374.tif /mnt/lsdi/ocm02849022-1004/ocm02849022/Output/ocm02849022_0375.tif /mnt/lsdi/ocm02849022-1004/ocm02849022/Output/ocm02849022_0376.tif /mnt/lsdi/ocm02849022-1004/ocm02849022/Output/ocm02849022_0377.tif /mnt/lsdi/ocm02849022-1004/ocm02849022/Output/ocm02849022_0378.tif /mnt/lsdi/ocm02849022-1004/ocm02849022/Output/ocm02849022_0379.tif /mnt/lsdi/ocm02849022-1004/ocm02849022/Output/ocm02849022_0380.tif /mnt/lsdi/ocm02849022-1004/ocm02849022/Output/ocm02849022_0381.tif /mnt/lsdi/ocm02849022-1004/ocm02849022/Output/ocm02849022_0382.tif /mnt/lsdi/ocm02849022-1004/ocm02849022/Output/ocm02849022_0383.tif /mnt/lsdi/ocm02849022-1004/ocm02849022/Output/ocm02849022_0384.tif /mnt/lsdi/ocm02849022-1004/ocm02849022/Output/ocm02849022_0385.tif /mnt/lsdi/ocm02849022-1004/ocm02849022/Output/ocm02849022_0386.tif /mnt/lsdi/ocm02849022-1004/ocm02849022/Output/ocm02849022_0387.tif /mnt/lsdi/ocm02849022-1004/ocm02849022/Output/ocm02849022_0388.tif /mnt/lsdi/ocm02849022-1004/ocm02849022/Output/ocm02849022_0389.tif /mnt/lsdi/ocm02849022-1004/ocm02849022/Output/ocm02849022_0390.tif /mnt/lsdi/ocm02849022-1004/ocm02849022/Output/ocm02849022_0391.tif /mnt/lsdi/ocm02849022-1004/ocm02849022/Output/ocm02849022_0392.tif /mnt/lsdi/ocm02849022-1004/ocm02849022/Output/ocm02849022_0393.tif /mnt/lsdi/ocm02849022-1004/ocm02849022/Output/ocm02849022_0394.tif
  adding: mnt/lsdi/ocm02849022-1004/ocm02849022/Output/ocm02849022_0001.tif (deflated 80%)
  adding: mnt/lsdi/ocm02849022-1004/ocm02849022/Output/ocm02849022_0002.tif (deflated 7%)
  adding: mnt/lsdi/ocm02849022-1004/ocm02849022/Output/ocm02849022_0003.tif (deflated 13%)
  adding: mnt/lsdi/ocm02849022-1004/ocm02849022/Output/ocm02849022_0004.tif (deflated 4%)
  adding: mnt/lsdi/ocm02849022-1004/ocm02849022/Output/ocm02849022_0005.tif (deflated 4%)
  adding: mnt/lsdi/ocm02849022-1004/ocm02849022/Output/ocm02849022_0006.tif (deflated 5%)
  adding: mnt/lsdi/ocm02849022-1004/ocm02849022/Output/ocm02849022_0007.tif (deflated 80%)
  adding: mnt/lsdi/ocm02849022-1004/ocm02849022/Output/ocm02849022_0008.tif (deflated 4%)
  adding: mnt/lsdi/ocm02849022-1004/ocm02849022/Output/ocm02849022_0009.tif (deflated 3%)
  adding: mnt/lsdi/ocm02849022-1004/ocm02849022/Output/ocm02849022_0010.tif (deflated 3%)
  adding: mnt/lsdi/ocm02849022-1004/ocm02849022/Output/ocm02849022_0011.tif (deflated 3%)
  adding: mnt/lsdi/ocm02849022-1004/ocm02849022/Output/ocm02849022_0012.tif (deflated 3%)
  adding: mnt/lsdi/ocm02849022-1004/ocm02849022/Output/ocm02849022_0013.tif (deflated 8%)
  adding: mnt/lsdi/ocm02849022-1004/ocm02849022/Output/ocm02849022_0014.tif (deflated 24%)
  adding: mnt/lsdi/ocm02849022-1004/ocm02849022/Output/ocm02849022_0015.tif (deflated 80%)
  adding: mnt/lsdi/ocm02849022-1004/ocm02849022/Output/ocm02849022_0016.tif (deflated 4%)
  adding: mnt/lsdi/ocm02849022-1004/ocm02849022/Output/ocm02849022_0017.tif (deflated 3%)
  adding: mnt/lsdi/ocm02849022-1004/ocm02849022/Output/ocm02849022_0018.tif (deflated 4%)
  adding: mnt/lsdi/ocm02849022-1004/ocm02849022/Output/ocm02849022_0019.tif (deflated 4%)
  adding: mnt/lsdi/ocm02849022-1004/ocm02849022/Output/ocm02849022_0020.tif (deflated 4%)
  adding: mnt/lsdi/ocm02849022-1004/ocm02849022/Output/ocm02849022_0021.tif (deflated 3%)
  adding: mnt/lsdi/ocm02849022-1004/ocm02849022/Output/ocm02849022_0022.tif (deflated 4%)
  adding: mnt/lsdi/ocm02849022-1004/ocm02849022/Output/ocm02849022_0023.tif (deflated 3%)
  adding: mnt/lsdi/ocm02849022-1004/ocm02849022/Output/ocm02849022_0024.tif (deflated 4%)
  adding: mnt/lsdi/ocm02849022-1004/ocm02849022/Output/ocm02849022_0025.tif (deflated 4%)
  adding: mnt/lsdi/ocm02849022-1004/ocm02849022/Output/ocm02849022_0026.tif (deflated 4%)
  adding: mnt/lsdi/ocm02849022-1004/ocm02849022/Output/ocm02849022_0027.tif (deflated 3%)
  adding: mnt/lsdi/ocm02849022-1004/ocm02849022/Output/ocm02849022_0028.tif (deflated 4%)
  adding: mnt/lsdi/ocm02849022-1004/ocm02849022/Output/ocm02849022_0029.tif (deflated 3%)
  adding: mnt/lsdi/ocm02849022-1004/ocm02849022/Output/ocm02849022_0030.tif (deflated 4%)
  adding: mnt/lsdi/ocm02849022-1004/ocm02849022/Output/ocm02849022_0031.tif (deflated 4%)
  adding: mnt/lsdi/ocm02849022-1004/ocm02849022/Output/ocm02849022_0032.tif (deflated 4%)
  adding: mnt/lsdi/ocm02849022-1004/ocm02849022/Output/ocm02849022_0033.tif (deflated 3%)
  adding: mnt/lsdi/ocm02849022-1004/ocm02849022/Output/ocm02849022_0034.tif (deflated 3%)
  adding: mnt/lsdi/ocm02849022-1004/ocm02849022/Output/ocm02849022_0035.tif (deflated 4%)
  adding: mnt/lsdi/ocm02849022-1004/ocm02849022/Output/ocm02849022_0036.tif (deflated 4%)
  adding: mnt/lsdi/ocm02849022-1004/ocm02849022/Output/ocm02849022_0037.tif (deflated 4%)
  adding: mnt/lsdi/ocm02849022-1004/ocm02849022/Output/ocm02849022_0038.tif (deflated 4%)
  adding: mnt/lsdi/ocm02849022-1004/ocm02849022/Output/ocm02849022_0039.tif (deflated 4%)
  adding: mnt/lsdi/ocm02849022-1004/ocm02849022/Output/ocm02849022_0040.tif (deflated 4%)
  adding: mnt/lsdi/ocm02849022-1004/ocm02849022/Output/ocm02849022_0041.tif (deflated 3%)
  adding: mnt/lsdi/ocm02849022-1004/ocm02849022/Output/ocm02849022_0042.tif (deflated 4%)
  adding: mnt/lsdi/ocm02849022-1004/ocm02849022/Output/ocm02849022_0043.tif (deflated 4%)
  adding: mnt/lsdi/ocm02849022-1004/ocm02849022/Output/ocm02849022_0044.tif (deflated 4%)
  adding: mnt/lsdi/ocm02849022-1004/ocm02849022/Output/ocm02849022_0045.tif (deflated 3%)
  adding: mnt/lsdi/ocm02849022-1004/ocm02849022/Output/ocm02849022_0046.tif (deflated 4%)
  adding: mnt/lsdi/ocm02849022-1004/ocm02849022/Output/ocm02849022_0047.tif (deflated 4%)
  adding: mnt/lsdi/ocm02849022-1004/ocm02849022/Output/ocm02849022_0048.tif (deflated 4%)
  adding: mnt/lsdi/ocm02849022-1004/ocm02849022/Output/ocm02849022_0049.tif (deflated 3%)
  adding: mnt/lsdi/ocm02849022-1004/ocm02849022/Output/ocm02849022_0050.tif (deflated 4%)
  adding: mnt/lsdi/ocm02849022-1004/ocm02849022/Output/ocm02849022_0051.tif (deflated 3%)
  adding: mnt/lsdi/ocm02849022-1004/ocm02849022/Output/ocm02849022_0052.tif (deflated 4%)
  adding: mnt/lsdi/ocm02849022-1004/ocm02849022/Output/ocm02849022_0053.tif (deflated 3%)
  adding: mnt/lsdi/ocm02849022-1004/ocm02849022/Output/ocm02849022_0054.tif (deflated 4%)
  adding: mnt/lsdi/ocm02849022-1004/ocm02849022/Output/ocm02849022_0055.tif (deflated 4%)
  adding: mnt/lsdi/ocm02849022-1004/ocm02849022/Output/ocm02849022_0056.tif (deflated 4%)
  adding: mnt/lsdi/ocm02849022-1004/ocm02849022/Output/ocm02849022_0057.tif (deflated 3%)
  adding: mnt/lsdi/ocm02849022-1004/ocm02849022/Output/ocm02849022_0058.tif (deflated 4%)
  adding: mnt/lsdi/ocm02849022-1004/ocm02849022/Output/ocm02849022_0059.tif (deflated 4%)
  adding: mnt/lsdi/ocm02849022-1004/ocm02849022/Output/ocm02849022_0060.tif (deflated 4%)
  adding: mnt/lsdi/ocm02849022-1004/ocm02849022/Output/ocm02849022_0061.tif (deflated 4%)
  adding: mnt/lsdi/ocm02849022-1004/ocm02849022/Output/ocm02849022_0062.tif (deflated 4%)
  adding: mnt/lsdi/ocm02849022-1004/ocm02849022/Output/ocm02849022_0063.tif (deflated 4%)
  adding: mnt/lsdi/ocm02849022-1004/ocm02849022/Output/ocm02849022_0064.tif (deflated 4%)
  adding: mnt/lsdi/ocm02849022-1004/ocm02849022/Output/ocm02849022_0065.tif (deflated 4%)
  adding: mnt/lsdi/ocm02849022-1004/ocm02849022/Output/ocm02849022_0066.tif (deflated 3%)
  adding: mnt/lsdi/ocm02849022-1004/ocm02849022/Output/ocm02849022_0067.tif (deflated 4%)
  adding: mnt/lsdi/ocm02849022-1004/ocm02849022/Output/ocm02849022_0068.tif (deflated 4%)
  adding: mnt/lsdi/ocm02849022-1004/ocm02849022/Output/ocm02849022_0069.tif (deflated 3%)
  adding: mnt/lsdi/ocm02849022-1004/ocm02849022/Output/ocm02849022_0070.tif (deflated 4%)
  adding: mnt/lsdi/ocm02849022-1004/ocm02849022/Output/ocm02849022_0071.tif (deflated 4%)
  adding: mnt/lsdi/ocm02849022-1004/ocm02849022/Output/ocm02849022_0072.tif (deflated 4%)
  adding: mnt/lsdi/ocm02849022-1004/ocm02849022/Output/ocm02849022_0073.tif (deflated 3%)
  adding: mnt/lsdi/ocm02849022-1004/ocm02849022/Output/ocm02849022_0074.tif (deflated 3%)
  adding: mnt/lsdi/ocm02849022-1004/ocm02849022/Output/ocm02849022_0075.tif (deflated 4%)
  adding: mnt/lsdi/ocm02849022-1004/ocm02849022/Output/ocm02849022_0076.tif (deflated 4%)
  adding: mnt/lsdi/ocm02849022-1004/ocm02849022/Output/ocm02849022_0077.tif (deflated 3%)
  adding: mnt/lsdi/ocm02849022-1004/ocm02849022/Output/ocm02849022_0078.tif (deflated 3%)
  adding: mnt/lsdi/ocm02849022-1004/ocm02849022/Output/ocm02849022_0079.tif (deflated 4%)
  adding: mnt/lsdi/ocm02849022-1004/ocm02849022/Output/ocm02849022_0080.tif (deflated 4%)
  adding: mnt/lsdi/ocm02849022-1004/ocm02849022/Output/ocm02849022_0081.tif (deflated 3%)
  adding: mnt/lsdi/ocm02849022-1004/ocm02849022/Output/ocm02849022_0082.tif (deflated 3%)
  adding: mnt/lsdi/ocm02849022-1004/ocm02849022/Output/ocm02849022_0083.tif (deflated 3%)
  adding: mnt/lsdi/ocm02849022-1004/ocm02849022/Output/ocm02849022_0084.tif (deflated 4%)
  adding: mnt/lsdi/ocm02849022-1004/ocm02849022/Output/ocm02849022_0085.tif (deflated 3%)
  adding: mnt/lsdi/ocm02849022-1004/ocm02849022/Output/ocm02849022_0086.tif (deflated 3%)
  adding: mnt/lsdi/ocm02849022-1004/ocm02849022/Output/ocm02849022_0087.tif (deflated 4%)
  adding: mnt/lsdi/ocm02849022-1004/ocm02849022/Output/ocm02849022_0088.tif (deflated 4%)
  adding: mnt/lsdi/ocm02849022-1004/ocm02849022/Output/ocm02849022_0089.tif (deflated 3%)
  adding: mnt/lsdi/ocm02849022-1004/ocm02849022/Output/ocm02849022_0090.tif (deflated 4%)
  adding: mnt/lsdi/ocm02849022-1004/ocm02849022/Output/ocm02849022_0091.tif (deflated 4%)
  adding: mnt/lsdi/ocm02849022-1004/ocm02849022/Output/ocm02849022_0092.tif (deflated 3%)
  adding: mnt/lsdi/ocm02849022-1004/ocm02849022/Output/ocm02849022_0093.tif (deflated 3%)
  adding: mnt/lsdi/ocm02849022-1004/ocm02849022/Output/ocm02849022_0094.tif (deflated 3%)
  adding: mnt/lsdi/ocm02849022-1004/ocm02849022/Output/ocm02849022_0095.tif (deflated 4%)
  adding: mnt/lsdi/ocm02849022-1004/ocm02849022/Output/ocm02849022_0096.tif (deflated 4%)
  adding: mnt/lsdi/ocm02849022-1004/ocm02849022/Output/ocm02849022_0097.tif (deflated 3%)
  adding: mnt/lsdi/ocm02849022-1004/ocm02849022/Output/ocm02849022_0098.tif (deflated 3%)
  adding: mnt/lsdi/ocm02849022-1004/ocm02849022/Output/ocm02849022_0099.tif (deflated 3%)
  adding: mnt/lsdi/ocm02849022-1004/ocm02849022/Output/ocm02849022_0100.tif (deflated 3%)
  adding: mnt/lsdi/ocm02849022-1004/ocm02849022/Output/ocm02849022_0101.tif (deflated 4%)
  adding: mnt/lsdi/ocm02849022-1004/ocm02849022/Output/ocm02849022_0102.tif (deflated 4%)
  adding: mnt/lsdi/ocm02849022-1004/ocm02849022/Output/ocm02849022_0103.tif (deflated 4%)
  adding: mnt/lsdi/ocm02849022-1004/ocm02849022/Output/ocm02849022_0104.tif (deflated 4%)
  adding: mnt/lsdi/ocm02849022-1004/ocm02849022/Output/ocm02849022_0105.tif (deflated 3%)
  adding: mnt/lsdi/ocm02849022-1004/ocm02849022/Output/ocm02849022_0106.tif (deflated 4%)
  adding: mnt/lsdi/ocm02849022-1004/ocm02849022/Output/ocm02849022_0107.tif (deflated 4%)
  adding: mnt/lsdi/ocm02849022-1004/ocm02849022/Output/ocm02849022_0108.tif (deflated 4%)
  adding: mnt/lsdi/ocm02849022-1004/ocm02849022/Output/ocm02849022_0109.tif (deflated 4%)
  adding: mnt/lsdi/ocm02849022-1004/ocm02849022/Output/ocm02849022_0110.tif (deflated 4%)
  adding: mnt/lsdi/ocm02849022-1004/ocm02849022/Output/ocm02849022_0111.tif (deflated 4%)
  adding: mnt/lsdi/ocm02849022-1004/ocm02849022/Output/ocm02849022_0112.tif (deflated 4%)
  adding: mnt/lsdi/ocm02849022-1004/ocm02849022/Output/ocm02849022_0113.tif (deflated 3%)
  adding: mnt/lsdi/ocm02849022-1004/ocm02849022/Output/ocm02849022_0114.tif (deflated 4%)
  adding: mnt/lsdi/ocm02849022-1004/ocm02849022/Output/ocm02849022_0115.tif (deflated 3%)
  adding: mnt/lsdi/ocm02849022-1004/ocm02849022/Output/ocm02849022_0116.tif (deflated 4%)
  adding: mnt/lsdi/ocm02849022-1004/ocm02849022/Output/ocm02849022_0117.tif (deflated 3%)
  adding: mnt/lsdi/ocm02849022-1004/ocm02849022/Output/ocm02849022_0118.tif (deflated 4%)
  adding: mnt/lsdi/ocm02849022-1004/ocm02849022/Output/ocm02849022_0119.tif (deflated 4%)
  adding: mnt/lsdi/ocm02849022-1004/ocm02849022/Output/ocm02849022_0120.tif (deflated 4%)
  adding: mnt/lsdi/ocm02849022-1004/ocm02849022/Output/ocm02849022_0121.tif (deflated 4%)
  adding: mnt/lsdi/ocm02849022-1004/ocm02849022/Output/ocm02849022_0122.tif (deflated 4%)
  adding: mnt/lsdi/ocm02849022-1004/ocm02849022/Output/ocm02849022_0123.tif (deflated 3%)
  adding: mnt/lsdi/ocm02849022-1004/ocm02849022/Output/ocm02849022_0124.tif (deflated 3%)
  adding: mnt/lsdi/ocm02849022-1004/ocm02849022/Output/ocm02849022_0125.tif (deflated 4%)
  adding: mnt/lsdi/ocm02849022-1004/ocm02849022/Output/ocm02849022_0126.tif (deflated 4%)
  adding: mnt/lsdi/ocm02849022-1004/ocm02849022/Output/ocm02849022_0127.tif (deflated 4%)
  adding: mnt/lsdi/ocm02849022-1004/ocm02849022/Output/ocm02849022_0128.tif (deflated 4%)
  adding: mnt/lsdi/ocm02849022-1004/ocm02849022/Output/ocm02849022_0129.tif (deflated 3%)
  adding: mnt/lsdi/ocm02849022-1004/ocm02849022/Output/ocm02849022_0130.tif (deflated 4%)
  adding: mnt/lsdi/ocm02849022-1004/ocm02849022/Output/ocm02849022_0131.tif (deflated 4%)
  adding: mnt/lsdi/ocm02849022-1004/ocm02849022/Output/ocm02849022_0132.tif (deflated 4%)
  adding: mnt/lsdi/ocm02849022-1004/ocm02849022/Output/ocm02849022_0133.tif (deflated 4%)
  adding: mnt/lsdi/ocm02849022-1004/ocm02849022/Output/ocm02849022_0134.tif (deflated 4%)
  adding: mnt/lsdi/ocm02849022-1004/ocm02849022/Output/ocm02849022_0135.tif (deflated 4%)
  adding: mnt/lsdi/ocm02849022-1004/ocm02849022/Output/ocm02849022_0136.tif (deflated 4%)
  adding: mnt/lsdi/ocm02849022-1004/ocm02849022/Output/ocm02849022_0137.tif (deflated 4%)
  adding: mnt/lsdi/ocm02849022-1004/ocm02849022/Output/ocm02849022_0138.tif (deflated 3%)
  adding: mnt/lsdi/ocm02849022-1004/ocm02849022/Output/ocm02849022_0139.tif (deflated 3%)
  adding: mnt/lsdi/ocm02849022-1004/ocm02849022/Output/ocm02849022_0140.tif (deflated 4%)
  adding: mnt/lsdi/ocm02849022-1004/ocm02849022/Output/ocm02849022_0141.tif (deflated 3%)
  adding: mnt/lsdi/ocm02849022-1004/ocm02849022/Output/ocm02849022_0142.tif (deflated 3%)
  adding: mnt/lsdi/ocm02849022-1004/ocm02849022/Output/ocm02849022_0143.tif (deflated 4%)
  adding: mnt/lsdi/ocm02849022-1004/ocm02849022/Output/ocm02849022_0144.tif (deflated 4%)
  adding: mnt/lsdi/ocm02849022-1004/ocm02849022/Output/ocm02849022_0145.tif (deflated 3%)
  adding: mnt/lsdi/ocm02849022-1004/ocm02849022/Output/ocm02849022_0146.tif (deflated 4%)
  adding: mnt/lsdi/ocm02849022-1004/ocm02849022/Output/ocm02849022_0147.tif (deflated 4%)
  adding: mnt/lsdi/ocm02849022-1004/ocm02849022/Output/ocm02849022_0148.tif (deflated 4%)
  adding: mnt/lsdi/ocm02849022-1004/ocm02849022/Output/ocm02849022_0149.tif (deflated 4%)
  adding: mnt/lsdi/ocm02849022-1004/ocm02849022/Output/ocm02849022_0150.tif (deflated 4%)
  adding: mnt/lsdi/ocm02849022-1004/ocm02849022/Output/ocm02849022_0151.tif (deflated 4%)
  adding: mnt/lsdi/ocm02849022-1004/ocm02849022/Output/ocm02849022_0152.tif (deflated 3%)
  adding: mnt/lsdi/ocm02849022-1004/ocm02849022/Output/ocm02849022_0153.tif (deflated 3%)
  adding: mnt/lsdi/ocm02849022-1004/ocm02849022/Output/ocm02849022_0154.tif (deflated 4%)
  adding: mnt/lsdi/ocm02849022-1004/ocm02849022/Output/ocm02849022_0155.tif (deflated 3%)
  adding: mnt/lsdi/ocm02849022-1004/ocm02849022/Output/ocm02849022_0156.tif (deflated 4%)
  adding: mnt/lsdi/ocm02849022-1004/ocm02849022/Output/ocm02849022_0157.tif (deflated 3%)
  adding: mnt/lsdi/ocm02849022-1004/ocm02849022/Output/ocm02849022_0158.tif (deflated 4%)
  adding: mnt/lsdi/ocm02849022-1004/ocm02849022/Output/ocm02849022_0159.tif (deflated 3%)
  adding: mnt/lsdi/ocm02849022-1004/ocm02849022/Output/ocm02849022_0160.tif (deflated 4%)
  adding: mnt/lsdi/ocm02849022-1004/ocm02849022/Output/ocm02849022_0161.tif (deflated 4%)
  adding: mnt/lsdi/ocm02849022-1004/ocm02849022/Output/ocm02849022_0162.tif (deflated 4%)
  adding: mnt/lsdi/ocm02849022-1004/ocm02849022/Output/ocm02849022_0163.tif (deflated 3%)
  adding: mnt/lsdi/ocm02849022-1004/ocm02849022/Output/ocm02849022_0164.tif (deflated 4%)
  adding: mnt/lsdi/ocm02849022-1004/ocm02849022/Output/ocm02849022_0165.tif (deflated 3%)
  adding: mnt/lsdi/ocm02849022-1004/ocm02849022/Output/ocm02849022_0166.tif (deflated 4%)
  adding: mnt/lsdi/ocm02849022-1004/ocm02849022/Output/ocm02849022_0167.tif (deflated 3%)
  adding: mnt/lsdi/ocm02849022-1004/ocm02849022/Output/ocm02849022_0168.tif (deflated 4%)
  adding: mnt/lsdi/ocm02849022-1004/ocm02849022/Output/ocm02849022_0169.tif (deflated 4%)
  adding: mnt/lsdi/ocm02849022-1004/ocm02849022/Output/ocm02849022_0170.tif (deflated 4%)
  adding: mnt/lsdi/ocm02849022-1004/ocm02849022/Output/ocm02849022_0171.tif (deflated 3%)
  adding: mnt/lsdi/ocm02849022-1004/ocm02849022/Output/ocm02849022_0172.tif (deflated 4%)
  adding: mnt/lsdi/ocm02849022-1004/ocm02849022/Output/ocm02849022_0173.tif (deflated 3%)
  adding: mnt/lsdi/ocm02849022-1004/ocm02849022/Output/ocm02849022_0174.tif (deflated 4%)
  adding: mnt/lsdi/ocm02849022-1004/ocm02849022/Output/ocm02849022_0175.tif (deflated 4%)
  adding: mnt/lsdi/ocm02849022-1004/ocm02849022/Output/ocm02849022_0176.tif (deflated 3%)
  adding: mnt/lsdi/ocm02849022-1004/ocm02849022/Output/ocm02849022_0177.tif (deflated 3%)
  adding: mnt/lsdi/ocm02849022-1004/ocm02849022/Output/ocm02849022_0178.tif (deflated 4%)
  adding: mnt/lsdi/ocm02849022-1004/ocm02849022/Output/ocm02849022_0179.tif (deflated 3%)
  adding: mnt/lsdi/ocm02849022-1004/ocm02849022/Output/ocm02849022_0180.tif (deflated 4%)
  adding: mnt/lsdi/ocm02849022-1004/ocm02849022/Output/ocm02849022_0181.tif (deflated 3%)
  adding: mnt/lsdi/ocm02849022-1004/ocm02849022/Output/ocm02849022_0182.tif (deflated 3%)
  adding: mnt/lsdi/ocm02849022-1004/ocm02849022/Output/ocm02849022_0183.tif (deflated 3%)
  adding: mnt/lsdi/ocm02849022-1004/ocm02849022/Output/ocm02849022_0184.tif (deflated 4%)
  adding: mnt/lsdi/ocm02849022-1004/ocm02849022/Output/ocm02849022_0185.tif (deflated 3%)
  adding: mnt/lsdi/ocm02849022-1004/ocm02849022/Output/ocm02849022_0186.tif (deflated 4%)
  adding: mnt/lsdi/ocm02849022-1004/ocm02849022/Output/ocm02849022_0187.tif (deflated 4%)
  adding: mnt/lsdi/ocm02849022-1004/ocm02849022/Output/ocm02849022_0188.tif (deflated 4%)
  adding: mnt/lsdi/ocm02849022-1004/ocm02849022/Output/ocm02849022_0189.tif (deflated 3%)
  adding: mnt/lsdi/ocm02849022-1004/ocm02849022/Output/ocm02849022_0190.tif (deflated 3%)
  adding: mnt/lsdi/ocm02849022-1004/ocm02849022/Output/ocm02849022_0191.tif (deflated 4%)
  adding: mnt/lsdi/ocm02849022-1004/ocm02849022/Output/ocm02849022_0192.tif (deflated 4%)
  adding: mnt/lsdi/ocm02849022-1004/ocm02849022/Output/ocm02849022_0193.tif (deflated 3%)
  adding: mnt/lsdi/ocm02849022-1004/ocm02849022/Output/ocm02849022_0194.tif (deflated 3%)
  adding: mnt/lsdi/ocm02849022-1004/ocm02849022/Output/ocm02849022_0195.tif (deflated 3%)
  adding: mnt/lsdi/ocm02849022-1004/ocm02849022/Output/ocm02849022_0196.tif (deflated 4%)
  adding: mnt/lsdi/ocm02849022-1004/ocm02849022/Output/ocm02849022_0197.tif (deflated 3%)
  adding: mnt/lsdi/ocm02849022-1004/ocm02849022/Output/ocm02849022_0198.tif (deflated 3%)
  adding: mnt/lsdi/ocm02849022-1004/ocm02849022/Output/ocm02849022_0199.tif (deflated 4%)
  adding: mnt/lsdi/ocm02849022-1004/ocm02849022/Output/ocm02849022_0200.tif (deflated 3%)
  adding: mnt/lsdi/ocm02849022-1004/ocm02849022/Output/ocm02849022_0201.tif (deflated 3%)
  adding: mnt/lsdi/ocm02849022-1004/ocm02849022/Output/ocm02849022_0202.tif (deflated 3%)
  adding: mnt/lsdi/ocm02849022-1004/ocm02849022/Output/ocm02849022_0203.tif (deflated 3%)
  adding: mnt/lsdi/ocm02849022-1004/ocm02849022/Output/ocm02849022_0204.tif (deflated 3%)
  adding: mnt/lsdi/ocm02849022-1004/ocm02849022/Output/ocm02849022_0205.tif (deflated 3%)
  adding: mnt/lsdi/ocm02849022-1004/ocm02849022/Output/ocm02849022_0206.tif (deflated 3%)
  adding: mnt/lsdi/ocm02849022-1004/ocm02849022/Output/ocm02849022_0207.tif (deflated 4%)
  adding: mnt/lsdi/ocm02849022-1004/ocm02849022/Output/ocm02849022_0208.tif (deflated 4%)
  adding: mnt/lsdi/ocm02849022-1004/ocm02849022/Output/ocm02849022_0209.tif (deflated 4%)
  adding: mnt/lsdi/ocm02849022-1004/ocm02849022/Output/ocm02849022_0210.tif (deflated 3%)
  adding: mnt/lsdi/ocm02849022-1004/ocm02849022/Output/ocm02849022_0211.tif (deflated 3%)
  adding: mnt/lsdi/ocm02849022-1004/ocm02849022/Output/ocm02849022_0212.tif (deflated 4%)
  adding: mnt/lsdi/ocm02849022-1004/ocm02849022/Output/ocm02849022_0213.tif (deflated 3%)
  adding: mnt/lsdi/ocm02849022-1004/ocm02849022/Output/ocm02849022_0214.tif (deflated 4%)
  adding: mnt/lsdi/ocm02849022-1004/ocm02849022/Output/ocm02849022_0215.tif (deflated 3%)
  adding: mnt/lsdi/ocm02849022-1004/ocm02849022/Output/ocm02849022_0216.tif (deflated 4%)
  adding: mnt/lsdi/ocm02849022-1004/ocm02849022/Output/ocm02849022_0217.tif (deflated 3%)
  adding: mnt/lsdi/ocm02849022-1004/ocm02849022/Output/ocm02849022_0218.tif (deflated 4%)
  adding: mnt/lsdi/ocm02849022-1004/ocm02849022/Output/ocm02849022_0219.tif (deflated 4%)
  adding: mnt/lsdi/ocm02849022-1004/ocm02849022/Output/ocm02849022_0220.tif (deflated 4%)
  adding: mnt/lsdi/ocm02849022-1004/ocm02849022/Output/ocm02849022_0221.tif (deflated 3%)
  adding: mnt/lsdi/ocm02849022-1004/ocm02849022/Output/ocm02849022_0222.tif (deflated 4%)
  adding: mnt/lsdi/ocm02849022-1004/ocm02849022/Output/ocm02849022_0223.tif (deflated 3%)
  adding: mnt/lsdi/ocm02849022-1004/ocm02849022/Output/ocm02849022_0224.tif (deflated 3%)
  adding: mnt/lsdi/ocm02849022-1004/ocm02849022/Output/ocm02849022_0225.tif (deflated 4%)
  adding: mnt/lsdi/ocm02849022-1004/ocm02849022/Output/ocm02849022_0226.tif (deflated 4%)
  adding: mnt/lsdi/ocm02849022-1004/ocm02849022/Output/ocm02849022_0227.tif (deflated 3%)
  adding: mnt/lsdi/ocm02849022-1004/ocm02849022/Output/ocm02849022_0228.tif (deflated 4%)
  adding: mnt/lsdi/ocm02849022-1004/ocm02849022/Output/ocm02849022_0229.tif (deflated 3%)
  adding: mnt/lsdi/ocm02849022-1004/ocm02849022/Output/ocm02849022_0230.tif (deflated 4%)
  adding: mnt/lsdi/ocm02849022-1004/ocm02849022/Output/ocm02849022_0231.tif (deflated 3%)
  adding: mnt/lsdi/ocm02849022-1004/ocm02849022/Output/ocm02849022_0232.tif (deflated 3%)
  adding: mnt/lsdi/ocm02849022-1004/ocm02849022/Output/ocm02849022_0233.tif (deflated 4%)
  adding: mnt/lsdi/ocm02849022-1004/ocm02849022/Output/ocm02849022_0234.tif (deflated 4%)
  adding: mnt/lsdi/ocm02849022-1004/ocm02849022/Output/ocm02849022_0235.tif (deflated 4%)
  adding: mnt/lsdi/ocm02849022-1004/ocm02849022/Output/ocm02849022_0236.tif (deflated 4%)
  adding: mnt/lsdi/ocm02849022-1004/ocm02849022/Output/ocm02849022_0237.tif (deflated 3%)
  adding: mnt/lsdi/ocm02849022-1004/ocm02849022/Output/ocm02849022_0238.tif (deflated 3%)
  adding: mnt/lsdi/ocm02849022-1004/ocm02849022/Output/ocm02849022_0239.tif (deflated 4%)
  adding: mnt/lsdi/ocm02849022-1004/ocm02849022/Output/ocm02849022_0240.tif (deflated 4%)
  adding: mnt/lsdi/ocm02849022-1004/ocm02849022/Output/ocm02849022_0241.tif (deflated 4%)
  adding: mnt/lsdi/ocm02849022-1004/ocm02849022/Output/ocm02849022_0242.tif (deflated 3%)
  adding: mnt/lsdi/ocm02849022-1004/ocm02849022/Output/ocm02849022_0243.tif (deflated 4%)
  adding: mnt/lsdi/ocm02849022-1004/ocm02849022/Output/ocm02849022_0244.tif (deflated 4%)
  adding: mnt/lsdi/ocm02849022-1004/ocm02849022/Output/ocm02849022_0245.tif (deflated 4%)
  adding: mnt/lsdi/ocm02849022-1004/ocm02849022/Output/ocm02849022_0246.tif (deflated 4%)
  adding: mnt/lsdi/ocm02849022-1004/ocm02849022/Output/ocm02849022_0247.tif (deflated 4%)
  adding: mnt/lsdi/ocm02849022-1004/ocm02849022/Output/ocm02849022_0248.tif (deflated 4%)
  adding: mnt/lsdi/ocm02849022-1004/ocm02849022/Output/ocm02849022_0249.tif (deflated 3%)
  adding: mnt/lsdi/ocm02849022-1004/ocm02849022/Output/ocm02849022_0250.tif (deflated 4%)
  adding: mnt/lsdi/ocm02849022-1004/ocm02849022/Output/ocm02849022_0251.tif (deflated 4%)
  adding: mnt/lsdi/ocm02849022-1004/ocm02849022/Output/ocm02849022_0252.tif (deflated 4%)
  adding: mnt/lsdi/ocm02849022-1004/ocm02849022/Output/ocm02849022_0253.tif (deflated 4%)
  adding: mnt/lsdi/ocm02849022-1004/ocm02849022/Output/ocm02849022_0254.tif (deflated 4%)
  adding: mnt/lsdi/ocm02849022-1004/ocm02849022/Output/ocm02849022_0255.tif (deflated 4%)
  adding: mnt/lsdi/ocm02849022-1004/ocm02849022/Output/ocm02849022_0256.tif (deflated 4%)
  adding: mnt/lsdi/ocm02849022-1004/ocm02849022/Output/ocm02849022_0257.tif (deflated 3%)
  adding: mnt/lsdi/ocm02849022-1004/ocm02849022/Output/ocm02849022_0258.tif (deflated 3%)
  adding: mnt/lsdi/ocm02849022-1004/ocm02849022/Output/ocm02849022_0259.tif (deflated 3%)
  adding: mnt/lsdi/ocm02849022-1004/ocm02849022/Output/ocm02849022_0260.tif (deflated 3%)
  adding: mnt/lsdi/ocm02849022-1004/ocm02849022/Output/ocm02849022_0261.tif (deflated 3%)
  adding: mnt/lsdi/ocm02849022-1004/ocm02849022/Output/ocm02849022_0262.tif (deflated 4%)
  adding: mnt/lsdi/ocm02849022-1004/ocm02849022/Output/ocm02849022_0263.tif (deflated 4%)
  adding: mnt/lsdi/ocm02849022-1004/ocm02849022/Output/ocm02849022_0264.tif (deflated 4%)
  adding: mnt/lsdi/ocm02849022-1004/ocm02849022/Output/ocm02849022_0265.tif (deflated 4%)
  adding: mnt/lsdi/ocm02849022-1004/ocm02849022/Output/ocm02849022_0266.tif (deflated 3%)
  adding: mnt/lsdi/ocm02849022-1004/ocm02849022/Output/ocm02849022_0267.tif (deflated 3%)
  adding: mnt/lsdi/ocm02849022-1004/ocm02849022/Output/ocm02849022_0268.tif (deflated 4%)
  adding: mnt/lsdi/ocm02849022-1004/ocm02849022/Output/ocm02849022_0269.tif (deflated 3%)
  adding: mnt/lsdi/ocm02849022-1004/ocm02849022/Output/ocm02849022_0270.tif (deflated 4%)
  adding: mnt/lsdi/ocm02849022-1004/ocm02849022/Output/ocm02849022_0271.tif (deflated 4%)
  adding: mnt/lsdi/ocm02849022-1004/ocm02849022/Output/ocm02849022_0272.tif (deflated 4%)
  adding: mnt/lsdi/ocm02849022-1004/ocm02849022/Output/ocm02849022_0273.tif (deflated 4%)
  adding: mnt/lsdi/ocm02849022-1004/ocm02849022/Output/ocm02849022_0274.tif (deflated 4%)
  adding: mnt/lsdi/ocm02849022-1004/ocm02849022/Output/ocm02849022_0275.tif (deflated 4%)
  adding: mnt/lsdi/ocm02849022-1004/ocm02849022/Output/ocm02849022_0276.tif (deflated 4%)
  adding: mnt/lsdi/ocm02849022-1004/ocm02849022/Output/ocm02849022_0277.tif (deflated 3%)
  adding: mnt/lsdi/ocm02849022-1004/ocm02849022/Output/ocm02849022_0278.tif (deflated 4%)
  adding: mnt/lsdi/ocm02849022-1004/ocm02849022/Output/ocm02849022_0279.tif (deflated 4%)
  adding: mnt/lsdi/ocm02849022-1004/ocm02849022/Output/ocm02849022_0280.tif (deflated 4%)
  adding: mnt/lsdi/ocm02849022-1004/ocm02849022/Output/ocm02849022_0281.tif (deflated 4%)
  adding: mnt/lsdi/ocm02849022-1004/ocm02849022/Output/ocm02849022_0282.tif (deflated 4%)
  adding: mnt/lsdi/ocm02849022-1004/ocm02849022/Output/ocm02849022_0283.tif (deflated 4%)
  adding: mnt/lsdi/ocm02849022-1004/ocm02849022/Output/ocm02849022_0284.tif (deflated 4%)
  adding: mnt/lsdi/ocm02849022-1004/ocm02849022/Output/ocm02849022_0285.tif (deflated 4%)
  adding: mnt/lsdi/ocm02849022-1004/ocm02849022/Output/ocm02849022_0286.tif (deflated 4%)
  adding: mnt/lsdi/ocm02849022-1004/ocm02849022/Output/ocm02849022_0287.tif (deflated 4%)
  adding: mnt/lsdi/ocm02849022-1004/ocm02849022/Output/ocm02849022_0288.tif (deflated 3%)
  adding: mnt/lsdi/ocm02849022-1004/ocm02849022/Output/ocm02849022_0289.tif (deflated 3%)
  adding: mnt/lsdi/ocm02849022-1004/ocm02849022/Output/ocm02849022_0290.tif (deflated 3%)
  adding: mnt/lsdi/ocm02849022-1004/ocm02849022/Output/ocm02849022_0291.tif (deflated 3%)
  adding: mnt/lsdi/ocm02849022-1004/ocm02849022/Output/ocm02849022_0292.tif (deflated 3%)
  adding: mnt/lsdi/ocm02849022-1004/ocm02849022/Output/ocm02849022_0293.tif (deflated 4%)
  adding: mnt/lsdi/ocm02849022-1004/ocm02849022/Output/ocm02849022_0294.tif (deflated 4%)
  adding: mnt/lsdi/ocm02849022-1004/ocm02849022/Output/ocm02849022_0295.tif (deflated 3%)
  adding: mnt/lsdi/ocm02849022-1004/ocm02849022/Output/ocm02849022_0296.tif (deflated 3%)
  adding: mnt/lsdi/ocm02849022-1004/ocm02849022/Output/ocm02849022_0297.tif (deflated 4%)
  adding: mnt/lsdi/ocm02849022-1004/ocm02849022/Output/ocm02849022_0298.tif (deflated 4%)
  adding: mnt/lsdi/ocm02849022-1004/ocm02849022/Output/ocm02849022_0299.tif (deflated 3%)
  adding: mnt/lsdi/ocm02849022-1004/ocm02849022/Output/ocm02849022_0300.tif (deflated 3%)
  adding: mnt/lsdi/ocm02849022-1004/ocm02849022/Output/ocm02849022_0301.tif (deflated 4%)
  adding: mnt/lsdi/ocm02849022-1004/ocm02849022/Output/ocm02849022_0302.tif (deflated 4%)
  adding: mnt/lsdi/ocm02849022-1004/ocm02849022/Output/ocm02849022_0303.tif (deflated 3%)
  adding: mnt/lsdi/ocm02849022-1004/ocm02849022/Output/ocm02849022_0304.tif (deflated 3%)
  adding: mnt/lsdi/ocm02849022-1004/ocm02849022/Output/ocm02849022_0305.tif (deflated 3%)
  adding: mnt/lsdi/ocm02849022-1004/ocm02849022/Output/ocm02849022_0306.tif (deflated 3%)
  adding: mnt/lsdi/ocm02849022-1004/ocm02849022/Output/ocm02849022_0307.tif (deflated 4%)
  adding: mnt/lsdi/ocm02849022-1004/ocm02849022/Output/ocm02849022_0308.tif (deflated 4%)
  adding: mnt/lsdi/ocm02849022-1004/ocm02849022/Output/ocm02849022_0309.tif (deflated 4%)
  adding: mnt/lsdi/ocm02849022-1004/ocm02849022/Output/ocm02849022_0310.tif (deflated 4%)
  adding: mnt/lsdi/ocm02849022-1004/ocm02849022/Output/ocm02849022_0311.tif (deflated 4%)
  adding: mnt/lsdi/ocm02849022-1004/ocm02849022/Output/ocm02849022_0312.tif (deflated 4%)
  adding: mnt/lsdi/ocm02849022-1004/ocm02849022/Output/ocm02849022_0313.tif (deflated 4%)
  adding: mnt/lsdi/ocm02849022-1004/ocm02849022/Output/ocm02849022_0314.tif (deflated 4%)
  adding: mnt/lsdi/ocm02849022-1004/ocm02849022/Output/ocm02849022_0315.tif (deflated 3%)
  adding: mnt/lsdi/ocm02849022-1004/ocm02849022/Output/ocm02849022_0316.tif (deflated 4%)
  adding: mnt/lsdi/ocm02849022-1004/ocm02849022/Output/ocm02849022_0317.tif (deflated 3%)
  adding: mnt/lsdi/ocm02849022-1004/ocm02849022/Output/ocm02849022_0318.tif (deflated 4%)
  adding: mnt/lsdi/ocm02849022-1004/ocm02849022/Output/ocm02849022_0319.tif (deflated 4%)
  adding: mnt/lsdi/ocm02849022-1004/ocm02849022/Output/ocm02849022_0320.tif (deflated 4%)
  adding: mnt/lsdi/ocm02849022-1004/ocm02849022/Output/ocm02849022_0321.tif (deflated 4%)
  adding: mnt/lsdi/ocm02849022-1004/ocm02849022/Output/ocm02849022_0322.tif (deflated 4%)
  adding: mnt/lsdi/ocm02849022-1004/ocm02849022/Output/ocm02849022_0323.tif (deflated 4%)
  adding: mnt/lsdi/ocm02849022-1004/ocm02849022/Output/ocm02849022_0324.tif (deflated 4%)
  adding: mnt/lsdi/ocm02849022-1004/ocm02849022/Output/ocm02849022_0325.tif (deflated 4%)
  adding: mnt/lsdi/ocm02849022-1004/ocm02849022/Output/ocm02849022_0326.tif (deflated 4%)
  adding: mnt/lsdi/ocm02849022-1004/ocm02849022/Output/ocm02849022_0327.tif (deflated 4%)
  adding: mnt/lsdi/ocm02849022-1004/ocm02849022/Output/ocm02849022_0328.tif (deflated 4%)
  adding: mnt/lsdi/ocm02849022-1004/ocm02849022/Output/ocm02849022_0329.tif (deflated 4%)
  adding: mnt/lsdi/ocm02849022-1004/ocm02849022/Output/ocm02849022_0330.tif (deflated 4%)
  adding: mnt/lsdi/ocm02849022-1004/ocm02849022/Output/ocm02849022_0331.tif (deflated 4%)
  adding: mnt/lsdi/ocm02849022-1004/ocm02849022/Output/ocm02849022_0332.tif (deflated 4%)
  adding: mnt/lsdi/ocm02849022-1004/ocm02849022/Output/ocm02849022_0333.tif (deflated 4%)
  adding: mnt/lsdi/ocm02849022-1004/ocm02849022/Output/ocm02849022_0334.tif (deflated 4%)
  adding: mnt/lsdi/ocm02849022-1004/ocm02849022/Output/ocm02849022_0335.tif (deflated 4%)
  adding: mnt/lsdi/ocm02849022-1004/ocm02849022/Output/ocm02849022_0336.tif (deflated 4%)
  adding: mnt/lsdi/ocm02849022-1004/ocm02849022/Output/ocm02849022_0337.tif (deflated 4%)
  adding: mnt/lsdi/ocm02849022-1004/ocm02849022/Output/ocm02849022_0338.tif (deflated 3%)
  adding: mnt/lsdi/ocm02849022-1004/ocm02849022/Output/ocm02849022_0339.tif (deflated 4%)
  adding: mnt/lsdi/ocm02849022-1004/ocm02849022/Output/ocm02849022_0340.tif (deflated 4%)
  adding: mnt/lsdi/ocm02849022-1004/ocm02849022/Output/ocm02849022_0341.tif (deflated 4%)
  adding: mnt/lsdi/ocm02849022-1004/ocm02849022/Output/ocm02849022_0342.tif (deflated 4%)
  adding: mnt/lsdi/ocm02849022-1004/ocm02849022/Output/ocm02849022_0343.tif (deflated 4%)
  adding: mnt/lsdi/ocm02849022-1004/ocm02849022/Output/ocm02849022_0344.tif (deflated 4%)
  adding: mnt/lsdi/ocm02849022-1004/ocm02849022/Output/ocm02849022_0345.tif (deflated 4%)
  adding: mnt/lsdi/ocm02849022-1004/ocm02849022/Output/ocm02849022_0346.tif (deflated 4%)
  adding: mnt/lsdi/ocm02849022-1004/ocm02849022/Output/ocm02849022_0347.tif (deflated 4%)
  adding: mnt/lsdi/ocm02849022-1004/ocm02849022/Output/ocm02849022_0348.tif (deflated 3%)
  adding: mnt/lsdi/ocm02849022-1004/ocm02849022/Output/ocm02849022_0349.tif (deflated 3%)
  adding: mnt/lsdi/ocm02849022-1004/ocm02849022/Output/ocm02849022_0350.tif (deflated 4%)
  adding: mnt/lsdi/ocm02849022-1004/ocm02849022/Output/ocm02849022_0351.tif (deflated 4%)
  adding: mnt/lsdi/ocm02849022-1004/ocm02849022/Output/ocm02849022_0352.tif (deflated 4%)
  adding: mnt/lsdi/ocm02849022-1004/ocm02849022/Output/ocm02849022_0353.tif (deflated 4%)
  adding: mnt/lsdi/ocm02849022-1004/ocm02849022/Output/ocm02849022_0354.tif (deflated 4%)
  adding: mnt/lsdi/ocm02849022-1004/ocm02849022/Output/ocm02849022_0355.tif (deflated 4%)
  adding: mnt/lsdi/ocm02849022-1004/ocm02849022/Output/ocm02849022_0356.tif (deflated 4%)
  adding: mnt/lsdi/ocm02849022-1004/ocm02849022/Output/ocm02849022_0357.tif (deflated 4%)
  adding: mnt/lsdi/ocm02849022-1004/ocm02849022/Output/ocm02849022_0358.tif (deflated 3%)
  adding: mnt/lsdi/ocm02849022-1004/ocm02849022/Output/ocm02849022_0359.tif (deflated 4%)
  adding: mnt/lsdi/ocm02849022-1004/ocm02849022/Output/ocm02849022_0360.tif (deflated 3%)
  adding: mnt/lsdi/ocm02849022-1004/ocm02849022/Output/ocm02849022_0361.tif (deflated 3%)
  adding: mnt/lsdi/ocm02849022-1004/ocm02849022/Output/ocm02849022_0362.tif (deflated 3%)
  adding: mnt/lsdi/ocm02849022-1004/ocm02849022/Output/ocm02849022_0363.tif (deflated 4%)
  adding: mnt/lsdi/ocm02849022-1004/ocm02849022/Output/ocm02849022_0364.tif (deflated 3%)
  adding: mnt/lsdi/ocm02849022-1004/ocm02849022/Output/ocm02849022_0365.tif (deflated 4%)
  adding: mnt/lsdi/ocm02849022-1004/ocm02849022/Output/ocm02849022_0366.tif (deflated 4%)
  adding: mnt/lsdi/ocm02849022-1004/ocm02849022/Output/ocm02849022_0367.tif (deflated 4%)
  adding: mnt/lsdi/ocm02849022-1004/ocm02849022/Output/ocm02849022_0368.tif (deflated 4%)
  adding: mnt/lsdi/ocm02849022-1004/ocm02849022/Output/ocm02849022_0369.tif (deflated 3%)
  adding: mnt/lsdi/ocm02849022-1004/ocm02849022/Output/ocm02849022_0370.tif (deflated 4%)
  adding: mnt/lsdi/ocm02849022-1004/ocm02849022/Output/ocm02849022_0371.tif (deflated 4%)
  adding: mnt/lsdi/ocm02849022-1004/ocm02849022/Output/ocm02849022_0372.tif (deflated 4%)
  adding: mnt/lsdi/ocm02849022-1004/ocm02849022/Output/ocm02849022_0373.tif (deflated 3%)
  adding: mnt/lsdi/ocm02849022-1004/ocm02849022/Output/ocm02849022_0374.tif (deflated 4%)
  adding: mnt/lsdi/ocm02849022-1004/ocm02849022/Output/ocm02849022_0375.tif (deflated 4%)
  adding: mnt/lsdi/ocm02849022-1004/ocm02849022/Output/ocm02849022_0376.tif (deflated 4%)
  adding: mnt/lsdi/ocm02849022-1004/ocm02849022/Output/ocm02849022_0377.tif (deflated 4%)
  adding: mnt/lsdi/ocm02849022-1004/ocm02849022/Output/ocm02849022_0378.tif (deflated 3%)
  adding: mnt/lsdi/ocm02849022-1004/ocm02849022/Output/ocm02849022_0379.tif (deflated 4%)
  adding: mnt/lsdi/ocm02849022-1004/ocm02849022/Output/ocm02849022_0380.tif (deflated 4%)
  adding: mnt/lsdi/ocm02849022-1004/ocm02849022/Output/ocm02849022_0381.tif (deflated 3%)
  adding: mnt/lsdi/ocm02849022-1004/ocm02849022/Output/ocm02849022_0382.tif (deflated 3%)
  adding: mnt/lsdi/ocm02849022-1004/ocm02849022/Output/ocm02849022_0383.tif (deflated 4%)
  adding: mnt/lsdi/ocm02849022-1004/ocm02849022/Output/ocm02849022_0384.tif (deflated 4%)
  adding: mnt/lsdi/ocm02849022-1004/ocm02849022/Output/ocm02849022_0385.tif (deflated 4%)
  adding: mnt/lsdi/ocm02849022-1004/ocm02849022/Output/ocm02849022_0386.tif (deflated 3%)
  adding: mnt/lsdi/ocm02849022-1004/ocm02849022/Output/ocm02849022_0387.tif (deflated 3%)
  adding: mnt/lsdi/ocm02849022-1004/ocm02849022/Output/ocm02849022_0388.tif (deflated 3%)
  adding: mnt/lsdi/ocm02849022-1004/ocm02849022/Output/ocm02849022_0389.tif (deflated 3%)
  adding: mnt/lsdi/ocm02849022-1004/ocm02849022/Output/ocm02849022_0390.tif (deflated 3%)
  adding: mnt/lsdi/ocm02849022-1004/ocm02849022/Output/ocm02849022_0391.tif (deflated 4%)
  adding: mnt/lsdi/ocm02849022-1004/ocm02849022/Output/ocm02849022_0392.tif (deflated 4%)
  adding: mnt/lsdi/ocm02849022-1004/ocm02849022/Output/ocm02849022_0393.tif (deflated 5%)
  adding: mnt/lsdi/ocm02849022-1004/ocm02849022/Output/ocm02849022_0394.tif (deflated 80%)
curl --location --header authorization: LOW fpJYfLnxbLmCEHqU:JQbq6NgBaPrSh98Y --upload-file /temp/ocm02849022_1004_images.zip http://s3.us.archive.org/02849022.1004.emory.edu/02849022_1004_images.zip
  % Total    % Received % Xferd  Average Speed   Time    Time     Time  Current
                                 Dload  Upload   Total   Spent    Left  Speed
  0     0    0     0    0     0      0      0 --:--:-- --:--:-- --:--:--     0  0 12.0M    0     0    0     0      0      0 --:--:--  0:00:01 --:--:--     0  1 12.0M    0     0    1  240k      0   177k  0:01:09  0:00:01  0:01:08  188k  9 12.0M    0     0    9 1152k      0   493k  0:00:25  0:00:02  0:00:23  509k 16 12.0M    0     0   16 2064k      0   613k  0:00:20  0:00:03  0:00:17  626k 23 12.0M    0     0   23 2944k      0   675k  0:00:18  0:00:04  0:00:14  687k 30 12.0M    0     0   30 3728k      0   697k  0:00:17  0:00:05  0:00:12  872k 35 12.0M    0     0   35 4416k      0   696k  0:00:17  0:00:06  0:00:11  836k 42 12.0M    0     0   42 5248k      0   712k  0:00:17  0:00:07  0:00:10  814k 49 12.0M    0     0   49 6128k      0   734k  0:00:16  0:00:08  0:00:08  816k 56 12.0M    0     0   56 7008k      0   750k  0:00:16  0:00:09  0:00:07  816k 63 12.0M    0     0   63 7904k      0   762k  0:00:16  0:00:10  0:00:06  832k 70 12.0M    0     0   70 8784k      0   773k  0:00:15  0:00:11  0:00:04  870k 77 12.0M    0     0   77 9632k      0   780k  0:00:15  0:00:12  0:00:03  881k 85 12.0M    0     0   85 10.2M      0   788k  0:00:15  0:00:13  0:00:02  879k 92 12.0M    0     0   92 11.1M      0   794k  0:00:15  0:00:14  0:00:01  875k 99 12.0M    0     0   99 11.9M      0   799k  0:00:15  0:00:15 --:--:--  874k100 12.0M    0     0  100 12.0M      0   750k  0:00:16  0:00:16 --:--:--  700k100 12.0M    0     0  100 12.0M      0   707k  0:00:17  0:00:17 --:--:--  532k100 12.0M    0     0  100 12.0M      0   669k  0:00:18  0:00:18 --:--:--  359k100 12.0M    0     0  100 12.0M      0   668k  0:00:18  0:00:18 --:--:--  231k
