curl --location --header x-amz-auto-make-bucket:1 --header x-archive-ignore-preexisting-bucket:1 --header x-archive-queue-derive:0 --header x-archive-meta-mediatype:texts --header x-archive-meta03-collection:emory --header x-archive-meta01-collection:americanmethodism --header x-archive-meta-sponsor:Emory University, Pitts Theology Library --header x-archive-meta-contributor:Emory University, Pitts Theology Library --header x-archive-meta-ppi:300 --header authorization: LOW fpJYfLnxbLmCEHqU:JQbq6NgBaPrSh98Y --upload-file /mnt/lsdi/ocm02730781/ocm02730781/ocm02730781_MRC.xml http://s3.us.archive.org/ocm02730781.emory.edu/ocm02730781.emory.edu_marc.xml
  % Total    % Received % Xferd  Average Speed   Time    Time     Time  Current
                                 Dload  Upload   Total   Spent    Left  Speed
  0     0    0     0    0     0      0      0 --:--:-- --:--:-- --:--:--     0  0  3221    0     0    0     0      0      0 --:--:-- --:--:-- --:--:--     0100  3221    0     0  100  3221      0   1937  0:00:01  0:00:01 --:--:--  2027
zip -r /temp/ocm02730781_images.zip /mnt/lsdi/ocm02730781/ocm02730781/Output/000000.tif /mnt/lsdi/ocm02730781/ocm02730781/Output/000001.tif /mnt/lsdi/ocm02730781/ocm02730781/Output/000002.tif /mnt/lsdi/ocm02730781/ocm02730781/Output/000003.tif /mnt/lsdi/ocm02730781/ocm02730781/Output/000004.tif /mnt/lsdi/ocm02730781/ocm02730781/Output/000005.tif /mnt/lsdi/ocm02730781/ocm02730781/Output/000006.tif /mnt/lsdi/ocm02730781/ocm02730781/Output/000007.tif /mnt/lsdi/ocm02730781/ocm02730781/Output/000008.tif /mnt/lsdi/ocm02730781/ocm02730781/Output/000009.tif /mnt/lsdi/ocm02730781/ocm02730781/Output/000010.tif /mnt/lsdi/ocm02730781/ocm02730781/Output/000011.tif /mnt/lsdi/ocm02730781/ocm02730781/Output/000012.tif /mnt/lsdi/ocm02730781/ocm02730781/Output/000013.tif /mnt/lsdi/ocm02730781/ocm02730781/Output/000014.tif /mnt/lsdi/ocm02730781/ocm02730781/Output/000015.tif /mnt/lsdi/ocm02730781/ocm02730781/Output/000016.tif /mnt/lsdi/ocm02730781/ocm02730781/Output/000017.tif /mnt/lsdi/ocm02730781/ocm02730781/Output/000018.tif /mnt/lsdi/ocm02730781/ocm02730781/Output/000019.tif /mnt/lsdi/ocm02730781/ocm02730781/Output/000020.tif /mnt/lsdi/ocm02730781/ocm02730781/Output/000021.tif /mnt/lsdi/ocm02730781/ocm02730781/Output/000022.tif /mnt/lsdi/ocm02730781/ocm02730781/Output/000023.tif /mnt/lsdi/ocm02730781/ocm02730781/Output/000024.tif /mnt/lsdi/ocm02730781/ocm02730781/Output/000025.tif /mnt/lsdi/ocm02730781/ocm02730781/Output/000026.tif /mnt/lsdi/ocm02730781/ocm02730781/Output/000027.tif /mnt/lsdi/ocm02730781/ocm02730781/Output/000028.tif /mnt/lsdi/ocm02730781/ocm02730781/Output/000029.tif /mnt/lsdi/ocm02730781/ocm02730781/Output/000030.tif /mnt/lsdi/ocm02730781/ocm02730781/Output/000031.tif /mnt/lsdi/ocm02730781/ocm02730781/Output/000032.tif /mnt/lsdi/ocm02730781/ocm02730781/Output/000033.tif /mnt/lsdi/ocm02730781/ocm02730781/Output/000034.tif /mnt/lsdi/ocm02730781/ocm02730781/Output/000035.tif /mnt/lsdi/ocm02730781/ocm02730781/Output/000036.tif /mnt/lsdi/ocm02730781/ocm02730781/Output/000037.tif /mnt/lsdi/ocm02730781/ocm02730781/Output/000038.tif /mnt/lsdi/ocm02730781/ocm02730781/Output/000039.tif /mnt/lsdi/ocm02730781/ocm02730781/Output/000040.tif /mnt/lsdi/ocm02730781/ocm02730781/Output/000041.tif /mnt/lsdi/ocm02730781/ocm02730781/Output/000042.tif /mnt/lsdi/ocm02730781/ocm02730781/Output/000043.tif /mnt/lsdi/ocm02730781/ocm02730781/Output/000044.tif /mnt/lsdi/ocm02730781/ocm02730781/Output/000045.tif /mnt/lsdi/ocm02730781/ocm02730781/Output/000046.tif /mnt/lsdi/ocm02730781/ocm02730781/Output/000047.tif /mnt/lsdi/ocm02730781/ocm02730781/Output/000048.tif /mnt/lsdi/ocm02730781/ocm02730781/Output/000049.tif /mnt/lsdi/ocm02730781/ocm02730781/Output/000050.tif /mnt/lsdi/ocm02730781/ocm02730781/Output/000051.tif /mnt/lsdi/ocm02730781/ocm02730781/Output/000052.tif /mnt/lsdi/ocm02730781/ocm02730781/Output/000053.tif /mnt/lsdi/ocm02730781/ocm02730781/Output/000054.tif /mnt/lsdi/ocm02730781/ocm02730781/Output/000055.tif /mnt/lsdi/ocm02730781/ocm02730781/Output/000056.tif /mnt/lsdi/ocm02730781/ocm02730781/Output/000057.tif /mnt/lsdi/ocm02730781/ocm02730781/Output/000058.tif /mnt/lsdi/ocm02730781/ocm02730781/Output/000059.tif /mnt/lsdi/ocm02730781/ocm02730781/Output/000060.tif /mnt/lsdi/ocm02730781/ocm02730781/Output/000061.tif /mnt/lsdi/ocm02730781/ocm02730781/Output/000062.tif /mnt/lsdi/ocm02730781/ocm02730781/Output/000063.tif /mnt/lsdi/ocm02730781/ocm02730781/Output/000064.tif /mnt/lsdi/ocm02730781/ocm02730781/Output/000065.tif /mnt/lsdi/ocm02730781/ocm02730781/Output/000066.tif /mnt/lsdi/ocm02730781/ocm02730781/Output/000067.tif /mnt/lsdi/ocm02730781/ocm02730781/Output/000068.tif /mnt/lsdi/ocm02730781/ocm02730781/Output/000069.tif /mnt/lsdi/ocm02730781/ocm02730781/Output/000070.tif /mnt/lsdi/ocm02730781/ocm02730781/Output/000071.tif /mnt/lsdi/ocm02730781/ocm02730781/Output/000072.tif /mnt/lsdi/ocm02730781/ocm02730781/Output/000073.tif /mnt/lsdi/ocm02730781/ocm02730781/Output/000074.tif /mnt/lsdi/ocm02730781/ocm02730781/Output/000075.tif /mnt/lsdi/ocm02730781/ocm02730781/Output/000076.tif /mnt/lsdi/ocm02730781/ocm02730781/Output/000077.tif /mnt/lsdi/ocm02730781/ocm02730781/Output/000078.tif /mnt/lsdi/ocm02730781/ocm02730781/Output/000079.tif /mnt/lsdi/ocm02730781/ocm02730781/Output/000080.tif /mnt/lsdi/ocm02730781/ocm02730781/Output/000081.tif /mnt/lsdi/ocm02730781/ocm02730781/Output/000084.tif /mnt/lsdi/ocm02730781/ocm02730781/Output/000085.tif /mnt/lsdi/ocm02730781/ocm02730781/Output/000086.tif /mnt/lsdi/ocm02730781/ocm02730781/Output/000087.tif /mnt/lsdi/ocm02730781/ocm02730781/Output/000088.tif /mnt/lsdi/ocm02730781/ocm02730781/Output/000089.tif /mnt/lsdi/ocm02730781/ocm02730781/Output/000090.tif /mnt/lsdi/ocm02730781/ocm02730781/Output/000091.tif /mnt/lsdi/ocm02730781/ocm02730781/Output/000092.tif /mnt/lsdi/ocm02730781/ocm02730781/Output/000093.tif /mnt/lsdi/ocm02730781/ocm02730781/Output/000094.tif /mnt/lsdi/ocm02730781/ocm02730781/Output/000095.tif /mnt/lsdi/ocm02730781/ocm02730781/Output/000096.tif /mnt/lsdi/ocm02730781/ocm02730781/Output/000097.tif /mnt/lsdi/ocm02730781/ocm02730781/Output/000098.tif /mnt/lsdi/ocm02730781/ocm02730781/Output/000099.tif /mnt/lsdi/ocm02730781/ocm02730781/Output/000100.tif /mnt/lsdi/ocm02730781/ocm02730781/Output/000101.tif /mnt/lsdi/ocm02730781/ocm02730781/Output/000102.tif /mnt/lsdi/ocm02730781/ocm02730781/Output/000103.tif /mnt/lsdi/ocm02730781/ocm02730781/Output/000104.tif /mnt/lsdi/ocm02730781/ocm02730781/Output/000105.tif /mnt/lsdi/ocm02730781/ocm02730781/Output/000106.tif /mnt/lsdi/ocm02730781/ocm02730781/Output/000107.tif /mnt/lsdi/ocm02730781/ocm02730781/Output/000108.tif /mnt/lsdi/ocm02730781/ocm02730781/Output/000109.tif /mnt/lsdi/ocm02730781/ocm02730781/Output/000110.tif /mnt/lsdi/ocm02730781/ocm02730781/Output/000111.tif /mnt/lsdi/ocm02730781/ocm02730781/Output/000112.tif /mnt/lsdi/ocm02730781/ocm02730781/Output/000113.tif /mnt/lsdi/ocm02730781/ocm02730781/Output/000114.tif /mnt/lsdi/ocm02730781/ocm02730781/Output/000115.tif /mnt/lsdi/ocm02730781/ocm02730781/Output/000116.tif /mnt/lsdi/ocm02730781/ocm02730781/Output/000117.tif /mnt/lsdi/ocm02730781/ocm02730781/Output/000118.tif /mnt/lsdi/ocm02730781/ocm02730781/Output/000119.tif /mnt/lsdi/ocm02730781/ocm02730781/Output/000120.tif /mnt/lsdi/ocm02730781/ocm02730781/Output/000121.tif /mnt/lsdi/ocm02730781/ocm02730781/Output/000122.tif /mnt/lsdi/ocm02730781/ocm02730781/Output/000123.tif /mnt/lsdi/ocm02730781/ocm02730781/Output/000124.tif /mnt/lsdi/ocm02730781/ocm02730781/Output/000125.tif /mnt/lsdi/ocm02730781/ocm02730781/Output/000126.tif /mnt/lsdi/ocm02730781/ocm02730781/Output/000127.tif /mnt/lsdi/ocm02730781/ocm02730781/Output/000128.tif /mnt/lsdi/ocm02730781/ocm02730781/Output/000129.tif /mnt/lsdi/ocm02730781/ocm02730781/Output/000130.tif /mnt/lsdi/ocm02730781/ocm02730781/Output/000131.tif
  adding: mnt/lsdi/ocm02730781/ocm02730781/Output/000000.tif (deflated 78%)
  adding: mnt/lsdi/ocm02730781/ocm02730781/Output/000001.tif (deflated 19%)
  adding: mnt/lsdi/ocm02730781/ocm02730781/Output/000002.tif (deflated 78%)
  adding: mnt/lsdi/ocm02730781/ocm02730781/Output/000003.tif (deflated 6%)
  adding: mnt/lsdi/ocm02730781/ocm02730781/Output/000004.tif (deflated 21%)
  adding: mnt/lsdi/ocm02730781/ocm02730781/Output/000005.tif (deflated 11%)
  adding: mnt/lsdi/ocm02730781/ocm02730781/Output/000006.tif (deflated 78%)
  adding: mnt/lsdi/ocm02730781/ocm02730781/Output/000007.tif (deflated 5%)
  adding: mnt/lsdi/ocm02730781/ocm02730781/Output/000008.tif (deflated 4%)
  adding: mnt/lsdi/ocm02730781/ocm02730781/Output/000009.tif (deflated 7%)
  adding: mnt/lsdi/ocm02730781/ocm02730781/Output/000010.tif (deflated 78%)
  adding: mnt/lsdi/ocm02730781/ocm02730781/Output/000011.tif (deflated 5%)
  adding: mnt/lsdi/ocm02730781/ocm02730781/Output/000012.tif (deflated 78%)
  adding: mnt/lsdi/ocm02730781/ocm02730781/Output/000013.tif (deflated 4%)
  adding: mnt/lsdi/ocm02730781/ocm02730781/Output/000014.tif (deflated 4%)
  adding: mnt/lsdi/ocm02730781/ocm02730781/Output/000015.tif (deflated 4%)
  adding: mnt/lsdi/ocm02730781/ocm02730781/Output/000016.tif (deflated 4%)
  adding: mnt/lsdi/ocm02730781/ocm02730781/Output/000017.tif (deflated 4%)
  adding: mnt/lsdi/ocm02730781/ocm02730781/Output/000018.tif (deflated 3%)
  adding: mnt/lsdi/ocm02730781/ocm02730781/Output/000019.tif (deflated 4%)
  adding: mnt/lsdi/ocm02730781/ocm02730781/Output/000020.tif (deflated 4%)
  adding: mnt/lsdi/ocm02730781/ocm02730781/Output/000021.tif (deflated 4%)
  adding: mnt/lsdi/ocm02730781/ocm02730781/Output/000022.tif (deflated 3%)
  adding: mnt/lsdi/ocm02730781/ocm02730781/Output/000023.tif (deflated 4%)
  adding: mnt/lsdi/ocm02730781/ocm02730781/Output/000024.tif (deflated 4%)
  adding: mnt/lsdi/ocm02730781/ocm02730781/Output/000025.tif (deflated 4%)
  adding: mnt/lsdi/ocm02730781/ocm02730781/Output/000026.tif (deflated 4%)
  adding: mnt/lsdi/ocm02730781/ocm02730781/Output/000027.tif (deflated 4%)
  adding: mnt/lsdi/ocm02730781/ocm02730781/Output/000028.tif (deflated 4%)
  adding: mnt/lsdi/ocm02730781/ocm02730781/Output/000029.tif (deflated 4%)
  adding: mnt/lsdi/ocm02730781/ocm02730781/Output/000030.tif (deflated 4%)
  adding: mnt/lsdi/ocm02730781/ocm02730781/Output/000031.tif (deflated 4%)
  adding: mnt/lsdi/ocm02730781/ocm02730781/Output/000032.tif (deflated 4%)
  adding: mnt/lsdi/ocm02730781/ocm02730781/Output/000033.tif (deflated 3%)
  adding: mnt/lsdi/ocm02730781/ocm02730781/Output/000034.tif (deflated 4%)
  adding: mnt/lsdi/ocm02730781/ocm02730781/Output/000035.tif (deflated 4%)
  adding: mnt/lsdi/ocm02730781/ocm02730781/Output/000036.tif (deflated 4%)
  adding: mnt/lsdi/ocm02730781/ocm02730781/Output/000037.tif (deflated 4%)
  adding: mnt/lsdi/ocm02730781/ocm02730781/Output/000038.tif (deflated 4%)
  adding: mnt/lsdi/ocm02730781/ocm02730781/Output/000039.tif (deflated 3%)
  adding: mnt/lsdi/ocm02730781/ocm02730781/Output/000040.tif (deflated 4%)
  adding: mnt/lsdi/ocm02730781/ocm02730781/Output/000041.tif (deflated 4%)
  adding: mnt/lsdi/ocm02730781/ocm02730781/Output/000042.tif (deflated 4%)
  adding: mnt/lsdi/ocm02730781/ocm02730781/Output/000043.tif (deflated 3%)
  adding: mnt/lsdi/ocm02730781/ocm02730781/Output/000044.tif (deflated 4%)
  adding: mnt/lsdi/ocm02730781/ocm02730781/Output/000045.tif (deflated 4%)
  adding: mnt/lsdi/ocm02730781/ocm02730781/Output/000046.tif (deflated 4%)
  adding: mnt/lsdi/ocm02730781/ocm02730781/Output/000047.tif (deflated 4%)
  adding: mnt/lsdi/ocm02730781/ocm02730781/Output/000048.tif (deflated 4%)
  adding: mnt/lsdi/ocm02730781/ocm02730781/Output/000049.tif (deflated 4%)
  adding: mnt/lsdi/ocm02730781/ocm02730781/Output/000050.tif (deflated 4%)
  adding: mnt/lsdi/ocm02730781/ocm02730781/Output/000051.tif (deflated 4%)
  adding: mnt/lsdi/ocm02730781/ocm02730781/Output/000052.tif (deflated 4%)
  adding: mnt/lsdi/ocm02730781/ocm02730781/Output/000053.tif (deflated 4%)
  adding: mnt/lsdi/ocm02730781/ocm02730781/Output/000054.tif (deflated 4%)
  adding: mnt/lsdi/ocm02730781/ocm02730781/Output/000055.tif (deflated 4%)
  adding: mnt/lsdi/ocm02730781/ocm02730781/Output/000056.tif (deflated 4%)
  adding: mnt/lsdi/ocm02730781/ocm02730781/Output/000057.tif (deflated 4%)
  adding: mnt/lsdi/ocm02730781/ocm02730781/Output/000058.tif (deflated 4%)
  adding: mnt/lsdi/ocm02730781/ocm02730781/Output/000059.tif (deflated 4%)
  adding: mnt/lsdi/ocm02730781/ocm02730781/Output/000060.tif (deflated 4%)
  adding: mnt/lsdi/ocm02730781/ocm02730781/Output/000061.tif (deflated 3%)
  adding: mnt/lsdi/ocm02730781/ocm02730781/Output/000062.tif (deflated 4%)
  adding: mnt/lsdi/ocm02730781/ocm02730781/Output/000063.tif (deflated 3%)
  adding: mnt/lsdi/ocm02730781/ocm02730781/Output/000064.tif (deflated 4%)
  adding: mnt/lsdi/ocm02730781/ocm02730781/Output/000065.tif (deflated 3%)
  adding: mnt/lsdi/ocm02730781/ocm02730781/Output/000066.tif (deflated 4%)
  adding: mnt/lsdi/ocm02730781/ocm02730781/Output/000067.tif (deflated 4%)
  adding: mnt/lsdi/ocm02730781/ocm02730781/Output/000068.tif (deflated 3%)
  adding: mnt/lsdi/ocm02730781/ocm02730781/Output/000069.tif (deflated 4%)
  adding: mnt/lsdi/ocm02730781/ocm02730781/Output/000070.tif (deflated 3%)
  adding: mnt/lsdi/ocm02730781/ocm02730781/Output/000071.tif (deflated 4%)
  adding: mnt/lsdi/ocm02730781/ocm02730781/Output/000072.tif (deflated 3%)
  adding: mnt/lsdi/ocm02730781/ocm02730781/Output/000073.tif (deflated 3%)
  adding: mnt/lsdi/ocm02730781/ocm02730781/Output/000074.tif (deflated 4%)
  adding: mnt/lsdi/ocm02730781/ocm02730781/Output/000075.tif (deflated 3%)
  adding: mnt/lsdi/ocm02730781/ocm02730781/Output/000076.tif (deflated 5%)
  adding: mnt/lsdi/ocm02730781/ocm02730781/Output/000077.tif (deflated 4%)
  adding: mnt/lsdi/ocm02730781/ocm02730781/Output/000078.tif (deflated 3%)
  adding: mnt/lsdi/ocm02730781/ocm02730781/Output/000079.tif (deflated 4%)
  adding: mnt/lsdi/ocm02730781/ocm02730781/Output/000080.tif (deflated 3%)
  adding: mnt/lsdi/ocm02730781/ocm02730781/Output/000081.tif (deflated 4%)
  adding: mnt/lsdi/ocm02730781/ocm02730781/Output/000084.tif (deflated 4%)
  adding: mnt/lsdi/ocm02730781/ocm02730781/Output/000085.tif (deflated 4%)
  adding: mnt/lsdi/ocm02730781/ocm02730781/Output/000086.tif (deflated 3%)
  adding: mnt/lsdi/ocm02730781/ocm02730781/Output/000087.tif (deflated 4%)
  adding: mnt/lsdi/ocm02730781/ocm02730781/Output/000088.tif (deflated 3%)
  adding: mnt/lsdi/ocm02730781/ocm02730781/Output/000089.tif (deflated 4%)
  adding: mnt/lsdi/ocm02730781/ocm02730781/Output/000090.tif (deflated 4%)
  adding: mnt/lsdi/ocm02730781/ocm02730781/Output/000091.tif (deflated 4%)
  adding: mnt/lsdi/ocm02730781/ocm02730781/Output/000092.tif (deflated 4%)
  adding: mnt/lsdi/ocm02730781/ocm02730781/Output/000093.tif (deflated 4%)
  adding: mnt/lsdi/ocm02730781/ocm02730781/Output/000094.tif (deflated 4%)
  adding: mnt/lsdi/ocm02730781/ocm02730781/Output/000095.tif (deflated 4%)
  adding: mnt/lsdi/ocm02730781/ocm02730781/Output/000096.tif (deflated 3%)
  adding: mnt/lsdi/ocm02730781/ocm02730781/Output/000097.tif (deflated 4%)
  adding: mnt/lsdi/ocm02730781/ocm02730781/Output/000098.tif (deflated 4%)
  adding: mnt/lsdi/ocm02730781/ocm02730781/Output/000099.tif (deflated 3%)
  adding: mnt/lsdi/ocm02730781/ocm02730781/Output/000100.tif (deflated 4%)
  adding: mnt/lsdi/ocm02730781/ocm02730781/Output/000101.tif (deflated 4%)
  adding: mnt/lsdi/ocm02730781/ocm02730781/Output/000102.tif (deflated 4%)
  adding: mnt/lsdi/ocm02730781/ocm02730781/Output/000103.tif (deflated 3%)
  adding: mnt/lsdi/ocm02730781/ocm02730781/Output/000104.tif (deflated 4%)
  adding: mnt/lsdi/ocm02730781/ocm02730781/Output/000105.tif (deflated 4%)
  adding: mnt/lsdi/ocm02730781/ocm02730781/Output/000106.tif (deflated 4%)
  adding: mnt/lsdi/ocm02730781/ocm02730781/Output/000107.tif (deflated 3%)
  adding: mnt/lsdi/ocm02730781/ocm02730781/Output/000108.tif (deflated 4%)
  adding: mnt/lsdi/ocm02730781/ocm02730781/Output/000109.tif (deflated 4%)
  adding: mnt/lsdi/ocm02730781/ocm02730781/Output/000110.tif (deflated 3%)
  adding: mnt/lsdi/ocm02730781/ocm02730781/Output/000111.tif (deflated 4%)
  adding: mnt/lsdi/ocm02730781/ocm02730781/Output/000112.tif (deflated 4%)
  adding: mnt/lsdi/ocm02730781/ocm02730781/Output/000113.tif (deflated 3%)
  adding: mnt/lsdi/ocm02730781/ocm02730781/Output/000114.tif (deflated 4%)
  adding: mnt/lsdi/ocm02730781/ocm02730781/Output/000115.tif (deflated 4%)
  adding: mnt/lsdi/ocm02730781/ocm02730781/Output/000116.tif (deflated 4%)
  adding: mnt/lsdi/ocm02730781/ocm02730781/Output/000117.tif (deflated 4%)
  adding: mnt/lsdi/ocm02730781/ocm02730781/Output/000118.tif (deflated 4%)
  adding: mnt/lsdi/ocm02730781/ocm02730781/Output/000119.tif (deflated 3%)
  adding: mnt/lsdi/ocm02730781/ocm02730781/Output/000120.tif (deflated 4%)
  adding: mnt/lsdi/ocm02730781/ocm02730781/Output/000121.tif (deflated 4%)
  adding: mnt/lsdi/ocm02730781/ocm02730781/Output/000122.tif (deflated 4%)
  adding: mnt/lsdi/ocm02730781/ocm02730781/Output/000123.tif (deflated 3%)
  adding: mnt/lsdi/ocm02730781/ocm02730781/Output/000124.tif (deflated 4%)
  adding: mnt/lsdi/ocm02730781/ocm02730781/Output/000125.tif (deflated 4%)
  adding: mnt/lsdi/ocm02730781/ocm02730781/Output/000126.tif (deflated 4%)
  adding: mnt/lsdi/ocm02730781/ocm02730781/Output/000127.tif (deflated 4%)
  adding: mnt/lsdi/ocm02730781/ocm02730781/Output/000128.tif (deflated 4%)
  adding: mnt/lsdi/ocm02730781/ocm02730781/Output/000129.tif (deflated 4%)
  adding: mnt/lsdi/ocm02730781/ocm02730781/Output/000130.tif (deflated 78%)
  adding: mnt/lsdi/ocm02730781/ocm02730781/Output/000131.tif (deflated 78%)
curl --location --header authorization: LOW fpJYfLnxbLmCEHqU:JQbq6NgBaPrSh98Y --upload-file /temp/ocm02730781_images.zip http://s3.us.archive.org/ocm02730781.emory.edu/ocm02730781_images.zip
  % Total    % Received % Xferd  Average Speed   Time    Time     Time  Current
                                 Dload  Upload   Total   Spent    Left  Speed
  0     0    0     0    0     0      0      0 --:--:-- --:--:-- --:--:--     0  0 3051k    0     0    0     0      0      0 --:--:--  0:00:01 --:--:--     0 25 3051k    0     0   25  768k      0   376k  0:00:08  0:00:02  0:00:06  390k 51 3051k    0     0   51 1584k      0   517k  0:00:05  0:00:03  0:00:02  530k 76 3051k    0     0   76 2336k      0   579k  0:00:05  0:00:04  0:00:01  590k100 3051k    0     0  100 3051k      0   507k  0:00:06  0:00:06 --:--:--  514k100 3051k    0     0  100 3051k      0   506k  0:00:06  0:00:06 --:--:--  617k
