Bucket ID will be 05717564.emory.edu
curl --location --header x-amz-auto-make-bucket:1 --header x-archive-ignore-preexisting-bucket:1 --header x-archive-queue-derive:0 --header x-archive-meta-mediatype:texts --header x-archive-meta03-collection:emory --header x-archive-meta01-collection:americanmethodism --header x-archive-meta-sponsor:Emory University, Pitts Theology Library --header x-archive-meta-contributor:Emory University, Pitts Theology Library --header x-archive-meta-ppi:300 --header authorization: LOW fpJYfLnxbLmCEHqU:JQbq6NgBaPrSh98Y --upload-file /mnt/lsdi/ocm05717564-1050/ocm05717564/ocm05717564_MRC.xml http://s3.us.archive.org/05717564.1050.emory.edu/05717564.1050.emory.edu_marc.xml
  % Total    % Received % Xferd  Average Speed   Time    Time     Time  Current
                                 Dload  Upload   Total   Spent    Left  Speed
  0     0    0     0    0     0      0      0 --:--:-- --:--:-- --:--:--     0  0  3958    0     0    0     0      0      0 --:--:--  0:00:01 --:--:--     0100  3958    0     0  100  3958      0   1892  0:00:02  0:00:02 --:--:--  1961100  3958    0     0  100  3958      0   1279  0:00:03  0:00:03 --:--:--  1311100  3958    0     0  100  3958      0   1042  0:00:03  0:00:03 --:--:--  1063100  3958    0     0  100  3958      0    825  0:00:04  0:00:04 --:--:--   837100  3958    0     0  100  3958      0    682  0:00:05  0:00:05 --:--:--   838100  3958    0     0  100  3958      0    582  0:00:06  0:00:06 --:--:--     0100  3958    0     0  100  3958      0    507  0:00:07  0:00:07 --:--:--     0100  3958    0     0  100  3958      0    449  0:00:08  0:00:08 --:--:--     0100  3958    0     0  100  3958      0    403  0:00:09  0:00:09 --:--:--     0100  3958    0     0  100  3958      0    396  0:00:09  0:00:09 --:--:--     0
zip -r /temp/ocm05717564_1050_images.zip /mnt/lsdi/ocm05717564-1050/ocm05717564/Output/ocm05717564_0001.tif /mnt/lsdi/ocm05717564-1050/ocm05717564/Output/ocm05717564_0002.tif /mnt/lsdi/ocm05717564-1050/ocm05717564/Output/ocm05717564_0003.tif /mnt/lsdi/ocm05717564-1050/ocm05717564/Output/ocm05717564_0004.tif /mnt/lsdi/ocm05717564-1050/ocm05717564/Output/ocm05717564_0005.tif /mnt/lsdi/ocm05717564-1050/ocm05717564/Output/ocm05717564_0006.tif /mnt/lsdi/ocm05717564-1050/ocm05717564/Output/ocm05717564_0007.tif /mnt/lsdi/ocm05717564-1050/ocm05717564/Output/ocm05717564_0008.tif /mnt/lsdi/ocm05717564-1050/ocm05717564/Output/ocm05717564_0009.tif /mnt/lsdi/ocm05717564-1050/ocm05717564/Output/ocm05717564_0010.tif /mnt/lsdi/ocm05717564-1050/ocm05717564/Output/ocm05717564_0011.tif /mnt/lsdi/ocm05717564-1050/ocm05717564/Output/ocm05717564_0012.tif /mnt/lsdi/ocm05717564-1050/ocm05717564/Output/ocm05717564_0013.tif /mnt/lsdi/ocm05717564-1050/ocm05717564/Output/ocm05717564_0014.tif /mnt/lsdi/ocm05717564-1050/ocm05717564/Output/ocm05717564_0015.tif /mnt/lsdi/ocm05717564-1050/ocm05717564/Output/ocm05717564_0016.tif /mnt/lsdi/ocm05717564-1050/ocm05717564/Output/ocm05717564_0017.tif /mnt/lsdi/ocm05717564-1050/ocm05717564/Output/ocm05717564_0018.tif /mnt/lsdi/ocm05717564-1050/ocm05717564/Output/ocm05717564_0019.tif /mnt/lsdi/ocm05717564-1050/ocm05717564/Output/ocm05717564_0020.tif /mnt/lsdi/ocm05717564-1050/ocm05717564/Output/ocm05717564_0021.tif /mnt/lsdi/ocm05717564-1050/ocm05717564/Output/ocm05717564_0022.tif /mnt/lsdi/ocm05717564-1050/ocm05717564/Output/ocm05717564_0023.tif /mnt/lsdi/ocm05717564-1050/ocm05717564/Output/ocm05717564_0024.tif /mnt/lsdi/ocm05717564-1050/ocm05717564/Output/ocm05717564_0025.tif /mnt/lsdi/ocm05717564-1050/ocm05717564/Output/ocm05717564_0026.tif /mnt/lsdi/ocm05717564-1050/ocm05717564/Output/ocm05717564_0027.tif /mnt/lsdi/ocm05717564-1050/ocm05717564/Output/ocm05717564_0028.tif /mnt/lsdi/ocm05717564-1050/ocm05717564/Output/ocm05717564_0029.tif /mnt/lsdi/ocm05717564-1050/ocm05717564/Output/ocm05717564_0030.tif /mnt/lsdi/ocm05717564-1050/ocm05717564/Output/ocm05717564_0031.tif /mnt/lsdi/ocm05717564-1050/ocm05717564/Output/ocm05717564_0032.tif /mnt/lsdi/ocm05717564-1050/ocm05717564/Output/ocm05717564_0033.tif /mnt/lsdi/ocm05717564-1050/ocm05717564/Output/ocm05717564_0034.tif /mnt/lsdi/ocm05717564-1050/ocm05717564/Output/ocm05717564_0035.tif /mnt/lsdi/ocm05717564-1050/ocm05717564/Output/ocm05717564_0036.tif /mnt/lsdi/ocm05717564-1050/ocm05717564/Output/ocm05717564_0037.tif /mnt/lsdi/ocm05717564-1050/ocm05717564/Output/ocm05717564_0038.tif /mnt/lsdi/ocm05717564-1050/ocm05717564/Output/ocm05717564_0039.tif /mnt/lsdi/ocm05717564-1050/ocm05717564/Output/ocm05717564_0040.tif /mnt/lsdi/ocm05717564-1050/ocm05717564/Output/ocm05717564_0041.tif /mnt/lsdi/ocm05717564-1050/ocm05717564/Output/ocm05717564_0042.tif /mnt/lsdi/ocm05717564-1050/ocm05717564/Output/ocm05717564_0043.tif /mnt/lsdi/ocm05717564-1050/ocm05717564/Output/ocm05717564_0044.tif /mnt/lsdi/ocm05717564-1050/ocm05717564/Output/ocm05717564_0045.tif /mnt/lsdi/ocm05717564-1050/ocm05717564/Output/ocm05717564_0046.tif /mnt/lsdi/ocm05717564-1050/ocm05717564/Output/ocm05717564_0047.tif /mnt/lsdi/ocm05717564-1050/ocm05717564/Output/ocm05717564_0048.tif /mnt/lsdi/ocm05717564-1050/ocm05717564/Output/ocm05717564_0049.tif /mnt/lsdi/ocm05717564-1050/ocm05717564/Output/ocm05717564_0050.tif /mnt/lsdi/ocm05717564-1050/ocm05717564/Output/ocm05717564_0051.tif /mnt/lsdi/ocm05717564-1050/ocm05717564/Output/ocm05717564_0052.tif /mnt/lsdi/ocm05717564-1050/ocm05717564/Output/ocm05717564_0053.tif /mnt/lsdi/ocm05717564-1050/ocm05717564/Output/ocm05717564_0054.tif /mnt/lsdi/ocm05717564-1050/ocm05717564/Output/ocm05717564_0055.tif /mnt/lsdi/ocm05717564-1050/ocm05717564/Output/ocm05717564_0056.tif /mnt/lsdi/ocm05717564-1050/ocm05717564/Output/ocm05717564_0057.tif /mnt/lsdi/ocm05717564-1050/ocm05717564/Output/ocm05717564_0058.tif /mnt/lsdi/ocm05717564-1050/ocm05717564/Output/ocm05717564_0059.tif /mnt/lsdi/ocm05717564-1050/ocm05717564/Output/ocm05717564_0060.tif /mnt/lsdi/ocm05717564-1050/ocm05717564/Output/ocm05717564_0061.tif /mnt/lsdi/ocm05717564-1050/ocm05717564/Output/ocm05717564_0062.tif /mnt/lsdi/ocm05717564-1050/ocm05717564/Output/ocm05717564_0063.tif /mnt/lsdi/ocm05717564-1050/ocm05717564/Output/ocm05717564_0064.tif /mnt/lsdi/ocm05717564-1050/ocm05717564/Output/ocm05717564_0065.tif /mnt/lsdi/ocm05717564-1050/ocm05717564/Output/ocm05717564_0066.tif /mnt/lsdi/ocm05717564-1050/ocm05717564/Output/ocm05717564_0067.tif /mnt/lsdi/ocm05717564-1050/ocm05717564/Output/ocm05717564_0068.tif /mnt/lsdi/ocm05717564-1050/ocm05717564/Output/ocm05717564_0069.tif /mnt/lsdi/ocm05717564-1050/ocm05717564/Output/ocm05717564_0070.tif /mnt/lsdi/ocm05717564-1050/ocm05717564/Output/ocm05717564_0071.tif /mnt/lsdi/ocm05717564-1050/ocm05717564/Output/ocm05717564_0072.tif /mnt/lsdi/ocm05717564-1050/ocm05717564/Output/ocm05717564_0073.tif /mnt/lsdi/ocm05717564-1050/ocm05717564/Output/ocm05717564_0074.tif /mnt/lsdi/ocm05717564-1050/ocm05717564/Output/ocm05717564_0075.tif /mnt/lsdi/ocm05717564-1050/ocm05717564/Output/ocm05717564_0076.tif /mnt/lsdi/ocm05717564-1050/ocm05717564/Output/ocm05717564_0077.tif /mnt/lsdi/ocm05717564-1050/ocm05717564/Output/ocm05717564_0078.tif /mnt/lsdi/ocm05717564-1050/ocm05717564/Output/ocm05717564_0079.tif /mnt/lsdi/ocm05717564-1050/ocm05717564/Output/ocm05717564_0080.tif /mnt/lsdi/ocm05717564-1050/ocm05717564/Output/ocm05717564_0081.tif /mnt/lsdi/ocm05717564-1050/ocm05717564/Output/ocm05717564_0082.tif /mnt/lsdi/ocm05717564-1050/ocm05717564/Output/ocm05717564_0083.tif /mnt/lsdi/ocm05717564-1050/ocm05717564/Output/ocm05717564_0084.tif /mnt/lsdi/ocm05717564-1050/ocm05717564/Output/ocm05717564_0085.tif /mnt/lsdi/ocm05717564-1050/ocm05717564/Output/ocm05717564_0086.tif /mnt/lsdi/ocm05717564-1050/ocm05717564/Output/ocm05717564_0087.tif /mnt/lsdi/ocm05717564-1050/ocm05717564/Output/ocm05717564_0088.tif /mnt/lsdi/ocm05717564-1050/ocm05717564/Output/ocm05717564_0089.tif /mnt/lsdi/ocm05717564-1050/ocm05717564/Output/ocm05717564_0090.tif /mnt/lsdi/ocm05717564-1050/ocm05717564/Output/ocm05717564_0091.tif /mnt/lsdi/ocm05717564-1050/ocm05717564/Output/ocm05717564_0092.tif /mnt/lsdi/ocm05717564-1050/ocm05717564/Output/ocm05717564_0093.tif /mnt/lsdi/ocm05717564-1050/ocm05717564/Output/ocm05717564_0094.tif /mnt/lsdi/ocm05717564-1050/ocm05717564/Output/ocm05717564_0095.tif /mnt/lsdi/ocm05717564-1050/ocm05717564/Output/ocm05717564_0096.tif /mnt/lsdi/ocm05717564-1050/ocm05717564/Output/ocm05717564_0097.tif /mnt/lsdi/ocm05717564-1050/ocm05717564/Output/ocm05717564_0098.tif /mnt/lsdi/ocm05717564-1050/ocm05717564/Output/ocm05717564_0099.tif /mnt/lsdi/ocm05717564-1050/ocm05717564/Output/ocm05717564_0100.tif /mnt/lsdi/ocm05717564-1050/ocm05717564/Output/ocm05717564_0101.tif /mnt/lsdi/ocm05717564-1050/ocm05717564/Output/ocm05717564_0102.tif /mnt/lsdi/ocm05717564-1050/ocm05717564/Output/ocm05717564_0103.tif /mnt/lsdi/ocm05717564-1050/ocm05717564/Output/ocm05717564_0104.tif /mnt/lsdi/ocm05717564-1050/ocm05717564/Output/ocm05717564_0105.tif /mnt/lsdi/ocm05717564-1050/ocm05717564/Output/ocm05717564_0106.tif /mnt/lsdi/ocm05717564-1050/ocm05717564/Output/ocm05717564_0107.tif /mnt/lsdi/ocm05717564-1050/ocm05717564/Output/ocm05717564_0108.tif /mnt/lsdi/ocm05717564-1050/ocm05717564/Output/ocm05717564_0109.tif /mnt/lsdi/ocm05717564-1050/ocm05717564/Output/ocm05717564_0110.tif /mnt/lsdi/ocm05717564-1050/ocm05717564/Output/ocm05717564_0111.tif /mnt/lsdi/ocm05717564-1050/ocm05717564/Output/ocm05717564_0112.tif /mnt/lsdi/ocm05717564-1050/ocm05717564/Output/ocm05717564_0113.tif /mnt/lsdi/ocm05717564-1050/ocm05717564/Output/ocm05717564_0114.tif /mnt/lsdi/ocm05717564-1050/ocm05717564/Output/ocm05717564_0115.tif /mnt/lsdi/ocm05717564-1050/ocm05717564/Output/ocm05717564_0116.tif /mnt/lsdi/ocm05717564-1050/ocm05717564/Output/ocm05717564_0117.tif /mnt/lsdi/ocm05717564-1050/ocm05717564/Output/ocm05717564_0118.tif /mnt/lsdi/ocm05717564-1050/ocm05717564/Output/ocm05717564_0119.tif /mnt/lsdi/ocm05717564-1050/ocm05717564/Output/ocm05717564_0120.tif /mnt/lsdi/ocm05717564-1050/ocm05717564/Output/ocm05717564_0121.tif /mnt/lsdi/ocm05717564-1050/ocm05717564/Output/ocm05717564_0122.tif /mnt/lsdi/ocm05717564-1050/ocm05717564/Output/ocm05717564_0123.tif /mnt/lsdi/ocm05717564-1050/ocm05717564/Output/ocm05717564_0124.tif /mnt/lsdi/ocm05717564-1050/ocm05717564/Output/ocm05717564_0125.tif /mnt/lsdi/ocm05717564-1050/ocm05717564/Output/ocm05717564_0126.tif /mnt/lsdi/ocm05717564-1050/ocm05717564/Output/ocm05717564_0127.tif /mnt/lsdi/ocm05717564-1050/ocm05717564/Output/ocm05717564_0128.tif /mnt/lsdi/ocm05717564-1050/ocm05717564/Output/ocm05717564_0129.tif /mnt/lsdi/ocm05717564-1050/ocm05717564/Output/ocm05717564_0130.tif /mnt/lsdi/ocm05717564-1050/ocm05717564/Output/ocm05717564_0131.tif /mnt/lsdi/ocm05717564-1050/ocm05717564/Output/ocm05717564_0132.tif /mnt/lsdi/ocm05717564-1050/ocm05717564/Output/ocm05717564_0133.tif /mnt/lsdi/ocm05717564-1050/ocm05717564/Output/ocm05717564_0134.tif /mnt/lsdi/ocm05717564-1050/ocm05717564/Output/ocm05717564_0135.tif /mnt/lsdi/ocm05717564-1050/ocm05717564/Output/ocm05717564_0136.tif /mnt/lsdi/ocm05717564-1050/ocm05717564/Output/ocm05717564_0137.tif /mnt/lsdi/ocm05717564-1050/ocm05717564/Output/ocm05717564_0138.tif /mnt/lsdi/ocm05717564-1050/ocm05717564/Output/ocm05717564_0139.tif /mnt/lsdi/ocm05717564-1050/ocm05717564/Output/ocm05717564_0140.tif /mnt/lsdi/ocm05717564-1050/ocm05717564/Output/ocm05717564_0141.tif /mnt/lsdi/ocm05717564-1050/ocm05717564/Output/ocm05717564_0142.tif /mnt/lsdi/ocm05717564-1050/ocm05717564/Output/ocm05717564_0143.tif /mnt/lsdi/ocm05717564-1050/ocm05717564/Output/ocm05717564_0144.tif /mnt/lsdi/ocm05717564-1050/ocm05717564/Output/ocm05717564_0145.tif /mnt/lsdi/ocm05717564-1050/ocm05717564/Output/ocm05717564_0146.tif /mnt/lsdi/ocm05717564-1050/ocm05717564/Output/ocm05717564_0147.tif /mnt/lsdi/ocm05717564-1050/ocm05717564/Output/ocm05717564_0148.tif /mnt/lsdi/ocm05717564-1050/ocm05717564/Output/ocm05717564_0149.tif /mnt/lsdi/ocm05717564-1050/ocm05717564/Output/ocm05717564_0150.tif /mnt/lsdi/ocm05717564-1050/ocm05717564/Output/ocm05717564_0151.tif /mnt/lsdi/ocm05717564-1050/ocm05717564/Output/ocm05717564_0152.tif /mnt/lsdi/ocm05717564-1050/ocm05717564/Output/ocm05717564_0153.tif /mnt/lsdi/ocm05717564-1050/ocm05717564/Output/ocm05717564_0154.tif /mnt/lsdi/ocm05717564-1050/ocm05717564/Output/ocm05717564_0155.tif /mnt/lsdi/ocm05717564-1050/ocm05717564/Output/ocm05717564_0156.tif /mnt/lsdi/ocm05717564-1050/ocm05717564/Output/ocm05717564_0157.tif /mnt/lsdi/ocm05717564-1050/ocm05717564/Output/ocm05717564_0158.tif /mnt/lsdi/ocm05717564-1050/ocm05717564/Output/ocm05717564_0159.tif /mnt/lsdi/ocm05717564-1050/ocm05717564/Output/ocm05717564_0160.tif /mnt/lsdi/ocm05717564-1050/ocm05717564/Output/ocm05717564_0161.tif /mnt/lsdi/ocm05717564-1050/ocm05717564/Output/ocm05717564_0162.tif /mnt/lsdi/ocm05717564-1050/ocm05717564/Output/ocm05717564_0163.tif /mnt/lsdi/ocm05717564-1050/ocm05717564/Output/ocm05717564_0164.tif /mnt/lsdi/ocm05717564-1050/ocm05717564/Output/ocm05717564_0165.tif /mnt/lsdi/ocm05717564-1050/ocm05717564/Output/ocm05717564_0166.tif /mnt/lsdi/ocm05717564-1050/ocm05717564/Output/ocm05717564_0167.tif /mnt/lsdi/ocm05717564-1050/ocm05717564/Output/ocm05717564_0168.tif /mnt/lsdi/ocm05717564-1050/ocm05717564/Output/ocm05717564_0169.tif /mnt/lsdi/ocm05717564-1050/ocm05717564/Output/ocm05717564_0170.tif /mnt/lsdi/ocm05717564-1050/ocm05717564/Output/ocm05717564_0171.tif /mnt/lsdi/ocm05717564-1050/ocm05717564/Output/ocm05717564_0172.tif /mnt/lsdi/ocm05717564-1050/ocm05717564/Output/ocm05717564_0173.tif /mnt/lsdi/ocm05717564-1050/ocm05717564/Output/ocm05717564_0174.tif /mnt/lsdi/ocm05717564-1050/ocm05717564/Output/ocm05717564_0175.tif /mnt/lsdi/ocm05717564-1050/ocm05717564/Output/ocm05717564_0176.tif /mnt/lsdi/ocm05717564-1050/ocm05717564/Output/ocm05717564_0177.tif /mnt/lsdi/ocm05717564-1050/ocm05717564/Output/ocm05717564_0178.tif /mnt/lsdi/ocm05717564-1050/ocm05717564/Output/ocm05717564_0179.tif /mnt/lsdi/ocm05717564-1050/ocm05717564/Output/ocm05717564_0180.tif /mnt/lsdi/ocm05717564-1050/ocm05717564/Output/ocm05717564_0181.tif /mnt/lsdi/ocm05717564-1050/ocm05717564/Output/ocm05717564_0182.tif /mnt/lsdi/ocm05717564-1050/ocm05717564/Output/ocm05717564_0183.tif /mnt/lsdi/ocm05717564-1050/ocm05717564/Output/ocm05717564_0184.tif /mnt/lsdi/ocm05717564-1050/ocm05717564/Output/ocm05717564_0185.tif /mnt/lsdi/ocm05717564-1050/ocm05717564/Output/ocm05717564_0186.tif /mnt/lsdi/ocm05717564-1050/ocm05717564/Output/ocm05717564_0187.tif /mnt/lsdi/ocm05717564-1050/ocm05717564/Output/ocm05717564_0188.tif /mnt/lsdi/ocm05717564-1050/ocm05717564/Output/ocm05717564_0189.tif /mnt/lsdi/ocm05717564-1050/ocm05717564/Output/ocm05717564_0190.tif /mnt/lsdi/ocm05717564-1050/ocm05717564/Output/ocm05717564_0191.tif /mnt/lsdi/ocm05717564-1050/ocm05717564/Output/ocm05717564_0192.tif /mnt/lsdi/ocm05717564-1050/ocm05717564/Output/ocm05717564_0193.tif /mnt/lsdi/ocm05717564-1050/ocm05717564/Output/ocm05717564_0194.tif /mnt/lsdi/ocm05717564-1050/ocm05717564/Output/ocm05717564_0195.tif /mnt/lsdi/ocm05717564-1050/ocm05717564/Output/ocm05717564_0196.tif /mnt/lsdi/ocm05717564-1050/ocm05717564/Output/ocm05717564_0197.tif /mnt/lsdi/ocm05717564-1050/ocm05717564/Output/ocm05717564_0198.tif /mnt/lsdi/ocm05717564-1050/ocm05717564/Output/ocm05717564_0199.tif /mnt/lsdi/ocm05717564-1050/ocm05717564/Output/ocm05717564_0200.tif /mnt/lsdi/ocm05717564-1050/ocm05717564/Output/ocm05717564_0201.tif /mnt/lsdi/ocm05717564-1050/ocm05717564/Output/ocm05717564_0202.tif /mnt/lsdi/ocm05717564-1050/ocm05717564/Output/ocm05717564_0203.tif /mnt/lsdi/ocm05717564-1050/ocm05717564/Output/ocm05717564_0204.tif /mnt/lsdi/ocm05717564-1050/ocm05717564/Output/ocm05717564_0205.tif /mnt/lsdi/ocm05717564-1050/ocm05717564/Output/ocm05717564_0206.tif /mnt/lsdi/ocm05717564-1050/ocm05717564/Output/ocm05717564_0207.tif /mnt/lsdi/ocm05717564-1050/ocm05717564/Output/ocm05717564_0208.tif /mnt/lsdi/ocm05717564-1050/ocm05717564/Output/ocm05717564_0209.tif /mnt/lsdi/ocm05717564-1050/ocm05717564/Output/ocm05717564_0210.tif /mnt/lsdi/ocm05717564-1050/ocm05717564/Output/ocm05717564_0211.tif /mnt/lsdi/ocm05717564-1050/ocm05717564/Output/ocm05717564_0212.tif /mnt/lsdi/ocm05717564-1050/ocm05717564/Output/ocm05717564_0213.tif /mnt/lsdi/ocm05717564-1050/ocm05717564/Output/ocm05717564_0214.tif /mnt/lsdi/ocm05717564-1050/ocm05717564/Output/ocm05717564_0215.tif /mnt/lsdi/ocm05717564-1050/ocm05717564/Output/ocm05717564_0216.tif /mnt/lsdi/ocm05717564-1050/ocm05717564/Output/ocm05717564_0217.tif /mnt/lsdi/ocm05717564-1050/ocm05717564/Output/ocm05717564_0218.tif /mnt/lsdi/ocm05717564-1050/ocm05717564/Output/ocm05717564_0219.tif /mnt/lsdi/ocm05717564-1050/ocm05717564/Output/ocm05717564_0220.tif /mnt/lsdi/ocm05717564-1050/ocm05717564/Output/ocm05717564_0221.tif /mnt/lsdi/ocm05717564-1050/ocm05717564/Output/ocm05717564_0222.tif /mnt/lsdi/ocm05717564-1050/ocm05717564/Output/ocm05717564_0223.tif /mnt/lsdi/ocm05717564-1050/ocm05717564/Output/ocm05717564_0224.tif /mnt/lsdi/ocm05717564-1050/ocm05717564/Output/ocm05717564_0225.tif /mnt/lsdi/ocm05717564-1050/ocm05717564/Output/ocm05717564_0226.tif /mnt/lsdi/ocm05717564-1050/ocm05717564/Output/ocm05717564_0227.tif /mnt/lsdi/ocm05717564-1050/ocm05717564/Output/ocm05717564_0228.tif /mnt/lsdi/ocm05717564-1050/ocm05717564/Output/ocm05717564_0229.tif /mnt/lsdi/ocm05717564-1050/ocm05717564/Output/ocm05717564_0230.tif /mnt/lsdi/ocm05717564-1050/ocm05717564/Output/ocm05717564_0231.tif /mnt/lsdi/ocm05717564-1050/ocm05717564/Output/ocm05717564_0232.tif /mnt/lsdi/ocm05717564-1050/ocm05717564/Output/ocm05717564_0233.tif /mnt/lsdi/ocm05717564-1050/ocm05717564/Output/ocm05717564_0234.tif /mnt/lsdi/ocm05717564-1050/ocm05717564/Output/ocm05717564_0235.tif /mnt/lsdi/ocm05717564-1050/ocm05717564/Output/ocm05717564_0236.tif /mnt/lsdi/ocm05717564-1050/ocm05717564/Output/ocm05717564_0237.tif /mnt/lsdi/ocm05717564-1050/ocm05717564/Output/ocm05717564_0238.tif /mnt/lsdi/ocm05717564-1050/ocm05717564/Output/ocm05717564_0239.tif /mnt/lsdi/ocm05717564-1050/ocm05717564/Output/ocm05717564_0240.tif /mnt/lsdi/ocm05717564-1050/ocm05717564/Output/ocm05717564_0241.tif /mnt/lsdi/ocm05717564-1050/ocm05717564/Output/ocm05717564_0242.tif /mnt/lsdi/ocm05717564-1050/ocm05717564/Output/ocm05717564_0243.tif /mnt/lsdi/ocm05717564-1050/ocm05717564/Output/ocm05717564_0244.tif /mnt/lsdi/ocm05717564-1050/ocm05717564/Output/ocm05717564_0245.tif /mnt/lsdi/ocm05717564-1050/ocm05717564/Output/ocm05717564_0246.tif /mnt/lsdi/ocm05717564-1050/ocm05717564/Output/ocm05717564_0247.tif /mnt/lsdi/ocm05717564-1050/ocm05717564/Output/ocm05717564_0248.tif /mnt/lsdi/ocm05717564-1050/ocm05717564/Output/ocm05717564_0249.tif /mnt/lsdi/ocm05717564-1050/ocm05717564/Output/ocm05717564_0250.tif /mnt/lsdi/ocm05717564-1050/ocm05717564/Output/ocm05717564_0251.tif /mnt/lsdi/ocm05717564-1050/ocm05717564/Output/ocm05717564_0252.tif /mnt/lsdi/ocm05717564-1050/ocm05717564/Output/ocm05717564_0253.tif /mnt/lsdi/ocm05717564-1050/ocm05717564/Output/ocm05717564_0254.tif /mnt/lsdi/ocm05717564-1050/ocm05717564/Output/ocm05717564_0255.tif /mnt/lsdi/ocm05717564-1050/ocm05717564/Output/ocm05717564_0256.tif /mnt/lsdi/ocm05717564-1050/ocm05717564/Output/ocm05717564_0257.tif /mnt/lsdi/ocm05717564-1050/ocm05717564/Output/ocm05717564_0258.tif /mnt/lsdi/ocm05717564-1050/ocm05717564/Output/ocm05717564_0259.tif /mnt/lsdi/ocm05717564-1050/ocm05717564/Output/ocm05717564_0260.tif /mnt/lsdi/ocm05717564-1050/ocm05717564/Output/ocm05717564_0261.tif /mnt/lsdi/ocm05717564-1050/ocm05717564/Output/ocm05717564_0262.tif /mnt/lsdi/ocm05717564-1050/ocm05717564/Output/ocm05717564_0263.tif /mnt/lsdi/ocm05717564-1050/ocm05717564/Output/ocm05717564_0264.tif /mnt/lsdi/ocm05717564-1050/ocm05717564/Output/ocm05717564_0265.tif /mnt/lsdi/ocm05717564-1050/ocm05717564/Output/ocm05717564_0266.tif /mnt/lsdi/ocm05717564-1050/ocm05717564/Output/ocm05717564_0267.tif /mnt/lsdi/ocm05717564-1050/ocm05717564/Output/ocm05717564_0268.tif /mnt/lsdi/ocm05717564-1050/ocm05717564/Output/ocm05717564_0269.tif /mnt/lsdi/ocm05717564-1050/ocm05717564/Output/ocm05717564_0270.tif /mnt/lsdi/ocm05717564-1050/ocm05717564/Output/ocm05717564_0271.tif /mnt/lsdi/ocm05717564-1050/ocm05717564/Output/ocm05717564_0272.tif
  adding: mnt/lsdi/ocm05717564-1050/ocm05717564/Output/ocm05717564_0001.tif (deflated 81%)
  adding: mnt/lsdi/ocm05717564-1050/ocm05717564/Output/ocm05717564_0002.tif (deflated 28%)
  adding: mnt/lsdi/ocm05717564-1050/ocm05717564/Output/ocm05717564_0003.tif (deflated 2%)
  adding: mnt/lsdi/ocm05717564-1050/ocm05717564/Output/ocm05717564_0004.tif (deflated 5%)
  adding: mnt/lsdi/ocm05717564-1050/ocm05717564/Output/ocm05717564_0005.tif (deflated 81%)
  adding: mnt/lsdi/ocm05717564-1050/ocm05717564/Output/ocm05717564_0006.tif (deflated 5%)
  adding: mnt/lsdi/ocm05717564-1050/ocm05717564/Output/ocm05717564_0007.tif (deflated 81%)
  adding: mnt/lsdi/ocm05717564-1050/ocm05717564/Output/ocm05717564_0008.tif (deflated 4%)
  adding: mnt/lsdi/ocm05717564-1050/ocm05717564/Output/ocm05717564_0009.tif (deflated 4%)
  adding: mnt/lsdi/ocm05717564-1050/ocm05717564/Output/ocm05717564_0010.tif (deflated 4%)
  adding: mnt/lsdi/ocm05717564-1050/ocm05717564/Output/ocm05717564_0011.tif (deflated 4%)
  adding: mnt/lsdi/ocm05717564-1050/ocm05717564/Output/ocm05717564_0012.tif (deflated 4%)
  adding: mnt/lsdi/ocm05717564-1050/ocm05717564/Output/ocm05717564_0013.tif (deflated 3%)
  adding: mnt/lsdi/ocm05717564-1050/ocm05717564/Output/ocm05717564_0014.tif (deflated 4%)
  adding: mnt/lsdi/ocm05717564-1050/ocm05717564/Output/ocm05717564_0015.tif (deflated 4%)
  adding: mnt/lsdi/ocm05717564-1050/ocm05717564/Output/ocm05717564_0016.tif (deflated 5%)
  adding: mnt/lsdi/ocm05717564-1050/ocm05717564/Output/ocm05717564_0017.tif (deflated 81%)
  adding: mnt/lsdi/ocm05717564-1050/ocm05717564/Output/ocm05717564_0018.tif (deflated 4%)
  adding: mnt/lsdi/ocm05717564-1050/ocm05717564/Output/ocm05717564_0019.tif (deflated 81%)
  adding: mnt/lsdi/ocm05717564-1050/ocm05717564/Output/ocm05717564_0020.tif (deflated 4%)
  adding: mnt/lsdi/ocm05717564-1050/ocm05717564/Output/ocm05717564_0021.tif (deflated 4%)
  adding: mnt/lsdi/ocm05717564-1050/ocm05717564/Output/ocm05717564_0022.tif (deflated 5%)
  adding: mnt/lsdi/ocm05717564-1050/ocm05717564/Output/ocm05717564_0023.tif (deflated 81%)
  adding: mnt/lsdi/ocm05717564-1050/ocm05717564/Output/ocm05717564_0024.tif (deflated 4%)
  adding: mnt/lsdi/ocm05717564-1050/ocm05717564/Output/ocm05717564_0025.tif (deflated 3%)
  adding: mnt/lsdi/ocm05717564-1050/ocm05717564/Output/ocm05717564_0026.tif (deflated 3%)
  adding: mnt/lsdi/ocm05717564-1050/ocm05717564/Output/ocm05717564_0027.tif (deflated 3%)
  adding: mnt/lsdi/ocm05717564-1050/ocm05717564/Output/ocm05717564_0028.tif (deflated 3%)
  adding: mnt/lsdi/ocm05717564-1050/ocm05717564/Output/ocm05717564_0029.tif (deflated 4%)
  adding: mnt/lsdi/ocm05717564-1050/ocm05717564/Output/ocm05717564_0030.tif (deflated 3%)
  adding: mnt/lsdi/ocm05717564-1050/ocm05717564/Output/ocm05717564_0031.tif (deflated 3%)
  adding: mnt/lsdi/ocm05717564-1050/ocm05717564/Output/ocm05717564_0032.tif (deflated 3%)
  adding: mnt/lsdi/ocm05717564-1050/ocm05717564/Output/ocm05717564_0033.tif (deflated 3%)
  adding: mnt/lsdi/ocm05717564-1050/ocm05717564/Output/ocm05717564_0034.tif (deflated 4%)
  adding: mnt/lsdi/ocm05717564-1050/ocm05717564/Output/ocm05717564_0035.tif (deflated 3%)
  adding: mnt/lsdi/ocm05717564-1050/ocm05717564/Output/ocm05717564_0036.tif (deflated 4%)
  adding: mnt/lsdi/ocm05717564-1050/ocm05717564/Output/ocm05717564_0037.tif (deflated 3%)
  adding: mnt/lsdi/ocm05717564-1050/ocm05717564/Output/ocm05717564_0038.tif (deflated 4%)
  adding: mnt/lsdi/ocm05717564-1050/ocm05717564/Output/ocm05717564_0039.tif (deflated 3%)
  adding: mnt/lsdi/ocm05717564-1050/ocm05717564/Output/ocm05717564_0040.tif (deflated 4%)
  adding: mnt/lsdi/ocm05717564-1050/ocm05717564/Output/ocm05717564_0041.tif (deflated 4%)
  adding: mnt/lsdi/ocm05717564-1050/ocm05717564/Output/ocm05717564_0042.tif (deflated 3%)
  adding: mnt/lsdi/ocm05717564-1050/ocm05717564/Output/ocm05717564_0043.tif (deflated 4%)
  adding: mnt/lsdi/ocm05717564-1050/ocm05717564/Output/ocm05717564_0044.tif (deflated 4%)
  adding: mnt/lsdi/ocm05717564-1050/ocm05717564/Output/ocm05717564_0045.tif (deflated 4%)
  adding: mnt/lsdi/ocm05717564-1050/ocm05717564/Output/ocm05717564_0046.tif (deflated 4%)
  adding: mnt/lsdi/ocm05717564-1050/ocm05717564/Output/ocm05717564_0047.tif (deflated 4%)
  adding: mnt/lsdi/ocm05717564-1050/ocm05717564/Output/ocm05717564_0048.tif (deflated 4%)
  adding: mnt/lsdi/ocm05717564-1050/ocm05717564/Output/ocm05717564_0049.tif (deflated 4%)
  adding: mnt/lsdi/ocm05717564-1050/ocm05717564/Output/ocm05717564_0050.tif (deflated 3%)
  adding: mnt/lsdi/ocm05717564-1050/ocm05717564/Output/ocm05717564_0051.tif (deflated 3%)
  adding: mnt/lsdi/ocm05717564-1050/ocm05717564/Output/ocm05717564_0052.tif (deflated 3%)
  adding: mnt/lsdi/ocm05717564-1050/ocm05717564/Output/ocm05717564_0053.tif (deflated 4%)
  adding: mnt/lsdi/ocm05717564-1050/ocm05717564/Output/ocm05717564_0054.tif (deflated 3%)
  adding: mnt/lsdi/ocm05717564-1050/ocm05717564/Output/ocm05717564_0055.tif (deflated 4%)
  adding: mnt/lsdi/ocm05717564-1050/ocm05717564/Output/ocm05717564_0056.tif (deflated 4%)
  adding: mnt/lsdi/ocm05717564-1050/ocm05717564/Output/ocm05717564_0057.tif (deflated 4%)
  adding: mnt/lsdi/ocm05717564-1050/ocm05717564/Output/ocm05717564_0058.tif (deflated 4%)
  adding: mnt/lsdi/ocm05717564-1050/ocm05717564/Output/ocm05717564_0059.tif (deflated 4%)
  adding: mnt/lsdi/ocm05717564-1050/ocm05717564/Output/ocm05717564_0060.tif (deflated 4%)
  adding: mnt/lsdi/ocm05717564-1050/ocm05717564/Output/ocm05717564_0061.tif (deflated 4%)
  adding: mnt/lsdi/ocm05717564-1050/ocm05717564/Output/ocm05717564_0062.tif (deflated 4%)
  adding: mnt/lsdi/ocm05717564-1050/ocm05717564/Output/ocm05717564_0063.tif (deflated 4%)
  adding: mnt/lsdi/ocm05717564-1050/ocm05717564/Output/ocm05717564_0064.tif (deflated 4%)
  adding: mnt/lsdi/ocm05717564-1050/ocm05717564/Output/ocm05717564_0065.tif (deflated 4%)
  adding: mnt/lsdi/ocm05717564-1050/ocm05717564/Output/ocm05717564_0066.tif (deflated 3%)
  adding: mnt/lsdi/ocm05717564-1050/ocm05717564/Output/ocm05717564_0067.tif (deflated 4%)
  adding: mnt/lsdi/ocm05717564-1050/ocm05717564/Output/ocm05717564_0068.tif (deflated 4%)
  adding: mnt/lsdi/ocm05717564-1050/ocm05717564/Output/ocm05717564_0069.tif (deflated 3%)
  adding: mnt/lsdi/ocm05717564-1050/ocm05717564/Output/ocm05717564_0070.tif (deflated 4%)
  adding: mnt/lsdi/ocm05717564-1050/ocm05717564/Output/ocm05717564_0071.tif (deflated 4%)
  adding: mnt/lsdi/ocm05717564-1050/ocm05717564/Output/ocm05717564_0072.tif (deflated 4%)
  adding: mnt/lsdi/ocm05717564-1050/ocm05717564/Output/ocm05717564_0073.tif (deflated 4%)
  adding: mnt/lsdi/ocm05717564-1050/ocm05717564/Output/ocm05717564_0074.tif (deflated 4%)
  adding: mnt/lsdi/ocm05717564-1050/ocm05717564/Output/ocm05717564_0075.tif (deflated 4%)
  adding: mnt/lsdi/ocm05717564-1050/ocm05717564/Output/ocm05717564_0076.tif (deflated 3%)
  adding: mnt/lsdi/ocm05717564-1050/ocm05717564/Output/ocm05717564_0077.tif (deflated 4%)
  adding: mnt/lsdi/ocm05717564-1050/ocm05717564/Output/ocm05717564_0078.tif (deflated 3%)
  adding: mnt/lsdi/ocm05717564-1050/ocm05717564/Output/ocm05717564_0079.tif (deflated 4%)
  adding: mnt/lsdi/ocm05717564-1050/ocm05717564/Output/ocm05717564_0080.tif (deflated 4%)
  adding: mnt/lsdi/ocm05717564-1050/ocm05717564/Output/ocm05717564_0081.tif (deflated 3%)
  adding: mnt/lsdi/ocm05717564-1050/ocm05717564/Output/ocm05717564_0082.tif (deflated 4%)
  adding: mnt/lsdi/ocm05717564-1050/ocm05717564/Output/ocm05717564_0083.tif (deflated 3%)
  adding: mnt/lsdi/ocm05717564-1050/ocm05717564/Output/ocm05717564_0084.tif (deflated 3%)
  adding: mnt/lsdi/ocm05717564-1050/ocm05717564/Output/ocm05717564_0085.tif (deflated 4%)
  adding: mnt/lsdi/ocm05717564-1050/ocm05717564/Output/ocm05717564_0086.tif (deflated 3%)
  adding: mnt/lsdi/ocm05717564-1050/ocm05717564/Output/ocm05717564_0087.tif (deflated 4%)
  adding: mnt/lsdi/ocm05717564-1050/ocm05717564/Output/ocm05717564_0088.tif (deflated 3%)
  adding: mnt/lsdi/ocm05717564-1050/ocm05717564/Output/ocm05717564_0089.tif (deflated 4%)
  adding: mnt/lsdi/ocm05717564-1050/ocm05717564/Output/ocm05717564_0090.tif (deflated 3%)
  adding: mnt/lsdi/ocm05717564-1050/ocm05717564/Output/ocm05717564_0091.tif (deflated 4%)
  adding: mnt/lsdi/ocm05717564-1050/ocm05717564/Output/ocm05717564_0092.tif (deflated 4%)
  adding: mnt/lsdi/ocm05717564-1050/ocm05717564/Output/ocm05717564_0093.tif (deflated 4%)
  adding: mnt/lsdi/ocm05717564-1050/ocm05717564/Output/ocm05717564_0094.tif (deflated 4%)
  adding: mnt/lsdi/ocm05717564-1050/ocm05717564/Output/ocm05717564_0095.tif (deflated 4%)
  adding: mnt/lsdi/ocm05717564-1050/ocm05717564/Output/ocm05717564_0096.tif (deflated 3%)
  adding: mnt/lsdi/ocm05717564-1050/ocm05717564/Output/ocm05717564_0097.tif (deflated 4%)
  adding: mnt/lsdi/ocm05717564-1050/ocm05717564/Output/ocm05717564_0098.tif (deflated 4%)
  adding: mnt/lsdi/ocm05717564-1050/ocm05717564/Output/ocm05717564_0099.tif (deflated 4%)
  adding: mnt/lsdi/ocm05717564-1050/ocm05717564/Output/ocm05717564_0100.tif (deflated 3%)
  adding: mnt/lsdi/ocm05717564-1050/ocm05717564/Output/ocm05717564_0101.tif (deflated 4%)
  adding: mnt/lsdi/ocm05717564-1050/ocm05717564/Output/ocm05717564_0102.tif (deflated 4%)
  adding: mnt/lsdi/ocm05717564-1050/ocm05717564/Output/ocm05717564_0103.tif (deflated 4%)
  adding: mnt/lsdi/ocm05717564-1050/ocm05717564/Output/ocm05717564_0104.tif (deflated 4%)
  adding: mnt/lsdi/ocm05717564-1050/ocm05717564/Output/ocm05717564_0105.tif (deflated 4%)
  adding: mnt/lsdi/ocm05717564-1050/ocm05717564/Output/ocm05717564_0106.tif (deflated 4%)
  adding: mnt/lsdi/ocm05717564-1050/ocm05717564/Output/ocm05717564_0107.tif (deflated 4%)
  adding: mnt/lsdi/ocm05717564-1050/ocm05717564/Output/ocm05717564_0108.tif (deflated 4%)
  adding: mnt/lsdi/ocm05717564-1050/ocm05717564/Output/ocm05717564_0109.tif (deflated 3%)
  adding: mnt/lsdi/ocm05717564-1050/ocm05717564/Output/ocm05717564_0110.tif (deflated 3%)
  adding: mnt/lsdi/ocm05717564-1050/ocm05717564/Output/ocm05717564_0111.tif (deflated 4%)
  adding: mnt/lsdi/ocm05717564-1050/ocm05717564/Output/ocm05717564_0112.tif (deflated 4%)
  adding: mnt/lsdi/ocm05717564-1050/ocm05717564/Output/ocm05717564_0113.tif (deflated 4%)
  adding: mnt/lsdi/ocm05717564-1050/ocm05717564/Output/ocm05717564_0114.tif (deflated 4%)
  adding: mnt/lsdi/ocm05717564-1050/ocm05717564/Output/ocm05717564_0115.tif (deflated 4%)
  adding: mnt/lsdi/ocm05717564-1050/ocm05717564/Output/ocm05717564_0116.tif (deflated 4%)
  adding: mnt/lsdi/ocm05717564-1050/ocm05717564/Output/ocm05717564_0117.tif (deflated 4%)
  adding: mnt/lsdi/ocm05717564-1050/ocm05717564/Output/ocm05717564_0118.tif (deflated 4%)
  adding: mnt/lsdi/ocm05717564-1050/ocm05717564/Output/ocm05717564_0119.tif (deflated 4%)
  adding: mnt/lsdi/ocm05717564-1050/ocm05717564/Output/ocm05717564_0120.tif (deflated 4%)
  adding: mnt/lsdi/ocm05717564-1050/ocm05717564/Output/ocm05717564_0121.tif (deflated 81%)
  adding: mnt/lsdi/ocm05717564-1050/ocm05717564/Output/ocm05717564_0122.tif (deflated 3%)
  adding: mnt/lsdi/ocm05717564-1050/ocm05717564/Output/ocm05717564_0123.tif (deflated 4%)
  adding: mnt/lsdi/ocm05717564-1050/ocm05717564/Output/ocm05717564_0124.tif (deflated 3%)
  adding: mnt/lsdi/ocm05717564-1050/ocm05717564/Output/ocm05717564_0125.tif (deflated 3%)
  adding: mnt/lsdi/ocm05717564-1050/ocm05717564/Output/ocm05717564_0126.tif (deflated 4%)
  adding: mnt/lsdi/ocm05717564-1050/ocm05717564/Output/ocm05717564_0127.tif (deflated 5%)
  adding: mnt/lsdi/ocm05717564-1050/ocm05717564/Output/ocm05717564_0128.tif (deflated 1%)
  adding: mnt/lsdi/ocm05717564-1050/ocm05717564/Output/ocm05717564_0129.tif (deflated 81%)
  adding: mnt/lsdi/ocm05717564-1050/ocm05717564/Output/ocm05717564_0130.tif (deflated 4%)
  adding: mnt/lsdi/ocm05717564-1050/ocm05717564/Output/ocm05717564_0131.tif (deflated 4%)
  adding: mnt/lsdi/ocm05717564-1050/ocm05717564/Output/ocm05717564_0132.tif (deflated 4%)
  adding: mnt/lsdi/ocm05717564-1050/ocm05717564/Output/ocm05717564_0133.tif (deflated 4%)
  adding: mnt/lsdi/ocm05717564-1050/ocm05717564/Output/ocm05717564_0134.tif (deflated 4%)
  adding: mnt/lsdi/ocm05717564-1050/ocm05717564/Output/ocm05717564_0135.tif (deflated 81%)
  adding: mnt/lsdi/ocm05717564-1050/ocm05717564/Output/ocm05717564_0136.tif (deflated 4%)
  adding: mnt/lsdi/ocm05717564-1050/ocm05717564/Output/ocm05717564_0137.tif (deflated 3%)
  adding: mnt/lsdi/ocm05717564-1050/ocm05717564/Output/ocm05717564_0138.tif (deflated 3%)
  adding: mnt/lsdi/ocm05717564-1050/ocm05717564/Output/ocm05717564_0139.tif (deflated 4%)
  adding: mnt/lsdi/ocm05717564-1050/ocm05717564/Output/ocm05717564_0140.tif (deflated 4%)
  adding: mnt/lsdi/ocm05717564-1050/ocm05717564/Output/ocm05717564_0141.tif (deflated 3%)
  adding: mnt/lsdi/ocm05717564-1050/ocm05717564/Output/ocm05717564_0142.tif (deflated 3%)
  adding: mnt/lsdi/ocm05717564-1050/ocm05717564/Output/ocm05717564_0143.tif (deflated 4%)
  adding: mnt/lsdi/ocm05717564-1050/ocm05717564/Output/ocm05717564_0144.tif (deflated 4%)
  adding: mnt/lsdi/ocm05717564-1050/ocm05717564/Output/ocm05717564_0145.tif (deflated 3%)
  adding: mnt/lsdi/ocm05717564-1050/ocm05717564/Output/ocm05717564_0146.tif (deflated 3%)
  adding: mnt/lsdi/ocm05717564-1050/ocm05717564/Output/ocm05717564_0147.tif (deflated 3%)
  adding: mnt/lsdi/ocm05717564-1050/ocm05717564/Output/ocm05717564_0148.tif (deflated 4%)
  adding: mnt/lsdi/ocm05717564-1050/ocm05717564/Output/ocm05717564_0149.tif (deflated 3%)
  adding: mnt/lsdi/ocm05717564-1050/ocm05717564/Output/ocm05717564_0150.tif (deflated 3%)
  adding: mnt/lsdi/ocm05717564-1050/ocm05717564/Output/ocm05717564_0151.tif (deflated 4%)
  adding: mnt/lsdi/ocm05717564-1050/ocm05717564/Output/ocm05717564_0152.tif (deflated 3%)
  adding: mnt/lsdi/ocm05717564-1050/ocm05717564/Output/ocm05717564_0153.tif (deflated 4%)
  adding: mnt/lsdi/ocm05717564-1050/ocm05717564/Output/ocm05717564_0154.tif (deflated 3%)
  adding: mnt/lsdi/ocm05717564-1050/ocm05717564/Output/ocm05717564_0155.tif (deflated 4%)
  adding: mnt/lsdi/ocm05717564-1050/ocm05717564/Output/ocm05717564_0156.tif (deflated 4%)
  adding: mnt/lsdi/ocm05717564-1050/ocm05717564/Output/ocm05717564_0157.tif (deflated 4%)
  adding: mnt/lsdi/ocm05717564-1050/ocm05717564/Output/ocm05717564_0158.tif (deflated 4%)
  adding: mnt/lsdi/ocm05717564-1050/ocm05717564/Output/ocm05717564_0159.tif (deflated 4%)
  adding: mnt/lsdi/ocm05717564-1050/ocm05717564/Output/ocm05717564_0160.tif (deflated 4%)
  adding: mnt/lsdi/ocm05717564-1050/ocm05717564/Output/ocm05717564_0161.tif (deflated 4%)
  adding: mnt/lsdi/ocm05717564-1050/ocm05717564/Output/ocm05717564_0162.tif (deflated 4%)
  adding: mnt/lsdi/ocm05717564-1050/ocm05717564/Output/ocm05717564_0163.tif (deflated 4%)
  adding: mnt/lsdi/ocm05717564-1050/ocm05717564/Output/ocm05717564_0164.tif (deflated 4%)
  adding: mnt/lsdi/ocm05717564-1050/ocm05717564/Output/ocm05717564_0165.tif (deflated 4%)
  adding: mnt/lsdi/ocm05717564-1050/ocm05717564/Output/ocm05717564_0166.tif (deflated 4%)
  adding: mnt/lsdi/ocm05717564-1050/ocm05717564/Output/ocm05717564_0167.tif (deflated 4%)
  adding: mnt/lsdi/ocm05717564-1050/ocm05717564/Output/ocm05717564_0168.tif (deflated 3%)
  adding: mnt/lsdi/ocm05717564-1050/ocm05717564/Output/ocm05717564_0169.tif (deflated 4%)
  adding: mnt/lsdi/ocm05717564-1050/ocm05717564/Output/ocm05717564_0170.tif (deflated 3%)
  adding: mnt/lsdi/ocm05717564-1050/ocm05717564/Output/ocm05717564_0171.tif (deflated 4%)
  adding: mnt/lsdi/ocm05717564-1050/ocm05717564/Output/ocm05717564_0172.tif (deflated 4%)
  adding: mnt/lsdi/ocm05717564-1050/ocm05717564/Output/ocm05717564_0173.tif (deflated 4%)
  adding: mnt/lsdi/ocm05717564-1050/ocm05717564/Output/ocm05717564_0174.tif (deflated 4%)
  adding: mnt/lsdi/ocm05717564-1050/ocm05717564/Output/ocm05717564_0175.tif (deflated 4%)
  adding: mnt/lsdi/ocm05717564-1050/ocm05717564/Output/ocm05717564_0176.tif (deflated 4%)
  adding: mnt/lsdi/ocm05717564-1050/ocm05717564/Output/ocm05717564_0177.tif (deflated 4%)
  adding: mnt/lsdi/ocm05717564-1050/ocm05717564/Output/ocm05717564_0178.tif (deflated 4%)
  adding: mnt/lsdi/ocm05717564-1050/ocm05717564/Output/ocm05717564_0179.tif (deflated 4%)
  adding: mnt/lsdi/ocm05717564-1050/ocm05717564/Output/ocm05717564_0180.tif (deflated 4%)
  adding: mnt/lsdi/ocm05717564-1050/ocm05717564/Output/ocm05717564_0181.tif (deflated 4%)
  adding: mnt/lsdi/ocm05717564-1050/ocm05717564/Output/ocm05717564_0182.tif (deflated 4%)
  adding: mnt/lsdi/ocm05717564-1050/ocm05717564/Output/ocm05717564_0183.tif (deflated 4%)
  adding: mnt/lsdi/ocm05717564-1050/ocm05717564/Output/ocm05717564_0184.tif (deflated 4%)
  adding: mnt/lsdi/ocm05717564-1050/ocm05717564/Output/ocm05717564_0185.tif (deflated 4%)
  adding: mnt/lsdi/ocm05717564-1050/ocm05717564/Output/ocm05717564_0186.tif (deflated 4%)
  adding: mnt/lsdi/ocm05717564-1050/ocm05717564/Output/ocm05717564_0187.tif (deflated 4%)
  adding: mnt/lsdi/ocm05717564-1050/ocm05717564/Output/ocm05717564_0188.tif (deflated 4%)
  adding: mnt/lsdi/ocm05717564-1050/ocm05717564/Output/ocm05717564_0189.tif (deflated 4%)
  adding: mnt/lsdi/ocm05717564-1050/ocm05717564/Output/ocm05717564_0190.tif (deflated 4%)
  adding: mnt/lsdi/ocm05717564-1050/ocm05717564/Output/ocm05717564_0191.tif (deflated 4%)
  adding: mnt/lsdi/ocm05717564-1050/ocm05717564/Output/ocm05717564_0192.tif (deflated 4%)
  adding: mnt/lsdi/ocm05717564-1050/ocm05717564/Output/ocm05717564_0193.tif (deflated 4%)
  adding: mnt/lsdi/ocm05717564-1050/ocm05717564/Output/ocm05717564_0194.tif (deflated 4%)
  adding: mnt/lsdi/ocm05717564-1050/ocm05717564/Output/ocm05717564_0195.tif (deflated 4%)
  adding: mnt/lsdi/ocm05717564-1050/ocm05717564/Output/ocm05717564_0196.tif (deflated 4%)
  adding: mnt/lsdi/ocm05717564-1050/ocm05717564/Output/ocm05717564_0197.tif (deflated 4%)
  adding: mnt/lsdi/ocm05717564-1050/ocm05717564/Output/ocm05717564_0198.tif (deflated 4%)
  adding: mnt/lsdi/ocm05717564-1050/ocm05717564/Output/ocm05717564_0199.tif (deflated 4%)
  adding: mnt/lsdi/ocm05717564-1050/ocm05717564/Output/ocm05717564_0200.tif (deflated 3%)
  adding: mnt/lsdi/ocm05717564-1050/ocm05717564/Output/ocm05717564_0201.tif (deflated 4%)
  adding: mnt/lsdi/ocm05717564-1050/ocm05717564/Output/ocm05717564_0202.tif (deflated 4%)
  adding: mnt/lsdi/ocm05717564-1050/ocm05717564/Output/ocm05717564_0203.tif (deflated 4%)
  adding: mnt/lsdi/ocm05717564-1050/ocm05717564/Output/ocm05717564_0204.tif (deflated 3%)
  adding: mnt/lsdi/ocm05717564-1050/ocm05717564/Output/ocm05717564_0205.tif (deflated 4%)
  adding: mnt/lsdi/ocm05717564-1050/ocm05717564/Output/ocm05717564_0206.tif (deflated 4%)
  adding: mnt/lsdi/ocm05717564-1050/ocm05717564/Output/ocm05717564_0207.tif (deflated 3%)
  adding: mnt/lsdi/ocm05717564-1050/ocm05717564/Output/ocm05717564_0208.tif (deflated 4%)
  adding: mnt/lsdi/ocm05717564-1050/ocm05717564/Output/ocm05717564_0209.tif (deflated 4%)
  adding: mnt/lsdi/ocm05717564-1050/ocm05717564/Output/ocm05717564_0210.tif (deflated 3%)
  adding: mnt/lsdi/ocm05717564-1050/ocm05717564/Output/ocm05717564_0211.tif (deflated 4%)
  adding: mnt/lsdi/ocm05717564-1050/ocm05717564/Output/ocm05717564_0212.tif (deflated 4%)
  adding: mnt/lsdi/ocm05717564-1050/ocm05717564/Output/ocm05717564_0213.tif (deflated 4%)
  adding: mnt/lsdi/ocm05717564-1050/ocm05717564/Output/ocm05717564_0214.tif (deflated 4%)
  adding: mnt/lsdi/ocm05717564-1050/ocm05717564/Output/ocm05717564_0215.tif (deflated 4%)
  adding: mnt/lsdi/ocm05717564-1050/ocm05717564/Output/ocm05717564_0216.tif (deflated 3%)
  adding: mnt/lsdi/ocm05717564-1050/ocm05717564/Output/ocm05717564_0217.tif (deflated 4%)
  adding: mnt/lsdi/ocm05717564-1050/ocm05717564/Output/ocm05717564_0218.tif (deflated 3%)
  adding: mnt/lsdi/ocm05717564-1050/ocm05717564/Output/ocm05717564_0219.tif (deflated 4%)
  adding: mnt/lsdi/ocm05717564-1050/ocm05717564/Output/ocm05717564_0220.tif (deflated 4%)
  adding: mnt/lsdi/ocm05717564-1050/ocm05717564/Output/ocm05717564_0221.tif (deflated 4%)
  adding: mnt/lsdi/ocm05717564-1050/ocm05717564/Output/ocm05717564_0222.tif (deflated 4%)
  adding: mnt/lsdi/ocm05717564-1050/ocm05717564/Output/ocm05717564_0223.tif (deflated 4%)
  adding: mnt/lsdi/ocm05717564-1050/ocm05717564/Output/ocm05717564_0224.tif (deflated 4%)
  adding: mnt/lsdi/ocm05717564-1050/ocm05717564/Output/ocm05717564_0225.tif (deflated 4%)
  adding: mnt/lsdi/ocm05717564-1050/ocm05717564/Output/ocm05717564_0226.tif (deflated 3%)
  adding: mnt/lsdi/ocm05717564-1050/ocm05717564/Output/ocm05717564_0227.tif (deflated 4%)
  adding: mnt/lsdi/ocm05717564-1050/ocm05717564/Output/ocm05717564_0228.tif (deflated 4%)
  adding: mnt/lsdi/ocm05717564-1050/ocm05717564/Output/ocm05717564_0229.tif (deflated 4%)
  adding: mnt/lsdi/ocm05717564-1050/ocm05717564/Output/ocm05717564_0230.tif (deflated 3%)
  adding: mnt/lsdi/ocm05717564-1050/ocm05717564/Output/ocm05717564_0231.tif (deflated 4%)
  adding: mnt/lsdi/ocm05717564-1050/ocm05717564/Output/ocm05717564_0232.tif (deflated 3%)
  adding: mnt/lsdi/ocm05717564-1050/ocm05717564/Output/ocm05717564_0233.tif (deflated 4%)
  adding: mnt/lsdi/ocm05717564-1050/ocm05717564/Output/ocm05717564_0234.tif (deflated 4%)
  adding: mnt/lsdi/ocm05717564-1050/ocm05717564/Output/ocm05717564_0235.tif (deflated 3%)
  adding: mnt/lsdi/ocm05717564-1050/ocm05717564/Output/ocm05717564_0236.tif (deflated 4%)
  adding: mnt/lsdi/ocm05717564-1050/ocm05717564/Output/ocm05717564_0237.tif (deflated 4%)
  adding: mnt/lsdi/ocm05717564-1050/ocm05717564/Output/ocm05717564_0238.tif (deflated 3%)
  adding: mnt/lsdi/ocm05717564-1050/ocm05717564/Output/ocm05717564_0239.tif (deflated 3%)
  adding: mnt/lsdi/ocm05717564-1050/ocm05717564/Output/ocm05717564_0240.tif (deflated 4%)
  adding: mnt/lsdi/ocm05717564-1050/ocm05717564/Output/ocm05717564_0241.tif (deflated 4%)
  adding: mnt/lsdi/ocm05717564-1050/ocm05717564/Output/ocm05717564_0242.tif (deflated 4%)
  adding: mnt/lsdi/ocm05717564-1050/ocm05717564/Output/ocm05717564_0243.tif (deflated 5%)
  adding: mnt/lsdi/ocm05717564-1050/ocm05717564/Output/ocm05717564_0244.tif (deflated 22%)
  adding: mnt/lsdi/ocm05717564-1050/ocm05717564/Output/ocm05717564_0245.tif (deflated 81%)
  adding: mnt/lsdi/ocm05717564-1050/ocm05717564/Output/ocm05717564_0246.tif (deflated 3%)
  adding: mnt/lsdi/ocm05717564-1050/ocm05717564/Output/ocm05717564_0247.tif (deflated 4%)
  adding: mnt/lsdi/ocm05717564-1050/ocm05717564/Output/ocm05717564_0248.tif (deflated 4%)
  adding: mnt/lsdi/ocm05717564-1050/ocm05717564/Output/ocm05717564_0249.tif (deflated 4%)
  adding: mnt/lsdi/ocm05717564-1050/ocm05717564/Output/ocm05717564_0250.tif (deflated 3%)
  adding: mnt/lsdi/ocm05717564-1050/ocm05717564/Output/ocm05717564_0251.tif (deflated 4%)
  adding: mnt/lsdi/ocm05717564-1050/ocm05717564/Output/ocm05717564_0252.tif (deflated 4%)
  adding: mnt/lsdi/ocm05717564-1050/ocm05717564/Output/ocm05717564_0253.tif (deflated 81%)
  adding: mnt/lsdi/ocm05717564-1050/ocm05717564/Output/ocm05717564_0254.tif (deflated 3%)
  adding: mnt/lsdi/ocm05717564-1050/ocm05717564/Output/ocm05717564_0255.tif (deflated 3%)
  adding: mnt/lsdi/ocm05717564-1050/ocm05717564/Output/ocm05717564_0256.tif (deflated 3%)
  adding: mnt/lsdi/ocm05717564-1050/ocm05717564/Output/ocm05717564_0257.tif (deflated 3%)
  adding: mnt/lsdi/ocm05717564-1050/ocm05717564/Output/ocm05717564_0258.tif (deflated 3%)
  adding: mnt/lsdi/ocm05717564-1050/ocm05717564/Output/ocm05717564_0259.tif (deflated 3%)
  adding: mnt/lsdi/ocm05717564-1050/ocm05717564/Output/ocm05717564_0260.tif (deflated 3%)
  adding: mnt/lsdi/ocm05717564-1050/ocm05717564/Output/ocm05717564_0261.tif (deflated 81%)
  adding: mnt/lsdi/ocm05717564-1050/ocm05717564/Output/ocm05717564_0262.tif (deflated 81%)
  adding: mnt/lsdi/ocm05717564-1050/ocm05717564/Output/ocm05717564_0263.tif (deflated 81%)
  adding: mnt/lsdi/ocm05717564-1050/ocm05717564/Output/ocm05717564_0264.tif (deflated 3%)
  adding: mnt/lsdi/ocm05717564-1050/ocm05717564/Output/ocm05717564_0265.tif (deflated 4%)
  adding: mnt/lsdi/ocm05717564-1050/ocm05717564/Output/ocm05717564_0266.tif (deflated 2%)
  adding: mnt/lsdi/ocm05717564-1050/ocm05717564/Output/ocm05717564_0267.tif (deflated 4%)
  adding: mnt/lsdi/ocm05717564-1050/ocm05717564/Output/ocm05717564_0268.tif (deflated 4%)
  adding: mnt/lsdi/ocm05717564-1050/ocm05717564/Output/ocm05717564_0269.tif (deflated 4%)
  adding: mnt/lsdi/ocm05717564-1050/ocm05717564/Output/ocm05717564_0270.tif (deflated 3%)
  adding: mnt/lsdi/ocm05717564-1050/ocm05717564/Output/ocm05717564_0271.tif (deflated 3%)
  adding: mnt/lsdi/ocm05717564-1050/ocm05717564/Output/ocm05717564_0272.tif (deflated 81%)
curl --location --header authorization: LOW fpJYfLnxbLmCEHqU:JQbq6NgBaPrSh98Y --upload-file /temp/ocm05717564_1050_images.zip http://s3.us.archive.org/05717564.1050.emory.edu/05717564_1050_images.zip
  % Total    % Received % Xferd  Average Speed   Time    Time     Time  Current
                                 Dload  Upload   Total   Spent    Left  Speed
  0     0    0     0    0     0      0      0 --:--:-- --:--:-- --:--:--     0  0 12.0M    0     0    0     0      0      0 --:--:--  0:00:01 --:--:--     0  0 12.0M    0     0    0 32768      0  28657  0:07:19  0:00:01  0:07:18 30595  7 12.0M    0     0    7  928k      0   443k  0:00:27  0:00:02  0:00:25  458k 14 12.0M    0     0   14 1840k      0   591k  0:00:20  0:00:03  0:00:17  605k 22 12.0M    0     0   22 2736k      0   665k  0:00:18  0:00:04  0:00:14  677k 29 12.0M    0     0   29 3616k      0   709k  0:00:17  0:00:05  0:00:12  899k 36 12.0M    0     0   36 4496k      0   737k  0:00:16  0:00:06  0:00:10  901k 43 12.0M    0     0   43 5376k      0   755k  0:00:16  0:00:07  0:00:09  886k 49 12.0M    0     0   49 6064k      0   749k  0:00:16  0:00:08  0:00:08  847k 56 12.0M    0     0   56 6896k      0   756k  0:00:16  0:00:09  0:00:07  831k 61 12.0M    0     0   61 7584k      0   750k  0:00:16  0:00:10  0:00:06  792k 67 12.0M    0     0   67 8352k      0   752k  0:00:16  0:00:11  0:00:05  771k 75 12.0M    0     0   75 9280k      0   764k  0:00:16  0:00:12  0:00:04  775k 82 12.0M    0     0   82  9.9M      0   774k  0:00:15  0:00:13  0:00:02  814k 89 12.0M    0     0   89 10.7M      0   781k  0:00:15  0:00:14  0:00:01  825k 96 12.0M    0     0   96 11.6M      0   788k  0:00:15  0:00:15 --:--:--  863k100 12.0M    0     0  100 12.0M      0   742k  0:00:16  0:00:16 --:--:--  722k100 12.0M    0     0  100 12.0M      0   700k  0:00:17  0:00:17 --:--:--  557k100 12.0M    0     0  100 12.0M      0   662k  0:00:18  0:00:18 --:--:--  394k100 12.0M    0     0  100 12.0M      0   628k  0:00:19  0:00:19 --:--:--  234k100 12.0M    0     0  100 12.0M      0   598k  0:00:20  0:00:20 --:--:-- 74268100 12.0M    0     0  100 12.0M      0   570k  0:00:21  0:00:21 --:--:--     0100 12.0M    0     0  100 12.0M      0   545k  0:00:22  0:00:22 --:--:--     0100 12.0M    0     0  100 12.0M      0   522k  0:00:23  0:00:23 --:--:--     0100 12.0M    0     0  100 12.0M      0   522k  0:00:23  0:00:23 --:--:--     0
