Bucket ID will be 00353723.emory.edu
curl --location --header x-amz-auto-make-bucket:1 --header x-archive-ignore-preexisting-bucket:1 --header x-archive-queue-derive:0 --header x-archive-meta-mediatype:texts --header x-archive-meta03-collection:emory --header x-archive-meta01-collection:americanmethodism --header x-archive-meta-sponsor:Emory University, Pitts Theology Library --header x-archive-meta-contributor:Emory University, Pitts Theology Library --header x-archive-meta-ppi:300 --header authorization: LOW fpJYfLnxbLmCEHqU:JQbq6NgBaPrSh98Y --upload-file /mnt/lsdi/ocm00353723-2099/ocm00353723/ocm00353723_MRC.xml http://s3.us.archive.org/00353723.2099.emory.edu/00353723.2099.emory.edu_marc.xml
  % Total    % Received % Xferd  Average Speed   Time    Time     Time  Current
                                 Dload  Upload   Total   Spent    Left  Speed
  0     0    0     0    0     0      0      0 --:--:-- --:--:-- --:--:--     0  0  3268    0     0    0     0      0      0 --:--:-- --:--:-- --:--:--     0100  3268    0     0  100  3268      0   2081  0:00:01  0:00:01 --:--:--  2183100  3268    0     0  100  3268      0   2081  0:00:01  0:00:01 --:--:--  2183
zip -r /temp/ocm00353723_2099_images.zip /mnt/lsdi/ocm00353723-2099/ocm00353723/Output/ocm00353723_0001.tif /mnt/lsdi/ocm00353723-2099/ocm00353723/Output/ocm00353723_0002.tif /mnt/lsdi/ocm00353723-2099/ocm00353723/Output/ocm00353723_0003.tif /mnt/lsdi/ocm00353723-2099/ocm00353723/Output/ocm00353723_0004.tif /mnt/lsdi/ocm00353723-2099/ocm00353723/Output/ocm00353723_0005.tif /mnt/lsdi/ocm00353723-2099/ocm00353723/Output/ocm00353723_0006.tif /mnt/lsdi/ocm00353723-2099/ocm00353723/Output/ocm00353723_0007.tif /mnt/lsdi/ocm00353723-2099/ocm00353723/Output/ocm00353723_0008.tif /mnt/lsdi/ocm00353723-2099/ocm00353723/Output/ocm00353723_0009.tif /mnt/lsdi/ocm00353723-2099/ocm00353723/Output/ocm00353723_0010.tif /mnt/lsdi/ocm00353723-2099/ocm00353723/Output/ocm00353723_0011.tif /mnt/lsdi/ocm00353723-2099/ocm00353723/Output/ocm00353723_0012.tif /mnt/lsdi/ocm00353723-2099/ocm00353723/Output/ocm00353723_0013.tif /mnt/lsdi/ocm00353723-2099/ocm00353723/Output/ocm00353723_0014.tif /mnt/lsdi/ocm00353723-2099/ocm00353723/Output/ocm00353723_0015.tif /mnt/lsdi/ocm00353723-2099/ocm00353723/Output/ocm00353723_0016.tif /mnt/lsdi/ocm00353723-2099/ocm00353723/Output/ocm00353723_0017.tif /mnt/lsdi/ocm00353723-2099/ocm00353723/Output/ocm00353723_0018.tif /mnt/lsdi/ocm00353723-2099/ocm00353723/Output/ocm00353723_0019.tif /mnt/lsdi/ocm00353723-2099/ocm00353723/Output/ocm00353723_0020.tif /mnt/lsdi/ocm00353723-2099/ocm00353723/Output/ocm00353723_0021.tif /mnt/lsdi/ocm00353723-2099/ocm00353723/Output/ocm00353723_0022.tif /mnt/lsdi/ocm00353723-2099/ocm00353723/Output/ocm00353723_0023.tif /mnt/lsdi/ocm00353723-2099/ocm00353723/Output/ocm00353723_0024.tif /mnt/lsdi/ocm00353723-2099/ocm00353723/Output/ocm00353723_0025.tif /mnt/lsdi/ocm00353723-2099/ocm00353723/Output/ocm00353723_0026.tif /mnt/lsdi/ocm00353723-2099/ocm00353723/Output/ocm00353723_0027.tif /mnt/lsdi/ocm00353723-2099/ocm00353723/Output/ocm00353723_0028.tif /mnt/lsdi/ocm00353723-2099/ocm00353723/Output/ocm00353723_0029.tif /mnt/lsdi/ocm00353723-2099/ocm00353723/Output/ocm00353723_0030.tif /mnt/lsdi/ocm00353723-2099/ocm00353723/Output/ocm00353723_0031.tif /mnt/lsdi/ocm00353723-2099/ocm00353723/Output/ocm00353723_0032.tif /mnt/lsdi/ocm00353723-2099/ocm00353723/Output/ocm00353723_0033.tif /mnt/lsdi/ocm00353723-2099/ocm00353723/Output/ocm00353723_0034.tif /mnt/lsdi/ocm00353723-2099/ocm00353723/Output/ocm00353723_0035.tif /mnt/lsdi/ocm00353723-2099/ocm00353723/Output/ocm00353723_0036.tif /mnt/lsdi/ocm00353723-2099/ocm00353723/Output/ocm00353723_0037.tif /mnt/lsdi/ocm00353723-2099/ocm00353723/Output/ocm00353723_0038.tif /mnt/lsdi/ocm00353723-2099/ocm00353723/Output/ocm00353723_0039.tif /mnt/lsdi/ocm00353723-2099/ocm00353723/Output/ocm00353723_0040.tif /mnt/lsdi/ocm00353723-2099/ocm00353723/Output/ocm00353723_0041.tif /mnt/lsdi/ocm00353723-2099/ocm00353723/Output/ocm00353723_0042.tif /mnt/lsdi/ocm00353723-2099/ocm00353723/Output/ocm00353723_0043.tif /mnt/lsdi/ocm00353723-2099/ocm00353723/Output/ocm00353723_0044.tif /mnt/lsdi/ocm00353723-2099/ocm00353723/Output/ocm00353723_0045.tif /mnt/lsdi/ocm00353723-2099/ocm00353723/Output/ocm00353723_0046.tif /mnt/lsdi/ocm00353723-2099/ocm00353723/Output/ocm00353723_0047.tif /mnt/lsdi/ocm00353723-2099/ocm00353723/Output/ocm00353723_0048.tif /mnt/lsdi/ocm00353723-2099/ocm00353723/Output/ocm00353723_0049.tif /mnt/lsdi/ocm00353723-2099/ocm00353723/Output/ocm00353723_0050.tif /mnt/lsdi/ocm00353723-2099/ocm00353723/Output/ocm00353723_0051.tif /mnt/lsdi/ocm00353723-2099/ocm00353723/Output/ocm00353723_0052.tif /mnt/lsdi/ocm00353723-2099/ocm00353723/Output/ocm00353723_0053.tif /mnt/lsdi/ocm00353723-2099/ocm00353723/Output/ocm00353723_0054.tif /mnt/lsdi/ocm00353723-2099/ocm00353723/Output/ocm00353723_0055.tif /mnt/lsdi/ocm00353723-2099/ocm00353723/Output/ocm00353723_0056.tif /mnt/lsdi/ocm00353723-2099/ocm00353723/Output/ocm00353723_0057.tif /mnt/lsdi/ocm00353723-2099/ocm00353723/Output/ocm00353723_0058.tif /mnt/lsdi/ocm00353723-2099/ocm00353723/Output/ocm00353723_0059.tif /mnt/lsdi/ocm00353723-2099/ocm00353723/Output/ocm00353723_0060.tif /mnt/lsdi/ocm00353723-2099/ocm00353723/Output/ocm00353723_0061.tif /mnt/lsdi/ocm00353723-2099/ocm00353723/Output/ocm00353723_0062.tif /mnt/lsdi/ocm00353723-2099/ocm00353723/Output/ocm00353723_0063.tif /mnt/lsdi/ocm00353723-2099/ocm00353723/Output/ocm00353723_0064.tif /mnt/lsdi/ocm00353723-2099/ocm00353723/Output/ocm00353723_0065.tif /mnt/lsdi/ocm00353723-2099/ocm00353723/Output/ocm00353723_0066.tif /mnt/lsdi/ocm00353723-2099/ocm00353723/Output/ocm00353723_0067.tif /mnt/lsdi/ocm00353723-2099/ocm00353723/Output/ocm00353723_0068.tif /mnt/lsdi/ocm00353723-2099/ocm00353723/Output/ocm00353723_0069.tif /mnt/lsdi/ocm00353723-2099/ocm00353723/Output/ocm00353723_0070.tif /mnt/lsdi/ocm00353723-2099/ocm00353723/Output/ocm00353723_0071.tif /mnt/lsdi/ocm00353723-2099/ocm00353723/Output/ocm00353723_0072.tif /mnt/lsdi/ocm00353723-2099/ocm00353723/Output/ocm00353723_0073.tif /mnt/lsdi/ocm00353723-2099/ocm00353723/Output/ocm00353723_0074.tif /mnt/lsdi/ocm00353723-2099/ocm00353723/Output/ocm00353723_0075.tif /mnt/lsdi/ocm00353723-2099/ocm00353723/Output/ocm00353723_0076.tif /mnt/lsdi/ocm00353723-2099/ocm00353723/Output/ocm00353723_0077.tif /mnt/lsdi/ocm00353723-2099/ocm00353723/Output/ocm00353723_0078.tif /mnt/lsdi/ocm00353723-2099/ocm00353723/Output/ocm00353723_0079.tif /mnt/lsdi/ocm00353723-2099/ocm00353723/Output/ocm00353723_0080.tif /mnt/lsdi/ocm00353723-2099/ocm00353723/Output/ocm00353723_0081.tif /mnt/lsdi/ocm00353723-2099/ocm00353723/Output/ocm00353723_0082.tif /mnt/lsdi/ocm00353723-2099/ocm00353723/Output/ocm00353723_0083.tif /mnt/lsdi/ocm00353723-2099/ocm00353723/Output/ocm00353723_0084.tif /mnt/lsdi/ocm00353723-2099/ocm00353723/Output/ocm00353723_0085.tif /mnt/lsdi/ocm00353723-2099/ocm00353723/Output/ocm00353723_0086.tif /mnt/lsdi/ocm00353723-2099/ocm00353723/Output/ocm00353723_0087.tif /mnt/lsdi/ocm00353723-2099/ocm00353723/Output/ocm00353723_0088.tif /mnt/lsdi/ocm00353723-2099/ocm00353723/Output/ocm00353723_0089.tif /mnt/lsdi/ocm00353723-2099/ocm00353723/Output/ocm00353723_0090.tif /mnt/lsdi/ocm00353723-2099/ocm00353723/Output/ocm00353723_0091.tif /mnt/lsdi/ocm00353723-2099/ocm00353723/Output/ocm00353723_0092.tif /mnt/lsdi/ocm00353723-2099/ocm00353723/Output/ocm00353723_0093.tif /mnt/lsdi/ocm00353723-2099/ocm00353723/Output/ocm00353723_0094.tif /mnt/lsdi/ocm00353723-2099/ocm00353723/Output/ocm00353723_0095.tif /mnt/lsdi/ocm00353723-2099/ocm00353723/Output/ocm00353723_0096.tif /mnt/lsdi/ocm00353723-2099/ocm00353723/Output/ocm00353723_0097.tif /mnt/lsdi/ocm00353723-2099/ocm00353723/Output/ocm00353723_0098.tif /mnt/lsdi/ocm00353723-2099/ocm00353723/Output/ocm00353723_0099.tif /mnt/lsdi/ocm00353723-2099/ocm00353723/Output/ocm00353723_0100.tif /mnt/lsdi/ocm00353723-2099/ocm00353723/Output/ocm00353723_0101.tif /mnt/lsdi/ocm00353723-2099/ocm00353723/Output/ocm00353723_0102.tif /mnt/lsdi/ocm00353723-2099/ocm00353723/Output/ocm00353723_0103.tif /mnt/lsdi/ocm00353723-2099/ocm00353723/Output/ocm00353723_0104.tif /mnt/lsdi/ocm00353723-2099/ocm00353723/Output/ocm00353723_0105.tif /mnt/lsdi/ocm00353723-2099/ocm00353723/Output/ocm00353723_0106.tif /mnt/lsdi/ocm00353723-2099/ocm00353723/Output/ocm00353723_0107.tif /mnt/lsdi/ocm00353723-2099/ocm00353723/Output/ocm00353723_0108.tif /mnt/lsdi/ocm00353723-2099/ocm00353723/Output/ocm00353723_0109.tif /mnt/lsdi/ocm00353723-2099/ocm00353723/Output/ocm00353723_0110.tif /mnt/lsdi/ocm00353723-2099/ocm00353723/Output/ocm00353723_0111.tif /mnt/lsdi/ocm00353723-2099/ocm00353723/Output/ocm00353723_0112.tif /mnt/lsdi/ocm00353723-2099/ocm00353723/Output/ocm00353723_0113.tif /mnt/lsdi/ocm00353723-2099/ocm00353723/Output/ocm00353723_0114.tif /mnt/lsdi/ocm00353723-2099/ocm00353723/Output/ocm00353723_0115.tif /mnt/lsdi/ocm00353723-2099/ocm00353723/Output/ocm00353723_0116.tif /mnt/lsdi/ocm00353723-2099/ocm00353723/Output/ocm00353723_0117.tif /mnt/lsdi/ocm00353723-2099/ocm00353723/Output/ocm00353723_0118.tif /mnt/lsdi/ocm00353723-2099/ocm00353723/Output/ocm00353723_0119.tif /mnt/lsdi/ocm00353723-2099/ocm00353723/Output/ocm00353723_0120.tif /mnt/lsdi/ocm00353723-2099/ocm00353723/Output/ocm00353723_0121.tif /mnt/lsdi/ocm00353723-2099/ocm00353723/Output/ocm00353723_0122.tif /mnt/lsdi/ocm00353723-2099/ocm00353723/Output/ocm00353723_0123.tif /mnt/lsdi/ocm00353723-2099/ocm00353723/Output/ocm00353723_0124.tif /mnt/lsdi/ocm00353723-2099/ocm00353723/Output/ocm00353723_0125.tif /mnt/lsdi/ocm00353723-2099/ocm00353723/Output/ocm00353723_0126.tif /mnt/lsdi/ocm00353723-2099/ocm00353723/Output/ocm00353723_0127.tif /mnt/lsdi/ocm00353723-2099/ocm00353723/Output/ocm00353723_0128.tif /mnt/lsdi/ocm00353723-2099/ocm00353723/Output/ocm00353723_0129.tif /mnt/lsdi/ocm00353723-2099/ocm00353723/Output/ocm00353723_0130.tif /mnt/lsdi/ocm00353723-2099/ocm00353723/Output/ocm00353723_0131.tif /mnt/lsdi/ocm00353723-2099/ocm00353723/Output/ocm00353723_0132.tif /mnt/lsdi/ocm00353723-2099/ocm00353723/Output/ocm00353723_0133.tif /mnt/lsdi/ocm00353723-2099/ocm00353723/Output/ocm00353723_0134.tif /mnt/lsdi/ocm00353723-2099/ocm00353723/Output/ocm00353723_0135.tif /mnt/lsdi/ocm00353723-2099/ocm00353723/Output/ocm00353723_0136.tif /mnt/lsdi/ocm00353723-2099/ocm00353723/Output/ocm00353723_0137.tif /mnt/lsdi/ocm00353723-2099/ocm00353723/Output/ocm00353723_0138.tif /mnt/lsdi/ocm00353723-2099/ocm00353723/Output/ocm00353723_0139.tif /mnt/lsdi/ocm00353723-2099/ocm00353723/Output/ocm00353723_0140.tif /mnt/lsdi/ocm00353723-2099/ocm00353723/Output/ocm00353723_0141.tif /mnt/lsdi/ocm00353723-2099/ocm00353723/Output/ocm00353723_0142.tif /mnt/lsdi/ocm00353723-2099/ocm00353723/Output/ocm00353723_0143.tif /mnt/lsdi/ocm00353723-2099/ocm00353723/Output/ocm00353723_0144.tif /mnt/lsdi/ocm00353723-2099/ocm00353723/Output/ocm00353723_0145.tif /mnt/lsdi/ocm00353723-2099/ocm00353723/Output/ocm00353723_0146.tif /mnt/lsdi/ocm00353723-2099/ocm00353723/Output/ocm00353723_0147.tif /mnt/lsdi/ocm00353723-2099/ocm00353723/Output/ocm00353723_0148.tif /mnt/lsdi/ocm00353723-2099/ocm00353723/Output/ocm00353723_0149.tif /mnt/lsdi/ocm00353723-2099/ocm00353723/Output/ocm00353723_0150.tif /mnt/lsdi/ocm00353723-2099/ocm00353723/Output/ocm00353723_0151.tif /mnt/lsdi/ocm00353723-2099/ocm00353723/Output/ocm00353723_0152.tif /mnt/lsdi/ocm00353723-2099/ocm00353723/Output/ocm00353723_0153.tif /mnt/lsdi/ocm00353723-2099/ocm00353723/Output/ocm00353723_0154.tif /mnt/lsdi/ocm00353723-2099/ocm00353723/Output/ocm00353723_0155.tif /mnt/lsdi/ocm00353723-2099/ocm00353723/Output/ocm00353723_0156.tif /mnt/lsdi/ocm00353723-2099/ocm00353723/Output/ocm00353723_0157.tif /mnt/lsdi/ocm00353723-2099/ocm00353723/Output/ocm00353723_0158.tif /mnt/lsdi/ocm00353723-2099/ocm00353723/Output/ocm00353723_0159.tif /mnt/lsdi/ocm00353723-2099/ocm00353723/Output/ocm00353723_0160.tif /mnt/lsdi/ocm00353723-2099/ocm00353723/Output/ocm00353723_0161.tif /mnt/lsdi/ocm00353723-2099/ocm00353723/Output/ocm00353723_0162.tif /mnt/lsdi/ocm00353723-2099/ocm00353723/Output/ocm00353723_0163.tif /mnt/lsdi/ocm00353723-2099/ocm00353723/Output/ocm00353723_0164.tif /mnt/lsdi/ocm00353723-2099/ocm00353723/Output/ocm00353723_0165.tif /mnt/lsdi/ocm00353723-2099/ocm00353723/Output/ocm00353723_0166.tif /mnt/lsdi/ocm00353723-2099/ocm00353723/Output/ocm00353723_0167.tif /mnt/lsdi/ocm00353723-2099/ocm00353723/Output/ocm00353723_0168.tif /mnt/lsdi/ocm00353723-2099/ocm00353723/Output/ocm00353723_0169.tif /mnt/lsdi/ocm00353723-2099/ocm00353723/Output/ocm00353723_0170.tif /mnt/lsdi/ocm00353723-2099/ocm00353723/Output/ocm00353723_0171.tif /mnt/lsdi/ocm00353723-2099/ocm00353723/Output/ocm00353723_0172.tif /mnt/lsdi/ocm00353723-2099/ocm00353723/Output/ocm00353723_0173.tif /mnt/lsdi/ocm00353723-2099/ocm00353723/Output/ocm00353723_0174.tif /mnt/lsdi/ocm00353723-2099/ocm00353723/Output/ocm00353723_0175.tif /mnt/lsdi/ocm00353723-2099/ocm00353723/Output/ocm00353723_0176.tif /mnt/lsdi/ocm00353723-2099/ocm00353723/Output/ocm00353723_0177.tif /mnt/lsdi/ocm00353723-2099/ocm00353723/Output/ocm00353723_0178.tif /mnt/lsdi/ocm00353723-2099/ocm00353723/Output/ocm00353723_0179.tif /mnt/lsdi/ocm00353723-2099/ocm00353723/Output/ocm00353723_0180.tif /mnt/lsdi/ocm00353723-2099/ocm00353723/Output/ocm00353723_0181.tif /mnt/lsdi/ocm00353723-2099/ocm00353723/Output/ocm00353723_0182.tif /mnt/lsdi/ocm00353723-2099/ocm00353723/Output/ocm00353723_0183.tif /mnt/lsdi/ocm00353723-2099/ocm00353723/Output/ocm00353723_0184.tif /mnt/lsdi/ocm00353723-2099/ocm00353723/Output/ocm00353723_0185.tif /mnt/lsdi/ocm00353723-2099/ocm00353723/Output/ocm00353723_0186.tif /mnt/lsdi/ocm00353723-2099/ocm00353723/Output/ocm00353723_0187.tif /mnt/lsdi/ocm00353723-2099/ocm00353723/Output/ocm00353723_0188.tif /mnt/lsdi/ocm00353723-2099/ocm00353723/Output/ocm00353723_0189.tif /mnt/lsdi/ocm00353723-2099/ocm00353723/Output/ocm00353723_0190.tif /mnt/lsdi/ocm00353723-2099/ocm00353723/Output/ocm00353723_0191.tif /mnt/lsdi/ocm00353723-2099/ocm00353723/Output/ocm00353723_0192.tif /mnt/lsdi/ocm00353723-2099/ocm00353723/Output/ocm00353723_0193.tif /mnt/lsdi/ocm00353723-2099/ocm00353723/Output/ocm00353723_0194.tif /mnt/lsdi/ocm00353723-2099/ocm00353723/Output/ocm00353723_0195.tif /mnt/lsdi/ocm00353723-2099/ocm00353723/Output/ocm00353723_0196.tif /mnt/lsdi/ocm00353723-2099/ocm00353723/Output/ocm00353723_0197.tif /mnt/lsdi/ocm00353723-2099/ocm00353723/Output/ocm00353723_0198.tif /mnt/lsdi/ocm00353723-2099/ocm00353723/Output/ocm00353723_0199.tif /mnt/lsdi/ocm00353723-2099/ocm00353723/Output/ocm00353723_0200.tif /mnt/lsdi/ocm00353723-2099/ocm00353723/Output/ocm00353723_0201.tif /mnt/lsdi/ocm00353723-2099/ocm00353723/Output/ocm00353723_0202.tif /mnt/lsdi/ocm00353723-2099/ocm00353723/Output/ocm00353723_0203.tif /mnt/lsdi/ocm00353723-2099/ocm00353723/Output/ocm00353723_0204.tif /mnt/lsdi/ocm00353723-2099/ocm00353723/Output/ocm00353723_0205.tif /mnt/lsdi/ocm00353723-2099/ocm00353723/Output/ocm00353723_0206.tif /mnt/lsdi/ocm00353723-2099/ocm00353723/Output/ocm00353723_0207.tif /mnt/lsdi/ocm00353723-2099/ocm00353723/Output/ocm00353723_0208.tif /mnt/lsdi/ocm00353723-2099/ocm00353723/Output/ocm00353723_0209.tif /mnt/lsdi/ocm00353723-2099/ocm00353723/Output/ocm00353723_0210.tif /mnt/lsdi/ocm00353723-2099/ocm00353723/Output/ocm00353723_0211.tif /mnt/lsdi/ocm00353723-2099/ocm00353723/Output/ocm00353723_0212.tif /mnt/lsdi/ocm00353723-2099/ocm00353723/Output/ocm00353723_0213.tif /mnt/lsdi/ocm00353723-2099/ocm00353723/Output/ocm00353723_0214.tif /mnt/lsdi/ocm00353723-2099/ocm00353723/Output/ocm00353723_0215.tif /mnt/lsdi/ocm00353723-2099/ocm00353723/Output/ocm00353723_0216.tif /mnt/lsdi/ocm00353723-2099/ocm00353723/Output/ocm00353723_0217.tif /mnt/lsdi/ocm00353723-2099/ocm00353723/Output/ocm00353723_0218.tif /mnt/lsdi/ocm00353723-2099/ocm00353723/Output/ocm00353723_0219.tif /mnt/lsdi/ocm00353723-2099/ocm00353723/Output/ocm00353723_0220.tif /mnt/lsdi/ocm00353723-2099/ocm00353723/Output/ocm00353723_0221.tif /mnt/lsdi/ocm00353723-2099/ocm00353723/Output/ocm00353723_0222.tif /mnt/lsdi/ocm00353723-2099/ocm00353723/Output/ocm00353723_0223.tif /mnt/lsdi/ocm00353723-2099/ocm00353723/Output/ocm00353723_0224.tif /mnt/lsdi/ocm00353723-2099/ocm00353723/Output/ocm00353723_0225.tif /mnt/lsdi/ocm00353723-2099/ocm00353723/Output/ocm00353723_0226.tif /mnt/lsdi/ocm00353723-2099/ocm00353723/Output/ocm00353723_0227.tif /mnt/lsdi/ocm00353723-2099/ocm00353723/Output/ocm00353723_0228.tif /mnt/lsdi/ocm00353723-2099/ocm00353723/Output/ocm00353723_0229.tif /mnt/lsdi/ocm00353723-2099/ocm00353723/Output/ocm00353723_0230.tif /mnt/lsdi/ocm00353723-2099/ocm00353723/Output/ocm00353723_0231.tif /mnt/lsdi/ocm00353723-2099/ocm00353723/Output/ocm00353723_0232.tif /mnt/lsdi/ocm00353723-2099/ocm00353723/Output/ocm00353723_0233.tif /mnt/lsdi/ocm00353723-2099/ocm00353723/Output/ocm00353723_0234.tif /mnt/lsdi/ocm00353723-2099/ocm00353723/Output/ocm00353723_0235.tif /mnt/lsdi/ocm00353723-2099/ocm00353723/Output/ocm00353723_0236.tif /mnt/lsdi/ocm00353723-2099/ocm00353723/Output/ocm00353723_0237.tif /mnt/lsdi/ocm00353723-2099/ocm00353723/Output/ocm00353723_0238.tif /mnt/lsdi/ocm00353723-2099/ocm00353723/Output/ocm00353723_0239.tif /mnt/lsdi/ocm00353723-2099/ocm00353723/Output/ocm00353723_0240.tif /mnt/lsdi/ocm00353723-2099/ocm00353723/Output/ocm00353723_0241.tif /mnt/lsdi/ocm00353723-2099/ocm00353723/Output/ocm00353723_0242.tif /mnt/lsdi/ocm00353723-2099/ocm00353723/Output/ocm00353723_0243.tif /mnt/lsdi/ocm00353723-2099/ocm00353723/Output/ocm00353723_0244.tif /mnt/lsdi/ocm00353723-2099/ocm00353723/Output/ocm00353723_0245.tif /mnt/lsdi/ocm00353723-2099/ocm00353723/Output/ocm00353723_0246.tif /mnt/lsdi/ocm00353723-2099/ocm00353723/Output/ocm00353723_0247.tif /mnt/lsdi/ocm00353723-2099/ocm00353723/Output/ocm00353723_0248.tif /mnt/lsdi/ocm00353723-2099/ocm00353723/Output/ocm00353723_0249.tif /mnt/lsdi/ocm00353723-2099/ocm00353723/Output/ocm00353723_0250.tif /mnt/lsdi/ocm00353723-2099/ocm00353723/Output/ocm00353723_0251.tif /mnt/lsdi/ocm00353723-2099/ocm00353723/Output/ocm00353723_0252.tif /mnt/lsdi/ocm00353723-2099/ocm00353723/Output/ocm00353723_0253.tif /mnt/lsdi/ocm00353723-2099/ocm00353723/Output/ocm00353723_0254.tif /mnt/lsdi/ocm00353723-2099/ocm00353723/Output/ocm00353723_0255.tif /mnt/lsdi/ocm00353723-2099/ocm00353723/Output/ocm00353723_0256.tif /mnt/lsdi/ocm00353723-2099/ocm00353723/Output/ocm00353723_0257.tif /mnt/lsdi/ocm00353723-2099/ocm00353723/Output/ocm00353723_0258.tif /mnt/lsdi/ocm00353723-2099/ocm00353723/Output/ocm00353723_0259.tif /mnt/lsdi/ocm00353723-2099/ocm00353723/Output/ocm00353723_0260.tif /mnt/lsdi/ocm00353723-2099/ocm00353723/Output/ocm00353723_0261.tif /mnt/lsdi/ocm00353723-2099/ocm00353723/Output/ocm00353723_0262.tif /mnt/lsdi/ocm00353723-2099/ocm00353723/Output/ocm00353723_0263.tif /mnt/lsdi/ocm00353723-2099/ocm00353723/Output/ocm00353723_0264.tif
  adding: mnt/lsdi/ocm00353723-2099/ocm00353723/Output/ocm00353723_0001.tif (deflated 80%)
  adding: mnt/lsdi/ocm00353723-2099/ocm00353723/Output/ocm00353723_0002.tif (deflated 80%)
  adding: mnt/lsdi/ocm00353723-2099/ocm00353723/Output/ocm00353723_0003.tif (deflated 80%)
  adding: mnt/lsdi/ocm00353723-2099/ocm00353723/Output/ocm00353723_0004.tif (deflated 10%)
  adding: mnt/lsdi/ocm00353723-2099/ocm00353723/Output/ocm00353723_0005.tif (deflated 11%)
  adding: mnt/lsdi/ocm00353723-2099/ocm00353723/Output/ocm00353723_0006.tif (deflated 5%)
  adding: mnt/lsdi/ocm00353723-2099/ocm00353723/Output/ocm00353723_0007.tif (deflated 80%)
  adding: mnt/lsdi/ocm00353723-2099/ocm00353723/Output/ocm00353723_0008.tif (deflated 4%)
  adding: mnt/lsdi/ocm00353723-2099/ocm00353723/Output/ocm00353723_0009.tif (deflated 4%)
  adding: mnt/lsdi/ocm00353723-2099/ocm00353723/Output/ocm00353723_0010.tif (deflated 6%)
  adding: mnt/lsdi/ocm00353723-2099/ocm00353723/Output/ocm00353723_0011.tif (deflated 80%)
  adding: mnt/lsdi/ocm00353723-2099/ocm00353723/Output/ocm00353723_0012.tif (deflated 4%)
  adding: mnt/lsdi/ocm00353723-2099/ocm00353723/Output/ocm00353723_0013.tif (deflated 4%)
  adding: mnt/lsdi/ocm00353723-2099/ocm00353723/Output/ocm00353723_0014.tif (deflated 4%)
  adding: mnt/lsdi/ocm00353723-2099/ocm00353723/Output/ocm00353723_0015.tif (deflated 4%)
  adding: mnt/lsdi/ocm00353723-2099/ocm00353723/Output/ocm00353723_0016.tif (deflated 4%)
  adding: mnt/lsdi/ocm00353723-2099/ocm00353723/Output/ocm00353723_0017.tif (deflated 4%)
  adding: mnt/lsdi/ocm00353723-2099/ocm00353723/Output/ocm00353723_0018.tif (deflated 4%)
  adding: mnt/lsdi/ocm00353723-2099/ocm00353723/Output/ocm00353723_0019.tif (deflated 4%)
  adding: mnt/lsdi/ocm00353723-2099/ocm00353723/Output/ocm00353723_0020.tif (deflated 4%)
  adding: mnt/lsdi/ocm00353723-2099/ocm00353723/Output/ocm00353723_0021.tif (deflated 4%)
  adding: mnt/lsdi/ocm00353723-2099/ocm00353723/Output/ocm00353723_0022.tif (deflated 4%)
  adding: mnt/lsdi/ocm00353723-2099/ocm00353723/Output/ocm00353723_0023.tif (deflated 4%)
  adding: mnt/lsdi/ocm00353723-2099/ocm00353723/Output/ocm00353723_0024.tif (deflated 4%)
  adding: mnt/lsdi/ocm00353723-2099/ocm00353723/Output/ocm00353723_0025.tif (deflated 5%)
  adding: mnt/lsdi/ocm00353723-2099/ocm00353723/Output/ocm00353723_0026.tif (deflated 4%)
  adding: mnt/lsdi/ocm00353723-2099/ocm00353723/Output/ocm00353723_0027.tif (deflated 4%)
  adding: mnt/lsdi/ocm00353723-2099/ocm00353723/Output/ocm00353723_0028.tif (deflated 4%)
  adding: mnt/lsdi/ocm00353723-2099/ocm00353723/Output/ocm00353723_0029.tif (deflated 4%)
  adding: mnt/lsdi/ocm00353723-2099/ocm00353723/Output/ocm00353723_0030.tif (deflated 4%)
  adding: mnt/lsdi/ocm00353723-2099/ocm00353723/Output/ocm00353723_0031.tif (deflated 4%)
  adding: mnt/lsdi/ocm00353723-2099/ocm00353723/Output/ocm00353723_0032.tif (deflated 4%)
  adding: mnt/lsdi/ocm00353723-2099/ocm00353723/Output/ocm00353723_0033.tif (deflated 4%)
  adding: mnt/lsdi/ocm00353723-2099/ocm00353723/Output/ocm00353723_0034.tif (deflated 4%)
  adding: mnt/lsdi/ocm00353723-2099/ocm00353723/Output/ocm00353723_0035.tif (deflated 4%)
  adding: mnt/lsdi/ocm00353723-2099/ocm00353723/Output/ocm00353723_0036.tif (deflated 4%)
  adding: mnt/lsdi/ocm00353723-2099/ocm00353723/Output/ocm00353723_0037.tif (deflated 5%)
  adding: mnt/lsdi/ocm00353723-2099/ocm00353723/Output/ocm00353723_0038.tif (deflated 4%)
  adding: mnt/lsdi/ocm00353723-2099/ocm00353723/Output/ocm00353723_0039.tif (deflated 4%)
  adding: mnt/lsdi/ocm00353723-2099/ocm00353723/Output/ocm00353723_0040.tif (deflated 4%)
  adding: mnt/lsdi/ocm00353723-2099/ocm00353723/Output/ocm00353723_0041.tif (deflated 4%)
  adding: mnt/lsdi/ocm00353723-2099/ocm00353723/Output/ocm00353723_0042.tif (deflated 4%)
  adding: mnt/lsdi/ocm00353723-2099/ocm00353723/Output/ocm00353723_0043.tif (deflated 4%)
  adding: mnt/lsdi/ocm00353723-2099/ocm00353723/Output/ocm00353723_0044.tif (deflated 4%)
  adding: mnt/lsdi/ocm00353723-2099/ocm00353723/Output/ocm00353723_0045.tif (deflated 4%)
  adding: mnt/lsdi/ocm00353723-2099/ocm00353723/Output/ocm00353723_0046.tif (deflated 4%)
  adding: mnt/lsdi/ocm00353723-2099/ocm00353723/Output/ocm00353723_0047.tif (deflated 4%)
  adding: mnt/lsdi/ocm00353723-2099/ocm00353723/Output/ocm00353723_0048.tif (deflated 4%)
  adding: mnt/lsdi/ocm00353723-2099/ocm00353723/Output/ocm00353723_0049.tif (deflated 4%)
  adding: mnt/lsdi/ocm00353723-2099/ocm00353723/Output/ocm00353723_0050.tif (deflated 4%)
  adding: mnt/lsdi/ocm00353723-2099/ocm00353723/Output/ocm00353723_0051.tif (deflated 4%)
  adding: mnt/lsdi/ocm00353723-2099/ocm00353723/Output/ocm00353723_0052.tif (deflated 4%)
  adding: mnt/lsdi/ocm00353723-2099/ocm00353723/Output/ocm00353723_0053.tif (deflated 4%)
  adding: mnt/lsdi/ocm00353723-2099/ocm00353723/Output/ocm00353723_0054.tif (deflated 4%)
  adding: mnt/lsdi/ocm00353723-2099/ocm00353723/Output/ocm00353723_0055.tif (deflated 4%)
  adding: mnt/lsdi/ocm00353723-2099/ocm00353723/Output/ocm00353723_0056.tif (deflated 4%)
  adding: mnt/lsdi/ocm00353723-2099/ocm00353723/Output/ocm00353723_0057.tif (deflated 4%)
  adding: mnt/lsdi/ocm00353723-2099/ocm00353723/Output/ocm00353723_0058.tif (deflated 4%)
  adding: mnt/lsdi/ocm00353723-2099/ocm00353723/Output/ocm00353723_0059.tif (deflated 4%)
  adding: mnt/lsdi/ocm00353723-2099/ocm00353723/Output/ocm00353723_0060.tif (deflated 4%)
  adding: mnt/lsdi/ocm00353723-2099/ocm00353723/Output/ocm00353723_0061.tif (deflated 4%)
  adding: mnt/lsdi/ocm00353723-2099/ocm00353723/Output/ocm00353723_0062.tif (deflated 4%)
  adding: mnt/lsdi/ocm00353723-2099/ocm00353723/Output/ocm00353723_0063.tif (deflated 4%)
  adding: mnt/lsdi/ocm00353723-2099/ocm00353723/Output/ocm00353723_0064.tif (deflated 4%)
  adding: mnt/lsdi/ocm00353723-2099/ocm00353723/Output/ocm00353723_0065.tif (deflated 4%)
  adding: mnt/lsdi/ocm00353723-2099/ocm00353723/Output/ocm00353723_0066.tif (deflated 4%)
  adding: mnt/lsdi/ocm00353723-2099/ocm00353723/Output/ocm00353723_0067.tif (deflated 4%)
  adding: mnt/lsdi/ocm00353723-2099/ocm00353723/Output/ocm00353723_0068.tif (deflated 4%)
  adding: mnt/lsdi/ocm00353723-2099/ocm00353723/Output/ocm00353723_0069.tif (deflated 4%)
  adding: mnt/lsdi/ocm00353723-2099/ocm00353723/Output/ocm00353723_0070.tif (deflated 4%)
  adding: mnt/lsdi/ocm00353723-2099/ocm00353723/Output/ocm00353723_0071.tif (deflated 4%)
  adding: mnt/lsdi/ocm00353723-2099/ocm00353723/Output/ocm00353723_0072.tif (deflated 4%)
  adding: mnt/lsdi/ocm00353723-2099/ocm00353723/Output/ocm00353723_0073.tif (deflated 4%)
  adding: mnt/lsdi/ocm00353723-2099/ocm00353723/Output/ocm00353723_0074.tif (deflated 4%)
  adding: mnt/lsdi/ocm00353723-2099/ocm00353723/Output/ocm00353723_0075.tif (deflated 4%)
  adding: mnt/lsdi/ocm00353723-2099/ocm00353723/Output/ocm00353723_0076.tif (deflated 4%)
  adding: mnt/lsdi/ocm00353723-2099/ocm00353723/Output/ocm00353723_0077.tif (deflated 4%)
  adding: mnt/lsdi/ocm00353723-2099/ocm00353723/Output/ocm00353723_0078.tif (deflated 4%)
  adding: mnt/lsdi/ocm00353723-2099/ocm00353723/Output/ocm00353723_0079.tif (deflated 4%)
  adding: mnt/lsdi/ocm00353723-2099/ocm00353723/Output/ocm00353723_0080.tif (deflated 4%)
  adding: mnt/lsdi/ocm00353723-2099/ocm00353723/Output/ocm00353723_0081.tif (deflated 5%)
  adding: mnt/lsdi/ocm00353723-2099/ocm00353723/Output/ocm00353723_0082.tif (deflated 4%)
  adding: mnt/lsdi/ocm00353723-2099/ocm00353723/Output/ocm00353723_0083.tif (deflated 4%)
  adding: mnt/lsdi/ocm00353723-2099/ocm00353723/Output/ocm00353723_0084.tif (deflated 4%)
  adding: mnt/lsdi/ocm00353723-2099/ocm00353723/Output/ocm00353723_0085.tif (deflated 4%)
  adding: mnt/lsdi/ocm00353723-2099/ocm00353723/Output/ocm00353723_0086.tif (deflated 4%)
  adding: mnt/lsdi/ocm00353723-2099/ocm00353723/Output/ocm00353723_0087.tif (deflated 4%)
  adding: mnt/lsdi/ocm00353723-2099/ocm00353723/Output/ocm00353723_0088.tif (deflated 4%)
  adding: mnt/lsdi/ocm00353723-2099/ocm00353723/Output/ocm00353723_0089.tif (deflated 4%)
  adding: mnt/lsdi/ocm00353723-2099/ocm00353723/Output/ocm00353723_0090.tif (deflated 4%)
  adding: mnt/lsdi/ocm00353723-2099/ocm00353723/Output/ocm00353723_0091.tif (deflated 4%)
  adding: mnt/lsdi/ocm00353723-2099/ocm00353723/Output/ocm00353723_0092.tif (deflated 4%)
  adding: mnt/lsdi/ocm00353723-2099/ocm00353723/Output/ocm00353723_0093.tif (deflated 4%)
  adding: mnt/lsdi/ocm00353723-2099/ocm00353723/Output/ocm00353723_0094.tif (deflated 4%)
  adding: mnt/lsdi/ocm00353723-2099/ocm00353723/Output/ocm00353723_0095.tif (deflated 4%)
  adding: mnt/lsdi/ocm00353723-2099/ocm00353723/Output/ocm00353723_0096.tif (deflated 4%)
  adding: mnt/lsdi/ocm00353723-2099/ocm00353723/Output/ocm00353723_0097.tif (deflated 4%)
  adding: mnt/lsdi/ocm00353723-2099/ocm00353723/Output/ocm00353723_0098.tif (deflated 4%)
  adding: mnt/lsdi/ocm00353723-2099/ocm00353723/Output/ocm00353723_0099.tif (deflated 4%)
  adding: mnt/lsdi/ocm00353723-2099/ocm00353723/Output/ocm00353723_0100.tif (deflated 4%)
  adding: mnt/lsdi/ocm00353723-2099/ocm00353723/Output/ocm00353723_0101.tif (deflated 4%)
  adding: mnt/lsdi/ocm00353723-2099/ocm00353723/Output/ocm00353723_0102.tif (deflated 4%)
  adding: mnt/lsdi/ocm00353723-2099/ocm00353723/Output/ocm00353723_0103.tif (deflated 4%)
  adding: mnt/lsdi/ocm00353723-2099/ocm00353723/Output/ocm00353723_0104.tif (deflated 4%)
  adding: mnt/lsdi/ocm00353723-2099/ocm00353723/Output/ocm00353723_0105.tif (deflated 4%)
  adding: mnt/lsdi/ocm00353723-2099/ocm00353723/Output/ocm00353723_0106.tif (deflated 4%)
  adding: mnt/lsdi/ocm00353723-2099/ocm00353723/Output/ocm00353723_0107.tif (deflated 4%)
  adding: mnt/lsdi/ocm00353723-2099/ocm00353723/Output/ocm00353723_0108.tif (deflated 4%)
  adding: mnt/lsdi/ocm00353723-2099/ocm00353723/Output/ocm00353723_0109.tif (deflated 4%)
  adding: mnt/lsdi/ocm00353723-2099/ocm00353723/Output/ocm00353723_0110.tif (deflated 4%)
  adding: mnt/lsdi/ocm00353723-2099/ocm00353723/Output/ocm00353723_0111.tif (deflated 4%)
  adding: mnt/lsdi/ocm00353723-2099/ocm00353723/Output/ocm00353723_0112.tif (deflated 4%)
  adding: mnt/lsdi/ocm00353723-2099/ocm00353723/Output/ocm00353723_0113.tif (deflated 4%)
  adding: mnt/lsdi/ocm00353723-2099/ocm00353723/Output/ocm00353723_0114.tif (deflated 4%)
  adding: mnt/lsdi/ocm00353723-2099/ocm00353723/Output/ocm00353723_0115.tif (deflated 4%)
  adding: mnt/lsdi/ocm00353723-2099/ocm00353723/Output/ocm00353723_0116.tif (deflated 4%)
  adding: mnt/lsdi/ocm00353723-2099/ocm00353723/Output/ocm00353723_0117.tif (deflated 4%)
  adding: mnt/lsdi/ocm00353723-2099/ocm00353723/Output/ocm00353723_0118.tif (deflated 4%)
  adding: mnt/lsdi/ocm00353723-2099/ocm00353723/Output/ocm00353723_0119.tif (deflated 4%)
  adding: mnt/lsdi/ocm00353723-2099/ocm00353723/Output/ocm00353723_0120.tif (deflated 4%)
  adding: mnt/lsdi/ocm00353723-2099/ocm00353723/Output/ocm00353723_0121.tif (deflated 4%)
  adding: mnt/lsdi/ocm00353723-2099/ocm00353723/Output/ocm00353723_0122.tif (deflated 4%)
  adding: mnt/lsdi/ocm00353723-2099/ocm00353723/Output/ocm00353723_0123.tif (deflated 4%)
  adding: mnt/lsdi/ocm00353723-2099/ocm00353723/Output/ocm00353723_0124.tif (deflated 4%)
  adding: mnt/lsdi/ocm00353723-2099/ocm00353723/Output/ocm00353723_0125.tif (deflated 4%)
  adding: mnt/lsdi/ocm00353723-2099/ocm00353723/Output/ocm00353723_0126.tif (deflated 4%)
  adding: mnt/lsdi/ocm00353723-2099/ocm00353723/Output/ocm00353723_0127.tif (deflated 4%)
  adding: mnt/lsdi/ocm00353723-2099/ocm00353723/Output/ocm00353723_0128.tif (deflated 4%)
  adding: mnt/lsdi/ocm00353723-2099/ocm00353723/Output/ocm00353723_0129.tif (deflated 4%)
  adding: mnt/lsdi/ocm00353723-2099/ocm00353723/Output/ocm00353723_0130.tif (deflated 4%)
  adding: mnt/lsdi/ocm00353723-2099/ocm00353723/Output/ocm00353723_0131.tif (deflated 4%)
  adding: mnt/lsdi/ocm00353723-2099/ocm00353723/Output/ocm00353723_0132.tif (deflated 4%)
  adding: mnt/lsdi/ocm00353723-2099/ocm00353723/Output/ocm00353723_0133.tif (deflated 4%)
  adding: mnt/lsdi/ocm00353723-2099/ocm00353723/Output/ocm00353723_0134.tif (deflated 4%)
  adding: mnt/lsdi/ocm00353723-2099/ocm00353723/Output/ocm00353723_0135.tif (deflated 4%)
  adding: mnt/lsdi/ocm00353723-2099/ocm00353723/Output/ocm00353723_0136.tif (deflated 4%)
  adding: mnt/lsdi/ocm00353723-2099/ocm00353723/Output/ocm00353723_0137.tif (deflated 4%)
  adding: mnt/lsdi/ocm00353723-2099/ocm00353723/Output/ocm00353723_0138.tif (deflated 4%)
  adding: mnt/lsdi/ocm00353723-2099/ocm00353723/Output/ocm00353723_0139.tif (deflated 4%)
  adding: mnt/lsdi/ocm00353723-2099/ocm00353723/Output/ocm00353723_0140.tif (deflated 4%)
  adding: mnt/lsdi/ocm00353723-2099/ocm00353723/Output/ocm00353723_0141.tif (deflated 4%)
  adding: mnt/lsdi/ocm00353723-2099/ocm00353723/Output/ocm00353723_0142.tif (deflated 4%)
  adding: mnt/lsdi/ocm00353723-2099/ocm00353723/Output/ocm00353723_0143.tif (deflated 4%)
  adding: mnt/lsdi/ocm00353723-2099/ocm00353723/Output/ocm00353723_0144.tif (deflated 4%)
  adding: mnt/lsdi/ocm00353723-2099/ocm00353723/Output/ocm00353723_0145.tif (deflated 4%)
  adding: mnt/lsdi/ocm00353723-2099/ocm00353723/Output/ocm00353723_0146.tif (deflated 4%)
  adding: mnt/lsdi/ocm00353723-2099/ocm00353723/Output/ocm00353723_0147.tif (deflated 4%)
  adding: mnt/lsdi/ocm00353723-2099/ocm00353723/Output/ocm00353723_0148.tif (deflated 4%)
  adding: mnt/lsdi/ocm00353723-2099/ocm00353723/Output/ocm00353723_0149.tif (deflated 4%)
  adding: mnt/lsdi/ocm00353723-2099/ocm00353723/Output/ocm00353723_0150.tif (deflated 4%)
  adding: mnt/lsdi/ocm00353723-2099/ocm00353723/Output/ocm00353723_0151.tif (deflated 4%)
  adding: mnt/lsdi/ocm00353723-2099/ocm00353723/Output/ocm00353723_0152.tif (deflated 4%)
  adding: mnt/lsdi/ocm00353723-2099/ocm00353723/Output/ocm00353723_0153.tif (deflated 4%)
  adding: mnt/lsdi/ocm00353723-2099/ocm00353723/Output/ocm00353723_0154.tif (deflated 4%)
  adding: mnt/lsdi/ocm00353723-2099/ocm00353723/Output/ocm00353723_0155.tif (deflated 4%)
  adding: mnt/lsdi/ocm00353723-2099/ocm00353723/Output/ocm00353723_0156.tif (deflated 4%)
  adding: mnt/lsdi/ocm00353723-2099/ocm00353723/Output/ocm00353723_0157.tif (deflated 4%)
  adding: mnt/lsdi/ocm00353723-2099/ocm00353723/Output/ocm00353723_0158.tif (deflated 4%)
  adding: mnt/lsdi/ocm00353723-2099/ocm00353723/Output/ocm00353723_0159.tif (deflated 4%)
  adding: mnt/lsdi/ocm00353723-2099/ocm00353723/Output/ocm00353723_0160.tif (deflated 4%)
  adding: mnt/lsdi/ocm00353723-2099/ocm00353723/Output/ocm00353723_0161.tif (deflated 4%)
  adding: mnt/lsdi/ocm00353723-2099/ocm00353723/Output/ocm00353723_0162.tif (deflated 4%)
  adding: mnt/lsdi/ocm00353723-2099/ocm00353723/Output/ocm00353723_0163.tif (deflated 4%)
  adding: mnt/lsdi/ocm00353723-2099/ocm00353723/Output/ocm00353723_0164.tif (deflated 4%)
  adding: mnt/lsdi/ocm00353723-2099/ocm00353723/Output/ocm00353723_0165.tif (deflated 4%)
  adding: mnt/lsdi/ocm00353723-2099/ocm00353723/Output/ocm00353723_0166.tif (deflated 4%)
  adding: mnt/lsdi/ocm00353723-2099/ocm00353723/Output/ocm00353723_0167.tif (deflated 5%)
  adding: mnt/lsdi/ocm00353723-2099/ocm00353723/Output/ocm00353723_0168.tif (deflated 4%)
  adding: mnt/lsdi/ocm00353723-2099/ocm00353723/Output/ocm00353723_0169.tif (deflated 4%)
  adding: mnt/lsdi/ocm00353723-2099/ocm00353723/Output/ocm00353723_0170.tif (deflated 4%)
  adding: mnt/lsdi/ocm00353723-2099/ocm00353723/Output/ocm00353723_0171.tif (deflated 4%)
  adding: mnt/lsdi/ocm00353723-2099/ocm00353723/Output/ocm00353723_0172.tif (deflated 4%)
  adding: mnt/lsdi/ocm00353723-2099/ocm00353723/Output/ocm00353723_0173.tif (deflated 4%)
  adding: mnt/lsdi/ocm00353723-2099/ocm00353723/Output/ocm00353723_0174.tif (deflated 4%)
  adding: mnt/lsdi/ocm00353723-2099/ocm00353723/Output/ocm00353723_0175.tif (deflated 4%)
  adding: mnt/lsdi/ocm00353723-2099/ocm00353723/Output/ocm00353723_0176.tif (deflated 4%)
  adding: mnt/lsdi/ocm00353723-2099/ocm00353723/Output/ocm00353723_0177.tif (deflated 4%)
  adding: mnt/lsdi/ocm00353723-2099/ocm00353723/Output/ocm00353723_0178.tif (deflated 4%)
  adding: mnt/lsdi/ocm00353723-2099/ocm00353723/Output/ocm00353723_0179.tif (deflated 4%)
  adding: mnt/lsdi/ocm00353723-2099/ocm00353723/Output/ocm00353723_0180.tif (deflated 4%)
  adding: mnt/lsdi/ocm00353723-2099/ocm00353723/Output/ocm00353723_0181.tif (deflated 4%)
  adding: mnt/lsdi/ocm00353723-2099/ocm00353723/Output/ocm00353723_0182.tif (deflated 4%)
  adding: mnt/lsdi/ocm00353723-2099/ocm00353723/Output/ocm00353723_0183.tif (deflated 4%)
  adding: mnt/lsdi/ocm00353723-2099/ocm00353723/Output/ocm00353723_0184.tif (deflated 4%)
  adding: mnt/lsdi/ocm00353723-2099/ocm00353723/Output/ocm00353723_0185.tif (deflated 4%)
  adding: mnt/lsdi/ocm00353723-2099/ocm00353723/Output/ocm00353723_0186.tif (deflated 4%)
  adding: mnt/lsdi/ocm00353723-2099/ocm00353723/Output/ocm00353723_0187.tif (deflated 4%)
  adding: mnt/lsdi/ocm00353723-2099/ocm00353723/Output/ocm00353723_0188.tif (deflated 4%)
  adding: mnt/lsdi/ocm00353723-2099/ocm00353723/Output/ocm00353723_0189.tif (deflated 4%)
  adding: mnt/lsdi/ocm00353723-2099/ocm00353723/Output/ocm00353723_0190.tif (deflated 4%)
  adding: mnt/lsdi/ocm00353723-2099/ocm00353723/Output/ocm00353723_0191.tif (deflated 4%)
  adding: mnt/lsdi/ocm00353723-2099/ocm00353723/Output/ocm00353723_0192.tif (deflated 4%)
  adding: mnt/lsdi/ocm00353723-2099/ocm00353723/Output/ocm00353723_0193.tif (deflated 4%)
  adding: mnt/lsdi/ocm00353723-2099/ocm00353723/Output/ocm00353723_0194.tif (deflated 4%)
  adding: mnt/lsdi/ocm00353723-2099/ocm00353723/Output/ocm00353723_0195.tif (deflated 4%)
  adding: mnt/lsdi/ocm00353723-2099/ocm00353723/Output/ocm00353723_0196.tif (deflated 4%)
  adding: mnt/lsdi/ocm00353723-2099/ocm00353723/Output/ocm00353723_0197.tif (deflated 4%)
  adding: mnt/lsdi/ocm00353723-2099/ocm00353723/Output/ocm00353723_0198.tif (deflated 4%)
  adding: mnt/lsdi/ocm00353723-2099/ocm00353723/Output/ocm00353723_0199.tif (deflated 4%)
  adding: mnt/lsdi/ocm00353723-2099/ocm00353723/Output/ocm00353723_0200.tif (deflated 4%)
  adding: mnt/lsdi/ocm00353723-2099/ocm00353723/Output/ocm00353723_0201.tif (deflated 4%)
  adding: mnt/lsdi/ocm00353723-2099/ocm00353723/Output/ocm00353723_0202.tif (deflated 4%)
  adding: mnt/lsdi/ocm00353723-2099/ocm00353723/Output/ocm00353723_0203.tif (deflated 4%)
  adding: mnt/lsdi/ocm00353723-2099/ocm00353723/Output/ocm00353723_0204.tif (deflated 4%)
  adding: mnt/lsdi/ocm00353723-2099/ocm00353723/Output/ocm00353723_0205.tif (deflated 4%)
  adding: mnt/lsdi/ocm00353723-2099/ocm00353723/Output/ocm00353723_0206.tif (deflated 4%)
  adding: mnt/lsdi/ocm00353723-2099/ocm00353723/Output/ocm00353723_0207.tif (deflated 4%)
  adding: mnt/lsdi/ocm00353723-2099/ocm00353723/Output/ocm00353723_0208.tif (deflated 4%)
  adding: mnt/lsdi/ocm00353723-2099/ocm00353723/Output/ocm00353723_0209.tif (deflated 4%)
  adding: mnt/lsdi/ocm00353723-2099/ocm00353723/Output/ocm00353723_0210.tif (deflated 4%)
  adding: mnt/lsdi/ocm00353723-2099/ocm00353723/Output/ocm00353723_0211.tif (deflated 5%)
  adding: mnt/lsdi/ocm00353723-2099/ocm00353723/Output/ocm00353723_0212.tif (deflated 4%)
  adding: mnt/lsdi/ocm00353723-2099/ocm00353723/Output/ocm00353723_0213.tif (deflated 4%)
  adding: mnt/lsdi/ocm00353723-2099/ocm00353723/Output/ocm00353723_0214.tif (deflated 4%)
  adding: mnt/lsdi/ocm00353723-2099/ocm00353723/Output/ocm00353723_0215.tif (deflated 4%)
  adding: mnt/lsdi/ocm00353723-2099/ocm00353723/Output/ocm00353723_0216.tif (deflated 4%)
  adding: mnt/lsdi/ocm00353723-2099/ocm00353723/Output/ocm00353723_0217.tif (deflated 4%)
  adding: mnt/lsdi/ocm00353723-2099/ocm00353723/Output/ocm00353723_0218.tif (deflated 4%)
  adding: mnt/lsdi/ocm00353723-2099/ocm00353723/Output/ocm00353723_0219.tif (deflated 4%)
  adding: mnt/lsdi/ocm00353723-2099/ocm00353723/Output/ocm00353723_0220.tif (deflated 4%)
  adding: mnt/lsdi/ocm00353723-2099/ocm00353723/Output/ocm00353723_0221.tif (deflated 4%)
  adding: mnt/lsdi/ocm00353723-2099/ocm00353723/Output/ocm00353723_0222.tif (deflated 4%)
  adding: mnt/lsdi/ocm00353723-2099/ocm00353723/Output/ocm00353723_0223.tif (deflated 4%)
  adding: mnt/lsdi/ocm00353723-2099/ocm00353723/Output/ocm00353723_0224.tif (deflated 4%)
  adding: mnt/lsdi/ocm00353723-2099/ocm00353723/Output/ocm00353723_0225.tif (deflated 4%)
  adding: mnt/lsdi/ocm00353723-2099/ocm00353723/Output/ocm00353723_0226.tif (deflated 4%)
  adding: mnt/lsdi/ocm00353723-2099/ocm00353723/Output/ocm00353723_0227.tif (deflated 4%)
  adding: mnt/lsdi/ocm00353723-2099/ocm00353723/Output/ocm00353723_0228.tif (deflated 4%)
  adding: mnt/lsdi/ocm00353723-2099/ocm00353723/Output/ocm00353723_0229.tif (deflated 4%)
  adding: mnt/lsdi/ocm00353723-2099/ocm00353723/Output/ocm00353723_0230.tif (deflated 4%)
  adding: mnt/lsdi/ocm00353723-2099/ocm00353723/Output/ocm00353723_0231.tif (deflated 4%)
  adding: mnt/lsdi/ocm00353723-2099/ocm00353723/Output/ocm00353723_0232.tif (deflated 4%)
  adding: mnt/lsdi/ocm00353723-2099/ocm00353723/Output/ocm00353723_0233.tif (deflated 4%)
  adding: mnt/lsdi/ocm00353723-2099/ocm00353723/Output/ocm00353723_0234.tif (deflated 4%)
  adding: mnt/lsdi/ocm00353723-2099/ocm00353723/Output/ocm00353723_0235.tif (deflated 4%)
  adding: mnt/lsdi/ocm00353723-2099/ocm00353723/Output/ocm00353723_0236.tif (deflated 4%)
  adding: mnt/lsdi/ocm00353723-2099/ocm00353723/Output/ocm00353723_0237.tif (deflated 4%)
  adding: mnt/lsdi/ocm00353723-2099/ocm00353723/Output/ocm00353723_0238.tif (deflated 4%)
  adding: mnt/lsdi/ocm00353723-2099/ocm00353723/Output/ocm00353723_0239.tif (deflated 4%)
  adding: mnt/lsdi/ocm00353723-2099/ocm00353723/Output/ocm00353723_0240.tif (deflated 4%)
  adding: mnt/lsdi/ocm00353723-2099/ocm00353723/Output/ocm00353723_0241.tif (deflated 4%)
  adding: mnt/lsdi/ocm00353723-2099/ocm00353723/Output/ocm00353723_0242.tif (deflated 3%)
  adding: mnt/lsdi/ocm00353723-2099/ocm00353723/Output/ocm00353723_0243.tif (deflated 4%)
  adding: mnt/lsdi/ocm00353723-2099/ocm00353723/Output/ocm00353723_0244.tif (deflated 4%)
  adding: mnt/lsdi/ocm00353723-2099/ocm00353723/Output/ocm00353723_0245.tif (deflated 4%)
  adding: mnt/lsdi/ocm00353723-2099/ocm00353723/Output/ocm00353723_0246.tif (deflated 3%)
  adding: mnt/lsdi/ocm00353723-2099/ocm00353723/Output/ocm00353723_0247.tif (deflated 4%)
  adding: mnt/lsdi/ocm00353723-2099/ocm00353723/Output/ocm00353723_0248.tif (deflated 4%)
  adding: mnt/lsdi/ocm00353723-2099/ocm00353723/Output/ocm00353723_0249.tif (deflated 4%)
  adding: mnt/lsdi/ocm00353723-2099/ocm00353723/Output/ocm00353723_0250.tif (deflated 4%)
  adding: mnt/lsdi/ocm00353723-2099/ocm00353723/Output/ocm00353723_0251.tif (deflated 4%)
  adding: mnt/lsdi/ocm00353723-2099/ocm00353723/Output/ocm00353723_0252.tif (deflated 4%)
  adding: mnt/lsdi/ocm00353723-2099/ocm00353723/Output/ocm00353723_0253.tif (deflated 4%)
  adding: mnt/lsdi/ocm00353723-2099/ocm00353723/Output/ocm00353723_0254.tif (deflated 4%)
  adding: mnt/lsdi/ocm00353723-2099/ocm00353723/Output/ocm00353723_0255.tif (deflated 4%)
  adding: mnt/lsdi/ocm00353723-2099/ocm00353723/Output/ocm00353723_0256.tif (deflated 5%)
  adding: mnt/lsdi/ocm00353723-2099/ocm00353723/Output/ocm00353723_0257.tif (deflated 80%)
  adding: mnt/lsdi/ocm00353723-2099/ocm00353723/Output/ocm00353723_0258.tif (deflated 4%)
  adding: mnt/lsdi/ocm00353723-2099/ocm00353723/Output/ocm00353723_0259.tif (deflated 4%)
  adding: mnt/lsdi/ocm00353723-2099/ocm00353723/Output/ocm00353723_0260.tif (deflated 3%)
  adding: mnt/lsdi/ocm00353723-2099/ocm00353723/Output/ocm00353723_0261.tif (deflated 3%)
  adding: mnt/lsdi/ocm00353723-2099/ocm00353723/Output/ocm00353723_0262.tif (deflated 80%)
  adding: mnt/lsdi/ocm00353723-2099/ocm00353723/Output/ocm00353723_0263.tif (deflated 80%)
  adding: mnt/lsdi/ocm00353723-2099/ocm00353723/Output/ocm00353723_0264.tif (deflated 80%)
curl --location --header authorization: LOW fpJYfLnxbLmCEHqU:JQbq6NgBaPrSh98Y --upload-file /temp/ocm00353723_2099_images.zip http://s3.us.archive.org/00353723.2099.emory.edu/00353723_2099_images.zip
  % Total    % Received % Xferd  Average Speed   Time    Time     Time  Current
                                 Dload  Upload   Total   Spent    Left  Speed
  0     0    0     0    0     0      0      0 --:--:-- --:--:-- --:--:--     0  0 8978k    0     0    0     0      0      0 --:--:--  0:00:01 --:--:--     0  0 8978k    0     0    0 81920      0  69226  0:02:12  0:00:01  0:02:11 73735 10 8978k    0     0   10  928k      0   430k  0:00:20  0:00:02  0:00:18  445k 19 8978k    0     0   19 1792k      0   574k  0:00:15  0:00:03  0:00:12  587k 30 8978k    0     0   30 2704k      0   653k  0:00:13  0:00:04  0:00:09  664k 39 8978k    0     0   39 3584k      0   698k  0:00:12  0:00:05  0:00:07  876k 49 8978k    0     0   49 4464k      0   729k  0:00:12  0:00:06  0:00:06  887k 59 8978k    0     0   59 5376k      0   751k  0:00:11  0:00:07  0:00:04  889k 69 8978k    0     0   69 6256k      0   767k  0:00:11  0:00:08  0:00:03  888k 79 8978k    0     0   79 7120k      0   779k  0:00:11  0:00:09  0:00:02  884k 89 8978k    0     0   89 8000k      0   788k  0:00:11  0:00:10  0:00:01  880k 98 8978k    0     0   98 8848k      0   793k  0:00:11  0:00:11 --:--:--  871k100 8978k    0     0  100 8978k      0   739k  0:00:12  0:00:12 --:--:--  722k100 8978k    0     0  100 8978k      0   739k  0:00:12  0:00:12 --:--:--  680k
