01101575
curl --location --header x-amz-auto-make-bucket:1 --header x-archive-ignore-preexisting-bucket:1 --header x-archive-queue-derive:0 --header x-archive-meta-mediatype:texts --header x-archive-meta03-collection:emory --header x-archive-meta01-collection:americanmethodism --header x-archive-meta-sponsor:Emory University, Pitts Theology Library --header x-archive-meta-contributor:Emory University, Pitts Theology Library --header x-archive-meta-ppi:300 --header authorization: LOW fpJYfLnxbLmCEHqU:JQbq6NgBaPrSh98Y --upload-file /mnt/lsdi/ocm01101575/ocm01101575/ocm01101575_MRC.xml http://s3.us.archive.org/01101575.emory.edu/01101575.emory.edu_marc.xml
  % Total    % Received % Xferd  Average Speed   Time    Time     Time  Current
                                 Dload  Upload   Total   Spent    Left  Speed
  0     0    0     0    0     0      0      0 --:--:-- --:--:-- --:--:--     0  0  3371    0     0    0     0      0      0 --:--:--  0:00:01 --:--:--     0100  3371    0     0  100  3371      0   1614  0:00:02  0:00:02 --:--:--  1673100  3371    0     0  100  3371      0   1199  0:00:02  0:00:02 --:--:--  1231100  3371    0     0  100  3371      0    884  0:00:03  0:00:03 --:--:--   901100  3371    0     0  100  3371      0    700  0:00:04  0:00:04 --:--:--   711100  3371    0     0  100  3371      0    579  0:00:05  0:00:05 --:--:--   711100  3371    0     0  100  3371      0    494  0:00:06  0:00:06 --:--:--     0100  3371    0     0  100  3371      0    431  0:00:07  0:00:07 --:--:--     0100  3371    0     0  100  3371      0    382  0:00:08  0:00:08 --:--:--     0100  3371    0     0  100  3371      0    343  0:00:09  0:00:09 --:--:--     0100  3371    0     0  100  3371      0    311  0:00:10  0:00:10 --:--:--     0100  3371    0     0  100  3371      0    285  0:00:11  0:00:11 --:--:--     0100  3371    0     0  100  3371      0    262  0:00:12  0:00:12 --:--:--     0100  3371    0     0  100  3371      0    260  0:00:12  0:00:12 --:--:--     0
zip -r /temp/ocm01101575_images.zip /mnt/lsdi/ocm01101575/ocm01101575/Output/ocm01101575_0001.tif /mnt/lsdi/ocm01101575/ocm01101575/Output/ocm01101575_0002.tif /mnt/lsdi/ocm01101575/ocm01101575/Output/ocm01101575_0003.tif /mnt/lsdi/ocm01101575/ocm01101575/Output/ocm01101575_0004.tif /mnt/lsdi/ocm01101575/ocm01101575/Output/ocm01101575_0005.tif /mnt/lsdi/ocm01101575/ocm01101575/Output/ocm01101575_0006.tif /mnt/lsdi/ocm01101575/ocm01101575/Output/ocm01101575_0007.tif /mnt/lsdi/ocm01101575/ocm01101575/Output/ocm01101575_0008.tif /mnt/lsdi/ocm01101575/ocm01101575/Output/ocm01101575_0009.tif /mnt/lsdi/ocm01101575/ocm01101575/Output/ocm01101575_0010.tif /mnt/lsdi/ocm01101575/ocm01101575/Output/ocm01101575_0011.tif /mnt/lsdi/ocm01101575/ocm01101575/Output/ocm01101575_0012.tif /mnt/lsdi/ocm01101575/ocm01101575/Output/ocm01101575_0013.tif /mnt/lsdi/ocm01101575/ocm01101575/Output/ocm01101575_0014.tif /mnt/lsdi/ocm01101575/ocm01101575/Output/ocm01101575_0015.tif /mnt/lsdi/ocm01101575/ocm01101575/Output/ocm01101575_0016.tif /mnt/lsdi/ocm01101575/ocm01101575/Output/ocm01101575_0017.tif /mnt/lsdi/ocm01101575/ocm01101575/Output/ocm01101575_0018.tif /mnt/lsdi/ocm01101575/ocm01101575/Output/ocm01101575_0019.tif /mnt/lsdi/ocm01101575/ocm01101575/Output/ocm01101575_0020.tif /mnt/lsdi/ocm01101575/ocm01101575/Output/ocm01101575_0021.tif /mnt/lsdi/ocm01101575/ocm01101575/Output/ocm01101575_0022.tif /mnt/lsdi/ocm01101575/ocm01101575/Output/ocm01101575_0023.tif /mnt/lsdi/ocm01101575/ocm01101575/Output/ocm01101575_0024.tif /mnt/lsdi/ocm01101575/ocm01101575/Output/ocm01101575_0025.tif /mnt/lsdi/ocm01101575/ocm01101575/Output/ocm01101575_0026.tif /mnt/lsdi/ocm01101575/ocm01101575/Output/ocm01101575_0027.tif /mnt/lsdi/ocm01101575/ocm01101575/Output/ocm01101575_0028.tif /mnt/lsdi/ocm01101575/ocm01101575/Output/ocm01101575_0029.tif /mnt/lsdi/ocm01101575/ocm01101575/Output/ocm01101575_0030.tif /mnt/lsdi/ocm01101575/ocm01101575/Output/ocm01101575_0031.tif /mnt/lsdi/ocm01101575/ocm01101575/Output/ocm01101575_0032.tif /mnt/lsdi/ocm01101575/ocm01101575/Output/ocm01101575_0033.tif /mnt/lsdi/ocm01101575/ocm01101575/Output/ocm01101575_0034.tif /mnt/lsdi/ocm01101575/ocm01101575/Output/ocm01101575_0035.tif /mnt/lsdi/ocm01101575/ocm01101575/Output/ocm01101575_0036.tif /mnt/lsdi/ocm01101575/ocm01101575/Output/ocm01101575_0037.tif /mnt/lsdi/ocm01101575/ocm01101575/Output/ocm01101575_0038.tif /mnt/lsdi/ocm01101575/ocm01101575/Output/ocm01101575_0039.tif /mnt/lsdi/ocm01101575/ocm01101575/Output/ocm01101575_0040.tif /mnt/lsdi/ocm01101575/ocm01101575/Output/ocm01101575_0041.tif /mnt/lsdi/ocm01101575/ocm01101575/Output/ocm01101575_0042.tif /mnt/lsdi/ocm01101575/ocm01101575/Output/ocm01101575_0043.tif /mnt/lsdi/ocm01101575/ocm01101575/Output/ocm01101575_0044.tif /mnt/lsdi/ocm01101575/ocm01101575/Output/ocm01101575_0045.tif /mnt/lsdi/ocm01101575/ocm01101575/Output/ocm01101575_0046.tif /mnt/lsdi/ocm01101575/ocm01101575/Output/ocm01101575_0047.tif /mnt/lsdi/ocm01101575/ocm01101575/Output/ocm01101575_0048.tif /mnt/lsdi/ocm01101575/ocm01101575/Output/ocm01101575_0049.tif /mnt/lsdi/ocm01101575/ocm01101575/Output/ocm01101575_0050.tif /mnt/lsdi/ocm01101575/ocm01101575/Output/ocm01101575_0051.tif /mnt/lsdi/ocm01101575/ocm01101575/Output/ocm01101575_0052.tif /mnt/lsdi/ocm01101575/ocm01101575/Output/ocm01101575_0053.tif /mnt/lsdi/ocm01101575/ocm01101575/Output/ocm01101575_0054.tif /mnt/lsdi/ocm01101575/ocm01101575/Output/ocm01101575_0055.tif /mnt/lsdi/ocm01101575/ocm01101575/Output/ocm01101575_0056.tif /mnt/lsdi/ocm01101575/ocm01101575/Output/ocm01101575_0057.tif /mnt/lsdi/ocm01101575/ocm01101575/Output/ocm01101575_0058.tif /mnt/lsdi/ocm01101575/ocm01101575/Output/ocm01101575_0059.tif /mnt/lsdi/ocm01101575/ocm01101575/Output/ocm01101575_0060.tif /mnt/lsdi/ocm01101575/ocm01101575/Output/ocm01101575_0061.tif /mnt/lsdi/ocm01101575/ocm01101575/Output/ocm01101575_0062.tif /mnt/lsdi/ocm01101575/ocm01101575/Output/ocm01101575_0063.tif /mnt/lsdi/ocm01101575/ocm01101575/Output/ocm01101575_0064.tif /mnt/lsdi/ocm01101575/ocm01101575/Output/ocm01101575_0065.tif /mnt/lsdi/ocm01101575/ocm01101575/Output/ocm01101575_0066.tif /mnt/lsdi/ocm01101575/ocm01101575/Output/ocm01101575_0067.tif /mnt/lsdi/ocm01101575/ocm01101575/Output/ocm01101575_0068.tif /mnt/lsdi/ocm01101575/ocm01101575/Output/ocm01101575_0069.tif /mnt/lsdi/ocm01101575/ocm01101575/Output/ocm01101575_0070.tif /mnt/lsdi/ocm01101575/ocm01101575/Output/ocm01101575_0071.tif /mnt/lsdi/ocm01101575/ocm01101575/Output/ocm01101575_0072.tif /mnt/lsdi/ocm01101575/ocm01101575/Output/ocm01101575_0073.tif /mnt/lsdi/ocm01101575/ocm01101575/Output/ocm01101575_0074.tif /mnt/lsdi/ocm01101575/ocm01101575/Output/ocm01101575_0075.tif /mnt/lsdi/ocm01101575/ocm01101575/Output/ocm01101575_0076.tif /mnt/lsdi/ocm01101575/ocm01101575/Output/ocm01101575_0077.tif /mnt/lsdi/ocm01101575/ocm01101575/Output/ocm01101575_0078.tif /mnt/lsdi/ocm01101575/ocm01101575/Output/ocm01101575_0079.tif /mnt/lsdi/ocm01101575/ocm01101575/Output/ocm01101575_0080.tif /mnt/lsdi/ocm01101575/ocm01101575/Output/ocm01101575_0081.tif /mnt/lsdi/ocm01101575/ocm01101575/Output/ocm01101575_0082.tif /mnt/lsdi/ocm01101575/ocm01101575/Output/ocm01101575_0083.tif /mnt/lsdi/ocm01101575/ocm01101575/Output/ocm01101575_0084.tif /mnt/lsdi/ocm01101575/ocm01101575/Output/ocm01101575_0085.tif /mnt/lsdi/ocm01101575/ocm01101575/Output/ocm01101575_0086.tif /mnt/lsdi/ocm01101575/ocm01101575/Output/ocm01101575_0087.tif /mnt/lsdi/ocm01101575/ocm01101575/Output/ocm01101575_0088.tif /mnt/lsdi/ocm01101575/ocm01101575/Output/ocm01101575_0089.tif /mnt/lsdi/ocm01101575/ocm01101575/Output/ocm01101575_0090.tif /mnt/lsdi/ocm01101575/ocm01101575/Output/ocm01101575_0091.tif /mnt/lsdi/ocm01101575/ocm01101575/Output/ocm01101575_0092.tif /mnt/lsdi/ocm01101575/ocm01101575/Output/ocm01101575_0093.tif /mnt/lsdi/ocm01101575/ocm01101575/Output/ocm01101575_0094.tif /mnt/lsdi/ocm01101575/ocm01101575/Output/ocm01101575_0095.tif /mnt/lsdi/ocm01101575/ocm01101575/Output/ocm01101575_0096.tif /mnt/lsdi/ocm01101575/ocm01101575/Output/ocm01101575_0097.tif /mnt/lsdi/ocm01101575/ocm01101575/Output/ocm01101575_0098.tif /mnt/lsdi/ocm01101575/ocm01101575/Output/ocm01101575_0099.tif /mnt/lsdi/ocm01101575/ocm01101575/Output/ocm01101575_0100.tif /mnt/lsdi/ocm01101575/ocm01101575/Output/ocm01101575_0101.tif /mnt/lsdi/ocm01101575/ocm01101575/Output/ocm01101575_0102.tif /mnt/lsdi/ocm01101575/ocm01101575/Output/ocm01101575_0103.tif /mnt/lsdi/ocm01101575/ocm01101575/Output/ocm01101575_0104.tif /mnt/lsdi/ocm01101575/ocm01101575/Output/ocm01101575_0105.tif /mnt/lsdi/ocm01101575/ocm01101575/Output/ocm01101575_0106.tif /mnt/lsdi/ocm01101575/ocm01101575/Output/ocm01101575_0107.tif /mnt/lsdi/ocm01101575/ocm01101575/Output/ocm01101575_0108.tif /mnt/lsdi/ocm01101575/ocm01101575/Output/ocm01101575_0109.tif /mnt/lsdi/ocm01101575/ocm01101575/Output/ocm01101575_0110.tif /mnt/lsdi/ocm01101575/ocm01101575/Output/ocm01101575_0111.tif /mnt/lsdi/ocm01101575/ocm01101575/Output/ocm01101575_0112.tif /mnt/lsdi/ocm01101575/ocm01101575/Output/ocm01101575_0113.tif /mnt/lsdi/ocm01101575/ocm01101575/Output/ocm01101575_0114.tif /mnt/lsdi/ocm01101575/ocm01101575/Output/ocm01101575_0115.tif /mnt/lsdi/ocm01101575/ocm01101575/Output/ocm01101575_0116.tif /mnt/lsdi/ocm01101575/ocm01101575/Output/ocm01101575_0117.tif /mnt/lsdi/ocm01101575/ocm01101575/Output/ocm01101575_0118.tif /mnt/lsdi/ocm01101575/ocm01101575/Output/ocm01101575_0119.tif /mnt/lsdi/ocm01101575/ocm01101575/Output/ocm01101575_0120.tif /mnt/lsdi/ocm01101575/ocm01101575/Output/ocm01101575_0121.tif /mnt/lsdi/ocm01101575/ocm01101575/Output/ocm01101575_0122.tif /mnt/lsdi/ocm01101575/ocm01101575/Output/ocm01101575_0123.tif /mnt/lsdi/ocm01101575/ocm01101575/Output/ocm01101575_0124.tif /mnt/lsdi/ocm01101575/ocm01101575/Output/ocm01101575_0125.tif /mnt/lsdi/ocm01101575/ocm01101575/Output/ocm01101575_0126.tif /mnt/lsdi/ocm01101575/ocm01101575/Output/ocm01101575_0127.tif /mnt/lsdi/ocm01101575/ocm01101575/Output/ocm01101575_0128.tif /mnt/lsdi/ocm01101575/ocm01101575/Output/ocm01101575_0129.tif /mnt/lsdi/ocm01101575/ocm01101575/Output/ocm01101575_0130.tif /mnt/lsdi/ocm01101575/ocm01101575/Output/ocm01101575_0131.tif /mnt/lsdi/ocm01101575/ocm01101575/Output/ocm01101575_0132.tif /mnt/lsdi/ocm01101575/ocm01101575/Output/ocm01101575_0133.tif /mnt/lsdi/ocm01101575/ocm01101575/Output/ocm01101575_0134.tif /mnt/lsdi/ocm01101575/ocm01101575/Output/ocm01101575_0135.tif /mnt/lsdi/ocm01101575/ocm01101575/Output/ocm01101575_0136.tif /mnt/lsdi/ocm01101575/ocm01101575/Output/ocm01101575_0137.tif /mnt/lsdi/ocm01101575/ocm01101575/Output/ocm01101575_0138.tif /mnt/lsdi/ocm01101575/ocm01101575/Output/ocm01101575_0139.tif /mnt/lsdi/ocm01101575/ocm01101575/Output/ocm01101575_0140.tif /mnt/lsdi/ocm01101575/ocm01101575/Output/ocm01101575_0141.tif /mnt/lsdi/ocm01101575/ocm01101575/Output/ocm01101575_0142.tif /mnt/lsdi/ocm01101575/ocm01101575/Output/ocm01101575_0143.tif /mnt/lsdi/ocm01101575/ocm01101575/Output/ocm01101575_0144.tif /mnt/lsdi/ocm01101575/ocm01101575/Output/ocm01101575_0145.tif /mnt/lsdi/ocm01101575/ocm01101575/Output/ocm01101575_0146.tif /mnt/lsdi/ocm01101575/ocm01101575/Output/ocm01101575_0147.tif /mnt/lsdi/ocm01101575/ocm01101575/Output/ocm01101575_0148.tif /mnt/lsdi/ocm01101575/ocm01101575/Output/ocm01101575_0149.tif /mnt/lsdi/ocm01101575/ocm01101575/Output/ocm01101575_0150.tif /mnt/lsdi/ocm01101575/ocm01101575/Output/ocm01101575_0151.tif /mnt/lsdi/ocm01101575/ocm01101575/Output/ocm01101575_0152.tif /mnt/lsdi/ocm01101575/ocm01101575/Output/ocm01101575_0153.tif /mnt/lsdi/ocm01101575/ocm01101575/Output/ocm01101575_0154.tif /mnt/lsdi/ocm01101575/ocm01101575/Output/ocm01101575_0155.tif /mnt/lsdi/ocm01101575/ocm01101575/Output/ocm01101575_0156.tif /mnt/lsdi/ocm01101575/ocm01101575/Output/ocm01101575_0157.tif /mnt/lsdi/ocm01101575/ocm01101575/Output/ocm01101575_0158.tif /mnt/lsdi/ocm01101575/ocm01101575/Output/ocm01101575_0159.tif /mnt/lsdi/ocm01101575/ocm01101575/Output/ocm01101575_0160.tif /mnt/lsdi/ocm01101575/ocm01101575/Output/ocm01101575_0161.tif /mnt/lsdi/ocm01101575/ocm01101575/Output/ocm01101575_0162.tif /mnt/lsdi/ocm01101575/ocm01101575/Output/ocm01101575_0163.tif /mnt/lsdi/ocm01101575/ocm01101575/Output/ocm01101575_0164.tif /mnt/lsdi/ocm01101575/ocm01101575/Output/ocm01101575_0165.tif /mnt/lsdi/ocm01101575/ocm01101575/Output/ocm01101575_0166.tif /mnt/lsdi/ocm01101575/ocm01101575/Output/ocm01101575_0167.tif /mnt/lsdi/ocm01101575/ocm01101575/Output/ocm01101575_0168.tif /mnt/lsdi/ocm01101575/ocm01101575/Output/ocm01101575_0169.tif /mnt/lsdi/ocm01101575/ocm01101575/Output/ocm01101575_0170.tif /mnt/lsdi/ocm01101575/ocm01101575/Output/ocm01101575_0171.tif /mnt/lsdi/ocm01101575/ocm01101575/Output/ocm01101575_0172.tif /mnt/lsdi/ocm01101575/ocm01101575/Output/ocm01101575_0173.tif /mnt/lsdi/ocm01101575/ocm01101575/Output/ocm01101575_0174.tif /mnt/lsdi/ocm01101575/ocm01101575/Output/ocm01101575_0175.tif /mnt/lsdi/ocm01101575/ocm01101575/Output/ocm01101575_0176.tif /mnt/lsdi/ocm01101575/ocm01101575/Output/ocm01101575_0177.tif /mnt/lsdi/ocm01101575/ocm01101575/Output/ocm01101575_0178.tif /mnt/lsdi/ocm01101575/ocm01101575/Output/ocm01101575_0179.tif /mnt/lsdi/ocm01101575/ocm01101575/Output/ocm01101575_0180.tif /mnt/lsdi/ocm01101575/ocm01101575/Output/ocm01101575_0181.tif /mnt/lsdi/ocm01101575/ocm01101575/Output/ocm01101575_0182.tif /mnt/lsdi/ocm01101575/ocm01101575/Output/ocm01101575_0183.tif /mnt/lsdi/ocm01101575/ocm01101575/Output/ocm01101575_0184.tif /mnt/lsdi/ocm01101575/ocm01101575/Output/ocm01101575_0185.tif /mnt/lsdi/ocm01101575/ocm01101575/Output/ocm01101575_0186.tif /mnt/lsdi/ocm01101575/ocm01101575/Output/ocm01101575_0187.tif /mnt/lsdi/ocm01101575/ocm01101575/Output/ocm01101575_0188.tif /mnt/lsdi/ocm01101575/ocm01101575/Output/ocm01101575_0189.tif /mnt/lsdi/ocm01101575/ocm01101575/Output/ocm01101575_0190.tif /mnt/lsdi/ocm01101575/ocm01101575/Output/ocm01101575_0191.tif /mnt/lsdi/ocm01101575/ocm01101575/Output/ocm01101575_0192.tif /mnt/lsdi/ocm01101575/ocm01101575/Output/ocm01101575_0193.tif /mnt/lsdi/ocm01101575/ocm01101575/Output/ocm01101575_0194.tif /mnt/lsdi/ocm01101575/ocm01101575/Output/ocm01101575_0195.tif /mnt/lsdi/ocm01101575/ocm01101575/Output/ocm01101575_0196.tif /mnt/lsdi/ocm01101575/ocm01101575/Output/ocm01101575_0197.tif /mnt/lsdi/ocm01101575/ocm01101575/Output/ocm01101575_0198.tif /mnt/lsdi/ocm01101575/ocm01101575/Output/ocm01101575_0199.tif /mnt/lsdi/ocm01101575/ocm01101575/Output/ocm01101575_0200.tif /mnt/lsdi/ocm01101575/ocm01101575/Output/ocm01101575_0201.tif /mnt/lsdi/ocm01101575/ocm01101575/Output/ocm01101575_0202.tif /mnt/lsdi/ocm01101575/ocm01101575/Output/ocm01101575_0203.tif /mnt/lsdi/ocm01101575/ocm01101575/Output/ocm01101575_0204.tif /mnt/lsdi/ocm01101575/ocm01101575/Output/ocm01101575_0205.tif /mnt/lsdi/ocm01101575/ocm01101575/Output/ocm01101575_0206.tif /mnt/lsdi/ocm01101575/ocm01101575/Output/ocm01101575_0207.tif /mnt/lsdi/ocm01101575/ocm01101575/Output/ocm01101575_0208.tif /mnt/lsdi/ocm01101575/ocm01101575/Output/ocm01101575_0209.tif /mnt/lsdi/ocm01101575/ocm01101575/Output/ocm01101575_0210.tif /mnt/lsdi/ocm01101575/ocm01101575/Output/ocm01101575_0211.tif /mnt/lsdi/ocm01101575/ocm01101575/Output/ocm01101575_0212.tif /mnt/lsdi/ocm01101575/ocm01101575/Output/ocm01101575_0213.tif /mnt/lsdi/ocm01101575/ocm01101575/Output/ocm01101575_0214.tif /mnt/lsdi/ocm01101575/ocm01101575/Output/ocm01101575_0215.tif /mnt/lsdi/ocm01101575/ocm01101575/Output/ocm01101575_0216.tif /mnt/lsdi/ocm01101575/ocm01101575/Output/ocm01101575_0217.tif /mnt/lsdi/ocm01101575/ocm01101575/Output/ocm01101575_0218.tif /mnt/lsdi/ocm01101575/ocm01101575/Output/ocm01101575_0219.tif /mnt/lsdi/ocm01101575/ocm01101575/Output/ocm01101575_0220.tif /mnt/lsdi/ocm01101575/ocm01101575/Output/ocm01101575_0221.tif /mnt/lsdi/ocm01101575/ocm01101575/Output/ocm01101575_0222.tif /mnt/lsdi/ocm01101575/ocm01101575/Output/ocm01101575_0223.tif /mnt/lsdi/ocm01101575/ocm01101575/Output/ocm01101575_0224.tif /mnt/lsdi/ocm01101575/ocm01101575/Output/ocm01101575_0225.tif /mnt/lsdi/ocm01101575/ocm01101575/Output/ocm01101575_0226.tif /mnt/lsdi/ocm01101575/ocm01101575/Output/ocm01101575_0227.tif /mnt/lsdi/ocm01101575/ocm01101575/Output/ocm01101575_0228.tif /mnt/lsdi/ocm01101575/ocm01101575/Output/ocm01101575_0229.tif /mnt/lsdi/ocm01101575/ocm01101575/Output/ocm01101575_0230.tif /mnt/lsdi/ocm01101575/ocm01101575/Output/ocm01101575_0231.tif /mnt/lsdi/ocm01101575/ocm01101575/Output/ocm01101575_0232.tif /mnt/lsdi/ocm01101575/ocm01101575/Output/ocm01101575_0233.tif /mnt/lsdi/ocm01101575/ocm01101575/Output/ocm01101575_0234.tif /mnt/lsdi/ocm01101575/ocm01101575/Output/ocm01101575_0235.tif /mnt/lsdi/ocm01101575/ocm01101575/Output/ocm01101575_0236.tif /mnt/lsdi/ocm01101575/ocm01101575/Output/ocm01101575_0237.tif /mnt/lsdi/ocm01101575/ocm01101575/Output/ocm01101575_0238.tif /mnt/lsdi/ocm01101575/ocm01101575/Output/ocm01101575_0239.tif /mnt/lsdi/ocm01101575/ocm01101575/Output/ocm01101575_0240.tif /mnt/lsdi/ocm01101575/ocm01101575/Output/ocm01101575_0241.tif /mnt/lsdi/ocm01101575/ocm01101575/Output/ocm01101575_0242.tif /mnt/lsdi/ocm01101575/ocm01101575/Output/ocm01101575_0243.tif /mnt/lsdi/ocm01101575/ocm01101575/Output/ocm01101575_0244.tif /mnt/lsdi/ocm01101575/ocm01101575/Output/ocm01101575_0245.tif /mnt/lsdi/ocm01101575/ocm01101575/Output/ocm01101575_0246.tif /mnt/lsdi/ocm01101575/ocm01101575/Output/ocm01101575_0247.tif /mnt/lsdi/ocm01101575/ocm01101575/Output/ocm01101575_0248.tif /mnt/lsdi/ocm01101575/ocm01101575/Output/ocm01101575_0249.tif /mnt/lsdi/ocm01101575/ocm01101575/Output/ocm01101575_0250.tif /mnt/lsdi/ocm01101575/ocm01101575/Output/ocm01101575_0251.tif /mnt/lsdi/ocm01101575/ocm01101575/Output/ocm01101575_0252.tif /mnt/lsdi/ocm01101575/ocm01101575/Output/ocm01101575_0253.tif /mnt/lsdi/ocm01101575/ocm01101575/Output/ocm01101575_0254.tif /mnt/lsdi/ocm01101575/ocm01101575/Output/ocm01101575_0255.tif /mnt/lsdi/ocm01101575/ocm01101575/Output/ocm01101575_0256.tif /mnt/lsdi/ocm01101575/ocm01101575/Output/ocm01101575_0257.tif /mnt/lsdi/ocm01101575/ocm01101575/Output/ocm01101575_0258.tif /mnt/lsdi/ocm01101575/ocm01101575/Output/ocm01101575_0259.tif /mnt/lsdi/ocm01101575/ocm01101575/Output/ocm01101575_0260.tif /mnt/lsdi/ocm01101575/ocm01101575/Output/ocm01101575_0261.tif /mnt/lsdi/ocm01101575/ocm01101575/Output/ocm01101575_0262.tif /mnt/lsdi/ocm01101575/ocm01101575/Output/ocm01101575_0263.tif /mnt/lsdi/ocm01101575/ocm01101575/Output/ocm01101575_0264.tif /mnt/lsdi/ocm01101575/ocm01101575/Output/ocm01101575_0265.tif /mnt/lsdi/ocm01101575/ocm01101575/Output/ocm01101575_0266.tif /mnt/lsdi/ocm01101575/ocm01101575/Output/ocm01101575_0267.tif /mnt/lsdi/ocm01101575/ocm01101575/Output/ocm01101575_0268.tif /mnt/lsdi/ocm01101575/ocm01101575/Output/ocm01101575_0269.tif /mnt/lsdi/ocm01101575/ocm01101575/Output/ocm01101575_0270.tif /mnt/lsdi/ocm01101575/ocm01101575/Output/ocm01101575_0271.tif /mnt/lsdi/ocm01101575/ocm01101575/Output/ocm01101575_0272.tif /mnt/lsdi/ocm01101575/ocm01101575/Output/ocm01101575_0273.tif /mnt/lsdi/ocm01101575/ocm01101575/Output/ocm01101575_0274.tif /mnt/lsdi/ocm01101575/ocm01101575/Output/ocm01101575_0275.tif /mnt/lsdi/ocm01101575/ocm01101575/Output/ocm01101575_0276.tif /mnt/lsdi/ocm01101575/ocm01101575/Output/ocm01101575_0277.tif /mnt/lsdi/ocm01101575/ocm01101575/Output/ocm01101575_0278.tif /mnt/lsdi/ocm01101575/ocm01101575/Output/ocm01101575_0279.tif /mnt/lsdi/ocm01101575/ocm01101575/Output/ocm01101575_0280.tif /mnt/lsdi/ocm01101575/ocm01101575/Output/ocm01101575_0281.tif /mnt/lsdi/ocm01101575/ocm01101575/Output/ocm01101575_0282.tif /mnt/lsdi/ocm01101575/ocm01101575/Output/ocm01101575_0283.tif /mnt/lsdi/ocm01101575/ocm01101575/Output/ocm01101575_0284.tif /mnt/lsdi/ocm01101575/ocm01101575/Output/ocm01101575_0285.tif /mnt/lsdi/ocm01101575/ocm01101575/Output/ocm01101575_0286.tif /mnt/lsdi/ocm01101575/ocm01101575/Output/ocm01101575_0287.tif /mnt/lsdi/ocm01101575/ocm01101575/Output/ocm01101575_0288.tif /mnt/lsdi/ocm01101575/ocm01101575/Output/ocm01101575_0289.tif /mnt/lsdi/ocm01101575/ocm01101575/Output/ocm01101575_0290.tif /mnt/lsdi/ocm01101575/ocm01101575/Output/ocm01101575_0291.tif /mnt/lsdi/ocm01101575/ocm01101575/Output/ocm01101575_0292.tif /mnt/lsdi/ocm01101575/ocm01101575/Output/ocm01101575_0293.tif /mnt/lsdi/ocm01101575/ocm01101575/Output/ocm01101575_0294.tif /mnt/lsdi/ocm01101575/ocm01101575/Output/ocm01101575_0295.tif /mnt/lsdi/ocm01101575/ocm01101575/Output/ocm01101575_0296.tif /mnt/lsdi/ocm01101575/ocm01101575/Output/ocm01101575_0297.tif /mnt/lsdi/ocm01101575/ocm01101575/Output/ocm01101575_0298.tif /mnt/lsdi/ocm01101575/ocm01101575/Output/ocm01101575_0299.tif /mnt/lsdi/ocm01101575/ocm01101575/Output/ocm01101575_0300.tif /mnt/lsdi/ocm01101575/ocm01101575/Output/ocm01101575_0301.tif /mnt/lsdi/ocm01101575/ocm01101575/Output/ocm01101575_0302.tif /mnt/lsdi/ocm01101575/ocm01101575/Output/ocm01101575_0303.tif /mnt/lsdi/ocm01101575/ocm01101575/Output/ocm01101575_0304.tif /mnt/lsdi/ocm01101575/ocm01101575/Output/ocm01101575_0305.tif /mnt/lsdi/ocm01101575/ocm01101575/Output/ocm01101575_0306.tif /mnt/lsdi/ocm01101575/ocm01101575/Output/ocm01101575_0307.tif /mnt/lsdi/ocm01101575/ocm01101575/Output/ocm01101575_0308.tif /mnt/lsdi/ocm01101575/ocm01101575/Output/ocm01101575_0309.tif /mnt/lsdi/ocm01101575/ocm01101575/Output/ocm01101575_0310.tif /mnt/lsdi/ocm01101575/ocm01101575/Output/ocm01101575_0311.tif /mnt/lsdi/ocm01101575/ocm01101575/Output/ocm01101575_0312.tif /mnt/lsdi/ocm01101575/ocm01101575/Output/ocm01101575_0313.tif /mnt/lsdi/ocm01101575/ocm01101575/Output/ocm01101575_0314.tif /mnt/lsdi/ocm01101575/ocm01101575/Output/ocm01101575_0315.tif /mnt/lsdi/ocm01101575/ocm01101575/Output/ocm01101575_0316.tif /mnt/lsdi/ocm01101575/ocm01101575/Output/ocm01101575_0317.tif /mnt/lsdi/ocm01101575/ocm01101575/Output/ocm01101575_0318.tif /mnt/lsdi/ocm01101575/ocm01101575/Output/ocm01101575_0319.tif /mnt/lsdi/ocm01101575/ocm01101575/Output/ocm01101575_0320.tif /mnt/lsdi/ocm01101575/ocm01101575/Output/ocm01101575_0321.tif /mnt/lsdi/ocm01101575/ocm01101575/Output/ocm01101575_0322.tif /mnt/lsdi/ocm01101575/ocm01101575/Output/ocm01101575_0323.tif /mnt/lsdi/ocm01101575/ocm01101575/Output/ocm01101575_0324.tif /mnt/lsdi/ocm01101575/ocm01101575/Output/ocm01101575_0325.tif /mnt/lsdi/ocm01101575/ocm01101575/Output/ocm01101575_0326.tif /mnt/lsdi/ocm01101575/ocm01101575/Output/ocm01101575_0327.tif /mnt/lsdi/ocm01101575/ocm01101575/Output/ocm01101575_0328.tif /mnt/lsdi/ocm01101575/ocm01101575/Output/ocm01101575_0329.tif /mnt/lsdi/ocm01101575/ocm01101575/Output/ocm01101575_0330.tif /mnt/lsdi/ocm01101575/ocm01101575/Output/ocm01101575_0331.tif /mnt/lsdi/ocm01101575/ocm01101575/Output/ocm01101575_0332.tif /mnt/lsdi/ocm01101575/ocm01101575/Output/ocm01101575_0333.tif /mnt/lsdi/ocm01101575/ocm01101575/Output/ocm01101575_0334.tif /mnt/lsdi/ocm01101575/ocm01101575/Output/ocm01101575_0335.tif /mnt/lsdi/ocm01101575/ocm01101575/Output/ocm01101575_0336.tif /mnt/lsdi/ocm01101575/ocm01101575/Output/ocm01101575_0337.tif /mnt/lsdi/ocm01101575/ocm01101575/Output/ocm01101575_0338.tif /mnt/lsdi/ocm01101575/ocm01101575/Output/ocm01101575_0339.tif /mnt/lsdi/ocm01101575/ocm01101575/Output/ocm01101575_0340.tif /mnt/lsdi/ocm01101575/ocm01101575/Output/ocm01101575_0341.tif /mnt/lsdi/ocm01101575/ocm01101575/Output/ocm01101575_0342.tif /mnt/lsdi/ocm01101575/ocm01101575/Output/ocm01101575_0343.tif /mnt/lsdi/ocm01101575/ocm01101575/Output/ocm01101575_0344.tif /mnt/lsdi/ocm01101575/ocm01101575/Output/ocm01101575_0345.tif /mnt/lsdi/ocm01101575/ocm01101575/Output/ocm01101575_0346.tif /mnt/lsdi/ocm01101575/ocm01101575/Output/ocm01101575_0347.tif /mnt/lsdi/ocm01101575/ocm01101575/Output/ocm01101575_0348.tif /mnt/lsdi/ocm01101575/ocm01101575/Output/ocm01101575_0349.tif /mnt/lsdi/ocm01101575/ocm01101575/Output/ocm01101575_0350.tif /mnt/lsdi/ocm01101575/ocm01101575/Output/ocm01101575_0351.tif /mnt/lsdi/ocm01101575/ocm01101575/Output/ocm01101575_0352.tif /mnt/lsdi/ocm01101575/ocm01101575/Output/ocm01101575_0353.tif /mnt/lsdi/ocm01101575/ocm01101575/Output/ocm01101575_0354.tif /mnt/lsdi/ocm01101575/ocm01101575/Output/ocm01101575_0355.tif /mnt/lsdi/ocm01101575/ocm01101575/Output/ocm01101575_0356.tif /mnt/lsdi/ocm01101575/ocm01101575/Output/ocm01101575_0357.tif /mnt/lsdi/ocm01101575/ocm01101575/Output/ocm01101575_0358.tif /mnt/lsdi/ocm01101575/ocm01101575/Output/ocm01101575_0359.tif /mnt/lsdi/ocm01101575/ocm01101575/Output/ocm01101575_0360.tif /mnt/lsdi/ocm01101575/ocm01101575/Output/ocm01101575_0361.tif /mnt/lsdi/ocm01101575/ocm01101575/Output/ocm01101575_0362.tif /mnt/lsdi/ocm01101575/ocm01101575/Output/ocm01101575_0363.tif /mnt/lsdi/ocm01101575/ocm01101575/Output/ocm01101575_0364.tif /mnt/lsdi/ocm01101575/ocm01101575/Output/ocm01101575_0365.tif /mnt/lsdi/ocm01101575/ocm01101575/Output/ocm01101575_0366.tif /mnt/lsdi/ocm01101575/ocm01101575/Output/ocm01101575_0367.tif /mnt/lsdi/ocm01101575/ocm01101575/Output/ocm01101575_0368.tif /mnt/lsdi/ocm01101575/ocm01101575/Output/ocm01101575_0369.tif /mnt/lsdi/ocm01101575/ocm01101575/Output/ocm01101575_0370.tif /mnt/lsdi/ocm01101575/ocm01101575/Output/ocm01101575_0371.tif /mnt/lsdi/ocm01101575/ocm01101575/Output/ocm01101575_0372.tif /mnt/lsdi/ocm01101575/ocm01101575/Output/ocm01101575_0373.tif /mnt/lsdi/ocm01101575/ocm01101575/Output/ocm01101575_0374.tif /mnt/lsdi/ocm01101575/ocm01101575/Output/ocm01101575_0375.tif /mnt/lsdi/ocm01101575/ocm01101575/Output/ocm01101575_0376.tif /mnt/lsdi/ocm01101575/ocm01101575/Output/ocm01101575_0377.tif /mnt/lsdi/ocm01101575/ocm01101575/Output/ocm01101575_0378.tif /mnt/lsdi/ocm01101575/ocm01101575/Output/ocm01101575_0379.tif /mnt/lsdi/ocm01101575/ocm01101575/Output/ocm01101575_0380.tif /mnt/lsdi/ocm01101575/ocm01101575/Output/ocm01101575_0381.tif /mnt/lsdi/ocm01101575/ocm01101575/Output/ocm01101575_0382.tif
  adding: mnt/lsdi/ocm01101575/ocm01101575/Output/ocm01101575_0001.tif (deflated 83%)
  adding: mnt/lsdi/ocm01101575/ocm01101575/Output/ocm01101575_0002.tif (deflated 83%)
  adding: mnt/lsdi/ocm01101575/ocm01101575/Output/ocm01101575_0003.tif (deflated 2%)
  adding: mnt/lsdi/ocm01101575/ocm01101575/Output/ocm01101575_0004.tif (deflated 8%)
  adding: mnt/lsdi/ocm01101575/ocm01101575/Output/ocm01101575_0005.tif (deflated 14%)
  adding: mnt/lsdi/ocm01101575/ocm01101575/Output/ocm01101575_0006.tif (deflated 6%)
  adding: mnt/lsdi/ocm01101575/ocm01101575/Output/ocm01101575_0007.tif (deflated 4%)
  adding: mnt/lsdi/ocm01101575/ocm01101575/Output/ocm01101575_0008.tif (deflated 5%)
  adding: mnt/lsdi/ocm01101575/ocm01101575/Output/ocm01101575_0009.tif (deflated 5%)
  adding: mnt/lsdi/ocm01101575/ocm01101575/Output/ocm01101575_0010.tif (deflated 5%)
  adding: mnt/lsdi/ocm01101575/ocm01101575/Output/ocm01101575_0011.tif (deflated 5%)
  adding: mnt/lsdi/ocm01101575/ocm01101575/Output/ocm01101575_0012.tif (deflated 4%)
  adding: mnt/lsdi/ocm01101575/ocm01101575/Output/ocm01101575_0013.tif (deflated 4%)
  adding: mnt/lsdi/ocm01101575/ocm01101575/Output/ocm01101575_0014.tif (deflated 4%)
  adding: mnt/lsdi/ocm01101575/ocm01101575/Output/ocm01101575_0015.tif (deflated 3%)
  adding: mnt/lsdi/ocm01101575/ocm01101575/Output/ocm01101575_0016.tif (deflated 4%)
  adding: mnt/lsdi/ocm01101575/ocm01101575/Output/ocm01101575_0017.tif (deflated 3%)
  adding: mnt/lsdi/ocm01101575/ocm01101575/Output/ocm01101575_0018.tif (deflated 4%)
  adding: mnt/lsdi/ocm01101575/ocm01101575/Output/ocm01101575_0019.tif (deflated 4%)
  adding: mnt/lsdi/ocm01101575/ocm01101575/Output/ocm01101575_0020.tif (deflated 5%)
  adding: mnt/lsdi/ocm01101575/ocm01101575/Output/ocm01101575_0021.tif (deflated 4%)
  adding: mnt/lsdi/ocm01101575/ocm01101575/Output/ocm01101575_0022.tif (deflated 5%)
  adding: mnt/lsdi/ocm01101575/ocm01101575/Output/ocm01101575_0023.tif (deflated 5%)
  adding: mnt/lsdi/ocm01101575/ocm01101575/Output/ocm01101575_0024.tif (deflated 5%)
  adding: mnt/lsdi/ocm01101575/ocm01101575/Output/ocm01101575_0025.tif (deflated 5%)
  adding: mnt/lsdi/ocm01101575/ocm01101575/Output/ocm01101575_0026.tif (deflated 4%)
  adding: mnt/lsdi/ocm01101575/ocm01101575/Output/ocm01101575_0027.tif (deflated 5%)
  adding: mnt/lsdi/ocm01101575/ocm01101575/Output/ocm01101575_0028.tif (deflated 5%)
  adding: mnt/lsdi/ocm01101575/ocm01101575/Output/ocm01101575_0029.tif (deflated 5%)
  adding: mnt/lsdi/ocm01101575/ocm01101575/Output/ocm01101575_0030.tif (deflated 4%)
  adding: mnt/lsdi/ocm01101575/ocm01101575/Output/ocm01101575_0031.tif (deflated 4%)
  adding: mnt/lsdi/ocm01101575/ocm01101575/Output/ocm01101575_0032.tif (deflated 4%)
  adding: mnt/lsdi/ocm01101575/ocm01101575/Output/ocm01101575_0033.tif (deflated 4%)
  adding: mnt/lsdi/ocm01101575/ocm01101575/Output/ocm01101575_0034.tif (deflated 5%)
  adding: mnt/lsdi/ocm01101575/ocm01101575/Output/ocm01101575_0035.tif (deflated 5%)
  adding: mnt/lsdi/ocm01101575/ocm01101575/Output/ocm01101575_0036.tif (deflated 5%)
  adding: mnt/lsdi/ocm01101575/ocm01101575/Output/ocm01101575_0037.tif (deflated 4%)
  adding: mnt/lsdi/ocm01101575/ocm01101575/Output/ocm01101575_0038.tif (deflated 4%)
  adding: mnt/lsdi/ocm01101575/ocm01101575/Output/ocm01101575_0039.tif (deflated 4%)
  adding: mnt/lsdi/ocm01101575/ocm01101575/Output/ocm01101575_0040.tif (deflated 4%)
  adding: mnt/lsdi/ocm01101575/ocm01101575/Output/ocm01101575_0041.tif (deflated 5%)
  adding: mnt/lsdi/ocm01101575/ocm01101575/Output/ocm01101575_0042.tif (deflated 6%)
  adding: mnt/lsdi/ocm01101575/ocm01101575/Output/ocm01101575_0043.tif (deflated 4%)
  adding: mnt/lsdi/ocm01101575/ocm01101575/Output/ocm01101575_0044.tif (deflated 5%)
  adding: mnt/lsdi/ocm01101575/ocm01101575/Output/ocm01101575_0045.tif (deflated 4%)
  adding: mnt/lsdi/ocm01101575/ocm01101575/Output/ocm01101575_0046.tif (deflated 5%)
  adding: mnt/lsdi/ocm01101575/ocm01101575/Output/ocm01101575_0047.tif (deflated 5%)
  adding: mnt/lsdi/ocm01101575/ocm01101575/Output/ocm01101575_0048.tif (deflated 5%)
  adding: mnt/lsdi/ocm01101575/ocm01101575/Output/ocm01101575_0049.tif (deflated 4%)
  adding: mnt/lsdi/ocm01101575/ocm01101575/Output/ocm01101575_0050.tif (deflated 5%)
  adding: mnt/lsdi/ocm01101575/ocm01101575/Output/ocm01101575_0051.tif (deflated 4%)
  adding: mnt/lsdi/ocm01101575/ocm01101575/Output/ocm01101575_0052.tif (deflated 5%)
  adding: mnt/lsdi/ocm01101575/ocm01101575/Output/ocm01101575_0053.tif (deflated 5%)
  adding: mnt/lsdi/ocm01101575/ocm01101575/Output/ocm01101575_0054.tif (deflated 4%)
  adding: mnt/lsdi/ocm01101575/ocm01101575/Output/ocm01101575_0055.tif (deflated 4%)
  adding: mnt/lsdi/ocm01101575/ocm01101575/Output/ocm01101575_0056.tif (deflated 5%)
  adding: mnt/lsdi/ocm01101575/ocm01101575/Output/ocm01101575_0057.tif (deflated 4%)
  adding: mnt/lsdi/ocm01101575/ocm01101575/Output/ocm01101575_0058.tif (deflated 6%)
  adding: mnt/lsdi/ocm01101575/ocm01101575/Output/ocm01101575_0059.tif (deflated 83%)
  adding: mnt/lsdi/ocm01101575/ocm01101575/Output/ocm01101575_0060.tif (deflated 5%)
  adding: mnt/lsdi/ocm01101575/ocm01101575/Output/ocm01101575_0061.tif (deflated 5%)
  adding: mnt/lsdi/ocm01101575/ocm01101575/Output/ocm01101575_0062.tif (deflated 5%)
  adding: mnt/lsdi/ocm01101575/ocm01101575/Output/ocm01101575_0063.tif (deflated 4%)
  adding: mnt/lsdi/ocm01101575/ocm01101575/Output/ocm01101575_0064.tif (deflated 5%)
  adding: mnt/lsdi/ocm01101575/ocm01101575/Output/ocm01101575_0065.tif (deflated 4%)
  adding: mnt/lsdi/ocm01101575/ocm01101575/Output/ocm01101575_0066.tif (deflated 4%)
  adding: mnt/lsdi/ocm01101575/ocm01101575/Output/ocm01101575_0067.tif (deflated 8%)
  adding: mnt/lsdi/ocm01101575/ocm01101575/Output/ocm01101575_0068.tif (deflated 5%)
  adding: mnt/lsdi/ocm01101575/ocm01101575/Output/ocm01101575_0069.tif (deflated 5%)
  adding: mnt/lsdi/ocm01101575/ocm01101575/Output/ocm01101575_0070.tif (deflated 4%)
  adding: mnt/lsdi/ocm01101575/ocm01101575/Output/ocm01101575_0071.tif (deflated 5%)
  adding: mnt/lsdi/ocm01101575/ocm01101575/Output/ocm01101575_0072.tif (deflated 5%)
  adding: mnt/lsdi/ocm01101575/ocm01101575/Output/ocm01101575_0073.tif (deflated 4%)
  adding: mnt/lsdi/ocm01101575/ocm01101575/Output/ocm01101575_0074.tif (deflated 4%)
  adding: mnt/lsdi/ocm01101575/ocm01101575/Output/ocm01101575_0075.tif (deflated 4%)
  adding: mnt/lsdi/ocm01101575/ocm01101575/Output/ocm01101575_0076.tif (deflated 5%)
  adding: mnt/lsdi/ocm01101575/ocm01101575/Output/ocm01101575_0077.tif (deflated 5%)
  adding: mnt/lsdi/ocm01101575/ocm01101575/Output/ocm01101575_0078.tif (deflated 5%)
  adding: mnt/lsdi/ocm01101575/ocm01101575/Output/ocm01101575_0079.tif (deflated 4%)
  adding: mnt/lsdi/ocm01101575/ocm01101575/Output/ocm01101575_0080.tif (deflated 4%)
  adding: mnt/lsdi/ocm01101575/ocm01101575/Output/ocm01101575_0081.tif (deflated 5%)
  adding: mnt/lsdi/ocm01101575/ocm01101575/Output/ocm01101575_0082.tif (deflated 4%)
  adding: mnt/lsdi/ocm01101575/ocm01101575/Output/ocm01101575_0083.tif (deflated 4%)
  adding: mnt/lsdi/ocm01101575/ocm01101575/Output/ocm01101575_0084.tif (deflated 5%)
  adding: mnt/lsdi/ocm01101575/ocm01101575/Output/ocm01101575_0085.tif (deflated 4%)
  adding: mnt/lsdi/ocm01101575/ocm01101575/Output/ocm01101575_0086.tif (deflated 4%)
  adding: mnt/lsdi/ocm01101575/ocm01101575/Output/ocm01101575_0087.tif (deflated 5%)
  adding: mnt/lsdi/ocm01101575/ocm01101575/Output/ocm01101575_0088.tif (deflated 5%)
  adding: mnt/lsdi/ocm01101575/ocm01101575/Output/ocm01101575_0089.tif (deflated 4%)
  adding: mnt/lsdi/ocm01101575/ocm01101575/Output/ocm01101575_0090.tif (deflated 4%)
  adding: mnt/lsdi/ocm01101575/ocm01101575/Output/ocm01101575_0091.tif (deflated 4%)
  adding: mnt/lsdi/ocm01101575/ocm01101575/Output/ocm01101575_0092.tif (deflated 4%)
  adding: mnt/lsdi/ocm01101575/ocm01101575/Output/ocm01101575_0093.tif (deflated 5%)
  adding: mnt/lsdi/ocm01101575/ocm01101575/Output/ocm01101575_0094.tif (deflated 4%)
  adding: mnt/lsdi/ocm01101575/ocm01101575/Output/ocm01101575_0095.tif (deflated 5%)
  adding: mnt/lsdi/ocm01101575/ocm01101575/Output/ocm01101575_0096.tif (deflated 5%)
  adding: mnt/lsdi/ocm01101575/ocm01101575/Output/ocm01101575_0097.tif (deflated 4%)
  adding: mnt/lsdi/ocm01101575/ocm01101575/Output/ocm01101575_0098.tif (deflated 4%)
  adding: mnt/lsdi/ocm01101575/ocm01101575/Output/ocm01101575_0099.tif (deflated 4%)
  adding: mnt/lsdi/ocm01101575/ocm01101575/Output/ocm01101575_0100.tif (deflated 5%)
  adding: mnt/lsdi/ocm01101575/ocm01101575/Output/ocm01101575_0101.tif (deflated 5%)
  adding: mnt/lsdi/ocm01101575/ocm01101575/Output/ocm01101575_0102.tif (deflated 4%)
  adding: mnt/lsdi/ocm01101575/ocm01101575/Output/ocm01101575_0103.tif (deflated 4%)
  adding: mnt/lsdi/ocm01101575/ocm01101575/Output/ocm01101575_0104.tif (deflated 5%)
  adding: mnt/lsdi/ocm01101575/ocm01101575/Output/ocm01101575_0105.tif (deflated 4%)
  adding: mnt/lsdi/ocm01101575/ocm01101575/Output/ocm01101575_0106.tif (deflated 5%)
  adding: mnt/lsdi/ocm01101575/ocm01101575/Output/ocm01101575_0107.tif (deflated 4%)
  adding: mnt/lsdi/ocm01101575/ocm01101575/Output/ocm01101575_0108.tif (deflated 5%)
  adding: mnt/lsdi/ocm01101575/ocm01101575/Output/ocm01101575_0109.tif (deflated 4%)
  adding: mnt/lsdi/ocm01101575/ocm01101575/Output/ocm01101575_0110.tif (deflated 4%)
  adding: mnt/lsdi/ocm01101575/ocm01101575/Output/ocm01101575_0111.tif (deflated 5%)
  adding: mnt/lsdi/ocm01101575/ocm01101575/Output/ocm01101575_0112.tif (deflated 4%)
  adding: mnt/lsdi/ocm01101575/ocm01101575/Output/ocm01101575_0113.tif (deflated 5%)
  adding: mnt/lsdi/ocm01101575/ocm01101575/Output/ocm01101575_0114.tif (deflated 5%)
  adding: mnt/lsdi/ocm01101575/ocm01101575/Output/ocm01101575_0115.tif (deflated 5%)
  adding: mnt/lsdi/ocm01101575/ocm01101575/Output/ocm01101575_0116.tif (deflated 5%)
  adding: mnt/lsdi/ocm01101575/ocm01101575/Output/ocm01101575_0117.tif (deflated 4%)
  adding: mnt/lsdi/ocm01101575/ocm01101575/Output/ocm01101575_0118.tif (deflated 4%)
  adding: mnt/lsdi/ocm01101575/ocm01101575/Output/ocm01101575_0119.tif (deflated 4%)
  adding: mnt/lsdi/ocm01101575/ocm01101575/Output/ocm01101575_0120.tif (deflated 2%)
  adding: mnt/lsdi/ocm01101575/ocm01101575/Output/ocm01101575_0121.tif (deflated 83%)
  adding: mnt/lsdi/ocm01101575/ocm01101575/Output/ocm01101575_0122.tif (deflated 4%)
  adding: mnt/lsdi/ocm01101575/ocm01101575/Output/ocm01101575_0123.tif (deflated 4%)
  adding: mnt/lsdi/ocm01101575/ocm01101575/Output/ocm01101575_0124.tif (deflated 4%)
  adding: mnt/lsdi/ocm01101575/ocm01101575/Output/ocm01101575_0125.tif (deflated 4%)
  adding: mnt/lsdi/ocm01101575/ocm01101575/Output/ocm01101575_0126.tif (deflated 4%)
  adding: mnt/lsdi/ocm01101575/ocm01101575/Output/ocm01101575_0127.tif (deflated 5%)
  adding: mnt/lsdi/ocm01101575/ocm01101575/Output/ocm01101575_0128.tif (deflated 5%)
  adding: mnt/lsdi/ocm01101575/ocm01101575/Output/ocm01101575_0129.tif (deflated 5%)
  adding: mnt/lsdi/ocm01101575/ocm01101575/Output/ocm01101575_0130.tif (deflated 5%)
  adding: mnt/lsdi/ocm01101575/ocm01101575/Output/ocm01101575_0131.tif (deflated 5%)
  adding: mnt/lsdi/ocm01101575/ocm01101575/Output/ocm01101575_0132.tif (deflated 5%)
  adding: mnt/lsdi/ocm01101575/ocm01101575/Output/ocm01101575_0133.tif (deflated 5%)
  adding: mnt/lsdi/ocm01101575/ocm01101575/Output/ocm01101575_0134.tif (deflated 4%)
  adding: mnt/lsdi/ocm01101575/ocm01101575/Output/ocm01101575_0135.tif (deflated 5%)
  adding: mnt/lsdi/ocm01101575/ocm01101575/Output/ocm01101575_0136.tif (deflated 5%)
  adding: mnt/lsdi/ocm01101575/ocm01101575/Output/ocm01101575_0137.tif (deflated 4%)
  adding: mnt/lsdi/ocm01101575/ocm01101575/Output/ocm01101575_0138.tif (deflated 5%)
  adding: mnt/lsdi/ocm01101575/ocm01101575/Output/ocm01101575_0139.tif (deflated 5%)
  adding: mnt/lsdi/ocm01101575/ocm01101575/Output/ocm01101575_0140.tif (deflated 4%)
  adding: mnt/lsdi/ocm01101575/ocm01101575/Output/ocm01101575_0141.tif (deflated 5%)
  adding: mnt/lsdi/ocm01101575/ocm01101575/Output/ocm01101575_0142.tif (deflated 4%)
  adding: mnt/lsdi/ocm01101575/ocm01101575/Output/ocm01101575_0143.tif (deflated 5%)
  adding: mnt/lsdi/ocm01101575/ocm01101575/Output/ocm01101575_0144.tif (deflated 4%)
  adding: mnt/lsdi/ocm01101575/ocm01101575/Output/ocm01101575_0145.tif (deflated 5%)
  adding: mnt/lsdi/ocm01101575/ocm01101575/Output/ocm01101575_0146.tif (deflated 4%)
  adding: mnt/lsdi/ocm01101575/ocm01101575/Output/ocm01101575_0147.tif (deflated 4%)
  adding: mnt/lsdi/ocm01101575/ocm01101575/Output/ocm01101575_0148.tif (deflated 5%)
  adding: mnt/lsdi/ocm01101575/ocm01101575/Output/ocm01101575_0149.tif (deflated 4%)
  adding: mnt/lsdi/ocm01101575/ocm01101575/Output/ocm01101575_0150.tif (deflated 4%)
  adding: mnt/lsdi/ocm01101575/ocm01101575/Output/ocm01101575_0151.tif (deflated 5%)
  adding: mnt/lsdi/ocm01101575/ocm01101575/Output/ocm01101575_0152.tif (deflated 4%)
  adding: mnt/lsdi/ocm01101575/ocm01101575/Output/ocm01101575_0153.tif (deflated 5%)
  adding: mnt/lsdi/ocm01101575/ocm01101575/Output/ocm01101575_0154.tif (deflated 9%)
  adding: mnt/lsdi/ocm01101575/ocm01101575/Output/ocm01101575_0155.tif (deflated 5%)
  adding: mnt/lsdi/ocm01101575/ocm01101575/Output/ocm01101575_0156.tif (deflated 5%)
  adding: mnt/lsdi/ocm01101575/ocm01101575/Output/ocm01101575_0157.tif (deflated 5%)
  adding: mnt/lsdi/ocm01101575/ocm01101575/Output/ocm01101575_0158.tif (deflated 5%)
  adding: mnt/lsdi/ocm01101575/ocm01101575/Output/ocm01101575_0159.tif (deflated 5%)
  adding: mnt/lsdi/ocm01101575/ocm01101575/Output/ocm01101575_0160.tif (deflated 5%)
  adding: mnt/lsdi/ocm01101575/ocm01101575/Output/ocm01101575_0161.tif (deflated 5%)
  adding: mnt/lsdi/ocm01101575/ocm01101575/Output/ocm01101575_0162.tif (deflated 5%)
  adding: mnt/lsdi/ocm01101575/ocm01101575/Output/ocm01101575_0163.tif (deflated 5%)
  adding: mnt/lsdi/ocm01101575/ocm01101575/Output/ocm01101575_0164.tif (deflated 4%)
  adding: mnt/lsdi/ocm01101575/ocm01101575/Output/ocm01101575_0165.tif (deflated 6%)
  adding: mnt/lsdi/ocm01101575/ocm01101575/Output/ocm01101575_0166.tif (deflated 7%)
  adding: mnt/lsdi/ocm01101575/ocm01101575/Output/ocm01101575_0167.tif (deflated 4%)
  adding: mnt/lsdi/ocm01101575/ocm01101575/Output/ocm01101575_0168.tif (deflated 4%)
  adding: mnt/lsdi/ocm01101575/ocm01101575/Output/ocm01101575_0169.tif (deflated 4%)
  adding: mnt/lsdi/ocm01101575/ocm01101575/Output/ocm01101575_0170.tif (deflated 3%)
  adding: mnt/lsdi/ocm01101575/ocm01101575/Output/ocm01101575_0171.tif (deflated 83%)
  adding: mnt/lsdi/ocm01101575/ocm01101575/Output/ocm01101575_0172.tif (deflated 4%)
  adding: mnt/lsdi/ocm01101575/ocm01101575/Output/ocm01101575_0173.tif (deflated 4%)
  adding: mnt/lsdi/ocm01101575/ocm01101575/Output/ocm01101575_0174.tif (deflated 4%)
  adding: mnt/lsdi/ocm01101575/ocm01101575/Output/ocm01101575_0175.tif (deflated 5%)
  adding: mnt/lsdi/ocm01101575/ocm01101575/Output/ocm01101575_0176.tif (deflated 4%)
  adding: mnt/lsdi/ocm01101575/ocm01101575/Output/ocm01101575_0177.tif (deflated 5%)
  adding: mnt/lsdi/ocm01101575/ocm01101575/Output/ocm01101575_0178.tif (deflated 4%)
  adding: mnt/lsdi/ocm01101575/ocm01101575/Output/ocm01101575_0179.tif (deflated 5%)
  adding: mnt/lsdi/ocm01101575/ocm01101575/Output/ocm01101575_0180.tif (deflated 5%)
  adding: mnt/lsdi/ocm01101575/ocm01101575/Output/ocm01101575_0181.tif (deflated 8%)
  adding: mnt/lsdi/ocm01101575/ocm01101575/Output/ocm01101575_0182.tif (deflated 3%)
  adding: mnt/lsdi/ocm01101575/ocm01101575/Output/ocm01101575_0183.tif (deflated 4%)
  adding: mnt/lsdi/ocm01101575/ocm01101575/Output/ocm01101575_0184.tif (deflated 4%)
  adding: mnt/lsdi/ocm01101575/ocm01101575/Output/ocm01101575_0185.tif (deflated 4%)
  adding: mnt/lsdi/ocm01101575/ocm01101575/Output/ocm01101575_0186.tif (deflated 4%)
  adding: mnt/lsdi/ocm01101575/ocm01101575/Output/ocm01101575_0187.tif (deflated 5%)
  adding: mnt/lsdi/ocm01101575/ocm01101575/Output/ocm01101575_0188.tif (deflated 4%)
  adding: mnt/lsdi/ocm01101575/ocm01101575/Output/ocm01101575_0189.tif (deflated 5%)
  adding: mnt/lsdi/ocm01101575/ocm01101575/Output/ocm01101575_0190.tif (deflated 4%)
  adding: mnt/lsdi/ocm01101575/ocm01101575/Output/ocm01101575_0191.tif (deflated 4%)
  adding: mnt/lsdi/ocm01101575/ocm01101575/Output/ocm01101575_0192.tif (deflated 5%)
  adding: mnt/lsdi/ocm01101575/ocm01101575/Output/ocm01101575_0193.tif (deflated 4%)
  adding: mnt/lsdi/ocm01101575/ocm01101575/Output/ocm01101575_0194.tif (deflated 4%)
  adding: mnt/lsdi/ocm01101575/ocm01101575/Output/ocm01101575_0195.tif (deflated 5%)
  adding: mnt/lsdi/ocm01101575/ocm01101575/Output/ocm01101575_0196.tif (deflated 5%)
  adding: mnt/lsdi/ocm01101575/ocm01101575/Output/ocm01101575_0197.tif (deflated 5%)
  adding: mnt/lsdi/ocm01101575/ocm01101575/Output/ocm01101575_0198.tif (deflated 5%)
  adding: mnt/lsdi/ocm01101575/ocm01101575/Output/ocm01101575_0199.tif (deflated 5%)
  adding: mnt/lsdi/ocm01101575/ocm01101575/Output/ocm01101575_0200.tif (deflated 5%)
  adding: mnt/lsdi/ocm01101575/ocm01101575/Output/ocm01101575_0201.tif (deflated 4%)
  adding: mnt/lsdi/ocm01101575/ocm01101575/Output/ocm01101575_0202.tif (deflated 5%)
  adding: mnt/lsdi/ocm01101575/ocm01101575/Output/ocm01101575_0203.tif (deflated 5%)
  adding: mnt/lsdi/ocm01101575/ocm01101575/Output/ocm01101575_0204.tif (deflated 5%)
  adding: mnt/lsdi/ocm01101575/ocm01101575/Output/ocm01101575_0205.tif (deflated 5%)
  adding: mnt/lsdi/ocm01101575/ocm01101575/Output/ocm01101575_0206.tif (deflated 5%)
  adding: mnt/lsdi/ocm01101575/ocm01101575/Output/ocm01101575_0207.tif (deflated 4%)
  adding: mnt/lsdi/ocm01101575/ocm01101575/Output/ocm01101575_0208.tif (deflated 4%)
  adding: mnt/lsdi/ocm01101575/ocm01101575/Output/ocm01101575_0209.tif (deflated 4%)
  adding: mnt/lsdi/ocm01101575/ocm01101575/Output/ocm01101575_0210.tif (deflated 5%)
  adding: mnt/lsdi/ocm01101575/ocm01101575/Output/ocm01101575_0211.tif (deflated 5%)
  adding: mnt/lsdi/ocm01101575/ocm01101575/Output/ocm01101575_0212.tif (deflated 4%)
  adding: mnt/lsdi/ocm01101575/ocm01101575/Output/ocm01101575_0213.tif (deflated 4%)
  adding: mnt/lsdi/ocm01101575/ocm01101575/Output/ocm01101575_0214.tif (deflated 4%)
  adding: mnt/lsdi/ocm01101575/ocm01101575/Output/ocm01101575_0215.tif (deflated 5%)
  adding: mnt/lsdi/ocm01101575/ocm01101575/Output/ocm01101575_0216.tif (deflated 4%)
  adding: mnt/lsdi/ocm01101575/ocm01101575/Output/ocm01101575_0217.tif (deflated 4%)
  adding: mnt/lsdi/ocm01101575/ocm01101575/Output/ocm01101575_0218.tif (deflated 5%)
  adding: mnt/lsdi/ocm01101575/ocm01101575/Output/ocm01101575_0219.tif (deflated 4%)
  adding: mnt/lsdi/ocm01101575/ocm01101575/Output/ocm01101575_0220.tif (deflated 4%)
  adding: mnt/lsdi/ocm01101575/ocm01101575/Output/ocm01101575_0221.tif (deflated 4%)
  adding: mnt/lsdi/ocm01101575/ocm01101575/Output/ocm01101575_0222.tif (deflated 4%)
  adding: mnt/lsdi/ocm01101575/ocm01101575/Output/ocm01101575_0223.tif (deflated 83%)
  adding: mnt/lsdi/ocm01101575/ocm01101575/Output/ocm01101575_0224.tif (deflated 4%)
  adding: mnt/lsdi/ocm01101575/ocm01101575/Output/ocm01101575_0225.tif (deflated 4%)
  adding: mnt/lsdi/ocm01101575/ocm01101575/Output/ocm01101575_0226.tif (deflated 5%)
  adding: mnt/lsdi/ocm01101575/ocm01101575/Output/ocm01101575_0227.tif (deflated 5%)
  adding: mnt/lsdi/ocm01101575/ocm01101575/Output/ocm01101575_0228.tif (deflated 5%)
  adding: mnt/lsdi/ocm01101575/ocm01101575/Output/ocm01101575_0229.tif (deflated 5%)
  adding: mnt/lsdi/ocm01101575/ocm01101575/Output/ocm01101575_0230.tif (deflated 5%)
  adding: mnt/lsdi/ocm01101575/ocm01101575/Output/ocm01101575_0231.tif (deflated 5%)
  adding: mnt/lsdi/ocm01101575/ocm01101575/Output/ocm01101575_0232.tif (deflated 4%)
  adding: mnt/lsdi/ocm01101575/ocm01101575/Output/ocm01101575_0233.tif (deflated 5%)
  adding: mnt/lsdi/ocm01101575/ocm01101575/Output/ocm01101575_0234.tif (deflated 5%)
  adding: mnt/lsdi/ocm01101575/ocm01101575/Output/ocm01101575_0235.tif (deflated 4%)
  adding: mnt/lsdi/ocm01101575/ocm01101575/Output/ocm01101575_0236.tif (deflated 5%)
  adding: mnt/lsdi/ocm01101575/ocm01101575/Output/ocm01101575_0237.tif (deflated 5%)
  adding: mnt/lsdi/ocm01101575/ocm01101575/Output/ocm01101575_0238.tif (deflated 4%)
  adding: mnt/lsdi/ocm01101575/ocm01101575/Output/ocm01101575_0239.tif (deflated 5%)
  adding: mnt/lsdi/ocm01101575/ocm01101575/Output/ocm01101575_0240.tif (deflated 5%)
  adding: mnt/lsdi/ocm01101575/ocm01101575/Output/ocm01101575_0241.tif (deflated 5%)
  adding: mnt/lsdi/ocm01101575/ocm01101575/Output/ocm01101575_0242.tif (deflated 4%)
  adding: mnt/lsdi/ocm01101575/ocm01101575/Output/ocm01101575_0243.tif (deflated 5%)
  adding: mnt/lsdi/ocm01101575/ocm01101575/Output/ocm01101575_0244.tif (deflated 5%)
  adding: mnt/lsdi/ocm01101575/ocm01101575/Output/ocm01101575_0245.tif (deflated 4%)
  adding: mnt/lsdi/ocm01101575/ocm01101575/Output/ocm01101575_0246.tif (deflated 5%)
  adding: mnt/lsdi/ocm01101575/ocm01101575/Output/ocm01101575_0247.tif (deflated 5%)
  adding: mnt/lsdi/ocm01101575/ocm01101575/Output/ocm01101575_0248.tif (deflated 5%)
  adding: mnt/lsdi/ocm01101575/ocm01101575/Output/ocm01101575_0249.tif (deflated 4%)
  adding: mnt/lsdi/ocm01101575/ocm01101575/Output/ocm01101575_0250.tif (deflated 4%)
  adding: mnt/lsdi/ocm01101575/ocm01101575/Output/ocm01101575_0251.tif (deflated 4%)
  adding: mnt/lsdi/ocm01101575/ocm01101575/Output/ocm01101575_0252.tif (deflated 5%)
  adding: mnt/lsdi/ocm01101575/ocm01101575/Output/ocm01101575_0253.tif (deflated 5%)
  adding: mnt/lsdi/ocm01101575/ocm01101575/Output/ocm01101575_0254.tif (deflated 4%)
  adding: mnt/lsdi/ocm01101575/ocm01101575/Output/ocm01101575_0255.tif (deflated 4%)
  adding: mnt/lsdi/ocm01101575/ocm01101575/Output/ocm01101575_0256.tif (deflated 4%)
  adding: mnt/lsdi/ocm01101575/ocm01101575/Output/ocm01101575_0257.tif (deflated 5%)
  adding: mnt/lsdi/ocm01101575/ocm01101575/Output/ocm01101575_0258.tif (deflated 5%)
  adding: mnt/lsdi/ocm01101575/ocm01101575/Output/ocm01101575_0259.tif (deflated 6%)
  adding: mnt/lsdi/ocm01101575/ocm01101575/Output/ocm01101575_0260.tif (deflated 4%)
  adding: mnt/lsdi/ocm01101575/ocm01101575/Output/ocm01101575_0261.tif (deflated 4%)
  adding: mnt/lsdi/ocm01101575/ocm01101575/Output/ocm01101575_0262.tif (deflated 4%)
  adding: mnt/lsdi/ocm01101575/ocm01101575/Output/ocm01101575_0263.tif (deflated 4%)
  adding: mnt/lsdi/ocm01101575/ocm01101575/Output/ocm01101575_0264.tif (deflated 5%)
  adding: mnt/lsdi/ocm01101575/ocm01101575/Output/ocm01101575_0265.tif (deflated 5%)
  adding: mnt/lsdi/ocm01101575/ocm01101575/Output/ocm01101575_0266.tif (deflated 5%)
  adding: mnt/lsdi/ocm01101575/ocm01101575/Output/ocm01101575_0267.tif (deflated 4%)
  adding: mnt/lsdi/ocm01101575/ocm01101575/Output/ocm01101575_0268.tif (deflated 5%)
  adding: mnt/lsdi/ocm01101575/ocm01101575/Output/ocm01101575_0269.tif (deflated 5%)
  adding: mnt/lsdi/ocm01101575/ocm01101575/Output/ocm01101575_0270.tif (deflated 5%)
  adding: mnt/lsdi/ocm01101575/ocm01101575/Output/ocm01101575_0271.tif (deflated 4%)
  adding: mnt/lsdi/ocm01101575/ocm01101575/Output/ocm01101575_0272.tif (deflated 5%)
  adding: mnt/lsdi/ocm01101575/ocm01101575/Output/ocm01101575_0273.tif (deflated 4%)
  adding: mnt/lsdi/ocm01101575/ocm01101575/Output/ocm01101575_0274.tif (deflated 5%)
  adding: mnt/lsdi/ocm01101575/ocm01101575/Output/ocm01101575_0275.tif (deflated 4%)
  adding: mnt/lsdi/ocm01101575/ocm01101575/Output/ocm01101575_0276.tif (deflated 4%)
  adding: mnt/lsdi/ocm01101575/ocm01101575/Output/ocm01101575_0277.tif (deflated 83%)
  adding: mnt/lsdi/ocm01101575/ocm01101575/Output/ocm01101575_0278.tif (deflated 4%)
  adding: mnt/lsdi/ocm01101575/ocm01101575/Output/ocm01101575_0279.tif (deflated 5%)
  adding: mnt/lsdi/ocm01101575/ocm01101575/Output/ocm01101575_0280.tif (deflated 5%)
  adding: mnt/lsdi/ocm01101575/ocm01101575/Output/ocm01101575_0281.tif (deflated 5%)
  adding: mnt/lsdi/ocm01101575/ocm01101575/Output/ocm01101575_0282.tif (deflated 5%)
  adding: mnt/lsdi/ocm01101575/ocm01101575/Output/ocm01101575_0283.tif (deflated 5%)
  adding: mnt/lsdi/ocm01101575/ocm01101575/Output/ocm01101575_0284.tif (deflated 5%)
  adding: mnt/lsdi/ocm01101575/ocm01101575/Output/ocm01101575_0285.tif (deflated 5%)
  adding: mnt/lsdi/ocm01101575/ocm01101575/Output/ocm01101575_0286.tif (deflated 5%)
  adding: mnt/lsdi/ocm01101575/ocm01101575/Output/ocm01101575_0287.tif (deflated 5%)
  adding: mnt/lsdi/ocm01101575/ocm01101575/Output/ocm01101575_0288.tif (deflated 5%)
  adding: mnt/lsdi/ocm01101575/ocm01101575/Output/ocm01101575_0289.tif (deflated 5%)
  adding: mnt/lsdi/ocm01101575/ocm01101575/Output/ocm01101575_0290.tif (deflated 5%)
  adding: mnt/lsdi/ocm01101575/ocm01101575/Output/ocm01101575_0291.tif (deflated 5%)
  adding: mnt/lsdi/ocm01101575/ocm01101575/Output/ocm01101575_0292.tif (deflated 4%)
  adding: mnt/lsdi/ocm01101575/ocm01101575/Output/ocm01101575_0293.tif (deflated 5%)
  adding: mnt/lsdi/ocm01101575/ocm01101575/Output/ocm01101575_0294.tif (deflated 5%)
  adding: mnt/lsdi/ocm01101575/ocm01101575/Output/ocm01101575_0295.tif (deflated 5%)
  adding: mnt/lsdi/ocm01101575/ocm01101575/Output/ocm01101575_0296.tif (deflated 5%)
  adding: mnt/lsdi/ocm01101575/ocm01101575/Output/ocm01101575_0297.tif (deflated 4%)
  adding: mnt/lsdi/ocm01101575/ocm01101575/Output/ocm01101575_0298.tif (deflated 4%)
  adding: mnt/lsdi/ocm01101575/ocm01101575/Output/ocm01101575_0299.tif (deflated 83%)
  adding: mnt/lsdi/ocm01101575/ocm01101575/Output/ocm01101575_0300.tif (deflated 5%)
  adding: mnt/lsdi/ocm01101575/ocm01101575/Output/ocm01101575_0301.tif (deflated 5%)
  adding: mnt/lsdi/ocm01101575/ocm01101575/Output/ocm01101575_0302.tif (deflated 5%)
  adding: mnt/lsdi/ocm01101575/ocm01101575/Output/ocm01101575_0303.tif (deflated 4%)
  adding: mnt/lsdi/ocm01101575/ocm01101575/Output/ocm01101575_0304.tif (deflated 4%)
  adding: mnt/lsdi/ocm01101575/ocm01101575/Output/ocm01101575_0305.tif (deflated 5%)
  adding: mnt/lsdi/ocm01101575/ocm01101575/Output/ocm01101575_0306.tif (deflated 5%)
  adding: mnt/lsdi/ocm01101575/ocm01101575/Output/ocm01101575_0307.tif (deflated 4%)
  adding: mnt/lsdi/ocm01101575/ocm01101575/Output/ocm01101575_0308.tif (deflated 4%)
  adding: mnt/lsdi/ocm01101575/ocm01101575/Output/ocm01101575_0309.tif (deflated 4%)
  adding: mnt/lsdi/ocm01101575/ocm01101575/Output/ocm01101575_0310.tif (deflated 4%)
  adding: mnt/lsdi/ocm01101575/ocm01101575/Output/ocm01101575_0311.tif (deflated 5%)
  adding: mnt/lsdi/ocm01101575/ocm01101575/Output/ocm01101575_0312.tif (deflated 4%)
  adding: mnt/lsdi/ocm01101575/ocm01101575/Output/ocm01101575_0313.tif (deflated 4%)
  adding: mnt/lsdi/ocm01101575/ocm01101575/Output/ocm01101575_0314.tif (deflated 4%)
  adding: mnt/lsdi/ocm01101575/ocm01101575/Output/ocm01101575_0315.tif (deflated 4%)
  adding: mnt/lsdi/ocm01101575/ocm01101575/Output/ocm01101575_0316.tif (deflated 4%)
  adding: mnt/lsdi/ocm01101575/ocm01101575/Output/ocm01101575_0317.tif (deflated 5%)
  adding: mnt/lsdi/ocm01101575/ocm01101575/Output/ocm01101575_0318.tif (deflated 4%)
  adding: mnt/lsdi/ocm01101575/ocm01101575/Output/ocm01101575_0319.tif (deflated 4%)
  adding: mnt/lsdi/ocm01101575/ocm01101575/Output/ocm01101575_0320.tif (deflated 4%)
  adding: mnt/lsdi/ocm01101575/ocm01101575/Output/ocm01101575_0321.tif (deflated 4%)
  adding: mnt/lsdi/ocm01101575/ocm01101575/Output/ocm01101575_0322.tif (deflated 5%)
  adding: mnt/lsdi/ocm01101575/ocm01101575/Output/ocm01101575_0323.tif (deflated 5%)
  adding: mnt/lsdi/ocm01101575/ocm01101575/Output/ocm01101575_0324.tif (deflated 4%)
  adding: mnt/lsdi/ocm01101575/ocm01101575/Output/ocm01101575_0325.tif (deflated 4%)
  adding: mnt/lsdi/ocm01101575/ocm01101575/Output/ocm01101575_0326.tif (deflated 4%)
  adding: mnt/lsdi/ocm01101575/ocm01101575/Output/ocm01101575_0327.tif (deflated 5%)
  adding: mnt/lsdi/ocm01101575/ocm01101575/Output/ocm01101575_0328.tif (deflated 4%)
  adding: mnt/lsdi/ocm01101575/ocm01101575/Output/ocm01101575_0329.tif (deflated 5%)
  adding: mnt/lsdi/ocm01101575/ocm01101575/Output/ocm01101575_0330.tif (deflated 5%)
  adding: mnt/lsdi/ocm01101575/ocm01101575/Output/ocm01101575_0331.tif (deflated 5%)
  adding: mnt/lsdi/ocm01101575/ocm01101575/Output/ocm01101575_0332.tif (deflated 83%)
  adding: mnt/lsdi/ocm01101575/ocm01101575/Output/ocm01101575_0333.tif (deflated 5%)
  adding: mnt/lsdi/ocm01101575/ocm01101575/Output/ocm01101575_0334.tif (deflated 5%)
  adding: mnt/lsdi/ocm01101575/ocm01101575/Output/ocm01101575_0335.tif (deflated 5%)
  adding: mnt/lsdi/ocm01101575/ocm01101575/Output/ocm01101575_0336.tif (deflated 4%)
  adding: mnt/lsdi/ocm01101575/ocm01101575/Output/ocm01101575_0337.tif (deflated 5%)
  adding: mnt/lsdi/ocm01101575/ocm01101575/Output/ocm01101575_0338.tif (deflated 5%)
  adding: mnt/lsdi/ocm01101575/ocm01101575/Output/ocm01101575_0339.tif (deflated 4%)
  adding: mnt/lsdi/ocm01101575/ocm01101575/Output/ocm01101575_0340.tif (deflated 4%)
  adding: mnt/lsdi/ocm01101575/ocm01101575/Output/ocm01101575_0341.tif (deflated 4%)
  adding: mnt/lsdi/ocm01101575/ocm01101575/Output/ocm01101575_0342.tif (deflated 5%)
  adding: mnt/lsdi/ocm01101575/ocm01101575/Output/ocm01101575_0343.tif (deflated 4%)
  adding: mnt/lsdi/ocm01101575/ocm01101575/Output/ocm01101575_0344.tif (deflated 4%)
  adding: mnt/lsdi/ocm01101575/ocm01101575/Output/ocm01101575_0345.tif (deflated 5%)
  adding: mnt/lsdi/ocm01101575/ocm01101575/Output/ocm01101575_0346.tif (deflated 4%)
  adding: mnt/lsdi/ocm01101575/ocm01101575/Output/ocm01101575_0347.tif (deflated 5%)
  adding: mnt/lsdi/ocm01101575/ocm01101575/Output/ocm01101575_0348.tif (deflated 5%)
  adding: mnt/lsdi/ocm01101575/ocm01101575/Output/ocm01101575_0349.tif (deflated 5%)
  adding: mnt/lsdi/ocm01101575/ocm01101575/Output/ocm01101575_0350.tif (deflated 5%)
  adding: mnt/lsdi/ocm01101575/ocm01101575/Output/ocm01101575_0351.tif (deflated 4%)
  adding: mnt/lsdi/ocm01101575/ocm01101575/Output/ocm01101575_0352.tif (deflated 6%)
  adding: mnt/lsdi/ocm01101575/ocm01101575/Output/ocm01101575_0353.tif (deflated 83%)
  adding: mnt/lsdi/ocm01101575/ocm01101575/Output/ocm01101575_0354.tif (deflated 5%)
  adding: mnt/lsdi/ocm01101575/ocm01101575/Output/ocm01101575_0355.tif (deflated 5%)
  adding: mnt/lsdi/ocm01101575/ocm01101575/Output/ocm01101575_0356.tif (deflated 5%)
  adding: mnt/lsdi/ocm01101575/ocm01101575/Output/ocm01101575_0357.tif (deflated 5%)
  adding: mnt/lsdi/ocm01101575/ocm01101575/Output/ocm01101575_0358.tif (deflated 5%)
  adding: mnt/lsdi/ocm01101575/ocm01101575/Output/ocm01101575_0359.tif (deflated 4%)
  adding: mnt/lsdi/ocm01101575/ocm01101575/Output/ocm01101575_0360.tif (deflated 4%)
  adding: mnt/lsdi/ocm01101575/ocm01101575/Output/ocm01101575_0361.tif (deflated 4%)
  adding: mnt/lsdi/ocm01101575/ocm01101575/Output/ocm01101575_0362.tif (deflated 4%)
  adding: mnt/lsdi/ocm01101575/ocm01101575/Output/ocm01101575_0363.tif (deflated 5%)
  adding: mnt/lsdi/ocm01101575/ocm01101575/Output/ocm01101575_0364.tif (deflated 4%)
  adding: mnt/lsdi/ocm01101575/ocm01101575/Output/ocm01101575_0365.tif (deflated 5%)
  adding: mnt/lsdi/ocm01101575/ocm01101575/Output/ocm01101575_0366.tif (deflated 5%)
  adding: mnt/lsdi/ocm01101575/ocm01101575/Output/ocm01101575_0367.tif (deflated 4%)
  adding: mnt/lsdi/ocm01101575/ocm01101575/Output/ocm01101575_0368.tif (deflated 4%)
  adding: mnt/lsdi/ocm01101575/ocm01101575/Output/ocm01101575_0369.tif (deflated 5%)
  adding: mnt/lsdi/ocm01101575/ocm01101575/Output/ocm01101575_0370.tif (deflated 4%)
  adding: mnt/lsdi/ocm01101575/ocm01101575/Output/ocm01101575_0371.tif (deflated 4%)
  adding: mnt/lsdi/ocm01101575/ocm01101575/Output/ocm01101575_0372.tif (deflated 4%)
  adding: mnt/lsdi/ocm01101575/ocm01101575/Output/ocm01101575_0373.tif (deflated 4%)
  adding: mnt/lsdi/ocm01101575/ocm01101575/Output/ocm01101575_0374.tif (deflated 4%)
  adding: mnt/lsdi/ocm01101575/ocm01101575/Output/ocm01101575_0375.tif (deflated 4%)
  adding: mnt/lsdi/ocm01101575/ocm01101575/Output/ocm01101575_0376.tif (deflated 5%)
  adding: mnt/lsdi/ocm01101575/ocm01101575/Output/ocm01101575_0377.tif (deflated 4%)
  adding: mnt/lsdi/ocm01101575/ocm01101575/Output/ocm01101575_0378.tif (deflated 5%)
  adding: mnt/lsdi/ocm01101575/ocm01101575/Output/ocm01101575_0379.tif (deflated 5%)
  adding: mnt/lsdi/ocm01101575/ocm01101575/Output/ocm01101575_0380.tif (deflated 5%)
  adding: mnt/lsdi/ocm01101575/ocm01101575/Output/ocm01101575_0381.tif (deflated 7%)
  adding: mnt/lsdi/ocm01101575/ocm01101575/Output/ocm01101575_0382.tif (deflated 83%)
curl --location --header authorization: LOW fpJYfLnxbLmCEHqU:JQbq6NgBaPrSh98Y --upload-file /temp/ocm01101575_images.zip http://s3.us.archive.org/01101575.emory.edu/01101575_images.zip
  % Total    % Received % Xferd  Average Speed   Time    Time     Time  Current
                                 Dload  Upload   Total   Spent    Left  Speed
  0     0    0     0    0     0      0      0 --:--:-- --:--:-- --:--:--     0  0 24.2M    0     0    0     0      0      0 --:--:--  0:00:01 --:--:--     0  1 24.2M    0     0    1  416k      0   266k  0:01:33  0:00:01  0:01:32  279k  5 24.2M    0     0    5 1328k      0   519k  0:00:47  0:00:02  0:00:45  535k  8 24.2M    0     0    8 2208k      0   629k  0:00:39  0:00:03  0:00:36  643k 12 24.2M    0     0   12 3104k      0   687k  0:00:36  0:00:04  0:00:32  699k 16 24.2M    0     0   16 3984k      0   722k  0:00:34  0:00:05  0:00:29  897k 19 24.2M    0     0   19 4864k      0   746k  0:00:33  0:00:06  0:00:27  897k 23 24.2M    0     0   23 5744k      0   763k  0:00:32  0:00:07  0:00:25  888k 26 24.2M    0     0   26 6576k      0   769k  0:00:32  0:00:08  0:00:24  867k 29 24.2M    0     0   29 7392k      0   776k  0:00:31  0:00:09  0:00:22  857k 33 24.2M    0     0   33 8272k      0   784k  0:00:31  0:00:10  0:00:21  852k 36 24.2M    0     0   36 9088k      0   789k  0:00:31  0:00:11  0:00:20  846k 39 24.2M    0     0   39 9936k      0   793k  0:00:31  0:00:12  0:00:19  839k 43 24.2M    0     0   43 10.5M      0   798k  0:00:31  0:00:13  0:00:18  848k 46 24.2M    0     0   46 11.3M      0   802k  0:00:30  0:00:14  0:00:16  849k 50 24.2M    0     0   50 12.1M      0   803k  0:00:30  0:00:15  0:00:15  843k 53 24.2M    0     0   53 12.9M      0   805k  0:00:30  0:00:16  0:00:14  842k 56 24.2M    0     0   56 13.7M      0   805k  0:00:30  0:00:17  0:00:13  837k 60 24.2M    0     0   60 14.5M      0   806k  0:00:30  0:00:18  0:00:12  826k 63 24.2M    0     0   63 15.3M      0   804k  0:00:30  0:00:19  0:00:11  811k 66 24.2M    0     0   66 16.1M      0   804k  0:00:30  0:00:20  0:00:10  805k 69 24.2M    0     0   69 16.9M      0   806k  0:00:30  0:00:21  0:00:09  808k 73 24.2M    0     0   73 17.7M      0   807k  0:00:30  0:00:22  0:00:08  814k 76 24.2M    0     0   76 18.6M      0   809k  0:00:30  0:00:23  0:00:07  823k 80 24.2M    0     0   80 19.4M      0   812k  0:00:30  0:00:24  0:00:06  842k 83 24.2M    0     0   83 20.2M      0   813k  0:00:30  0:00:25  0:00:05  853k 87 24.2M    0     0   87 21.1M      0   816k  0:00:30  0:00:26  0:00:04  861k 90 24.2M    0     0   90 22.0M      0   818k  0:00:30  0:00:27  0:00:03  866k 94 24.2M    0     0   94 22.8M      0   820k  0:00:30  0:00:28  0:00:02  873k 97 24.2M    0     0   97 23.7M      0   823k  0:00:30  0:00:29  0:00:01  876k100 24.2M    0     0  100 24.2M      0   795k  0:00:31  0:00:31 --:--:--  715k100 24.2M    0     0  100 24.2M      0   784k  0:00:31  0:00:31 --:--:--  617k100 24.2M    0     0  100 24.2M      0   784k  0:00:31  0:00:31 --:--:--  554k
