07674324
curl --location --header x-amz-auto-make-bucket:1 --header x-archive-ignore-preexisting-bucket:1 --header x-archive-queue-derive:0 --header x-archive-meta-mediatype:texts --header x-archive-meta03-collection:emory --header x-archive-meta01-collection:americanmethodism --header x-archive-meta-sponsor:Emory University, Pitts Theology Library --header x-archive-meta-contributor:Emory University, Pitts Theology Library --header x-archive-meta-ppi:300 --header authorization: LOW fpJYfLnxbLmCEHqU:JQbq6NgBaPrSh98Y --upload-file /mnt/lsdi/ocm07674324/ocm07674324/ocm07674324_MRC.xml http://s3.us.archive.org/07674324.emory.edu/07674324.emory.edu_marc.xml
  % Total    % Received % Xferd  Average Speed   Time    Time     Time  Current
                                 Dload  Upload   Total   Spent    Left  Speed
  0     0    0     0    0     0      0      0 --:--:-- --:--:-- --:--:--     0  0  3303    0     0    0     0      0      0 --:--:-- --:--:-- --:--:--     0100  3303    0     0  100  3303      0   1848  0:00:01  0:00:01 --:--:--  1937100  3303    0     0  100  3303      0   1848  0:00:01  0:00:01 --:--:--  1936
zip -r /temp/ocm07674324_images.zip /mnt/lsdi/ocm07674324/ocm07674324/Output/000001.tif /mnt/lsdi/ocm07674324/ocm07674324/Output/000002.tif /mnt/lsdi/ocm07674324/ocm07674324/Output/000003.tif /mnt/lsdi/ocm07674324/ocm07674324/Output/000004.tif /mnt/lsdi/ocm07674324/ocm07674324/Output/000005.tif /mnt/lsdi/ocm07674324/ocm07674324/Output/000006.tif /mnt/lsdi/ocm07674324/ocm07674324/Output/000007.tif /mnt/lsdi/ocm07674324/ocm07674324/Output/000008.tif /mnt/lsdi/ocm07674324/ocm07674324/Output/000009.tif /mnt/lsdi/ocm07674324/ocm07674324/Output/000010.tif /mnt/lsdi/ocm07674324/ocm07674324/Output/000011.tif /mnt/lsdi/ocm07674324/ocm07674324/Output/000012.tif /mnt/lsdi/ocm07674324/ocm07674324/Output/000013.tif /mnt/lsdi/ocm07674324/ocm07674324/Output/000014.tif /mnt/lsdi/ocm07674324/ocm07674324/Output/000015.tif /mnt/lsdi/ocm07674324/ocm07674324/Output/000016.tif /mnt/lsdi/ocm07674324/ocm07674324/Output/000017.tif /mnt/lsdi/ocm07674324/ocm07674324/Output/000018.tif /mnt/lsdi/ocm07674324/ocm07674324/Output/000019.tif /mnt/lsdi/ocm07674324/ocm07674324/Output/000020.tif /mnt/lsdi/ocm07674324/ocm07674324/Output/000021.tif /mnt/lsdi/ocm07674324/ocm07674324/Output/000022.tif /mnt/lsdi/ocm07674324/ocm07674324/Output/000023.tif /mnt/lsdi/ocm07674324/ocm07674324/Output/000024.tif /mnt/lsdi/ocm07674324/ocm07674324/Output/000025.tif /mnt/lsdi/ocm07674324/ocm07674324/Output/000026.tif /mnt/lsdi/ocm07674324/ocm07674324/Output/000027.tif /mnt/lsdi/ocm07674324/ocm07674324/Output/000028.tif /mnt/lsdi/ocm07674324/ocm07674324/Output/000029.tif /mnt/lsdi/ocm07674324/ocm07674324/Output/000030.tif /mnt/lsdi/ocm07674324/ocm07674324/Output/000031.tif /mnt/lsdi/ocm07674324/ocm07674324/Output/000032.tif /mnt/lsdi/ocm07674324/ocm07674324/Output/000033.tif /mnt/lsdi/ocm07674324/ocm07674324/Output/000034.tif /mnt/lsdi/ocm07674324/ocm07674324/Output/000035.tif /mnt/lsdi/ocm07674324/ocm07674324/Output/000036.tif /mnt/lsdi/ocm07674324/ocm07674324/Output/000037.tif /mnt/lsdi/ocm07674324/ocm07674324/Output/000038.tif /mnt/lsdi/ocm07674324/ocm07674324/Output/000039.tif /mnt/lsdi/ocm07674324/ocm07674324/Output/000040.tif /mnt/lsdi/ocm07674324/ocm07674324/Output/000041.tif /mnt/lsdi/ocm07674324/ocm07674324/Output/000042.tif /mnt/lsdi/ocm07674324/ocm07674324/Output/000043.tif /mnt/lsdi/ocm07674324/ocm07674324/Output/000044.tif /mnt/lsdi/ocm07674324/ocm07674324/Output/000045.tif /mnt/lsdi/ocm07674324/ocm07674324/Output/000046.tif /mnt/lsdi/ocm07674324/ocm07674324/Output/000047.tif /mnt/lsdi/ocm07674324/ocm07674324/Output/000048.tif /mnt/lsdi/ocm07674324/ocm07674324/Output/000049.tif /mnt/lsdi/ocm07674324/ocm07674324/Output/000050.tif /mnt/lsdi/ocm07674324/ocm07674324/Output/000051.tif /mnt/lsdi/ocm07674324/ocm07674324/Output/000052.tif /mnt/lsdi/ocm07674324/ocm07674324/Output/000053.tif /mnt/lsdi/ocm07674324/ocm07674324/Output/000054.tif /mnt/lsdi/ocm07674324/ocm07674324/Output/000055.tif /mnt/lsdi/ocm07674324/ocm07674324/Output/000056.tif /mnt/lsdi/ocm07674324/ocm07674324/Output/000057.tif /mnt/lsdi/ocm07674324/ocm07674324/Output/000058.tif /mnt/lsdi/ocm07674324/ocm07674324/Output/000059.tif /mnt/lsdi/ocm07674324/ocm07674324/Output/000060.tif /mnt/lsdi/ocm07674324/ocm07674324/Output/000061.tif /mnt/lsdi/ocm07674324/ocm07674324/Output/000062.tif /mnt/lsdi/ocm07674324/ocm07674324/Output/000063.tif /mnt/lsdi/ocm07674324/ocm07674324/Output/000064.tif /mnt/lsdi/ocm07674324/ocm07674324/Output/000065.tif /mnt/lsdi/ocm07674324/ocm07674324/Output/000066.tif /mnt/lsdi/ocm07674324/ocm07674324/Output/000067.tif /mnt/lsdi/ocm07674324/ocm07674324/Output/000068.tif /mnt/lsdi/ocm07674324/ocm07674324/Output/000069.tif /mnt/lsdi/ocm07674324/ocm07674324/Output/000070.tif /mnt/lsdi/ocm07674324/ocm07674324/Output/000071.tif /mnt/lsdi/ocm07674324/ocm07674324/Output/000072.tif /mnt/lsdi/ocm07674324/ocm07674324/Output/000073.tif /mnt/lsdi/ocm07674324/ocm07674324/Output/000074.tif /mnt/lsdi/ocm07674324/ocm07674324/Output/000075.tif /mnt/lsdi/ocm07674324/ocm07674324/Output/000076.tif /mnt/lsdi/ocm07674324/ocm07674324/Output/000077.tif /mnt/lsdi/ocm07674324/ocm07674324/Output/000078.tif /mnt/lsdi/ocm07674324/ocm07674324/Output/000079.tif /mnt/lsdi/ocm07674324/ocm07674324/Output/000080.tif /mnt/lsdi/ocm07674324/ocm07674324/Output/000081.tif /mnt/lsdi/ocm07674324/ocm07674324/Output/000082.tif /mnt/lsdi/ocm07674324/ocm07674324/Output/000083.tif /mnt/lsdi/ocm07674324/ocm07674324/Output/000084.tif /mnt/lsdi/ocm07674324/ocm07674324/Output/000085.tif /mnt/lsdi/ocm07674324/ocm07674324/Output/000086.tif /mnt/lsdi/ocm07674324/ocm07674324/Output/000087.tif /mnt/lsdi/ocm07674324/ocm07674324/Output/000088.tif /mnt/lsdi/ocm07674324/ocm07674324/Output/000089.tif /mnt/lsdi/ocm07674324/ocm07674324/Output/000090.tif /mnt/lsdi/ocm07674324/ocm07674324/Output/000091.tif /mnt/lsdi/ocm07674324/ocm07674324/Output/000092.tif /mnt/lsdi/ocm07674324/ocm07674324/Output/000093.tif /mnt/lsdi/ocm07674324/ocm07674324/Output/000094.tif /mnt/lsdi/ocm07674324/ocm07674324/Output/000095.tif /mnt/lsdi/ocm07674324/ocm07674324/Output/000096.tif /mnt/lsdi/ocm07674324/ocm07674324/Output/000097.tif /mnt/lsdi/ocm07674324/ocm07674324/Output/000098.tif /mnt/lsdi/ocm07674324/ocm07674324/Output/000099.tif /mnt/lsdi/ocm07674324/ocm07674324/Output/000100.tif /mnt/lsdi/ocm07674324/ocm07674324/Output/000101.tif /mnt/lsdi/ocm07674324/ocm07674324/Output/000102.tif /mnt/lsdi/ocm07674324/ocm07674324/Output/000103.tif /mnt/lsdi/ocm07674324/ocm07674324/Output/000104.tif /mnt/lsdi/ocm07674324/ocm07674324/Output/000105.tif /mnt/lsdi/ocm07674324/ocm07674324/Output/000106.tif /mnt/lsdi/ocm07674324/ocm07674324/Output/000107.tif /mnt/lsdi/ocm07674324/ocm07674324/Output/000108.tif /mnt/lsdi/ocm07674324/ocm07674324/Output/000109.tif /mnt/lsdi/ocm07674324/ocm07674324/Output/000110.tif /mnt/lsdi/ocm07674324/ocm07674324/Output/000111.tif /mnt/lsdi/ocm07674324/ocm07674324/Output/000112.tif /mnt/lsdi/ocm07674324/ocm07674324/Output/000113.tif /mnt/lsdi/ocm07674324/ocm07674324/Output/000114.tif /mnt/lsdi/ocm07674324/ocm07674324/Output/000115.tif /mnt/lsdi/ocm07674324/ocm07674324/Output/000116.tif /mnt/lsdi/ocm07674324/ocm07674324/Output/000117.tif /mnt/lsdi/ocm07674324/ocm07674324/Output/000118.tif /mnt/lsdi/ocm07674324/ocm07674324/Output/000119.tif /mnt/lsdi/ocm07674324/ocm07674324/Output/000120.tif /mnt/lsdi/ocm07674324/ocm07674324/Output/000121.tif /mnt/lsdi/ocm07674324/ocm07674324/Output/000122.tif /mnt/lsdi/ocm07674324/ocm07674324/Output/000123.tif /mnt/lsdi/ocm07674324/ocm07674324/Output/000124.tif /mnt/lsdi/ocm07674324/ocm07674324/Output/000125.tif /mnt/lsdi/ocm07674324/ocm07674324/Output/000126.tif /mnt/lsdi/ocm07674324/ocm07674324/Output/000127.tif /mnt/lsdi/ocm07674324/ocm07674324/Output/000128.tif /mnt/lsdi/ocm07674324/ocm07674324/Output/000129.tif /mnt/lsdi/ocm07674324/ocm07674324/Output/000130.tif /mnt/lsdi/ocm07674324/ocm07674324/Output/000131.tif /mnt/lsdi/ocm07674324/ocm07674324/Output/000132.tif /mnt/lsdi/ocm07674324/ocm07674324/Output/000133.tif /mnt/lsdi/ocm07674324/ocm07674324/Output/000134.tif /mnt/lsdi/ocm07674324/ocm07674324/Output/000135.tif /mnt/lsdi/ocm07674324/ocm07674324/Output/000136.tif /mnt/lsdi/ocm07674324/ocm07674324/Output/000137.tif /mnt/lsdi/ocm07674324/ocm07674324/Output/000138.tif /mnt/lsdi/ocm07674324/ocm07674324/Output/000139.tif /mnt/lsdi/ocm07674324/ocm07674324/Output/000140.tif /mnt/lsdi/ocm07674324/ocm07674324/Output/000141.tif /mnt/lsdi/ocm07674324/ocm07674324/Output/000142.tif /mnt/lsdi/ocm07674324/ocm07674324/Output/000143.tif /mnt/lsdi/ocm07674324/ocm07674324/Output/000144.tif /mnt/lsdi/ocm07674324/ocm07674324/Output/000145.tif /mnt/lsdi/ocm07674324/ocm07674324/Output/000146.tif /mnt/lsdi/ocm07674324/ocm07674324/Output/000147.tif /mnt/lsdi/ocm07674324/ocm07674324/Output/000148.tif /mnt/lsdi/ocm07674324/ocm07674324/Output/000149.tif /mnt/lsdi/ocm07674324/ocm07674324/Output/000150.tif /mnt/lsdi/ocm07674324/ocm07674324/Output/000151.tif /mnt/lsdi/ocm07674324/ocm07674324/Output/000152.tif /mnt/lsdi/ocm07674324/ocm07674324/Output/000153.tif /mnt/lsdi/ocm07674324/ocm07674324/Output/000154.tif /mnt/lsdi/ocm07674324/ocm07674324/Output/000155.tif /mnt/lsdi/ocm07674324/ocm07674324/Output/000156.tif /mnt/lsdi/ocm07674324/ocm07674324/Output/000157.tif /mnt/lsdi/ocm07674324/ocm07674324/Output/000158.tif /mnt/lsdi/ocm07674324/ocm07674324/Output/000159.tif /mnt/lsdi/ocm07674324/ocm07674324/Output/000160.tif /mnt/lsdi/ocm07674324/ocm07674324/Output/000161.tif /mnt/lsdi/ocm07674324/ocm07674324/Output/000162.tif /mnt/lsdi/ocm07674324/ocm07674324/Output/000163.tif /mnt/lsdi/ocm07674324/ocm07674324/Output/000164.tif /mnt/lsdi/ocm07674324/ocm07674324/Output/000165.tif /mnt/lsdi/ocm07674324/ocm07674324/Output/000166.tif /mnt/lsdi/ocm07674324/ocm07674324/Output/000167.tif /mnt/lsdi/ocm07674324/ocm07674324/Output/000168.tif /mnt/lsdi/ocm07674324/ocm07674324/Output/000169.tif /mnt/lsdi/ocm07674324/ocm07674324/Output/000170.tif /mnt/lsdi/ocm07674324/ocm07674324/Output/000171.tif /mnt/lsdi/ocm07674324/ocm07674324/Output/000172.tif /mnt/lsdi/ocm07674324/ocm07674324/Output/000173.tif /mnt/lsdi/ocm07674324/ocm07674324/Output/000174.tif /mnt/lsdi/ocm07674324/ocm07674324/Output/000175.tif /mnt/lsdi/ocm07674324/ocm07674324/Output/000176.tif /mnt/lsdi/ocm07674324/ocm07674324/Output/000177.tif /mnt/lsdi/ocm07674324/ocm07674324/Output/000178.tif /mnt/lsdi/ocm07674324/ocm07674324/Output/000179.tif /mnt/lsdi/ocm07674324/ocm07674324/Output/000180.tif /mnt/lsdi/ocm07674324/ocm07674324/Output/000181.tif /mnt/lsdi/ocm07674324/ocm07674324/Output/000182.tif /mnt/lsdi/ocm07674324/ocm07674324/Output/000183.tif /mnt/lsdi/ocm07674324/ocm07674324/Output/000184.tif /mnt/lsdi/ocm07674324/ocm07674324/Output/000185.tif /mnt/lsdi/ocm07674324/ocm07674324/Output/000186.tif /mnt/lsdi/ocm07674324/ocm07674324/Output/000187.tif /mnt/lsdi/ocm07674324/ocm07674324/Output/000188.tif /mnt/lsdi/ocm07674324/ocm07674324/Output/000189.tif /mnt/lsdi/ocm07674324/ocm07674324/Output/000190.tif /mnt/lsdi/ocm07674324/ocm07674324/Output/000191.tif /mnt/lsdi/ocm07674324/ocm07674324/Output/000192.tif /mnt/lsdi/ocm07674324/ocm07674324/Output/000193.tif /mnt/lsdi/ocm07674324/ocm07674324/Output/000194.tif /mnt/lsdi/ocm07674324/ocm07674324/Output/000195.tif /mnt/lsdi/ocm07674324/ocm07674324/Output/000196.tif /mnt/lsdi/ocm07674324/ocm07674324/Output/000197.tif /mnt/lsdi/ocm07674324/ocm07674324/Output/000198.tif /mnt/lsdi/ocm07674324/ocm07674324/Output/000199.tif /mnt/lsdi/ocm07674324/ocm07674324/Output/000200.tif /mnt/lsdi/ocm07674324/ocm07674324/Output/000201.tif /mnt/lsdi/ocm07674324/ocm07674324/Output/000202.tif /mnt/lsdi/ocm07674324/ocm07674324/Output/000203.tif /mnt/lsdi/ocm07674324/ocm07674324/Output/000204.tif /mnt/lsdi/ocm07674324/ocm07674324/Output/000205.tif /mnt/lsdi/ocm07674324/ocm07674324/Output/000206.tif /mnt/lsdi/ocm07674324/ocm07674324/Output/000207.tif /mnt/lsdi/ocm07674324/ocm07674324/Output/000208.tif /mnt/lsdi/ocm07674324/ocm07674324/Output/000209.tif /mnt/lsdi/ocm07674324/ocm07674324/Output/000210.tif /mnt/lsdi/ocm07674324/ocm07674324/Output/000211.tif /mnt/lsdi/ocm07674324/ocm07674324/Output/000212.tif /mnt/lsdi/ocm07674324/ocm07674324/Output/000213.tif /mnt/lsdi/ocm07674324/ocm07674324/Output/000214.tif /mnt/lsdi/ocm07674324/ocm07674324/Output/000215.tif /mnt/lsdi/ocm07674324/ocm07674324/Output/000216.tif /mnt/lsdi/ocm07674324/ocm07674324/Output/000217.tif /mnt/lsdi/ocm07674324/ocm07674324/Output/000218.tif /mnt/lsdi/ocm07674324/ocm07674324/Output/000219.tif /mnt/lsdi/ocm07674324/ocm07674324/Output/000220.tif /mnt/lsdi/ocm07674324/ocm07674324/Output/000221.tif /mnt/lsdi/ocm07674324/ocm07674324/Output/000222.tif /mnt/lsdi/ocm07674324/ocm07674324/Output/000223.tif /mnt/lsdi/ocm07674324/ocm07674324/Output/000224.tif /mnt/lsdi/ocm07674324/ocm07674324/Output/000225.tif /mnt/lsdi/ocm07674324/ocm07674324/Output/000226.tif /mnt/lsdi/ocm07674324/ocm07674324/Output/000227.tif /mnt/lsdi/ocm07674324/ocm07674324/Output/000228.tif /mnt/lsdi/ocm07674324/ocm07674324/Output/000229.tif /mnt/lsdi/ocm07674324/ocm07674324/Output/000230.tif /mnt/lsdi/ocm07674324/ocm07674324/Output/000231.tif /mnt/lsdi/ocm07674324/ocm07674324/Output/000232.tif /mnt/lsdi/ocm07674324/ocm07674324/Output/000233.tif /mnt/lsdi/ocm07674324/ocm07674324/Output/000234.tif /mnt/lsdi/ocm07674324/ocm07674324/Output/000235.tif /mnt/lsdi/ocm07674324/ocm07674324/Output/000236.tif /mnt/lsdi/ocm07674324/ocm07674324/Output/000237.tif /mnt/lsdi/ocm07674324/ocm07674324/Output/000238.tif /mnt/lsdi/ocm07674324/ocm07674324/Output/000239.tif /mnt/lsdi/ocm07674324/ocm07674324/Output/000240.tif /mnt/lsdi/ocm07674324/ocm07674324/Output/000241.tif /mnt/lsdi/ocm07674324/ocm07674324/Output/000242.tif /mnt/lsdi/ocm07674324/ocm07674324/Output/000243.tif /mnt/lsdi/ocm07674324/ocm07674324/Output/000244.tif /mnt/lsdi/ocm07674324/ocm07674324/Output/000245.tif /mnt/lsdi/ocm07674324/ocm07674324/Output/000246.tif /mnt/lsdi/ocm07674324/ocm07674324/Output/000247.tif /mnt/lsdi/ocm07674324/ocm07674324/Output/000248.tif /mnt/lsdi/ocm07674324/ocm07674324/Output/000249.tif /mnt/lsdi/ocm07674324/ocm07674324/Output/000250.tif /mnt/lsdi/ocm07674324/ocm07674324/Output/000251.tif /mnt/lsdi/ocm07674324/ocm07674324/Output/000252.tif /mnt/lsdi/ocm07674324/ocm07674324/Output/000253.tif /mnt/lsdi/ocm07674324/ocm07674324/Output/000254.tif /mnt/lsdi/ocm07674324/ocm07674324/Output/000255.tif /mnt/lsdi/ocm07674324/ocm07674324/Output/000256.tif /mnt/lsdi/ocm07674324/ocm07674324/Output/000257.tif /mnt/lsdi/ocm07674324/ocm07674324/Output/000258.tif /mnt/lsdi/ocm07674324/ocm07674324/Output/000259.tif /mnt/lsdi/ocm07674324/ocm07674324/Output/000260.tif /mnt/lsdi/ocm07674324/ocm07674324/Output/000261.tif /mnt/lsdi/ocm07674324/ocm07674324/Output/000262.tif /mnt/lsdi/ocm07674324/ocm07674324/Output/000263.tif /mnt/lsdi/ocm07674324/ocm07674324/Output/000264.tif /mnt/lsdi/ocm07674324/ocm07674324/Output/000265.tif /mnt/lsdi/ocm07674324/ocm07674324/Output/000266.tif /mnt/lsdi/ocm07674324/ocm07674324/Output/000267.tif /mnt/lsdi/ocm07674324/ocm07674324/Output/000268.tif /mnt/lsdi/ocm07674324/ocm07674324/Output/000269.tif /mnt/lsdi/ocm07674324/ocm07674324/Output/000270.tif /mnt/lsdi/ocm07674324/ocm07674324/Output/000271.tif /mnt/lsdi/ocm07674324/ocm07674324/Output/000272.tif /mnt/lsdi/ocm07674324/ocm07674324/Output/000273.tif /mnt/lsdi/ocm07674324/ocm07674324/Output/000274.tif /mnt/lsdi/ocm07674324/ocm07674324/Output/000275.tif /mnt/lsdi/ocm07674324/ocm07674324/Output/000276.tif /mnt/lsdi/ocm07674324/ocm07674324/Output/000277.tif /mnt/lsdi/ocm07674324/ocm07674324/Output/000278.tif /mnt/lsdi/ocm07674324/ocm07674324/Output/000279.tif /mnt/lsdi/ocm07674324/ocm07674324/Output/000280.tif /mnt/lsdi/ocm07674324/ocm07674324/Output/000281.tif /mnt/lsdi/ocm07674324/ocm07674324/Output/000282.tif /mnt/lsdi/ocm07674324/ocm07674324/Output/000283.tif /mnt/lsdi/ocm07674324/ocm07674324/Output/000284.tif /mnt/lsdi/ocm07674324/ocm07674324/Output/000285.tif /mnt/lsdi/ocm07674324/ocm07674324/Output/000286.tif /mnt/lsdi/ocm07674324/ocm07674324/Output/000287.tif /mnt/lsdi/ocm07674324/ocm07674324/Output/000288.tif /mnt/lsdi/ocm07674324/ocm07674324/Output/000289.tif /mnt/lsdi/ocm07674324/ocm07674324/Output/000290.tif /mnt/lsdi/ocm07674324/ocm07674324/Output/000291.tif /mnt/lsdi/ocm07674324/ocm07674324/Output/000292.tif /mnt/lsdi/ocm07674324/ocm07674324/Output/000293.tif /mnt/lsdi/ocm07674324/ocm07674324/Output/000294.tif /mnt/lsdi/ocm07674324/ocm07674324/Output/000295.tif /mnt/lsdi/ocm07674324/ocm07674324/Output/000296.tif /mnt/lsdi/ocm07674324/ocm07674324/Output/000297.tif /mnt/lsdi/ocm07674324/ocm07674324/Output/000298.tif /mnt/lsdi/ocm07674324/ocm07674324/Output/000299.tif /mnt/lsdi/ocm07674324/ocm07674324/Output/000300.tif /mnt/lsdi/ocm07674324/ocm07674324/Output/000301.tif /mnt/lsdi/ocm07674324/ocm07674324/Output/000302.tif /mnt/lsdi/ocm07674324/ocm07674324/Output/000303.tif /mnt/lsdi/ocm07674324/ocm07674324/Output/000304.tif /mnt/lsdi/ocm07674324/ocm07674324/Output/000305.tif /mnt/lsdi/ocm07674324/ocm07674324/Output/000306.tif /mnt/lsdi/ocm07674324/ocm07674324/Output/000307.tif /mnt/lsdi/ocm07674324/ocm07674324/Output/000308.tif /mnt/lsdi/ocm07674324/ocm07674324/Output/000309.tif /mnt/lsdi/ocm07674324/ocm07674324/Output/000310.tif /mnt/lsdi/ocm07674324/ocm07674324/Output/000311.tif /mnt/lsdi/ocm07674324/ocm07674324/Output/000312.tif /mnt/lsdi/ocm07674324/ocm07674324/Output/000313.tif /mnt/lsdi/ocm07674324/ocm07674324/Output/000314.tif /mnt/lsdi/ocm07674324/ocm07674324/Output/000315.tif /mnt/lsdi/ocm07674324/ocm07674324/Output/000316.tif /mnt/lsdi/ocm07674324/ocm07674324/Output/000317.tif /mnt/lsdi/ocm07674324/ocm07674324/Output/000318.tif /mnt/lsdi/ocm07674324/ocm07674324/Output/000319.tif /mnt/lsdi/ocm07674324/ocm07674324/Output/000320.tif /mnt/lsdi/ocm07674324/ocm07674324/Output/000321.tif /mnt/lsdi/ocm07674324/ocm07674324/Output/000322.tif /mnt/lsdi/ocm07674324/ocm07674324/Output/000323.tif /mnt/lsdi/ocm07674324/ocm07674324/Output/000324.tif /mnt/lsdi/ocm07674324/ocm07674324/Output/000325.tif /mnt/lsdi/ocm07674324/ocm07674324/Output/000326.tif /mnt/lsdi/ocm07674324/ocm07674324/Output/000327.tif /mnt/lsdi/ocm07674324/ocm07674324/Output/000328.tif /mnt/lsdi/ocm07674324/ocm07674324/Output/000329.tif /mnt/lsdi/ocm07674324/ocm07674324/Output/000330.tif /mnt/lsdi/ocm07674324/ocm07674324/Output/000331.tif /mnt/lsdi/ocm07674324/ocm07674324/Output/000332.tif /mnt/lsdi/ocm07674324/ocm07674324/Output/000333.tif /mnt/lsdi/ocm07674324/ocm07674324/Output/000334.tif /mnt/lsdi/ocm07674324/ocm07674324/Output/000335.tif /mnt/lsdi/ocm07674324/ocm07674324/Output/000336.tif /mnt/lsdi/ocm07674324/ocm07674324/Output/000337.tif /mnt/lsdi/ocm07674324/ocm07674324/Output/000338.tif /mnt/lsdi/ocm07674324/ocm07674324/Output/000339.tif /mnt/lsdi/ocm07674324/ocm07674324/Output/000340.tif /mnt/lsdi/ocm07674324/ocm07674324/Output/000341.tif /mnt/lsdi/ocm07674324/ocm07674324/Output/000342.tif /mnt/lsdi/ocm07674324/ocm07674324/Output/000343.tif /mnt/lsdi/ocm07674324/ocm07674324/Output/000344.tif /mnt/lsdi/ocm07674324/ocm07674324/Output/000345.tif /mnt/lsdi/ocm07674324/ocm07674324/Output/000346.tif /mnt/lsdi/ocm07674324/ocm07674324/Output/000347.tif /mnt/lsdi/ocm07674324/ocm07674324/Output/000348.tif /mnt/lsdi/ocm07674324/ocm07674324/Output/000349.tif /mnt/lsdi/ocm07674324/ocm07674324/Output/000350.tif /mnt/lsdi/ocm07674324/ocm07674324/Output/000351.tif /mnt/lsdi/ocm07674324/ocm07674324/Output/000352.tif /mnt/lsdi/ocm07674324/ocm07674324/Output/000353.tif /mnt/lsdi/ocm07674324/ocm07674324/Output/000354.tif /mnt/lsdi/ocm07674324/ocm07674324/Output/000355.tif /mnt/lsdi/ocm07674324/ocm07674324/Output/000356.tif /mnt/lsdi/ocm07674324/ocm07674324/Output/000357.tif /mnt/lsdi/ocm07674324/ocm07674324/Output/000358.tif /mnt/lsdi/ocm07674324/ocm07674324/Output/000359.tif /mnt/lsdi/ocm07674324/ocm07674324/Output/000360.tif /mnt/lsdi/ocm07674324/ocm07674324/Output/000361.tif /mnt/lsdi/ocm07674324/ocm07674324/Output/000362.tif /mnt/lsdi/ocm07674324/ocm07674324/Output/000363.tif /mnt/lsdi/ocm07674324/ocm07674324/Output/000364.tif /mnt/lsdi/ocm07674324/ocm07674324/Output/000365.tif /mnt/lsdi/ocm07674324/ocm07674324/Output/000366.tif /mnt/lsdi/ocm07674324/ocm07674324/Output/000367.tif /mnt/lsdi/ocm07674324/ocm07674324/Output/000368.tif /mnt/lsdi/ocm07674324/ocm07674324/Output/000369.tif /mnt/lsdi/ocm07674324/ocm07674324/Output/000370.tif /mnt/lsdi/ocm07674324/ocm07674324/Output/000371.tif /mnt/lsdi/ocm07674324/ocm07674324/Output/000372.tif /mnt/lsdi/ocm07674324/ocm07674324/Output/000373.tif /mnt/lsdi/ocm07674324/ocm07674324/Output/000374.tif /mnt/lsdi/ocm07674324/ocm07674324/Output/000375.tif /mnt/lsdi/ocm07674324/ocm07674324/Output/000376.tif /mnt/lsdi/ocm07674324/ocm07674324/Output/000377.tif /mnt/lsdi/ocm07674324/ocm07674324/Output/000378.tif /mnt/lsdi/ocm07674324/ocm07674324/Output/000379.tif /mnt/lsdi/ocm07674324/ocm07674324/Output/000380.tif /mnt/lsdi/ocm07674324/ocm07674324/Output/000381.tif /mnt/lsdi/ocm07674324/ocm07674324/Output/000382.tif /mnt/lsdi/ocm07674324/ocm07674324/Output/000383.tif /mnt/lsdi/ocm07674324/ocm07674324/Output/000384.tif /mnt/lsdi/ocm07674324/ocm07674324/Output/000385.tif /mnt/lsdi/ocm07674324/ocm07674324/Output/000386.tif /mnt/lsdi/ocm07674324/ocm07674324/Output/000387.tif /mnt/lsdi/ocm07674324/ocm07674324/Output/000388.tif /mnt/lsdi/ocm07674324/ocm07674324/Output/000389.tif /mnt/lsdi/ocm07674324/ocm07674324/Output/000390.tif /mnt/lsdi/ocm07674324/ocm07674324/Output/000391.tif /mnt/lsdi/ocm07674324/ocm07674324/Output/000392.tif /mnt/lsdi/ocm07674324/ocm07674324/Output/000393.tif /mnt/lsdi/ocm07674324/ocm07674324/Output/000394.tif /mnt/lsdi/ocm07674324/ocm07674324/Output/000395.tif /mnt/lsdi/ocm07674324/ocm07674324/Output/000396.tif /mnt/lsdi/ocm07674324/ocm07674324/Output/000397.tif /mnt/lsdi/ocm07674324/ocm07674324/Output/000398.tif /mnt/lsdi/ocm07674324/ocm07674324/Output/000399.tif /mnt/lsdi/ocm07674324/ocm07674324/Output/000400.tif /mnt/lsdi/ocm07674324/ocm07674324/Output/000401.tif /mnt/lsdi/ocm07674324/ocm07674324/Output/000402.tif /mnt/lsdi/ocm07674324/ocm07674324/Output/000403.tif /mnt/lsdi/ocm07674324/ocm07674324/Output/000404.tif /mnt/lsdi/ocm07674324/ocm07674324/Output/000405.tif /mnt/lsdi/ocm07674324/ocm07674324/Output/000406.tif /mnt/lsdi/ocm07674324/ocm07674324/Output/000407.tif /mnt/lsdi/ocm07674324/ocm07674324/Output/000408.tif /mnt/lsdi/ocm07674324/ocm07674324/Output/000409.tif /mnt/lsdi/ocm07674324/ocm07674324/Output/000410.tif /mnt/lsdi/ocm07674324/ocm07674324/Output/000411.tif /mnt/lsdi/ocm07674324/ocm07674324/Output/000412.tif /mnt/lsdi/ocm07674324/ocm07674324/Output/000413.tif /mnt/lsdi/ocm07674324/ocm07674324/Output/000414.tif /mnt/lsdi/ocm07674324/ocm07674324/Output/000415.tif /mnt/lsdi/ocm07674324/ocm07674324/Output/000416.tif /mnt/lsdi/ocm07674324/ocm07674324/Output/000417.tif /mnt/lsdi/ocm07674324/ocm07674324/Output/000418.tif /mnt/lsdi/ocm07674324/ocm07674324/Output/000419.tif /mnt/lsdi/ocm07674324/ocm07674324/Output/000420.tif /mnt/lsdi/ocm07674324/ocm07674324/Output/000421.tif /mnt/lsdi/ocm07674324/ocm07674324/Output/000422.tif /mnt/lsdi/ocm07674324/ocm07674324/Output/000423.tif
  adding: mnt/lsdi/ocm07674324/ocm07674324/Output/000001.tif (deflated 100%)
  adding: mnt/lsdi/ocm07674324/ocm07674324/Output/000002.tif (deflated 84%)
  adding: mnt/lsdi/ocm07674324/ocm07674324/Output/000003.tif (deflated 84%)
  adding: mnt/lsdi/ocm07674324/ocm07674324/Output/000004.tif (deflated 3%)
  adding: mnt/lsdi/ocm07674324/ocm07674324/Output/000005.tif (deflated 6%)
  adding: mnt/lsdi/ocm07674324/ocm07674324/Output/000006.tif (deflated 11%)
  adding: mnt/lsdi/ocm07674324/ocm07674324/Output/000007.tif (deflated 8%)
  adding: mnt/lsdi/ocm07674324/ocm07674324/Output/000008.tif (deflated 12%)
  adding: mnt/lsdi/ocm07674324/ocm07674324/Output/000009.tif (deflated 5%)
  adding: mnt/lsdi/ocm07674324/ocm07674324/Output/000010.tif (deflated 5%)
  adding: mnt/lsdi/ocm07674324/ocm07674324/Output/000011.tif (deflated 3%)
  adding: mnt/lsdi/ocm07674324/ocm07674324/Output/000012.tif (deflated 4%)
  adding: mnt/lsdi/ocm07674324/ocm07674324/Output/000013.tif (deflated 6%)
  adding: mnt/lsdi/ocm07674324/ocm07674324/Output/000014.tif (deflated 6%)
  adding: mnt/lsdi/ocm07674324/ocm07674324/Output/000015.tif (deflated 84%)
  adding: mnt/lsdi/ocm07674324/ocm07674324/Output/000016.tif (deflated 3%)
  adding: mnt/lsdi/ocm07674324/ocm07674324/Output/000017.tif (deflated 5%)
  adding: mnt/lsdi/ocm07674324/ocm07674324/Output/000018.tif (deflated 5%)
  adding: mnt/lsdi/ocm07674324/ocm07674324/Output/000019.tif (deflated 5%)
  adding: mnt/lsdi/ocm07674324/ocm07674324/Output/000020.tif (deflated 5%)
  adding: mnt/lsdi/ocm07674324/ocm07674324/Output/000021.tif (deflated 8%)
  adding: mnt/lsdi/ocm07674324/ocm07674324/Output/000022.tif (deflated 5%)
  adding: mnt/lsdi/ocm07674324/ocm07674324/Output/000023.tif (deflated 3%)
  adding: mnt/lsdi/ocm07674324/ocm07674324/Output/000024.tif (deflated 84%)
  adding: mnt/lsdi/ocm07674324/ocm07674324/Output/000025.tif (deflated 6%)
  adding: mnt/lsdi/ocm07674324/ocm07674324/Output/000026.tif (deflated 5%)
  adding: mnt/lsdi/ocm07674324/ocm07674324/Output/000027.tif (deflated 5%)
  adding: mnt/lsdi/ocm07674324/ocm07674324/Output/000028.tif (deflated 5%)
  adding: mnt/lsdi/ocm07674324/ocm07674324/Output/000029.tif (deflated 5%)
  adding: mnt/lsdi/ocm07674324/ocm07674324/Output/000030.tif (deflated 5%)
  adding: mnt/lsdi/ocm07674324/ocm07674324/Output/000031.tif (deflated 3%)
  adding: mnt/lsdi/ocm07674324/ocm07674324/Output/000032.tif (deflated 84%)
  adding: mnt/lsdi/ocm07674324/ocm07674324/Output/000033.tif (deflated 5%)
  adding: mnt/lsdi/ocm07674324/ocm07674324/Output/000034.tif (deflated 4%)
  adding: mnt/lsdi/ocm07674324/ocm07674324/Output/000035.tif (deflated 7%)
  adding: mnt/lsdi/ocm07674324/ocm07674324/Output/000036.tif (deflated 5%)
  adding: mnt/lsdi/ocm07674324/ocm07674324/Output/000037.tif (deflated 3%)
  adding: mnt/lsdi/ocm07674324/ocm07674324/Output/000038.tif (deflated 84%)
  adding: mnt/lsdi/ocm07674324/ocm07674324/Output/000039.tif (deflated 5%)
  adding: mnt/lsdi/ocm07674324/ocm07674324/Output/000040.tif (deflated 5%)
  adding: mnt/lsdi/ocm07674324/ocm07674324/Output/000041.tif (deflated 5%)
  adding: mnt/lsdi/ocm07674324/ocm07674324/Output/000042.tif (deflated 6%)
  adding: mnt/lsdi/ocm07674324/ocm07674324/Output/000043.tif (deflated 6%)
  adding: mnt/lsdi/ocm07674324/ocm07674324/Output/000044.tif (deflated 5%)
  adding: mnt/lsdi/ocm07674324/ocm07674324/Output/000045.tif (deflated 3%)
  adding: mnt/lsdi/ocm07674324/ocm07674324/Output/000046.tif (deflated 84%)
  adding: mnt/lsdi/ocm07674324/ocm07674324/Output/000047.tif (deflated 6%)
  adding: mnt/lsdi/ocm07674324/ocm07674324/Output/000048.tif (deflated 4%)
  adding: mnt/lsdi/ocm07674324/ocm07674324/Output/000049.tif (deflated 5%)
  adding: mnt/lsdi/ocm07674324/ocm07674324/Output/000050.tif (deflated 5%)
  adding: mnt/lsdi/ocm07674324/ocm07674324/Output/000051.tif (deflated 6%)
  adding: mnt/lsdi/ocm07674324/ocm07674324/Output/000052.tif (deflated 4%)
  adding: mnt/lsdi/ocm07674324/ocm07674324/Output/000053.tif (deflated 3%)
  adding: mnt/lsdi/ocm07674324/ocm07674324/Output/000054.tif (deflated 84%)
  adding: mnt/lsdi/ocm07674324/ocm07674324/Output/000055.tif (deflated 4%)
  adding: mnt/lsdi/ocm07674324/ocm07674324/Output/000056.tif (deflated 4%)
  adding: mnt/lsdi/ocm07674324/ocm07674324/Output/000057.tif (deflated 84%)
  adding: mnt/lsdi/ocm07674324/ocm07674324/Output/000058.tif (deflated 2%)
  adding: mnt/lsdi/ocm07674324/ocm07674324/Output/000059.tif (deflated 4%)
  adding: mnt/lsdi/ocm07674324/ocm07674324/Output/000060.tif (deflated 4%)
  adding: mnt/lsdi/ocm07674324/ocm07674324/Output/000061.tif (deflated 5%)
  adding: mnt/lsdi/ocm07674324/ocm07674324/Output/000062.tif (deflated 5%)
  adding: mnt/lsdi/ocm07674324/ocm07674324/Output/000063.tif (deflated 6%)
  adding: mnt/lsdi/ocm07674324/ocm07674324/Output/000064.tif (deflated 10%)
  adding: mnt/lsdi/ocm07674324/ocm07674324/Output/000065.tif (deflated 4%)
  adding: mnt/lsdi/ocm07674324/ocm07674324/Output/000066.tif (deflated 5%)
  adding: mnt/lsdi/ocm07674324/ocm07674324/Output/000067.tif (deflated 5%)
  adding: mnt/lsdi/ocm07674324/ocm07674324/Output/000068.tif (deflated 5%)
  adding: mnt/lsdi/ocm07674324/ocm07674324/Output/000069.tif (deflated 6%)
  adding: mnt/lsdi/ocm07674324/ocm07674324/Output/000070.tif (deflated 6%)
  adding: mnt/lsdi/ocm07674324/ocm07674324/Output/000071.tif (deflated 84%)
  adding: mnt/lsdi/ocm07674324/ocm07674324/Output/000072.tif (deflated 3%)
  adding: mnt/lsdi/ocm07674324/ocm07674324/Output/000073.tif (deflated 5%)
  adding: mnt/lsdi/ocm07674324/ocm07674324/Output/000074.tif (deflated 5%)
  adding: mnt/lsdi/ocm07674324/ocm07674324/Output/000075.tif (deflated 5%)
  adding: mnt/lsdi/ocm07674324/ocm07674324/Output/000076.tif (deflated 4%)
  adding: mnt/lsdi/ocm07674324/ocm07674324/Output/000077.tif (deflated 84%)
  adding: mnt/lsdi/ocm07674324/ocm07674324/Output/000078.tif (deflated 3%)
  adding: mnt/lsdi/ocm07674324/ocm07674324/Output/000079.tif (deflated 5%)
  adding: mnt/lsdi/ocm07674324/ocm07674324/Output/000080.tif (deflated 5%)
  adding: mnt/lsdi/ocm07674324/ocm07674324/Output/000081.tif (deflated 6%)
  adding: mnt/lsdi/ocm07674324/ocm07674324/Output/000082.tif (deflated 5%)
  adding: mnt/lsdi/ocm07674324/ocm07674324/Output/000083.tif (deflated 5%)
  adding: mnt/lsdi/ocm07674324/ocm07674324/Output/000084.tif (deflated 5%)
  adding: mnt/lsdi/ocm07674324/ocm07674324/Output/000085.tif (deflated 5%)
  adding: mnt/lsdi/ocm07674324/ocm07674324/Output/000086.tif (deflated 5%)
  adding: mnt/lsdi/ocm07674324/ocm07674324/Output/000087.tif (deflated 5%)
  adding: mnt/lsdi/ocm07674324/ocm07674324/Output/000088.tif (deflated 6%)
  adding: mnt/lsdi/ocm07674324/ocm07674324/Output/000089.tif (deflated 6%)
  adding: mnt/lsdi/ocm07674324/ocm07674324/Output/000090.tif (deflated 7%)
  adding: mnt/lsdi/ocm07674324/ocm07674324/Output/000091.tif (deflated 4%)
  adding: mnt/lsdi/ocm07674324/ocm07674324/Output/000092.tif (deflated 5%)
  adding: mnt/lsdi/ocm07674324/ocm07674324/Output/000093.tif (deflated 4%)
  adding: mnt/lsdi/ocm07674324/ocm07674324/Output/000094.tif (deflated 5%)
  adding: mnt/lsdi/ocm07674324/ocm07674324/Output/000095.tif (deflated 5%)
  adding: mnt/lsdi/ocm07674324/ocm07674324/Output/000096.tif (deflated 6%)
  adding: mnt/lsdi/ocm07674324/ocm07674324/Output/000097.tif (deflated 84%)
  adding: mnt/lsdi/ocm07674324/ocm07674324/Output/000098.tif (deflated 3%)
  adding: mnt/lsdi/ocm07674324/ocm07674324/Output/000099.tif (deflated 6%)
  adding: mnt/lsdi/ocm07674324/ocm07674324/Output/000100.tif (deflated 5%)
  adding: mnt/lsdi/ocm07674324/ocm07674324/Output/000101.tif (deflated 6%)
  adding: mnt/lsdi/ocm07674324/ocm07674324/Output/000102.tif (deflated 4%)
  adding: mnt/lsdi/ocm07674324/ocm07674324/Output/000103.tif (deflated 5%)
  adding: mnt/lsdi/ocm07674324/ocm07674324/Output/000104.tif (deflated 6%)
  adding: mnt/lsdi/ocm07674324/ocm07674324/Output/000105.tif (deflated 84%)
  adding: mnt/lsdi/ocm07674324/ocm07674324/Output/000106.tif (deflated 3%)
  adding: mnt/lsdi/ocm07674324/ocm07674324/Output/000107.tif (deflated 5%)
  adding: mnt/lsdi/ocm07674324/ocm07674324/Output/000108.tif (deflated 5%)
  adding: mnt/lsdi/ocm07674324/ocm07674324/Output/000109.tif (deflated 6%)
  adding: mnt/lsdi/ocm07674324/ocm07674324/Output/000110.tif (deflated 5%)
  adding: mnt/lsdi/ocm07674324/ocm07674324/Output/000111.tif (deflated 5%)
  adding: mnt/lsdi/ocm07674324/ocm07674324/Output/000112.tif (deflated 5%)
  adding: mnt/lsdi/ocm07674324/ocm07674324/Output/000113.tif (deflated 5%)
  adding: mnt/lsdi/ocm07674324/ocm07674324/Output/000114.tif (deflated 7%)
  adding: mnt/lsdi/ocm07674324/ocm07674324/Output/000115.tif (deflated 5%)
  adding: mnt/lsdi/ocm07674324/ocm07674324/Output/000116.tif (deflated 5%)
  adding: mnt/lsdi/ocm07674324/ocm07674324/Output/000117.tif (deflated 6%)
  adding: mnt/lsdi/ocm07674324/ocm07674324/Output/000118.tif (deflated 5%)
  adding: mnt/lsdi/ocm07674324/ocm07674324/Output/000119.tif (deflated 5%)
  adding: mnt/lsdi/ocm07674324/ocm07674324/Output/000120.tif (deflated 4%)
  adding: mnt/lsdi/ocm07674324/ocm07674324/Output/000121.tif (deflated 3%)
  adding: mnt/lsdi/ocm07674324/ocm07674324/Output/000122.tif (deflated 84%)
  adding: mnt/lsdi/ocm07674324/ocm07674324/Output/000123.tif (deflated 5%)
  adding: mnt/lsdi/ocm07674324/ocm07674324/Output/000124.tif (deflated 5%)
  adding: mnt/lsdi/ocm07674324/ocm07674324/Output/000125.tif (deflated 5%)
  adding: mnt/lsdi/ocm07674324/ocm07674324/Output/000126.tif (deflated 6%)
  adding: mnt/lsdi/ocm07674324/ocm07674324/Output/000127.tif (deflated 5%)
  adding: mnt/lsdi/ocm07674324/ocm07674324/Output/000128.tif (deflated 6%)
  adding: mnt/lsdi/ocm07674324/ocm07674324/Output/000129.tif (deflated 5%)
  adding: mnt/lsdi/ocm07674324/ocm07674324/Output/000130.tif (deflated 5%)
  adding: mnt/lsdi/ocm07674324/ocm07674324/Output/000131.tif (deflated 5%)
  adding: mnt/lsdi/ocm07674324/ocm07674324/Output/000132.tif (deflated 4%)
  adding: mnt/lsdi/ocm07674324/ocm07674324/Output/000133.tif (deflated 5%)
  adding: mnt/lsdi/ocm07674324/ocm07674324/Output/000134.tif (deflated 6%)
  adding: mnt/lsdi/ocm07674324/ocm07674324/Output/000135.tif (deflated 6%)
  adding: mnt/lsdi/ocm07674324/ocm07674324/Output/000136.tif (deflated 6%)
  adding: mnt/lsdi/ocm07674324/ocm07674324/Output/000137.tif (deflated 6%)
  adding: mnt/lsdi/ocm07674324/ocm07674324/Output/000138.tif (deflated 6%)
  adding: mnt/lsdi/ocm07674324/ocm07674324/Output/000139.tif (deflated 84%)
  adding: mnt/lsdi/ocm07674324/ocm07674324/Output/000140.tif (deflated 2%)
  adding: mnt/lsdi/ocm07674324/ocm07674324/Output/000141.tif (deflated 5%)
  adding: mnt/lsdi/ocm07674324/ocm07674324/Output/000142.tif (deflated 5%)
  adding: mnt/lsdi/ocm07674324/ocm07674324/Output/000143.tif (deflated 6%)
  adding: mnt/lsdi/ocm07674324/ocm07674324/Output/000144.tif (deflated 6%)
  adding: mnt/lsdi/ocm07674324/ocm07674324/Output/000145.tif (deflated 5%)
  adding: mnt/lsdi/ocm07674324/ocm07674324/Output/000146.tif (deflated 5%)
  adding: mnt/lsdi/ocm07674324/ocm07674324/Output/000147.tif (deflated 5%)
  adding: mnt/lsdi/ocm07674324/ocm07674324/Output/000148.tif (deflated 6%)
  adding: mnt/lsdi/ocm07674324/ocm07674324/Output/000149.tif (deflated 5%)
  adding: mnt/lsdi/ocm07674324/ocm07674324/Output/000150.tif (deflated 4%)
  adding: mnt/lsdi/ocm07674324/ocm07674324/Output/000151.tif (deflated 3%)
  adding: mnt/lsdi/ocm07674324/ocm07674324/Output/000152.tif (deflated 84%)
  adding: mnt/lsdi/ocm07674324/ocm07674324/Output/000153.tif (deflated 5%)
  adding: mnt/lsdi/ocm07674324/ocm07674324/Output/000154.tif (deflated 6%)
  adding: mnt/lsdi/ocm07674324/ocm07674324/Output/000155.tif (deflated 6%)
  adding: mnt/lsdi/ocm07674324/ocm07674324/Output/000156.tif (deflated 6%)
  adding: mnt/lsdi/ocm07674324/ocm07674324/Output/000157.tif (deflated 5%)
  adding: mnt/lsdi/ocm07674324/ocm07674324/Output/000158.tif (deflated 5%)
  adding: mnt/lsdi/ocm07674324/ocm07674324/Output/000159.tif (deflated 5%)
  adding: mnt/lsdi/ocm07674324/ocm07674324/Output/000160.tif (deflated 6%)
  adding: mnt/lsdi/ocm07674324/ocm07674324/Output/000161.tif (deflated 6%)
  adding: mnt/lsdi/ocm07674324/ocm07674324/Output/000162.tif (deflated 5%)
  adding: mnt/lsdi/ocm07674324/ocm07674324/Output/000163.tif (deflated 3%)
  adding: mnt/lsdi/ocm07674324/ocm07674324/Output/000164.tif (deflated 84%)
  adding: mnt/lsdi/ocm07674324/ocm07674324/Output/000165.tif (deflated 6%)
  adding: mnt/lsdi/ocm07674324/ocm07674324/Output/000166.tif (deflated 5%)
  adding: mnt/lsdi/ocm07674324/ocm07674324/Output/000167.tif (deflated 5%)
  adding: mnt/lsdi/ocm07674324/ocm07674324/Output/000168.tif (deflated 5%)
  adding: mnt/lsdi/ocm07674324/ocm07674324/Output/000169.tif (deflated 5%)
  adding: mnt/lsdi/ocm07674324/ocm07674324/Output/000170.tif (deflated 5%)
  adding: mnt/lsdi/ocm07674324/ocm07674324/Output/000171.tif (deflated 3%)
  adding: mnt/lsdi/ocm07674324/ocm07674324/Output/000172.tif (deflated 84%)
  adding: mnt/lsdi/ocm07674324/ocm07674324/Output/000173.tif (deflated 6%)
  adding: mnt/lsdi/ocm07674324/ocm07674324/Output/000174.tif (deflated 6%)
  adding: mnt/lsdi/ocm07674324/ocm07674324/Output/000175.tif (deflated 6%)
  adding: mnt/lsdi/ocm07674324/ocm07674324/Output/000176.tif (deflated 5%)
  adding: mnt/lsdi/ocm07674324/ocm07674324/Output/000177.tif (deflated 5%)
  adding: mnt/lsdi/ocm07674324/ocm07674324/Output/000178.tif (deflated 5%)
  adding: mnt/lsdi/ocm07674324/ocm07674324/Output/000179.tif (deflated 5%)
  adding: mnt/lsdi/ocm07674324/ocm07674324/Output/000180.tif (deflated 9%)
  adding: mnt/lsdi/ocm07674324/ocm07674324/Output/000181.tif (deflated 84%)
  adding: mnt/lsdi/ocm07674324/ocm07674324/Output/000182.tif (deflated 2%)
  adding: mnt/lsdi/ocm07674324/ocm07674324/Output/000183.tif (deflated 5%)
  adding: mnt/lsdi/ocm07674324/ocm07674324/Output/000184.tif (deflated 6%)
  adding: mnt/lsdi/ocm07674324/ocm07674324/Output/000185.tif (deflated 5%)
  adding: mnt/lsdi/ocm07674324/ocm07674324/Output/000186.tif (deflated 6%)
  adding: mnt/lsdi/ocm07674324/ocm07674324/Output/000187.tif (deflated 5%)
  adding: mnt/lsdi/ocm07674324/ocm07674324/Output/000188.tif (deflated 6%)
  adding: mnt/lsdi/ocm07674324/ocm07674324/Output/000189.tif (deflated 5%)
  adding: mnt/lsdi/ocm07674324/ocm07674324/Output/000190.tif (deflated 6%)
  adding: mnt/lsdi/ocm07674324/ocm07674324/Output/000191.tif (deflated 6%)
  adding: mnt/lsdi/ocm07674324/ocm07674324/Output/000192.tif (deflated 5%)
  adding: mnt/lsdi/ocm07674324/ocm07674324/Output/000193.tif (deflated 5%)
  adding: mnt/lsdi/ocm07674324/ocm07674324/Output/000194.tif (deflated 6%)
  adding: mnt/lsdi/ocm07674324/ocm07674324/Output/000195.tif (deflated 5%)
  adding: mnt/lsdi/ocm07674324/ocm07674324/Output/000196.tif (deflated 5%)
  adding: mnt/lsdi/ocm07674324/ocm07674324/Output/000197.tif (deflated 5%)
  adding: mnt/lsdi/ocm07674324/ocm07674324/Output/000198.tif (deflated 5%)
  adding: mnt/lsdi/ocm07674324/ocm07674324/Output/000199.tif (deflated 5%)
  adding: mnt/lsdi/ocm07674324/ocm07674324/Output/000200.tif (deflated 5%)
  adding: mnt/lsdi/ocm07674324/ocm07674324/Output/000201.tif (deflated 5%)
  adding: mnt/lsdi/ocm07674324/ocm07674324/Output/000202.tif (deflated 5%)
  adding: mnt/lsdi/ocm07674324/ocm07674324/Output/000203.tif (deflated 4%)
  adding: mnt/lsdi/ocm07674324/ocm07674324/Output/000204.tif (deflated 4%)
  adding: mnt/lsdi/ocm07674324/ocm07674324/Output/000205.tif (deflated 6%)
  adding: mnt/lsdi/ocm07674324/ocm07674324/Output/000206.tif (deflated 3%)
  adding: mnt/lsdi/ocm07674324/ocm07674324/Output/000207.tif (deflated 3%)
  adding: mnt/lsdi/ocm07674324/ocm07674324/Output/000208.tif (deflated 84%)
  adding: mnt/lsdi/ocm07674324/ocm07674324/Output/000209.tif (deflated 5%)
  adding: mnt/lsdi/ocm07674324/ocm07674324/Output/000210.tif (deflated 5%)
  adding: mnt/lsdi/ocm07674324/ocm07674324/Output/000211.tif (deflated 5%)
  adding: mnt/lsdi/ocm07674324/ocm07674324/Output/000212.tif (deflated 6%)
  adding: mnt/lsdi/ocm07674324/ocm07674324/Output/000213.tif (deflated 5%)
  adding: mnt/lsdi/ocm07674324/ocm07674324/Output/000214.tif (deflated 5%)
  adding: mnt/lsdi/ocm07674324/ocm07674324/Output/000215.tif (deflated 5%)
  adding: mnt/lsdi/ocm07674324/ocm07674324/Output/000216.tif (deflated 5%)
  adding: mnt/lsdi/ocm07674324/ocm07674324/Output/000217.tif (deflated 5%)
  adding: mnt/lsdi/ocm07674324/ocm07674324/Output/000218.tif (deflated 5%)
  adding: mnt/lsdi/ocm07674324/ocm07674324/Output/000219.tif (deflated 6%)
  adding: mnt/lsdi/ocm07674324/ocm07674324/Output/000220.tif (deflated 5%)
  adding: mnt/lsdi/ocm07674324/ocm07674324/Output/000221.tif (deflated 4%)
  adding: mnt/lsdi/ocm07674324/ocm07674324/Output/000222.tif (deflated 5%)
  adding: mnt/lsdi/ocm07674324/ocm07674324/Output/000223.tif (deflated 7%)
  adding: mnt/lsdi/ocm07674324/ocm07674324/Output/000224.tif (deflated 5%)
  adding: mnt/lsdi/ocm07674324/ocm07674324/Output/000225.tif (deflated 6%)
  adding: mnt/lsdi/ocm07674324/ocm07674324/Output/000226.tif (deflated 6%)
  adding: mnt/lsdi/ocm07674324/ocm07674324/Output/000227.tif (deflated 6%)
  adding: mnt/lsdi/ocm07674324/ocm07674324/Output/000228.tif (deflated 6%)
  adding: mnt/lsdi/ocm07674324/ocm07674324/Output/000229.tif (deflated 6%)
  adding: mnt/lsdi/ocm07674324/ocm07674324/Output/000230.tif (deflated 5%)
  adding: mnt/lsdi/ocm07674324/ocm07674324/Output/000231.tif (deflated 5%)
  adding: mnt/lsdi/ocm07674324/ocm07674324/Output/000232.tif (deflated 5%)
  adding: mnt/lsdi/ocm07674324/ocm07674324/Output/000233.tif (deflated 5%)
  adding: mnt/lsdi/ocm07674324/ocm07674324/Output/000234.tif (deflated 6%)
  adding: mnt/lsdi/ocm07674324/ocm07674324/Output/000235.tif (deflated 6%)
  adding: mnt/lsdi/ocm07674324/ocm07674324/Output/000236.tif (deflated 7%)
  adding: mnt/lsdi/ocm07674324/ocm07674324/Output/000237.tif (deflated 4%)
  adding: mnt/lsdi/ocm07674324/ocm07674324/Output/000238.tif (deflated 5%)
  adding: mnt/lsdi/ocm07674324/ocm07674324/Output/000239.tif (deflated 5%)
  adding: mnt/lsdi/ocm07674324/ocm07674324/Output/000240.tif (deflated 5%)
  adding: mnt/lsdi/ocm07674324/ocm07674324/Output/000241.tif (deflated 6%)
  adding: mnt/lsdi/ocm07674324/ocm07674324/Output/000242.tif (deflated 6%)
  adding: mnt/lsdi/ocm07674324/ocm07674324/Output/000243.tif (deflated 6%)
  adding: mnt/lsdi/ocm07674324/ocm07674324/Output/000244.tif (deflated 12%)
  adding: mnt/lsdi/ocm07674324/ocm07674324/Output/000245.tif (deflated 84%)
  adding: mnt/lsdi/ocm07674324/ocm07674324/Output/000246.tif (deflated 2%)
  adding: mnt/lsdi/ocm07674324/ocm07674324/Output/000247.tif (deflated 5%)
  adding: mnt/lsdi/ocm07674324/ocm07674324/Output/000248.tif (deflated 5%)
  adding: mnt/lsdi/ocm07674324/ocm07674324/Output/000249.tif (deflated 5%)
  adding: mnt/lsdi/ocm07674324/ocm07674324/Output/000250.tif (deflated 5%)
  adding: mnt/lsdi/ocm07674324/ocm07674324/Output/000251.tif (deflated 5%)
  adding: mnt/lsdi/ocm07674324/ocm07674324/Output/000252.tif (deflated 6%)
  adding: mnt/lsdi/ocm07674324/ocm07674324/Output/000253.tif (deflated 84%)
  adding: mnt/lsdi/ocm07674324/ocm07674324/Output/000254.tif (deflated 2%)
  adding: mnt/lsdi/ocm07674324/ocm07674324/Output/000255.tif (deflated 5%)
  adding: mnt/lsdi/ocm07674324/ocm07674324/Output/000256.tif (deflated 5%)
  adding: mnt/lsdi/ocm07674324/ocm07674324/Output/000257.tif (deflated 5%)
  adding: mnt/lsdi/ocm07674324/ocm07674324/Output/000258.tif (deflated 5%)
  adding: mnt/lsdi/ocm07674324/ocm07674324/Output/000259.tif (deflated 5%)
  adding: mnt/lsdi/ocm07674324/ocm07674324/Output/000260.tif (deflated 5%)
  adding: mnt/lsdi/ocm07674324/ocm07674324/Output/000261.tif (deflated 5%)
  adding: mnt/lsdi/ocm07674324/ocm07674324/Output/000262.tif (deflated 6%)
  adding: mnt/lsdi/ocm07674324/ocm07674324/Output/000263.tif (deflated 10%)
  adding: mnt/lsdi/ocm07674324/ocm07674324/Output/000264.tif (deflated 6%)
  adding: mnt/lsdi/ocm07674324/ocm07674324/Output/000265.tif (deflated 3%)
  adding: mnt/lsdi/ocm07674324/ocm07674324/Output/000266.tif (deflated 84%)
  adding: mnt/lsdi/ocm07674324/ocm07674324/Output/000267.tif (deflated 5%)
  adding: mnt/lsdi/ocm07674324/ocm07674324/Output/000268.tif (deflated 5%)
  adding: mnt/lsdi/ocm07674324/ocm07674324/Output/000269.tif (deflated 5%)
  adding: mnt/lsdi/ocm07674324/ocm07674324/Output/000270.tif (deflated 5%)
  adding: mnt/lsdi/ocm07674324/ocm07674324/Output/000271.tif (deflated 5%)
  adding: mnt/lsdi/ocm07674324/ocm07674324/Output/000272.tif (deflated 6%)
  adding: mnt/lsdi/ocm07674324/ocm07674324/Output/000273.tif (deflated 5%)
  adding: mnt/lsdi/ocm07674324/ocm07674324/Output/000274.tif (deflated 6%)
  adding: mnt/lsdi/ocm07674324/ocm07674324/Output/000275.tif (deflated 5%)
  adding: mnt/lsdi/ocm07674324/ocm07674324/Output/000276.tif (deflated 5%)
  adding: mnt/lsdi/ocm07674324/ocm07674324/Output/000277.tif (deflated 5%)
  adding: mnt/lsdi/ocm07674324/ocm07674324/Output/000278.tif (deflated 4%)
  adding: mnt/lsdi/ocm07674324/ocm07674324/Output/000279.tif (deflated 11%)
  adding: mnt/lsdi/ocm07674324/ocm07674324/Output/000280.tif (deflated 6%)
  adding: mnt/lsdi/ocm07674324/ocm07674324/Output/000281.tif (deflated 3%)
  adding: mnt/lsdi/ocm07674324/ocm07674324/Output/000282.tif (deflated 84%)
  adding: mnt/lsdi/ocm07674324/ocm07674324/Output/000283.tif (deflated 6%)
  adding: mnt/lsdi/ocm07674324/ocm07674324/Output/000284.tif (deflated 6%)
  adding: mnt/lsdi/ocm07674324/ocm07674324/Output/000285.tif (deflated 5%)
  adding: mnt/lsdi/ocm07674324/ocm07674324/Output/000286.tif (deflated 5%)
  adding: mnt/lsdi/ocm07674324/ocm07674324/Output/000287.tif (deflated 5%)
  adding: mnt/lsdi/ocm07674324/ocm07674324/Output/000288.tif (deflated 5%)
  adding: mnt/lsdi/ocm07674324/ocm07674324/Output/000289.tif (deflated 5%)
  adding: mnt/lsdi/ocm07674324/ocm07674324/Output/000290.tif (deflated 6%)
  adding: mnt/lsdi/ocm07674324/ocm07674324/Output/000291.tif (deflated 5%)
  adding: mnt/lsdi/ocm07674324/ocm07674324/Output/000292.tif (deflated 5%)
  adding: mnt/lsdi/ocm07674324/ocm07674324/Output/000293.tif (deflated 5%)
  adding: mnt/lsdi/ocm07674324/ocm07674324/Output/000294.tif (deflated 6%)
  adding: mnt/lsdi/ocm07674324/ocm07674324/Output/000295.tif (deflated 6%)
  adding: mnt/lsdi/ocm07674324/ocm07674324/Output/000296.tif (deflated 5%)
  adding: mnt/lsdi/ocm07674324/ocm07674324/Output/000297.tif (deflated 3%)
  adding: mnt/lsdi/ocm07674324/ocm07674324/Output/000298.tif (deflated 84%)
  adding: mnt/lsdi/ocm07674324/ocm07674324/Output/000299.tif (deflated 6%)
  adding: mnt/lsdi/ocm07674324/ocm07674324/Output/000300.tif (deflated 6%)
  adding: mnt/lsdi/ocm07674324/ocm07674324/Output/000301.tif (deflated 6%)
  adding: mnt/lsdi/ocm07674324/ocm07674324/Output/000302.tif (deflated 5%)
  adding: mnt/lsdi/ocm07674324/ocm07674324/Output/000303.tif (deflated 5%)
  adding: mnt/lsdi/ocm07674324/ocm07674324/Output/000304.tif (deflated 5%)
  adding: mnt/lsdi/ocm07674324/ocm07674324/Output/000305.tif (deflated 6%)
  adding: mnt/lsdi/ocm07674324/ocm07674324/Output/000306.tif (deflated 5%)
  adding: mnt/lsdi/ocm07674324/ocm07674324/Output/000307.tif (deflated 5%)
  adding: mnt/lsdi/ocm07674324/ocm07674324/Output/000308.tif (deflated 5%)
  adding: mnt/lsdi/ocm07674324/ocm07674324/Output/000309.tif (deflated 3%)
  adding: mnt/lsdi/ocm07674324/ocm07674324/Output/000310.tif (deflated 84%)
  adding: mnt/lsdi/ocm07674324/ocm07674324/Output/000311.tif (deflated 5%)
  adding: mnt/lsdi/ocm07674324/ocm07674324/Output/000312.tif (deflated 5%)
  adding: mnt/lsdi/ocm07674324/ocm07674324/Output/000313.tif (deflated 4%)
  adding: mnt/lsdi/ocm07674324/ocm07674324/Output/000314.tif (deflated 5%)
  adding: mnt/lsdi/ocm07674324/ocm07674324/Output/000315.tif (deflated 5%)
  adding: mnt/lsdi/ocm07674324/ocm07674324/Output/000316.tif (deflated 4%)
  adding: mnt/lsdi/ocm07674324/ocm07674324/Output/000317.tif (deflated 5%)
  adding: mnt/lsdi/ocm07674324/ocm07674324/Output/000318.tif (deflated 6%)
  adding: mnt/lsdi/ocm07674324/ocm07674324/Output/000319.tif (deflated 6%)
  adding: mnt/lsdi/ocm07674324/ocm07674324/Output/000320.tif (deflated 6%)
  adding: mnt/lsdi/ocm07674324/ocm07674324/Output/000321.tif (deflated 5%)
  adding: mnt/lsdi/ocm07674324/ocm07674324/Output/000322.tif (deflated 5%)
  adding: mnt/lsdi/ocm07674324/ocm07674324/Output/000323.tif (deflated 5%)
  adding: mnt/lsdi/ocm07674324/ocm07674324/Output/000324.tif (deflated 5%)
  adding: mnt/lsdi/ocm07674324/ocm07674324/Output/000325.tif (deflated 5%)
  adding: mnt/lsdi/ocm07674324/ocm07674324/Output/000326.tif (deflated 8%)
  adding: mnt/lsdi/ocm07674324/ocm07674324/Output/000327.tif (deflated 84%)
  adding: mnt/lsdi/ocm07674324/ocm07674324/Output/000328.tif (deflated 3%)
  adding: mnt/lsdi/ocm07674324/ocm07674324/Output/000329.tif (deflated 5%)
  adding: mnt/lsdi/ocm07674324/ocm07674324/Output/000330.tif (deflated 5%)
  adding: mnt/lsdi/ocm07674324/ocm07674324/Output/000331.tif (deflated 4%)
  adding: mnt/lsdi/ocm07674324/ocm07674324/Output/000332.tif (deflated 5%)
  adding: mnt/lsdi/ocm07674324/ocm07674324/Output/000333.tif (deflated 5%)
  adding: mnt/lsdi/ocm07674324/ocm07674324/Output/000334.tif (deflated 4%)
  adding: mnt/lsdi/ocm07674324/ocm07674324/Output/000335.tif (deflated 5%)
  adding: mnt/lsdi/ocm07674324/ocm07674324/Output/000336.tif (deflated 5%)
  adding: mnt/lsdi/ocm07674324/ocm07674324/Output/000337.tif (deflated 6%)
  adding: mnt/lsdi/ocm07674324/ocm07674324/Output/000338.tif (deflated 6%)
  adding: mnt/lsdi/ocm07674324/ocm07674324/Output/000339.tif (deflated 5%)
  adding: mnt/lsdi/ocm07674324/ocm07674324/Output/000340.tif (deflated 5%)
  adding: mnt/lsdi/ocm07674324/ocm07674324/Output/000341.tif (deflated 5%)
  adding: mnt/lsdi/ocm07674324/ocm07674324/Output/000342.tif (deflated 5%)
  adding: mnt/lsdi/ocm07674324/ocm07674324/Output/000343.tif (deflated 5%)
  adding: mnt/lsdi/ocm07674324/ocm07674324/Output/000344.tif (deflated 5%)
  adding: mnt/lsdi/ocm07674324/ocm07674324/Output/000345.tif (deflated 5%)
  adding: mnt/lsdi/ocm07674324/ocm07674324/Output/000346.tif (deflated 5%)
  adding: mnt/lsdi/ocm07674324/ocm07674324/Output/000347.tif (deflated 4%)
  adding: mnt/lsdi/ocm07674324/ocm07674324/Output/000348.tif (deflated 5%)
  adding: mnt/lsdi/ocm07674324/ocm07674324/Output/000349.tif (deflated 84%)
  adding: mnt/lsdi/ocm07674324/ocm07674324/Output/000350.tif (deflated 2%)
  adding: mnt/lsdi/ocm07674324/ocm07674324/Output/000351.tif (deflated 4%)
  adding: mnt/lsdi/ocm07674324/ocm07674324/Output/000352.tif (deflated 5%)
  adding: mnt/lsdi/ocm07674324/ocm07674324/Output/000353.tif (deflated 6%)
  adding: mnt/lsdi/ocm07674324/ocm07674324/Output/000354.tif (deflated 5%)
  adding: mnt/lsdi/ocm07674324/ocm07674324/Output/000355.tif (deflated 6%)
  adding: mnt/lsdi/ocm07674324/ocm07674324/Output/000356.tif (deflated 5%)
  adding: mnt/lsdi/ocm07674324/ocm07674324/Output/000357.tif (deflated 6%)
  adding: mnt/lsdi/ocm07674324/ocm07674324/Output/000358.tif (deflated 6%)
  adding: mnt/lsdi/ocm07674324/ocm07674324/Output/000359.tif (deflated 5%)
  adding: mnt/lsdi/ocm07674324/ocm07674324/Output/000360.tif (deflated 5%)
  adding: mnt/lsdi/ocm07674324/ocm07674324/Output/000361.tif (deflated 5%)
  adding: mnt/lsdi/ocm07674324/ocm07674324/Output/000362.tif (deflated 5%)
  adding: mnt/lsdi/ocm07674324/ocm07674324/Output/000363.tif (deflated 5%)
  adding: mnt/lsdi/ocm07674324/ocm07674324/Output/000364.tif (deflated 5%)
  adding: mnt/lsdi/ocm07674324/ocm07674324/Output/000365.tif (deflated 5%)
  adding: mnt/lsdi/ocm07674324/ocm07674324/Output/000366.tif (deflated 5%)
  adding: mnt/lsdi/ocm07674324/ocm07674324/Output/000367.tif (deflated 6%)
  adding: mnt/lsdi/ocm07674324/ocm07674324/Output/000368.tif (deflated 4%)
  adding: mnt/lsdi/ocm07674324/ocm07674324/Output/000369.tif (deflated 3%)
  adding: mnt/lsdi/ocm07674324/ocm07674324/Output/000370.tif (deflated 84%)
  adding: mnt/lsdi/ocm07674324/ocm07674324/Output/000371.tif (deflated 4%)
  adding: mnt/lsdi/ocm07674324/ocm07674324/Output/000372.tif (deflated 5%)
  adding: mnt/lsdi/ocm07674324/ocm07674324/Output/000373.tif (deflated 5%)
  adding: mnt/lsdi/ocm07674324/ocm07674324/Output/000374.tif (deflated 5%)
  adding: mnt/lsdi/ocm07674324/ocm07674324/Output/000375.tif (deflated 6%)
  adding: mnt/lsdi/ocm07674324/ocm07674324/Output/000376.tif (deflated 6%)
  adding: mnt/lsdi/ocm07674324/ocm07674324/Output/000377.tif (deflated 6%)
  adding: mnt/lsdi/ocm07674324/ocm07674324/Output/000378.tif (deflated 6%)
  adding: mnt/lsdi/ocm07674324/ocm07674324/Output/000379.tif (deflated 5%)
  adding: mnt/lsdi/ocm07674324/ocm07674324/Output/000380.tif (deflated 5%)
  adding: mnt/lsdi/ocm07674324/ocm07674324/Output/000381.tif (deflated 5%)
  adding: mnt/lsdi/ocm07674324/ocm07674324/Output/000382.tif (deflated 5%)
  adding: mnt/lsdi/ocm07674324/ocm07674324/Output/000383.tif (deflated 5%)
  adding: mnt/lsdi/ocm07674324/ocm07674324/Output/000384.tif (deflated 12%)
  adding: mnt/lsdi/ocm07674324/ocm07674324/Output/000385.tif (deflated 84%)
  adding: mnt/lsdi/ocm07674324/ocm07674324/Output/000386.tif (deflated 90%)
  adding: mnt/lsdi/ocm07674324/ocm07674324/Output/000387.tif (deflated 6%)
  adding: mnt/lsdi/ocm07674324/ocm07674324/Output/000388.tif (deflated 5%)
  adding: mnt/lsdi/ocm07674324/ocm07674324/Output/000389.tif (deflated 3%)
  adding: mnt/lsdi/ocm07674324/ocm07674324/Output/000390.tif (deflated 5%)
  adding: mnt/lsdi/ocm07674324/ocm07674324/Output/000391.tif (deflated 5%)
  adding: mnt/lsdi/ocm07674324/ocm07674324/Output/000392.tif (deflated 4%)
  adding: mnt/lsdi/ocm07674324/ocm07674324/Output/000393.tif (deflated 5%)
  adding: mnt/lsdi/ocm07674324/ocm07674324/Output/000394.tif (deflated 6%)
  adding: mnt/lsdi/ocm07674324/ocm07674324/Output/000395.tif (deflated 6%)
  adding: mnt/lsdi/ocm07674324/ocm07674324/Output/000396.tif (deflated 5%)
  adding: mnt/lsdi/ocm07674324/ocm07674324/Output/000397.tif (deflated 6%)
  adding: mnt/lsdi/ocm07674324/ocm07674324/Output/000398.tif (deflated 5%)
  adding: mnt/lsdi/ocm07674324/ocm07674324/Output/000399.tif (deflated 5%)
  adding: mnt/lsdi/ocm07674324/ocm07674324/Output/000400.tif (deflated 8%)
  adding: mnt/lsdi/ocm07674324/ocm07674324/Output/000401.tif (deflated 100%)
  adding: mnt/lsdi/ocm07674324/ocm07674324/Output/000402.tif (deflated 2%)
  adding: mnt/lsdi/ocm07674324/ocm07674324/Output/000403.tif (deflated 4%)
  adding: mnt/lsdi/ocm07674324/ocm07674324/Output/000404.tif (deflated 5%)
  adding: mnt/lsdi/ocm07674324/ocm07674324/Output/000405.tif (deflated 6%)
  adding: mnt/lsdi/ocm07674324/ocm07674324/Output/000406.tif (deflated 5%)
  adding: mnt/lsdi/ocm07674324/ocm07674324/Output/000407.tif (deflated 4%)
  adding: mnt/lsdi/ocm07674324/ocm07674324/Output/000408.tif (deflated 5%)
  adding: mnt/lsdi/ocm07674324/ocm07674324/Output/000409.tif (deflated 5%)
  adding: mnt/lsdi/ocm07674324/ocm07674324/Output/000410.tif (deflated 4%)
  adding: mnt/lsdi/ocm07674324/ocm07674324/Output/000411.tif (deflated 84%)
  adding: mnt/lsdi/ocm07674324/ocm07674324/Output/000412.tif (deflated 3%)
  adding: mnt/lsdi/ocm07674324/ocm07674324/Output/000413.tif (deflated 5%)
  adding: mnt/lsdi/ocm07674324/ocm07674324/Output/000414.tif (deflated 6%)
  adding: mnt/lsdi/ocm07674324/ocm07674324/Output/000415.tif (deflated 6%)
  adding: mnt/lsdi/ocm07674324/ocm07674324/Output/000416.tif (deflated 6%)
  adding: mnt/lsdi/ocm07674324/ocm07674324/Output/000417.tif (deflated 4%)
  adding: mnt/lsdi/ocm07674324/ocm07674324/Output/000418.tif (deflated 5%)
  adding: mnt/lsdi/ocm07674324/ocm07674324/Output/000419.tif (deflated 5%)
  adding: mnt/lsdi/ocm07674324/ocm07674324/Output/000420.tif (deflated 5%)
  adding: mnt/lsdi/ocm07674324/ocm07674324/Output/000421.tif (deflated 84%)
  adding: mnt/lsdi/ocm07674324/ocm07674324/Output/000422.tif (deflated 84%)
  adding: mnt/lsdi/ocm07674324/ocm07674324/Output/000423.tif (deflated 84%)
curl --location --header authorization: LOW fpJYfLnxbLmCEHqU:JQbq6NgBaPrSh98Y --upload-file /temp/ocm07674324_images.zip http://s3.us.archive.org/07674324.emory.edu/07674324_images.zip
  % Total    % Received % Xferd  Average Speed   Time    Time     Time  Current
                                 Dload  Upload   Total   Spent    Left  Speed
  0     0    0     0    0     0      0      0 --:--:-- --:--:-- --:--:--     0  0 41.1M    0     0    0     0      0      0 --:--:-- --:--:-- --:--:--     0  0 41.1M    0     0    0  272k      0   209k  0:03:21  0:00:01  0:03:20  223k  2 41.1M    0     0    2 1072k      0   460k  0:01:31  0:00:02  0:01:29  477k  4 41.1M    0     0    4 1840k      0   555k  0:01:15  0:00:03  0:01:12  569k  6 41.1M    0     0    6 2576k      0   597k  0:01:10  0:00:04  0:01:06  608k  7 41.1M    0     0    7 3328k      0   627k  0:01:07  0:00:05  0:01:02  768k  9 41.1M    0     0    9 4048k      0   643k  0:01:05  0:00:06  0:00:59  755k 11 41.1M    0     0   11 4752k      0   651k  0:01:04  0:00:07  0:00:57  740k 13 41.1M    0     0   13 5536k      0   665k  0:01:03  0:00:08  0:00:55  739k 14 41.1M    0     0   14 6304k      0   678k  0:01:02  0:00:09  0:00:53  747k 16 41.1M    0     0   16 7040k      0   682k  0:01:01  0:00:10  0:00:51  740k 18 41.1M    0     0   18 7792k      0   688k  0:01:01  0:00:11  0:00:50  745k 20 41.1M    0     0   20 8544k      0   694k  0:01:00  0:00:12  0:00:48  758k 22 41.1M    0     0   22 9264k      0   696k  0:01:00  0:00:13  0:00:47  747k 23 41.1M    0     0   23  9.8M      0   699k  0:01:00  0:00:14  0:00:46  739k 25 41.1M    0     0   25 10.5M      0   702k  0:00:59  0:00:15  0:00:44  742k 27 41.1M    0     0   27 11.2M      0   704k  0:00:59  0:00:16  0:00:43  742k 29 41.1M    0     0   29 11.9M      0   709k  0:00:59  0:00:17  0:00:42  744k 30 41.1M    0     0   30 12.7M      0   711k  0:00:59  0:00:18  0:00:41  751k 32 41.1M    0     0   32 13.4M      0   713k  0:00:59  0:00:19  0:00:40  753k 34 41.1M    0     0   34 14.2M      0   716k  0:00:58  0:00:20  0:00:38  760k 36 41.1M    0     0   36 14.9M      0   717k  0:00:58  0:00:21  0:00:37  759k 38 41.1M    0     0   38 15.6M      0   719k  0:00:58  0:00:22  0:00:36  756k 39 41.1M    0     0   39 16.3M      0   719k  0:00:58  0:00:23  0:00:35  750k 41 41.1M    0     0   41 17.1M      0   721k  0:00:58  0:00:24  0:00:34  752k 43 41.1M    0     0   43 17.8M      0   721k  0:00:58  0:00:25  0:00:33  743k 45 41.1M    0     0   45 18.5M      0   723k  0:00:58  0:00:26  0:00:32  751k 46 41.1M    0     0   46 19.2M      0   723k  0:00:58  0:00:27  0:00:31  740k 48 41.1M    0     0   48 20.0M      0   724k  0:00:58  0:00:28  0:00:30  745k 50 41.1M    0     0   50 20.7M      0   725k  0:00:58  0:00:29  0:00:29  745k 52 41.1M    0     0   52 21.5M      0   726k  0:00:57  0:00:30  0:00:27  748k 54 41.1M    0     0   54 22.2M      0   727k  0:00:57  0:00:31  0:00:26  747k 55 41.1M    0     0   55 22.9M      0   727k  0:00:57  0:00:32  0:00:25  749k 57 41.1M    0     0   57 23.7M      0   728k  0:00:57  0:00:33  0:00:24  753k 59 41.1M    0     0   59 24.4M      0   729k  0:00:57  0:00:34  0:00:23  751k 61 41.1M    0     0   61 25.1M      0   730k  0:00:57  0:00:35  0:00:22  756k 62 41.1M    0     0   62 25.9M      0   730k  0:00:57  0:00:36  0:00:21  748k 64 41.1M    0     0   64 26.6M      0   730k  0:00:57  0:00:37  0:00:20  753k 66 41.1M    0     0   66 27.3M      0   731k  0:00:57  0:00:38  0:00:19  750k 68 41.1M    0     0   68 28.1M      0   732k  0:00:57  0:00:39  0:00:18  750k 70 41.1M    0     0   70 28.8M      0   732k  0:00:57  0:00:40  0:00:17  748k 71 41.1M    0     0   71 29.5M      0   732k  0:00:57  0:00:41  0:00:16  748k 73 41.1M    0     0   73 30.2M      0   731k  0:00:57  0:00:42  0:00:15  735k 75 41.1M    0     0   75 30.9M      0   732k  0:00:57  0:00:43  0:00:14  740k 77 41.1M    0     0   77 31.7M      0   733k  0:00:57  0:00:44  0:00:13  739k 78 41.1M    0     0   78 32.4M      0   733k  0:00:57  0:00:45  0:00:12  735k 80 41.1M    0     0   80 33.2M      0   733k  0:00:57  0:00:46  0:00:11  740k 82 41.1M    0     0   82 33.8M      0   732k  0:00:57  0:00:47  0:00:10  744k 84 41.1M    0     0   84 34.5M      0   732k  0:00:57  0:00:48  0:00:09  734k 85 41.1M    0     0   85 35.3M      0   734k  0:00:57  0:00:49  0:00:08  744k 87 41.1M    0     0   87 36.0M      0   734k  0:00:57  0:00:50  0:00:07  742k 89 41.1M    0     0   89 36.8M      0   734k  0:00:57  0:00:51  0:00:06  748k 91 41.1M    0     0   91 37.5M      0   735k  0:00:57  0:00:52  0:00:05  760k 93 41.1M    0     0   93 38.3M      0   735k  0:00:57  0:00:53  0:00:04  763k 94 41.1M    0     0   94 38.9M      0   735k  0:00:57  0:00:54  0:00:03  743k 96 41.1M    0     0   96 39.7M      0   735k  0:00:57  0:00:55  0:00:02  747k 98 41.1M    0     0   98 40.4M      0   735k  0:00:57  0:00:56  0:00:01  742k100 41.1M    0     0  100 41.1M      0   722k  0:00:58  0:00:58 --:--:--  610k100 41.1M    0     0  100 41.1M      0   719k  0:00:58  0:00:58 --:--:--  552k100 41.1M    0     0  100 41.1M      0   719k  0:00:58  0:00:58 --:--:--  518k
