01868475
curl --location --header x-amz-auto-make-bucket:1 --header x-archive-ignore-preexisting-bucket:1 --header x-archive-queue-derive:0 --header x-archive-meta-mediatype:texts --header x-archive-meta03-collection:emory --header x-archive-meta01-collection:americanmethodism --header x-archive-meta-sponsor:Emory University, Pitts Theology Library --header x-archive-meta-contributor:Emory University, Pitts Theology Library --header x-archive-meta-ppi:300 --header authorization: LOW fpJYfLnxbLmCEHqU:JQbq6NgBaPrSh98Y --upload-file /mnt/lsdi/ocm01868475/ocm01868475/ocm01868475_MRC.xml http://s3.us.archive.org/01868475.emory.edu/01868475.emory.edu_marc.xml
  % Total    % Received % Xferd  Average Speed   Time    Time     Time  Current
                                 Dload  Upload   Total   Spent    Left  Speed
  0     0    0     0    0     0      0      0 --:--:-- --:--:-- --:--:--     0  0  3576    0     0    0     0      0      0 --:--:--  0:00:01 --:--:--     0100  3576    0     0  100  3576      0   2172  0:00:01  0:00:01 --:--:--  2284100  3576    0     0  100  3576      0   2172  0:00:01  0:00:01 --:--:--  2284
zip -r /temp/ocm01868475_images.zip /mnt/lsdi/ocm01868475/ocm01868475/Output/0001.tif /mnt/lsdi/ocm01868475/ocm01868475/Output/0002.tif /mnt/lsdi/ocm01868475/ocm01868475/Output/0003.tif /mnt/lsdi/ocm01868475/ocm01868475/Output/0004.tif /mnt/lsdi/ocm01868475/ocm01868475/Output/0005.tif /mnt/lsdi/ocm01868475/ocm01868475/Output/0006.tif /mnt/lsdi/ocm01868475/ocm01868475/Output/0007.tif /mnt/lsdi/ocm01868475/ocm01868475/Output/0008.tif /mnt/lsdi/ocm01868475/ocm01868475/Output/0009.tif /mnt/lsdi/ocm01868475/ocm01868475/Output/0010.tif /mnt/lsdi/ocm01868475/ocm01868475/Output/0011.tif /mnt/lsdi/ocm01868475/ocm01868475/Output/0012.tif /mnt/lsdi/ocm01868475/ocm01868475/Output/0013.tif /mnt/lsdi/ocm01868475/ocm01868475/Output/0014.tif /mnt/lsdi/ocm01868475/ocm01868475/Output/0015.tif /mnt/lsdi/ocm01868475/ocm01868475/Output/0016.tif /mnt/lsdi/ocm01868475/ocm01868475/Output/0017.tif /mnt/lsdi/ocm01868475/ocm01868475/Output/0018.tif /mnt/lsdi/ocm01868475/ocm01868475/Output/0019.tif /mnt/lsdi/ocm01868475/ocm01868475/Output/0020.tif /mnt/lsdi/ocm01868475/ocm01868475/Output/0021.tif /mnt/lsdi/ocm01868475/ocm01868475/Output/0022.tif /mnt/lsdi/ocm01868475/ocm01868475/Output/0023.tif /mnt/lsdi/ocm01868475/ocm01868475/Output/0024.tif /mnt/lsdi/ocm01868475/ocm01868475/Output/0025.tif /mnt/lsdi/ocm01868475/ocm01868475/Output/0026.tif /mnt/lsdi/ocm01868475/ocm01868475/Output/0027.tif /mnt/lsdi/ocm01868475/ocm01868475/Output/0028.tif /mnt/lsdi/ocm01868475/ocm01868475/Output/0029.tif /mnt/lsdi/ocm01868475/ocm01868475/Output/0030.tif /mnt/lsdi/ocm01868475/ocm01868475/Output/0031.tif /mnt/lsdi/ocm01868475/ocm01868475/Output/0032.tif /mnt/lsdi/ocm01868475/ocm01868475/Output/0033.tif /mnt/lsdi/ocm01868475/ocm01868475/Output/0034.tif /mnt/lsdi/ocm01868475/ocm01868475/Output/0035.tif /mnt/lsdi/ocm01868475/ocm01868475/Output/0036.tif /mnt/lsdi/ocm01868475/ocm01868475/Output/0037.tif /mnt/lsdi/ocm01868475/ocm01868475/Output/0038.tif /mnt/lsdi/ocm01868475/ocm01868475/Output/0039.tif /mnt/lsdi/ocm01868475/ocm01868475/Output/0040.tif /mnt/lsdi/ocm01868475/ocm01868475/Output/0041.tif /mnt/lsdi/ocm01868475/ocm01868475/Output/0042.tif /mnt/lsdi/ocm01868475/ocm01868475/Output/0043.tif /mnt/lsdi/ocm01868475/ocm01868475/Output/0044.tif /mnt/lsdi/ocm01868475/ocm01868475/Output/0045.tif /mnt/lsdi/ocm01868475/ocm01868475/Output/0046.tif /mnt/lsdi/ocm01868475/ocm01868475/Output/0047.tif /mnt/lsdi/ocm01868475/ocm01868475/Output/0048.tif /mnt/lsdi/ocm01868475/ocm01868475/Output/0049.tif /mnt/lsdi/ocm01868475/ocm01868475/Output/0050.tif /mnt/lsdi/ocm01868475/ocm01868475/Output/0051.tif /mnt/lsdi/ocm01868475/ocm01868475/Output/0052.tif /mnt/lsdi/ocm01868475/ocm01868475/Output/0053.tif /mnt/lsdi/ocm01868475/ocm01868475/Output/0054.tif /mnt/lsdi/ocm01868475/ocm01868475/Output/0055.tif /mnt/lsdi/ocm01868475/ocm01868475/Output/0056.tif /mnt/lsdi/ocm01868475/ocm01868475/Output/0057.tif /mnt/lsdi/ocm01868475/ocm01868475/Output/0058.tif /mnt/lsdi/ocm01868475/ocm01868475/Output/0059.tif /mnt/lsdi/ocm01868475/ocm01868475/Output/0060.tif /mnt/lsdi/ocm01868475/ocm01868475/Output/0061.tif /mnt/lsdi/ocm01868475/ocm01868475/Output/0062.tif /mnt/lsdi/ocm01868475/ocm01868475/Output/0063.tif /mnt/lsdi/ocm01868475/ocm01868475/Output/0064.tif /mnt/lsdi/ocm01868475/ocm01868475/Output/0065.tif /mnt/lsdi/ocm01868475/ocm01868475/Output/0066.tif /mnt/lsdi/ocm01868475/ocm01868475/Output/0067.tif /mnt/lsdi/ocm01868475/ocm01868475/Output/0068.tif /mnt/lsdi/ocm01868475/ocm01868475/Output/0069.tif /mnt/lsdi/ocm01868475/ocm01868475/Output/0070.tif /mnt/lsdi/ocm01868475/ocm01868475/Output/0071.tif /mnt/lsdi/ocm01868475/ocm01868475/Output/0072.tif /mnt/lsdi/ocm01868475/ocm01868475/Output/0073.tif /mnt/lsdi/ocm01868475/ocm01868475/Output/0074.tif /mnt/lsdi/ocm01868475/ocm01868475/Output/0075.tif /mnt/lsdi/ocm01868475/ocm01868475/Output/0076.tif /mnt/lsdi/ocm01868475/ocm01868475/Output/0077.tif /mnt/lsdi/ocm01868475/ocm01868475/Output/0078.tif /mnt/lsdi/ocm01868475/ocm01868475/Output/0079.tif /mnt/lsdi/ocm01868475/ocm01868475/Output/0080.tif /mnt/lsdi/ocm01868475/ocm01868475/Output/0081.tif /mnt/lsdi/ocm01868475/ocm01868475/Output/0082.tif /mnt/lsdi/ocm01868475/ocm01868475/Output/0083.tif /mnt/lsdi/ocm01868475/ocm01868475/Output/0084.tif /mnt/lsdi/ocm01868475/ocm01868475/Output/0085.tif /mnt/lsdi/ocm01868475/ocm01868475/Output/0086.tif /mnt/lsdi/ocm01868475/ocm01868475/Output/0087.tif /mnt/lsdi/ocm01868475/ocm01868475/Output/0088.tif /mnt/lsdi/ocm01868475/ocm01868475/Output/0089.tif /mnt/lsdi/ocm01868475/ocm01868475/Output/0090.tif /mnt/lsdi/ocm01868475/ocm01868475/Output/0091.tif /mnt/lsdi/ocm01868475/ocm01868475/Output/0092.tif /mnt/lsdi/ocm01868475/ocm01868475/Output/0093.tif /mnt/lsdi/ocm01868475/ocm01868475/Output/0094.tif /mnt/lsdi/ocm01868475/ocm01868475/Output/0095.tif /mnt/lsdi/ocm01868475/ocm01868475/Output/0096.tif /mnt/lsdi/ocm01868475/ocm01868475/Output/0097.tif /mnt/lsdi/ocm01868475/ocm01868475/Output/0098.tif /mnt/lsdi/ocm01868475/ocm01868475/Output/0099.tif /mnt/lsdi/ocm01868475/ocm01868475/Output/0100.tif /mnt/lsdi/ocm01868475/ocm01868475/Output/0101.tif /mnt/lsdi/ocm01868475/ocm01868475/Output/0102.tif /mnt/lsdi/ocm01868475/ocm01868475/Output/0103.tif /mnt/lsdi/ocm01868475/ocm01868475/Output/0104.tif /mnt/lsdi/ocm01868475/ocm01868475/Output/0105.tif /mnt/lsdi/ocm01868475/ocm01868475/Output/0106.tif /mnt/lsdi/ocm01868475/ocm01868475/Output/0107.tif /mnt/lsdi/ocm01868475/ocm01868475/Output/0108.tif /mnt/lsdi/ocm01868475/ocm01868475/Output/0109.tif /mnt/lsdi/ocm01868475/ocm01868475/Output/0110.tif /mnt/lsdi/ocm01868475/ocm01868475/Output/0111.tif /mnt/lsdi/ocm01868475/ocm01868475/Output/0112.tif /mnt/lsdi/ocm01868475/ocm01868475/Output/0113.tif /mnt/lsdi/ocm01868475/ocm01868475/Output/0114.tif /mnt/lsdi/ocm01868475/ocm01868475/Output/0115.tif /mnt/lsdi/ocm01868475/ocm01868475/Output/0116.tif /mnt/lsdi/ocm01868475/ocm01868475/Output/0117.tif /mnt/lsdi/ocm01868475/ocm01868475/Output/0118.tif /mnt/lsdi/ocm01868475/ocm01868475/Output/0119.tif /mnt/lsdi/ocm01868475/ocm01868475/Output/0120.tif /mnt/lsdi/ocm01868475/ocm01868475/Output/0121.tif /mnt/lsdi/ocm01868475/ocm01868475/Output/0122.tif /mnt/lsdi/ocm01868475/ocm01868475/Output/0123.tif /mnt/lsdi/ocm01868475/ocm01868475/Output/0124.tif /mnt/lsdi/ocm01868475/ocm01868475/Output/0125.tif /mnt/lsdi/ocm01868475/ocm01868475/Output/0126.tif /mnt/lsdi/ocm01868475/ocm01868475/Output/0127.tif /mnt/lsdi/ocm01868475/ocm01868475/Output/0128.tif /mnt/lsdi/ocm01868475/ocm01868475/Output/0129.tif /mnt/lsdi/ocm01868475/ocm01868475/Output/0130.tif /mnt/lsdi/ocm01868475/ocm01868475/Output/0131.tif /mnt/lsdi/ocm01868475/ocm01868475/Output/0132.tif /mnt/lsdi/ocm01868475/ocm01868475/Output/0133.tif /mnt/lsdi/ocm01868475/ocm01868475/Output/0134.tif /mnt/lsdi/ocm01868475/ocm01868475/Output/0135.tif /mnt/lsdi/ocm01868475/ocm01868475/Output/0136.tif /mnt/lsdi/ocm01868475/ocm01868475/Output/0137.tif /mnt/lsdi/ocm01868475/ocm01868475/Output/0138.tif /mnt/lsdi/ocm01868475/ocm01868475/Output/0139.tif /mnt/lsdi/ocm01868475/ocm01868475/Output/0140.tif /mnt/lsdi/ocm01868475/ocm01868475/Output/0141.tif /mnt/lsdi/ocm01868475/ocm01868475/Output/0142.tif /mnt/lsdi/ocm01868475/ocm01868475/Output/0143.tif /mnt/lsdi/ocm01868475/ocm01868475/Output/0144.tif /mnt/lsdi/ocm01868475/ocm01868475/Output/0145.tif /mnt/lsdi/ocm01868475/ocm01868475/Output/0146.tif /mnt/lsdi/ocm01868475/ocm01868475/Output/0147.tif /mnt/lsdi/ocm01868475/ocm01868475/Output/0148.tif /mnt/lsdi/ocm01868475/ocm01868475/Output/0149.tif /mnt/lsdi/ocm01868475/ocm01868475/Output/0150.tif /mnt/lsdi/ocm01868475/ocm01868475/Output/0151.tif /mnt/lsdi/ocm01868475/ocm01868475/Output/0152.tif /mnt/lsdi/ocm01868475/ocm01868475/Output/0153.tif /mnt/lsdi/ocm01868475/ocm01868475/Output/0154.tif /mnt/lsdi/ocm01868475/ocm01868475/Output/0155.tif /mnt/lsdi/ocm01868475/ocm01868475/Output/0156.tif /mnt/lsdi/ocm01868475/ocm01868475/Output/0157.tif /mnt/lsdi/ocm01868475/ocm01868475/Output/0158.tif /mnt/lsdi/ocm01868475/ocm01868475/Output/0159.tif /mnt/lsdi/ocm01868475/ocm01868475/Output/0160.tif /mnt/lsdi/ocm01868475/ocm01868475/Output/0161.tif /mnt/lsdi/ocm01868475/ocm01868475/Output/0162.tif /mnt/lsdi/ocm01868475/ocm01868475/Output/0163.tif /mnt/lsdi/ocm01868475/ocm01868475/Output/0164.tif /mnt/lsdi/ocm01868475/ocm01868475/Output/0165.tif /mnt/lsdi/ocm01868475/ocm01868475/Output/0166.tif /mnt/lsdi/ocm01868475/ocm01868475/Output/0167.tif /mnt/lsdi/ocm01868475/ocm01868475/Output/0168.tif /mnt/lsdi/ocm01868475/ocm01868475/Output/0169.tif /mnt/lsdi/ocm01868475/ocm01868475/Output/0170.tif /mnt/lsdi/ocm01868475/ocm01868475/Output/0171.tif /mnt/lsdi/ocm01868475/ocm01868475/Output/0172.tif /mnt/lsdi/ocm01868475/ocm01868475/Output/0173.tif /mnt/lsdi/ocm01868475/ocm01868475/Output/0174.tif /mnt/lsdi/ocm01868475/ocm01868475/Output/0175.tif /mnt/lsdi/ocm01868475/ocm01868475/Output/0176.tif /mnt/lsdi/ocm01868475/ocm01868475/Output/0177.tif /mnt/lsdi/ocm01868475/ocm01868475/Output/0178.tif /mnt/lsdi/ocm01868475/ocm01868475/Output/0179.tif /mnt/lsdi/ocm01868475/ocm01868475/Output/0180.tif /mnt/lsdi/ocm01868475/ocm01868475/Output/0181.tif /mnt/lsdi/ocm01868475/ocm01868475/Output/0182.tif /mnt/lsdi/ocm01868475/ocm01868475/Output/0183.tif /mnt/lsdi/ocm01868475/ocm01868475/Output/0184.tif /mnt/lsdi/ocm01868475/ocm01868475/Output/0185.tif /mnt/lsdi/ocm01868475/ocm01868475/Output/0186.tif /mnt/lsdi/ocm01868475/ocm01868475/Output/0187.tif /mnt/lsdi/ocm01868475/ocm01868475/Output/0188.tif /mnt/lsdi/ocm01868475/ocm01868475/Output/0189.tif /mnt/lsdi/ocm01868475/ocm01868475/Output/0190.tif /mnt/lsdi/ocm01868475/ocm01868475/Output/0191.tif /mnt/lsdi/ocm01868475/ocm01868475/Output/0192.tif /mnt/lsdi/ocm01868475/ocm01868475/Output/0193.tif /mnt/lsdi/ocm01868475/ocm01868475/Output/0194.tif /mnt/lsdi/ocm01868475/ocm01868475/Output/0195.tif /mnt/lsdi/ocm01868475/ocm01868475/Output/0196.tif /mnt/lsdi/ocm01868475/ocm01868475/Output/0197.tif /mnt/lsdi/ocm01868475/ocm01868475/Output/0198.tif /mnt/lsdi/ocm01868475/ocm01868475/Output/0199.tif /mnt/lsdi/ocm01868475/ocm01868475/Output/0200.tif /mnt/lsdi/ocm01868475/ocm01868475/Output/0201.tif /mnt/lsdi/ocm01868475/ocm01868475/Output/0202.tif /mnt/lsdi/ocm01868475/ocm01868475/Output/0203.tif /mnt/lsdi/ocm01868475/ocm01868475/Output/0204.tif /mnt/lsdi/ocm01868475/ocm01868475/Output/0205.tif /mnt/lsdi/ocm01868475/ocm01868475/Output/0206.tif /mnt/lsdi/ocm01868475/ocm01868475/Output/0207.tif /mnt/lsdi/ocm01868475/ocm01868475/Output/0208.tif /mnt/lsdi/ocm01868475/ocm01868475/Output/0209.tif /mnt/lsdi/ocm01868475/ocm01868475/Output/0210.tif /mnt/lsdi/ocm01868475/ocm01868475/Output/0211.tif /mnt/lsdi/ocm01868475/ocm01868475/Output/0212.tif /mnt/lsdi/ocm01868475/ocm01868475/Output/0213.tif /mnt/lsdi/ocm01868475/ocm01868475/Output/0214.tif /mnt/lsdi/ocm01868475/ocm01868475/Output/0215.tif /mnt/lsdi/ocm01868475/ocm01868475/Output/0216.tif /mnt/lsdi/ocm01868475/ocm01868475/Output/0217.tif /mnt/lsdi/ocm01868475/ocm01868475/Output/0218.tif /mnt/lsdi/ocm01868475/ocm01868475/Output/0219.tif /mnt/lsdi/ocm01868475/ocm01868475/Output/0220.tif /mnt/lsdi/ocm01868475/ocm01868475/Output/0221.tif /mnt/lsdi/ocm01868475/ocm01868475/Output/0222.tif /mnt/lsdi/ocm01868475/ocm01868475/Output/0223.tif /mnt/lsdi/ocm01868475/ocm01868475/Output/0224.tif /mnt/lsdi/ocm01868475/ocm01868475/Output/0225.tif /mnt/lsdi/ocm01868475/ocm01868475/Output/0226.tif /mnt/lsdi/ocm01868475/ocm01868475/Output/0227.tif /mnt/lsdi/ocm01868475/ocm01868475/Output/0228.tif /mnt/lsdi/ocm01868475/ocm01868475/Output/0229.tif /mnt/lsdi/ocm01868475/ocm01868475/Output/0230.tif /mnt/lsdi/ocm01868475/ocm01868475/Output/0231.tif /mnt/lsdi/ocm01868475/ocm01868475/Output/0232.tif /mnt/lsdi/ocm01868475/ocm01868475/Output/0233.tif /mnt/lsdi/ocm01868475/ocm01868475/Output/0234.tif /mnt/lsdi/ocm01868475/ocm01868475/Output/0235.tif /mnt/lsdi/ocm01868475/ocm01868475/Output/0236.tif /mnt/lsdi/ocm01868475/ocm01868475/Output/0237.tif /mnt/lsdi/ocm01868475/ocm01868475/Output/0238.tif /mnt/lsdi/ocm01868475/ocm01868475/Output/0239.tif /mnt/lsdi/ocm01868475/ocm01868475/Output/0240.tif /mnt/lsdi/ocm01868475/ocm01868475/Output/0241.tif /mnt/lsdi/ocm01868475/ocm01868475/Output/0242.tif /mnt/lsdi/ocm01868475/ocm01868475/Output/0243.tif /mnt/lsdi/ocm01868475/ocm01868475/Output/0244.tif /mnt/lsdi/ocm01868475/ocm01868475/Output/0245.tif /mnt/lsdi/ocm01868475/ocm01868475/Output/0246.tif /mnt/lsdi/ocm01868475/ocm01868475/Output/0247.tif /mnt/lsdi/ocm01868475/ocm01868475/Output/0248.tif /mnt/lsdi/ocm01868475/ocm01868475/Output/0249.tif /mnt/lsdi/ocm01868475/ocm01868475/Output/0250.tif /mnt/lsdi/ocm01868475/ocm01868475/Output/0251.tif /mnt/lsdi/ocm01868475/ocm01868475/Output/0252.tif /mnt/lsdi/ocm01868475/ocm01868475/Output/0253.tif /mnt/lsdi/ocm01868475/ocm01868475/Output/0254.tif /mnt/lsdi/ocm01868475/ocm01868475/Output/0255.tif /mnt/lsdi/ocm01868475/ocm01868475/Output/0256.tif /mnt/lsdi/ocm01868475/ocm01868475/Output/0257.tif /mnt/lsdi/ocm01868475/ocm01868475/Output/0258.tif /mnt/lsdi/ocm01868475/ocm01868475/Output/0259.tif /mnt/lsdi/ocm01868475/ocm01868475/Output/0260.tif /mnt/lsdi/ocm01868475/ocm01868475/Output/0261.tif /mnt/lsdi/ocm01868475/ocm01868475/Output/0262.tif /mnt/lsdi/ocm01868475/ocm01868475/Output/0263.tif /mnt/lsdi/ocm01868475/ocm01868475/Output/0264.tif /mnt/lsdi/ocm01868475/ocm01868475/Output/0265.tif /mnt/lsdi/ocm01868475/ocm01868475/Output/0266.tif /mnt/lsdi/ocm01868475/ocm01868475/Output/0267.tif /mnt/lsdi/ocm01868475/ocm01868475/Output/0268.tif /mnt/lsdi/ocm01868475/ocm01868475/Output/0269.tif /mnt/lsdi/ocm01868475/ocm01868475/Output/0270.tif /mnt/lsdi/ocm01868475/ocm01868475/Output/0271.tif /mnt/lsdi/ocm01868475/ocm01868475/Output/0272.tif /mnt/lsdi/ocm01868475/ocm01868475/Output/0273.tif /mnt/lsdi/ocm01868475/ocm01868475/Output/0274.tif /mnt/lsdi/ocm01868475/ocm01868475/Output/0275.tif /mnt/lsdi/ocm01868475/ocm01868475/Output/0276.tif /mnt/lsdi/ocm01868475/ocm01868475/Output/0277.tif /mnt/lsdi/ocm01868475/ocm01868475/Output/0278.tif /mnt/lsdi/ocm01868475/ocm01868475/Output/0279.tif /mnt/lsdi/ocm01868475/ocm01868475/Output/0280.tif /mnt/lsdi/ocm01868475/ocm01868475/Output/0281.tif /mnt/lsdi/ocm01868475/ocm01868475/Output/0282.tif /mnt/lsdi/ocm01868475/ocm01868475/Output/0283.tif /mnt/lsdi/ocm01868475/ocm01868475/Output/0284.tif /mnt/lsdi/ocm01868475/ocm01868475/Output/0285.tif /mnt/lsdi/ocm01868475/ocm01868475/Output/0286.tif /mnt/lsdi/ocm01868475/ocm01868475/Output/0287.tif /mnt/lsdi/ocm01868475/ocm01868475/Output/0288.tif /mnt/lsdi/ocm01868475/ocm01868475/Output/0289.tif /mnt/lsdi/ocm01868475/ocm01868475/Output/0290.tif /mnt/lsdi/ocm01868475/ocm01868475/Output/0291.tif /mnt/lsdi/ocm01868475/ocm01868475/Output/0292.tif /mnt/lsdi/ocm01868475/ocm01868475/Output/0293.tif /mnt/lsdi/ocm01868475/ocm01868475/Output/0294.tif /mnt/lsdi/ocm01868475/ocm01868475/Output/0295.tif /mnt/lsdi/ocm01868475/ocm01868475/Output/0296.tif /mnt/lsdi/ocm01868475/ocm01868475/Output/0297.tif /mnt/lsdi/ocm01868475/ocm01868475/Output/0298.tif /mnt/lsdi/ocm01868475/ocm01868475/Output/0299.tif /mnt/lsdi/ocm01868475/ocm01868475/Output/0300.tif /mnt/lsdi/ocm01868475/ocm01868475/Output/0301.tif /mnt/lsdi/ocm01868475/ocm01868475/Output/0302.tif /mnt/lsdi/ocm01868475/ocm01868475/Output/0303.tif /mnt/lsdi/ocm01868475/ocm01868475/Output/0304.tif /mnt/lsdi/ocm01868475/ocm01868475/Output/0305.tif /mnt/lsdi/ocm01868475/ocm01868475/Output/0306.tif /mnt/lsdi/ocm01868475/ocm01868475/Output/0307.tif /mnt/lsdi/ocm01868475/ocm01868475/Output/0308.tif /mnt/lsdi/ocm01868475/ocm01868475/Output/0309.tif /mnt/lsdi/ocm01868475/ocm01868475/Output/0310.tif /mnt/lsdi/ocm01868475/ocm01868475/Output/0311.tif /mnt/lsdi/ocm01868475/ocm01868475/Output/0312.tif /mnt/lsdi/ocm01868475/ocm01868475/Output/0313.tif /mnt/lsdi/ocm01868475/ocm01868475/Output/0314.tif /mnt/lsdi/ocm01868475/ocm01868475/Output/0315.tif /mnt/lsdi/ocm01868475/ocm01868475/Output/0316.tif /mnt/lsdi/ocm01868475/ocm01868475/Output/0317.tif /mnt/lsdi/ocm01868475/ocm01868475/Output/0318.tif /mnt/lsdi/ocm01868475/ocm01868475/Output/0319.tif /mnt/lsdi/ocm01868475/ocm01868475/Output/0320.tif /mnt/lsdi/ocm01868475/ocm01868475/Output/0321.tif /mnt/lsdi/ocm01868475/ocm01868475/Output/0322.tif /mnt/lsdi/ocm01868475/ocm01868475/Output/0323.tif /mnt/lsdi/ocm01868475/ocm01868475/Output/0324.tif /mnt/lsdi/ocm01868475/ocm01868475/Output/0325.tif /mnt/lsdi/ocm01868475/ocm01868475/Output/0326.tif /mnt/lsdi/ocm01868475/ocm01868475/Output/0327.tif /mnt/lsdi/ocm01868475/ocm01868475/Output/0328.tif /mnt/lsdi/ocm01868475/ocm01868475/Output/0329.tif /mnt/lsdi/ocm01868475/ocm01868475/Output/0330.tif /mnt/lsdi/ocm01868475/ocm01868475/Output/0331.tif /mnt/lsdi/ocm01868475/ocm01868475/Output/0332.tif /mnt/lsdi/ocm01868475/ocm01868475/Output/0333.tif /mnt/lsdi/ocm01868475/ocm01868475/Output/0334.tif /mnt/lsdi/ocm01868475/ocm01868475/Output/0335.tif /mnt/lsdi/ocm01868475/ocm01868475/Output/0336.tif /mnt/lsdi/ocm01868475/ocm01868475/Output/0337.tif /mnt/lsdi/ocm01868475/ocm01868475/Output/0338.tif /mnt/lsdi/ocm01868475/ocm01868475/Output/0339.tif /mnt/lsdi/ocm01868475/ocm01868475/Output/0340.tif /mnt/lsdi/ocm01868475/ocm01868475/Output/0341.tif /mnt/lsdi/ocm01868475/ocm01868475/Output/0342.tif /mnt/lsdi/ocm01868475/ocm01868475/Output/0343.tif /mnt/lsdi/ocm01868475/ocm01868475/Output/0344.tif /mnt/lsdi/ocm01868475/ocm01868475/Output/0345.tif /mnt/lsdi/ocm01868475/ocm01868475/Output/0346.tif /mnt/lsdi/ocm01868475/ocm01868475/Output/0347.tif /mnt/lsdi/ocm01868475/ocm01868475/Output/0348.tif /mnt/lsdi/ocm01868475/ocm01868475/Output/0349.tif /mnt/lsdi/ocm01868475/ocm01868475/Output/0350.tif /mnt/lsdi/ocm01868475/ocm01868475/Output/0351.tif /mnt/lsdi/ocm01868475/ocm01868475/Output/0352.tif /mnt/lsdi/ocm01868475/ocm01868475/Output/0353.tif /mnt/lsdi/ocm01868475/ocm01868475/Output/0354.tif /mnt/lsdi/ocm01868475/ocm01868475/Output/0355.tif /mnt/lsdi/ocm01868475/ocm01868475/Output/0356.tif /mnt/lsdi/ocm01868475/ocm01868475/Output/0357.tif /mnt/lsdi/ocm01868475/ocm01868475/Output/0358.tif /mnt/lsdi/ocm01868475/ocm01868475/Output/0359.tif /mnt/lsdi/ocm01868475/ocm01868475/Output/0360.tif /mnt/lsdi/ocm01868475/ocm01868475/Output/0361.tif /mnt/lsdi/ocm01868475/ocm01868475/Output/0362.tif /mnt/lsdi/ocm01868475/ocm01868475/Output/0363.tif /mnt/lsdi/ocm01868475/ocm01868475/Output/0364.tif /mnt/lsdi/ocm01868475/ocm01868475/Output/0365.tif /mnt/lsdi/ocm01868475/ocm01868475/Output/0366.tif /mnt/lsdi/ocm01868475/ocm01868475/Output/0367.tif /mnt/lsdi/ocm01868475/ocm01868475/Output/0368.tif /mnt/lsdi/ocm01868475/ocm01868475/Output/0369.tif /mnt/lsdi/ocm01868475/ocm01868475/Output/0370.tif /mnt/lsdi/ocm01868475/ocm01868475/Output/0371.tif /mnt/lsdi/ocm01868475/ocm01868475/Output/0372.tif /mnt/lsdi/ocm01868475/ocm01868475/Output/0373.tif /mnt/lsdi/ocm01868475/ocm01868475/Output/0374.tif /mnt/lsdi/ocm01868475/ocm01868475/Output/0375.tif /mnt/lsdi/ocm01868475/ocm01868475/Output/0376.tif /mnt/lsdi/ocm01868475/ocm01868475/Output/0377.tif /mnt/lsdi/ocm01868475/ocm01868475/Output/0378.tif /mnt/lsdi/ocm01868475/ocm01868475/Output/0379.tif /mnt/lsdi/ocm01868475/ocm01868475/Output/0380.tif /mnt/lsdi/ocm01868475/ocm01868475/Output/0381.tif /mnt/lsdi/ocm01868475/ocm01868475/Output/0382.tif /mnt/lsdi/ocm01868475/ocm01868475/Output/0383.tif /mnt/lsdi/ocm01868475/ocm01868475/Output/0384.tif /mnt/lsdi/ocm01868475/ocm01868475/Output/0385.tif /mnt/lsdi/ocm01868475/ocm01868475/Output/0386.tif /mnt/lsdi/ocm01868475/ocm01868475/Output/0387.tif /mnt/lsdi/ocm01868475/ocm01868475/Output/0388.tif /mnt/lsdi/ocm01868475/ocm01868475/Output/0389.tif /mnt/lsdi/ocm01868475/ocm01868475/Output/0390.tif /mnt/lsdi/ocm01868475/ocm01868475/Output/0391.tif /mnt/lsdi/ocm01868475/ocm01868475/Output/0392.tif /mnt/lsdi/ocm01868475/ocm01868475/Output/0393.tif /mnt/lsdi/ocm01868475/ocm01868475/Output/0394.tif /mnt/lsdi/ocm01868475/ocm01868475/Output/0395.tif /mnt/lsdi/ocm01868475/ocm01868475/Output/0396.tif /mnt/lsdi/ocm01868475/ocm01868475/Output/0397.tif /mnt/lsdi/ocm01868475/ocm01868475/Output/0398.tif /mnt/lsdi/ocm01868475/ocm01868475/Output/0399.tif /mnt/lsdi/ocm01868475/ocm01868475/Output/0400.tif /mnt/lsdi/ocm01868475/ocm01868475/Output/0401.tif /mnt/lsdi/ocm01868475/ocm01868475/Output/0402.tif /mnt/lsdi/ocm01868475/ocm01868475/Output/0403.tif /mnt/lsdi/ocm01868475/ocm01868475/Output/0404.tif /mnt/lsdi/ocm01868475/ocm01868475/Output/0405.tif /mnt/lsdi/ocm01868475/ocm01868475/Output/0406.tif /mnt/lsdi/ocm01868475/ocm01868475/Output/0407.tif /mnt/lsdi/ocm01868475/ocm01868475/Output/0408.tif /mnt/lsdi/ocm01868475/ocm01868475/Output/0409.tif /mnt/lsdi/ocm01868475/ocm01868475/Output/0410.tif /mnt/lsdi/ocm01868475/ocm01868475/Output/0411.tif /mnt/lsdi/ocm01868475/ocm01868475/Output/0412.tif /mnt/lsdi/ocm01868475/ocm01868475/Output/0413.tif /mnt/lsdi/ocm01868475/ocm01868475/Output/0414.tif /mnt/lsdi/ocm01868475/ocm01868475/Output/0415.tif /mnt/lsdi/ocm01868475/ocm01868475/Output/0416.tif /mnt/lsdi/ocm01868475/ocm01868475/Output/0417.tif /mnt/lsdi/ocm01868475/ocm01868475/Output/0418.tif /mnt/lsdi/ocm01868475/ocm01868475/Output/0419.tif /mnt/lsdi/ocm01868475/ocm01868475/Output/0420.tif /mnt/lsdi/ocm01868475/ocm01868475/Output/0421.tif /mnt/lsdi/ocm01868475/ocm01868475/Output/0422.tif /mnt/lsdi/ocm01868475/ocm01868475/Output/0423.tif /mnt/lsdi/ocm01868475/ocm01868475/Output/0424.tif /mnt/lsdi/ocm01868475/ocm01868475/Output/0425.tif /mnt/lsdi/ocm01868475/ocm01868475/Output/0426.tif /mnt/lsdi/ocm01868475/ocm01868475/Output/0427.tif /mnt/lsdi/ocm01868475/ocm01868475/Output/0428.tif /mnt/lsdi/ocm01868475/ocm01868475/Output/0429.tif /mnt/lsdi/ocm01868475/ocm01868475/Output/0430.tif /mnt/lsdi/ocm01868475/ocm01868475/Output/0431.tif /mnt/lsdi/ocm01868475/ocm01868475/Output/0432.tif /mnt/lsdi/ocm01868475/ocm01868475/Output/0433.tif /mnt/lsdi/ocm01868475/ocm01868475/Output/0434.tif /mnt/lsdi/ocm01868475/ocm01868475/Output/0435.tif /mnt/lsdi/ocm01868475/ocm01868475/Output/0436.tif /mnt/lsdi/ocm01868475/ocm01868475/Output/0437.tif /mnt/lsdi/ocm01868475/ocm01868475/Output/0438.tif /mnt/lsdi/ocm01868475/ocm01868475/Output/0439.tif /mnt/lsdi/ocm01868475/ocm01868475/Output/0440.tif /mnt/lsdi/ocm01868475/ocm01868475/Output/0441.tif /mnt/lsdi/ocm01868475/ocm01868475/Output/0442.tif /mnt/lsdi/ocm01868475/ocm01868475/Output/0443.tif /mnt/lsdi/ocm01868475/ocm01868475/Output/0444.tif /mnt/lsdi/ocm01868475/ocm01868475/Output/0445.tif /mnt/lsdi/ocm01868475/ocm01868475/Output/0446.tif /mnt/lsdi/ocm01868475/ocm01868475/Output/0447.tif /mnt/lsdi/ocm01868475/ocm01868475/Output/0448.tif /mnt/lsdi/ocm01868475/ocm01868475/Output/0449.tif /mnt/lsdi/ocm01868475/ocm01868475/Output/0450.tif /mnt/lsdi/ocm01868475/ocm01868475/Output/0451.tif /mnt/lsdi/ocm01868475/ocm01868475/Output/0452.tif /mnt/lsdi/ocm01868475/ocm01868475/Output/0453.tif /mnt/lsdi/ocm01868475/ocm01868475/Output/0454.tif /mnt/lsdi/ocm01868475/ocm01868475/Output/0455.tif /mnt/lsdi/ocm01868475/ocm01868475/Output/0456.tif /mnt/lsdi/ocm01868475/ocm01868475/Output/0457.tif /mnt/lsdi/ocm01868475/ocm01868475/Output/0458.tif /mnt/lsdi/ocm01868475/ocm01868475/Output/0459.tif /mnt/lsdi/ocm01868475/ocm01868475/Output/0460.tif /mnt/lsdi/ocm01868475/ocm01868475/Output/0461.tif /mnt/lsdi/ocm01868475/ocm01868475/Output/0462.tif /mnt/lsdi/ocm01868475/ocm01868475/Output/0463.tif /mnt/lsdi/ocm01868475/ocm01868475/Output/0464.tif /mnt/lsdi/ocm01868475/ocm01868475/Output/0465.tif /mnt/lsdi/ocm01868475/ocm01868475/Output/0466.tif /mnt/lsdi/ocm01868475/ocm01868475/Output/0467.tif /mnt/lsdi/ocm01868475/ocm01868475/Output/0468.tif /mnt/lsdi/ocm01868475/ocm01868475/Output/0469.tif /mnt/lsdi/ocm01868475/ocm01868475/Output/0470.tif /mnt/lsdi/ocm01868475/ocm01868475/Output/0471.tif /mnt/lsdi/ocm01868475/ocm01868475/Output/0472.tif /mnt/lsdi/ocm01868475/ocm01868475/Output/0473.tif /mnt/lsdi/ocm01868475/ocm01868475/Output/0474.tif /mnt/lsdi/ocm01868475/ocm01868475/Output/0475.tif /mnt/lsdi/ocm01868475/ocm01868475/Output/0476.tif /mnt/lsdi/ocm01868475/ocm01868475/Output/0477.tif /mnt/lsdi/ocm01868475/ocm01868475/Output/0478.tif /mnt/lsdi/ocm01868475/ocm01868475/Output/0479.tif /mnt/lsdi/ocm01868475/ocm01868475/Output/0480.tif /mnt/lsdi/ocm01868475/ocm01868475/Output/0481.tif /mnt/lsdi/ocm01868475/ocm01868475/Output/0482.tif /mnt/lsdi/ocm01868475/ocm01868475/Output/0483.tif /mnt/lsdi/ocm01868475/ocm01868475/Output/0484.tif /mnt/lsdi/ocm01868475/ocm01868475/Output/0485.tif /mnt/lsdi/ocm01868475/ocm01868475/Output/0486.tif /mnt/lsdi/ocm01868475/ocm01868475/Output/0487.tif /mnt/lsdi/ocm01868475/ocm01868475/Output/0488.tif /mnt/lsdi/ocm01868475/ocm01868475/Output/0489.tif /mnt/lsdi/ocm01868475/ocm01868475/Output/0490.tif /mnt/lsdi/ocm01868475/ocm01868475/Output/0491.tif /mnt/lsdi/ocm01868475/ocm01868475/Output/0492.tif /mnt/lsdi/ocm01868475/ocm01868475/Output/0493.tif /mnt/lsdi/ocm01868475/ocm01868475/Output/0494.tif /mnt/lsdi/ocm01868475/ocm01868475/Output/0495.tif /mnt/lsdi/ocm01868475/ocm01868475/Output/0496.tif /mnt/lsdi/ocm01868475/ocm01868475/Output/0497.tif /mnt/lsdi/ocm01868475/ocm01868475/Output/0498.tif /mnt/lsdi/ocm01868475/ocm01868475/Output/0499.tif /mnt/lsdi/ocm01868475/ocm01868475/Output/0500.tif /mnt/lsdi/ocm01868475/ocm01868475/Output/0501.tif /mnt/lsdi/ocm01868475/ocm01868475/Output/0502.tif /mnt/lsdi/ocm01868475/ocm01868475/Output/0503.tif /mnt/lsdi/ocm01868475/ocm01868475/Output/0504.tif /mnt/lsdi/ocm01868475/ocm01868475/Output/0505.tif /mnt/lsdi/ocm01868475/ocm01868475/Output/0506.tif /mnt/lsdi/ocm01868475/ocm01868475/Output/0507.tif /mnt/lsdi/ocm01868475/ocm01868475/Output/0508.tif /mnt/lsdi/ocm01868475/ocm01868475/Output/0509.tif /mnt/lsdi/ocm01868475/ocm01868475/Output/0510.tif
  adding: mnt/lsdi/ocm01868475/ocm01868475/Output/0001.tif (deflated 84%)
  adding: mnt/lsdi/ocm01868475/ocm01868475/Output/0002.tif (deflated 9%)
  adding: mnt/lsdi/ocm01868475/ocm01868475/Output/0003.tif (deflated 21%)
  adding: mnt/lsdi/ocm01868475/ocm01868475/Output/0004.tif (deflated 5%)
  adding: mnt/lsdi/ocm01868475/ocm01868475/Output/0005.tif (deflated 4%)
  adding: mnt/lsdi/ocm01868475/ocm01868475/Output/0006.tif (deflated 4%)
  adding: mnt/lsdi/ocm01868475/ocm01868475/Output/0007.tif (deflated 5%)
  adding: mnt/lsdi/ocm01868475/ocm01868475/Output/0008.tif (deflated 4%)
  adding: mnt/lsdi/ocm01868475/ocm01868475/Output/0009.tif (deflated 6%)
  adding: mnt/lsdi/ocm01868475/ocm01868475/Output/0010.tif (deflated 21%)
  adding: mnt/lsdi/ocm01868475/ocm01868475/Output/0011.tif (deflated 84%)
  adding: mnt/lsdi/ocm01868475/ocm01868475/Output/0012.tif (deflated 34%)
  adding: mnt/lsdi/ocm01868475/ocm01868475/Output/0013.tif (deflated 0%)
  adding: mnt/lsdi/ocm01868475/ocm01868475/Output/0014.tif (deflated 73%)
  adding: mnt/lsdi/ocm01868475/ocm01868475/Output/0015.tif (deflated 84%)
  adding: mnt/lsdi/ocm01868475/ocm01868475/Output/0016.tif (deflated 4%)
  adding: mnt/lsdi/ocm01868475/ocm01868475/Output/0017.tif (deflated 5%)
  adding: mnt/lsdi/ocm01868475/ocm01868475/Output/0018.tif (deflated 4%)
  adding: mnt/lsdi/ocm01868475/ocm01868475/Output/0019.tif (deflated 4%)
  adding: mnt/lsdi/ocm01868475/ocm01868475/Output/0020.tif (deflated 92%)
  adding: mnt/lsdi/ocm01868475/ocm01868475/Output/0021.tif (deflated 84%)
  adding: mnt/lsdi/ocm01868475/ocm01868475/Output/0022.tif (deflated 4%)
  adding: mnt/lsdi/ocm01868475/ocm01868475/Output/0023.tif (deflated 4%)
  adding: mnt/lsdi/ocm01868475/ocm01868475/Output/0024.tif (deflated 4%)
  adding: mnt/lsdi/ocm01868475/ocm01868475/Output/0025.tif (deflated 4%)
  adding: mnt/lsdi/ocm01868475/ocm01868475/Output/0026.tif (deflated 51%)
  adding: mnt/lsdi/ocm01868475/ocm01868475/Output/0027.tif (deflated 68%)
  adding: mnt/lsdi/ocm01868475/ocm01868475/Output/0028.tif (deflated 4%)
  adding: mnt/lsdi/ocm01868475/ocm01868475/Output/0029.tif (deflated 4%)
  adding: mnt/lsdi/ocm01868475/ocm01868475/Output/0030.tif (deflated 4%)
  adding: mnt/lsdi/ocm01868475/ocm01868475/Output/0031.tif (deflated 4%)
  adding: mnt/lsdi/ocm01868475/ocm01868475/Output/0032.tif (deflated 4%)
  adding: mnt/lsdi/ocm01868475/ocm01868475/Output/0033.tif (deflated 4%)
  adding: mnt/lsdi/ocm01868475/ocm01868475/Output/0034.tif (deflated 4%)
  adding: mnt/lsdi/ocm01868475/ocm01868475/Output/0035.tif (deflated 5%)
  adding: mnt/lsdi/ocm01868475/ocm01868475/Output/0036.tif (deflated 4%)
  adding: mnt/lsdi/ocm01868475/ocm01868475/Output/0037.tif (deflated 4%)
  adding: mnt/lsdi/ocm01868475/ocm01868475/Output/0038.tif (deflated 4%)
  adding: mnt/lsdi/ocm01868475/ocm01868475/Output/0039.tif (deflated 4%)
  adding: mnt/lsdi/ocm01868475/ocm01868475/Output/0040.tif (deflated 4%)
  adding: mnt/lsdi/ocm01868475/ocm01868475/Output/0041.tif (deflated 4%)
  adding: mnt/lsdi/ocm01868475/ocm01868475/Output/0042.tif (deflated 4%)
  adding: mnt/lsdi/ocm01868475/ocm01868475/Output/0043.tif (deflated 4%)
  adding: mnt/lsdi/ocm01868475/ocm01868475/Output/0044.tif (deflated 56%)
  adding: mnt/lsdi/ocm01868475/ocm01868475/Output/0045.tif (deflated 64%)
  adding: mnt/lsdi/ocm01868475/ocm01868475/Output/0046.tif (deflated 5%)
  adding: mnt/lsdi/ocm01868475/ocm01868475/Output/0047.tif (deflated 4%)
  adding: mnt/lsdi/ocm01868475/ocm01868475/Output/0048.tif (deflated 4%)
  adding: mnt/lsdi/ocm01868475/ocm01868475/Output/0049.tif (deflated 4%)
  adding: mnt/lsdi/ocm01868475/ocm01868475/Output/0050.tif (deflated 4%)
  adding: mnt/lsdi/ocm01868475/ocm01868475/Output/0051.tif (deflated 4%)
  adding: mnt/lsdi/ocm01868475/ocm01868475/Output/0052.tif (deflated 4%)
  adding: mnt/lsdi/ocm01868475/ocm01868475/Output/0053.tif (deflated 4%)
  adding: mnt/lsdi/ocm01868475/ocm01868475/Output/0054.tif (deflated 5%)
  adding: mnt/lsdi/ocm01868475/ocm01868475/Output/0055.tif (deflated 4%)
  adding: mnt/lsdi/ocm01868475/ocm01868475/Output/0056.tif (deflated 5%)
  adding: mnt/lsdi/ocm01868475/ocm01868475/Output/0057.tif (deflated 4%)
  adding: mnt/lsdi/ocm01868475/ocm01868475/Output/0058.tif (deflated 4%)
  adding: mnt/lsdi/ocm01868475/ocm01868475/Output/0059.tif (deflated 5%)
  adding: mnt/lsdi/ocm01868475/ocm01868475/Output/0060.tif (deflated 5%)
  adding: mnt/lsdi/ocm01868475/ocm01868475/Output/0061.tif (deflated 6%)
  adding: mnt/lsdi/ocm01868475/ocm01868475/Output/0062.tif (deflated 54%)
  adding: mnt/lsdi/ocm01868475/ocm01868475/Output/0063.tif (deflated 58%)
  adding: mnt/lsdi/ocm01868475/ocm01868475/Output/0064.tif (deflated 4%)
  adding: mnt/lsdi/ocm01868475/ocm01868475/Output/0065.tif (deflated 4%)
  adding: mnt/lsdi/ocm01868475/ocm01868475/Output/0066.tif (deflated 4%)
  adding: mnt/lsdi/ocm01868475/ocm01868475/Output/0067.tif (deflated 4%)
  adding: mnt/lsdi/ocm01868475/ocm01868475/Output/0068.tif (deflated 5%)
  adding: mnt/lsdi/ocm01868475/ocm01868475/Output/0069.tif (deflated 4%)
  adding: mnt/lsdi/ocm01868475/ocm01868475/Output/0070.tif (deflated 4%)
  adding: mnt/lsdi/ocm01868475/ocm01868475/Output/0071.tif (deflated 4%)
  adding: mnt/lsdi/ocm01868475/ocm01868475/Output/0072.tif (deflated 4%)
  adding: mnt/lsdi/ocm01868475/ocm01868475/Output/0073.tif (deflated 4%)
  adding: mnt/lsdi/ocm01868475/ocm01868475/Output/0074.tif (deflated 4%)
  adding: mnt/lsdi/ocm01868475/ocm01868475/Output/0075.tif (deflated 4%)
  adding: mnt/lsdi/ocm01868475/ocm01868475/Output/0076.tif (deflated 4%)
  adding: mnt/lsdi/ocm01868475/ocm01868475/Output/0077.tif (deflated 5%)
  adding: mnt/lsdi/ocm01868475/ocm01868475/Output/0078.tif (deflated 7%)
  adding: mnt/lsdi/ocm01868475/ocm01868475/Output/0079.tif (deflated 4%)
  adding: mnt/lsdi/ocm01868475/ocm01868475/Output/0080.tif (deflated 50%)
  adding: mnt/lsdi/ocm01868475/ocm01868475/Output/0081.tif (deflated 65%)
  adding: mnt/lsdi/ocm01868475/ocm01868475/Output/0082.tif (deflated 4%)
  adding: mnt/lsdi/ocm01868475/ocm01868475/Output/0083.tif (deflated 5%)
  adding: mnt/lsdi/ocm01868475/ocm01868475/Output/0084.tif (deflated 4%)
  adding: mnt/lsdi/ocm01868475/ocm01868475/Output/0085.tif (deflated 5%)
  adding: mnt/lsdi/ocm01868475/ocm01868475/Output/0086.tif (deflated 4%)
  adding: mnt/lsdi/ocm01868475/ocm01868475/Output/0087.tif (deflated 5%)
  adding: mnt/lsdi/ocm01868475/ocm01868475/Output/0088.tif (deflated 5%)
  adding: mnt/lsdi/ocm01868475/ocm01868475/Output/0089.tif (deflated 7%)
  adding: mnt/lsdi/ocm01868475/ocm01868475/Output/0090.tif (deflated 5%)
  adding: mnt/lsdi/ocm01868475/ocm01868475/Output/0091.tif (deflated 4%)
  adding: mnt/lsdi/ocm01868475/ocm01868475/Output/0092.tif (deflated 5%)
  adding: mnt/lsdi/ocm01868475/ocm01868475/Output/0093.tif (deflated 4%)
  adding: mnt/lsdi/ocm01868475/ocm01868475/Output/0094.tif (deflated 4%)
  adding: mnt/lsdi/ocm01868475/ocm01868475/Output/0095.tif (deflated 5%)
  adding: mnt/lsdi/ocm01868475/ocm01868475/Output/0096.tif (deflated 5%)
  adding: mnt/lsdi/ocm01868475/ocm01868475/Output/0097.tif (deflated 4%)
  adding: mnt/lsdi/ocm01868475/ocm01868475/Output/0098.tif (deflated 62%)
  adding: mnt/lsdi/ocm01868475/ocm01868475/Output/0099.tif (deflated 63%)
  adding: mnt/lsdi/ocm01868475/ocm01868475/Output/0100.tif (deflated 5%)
  adding: mnt/lsdi/ocm01868475/ocm01868475/Output/0101.tif (deflated 4%)
  adding: mnt/lsdi/ocm01868475/ocm01868475/Output/0102.tif (deflated 4%)
  adding: mnt/lsdi/ocm01868475/ocm01868475/Output/0103.tif (deflated 4%)
  adding: mnt/lsdi/ocm01868475/ocm01868475/Output/0104.tif (deflated 4%)
  adding: mnt/lsdi/ocm01868475/ocm01868475/Output/0105.tif (deflated 5%)
  adding: mnt/lsdi/ocm01868475/ocm01868475/Output/0106.tif (deflated 5%)
  adding: mnt/lsdi/ocm01868475/ocm01868475/Output/0107.tif (deflated 4%)
  adding: mnt/lsdi/ocm01868475/ocm01868475/Output/0108.tif (deflated 4%)
  adding: mnt/lsdi/ocm01868475/ocm01868475/Output/0109.tif (deflated 4%)
  adding: mnt/lsdi/ocm01868475/ocm01868475/Output/0110.tif (deflated 6%)
  adding: mnt/lsdi/ocm01868475/ocm01868475/Output/0111.tif (deflated 5%)
  adding: mnt/lsdi/ocm01868475/ocm01868475/Output/0112.tif (deflated 4%)
  adding: mnt/lsdi/ocm01868475/ocm01868475/Output/0113.tif (deflated 5%)
  adding: mnt/lsdi/ocm01868475/ocm01868475/Output/0114.tif (deflated 4%)
  adding: mnt/lsdi/ocm01868475/ocm01868475/Output/0115.tif (deflated 5%)
  adding: mnt/lsdi/ocm01868475/ocm01868475/Output/0116.tif (deflated 43%)
  adding: mnt/lsdi/ocm01868475/ocm01868475/Output/0117.tif (deflated 59%)
  adding: mnt/lsdi/ocm01868475/ocm01868475/Output/0118.tif (deflated 4%)
  adding: mnt/lsdi/ocm01868475/ocm01868475/Output/0119.tif (deflated 5%)
  adding: mnt/lsdi/ocm01868475/ocm01868475/Output/0120.tif (deflated 5%)
  adding: mnt/lsdi/ocm01868475/ocm01868475/Output/0121.tif (deflated 5%)
  adding: mnt/lsdi/ocm01868475/ocm01868475/Output/0122.tif (deflated 5%)
  adding: mnt/lsdi/ocm01868475/ocm01868475/Output/0123.tif (deflated 5%)
  adding: mnt/lsdi/ocm01868475/ocm01868475/Output/0124.tif (deflated 7%)
  adding: mnt/lsdi/ocm01868475/ocm01868475/Output/0125.tif (deflated 4%)
  adding: mnt/lsdi/ocm01868475/ocm01868475/Output/0126.tif (deflated 4%)
  adding: mnt/lsdi/ocm01868475/ocm01868475/Output/0127.tif (deflated 4%)
  adding: mnt/lsdi/ocm01868475/ocm01868475/Output/0128.tif (deflated 4%)
  adding: mnt/lsdi/ocm01868475/ocm01868475/Output/0129.tif (deflated 4%)
  adding: mnt/lsdi/ocm01868475/ocm01868475/Output/0130.tif (deflated 4%)
  adding: mnt/lsdi/ocm01868475/ocm01868475/Output/0131.tif (deflated 4%)
  adding: mnt/lsdi/ocm01868475/ocm01868475/Output/0132.tif (deflated 4%)
  adding: mnt/lsdi/ocm01868475/ocm01868475/Output/0133.tif (deflated 4%)
  adding: mnt/lsdi/ocm01868475/ocm01868475/Output/0134.tif (deflated 4%)
  adding: mnt/lsdi/ocm01868475/ocm01868475/Output/0135.tif (deflated 3%)
  adding: mnt/lsdi/ocm01868475/ocm01868475/Output/0136.tif (deflated 6%)
  adding: mnt/lsdi/ocm01868475/ocm01868475/Output/0137.tif (deflated 5%)
  adding: mnt/lsdi/ocm01868475/ocm01868475/Output/0138.tif (deflated 4%)
  adding: mnt/lsdi/ocm01868475/ocm01868475/Output/0139.tif (deflated 4%)
  adding: mnt/lsdi/ocm01868475/ocm01868475/Output/0140.tif (deflated 67%)
  adding: mnt/lsdi/ocm01868475/ocm01868475/Output/0141.tif (deflated 69%)
  adding: mnt/lsdi/ocm01868475/ocm01868475/Output/0142.tif (deflated 4%)
  adding: mnt/lsdi/ocm01868475/ocm01868475/Output/0143.tif (deflated 4%)
  adding: mnt/lsdi/ocm01868475/ocm01868475/Output/0144.tif (deflated 5%)
  adding: mnt/lsdi/ocm01868475/ocm01868475/Output/0145.tif (deflated 84%)
  adding: mnt/lsdi/ocm01868475/ocm01868475/Output/0146.tif (deflated 22%)
  adding: mnt/lsdi/ocm01868475/ocm01868475/Output/0147.tif (deflated 84%)
  adding: mnt/lsdi/ocm01868475/ocm01868475/Output/0148.tif (deflated 5%)
  adding: mnt/lsdi/ocm01868475/ocm01868475/Output/0149.tif (deflated 5%)
  adding: mnt/lsdi/ocm01868475/ocm01868475/Output/0150.tif (deflated 4%)
  adding: mnt/lsdi/ocm01868475/ocm01868475/Output/0151.tif (deflated 5%)
  adding: mnt/lsdi/ocm01868475/ocm01868475/Output/0152.tif (deflated 5%)
  adding: mnt/lsdi/ocm01868475/ocm01868475/Output/0153.tif (deflated 5%)
  adding: mnt/lsdi/ocm01868475/ocm01868475/Output/0154.tif (deflated 4%)
  adding: mnt/lsdi/ocm01868475/ocm01868475/Output/0155.tif (deflated 5%)
  adding: mnt/lsdi/ocm01868475/ocm01868475/Output/0156.tif (deflated 5%)
  adding: mnt/lsdi/ocm01868475/ocm01868475/Output/0157.tif (deflated 5%)
  adding: mnt/lsdi/ocm01868475/ocm01868475/Output/0158.tif (deflated 4%)
  adding: mnt/lsdi/ocm01868475/ocm01868475/Output/0159.tif (deflated 4%)
  adding: mnt/lsdi/ocm01868475/ocm01868475/Output/0160.tif (deflated 58%)
  adding: mnt/lsdi/ocm01868475/ocm01868475/Output/0161.tif (deflated 63%)
  adding: mnt/lsdi/ocm01868475/ocm01868475/Output/0162.tif (deflated 4%)
  adding: mnt/lsdi/ocm01868475/ocm01868475/Output/0163.tif (deflated 4%)
  adding: mnt/lsdi/ocm01868475/ocm01868475/Output/0164.tif (deflated 4%)
  adding: mnt/lsdi/ocm01868475/ocm01868475/Output/0165.tif (deflated 4%)
  adding: mnt/lsdi/ocm01868475/ocm01868475/Output/0166.tif (deflated 4%)
  adding: mnt/lsdi/ocm01868475/ocm01868475/Output/0167.tif (deflated 4%)
  adding: mnt/lsdi/ocm01868475/ocm01868475/Output/0168.tif (deflated 4%)
  adding: mnt/lsdi/ocm01868475/ocm01868475/Output/0169.tif (deflated 4%)
  adding: mnt/lsdi/ocm01868475/ocm01868475/Output/0170.tif (deflated 4%)
  adding: mnt/lsdi/ocm01868475/ocm01868475/Output/0171.tif (deflated 4%)
  adding: mnt/lsdi/ocm01868475/ocm01868475/Output/0172.tif (deflated 4%)
  adding: mnt/lsdi/ocm01868475/ocm01868475/Output/0173.tif (deflated 5%)
  adding: mnt/lsdi/ocm01868475/ocm01868475/Output/0174.tif (deflated 4%)
  adding: mnt/lsdi/ocm01868475/ocm01868475/Output/0175.tif (deflated 5%)
  adding: mnt/lsdi/ocm01868475/ocm01868475/Output/0176.tif (deflated 41%)
  adding: mnt/lsdi/ocm01868475/ocm01868475/Output/0177.tif (deflated 64%)
  adding: mnt/lsdi/ocm01868475/ocm01868475/Output/0178.tif (deflated 5%)
  adding: mnt/lsdi/ocm01868475/ocm01868475/Output/0179.tif (deflated 4%)
  adding: mnt/lsdi/ocm01868475/ocm01868475/Output/0180.tif (deflated 4%)
  adding: mnt/lsdi/ocm01868475/ocm01868475/Output/0181.tif (deflated 4%)
  adding: mnt/lsdi/ocm01868475/ocm01868475/Output/0182.tif (deflated 5%)
  adding: mnt/lsdi/ocm01868475/ocm01868475/Output/0183.tif (deflated 5%)
  adding: mnt/lsdi/ocm01868475/ocm01868475/Output/0184.tif (deflated 4%)
  adding: mnt/lsdi/ocm01868475/ocm01868475/Output/0185.tif (deflated 7%)
  adding: mnt/lsdi/ocm01868475/ocm01868475/Output/0186.tif (deflated 5%)
  adding: mnt/lsdi/ocm01868475/ocm01868475/Output/0187.tif (deflated 4%)
  adding: mnt/lsdi/ocm01868475/ocm01868475/Output/0188.tif (deflated 4%)
  adding: mnt/lsdi/ocm01868475/ocm01868475/Output/0189.tif (deflated 5%)
  adding: mnt/lsdi/ocm01868475/ocm01868475/Output/0190.tif (deflated 5%)
  adding: mnt/lsdi/ocm01868475/ocm01868475/Output/0191.tif (deflated 5%)
  adding: mnt/lsdi/ocm01868475/ocm01868475/Output/0192.tif (deflated 5%)
  adding: mnt/lsdi/ocm01868475/ocm01868475/Output/0193.tif (deflated 4%)
  adding: mnt/lsdi/ocm01868475/ocm01868475/Output/0194.tif (deflated 5%)
  adding: mnt/lsdi/ocm01868475/ocm01868475/Output/0195.tif (deflated 5%)
  adding: mnt/lsdi/ocm01868475/ocm01868475/Output/0196.tif (deflated 57%)
  adding: mnt/lsdi/ocm01868475/ocm01868475/Output/0197.tif (deflated 71%)
  adding: mnt/lsdi/ocm01868475/ocm01868475/Output/0198.tif (deflated 4%)
  adding: mnt/lsdi/ocm01868475/ocm01868475/Output/0199.tif (deflated 5%)
  adding: mnt/lsdi/ocm01868475/ocm01868475/Output/0200.tif (deflated 4%)
  adding: mnt/lsdi/ocm01868475/ocm01868475/Output/0201.tif (deflated 5%)
  adding: mnt/lsdi/ocm01868475/ocm01868475/Output/0202.tif (deflated 5%)
  adding: mnt/lsdi/ocm01868475/ocm01868475/Output/0203.tif (deflated 5%)
  adding: mnt/lsdi/ocm01868475/ocm01868475/Output/0204.tif (deflated 4%)
  adding: mnt/lsdi/ocm01868475/ocm01868475/Output/0205.tif (deflated 4%)
  adding: mnt/lsdi/ocm01868475/ocm01868475/Output/0206.tif (deflated 4%)
  adding: mnt/lsdi/ocm01868475/ocm01868475/Output/0207.tif (deflated 6%)
  adding: mnt/lsdi/ocm01868475/ocm01868475/Output/0208.tif (deflated 4%)
  adding: mnt/lsdi/ocm01868475/ocm01868475/Output/0209.tif (deflated 4%)
  adding: mnt/lsdi/ocm01868475/ocm01868475/Output/0210.tif (deflated 3%)
  adding: mnt/lsdi/ocm01868475/ocm01868475/Output/0211.tif (deflated 4%)
  adding: mnt/lsdi/ocm01868475/ocm01868475/Output/0212.tif (deflated 4%)
  adding: mnt/lsdi/ocm01868475/ocm01868475/Output/0213.tif (deflated 4%)
  adding: mnt/lsdi/ocm01868475/ocm01868475/Output/0214.tif (deflated 4%)
  adding: mnt/lsdi/ocm01868475/ocm01868475/Output/0215.tif (deflated 4%)
  adding: mnt/lsdi/ocm01868475/ocm01868475/Output/0216.tif (deflated 4%)
  adding: mnt/lsdi/ocm01868475/ocm01868475/Output/0217.tif (deflated 4%)
  adding: mnt/lsdi/ocm01868475/ocm01868475/Output/0218.tif (deflated 8%)
  adding: mnt/lsdi/ocm01868475/ocm01868475/Output/0219.tif (deflated 4%)
  adding: mnt/lsdi/ocm01868475/ocm01868475/Output/0220.tif (deflated 4%)
  adding: mnt/lsdi/ocm01868475/ocm01868475/Output/0221.tif (deflated 4%)
  adding: mnt/lsdi/ocm01868475/ocm01868475/Output/0222.tif (deflated 4%)
  adding: mnt/lsdi/ocm01868475/ocm01868475/Output/0223.tif (deflated 4%)
  adding: mnt/lsdi/ocm01868475/ocm01868475/Output/0224.tif (deflated 4%)
  adding: mnt/lsdi/ocm01868475/ocm01868475/Output/0225.tif (deflated 4%)
  adding: mnt/lsdi/ocm01868475/ocm01868475/Output/0226.tif (deflated 4%)
  adding: mnt/lsdi/ocm01868475/ocm01868475/Output/0227.tif (deflated 4%)
  adding: mnt/lsdi/ocm01868475/ocm01868475/Output/0228.tif (deflated 5%)
  adding: mnt/lsdi/ocm01868475/ocm01868475/Output/0229.tif (deflated 4%)
  adding: mnt/lsdi/ocm01868475/ocm01868475/Output/0230.tif (deflated 4%)
  adding: mnt/lsdi/ocm01868475/ocm01868475/Output/0231.tif (deflated 4%)
  adding: mnt/lsdi/ocm01868475/ocm01868475/Output/0232.tif (deflated 4%)
  adding: mnt/lsdi/ocm01868475/ocm01868475/Output/0233.tif (deflated 4%)
  adding: mnt/lsdi/ocm01868475/ocm01868475/Output/0234.tif (deflated 4%)
  adding: mnt/lsdi/ocm01868475/ocm01868475/Output/0235.tif (deflated 4%)
  adding: mnt/lsdi/ocm01868475/ocm01868475/Output/0236.tif (deflated 4%)
  adding: mnt/lsdi/ocm01868475/ocm01868475/Output/0237.tif (deflated 6%)
  adding: mnt/lsdi/ocm01868475/ocm01868475/Output/0238.tif (deflated 4%)
  adding: mnt/lsdi/ocm01868475/ocm01868475/Output/0239.tif (deflated 4%)
  adding: mnt/lsdi/ocm01868475/ocm01868475/Output/0240.tif (deflated 4%)
  adding: mnt/lsdi/ocm01868475/ocm01868475/Output/0241.tif (deflated 4%)
  adding: mnt/lsdi/ocm01868475/ocm01868475/Output/0242.tif (deflated 4%)
  adding: mnt/lsdi/ocm01868475/ocm01868475/Output/0243.tif (deflated 5%)
  adding: mnt/lsdi/ocm01868475/ocm01868475/Output/0244.tif (deflated 4%)
  adding: mnt/lsdi/ocm01868475/ocm01868475/Output/0245.tif (deflated 6%)
  adding: mnt/lsdi/ocm01868475/ocm01868475/Output/0246.tif (deflated 5%)
  adding: mnt/lsdi/ocm01868475/ocm01868475/Output/0247.tif (deflated 5%)
  adding: mnt/lsdi/ocm01868475/ocm01868475/Output/0248.tif (deflated 4%)
  adding: mnt/lsdi/ocm01868475/ocm01868475/Output/0249.tif (deflated 5%)
  adding: mnt/lsdi/ocm01868475/ocm01868475/Output/0250.tif (deflated 5%)
  adding: mnt/lsdi/ocm01868475/ocm01868475/Output/0251.tif (deflated 5%)
  adding: mnt/lsdi/ocm01868475/ocm01868475/Output/0252.tif (deflated 5%)
  adding: mnt/lsdi/ocm01868475/ocm01868475/Output/0253.tif (deflated 5%)
  adding: mnt/lsdi/ocm01868475/ocm01868475/Output/0254.tif (deflated 4%)
  adding: mnt/lsdi/ocm01868475/ocm01868475/Output/0255.tif (deflated 4%)
  adding: mnt/lsdi/ocm01868475/ocm01868475/Output/0256.tif (deflated 5%)
  adding: mnt/lsdi/ocm01868475/ocm01868475/Output/0257.tif (deflated 5%)
  adding: mnt/lsdi/ocm01868475/ocm01868475/Output/0258.tif (deflated 5%)
  adding: mnt/lsdi/ocm01868475/ocm01868475/Output/0259.tif (deflated 4%)
  adding: mnt/lsdi/ocm01868475/ocm01868475/Output/0260.tif (deflated 5%)
  adding: mnt/lsdi/ocm01868475/ocm01868475/Output/0261.tif (deflated 5%)
  adding: mnt/lsdi/ocm01868475/ocm01868475/Output/0262.tif (deflated 5%)
  adding: mnt/lsdi/ocm01868475/ocm01868475/Output/0263.tif (deflated 4%)
  adding: mnt/lsdi/ocm01868475/ocm01868475/Output/0264.tif (deflated 4%)
  adding: mnt/lsdi/ocm01868475/ocm01868475/Output/0265.tif (deflated 5%)
  adding: mnt/lsdi/ocm01868475/ocm01868475/Output/0266.tif (deflated 5%)
  adding: mnt/lsdi/ocm01868475/ocm01868475/Output/0267.tif (deflated 5%)
  adding: mnt/lsdi/ocm01868475/ocm01868475/Output/0268.tif (deflated 7%)
  adding: mnt/lsdi/ocm01868475/ocm01868475/Output/0269.tif (deflated 5%)
  adding: mnt/lsdi/ocm01868475/ocm01868475/Output/0270.tif (deflated 5%)
  adding: mnt/lsdi/ocm01868475/ocm01868475/Output/0271.tif (deflated 4%)
  adding: mnt/lsdi/ocm01868475/ocm01868475/Output/0272.tif (deflated 4%)
  adding: mnt/lsdi/ocm01868475/ocm01868475/Output/0273.tif (deflated 4%)
  adding: mnt/lsdi/ocm01868475/ocm01868475/Output/0274.tif (deflated 5%)
  adding: mnt/lsdi/ocm01868475/ocm01868475/Output/0275.tif (deflated 5%)
  adding: mnt/lsdi/ocm01868475/ocm01868475/Output/0276.tif (deflated 4%)
  adding: mnt/lsdi/ocm01868475/ocm01868475/Output/0277.tif (deflated 4%)
  adding: mnt/lsdi/ocm01868475/ocm01868475/Output/0278.tif (deflated 4%)
  adding: mnt/lsdi/ocm01868475/ocm01868475/Output/0279.tif (deflated 5%)
  adding: mnt/lsdi/ocm01868475/ocm01868475/Output/0280.tif (deflated 4%)
  adding: mnt/lsdi/ocm01868475/ocm01868475/Output/0281.tif (deflated 4%)
  adding: mnt/lsdi/ocm01868475/ocm01868475/Output/0282.tif (deflated 5%)
  adding: mnt/lsdi/ocm01868475/ocm01868475/Output/0283.tif (deflated 5%)
  adding: mnt/lsdi/ocm01868475/ocm01868475/Output/0284.tif (deflated 4%)
  adding: mnt/lsdi/ocm01868475/ocm01868475/Output/0285.tif (deflated 4%)
  adding: mnt/lsdi/ocm01868475/ocm01868475/Output/0286.tif (deflated 5%)
  adding: mnt/lsdi/ocm01868475/ocm01868475/Output/0287.tif (deflated 5%)
  adding: mnt/lsdi/ocm01868475/ocm01868475/Output/0288.tif (deflated 4%)
  adding: mnt/lsdi/ocm01868475/ocm01868475/Output/0289.tif (deflated 4%)
  adding: mnt/lsdi/ocm01868475/ocm01868475/Output/0290.tif (deflated 4%)
  adding: mnt/lsdi/ocm01868475/ocm01868475/Output/0291.tif (deflated 4%)
  adding: mnt/lsdi/ocm01868475/ocm01868475/Output/0292.tif (deflated 4%)
  adding: mnt/lsdi/ocm01868475/ocm01868475/Output/0293.tif (deflated 4%)
  adding: mnt/lsdi/ocm01868475/ocm01868475/Output/0294.tif (deflated 4%)
  adding: mnt/lsdi/ocm01868475/ocm01868475/Output/0295.tif (deflated 6%)
  adding: mnt/lsdi/ocm01868475/ocm01868475/Output/0296.tif (deflated 4%)
  adding: mnt/lsdi/ocm01868475/ocm01868475/Output/0297.tif (deflated 4%)
  adding: mnt/lsdi/ocm01868475/ocm01868475/Output/0298.tif (deflated 4%)
  adding: mnt/lsdi/ocm01868475/ocm01868475/Output/0299.tif (deflated 4%)
  adding: mnt/lsdi/ocm01868475/ocm01868475/Output/0300.tif (deflated 4%)
  adding: mnt/lsdi/ocm01868475/ocm01868475/Output/0301.tif (deflated 5%)
  adding: mnt/lsdi/ocm01868475/ocm01868475/Output/0302.tif (deflated 5%)
  adding: mnt/lsdi/ocm01868475/ocm01868475/Output/0303.tif (deflated 4%)
  adding: mnt/lsdi/ocm01868475/ocm01868475/Output/0304.tif (deflated 5%)
  adding: mnt/lsdi/ocm01868475/ocm01868475/Output/0305.tif (deflated 5%)
  adding: mnt/lsdi/ocm01868475/ocm01868475/Output/0306.tif (deflated 5%)
  adding: mnt/lsdi/ocm01868475/ocm01868475/Output/0307.tif (deflated 4%)
  adding: mnt/lsdi/ocm01868475/ocm01868475/Output/0308.tif (deflated 47%)
  adding: mnt/lsdi/ocm01868475/ocm01868475/Output/0309.tif (deflated 75%)
  adding: mnt/lsdi/ocm01868475/ocm01868475/Output/0310.tif (deflated 4%)
  adding: mnt/lsdi/ocm01868475/ocm01868475/Output/0311.tif (deflated 5%)
  adding: mnt/lsdi/ocm01868475/ocm01868475/Output/0312.tif (deflated 4%)
  adding: mnt/lsdi/ocm01868475/ocm01868475/Output/0313.tif (deflated 5%)
  adding: mnt/lsdi/ocm01868475/ocm01868475/Output/0314.tif (deflated 4%)
  adding: mnt/lsdi/ocm01868475/ocm01868475/Output/0315.tif (deflated 5%)
  adding: mnt/lsdi/ocm01868475/ocm01868475/Output/0316.tif (deflated 4%)
  adding: mnt/lsdi/ocm01868475/ocm01868475/Output/0317.tif (deflated 8%)
  adding: mnt/lsdi/ocm01868475/ocm01868475/Output/0318.tif (deflated 5%)
  adding: mnt/lsdi/ocm01868475/ocm01868475/Output/0319.tif (deflated 5%)
  adding: mnt/lsdi/ocm01868475/ocm01868475/Output/0320.tif (deflated 5%)
  adding: mnt/lsdi/ocm01868475/ocm01868475/Output/0321.tif (deflated 5%)
  adding: mnt/lsdi/ocm01868475/ocm01868475/Output/0322.tif (deflated 3%)
  adding: mnt/lsdi/ocm01868475/ocm01868475/Output/0323.tif (deflated 5%)
  adding: mnt/lsdi/ocm01868475/ocm01868475/Output/0324.tif (deflated 4%)
  adding: mnt/lsdi/ocm01868475/ocm01868475/Output/0325.tif (deflated 5%)
  adding: mnt/lsdi/ocm01868475/ocm01868475/Output/0326.tif (deflated 5%)
  adding: mnt/lsdi/ocm01868475/ocm01868475/Output/0327.tif (deflated 5%)
  adding: mnt/lsdi/ocm01868475/ocm01868475/Output/0328.tif (deflated 79%)
  adding: mnt/lsdi/ocm01868475/ocm01868475/Output/0329.tif (deflated 64%)
  adding: mnt/lsdi/ocm01868475/ocm01868475/Output/0330.tif (deflated 6%)
  adding: mnt/lsdi/ocm01868475/ocm01868475/Output/0331.tif (deflated 5%)
  adding: mnt/lsdi/ocm01868475/ocm01868475/Output/0332.tif (deflated 4%)
  adding: mnt/lsdi/ocm01868475/ocm01868475/Output/0333.tif (deflated 5%)
  adding: mnt/lsdi/ocm01868475/ocm01868475/Output/0334.tif (deflated 4%)
  adding: mnt/lsdi/ocm01868475/ocm01868475/Output/0335.tif (deflated 5%)
  adding: mnt/lsdi/ocm01868475/ocm01868475/Output/0336.tif (deflated 4%)
  adding: mnt/lsdi/ocm01868475/ocm01868475/Output/0337.tif (deflated 4%)
  adding: mnt/lsdi/ocm01868475/ocm01868475/Output/0338.tif (deflated 4%)
  adding: mnt/lsdi/ocm01868475/ocm01868475/Output/0339.tif (deflated 4%)
  adding: mnt/lsdi/ocm01868475/ocm01868475/Output/0340.tif (deflated 6%)
  adding: mnt/lsdi/ocm01868475/ocm01868475/Output/0341.tif (deflated 4%)
  adding: mnt/lsdi/ocm01868475/ocm01868475/Output/0342.tif (deflated 5%)
  adding: mnt/lsdi/ocm01868475/ocm01868475/Output/0343.tif (deflated 5%)
  adding: mnt/lsdi/ocm01868475/ocm01868475/Output/0344.tif (deflated 54%)
  adding: mnt/lsdi/ocm01868475/ocm01868475/Output/0345.tif (deflated 64%)
  adding: mnt/lsdi/ocm01868475/ocm01868475/Output/0346.tif (deflated 4%)
  adding: mnt/lsdi/ocm01868475/ocm01868475/Output/0347.tif (deflated 4%)
  adding: mnt/lsdi/ocm01868475/ocm01868475/Output/0348.tif (deflated 4%)
  adding: mnt/lsdi/ocm01868475/ocm01868475/Output/0349.tif (deflated 5%)
  adding: mnt/lsdi/ocm01868475/ocm01868475/Output/0350.tif (deflated 4%)
  adding: mnt/lsdi/ocm01868475/ocm01868475/Output/0351.tif (deflated 5%)
  adding: mnt/lsdi/ocm01868475/ocm01868475/Output/0352.tif (deflated 4%)
  adding: mnt/lsdi/ocm01868475/ocm01868475/Output/0353.tif (deflated 5%)
  adding: mnt/lsdi/ocm01868475/ocm01868475/Output/0354.tif (deflated 4%)
  adding: mnt/lsdi/ocm01868475/ocm01868475/Output/0355.tif (deflated 4%)
  adding: mnt/lsdi/ocm01868475/ocm01868475/Output/0356.tif (deflated 5%)
  adding: mnt/lsdi/ocm01868475/ocm01868475/Output/0357.tif (deflated 4%)
  adding: mnt/lsdi/ocm01868475/ocm01868475/Output/0358.tif (deflated 4%)
  adding: mnt/lsdi/ocm01868475/ocm01868475/Output/0359.tif (deflated 9%)
  adding: mnt/lsdi/ocm01868475/ocm01868475/Output/0360.tif (deflated 4%)
  adding: mnt/lsdi/ocm01868475/ocm01868475/Output/0361.tif (deflated 4%)
  adding: mnt/lsdi/ocm01868475/ocm01868475/Output/0362.tif (deflated 4%)
  adding: mnt/lsdi/ocm01868475/ocm01868475/Output/0363.tif (deflated 4%)
  adding: mnt/lsdi/ocm01868475/ocm01868475/Output/0364.tif (deflated 54%)
  adding: mnt/lsdi/ocm01868475/ocm01868475/Output/0365.tif (deflated 65%)
  adding: mnt/lsdi/ocm01868475/ocm01868475/Output/0366.tif (deflated 4%)
  adding: mnt/lsdi/ocm01868475/ocm01868475/Output/0367.tif (deflated 5%)
  adding: mnt/lsdi/ocm01868475/ocm01868475/Output/0368.tif (deflated 5%)
  adding: mnt/lsdi/ocm01868475/ocm01868475/Output/0369.tif (deflated 6%)
  adding: mnt/lsdi/ocm01868475/ocm01868475/Output/0370.tif (deflated 4%)
  adding: mnt/lsdi/ocm01868475/ocm01868475/Output/0371.tif (deflated 4%)
  adding: mnt/lsdi/ocm01868475/ocm01868475/Output/0372.tif (deflated 4%)
  adding: mnt/lsdi/ocm01868475/ocm01868475/Output/0373.tif (deflated 4%)
  adding: mnt/lsdi/ocm01868475/ocm01868475/Output/0374.tif (deflated 59%)
  adding: mnt/lsdi/ocm01868475/ocm01868475/Output/0375.tif (deflated 74%)
  adding: mnt/lsdi/ocm01868475/ocm01868475/Output/0376.tif (deflated 19%)
  adding: mnt/lsdi/ocm01868475/ocm01868475/Output/0377.tif (deflated 84%)
  adding: mnt/lsdi/ocm01868475/ocm01868475/Output/0378.tif (deflated 4%)
  adding: mnt/lsdi/ocm01868475/ocm01868475/Output/0379.tif (deflated 3%)
  adding: mnt/lsdi/ocm01868475/ocm01868475/Output/0380.tif (deflated 4%)
  adding: mnt/lsdi/ocm01868475/ocm01868475/Output/0381.tif (deflated 4%)
  adding: mnt/lsdi/ocm01868475/ocm01868475/Output/0382.tif (deflated 4%)
  adding: mnt/lsdi/ocm01868475/ocm01868475/Output/0383.tif (deflated 4%)
  adding: mnt/lsdi/ocm01868475/ocm01868475/Output/0384.tif (deflated 4%)
  adding: mnt/lsdi/ocm01868475/ocm01868475/Output/0385.tif (deflated 4%)
  adding: mnt/lsdi/ocm01868475/ocm01868475/Output/0386.tif (deflated 4%)
  adding: mnt/lsdi/ocm01868475/ocm01868475/Output/0387.tif (deflated 4%)
  adding: mnt/lsdi/ocm01868475/ocm01868475/Output/0388.tif (deflated 4%)
  adding: mnt/lsdi/ocm01868475/ocm01868475/Output/0389.tif (deflated 4%)
  adding: mnt/lsdi/ocm01868475/ocm01868475/Output/0390.tif (deflated 4%)
  adding: mnt/lsdi/ocm01868475/ocm01868475/Output/0391.tif (deflated 4%)
  adding: mnt/lsdi/ocm01868475/ocm01868475/Output/0392.tif (deflated 69%)
  adding: mnt/lsdi/ocm01868475/ocm01868475/Output/0393.tif (deflated 70%)
  adding: mnt/lsdi/ocm01868475/ocm01868475/Output/0394.tif (deflated 4%)
  adding: mnt/lsdi/ocm01868475/ocm01868475/Output/0395.tif (deflated 5%)
  adding: mnt/lsdi/ocm01868475/ocm01868475/Output/0396.tif (deflated 4%)
  adding: mnt/lsdi/ocm01868475/ocm01868475/Output/0397.tif (deflated 4%)
  adding: mnt/lsdi/ocm01868475/ocm01868475/Output/0398.tif (deflated 4%)
  adding: mnt/lsdi/ocm01868475/ocm01868475/Output/0399.tif (deflated 4%)
  adding: mnt/lsdi/ocm01868475/ocm01868475/Output/0400.tif (deflated 4%)
  adding: mnt/lsdi/ocm01868475/ocm01868475/Output/0401.tif (deflated 5%)
  adding: mnt/lsdi/ocm01868475/ocm01868475/Output/0402.tif (deflated 78%)
  adding: mnt/lsdi/ocm01868475/ocm01868475/Output/0403.tif (deflated 65%)
  adding: mnt/lsdi/ocm01868475/ocm01868475/Output/0404.tif (deflated 7%)
  adding: mnt/lsdi/ocm01868475/ocm01868475/Output/0405.tif (deflated 5%)
  adding: mnt/lsdi/ocm01868475/ocm01868475/Output/0406.tif (deflated 4%)
  adding: mnt/lsdi/ocm01868475/ocm01868475/Output/0407.tif (deflated 4%)
  adding: mnt/lsdi/ocm01868475/ocm01868475/Output/0408.tif (deflated 4%)
  adding: mnt/lsdi/ocm01868475/ocm01868475/Output/0409.tif (deflated 4%)
  adding: mnt/lsdi/ocm01868475/ocm01868475/Output/0410.tif (deflated 4%)
  adding: mnt/lsdi/ocm01868475/ocm01868475/Output/0411.tif (deflated 4%)
  adding: mnt/lsdi/ocm01868475/ocm01868475/Output/0412.tif (deflated 5%)
  adding: mnt/lsdi/ocm01868475/ocm01868475/Output/0413.tif (deflated 4%)
  adding: mnt/lsdi/ocm01868475/ocm01868475/Output/0414.tif (deflated 4%)
  adding: mnt/lsdi/ocm01868475/ocm01868475/Output/0415.tif (deflated 4%)
  adding: mnt/lsdi/ocm01868475/ocm01868475/Output/0416.tif (deflated 4%)
  adding: mnt/lsdi/ocm01868475/ocm01868475/Output/0417.tif (deflated 4%)
  adding: mnt/lsdi/ocm01868475/ocm01868475/Output/0418.tif (deflated 4%)
  adding: mnt/lsdi/ocm01868475/ocm01868475/Output/0419.tif (deflated 4%)
  adding: mnt/lsdi/ocm01868475/ocm01868475/Output/0420.tif (deflated 5%)
  adding: mnt/lsdi/ocm01868475/ocm01868475/Output/0421.tif (deflated 4%)
  adding: mnt/lsdi/ocm01868475/ocm01868475/Output/0422.tif (deflated 5%)
  adding: mnt/lsdi/ocm01868475/ocm01868475/Output/0423.tif (deflated 4%)
  adding: mnt/lsdi/ocm01868475/ocm01868475/Output/0424.tif (deflated 5%)
  adding: mnt/lsdi/ocm01868475/ocm01868475/Output/0425.tif (deflated 4%)
  adding: mnt/lsdi/ocm01868475/ocm01868475/Output/0426.tif (deflated 4%)
  adding: mnt/lsdi/ocm01868475/ocm01868475/Output/0427.tif (deflated 4%)
  adding: mnt/lsdi/ocm01868475/ocm01868475/Output/0428.tif (deflated 5%)
  adding: mnt/lsdi/ocm01868475/ocm01868475/Output/0429.tif (deflated 5%)
  adding: mnt/lsdi/ocm01868475/ocm01868475/Output/0430.tif (deflated 5%)
  adding: mnt/lsdi/ocm01868475/ocm01868475/Output/0431.tif (deflated 5%)
  adding: mnt/lsdi/ocm01868475/ocm01868475/Output/0432.tif (deflated 5%)
  adding: mnt/lsdi/ocm01868475/ocm01868475/Output/0433.tif (deflated 8%)
  adding: mnt/lsdi/ocm01868475/ocm01868475/Output/0434.tif (deflated 4%)
  adding: mnt/lsdi/ocm01868475/ocm01868475/Output/0435.tif (deflated 4%)
  adding: mnt/lsdi/ocm01868475/ocm01868475/Output/0436.tif (deflated 82%)
  adding: mnt/lsdi/ocm01868475/ocm01868475/Output/0437.tif (deflated 71%)
  adding: mnt/lsdi/ocm01868475/ocm01868475/Output/0438.tif (deflated 4%)
  adding: mnt/lsdi/ocm01868475/ocm01868475/Output/0439.tif (deflated 5%)
  adding: mnt/lsdi/ocm01868475/ocm01868475/Output/0440.tif (deflated 4%)
  adding: mnt/lsdi/ocm01868475/ocm01868475/Output/0441.tif (deflated 5%)
  adding: mnt/lsdi/ocm01868475/ocm01868475/Output/0442.tif (deflated 4%)
  adding: mnt/lsdi/ocm01868475/ocm01868475/Output/0443.tif (deflated 5%)
  adding: mnt/lsdi/ocm01868475/ocm01868475/Output/0444.tif (deflated 4%)
  adding: mnt/lsdi/ocm01868475/ocm01868475/Output/0445.tif (deflated 5%)
  adding: mnt/lsdi/ocm01868475/ocm01868475/Output/0446.tif (deflated 4%)
  adding: mnt/lsdi/ocm01868475/ocm01868475/Output/0447.tif (deflated 4%)
  adding: mnt/lsdi/ocm01868475/ocm01868475/Output/0448.tif (deflated 4%)
  adding: mnt/lsdi/ocm01868475/ocm01868475/Output/0449.tif (deflated 4%)
  adding: mnt/lsdi/ocm01868475/ocm01868475/Output/0450.tif (deflated 4%)
  adding: mnt/lsdi/ocm01868475/ocm01868475/Output/0451.tif (deflated 5%)
  adding: mnt/lsdi/ocm01868475/ocm01868475/Output/0452.tif (deflated 4%)
  adding: mnt/lsdi/ocm01868475/ocm01868475/Output/0453.tif (deflated 4%)
  adding: mnt/lsdi/ocm01868475/ocm01868475/Output/0454.tif (deflated 4%)
  adding: mnt/lsdi/ocm01868475/ocm01868475/Output/0455.tif (deflated 4%)
  adding: mnt/lsdi/ocm01868475/ocm01868475/Output/0456.tif (deflated 4%)
  adding: mnt/lsdi/ocm01868475/ocm01868475/Output/0457.tif (deflated 7%)
  adding: mnt/lsdi/ocm01868475/ocm01868475/Output/0458.tif (deflated 22%)
  adding: mnt/lsdi/ocm01868475/ocm01868475/Output/0459.tif (deflated 84%)
  adding: mnt/lsdi/ocm01868475/ocm01868475/Output/0460.tif (deflated 4%)
  adding: mnt/lsdi/ocm01868475/ocm01868475/Output/0461.tif (deflated 4%)
  adding: mnt/lsdi/ocm01868475/ocm01868475/Output/0462.tif (deflated 4%)
  adding: mnt/lsdi/ocm01868475/ocm01868475/Output/0463.tif (deflated 4%)
  adding: mnt/lsdi/ocm01868475/ocm01868475/Output/0464.tif (deflated 4%)
  adding: mnt/lsdi/ocm01868475/ocm01868475/Output/0465.tif (deflated 4%)
  adding: mnt/lsdi/ocm01868475/ocm01868475/Output/0466.tif (deflated 4%)
  adding: mnt/lsdi/ocm01868475/ocm01868475/Output/0467.tif (deflated 5%)
  adding: mnt/lsdi/ocm01868475/ocm01868475/Output/0468.tif (deflated 4%)
  adding: mnt/lsdi/ocm01868475/ocm01868475/Output/0469.tif (deflated 4%)
  adding: mnt/lsdi/ocm01868475/ocm01868475/Output/0470.tif (deflated 4%)
  adding: mnt/lsdi/ocm01868475/ocm01868475/Output/0471.tif (deflated 4%)
  adding: mnt/lsdi/ocm01868475/ocm01868475/Output/0472.tif (deflated 5%)
  adding: mnt/lsdi/ocm01868475/ocm01868475/Output/0473.tif (deflated 5%)
  adding: mnt/lsdi/ocm01868475/ocm01868475/Output/0474.tif (deflated 75%)
  adding: mnt/lsdi/ocm01868475/ocm01868475/Output/0475.tif (deflated 63%)
  adding: mnt/lsdi/ocm01868475/ocm01868475/Output/0476.tif (deflated 4%)
  adding: mnt/lsdi/ocm01868475/ocm01868475/Output/0477.tif (deflated 5%)
  adding: mnt/lsdi/ocm01868475/ocm01868475/Output/0478.tif (deflated 4%)
  adding: mnt/lsdi/ocm01868475/ocm01868475/Output/0479.tif (deflated 4%)
  adding: mnt/lsdi/ocm01868475/ocm01868475/Output/0480.tif (deflated 58%)
  adding: mnt/lsdi/ocm01868475/ocm01868475/Output/0481.tif (deflated 74%)
  adding: mnt/lsdi/ocm01868475/ocm01868475/Output/0482.tif (deflated 4%)
  adding: mnt/lsdi/ocm01868475/ocm01868475/Output/0483.tif (deflated 4%)
  adding: mnt/lsdi/ocm01868475/ocm01868475/Output/0484.tif (deflated 5%)
  adding: mnt/lsdi/ocm01868475/ocm01868475/Output/0485.tif (deflated 5%)
  adding: mnt/lsdi/ocm01868475/ocm01868475/Output/0486.tif (deflated 4%)
  adding: mnt/lsdi/ocm01868475/ocm01868475/Output/0487.tif (deflated 4%)
  adding: mnt/lsdi/ocm01868475/ocm01868475/Output/0488.tif (deflated 4%)
  adding: mnt/lsdi/ocm01868475/ocm01868475/Output/0489.tif (deflated 4%)
  adding: mnt/lsdi/ocm01868475/ocm01868475/Output/0490.tif (deflated 4%)
  adding: mnt/lsdi/ocm01868475/ocm01868475/Output/0491.tif (deflated 5%)
  adding: mnt/lsdi/ocm01868475/ocm01868475/Output/0492.tif (deflated 4%)
  adding: mnt/lsdi/ocm01868475/ocm01868475/Output/0493.tif (deflated 5%)
  adding: mnt/lsdi/ocm01868475/ocm01868475/Output/0494.tif (deflated 4%)
  adding: mnt/lsdi/ocm01868475/ocm01868475/Output/0495.tif (deflated 4%)
  adding: mnt/lsdi/ocm01868475/ocm01868475/Output/0496.tif (deflated 4%)
  adding: mnt/lsdi/ocm01868475/ocm01868475/Output/0497.tif (deflated 4%)
  adding: mnt/lsdi/ocm01868475/ocm01868475/Output/0498.tif (deflated 54%)
  adding: mnt/lsdi/ocm01868475/ocm01868475/Output/0499.tif (deflated 78%)
  adding: mnt/lsdi/ocm01868475/ocm01868475/Output/0500.tif (deflated 4%)
  adding: mnt/lsdi/ocm01868475/ocm01868475/Output/0501.tif (deflated 4%)
  adding: mnt/lsdi/ocm01868475/ocm01868475/Output/0502.tif (deflated 4%)
  adding: mnt/lsdi/ocm01868475/ocm01868475/Output/0503.tif (deflated 4%)
  adding: mnt/lsdi/ocm01868475/ocm01868475/Output/0504.tif (deflated 59%)
  adding: mnt/lsdi/ocm01868475/ocm01868475/Output/0505.tif (deflated 67%)
  adding: mnt/lsdi/ocm01868475/ocm01868475/Output/0506.tif (deflated 4%)
  adding: mnt/lsdi/ocm01868475/ocm01868475/Output/0507.tif (deflated 4%)
  adding: mnt/lsdi/ocm01868475/ocm01868475/Output/0508.tif (deflated 4%)
  adding: mnt/lsdi/ocm01868475/ocm01868475/Output/0509.tif (deflated 5%)
  adding: mnt/lsdi/ocm01868475/ocm01868475/Output/0510.tif (deflated 84%)
curl --location --header authorization: LOW fpJYfLnxbLmCEHqU:JQbq6NgBaPrSh98Y --upload-file /temp/ocm01868475_images.zip http://s3.us.archive.org/01868475.emory.edu/01868475_images.zip
  % Total    % Received % Xferd  Average Speed   Time    Time     Time  Current
                                 Dload  Upload   Total   Spent    Left  Speed
  0     0    0     0    0     0      0      0 --:--:-- --:--:-- --:--:--     0  0  181M    0     0    0     0      0      0 --:--:--  0:00:01 --:--:--     0  0  181M    0     0    0  576k      0   337k  0:09:08  0:00:01  0:09:07  353k  0  181M    0     0    0 1472k      0   546k  0:05:38  0:00:02  0:05:36  562k  1  181M    0     0    1 2384k      0   645k  0:04:47  0:00:03  0:04:44  658k  1  181M    0     0    1 3264k      0   695k  0:04:26  0:00:04  0:04:22  706k  2  181M    0     0    2 4160k      0   730k  0:04:13  0:00:05  0:04:08  900k  2  181M    0     0    2 5056k      0   749k  0:04:07  0:00:06  0:04:01  888k  3  181M    0     0    3 5936k      0   767k  0:04:01  0:00:07  0:03:54  884k  3  181M    0     0    3 6816k      0   780k  0:03:57  0:00:08  0:03:49  880k  4  181M    0     0    4 7696k      0   791k  0:03:54  0:00:09  0:03:45  881k  4  181M    0     0    4 8560k      0   798k  0:03:52  0:00:10  0:03:42  876k  5  181M    0     0    5 9440k      0   806k  0:03:49  0:00:11  0:03:38  883k  5  181M    0     0    5 10.0M      0   812k  0:03:48  0:00:12  0:03:36  883k  6  181M    0     0    6 10.9M      0   819k  0:03:46  0:00:13  0:03:33  886k  6  181M    0     0    6 11.8M      0   824k  0:03:44  0:00:14  0:03:30  887k  7  181M    0     0    7 12.6M      0   827k  0:03:43  0:00:15  0:03:28  890k  7  181M    0     0    7 13.5M      0   831k  0:03:43  0:00:16  0:03:27  889k  7  181M    0     0    7 14.4M      0   834k  0:03:42  0:00:17  0:03:25  890k  8  181M    0     0    8 15.2M      0   835k  0:03:41  0:00:18  0:03:23  879k  8  181M    0     0    8 16.1M      0   836k  0:03:41  0:00:19  0:03:22  875k  9  181M    0     0    9 16.9M      0   839k  0:03:40  0:00:20  0:03:20  873k  9  181M    0     0    9 17.8M      0   840k  0:03:40  0:00:21  0:03:19  873k 10  181M    0     0   10 18.6M      0   842k  0:03:39  0:00:22  0:03:17  870k 10  181M    0     0   10 19.5M      0   843k  0:03:39  0:00:23  0:03:16  876k 11  181M    0     0   11 20.4M      0   845k  0:03:39  0:00:24  0:03:15  878k 11  181M    0     0   11 21.2M      0   846k  0:03:38  0:00:25  0:03:13  878k 12  181M    0     0   12 22.1M      0   848k  0:03:38  0:00:26  0:03:12  880k 12  181M    0     0   12 22.9M      0   849k  0:03:38  0:00:27  0:03:11  880k 13  181M    0     0   13 23.8M      0   850k  0:03:37  0:00:28  0:03:09  881k 13  181M    0     0   13 24.7M      0   852k  0:03:37  0:00:29  0:03:08  886k 14  181M    0     0   14 25.5M      0   853k  0:03:37  0:00:30  0:03:07  887k 14  181M    0     0   14 26.4M      0   854k  0:03:36  0:00:31  0:03:05  886k 15  181M    0     0   15 27.3M      0   854k  0:03:36  0:00:32  0:03:04  883k 15  181M    0     0   15 28.1M      0   855k  0:03:36  0:00:33  0:03:03  887k 16  181M    0     0   16 29.0M      0   856k  0:03:36  0:00:34  0:03:02  884k 16  181M    0     0   16 29.9M      0   857k  0:03:36  0:00:35  0:03:01  884k 16  181M    0     0   16 30.7M      0   858k  0:03:35  0:00:36  0:02:59  885k 17  181M    0     0   17 31.6M      0   859k  0:03:35  0:00:37  0:02:58  886k 17  181M    0     0   17 32.5M      0   859k  0:03:35  0:00:38  0:02:57  886k 18  181M    0     0   18 33.3M      0   860k  0:03:35  0:00:39  0:02:56  884k 18  181M    0     0   18 34.2M      0   860k  0:03:35  0:00:40  0:02:55  883k 19  181M    0     0   19 35.0M      0   861k  0:03:35  0:00:41  0:02:54  883k 19  181M    0     0   19 35.9M      0   862k  0:03:34  0:00:42  0:02:52  885k 20  181M    0     0   20 36.8M      0   862k  0:03:34  0:00:43  0:02:51  885k 20  181M    0     0   20 37.7M      0   863k  0:03:34  0:00:44  0:02:50  889k 21  181M    0     0   21 38.5M      0   864k  0:03:34  0:00:45  0:02:49  890k 21  181M    0     0   21 39.3M      0   863k  0:03:34  0:00:46  0:02:48  877k 22  181M    0     0   22 40.1M      0   862k  0:03:34  0:00:47  0:02:47  866k 22  181M    0     0   22 41.0M      0   862k  0:03:34  0:00:48  0:02:46  858k 23  181M    0     0   23 41.8M      0   861k  0:03:35  0:00:49  0:02:46  840k 23  181M    0     0   23 42.6M      0   861k  0:03:35  0:00:50  0:02:45  832k 24  181M    0     0   24 43.4M      0   860k  0:03:35  0:00:51  0:02:44  836k 24  181M    0     0   24 44.3M      0   861k  0:03:35  0:00:52  0:02:43  846k 24  181M    0     0   24 45.1M      0   861k  0:03:35  0:00:53  0:02:42  849k 25  181M    0     0   25 46.0M      0   861k  0:03:35  0:00:54  0:02:41  866k 25  181M    0     0   25 46.8M      0   861k  0:03:35  0:00:55  0:02:40  868k 26  181M    0     0   26 47.3M      0   854k  0:03:36  0:00:56  0:02:40  790k 26  181M    0     0   26 47.9M      0   851k  0:03:37  0:00:57  0:02:40  749k 26  181M    0     0   26 48.7M      0   850k  0:03:38  0:00:58  0:02:40  732k 27  181M    0     0   27 49.5M      0   849k  0:03:38  0:00:59  0:02:39  714k 27  181M    0     0   27 50.3M      0   849k  0:03:38  0:01:00  0:02:38  713k 28  181M    0     0   28 51.2M      0   850k  0:03:37  0:01:01  0:02:36  801k 28  181M    0     0   28 52.0M      0   849k  0:03:38  0:01:02  0:02:36  831k 29  181M    0     0   29 52.8M      0   849k  0:03:38  0:01:03  0:02:35  841k 29  181M    0     0   29 53.6M      0   849k  0:03:38  0:01:04  0:02:34  846k 30  181M    0     0   30 54.4M      0   848k  0:03:38  0:01:05  0:02:33  842k 30  181M    0     0   30 55.2M      0   848k  0:03:38  0:01:06  0:02:32  830k 31  181M    0     0   31 56.1M      0   849k  0:03:38  0:01:07  0:02:31  848k 31  181M    0     0   31 56.9M      0   849k  0:03:38  0:01:08  0:02:30  848k 31  181M    0     0   31 57.8M      0   849k  0:03:38  0:01:09  0:02:29  852k 32  181M    0     0   32 58.6M      0   849k  0:03:38  0:01:10  0:02:28  855k 32  181M    0     0   32 59.5M      0   849k  0:03:38  0:01:11  0:02:27  865k 33  181M    0     0   33 60.3M      0   850k  0:03:37  0:01:12  0:02:25  861k 33  181M    0     0   33 61.2M      0   850k  0:03:37  0:01:13  0:02:24  864k 34  181M    0     0   34 62.0M      0   850k  0:03:37  0:01:14  0:02:23  867k 34  181M    0     0   34 62.9M      0   851k  0:03:37  0:01:15  0:02:22  873k 35  181M    0     0   35 63.7M      0   851k  0:03:37  0:01:16  0:02:21  871k 35  181M    0     0   35 64.6M      0   851k  0:03:37  0:01:17  0:02:20  868k 36  181M    0     0   36 65.4M      0   851k  0:03:37  0:01:18  0:02:19  870k 36  181M    0     0   36 66.2M      0   851k  0:03:37  0:01:19  0:02:18  865k 37  181M    0     0   37 67.1M      0   851k  0:03:37  0:01:20  0:02:17  861k 37  181M    0     0   37 67.9M      0   851k  0:03:37  0:01:21  0:02:16  861k 38  181M    0     0   38 68.7M      0   851k  0:03:37  0:01:22  0:02:15  854k 38  181M    0     0   38 69.6M      0   852k  0:03:37  0:01:23  0:02:14  860k 38  181M    0     0   38 70.5M      0   852k  0:03:37  0:01:24  0:02:13  873k 39  181M    0     0   39 71.4M      0   853k  0:03:37  0:01:25  0:02:12  882k 39  181M    0     0   39 72.2M      0   853k  0:03:37  0:01:26  0:02:11  876k 40  181M    0     0   40 73.1M      0   853k  0:03:37  0:01:27  0:02:10  887k 40  181M    0     0   40 73.9M      0   853k  0:03:37  0:01:28  0:02:09  880k 41  181M    0     0   41 74.8M      0   854k  0:03:37  0:01:29  0:02:08  875k 41  181M    0     0   41 75.6M      0   854k  0:03:36  0:01:30  0:02:06  869k 42  181M    0     0   42 76.5M      0   854k  0:03:36  0:01:31  0:02:05  874k 42  181M    0     0   42 77.4M      0   855k  0:03:36  0:01:32  0:02:04  875k 43  181M    0     0   43 78.2M      0   855k  0:03:36  0:01:33  0:02:03  888k 43  181M    0     0   43 79.1M      0   855k  0:03:36  0:01:34  0:02:02  889k 44  181M    0     0   44 80.0M      0   856k  0:03:36  0:01:35  0:02:01  891k 44  181M    0     0   44 80.9M      0   856k  0:03:36  0:01:36  0:02:00  894k 45  181M    0     0   45 81.7M      0   856k  0:03:36  0:01:37  0:01:59  891k 45  181M    0     0   45 82.6M      0   856k  0:03:36  0:01:38  0:01:58  882k 46  181M    0     0   46 83.4M      0   857k  0:03:36  0:01:39  0:01:57  877k 46  181M    0     0   46 84.2M      0   857k  0:03:36  0:01:40  0:01:56  874k 47  181M    0     0   47 85.1M      0   857k  0:03:36  0:01:41  0:01:55  875k 47  181M    0     0   47 86.0M      0   857k  0:03:36  0:01:42  0:01:54  874k 48  181M    0     0   48 86.8M      0   858k  0:03:36  0:01:43  0:01:53  879k 48  181M    0     0   48 87.7M      0   857k  0:03:36  0:01:44  0:01:52  874k 48  181M    0     0   48 88.5M      0   857k  0:03:36  0:01:45  0:01:51  871k 49  181M    0     0   49 89.2M      0   856k  0:03:36  0:01:46  0:01:50  843k 49  181M    0     0   49 90.0M      0   856k  0:03:36  0:01:47  0:01:49  825k 50  181M    0     0   50 90.8M      0   855k  0:03:36  0:01:48  0:01:48  808k 50  181M    0     0   50 91.7M      0   856k  0:03:36  0:01:49  0:01:47  821k 51  181M    0     0   51 92.5M      0   856k  0:03:36  0:01:50  0:01:46  828k 51  181M    0     0   51 93.4M      0   856k  0:03:36  0:01:51  0:01:45  857k 52  181M    0     0   52 94.3M      0   856k  0:03:36  0:01:52  0:01:44  872k 52  181M    0     0   52 95.2M      0   857k  0:03:36  0:01:53  0:01:43  884k 53  181M    0     0   53 96.0M      0   857k  0:03:36  0:01:54  0:01:42  883k 53  181M    0     0   53 96.8M      0   857k  0:03:36  0:01:55  0:01:41  869k 53  181M    0     0   53 97.7M      0   857k  0:03:36  0:01:56  0:01:40  868k 54  181M    0     0   54 98.6M      0   857k  0:03:36  0:01:57  0:01:39  877k 54  181M    0     0   54 99.4M      0   858k  0:03:36  0:01:58  0:01:38  882k 55  181M    0     0   55  100M      0   858k  0:03:35  0:01:59  0:01:36  880k 55  181M    0     0   55  101M      0   858k  0:03:35  0:02:00  0:01:35  886k 56  181M    0     0   56  102M      0   858k  0:03:35  0:02:01  0:01:34  877k 56  181M    0     0   56  102M      0   858k  0:03:35  0:02:02  0:01:33  872k 57  181M    0     0   57  103M      0   858k  0:03:35  0:02:03  0:01:32  871k 57  181M    0     0   57  104M      0   858k  0:03:35  0:02:04  0:01:31  869k 58  181M    0     0   58  105M      0   858k  0:03:35  0:02:05  0:01:30  874k 58  181M    0     0   58  106M      0   859k  0:03:35  0:02:06  0:01:29  883k 59  181M    0     0   59  107M      0   859k  0:03:35  0:02:07  0:01:28  877k 59  181M    0     0   59  108M      0   859k  0:03:35  0:02:08  0:01:27  878k 60  181M    0     0   60  108M      0   859k  0:03:35  0:02:09  0:01:26  879k 60  181M    0     0   60  109M      0   859k  0:03:35  0:02:10  0:01:25  880k 61  181M    0     0   61  110M      0   859k  0:03:35  0:02:11  0:01:24  873k 61  181M    0     0   61  111M      0   859k  0:03:35  0:02:12  0:01:23  879k 62  181M    0     0   62  112M      0   860k  0:03:35  0:02:13  0:01:22  880k 62  181M    0     0   62  113M      0   860k  0:03:35  0:02:14  0:01:21  879k 63  181M    0     0   63  114M      0   860k  0:03:35  0:02:15  0:01:20  879k 63  181M    0     0   63  114M      0   860k  0:03:35  0:02:16  0:01:19  882k 63  181M    0     0   63  115M      0   859k  0:03:35  0:02:17  0:01:18  841k 64  181M    0     0   64  116M      0   857k  0:03:36  0:02:18  0:01:18  781k 64  181M    0     0   64  116M      0   855k  0:03:36  0:02:19  0:01:17  726k 64  181M    0     0   64  117M      0   853k  0:03:37  0:02:20  0:01:17  676k 65  181M    0     0   65  118M      0   852k  0:03:37  0:02:21  0:01:16  633k 65  181M    0     0   65  118M      0   851k  0:03:37  0:02:22  0:01:15  635k 65  181M    0     0   65  119M      0   851k  0:03:37  0:02:23  0:01:14  676k 66  181M    0     0   66  120M      0   851k  0:03:37  0:02:24  0:01:13  735k 66  181M    0     0   66  121M      0   851k  0:03:37  0:02:25  0:01:12  777k 67  181M    0     0   67  121M      0   850k  0:03:37  0:02:26  0:01:11  800k 67  181M    0     0   67  122M      0   850k  0:03:37  0:02:27  0:01:10  818k 68  181M    0     0   68  123M      0   849k  0:03:38  0:02:28  0:01:10  813k 68  181M    0     0   68  124M      0   849k  0:03:38  0:02:29  0:01:09  799k 69  181M    0     0   69  125M      0   849k  0:03:38  0:02:30  0:01:08  793k 69  181M    0     0   69  125M      0   849k  0:03:38  0:02:31  0:01:07  794k 69  181M    0     0   69  126M      0   848k  0:03:38  0:02:32  0:01:06  794k 70  181M    0     0   70  127M      0   848k  0:03:38  0:02:33  0:01:05  802k 70  181M    0     0   70  127M      0   847k  0:03:38  0:02:34  0:01:04  771k 71  181M    0     0   71  128M      0   846k  0:03:38  0:02:35  0:01:03  763k 71  181M    0     0   71  129M      0   846k  0:03:38  0:02:36  0:01:02  777k 72  181M    0     0   72  130M      0   846k  0:03:38  0:02:37  0:01:01  784k 72  181M    0     0   72  131M      0   846k  0:03:39  0:02:38  0:01:01  786k 72  181M    0     0   72  132M      0   846k  0:03:39  0:02:39  0:01:00  820k 73  181M    0     0   73  132M      0   846k  0:03:39  0:02:40  0:00:59  830k 73  181M    0     0   73  133M      0   845k  0:03:39  0:02:41  0:00:58  820k 74  181M    0     0   74  134M      0   845k  0:03:39  0:02:42  0:00:57  807k 74  181M    0     0   74  135M      0   844k  0:03:39  0:02:43  0:00:56  797k 75  181M    0     0   75  135M      0   844k  0:03:39  0:02:44  0:00:55  787k 75  181M    0     0   75  136M      0   844k  0:03:39  0:02:45  0:00:54  799k 75  181M    0     0   75  137M      0   844k  0:03:39  0:02:46  0:00:53  809k 76  181M    0     0   76  138M      0   844k  0:03:39  0:02:47  0:00:52  827k 76  181M    0     0   76  139M      0   844k  0:03:39  0:02:48  0:00:51  848k 77  181M    0     0   77  140M      0   845k  0:03:39  0:02:49  0:00:50  868k 77  181M    0     0   77  140M      0   845k  0:03:39  0:02:50  0:00:49  864k 78  181M    0     0   78  141M      0   845k  0:03:39  0:02:51  0:00:48  867k 78  181M    0     0   78  142M      0   845k  0:03:39  0:02:52  0:00:47  874k 79  181M    0     0   79  143M      0   845k  0:03:39  0:02:53  0:00:46  877k 79  181M    0     0   79  144M      0   845k  0:03:39  0:02:54  0:00:45  871k 80  181M    0     0   80  145M      0   846k  0:03:39  0:02:55  0:00:44  875k 80  181M    0     0   80  146M      0   846k  0:03:38  0:02:56  0:00:42  876k 81  181M    0     0   81  146M      0   846k  0:03:38  0:02:57  0:00:41  879k 81  181M    0     0   81  147M      0   846k  0:03:38  0:02:58  0:00:40  883k 82  181M    0     0   82  148M      0   847k  0:03:38  0:02:59  0:00:39  889k 82  181M    0     0   82  149M      0   847k  0:03:38  0:03:00  0:00:38  883k 83  181M    0     0   83  150M      0   847k  0:03:38  0:03:01  0:00:37  884k 83  181M    0     0   83  151M      0   847k  0:03:38  0:03:02  0:00:36  885k 84  181M    0     0   84  152M      0   847k  0:03:38  0:03:03  0:00:35  880k 84  181M    0     0   84  152M      0   848k  0:03:38  0:03:04  0:00:34  879k 84  181M    0     0   84  153M      0   848k  0:03:38  0:03:05  0:00:33  882k 85  181M    0     0   85  154M      0   848k  0:03:38  0:03:06  0:00:32  882k 85  181M    0     0   85  155M      0   848k  0:03:38  0:03:07  0:00:31  876k 86  181M    0     0   86  156M      0   848k  0:03:38  0:03:08  0:00:30  880k 86  181M    0     0   86  157M      0   848k  0:03:38  0:03:09  0:00:29  879k 87  181M    0     0   87  158M      0   849k  0:03:38  0:03:10  0:00:28  880k 87  181M    0     0   87  158M      0   849k  0:03:38  0:03:11  0:00:27  879k 88  181M    0     0   88  159M      0   849k  0:03:38  0:03:12  0:00:26  887k 88  181M    0     0   88  160M      0   849k  0:03:38  0:03:13  0:00:25  880k 89  181M    0     0   89  161M      0   849k  0:03:38  0:03:14  0:00:24  882k 89  181M    0     0   89  162M      0   849k  0:03:38  0:03:15  0:00:23  882k 90  181M    0     0   90  163M      0   849k  0:03:38  0:03:16  0:00:22  875k 90  181M    0     0   90  164M      0   849k  0:03:38  0:03:17  0:00:21  870k 91  181M    0     0   91  164M      0   849k  0:03:38  0:03:18  0:00:20  866k 91  181M    0     0   91  165M      0   850k  0:03:38  0:03:19  0:00:19  863k 92  181M    0     0   92  166M      0   850k  0:03:38  0:03:20  0:00:18  864k 92  181M    0     0   92  167M      0   850k  0:03:37  0:03:21  0:00:16  869k 93  181M    0     0   93  168M      0   850k  0:03:37  0:03:22  0:00:15  871k 93  181M    0     0   93  169M      0   850k  0:03:37  0:03:23  0:00:14  880k 93  181M    0     0   93  170M      0   850k  0:03:37  0:03:24  0:00:13  883k 94  181M    0     0   94  170M      0   850k  0:03:37  0:03:25  0:00:12  881k 94  181M    0     0   94  171M      0   851k  0:03:37  0:03:26  0:00:11  883k 95  181M    0     0   95  172M      0   851k  0:03:37  0:03:27  0:00:10  888k 95  181M    0     0   95  173M      0   851k  0:03:37  0:03:28  0:00:09  889k 96  181M    0     0   96  174M      0   851k  0:03:37  0:03:29  0:00:08  888k 96  181M    0     0   96  175M      0   852k  0:03:37  0:03:30  0:00:07  897k 97  181M    0     0   97  176M      0   852k  0:03:37  0:03:31  0:00:06  897k 97  181M    0     0   97  177M      0   852k  0:03:37  0:03:32  0:00:05  892k 98  181M    0     0   98  177M      0   852k  0:03:37  0:03:33  0:00:04  886k 98  181M    0     0   98  178M      0   852k  0:03:37  0:03:34  0:00:03  886k 99  181M    0     0   99  179M      0   852k  0:03:37  0:03:35  0:00:02  874k 99  181M    0     0   99  180M      0   852k  0:03:37  0:03:36  0:00:01  877k100  181M    0     0  100  181M      0   848k  0:03:38  0:03:38 --:--:--  719k100  181M    0     0  100  181M      0   848k  0:03:38  0:03:38 --:--:--  662k
