03459999
curl --location --header x-amz-auto-make-bucket:1 --header x-archive-ignore-preexisting-bucket:1 --header x-archive-queue-derive:0 --header x-archive-meta-mediatype:texts --header x-archive-meta03-collection:emory --header x-archive-meta01-collection:americanmethodism --header x-archive-meta-sponsor:Emory University, Pitts Theology Library --header x-archive-meta-contributor:Emory University, Pitts Theology Library --header x-archive-meta-ppi:300 --header authorization: LOW fpJYfLnxbLmCEHqU:JQbq6NgBaPrSh98Y --upload-file /mnt/lsdi/ocm03459999/ocm03459999/ocm03459999_MRC.xml http://s3.us.archive.org/03459999.emory.edu/03459999.emory.edu_marc.xml
  % Total    % Received % Xferd  Average Speed   Time    Time     Time  Current
                                 Dload  Upload   Total   Spent    Left  Speed
  0     0    0     0    0     0      0      0 --:--:-- --:--:-- --:--:--     0  0  3451    0     0    0     0      0      0 --:--:--  0:00:01 --:--:--     0100  3451    0     0  100  3451      0   2129  0:00:01  0:00:01 --:--:--  2245100  3451    0     0  100  3451      0   2129  0:00:01  0:00:01 --:--:--  2243
zip -r /temp/ocm03459999_images.zip /mnt/lsdi/ocm03459999/ocm03459999/Output/ocm03459999_0001.tif /mnt/lsdi/ocm03459999/ocm03459999/Output/ocm03459999_0002.tif /mnt/lsdi/ocm03459999/ocm03459999/Output/ocm03459999_0003.tif /mnt/lsdi/ocm03459999/ocm03459999/Output/ocm03459999_0004.tif /mnt/lsdi/ocm03459999/ocm03459999/Output/ocm03459999_0005.tif /mnt/lsdi/ocm03459999/ocm03459999/Output/ocm03459999_0006.tif /mnt/lsdi/ocm03459999/ocm03459999/Output/ocm03459999_0007.tif /mnt/lsdi/ocm03459999/ocm03459999/Output/ocm03459999_0008.tif /mnt/lsdi/ocm03459999/ocm03459999/Output/ocm03459999_0009.tif /mnt/lsdi/ocm03459999/ocm03459999/Output/ocm03459999_0010.tif /mnt/lsdi/ocm03459999/ocm03459999/Output/ocm03459999_0011.tif /mnt/lsdi/ocm03459999/ocm03459999/Output/ocm03459999_0012.tif /mnt/lsdi/ocm03459999/ocm03459999/Output/ocm03459999_0013.tif /mnt/lsdi/ocm03459999/ocm03459999/Output/ocm03459999_0014.tif /mnt/lsdi/ocm03459999/ocm03459999/Output/ocm03459999_0015.tif /mnt/lsdi/ocm03459999/ocm03459999/Output/ocm03459999_0016.tif /mnt/lsdi/ocm03459999/ocm03459999/Output/ocm03459999_0017.tif /mnt/lsdi/ocm03459999/ocm03459999/Output/ocm03459999_0018.tif /mnt/lsdi/ocm03459999/ocm03459999/Output/ocm03459999_0019.tif /mnt/lsdi/ocm03459999/ocm03459999/Output/ocm03459999_0020.tif /mnt/lsdi/ocm03459999/ocm03459999/Output/ocm03459999_0021.tif /mnt/lsdi/ocm03459999/ocm03459999/Output/ocm03459999_0022.tif /mnt/lsdi/ocm03459999/ocm03459999/Output/ocm03459999_0023.tif /mnt/lsdi/ocm03459999/ocm03459999/Output/ocm03459999_0024.tif /mnt/lsdi/ocm03459999/ocm03459999/Output/ocm03459999_0025.tif /mnt/lsdi/ocm03459999/ocm03459999/Output/ocm03459999_0026.tif /mnt/lsdi/ocm03459999/ocm03459999/Output/ocm03459999_0027.tif /mnt/lsdi/ocm03459999/ocm03459999/Output/ocm03459999_0028.tif /mnt/lsdi/ocm03459999/ocm03459999/Output/ocm03459999_0029.tif /mnt/lsdi/ocm03459999/ocm03459999/Output/ocm03459999_0030.tif /mnt/lsdi/ocm03459999/ocm03459999/Output/ocm03459999_0031.tif /mnt/lsdi/ocm03459999/ocm03459999/Output/ocm03459999_0032.tif /mnt/lsdi/ocm03459999/ocm03459999/Output/ocm03459999_0033.tif /mnt/lsdi/ocm03459999/ocm03459999/Output/ocm03459999_0034.tif /mnt/lsdi/ocm03459999/ocm03459999/Output/ocm03459999_0035.tif /mnt/lsdi/ocm03459999/ocm03459999/Output/ocm03459999_0036.tif /mnt/lsdi/ocm03459999/ocm03459999/Output/ocm03459999_0037.tif /mnt/lsdi/ocm03459999/ocm03459999/Output/ocm03459999_0038.tif /mnt/lsdi/ocm03459999/ocm03459999/Output/ocm03459999_0039.tif /mnt/lsdi/ocm03459999/ocm03459999/Output/ocm03459999_0040.tif /mnt/lsdi/ocm03459999/ocm03459999/Output/ocm03459999_0041.tif /mnt/lsdi/ocm03459999/ocm03459999/Output/ocm03459999_0042.tif /mnt/lsdi/ocm03459999/ocm03459999/Output/ocm03459999_0043.tif /mnt/lsdi/ocm03459999/ocm03459999/Output/ocm03459999_0044.tif /mnt/lsdi/ocm03459999/ocm03459999/Output/ocm03459999_0045.tif /mnt/lsdi/ocm03459999/ocm03459999/Output/ocm03459999_0046.tif /mnt/lsdi/ocm03459999/ocm03459999/Output/ocm03459999_0047.tif /mnt/lsdi/ocm03459999/ocm03459999/Output/ocm03459999_0048.tif /mnt/lsdi/ocm03459999/ocm03459999/Output/ocm03459999_0049.tif /mnt/lsdi/ocm03459999/ocm03459999/Output/ocm03459999_0050.tif /mnt/lsdi/ocm03459999/ocm03459999/Output/ocm03459999_0051.tif /mnt/lsdi/ocm03459999/ocm03459999/Output/ocm03459999_0052.tif /mnt/lsdi/ocm03459999/ocm03459999/Output/ocm03459999_0053.tif /mnt/lsdi/ocm03459999/ocm03459999/Output/ocm03459999_0054.tif /mnt/lsdi/ocm03459999/ocm03459999/Output/ocm03459999_0055.tif /mnt/lsdi/ocm03459999/ocm03459999/Output/ocm03459999_0056.tif /mnt/lsdi/ocm03459999/ocm03459999/Output/ocm03459999_0057.tif /mnt/lsdi/ocm03459999/ocm03459999/Output/ocm03459999_0058.tif /mnt/lsdi/ocm03459999/ocm03459999/Output/ocm03459999_0059.tif /mnt/lsdi/ocm03459999/ocm03459999/Output/ocm03459999_0060.tif /mnt/lsdi/ocm03459999/ocm03459999/Output/ocm03459999_0061.tif /mnt/lsdi/ocm03459999/ocm03459999/Output/ocm03459999_0062.tif /mnt/lsdi/ocm03459999/ocm03459999/Output/ocm03459999_0063.tif /mnt/lsdi/ocm03459999/ocm03459999/Output/ocm03459999_0064.tif /mnt/lsdi/ocm03459999/ocm03459999/Output/ocm03459999_0065.tif /mnt/lsdi/ocm03459999/ocm03459999/Output/ocm03459999_0066.tif /mnt/lsdi/ocm03459999/ocm03459999/Output/ocm03459999_0067.tif /mnt/lsdi/ocm03459999/ocm03459999/Output/ocm03459999_0068.tif /mnt/lsdi/ocm03459999/ocm03459999/Output/ocm03459999_0069.tif /mnt/lsdi/ocm03459999/ocm03459999/Output/ocm03459999_0070.tif /mnt/lsdi/ocm03459999/ocm03459999/Output/ocm03459999_0071.tif /mnt/lsdi/ocm03459999/ocm03459999/Output/ocm03459999_0072.tif /mnt/lsdi/ocm03459999/ocm03459999/Output/ocm03459999_0073.tif /mnt/lsdi/ocm03459999/ocm03459999/Output/ocm03459999_0074.tif /mnt/lsdi/ocm03459999/ocm03459999/Output/ocm03459999_0075.tif /mnt/lsdi/ocm03459999/ocm03459999/Output/ocm03459999_0076.tif /mnt/lsdi/ocm03459999/ocm03459999/Output/ocm03459999_0077.tif /mnt/lsdi/ocm03459999/ocm03459999/Output/ocm03459999_0078.tif /mnt/lsdi/ocm03459999/ocm03459999/Output/ocm03459999_0079.tif /mnt/lsdi/ocm03459999/ocm03459999/Output/ocm03459999_0080.tif /mnt/lsdi/ocm03459999/ocm03459999/Output/ocm03459999_0081.tif /mnt/lsdi/ocm03459999/ocm03459999/Output/ocm03459999_0082.tif /mnt/lsdi/ocm03459999/ocm03459999/Output/ocm03459999_0083.tif /mnt/lsdi/ocm03459999/ocm03459999/Output/ocm03459999_0084.tif /mnt/lsdi/ocm03459999/ocm03459999/Output/ocm03459999_0085.tif /mnt/lsdi/ocm03459999/ocm03459999/Output/ocm03459999_0086.tif /mnt/lsdi/ocm03459999/ocm03459999/Output/ocm03459999_0087.tif /mnt/lsdi/ocm03459999/ocm03459999/Output/ocm03459999_0088.tif /mnt/lsdi/ocm03459999/ocm03459999/Output/ocm03459999_0089.tif /mnt/lsdi/ocm03459999/ocm03459999/Output/ocm03459999_0090.tif /mnt/lsdi/ocm03459999/ocm03459999/Output/ocm03459999_0091.tif /mnt/lsdi/ocm03459999/ocm03459999/Output/ocm03459999_0092.tif /mnt/lsdi/ocm03459999/ocm03459999/Output/ocm03459999_0093.tif /mnt/lsdi/ocm03459999/ocm03459999/Output/ocm03459999_0094.tif /mnt/lsdi/ocm03459999/ocm03459999/Output/ocm03459999_0095.tif /mnt/lsdi/ocm03459999/ocm03459999/Output/ocm03459999_0096.tif /mnt/lsdi/ocm03459999/ocm03459999/Output/ocm03459999_0097.tif /mnt/lsdi/ocm03459999/ocm03459999/Output/ocm03459999_0098.tif /mnt/lsdi/ocm03459999/ocm03459999/Output/ocm03459999_0099.tif /mnt/lsdi/ocm03459999/ocm03459999/Output/ocm03459999_0100.tif /mnt/lsdi/ocm03459999/ocm03459999/Output/ocm03459999_0101.tif /mnt/lsdi/ocm03459999/ocm03459999/Output/ocm03459999_0102.tif /mnt/lsdi/ocm03459999/ocm03459999/Output/ocm03459999_0103.tif /mnt/lsdi/ocm03459999/ocm03459999/Output/ocm03459999_0104.tif /mnt/lsdi/ocm03459999/ocm03459999/Output/ocm03459999_0105.tif /mnt/lsdi/ocm03459999/ocm03459999/Output/ocm03459999_0106.tif /mnt/lsdi/ocm03459999/ocm03459999/Output/ocm03459999_0107.tif /mnt/lsdi/ocm03459999/ocm03459999/Output/ocm03459999_0108.tif /mnt/lsdi/ocm03459999/ocm03459999/Output/ocm03459999_0109.tif /mnt/lsdi/ocm03459999/ocm03459999/Output/ocm03459999_0110.tif /mnt/lsdi/ocm03459999/ocm03459999/Output/ocm03459999_0111.tif /mnt/lsdi/ocm03459999/ocm03459999/Output/ocm03459999_0112.tif /mnt/lsdi/ocm03459999/ocm03459999/Output/ocm03459999_0113.tif /mnt/lsdi/ocm03459999/ocm03459999/Output/ocm03459999_0114.tif /mnt/lsdi/ocm03459999/ocm03459999/Output/ocm03459999_0115.tif /mnt/lsdi/ocm03459999/ocm03459999/Output/ocm03459999_0116.tif /mnt/lsdi/ocm03459999/ocm03459999/Output/ocm03459999_0117.tif /mnt/lsdi/ocm03459999/ocm03459999/Output/ocm03459999_0118.tif /mnt/lsdi/ocm03459999/ocm03459999/Output/ocm03459999_0119.tif /mnt/lsdi/ocm03459999/ocm03459999/Output/ocm03459999_0120.tif /mnt/lsdi/ocm03459999/ocm03459999/Output/ocm03459999_0121.tif /mnt/lsdi/ocm03459999/ocm03459999/Output/ocm03459999_0122.tif /mnt/lsdi/ocm03459999/ocm03459999/Output/ocm03459999_0123.tif /mnt/lsdi/ocm03459999/ocm03459999/Output/ocm03459999_0124.tif /mnt/lsdi/ocm03459999/ocm03459999/Output/ocm03459999_0125.tif /mnt/lsdi/ocm03459999/ocm03459999/Output/ocm03459999_0126.tif /mnt/lsdi/ocm03459999/ocm03459999/Output/ocm03459999_0127.tif /mnt/lsdi/ocm03459999/ocm03459999/Output/ocm03459999_0128.tif /mnt/lsdi/ocm03459999/ocm03459999/Output/ocm03459999_0129.tif /mnt/lsdi/ocm03459999/ocm03459999/Output/ocm03459999_0130.tif /mnt/lsdi/ocm03459999/ocm03459999/Output/ocm03459999_0131.tif /mnt/lsdi/ocm03459999/ocm03459999/Output/ocm03459999_0132.tif /mnt/lsdi/ocm03459999/ocm03459999/Output/ocm03459999_0133.tif /mnt/lsdi/ocm03459999/ocm03459999/Output/ocm03459999_0134.tif /mnt/lsdi/ocm03459999/ocm03459999/Output/ocm03459999_0135.tif /mnt/lsdi/ocm03459999/ocm03459999/Output/ocm03459999_0136.tif /mnt/lsdi/ocm03459999/ocm03459999/Output/ocm03459999_0137.tif /mnt/lsdi/ocm03459999/ocm03459999/Output/ocm03459999_0138.tif /mnt/lsdi/ocm03459999/ocm03459999/Output/ocm03459999_0139.tif /mnt/lsdi/ocm03459999/ocm03459999/Output/ocm03459999_0140.tif /mnt/lsdi/ocm03459999/ocm03459999/Output/ocm03459999_0141.tif /mnt/lsdi/ocm03459999/ocm03459999/Output/ocm03459999_0142.tif /mnt/lsdi/ocm03459999/ocm03459999/Output/ocm03459999_0143.tif /mnt/lsdi/ocm03459999/ocm03459999/Output/ocm03459999_0144.tif /mnt/lsdi/ocm03459999/ocm03459999/Output/ocm03459999_0145.tif /mnt/lsdi/ocm03459999/ocm03459999/Output/ocm03459999_0146.tif /mnt/lsdi/ocm03459999/ocm03459999/Output/ocm03459999_0147.tif /mnt/lsdi/ocm03459999/ocm03459999/Output/ocm03459999_0148.tif /mnt/lsdi/ocm03459999/ocm03459999/Output/ocm03459999_0149.tif /mnt/lsdi/ocm03459999/ocm03459999/Output/ocm03459999_0150.tif /mnt/lsdi/ocm03459999/ocm03459999/Output/ocm03459999_0151.tif /mnt/lsdi/ocm03459999/ocm03459999/Output/ocm03459999_0152.tif /mnt/lsdi/ocm03459999/ocm03459999/Output/ocm03459999_0153.tif /mnt/lsdi/ocm03459999/ocm03459999/Output/ocm03459999_0154.tif /mnt/lsdi/ocm03459999/ocm03459999/Output/ocm03459999_0155.tif /mnt/lsdi/ocm03459999/ocm03459999/Output/ocm03459999_0156.tif /mnt/lsdi/ocm03459999/ocm03459999/Output/ocm03459999_0157.tif /mnt/lsdi/ocm03459999/ocm03459999/Output/ocm03459999_0158.tif /mnt/lsdi/ocm03459999/ocm03459999/Output/ocm03459999_0159.tif /mnt/lsdi/ocm03459999/ocm03459999/Output/ocm03459999_0160.tif /mnt/lsdi/ocm03459999/ocm03459999/Output/ocm03459999_0161.tif /mnt/lsdi/ocm03459999/ocm03459999/Output/ocm03459999_0162.tif /mnt/lsdi/ocm03459999/ocm03459999/Output/ocm03459999_0163.tif /mnt/lsdi/ocm03459999/ocm03459999/Output/ocm03459999_0164.tif /mnt/lsdi/ocm03459999/ocm03459999/Output/ocm03459999_0165.tif /mnt/lsdi/ocm03459999/ocm03459999/Output/ocm03459999_0166.tif /mnt/lsdi/ocm03459999/ocm03459999/Output/ocm03459999_0167.tif /mnt/lsdi/ocm03459999/ocm03459999/Output/ocm03459999_0168.tif /mnt/lsdi/ocm03459999/ocm03459999/Output/ocm03459999_0169.tif /mnt/lsdi/ocm03459999/ocm03459999/Output/ocm03459999_0170.tif /mnt/lsdi/ocm03459999/ocm03459999/Output/ocm03459999_0171.tif /mnt/lsdi/ocm03459999/ocm03459999/Output/ocm03459999_0172.tif /mnt/lsdi/ocm03459999/ocm03459999/Output/ocm03459999_0173.tif /mnt/lsdi/ocm03459999/ocm03459999/Output/ocm03459999_0174.tif /mnt/lsdi/ocm03459999/ocm03459999/Output/ocm03459999_0175.tif /mnt/lsdi/ocm03459999/ocm03459999/Output/ocm03459999_0176.tif /mnt/lsdi/ocm03459999/ocm03459999/Output/ocm03459999_0177.tif /mnt/lsdi/ocm03459999/ocm03459999/Output/ocm03459999_0178.tif /mnt/lsdi/ocm03459999/ocm03459999/Output/ocm03459999_0179.tif /mnt/lsdi/ocm03459999/ocm03459999/Output/ocm03459999_0180.tif /mnt/lsdi/ocm03459999/ocm03459999/Output/ocm03459999_0181.tif /mnt/lsdi/ocm03459999/ocm03459999/Output/ocm03459999_0182.tif /mnt/lsdi/ocm03459999/ocm03459999/Output/ocm03459999_0183.tif /mnt/lsdi/ocm03459999/ocm03459999/Output/ocm03459999_0184.tif /mnt/lsdi/ocm03459999/ocm03459999/Output/ocm03459999_0185.tif /mnt/lsdi/ocm03459999/ocm03459999/Output/ocm03459999_0186.tif /mnt/lsdi/ocm03459999/ocm03459999/Output/ocm03459999_0187.tif /mnt/lsdi/ocm03459999/ocm03459999/Output/ocm03459999_0188.tif /mnt/lsdi/ocm03459999/ocm03459999/Output/ocm03459999_0189.tif /mnt/lsdi/ocm03459999/ocm03459999/Output/ocm03459999_0190.tif /mnt/lsdi/ocm03459999/ocm03459999/Output/ocm03459999_0191.tif /mnt/lsdi/ocm03459999/ocm03459999/Output/ocm03459999_0192.tif /mnt/lsdi/ocm03459999/ocm03459999/Output/ocm03459999_0193.tif /mnt/lsdi/ocm03459999/ocm03459999/Output/ocm03459999_0194.tif /mnt/lsdi/ocm03459999/ocm03459999/Output/ocm03459999_0195.tif /mnt/lsdi/ocm03459999/ocm03459999/Output/ocm03459999_0196.tif /mnt/lsdi/ocm03459999/ocm03459999/Output/ocm03459999_0197.tif /mnt/lsdi/ocm03459999/ocm03459999/Output/ocm03459999_0198.tif /mnt/lsdi/ocm03459999/ocm03459999/Output/ocm03459999_0199.tif /mnt/lsdi/ocm03459999/ocm03459999/Output/ocm03459999_0200.tif /mnt/lsdi/ocm03459999/ocm03459999/Output/ocm03459999_0201.tif /mnt/lsdi/ocm03459999/ocm03459999/Output/ocm03459999_0202.tif /mnt/lsdi/ocm03459999/ocm03459999/Output/ocm03459999_0203.tif /mnt/lsdi/ocm03459999/ocm03459999/Output/ocm03459999_0204.tif /mnt/lsdi/ocm03459999/ocm03459999/Output/ocm03459999_0205.tif /mnt/lsdi/ocm03459999/ocm03459999/Output/ocm03459999_0206.tif /mnt/lsdi/ocm03459999/ocm03459999/Output/ocm03459999_0207.tif /mnt/lsdi/ocm03459999/ocm03459999/Output/ocm03459999_0208.tif /mnt/lsdi/ocm03459999/ocm03459999/Output/ocm03459999_0209.tif /mnt/lsdi/ocm03459999/ocm03459999/Output/ocm03459999_0210.tif /mnt/lsdi/ocm03459999/ocm03459999/Output/ocm03459999_0211.tif /mnt/lsdi/ocm03459999/ocm03459999/Output/ocm03459999_0212.tif /mnt/lsdi/ocm03459999/ocm03459999/Output/ocm03459999_0213.tif /mnt/lsdi/ocm03459999/ocm03459999/Output/ocm03459999_0214.tif /mnt/lsdi/ocm03459999/ocm03459999/Output/ocm03459999_0215.tif /mnt/lsdi/ocm03459999/ocm03459999/Output/ocm03459999_0216.tif /mnt/lsdi/ocm03459999/ocm03459999/Output/ocm03459999_0217.tif /mnt/lsdi/ocm03459999/ocm03459999/Output/ocm03459999_0218.tif /mnt/lsdi/ocm03459999/ocm03459999/Output/ocm03459999_0219.tif /mnt/lsdi/ocm03459999/ocm03459999/Output/ocm03459999_0220.tif /mnt/lsdi/ocm03459999/ocm03459999/Output/ocm03459999_0221.tif /mnt/lsdi/ocm03459999/ocm03459999/Output/ocm03459999_0222.tif /mnt/lsdi/ocm03459999/ocm03459999/Output/ocm03459999_0223.tif /mnt/lsdi/ocm03459999/ocm03459999/Output/ocm03459999_0224.tif /mnt/lsdi/ocm03459999/ocm03459999/Output/ocm03459999_0225.tif /mnt/lsdi/ocm03459999/ocm03459999/Output/ocm03459999_0226.tif /mnt/lsdi/ocm03459999/ocm03459999/Output/ocm03459999_0227.tif /mnt/lsdi/ocm03459999/ocm03459999/Output/ocm03459999_0228.tif /mnt/lsdi/ocm03459999/ocm03459999/Output/ocm03459999_0229.tif /mnt/lsdi/ocm03459999/ocm03459999/Output/ocm03459999_0230.tif /mnt/lsdi/ocm03459999/ocm03459999/Output/ocm03459999_0231.tif /mnt/lsdi/ocm03459999/ocm03459999/Output/ocm03459999_0232.tif /mnt/lsdi/ocm03459999/ocm03459999/Output/ocm03459999_0233.tif /mnt/lsdi/ocm03459999/ocm03459999/Output/ocm03459999_0234.tif /mnt/lsdi/ocm03459999/ocm03459999/Output/ocm03459999_0235.tif /mnt/lsdi/ocm03459999/ocm03459999/Output/ocm03459999_0236.tif /mnt/lsdi/ocm03459999/ocm03459999/Output/ocm03459999_0237.tif /mnt/lsdi/ocm03459999/ocm03459999/Output/ocm03459999_0238.tif /mnt/lsdi/ocm03459999/ocm03459999/Output/ocm03459999_0239.tif /mnt/lsdi/ocm03459999/ocm03459999/Output/ocm03459999_0240.tif /mnt/lsdi/ocm03459999/ocm03459999/Output/ocm03459999_0241.tif /mnt/lsdi/ocm03459999/ocm03459999/Output/ocm03459999_0242.tif /mnt/lsdi/ocm03459999/ocm03459999/Output/ocm03459999_0243.tif /mnt/lsdi/ocm03459999/ocm03459999/Output/ocm03459999_0244.tif /mnt/lsdi/ocm03459999/ocm03459999/Output/ocm03459999_0245.tif /mnt/lsdi/ocm03459999/ocm03459999/Output/ocm03459999_0246.tif /mnt/lsdi/ocm03459999/ocm03459999/Output/ocm03459999_0247.tif /mnt/lsdi/ocm03459999/ocm03459999/Output/ocm03459999_0248.tif /mnt/lsdi/ocm03459999/ocm03459999/Output/ocm03459999_0249.tif /mnt/lsdi/ocm03459999/ocm03459999/Output/ocm03459999_0250.tif /mnt/lsdi/ocm03459999/ocm03459999/Output/ocm03459999_0251.tif /mnt/lsdi/ocm03459999/ocm03459999/Output/ocm03459999_0252.tif /mnt/lsdi/ocm03459999/ocm03459999/Output/ocm03459999_0253.tif /mnt/lsdi/ocm03459999/ocm03459999/Output/ocm03459999_0254.tif /mnt/lsdi/ocm03459999/ocm03459999/Output/ocm03459999_0255.tif /mnt/lsdi/ocm03459999/ocm03459999/Output/ocm03459999_0256.tif /mnt/lsdi/ocm03459999/ocm03459999/Output/ocm03459999_0257.tif /mnt/lsdi/ocm03459999/ocm03459999/Output/ocm03459999_0258.tif /mnt/lsdi/ocm03459999/ocm03459999/Output/ocm03459999_0259.tif /mnt/lsdi/ocm03459999/ocm03459999/Output/ocm03459999_0260.tif /mnt/lsdi/ocm03459999/ocm03459999/Output/ocm03459999_0261.tif /mnt/lsdi/ocm03459999/ocm03459999/Output/ocm03459999_0262.tif /mnt/lsdi/ocm03459999/ocm03459999/Output/ocm03459999_0263.tif /mnt/lsdi/ocm03459999/ocm03459999/Output/ocm03459999_0264.tif /mnt/lsdi/ocm03459999/ocm03459999/Output/ocm03459999_0265.tif /mnt/lsdi/ocm03459999/ocm03459999/Output/ocm03459999_0266.tif /mnt/lsdi/ocm03459999/ocm03459999/Output/ocm03459999_0267.tif /mnt/lsdi/ocm03459999/ocm03459999/Output/ocm03459999_0268.tif /mnt/lsdi/ocm03459999/ocm03459999/Output/ocm03459999_0269.tif /mnt/lsdi/ocm03459999/ocm03459999/Output/ocm03459999_0270.tif /mnt/lsdi/ocm03459999/ocm03459999/Output/ocm03459999_0271.tif /mnt/lsdi/ocm03459999/ocm03459999/Output/ocm03459999_0272.tif /mnt/lsdi/ocm03459999/ocm03459999/Output/ocm03459999_0273.tif /mnt/lsdi/ocm03459999/ocm03459999/Output/ocm03459999_0274.tif /mnt/lsdi/ocm03459999/ocm03459999/Output/ocm03459999_0275.tif /mnt/lsdi/ocm03459999/ocm03459999/Output/ocm03459999_0276.tif /mnt/lsdi/ocm03459999/ocm03459999/Output/ocm03459999_0277.tif /mnt/lsdi/ocm03459999/ocm03459999/Output/ocm03459999_0278.tif /mnt/lsdi/ocm03459999/ocm03459999/Output/ocm03459999_0279.tif /mnt/lsdi/ocm03459999/ocm03459999/Output/ocm03459999_0280.tif /mnt/lsdi/ocm03459999/ocm03459999/Output/ocm03459999_0281.tif /mnt/lsdi/ocm03459999/ocm03459999/Output/ocm03459999_0282.tif /mnt/lsdi/ocm03459999/ocm03459999/Output/ocm03459999_0283.tif /mnt/lsdi/ocm03459999/ocm03459999/Output/ocm03459999_0284.tif /mnt/lsdi/ocm03459999/ocm03459999/Output/ocm03459999_0285.tif /mnt/lsdi/ocm03459999/ocm03459999/Output/ocm03459999_0286.tif /mnt/lsdi/ocm03459999/ocm03459999/Output/ocm03459999_0287.tif /mnt/lsdi/ocm03459999/ocm03459999/Output/ocm03459999_0288.tif /mnt/lsdi/ocm03459999/ocm03459999/Output/ocm03459999_0289.tif /mnt/lsdi/ocm03459999/ocm03459999/Output/ocm03459999_0290.tif /mnt/lsdi/ocm03459999/ocm03459999/Output/ocm03459999_0291.tif /mnt/lsdi/ocm03459999/ocm03459999/Output/ocm03459999_0292.tif /mnt/lsdi/ocm03459999/ocm03459999/Output/ocm03459999_0293.tif /mnt/lsdi/ocm03459999/ocm03459999/Output/ocm03459999_0294.tif /mnt/lsdi/ocm03459999/ocm03459999/Output/ocm03459999_0295.tif /mnt/lsdi/ocm03459999/ocm03459999/Output/ocm03459999_0296.tif /mnt/lsdi/ocm03459999/ocm03459999/Output/ocm03459999_0297.tif /mnt/lsdi/ocm03459999/ocm03459999/Output/ocm03459999_0298.tif /mnt/lsdi/ocm03459999/ocm03459999/Output/ocm03459999_0299.tif /mnt/lsdi/ocm03459999/ocm03459999/Output/ocm03459999_0300.tif /mnt/lsdi/ocm03459999/ocm03459999/Output/ocm03459999_0301.tif /mnt/lsdi/ocm03459999/ocm03459999/Output/ocm03459999_0302.tif /mnt/lsdi/ocm03459999/ocm03459999/Output/ocm03459999_0303.tif /mnt/lsdi/ocm03459999/ocm03459999/Output/ocm03459999_0304.tif /mnt/lsdi/ocm03459999/ocm03459999/Output/ocm03459999_0305.tif /mnt/lsdi/ocm03459999/ocm03459999/Output/ocm03459999_0306.tif /mnt/lsdi/ocm03459999/ocm03459999/Output/ocm03459999_0307.tif /mnt/lsdi/ocm03459999/ocm03459999/Output/ocm03459999_0308.tif /mnt/lsdi/ocm03459999/ocm03459999/Output/ocm03459999_0309.tif /mnt/lsdi/ocm03459999/ocm03459999/Output/ocm03459999_0310.tif /mnt/lsdi/ocm03459999/ocm03459999/Output/ocm03459999_0311.tif /mnt/lsdi/ocm03459999/ocm03459999/Output/ocm03459999_0312.tif /mnt/lsdi/ocm03459999/ocm03459999/Output/ocm03459999_0313.tif /mnt/lsdi/ocm03459999/ocm03459999/Output/ocm03459999_0314.tif /mnt/lsdi/ocm03459999/ocm03459999/Output/ocm03459999_0315.tif /mnt/lsdi/ocm03459999/ocm03459999/Output/ocm03459999_0316.tif /mnt/lsdi/ocm03459999/ocm03459999/Output/ocm03459999_0317.tif /mnt/lsdi/ocm03459999/ocm03459999/Output/ocm03459999_0318.tif /mnt/lsdi/ocm03459999/ocm03459999/Output/ocm03459999_0319.tif /mnt/lsdi/ocm03459999/ocm03459999/Output/ocm03459999_0320.tif /mnt/lsdi/ocm03459999/ocm03459999/Output/ocm03459999_0321.tif /mnt/lsdi/ocm03459999/ocm03459999/Output/ocm03459999_0322.tif /mnt/lsdi/ocm03459999/ocm03459999/Output/ocm03459999_0323.tif /mnt/lsdi/ocm03459999/ocm03459999/Output/ocm03459999_0324.tif /mnt/lsdi/ocm03459999/ocm03459999/Output/ocm03459999_0325.tif /mnt/lsdi/ocm03459999/ocm03459999/Output/ocm03459999_0326.tif /mnt/lsdi/ocm03459999/ocm03459999/Output/ocm03459999_0327.tif /mnt/lsdi/ocm03459999/ocm03459999/Output/ocm03459999_0328.tif /mnt/lsdi/ocm03459999/ocm03459999/Output/ocm03459999_0329.tif /mnt/lsdi/ocm03459999/ocm03459999/Output/ocm03459999_0330.tif /mnt/lsdi/ocm03459999/ocm03459999/Output/ocm03459999_0331.tif /mnt/lsdi/ocm03459999/ocm03459999/Output/ocm03459999_0332.tif /mnt/lsdi/ocm03459999/ocm03459999/Output/ocm03459999_0333.tif /mnt/lsdi/ocm03459999/ocm03459999/Output/ocm03459999_0334.tif /mnt/lsdi/ocm03459999/ocm03459999/Output/ocm03459999_0335.tif /mnt/lsdi/ocm03459999/ocm03459999/Output/ocm03459999_0336.tif /mnt/lsdi/ocm03459999/ocm03459999/Output/ocm03459999_0337.tif /mnt/lsdi/ocm03459999/ocm03459999/Output/ocm03459999_0338.tif /mnt/lsdi/ocm03459999/ocm03459999/Output/ocm03459999_0339.tif /mnt/lsdi/ocm03459999/ocm03459999/Output/ocm03459999_0340.tif /mnt/lsdi/ocm03459999/ocm03459999/Output/ocm03459999_0341.tif /mnt/lsdi/ocm03459999/ocm03459999/Output/ocm03459999_0342.tif /mnt/lsdi/ocm03459999/ocm03459999/Output/ocm03459999_0343.tif /mnt/lsdi/ocm03459999/ocm03459999/Output/ocm03459999_0344.tif /mnt/lsdi/ocm03459999/ocm03459999/Output/ocm03459999_0345.tif /mnt/lsdi/ocm03459999/ocm03459999/Output/ocm03459999_0346.tif /mnt/lsdi/ocm03459999/ocm03459999/Output/ocm03459999_0347.tif /mnt/lsdi/ocm03459999/ocm03459999/Output/ocm03459999_0348.tif /mnt/lsdi/ocm03459999/ocm03459999/Output/ocm03459999_0349.tif /mnt/lsdi/ocm03459999/ocm03459999/Output/ocm03459999_0350.tif /mnt/lsdi/ocm03459999/ocm03459999/Output/ocm03459999_0351.tif /mnt/lsdi/ocm03459999/ocm03459999/Output/ocm03459999_0352.tif /mnt/lsdi/ocm03459999/ocm03459999/Output/ocm03459999_0353.tif /mnt/lsdi/ocm03459999/ocm03459999/Output/ocm03459999_0354.tif /mnt/lsdi/ocm03459999/ocm03459999/Output/ocm03459999_0355.tif /mnt/lsdi/ocm03459999/ocm03459999/Output/ocm03459999_0356.tif /mnt/lsdi/ocm03459999/ocm03459999/Output/ocm03459999_0357.tif /mnt/lsdi/ocm03459999/ocm03459999/Output/ocm03459999_0358.tif /mnt/lsdi/ocm03459999/ocm03459999/Output/ocm03459999_0359.tif /mnt/lsdi/ocm03459999/ocm03459999/Output/ocm03459999_0360.tif /mnt/lsdi/ocm03459999/ocm03459999/Output/ocm03459999_0361.tif /mnt/lsdi/ocm03459999/ocm03459999/Output/ocm03459999_0362.tif /mnt/lsdi/ocm03459999/ocm03459999/Output/ocm03459999_0363.tif /mnt/lsdi/ocm03459999/ocm03459999/Output/ocm03459999_0364.tif /mnt/lsdi/ocm03459999/ocm03459999/Output/ocm03459999_0365.tif /mnt/lsdi/ocm03459999/ocm03459999/Output/ocm03459999_0366.tif /mnt/lsdi/ocm03459999/ocm03459999/Output/ocm03459999_0367.tif /mnt/lsdi/ocm03459999/ocm03459999/Output/ocm03459999_0368.tif /mnt/lsdi/ocm03459999/ocm03459999/Output/ocm03459999_0369.tif /mnt/lsdi/ocm03459999/ocm03459999/Output/ocm03459999_0370.tif /mnt/lsdi/ocm03459999/ocm03459999/Output/ocm03459999_0371.tif /mnt/lsdi/ocm03459999/ocm03459999/Output/ocm03459999_0372.tif /mnt/lsdi/ocm03459999/ocm03459999/Output/ocm03459999_0373.tif /mnt/lsdi/ocm03459999/ocm03459999/Output/ocm03459999_0374.tif /mnt/lsdi/ocm03459999/ocm03459999/Output/ocm03459999_0375.tif /mnt/lsdi/ocm03459999/ocm03459999/Output/ocm03459999_0376.tif /mnt/lsdi/ocm03459999/ocm03459999/Output/ocm03459999_0377.tif /mnt/lsdi/ocm03459999/ocm03459999/Output/ocm03459999_0378.tif /mnt/lsdi/ocm03459999/ocm03459999/Output/ocm03459999_0379.tif /mnt/lsdi/ocm03459999/ocm03459999/Output/ocm03459999_0380.tif /mnt/lsdi/ocm03459999/ocm03459999/Output/ocm03459999_0381.tif /mnt/lsdi/ocm03459999/ocm03459999/Output/ocm03459999_0382.tif /mnt/lsdi/ocm03459999/ocm03459999/Output/ocm03459999_0383.tif /mnt/lsdi/ocm03459999/ocm03459999/Output/ocm03459999_0384.tif /mnt/lsdi/ocm03459999/ocm03459999/Output/ocm03459999_0385.tif /mnt/lsdi/ocm03459999/ocm03459999/Output/ocm03459999_0386.tif /mnt/lsdi/ocm03459999/ocm03459999/Output/ocm03459999_0387.tif /mnt/lsdi/ocm03459999/ocm03459999/Output/ocm03459999_0388.tif /mnt/lsdi/ocm03459999/ocm03459999/Output/ocm03459999_0389.tif /mnt/lsdi/ocm03459999/ocm03459999/Output/ocm03459999_0390.tif /mnt/lsdi/ocm03459999/ocm03459999/Output/ocm03459999_0391.tif /mnt/lsdi/ocm03459999/ocm03459999/Output/ocm03459999_0392.tif
  adding: mnt/lsdi/ocm03459999/ocm03459999/Output/ocm03459999_0001.tif (deflated 80%)
  adding: mnt/lsdi/ocm03459999/ocm03459999/Output/ocm03459999_0002.tif (deflated 6%)
  adding: mnt/lsdi/ocm03459999/ocm03459999/Output/ocm03459999_0003.tif (deflated 9%)
  adding: mnt/lsdi/ocm03459999/ocm03459999/Output/ocm03459999_0004.tif (deflated 4%)
  adding: mnt/lsdi/ocm03459999/ocm03459999/Output/ocm03459999_0005.tif (deflated 8%)
  adding: mnt/lsdi/ocm03459999/ocm03459999/Output/ocm03459999_0006.tif (deflated 4%)
  adding: mnt/lsdi/ocm03459999/ocm03459999/Output/ocm03459999_0007.tif (deflated 4%)
  adding: mnt/lsdi/ocm03459999/ocm03459999/Output/ocm03459999_0008.tif (deflated 4%)
  adding: mnt/lsdi/ocm03459999/ocm03459999/Output/ocm03459999_0009.tif (deflated 3%)
  adding: mnt/lsdi/ocm03459999/ocm03459999/Output/ocm03459999_0010.tif (deflated 3%)
  adding: mnt/lsdi/ocm03459999/ocm03459999/Output/ocm03459999_0011.tif (deflated 3%)
  adding: mnt/lsdi/ocm03459999/ocm03459999/Output/ocm03459999_0012.tif (deflated 4%)
  adding: mnt/lsdi/ocm03459999/ocm03459999/Output/ocm03459999_0013.tif (deflated 3%)
  adding: mnt/lsdi/ocm03459999/ocm03459999/Output/ocm03459999_0014.tif (deflated 4%)
  adding: mnt/lsdi/ocm03459999/ocm03459999/Output/ocm03459999_0015.tif (deflated 4%)
  adding: mnt/lsdi/ocm03459999/ocm03459999/Output/ocm03459999_0016.tif (deflated 4%)
  adding: mnt/lsdi/ocm03459999/ocm03459999/Output/ocm03459999_0017.tif (deflated 3%)
  adding: mnt/lsdi/ocm03459999/ocm03459999/Output/ocm03459999_0018.tif (deflated 4%)
  adding: mnt/lsdi/ocm03459999/ocm03459999/Output/ocm03459999_0019.tif (deflated 4%)
  adding: mnt/lsdi/ocm03459999/ocm03459999/Output/ocm03459999_0020.tif (deflated 5%)
  adding: mnt/lsdi/ocm03459999/ocm03459999/Output/ocm03459999_0021.tif (deflated 4%)
  adding: mnt/lsdi/ocm03459999/ocm03459999/Output/ocm03459999_0022.tif (deflated 4%)
  adding: mnt/lsdi/ocm03459999/ocm03459999/Output/ocm03459999_0023.tif (deflated 4%)
  adding: mnt/lsdi/ocm03459999/ocm03459999/Output/ocm03459999_0024.tif (deflated 4%)
  adding: mnt/lsdi/ocm03459999/ocm03459999/Output/ocm03459999_0025.tif (deflated 3%)
  adding: mnt/lsdi/ocm03459999/ocm03459999/Output/ocm03459999_0026.tif (deflated 3%)
  adding: mnt/lsdi/ocm03459999/ocm03459999/Output/ocm03459999_0027.tif (deflated 3%)
  adding: mnt/lsdi/ocm03459999/ocm03459999/Output/ocm03459999_0028.tif (deflated 4%)
  adding: mnt/lsdi/ocm03459999/ocm03459999/Output/ocm03459999_0029.tif (deflated 3%)
  adding: mnt/lsdi/ocm03459999/ocm03459999/Output/ocm03459999_0030.tif (deflated 3%)
  adding: mnt/lsdi/ocm03459999/ocm03459999/Output/ocm03459999_0031.tif (deflated 3%)
  adding: mnt/lsdi/ocm03459999/ocm03459999/Output/ocm03459999_0032.tif (deflated 3%)
  adding: mnt/lsdi/ocm03459999/ocm03459999/Output/ocm03459999_0033.tif (deflated 3%)
  adding: mnt/lsdi/ocm03459999/ocm03459999/Output/ocm03459999_0034.tif (deflated 3%)
  adding: mnt/lsdi/ocm03459999/ocm03459999/Output/ocm03459999_0035.tif (deflated 3%)
  adding: mnt/lsdi/ocm03459999/ocm03459999/Output/ocm03459999_0036.tif (deflated 4%)
  adding: mnt/lsdi/ocm03459999/ocm03459999/Output/ocm03459999_0037.tif (deflated 3%)
  adding: mnt/lsdi/ocm03459999/ocm03459999/Output/ocm03459999_0038.tif (deflated 3%)
  adding: mnt/lsdi/ocm03459999/ocm03459999/Output/ocm03459999_0039.tif (deflated 4%)
  adding: mnt/lsdi/ocm03459999/ocm03459999/Output/ocm03459999_0040.tif (deflated 4%)
  adding: mnt/lsdi/ocm03459999/ocm03459999/Output/ocm03459999_0041.tif (deflated 3%)
  adding: mnt/lsdi/ocm03459999/ocm03459999/Output/ocm03459999_0042.tif (deflated 4%)
  adding: mnt/lsdi/ocm03459999/ocm03459999/Output/ocm03459999_0043.tif (deflated 4%)
  adding: mnt/lsdi/ocm03459999/ocm03459999/Output/ocm03459999_0044.tif (deflated 4%)
  adding: mnt/lsdi/ocm03459999/ocm03459999/Output/ocm03459999_0045.tif (deflated 3%)
  adding: mnt/lsdi/ocm03459999/ocm03459999/Output/ocm03459999_0046.tif (deflated 4%)
  adding: mnt/lsdi/ocm03459999/ocm03459999/Output/ocm03459999_0047.tif (deflated 4%)
  adding: mnt/lsdi/ocm03459999/ocm03459999/Output/ocm03459999_0048.tif (deflated 3%)
  adding: mnt/lsdi/ocm03459999/ocm03459999/Output/ocm03459999_0049.tif (deflated 3%)
  adding: mnt/lsdi/ocm03459999/ocm03459999/Output/ocm03459999_0050.tif (deflated 3%)
  adding: mnt/lsdi/ocm03459999/ocm03459999/Output/ocm03459999_0051.tif (deflated 3%)
  adding: mnt/lsdi/ocm03459999/ocm03459999/Output/ocm03459999_0052.tif (deflated 4%)
  adding: mnt/lsdi/ocm03459999/ocm03459999/Output/ocm03459999_0053.tif (deflated 3%)
  adding: mnt/lsdi/ocm03459999/ocm03459999/Output/ocm03459999_0054.tif (deflated 3%)
  adding: mnt/lsdi/ocm03459999/ocm03459999/Output/ocm03459999_0055.tif (deflated 4%)
  adding: mnt/lsdi/ocm03459999/ocm03459999/Output/ocm03459999_0056.tif (deflated 3%)
  adding: mnt/lsdi/ocm03459999/ocm03459999/Output/ocm03459999_0057.tif (deflated 3%)
  adding: mnt/lsdi/ocm03459999/ocm03459999/Output/ocm03459999_0058.tif (deflated 3%)
  adding: mnt/lsdi/ocm03459999/ocm03459999/Output/ocm03459999_0059.tif (deflated 5%)
  adding: mnt/lsdi/ocm03459999/ocm03459999/Output/ocm03459999_0060.tif (deflated 4%)
  adding: mnt/lsdi/ocm03459999/ocm03459999/Output/ocm03459999_0061.tif (deflated 3%)
  adding: mnt/lsdi/ocm03459999/ocm03459999/Output/ocm03459999_0062.tif (deflated 3%)
  adding: mnt/lsdi/ocm03459999/ocm03459999/Output/ocm03459999_0063.tif (deflated 3%)
  adding: mnt/lsdi/ocm03459999/ocm03459999/Output/ocm03459999_0064.tif (deflated 4%)
  adding: mnt/lsdi/ocm03459999/ocm03459999/Output/ocm03459999_0065.tif (deflated 3%)
  adding: mnt/lsdi/ocm03459999/ocm03459999/Output/ocm03459999_0066.tif (deflated 3%)
  adding: mnt/lsdi/ocm03459999/ocm03459999/Output/ocm03459999_0067.tif (deflated 3%)
  adding: mnt/lsdi/ocm03459999/ocm03459999/Output/ocm03459999_0068.tif (deflated 3%)
  adding: mnt/lsdi/ocm03459999/ocm03459999/Output/ocm03459999_0069.tif (deflated 3%)
  adding: mnt/lsdi/ocm03459999/ocm03459999/Output/ocm03459999_0070.tif (deflated 3%)
  adding: mnt/lsdi/ocm03459999/ocm03459999/Output/ocm03459999_0071.tif (deflated 3%)
  adding: mnt/lsdi/ocm03459999/ocm03459999/Output/ocm03459999_0072.tif (deflated 3%)
  adding: mnt/lsdi/ocm03459999/ocm03459999/Output/ocm03459999_0073.tif (deflated 3%)
  adding: mnt/lsdi/ocm03459999/ocm03459999/Output/ocm03459999_0074.tif (deflated 3%)
  adding: mnt/lsdi/ocm03459999/ocm03459999/Output/ocm03459999_0075.tif (deflated 3%)
  adding: mnt/lsdi/ocm03459999/ocm03459999/Output/ocm03459999_0076.tif (deflated 3%)
  adding: mnt/lsdi/ocm03459999/ocm03459999/Output/ocm03459999_0077.tif (deflated 3%)
  adding: mnt/lsdi/ocm03459999/ocm03459999/Output/ocm03459999_0078.tif (deflated 3%)
  adding: mnt/lsdi/ocm03459999/ocm03459999/Output/ocm03459999_0079.tif (deflated 3%)
  adding: mnt/lsdi/ocm03459999/ocm03459999/Output/ocm03459999_0080.tif (deflated 3%)
  adding: mnt/lsdi/ocm03459999/ocm03459999/Output/ocm03459999_0081.tif (deflated 3%)
  adding: mnt/lsdi/ocm03459999/ocm03459999/Output/ocm03459999_0082.tif (deflated 3%)
  adding: mnt/lsdi/ocm03459999/ocm03459999/Output/ocm03459999_0083.tif (deflated 3%)
  adding: mnt/lsdi/ocm03459999/ocm03459999/Output/ocm03459999_0084.tif (deflated 3%)
  adding: mnt/lsdi/ocm03459999/ocm03459999/Output/ocm03459999_0085.tif (deflated 3%)
  adding: mnt/lsdi/ocm03459999/ocm03459999/Output/ocm03459999_0086.tif (deflated 3%)
  adding: mnt/lsdi/ocm03459999/ocm03459999/Output/ocm03459999_0087.tif (deflated 4%)
  adding: mnt/lsdi/ocm03459999/ocm03459999/Output/ocm03459999_0088.tif (deflated 4%)
  adding: mnt/lsdi/ocm03459999/ocm03459999/Output/ocm03459999_0089.tif (deflated 3%)
  adding: mnt/lsdi/ocm03459999/ocm03459999/Output/ocm03459999_0090.tif (deflated 4%)
  adding: mnt/lsdi/ocm03459999/ocm03459999/Output/ocm03459999_0091.tif (deflated 4%)
  adding: mnt/lsdi/ocm03459999/ocm03459999/Output/ocm03459999_0092.tif (deflated 3%)
  adding: mnt/lsdi/ocm03459999/ocm03459999/Output/ocm03459999_0093.tif (deflated 3%)
  adding: mnt/lsdi/ocm03459999/ocm03459999/Output/ocm03459999_0094.tif (deflated 3%)
  adding: mnt/lsdi/ocm03459999/ocm03459999/Output/ocm03459999_0095.tif (deflated 4%)
  adding: mnt/lsdi/ocm03459999/ocm03459999/Output/ocm03459999_0096.tif (deflated 4%)
  adding: mnt/lsdi/ocm03459999/ocm03459999/Output/ocm03459999_0097.tif (deflated 3%)
  adding: mnt/lsdi/ocm03459999/ocm03459999/Output/ocm03459999_0098.tif (deflated 3%)
  adding: mnt/lsdi/ocm03459999/ocm03459999/Output/ocm03459999_0099.tif (deflated 4%)
  adding: mnt/lsdi/ocm03459999/ocm03459999/Output/ocm03459999_0100.tif (deflated 3%)
  adding: mnt/lsdi/ocm03459999/ocm03459999/Output/ocm03459999_0101.tif (deflated 4%)
  adding: mnt/lsdi/ocm03459999/ocm03459999/Output/ocm03459999_0102.tif (deflated 4%)
  adding: mnt/lsdi/ocm03459999/ocm03459999/Output/ocm03459999_0103.tif (deflated 4%)
  adding: mnt/lsdi/ocm03459999/ocm03459999/Output/ocm03459999_0104.tif (deflated 3%)
  adding: mnt/lsdi/ocm03459999/ocm03459999/Output/ocm03459999_0105.tif (deflated 3%)
  adding: mnt/lsdi/ocm03459999/ocm03459999/Output/ocm03459999_0106.tif (deflated 4%)
  adding: mnt/lsdi/ocm03459999/ocm03459999/Output/ocm03459999_0107.tif (deflated 3%)
  adding: mnt/lsdi/ocm03459999/ocm03459999/Output/ocm03459999_0108.tif (deflated 3%)
  adding: mnt/lsdi/ocm03459999/ocm03459999/Output/ocm03459999_0109.tif (deflated 4%)
  adding: mnt/lsdi/ocm03459999/ocm03459999/Output/ocm03459999_0110.tif (deflated 3%)
  adding: mnt/lsdi/ocm03459999/ocm03459999/Output/ocm03459999_0111.tif (deflated 3%)
  adding: mnt/lsdi/ocm03459999/ocm03459999/Output/ocm03459999_0112.tif (deflated 3%)
  adding: mnt/lsdi/ocm03459999/ocm03459999/Output/ocm03459999_0113.tif (deflated 4%)
  adding: mnt/lsdi/ocm03459999/ocm03459999/Output/ocm03459999_0114.tif (deflated 3%)
  adding: mnt/lsdi/ocm03459999/ocm03459999/Output/ocm03459999_0115.tif (deflated 3%)
  adding: mnt/lsdi/ocm03459999/ocm03459999/Output/ocm03459999_0116.tif (deflated 3%)
  adding: mnt/lsdi/ocm03459999/ocm03459999/Output/ocm03459999_0117.tif (deflated 4%)
  adding: mnt/lsdi/ocm03459999/ocm03459999/Output/ocm03459999_0118.tif (deflated 3%)
  adding: mnt/lsdi/ocm03459999/ocm03459999/Output/ocm03459999_0119.tif (deflated 4%)
  adding: mnt/lsdi/ocm03459999/ocm03459999/Output/ocm03459999_0120.tif (deflated 4%)
  adding: mnt/lsdi/ocm03459999/ocm03459999/Output/ocm03459999_0121.tif (deflated 3%)
  adding: mnt/lsdi/ocm03459999/ocm03459999/Output/ocm03459999_0122.tif (deflated 3%)
  adding: mnt/lsdi/ocm03459999/ocm03459999/Output/ocm03459999_0123.tif (deflated 3%)
  adding: mnt/lsdi/ocm03459999/ocm03459999/Output/ocm03459999_0124.tif (deflated 4%)
  adding: mnt/lsdi/ocm03459999/ocm03459999/Output/ocm03459999_0125.tif (deflated 3%)
  adding: mnt/lsdi/ocm03459999/ocm03459999/Output/ocm03459999_0126.tif (deflated 4%)
  adding: mnt/lsdi/ocm03459999/ocm03459999/Output/ocm03459999_0127.tif (deflated 4%)
  adding: mnt/lsdi/ocm03459999/ocm03459999/Output/ocm03459999_0128.tif (deflated 4%)
  adding: mnt/lsdi/ocm03459999/ocm03459999/Output/ocm03459999_0129.tif (deflated 3%)
  adding: mnt/lsdi/ocm03459999/ocm03459999/Output/ocm03459999_0130.tif (deflated 3%)
  adding: mnt/lsdi/ocm03459999/ocm03459999/Output/ocm03459999_0131.tif (deflated 3%)
  adding: mnt/lsdi/ocm03459999/ocm03459999/Output/ocm03459999_0132.tif (deflated 3%)
  adding: mnt/lsdi/ocm03459999/ocm03459999/Output/ocm03459999_0133.tif (deflated 3%)
  adding: mnt/lsdi/ocm03459999/ocm03459999/Output/ocm03459999_0134.tif (deflated 4%)
  adding: mnt/lsdi/ocm03459999/ocm03459999/Output/ocm03459999_0135.tif (deflated 4%)
  adding: mnt/lsdi/ocm03459999/ocm03459999/Output/ocm03459999_0136.tif (deflated 4%)
  adding: mnt/lsdi/ocm03459999/ocm03459999/Output/ocm03459999_0137.tif (deflated 3%)
  adding: mnt/lsdi/ocm03459999/ocm03459999/Output/ocm03459999_0138.tif (deflated 4%)
  adding: mnt/lsdi/ocm03459999/ocm03459999/Output/ocm03459999_0139.tif (deflated 3%)
  adding: mnt/lsdi/ocm03459999/ocm03459999/Output/ocm03459999_0140.tif (deflated 4%)
  adding: mnt/lsdi/ocm03459999/ocm03459999/Output/ocm03459999_0141.tif (deflated 3%)
  adding: mnt/lsdi/ocm03459999/ocm03459999/Output/ocm03459999_0142.tif (deflated 4%)
  adding: mnt/lsdi/ocm03459999/ocm03459999/Output/ocm03459999_0143.tif (deflated 3%)
  adding: mnt/lsdi/ocm03459999/ocm03459999/Output/ocm03459999_0144.tif (deflated 4%)
  adding: mnt/lsdi/ocm03459999/ocm03459999/Output/ocm03459999_0145.tif (deflated 3%)
  adding: mnt/lsdi/ocm03459999/ocm03459999/Output/ocm03459999_0146.tif (deflated 3%)
  adding: mnt/lsdi/ocm03459999/ocm03459999/Output/ocm03459999_0147.tif (deflated 3%)
  adding: mnt/lsdi/ocm03459999/ocm03459999/Output/ocm03459999_0148.tif (deflated 4%)
  adding: mnt/lsdi/ocm03459999/ocm03459999/Output/ocm03459999_0149.tif (deflated 3%)
  adding: mnt/lsdi/ocm03459999/ocm03459999/Output/ocm03459999_0150.tif (deflated 3%)
  adding: mnt/lsdi/ocm03459999/ocm03459999/Output/ocm03459999_0151.tif (deflated 2%)
  adding: mnt/lsdi/ocm03459999/ocm03459999/Output/ocm03459999_0152.tif (deflated 3%)
  adding: mnt/lsdi/ocm03459999/ocm03459999/Output/ocm03459999_0153.tif (deflated 3%)
  adding: mnt/lsdi/ocm03459999/ocm03459999/Output/ocm03459999_0154.tif (deflated 3%)
  adding: mnt/lsdi/ocm03459999/ocm03459999/Output/ocm03459999_0155.tif (deflated 3%)
  adding: mnt/lsdi/ocm03459999/ocm03459999/Output/ocm03459999_0156.tif (deflated 4%)
  adding: mnt/lsdi/ocm03459999/ocm03459999/Output/ocm03459999_0157.tif (deflated 3%)
  adding: mnt/lsdi/ocm03459999/ocm03459999/Output/ocm03459999_0158.tif (deflated 4%)
  adding: mnt/lsdi/ocm03459999/ocm03459999/Output/ocm03459999_0159.tif (deflated 6%)
  adding: mnt/lsdi/ocm03459999/ocm03459999/Output/ocm03459999_0160.tif (deflated 4%)
  adding: mnt/lsdi/ocm03459999/ocm03459999/Output/ocm03459999_0161.tif (deflated 4%)
  adding: mnt/lsdi/ocm03459999/ocm03459999/Output/ocm03459999_0162.tif (deflated 5%)
  adding: mnt/lsdi/ocm03459999/ocm03459999/Output/ocm03459999_0163.tif (deflated 3%)
  adding: mnt/lsdi/ocm03459999/ocm03459999/Output/ocm03459999_0164.tif (deflated 3%)
  adding: mnt/lsdi/ocm03459999/ocm03459999/Output/ocm03459999_0165.tif (deflated 4%)
  adding: mnt/lsdi/ocm03459999/ocm03459999/Output/ocm03459999_0166.tif (deflated 4%)
  adding: mnt/lsdi/ocm03459999/ocm03459999/Output/ocm03459999_0167.tif (deflated 3%)
  adding: mnt/lsdi/ocm03459999/ocm03459999/Output/ocm03459999_0168.tif (deflated 4%)
  adding: mnt/lsdi/ocm03459999/ocm03459999/Output/ocm03459999_0169.tif (deflated 4%)
  adding: mnt/lsdi/ocm03459999/ocm03459999/Output/ocm03459999_0170.tif (deflated 3%)
  adding: mnt/lsdi/ocm03459999/ocm03459999/Output/ocm03459999_0171.tif (deflated 3%)
  adding: mnt/lsdi/ocm03459999/ocm03459999/Output/ocm03459999_0172.tif (deflated 4%)
  adding: mnt/lsdi/ocm03459999/ocm03459999/Output/ocm03459999_0173.tif (deflated 4%)
  adding: mnt/lsdi/ocm03459999/ocm03459999/Output/ocm03459999_0174.tif (deflated 4%)
  adding: mnt/lsdi/ocm03459999/ocm03459999/Output/ocm03459999_0175.tif (deflated 3%)
  adding: mnt/lsdi/ocm03459999/ocm03459999/Output/ocm03459999_0176.tif (deflated 3%)
  adding: mnt/lsdi/ocm03459999/ocm03459999/Output/ocm03459999_0177.tif (deflated 4%)
  adding: mnt/lsdi/ocm03459999/ocm03459999/Output/ocm03459999_0178.tif (deflated 4%)
  adding: mnt/lsdi/ocm03459999/ocm03459999/Output/ocm03459999_0179.tif (deflated 4%)
  adding: mnt/lsdi/ocm03459999/ocm03459999/Output/ocm03459999_0180.tif (deflated 3%)
  adding: mnt/lsdi/ocm03459999/ocm03459999/Output/ocm03459999_0181.tif (deflated 3%)
  adding: mnt/lsdi/ocm03459999/ocm03459999/Output/ocm03459999_0182.tif (deflated 3%)
  adding: mnt/lsdi/ocm03459999/ocm03459999/Output/ocm03459999_0183.tif (deflated 4%)
  adding: mnt/lsdi/ocm03459999/ocm03459999/Output/ocm03459999_0184.tif (deflated 4%)
  adding: mnt/lsdi/ocm03459999/ocm03459999/Output/ocm03459999_0185.tif (deflated 3%)
  adding: mnt/lsdi/ocm03459999/ocm03459999/Output/ocm03459999_0186.tif (deflated 4%)
  adding: mnt/lsdi/ocm03459999/ocm03459999/Output/ocm03459999_0187.tif (deflated 4%)
  adding: mnt/lsdi/ocm03459999/ocm03459999/Output/ocm03459999_0188.tif (deflated 3%)
  adding: mnt/lsdi/ocm03459999/ocm03459999/Output/ocm03459999_0189.tif (deflated 4%)
  adding: mnt/lsdi/ocm03459999/ocm03459999/Output/ocm03459999_0190.tif (deflated 4%)
  adding: mnt/lsdi/ocm03459999/ocm03459999/Output/ocm03459999_0191.tif (deflated 3%)
  adding: mnt/lsdi/ocm03459999/ocm03459999/Output/ocm03459999_0192.tif (deflated 4%)
  adding: mnt/lsdi/ocm03459999/ocm03459999/Output/ocm03459999_0193.tif (deflated 3%)
  adding: mnt/lsdi/ocm03459999/ocm03459999/Output/ocm03459999_0194.tif (deflated 3%)
  adding: mnt/lsdi/ocm03459999/ocm03459999/Output/ocm03459999_0195.tif (deflated 3%)
  adding: mnt/lsdi/ocm03459999/ocm03459999/Output/ocm03459999_0196.tif (deflated 4%)
  adding: mnt/lsdi/ocm03459999/ocm03459999/Output/ocm03459999_0197.tif (deflated 4%)
  adding: mnt/lsdi/ocm03459999/ocm03459999/Output/ocm03459999_0198.tif (deflated 4%)
  adding: mnt/lsdi/ocm03459999/ocm03459999/Output/ocm03459999_0199.tif (deflated 3%)
  adding: mnt/lsdi/ocm03459999/ocm03459999/Output/ocm03459999_0200.tif (deflated 3%)
  adding: mnt/lsdi/ocm03459999/ocm03459999/Output/ocm03459999_0201.tif (deflated 3%)
  adding: mnt/lsdi/ocm03459999/ocm03459999/Output/ocm03459999_0202.tif (deflated 4%)
  adding: mnt/lsdi/ocm03459999/ocm03459999/Output/ocm03459999_0203.tif (deflated 4%)
  adding: mnt/lsdi/ocm03459999/ocm03459999/Output/ocm03459999_0204.tif (deflated 3%)
  adding: mnt/lsdi/ocm03459999/ocm03459999/Output/ocm03459999_0205.tif (deflated 3%)
  adding: mnt/lsdi/ocm03459999/ocm03459999/Output/ocm03459999_0206.tif (deflated 3%)
  adding: mnt/lsdi/ocm03459999/ocm03459999/Output/ocm03459999_0207.tif (deflated 3%)
  adding: mnt/lsdi/ocm03459999/ocm03459999/Output/ocm03459999_0208.tif (deflated 4%)
  adding: mnt/lsdi/ocm03459999/ocm03459999/Output/ocm03459999_0209.tif (deflated 3%)
  adding: mnt/lsdi/ocm03459999/ocm03459999/Output/ocm03459999_0210.tif (deflated 4%)
  adding: mnt/lsdi/ocm03459999/ocm03459999/Output/ocm03459999_0211.tif (deflated 3%)
  adding: mnt/lsdi/ocm03459999/ocm03459999/Output/ocm03459999_0212.tif (deflated 4%)
  adding: mnt/lsdi/ocm03459999/ocm03459999/Output/ocm03459999_0213.tif (deflated 3%)
  adding: mnt/lsdi/ocm03459999/ocm03459999/Output/ocm03459999_0214.tif (deflated 4%)
  adding: mnt/lsdi/ocm03459999/ocm03459999/Output/ocm03459999_0215.tif (deflated 3%)
  adding: mnt/lsdi/ocm03459999/ocm03459999/Output/ocm03459999_0216.tif (deflated 3%)
  adding: mnt/lsdi/ocm03459999/ocm03459999/Output/ocm03459999_0217.tif (deflated 4%)
  adding: mnt/lsdi/ocm03459999/ocm03459999/Output/ocm03459999_0218.tif (deflated 4%)
  adding: mnt/lsdi/ocm03459999/ocm03459999/Output/ocm03459999_0219.tif (deflated 4%)
  adding: mnt/lsdi/ocm03459999/ocm03459999/Output/ocm03459999_0220.tif (deflated 4%)
  adding: mnt/lsdi/ocm03459999/ocm03459999/Output/ocm03459999_0221.tif (deflated 3%)
  adding: mnt/lsdi/ocm03459999/ocm03459999/Output/ocm03459999_0222.tif (deflated 4%)
  adding: mnt/lsdi/ocm03459999/ocm03459999/Output/ocm03459999_0223.tif (deflated 3%)
  adding: mnt/lsdi/ocm03459999/ocm03459999/Output/ocm03459999_0224.tif (deflated 4%)
  adding: mnt/lsdi/ocm03459999/ocm03459999/Output/ocm03459999_0225.tif (deflated 3%)
  adding: mnt/lsdi/ocm03459999/ocm03459999/Output/ocm03459999_0226.tif (deflated 4%)
  adding: mnt/lsdi/ocm03459999/ocm03459999/Output/ocm03459999_0227.tif (deflated 3%)
  adding: mnt/lsdi/ocm03459999/ocm03459999/Output/ocm03459999_0228.tif (deflated 4%)
  adding: mnt/lsdi/ocm03459999/ocm03459999/Output/ocm03459999_0229.tif (deflated 3%)
  adding: mnt/lsdi/ocm03459999/ocm03459999/Output/ocm03459999_0230.tif (deflated 4%)
  adding: mnt/lsdi/ocm03459999/ocm03459999/Output/ocm03459999_0231.tif (deflated 3%)
  adding: mnt/lsdi/ocm03459999/ocm03459999/Output/ocm03459999_0232.tif (deflated 3%)
  adding: mnt/lsdi/ocm03459999/ocm03459999/Output/ocm03459999_0233.tif (deflated 3%)
  adding: mnt/lsdi/ocm03459999/ocm03459999/Output/ocm03459999_0234.tif (deflated 4%)
  adding: mnt/lsdi/ocm03459999/ocm03459999/Output/ocm03459999_0235.tif (deflated 4%)
  adding: mnt/lsdi/ocm03459999/ocm03459999/Output/ocm03459999_0236.tif (deflated 4%)
  adding: mnt/lsdi/ocm03459999/ocm03459999/Output/ocm03459999_0237.tif (deflated 3%)
  adding: mnt/lsdi/ocm03459999/ocm03459999/Output/ocm03459999_0238.tif (deflated 4%)
  adding: mnt/lsdi/ocm03459999/ocm03459999/Output/ocm03459999_0239.tif (deflated 4%)
  adding: mnt/lsdi/ocm03459999/ocm03459999/Output/ocm03459999_0240.tif (deflated 4%)
  adding: mnt/lsdi/ocm03459999/ocm03459999/Output/ocm03459999_0241.tif (deflated 3%)
  adding: mnt/lsdi/ocm03459999/ocm03459999/Output/ocm03459999_0242.tif (deflated 3%)
  adding: mnt/lsdi/ocm03459999/ocm03459999/Output/ocm03459999_0243.tif (deflated 4%)
  adding: mnt/lsdi/ocm03459999/ocm03459999/Output/ocm03459999_0244.tif (deflated 4%)
  adding: mnt/lsdi/ocm03459999/ocm03459999/Output/ocm03459999_0245.tif (deflated 4%)
  adding: mnt/lsdi/ocm03459999/ocm03459999/Output/ocm03459999_0246.tif (deflated 3%)
  adding: mnt/lsdi/ocm03459999/ocm03459999/Output/ocm03459999_0247.tif (deflated 4%)
  adding: mnt/lsdi/ocm03459999/ocm03459999/Output/ocm03459999_0248.tif (deflated 3%)
  adding: mnt/lsdi/ocm03459999/ocm03459999/Output/ocm03459999_0249.tif (deflated 3%)
  adding: mnt/lsdi/ocm03459999/ocm03459999/Output/ocm03459999_0250.tif (deflated 3%)
  adding: mnt/lsdi/ocm03459999/ocm03459999/Output/ocm03459999_0251.tif (deflated 3%)
  adding: mnt/lsdi/ocm03459999/ocm03459999/Output/ocm03459999_0252.tif (deflated 3%)
  adding: mnt/lsdi/ocm03459999/ocm03459999/Output/ocm03459999_0253.tif (deflated 3%)
  adding: mnt/lsdi/ocm03459999/ocm03459999/Output/ocm03459999_0254.tif (deflated 4%)
  adding: mnt/lsdi/ocm03459999/ocm03459999/Output/ocm03459999_0255.tif (deflated 4%)
  adding: mnt/lsdi/ocm03459999/ocm03459999/Output/ocm03459999_0256.tif (deflated 4%)
  adding: mnt/lsdi/ocm03459999/ocm03459999/Output/ocm03459999_0257.tif (deflated 4%)
  adding: mnt/lsdi/ocm03459999/ocm03459999/Output/ocm03459999_0258.tif (deflated 4%)
  adding: mnt/lsdi/ocm03459999/ocm03459999/Output/ocm03459999_0259.tif (deflated 4%)
  adding: mnt/lsdi/ocm03459999/ocm03459999/Output/ocm03459999_0260.tif (deflated 4%)
  adding: mnt/lsdi/ocm03459999/ocm03459999/Output/ocm03459999_0261.tif (deflated 3%)
  adding: mnt/lsdi/ocm03459999/ocm03459999/Output/ocm03459999_0262.tif (deflated 5%)
  adding: mnt/lsdi/ocm03459999/ocm03459999/Output/ocm03459999_0263.tif (deflated 4%)
  adding: mnt/lsdi/ocm03459999/ocm03459999/Output/ocm03459999_0264.tif (deflated 4%)
  adding: mnt/lsdi/ocm03459999/ocm03459999/Output/ocm03459999_0265.tif (deflated 3%)
  adding: mnt/lsdi/ocm03459999/ocm03459999/Output/ocm03459999_0266.tif (deflated 3%)
  adding: mnt/lsdi/ocm03459999/ocm03459999/Output/ocm03459999_0267.tif (deflated 3%)
  adding: mnt/lsdi/ocm03459999/ocm03459999/Output/ocm03459999_0268.tif (deflated 4%)
  adding: mnt/lsdi/ocm03459999/ocm03459999/Output/ocm03459999_0269.tif (deflated 4%)
  adding: mnt/lsdi/ocm03459999/ocm03459999/Output/ocm03459999_0270.tif (deflated 3%)
  adding: mnt/lsdi/ocm03459999/ocm03459999/Output/ocm03459999_0271.tif (deflated 4%)
  adding: mnt/lsdi/ocm03459999/ocm03459999/Output/ocm03459999_0272.tif (deflated 3%)
  adding: mnt/lsdi/ocm03459999/ocm03459999/Output/ocm03459999_0273.tif (deflated 3%)
  adding: mnt/lsdi/ocm03459999/ocm03459999/Output/ocm03459999_0274.tif (deflated 3%)
  adding: mnt/lsdi/ocm03459999/ocm03459999/Output/ocm03459999_0275.tif (deflated 4%)
  adding: mnt/lsdi/ocm03459999/ocm03459999/Output/ocm03459999_0276.tif (deflated 3%)
  adding: mnt/lsdi/ocm03459999/ocm03459999/Output/ocm03459999_0277.tif (deflated 3%)
  adding: mnt/lsdi/ocm03459999/ocm03459999/Output/ocm03459999_0278.tif (deflated 4%)
  adding: mnt/lsdi/ocm03459999/ocm03459999/Output/ocm03459999_0279.tif (deflated 4%)
  adding: mnt/lsdi/ocm03459999/ocm03459999/Output/ocm03459999_0280.tif (deflated 3%)
  adding: mnt/lsdi/ocm03459999/ocm03459999/Output/ocm03459999_0281.tif (deflated 4%)
  adding: mnt/lsdi/ocm03459999/ocm03459999/Output/ocm03459999_0282.tif (deflated 3%)
  adding: mnt/lsdi/ocm03459999/ocm03459999/Output/ocm03459999_0283.tif (deflated 3%)
  adding: mnt/lsdi/ocm03459999/ocm03459999/Output/ocm03459999_0284.tif (deflated 4%)
  adding: mnt/lsdi/ocm03459999/ocm03459999/Output/ocm03459999_0285.tif (deflated 4%)
  adding: mnt/lsdi/ocm03459999/ocm03459999/Output/ocm03459999_0286.tif (deflated 4%)
  adding: mnt/lsdi/ocm03459999/ocm03459999/Output/ocm03459999_0287.tif (deflated 4%)
  adding: mnt/lsdi/ocm03459999/ocm03459999/Output/ocm03459999_0288.tif (deflated 4%)
  adding: mnt/lsdi/ocm03459999/ocm03459999/Output/ocm03459999_0289.tif (deflated 4%)
  adding: mnt/lsdi/ocm03459999/ocm03459999/Output/ocm03459999_0290.tif (deflated 4%)
  adding: mnt/lsdi/ocm03459999/ocm03459999/Output/ocm03459999_0291.tif (deflated 3%)
  adding: mnt/lsdi/ocm03459999/ocm03459999/Output/ocm03459999_0292.tif (deflated 4%)
  adding: mnt/lsdi/ocm03459999/ocm03459999/Output/ocm03459999_0293.tif (deflated 3%)
  adding: mnt/lsdi/ocm03459999/ocm03459999/Output/ocm03459999_0294.tif (deflated 4%)
  adding: mnt/lsdi/ocm03459999/ocm03459999/Output/ocm03459999_0295.tif (deflated 4%)
  adding: mnt/lsdi/ocm03459999/ocm03459999/Output/ocm03459999_0296.tif (deflated 4%)
  adding: mnt/lsdi/ocm03459999/ocm03459999/Output/ocm03459999_0297.tif (deflated 4%)
  adding: mnt/lsdi/ocm03459999/ocm03459999/Output/ocm03459999_0298.tif (deflated 3%)
  adding: mnt/lsdi/ocm03459999/ocm03459999/Output/ocm03459999_0299.tif (deflated 4%)
  adding: mnt/lsdi/ocm03459999/ocm03459999/Output/ocm03459999_0300.tif (deflated 4%)
  adding: mnt/lsdi/ocm03459999/ocm03459999/Output/ocm03459999_0301.tif (deflated 3%)
  adding: mnt/lsdi/ocm03459999/ocm03459999/Output/ocm03459999_0302.tif (deflated 3%)
  adding: mnt/lsdi/ocm03459999/ocm03459999/Output/ocm03459999_0303.tif (deflated 4%)
  adding: mnt/lsdi/ocm03459999/ocm03459999/Output/ocm03459999_0304.tif (deflated 4%)
  adding: mnt/lsdi/ocm03459999/ocm03459999/Output/ocm03459999_0305.tif (deflated 3%)
  adding: mnt/lsdi/ocm03459999/ocm03459999/Output/ocm03459999_0306.tif (deflated 4%)
  adding: mnt/lsdi/ocm03459999/ocm03459999/Output/ocm03459999_0307.tif (deflated 4%)
  adding: mnt/lsdi/ocm03459999/ocm03459999/Output/ocm03459999_0308.tif (deflated 4%)
  adding: mnt/lsdi/ocm03459999/ocm03459999/Output/ocm03459999_0309.tif (deflated 4%)
  adding: mnt/lsdi/ocm03459999/ocm03459999/Output/ocm03459999_0310.tif (deflated 4%)
  adding: mnt/lsdi/ocm03459999/ocm03459999/Output/ocm03459999_0311.tif (deflated 4%)
  adding: mnt/lsdi/ocm03459999/ocm03459999/Output/ocm03459999_0312.tif (deflated 4%)
  adding: mnt/lsdi/ocm03459999/ocm03459999/Output/ocm03459999_0313.tif (deflated 4%)
  adding: mnt/lsdi/ocm03459999/ocm03459999/Output/ocm03459999_0314.tif (deflated 4%)
  adding: mnt/lsdi/ocm03459999/ocm03459999/Output/ocm03459999_0315.tif (deflated 4%)
  adding: mnt/lsdi/ocm03459999/ocm03459999/Output/ocm03459999_0316.tif (deflated 4%)
  adding: mnt/lsdi/ocm03459999/ocm03459999/Output/ocm03459999_0317.tif (deflated 4%)
  adding: mnt/lsdi/ocm03459999/ocm03459999/Output/ocm03459999_0318.tif (deflated 4%)
  adding: mnt/lsdi/ocm03459999/ocm03459999/Output/ocm03459999_0319.tif (deflated 3%)
  adding: mnt/lsdi/ocm03459999/ocm03459999/Output/ocm03459999_0320.tif (deflated 4%)
  adding: mnt/lsdi/ocm03459999/ocm03459999/Output/ocm03459999_0321.tif (deflated 4%)
  adding: mnt/lsdi/ocm03459999/ocm03459999/Output/ocm03459999_0322.tif (deflated 4%)
  adding: mnt/lsdi/ocm03459999/ocm03459999/Output/ocm03459999_0323.tif (deflated 4%)
  adding: mnt/lsdi/ocm03459999/ocm03459999/Output/ocm03459999_0324.tif (deflated 3%)
  adding: mnt/lsdi/ocm03459999/ocm03459999/Output/ocm03459999_0325.tif (deflated 4%)
  adding: mnt/lsdi/ocm03459999/ocm03459999/Output/ocm03459999_0326.tif (deflated 4%)
  adding: mnt/lsdi/ocm03459999/ocm03459999/Output/ocm03459999_0327.tif (deflated 4%)
  adding: mnt/lsdi/ocm03459999/ocm03459999/Output/ocm03459999_0328.tif (deflated 4%)
  adding: mnt/lsdi/ocm03459999/ocm03459999/Output/ocm03459999_0329.tif (deflated 4%)
  adding: mnt/lsdi/ocm03459999/ocm03459999/Output/ocm03459999_0330.tif (deflated 4%)
  adding: mnt/lsdi/ocm03459999/ocm03459999/Output/ocm03459999_0331.tif (deflated 4%)
  adding: mnt/lsdi/ocm03459999/ocm03459999/Output/ocm03459999_0332.tif (deflated 4%)
  adding: mnt/lsdi/ocm03459999/ocm03459999/Output/ocm03459999_0333.tif (deflated 3%)
  adding: mnt/lsdi/ocm03459999/ocm03459999/Output/ocm03459999_0334.tif (deflated 4%)
  adding: mnt/lsdi/ocm03459999/ocm03459999/Output/ocm03459999_0335.tif (deflated 4%)
  adding: mnt/lsdi/ocm03459999/ocm03459999/Output/ocm03459999_0336.tif (deflated 6%)
  adding: mnt/lsdi/ocm03459999/ocm03459999/Output/ocm03459999_0337.tif (deflated 4%)
  adding: mnt/lsdi/ocm03459999/ocm03459999/Output/ocm03459999_0338.tif (deflated 3%)
  adding: mnt/lsdi/ocm03459999/ocm03459999/Output/ocm03459999_0339.tif (deflated 3%)
  adding: mnt/lsdi/ocm03459999/ocm03459999/Output/ocm03459999_0340.tif (deflated 4%)
  adding: mnt/lsdi/ocm03459999/ocm03459999/Output/ocm03459999_0341.tif (deflated 4%)
  adding: mnt/lsdi/ocm03459999/ocm03459999/Output/ocm03459999_0342.tif (deflated 4%)
  adding: mnt/lsdi/ocm03459999/ocm03459999/Output/ocm03459999_0343.tif (deflated 4%)
  adding: mnt/lsdi/ocm03459999/ocm03459999/Output/ocm03459999_0344.tif (deflated 4%)
  adding: mnt/lsdi/ocm03459999/ocm03459999/Output/ocm03459999_0345.tif (deflated 3%)
  adding: mnt/lsdi/ocm03459999/ocm03459999/Output/ocm03459999_0346.tif (deflated 4%)
  adding: mnt/lsdi/ocm03459999/ocm03459999/Output/ocm03459999_0347.tif (deflated 3%)
  adding: mnt/lsdi/ocm03459999/ocm03459999/Output/ocm03459999_0348.tif (deflated 3%)
  adding: mnt/lsdi/ocm03459999/ocm03459999/Output/ocm03459999_0349.tif (deflated 3%)
  adding: mnt/lsdi/ocm03459999/ocm03459999/Output/ocm03459999_0350.tif (deflated 4%)
  adding: mnt/lsdi/ocm03459999/ocm03459999/Output/ocm03459999_0351.tif (deflated 3%)
  adding: mnt/lsdi/ocm03459999/ocm03459999/Output/ocm03459999_0352.tif (deflated 4%)
  adding: mnt/lsdi/ocm03459999/ocm03459999/Output/ocm03459999_0353.tif (deflated 4%)
  adding: mnt/lsdi/ocm03459999/ocm03459999/Output/ocm03459999_0354.tif (deflated 3%)
  adding: mnt/lsdi/ocm03459999/ocm03459999/Output/ocm03459999_0355.tif (deflated 4%)
  adding: mnt/lsdi/ocm03459999/ocm03459999/Output/ocm03459999_0356.tif (deflated 4%)
  adding: mnt/lsdi/ocm03459999/ocm03459999/Output/ocm03459999_0357.tif (deflated 3%)
  adding: mnt/lsdi/ocm03459999/ocm03459999/Output/ocm03459999_0358.tif (deflated 4%)
  adding: mnt/lsdi/ocm03459999/ocm03459999/Output/ocm03459999_0359.tif (deflated 3%)
  adding: mnt/lsdi/ocm03459999/ocm03459999/Output/ocm03459999_0360.tif (deflated 4%)
  adding: mnt/lsdi/ocm03459999/ocm03459999/Output/ocm03459999_0361.tif (deflated 3%)
  adding: mnt/lsdi/ocm03459999/ocm03459999/Output/ocm03459999_0362.tif (deflated 3%)
  adding: mnt/lsdi/ocm03459999/ocm03459999/Output/ocm03459999_0363.tif (deflated 3%)
  adding: mnt/lsdi/ocm03459999/ocm03459999/Output/ocm03459999_0364.tif (deflated 4%)
  adding: mnt/lsdi/ocm03459999/ocm03459999/Output/ocm03459999_0365.tif (deflated 4%)
  adding: mnt/lsdi/ocm03459999/ocm03459999/Output/ocm03459999_0366.tif (deflated 4%)
  adding: mnt/lsdi/ocm03459999/ocm03459999/Output/ocm03459999_0367.tif (deflated 4%)
  adding: mnt/lsdi/ocm03459999/ocm03459999/Output/ocm03459999_0368.tif (deflated 3%)
  adding: mnt/lsdi/ocm03459999/ocm03459999/Output/ocm03459999_0369.tif (deflated 3%)
  adding: mnt/lsdi/ocm03459999/ocm03459999/Output/ocm03459999_0370.tif (deflated 4%)
  adding: mnt/lsdi/ocm03459999/ocm03459999/Output/ocm03459999_0371.tif (deflated 3%)
  adding: mnt/lsdi/ocm03459999/ocm03459999/Output/ocm03459999_0372.tif (deflated 3%)
  adding: mnt/lsdi/ocm03459999/ocm03459999/Output/ocm03459999_0373.tif (deflated 3%)
  adding: mnt/lsdi/ocm03459999/ocm03459999/Output/ocm03459999_0374.tif (deflated 4%)
  adding: mnt/lsdi/ocm03459999/ocm03459999/Output/ocm03459999_0375.tif (deflated 4%)
  adding: mnt/lsdi/ocm03459999/ocm03459999/Output/ocm03459999_0376.tif (deflated 3%)
  adding: mnt/lsdi/ocm03459999/ocm03459999/Output/ocm03459999_0377.tif (deflated 4%)
  adding: mnt/lsdi/ocm03459999/ocm03459999/Output/ocm03459999_0378.tif (deflated 2%)
  adding: mnt/lsdi/ocm03459999/ocm03459999/Output/ocm03459999_0379.tif (deflated 2%)
  adding: mnt/lsdi/ocm03459999/ocm03459999/Output/ocm03459999_0380.tif (deflated 2%)
  adding: mnt/lsdi/ocm03459999/ocm03459999/Output/ocm03459999_0381.tif (deflated 2%)
  adding: mnt/lsdi/ocm03459999/ocm03459999/Output/ocm03459999_0382.tif (deflated 3%)
  adding: mnt/lsdi/ocm03459999/ocm03459999/Output/ocm03459999_0383.tif (deflated 4%)
  adding: mnt/lsdi/ocm03459999/ocm03459999/Output/ocm03459999_0384.tif (deflated 3%)
  adding: mnt/lsdi/ocm03459999/ocm03459999/Output/ocm03459999_0385.tif (deflated 3%)
  adding: mnt/lsdi/ocm03459999/ocm03459999/Output/ocm03459999_0386.tif (deflated 80%)
  adding: mnt/lsdi/ocm03459999/ocm03459999/Output/ocm03459999_0387.tif (deflated 80%)
  adding: mnt/lsdi/ocm03459999/ocm03459999/Output/ocm03459999_0388.tif (deflated 80%)
  adding: mnt/lsdi/ocm03459999/ocm03459999/Output/ocm03459999_0389.tif (deflated 80%)
  adding: mnt/lsdi/ocm03459999/ocm03459999/Output/ocm03459999_0390.tif (deflated 80%)
  adding: mnt/lsdi/ocm03459999/ocm03459999/Output/ocm03459999_0391.tif (deflated 80%)
  adding: mnt/lsdi/ocm03459999/ocm03459999/Output/ocm03459999_0392.tif (deflated 80%)
curl --location --header authorization: LOW fpJYfLnxbLmCEHqU:JQbq6NgBaPrSh98Y --upload-file /temp/ocm03459999_images.zip http://s3.us.archive.org/03459999.emory.edu/03459999_images.zip
  % Total    % Received % Xferd  Average Speed   Time    Time     Time  Current
                                 Dload  Upload   Total   Spent    Left  Speed
  0     0    0     0    0     0      0      0 --:--:-- --:--:-- --:--:--     0  0 12.9M    0     0    0     0      0      0 --:--:-- --:--:-- --:--:--     0  2 12.9M    0     0    2  304k      0   217k  0:01:01  0:00:01  0:01:00  231k  7 12.9M    0     0    7  960k      0   406k  0:00:32  0:00:02  0:00:30  420k 12 12.9M    0     0   12 1680k      0   499k  0:00:26  0:00:03  0:00:23  511k 18 12.9M    0     0   18 2400k      0   549k  0:00:24  0:00:04  0:00:20  560k 23 12.9M    0     0   23 3104k      0   577k  0:00:23  0:00:05  0:00:18  704k 28 12.9M    0     0   28 3792k      0   593k  0:00:22  0:00:06  0:00:16  698k 33 12.9M    0     0   33 4480k      0   608k  0:00:21  0:00:07  0:00:14  703k 39 12.9M    0     0   39 5200k      0   622k  0:00:21  0:00:08  0:00:13  704k 44 12.9M    0     0   44 5904k      0   629k  0:00:21  0:00:09  0:00:12  699k 49 12.9M    0     0   49 6624k      0   637k  0:00:20  0:00:10  0:00:10  702k 54 12.9M    0     0   54 7280k      0   639k  0:00:20  0:00:11  0:00:09  697k 59 12.9M    0     0   59 7952k      0   643k  0:00:20  0:00:12  0:00:08  695k 65 12.9M    0     0   65 8656k      0   647k  0:00:20  0:00:13  0:00:07  690k 70 12.9M    0     0   70 9328k      0   648k  0:00:20  0:00:14  0:00:06  683k 75 12.9M    0     0   75 9968k      0   649k  0:00:20  0:00:15  0:00:05  672k 80 12.9M    0     0   80 10.4M      0   652k  0:00:20  0:00:16  0:00:04  683k 85 12.9M    0     0   85 11.1M      0   654k  0:00:20  0:00:17  0:00:03  683k 90 12.9M    0     0   90 11.7M      0   657k  0:00:20  0:00:18  0:00:02  682k 96 12.9M    0     0   96 12.4M      0   658k  0:00:20  0:00:19  0:00:01  686k100 12.9M    0     0  100 12.9M      0   628k  0:00:21  0:00:21 --:--:--  572k100 12.9M    0     0  100 12.9M      0   599k  0:00:22  0:00:22 --:--:--  449k100 12.9M    0     0  100 12.9M      0   595k  0:00:22  0:00:22 --:--:--  386k
