Bucket ID will be 11936582.emory.edu
curl --location --header x-amz-auto-make-bucket:1 --header x-archive-ignore-preexisting-bucket:1 --header x-archive-queue-derive:0 --header x-archive-meta-mediatype:texts --header x-archive-meta03-collection:emory --header x-archive-meta01-collection:americanmethodism --header x-archive-meta-sponsor:Emory University, Pitts Theology Library --header x-archive-meta-contributor:Emory University, Pitts Theology Library --header x-archive-meta-ppi:300 --header authorization: LOW fpJYfLnxbLmCEHqU:JQbq6NgBaPrSh98Y --upload-file /mnt/lsdi/ocm11936582-613/ocm11936582/ocm11936582_MRC.xml http://s3.us.archive.org/11936582.613.emory.edu/11936582.613.emory.edu_marc.xml
  % Total    % Received % Xferd  Average Speed   Time    Time     Time  Current
                                 Dload  Upload   Total   Spent    Left  Speed
  0     0    0     0    0     0      0      0 --:--:-- --:--:-- --:--:--     0  0  2965    0     0    0     0      0      0 --:--:--  0:00:01 --:--:--     0100  2965    0     0  100  2965      0   1630  0:00:01  0:00:01 --:--:--  1780100  2965    0     0  100  2965      0   1630  0:00:01  0:00:01 --:--:--  1780
zip -r /temp/ocm11936582_613_images.zip /mnt/lsdi/ocm11936582-613/ocm11936582/Output/ocm11936582-2_0001.tif /mnt/lsdi/ocm11936582-613/ocm11936582/Output/ocm11936582-2_0002.tif /mnt/lsdi/ocm11936582-613/ocm11936582/Output/ocm11936582-2_0003.tif /mnt/lsdi/ocm11936582-613/ocm11936582/Output/ocm11936582-2_0004.tif /mnt/lsdi/ocm11936582-613/ocm11936582/Output/ocm11936582-2_0005.tif /mnt/lsdi/ocm11936582-613/ocm11936582/Output/ocm11936582-2_0006.tif /mnt/lsdi/ocm11936582-613/ocm11936582/Output/ocm11936582-2_0007.tif /mnt/lsdi/ocm11936582-613/ocm11936582/Output/ocm11936582-2_0008.tif /mnt/lsdi/ocm11936582-613/ocm11936582/Output/ocm11936582-2_0009.tif /mnt/lsdi/ocm11936582-613/ocm11936582/Output/ocm11936582-2_0010.tif /mnt/lsdi/ocm11936582-613/ocm11936582/Output/ocm11936582-2_0011.tif /mnt/lsdi/ocm11936582-613/ocm11936582/Output/ocm11936582-2_0012.tif /mnt/lsdi/ocm11936582-613/ocm11936582/Output/ocm11936582-2_0013.tif /mnt/lsdi/ocm11936582-613/ocm11936582/Output/ocm11936582-2_0014.tif /mnt/lsdi/ocm11936582-613/ocm11936582/Output/ocm11936582-2_0015.tif /mnt/lsdi/ocm11936582-613/ocm11936582/Output/ocm11936582-2_0016.tif /mnt/lsdi/ocm11936582-613/ocm11936582/Output/ocm11936582-2_0017.tif /mnt/lsdi/ocm11936582-613/ocm11936582/Output/ocm11936582-2_0018.tif /mnt/lsdi/ocm11936582-613/ocm11936582/Output/ocm11936582-2_0019.tif /mnt/lsdi/ocm11936582-613/ocm11936582/Output/ocm11936582-2_0020.tif /mnt/lsdi/ocm11936582-613/ocm11936582/Output/ocm11936582-2_0021.tif /mnt/lsdi/ocm11936582-613/ocm11936582/Output/ocm11936582-2_0022.tif /mnt/lsdi/ocm11936582-613/ocm11936582/Output/ocm11936582-2_0023.tif /mnt/lsdi/ocm11936582-613/ocm11936582/Output/ocm11936582-2_0024.tif /mnt/lsdi/ocm11936582-613/ocm11936582/Output/ocm11936582-2_0025.tif /mnt/lsdi/ocm11936582-613/ocm11936582/Output/ocm11936582-2_0026.tif /mnt/lsdi/ocm11936582-613/ocm11936582/Output/ocm11936582-2_0027.tif /mnt/lsdi/ocm11936582-613/ocm11936582/Output/ocm11936582-2_0028.tif /mnt/lsdi/ocm11936582-613/ocm11936582/Output/ocm11936582-2_0029.tif /mnt/lsdi/ocm11936582-613/ocm11936582/Output/ocm11936582-2_0030.tif /mnt/lsdi/ocm11936582-613/ocm11936582/Output/ocm11936582-2_0031.tif /mnt/lsdi/ocm11936582-613/ocm11936582/Output/ocm11936582-2_0032.tif /mnt/lsdi/ocm11936582-613/ocm11936582/Output/ocm11936582-2_0033.tif /mnt/lsdi/ocm11936582-613/ocm11936582/Output/ocm11936582-2_0034.tif /mnt/lsdi/ocm11936582-613/ocm11936582/Output/ocm11936582-2_0035.tif /mnt/lsdi/ocm11936582-613/ocm11936582/Output/ocm11936582-2_0036.tif /mnt/lsdi/ocm11936582-613/ocm11936582/Output/ocm11936582-2_0037.tif /mnt/lsdi/ocm11936582-613/ocm11936582/Output/ocm11936582-2_0038.tif /mnt/lsdi/ocm11936582-613/ocm11936582/Output/ocm11936582-2_0039.tif /mnt/lsdi/ocm11936582-613/ocm11936582/Output/ocm11936582-2_0040.tif /mnt/lsdi/ocm11936582-613/ocm11936582/Output/ocm11936582-2_0041.tif /mnt/lsdi/ocm11936582-613/ocm11936582/Output/ocm11936582-2_0042.tif /mnt/lsdi/ocm11936582-613/ocm11936582/Output/ocm11936582-2_0043.tif /mnt/lsdi/ocm11936582-613/ocm11936582/Output/ocm11936582-2_0044.tif /mnt/lsdi/ocm11936582-613/ocm11936582/Output/ocm11936582-2_0045.tif /mnt/lsdi/ocm11936582-613/ocm11936582/Output/ocm11936582-2_0046.tif /mnt/lsdi/ocm11936582-613/ocm11936582/Output/ocm11936582-2_0047.tif /mnt/lsdi/ocm11936582-613/ocm11936582/Output/ocm11936582-2_0048.tif /mnt/lsdi/ocm11936582-613/ocm11936582/Output/ocm11936582-2_0049.tif /mnt/lsdi/ocm11936582-613/ocm11936582/Output/ocm11936582-2_0050.tif /mnt/lsdi/ocm11936582-613/ocm11936582/Output/ocm11936582-2_0051.tif /mnt/lsdi/ocm11936582-613/ocm11936582/Output/ocm11936582-2_0052.tif /mnt/lsdi/ocm11936582-613/ocm11936582/Output/ocm11936582-2_0053.tif /mnt/lsdi/ocm11936582-613/ocm11936582/Output/ocm11936582-2_0054.tif /mnt/lsdi/ocm11936582-613/ocm11936582/Output/ocm11936582-2_0055.tif /mnt/lsdi/ocm11936582-613/ocm11936582/Output/ocm11936582-2_0056.tif /mnt/lsdi/ocm11936582-613/ocm11936582/Output/ocm11936582-2_0057.tif /mnt/lsdi/ocm11936582-613/ocm11936582/Output/ocm11936582-2_0058.tif /mnt/lsdi/ocm11936582-613/ocm11936582/Output/ocm11936582-2_0059.tif /mnt/lsdi/ocm11936582-613/ocm11936582/Output/ocm11936582-2_0060.tif /mnt/lsdi/ocm11936582-613/ocm11936582/Output/ocm11936582-2_0061.tif /mnt/lsdi/ocm11936582-613/ocm11936582/Output/ocm11936582-2_0062.tif /mnt/lsdi/ocm11936582-613/ocm11936582/Output/ocm11936582-2_0063.tif /mnt/lsdi/ocm11936582-613/ocm11936582/Output/ocm11936582-2_0064.tif /mnt/lsdi/ocm11936582-613/ocm11936582/Output/ocm11936582-2_0065.tif /mnt/lsdi/ocm11936582-613/ocm11936582/Output/ocm11936582-2_0066.tif /mnt/lsdi/ocm11936582-613/ocm11936582/Output/ocm11936582-2_0067.tif /mnt/lsdi/ocm11936582-613/ocm11936582/Output/ocm11936582-2_0068.tif /mnt/lsdi/ocm11936582-613/ocm11936582/Output/ocm11936582-2_0069.tif /mnt/lsdi/ocm11936582-613/ocm11936582/Output/ocm11936582-2_0070.tif /mnt/lsdi/ocm11936582-613/ocm11936582/Output/ocm11936582-2_0071.tif /mnt/lsdi/ocm11936582-613/ocm11936582/Output/ocm11936582-2_0072.tif /mnt/lsdi/ocm11936582-613/ocm11936582/Output/ocm11936582-2_0073.tif /mnt/lsdi/ocm11936582-613/ocm11936582/Output/ocm11936582-2_0074.tif /mnt/lsdi/ocm11936582-613/ocm11936582/Output/ocm11936582-2_0075.tif /mnt/lsdi/ocm11936582-613/ocm11936582/Output/ocm11936582-2_0076.tif /mnt/lsdi/ocm11936582-613/ocm11936582/Output/ocm11936582-2_0077.tif /mnt/lsdi/ocm11936582-613/ocm11936582/Output/ocm11936582-2_0078.tif /mnt/lsdi/ocm11936582-613/ocm11936582/Output/ocm11936582-2_0079.tif /mnt/lsdi/ocm11936582-613/ocm11936582/Output/ocm11936582-2_0080.tif /mnt/lsdi/ocm11936582-613/ocm11936582/Output/ocm11936582-2_0081.tif /mnt/lsdi/ocm11936582-613/ocm11936582/Output/ocm11936582-2_0082.tif /mnt/lsdi/ocm11936582-613/ocm11936582/Output/ocm11936582-2_0083.tif /mnt/lsdi/ocm11936582-613/ocm11936582/Output/ocm11936582-2_0084.tif /mnt/lsdi/ocm11936582-613/ocm11936582/Output/ocm11936582-2_0085.tif /mnt/lsdi/ocm11936582-613/ocm11936582/Output/ocm11936582-2_0086.tif /mnt/lsdi/ocm11936582-613/ocm11936582/Output/ocm11936582-2_0087.tif /mnt/lsdi/ocm11936582-613/ocm11936582/Output/ocm11936582-2_0088.tif /mnt/lsdi/ocm11936582-613/ocm11936582/Output/ocm11936582-2_0089.tif /mnt/lsdi/ocm11936582-613/ocm11936582/Output/ocm11936582-2_0090.tif /mnt/lsdi/ocm11936582-613/ocm11936582/Output/ocm11936582-2_0091.tif /mnt/lsdi/ocm11936582-613/ocm11936582/Output/ocm11936582-2_0092.tif /mnt/lsdi/ocm11936582-613/ocm11936582/Output/ocm11936582-2_0093.tif /mnt/lsdi/ocm11936582-613/ocm11936582/Output/ocm11936582-2_0094.tif /mnt/lsdi/ocm11936582-613/ocm11936582/Output/ocm11936582-2_0095.tif /mnt/lsdi/ocm11936582-613/ocm11936582/Output/ocm11936582-2_0096.tif /mnt/lsdi/ocm11936582-613/ocm11936582/Output/ocm11936582-2_0097.tif /mnt/lsdi/ocm11936582-613/ocm11936582/Output/ocm11936582-2_0098.tif /mnt/lsdi/ocm11936582-613/ocm11936582/Output/ocm11936582-2_0099.tif /mnt/lsdi/ocm11936582-613/ocm11936582/Output/ocm11936582-2_0100.tif /mnt/lsdi/ocm11936582-613/ocm11936582/Output/ocm11936582-2_0101.tif /mnt/lsdi/ocm11936582-613/ocm11936582/Output/ocm11936582-2_0102.tif /mnt/lsdi/ocm11936582-613/ocm11936582/Output/ocm11936582-2_0103.tif /mnt/lsdi/ocm11936582-613/ocm11936582/Output/ocm11936582-2_0104.tif /mnt/lsdi/ocm11936582-613/ocm11936582/Output/ocm11936582-2_0105.tif /mnt/lsdi/ocm11936582-613/ocm11936582/Output/ocm11936582-2_0106.tif /mnt/lsdi/ocm11936582-613/ocm11936582/Output/ocm11936582-2_0107.tif /mnt/lsdi/ocm11936582-613/ocm11936582/Output/ocm11936582-2_0108.tif /mnt/lsdi/ocm11936582-613/ocm11936582/Output/ocm11936582-2_0109.tif /mnt/lsdi/ocm11936582-613/ocm11936582/Output/ocm11936582-2_0110.tif /mnt/lsdi/ocm11936582-613/ocm11936582/Output/ocm11936582-2_0111.tif /mnt/lsdi/ocm11936582-613/ocm11936582/Output/ocm11936582-2_0112.tif /mnt/lsdi/ocm11936582-613/ocm11936582/Output/ocm11936582-2_0113.tif /mnt/lsdi/ocm11936582-613/ocm11936582/Output/ocm11936582-2_0114.tif /mnt/lsdi/ocm11936582-613/ocm11936582/Output/ocm11936582-2_0115.tif /mnt/lsdi/ocm11936582-613/ocm11936582/Output/ocm11936582-2_0116.tif /mnt/lsdi/ocm11936582-613/ocm11936582/Output/ocm11936582-2_0117.tif /mnt/lsdi/ocm11936582-613/ocm11936582/Output/ocm11936582-2_0118.tif /mnt/lsdi/ocm11936582-613/ocm11936582/Output/ocm11936582-2_0119.tif /mnt/lsdi/ocm11936582-613/ocm11936582/Output/ocm11936582-2_0120.tif /mnt/lsdi/ocm11936582-613/ocm11936582/Output/ocm11936582-2_0121.tif /mnt/lsdi/ocm11936582-613/ocm11936582/Output/ocm11936582-2_0122.tif /mnt/lsdi/ocm11936582-613/ocm11936582/Output/ocm11936582-2_0123.tif /mnt/lsdi/ocm11936582-613/ocm11936582/Output/ocm11936582-2_0124.tif /mnt/lsdi/ocm11936582-613/ocm11936582/Output/ocm11936582-2_0125.tif /mnt/lsdi/ocm11936582-613/ocm11936582/Output/ocm11936582-2_0126.tif /mnt/lsdi/ocm11936582-613/ocm11936582/Output/ocm11936582-2_0127.tif /mnt/lsdi/ocm11936582-613/ocm11936582/Output/ocm11936582-2_0128.tif /mnt/lsdi/ocm11936582-613/ocm11936582/Output/ocm11936582-2_0129.tif /mnt/lsdi/ocm11936582-613/ocm11936582/Output/ocm11936582-2_0130.tif /mnt/lsdi/ocm11936582-613/ocm11936582/Output/ocm11936582-2_0131.tif /mnt/lsdi/ocm11936582-613/ocm11936582/Output/ocm11936582-2_0132.tif /mnt/lsdi/ocm11936582-613/ocm11936582/Output/ocm11936582-2_0133.tif /mnt/lsdi/ocm11936582-613/ocm11936582/Output/ocm11936582-2_0134.tif /mnt/lsdi/ocm11936582-613/ocm11936582/Output/ocm11936582-2_0135.tif /mnt/lsdi/ocm11936582-613/ocm11936582/Output/ocm11936582-2_0136.tif /mnt/lsdi/ocm11936582-613/ocm11936582/Output/ocm11936582-2_0137.tif /mnt/lsdi/ocm11936582-613/ocm11936582/Output/ocm11936582-2_0138.tif /mnt/lsdi/ocm11936582-613/ocm11936582/Output/ocm11936582-2_0139.tif /mnt/lsdi/ocm11936582-613/ocm11936582/Output/ocm11936582-2_0140.tif /mnt/lsdi/ocm11936582-613/ocm11936582/Output/ocm11936582-2_0141.tif /mnt/lsdi/ocm11936582-613/ocm11936582/Output/ocm11936582-2_0142.tif /mnt/lsdi/ocm11936582-613/ocm11936582/Output/ocm11936582-2_0143.tif /mnt/lsdi/ocm11936582-613/ocm11936582/Output/ocm11936582-2_0144.tif /mnt/lsdi/ocm11936582-613/ocm11936582/Output/ocm11936582-2_0145.tif /mnt/lsdi/ocm11936582-613/ocm11936582/Output/ocm11936582-2_0146.tif /mnt/lsdi/ocm11936582-613/ocm11936582/Output/ocm11936582-2_0147.tif /mnt/lsdi/ocm11936582-613/ocm11936582/Output/ocm11936582-2_0148.tif /mnt/lsdi/ocm11936582-613/ocm11936582/Output/ocm11936582-2_0149.tif /mnt/lsdi/ocm11936582-613/ocm11936582/Output/ocm11936582-2_0150.tif /mnt/lsdi/ocm11936582-613/ocm11936582/Output/ocm11936582-2_0151.tif /mnt/lsdi/ocm11936582-613/ocm11936582/Output/ocm11936582-2_0152.tif /mnt/lsdi/ocm11936582-613/ocm11936582/Output/ocm11936582-2_0153.tif /mnt/lsdi/ocm11936582-613/ocm11936582/Output/ocm11936582-2_0154.tif /mnt/lsdi/ocm11936582-613/ocm11936582/Output/ocm11936582-2_0155.tif /mnt/lsdi/ocm11936582-613/ocm11936582/Output/ocm11936582-2_0156.tif /mnt/lsdi/ocm11936582-613/ocm11936582/Output/ocm11936582-2_0157.tif /mnt/lsdi/ocm11936582-613/ocm11936582/Output/ocm11936582-2_0158.tif /mnt/lsdi/ocm11936582-613/ocm11936582/Output/ocm11936582-2_0159.tif /mnt/lsdi/ocm11936582-613/ocm11936582/Output/ocm11936582-2_0160.tif /mnt/lsdi/ocm11936582-613/ocm11936582/Output/ocm11936582-2_0161.tif /mnt/lsdi/ocm11936582-613/ocm11936582/Output/ocm11936582-2_0162.tif /mnt/lsdi/ocm11936582-613/ocm11936582/Output/ocm11936582-2_0163.tif /mnt/lsdi/ocm11936582-613/ocm11936582/Output/ocm11936582-2_0164.tif /mnt/lsdi/ocm11936582-613/ocm11936582/Output/ocm11936582-2_0165.tif /mnt/lsdi/ocm11936582-613/ocm11936582/Output/ocm11936582-2_0166.tif /mnt/lsdi/ocm11936582-613/ocm11936582/Output/ocm11936582-2_0167.tif /mnt/lsdi/ocm11936582-613/ocm11936582/Output/ocm11936582-2_0168.tif /mnt/lsdi/ocm11936582-613/ocm11936582/Output/ocm11936582-2_0169.tif /mnt/lsdi/ocm11936582-613/ocm11936582/Output/ocm11936582-2_0170.tif /mnt/lsdi/ocm11936582-613/ocm11936582/Output/ocm11936582-2_0171.tif /mnt/lsdi/ocm11936582-613/ocm11936582/Output/ocm11936582-2_0172.tif /mnt/lsdi/ocm11936582-613/ocm11936582/Output/ocm11936582-2_0173.tif /mnt/lsdi/ocm11936582-613/ocm11936582/Output/ocm11936582-2_0174.tif /mnt/lsdi/ocm11936582-613/ocm11936582/Output/ocm11936582-2_0175.tif /mnt/lsdi/ocm11936582-613/ocm11936582/Output/ocm11936582-2_0176.tif /mnt/lsdi/ocm11936582-613/ocm11936582/Output/ocm11936582-2_0177.tif /mnt/lsdi/ocm11936582-613/ocm11936582/Output/ocm11936582-2_0178.tif /mnt/lsdi/ocm11936582-613/ocm11936582/Output/ocm11936582-2_0179.tif /mnt/lsdi/ocm11936582-613/ocm11936582/Output/ocm11936582-2_0180.tif /mnt/lsdi/ocm11936582-613/ocm11936582/Output/ocm11936582-2_0181.tif /mnt/lsdi/ocm11936582-613/ocm11936582/Output/ocm11936582-2_0182.tif /mnt/lsdi/ocm11936582-613/ocm11936582/Output/ocm11936582-2_0183.tif /mnt/lsdi/ocm11936582-613/ocm11936582/Output/ocm11936582-2_0184.tif /mnt/lsdi/ocm11936582-613/ocm11936582/Output/ocm11936582-2_0185.tif /mnt/lsdi/ocm11936582-613/ocm11936582/Output/ocm11936582-2_0186.tif /mnt/lsdi/ocm11936582-613/ocm11936582/Output/ocm11936582-2_0187.tif /mnt/lsdi/ocm11936582-613/ocm11936582/Output/ocm11936582-2_0188.tif /mnt/lsdi/ocm11936582-613/ocm11936582/Output/ocm11936582-2_0189.tif /mnt/lsdi/ocm11936582-613/ocm11936582/Output/ocm11936582-2_0190.tif /mnt/lsdi/ocm11936582-613/ocm11936582/Output/ocm11936582-2_0191.tif /mnt/lsdi/ocm11936582-613/ocm11936582/Output/ocm11936582-2_0192.tif /mnt/lsdi/ocm11936582-613/ocm11936582/Output/ocm11936582-2_0193.tif /mnt/lsdi/ocm11936582-613/ocm11936582/Output/ocm11936582-2_0194.tif /mnt/lsdi/ocm11936582-613/ocm11936582/Output/ocm11936582-2_0195.tif /mnt/lsdi/ocm11936582-613/ocm11936582/Output/ocm11936582-2_0196.tif /mnt/lsdi/ocm11936582-613/ocm11936582/Output/ocm11936582-2_0197.tif /mnt/lsdi/ocm11936582-613/ocm11936582/Output/ocm11936582-2_0198.tif /mnt/lsdi/ocm11936582-613/ocm11936582/Output/ocm11936582-2_0199.tif /mnt/lsdi/ocm11936582-613/ocm11936582/Output/ocm11936582-2_0200.tif /mnt/lsdi/ocm11936582-613/ocm11936582/Output/ocm11936582-2_0201.tif /mnt/lsdi/ocm11936582-613/ocm11936582/Output/ocm11936582-2_0202.tif /mnt/lsdi/ocm11936582-613/ocm11936582/Output/ocm11936582-2_0203.tif /mnt/lsdi/ocm11936582-613/ocm11936582/Output/ocm11936582-2_0204.tif /mnt/lsdi/ocm11936582-613/ocm11936582/Output/ocm11936582-2_0205.tif /mnt/lsdi/ocm11936582-613/ocm11936582/Output/ocm11936582-2_0206.tif /mnt/lsdi/ocm11936582-613/ocm11936582/Output/ocm11936582-2_0207.tif /mnt/lsdi/ocm11936582-613/ocm11936582/Output/ocm11936582-2_0208.tif /mnt/lsdi/ocm11936582-613/ocm11936582/Output/ocm11936582-2_0209.tif /mnt/lsdi/ocm11936582-613/ocm11936582/Output/ocm11936582-2_0210.tif /mnt/lsdi/ocm11936582-613/ocm11936582/Output/ocm11936582-2_0211.tif /mnt/lsdi/ocm11936582-613/ocm11936582/Output/ocm11936582-2_0212.tif /mnt/lsdi/ocm11936582-613/ocm11936582/Output/ocm11936582-2_0213.tif /mnt/lsdi/ocm11936582-613/ocm11936582/Output/ocm11936582-2_0214.tif /mnt/lsdi/ocm11936582-613/ocm11936582/Output/ocm11936582-2_0215.tif /mnt/lsdi/ocm11936582-613/ocm11936582/Output/ocm11936582-2_0216.tif /mnt/lsdi/ocm11936582-613/ocm11936582/Output/ocm11936582-2_0217.tif /mnt/lsdi/ocm11936582-613/ocm11936582/Output/ocm11936582-2_0218.tif /mnt/lsdi/ocm11936582-613/ocm11936582/Output/ocm11936582-2_0219.tif /mnt/lsdi/ocm11936582-613/ocm11936582/Output/ocm11936582-2_0220.tif /mnt/lsdi/ocm11936582-613/ocm11936582/Output/ocm11936582-2_0221.tif /mnt/lsdi/ocm11936582-613/ocm11936582/Output/ocm11936582-2_0222.tif /mnt/lsdi/ocm11936582-613/ocm11936582/Output/ocm11936582-2_0223.tif /mnt/lsdi/ocm11936582-613/ocm11936582/Output/ocm11936582-2_0224.tif /mnt/lsdi/ocm11936582-613/ocm11936582/Output/ocm11936582-2_0225.tif /mnt/lsdi/ocm11936582-613/ocm11936582/Output/ocm11936582-2_0226.tif /mnt/lsdi/ocm11936582-613/ocm11936582/Output/ocm11936582-2_0227.tif /mnt/lsdi/ocm11936582-613/ocm11936582/Output/ocm11936582-2_0228.tif /mnt/lsdi/ocm11936582-613/ocm11936582/Output/ocm11936582-2_0229.tif /mnt/lsdi/ocm11936582-613/ocm11936582/Output/ocm11936582-2_0230.tif /mnt/lsdi/ocm11936582-613/ocm11936582/Output/ocm11936582-2_0231.tif /mnt/lsdi/ocm11936582-613/ocm11936582/Output/ocm11936582-2_0232.tif /mnt/lsdi/ocm11936582-613/ocm11936582/Output/ocm11936582-2_0233.tif /mnt/lsdi/ocm11936582-613/ocm11936582/Output/ocm11936582-2_0234.tif /mnt/lsdi/ocm11936582-613/ocm11936582/Output/ocm11936582-2_0235.tif /mnt/lsdi/ocm11936582-613/ocm11936582/Output/ocm11936582-2_0236.tif /mnt/lsdi/ocm11936582-613/ocm11936582/Output/ocm11936582-2_0237.tif /mnt/lsdi/ocm11936582-613/ocm11936582/Output/ocm11936582-2_0238.tif /mnt/lsdi/ocm11936582-613/ocm11936582/Output/ocm11936582-2_0239.tif /mnt/lsdi/ocm11936582-613/ocm11936582/Output/ocm11936582-2_0240.tif /mnt/lsdi/ocm11936582-613/ocm11936582/Output/ocm11936582-2_0241.tif /mnt/lsdi/ocm11936582-613/ocm11936582/Output/ocm11936582-2_0242.tif /mnt/lsdi/ocm11936582-613/ocm11936582/Output/ocm11936582-2_0243.tif /mnt/lsdi/ocm11936582-613/ocm11936582/Output/ocm11936582-2_0244.tif /mnt/lsdi/ocm11936582-613/ocm11936582/Output/ocm11936582-2_0245.tif /mnt/lsdi/ocm11936582-613/ocm11936582/Output/ocm11936582-2_0246.tif /mnt/lsdi/ocm11936582-613/ocm11936582/Output/ocm11936582-2_0247.tif /mnt/lsdi/ocm11936582-613/ocm11936582/Output/ocm11936582-2_0248.tif /mnt/lsdi/ocm11936582-613/ocm11936582/Output/ocm11936582-2_0249.tif /mnt/lsdi/ocm11936582-613/ocm11936582/Output/ocm11936582-2_0250.tif /mnt/lsdi/ocm11936582-613/ocm11936582/Output/ocm11936582-2_0251.tif /mnt/lsdi/ocm11936582-613/ocm11936582/Output/ocm11936582-2_0252.tif /mnt/lsdi/ocm11936582-613/ocm11936582/Output/ocm11936582-2_0253.tif /mnt/lsdi/ocm11936582-613/ocm11936582/Output/ocm11936582-2_0254.tif /mnt/lsdi/ocm11936582-613/ocm11936582/Output/ocm11936582-2_0255.tif /mnt/lsdi/ocm11936582-613/ocm11936582/Output/ocm11936582-2_0256.tif /mnt/lsdi/ocm11936582-613/ocm11936582/Output/ocm11936582-2_0257.tif /mnt/lsdi/ocm11936582-613/ocm11936582/Output/ocm11936582-2_0258.tif /mnt/lsdi/ocm11936582-613/ocm11936582/Output/ocm11936582-2_0259.tif /mnt/lsdi/ocm11936582-613/ocm11936582/Output/ocm11936582-2_0260.tif /mnt/lsdi/ocm11936582-613/ocm11936582/Output/ocm11936582-2_0261.tif /mnt/lsdi/ocm11936582-613/ocm11936582/Output/ocm11936582-2_0262.tif /mnt/lsdi/ocm11936582-613/ocm11936582/Output/ocm11936582-2_0263.tif /mnt/lsdi/ocm11936582-613/ocm11936582/Output/ocm11936582-2_0264.tif /mnt/lsdi/ocm11936582-613/ocm11936582/Output/ocm11936582-2_0265.tif /mnt/lsdi/ocm11936582-613/ocm11936582/Output/ocm11936582-2_0266.tif /mnt/lsdi/ocm11936582-613/ocm11936582/Output/ocm11936582-2_0267.tif /mnt/lsdi/ocm11936582-613/ocm11936582/Output/ocm11936582-2_0268.tif /mnt/lsdi/ocm11936582-613/ocm11936582/Output/ocm11936582-2_0269.tif /mnt/lsdi/ocm11936582-613/ocm11936582/Output/ocm11936582-2_0270.tif /mnt/lsdi/ocm11936582-613/ocm11936582/Output/ocm11936582-2_0271.tif /mnt/lsdi/ocm11936582-613/ocm11936582/Output/ocm11936582-2_0272.tif /mnt/lsdi/ocm11936582-613/ocm11936582/Output/ocm11936582-2_0273.tif /mnt/lsdi/ocm11936582-613/ocm11936582/Output/ocm11936582-2_0274.tif /mnt/lsdi/ocm11936582-613/ocm11936582/Output/ocm11936582-2_0275.tif /mnt/lsdi/ocm11936582-613/ocm11936582/Output/ocm11936582-2_0276.tif /mnt/lsdi/ocm11936582-613/ocm11936582/Output/ocm11936582-2_0277.tif /mnt/lsdi/ocm11936582-613/ocm11936582/Output/ocm11936582-2_0278.tif /mnt/lsdi/ocm11936582-613/ocm11936582/Output/ocm11936582-2_0279.tif /mnt/lsdi/ocm11936582-613/ocm11936582/Output/ocm11936582-2_0280.tif /mnt/lsdi/ocm11936582-613/ocm11936582/Output/ocm11936582-2_0281.tif /mnt/lsdi/ocm11936582-613/ocm11936582/Output/ocm11936582-2_0282.tif /mnt/lsdi/ocm11936582-613/ocm11936582/Output/ocm11936582-2_0283.tif /mnt/lsdi/ocm11936582-613/ocm11936582/Output/ocm11936582-2_0284.tif /mnt/lsdi/ocm11936582-613/ocm11936582/Output/ocm11936582-2_0285.tif /mnt/lsdi/ocm11936582-613/ocm11936582/Output/ocm11936582-2_0286.tif /mnt/lsdi/ocm11936582-613/ocm11936582/Output/ocm11936582-2_0287.tif /mnt/lsdi/ocm11936582-613/ocm11936582/Output/ocm11936582-2_0288.tif /mnt/lsdi/ocm11936582-613/ocm11936582/Output/ocm11936582-2_0289.tif /mnt/lsdi/ocm11936582-613/ocm11936582/Output/ocm11936582-2_0290.tif /mnt/lsdi/ocm11936582-613/ocm11936582/Output/ocm11936582-2_0291.tif /mnt/lsdi/ocm11936582-613/ocm11936582/Output/ocm11936582-2_0292.tif /mnt/lsdi/ocm11936582-613/ocm11936582/Output/ocm11936582-2_0293.tif /mnt/lsdi/ocm11936582-613/ocm11936582/Output/ocm11936582-2_0294.tif /mnt/lsdi/ocm11936582-613/ocm11936582/Output/ocm11936582-2_0295.tif /mnt/lsdi/ocm11936582-613/ocm11936582/Output/ocm11936582-2_0296.tif /mnt/lsdi/ocm11936582-613/ocm11936582/Output/ocm11936582-2_0297.tif /mnt/lsdi/ocm11936582-613/ocm11936582/Output/ocm11936582-2_0298.tif /mnt/lsdi/ocm11936582-613/ocm11936582/Output/ocm11936582-2_0299.tif /mnt/lsdi/ocm11936582-613/ocm11936582/Output/ocm11936582-2_0300.tif /mnt/lsdi/ocm11936582-613/ocm11936582/Output/ocm11936582-2_0301.tif /mnt/lsdi/ocm11936582-613/ocm11936582/Output/ocm11936582-2_0302.tif /mnt/lsdi/ocm11936582-613/ocm11936582/Output/ocm11936582-2_0303.tif /mnt/lsdi/ocm11936582-613/ocm11936582/Output/ocm11936582-2_0304.tif /mnt/lsdi/ocm11936582-613/ocm11936582/Output/ocm11936582-2_0305.tif /mnt/lsdi/ocm11936582-613/ocm11936582/Output/ocm11936582-2_0306.tif /mnt/lsdi/ocm11936582-613/ocm11936582/Output/ocm11936582-2_0307.tif /mnt/lsdi/ocm11936582-613/ocm11936582/Output/ocm11936582-2_0308.tif /mnt/lsdi/ocm11936582-613/ocm11936582/Output/ocm11936582-2_0309.tif /mnt/lsdi/ocm11936582-613/ocm11936582/Output/ocm11936582-2_0310.tif /mnt/lsdi/ocm11936582-613/ocm11936582/Output/ocm11936582-2_0311.tif /mnt/lsdi/ocm11936582-613/ocm11936582/Output/ocm11936582-2_0312.tif /mnt/lsdi/ocm11936582-613/ocm11936582/Output/ocm11936582-2_0313.tif /mnt/lsdi/ocm11936582-613/ocm11936582/Output/ocm11936582-2_0314.tif
  adding: mnt/lsdi/ocm11936582-613/ocm11936582/Output/ocm11936582-2_0001.tif (deflated 80%)
  adding: mnt/lsdi/ocm11936582-613/ocm11936582/Output/ocm11936582-2_0002.tif (deflated 5%)
  adding: mnt/lsdi/ocm11936582-613/ocm11936582/Output/ocm11936582-2_0003.tif (deflated 80%)
  adding: mnt/lsdi/ocm11936582-613/ocm11936582/Output/ocm11936582-2_0004.tif (deflated 3%)
  adding: mnt/lsdi/ocm11936582-613/ocm11936582/Output/ocm11936582-2_0005.tif (deflated 3%)
  adding: mnt/lsdi/ocm11936582-613/ocm11936582/Output/ocm11936582-2_0006.tif (deflated 3%)
  adding: mnt/lsdi/ocm11936582-613/ocm11936582/Output/ocm11936582-2_0007.tif (deflated 4%)
  adding: mnt/lsdi/ocm11936582-613/ocm11936582/Output/ocm11936582-2_0008.tif (deflated 4%)
  adding: mnt/lsdi/ocm11936582-613/ocm11936582/Output/ocm11936582-2_0009.tif (deflated 3%)
  adding: mnt/lsdi/ocm11936582-613/ocm11936582/Output/ocm11936582-2_0010.tif (deflated 3%)
  adding: mnt/lsdi/ocm11936582-613/ocm11936582/Output/ocm11936582-2_0011.tif (deflated 4%)
  adding: mnt/lsdi/ocm11936582-613/ocm11936582/Output/ocm11936582-2_0012.tif (deflated 3%)
  adding: mnt/lsdi/ocm11936582-613/ocm11936582/Output/ocm11936582-2_0013.tif (deflated 4%)
  adding: mnt/lsdi/ocm11936582-613/ocm11936582/Output/ocm11936582-2_0014.tif (deflated 4%)
  adding: mnt/lsdi/ocm11936582-613/ocm11936582/Output/ocm11936582-2_0015.tif (deflated 3%)
  adding: mnt/lsdi/ocm11936582-613/ocm11936582/Output/ocm11936582-2_0016.tif (deflated 4%)
  adding: mnt/lsdi/ocm11936582-613/ocm11936582/Output/ocm11936582-2_0017.tif (deflated 4%)
  adding: mnt/lsdi/ocm11936582-613/ocm11936582/Output/ocm11936582-2_0018.tif (deflated 3%)
  adding: mnt/lsdi/ocm11936582-613/ocm11936582/Output/ocm11936582-2_0019.tif (deflated 4%)
  adding: mnt/lsdi/ocm11936582-613/ocm11936582/Output/ocm11936582-2_0020.tif (deflated 4%)
  adding: mnt/lsdi/ocm11936582-613/ocm11936582/Output/ocm11936582-2_0021.tif (deflated 3%)
  adding: mnt/lsdi/ocm11936582-613/ocm11936582/Output/ocm11936582-2_0022.tif (deflated 4%)
  adding: mnt/lsdi/ocm11936582-613/ocm11936582/Output/ocm11936582-2_0023.tif (deflated 4%)
  adding: mnt/lsdi/ocm11936582-613/ocm11936582/Output/ocm11936582-2_0024.tif (deflated 4%)
  adding: mnt/lsdi/ocm11936582-613/ocm11936582/Output/ocm11936582-2_0025.tif (deflated 3%)
  adding: mnt/lsdi/ocm11936582-613/ocm11936582/Output/ocm11936582-2_0026.tif (deflated 3%)
  adding: mnt/lsdi/ocm11936582-613/ocm11936582/Output/ocm11936582-2_0027.tif (deflated 4%)
  adding: mnt/lsdi/ocm11936582-613/ocm11936582/Output/ocm11936582-2_0028.tif (deflated 4%)
  adding: mnt/lsdi/ocm11936582-613/ocm11936582/Output/ocm11936582-2_0029.tif (deflated 3%)
  adding: mnt/lsdi/ocm11936582-613/ocm11936582/Output/ocm11936582-2_0030.tif (deflated 3%)
  adding: mnt/lsdi/ocm11936582-613/ocm11936582/Output/ocm11936582-2_0031.tif (deflated 3%)
  adding: mnt/lsdi/ocm11936582-613/ocm11936582/Output/ocm11936582-2_0032.tif (deflated 3%)
  adding: mnt/lsdi/ocm11936582-613/ocm11936582/Output/ocm11936582-2_0033.tif (deflated 3%)
  adding: mnt/lsdi/ocm11936582-613/ocm11936582/Output/ocm11936582-2_0034.tif (deflated 3%)
  adding: mnt/lsdi/ocm11936582-613/ocm11936582/Output/ocm11936582-2_0035.tif (deflated 3%)
  adding: mnt/lsdi/ocm11936582-613/ocm11936582/Output/ocm11936582-2_0036.tif (deflated 3%)
  adding: mnt/lsdi/ocm11936582-613/ocm11936582/Output/ocm11936582-2_0037.tif (deflated 4%)
  adding: mnt/lsdi/ocm11936582-613/ocm11936582/Output/ocm11936582-2_0038.tif (deflated 3%)
  adding: mnt/lsdi/ocm11936582-613/ocm11936582/Output/ocm11936582-2_0039.tif (deflated 3%)
  adding: mnt/lsdi/ocm11936582-613/ocm11936582/Output/ocm11936582-2_0040.tif (deflated 3%)
  adding: mnt/lsdi/ocm11936582-613/ocm11936582/Output/ocm11936582-2_0041.tif (deflated 3%)
  adding: mnt/lsdi/ocm11936582-613/ocm11936582/Output/ocm11936582-2_0042.tif (deflated 3%)
  adding: mnt/lsdi/ocm11936582-613/ocm11936582/Output/ocm11936582-2_0043.tif (deflated 4%)
  adding: mnt/lsdi/ocm11936582-613/ocm11936582/Output/ocm11936582-2_0044.tif (deflated 4%)
  adding: mnt/lsdi/ocm11936582-613/ocm11936582/Output/ocm11936582-2_0045.tif (deflated 4%)
  adding: mnt/lsdi/ocm11936582-613/ocm11936582/Output/ocm11936582-2_0046.tif (deflated 3%)
  adding: mnt/lsdi/ocm11936582-613/ocm11936582/Output/ocm11936582-2_0047.tif (deflated 4%)
  adding: mnt/lsdi/ocm11936582-613/ocm11936582/Output/ocm11936582-2_0048.tif (deflated 4%)
  adding: mnt/lsdi/ocm11936582-613/ocm11936582/Output/ocm11936582-2_0049.tif (deflated 4%)
  adding: mnt/lsdi/ocm11936582-613/ocm11936582/Output/ocm11936582-2_0050.tif (deflated 4%)
  adding: mnt/lsdi/ocm11936582-613/ocm11936582/Output/ocm11936582-2_0051.tif (deflated 4%)
  adding: mnt/lsdi/ocm11936582-613/ocm11936582/Output/ocm11936582-2_0052.tif (deflated 4%)
  adding: mnt/lsdi/ocm11936582-613/ocm11936582/Output/ocm11936582-2_0053.tif (deflated 4%)
  adding: mnt/lsdi/ocm11936582-613/ocm11936582/Output/ocm11936582-2_0054.tif (deflated 3%)
  adding: mnt/lsdi/ocm11936582-613/ocm11936582/Output/ocm11936582-2_0055.tif (deflated 4%)
  adding: mnt/lsdi/ocm11936582-613/ocm11936582/Output/ocm11936582-2_0056.tif (deflated 3%)
  adding: mnt/lsdi/ocm11936582-613/ocm11936582/Output/ocm11936582-2_0057.tif (deflated 3%)
  adding: mnt/lsdi/ocm11936582-613/ocm11936582/Output/ocm11936582-2_0058.tif (deflated 4%)
  adding: mnt/lsdi/ocm11936582-613/ocm11936582/Output/ocm11936582-2_0059.tif (deflated 4%)
  adding: mnt/lsdi/ocm11936582-613/ocm11936582/Output/ocm11936582-2_0060.tif (deflated 3%)
  adding: mnt/lsdi/ocm11936582-613/ocm11936582/Output/ocm11936582-2_0061.tif (deflated 4%)
  adding: mnt/lsdi/ocm11936582-613/ocm11936582/Output/ocm11936582-2_0062.tif (deflated 3%)
  adding: mnt/lsdi/ocm11936582-613/ocm11936582/Output/ocm11936582-2_0063.tif (deflated 4%)
  adding: mnt/lsdi/ocm11936582-613/ocm11936582/Output/ocm11936582-2_0064.tif (deflated 4%)
  adding: mnt/lsdi/ocm11936582-613/ocm11936582/Output/ocm11936582-2_0065.tif (deflated 4%)
  adding: mnt/lsdi/ocm11936582-613/ocm11936582/Output/ocm11936582-2_0066.tif (deflated 4%)
  adding: mnt/lsdi/ocm11936582-613/ocm11936582/Output/ocm11936582-2_0067.tif (deflated 4%)
  adding: mnt/lsdi/ocm11936582-613/ocm11936582/Output/ocm11936582-2_0068.tif (deflated 4%)
  adding: mnt/lsdi/ocm11936582-613/ocm11936582/Output/ocm11936582-2_0069.tif (deflated 4%)
  adding: mnt/lsdi/ocm11936582-613/ocm11936582/Output/ocm11936582-2_0070.tif (deflated 3%)
  adding: mnt/lsdi/ocm11936582-613/ocm11936582/Output/ocm11936582-2_0071.tif (deflated 4%)
  adding: mnt/lsdi/ocm11936582-613/ocm11936582/Output/ocm11936582-2_0072.tif (deflated 4%)
  adding: mnt/lsdi/ocm11936582-613/ocm11936582/Output/ocm11936582-2_0073.tif (deflated 4%)
  adding: mnt/lsdi/ocm11936582-613/ocm11936582/Output/ocm11936582-2_0074.tif (deflated 4%)
  adding: mnt/lsdi/ocm11936582-613/ocm11936582/Output/ocm11936582-2_0075.tif (deflated 4%)
  adding: mnt/lsdi/ocm11936582-613/ocm11936582/Output/ocm11936582-2_0076.tif (deflated 3%)
  adding: mnt/lsdi/ocm11936582-613/ocm11936582/Output/ocm11936582-2_0077.tif (deflated 4%)
  adding: mnt/lsdi/ocm11936582-613/ocm11936582/Output/ocm11936582-2_0078.tif (deflated 3%)
  adding: mnt/lsdi/ocm11936582-613/ocm11936582/Output/ocm11936582-2_0079.tif (deflated 4%)
  adding: mnt/lsdi/ocm11936582-613/ocm11936582/Output/ocm11936582-2_0080.tif (deflated 3%)
  adding: mnt/lsdi/ocm11936582-613/ocm11936582/Output/ocm11936582-2_0081.tif (deflated 3%)
  adding: mnt/lsdi/ocm11936582-613/ocm11936582/Output/ocm11936582-2_0082.tif (deflated 3%)
  adding: mnt/lsdi/ocm11936582-613/ocm11936582/Output/ocm11936582-2_0083.tif (deflated 4%)
  adding: mnt/lsdi/ocm11936582-613/ocm11936582/Output/ocm11936582-2_0084.tif (deflated 3%)
  adding: mnt/lsdi/ocm11936582-613/ocm11936582/Output/ocm11936582-2_0085.tif (deflated 3%)
  adding: mnt/lsdi/ocm11936582-613/ocm11936582/Output/ocm11936582-2_0086.tif (deflated 4%)
  adding: mnt/lsdi/ocm11936582-613/ocm11936582/Output/ocm11936582-2_0087.tif (deflated 3%)
  adding: mnt/lsdi/ocm11936582-613/ocm11936582/Output/ocm11936582-2_0088.tif (deflated 3%)
  adding: mnt/lsdi/ocm11936582-613/ocm11936582/Output/ocm11936582-2_0089.tif (deflated 4%)
  adding: mnt/lsdi/ocm11936582-613/ocm11936582/Output/ocm11936582-2_0090.tif (deflated 3%)
  adding: mnt/lsdi/ocm11936582-613/ocm11936582/Output/ocm11936582-2_0091.tif (deflated 4%)
  adding: mnt/lsdi/ocm11936582-613/ocm11936582/Output/ocm11936582-2_0092.tif (deflated 3%)
  adding: mnt/lsdi/ocm11936582-613/ocm11936582/Output/ocm11936582-2_0093.tif (deflated 3%)
  adding: mnt/lsdi/ocm11936582-613/ocm11936582/Output/ocm11936582-2_0094.tif (deflated 3%)
  adding: mnt/lsdi/ocm11936582-613/ocm11936582/Output/ocm11936582-2_0095.tif (deflated 3%)
  adding: mnt/lsdi/ocm11936582-613/ocm11936582/Output/ocm11936582-2_0096.tif (deflated 4%)
  adding: mnt/lsdi/ocm11936582-613/ocm11936582/Output/ocm11936582-2_0097.tif (deflated 4%)
  adding: mnt/lsdi/ocm11936582-613/ocm11936582/Output/ocm11936582-2_0098.tif (deflated 4%)
  adding: mnt/lsdi/ocm11936582-613/ocm11936582/Output/ocm11936582-2_0099.tif (deflated 3%)
  adding: mnt/lsdi/ocm11936582-613/ocm11936582/Output/ocm11936582-2_0100.tif (deflated 4%)
  adding: mnt/lsdi/ocm11936582-613/ocm11936582/Output/ocm11936582-2_0101.tif (deflated 4%)
  adding: mnt/lsdi/ocm11936582-613/ocm11936582/Output/ocm11936582-2_0102.tif (deflated 3%)
  adding: mnt/lsdi/ocm11936582-613/ocm11936582/Output/ocm11936582-2_0103.tif (deflated 4%)
  adding: mnt/lsdi/ocm11936582-613/ocm11936582/Output/ocm11936582-2_0104.tif (deflated 3%)
  adding: mnt/lsdi/ocm11936582-613/ocm11936582/Output/ocm11936582-2_0105.tif (deflated 4%)
  adding: mnt/lsdi/ocm11936582-613/ocm11936582/Output/ocm11936582-2_0106.tif (deflated 4%)
  adding: mnt/lsdi/ocm11936582-613/ocm11936582/Output/ocm11936582-2_0107.tif (deflated 4%)
  adding: mnt/lsdi/ocm11936582-613/ocm11936582/Output/ocm11936582-2_0108.tif (deflated 4%)
  adding: mnt/lsdi/ocm11936582-613/ocm11936582/Output/ocm11936582-2_0109.tif (deflated 4%)
  adding: mnt/lsdi/ocm11936582-613/ocm11936582/Output/ocm11936582-2_0110.tif (deflated 3%)
  adding: mnt/lsdi/ocm11936582-613/ocm11936582/Output/ocm11936582-2_0111.tif (deflated 3%)
  adding: mnt/lsdi/ocm11936582-613/ocm11936582/Output/ocm11936582-2_0112.tif (deflated 3%)
  adding: mnt/lsdi/ocm11936582-613/ocm11936582/Output/ocm11936582-2_0113.tif (deflated 4%)
  adding: mnt/lsdi/ocm11936582-613/ocm11936582/Output/ocm11936582-2_0114.tif (deflated 3%)
  adding: mnt/lsdi/ocm11936582-613/ocm11936582/Output/ocm11936582-2_0115.tif (deflated 3%)
  adding: mnt/lsdi/ocm11936582-613/ocm11936582/Output/ocm11936582-2_0116.tif (deflated 3%)
  adding: mnt/lsdi/ocm11936582-613/ocm11936582/Output/ocm11936582-2_0117.tif (deflated 4%)
  adding: mnt/lsdi/ocm11936582-613/ocm11936582/Output/ocm11936582-2_0118.tif (deflated 3%)
  adding: mnt/lsdi/ocm11936582-613/ocm11936582/Output/ocm11936582-2_0119.tif (deflated 3%)
  adding: mnt/lsdi/ocm11936582-613/ocm11936582/Output/ocm11936582-2_0120.tif (deflated 4%)
  adding: mnt/lsdi/ocm11936582-613/ocm11936582/Output/ocm11936582-2_0121.tif (deflated 4%)
  adding: mnt/lsdi/ocm11936582-613/ocm11936582/Output/ocm11936582-2_0122.tif (deflated 3%)
  adding: mnt/lsdi/ocm11936582-613/ocm11936582/Output/ocm11936582-2_0123.tif (deflated 4%)
  adding: mnt/lsdi/ocm11936582-613/ocm11936582/Output/ocm11936582-2_0124.tif (deflated 3%)
  adding: mnt/lsdi/ocm11936582-613/ocm11936582/Output/ocm11936582-2_0125.tif (deflated 3%)
  adding: mnt/lsdi/ocm11936582-613/ocm11936582/Output/ocm11936582-2_0126.tif (deflated 4%)
  adding: mnt/lsdi/ocm11936582-613/ocm11936582/Output/ocm11936582-2_0127.tif (deflated 4%)
  adding: mnt/lsdi/ocm11936582-613/ocm11936582/Output/ocm11936582-2_0128.tif (deflated 3%)
  adding: mnt/lsdi/ocm11936582-613/ocm11936582/Output/ocm11936582-2_0129.tif (deflated 4%)
  adding: mnt/lsdi/ocm11936582-613/ocm11936582/Output/ocm11936582-2_0130.tif (deflated 3%)
  adding: mnt/lsdi/ocm11936582-613/ocm11936582/Output/ocm11936582-2_0131.tif (deflated 4%)
  adding: mnt/lsdi/ocm11936582-613/ocm11936582/Output/ocm11936582-2_0132.tif (deflated 4%)
  adding: mnt/lsdi/ocm11936582-613/ocm11936582/Output/ocm11936582-2_0133.tif (deflated 4%)
  adding: mnt/lsdi/ocm11936582-613/ocm11936582/Output/ocm11936582-2_0134.tif (deflated 3%)
  adding: mnt/lsdi/ocm11936582-613/ocm11936582/Output/ocm11936582-2_0135.tif (deflated 4%)
  adding: mnt/lsdi/ocm11936582-613/ocm11936582/Output/ocm11936582-2_0136.tif (deflated 3%)
  adding: mnt/lsdi/ocm11936582-613/ocm11936582/Output/ocm11936582-2_0137.tif (deflated 4%)
  adding: mnt/lsdi/ocm11936582-613/ocm11936582/Output/ocm11936582-2_0138.tif (deflated 3%)
  adding: mnt/lsdi/ocm11936582-613/ocm11936582/Output/ocm11936582-2_0139.tif (deflated 4%)
  adding: mnt/lsdi/ocm11936582-613/ocm11936582/Output/ocm11936582-2_0140.tif (deflated 3%)
  adding: mnt/lsdi/ocm11936582-613/ocm11936582/Output/ocm11936582-2_0141.tif (deflated 4%)
  adding: mnt/lsdi/ocm11936582-613/ocm11936582/Output/ocm11936582-2_0142.tif (deflated 4%)
  adding: mnt/lsdi/ocm11936582-613/ocm11936582/Output/ocm11936582-2_0143.tif (deflated 3%)
  adding: mnt/lsdi/ocm11936582-613/ocm11936582/Output/ocm11936582-2_0144.tif (deflated 4%)
  adding: mnt/lsdi/ocm11936582-613/ocm11936582/Output/ocm11936582-2_0145.tif (deflated 4%)
  adding: mnt/lsdi/ocm11936582-613/ocm11936582/Output/ocm11936582-2_0146.tif (deflated 4%)
  adding: mnt/lsdi/ocm11936582-613/ocm11936582/Output/ocm11936582-2_0147.tif (deflated 4%)
  adding: mnt/lsdi/ocm11936582-613/ocm11936582/Output/ocm11936582-2_0148.tif (deflated 4%)
  adding: mnt/lsdi/ocm11936582-613/ocm11936582/Output/ocm11936582-2_0149.tif (deflated 4%)
  adding: mnt/lsdi/ocm11936582-613/ocm11936582/Output/ocm11936582-2_0150.tif (deflated 3%)
  adding: mnt/lsdi/ocm11936582-613/ocm11936582/Output/ocm11936582-2_0151.tif (deflated 3%)
  adding: mnt/lsdi/ocm11936582-613/ocm11936582/Output/ocm11936582-2_0152.tif (deflated 4%)
  adding: mnt/lsdi/ocm11936582-613/ocm11936582/Output/ocm11936582-2_0153.tif (deflated 3%)
  adding: mnt/lsdi/ocm11936582-613/ocm11936582/Output/ocm11936582-2_0154.tif (deflated 3%)
  adding: mnt/lsdi/ocm11936582-613/ocm11936582/Output/ocm11936582-2_0155.tif (deflated 4%)
  adding: mnt/lsdi/ocm11936582-613/ocm11936582/Output/ocm11936582-2_0156.tif (deflated 4%)
  adding: mnt/lsdi/ocm11936582-613/ocm11936582/Output/ocm11936582-2_0157.tif (deflated 3%)
  adding: mnt/lsdi/ocm11936582-613/ocm11936582/Output/ocm11936582-2_0158.tif (deflated 4%)
  adding: mnt/lsdi/ocm11936582-613/ocm11936582/Output/ocm11936582-2_0159.tif (deflated 3%)
  adding: mnt/lsdi/ocm11936582-613/ocm11936582/Output/ocm11936582-2_0160.tif (deflated 4%)
  adding: mnt/lsdi/ocm11936582-613/ocm11936582/Output/ocm11936582-2_0161.tif (deflated 4%)
  adding: mnt/lsdi/ocm11936582-613/ocm11936582/Output/ocm11936582-2_0162.tif (deflated 3%)
  adding: mnt/lsdi/ocm11936582-613/ocm11936582/Output/ocm11936582-2_0163.tif (deflated 3%)
  adding: mnt/lsdi/ocm11936582-613/ocm11936582/Output/ocm11936582-2_0164.tif (deflated 3%)
  adding: mnt/lsdi/ocm11936582-613/ocm11936582/Output/ocm11936582-2_0165.tif (deflated 3%)
  adding: mnt/lsdi/ocm11936582-613/ocm11936582/Output/ocm11936582-2_0166.tif (deflated 3%)
  adding: mnt/lsdi/ocm11936582-613/ocm11936582/Output/ocm11936582-2_0167.tif (deflated 4%)
  adding: mnt/lsdi/ocm11936582-613/ocm11936582/Output/ocm11936582-2_0168.tif (deflated 15%)
  adding: mnt/lsdi/ocm11936582-613/ocm11936582/Output/ocm11936582-2_0169.tif (deflated 80%)
  adding: mnt/lsdi/ocm11936582-613/ocm11936582/Output/ocm11936582-2_0170.tif (deflated 3%)
  adding: mnt/lsdi/ocm11936582-613/ocm11936582/Output/ocm11936582-2_0171.tif (deflated 4%)
  adding: mnt/lsdi/ocm11936582-613/ocm11936582/Output/ocm11936582-2_0172.tif (deflated 3%)
  adding: mnt/lsdi/ocm11936582-613/ocm11936582/Output/ocm11936582-2_0173.tif (deflated 3%)
  adding: mnt/lsdi/ocm11936582-613/ocm11936582/Output/ocm11936582-2_0174.tif (deflated 3%)
  adding: mnt/lsdi/ocm11936582-613/ocm11936582/Output/ocm11936582-2_0175.tif (deflated 3%)
  adding: mnt/lsdi/ocm11936582-613/ocm11936582/Output/ocm11936582-2_0176.tif (deflated 4%)
  adding: mnt/lsdi/ocm11936582-613/ocm11936582/Output/ocm11936582-2_0177.tif (deflated 3%)
  adding: mnt/lsdi/ocm11936582-613/ocm11936582/Output/ocm11936582-2_0178.tif (deflated 4%)
  adding: mnt/lsdi/ocm11936582-613/ocm11936582/Output/ocm11936582-2_0179.tif (deflated 4%)
  adding: mnt/lsdi/ocm11936582-613/ocm11936582/Output/ocm11936582-2_0180.tif (deflated 3%)
  adding: mnt/lsdi/ocm11936582-613/ocm11936582/Output/ocm11936582-2_0181.tif (deflated 4%)
  adding: mnt/lsdi/ocm11936582-613/ocm11936582/Output/ocm11936582-2_0182.tif (deflated 4%)
  adding: mnt/lsdi/ocm11936582-613/ocm11936582/Output/ocm11936582-2_0183.tif (deflated 4%)
  adding: mnt/lsdi/ocm11936582-613/ocm11936582/Output/ocm11936582-2_0184.tif (deflated 3%)
  adding: mnt/lsdi/ocm11936582-613/ocm11936582/Output/ocm11936582-2_0185.tif (deflated 3%)
  adding: mnt/lsdi/ocm11936582-613/ocm11936582/Output/ocm11936582-2_0186.tif (deflated 4%)
  adding: mnt/lsdi/ocm11936582-613/ocm11936582/Output/ocm11936582-2_0187.tif (deflated 4%)
  adding: mnt/lsdi/ocm11936582-613/ocm11936582/Output/ocm11936582-2_0188.tif (deflated 4%)
  adding: mnt/lsdi/ocm11936582-613/ocm11936582/Output/ocm11936582-2_0189.tif (deflated 4%)
  adding: mnt/lsdi/ocm11936582-613/ocm11936582/Output/ocm11936582-2_0190.tif (deflated 3%)
  adding: mnt/lsdi/ocm11936582-613/ocm11936582/Output/ocm11936582-2_0191.tif (deflated 3%)
  adding: mnt/lsdi/ocm11936582-613/ocm11936582/Output/ocm11936582-2_0192.tif (deflated 3%)
  adding: mnt/lsdi/ocm11936582-613/ocm11936582/Output/ocm11936582-2_0193.tif (deflated 3%)
  adding: mnt/lsdi/ocm11936582-613/ocm11936582/Output/ocm11936582-2_0194.tif (deflated 4%)
  adding: mnt/lsdi/ocm11936582-613/ocm11936582/Output/ocm11936582-2_0195.tif (deflated 4%)
  adding: mnt/lsdi/ocm11936582-613/ocm11936582/Output/ocm11936582-2_0196.tif (deflated 4%)
  adding: mnt/lsdi/ocm11936582-613/ocm11936582/Output/ocm11936582-2_0197.tif (deflated 4%)
  adding: mnt/lsdi/ocm11936582-613/ocm11936582/Output/ocm11936582-2_0198.tif (deflated 3%)
  adding: mnt/lsdi/ocm11936582-613/ocm11936582/Output/ocm11936582-2_0199.tif (deflated 3%)
  adding: mnt/lsdi/ocm11936582-613/ocm11936582/Output/ocm11936582-2_0200.tif (deflated 4%)
  adding: mnt/lsdi/ocm11936582-613/ocm11936582/Output/ocm11936582-2_0201.tif (deflated 4%)
  adding: mnt/lsdi/ocm11936582-613/ocm11936582/Output/ocm11936582-2_0202.tif (deflated 3%)
  adding: mnt/lsdi/ocm11936582-613/ocm11936582/Output/ocm11936582-2_0203.tif (deflated 4%)
  adding: mnt/lsdi/ocm11936582-613/ocm11936582/Output/ocm11936582-2_0204.tif (deflated 3%)
  adding: mnt/lsdi/ocm11936582-613/ocm11936582/Output/ocm11936582-2_0205.tif (deflated 4%)
  adding: mnt/lsdi/ocm11936582-613/ocm11936582/Output/ocm11936582-2_0206.tif (deflated 3%)
  adding: mnt/lsdi/ocm11936582-613/ocm11936582/Output/ocm11936582-2_0207.tif (deflated 4%)
  adding: mnt/lsdi/ocm11936582-613/ocm11936582/Output/ocm11936582-2_0208.tif (deflated 4%)
  adding: mnt/lsdi/ocm11936582-613/ocm11936582/Output/ocm11936582-2_0209.tif (deflated 4%)
  adding: mnt/lsdi/ocm11936582-613/ocm11936582/Output/ocm11936582-2_0210.tif (deflated 4%)
  adding: mnt/lsdi/ocm11936582-613/ocm11936582/Output/ocm11936582-2_0211.tif (deflated 3%)
  adding: mnt/lsdi/ocm11936582-613/ocm11936582/Output/ocm11936582-2_0212.tif (deflated 3%)
  adding: mnt/lsdi/ocm11936582-613/ocm11936582/Output/ocm11936582-2_0213.tif (deflated 4%)
  adding: mnt/lsdi/ocm11936582-613/ocm11936582/Output/ocm11936582-2_0214.tif (deflated 4%)
  adding: mnt/lsdi/ocm11936582-613/ocm11936582/Output/ocm11936582-2_0215.tif (deflated 4%)
  adding: mnt/lsdi/ocm11936582-613/ocm11936582/Output/ocm11936582-2_0216.tif (deflated 3%)
  adding: mnt/lsdi/ocm11936582-613/ocm11936582/Output/ocm11936582-2_0217.tif (deflated 4%)
  adding: mnt/lsdi/ocm11936582-613/ocm11936582/Output/ocm11936582-2_0218.tif (deflated 3%)
  adding: mnt/lsdi/ocm11936582-613/ocm11936582/Output/ocm11936582-2_0219.tif (deflated 4%)
  adding: mnt/lsdi/ocm11936582-613/ocm11936582/Output/ocm11936582-2_0220.tif (deflated 4%)
  adding: mnt/lsdi/ocm11936582-613/ocm11936582/Output/ocm11936582-2_0221.tif (deflated 3%)
  adding: mnt/lsdi/ocm11936582-613/ocm11936582/Output/ocm11936582-2_0222.tif (deflated 4%)
  adding: mnt/lsdi/ocm11936582-613/ocm11936582/Output/ocm11936582-2_0223.tif (deflated 3%)
  adding: mnt/lsdi/ocm11936582-613/ocm11936582/Output/ocm11936582-2_0224.tif (deflated 4%)
  adding: mnt/lsdi/ocm11936582-613/ocm11936582/Output/ocm11936582-2_0225.tif (deflated 3%)
  adding: mnt/lsdi/ocm11936582-613/ocm11936582/Output/ocm11936582-2_0226.tif (deflated 2%)
  adding: mnt/lsdi/ocm11936582-613/ocm11936582/Output/ocm11936582-2_0227.tif (deflated 3%)
  adding: mnt/lsdi/ocm11936582-613/ocm11936582/Output/ocm11936582-2_0228.tif (deflated 4%)
  adding: mnt/lsdi/ocm11936582-613/ocm11936582/Output/ocm11936582-2_0229.tif (deflated 3%)
  adding: mnt/lsdi/ocm11936582-613/ocm11936582/Output/ocm11936582-2_0230.tif (deflated 3%)
  adding: mnt/lsdi/ocm11936582-613/ocm11936582/Output/ocm11936582-2_0231.tif (deflated 3%)
  adding: mnt/lsdi/ocm11936582-613/ocm11936582/Output/ocm11936582-2_0232.tif (deflated 4%)
  adding: mnt/lsdi/ocm11936582-613/ocm11936582/Output/ocm11936582-2_0233.tif (deflated 4%)
  adding: mnt/lsdi/ocm11936582-613/ocm11936582/Output/ocm11936582-2_0234.tif (deflated 4%)
  adding: mnt/lsdi/ocm11936582-613/ocm11936582/Output/ocm11936582-2_0235.tif (deflated 4%)
  adding: mnt/lsdi/ocm11936582-613/ocm11936582/Output/ocm11936582-2_0236.tif (deflated 4%)
  adding: mnt/lsdi/ocm11936582-613/ocm11936582/Output/ocm11936582-2_0237.tif (deflated 3%)
  adding: mnt/lsdi/ocm11936582-613/ocm11936582/Output/ocm11936582-2_0238.tif (deflated 4%)
  adding: mnt/lsdi/ocm11936582-613/ocm11936582/Output/ocm11936582-2_0239.tif (deflated 4%)
  adding: mnt/lsdi/ocm11936582-613/ocm11936582/Output/ocm11936582-2_0240.tif (deflated 4%)
  adding: mnt/lsdi/ocm11936582-613/ocm11936582/Output/ocm11936582-2_0241.tif (deflated 3%)
  adding: mnt/lsdi/ocm11936582-613/ocm11936582/Output/ocm11936582-2_0242.tif (deflated 3%)
  adding: mnt/lsdi/ocm11936582-613/ocm11936582/Output/ocm11936582-2_0243.tif (deflated 3%)
  adding: mnt/lsdi/ocm11936582-613/ocm11936582/Output/ocm11936582-2_0244.tif (deflated 4%)
  adding: mnt/lsdi/ocm11936582-613/ocm11936582/Output/ocm11936582-2_0245.tif (deflated 4%)
  adding: mnt/lsdi/ocm11936582-613/ocm11936582/Output/ocm11936582-2_0246.tif (deflated 3%)
  adding: mnt/lsdi/ocm11936582-613/ocm11936582/Output/ocm11936582-2_0247.tif (deflated 4%)
  adding: mnt/lsdi/ocm11936582-613/ocm11936582/Output/ocm11936582-2_0248.tif (deflated 3%)
  adding: mnt/lsdi/ocm11936582-613/ocm11936582/Output/ocm11936582-2_0249.tif (deflated 4%)
  adding: mnt/lsdi/ocm11936582-613/ocm11936582/Output/ocm11936582-2_0250.tif (deflated 4%)
  adding: mnt/lsdi/ocm11936582-613/ocm11936582/Output/ocm11936582-2_0251.tif (deflated 4%)
  adding: mnt/lsdi/ocm11936582-613/ocm11936582/Output/ocm11936582-2_0252.tif (deflated 3%)
  adding: mnt/lsdi/ocm11936582-613/ocm11936582/Output/ocm11936582-2_0253.tif (deflated 4%)
  adding: mnt/lsdi/ocm11936582-613/ocm11936582/Output/ocm11936582-2_0254.tif (deflated 3%)
  adding: mnt/lsdi/ocm11936582-613/ocm11936582/Output/ocm11936582-2_0255.tif (deflated 4%)
  adding: mnt/lsdi/ocm11936582-613/ocm11936582/Output/ocm11936582-2_0256.tif (deflated 4%)
  adding: mnt/lsdi/ocm11936582-613/ocm11936582/Output/ocm11936582-2_0257.tif (deflated 3%)
  adding: mnt/lsdi/ocm11936582-613/ocm11936582/Output/ocm11936582-2_0258.tif (deflated 4%)
  adding: mnt/lsdi/ocm11936582-613/ocm11936582/Output/ocm11936582-2_0259.tif (deflated 3%)
  adding: mnt/lsdi/ocm11936582-613/ocm11936582/Output/ocm11936582-2_0260.tif (deflated 3%)
  adding: mnt/lsdi/ocm11936582-613/ocm11936582/Output/ocm11936582-2_0261.tif (deflated 4%)
  adding: mnt/lsdi/ocm11936582-613/ocm11936582/Output/ocm11936582-2_0262.tif (deflated 3%)
  adding: mnt/lsdi/ocm11936582-613/ocm11936582/Output/ocm11936582-2_0263.tif (deflated 4%)
  adding: mnt/lsdi/ocm11936582-613/ocm11936582/Output/ocm11936582-2_0264.tif (deflated 3%)
  adding: mnt/lsdi/ocm11936582-613/ocm11936582/Output/ocm11936582-2_0265.tif (deflated 4%)
  adding: mnt/lsdi/ocm11936582-613/ocm11936582/Output/ocm11936582-2_0266.tif (deflated 3%)
  adding: mnt/lsdi/ocm11936582-613/ocm11936582/Output/ocm11936582-2_0267.tif (deflated 4%)
  adding: mnt/lsdi/ocm11936582-613/ocm11936582/Output/ocm11936582-2_0268.tif (deflated 3%)
  adding: mnt/lsdi/ocm11936582-613/ocm11936582/Output/ocm11936582-2_0269.tif (deflated 4%)
  adding: mnt/lsdi/ocm11936582-613/ocm11936582/Output/ocm11936582-2_0270.tif (deflated 3%)
  adding: mnt/lsdi/ocm11936582-613/ocm11936582/Output/ocm11936582-2_0271.tif (deflated 4%)
  adding: mnt/lsdi/ocm11936582-613/ocm11936582/Output/ocm11936582-2_0272.tif (deflated 4%)
  adding: mnt/lsdi/ocm11936582-613/ocm11936582/Output/ocm11936582-2_0273.tif (deflated 4%)
  adding: mnt/lsdi/ocm11936582-613/ocm11936582/Output/ocm11936582-2_0274.tif (deflated 3%)
  adding: mnt/lsdi/ocm11936582-613/ocm11936582/Output/ocm11936582-2_0275.tif (deflated 4%)
  adding: mnt/lsdi/ocm11936582-613/ocm11936582/Output/ocm11936582-2_0276.tif (deflated 4%)
  adding: mnt/lsdi/ocm11936582-613/ocm11936582/Output/ocm11936582-2_0277.tif (deflated 4%)
  adding: mnt/lsdi/ocm11936582-613/ocm11936582/Output/ocm11936582-2_0278.tif (deflated 3%)
  adding: mnt/lsdi/ocm11936582-613/ocm11936582/Output/ocm11936582-2_0279.tif (deflated 4%)
  adding: mnt/lsdi/ocm11936582-613/ocm11936582/Output/ocm11936582-2_0280.tif (deflated 4%)
  adding: mnt/lsdi/ocm11936582-613/ocm11936582/Output/ocm11936582-2_0281.tif (deflated 4%)
  adding: mnt/lsdi/ocm11936582-613/ocm11936582/Output/ocm11936582-2_0282.tif (deflated 3%)
  adding: mnt/lsdi/ocm11936582-613/ocm11936582/Output/ocm11936582-2_0283.tif (deflated 4%)
  adding: mnt/lsdi/ocm11936582-613/ocm11936582/Output/ocm11936582-2_0284.tif (deflated 4%)
  adding: mnt/lsdi/ocm11936582-613/ocm11936582/Output/ocm11936582-2_0285.tif (deflated 4%)
  adding: mnt/lsdi/ocm11936582-613/ocm11936582/Output/ocm11936582-2_0286.tif (deflated 3%)
  adding: mnt/lsdi/ocm11936582-613/ocm11936582/Output/ocm11936582-2_0287.tif (deflated 4%)
  adding: mnt/lsdi/ocm11936582-613/ocm11936582/Output/ocm11936582-2_0288.tif (deflated 4%)
  adding: mnt/lsdi/ocm11936582-613/ocm11936582/Output/ocm11936582-2_0289.tif (deflated 4%)
  adding: mnt/lsdi/ocm11936582-613/ocm11936582/Output/ocm11936582-2_0290.tif (deflated 4%)
  adding: mnt/lsdi/ocm11936582-613/ocm11936582/Output/ocm11936582-2_0291.tif (deflated 4%)
  adding: mnt/lsdi/ocm11936582-613/ocm11936582/Output/ocm11936582-2_0292.tif (deflated 4%)
  adding: mnt/lsdi/ocm11936582-613/ocm11936582/Output/ocm11936582-2_0293.tif (deflated 4%)
  adding: mnt/lsdi/ocm11936582-613/ocm11936582/Output/ocm11936582-2_0294.tif (deflated 3%)
  adding: mnt/lsdi/ocm11936582-613/ocm11936582/Output/ocm11936582-2_0295.tif (deflated 4%)
  adding: mnt/lsdi/ocm11936582-613/ocm11936582/Output/ocm11936582-2_0296.tif (deflated 4%)
  adding: mnt/lsdi/ocm11936582-613/ocm11936582/Output/ocm11936582-2_0297.tif (deflated 4%)
  adding: mnt/lsdi/ocm11936582-613/ocm11936582/Output/ocm11936582-2_0298.tif (deflated 4%)
  adding: mnt/lsdi/ocm11936582-613/ocm11936582/Output/ocm11936582-2_0299.tif (deflated 4%)
  adding: mnt/lsdi/ocm11936582-613/ocm11936582/Output/ocm11936582-2_0300.tif (deflated 3%)
  adding: mnt/lsdi/ocm11936582-613/ocm11936582/Output/ocm11936582-2_0301.tif (deflated 4%)
  adding: mnt/lsdi/ocm11936582-613/ocm11936582/Output/ocm11936582-2_0302.tif (deflated 4%)
  adding: mnt/lsdi/ocm11936582-613/ocm11936582/Output/ocm11936582-2_0303.tif (deflated 4%)
  adding: mnt/lsdi/ocm11936582-613/ocm11936582/Output/ocm11936582-2_0304.tif (deflated 3%)
  adding: mnt/lsdi/ocm11936582-613/ocm11936582/Output/ocm11936582-2_0305.tif (deflated 4%)
  adding: mnt/lsdi/ocm11936582-613/ocm11936582/Output/ocm11936582-2_0306.tif (deflated 3%)
  adding: mnt/lsdi/ocm11936582-613/ocm11936582/Output/ocm11936582-2_0307.tif (deflated 4%)
  adding: mnt/lsdi/ocm11936582-613/ocm11936582/Output/ocm11936582-2_0308.tif (deflated 3%)
  adding: mnt/lsdi/ocm11936582-613/ocm11936582/Output/ocm11936582-2_0309.tif (deflated 4%)
  adding: mnt/lsdi/ocm11936582-613/ocm11936582/Output/ocm11936582-2_0310.tif (deflated 4%)
  adding: mnt/lsdi/ocm11936582-613/ocm11936582/Output/ocm11936582-2_0311.tif (deflated 3%)
  adding: mnt/lsdi/ocm11936582-613/ocm11936582/Output/ocm11936582-2_0312.tif (deflated 3%)
  adding: mnt/lsdi/ocm11936582-613/ocm11936582/Output/ocm11936582-2_0313.tif (deflated 4%)
  adding: mnt/lsdi/ocm11936582-613/ocm11936582/Output/ocm11936582-2_0314.tif (deflated 80%)
curl --location --header authorization: LOW fpJYfLnxbLmCEHqU:JQbq6NgBaPrSh98Y --upload-file /temp/ocm11936582_613_images.zip http://s3.us.archive.org/11936582.613.emory.edu/11936582_613_images.zip
  % Total    % Received % Xferd  Average Speed   Time    Time     Time  Current
                                 Dload  Upload   Total   Spent    Left  Speed
  0     0    0     0    0     0      0      0 --:--:-- --:--:-- --:--:--     0  0 8726k    0     0    0     0      0      0 --:--:--  0:00:01 --:--:--     0  2 8726k    0     0    2  240k      0   155k  0:00:56  0:00:01  0:00:55  163k  8 8726k    0     0    8  784k      0   308k  0:00:28  0:00:02  0:00:26  317k 14 8726k    0     0   14 1296k      0   366k  0:00:23  0:00:03  0:00:20  374k 21 8726k    0     0   21 1840k      0   403k  0:00:21  0:00:04  0:00:17  409k 26 8726k    0     0   26 2320k      0   418k  0:00:20  0:00:05  0:00:15  519k 32 8726k    0     0   32 2864k      0   437k  0:00:19  0:00:06  0:00:13  523k 39 8726k    0     0   39 3472k      0   458k  0:00:19  0:00:07  0:00:12  534k 46 8726k    0     0   46 4048k      0   473k  0:00:18  0:00:08  0:00:10  547k 52 8726k    0     0   52 4608k      0   483k  0:00:18  0:00:09  0:00:09  556k 58 8726k    0     0   58 5120k      0   486k  0:00:17  0:00:10  0:00:07  561k 64 8726k    0     0   64 5600k      0   484k  0:00:18  0:00:11  0:00:07  545k 68 8726k    0     0   68 6000k      0   478k  0:00:18  0:00:12  0:00:06  509k 73 8726k    0     0   73 6432k      0   474k  0:00:18  0:00:13  0:00:05  478k 79 8726k    0     0   79 6960k      0   478k  0:00:18  0:00:14  0:00:04  469k 85 8726k    0     0   85 7456k      0   479k  0:00:18  0:00:15  0:00:03  465k 91 8726k    0     0   91 8000k      0   483k  0:00:18  0:00:16  0:00:02  481k 98 8726k    0     0   98 8576k      0   488k  0:00:17  0:00:17 --:--:--  512k100 8726k    0     0  100 8726k      0   463k  0:00:18  0:00:18 --:--:--  433k100 8726k    0     0  100 8726k      0   463k  0:00:18  0:00:18 --:--:--  410k
