14372456
curl --location --header x-amz-auto-make-bucket:1 --header x-archive-ignore-preexisting-bucket:1 --header x-archive-queue-derive:0 --header x-archive-meta-mediatype:texts --header x-archive-meta03-collection:emory --header x-archive-meta01-collection:americanmethodism --header x-archive-meta-sponsor:Emory University, Pitts Theology Library --header x-archive-meta-contributor:Emory University, Pitts Theology Library --header x-archive-meta-ppi:300 --header authorization: LOW fpJYfLnxbLmCEHqU:JQbq6NgBaPrSh98Y --upload-file /mnt/lsdi/ocm14372456/ocm14372456/ocm14372456_MRC.xml http://s3.us.archive.org/14372456.emory.edu/14372456.emory.edu_marc.xml
  % Total    % Received % Xferd  Average Speed   Time    Time     Time  Current
                                 Dload  Upload   Total   Spent    Left  Speed
  0     0    0     0    0     0      0      0 --:--:-- --:--:-- --:--:--     0  0  3174    0     0    0     0      0      0 --:--:--  0:00:01 --:--:--     0100  3174    0     0  100  3174      0   2174  0:00:01  0:00:01 --:--:--  2286100  3174    0     0  100  3174      0   2173  0:00:01  0:00:01 --:--:--  2286
zip -r /temp/ocm14372456_images.zip /mnt/lsdi/ocm14372456/ocm14372456/Output/0001.tif /mnt/lsdi/ocm14372456/ocm14372456/Output/0002.tif /mnt/lsdi/ocm14372456/ocm14372456/Output/0003.tif /mnt/lsdi/ocm14372456/ocm14372456/Output/0004.tif /mnt/lsdi/ocm14372456/ocm14372456/Output/0005.tif /mnt/lsdi/ocm14372456/ocm14372456/Output/0006.tif /mnt/lsdi/ocm14372456/ocm14372456/Output/0007.tif /mnt/lsdi/ocm14372456/ocm14372456/Output/0008.tif /mnt/lsdi/ocm14372456/ocm14372456/Output/0009.tif /mnt/lsdi/ocm14372456/ocm14372456/Output/0010.tif /mnt/lsdi/ocm14372456/ocm14372456/Output/0011.tif /mnt/lsdi/ocm14372456/ocm14372456/Output/0012.tif /mnt/lsdi/ocm14372456/ocm14372456/Output/0013.tif /mnt/lsdi/ocm14372456/ocm14372456/Output/0014.tif /mnt/lsdi/ocm14372456/ocm14372456/Output/0015.tif /mnt/lsdi/ocm14372456/ocm14372456/Output/0016.tif /mnt/lsdi/ocm14372456/ocm14372456/Output/0017.tif /mnt/lsdi/ocm14372456/ocm14372456/Output/0018.tif /mnt/lsdi/ocm14372456/ocm14372456/Output/0019.tif /mnt/lsdi/ocm14372456/ocm14372456/Output/0020.tif /mnt/lsdi/ocm14372456/ocm14372456/Output/0021.tif /mnt/lsdi/ocm14372456/ocm14372456/Output/0022.tif /mnt/lsdi/ocm14372456/ocm14372456/Output/0023.tif /mnt/lsdi/ocm14372456/ocm14372456/Output/0024.tif /mnt/lsdi/ocm14372456/ocm14372456/Output/0025.tif /mnt/lsdi/ocm14372456/ocm14372456/Output/0026.tif /mnt/lsdi/ocm14372456/ocm14372456/Output/0027.tif /mnt/lsdi/ocm14372456/ocm14372456/Output/0028.tif /mnt/lsdi/ocm14372456/ocm14372456/Output/0029.tif /mnt/lsdi/ocm14372456/ocm14372456/Output/0030.tif /mnt/lsdi/ocm14372456/ocm14372456/Output/0031.tif /mnt/lsdi/ocm14372456/ocm14372456/Output/0032.tif
  adding: mnt/lsdi/ocm14372456/ocm14372456/Output/0001.tif (deflated 76%)
  adding: mnt/lsdi/ocm14372456/ocm14372456/Output/0002.tif (deflated 8%)
  adding: mnt/lsdi/ocm14372456/ocm14372456/Output/0003.tif (deflated 76%)
  adding: mnt/lsdi/ocm14372456/ocm14372456/Output/0004.tif (deflated 53%)
  adding: mnt/lsdi/ocm14372456/ocm14372456/Output/0005.tif (deflated 76%)
  adding: mnt/lsdi/ocm14372456/ocm14372456/Output/0006.tif (deflated 4%)
  adding: mnt/lsdi/ocm14372456/ocm14372456/Output/0007.tif (deflated 76%)
  adding: mnt/lsdi/ocm14372456/ocm14372456/Output/0008.tif (deflated 3%)
  adding: mnt/lsdi/ocm14372456/ocm14372456/Output/0009.tif (deflated 3%)
  adding: mnt/lsdi/ocm14372456/ocm14372456/Output/0010.tif (deflated 3%)
  adding: mnt/lsdi/ocm14372456/ocm14372456/Output/0011.tif (deflated 3%)
  adding: mnt/lsdi/ocm14372456/ocm14372456/Output/0012.tif (deflated 44%)
  adding: mnt/lsdi/ocm14372456/ocm14372456/Output/0013.tif (deflated 76%)
  adding: mnt/lsdi/ocm14372456/ocm14372456/Output/0014.tif (deflated 3%)
  adding: mnt/lsdi/ocm14372456/ocm14372456/Output/0015.tif (deflated 11%)
  adding: mnt/lsdi/ocm14372456/ocm14372456/Output/0016.tif (deflated 3%)
  adding: mnt/lsdi/ocm14372456/ocm14372456/Output/0017.tif (deflated 3%)
  adding: mnt/lsdi/ocm14372456/ocm14372456/Output/0018.tif (deflated 47%)
  adding: mnt/lsdi/ocm14372456/ocm14372456/Output/0019.tif (deflated 76%)
  adding: mnt/lsdi/ocm14372456/ocm14372456/Output/0020.tif (deflated 3%)
  adding: mnt/lsdi/ocm14372456/ocm14372456/Output/0021.tif (deflated 3%)
  adding: mnt/lsdi/ocm14372456/ocm14372456/Output/0022.tif (deflated 3%)
  adding: mnt/lsdi/ocm14372456/ocm14372456/Output/0023.tif (deflated 3%)
  adding: mnt/lsdi/ocm14372456/ocm14372456/Output/0024.tif (deflated 47%)
  adding: mnt/lsdi/ocm14372456/ocm14372456/Output/0025.tif (deflated 76%)
  adding: mnt/lsdi/ocm14372456/ocm14372456/Output/0026.tif (deflated 4%)
  adding: mnt/lsdi/ocm14372456/ocm14372456/Output/0027.tif (deflated 3%)
  adding: mnt/lsdi/ocm14372456/ocm14372456/Output/0028.tif (deflated 3%)
  adding: mnt/lsdi/ocm14372456/ocm14372456/Output/0029.tif (deflated 76%)
  adding: mnt/lsdi/ocm14372456/ocm14372456/Output/0030.tif (deflated 50%)
  adding: mnt/lsdi/ocm14372456/ocm14372456/Output/0031.tif (deflated 76%)
  adding: mnt/lsdi/ocm14372456/ocm14372456/Output/0032.tif (deflated 76%)
curl --location --header authorization: LOW fpJYfLnxbLmCEHqU:JQbq6NgBaPrSh98Y --upload-file /temp/ocm14372456_images.zip http://s3.us.archive.org/14372456.emory.edu/14372456_images.zip
  % Total    % Received % Xferd  Average Speed   Time    Time     Time  Current
                                 Dload  Upload   Total   Spent    Left  Speed
  0     0    0     0    0     0      0      0 --:--:-- --:--:-- --:--:--     0  0 4655k    0     0    0     0      0      0 --:--:-- --:--:-- --:--:--     0  4 4655k    0     0    4  224k      0   178k  0:00:26  0:00:01  0:00:25  189k 21 4655k    0     0   21  992k      0   430k  0:00:10  0:00:02  0:00:08  444k 37 4655k    0     0   37 1728k      0   530k  0:00:08  0:00:03  0:00:05  542k 53 4655k    0     0   53 2480k      0   578k  0:00:08  0:00:04  0:00:04  588k 67 4655k    0     0   67 3152k      0   600k  0:00:07  0:00:05  0:00:02  726k 83 4655k    0     0   83 3904k      0   623k  0:00:07  0:00:06  0:00:01  735k100 4655k    0     0  100 4655k      0   639k  0:00:07  0:00:07 --:--:--  736k100 4655k    0     0  100 4655k      0   565k  0:00:08  0:00:08 --:--:--  588k
