18133761
curl --location --header x-amz-auto-make-bucket:1 --header x-archive-ignore-preexisting-bucket:1 --header x-archive-queue-derive:0 --header x-archive-meta-mediatype:texts --header x-archive-meta03-collection:emory --header x-archive-meta01-collection:americanmethodism --header x-archive-meta-sponsor:Emory University, Pitts Theology Library --header x-archive-meta-contributor:Emory University, Pitts Theology Library --header x-archive-meta-ppi:300 --header authorization: LOW fpJYfLnxbLmCEHqU:JQbq6NgBaPrSh98Y --upload-file /mnt/lsdi/ocm18133761/ocm18133761/ocm18133761_MRC.xml http://s3.us.archive.org/18133761.emory.edu/18133761.emory.edu_marc.xml
  % Total    % Received % Xferd  Average Speed   Time    Time     Time  Current
                                 Dload  Upload   Total   Spent    Left  Speed
  0     0    0     0    0     0      0      0 --:--:-- --:--:-- --:--:--     0100  2891    0     0  100  2891      0   1849  0:00:01  0:00:01 --:--:--  1940100  2891    0     0  100  2891      0   1849  0:00:01  0:00:01 --:--:--  1940
zip -r /temp/ocm18133761_images.zip /mnt/lsdi/ocm18133761/ocm18133761/Output/000000.tif /mnt/lsdi/ocm18133761/ocm18133761/Output/000001.tif /mnt/lsdi/ocm18133761/ocm18133761/Output/000002.tif /mnt/lsdi/ocm18133761/ocm18133761/Output/000003.tif /mnt/lsdi/ocm18133761/ocm18133761/Output/000004.tif /mnt/lsdi/ocm18133761/ocm18133761/Output/000005.tif /mnt/lsdi/ocm18133761/ocm18133761/Output/000006.tif /mnt/lsdi/ocm18133761/ocm18133761/Output/000007.tif /mnt/lsdi/ocm18133761/ocm18133761/Output/000008.tif /mnt/lsdi/ocm18133761/ocm18133761/Output/000009.tif /mnt/lsdi/ocm18133761/ocm18133761/Output/000010.tif /mnt/lsdi/ocm18133761/ocm18133761/Output/000011.tif /mnt/lsdi/ocm18133761/ocm18133761/Output/000012.tif /mnt/lsdi/ocm18133761/ocm18133761/Output/000013.tif /mnt/lsdi/ocm18133761/ocm18133761/Output/000014.tif /mnt/lsdi/ocm18133761/ocm18133761/Output/000015.tif /mnt/lsdi/ocm18133761/ocm18133761/Output/000016.tif /mnt/lsdi/ocm18133761/ocm18133761/Output/000017.tif /mnt/lsdi/ocm18133761/ocm18133761/Output/000018.tif /mnt/lsdi/ocm18133761/ocm18133761/Output/000019.tif /mnt/lsdi/ocm18133761/ocm18133761/Output/000020.tif /mnt/lsdi/ocm18133761/ocm18133761/Output/000021.tif /mnt/lsdi/ocm18133761/ocm18133761/Output/000022.tif /mnt/lsdi/ocm18133761/ocm18133761/Output/000023.tif /mnt/lsdi/ocm18133761/ocm18133761/Output/000024.tif /mnt/lsdi/ocm18133761/ocm18133761/Output/000025.tif /mnt/lsdi/ocm18133761/ocm18133761/Output/000026.tif /mnt/lsdi/ocm18133761/ocm18133761/Output/000027.tif /mnt/lsdi/ocm18133761/ocm18133761/Output/000028.tif /mnt/lsdi/ocm18133761/ocm18133761/Output/000029.tif /mnt/lsdi/ocm18133761/ocm18133761/Output/000030.tif /mnt/lsdi/ocm18133761/ocm18133761/Output/000031.tif /mnt/lsdi/ocm18133761/ocm18133761/Output/000032.tif /mnt/lsdi/ocm18133761/ocm18133761/Output/000033.tif /mnt/lsdi/ocm18133761/ocm18133761/Output/000034.tif /mnt/lsdi/ocm18133761/ocm18133761/Output/000035.tif /mnt/lsdi/ocm18133761/ocm18133761/Output/000036.tif /mnt/lsdi/ocm18133761/ocm18133761/Output/000037.tif /mnt/lsdi/ocm18133761/ocm18133761/Output/000038.tif /mnt/lsdi/ocm18133761/ocm18133761/Output/000039.tif /mnt/lsdi/ocm18133761/ocm18133761/Output/000040.tif /mnt/lsdi/ocm18133761/ocm18133761/Output/000041.tif /mnt/lsdi/ocm18133761/ocm18133761/Output/000042.tif /mnt/lsdi/ocm18133761/ocm18133761/Output/000043.tif /mnt/lsdi/ocm18133761/ocm18133761/Output/000044.tif /mnt/lsdi/ocm18133761/ocm18133761/Output/000045.tif /mnt/lsdi/ocm18133761/ocm18133761/Output/000046.tif /mnt/lsdi/ocm18133761/ocm18133761/Output/000047.tif /mnt/lsdi/ocm18133761/ocm18133761/Output/000048.tif /mnt/lsdi/ocm18133761/ocm18133761/Output/000049.tif /mnt/lsdi/ocm18133761/ocm18133761/Output/000050.tif /mnt/lsdi/ocm18133761/ocm18133761/Output/000051.tif /mnt/lsdi/ocm18133761/ocm18133761/Output/000052.tif /mnt/lsdi/ocm18133761/ocm18133761/Output/000053.tif /mnt/lsdi/ocm18133761/ocm18133761/Output/000054.tif /mnt/lsdi/ocm18133761/ocm18133761/Output/000055.tif /mnt/lsdi/ocm18133761/ocm18133761/Output/000056.tif /mnt/lsdi/ocm18133761/ocm18133761/Output/000057.tif /mnt/lsdi/ocm18133761/ocm18133761/Output/000058.tif /mnt/lsdi/ocm18133761/ocm18133761/Output/000059.tif /mnt/lsdi/ocm18133761/ocm18133761/Output/000060.tif /mnt/lsdi/ocm18133761/ocm18133761/Output/000061.tif /mnt/lsdi/ocm18133761/ocm18133761/Output/000062.tif /mnt/lsdi/ocm18133761/ocm18133761/Output/000063.tif /mnt/lsdi/ocm18133761/ocm18133761/Output/000064.tif /mnt/lsdi/ocm18133761/ocm18133761/Output/000065.tif /mnt/lsdi/ocm18133761/ocm18133761/Output/000066.tif /mnt/lsdi/ocm18133761/ocm18133761/Output/000067.tif /mnt/lsdi/ocm18133761/ocm18133761/Output/000068.tif /mnt/lsdi/ocm18133761/ocm18133761/Output/000069.tif /mnt/lsdi/ocm18133761/ocm18133761/Output/000070.tif /mnt/lsdi/ocm18133761/ocm18133761/Output/000071.tif /mnt/lsdi/ocm18133761/ocm18133761/Output/000072.tif /mnt/lsdi/ocm18133761/ocm18133761/Output/000073.tif /mnt/lsdi/ocm18133761/ocm18133761/Output/000074.tif /mnt/lsdi/ocm18133761/ocm18133761/Output/000075.tif /mnt/lsdi/ocm18133761/ocm18133761/Output/000076.tif /mnt/lsdi/ocm18133761/ocm18133761/Output/000077.tif /mnt/lsdi/ocm18133761/ocm18133761/Output/000078.tif /mnt/lsdi/ocm18133761/ocm18133761/Output/000079.tif /mnt/lsdi/ocm18133761/ocm18133761/Output/000080.tif /mnt/lsdi/ocm18133761/ocm18133761/Output/000081.tif /mnt/lsdi/ocm18133761/ocm18133761/Output/000082.tif /mnt/lsdi/ocm18133761/ocm18133761/Output/000083.tif /mnt/lsdi/ocm18133761/ocm18133761/Output/000084.tif /mnt/lsdi/ocm18133761/ocm18133761/Output/000085.tif /mnt/lsdi/ocm18133761/ocm18133761/Output/000086.tif /mnt/lsdi/ocm18133761/ocm18133761/Output/000087.tif /mnt/lsdi/ocm18133761/ocm18133761/Output/000088.tif /mnt/lsdi/ocm18133761/ocm18133761/Output/000089.tif /mnt/lsdi/ocm18133761/ocm18133761/Output/000090.tif /mnt/lsdi/ocm18133761/ocm18133761/Output/000091.tif /mnt/lsdi/ocm18133761/ocm18133761/Output/000092.tif /mnt/lsdi/ocm18133761/ocm18133761/Output/000093.tif /mnt/lsdi/ocm18133761/ocm18133761/Output/000094.tif /mnt/lsdi/ocm18133761/ocm18133761/Output/000095.tif /mnt/lsdi/ocm18133761/ocm18133761/Output/000096.tif /mnt/lsdi/ocm18133761/ocm18133761/Output/000097.tif /mnt/lsdi/ocm18133761/ocm18133761/Output/000098.tif /mnt/lsdi/ocm18133761/ocm18133761/Output/000099.tif /mnt/lsdi/ocm18133761/ocm18133761/Output/000100.tif /mnt/lsdi/ocm18133761/ocm18133761/Output/000101.tif /mnt/lsdi/ocm18133761/ocm18133761/Output/000102.tif /mnt/lsdi/ocm18133761/ocm18133761/Output/000103.tif /mnt/lsdi/ocm18133761/ocm18133761/Output/000104.tif /mnt/lsdi/ocm18133761/ocm18133761/Output/000105.tif /mnt/lsdi/ocm18133761/ocm18133761/Output/000106.tif /mnt/lsdi/ocm18133761/ocm18133761/Output/000107.tif /mnt/lsdi/ocm18133761/ocm18133761/Output/000108.tif /mnt/lsdi/ocm18133761/ocm18133761/Output/000109.tif /mnt/lsdi/ocm18133761/ocm18133761/Output/000110.tif /mnt/lsdi/ocm18133761/ocm18133761/Output/000111.tif /mnt/lsdi/ocm18133761/ocm18133761/Output/000112.tif /mnt/lsdi/ocm18133761/ocm18133761/Output/000113.tif /mnt/lsdi/ocm18133761/ocm18133761/Output/000114.tif /mnt/lsdi/ocm18133761/ocm18133761/Output/000115.tif /mnt/lsdi/ocm18133761/ocm18133761/Output/000116.tif /mnt/lsdi/ocm18133761/ocm18133761/Output/000117.tif /mnt/lsdi/ocm18133761/ocm18133761/Output/000118.tif /mnt/lsdi/ocm18133761/ocm18133761/Output/000119.tif /mnt/lsdi/ocm18133761/ocm18133761/Output/000120.tif /mnt/lsdi/ocm18133761/ocm18133761/Output/000121.tif /mnt/lsdi/ocm18133761/ocm18133761/Output/000122.tif /mnt/lsdi/ocm18133761/ocm18133761/Output/000123.tif /mnt/lsdi/ocm18133761/ocm18133761/Output/000124.tif /mnt/lsdi/ocm18133761/ocm18133761/Output/000125.tif /mnt/lsdi/ocm18133761/ocm18133761/Output/000126.tif /mnt/lsdi/ocm18133761/ocm18133761/Output/000127.tif /mnt/lsdi/ocm18133761/ocm18133761/Output/000128.tif /mnt/lsdi/ocm18133761/ocm18133761/Output/000129.tif /mnt/lsdi/ocm18133761/ocm18133761/Output/000130.tif /mnt/lsdi/ocm18133761/ocm18133761/Output/000131.tif /mnt/lsdi/ocm18133761/ocm18133761/Output/000132.tif /mnt/lsdi/ocm18133761/ocm18133761/Output/000133.tif /mnt/lsdi/ocm18133761/ocm18133761/Output/000134.tif /mnt/lsdi/ocm18133761/ocm18133761/Output/000135.tif /mnt/lsdi/ocm18133761/ocm18133761/Output/000136.tif /mnt/lsdi/ocm18133761/ocm18133761/Output/000137.tif /mnt/lsdi/ocm18133761/ocm18133761/Output/000138.tif /mnt/lsdi/ocm18133761/ocm18133761/Output/000139.tif /mnt/lsdi/ocm18133761/ocm18133761/Output/000140.tif /mnt/lsdi/ocm18133761/ocm18133761/Output/000141.tif /mnt/lsdi/ocm18133761/ocm18133761/Output/000142.tif /mnt/lsdi/ocm18133761/ocm18133761/Output/000143.tif /mnt/lsdi/ocm18133761/ocm18133761/Output/000144.tif /mnt/lsdi/ocm18133761/ocm18133761/Output/000145.tif /mnt/lsdi/ocm18133761/ocm18133761/Output/000146.tif /mnt/lsdi/ocm18133761/ocm18133761/Output/000147.tif /mnt/lsdi/ocm18133761/ocm18133761/Output/000148.tif /mnt/lsdi/ocm18133761/ocm18133761/Output/000149.tif /mnt/lsdi/ocm18133761/ocm18133761/Output/000150.tif /mnt/lsdi/ocm18133761/ocm18133761/Output/000151.tif /mnt/lsdi/ocm18133761/ocm18133761/Output/000152.tif /mnt/lsdi/ocm18133761/ocm18133761/Output/000153.tif /mnt/lsdi/ocm18133761/ocm18133761/Output/000154.tif /mnt/lsdi/ocm18133761/ocm18133761/Output/000155.tif /mnt/lsdi/ocm18133761/ocm18133761/Output/000156.tif /mnt/lsdi/ocm18133761/ocm18133761/Output/000157.tif /mnt/lsdi/ocm18133761/ocm18133761/Output/000158.tif /mnt/lsdi/ocm18133761/ocm18133761/Output/000159.tif /mnt/lsdi/ocm18133761/ocm18133761/Output/000160.tif /mnt/lsdi/ocm18133761/ocm18133761/Output/000161.tif /mnt/lsdi/ocm18133761/ocm18133761/Output/000162.tif /mnt/lsdi/ocm18133761/ocm18133761/Output/000163.tif /mnt/lsdi/ocm18133761/ocm18133761/Output/000164.tif /mnt/lsdi/ocm18133761/ocm18133761/Output/000165.tif /mnt/lsdi/ocm18133761/ocm18133761/Output/000166.tif /mnt/lsdi/ocm18133761/ocm18133761/Output/000167.tif /mnt/lsdi/ocm18133761/ocm18133761/Output/000168.tif /mnt/lsdi/ocm18133761/ocm18133761/Output/000169.tif /mnt/lsdi/ocm18133761/ocm18133761/Output/000170.tif /mnt/lsdi/ocm18133761/ocm18133761/Output/000171.tif /mnt/lsdi/ocm18133761/ocm18133761/Output/000172.tif /mnt/lsdi/ocm18133761/ocm18133761/Output/000173.tif /mnt/lsdi/ocm18133761/ocm18133761/Output/000174.tif /mnt/lsdi/ocm18133761/ocm18133761/Output/000175.tif /mnt/lsdi/ocm18133761/ocm18133761/Output/000176.tif /mnt/lsdi/ocm18133761/ocm18133761/Output/000177.tif /mnt/lsdi/ocm18133761/ocm18133761/Output/000178.tif /mnt/lsdi/ocm18133761/ocm18133761/Output/000179.tif
  adding: mnt/lsdi/ocm18133761/ocm18133761/Output/000000.tif (deflated 82%)
  adding: mnt/lsdi/ocm18133761/ocm18133761/Output/000001.tif (deflated 82%)
  adding: mnt/lsdi/ocm18133761/ocm18133761/Output/000002.tif (deflated 76%)
  adding: mnt/lsdi/ocm18133761/ocm18133761/Output/000003.tif (deflated 7%)
  adding: mnt/lsdi/ocm18133761/ocm18133761/Output/000004.tif (deflated 23%)
  adding: mnt/lsdi/ocm18133761/ocm18133761/Output/000005.tif (deflated 4%)
  adding: mnt/lsdi/ocm18133761/ocm18133761/Output/000006.tif (deflated 82%)
  adding: mnt/lsdi/ocm18133761/ocm18133761/Output/000007.tif (deflated 5%)
  adding: mnt/lsdi/ocm18133761/ocm18133761/Output/000008.tif (deflated 4%)
  adding: mnt/lsdi/ocm18133761/ocm18133761/Output/000009.tif (deflated 5%)
  adding: mnt/lsdi/ocm18133761/ocm18133761/Output/000010.tif (deflated 82%)
  adding: mnt/lsdi/ocm18133761/ocm18133761/Output/000011.tif (deflated 4%)
  adding: mnt/lsdi/ocm18133761/ocm18133761/Output/000012.tif (deflated 3%)
  adding: mnt/lsdi/ocm18133761/ocm18133761/Output/000013.tif (deflated 4%)
  adding: mnt/lsdi/ocm18133761/ocm18133761/Output/000014.tif (deflated 4%)
  adding: mnt/lsdi/ocm18133761/ocm18133761/Output/000015.tif (deflated 4%)
  adding: mnt/lsdi/ocm18133761/ocm18133761/Output/000016.tif (deflated 3%)
  adding: mnt/lsdi/ocm18133761/ocm18133761/Output/000017.tif (deflated 4%)
  adding: mnt/lsdi/ocm18133761/ocm18133761/Output/000018.tif (deflated 6%)
  adding: mnt/lsdi/ocm18133761/ocm18133761/Output/000019.tif (deflated 4%)
  adding: mnt/lsdi/ocm18133761/ocm18133761/Output/000020.tif (deflated 3%)
  adding: mnt/lsdi/ocm18133761/ocm18133761/Output/000021.tif (deflated 3%)
  adding: mnt/lsdi/ocm18133761/ocm18133761/Output/000022.tif (deflated 3%)
  adding: mnt/lsdi/ocm18133761/ocm18133761/Output/000023.tif (deflated 4%)
  adding: mnt/lsdi/ocm18133761/ocm18133761/Output/000024.tif (deflated 4%)
  adding: mnt/lsdi/ocm18133761/ocm18133761/Output/000025.tif (deflated 4%)
  adding: mnt/lsdi/ocm18133761/ocm18133761/Output/000026.tif (deflated 4%)
  adding: mnt/lsdi/ocm18133761/ocm18133761/Output/000027.tif (deflated 3%)
  adding: mnt/lsdi/ocm18133761/ocm18133761/Output/000028.tif (deflated 3%)
  adding: mnt/lsdi/ocm18133761/ocm18133761/Output/000029.tif (deflated 4%)
  adding: mnt/lsdi/ocm18133761/ocm18133761/Output/000030.tif (deflated 4%)
  adding: mnt/lsdi/ocm18133761/ocm18133761/Output/000031.tif (deflated 4%)
  adding: mnt/lsdi/ocm18133761/ocm18133761/Output/000032.tif (deflated 4%)
  adding: mnt/lsdi/ocm18133761/ocm18133761/Output/000033.tif (deflated 4%)
  adding: mnt/lsdi/ocm18133761/ocm18133761/Output/000034.tif (deflated 4%)
  adding: mnt/lsdi/ocm18133761/ocm18133761/Output/000035.tif (deflated 4%)
  adding: mnt/lsdi/ocm18133761/ocm18133761/Output/000036.tif (deflated 3%)
  adding: mnt/lsdi/ocm18133761/ocm18133761/Output/000037.tif (deflated 4%)
  adding: mnt/lsdi/ocm18133761/ocm18133761/Output/000038.tif (deflated 3%)
  adding: mnt/lsdi/ocm18133761/ocm18133761/Output/000039.tif (deflated 4%)
  adding: mnt/lsdi/ocm18133761/ocm18133761/Output/000040.tif (deflated 4%)
  adding: mnt/lsdi/ocm18133761/ocm18133761/Output/000041.tif (deflated 5%)
  adding: mnt/lsdi/ocm18133761/ocm18133761/Output/000042.tif (deflated 3%)
  adding: mnt/lsdi/ocm18133761/ocm18133761/Output/000043.tif (deflated 4%)
  adding: mnt/lsdi/ocm18133761/ocm18133761/Output/000044.tif (deflated 3%)
  adding: mnt/lsdi/ocm18133761/ocm18133761/Output/000045.tif (deflated 4%)
  adding: mnt/lsdi/ocm18133761/ocm18133761/Output/000046.tif (deflated 4%)
  adding: mnt/lsdi/ocm18133761/ocm18133761/Output/000047.tif (deflated 4%)
  adding: mnt/lsdi/ocm18133761/ocm18133761/Output/000048.tif (deflated 5%)
  adding: mnt/lsdi/ocm18133761/ocm18133761/Output/000049.tif (deflated 5%)
  adding: mnt/lsdi/ocm18133761/ocm18133761/Output/000050.tif (deflated 3%)
  adding: mnt/lsdi/ocm18133761/ocm18133761/Output/000051.tif (deflated 4%)
  adding: mnt/lsdi/ocm18133761/ocm18133761/Output/000052.tif (deflated 3%)
  adding: mnt/lsdi/ocm18133761/ocm18133761/Output/000053.tif (deflated 4%)
  adding: mnt/lsdi/ocm18133761/ocm18133761/Output/000054.tif (deflated 3%)
  adding: mnt/lsdi/ocm18133761/ocm18133761/Output/000055.tif (deflated 4%)
  adding: mnt/lsdi/ocm18133761/ocm18133761/Output/000056.tif (deflated 4%)
  adding: mnt/lsdi/ocm18133761/ocm18133761/Output/000057.tif (deflated 4%)
  adding: mnt/lsdi/ocm18133761/ocm18133761/Output/000058.tif (deflated 4%)
  adding: mnt/lsdi/ocm18133761/ocm18133761/Output/000059.tif (deflated 4%)
  adding: mnt/lsdi/ocm18133761/ocm18133761/Output/000060.tif (deflated 4%)
  adding: mnt/lsdi/ocm18133761/ocm18133761/Output/000061.tif (deflated 4%)
  adding: mnt/lsdi/ocm18133761/ocm18133761/Output/000062.tif (deflated 4%)
  adding: mnt/lsdi/ocm18133761/ocm18133761/Output/000063.tif (deflated 4%)
  adding: mnt/lsdi/ocm18133761/ocm18133761/Output/000064.tif (deflated 4%)
  adding: mnt/lsdi/ocm18133761/ocm18133761/Output/000065.tif (deflated 5%)
  adding: mnt/lsdi/ocm18133761/ocm18133761/Output/000066.tif (deflated 6%)
  adding: mnt/lsdi/ocm18133761/ocm18133761/Output/000067.tif (deflated 4%)
  adding: mnt/lsdi/ocm18133761/ocm18133761/Output/000068.tif (deflated 3%)
  adding: mnt/lsdi/ocm18133761/ocm18133761/Output/000069.tif (deflated 4%)
  adding: mnt/lsdi/ocm18133761/ocm18133761/Output/000070.tif (deflated 4%)
  adding: mnt/lsdi/ocm18133761/ocm18133761/Output/000071.tif (deflated 4%)
  adding: mnt/lsdi/ocm18133761/ocm18133761/Output/000072.tif (deflated 3%)
  adding: mnt/lsdi/ocm18133761/ocm18133761/Output/000073.tif (deflated 3%)
  adding: mnt/lsdi/ocm18133761/ocm18133761/Output/000074.tif (deflated 4%)
  adding: mnt/lsdi/ocm18133761/ocm18133761/Output/000075.tif (deflated 3%)
  adding: mnt/lsdi/ocm18133761/ocm18133761/Output/000076.tif (deflated 4%)
  adding: mnt/lsdi/ocm18133761/ocm18133761/Output/000077.tif (deflated 4%)
  adding: mnt/lsdi/ocm18133761/ocm18133761/Output/000078.tif (deflated 3%)
  adding: mnt/lsdi/ocm18133761/ocm18133761/Output/000079.tif (deflated 4%)
  adding: mnt/lsdi/ocm18133761/ocm18133761/Output/000080.tif (deflated 4%)
  adding: mnt/lsdi/ocm18133761/ocm18133761/Output/000081.tif (deflated 4%)
  adding: mnt/lsdi/ocm18133761/ocm18133761/Output/000082.tif (deflated 3%)
  adding: mnt/lsdi/ocm18133761/ocm18133761/Output/000083.tif (deflated 4%)
  adding: mnt/lsdi/ocm18133761/ocm18133761/Output/000084.tif (deflated 5%)
  adding: mnt/lsdi/ocm18133761/ocm18133761/Output/000085.tif (deflated 4%)
  adding: mnt/lsdi/ocm18133761/ocm18133761/Output/000086.tif (deflated 3%)
  adding: mnt/lsdi/ocm18133761/ocm18133761/Output/000087.tif (deflated 4%)
  adding: mnt/lsdi/ocm18133761/ocm18133761/Output/000088.tif (deflated 4%)
  adding: mnt/lsdi/ocm18133761/ocm18133761/Output/000089.tif (deflated 4%)
  adding: mnt/lsdi/ocm18133761/ocm18133761/Output/000090.tif (deflated 3%)
  adding: mnt/lsdi/ocm18133761/ocm18133761/Output/000091.tif (deflated 3%)
  adding: mnt/lsdi/ocm18133761/ocm18133761/Output/000092.tif (deflated 3%)
  adding: mnt/lsdi/ocm18133761/ocm18133761/Output/000093.tif (deflated 4%)
  adding: mnt/lsdi/ocm18133761/ocm18133761/Output/000094.tif (deflated 4%)
  adding: mnt/lsdi/ocm18133761/ocm18133761/Output/000095.tif (deflated 4%)
  adding: mnt/lsdi/ocm18133761/ocm18133761/Output/000096.tif (deflated 4%)
  adding: mnt/lsdi/ocm18133761/ocm18133761/Output/000097.tif (deflated 4%)
  adding: mnt/lsdi/ocm18133761/ocm18133761/Output/000098.tif (deflated 3%)
  adding: mnt/lsdi/ocm18133761/ocm18133761/Output/000099.tif (deflated 4%)
  adding: mnt/lsdi/ocm18133761/ocm18133761/Output/000100.tif (deflated 3%)
  adding: mnt/lsdi/ocm18133761/ocm18133761/Output/000101.tif (deflated 4%)
  adding: mnt/lsdi/ocm18133761/ocm18133761/Output/000102.tif (deflated 3%)
  adding: mnt/lsdi/ocm18133761/ocm18133761/Output/000103.tif (deflated 4%)
  adding: mnt/lsdi/ocm18133761/ocm18133761/Output/000104.tif (deflated 4%)
  adding: mnt/lsdi/ocm18133761/ocm18133761/Output/000105.tif (deflated 4%)
  adding: mnt/lsdi/ocm18133761/ocm18133761/Output/000106.tif (deflated 3%)
  adding: mnt/lsdi/ocm18133761/ocm18133761/Output/000107.tif (deflated 4%)
  adding: mnt/lsdi/ocm18133761/ocm18133761/Output/000108.tif (deflated 3%)
  adding: mnt/lsdi/ocm18133761/ocm18133761/Output/000109.tif (deflated 4%)
  adding: mnt/lsdi/ocm18133761/ocm18133761/Output/000110.tif (deflated 4%)
  adding: mnt/lsdi/ocm18133761/ocm18133761/Output/000111.tif (deflated 4%)
  adding: mnt/lsdi/ocm18133761/ocm18133761/Output/000112.tif (deflated 4%)
  adding: mnt/lsdi/ocm18133761/ocm18133761/Output/000113.tif (deflated 4%)
  adding: mnt/lsdi/ocm18133761/ocm18133761/Output/000114.tif (deflated 3%)
  adding: mnt/lsdi/ocm18133761/ocm18133761/Output/000115.tif (deflated 4%)
  adding: mnt/lsdi/ocm18133761/ocm18133761/Output/000116.tif (deflated 4%)
  adding: mnt/lsdi/ocm18133761/ocm18133761/Output/000117.tif (deflated 4%)
  adding: mnt/lsdi/ocm18133761/ocm18133761/Output/000118.tif (deflated 4%)
  adding: mnt/lsdi/ocm18133761/ocm18133761/Output/000119.tif (deflated 4%)
  adding: mnt/lsdi/ocm18133761/ocm18133761/Output/000120.tif (deflated 4%)
  adding: mnt/lsdi/ocm18133761/ocm18133761/Output/000121.tif (deflated 4%)
  adding: mnt/lsdi/ocm18133761/ocm18133761/Output/000122.tif (deflated 3%)
  adding: mnt/lsdi/ocm18133761/ocm18133761/Output/000123.tif (deflated 4%)
  adding: mnt/lsdi/ocm18133761/ocm18133761/Output/000124.tif (deflated 4%)
  adding: mnt/lsdi/ocm18133761/ocm18133761/Output/000125.tif (deflated 4%)
  adding: mnt/lsdi/ocm18133761/ocm18133761/Output/000126.tif (deflated 7%)
  adding: mnt/lsdi/ocm18133761/ocm18133761/Output/000127.tif (deflated 4%)
  adding: mnt/lsdi/ocm18133761/ocm18133761/Output/000128.tif (deflated 3%)
  adding: mnt/lsdi/ocm18133761/ocm18133761/Output/000129.tif (deflated 4%)
  adding: mnt/lsdi/ocm18133761/ocm18133761/Output/000130.tif (deflated 4%)
  adding: mnt/lsdi/ocm18133761/ocm18133761/Output/000131.tif (deflated 4%)
  adding: mnt/lsdi/ocm18133761/ocm18133761/Output/000132.tif (deflated 4%)
  adding: mnt/lsdi/ocm18133761/ocm18133761/Output/000133.tif (deflated 4%)
  adding: mnt/lsdi/ocm18133761/ocm18133761/Output/000134.tif (deflated 4%)
  adding: mnt/lsdi/ocm18133761/ocm18133761/Output/000135.tif (deflated 4%)
  adding: mnt/lsdi/ocm18133761/ocm18133761/Output/000136.tif (deflated 4%)
  adding: mnt/lsdi/ocm18133761/ocm18133761/Output/000137.tif (deflated 4%)
  adding: mnt/lsdi/ocm18133761/ocm18133761/Output/000138.tif (deflated 4%)
  adding: mnt/lsdi/ocm18133761/ocm18133761/Output/000139.tif (deflated 4%)
  adding: mnt/lsdi/ocm18133761/ocm18133761/Output/000140.tif (deflated 3%)
  adding: mnt/lsdi/ocm18133761/ocm18133761/Output/000141.tif (deflated 4%)
  adding: mnt/lsdi/ocm18133761/ocm18133761/Output/000142.tif (deflated 3%)
  adding: mnt/lsdi/ocm18133761/ocm18133761/Output/000143.tif (deflated 4%)
  adding: mnt/lsdi/ocm18133761/ocm18133761/Output/000144.tif (deflated 3%)
  adding: mnt/lsdi/ocm18133761/ocm18133761/Output/000145.tif (deflated 4%)
  adding: mnt/lsdi/ocm18133761/ocm18133761/Output/000146.tif (deflated 4%)
  adding: mnt/lsdi/ocm18133761/ocm18133761/Output/000147.tif (deflated 4%)
  adding: mnt/lsdi/ocm18133761/ocm18133761/Output/000148.tif (deflated 3%)
  adding: mnt/lsdi/ocm18133761/ocm18133761/Output/000149.tif (deflated 4%)
  adding: mnt/lsdi/ocm18133761/ocm18133761/Output/000150.tif (deflated 3%)
  adding: mnt/lsdi/ocm18133761/ocm18133761/Output/000151.tif (deflated 3%)
  adding: mnt/lsdi/ocm18133761/ocm18133761/Output/000152.tif (deflated 3%)
  adding: mnt/lsdi/ocm18133761/ocm18133761/Output/000153.tif (deflated 4%)
  adding: mnt/lsdi/ocm18133761/ocm18133761/Output/000154.tif (deflated 3%)
  adding: mnt/lsdi/ocm18133761/ocm18133761/Output/000155.tif (deflated 4%)
  adding: mnt/lsdi/ocm18133761/ocm18133761/Output/000156.tif (deflated 3%)
  adding: mnt/lsdi/ocm18133761/ocm18133761/Output/000157.tif (deflated 4%)
  adding: mnt/lsdi/ocm18133761/ocm18133761/Output/000158.tif (deflated 3%)
  adding: mnt/lsdi/ocm18133761/ocm18133761/Output/000159.tif (deflated 4%)
  adding: mnt/lsdi/ocm18133761/ocm18133761/Output/000160.tif (deflated 3%)
  adding: mnt/lsdi/ocm18133761/ocm18133761/Output/000161.tif (deflated 4%)
  adding: mnt/lsdi/ocm18133761/ocm18133761/Output/000162.tif (deflated 8%)
  adding: mnt/lsdi/ocm18133761/ocm18133761/Output/000163.tif (deflated 4%)
  adding: mnt/lsdi/ocm18133761/ocm18133761/Output/000164.tif (deflated 3%)
  adding: mnt/lsdi/ocm18133761/ocm18133761/Output/000165.tif (deflated 4%)
  adding: mnt/lsdi/ocm18133761/ocm18133761/Output/000166.tif (deflated 4%)
  adding: mnt/lsdi/ocm18133761/ocm18133761/Output/000167.tif (deflated 3%)
  adding: mnt/lsdi/ocm18133761/ocm18133761/Output/000168.tif (deflated 3%)
  adding: mnt/lsdi/ocm18133761/ocm18133761/Output/000169.tif (deflated 3%)
  adding: mnt/lsdi/ocm18133761/ocm18133761/Output/000170.tif (deflated 4%)
  adding: mnt/lsdi/ocm18133761/ocm18133761/Output/000171.tif (deflated 4%)
  adding: mnt/lsdi/ocm18133761/ocm18133761/Output/000172.tif (deflated 4%)
  adding: mnt/lsdi/ocm18133761/ocm18133761/Output/000173.tif (deflated 4%)
  adding: mnt/lsdi/ocm18133761/ocm18133761/Output/000174.tif (deflated 3%)
  adding: mnt/lsdi/ocm18133761/ocm18133761/Output/000175.tif (deflated 4%)
  adding: mnt/lsdi/ocm18133761/ocm18133761/Output/000176.tif (deflated 3%)
  adding: mnt/lsdi/ocm18133761/ocm18133761/Output/000177.tif (deflated 4%)
  adding: mnt/lsdi/ocm18133761/ocm18133761/Output/000178.tif (deflated 82%)
  adding: mnt/lsdi/ocm18133761/ocm18133761/Output/000179.tif (deflated 82%)
curl --location --header authorization: LOW fpJYfLnxbLmCEHqU:JQbq6NgBaPrSh98Y --upload-file /temp/ocm18133761_images.zip http://s3.us.archive.org/18133761.emory.edu/18133761_images.zip
  % Total    % Received % Xferd  Average Speed   Time    Time     Time  Current
                                 Dload  Upload   Total   Spent    Left  Speed
  0     0    0     0    0     0      0      0 --:--:-- --:--:-- --:--:--     0  0 7565k    0     0    0     0      0      0 --:--:-- --:--:-- --:--:--     0  1 7565k    0     0    1  112k      0  66831  0:01:55  0:00:01  0:01:54 69846  3 7565k    0     0    3  288k      0   109k  0:01:09  0:00:02  0:01:07  112k  6 7565k    0     0    6  528k      0   144k  0:00:52  0:00:03  0:00:49  147k 10 7565k    0     0   10  832k      0   178k  0:00:42  0:00:04  0:00:38  180k 15 7565k    0     0   15 1168k      0   206k  0:00:36  0:00:05  0:00:31  246k 20 7565k    0     0   20 1568k      0   236k  0:00:32  0:00:06  0:00:26  295k 26 7565k    0     0   26 2032k      0   265k  0:00:28  0:00:07  0:00:21  347k 38 7565k    0     0   38 2880k      0   334k  0:00:22  0:00:08  0:00:14  473k 48 7565k    0     0   48 3696k      0   383k  0:00:19  0:00:09  0:00:10  575k 59 7565k    0     0   59 4480k      0   421k  0:00:17  0:00:10  0:00:07  664k 69 7565k    0     0   69 5280k      0   454k  0:00:16  0:00:11  0:00:05  743k 80 7565k    0     0   80 6096k      0   482k  0:00:15  0:00:12  0:00:03  815k 90 7565k    0     0   90 6880k      0   504k  0:00:15  0:00:13  0:00:02  795k100 7565k    0     0  100 7565k      0   488k  0:00:15  0:00:15 --:--:--  663k100 7565k    0     0  100 7565k      0   486k  0:00:15  0:00:15 --:--:--  626k
