15712901
curl --location --header x-amz-auto-make-bucket:1 --header x-archive-ignore-preexisting-bucket:1 --header x-archive-queue-derive:0 --header x-archive-meta-mediatype:texts --header x-archive-meta03-collection:emory --header x-archive-meta01-collection:americanmethodism --header x-archive-meta-sponsor:Emory University, Pitts Theology Library --header x-archive-meta-contributor:Emory University, Pitts Theology Library --header x-archive-meta-ppi:300 --header authorization: LOW fpJYfLnxbLmCEHqU:JQbq6NgBaPrSh98Y --upload-file /mnt/lsdi/ocm15712901/ocm15712901/ocm15712901_MRC.xml http://s3.us.archive.org/15712901.emory.edu/15712901.emory.edu_marc.xml
  % Total    % Received % Xferd  Average Speed   Time    Time     Time  Current
                                 Dload  Upload   Total   Spent    Left  Speed
  0     0    0     0    0     0      0      0 --:--:-- --:--:-- --:--:--     0  0  3323    0     0    0     0      0      0 --:--:--  0:00:01 --:--:--     0  0  3323    0     0    0     0      0      0 --:--:--  0:00:02 --:--:--     0100  3323    0     0  100  3323      0    889  0:00:03  0:00:03 --:--:--   907100  3323    0     0  100  3323      0    701  0:00:04  0:00:04 --:--:--   712100  3323    0     0  100  3323      0    579  0:00:05  0:00:05 --:--:--   586100  3323    0     0  100  3323      0    493  0:00:06  0:00:06 --:--:--   586100  3323    0     0  100  3323      0    429  0:00:07  0:00:07 --:--:--   586100  3323    0     0  100  3323      0    380  0:00:08  0:00:08 --:--:--     0100  3323    0     0  100  3323      0    377  0:00:08  0:00:08 --:--:--     0
zip -r /temp/ocm15712901_images.zip /mnt/lsdi/ocm15712901/ocm15712901/Output/ocm15712901_0001.tif /mnt/lsdi/ocm15712901/ocm15712901/Output/ocm15712901_0002.tif /mnt/lsdi/ocm15712901/ocm15712901/Output/ocm15712901_0003.tif /mnt/lsdi/ocm15712901/ocm15712901/Output/ocm15712901_0004.tif /mnt/lsdi/ocm15712901/ocm15712901/Output/ocm15712901_0005.tif /mnt/lsdi/ocm15712901/ocm15712901/Output/ocm15712901_0006.tif /mnt/lsdi/ocm15712901/ocm15712901/Output/ocm15712901_0007.tif /mnt/lsdi/ocm15712901/ocm15712901/Output/ocm15712901_0008.tif /mnt/lsdi/ocm15712901/ocm15712901/Output/ocm15712901_0009.tif /mnt/lsdi/ocm15712901/ocm15712901/Output/ocm15712901_0010.tif /mnt/lsdi/ocm15712901/ocm15712901/Output/ocm15712901_0011.tif /mnt/lsdi/ocm15712901/ocm15712901/Output/ocm15712901_0012.tif /mnt/lsdi/ocm15712901/ocm15712901/Output/ocm15712901_0013.tif /mnt/lsdi/ocm15712901/ocm15712901/Output/ocm15712901_0014.tif /mnt/lsdi/ocm15712901/ocm15712901/Output/ocm15712901_0015.tif /mnt/lsdi/ocm15712901/ocm15712901/Output/ocm15712901_0016.tif /mnt/lsdi/ocm15712901/ocm15712901/Output/ocm15712901_0017.tif /mnt/lsdi/ocm15712901/ocm15712901/Output/ocm15712901_0018.tif /mnt/lsdi/ocm15712901/ocm15712901/Output/ocm15712901_0019.tif /mnt/lsdi/ocm15712901/ocm15712901/Output/ocm15712901_0020.tif /mnt/lsdi/ocm15712901/ocm15712901/Output/ocm15712901_0021.tif /mnt/lsdi/ocm15712901/ocm15712901/Output/ocm15712901_0022.tif /mnt/lsdi/ocm15712901/ocm15712901/Output/ocm15712901_0023.tif /mnt/lsdi/ocm15712901/ocm15712901/Output/ocm15712901_0024.tif /mnt/lsdi/ocm15712901/ocm15712901/Output/ocm15712901_0025.tif /mnt/lsdi/ocm15712901/ocm15712901/Output/ocm15712901_0026.tif /mnt/lsdi/ocm15712901/ocm15712901/Output/ocm15712901_0027.tif /mnt/lsdi/ocm15712901/ocm15712901/Output/ocm15712901_0028.tif /mnt/lsdi/ocm15712901/ocm15712901/Output/ocm15712901_0029.tif /mnt/lsdi/ocm15712901/ocm15712901/Output/ocm15712901_0030.tif /mnt/lsdi/ocm15712901/ocm15712901/Output/ocm15712901_0031.tif /mnt/lsdi/ocm15712901/ocm15712901/Output/ocm15712901_0032.tif /mnt/lsdi/ocm15712901/ocm15712901/Output/ocm15712901_0033.tif /mnt/lsdi/ocm15712901/ocm15712901/Output/ocm15712901_0034.tif /mnt/lsdi/ocm15712901/ocm15712901/Output/ocm15712901_0035.tif /mnt/lsdi/ocm15712901/ocm15712901/Output/ocm15712901_0036.tif /mnt/lsdi/ocm15712901/ocm15712901/Output/ocm15712901_0037.tif /mnt/lsdi/ocm15712901/ocm15712901/Output/ocm15712901_0038.tif /mnt/lsdi/ocm15712901/ocm15712901/Output/ocm15712901_0039.tif /mnt/lsdi/ocm15712901/ocm15712901/Output/ocm15712901_0040.tif /mnt/lsdi/ocm15712901/ocm15712901/Output/ocm15712901_0041.tif /mnt/lsdi/ocm15712901/ocm15712901/Output/ocm15712901_0042.tif /mnt/lsdi/ocm15712901/ocm15712901/Output/ocm15712901_0043.tif /mnt/lsdi/ocm15712901/ocm15712901/Output/ocm15712901_0044.tif /mnt/lsdi/ocm15712901/ocm15712901/Output/ocm15712901_0045.tif /mnt/lsdi/ocm15712901/ocm15712901/Output/ocm15712901_0046.tif /mnt/lsdi/ocm15712901/ocm15712901/Output/ocm15712901_0047.tif /mnt/lsdi/ocm15712901/ocm15712901/Output/ocm15712901_0048.tif /mnt/lsdi/ocm15712901/ocm15712901/Output/ocm15712901_0049.tif /mnt/lsdi/ocm15712901/ocm15712901/Output/ocm15712901_0050.tif /mnt/lsdi/ocm15712901/ocm15712901/Output/ocm15712901_0051.tif /mnt/lsdi/ocm15712901/ocm15712901/Output/ocm15712901_0052.tif /mnt/lsdi/ocm15712901/ocm15712901/Output/ocm15712901_0053.tif /mnt/lsdi/ocm15712901/ocm15712901/Output/ocm15712901_0054.tif /mnt/lsdi/ocm15712901/ocm15712901/Output/ocm15712901_0055.tif /mnt/lsdi/ocm15712901/ocm15712901/Output/ocm15712901_0056.tif /mnt/lsdi/ocm15712901/ocm15712901/Output/ocm15712901_0057.tif /mnt/lsdi/ocm15712901/ocm15712901/Output/ocm15712901_0058.tif /mnt/lsdi/ocm15712901/ocm15712901/Output/ocm15712901_0059.tif /mnt/lsdi/ocm15712901/ocm15712901/Output/ocm15712901_0060.tif /mnt/lsdi/ocm15712901/ocm15712901/Output/ocm15712901_0061.tif /mnt/lsdi/ocm15712901/ocm15712901/Output/ocm15712901_0062.tif /mnt/lsdi/ocm15712901/ocm15712901/Output/ocm15712901_0063.tif /mnt/lsdi/ocm15712901/ocm15712901/Output/ocm15712901_0064.tif /mnt/lsdi/ocm15712901/ocm15712901/Output/ocm15712901_0065.tif /mnt/lsdi/ocm15712901/ocm15712901/Output/ocm15712901_0066.tif /mnt/lsdi/ocm15712901/ocm15712901/Output/ocm15712901_0067.tif /mnt/lsdi/ocm15712901/ocm15712901/Output/ocm15712901_0068.tif /mnt/lsdi/ocm15712901/ocm15712901/Output/ocm15712901_0069.tif /mnt/lsdi/ocm15712901/ocm15712901/Output/ocm15712901_0070.tif /mnt/lsdi/ocm15712901/ocm15712901/Output/ocm15712901_0071.tif /mnt/lsdi/ocm15712901/ocm15712901/Output/ocm15712901_0072.tif /mnt/lsdi/ocm15712901/ocm15712901/Output/ocm15712901_0073.tif /mnt/lsdi/ocm15712901/ocm15712901/Output/ocm15712901_0074.tif /mnt/lsdi/ocm15712901/ocm15712901/Output/ocm15712901_0075.tif /mnt/lsdi/ocm15712901/ocm15712901/Output/ocm15712901_0076.tif /mnt/lsdi/ocm15712901/ocm15712901/Output/ocm15712901_0077.tif /mnt/lsdi/ocm15712901/ocm15712901/Output/ocm15712901_0078.tif /mnt/lsdi/ocm15712901/ocm15712901/Output/ocm15712901_0079.tif /mnt/lsdi/ocm15712901/ocm15712901/Output/ocm15712901_0080.tif /mnt/lsdi/ocm15712901/ocm15712901/Output/ocm15712901_0081.tif /mnt/lsdi/ocm15712901/ocm15712901/Output/ocm15712901_0082.tif /mnt/lsdi/ocm15712901/ocm15712901/Output/ocm15712901_0083.tif /mnt/lsdi/ocm15712901/ocm15712901/Output/ocm15712901_0084.tif /mnt/lsdi/ocm15712901/ocm15712901/Output/ocm15712901_0085.tif /mnt/lsdi/ocm15712901/ocm15712901/Output/ocm15712901_0086.tif /mnt/lsdi/ocm15712901/ocm15712901/Output/ocm15712901_0087.tif /mnt/lsdi/ocm15712901/ocm15712901/Output/ocm15712901_0088.tif /mnt/lsdi/ocm15712901/ocm15712901/Output/ocm15712901_0089.tif /mnt/lsdi/ocm15712901/ocm15712901/Output/ocm15712901_0090.tif /mnt/lsdi/ocm15712901/ocm15712901/Output/ocm15712901_0091.tif /mnt/lsdi/ocm15712901/ocm15712901/Output/ocm15712901_0092.tif /mnt/lsdi/ocm15712901/ocm15712901/Output/ocm15712901_0093.tif /mnt/lsdi/ocm15712901/ocm15712901/Output/ocm15712901_0094.tif /mnt/lsdi/ocm15712901/ocm15712901/Output/ocm15712901_0095.tif /mnt/lsdi/ocm15712901/ocm15712901/Output/ocm15712901_0096.tif /mnt/lsdi/ocm15712901/ocm15712901/Output/ocm15712901_0097.tif /mnt/lsdi/ocm15712901/ocm15712901/Output/ocm15712901_0098.tif /mnt/lsdi/ocm15712901/ocm15712901/Output/ocm15712901_0099.tif /mnt/lsdi/ocm15712901/ocm15712901/Output/ocm15712901_0100.tif /mnt/lsdi/ocm15712901/ocm15712901/Output/ocm15712901_0101.tif /mnt/lsdi/ocm15712901/ocm15712901/Output/ocm15712901_0102.tif /mnt/lsdi/ocm15712901/ocm15712901/Output/ocm15712901_0103.tif /mnt/lsdi/ocm15712901/ocm15712901/Output/ocm15712901_0104.tif /mnt/lsdi/ocm15712901/ocm15712901/Output/ocm15712901_0105.tif /mnt/lsdi/ocm15712901/ocm15712901/Output/ocm15712901_0106.tif /mnt/lsdi/ocm15712901/ocm15712901/Output/ocm15712901_0107.tif /mnt/lsdi/ocm15712901/ocm15712901/Output/ocm15712901_0108.tif /mnt/lsdi/ocm15712901/ocm15712901/Output/ocm15712901_0109.tif /mnt/lsdi/ocm15712901/ocm15712901/Output/ocm15712901_0110.tif /mnt/lsdi/ocm15712901/ocm15712901/Output/ocm15712901_0111.tif /mnt/lsdi/ocm15712901/ocm15712901/Output/ocm15712901_0112.tif /mnt/lsdi/ocm15712901/ocm15712901/Output/ocm15712901_0113.tif /mnt/lsdi/ocm15712901/ocm15712901/Output/ocm15712901_0114.tif /mnt/lsdi/ocm15712901/ocm15712901/Output/ocm15712901_0115.tif /mnt/lsdi/ocm15712901/ocm15712901/Output/ocm15712901_0116.tif /mnt/lsdi/ocm15712901/ocm15712901/Output/ocm15712901_0117.tif /mnt/lsdi/ocm15712901/ocm15712901/Output/ocm15712901_0118.tif /mnt/lsdi/ocm15712901/ocm15712901/Output/ocm15712901_0119.tif /mnt/lsdi/ocm15712901/ocm15712901/Output/ocm15712901_0120.tif /mnt/lsdi/ocm15712901/ocm15712901/Output/ocm15712901_0121.tif /mnt/lsdi/ocm15712901/ocm15712901/Output/ocm15712901_0122.tif /mnt/lsdi/ocm15712901/ocm15712901/Output/ocm15712901_0123.tif /mnt/lsdi/ocm15712901/ocm15712901/Output/ocm15712901_0124.tif /mnt/lsdi/ocm15712901/ocm15712901/Output/ocm15712901_0125.tif /mnt/lsdi/ocm15712901/ocm15712901/Output/ocm15712901_0126.tif /mnt/lsdi/ocm15712901/ocm15712901/Output/ocm15712901_0127.tif /mnt/lsdi/ocm15712901/ocm15712901/Output/ocm15712901_0128.tif /mnt/lsdi/ocm15712901/ocm15712901/Output/ocm15712901_0129.tif /mnt/lsdi/ocm15712901/ocm15712901/Output/ocm15712901_0130.tif /mnt/lsdi/ocm15712901/ocm15712901/Output/ocm15712901_0131.tif /mnt/lsdi/ocm15712901/ocm15712901/Output/ocm15712901_0132.tif /mnt/lsdi/ocm15712901/ocm15712901/Output/ocm15712901_0133.tif /mnt/lsdi/ocm15712901/ocm15712901/Output/ocm15712901_0134.tif /mnt/lsdi/ocm15712901/ocm15712901/Output/ocm15712901_0135.tif /mnt/lsdi/ocm15712901/ocm15712901/Output/ocm15712901_0136.tif /mnt/lsdi/ocm15712901/ocm15712901/Output/ocm15712901_0137.tif /mnt/lsdi/ocm15712901/ocm15712901/Output/ocm15712901_0138.tif /mnt/lsdi/ocm15712901/ocm15712901/Output/ocm15712901_0139.tif /mnt/lsdi/ocm15712901/ocm15712901/Output/ocm15712901_0140.tif /mnt/lsdi/ocm15712901/ocm15712901/Output/ocm15712901_0141.tif /mnt/lsdi/ocm15712901/ocm15712901/Output/ocm15712901_0142.tif /mnt/lsdi/ocm15712901/ocm15712901/Output/ocm15712901_0143.tif /mnt/lsdi/ocm15712901/ocm15712901/Output/ocm15712901_0144.tif /mnt/lsdi/ocm15712901/ocm15712901/Output/ocm15712901_0145.tif /mnt/lsdi/ocm15712901/ocm15712901/Output/ocm15712901_0146.tif /mnt/lsdi/ocm15712901/ocm15712901/Output/ocm15712901_0147.tif /mnt/lsdi/ocm15712901/ocm15712901/Output/ocm15712901_0148.tif /mnt/lsdi/ocm15712901/ocm15712901/Output/ocm15712901_0149.tif /mnt/lsdi/ocm15712901/ocm15712901/Output/ocm15712901_0150.tif /mnt/lsdi/ocm15712901/ocm15712901/Output/ocm15712901_0151.tif /mnt/lsdi/ocm15712901/ocm15712901/Output/ocm15712901_0152.tif /mnt/lsdi/ocm15712901/ocm15712901/Output/ocm15712901_0153.tif /mnt/lsdi/ocm15712901/ocm15712901/Output/ocm15712901_0154.tif /mnt/lsdi/ocm15712901/ocm15712901/Output/ocm15712901_0155.tif /mnt/lsdi/ocm15712901/ocm15712901/Output/ocm15712901_0156.tif /mnt/lsdi/ocm15712901/ocm15712901/Output/ocm15712901_0157.tif /mnt/lsdi/ocm15712901/ocm15712901/Output/ocm15712901_0158.tif /mnt/lsdi/ocm15712901/ocm15712901/Output/ocm15712901_0159.tif /mnt/lsdi/ocm15712901/ocm15712901/Output/ocm15712901_0160.tif /mnt/lsdi/ocm15712901/ocm15712901/Output/ocm15712901_0161.tif /mnt/lsdi/ocm15712901/ocm15712901/Output/ocm15712901_0162.tif /mnt/lsdi/ocm15712901/ocm15712901/Output/ocm15712901_0163.tif /mnt/lsdi/ocm15712901/ocm15712901/Output/ocm15712901_0164.tif /mnt/lsdi/ocm15712901/ocm15712901/Output/ocm15712901_0165.tif /mnt/lsdi/ocm15712901/ocm15712901/Output/ocm15712901_0166.tif /mnt/lsdi/ocm15712901/ocm15712901/Output/ocm15712901_0167.tif /mnt/lsdi/ocm15712901/ocm15712901/Output/ocm15712901_0168.tif /mnt/lsdi/ocm15712901/ocm15712901/Output/ocm15712901_0169.tif /mnt/lsdi/ocm15712901/ocm15712901/Output/ocm15712901_0170.tif /mnt/lsdi/ocm15712901/ocm15712901/Output/ocm15712901_0171.tif /mnt/lsdi/ocm15712901/ocm15712901/Output/ocm15712901_0172.tif /mnt/lsdi/ocm15712901/ocm15712901/Output/ocm15712901_0173.tif /mnt/lsdi/ocm15712901/ocm15712901/Output/ocm15712901_0174.tif /mnt/lsdi/ocm15712901/ocm15712901/Output/ocm15712901_0175.tif /mnt/lsdi/ocm15712901/ocm15712901/Output/ocm15712901_0176.tif /mnt/lsdi/ocm15712901/ocm15712901/Output/ocm15712901_0177.tif /mnt/lsdi/ocm15712901/ocm15712901/Output/ocm15712901_0178.tif /mnt/lsdi/ocm15712901/ocm15712901/Output/ocm15712901_0179.tif /mnt/lsdi/ocm15712901/ocm15712901/Output/ocm15712901_0180.tif /mnt/lsdi/ocm15712901/ocm15712901/Output/ocm15712901_0181.tif /mnt/lsdi/ocm15712901/ocm15712901/Output/ocm15712901_0182.tif /mnt/lsdi/ocm15712901/ocm15712901/Output/ocm15712901_0183.tif /mnt/lsdi/ocm15712901/ocm15712901/Output/ocm15712901_0184.tif /mnt/lsdi/ocm15712901/ocm15712901/Output/ocm15712901_0185.tif /mnt/lsdi/ocm15712901/ocm15712901/Output/ocm15712901_0186.tif /mnt/lsdi/ocm15712901/ocm15712901/Output/ocm15712901_0187.tif /mnt/lsdi/ocm15712901/ocm15712901/Output/ocm15712901_0188.tif /mnt/lsdi/ocm15712901/ocm15712901/Output/ocm15712901_0189.tif /mnt/lsdi/ocm15712901/ocm15712901/Output/ocm15712901_0190.tif /mnt/lsdi/ocm15712901/ocm15712901/Output/ocm15712901_0191.tif /mnt/lsdi/ocm15712901/ocm15712901/Output/ocm15712901_0192.tif /mnt/lsdi/ocm15712901/ocm15712901/Output/ocm15712901_0193.tif /mnt/lsdi/ocm15712901/ocm15712901/Output/ocm15712901_0194.tif /mnt/lsdi/ocm15712901/ocm15712901/Output/ocm15712901_0195.tif /mnt/lsdi/ocm15712901/ocm15712901/Output/ocm15712901_0196.tif /mnt/lsdi/ocm15712901/ocm15712901/Output/ocm15712901_0197.tif /mnt/lsdi/ocm15712901/ocm15712901/Output/ocm15712901_0198.tif /mnt/lsdi/ocm15712901/ocm15712901/Output/ocm15712901_0199.tif /mnt/lsdi/ocm15712901/ocm15712901/Output/ocm15712901_0200.tif /mnt/lsdi/ocm15712901/ocm15712901/Output/ocm15712901_0201.tif /mnt/lsdi/ocm15712901/ocm15712901/Output/ocm15712901_0202.tif /mnt/lsdi/ocm15712901/ocm15712901/Output/ocm15712901_0203.tif /mnt/lsdi/ocm15712901/ocm15712901/Output/ocm15712901_0204.tif /mnt/lsdi/ocm15712901/ocm15712901/Output/ocm15712901_0205.tif /mnt/lsdi/ocm15712901/ocm15712901/Output/ocm15712901_0206.tif /mnt/lsdi/ocm15712901/ocm15712901/Output/ocm15712901_0207.tif /mnt/lsdi/ocm15712901/ocm15712901/Output/ocm15712901_0208.tif /mnt/lsdi/ocm15712901/ocm15712901/Output/ocm15712901_0209.tif /mnt/lsdi/ocm15712901/ocm15712901/Output/ocm15712901_0210.tif /mnt/lsdi/ocm15712901/ocm15712901/Output/ocm15712901_0211.tif /mnt/lsdi/ocm15712901/ocm15712901/Output/ocm15712901_0212.tif /mnt/lsdi/ocm15712901/ocm15712901/Output/ocm15712901_0213.tif /mnt/lsdi/ocm15712901/ocm15712901/Output/ocm15712901_0214.tif /mnt/lsdi/ocm15712901/ocm15712901/Output/ocm15712901_0215.tif /mnt/lsdi/ocm15712901/ocm15712901/Output/ocm15712901_0216.tif /mnt/lsdi/ocm15712901/ocm15712901/Output/ocm15712901_0217.tif /mnt/lsdi/ocm15712901/ocm15712901/Output/ocm15712901_0218.tif /mnt/lsdi/ocm15712901/ocm15712901/Output/ocm15712901_0219.tif /mnt/lsdi/ocm15712901/ocm15712901/Output/ocm15712901_0220.tif /mnt/lsdi/ocm15712901/ocm15712901/Output/ocm15712901_0221.tif /mnt/lsdi/ocm15712901/ocm15712901/Output/ocm15712901_0222.tif /mnt/lsdi/ocm15712901/ocm15712901/Output/ocm15712901_0223.tif /mnt/lsdi/ocm15712901/ocm15712901/Output/ocm15712901_0224.tif /mnt/lsdi/ocm15712901/ocm15712901/Output/ocm15712901_0225.tif /mnt/lsdi/ocm15712901/ocm15712901/Output/ocm15712901_0226.tif /mnt/lsdi/ocm15712901/ocm15712901/Output/ocm15712901_0227.tif /mnt/lsdi/ocm15712901/ocm15712901/Output/ocm15712901_0228.tif /mnt/lsdi/ocm15712901/ocm15712901/Output/ocm15712901_0229.tif /mnt/lsdi/ocm15712901/ocm15712901/Output/ocm15712901_0230.tif /mnt/lsdi/ocm15712901/ocm15712901/Output/ocm15712901_0231.tif /mnt/lsdi/ocm15712901/ocm15712901/Output/ocm15712901_0232.tif /mnt/lsdi/ocm15712901/ocm15712901/Output/ocm15712901_0233.tif /mnt/lsdi/ocm15712901/ocm15712901/Output/ocm15712901_0234.tif /mnt/lsdi/ocm15712901/ocm15712901/Output/ocm15712901_0235.tif /mnt/lsdi/ocm15712901/ocm15712901/Output/ocm15712901_0236.tif /mnt/lsdi/ocm15712901/ocm15712901/Output/ocm15712901_0237.tif /mnt/lsdi/ocm15712901/ocm15712901/Output/ocm15712901_0238.tif /mnt/lsdi/ocm15712901/ocm15712901/Output/ocm15712901_0239.tif /mnt/lsdi/ocm15712901/ocm15712901/Output/ocm15712901_0240.tif /mnt/lsdi/ocm15712901/ocm15712901/Output/ocm15712901_0241.tif /mnt/lsdi/ocm15712901/ocm15712901/Output/ocm15712901_0242.tif /mnt/lsdi/ocm15712901/ocm15712901/Output/ocm15712901_0243.tif /mnt/lsdi/ocm15712901/ocm15712901/Output/ocm15712901_0244.tif /mnt/lsdi/ocm15712901/ocm15712901/Output/ocm15712901_0245.tif /mnt/lsdi/ocm15712901/ocm15712901/Output/ocm15712901_0246.tif /mnt/lsdi/ocm15712901/ocm15712901/Output/ocm15712901_0247.tif /mnt/lsdi/ocm15712901/ocm15712901/Output/ocm15712901_0248.tif /mnt/lsdi/ocm15712901/ocm15712901/Output/ocm15712901_0249.tif /mnt/lsdi/ocm15712901/ocm15712901/Output/ocm15712901_0250.tif /mnt/lsdi/ocm15712901/ocm15712901/Output/ocm15712901_0251.tif /mnt/lsdi/ocm15712901/ocm15712901/Output/ocm15712901_0252.tif /mnt/lsdi/ocm15712901/ocm15712901/Output/ocm15712901_0253.tif /mnt/lsdi/ocm15712901/ocm15712901/Output/ocm15712901_0254.tif /mnt/lsdi/ocm15712901/ocm15712901/Output/ocm15712901_0255.tif /mnt/lsdi/ocm15712901/ocm15712901/Output/ocm15712901_0256.tif /mnt/lsdi/ocm15712901/ocm15712901/Output/ocm15712901_0257.tif /mnt/lsdi/ocm15712901/ocm15712901/Output/ocm15712901_0258.tif /mnt/lsdi/ocm15712901/ocm15712901/Output/ocm15712901_0259.tif /mnt/lsdi/ocm15712901/ocm15712901/Output/ocm15712901_0260.tif /mnt/lsdi/ocm15712901/ocm15712901/Output/ocm15712901_0261.tif /mnt/lsdi/ocm15712901/ocm15712901/Output/ocm15712901_0262.tif /mnt/lsdi/ocm15712901/ocm15712901/Output/ocm15712901_0263.tif /mnt/lsdi/ocm15712901/ocm15712901/Output/ocm15712901_0264.tif /mnt/lsdi/ocm15712901/ocm15712901/Output/ocm15712901_0265.tif /mnt/lsdi/ocm15712901/ocm15712901/Output/ocm15712901_0266.tif /mnt/lsdi/ocm15712901/ocm15712901/Output/ocm15712901_0267.tif /mnt/lsdi/ocm15712901/ocm15712901/Output/ocm15712901_0268.tif /mnt/lsdi/ocm15712901/ocm15712901/Output/ocm15712901_0269.tif /mnt/lsdi/ocm15712901/ocm15712901/Output/ocm15712901_0270.tif /mnt/lsdi/ocm15712901/ocm15712901/Output/ocm15712901_0271.tif /mnt/lsdi/ocm15712901/ocm15712901/Output/ocm15712901_0272.tif /mnt/lsdi/ocm15712901/ocm15712901/Output/ocm15712901_0273.tif /mnt/lsdi/ocm15712901/ocm15712901/Output/ocm15712901_0274.tif /mnt/lsdi/ocm15712901/ocm15712901/Output/ocm15712901_0275.tif /mnt/lsdi/ocm15712901/ocm15712901/Output/ocm15712901_0276.tif /mnt/lsdi/ocm15712901/ocm15712901/Output/ocm15712901_0277.tif /mnt/lsdi/ocm15712901/ocm15712901/Output/ocm15712901_0278.tif /mnt/lsdi/ocm15712901/ocm15712901/Output/ocm15712901_0279.tif /mnt/lsdi/ocm15712901/ocm15712901/Output/ocm15712901_0280.tif /mnt/lsdi/ocm15712901/ocm15712901/Output/ocm15712901_0281.tif /mnt/lsdi/ocm15712901/ocm15712901/Output/ocm15712901_0282.tif /mnt/lsdi/ocm15712901/ocm15712901/Output/ocm15712901_0283.tif /mnt/lsdi/ocm15712901/ocm15712901/Output/ocm15712901_0284.tif /mnt/lsdi/ocm15712901/ocm15712901/Output/ocm15712901_0285.tif /mnt/lsdi/ocm15712901/ocm15712901/Output/ocm15712901_0286.tif /mnt/lsdi/ocm15712901/ocm15712901/Output/ocm15712901_0287.tif /mnt/lsdi/ocm15712901/ocm15712901/Output/ocm15712901_0288.tif /mnt/lsdi/ocm15712901/ocm15712901/Output/ocm15712901_0289.tif /mnt/lsdi/ocm15712901/ocm15712901/Output/ocm15712901_0290.tif /mnt/lsdi/ocm15712901/ocm15712901/Output/ocm15712901_0291.tif /mnt/lsdi/ocm15712901/ocm15712901/Output/ocm15712901_0292.tif /mnt/lsdi/ocm15712901/ocm15712901/Output/ocm15712901_0293.tif /mnt/lsdi/ocm15712901/ocm15712901/Output/ocm15712901_0294.tif /mnt/lsdi/ocm15712901/ocm15712901/Output/ocm15712901_0295.tif /mnt/lsdi/ocm15712901/ocm15712901/Output/ocm15712901_0296.tif /mnt/lsdi/ocm15712901/ocm15712901/Output/ocm15712901_0297.tif /mnt/lsdi/ocm15712901/ocm15712901/Output/ocm15712901_0298.tif /mnt/lsdi/ocm15712901/ocm15712901/Output/ocm15712901_0299.tif /mnt/lsdi/ocm15712901/ocm15712901/Output/ocm15712901_0300.tif /mnt/lsdi/ocm15712901/ocm15712901/Output/ocm15712901_0301.tif /mnt/lsdi/ocm15712901/ocm15712901/Output/ocm15712901_0302.tif /mnt/lsdi/ocm15712901/ocm15712901/Output/ocm15712901_0303.tif /mnt/lsdi/ocm15712901/ocm15712901/Output/ocm15712901_0304.tif /mnt/lsdi/ocm15712901/ocm15712901/Output/ocm15712901_0305.tif /mnt/lsdi/ocm15712901/ocm15712901/Output/ocm15712901_0306.tif /mnt/lsdi/ocm15712901/ocm15712901/Output/ocm15712901_0307.tif /mnt/lsdi/ocm15712901/ocm15712901/Output/ocm15712901_0308.tif /mnt/lsdi/ocm15712901/ocm15712901/Output/ocm15712901_0309.tif /mnt/lsdi/ocm15712901/ocm15712901/Output/ocm15712901_0310.tif /mnt/lsdi/ocm15712901/ocm15712901/Output/ocm15712901_0311.tif /mnt/lsdi/ocm15712901/ocm15712901/Output/ocm15712901_0312.tif /mnt/lsdi/ocm15712901/ocm15712901/Output/ocm15712901_0313.tif /mnt/lsdi/ocm15712901/ocm15712901/Output/ocm15712901_0314.tif /mnt/lsdi/ocm15712901/ocm15712901/Output/ocm15712901_0315.tif /mnt/lsdi/ocm15712901/ocm15712901/Output/ocm15712901_0316.tif /mnt/lsdi/ocm15712901/ocm15712901/Output/ocm15712901_0317.tif /mnt/lsdi/ocm15712901/ocm15712901/Output/ocm15712901_0318.tif /mnt/lsdi/ocm15712901/ocm15712901/Output/ocm15712901_0319.tif /mnt/lsdi/ocm15712901/ocm15712901/Output/ocm15712901_0320.tif /mnt/lsdi/ocm15712901/ocm15712901/Output/ocm15712901_0321.tif /mnt/lsdi/ocm15712901/ocm15712901/Output/ocm15712901_0322.tif /mnt/lsdi/ocm15712901/ocm15712901/Output/ocm15712901_0323.tif /mnt/lsdi/ocm15712901/ocm15712901/Output/ocm15712901_0324.tif /mnt/lsdi/ocm15712901/ocm15712901/Output/ocm15712901_0325.tif /mnt/lsdi/ocm15712901/ocm15712901/Output/ocm15712901_0326.tif /mnt/lsdi/ocm15712901/ocm15712901/Output/ocm15712901_0327.tif /mnt/lsdi/ocm15712901/ocm15712901/Output/ocm15712901_0328.tif /mnt/lsdi/ocm15712901/ocm15712901/Output/ocm15712901_0329.tif /mnt/lsdi/ocm15712901/ocm15712901/Output/ocm15712901_0330.tif /mnt/lsdi/ocm15712901/ocm15712901/Output/ocm15712901_0331.tif /mnt/lsdi/ocm15712901/ocm15712901/Output/ocm15712901_0332.tif /mnt/lsdi/ocm15712901/ocm15712901/Output/ocm15712901_0333.tif /mnt/lsdi/ocm15712901/ocm15712901/Output/ocm15712901_0334.tif /mnt/lsdi/ocm15712901/ocm15712901/Output/ocm15712901_0335.tif /mnt/lsdi/ocm15712901/ocm15712901/Output/ocm15712901_0336.tif /mnt/lsdi/ocm15712901/ocm15712901/Output/ocm15712901_0337.tif /mnt/lsdi/ocm15712901/ocm15712901/Output/ocm15712901_0338.tif /mnt/lsdi/ocm15712901/ocm15712901/Output/ocm15712901_0339.tif /mnt/lsdi/ocm15712901/ocm15712901/Output/ocm15712901_0340.tif /mnt/lsdi/ocm15712901/ocm15712901/Output/ocm15712901_0341.tif /mnt/lsdi/ocm15712901/ocm15712901/Output/ocm15712901_0342.tif /mnt/lsdi/ocm15712901/ocm15712901/Output/ocm15712901_0343.tif /mnt/lsdi/ocm15712901/ocm15712901/Output/ocm15712901_0344.tif /mnt/lsdi/ocm15712901/ocm15712901/Output/ocm15712901_0345.tif /mnt/lsdi/ocm15712901/ocm15712901/Output/ocm15712901_0346.tif /mnt/lsdi/ocm15712901/ocm15712901/Output/ocm15712901_0347.tif /mnt/lsdi/ocm15712901/ocm15712901/Output/ocm15712901_0348.tif /mnt/lsdi/ocm15712901/ocm15712901/Output/ocm15712901_0349.tif /mnt/lsdi/ocm15712901/ocm15712901/Output/ocm15712901_0350.tif /mnt/lsdi/ocm15712901/ocm15712901/Output/ocm15712901_0351.tif /mnt/lsdi/ocm15712901/ocm15712901/Output/ocm15712901_0352.tif /mnt/lsdi/ocm15712901/ocm15712901/Output/ocm15712901_0353.tif /mnt/lsdi/ocm15712901/ocm15712901/Output/ocm15712901_0354.tif /mnt/lsdi/ocm15712901/ocm15712901/Output/ocm15712901_0355.tif /mnt/lsdi/ocm15712901/ocm15712901/Output/ocm15712901_0356.tif /mnt/lsdi/ocm15712901/ocm15712901/Output/ocm15712901_0357.tif /mnt/lsdi/ocm15712901/ocm15712901/Output/ocm15712901_0358.tif /mnt/lsdi/ocm15712901/ocm15712901/Output/ocm15712901_0359.tif /mnt/lsdi/ocm15712901/ocm15712901/Output/ocm15712901_0360.tif /mnt/lsdi/ocm15712901/ocm15712901/Output/ocm15712901_0361.tif /mnt/lsdi/ocm15712901/ocm15712901/Output/ocm15712901_0362.tif /mnt/lsdi/ocm15712901/ocm15712901/Output/ocm15712901_0363.tif /mnt/lsdi/ocm15712901/ocm15712901/Output/ocm15712901_0364.tif /mnt/lsdi/ocm15712901/ocm15712901/Output/ocm15712901_0365.tif /mnt/lsdi/ocm15712901/ocm15712901/Output/ocm15712901_0366.tif /mnt/lsdi/ocm15712901/ocm15712901/Output/ocm15712901_0367.tif /mnt/lsdi/ocm15712901/ocm15712901/Output/ocm15712901_0368.tif /mnt/lsdi/ocm15712901/ocm15712901/Output/ocm15712901_0369.tif /mnt/lsdi/ocm15712901/ocm15712901/Output/ocm15712901_0370.tif /mnt/lsdi/ocm15712901/ocm15712901/Output/ocm15712901_0371.tif /mnt/lsdi/ocm15712901/ocm15712901/Output/ocm15712901_0372.tif /mnt/lsdi/ocm15712901/ocm15712901/Output/ocm15712901_0373.tif /mnt/lsdi/ocm15712901/ocm15712901/Output/ocm15712901_0374.tif /mnt/lsdi/ocm15712901/ocm15712901/Output/ocm15712901_0375.tif /mnt/lsdi/ocm15712901/ocm15712901/Output/ocm15712901_0376.tif /mnt/lsdi/ocm15712901/ocm15712901/Output/ocm15712901_0377.tif /mnt/lsdi/ocm15712901/ocm15712901/Output/ocm15712901_0378.tif /mnt/lsdi/ocm15712901/ocm15712901/Output/ocm15712901_0379.tif /mnt/lsdi/ocm15712901/ocm15712901/Output/ocm15712901_0380.tif /mnt/lsdi/ocm15712901/ocm15712901/Output/ocm15712901_0381.tif /mnt/lsdi/ocm15712901/ocm15712901/Output/ocm15712901_0382.tif /mnt/lsdi/ocm15712901/ocm15712901/Output/ocm15712901_0383.tif /mnt/lsdi/ocm15712901/ocm15712901/Output/ocm15712901_0384.tif /mnt/lsdi/ocm15712901/ocm15712901/Output/ocm15712901_0385.tif /mnt/lsdi/ocm15712901/ocm15712901/Output/ocm15712901_0386.tif /mnt/lsdi/ocm15712901/ocm15712901/Output/ocm15712901_0387.tif /mnt/lsdi/ocm15712901/ocm15712901/Output/ocm15712901_0388.tif /mnt/lsdi/ocm15712901/ocm15712901/Output/ocm15712901_0389.tif /mnt/lsdi/ocm15712901/ocm15712901/Output/ocm15712901_0390.tif /mnt/lsdi/ocm15712901/ocm15712901/Output/ocm15712901_0391.tif /mnt/lsdi/ocm15712901/ocm15712901/Output/ocm15712901_0392.tif /mnt/lsdi/ocm15712901/ocm15712901/Output/ocm15712901_0393.tif /mnt/lsdi/ocm15712901/ocm15712901/Output/ocm15712901_0394.tif /mnt/lsdi/ocm15712901/ocm15712901/Output/ocm15712901_0395.tif /mnt/lsdi/ocm15712901/ocm15712901/Output/ocm15712901_0396.tif /mnt/lsdi/ocm15712901/ocm15712901/Output/ocm15712901_0397.tif /mnt/lsdi/ocm15712901/ocm15712901/Output/ocm15712901_0398.tif /mnt/lsdi/ocm15712901/ocm15712901/Output/ocm15712901_0399.tif /mnt/lsdi/ocm15712901/ocm15712901/Output/ocm15712901_0400.tif /mnt/lsdi/ocm15712901/ocm15712901/Output/ocm15712901_0401.tif /mnt/lsdi/ocm15712901/ocm15712901/Output/ocm15712901_0402.tif /mnt/lsdi/ocm15712901/ocm15712901/Output/ocm15712901_0403.tif /mnt/lsdi/ocm15712901/ocm15712901/Output/ocm15712901_0404.tif /mnt/lsdi/ocm15712901/ocm15712901/Output/ocm15712901_0405.tif /mnt/lsdi/ocm15712901/ocm15712901/Output/ocm15712901_0406.tif /mnt/lsdi/ocm15712901/ocm15712901/Output/ocm15712901_0407.tif /mnt/lsdi/ocm15712901/ocm15712901/Output/ocm15712901_0408.tif /mnt/lsdi/ocm15712901/ocm15712901/Output/ocm15712901_0409.tif /mnt/lsdi/ocm15712901/ocm15712901/Output/ocm15712901_0410.tif /mnt/lsdi/ocm15712901/ocm15712901/Output/ocm15712901_0411.tif /mnt/lsdi/ocm15712901/ocm15712901/Output/ocm15712901_0412.tif /mnt/lsdi/ocm15712901/ocm15712901/Output/ocm15712901_0413.tif /mnt/lsdi/ocm15712901/ocm15712901/Output/ocm15712901_0414.tif /mnt/lsdi/ocm15712901/ocm15712901/Output/ocm15712901_0415.tif /mnt/lsdi/ocm15712901/ocm15712901/Output/ocm15712901_0416.tif /mnt/lsdi/ocm15712901/ocm15712901/Output/ocm15712901_0417.tif /mnt/lsdi/ocm15712901/ocm15712901/Output/ocm15712901_0418.tif /mnt/lsdi/ocm15712901/ocm15712901/Output/ocm15712901_0419.tif /mnt/lsdi/ocm15712901/ocm15712901/Output/ocm15712901_0420.tif /mnt/lsdi/ocm15712901/ocm15712901/Output/ocm15712901_0421.tif /mnt/lsdi/ocm15712901/ocm15712901/Output/ocm15712901_0422.tif /mnt/lsdi/ocm15712901/ocm15712901/Output/ocm15712901_0423.tif /mnt/lsdi/ocm15712901/ocm15712901/Output/ocm15712901_0424.tif /mnt/lsdi/ocm15712901/ocm15712901/Output/ocm15712901_0425.tif /mnt/lsdi/ocm15712901/ocm15712901/Output/ocm15712901_0426.tif /mnt/lsdi/ocm15712901/ocm15712901/Output/ocm15712901_0427.tif /mnt/lsdi/ocm15712901/ocm15712901/Output/ocm15712901_0428.tif /mnt/lsdi/ocm15712901/ocm15712901/Output/ocm15712901_0429.tif /mnt/lsdi/ocm15712901/ocm15712901/Output/ocm15712901_0430.tif
  adding: mnt/lsdi/ocm15712901/ocm15712901/Output/ocm15712901_0001.tif (deflated 80%)
  adding: mnt/lsdi/ocm15712901/ocm15712901/Output/ocm15712901_0002.tif (deflated 5%)
  adding: mnt/lsdi/ocm15712901/ocm15712901/Output/ocm15712901_0003.tif (deflated 12%)
  adding: mnt/lsdi/ocm15712901/ocm15712901/Output/ocm15712901_0004.tif (deflated 4%)
  adding: mnt/lsdi/ocm15712901/ocm15712901/Output/ocm15712901_0005.tif (deflated 4%)
  adding: mnt/lsdi/ocm15712901/ocm15712901/Output/ocm15712901_0006.tif (deflated 4%)
  adding: mnt/lsdi/ocm15712901/ocm15712901/Output/ocm15712901_0007.tif (deflated 4%)
  adding: mnt/lsdi/ocm15712901/ocm15712901/Output/ocm15712901_0008.tif (deflated 4%)
  adding: mnt/lsdi/ocm15712901/ocm15712901/Output/ocm15712901_0009.tif (deflated 4%)
  adding: mnt/lsdi/ocm15712901/ocm15712901/Output/ocm15712901_0010.tif (deflated 4%)
  adding: mnt/lsdi/ocm15712901/ocm15712901/Output/ocm15712901_0011.tif (deflated 4%)
  adding: mnt/lsdi/ocm15712901/ocm15712901/Output/ocm15712901_0012.tif (deflated 4%)
  adding: mnt/lsdi/ocm15712901/ocm15712901/Output/ocm15712901_0013.tif (deflated 3%)
  adding: mnt/lsdi/ocm15712901/ocm15712901/Output/ocm15712901_0014.tif (deflated 4%)
  adding: mnt/lsdi/ocm15712901/ocm15712901/Output/ocm15712901_0015.tif (deflated 3%)
  adding: mnt/lsdi/ocm15712901/ocm15712901/Output/ocm15712901_0016.tif (deflated 4%)
  adding: mnt/lsdi/ocm15712901/ocm15712901/Output/ocm15712901_0017.tif (deflated 3%)
  adding: mnt/lsdi/ocm15712901/ocm15712901/Output/ocm15712901_0018.tif (deflated 4%)
  adding: mnt/lsdi/ocm15712901/ocm15712901/Output/ocm15712901_0019.tif (deflated 5%)
  adding: mnt/lsdi/ocm15712901/ocm15712901/Output/ocm15712901_0020.tif (deflated 4%)
  adding: mnt/lsdi/ocm15712901/ocm15712901/Output/ocm15712901_0021.tif (deflated 4%)
  adding: mnt/lsdi/ocm15712901/ocm15712901/Output/ocm15712901_0022.tif (deflated 4%)
  adding: mnt/lsdi/ocm15712901/ocm15712901/Output/ocm15712901_0023.tif (deflated 4%)
  adding: mnt/lsdi/ocm15712901/ocm15712901/Output/ocm15712901_0024.tif (deflated 4%)
  adding: mnt/lsdi/ocm15712901/ocm15712901/Output/ocm15712901_0025.tif (deflated 4%)
  adding: mnt/lsdi/ocm15712901/ocm15712901/Output/ocm15712901_0026.tif (deflated 4%)
  adding: mnt/lsdi/ocm15712901/ocm15712901/Output/ocm15712901_0027.tif (deflated 6%)
  adding: mnt/lsdi/ocm15712901/ocm15712901/Output/ocm15712901_0028.tif (deflated 4%)
  adding: mnt/lsdi/ocm15712901/ocm15712901/Output/ocm15712901_0029.tif (deflated 4%)
  adding: mnt/lsdi/ocm15712901/ocm15712901/Output/ocm15712901_0030.tif (deflated 4%)
  adding: mnt/lsdi/ocm15712901/ocm15712901/Output/ocm15712901_0031.tif (deflated 3%)
  adding: mnt/lsdi/ocm15712901/ocm15712901/Output/ocm15712901_0032.tif (deflated 5%)
  adding: mnt/lsdi/ocm15712901/ocm15712901/Output/ocm15712901_0033.tif (deflated 4%)
  adding: mnt/lsdi/ocm15712901/ocm15712901/Output/ocm15712901_0034.tif (deflated 4%)
  adding: mnt/lsdi/ocm15712901/ocm15712901/Output/ocm15712901_0035.tif (deflated 7%)
  adding: mnt/lsdi/ocm15712901/ocm15712901/Output/ocm15712901_0036.tif (deflated 3%)
  adding: mnt/lsdi/ocm15712901/ocm15712901/Output/ocm15712901_0037.tif (deflated 3%)
  adding: mnt/lsdi/ocm15712901/ocm15712901/Output/ocm15712901_0038.tif (deflated 4%)
  adding: mnt/lsdi/ocm15712901/ocm15712901/Output/ocm15712901_0039.tif (deflated 4%)
  adding: mnt/lsdi/ocm15712901/ocm15712901/Output/ocm15712901_0040.tif (deflated 3%)
  adding: mnt/lsdi/ocm15712901/ocm15712901/Output/ocm15712901_0041.tif (deflated 5%)
  adding: mnt/lsdi/ocm15712901/ocm15712901/Output/ocm15712901_0042.tif (deflated 4%)
  adding: mnt/lsdi/ocm15712901/ocm15712901/Output/ocm15712901_0043.tif (deflated 4%)
  adding: mnt/lsdi/ocm15712901/ocm15712901/Output/ocm15712901_0044.tif (deflated 4%)
  adding: mnt/lsdi/ocm15712901/ocm15712901/Output/ocm15712901_0045.tif (deflated 4%)
  adding: mnt/lsdi/ocm15712901/ocm15712901/Output/ocm15712901_0046.tif (deflated 3%)
  adding: mnt/lsdi/ocm15712901/ocm15712901/Output/ocm15712901_0047.tif (deflated 3%)
  adding: mnt/lsdi/ocm15712901/ocm15712901/Output/ocm15712901_0048.tif (deflated 4%)
  adding: mnt/lsdi/ocm15712901/ocm15712901/Output/ocm15712901_0049.tif (deflated 4%)
  adding: mnt/lsdi/ocm15712901/ocm15712901/Output/ocm15712901_0050.tif (deflated 4%)
  adding: mnt/lsdi/ocm15712901/ocm15712901/Output/ocm15712901_0051.tif (deflated 3%)
  adding: mnt/lsdi/ocm15712901/ocm15712901/Output/ocm15712901_0052.tif (deflated 4%)
  adding: mnt/lsdi/ocm15712901/ocm15712901/Output/ocm15712901_0053.tif (deflated 4%)
  adding: mnt/lsdi/ocm15712901/ocm15712901/Output/ocm15712901_0054.tif (deflated 4%)
  adding: mnt/lsdi/ocm15712901/ocm15712901/Output/ocm15712901_0055.tif (deflated 4%)
  adding: mnt/lsdi/ocm15712901/ocm15712901/Output/ocm15712901_0056.tif (deflated 3%)
  adding: mnt/lsdi/ocm15712901/ocm15712901/Output/ocm15712901_0057.tif (deflated 4%)
  adding: mnt/lsdi/ocm15712901/ocm15712901/Output/ocm15712901_0058.tif (deflated 4%)
  adding: mnt/lsdi/ocm15712901/ocm15712901/Output/ocm15712901_0059.tif (deflated 4%)
  adding: mnt/lsdi/ocm15712901/ocm15712901/Output/ocm15712901_0060.tif (deflated 3%)
  adding: mnt/lsdi/ocm15712901/ocm15712901/Output/ocm15712901_0061.tif (deflated 4%)
  adding: mnt/lsdi/ocm15712901/ocm15712901/Output/ocm15712901_0062.tif (deflated 4%)
  adding: mnt/lsdi/ocm15712901/ocm15712901/Output/ocm15712901_0063.tif (deflated 4%)
  adding: mnt/lsdi/ocm15712901/ocm15712901/Output/ocm15712901_0064.tif (deflated 4%)
  adding: mnt/lsdi/ocm15712901/ocm15712901/Output/ocm15712901_0065.tif (deflated 4%)
  adding: mnt/lsdi/ocm15712901/ocm15712901/Output/ocm15712901_0066.tif (deflated 3%)
  adding: mnt/lsdi/ocm15712901/ocm15712901/Output/ocm15712901_0067.tif (deflated 4%)
  adding: mnt/lsdi/ocm15712901/ocm15712901/Output/ocm15712901_0068.tif (deflated 5%)
  adding: mnt/lsdi/ocm15712901/ocm15712901/Output/ocm15712901_0069.tif (deflated 4%)
  adding: mnt/lsdi/ocm15712901/ocm15712901/Output/ocm15712901_0070.tif (deflated 4%)
  adding: mnt/lsdi/ocm15712901/ocm15712901/Output/ocm15712901_0071.tif (deflated 4%)
  adding: mnt/lsdi/ocm15712901/ocm15712901/Output/ocm15712901_0072.tif (deflated 4%)
  adding: mnt/lsdi/ocm15712901/ocm15712901/Output/ocm15712901_0073.tif (deflated 5%)
  adding: mnt/lsdi/ocm15712901/ocm15712901/Output/ocm15712901_0074.tif (deflated 4%)
  adding: mnt/lsdi/ocm15712901/ocm15712901/Output/ocm15712901_0075.tif (deflated 4%)
  adding: mnt/lsdi/ocm15712901/ocm15712901/Output/ocm15712901_0076.tif (deflated 4%)
  adding: mnt/lsdi/ocm15712901/ocm15712901/Output/ocm15712901_0077.tif (deflated 4%)
  adding: mnt/lsdi/ocm15712901/ocm15712901/Output/ocm15712901_0078.tif (deflated 4%)
  adding: mnt/lsdi/ocm15712901/ocm15712901/Output/ocm15712901_0079.tif (deflated 4%)
  adding: mnt/lsdi/ocm15712901/ocm15712901/Output/ocm15712901_0080.tif (deflated 3%)
  adding: mnt/lsdi/ocm15712901/ocm15712901/Output/ocm15712901_0081.tif (deflated 4%)
  adding: mnt/lsdi/ocm15712901/ocm15712901/Output/ocm15712901_0082.tif (deflated 4%)
  adding: mnt/lsdi/ocm15712901/ocm15712901/Output/ocm15712901_0083.tif (deflated 4%)
  adding: mnt/lsdi/ocm15712901/ocm15712901/Output/ocm15712901_0084.tif (deflated 4%)
  adding: mnt/lsdi/ocm15712901/ocm15712901/Output/ocm15712901_0085.tif (deflated 4%)
  adding: mnt/lsdi/ocm15712901/ocm15712901/Output/ocm15712901_0086.tif (deflated 4%)
  adding: mnt/lsdi/ocm15712901/ocm15712901/Output/ocm15712901_0087.tif (deflated 4%)
  adding: mnt/lsdi/ocm15712901/ocm15712901/Output/ocm15712901_0088.tif (deflated 4%)
  adding: mnt/lsdi/ocm15712901/ocm15712901/Output/ocm15712901_0089.tif (deflated 4%)
  adding: mnt/lsdi/ocm15712901/ocm15712901/Output/ocm15712901_0090.tif (deflated 4%)
  adding: mnt/lsdi/ocm15712901/ocm15712901/Output/ocm15712901_0091.tif (deflated 4%)
  adding: mnt/lsdi/ocm15712901/ocm15712901/Output/ocm15712901_0092.tif (deflated 4%)
  adding: mnt/lsdi/ocm15712901/ocm15712901/Output/ocm15712901_0093.tif (deflated 4%)
  adding: mnt/lsdi/ocm15712901/ocm15712901/Output/ocm15712901_0094.tif (deflated 4%)
  adding: mnt/lsdi/ocm15712901/ocm15712901/Output/ocm15712901_0095.tif (deflated 4%)
  adding: mnt/lsdi/ocm15712901/ocm15712901/Output/ocm15712901_0096.tif (deflated 4%)
  adding: mnt/lsdi/ocm15712901/ocm15712901/Output/ocm15712901_0097.tif (deflated 4%)
  adding: mnt/lsdi/ocm15712901/ocm15712901/Output/ocm15712901_0098.tif (deflated 6%)
  adding: mnt/lsdi/ocm15712901/ocm15712901/Output/ocm15712901_0099.tif (deflated 4%)
  adding: mnt/lsdi/ocm15712901/ocm15712901/Output/ocm15712901_0100.tif (deflated 3%)
  adding: mnt/lsdi/ocm15712901/ocm15712901/Output/ocm15712901_0101.tif (deflated 3%)
  adding: mnt/lsdi/ocm15712901/ocm15712901/Output/ocm15712901_0102.tif (deflated 3%)
  adding: mnt/lsdi/ocm15712901/ocm15712901/Output/ocm15712901_0103.tif (deflated 5%)
  adding: mnt/lsdi/ocm15712901/ocm15712901/Output/ocm15712901_0104.tif (deflated 4%)
  adding: mnt/lsdi/ocm15712901/ocm15712901/Output/ocm15712901_0105.tif (deflated 4%)
  adding: mnt/lsdi/ocm15712901/ocm15712901/Output/ocm15712901_0106.tif (deflated 4%)
  adding: mnt/lsdi/ocm15712901/ocm15712901/Output/ocm15712901_0107.tif (deflated 4%)
  adding: mnt/lsdi/ocm15712901/ocm15712901/Output/ocm15712901_0108.tif (deflated 5%)
  adding: mnt/lsdi/ocm15712901/ocm15712901/Output/ocm15712901_0109.tif (deflated 4%)
  adding: mnt/lsdi/ocm15712901/ocm15712901/Output/ocm15712901_0110.tif (deflated 4%)
  adding: mnt/lsdi/ocm15712901/ocm15712901/Output/ocm15712901_0111.tif (deflated 3%)
  adding: mnt/lsdi/ocm15712901/ocm15712901/Output/ocm15712901_0112.tif (deflated 3%)
  adding: mnt/lsdi/ocm15712901/ocm15712901/Output/ocm15712901_0113.tif (deflated 4%)
  adding: mnt/lsdi/ocm15712901/ocm15712901/Output/ocm15712901_0114.tif (deflated 4%)
  adding: mnt/lsdi/ocm15712901/ocm15712901/Output/ocm15712901_0115.tif (deflated 7%)
  adding: mnt/lsdi/ocm15712901/ocm15712901/Output/ocm15712901_0116.tif (deflated 4%)
  adding: mnt/lsdi/ocm15712901/ocm15712901/Output/ocm15712901_0117.tif (deflated 4%)
  adding: mnt/lsdi/ocm15712901/ocm15712901/Output/ocm15712901_0118.tif (deflated 3%)
  adding: mnt/lsdi/ocm15712901/ocm15712901/Output/ocm15712901_0119.tif (deflated 4%)
  adding: mnt/lsdi/ocm15712901/ocm15712901/Output/ocm15712901_0120.tif (deflated 4%)
  adding: mnt/lsdi/ocm15712901/ocm15712901/Output/ocm15712901_0121.tif (deflated 4%)
  adding: mnt/lsdi/ocm15712901/ocm15712901/Output/ocm15712901_0122.tif (deflated 4%)
  adding: mnt/lsdi/ocm15712901/ocm15712901/Output/ocm15712901_0123.tif (deflated 3%)
  adding: mnt/lsdi/ocm15712901/ocm15712901/Output/ocm15712901_0124.tif (deflated 4%)
  adding: mnt/lsdi/ocm15712901/ocm15712901/Output/ocm15712901_0125.tif (deflated 4%)
  adding: mnt/lsdi/ocm15712901/ocm15712901/Output/ocm15712901_0126.tif (deflated 4%)
  adding: mnt/lsdi/ocm15712901/ocm15712901/Output/ocm15712901_0127.tif (deflated 4%)
  adding: mnt/lsdi/ocm15712901/ocm15712901/Output/ocm15712901_0128.tif (deflated 4%)
  adding: mnt/lsdi/ocm15712901/ocm15712901/Output/ocm15712901_0129.tif (deflated 4%)
  adding: mnt/lsdi/ocm15712901/ocm15712901/Output/ocm15712901_0130.tif (deflated 3%)
  adding: mnt/lsdi/ocm15712901/ocm15712901/Output/ocm15712901_0131.tif (deflated 5%)
  adding: mnt/lsdi/ocm15712901/ocm15712901/Output/ocm15712901_0132.tif (deflated 4%)
  adding: mnt/lsdi/ocm15712901/ocm15712901/Output/ocm15712901_0133.tif (deflated 4%)
  adding: mnt/lsdi/ocm15712901/ocm15712901/Output/ocm15712901_0134.tif (deflated 4%)
  adding: mnt/lsdi/ocm15712901/ocm15712901/Output/ocm15712901_0135.tif (deflated 4%)
  adding: mnt/lsdi/ocm15712901/ocm15712901/Output/ocm15712901_0136.tif (deflated 4%)
  adding: mnt/lsdi/ocm15712901/ocm15712901/Output/ocm15712901_0137.tif (deflated 7%)
  adding: mnt/lsdi/ocm15712901/ocm15712901/Output/ocm15712901_0138.tif (deflated 4%)
  adding: mnt/lsdi/ocm15712901/ocm15712901/Output/ocm15712901_0139.tif (deflated 4%)
  adding: mnt/lsdi/ocm15712901/ocm15712901/Output/ocm15712901_0140.tif (deflated 4%)
  adding: mnt/lsdi/ocm15712901/ocm15712901/Output/ocm15712901_0141.tif (deflated 4%)
  adding: mnt/lsdi/ocm15712901/ocm15712901/Output/ocm15712901_0142.tif (deflated 4%)
  adding: mnt/lsdi/ocm15712901/ocm15712901/Output/ocm15712901_0143.tif (deflated 4%)
  adding: mnt/lsdi/ocm15712901/ocm15712901/Output/ocm15712901_0144.tif (deflated 4%)
  adding: mnt/lsdi/ocm15712901/ocm15712901/Output/ocm15712901_0145.tif (deflated 4%)
  adding: mnt/lsdi/ocm15712901/ocm15712901/Output/ocm15712901_0146.tif (deflated 4%)
  adding: mnt/lsdi/ocm15712901/ocm15712901/Output/ocm15712901_0147.tif (deflated 4%)
  adding: mnt/lsdi/ocm15712901/ocm15712901/Output/ocm15712901_0148.tif (deflated 5%)
  adding: mnt/lsdi/ocm15712901/ocm15712901/Output/ocm15712901_0149.tif (deflated 4%)
  adding: mnt/lsdi/ocm15712901/ocm15712901/Output/ocm15712901_0150.tif (deflated 3%)
  adding: mnt/lsdi/ocm15712901/ocm15712901/Output/ocm15712901_0151.tif (deflated 4%)
  adding: mnt/lsdi/ocm15712901/ocm15712901/Output/ocm15712901_0152.tif (deflated 4%)
  adding: mnt/lsdi/ocm15712901/ocm15712901/Output/ocm15712901_0153.tif (deflated 4%)
  adding: mnt/lsdi/ocm15712901/ocm15712901/Output/ocm15712901_0154.tif (deflated 4%)
  adding: mnt/lsdi/ocm15712901/ocm15712901/Output/ocm15712901_0155.tif (deflated 4%)
  adding: mnt/lsdi/ocm15712901/ocm15712901/Output/ocm15712901_0156.tif (deflated 5%)
  adding: mnt/lsdi/ocm15712901/ocm15712901/Output/ocm15712901_0157.tif (deflated 4%)
  adding: mnt/lsdi/ocm15712901/ocm15712901/Output/ocm15712901_0158.tif (deflated 4%)
  adding: mnt/lsdi/ocm15712901/ocm15712901/Output/ocm15712901_0159.tif (deflated 4%)
  adding: mnt/lsdi/ocm15712901/ocm15712901/Output/ocm15712901_0160.tif (deflated 4%)
  adding: mnt/lsdi/ocm15712901/ocm15712901/Output/ocm15712901_0161.tif (deflated 4%)
  adding: mnt/lsdi/ocm15712901/ocm15712901/Output/ocm15712901_0162.tif (deflated 4%)
  adding: mnt/lsdi/ocm15712901/ocm15712901/Output/ocm15712901_0163.tif (deflated 5%)
  adding: mnt/lsdi/ocm15712901/ocm15712901/Output/ocm15712901_0164.tif (deflated 4%)
  adding: mnt/lsdi/ocm15712901/ocm15712901/Output/ocm15712901_0165.tif (deflated 4%)
  adding: mnt/lsdi/ocm15712901/ocm15712901/Output/ocm15712901_0166.tif (deflated 4%)
  adding: mnt/lsdi/ocm15712901/ocm15712901/Output/ocm15712901_0167.tif (deflated 4%)
  adding: mnt/lsdi/ocm15712901/ocm15712901/Output/ocm15712901_0168.tif (deflated 4%)
  adding: mnt/lsdi/ocm15712901/ocm15712901/Output/ocm15712901_0169.tif (deflated 4%)
  adding: mnt/lsdi/ocm15712901/ocm15712901/Output/ocm15712901_0170.tif (deflated 4%)
  adding: mnt/lsdi/ocm15712901/ocm15712901/Output/ocm15712901_0171.tif (deflated 4%)
  adding: mnt/lsdi/ocm15712901/ocm15712901/Output/ocm15712901_0172.tif (deflated 5%)
  adding: mnt/lsdi/ocm15712901/ocm15712901/Output/ocm15712901_0173.tif (deflated 4%)
  adding: mnt/lsdi/ocm15712901/ocm15712901/Output/ocm15712901_0174.tif (deflated 4%)
  adding: mnt/lsdi/ocm15712901/ocm15712901/Output/ocm15712901_0175.tif (deflated 4%)
  adding: mnt/lsdi/ocm15712901/ocm15712901/Output/ocm15712901_0176.tif (deflated 4%)
  adding: mnt/lsdi/ocm15712901/ocm15712901/Output/ocm15712901_0177.tif (deflated 5%)
  adding: mnt/lsdi/ocm15712901/ocm15712901/Output/ocm15712901_0178.tif (deflated 4%)
  adding: mnt/lsdi/ocm15712901/ocm15712901/Output/ocm15712901_0179.tif (deflated 4%)
  adding: mnt/lsdi/ocm15712901/ocm15712901/Output/ocm15712901_0180.tif (deflated 3%)
  adding: mnt/lsdi/ocm15712901/ocm15712901/Output/ocm15712901_0181.tif (deflated 4%)
  adding: mnt/lsdi/ocm15712901/ocm15712901/Output/ocm15712901_0182.tif (deflated 4%)
  adding: mnt/lsdi/ocm15712901/ocm15712901/Output/ocm15712901_0183.tif (deflated 4%)
  adding: mnt/lsdi/ocm15712901/ocm15712901/Output/ocm15712901_0184.tif (deflated 3%)
  adding: mnt/lsdi/ocm15712901/ocm15712901/Output/ocm15712901_0185.tif (deflated 3%)
  adding: mnt/lsdi/ocm15712901/ocm15712901/Output/ocm15712901_0186.tif (deflated 4%)
  adding: mnt/lsdi/ocm15712901/ocm15712901/Output/ocm15712901_0187.tif (deflated 4%)
  adding: mnt/lsdi/ocm15712901/ocm15712901/Output/ocm15712901_0188.tif (deflated 4%)
  adding: mnt/lsdi/ocm15712901/ocm15712901/Output/ocm15712901_0189.tif (deflated 3%)
  adding: mnt/lsdi/ocm15712901/ocm15712901/Output/ocm15712901_0190.tif (deflated 4%)
  adding: mnt/lsdi/ocm15712901/ocm15712901/Output/ocm15712901_0191.tif (deflated 4%)
  adding: mnt/lsdi/ocm15712901/ocm15712901/Output/ocm15712901_0192.tif (deflated 4%)
  adding: mnt/lsdi/ocm15712901/ocm15712901/Output/ocm15712901_0193.tif (deflated 4%)
  adding: mnt/lsdi/ocm15712901/ocm15712901/Output/ocm15712901_0194.tif (deflated 4%)
  adding: mnt/lsdi/ocm15712901/ocm15712901/Output/ocm15712901_0195.tif (deflated 4%)
  adding: mnt/lsdi/ocm15712901/ocm15712901/Output/ocm15712901_0196.tif (deflated 3%)
  adding: mnt/lsdi/ocm15712901/ocm15712901/Output/ocm15712901_0197.tif (deflated 3%)
  adding: mnt/lsdi/ocm15712901/ocm15712901/Output/ocm15712901_0198.tif (deflated 4%)
  adding: mnt/lsdi/ocm15712901/ocm15712901/Output/ocm15712901_0199.tif (deflated 4%)
  adding: mnt/lsdi/ocm15712901/ocm15712901/Output/ocm15712901_0200.tif (deflated 3%)
  adding: mnt/lsdi/ocm15712901/ocm15712901/Output/ocm15712901_0201.tif (deflated 3%)
  adding: mnt/lsdi/ocm15712901/ocm15712901/Output/ocm15712901_0202.tif (deflated 4%)
  adding: mnt/lsdi/ocm15712901/ocm15712901/Output/ocm15712901_0203.tif (deflated 4%)
  adding: mnt/lsdi/ocm15712901/ocm15712901/Output/ocm15712901_0204.tif (deflated 4%)
  adding: mnt/lsdi/ocm15712901/ocm15712901/Output/ocm15712901_0205.tif (deflated 5%)
  adding: mnt/lsdi/ocm15712901/ocm15712901/Output/ocm15712901_0206.tif (deflated 4%)
  adding: mnt/lsdi/ocm15712901/ocm15712901/Output/ocm15712901_0207.tif (deflated 4%)
  adding: mnt/lsdi/ocm15712901/ocm15712901/Output/ocm15712901_0208.tif (deflated 4%)
  adding: mnt/lsdi/ocm15712901/ocm15712901/Output/ocm15712901_0209.tif (deflated 4%)
  adding: mnt/lsdi/ocm15712901/ocm15712901/Output/ocm15712901_0210.tif (deflated 4%)
  adding: mnt/lsdi/ocm15712901/ocm15712901/Output/ocm15712901_0211.tif (deflated 4%)
  adding: mnt/lsdi/ocm15712901/ocm15712901/Output/ocm15712901_0212.tif (deflated 4%)
  adding: mnt/lsdi/ocm15712901/ocm15712901/Output/ocm15712901_0213.tif (deflated 4%)
  adding: mnt/lsdi/ocm15712901/ocm15712901/Output/ocm15712901_0214.tif (deflated 3%)
  adding: mnt/lsdi/ocm15712901/ocm15712901/Output/ocm15712901_0215.tif (deflated 4%)
  adding: mnt/lsdi/ocm15712901/ocm15712901/Output/ocm15712901_0216.tif (deflated 4%)
  adding: mnt/lsdi/ocm15712901/ocm15712901/Output/ocm15712901_0217.tif (deflated 4%)
  adding: mnt/lsdi/ocm15712901/ocm15712901/Output/ocm15712901_0218.tif (deflated 4%)
  adding: mnt/lsdi/ocm15712901/ocm15712901/Output/ocm15712901_0219.tif (deflated 4%)
  adding: mnt/lsdi/ocm15712901/ocm15712901/Output/ocm15712901_0220.tif (deflated 3%)
  adding: mnt/lsdi/ocm15712901/ocm15712901/Output/ocm15712901_0221.tif (deflated 4%)
  adding: mnt/lsdi/ocm15712901/ocm15712901/Output/ocm15712901_0222.tif (deflated 4%)
  adding: mnt/lsdi/ocm15712901/ocm15712901/Output/ocm15712901_0223.tif (deflated 4%)
  adding: mnt/lsdi/ocm15712901/ocm15712901/Output/ocm15712901_0224.tif (deflated 4%)
  adding: mnt/lsdi/ocm15712901/ocm15712901/Output/ocm15712901_0225.tif (deflated 4%)
  adding: mnt/lsdi/ocm15712901/ocm15712901/Output/ocm15712901_0226.tif (deflated 3%)
  adding: mnt/lsdi/ocm15712901/ocm15712901/Output/ocm15712901_0227.tif (deflated 4%)
  adding: mnt/lsdi/ocm15712901/ocm15712901/Output/ocm15712901_0228.tif (deflated 5%)
  adding: mnt/lsdi/ocm15712901/ocm15712901/Output/ocm15712901_0229.tif (deflated 4%)
  adding: mnt/lsdi/ocm15712901/ocm15712901/Output/ocm15712901_0230.tif (deflated 3%)
  adding: mnt/lsdi/ocm15712901/ocm15712901/Output/ocm15712901_0231.tif (deflated 4%)
  adding: mnt/lsdi/ocm15712901/ocm15712901/Output/ocm15712901_0232.tif (deflated 3%)
  adding: mnt/lsdi/ocm15712901/ocm15712901/Output/ocm15712901_0233.tif (deflated 4%)
  adding: mnt/lsdi/ocm15712901/ocm15712901/Output/ocm15712901_0234.tif (deflated 4%)
  adding: mnt/lsdi/ocm15712901/ocm15712901/Output/ocm15712901_0235.tif (deflated 4%)
  adding: mnt/lsdi/ocm15712901/ocm15712901/Output/ocm15712901_0236.tif (deflated 5%)
  adding: mnt/lsdi/ocm15712901/ocm15712901/Output/ocm15712901_0237.tif (deflated 4%)
  adding: mnt/lsdi/ocm15712901/ocm15712901/Output/ocm15712901_0238.tif (deflated 4%)
  adding: mnt/lsdi/ocm15712901/ocm15712901/Output/ocm15712901_0239.tif (deflated 4%)
  adding: mnt/lsdi/ocm15712901/ocm15712901/Output/ocm15712901_0240.tif (deflated 4%)
  adding: mnt/lsdi/ocm15712901/ocm15712901/Output/ocm15712901_0241.tif (deflated 4%)
  adding: mnt/lsdi/ocm15712901/ocm15712901/Output/ocm15712901_0242.tif (deflated 3%)
  adding: mnt/lsdi/ocm15712901/ocm15712901/Output/ocm15712901_0243.tif (deflated 4%)
  adding: mnt/lsdi/ocm15712901/ocm15712901/Output/ocm15712901_0244.tif (deflated 5%)
  adding: mnt/lsdi/ocm15712901/ocm15712901/Output/ocm15712901_0245.tif (deflated 5%)
  adding: mnt/lsdi/ocm15712901/ocm15712901/Output/ocm15712901_0246.tif (deflated 4%)
  adding: mnt/lsdi/ocm15712901/ocm15712901/Output/ocm15712901_0247.tif (deflated 4%)
  adding: mnt/lsdi/ocm15712901/ocm15712901/Output/ocm15712901_0248.tif (deflated 4%)
  adding: mnt/lsdi/ocm15712901/ocm15712901/Output/ocm15712901_0249.tif (deflated 4%)
  adding: mnt/lsdi/ocm15712901/ocm15712901/Output/ocm15712901_0250.tif (deflated 4%)
  adding: mnt/lsdi/ocm15712901/ocm15712901/Output/ocm15712901_0251.tif (deflated 4%)
  adding: mnt/lsdi/ocm15712901/ocm15712901/Output/ocm15712901_0252.tif (deflated 4%)
  adding: mnt/lsdi/ocm15712901/ocm15712901/Output/ocm15712901_0253.tif (deflated 4%)
  adding: mnt/lsdi/ocm15712901/ocm15712901/Output/ocm15712901_0254.tif (deflated 4%)
  adding: mnt/lsdi/ocm15712901/ocm15712901/Output/ocm15712901_0255.tif (deflated 4%)
  adding: mnt/lsdi/ocm15712901/ocm15712901/Output/ocm15712901_0256.tif (deflated 4%)
  adding: mnt/lsdi/ocm15712901/ocm15712901/Output/ocm15712901_0257.tif (deflated 4%)
  adding: mnt/lsdi/ocm15712901/ocm15712901/Output/ocm15712901_0258.tif (deflated 4%)
  adding: mnt/lsdi/ocm15712901/ocm15712901/Output/ocm15712901_0259.tif (deflated 6%)
  adding: mnt/lsdi/ocm15712901/ocm15712901/Output/ocm15712901_0260.tif (deflated 4%)
  adding: mnt/lsdi/ocm15712901/ocm15712901/Output/ocm15712901_0261.tif (deflated 4%)
  adding: mnt/lsdi/ocm15712901/ocm15712901/Output/ocm15712901_0262.tif (deflated 3%)
  adding: mnt/lsdi/ocm15712901/ocm15712901/Output/ocm15712901_0263.tif (deflated 4%)
  adding: mnt/lsdi/ocm15712901/ocm15712901/Output/ocm15712901_0264.tif (deflated 4%)
  adding: mnt/lsdi/ocm15712901/ocm15712901/Output/ocm15712901_0265.tif (deflated 4%)
  adding: mnt/lsdi/ocm15712901/ocm15712901/Output/ocm15712901_0266.tif (deflated 4%)
  adding: mnt/lsdi/ocm15712901/ocm15712901/Output/ocm15712901_0267.tif (deflated 4%)
  adding: mnt/lsdi/ocm15712901/ocm15712901/Output/ocm15712901_0268.tif (deflated 4%)
  adding: mnt/lsdi/ocm15712901/ocm15712901/Output/ocm15712901_0269.tif (deflated 6%)
  adding: mnt/lsdi/ocm15712901/ocm15712901/Output/ocm15712901_0270.tif (deflated 4%)
  adding: mnt/lsdi/ocm15712901/ocm15712901/Output/ocm15712901_0271.tif (deflated 4%)
  adding: mnt/lsdi/ocm15712901/ocm15712901/Output/ocm15712901_0272.tif (deflated 4%)
  adding: mnt/lsdi/ocm15712901/ocm15712901/Output/ocm15712901_0273.tif (deflated 4%)
  adding: mnt/lsdi/ocm15712901/ocm15712901/Output/ocm15712901_0274.tif (deflated 4%)
  adding: mnt/lsdi/ocm15712901/ocm15712901/Output/ocm15712901_0275.tif (deflated 4%)
  adding: mnt/lsdi/ocm15712901/ocm15712901/Output/ocm15712901_0276.tif (deflated 4%)
  adding: mnt/lsdi/ocm15712901/ocm15712901/Output/ocm15712901_0277.tif (deflated 4%)
  adding: mnt/lsdi/ocm15712901/ocm15712901/Output/ocm15712901_0278.tif (deflated 4%)
  adding: mnt/lsdi/ocm15712901/ocm15712901/Output/ocm15712901_0279.tif (deflated 4%)
  adding: mnt/lsdi/ocm15712901/ocm15712901/Output/ocm15712901_0280.tif (deflated 4%)
  adding: mnt/lsdi/ocm15712901/ocm15712901/Output/ocm15712901_0281.tif (deflated 4%)
  adding: mnt/lsdi/ocm15712901/ocm15712901/Output/ocm15712901_0282.tif (deflated 5%)
  adding: mnt/lsdi/ocm15712901/ocm15712901/Output/ocm15712901_0283.tif (deflated 4%)
  adding: mnt/lsdi/ocm15712901/ocm15712901/Output/ocm15712901_0284.tif (deflated 3%)
  adding: mnt/lsdi/ocm15712901/ocm15712901/Output/ocm15712901_0285.tif (deflated 4%)
  adding: mnt/lsdi/ocm15712901/ocm15712901/Output/ocm15712901_0286.tif (deflated 4%)
  adding: mnt/lsdi/ocm15712901/ocm15712901/Output/ocm15712901_0287.tif (deflated 4%)
  adding: mnt/lsdi/ocm15712901/ocm15712901/Output/ocm15712901_0288.tif (deflated 3%)
  adding: mnt/lsdi/ocm15712901/ocm15712901/Output/ocm15712901_0289.tif (deflated 4%)
  adding: mnt/lsdi/ocm15712901/ocm15712901/Output/ocm15712901_0290.tif (deflated 3%)
  adding: mnt/lsdi/ocm15712901/ocm15712901/Output/ocm15712901_0291.tif (deflated 3%)
  adding: mnt/lsdi/ocm15712901/ocm15712901/Output/ocm15712901_0292.tif (deflated 3%)
  adding: mnt/lsdi/ocm15712901/ocm15712901/Output/ocm15712901_0293.tif (deflated 3%)
  adding: mnt/lsdi/ocm15712901/ocm15712901/Output/ocm15712901_0294.tif (deflated 3%)
  adding: mnt/lsdi/ocm15712901/ocm15712901/Output/ocm15712901_0295.tif (deflated 3%)
  adding: mnt/lsdi/ocm15712901/ocm15712901/Output/ocm15712901_0296.tif (deflated 3%)
  adding: mnt/lsdi/ocm15712901/ocm15712901/Output/ocm15712901_0297.tif (deflated 4%)
  adding: mnt/lsdi/ocm15712901/ocm15712901/Output/ocm15712901_0298.tif (deflated 3%)
  adding: mnt/lsdi/ocm15712901/ocm15712901/Output/ocm15712901_0299.tif (deflated 3%)
  adding: mnt/lsdi/ocm15712901/ocm15712901/Output/ocm15712901_0300.tif (deflated 4%)
  adding: mnt/lsdi/ocm15712901/ocm15712901/Output/ocm15712901_0301.tif (deflated 6%)
  adding: mnt/lsdi/ocm15712901/ocm15712901/Output/ocm15712901_0302.tif (deflated 3%)
  adding: mnt/lsdi/ocm15712901/ocm15712901/Output/ocm15712901_0303.tif (deflated 4%)
  adding: mnt/lsdi/ocm15712901/ocm15712901/Output/ocm15712901_0304.tif (deflated 4%)
  adding: mnt/lsdi/ocm15712901/ocm15712901/Output/ocm15712901_0305.tif (deflated 3%)
  adding: mnt/lsdi/ocm15712901/ocm15712901/Output/ocm15712901_0306.tif (deflated 4%)
  adding: mnt/lsdi/ocm15712901/ocm15712901/Output/ocm15712901_0307.tif (deflated 4%)
  adding: mnt/lsdi/ocm15712901/ocm15712901/Output/ocm15712901_0308.tif (deflated 4%)
  adding: mnt/lsdi/ocm15712901/ocm15712901/Output/ocm15712901_0309.tif (deflated 4%)
  adding: mnt/lsdi/ocm15712901/ocm15712901/Output/ocm15712901_0310.tif (deflated 4%)
  adding: mnt/lsdi/ocm15712901/ocm15712901/Output/ocm15712901_0311.tif (deflated 5%)
  adding: mnt/lsdi/ocm15712901/ocm15712901/Output/ocm15712901_0312.tif (deflated 4%)
  adding: mnt/lsdi/ocm15712901/ocm15712901/Output/ocm15712901_0313.tif (deflated 4%)
  adding: mnt/lsdi/ocm15712901/ocm15712901/Output/ocm15712901_0314.tif (deflated 4%)
  adding: mnt/lsdi/ocm15712901/ocm15712901/Output/ocm15712901_0315.tif (deflated 4%)
  adding: mnt/lsdi/ocm15712901/ocm15712901/Output/ocm15712901_0316.tif (deflated 4%)
  adding: mnt/lsdi/ocm15712901/ocm15712901/Output/ocm15712901_0317.tif (deflated 80%)
  adding: mnt/lsdi/ocm15712901/ocm15712901/Output/ocm15712901_0318.tif (deflated 4%)
  adding: mnt/lsdi/ocm15712901/ocm15712901/Output/ocm15712901_0319.tif (deflated 4%)
  adding: mnt/lsdi/ocm15712901/ocm15712901/Output/ocm15712901_0320.tif (deflated 4%)
  adding: mnt/lsdi/ocm15712901/ocm15712901/Output/ocm15712901_0321.tif (deflated 4%)
  adding: mnt/lsdi/ocm15712901/ocm15712901/Output/ocm15712901_0322.tif (deflated 3%)
  adding: mnt/lsdi/ocm15712901/ocm15712901/Output/ocm15712901_0323.tif (deflated 4%)
  adding: mnt/lsdi/ocm15712901/ocm15712901/Output/ocm15712901_0324.tif (deflated 4%)
  adding: mnt/lsdi/ocm15712901/ocm15712901/Output/ocm15712901_0325.tif (deflated 4%)
  adding: mnt/lsdi/ocm15712901/ocm15712901/Output/ocm15712901_0326.tif (deflated 4%)
  adding: mnt/lsdi/ocm15712901/ocm15712901/Output/ocm15712901_0327.tif (deflated 4%)
  adding: mnt/lsdi/ocm15712901/ocm15712901/Output/ocm15712901_0328.tif (deflated 4%)
  adding: mnt/lsdi/ocm15712901/ocm15712901/Output/ocm15712901_0329.tif (deflated 4%)
  adding: mnt/lsdi/ocm15712901/ocm15712901/Output/ocm15712901_0330.tif (deflated 4%)
  adding: mnt/lsdi/ocm15712901/ocm15712901/Output/ocm15712901_0331.tif (deflated 4%)
  adding: mnt/lsdi/ocm15712901/ocm15712901/Output/ocm15712901_0332.tif (deflated 4%)
  adding: mnt/lsdi/ocm15712901/ocm15712901/Output/ocm15712901_0333.tif (deflated 4%)
  adding: mnt/lsdi/ocm15712901/ocm15712901/Output/ocm15712901_0334.tif (deflated 4%)
  adding: mnt/lsdi/ocm15712901/ocm15712901/Output/ocm15712901_0335.tif (deflated 4%)
  adding: mnt/lsdi/ocm15712901/ocm15712901/Output/ocm15712901_0336.tif (deflated 4%)
  adding: mnt/lsdi/ocm15712901/ocm15712901/Output/ocm15712901_0337.tif (deflated 4%)
  adding: mnt/lsdi/ocm15712901/ocm15712901/Output/ocm15712901_0338.tif (deflated 5%)
  adding: mnt/lsdi/ocm15712901/ocm15712901/Output/ocm15712901_0339.tif (deflated 4%)
  adding: mnt/lsdi/ocm15712901/ocm15712901/Output/ocm15712901_0340.tif (deflated 4%)
  adding: mnt/lsdi/ocm15712901/ocm15712901/Output/ocm15712901_0341.tif (deflated 4%)
  adding: mnt/lsdi/ocm15712901/ocm15712901/Output/ocm15712901_0342.tif (deflated 4%)
  adding: mnt/lsdi/ocm15712901/ocm15712901/Output/ocm15712901_0343.tif (deflated 4%)
  adding: mnt/lsdi/ocm15712901/ocm15712901/Output/ocm15712901_0344.tif (deflated 4%)
  adding: mnt/lsdi/ocm15712901/ocm15712901/Output/ocm15712901_0345.tif (deflated 4%)
  adding: mnt/lsdi/ocm15712901/ocm15712901/Output/ocm15712901_0346.tif (deflated 4%)
  adding: mnt/lsdi/ocm15712901/ocm15712901/Output/ocm15712901_0347.tif (deflated 4%)
  adding: mnt/lsdi/ocm15712901/ocm15712901/Output/ocm15712901_0348.tif (deflated 4%)
  adding: mnt/lsdi/ocm15712901/ocm15712901/Output/ocm15712901_0349.tif (deflated 4%)
  adding: mnt/lsdi/ocm15712901/ocm15712901/Output/ocm15712901_0350.tif (deflated 4%)
  adding: mnt/lsdi/ocm15712901/ocm15712901/Output/ocm15712901_0351.tif (deflated 4%)
  adding: mnt/lsdi/ocm15712901/ocm15712901/Output/ocm15712901_0352.tif (deflated 4%)
  adding: mnt/lsdi/ocm15712901/ocm15712901/Output/ocm15712901_0353.tif (deflated 4%)
  adding: mnt/lsdi/ocm15712901/ocm15712901/Output/ocm15712901_0354.tif (deflated 4%)
  adding: mnt/lsdi/ocm15712901/ocm15712901/Output/ocm15712901_0355.tif (deflated 3%)
  adding: mnt/lsdi/ocm15712901/ocm15712901/Output/ocm15712901_0356.tif (deflated 3%)
  adding: mnt/lsdi/ocm15712901/ocm15712901/Output/ocm15712901_0357.tif (deflated 4%)
  adding: mnt/lsdi/ocm15712901/ocm15712901/Output/ocm15712901_0358.tif (deflated 4%)
  adding: mnt/lsdi/ocm15712901/ocm15712901/Output/ocm15712901_0359.tif (deflated 4%)
  adding: mnt/lsdi/ocm15712901/ocm15712901/Output/ocm15712901_0360.tif (deflated 4%)
  adding: mnt/lsdi/ocm15712901/ocm15712901/Output/ocm15712901_0361.tif (deflated 5%)
  adding: mnt/lsdi/ocm15712901/ocm15712901/Output/ocm15712901_0362.tif (deflated 4%)
  adding: mnt/lsdi/ocm15712901/ocm15712901/Output/ocm15712901_0363.tif (deflated 4%)
  adding: mnt/lsdi/ocm15712901/ocm15712901/Output/ocm15712901_0364.tif (deflated 4%)
  adding: mnt/lsdi/ocm15712901/ocm15712901/Output/ocm15712901_0365.tif (deflated 4%)
  adding: mnt/lsdi/ocm15712901/ocm15712901/Output/ocm15712901_0366.tif (deflated 4%)
  adding: mnt/lsdi/ocm15712901/ocm15712901/Output/ocm15712901_0367.tif (deflated 4%)
  adding: mnt/lsdi/ocm15712901/ocm15712901/Output/ocm15712901_0368.tif (deflated 4%)
  adding: mnt/lsdi/ocm15712901/ocm15712901/Output/ocm15712901_0369.tif (deflated 5%)
  adding: mnt/lsdi/ocm15712901/ocm15712901/Output/ocm15712901_0370.tif (deflated 4%)
  adding: mnt/lsdi/ocm15712901/ocm15712901/Output/ocm15712901_0371.tif (deflated 4%)
  adding: mnt/lsdi/ocm15712901/ocm15712901/Output/ocm15712901_0372.tif (deflated 4%)
  adding: mnt/lsdi/ocm15712901/ocm15712901/Output/ocm15712901_0373.tif (deflated 4%)
  adding: mnt/lsdi/ocm15712901/ocm15712901/Output/ocm15712901_0374.tif (deflated 3%)
  adding: mnt/lsdi/ocm15712901/ocm15712901/Output/ocm15712901_0375.tif (deflated 4%)
  adding: mnt/lsdi/ocm15712901/ocm15712901/Output/ocm15712901_0376.tif (deflated 4%)
  adding: mnt/lsdi/ocm15712901/ocm15712901/Output/ocm15712901_0377.tif (deflated 4%)
  adding: mnt/lsdi/ocm15712901/ocm15712901/Output/ocm15712901_0378.tif (deflated 4%)
  adding: mnt/lsdi/ocm15712901/ocm15712901/Output/ocm15712901_0379.tif (deflated 4%)
  adding: mnt/lsdi/ocm15712901/ocm15712901/Output/ocm15712901_0380.tif (deflated 3%)
  adding: mnt/lsdi/ocm15712901/ocm15712901/Output/ocm15712901_0381.tif (deflated 4%)
  adding: mnt/lsdi/ocm15712901/ocm15712901/Output/ocm15712901_0382.tif (deflated 4%)
  adding: mnt/lsdi/ocm15712901/ocm15712901/Output/ocm15712901_0383.tif (deflated 4%)
  adding: mnt/lsdi/ocm15712901/ocm15712901/Output/ocm15712901_0384.tif (deflated 4%)
  adding: mnt/lsdi/ocm15712901/ocm15712901/Output/ocm15712901_0385.tif (deflated 5%)
  adding: mnt/lsdi/ocm15712901/ocm15712901/Output/ocm15712901_0386.tif (deflated 4%)
  adding: mnt/lsdi/ocm15712901/ocm15712901/Output/ocm15712901_0387.tif (deflated 4%)
  adding: mnt/lsdi/ocm15712901/ocm15712901/Output/ocm15712901_0388.tif (deflated 4%)
  adding: mnt/lsdi/ocm15712901/ocm15712901/Output/ocm15712901_0389.tif (deflated 4%)
  adding: mnt/lsdi/ocm15712901/ocm15712901/Output/ocm15712901_0390.tif (deflated 4%)
  adding: mnt/lsdi/ocm15712901/ocm15712901/Output/ocm15712901_0391.tif (deflated 4%)
  adding: mnt/lsdi/ocm15712901/ocm15712901/Output/ocm15712901_0392.tif (deflated 4%)
  adding: mnt/lsdi/ocm15712901/ocm15712901/Output/ocm15712901_0393.tif (deflated 4%)
  adding: mnt/lsdi/ocm15712901/ocm15712901/Output/ocm15712901_0394.tif (deflated 4%)
  adding: mnt/lsdi/ocm15712901/ocm15712901/Output/ocm15712901_0395.tif (deflated 4%)
  adding: mnt/lsdi/ocm15712901/ocm15712901/Output/ocm15712901_0396.tif (deflated 4%)
  adding: mnt/lsdi/ocm15712901/ocm15712901/Output/ocm15712901_0397.tif (deflated 5%)
  adding: mnt/lsdi/ocm15712901/ocm15712901/Output/ocm15712901_0398.tif (deflated 4%)
  adding: mnt/lsdi/ocm15712901/ocm15712901/Output/ocm15712901_0399.tif (deflated 4%)
  adding: mnt/lsdi/ocm15712901/ocm15712901/Output/ocm15712901_0400.tif (deflated 4%)
  adding: mnt/lsdi/ocm15712901/ocm15712901/Output/ocm15712901_0401.tif (deflated 4%)
  adding: mnt/lsdi/ocm15712901/ocm15712901/Output/ocm15712901_0402.tif (deflated 4%)
  adding: mnt/lsdi/ocm15712901/ocm15712901/Output/ocm15712901_0403.tif (deflated 4%)
  adding: mnt/lsdi/ocm15712901/ocm15712901/Output/ocm15712901_0404.tif (deflated 4%)
  adding: mnt/lsdi/ocm15712901/ocm15712901/Output/ocm15712901_0405.tif (deflated 4%)
  adding: mnt/lsdi/ocm15712901/ocm15712901/Output/ocm15712901_0406.tif (deflated 4%)
  adding: mnt/lsdi/ocm15712901/ocm15712901/Output/ocm15712901_0407.tif (deflated 4%)
  adding: mnt/lsdi/ocm15712901/ocm15712901/Output/ocm15712901_0408.tif (deflated 4%)
  adding: mnt/lsdi/ocm15712901/ocm15712901/Output/ocm15712901_0409.tif (deflated 4%)
  adding: mnt/lsdi/ocm15712901/ocm15712901/Output/ocm15712901_0410.tif (deflated 4%)
  adding: mnt/lsdi/ocm15712901/ocm15712901/Output/ocm15712901_0411.tif (deflated 8%)
  adding: mnt/lsdi/ocm15712901/ocm15712901/Output/ocm15712901_0412.tif (deflated 4%)
  adding: mnt/lsdi/ocm15712901/ocm15712901/Output/ocm15712901_0413.tif (deflated 3%)
  adding: mnt/lsdi/ocm15712901/ocm15712901/Output/ocm15712901_0414.tif (deflated 4%)
  adding: mnt/lsdi/ocm15712901/ocm15712901/Output/ocm15712901_0415.tif (deflated 4%)
  adding: mnt/lsdi/ocm15712901/ocm15712901/Output/ocm15712901_0416.tif (deflated 4%)
  adding: mnt/lsdi/ocm15712901/ocm15712901/Output/ocm15712901_0417.tif (deflated 4%)
  adding: mnt/lsdi/ocm15712901/ocm15712901/Output/ocm15712901_0418.tif (deflated 3%)
  adding: mnt/lsdi/ocm15712901/ocm15712901/Output/ocm15712901_0419.tif (deflated 3%)
  adding: mnt/lsdi/ocm15712901/ocm15712901/Output/ocm15712901_0420.tif (deflated 3%)
  adding: mnt/lsdi/ocm15712901/ocm15712901/Output/ocm15712901_0421.tif (deflated 3%)
  adding: mnt/lsdi/ocm15712901/ocm15712901/Output/ocm15712901_0422.tif (deflated 3%)
  adding: mnt/lsdi/ocm15712901/ocm15712901/Output/ocm15712901_0423.tif (deflated 4%)
  adding: mnt/lsdi/ocm15712901/ocm15712901/Output/ocm15712901_0424.tif (deflated 3%)
  adding: mnt/lsdi/ocm15712901/ocm15712901/Output/ocm15712901_0425.tif (deflated 3%)
  adding: mnt/lsdi/ocm15712901/ocm15712901/Output/ocm15712901_0426.tif (deflated 2%)
  adding: mnt/lsdi/ocm15712901/ocm15712901/Output/ocm15712901_0427.tif (deflated 3%)
  adding: mnt/lsdi/ocm15712901/ocm15712901/Output/ocm15712901_0428.tif (deflated 2%)
  adding: mnt/lsdi/ocm15712901/ocm15712901/Output/ocm15712901_0429.tif (deflated 4%)
  adding: mnt/lsdi/ocm15712901/ocm15712901/Output/ocm15712901_0430.tif (deflated 80%)
curl --location --header authorization: LOW fpJYfLnxbLmCEHqU:JQbq6NgBaPrSh98Y --upload-file /temp/ocm15712901_images.zip http://s3.us.archive.org/15712901.emory.edu/15712901_images.zip
  % Total    % Received % Xferd  Average Speed   Time    Time     Time  Current
                                 Dload  Upload   Total   Spent    Left  Speed
  0     0    0     0    0     0      0      0 --:--:-- --:--:-- --:--:--     0  0 12.5M    0     0    0     0      0      0 --:--:--  0:00:01 --:--:--     0  1 12.5M    0     0    1  256k      0   190k  0:01:07  0:00:01  0:01:06  200k  9 12.5M    0     0    9 1200k      0   511k  0:00:25  0:00:02  0:00:23  527k 15 12.5M    0     0   15 2032k      0   607k  0:00:21  0:00:03  0:00:18  620k 23 12.5M    0     0   23 2976k      0   679k  0:00:18  0:00:04  0:00:14  690k 30 12.5M    0     0   30 3888k      0   727k  0:00:17  0:00:05  0:00:12  909k 37 12.5M    0     0   37 4800k      0   750k  0:00:17  0:00:06  0:00:11  900k 44 12.5M    0     0   44 5664k      0   767k  0:00:16  0:00:07  0:00:09  887k 50 12.5M    0     0   50 6544k      0   782k  0:00:16  0:00:08  0:00:08  899k 57 12.5M    0     0   57 7424k      0   794k  0:00:16  0:00:09  0:00:07  895k 64 12.5M    0     0   64 8304k      0   800k  0:00:16  0:00:10  0:00:06  878k 71 12.5M    0     0   71 9184k      0   808k  0:00:15  0:00:11  0:00:04  883k 78 12.5M    0     0   78  9.8M      0   815k  0:00:15  0:00:12  0:00:03  885k 85 12.5M    0     0   85 10.7M      0   820k  0:00:15  0:00:13  0:00:02  883k 92 12.5M    0     0   92 11.5M      0   822k  0:00:15  0:00:14  0:00:01  876k 99 12.5M    0     0   99 12.4M      0   828k  0:00:15  0:00:15 --:--:--  887k100 12.5M    0     0  100 12.5M      0   776k  0:00:16  0:00:16 --:--:--  706k100 12.5M    0     0  100 12.5M      0   732k  0:00:17  0:00:17 --:--:--  534k100 12.5M    0     0  100 12.5M      0   714k  0:00:17  0:00:17 --:--:--  407k
