12652846
curl --location --header x-amz-auto-make-bucket:1 --header x-archive-ignore-preexisting-bucket:1 --header x-archive-queue-derive:0 --header x-archive-meta-mediatype:texts --header x-archive-meta03-collection:emory --header x-archive-meta01-collection:americanmethodism --header x-archive-meta-sponsor:Emory University, Pitts Theology Library --header x-archive-meta-contributor:Emory University, Pitts Theology Library --header x-archive-meta-ppi:300 --header authorization: LOW fpJYfLnxbLmCEHqU:JQbq6NgBaPrSh98Y --upload-file /mnt/lsdi/ocm12652846/ocm12652846/ocm12652846_MRC.xml http://s3.us.archive.org/12652846.emory.edu/12652846.emory.edu_marc.xml
  % Total    % Received % Xferd  Average Speed   Time    Time     Time  Current
                                 Dload  Upload   Total   Spent    Left  Speed
  0     0    0     0    0     0      0      0 --:--:-- --:--:-- --:--:--     0  0  3355    0     0    0     0      0      0 --:--:-- --:--:-- --:--:--     0100  3355    0     0  100  3355      0   1746  0:00:01  0:00:01 --:--:--  1910100  3355    0     0  100  3355      0   1679  0:00:01  0:00:01 --:--:--  1830
zip -r /temp/ocm12652846_images.zip /mnt/lsdi/ocm12652846/ocm12652846/Output/new output_0001.tif /mnt/lsdi/ocm12652846/ocm12652846/Output/new output_0002.tif /mnt/lsdi/ocm12652846/ocm12652846/Output/new output_0003.tif /mnt/lsdi/ocm12652846/ocm12652846/Output/new output_0004.tif /mnt/lsdi/ocm12652846/ocm12652846/Output/new output_0005.tif /mnt/lsdi/ocm12652846/ocm12652846/Output/new output_0006.tif /mnt/lsdi/ocm12652846/ocm12652846/Output/new output_0007.tif /mnt/lsdi/ocm12652846/ocm12652846/Output/new output_0008.tif /mnt/lsdi/ocm12652846/ocm12652846/Output/new output_0009.tif /mnt/lsdi/ocm12652846/ocm12652846/Output/new output_0010.tif /mnt/lsdi/ocm12652846/ocm12652846/Output/new output_0011.tif /mnt/lsdi/ocm12652846/ocm12652846/Output/new output_0012.tif /mnt/lsdi/ocm12652846/ocm12652846/Output/new output_0013.tif /mnt/lsdi/ocm12652846/ocm12652846/Output/new output_0014.tif /mnt/lsdi/ocm12652846/ocm12652846/Output/new output_0015.tif /mnt/lsdi/ocm12652846/ocm12652846/Output/new output_0016.tif /mnt/lsdi/ocm12652846/ocm12652846/Output/new output_0017.tif /mnt/lsdi/ocm12652846/ocm12652846/Output/new output_0018.tif /mnt/lsdi/ocm12652846/ocm12652846/Output/new output_0019.tif /mnt/lsdi/ocm12652846/ocm12652846/Output/new output_0020.tif /mnt/lsdi/ocm12652846/ocm12652846/Output/new output_0021.tif /mnt/lsdi/ocm12652846/ocm12652846/Output/new output_0022.tif /mnt/lsdi/ocm12652846/ocm12652846/Output/new output_0023.tif /mnt/lsdi/ocm12652846/ocm12652846/Output/new output_0024.tif /mnt/lsdi/ocm12652846/ocm12652846/Output/new output_0025.tif /mnt/lsdi/ocm12652846/ocm12652846/Output/new output_0026.tif /mnt/lsdi/ocm12652846/ocm12652846/Output/new output_0027.tif /mnt/lsdi/ocm12652846/ocm12652846/Output/new output_0028.tif /mnt/lsdi/ocm12652846/ocm12652846/Output/new output_0029.tif /mnt/lsdi/ocm12652846/ocm12652846/Output/new output_0030.tif /mnt/lsdi/ocm12652846/ocm12652846/Output/new output_0031.tif /mnt/lsdi/ocm12652846/ocm12652846/Output/new output_0032.tif /mnt/lsdi/ocm12652846/ocm12652846/Output/new output_0033.tif /mnt/lsdi/ocm12652846/ocm12652846/Output/new output_0034.tif /mnt/lsdi/ocm12652846/ocm12652846/Output/new output_0035.tif /mnt/lsdi/ocm12652846/ocm12652846/Output/new output_0036.tif /mnt/lsdi/ocm12652846/ocm12652846/Output/new output_0037.tif /mnt/lsdi/ocm12652846/ocm12652846/Output/new output_0038.tif /mnt/lsdi/ocm12652846/ocm12652846/Output/new output_0039.tif /mnt/lsdi/ocm12652846/ocm12652846/Output/new output_0040.tif /mnt/lsdi/ocm12652846/ocm12652846/Output/new output_0041.tif /mnt/lsdi/ocm12652846/ocm12652846/Output/new output_0042.tif /mnt/lsdi/ocm12652846/ocm12652846/Output/new output_0043.tif /mnt/lsdi/ocm12652846/ocm12652846/Output/new output_0044.tif /mnt/lsdi/ocm12652846/ocm12652846/Output/new output_0045.tif /mnt/lsdi/ocm12652846/ocm12652846/Output/new output_0046.tif /mnt/lsdi/ocm12652846/ocm12652846/Output/new output_0047.tif /mnt/lsdi/ocm12652846/ocm12652846/Output/new output_0048.tif /mnt/lsdi/ocm12652846/ocm12652846/Output/new output_0049.tif /mnt/lsdi/ocm12652846/ocm12652846/Output/new output_0050.tif /mnt/lsdi/ocm12652846/ocm12652846/Output/new output_0051.tif /mnt/lsdi/ocm12652846/ocm12652846/Output/new output_0052.tif /mnt/lsdi/ocm12652846/ocm12652846/Output/new output_0053.tif /mnt/lsdi/ocm12652846/ocm12652846/Output/new output_0054.tif /mnt/lsdi/ocm12652846/ocm12652846/Output/new output_0055.tif /mnt/lsdi/ocm12652846/ocm12652846/Output/new output_0056.tif /mnt/lsdi/ocm12652846/ocm12652846/Output/new output_0057.tif /mnt/lsdi/ocm12652846/ocm12652846/Output/new output_0058.tif /mnt/lsdi/ocm12652846/ocm12652846/Output/new output_0059.tif /mnt/lsdi/ocm12652846/ocm12652846/Output/new output_0060.tif /mnt/lsdi/ocm12652846/ocm12652846/Output/new output_0061.tif /mnt/lsdi/ocm12652846/ocm12652846/Output/new output_0062.tif /mnt/lsdi/ocm12652846/ocm12652846/Output/new output_0063.tif /mnt/lsdi/ocm12652846/ocm12652846/Output/new output_0064.tif /mnt/lsdi/ocm12652846/ocm12652846/Output/new output_0065.tif /mnt/lsdi/ocm12652846/ocm12652846/Output/new output_0066.tif /mnt/lsdi/ocm12652846/ocm12652846/Output/new output_0067.tif /mnt/lsdi/ocm12652846/ocm12652846/Output/new output_0068.tif /mnt/lsdi/ocm12652846/ocm12652846/Output/new output_0069.tif /mnt/lsdi/ocm12652846/ocm12652846/Output/new output_0070.tif /mnt/lsdi/ocm12652846/ocm12652846/Output/new output_0071.tif /mnt/lsdi/ocm12652846/ocm12652846/Output/new output_0072.tif /mnt/lsdi/ocm12652846/ocm12652846/Output/new output_0073.tif /mnt/lsdi/ocm12652846/ocm12652846/Output/new output_0074.tif /mnt/lsdi/ocm12652846/ocm12652846/Output/new output_0075.tif /mnt/lsdi/ocm12652846/ocm12652846/Output/new output_0076.tif /mnt/lsdi/ocm12652846/ocm12652846/Output/new output_0077.tif /mnt/lsdi/ocm12652846/ocm12652846/Output/new output_0078.tif /mnt/lsdi/ocm12652846/ocm12652846/Output/new output_0079.tif /mnt/lsdi/ocm12652846/ocm12652846/Output/new output_0080.tif /mnt/lsdi/ocm12652846/ocm12652846/Output/new output_0081.tif /mnt/lsdi/ocm12652846/ocm12652846/Output/new output_0082.tif /mnt/lsdi/ocm12652846/ocm12652846/Output/new output_0083.tif /mnt/lsdi/ocm12652846/ocm12652846/Output/new output_0084.tif /mnt/lsdi/ocm12652846/ocm12652846/Output/new output_0085.tif /mnt/lsdi/ocm12652846/ocm12652846/Output/new output_0086.tif /mnt/lsdi/ocm12652846/ocm12652846/Output/new output_0087.tif /mnt/lsdi/ocm12652846/ocm12652846/Output/new output_0088.tif /mnt/lsdi/ocm12652846/ocm12652846/Output/new output_0089.tif /mnt/lsdi/ocm12652846/ocm12652846/Output/new output_0090.tif /mnt/lsdi/ocm12652846/ocm12652846/Output/new output_0091.tif /mnt/lsdi/ocm12652846/ocm12652846/Output/new output_0092.tif /mnt/lsdi/ocm12652846/ocm12652846/Output/new output_0093.tif /mnt/lsdi/ocm12652846/ocm12652846/Output/new output_0094.tif /mnt/lsdi/ocm12652846/ocm12652846/Output/new output_0095.tif /mnt/lsdi/ocm12652846/ocm12652846/Output/new output_0096.tif /mnt/lsdi/ocm12652846/ocm12652846/Output/new output_0097.tif /mnt/lsdi/ocm12652846/ocm12652846/Output/new output_0098.tif /mnt/lsdi/ocm12652846/ocm12652846/Output/new output_0099.tif /mnt/lsdi/ocm12652846/ocm12652846/Output/new output_0100.tif /mnt/lsdi/ocm12652846/ocm12652846/Output/new output_0101.tif /mnt/lsdi/ocm12652846/ocm12652846/Output/new output_0102.tif /mnt/lsdi/ocm12652846/ocm12652846/Output/new output_0103.tif /mnt/lsdi/ocm12652846/ocm12652846/Output/new output_0104.tif /mnt/lsdi/ocm12652846/ocm12652846/Output/new output_0105.tif /mnt/lsdi/ocm12652846/ocm12652846/Output/new output_0106.tif /mnt/lsdi/ocm12652846/ocm12652846/Output/new output_0107.tif /mnt/lsdi/ocm12652846/ocm12652846/Output/new output_0108.tif /mnt/lsdi/ocm12652846/ocm12652846/Output/new output_0109.tif /mnt/lsdi/ocm12652846/ocm12652846/Output/new output_0110.tif /mnt/lsdi/ocm12652846/ocm12652846/Output/new output_0111.tif /mnt/lsdi/ocm12652846/ocm12652846/Output/new output_0112.tif /mnt/lsdi/ocm12652846/ocm12652846/Output/new output_0113.tif /mnt/lsdi/ocm12652846/ocm12652846/Output/new output_0114.tif /mnt/lsdi/ocm12652846/ocm12652846/Output/new output_0115.tif /mnt/lsdi/ocm12652846/ocm12652846/Output/new output_0116.tif /mnt/lsdi/ocm12652846/ocm12652846/Output/new output_0117.tif /mnt/lsdi/ocm12652846/ocm12652846/Output/new output_0118.tif /mnt/lsdi/ocm12652846/ocm12652846/Output/new output_0119.tif /mnt/lsdi/ocm12652846/ocm12652846/Output/new output_0120.tif /mnt/lsdi/ocm12652846/ocm12652846/Output/new output_0121.tif /mnt/lsdi/ocm12652846/ocm12652846/Output/new output_0122.tif /mnt/lsdi/ocm12652846/ocm12652846/Output/new output_0123.tif /mnt/lsdi/ocm12652846/ocm12652846/Output/new output_0124.tif /mnt/lsdi/ocm12652846/ocm12652846/Output/new output_0125.tif /mnt/lsdi/ocm12652846/ocm12652846/Output/new output_0126.tif /mnt/lsdi/ocm12652846/ocm12652846/Output/new output_0127.tif /mnt/lsdi/ocm12652846/ocm12652846/Output/new output_0128.tif /mnt/lsdi/ocm12652846/ocm12652846/Output/new output_0129.tif /mnt/lsdi/ocm12652846/ocm12652846/Output/new output_0130.tif /mnt/lsdi/ocm12652846/ocm12652846/Output/new output_0131.tif /mnt/lsdi/ocm12652846/ocm12652846/Output/new output_0132.tif /mnt/lsdi/ocm12652846/ocm12652846/Output/new output_0133.tif /mnt/lsdi/ocm12652846/ocm12652846/Output/new output_0134.tif /mnt/lsdi/ocm12652846/ocm12652846/Output/new output_0135.tif /mnt/lsdi/ocm12652846/ocm12652846/Output/new output_0136.tif /mnt/lsdi/ocm12652846/ocm12652846/Output/new output_0137.tif /mnt/lsdi/ocm12652846/ocm12652846/Output/new output_0138.tif /mnt/lsdi/ocm12652846/ocm12652846/Output/new output_0139.tif /mnt/lsdi/ocm12652846/ocm12652846/Output/new output_0140.tif /mnt/lsdi/ocm12652846/ocm12652846/Output/new output_0141.tif /mnt/lsdi/ocm12652846/ocm12652846/Output/new output_0142.tif /mnt/lsdi/ocm12652846/ocm12652846/Output/new output_0143.tif /mnt/lsdi/ocm12652846/ocm12652846/Output/new output_0144.tif /mnt/lsdi/ocm12652846/ocm12652846/Output/new output_0145.tif /mnt/lsdi/ocm12652846/ocm12652846/Output/new output_0146.tif /mnt/lsdi/ocm12652846/ocm12652846/Output/new output_0147.tif /mnt/lsdi/ocm12652846/ocm12652846/Output/new output_0148.tif /mnt/lsdi/ocm12652846/ocm12652846/Output/new output_0149.tif /mnt/lsdi/ocm12652846/ocm12652846/Output/new output_0150.tif /mnt/lsdi/ocm12652846/ocm12652846/Output/new output_0151.tif /mnt/lsdi/ocm12652846/ocm12652846/Output/new output_0152.tif /mnt/lsdi/ocm12652846/ocm12652846/Output/new output_0153.tif /mnt/lsdi/ocm12652846/ocm12652846/Output/new output_0154.tif /mnt/lsdi/ocm12652846/ocm12652846/Output/new output_0155.tif /mnt/lsdi/ocm12652846/ocm12652846/Output/new output_0156.tif /mnt/lsdi/ocm12652846/ocm12652846/Output/new output_0157.tif /mnt/lsdi/ocm12652846/ocm12652846/Output/new output_0158.tif /mnt/lsdi/ocm12652846/ocm12652846/Output/new output_0159.tif /mnt/lsdi/ocm12652846/ocm12652846/Output/new output_0160.tif /mnt/lsdi/ocm12652846/ocm12652846/Output/new output_0161.tif /mnt/lsdi/ocm12652846/ocm12652846/Output/new output_0162.tif /mnt/lsdi/ocm12652846/ocm12652846/Output/new output_0163.tif /mnt/lsdi/ocm12652846/ocm12652846/Output/new output_0164.tif /mnt/lsdi/ocm12652846/ocm12652846/Output/new output_0165.tif /mnt/lsdi/ocm12652846/ocm12652846/Output/new output_0166.tif /mnt/lsdi/ocm12652846/ocm12652846/Output/new output_0167.tif /mnt/lsdi/ocm12652846/ocm12652846/Output/new output_0168.tif /mnt/lsdi/ocm12652846/ocm12652846/Output/new output_0169.tif /mnt/lsdi/ocm12652846/ocm12652846/Output/new output_0170.tif /mnt/lsdi/ocm12652846/ocm12652846/Output/new output_0171.tif /mnt/lsdi/ocm12652846/ocm12652846/Output/new output_0172.tif /mnt/lsdi/ocm12652846/ocm12652846/Output/new output_0173.tif /mnt/lsdi/ocm12652846/ocm12652846/Output/new output_0174.tif /mnt/lsdi/ocm12652846/ocm12652846/Output/new output_0175.tif /mnt/lsdi/ocm12652846/ocm12652846/Output/new output_0176.tif /mnt/lsdi/ocm12652846/ocm12652846/Output/new output_0177.tif /mnt/lsdi/ocm12652846/ocm12652846/Output/new output_0178.tif /mnt/lsdi/ocm12652846/ocm12652846/Output/new output_0179.tif /mnt/lsdi/ocm12652846/ocm12652846/Output/new output_0180.tif /mnt/lsdi/ocm12652846/ocm12652846/Output/new output_0181.tif /mnt/lsdi/ocm12652846/ocm12652846/Output/new output_0182.tif /mnt/lsdi/ocm12652846/ocm12652846/Output/new output_0183.tif /mnt/lsdi/ocm12652846/ocm12652846/Output/new output_0184.tif /mnt/lsdi/ocm12652846/ocm12652846/Output/new output_0185.tif /mnt/lsdi/ocm12652846/ocm12652846/Output/new output_0186.tif /mnt/lsdi/ocm12652846/ocm12652846/Output/new output_0187.tif /mnt/lsdi/ocm12652846/ocm12652846/Output/new output_0188.tif /mnt/lsdi/ocm12652846/ocm12652846/Output/new output_0189.tif /mnt/lsdi/ocm12652846/ocm12652846/Output/new output_0190.tif /mnt/lsdi/ocm12652846/ocm12652846/Output/new output_0191.tif /mnt/lsdi/ocm12652846/ocm12652846/Output/new output_0192.tif /mnt/lsdi/ocm12652846/ocm12652846/Output/new output_0193.tif /mnt/lsdi/ocm12652846/ocm12652846/Output/new output_0194.tif /mnt/lsdi/ocm12652846/ocm12652846/Output/new output_0195.tif /mnt/lsdi/ocm12652846/ocm12652846/Output/new output_0196.tif /mnt/lsdi/ocm12652846/ocm12652846/Output/new output_0197.tif /mnt/lsdi/ocm12652846/ocm12652846/Output/new output_0198.tif /mnt/lsdi/ocm12652846/ocm12652846/Output/new output_0199.tif /mnt/lsdi/ocm12652846/ocm12652846/Output/new output_0200.tif /mnt/lsdi/ocm12652846/ocm12652846/Output/new output_0201.tif /mnt/lsdi/ocm12652846/ocm12652846/Output/new output_0202.tif /mnt/lsdi/ocm12652846/ocm12652846/Output/new output_0203.tif /mnt/lsdi/ocm12652846/ocm12652846/Output/new output_0204.tif /mnt/lsdi/ocm12652846/ocm12652846/Output/new output_0205.tif /mnt/lsdi/ocm12652846/ocm12652846/Output/new output_0206.tif /mnt/lsdi/ocm12652846/ocm12652846/Output/new output_0207.tif /mnt/lsdi/ocm12652846/ocm12652846/Output/new output_0208.tif /mnt/lsdi/ocm12652846/ocm12652846/Output/new output_0209.tif /mnt/lsdi/ocm12652846/ocm12652846/Output/new output_0210.tif /mnt/lsdi/ocm12652846/ocm12652846/Output/new output_0211.tif /mnt/lsdi/ocm12652846/ocm12652846/Output/new output_0212.tif /mnt/lsdi/ocm12652846/ocm12652846/Output/new output_0213.tif /mnt/lsdi/ocm12652846/ocm12652846/Output/new output_0214.tif /mnt/lsdi/ocm12652846/ocm12652846/Output/new output_0215.tif /mnt/lsdi/ocm12652846/ocm12652846/Output/new output_0216.tif /mnt/lsdi/ocm12652846/ocm12652846/Output/new output_0217.tif /mnt/lsdi/ocm12652846/ocm12652846/Output/new output_0218.tif /mnt/lsdi/ocm12652846/ocm12652846/Output/new output_0219.tif /mnt/lsdi/ocm12652846/ocm12652846/Output/new output_0220.tif /mnt/lsdi/ocm12652846/ocm12652846/Output/new output_0221.tif /mnt/lsdi/ocm12652846/ocm12652846/Output/new output_0222.tif /mnt/lsdi/ocm12652846/ocm12652846/Output/new output_0223.tif /mnt/lsdi/ocm12652846/ocm12652846/Output/new output_0224.tif /mnt/lsdi/ocm12652846/ocm12652846/Output/new output_0225.tif /mnt/lsdi/ocm12652846/ocm12652846/Output/new output_0226.tif /mnt/lsdi/ocm12652846/ocm12652846/Output/new output_0227.tif /mnt/lsdi/ocm12652846/ocm12652846/Output/new output_0228.tif /mnt/lsdi/ocm12652846/ocm12652846/Output/new output_0229.tif /mnt/lsdi/ocm12652846/ocm12652846/Output/new output_0230.tif /mnt/lsdi/ocm12652846/ocm12652846/Output/new output_0231.tif /mnt/lsdi/ocm12652846/ocm12652846/Output/new output_0232.tif /mnt/lsdi/ocm12652846/ocm12652846/Output/new output_0233.tif /mnt/lsdi/ocm12652846/ocm12652846/Output/new output_0234.tif /mnt/lsdi/ocm12652846/ocm12652846/Output/new output_0235.tif /mnt/lsdi/ocm12652846/ocm12652846/Output/new output_0236.tif /mnt/lsdi/ocm12652846/ocm12652846/Output/new output_0237.tif /mnt/lsdi/ocm12652846/ocm12652846/Output/new output_0238.tif /mnt/lsdi/ocm12652846/ocm12652846/Output/new output_0239.tif /mnt/lsdi/ocm12652846/ocm12652846/Output/new output_0240.tif /mnt/lsdi/ocm12652846/ocm12652846/Output/new output_0241.tif /mnt/lsdi/ocm12652846/ocm12652846/Output/new output_0242.tif /mnt/lsdi/ocm12652846/ocm12652846/Output/new output_0243.tif /mnt/lsdi/ocm12652846/ocm12652846/Output/new output_0244.tif /mnt/lsdi/ocm12652846/ocm12652846/Output/new output_0245.tif /mnt/lsdi/ocm12652846/ocm12652846/Output/new output_0246.tif /mnt/lsdi/ocm12652846/ocm12652846/Output/new output_0247.tif /mnt/lsdi/ocm12652846/ocm12652846/Output/new output_0248.tif /mnt/lsdi/ocm12652846/ocm12652846/Output/new output_0249.tif /mnt/lsdi/ocm12652846/ocm12652846/Output/new output_0250.tif /mnt/lsdi/ocm12652846/ocm12652846/Output/new output_0251.tif /mnt/lsdi/ocm12652846/ocm12652846/Output/new output_0252.tif /mnt/lsdi/ocm12652846/ocm12652846/Output/new output_0253.tif /mnt/lsdi/ocm12652846/ocm12652846/Output/new output_0254.tif /mnt/lsdi/ocm12652846/ocm12652846/Output/new output_0255.tif /mnt/lsdi/ocm12652846/ocm12652846/Output/new output_0256.tif /mnt/lsdi/ocm12652846/ocm12652846/Output/new output_0257.tif /mnt/lsdi/ocm12652846/ocm12652846/Output/new output_0258.tif /mnt/lsdi/ocm12652846/ocm12652846/Output/new output_0259.tif /mnt/lsdi/ocm12652846/ocm12652846/Output/new output_0260.tif /mnt/lsdi/ocm12652846/ocm12652846/Output/new output_0261.tif /mnt/lsdi/ocm12652846/ocm12652846/Output/new output_0262.tif /mnt/lsdi/ocm12652846/ocm12652846/Output/new output_0263.tif /mnt/lsdi/ocm12652846/ocm12652846/Output/new output_0264.tif /mnt/lsdi/ocm12652846/ocm12652846/Output/new output_0265.tif /mnt/lsdi/ocm12652846/ocm12652846/Output/new output_0266.tif /mnt/lsdi/ocm12652846/ocm12652846/Output/new output_0267.tif /mnt/lsdi/ocm12652846/ocm12652846/Output/new output_0268.tif /mnt/lsdi/ocm12652846/ocm12652846/Output/new output_0269.tif /mnt/lsdi/ocm12652846/ocm12652846/Output/new output_0270.tif /mnt/lsdi/ocm12652846/ocm12652846/Output/new output_0271.tif /mnt/lsdi/ocm12652846/ocm12652846/Output/new output_0272.tif /mnt/lsdi/ocm12652846/ocm12652846/Output/new output_0273.tif /mnt/lsdi/ocm12652846/ocm12652846/Output/new output_0274.tif /mnt/lsdi/ocm12652846/ocm12652846/Output/new output_0275.tif /mnt/lsdi/ocm12652846/ocm12652846/Output/new output_0276.tif /mnt/lsdi/ocm12652846/ocm12652846/Output/new output_0277.tif /mnt/lsdi/ocm12652846/ocm12652846/Output/new output_0278.tif /mnt/lsdi/ocm12652846/ocm12652846/Output/new output_0279.tif /mnt/lsdi/ocm12652846/ocm12652846/Output/new output_0280.tif /mnt/lsdi/ocm12652846/ocm12652846/Output/new output_0281.tif /mnt/lsdi/ocm12652846/ocm12652846/Output/new output_0282.tif /mnt/lsdi/ocm12652846/ocm12652846/Output/new output_0283.tif /mnt/lsdi/ocm12652846/ocm12652846/Output/new output_0284.tif /mnt/lsdi/ocm12652846/ocm12652846/Output/new output_0285.tif /mnt/lsdi/ocm12652846/ocm12652846/Output/new output_0286.tif /mnt/lsdi/ocm12652846/ocm12652846/Output/new output_0287.tif /mnt/lsdi/ocm12652846/ocm12652846/Output/new output_0288.tif /mnt/lsdi/ocm12652846/ocm12652846/Output/new output_0289.tif /mnt/lsdi/ocm12652846/ocm12652846/Output/new output_0290.tif /mnt/lsdi/ocm12652846/ocm12652846/Output/new output_0291.tif /mnt/lsdi/ocm12652846/ocm12652846/Output/new output_0292.tif /mnt/lsdi/ocm12652846/ocm12652846/Output/new output_0293.tif /mnt/lsdi/ocm12652846/ocm12652846/Output/new output_0294.tif /mnt/lsdi/ocm12652846/ocm12652846/Output/new output_0295.tif /mnt/lsdi/ocm12652846/ocm12652846/Output/new output_0296.tif /mnt/lsdi/ocm12652846/ocm12652846/Output/new output_0297.tif /mnt/lsdi/ocm12652846/ocm12652846/Output/new output_0298.tif /mnt/lsdi/ocm12652846/ocm12652846/Output/new output_0299.tif /mnt/lsdi/ocm12652846/ocm12652846/Output/new output_0300.tif /mnt/lsdi/ocm12652846/ocm12652846/Output/new output_0301.tif /mnt/lsdi/ocm12652846/ocm12652846/Output/new output_0302.tif /mnt/lsdi/ocm12652846/ocm12652846/Output/new output_0303.tif /mnt/lsdi/ocm12652846/ocm12652846/Output/new output_0304.tif /mnt/lsdi/ocm12652846/ocm12652846/Output/new output_0305.tif /mnt/lsdi/ocm12652846/ocm12652846/Output/new output_0306.tif
  adding: mnt/lsdi/ocm12652846/ocm12652846/Output/new output_0001.tif (deflated 81%)
  adding: mnt/lsdi/ocm12652846/ocm12652846/Output/new output_0002.tif (deflated 6%)
  adding: mnt/lsdi/ocm12652846/ocm12652846/Output/new output_0003.tif (deflated 10%)
  adding: mnt/lsdi/ocm12652846/ocm12652846/Output/new output_0004.tif (deflated 4%)
  adding: mnt/lsdi/ocm12652846/ocm12652846/Output/new output_0005.tif (deflated 4%)
  adding: mnt/lsdi/ocm12652846/ocm12652846/Output/new output_0006.tif (deflated 4%)
  adding: mnt/lsdi/ocm12652846/ocm12652846/Output/new output_0007.tif (deflated 5%)
  adding: mnt/lsdi/ocm12652846/ocm12652846/Output/new output_0008.tif (deflated 4%)
  adding: mnt/lsdi/ocm12652846/ocm12652846/Output/new output_0009.tif (deflated 7%)
  adding: mnt/lsdi/ocm12652846/ocm12652846/Output/new output_0010.tif (deflated 4%)
  adding: mnt/lsdi/ocm12652846/ocm12652846/Output/new output_0011.tif (deflated 4%)
  adding: mnt/lsdi/ocm12652846/ocm12652846/Output/new output_0012.tif (deflated 4%)
  adding: mnt/lsdi/ocm12652846/ocm12652846/Output/new output_0013.tif (deflated 5%)
  adding: mnt/lsdi/ocm12652846/ocm12652846/Output/new output_0014.tif (deflated 8%)
  adding: mnt/lsdi/ocm12652846/ocm12652846/Output/new output_0015.tif (deflated 81%)
  adding: mnt/lsdi/ocm12652846/ocm12652846/Output/new output_0016.tif (deflated 4%)
  adding: mnt/lsdi/ocm12652846/ocm12652846/Output/new output_0017.tif (deflated 4%)
  adding: mnt/lsdi/ocm12652846/ocm12652846/Output/new output_0018.tif (deflated 4%)
  adding: mnt/lsdi/ocm12652846/ocm12652846/Output/new output_0019.tif (deflated 4%)
  adding: mnt/lsdi/ocm12652846/ocm12652846/Output/new output_0020.tif (deflated 3%)
  adding: mnt/lsdi/ocm12652846/ocm12652846/Output/new output_0021.tif (deflated 4%)
  adding: mnt/lsdi/ocm12652846/ocm12652846/Output/new output_0022.tif (deflated 4%)
  adding: mnt/lsdi/ocm12652846/ocm12652846/Output/new output_0023.tif (deflated 4%)
  adding: mnt/lsdi/ocm12652846/ocm12652846/Output/new output_0024.tif (deflated 4%)
  adding: mnt/lsdi/ocm12652846/ocm12652846/Output/new output_0025.tif (deflated 8%)
  adding: mnt/lsdi/ocm12652846/ocm12652846/Output/new output_0026.tif (deflated 4%)
  adding: mnt/lsdi/ocm12652846/ocm12652846/Output/new output_0027.tif (deflated 3%)
  adding: mnt/lsdi/ocm12652846/ocm12652846/Output/new output_0028.tif (deflated 4%)
  adding: mnt/lsdi/ocm12652846/ocm12652846/Output/new output_0029.tif (deflated 3%)
  adding: mnt/lsdi/ocm12652846/ocm12652846/Output/new output_0030.tif (deflated 3%)
  adding: mnt/lsdi/ocm12652846/ocm12652846/Output/new output_0031.tif (deflated 3%)
  adding: mnt/lsdi/ocm12652846/ocm12652846/Output/new output_0032.tif (deflated 3%)
  adding: mnt/lsdi/ocm12652846/ocm12652846/Output/new output_0033.tif (deflated 3%)
  adding: mnt/lsdi/ocm12652846/ocm12652846/Output/new output_0034.tif (deflated 3%)
  adding: mnt/lsdi/ocm12652846/ocm12652846/Output/new output_0035.tif (deflated 4%)
  adding: mnt/lsdi/ocm12652846/ocm12652846/Output/new output_0036.tif (deflated 4%)
  adding: mnt/lsdi/ocm12652846/ocm12652846/Output/new output_0037.tif (deflated 3%)
  adding: mnt/lsdi/ocm12652846/ocm12652846/Output/new output_0038.tif (deflated 4%)
  adding: mnt/lsdi/ocm12652846/ocm12652846/Output/new output_0039.tif (deflated 4%)
  adding: mnt/lsdi/ocm12652846/ocm12652846/Output/new output_0040.tif (deflated 4%)
  adding: mnt/lsdi/ocm12652846/ocm12652846/Output/new output_0041.tif (deflated 3%)
  adding: mnt/lsdi/ocm12652846/ocm12652846/Output/new output_0042.tif (deflated 3%)
  adding: mnt/lsdi/ocm12652846/ocm12652846/Output/new output_0043.tif (deflated 4%)
  adding: mnt/lsdi/ocm12652846/ocm12652846/Output/new output_0044.tif (deflated 4%)
  adding: mnt/lsdi/ocm12652846/ocm12652846/Output/new output_0045.tif (deflated 3%)
  adding: mnt/lsdi/ocm12652846/ocm12652846/Output/new output_0046.tif (deflated 3%)
  adding: mnt/lsdi/ocm12652846/ocm12652846/Output/new output_0047.tif (deflated 4%)
  adding: mnt/lsdi/ocm12652846/ocm12652846/Output/new output_0048.tif (deflated 4%)
  adding: mnt/lsdi/ocm12652846/ocm12652846/Output/new output_0049.tif (deflated 3%)
  adding: mnt/lsdi/ocm12652846/ocm12652846/Output/new output_0050.tif (deflated 4%)
  adding: mnt/lsdi/ocm12652846/ocm12652846/Output/new output_0051.tif (deflated 5%)
  adding: mnt/lsdi/ocm12652846/ocm12652846/Output/new output_0052.tif (deflated 4%)
  adding: mnt/lsdi/ocm12652846/ocm12652846/Output/new output_0053.tif (deflated 4%)
  adding: mnt/lsdi/ocm12652846/ocm12652846/Output/new output_0054.tif (deflated 4%)
  adding: mnt/lsdi/ocm12652846/ocm12652846/Output/new output_0055.tif (deflated 4%)
  adding: mnt/lsdi/ocm12652846/ocm12652846/Output/new output_0056.tif (deflated 3%)
  adding: mnt/lsdi/ocm12652846/ocm12652846/Output/new output_0057.tif (deflated 4%)
  adding: mnt/lsdi/ocm12652846/ocm12652846/Output/new output_0058.tif (deflated 4%)
  adding: mnt/lsdi/ocm12652846/ocm12652846/Output/new output_0059.tif (deflated 4%)
  adding: mnt/lsdi/ocm12652846/ocm12652846/Output/new output_0060.tif (deflated 4%)
  adding: mnt/lsdi/ocm12652846/ocm12652846/Output/new output_0061.tif (deflated 4%)
  adding: mnt/lsdi/ocm12652846/ocm12652846/Output/new output_0062.tif (deflated 3%)
  adding: mnt/lsdi/ocm12652846/ocm12652846/Output/new output_0063.tif (deflated 4%)
  adding: mnt/lsdi/ocm12652846/ocm12652846/Output/new output_0064.tif (deflated 4%)
  adding: mnt/lsdi/ocm12652846/ocm12652846/Output/new output_0065.tif (deflated 4%)
  adding: mnt/lsdi/ocm12652846/ocm12652846/Output/new output_0066.tif (deflated 4%)
  adding: mnt/lsdi/ocm12652846/ocm12652846/Output/new output_0067.tif (deflated 4%)
  adding: mnt/lsdi/ocm12652846/ocm12652846/Output/new output_0068.tif (deflated 4%)
  adding: mnt/lsdi/ocm12652846/ocm12652846/Output/new output_0069.tif (deflated 4%)
  adding: mnt/lsdi/ocm12652846/ocm12652846/Output/new output_0070.tif (deflated 4%)
  adding: mnt/lsdi/ocm12652846/ocm12652846/Output/new output_0071.tif (deflated 4%)
  adding: mnt/lsdi/ocm12652846/ocm12652846/Output/new output_0072.tif (deflated 4%)
  adding: mnt/lsdi/ocm12652846/ocm12652846/Output/new output_0073.tif (deflated 4%)
  adding: mnt/lsdi/ocm12652846/ocm12652846/Output/new output_0074.tif (deflated 4%)
  adding: mnt/lsdi/ocm12652846/ocm12652846/Output/new output_0075.tif (deflated 4%)
  adding: mnt/lsdi/ocm12652846/ocm12652846/Output/new output_0076.tif (deflated 3%)
  adding: mnt/lsdi/ocm12652846/ocm12652846/Output/new output_0077.tif (deflated 4%)
  adding: mnt/lsdi/ocm12652846/ocm12652846/Output/new output_0078.tif (deflated 4%)
  adding: mnt/lsdi/ocm12652846/ocm12652846/Output/new output_0079.tif (deflated 4%)
  adding: mnt/lsdi/ocm12652846/ocm12652846/Output/new output_0080.tif (deflated 4%)
  adding: mnt/lsdi/ocm12652846/ocm12652846/Output/new output_0081.tif (deflated 4%)
  adding: mnt/lsdi/ocm12652846/ocm12652846/Output/new output_0082.tif (deflated 4%)
  adding: mnt/lsdi/ocm12652846/ocm12652846/Output/new output_0083.tif (deflated 4%)
  adding: mnt/lsdi/ocm12652846/ocm12652846/Output/new output_0084.tif (deflated 4%)
  adding: mnt/lsdi/ocm12652846/ocm12652846/Output/new output_0085.tif (deflated 4%)
  adding: mnt/lsdi/ocm12652846/ocm12652846/Output/new output_0086.tif (deflated 4%)
  adding: mnt/lsdi/ocm12652846/ocm12652846/Output/new output_0087.tif (deflated 4%)
  adding: mnt/lsdi/ocm12652846/ocm12652846/Output/new output_0088.tif (deflated 4%)
  adding: mnt/lsdi/ocm12652846/ocm12652846/Output/new output_0089.tif (deflated 4%)
  adding: mnt/lsdi/ocm12652846/ocm12652846/Output/new output_0090.tif (deflated 3%)
  adding: mnt/lsdi/ocm12652846/ocm12652846/Output/new output_0091.tif (deflated 4%)
  adding: mnt/lsdi/ocm12652846/ocm12652846/Output/new output_0092.tif (deflated 4%)
  adding: mnt/lsdi/ocm12652846/ocm12652846/Output/new output_0093.tif (deflated 4%)
  adding: mnt/lsdi/ocm12652846/ocm12652846/Output/new output_0094.tif (deflated 4%)
  adding: mnt/lsdi/ocm12652846/ocm12652846/Output/new output_0095.tif (deflated 3%)
  adding: mnt/lsdi/ocm12652846/ocm12652846/Output/new output_0096.tif (deflated 3%)
  adding: mnt/lsdi/ocm12652846/ocm12652846/Output/new output_0097.tif (deflated 4%)
  adding: mnt/lsdi/ocm12652846/ocm12652846/Output/new output_0098.tif (deflated 4%)
  adding: mnt/lsdi/ocm12652846/ocm12652846/Output/new output_0099.tif (deflated 4%)
  adding: mnt/lsdi/ocm12652846/ocm12652846/Output/new output_0100.tif (deflated 4%)
  adding: mnt/lsdi/ocm12652846/ocm12652846/Output/new output_0101.tif (deflated 4%)
  adding: mnt/lsdi/ocm12652846/ocm12652846/Output/new output_0102.tif (deflated 4%)
  adding: mnt/lsdi/ocm12652846/ocm12652846/Output/new output_0103.tif (deflated 4%)
  adding: mnt/lsdi/ocm12652846/ocm12652846/Output/new output_0104.tif (deflated 4%)
  adding: mnt/lsdi/ocm12652846/ocm12652846/Output/new output_0105.tif (deflated 4%)
  adding: mnt/lsdi/ocm12652846/ocm12652846/Output/new output_0106.tif (deflated 4%)
  adding: mnt/lsdi/ocm12652846/ocm12652846/Output/new output_0107.tif (deflated 4%)
  adding: mnt/lsdi/ocm12652846/ocm12652846/Output/new output_0108.tif (deflated 4%)
  adding: mnt/lsdi/ocm12652846/ocm12652846/Output/new output_0109.tif (deflated 4%)
  adding: mnt/lsdi/ocm12652846/ocm12652846/Output/new output_0110.tif (deflated 4%)
  adding: mnt/lsdi/ocm12652846/ocm12652846/Output/new output_0111.tif (deflated 4%)
  adding: mnt/lsdi/ocm12652846/ocm12652846/Output/new output_0112.tif (deflated 3%)
  adding: mnt/lsdi/ocm12652846/ocm12652846/Output/new output_0113.tif (deflated 4%)
  adding: mnt/lsdi/ocm12652846/ocm12652846/Output/new output_0114.tif (deflated 3%)
  adding: mnt/lsdi/ocm12652846/ocm12652846/Output/new output_0115.tif (deflated 4%)
  adding: mnt/lsdi/ocm12652846/ocm12652846/Output/new output_0116.tif (deflated 3%)
  adding: mnt/lsdi/ocm12652846/ocm12652846/Output/new output_0117.tif (deflated 4%)
  adding: mnt/lsdi/ocm12652846/ocm12652846/Output/new output_0118.tif (deflated 4%)
  adding: mnt/lsdi/ocm12652846/ocm12652846/Output/new output_0119.tif (deflated 4%)
  adding: mnt/lsdi/ocm12652846/ocm12652846/Output/new output_0120.tif (deflated 3%)
  adding: mnt/lsdi/ocm12652846/ocm12652846/Output/new output_0121.tif (deflated 4%)
  adding: mnt/lsdi/ocm12652846/ocm12652846/Output/new output_0122.tif (deflated 4%)
  adding: mnt/lsdi/ocm12652846/ocm12652846/Output/new output_0123.tif (deflated 4%)
  adding: mnt/lsdi/ocm12652846/ocm12652846/Output/new output_0124.tif (deflated 4%)
  adding: mnt/lsdi/ocm12652846/ocm12652846/Output/new output_0125.tif (deflated 4%)
  adding: mnt/lsdi/ocm12652846/ocm12652846/Output/new output_0126.tif (deflated 3%)
  adding: mnt/lsdi/ocm12652846/ocm12652846/Output/new output_0127.tif (deflated 4%)
  adding: mnt/lsdi/ocm12652846/ocm12652846/Output/new output_0128.tif (deflated 4%)
  adding: mnt/lsdi/ocm12652846/ocm12652846/Output/new output_0129.tif (deflated 4%)
  adding: mnt/lsdi/ocm12652846/ocm12652846/Output/new output_0130.tif (deflated 4%)
  adding: mnt/lsdi/ocm12652846/ocm12652846/Output/new output_0131.tif (deflated 4%)
  adding: mnt/lsdi/ocm12652846/ocm12652846/Output/new output_0132.tif (deflated 4%)
  adding: mnt/lsdi/ocm12652846/ocm12652846/Output/new output_0133.tif (deflated 4%)
  adding: mnt/lsdi/ocm12652846/ocm12652846/Output/new output_0134.tif (deflated 4%)
  adding: mnt/lsdi/ocm12652846/ocm12652846/Output/new output_0135.tif (deflated 4%)
  adding: mnt/lsdi/ocm12652846/ocm12652846/Output/new output_0136.tif (deflated 4%)
  adding: mnt/lsdi/ocm12652846/ocm12652846/Output/new output_0137.tif (deflated 5%)
  adding: mnt/lsdi/ocm12652846/ocm12652846/Output/new output_0138.tif (deflated 4%)
  adding: mnt/lsdi/ocm12652846/ocm12652846/Output/new output_0139.tif (deflated 4%)
  adding: mnt/lsdi/ocm12652846/ocm12652846/Output/new output_0140.tif (deflated 4%)
  adding: mnt/lsdi/ocm12652846/ocm12652846/Output/new output_0141.tif (deflated 4%)
  adding: mnt/lsdi/ocm12652846/ocm12652846/Output/new output_0142.tif (deflated 4%)
  adding: mnt/lsdi/ocm12652846/ocm12652846/Output/new output_0143.tif (deflated 4%)
  adding: mnt/lsdi/ocm12652846/ocm12652846/Output/new output_0144.tif (deflated 4%)
  adding: mnt/lsdi/ocm12652846/ocm12652846/Output/new output_0145.tif (deflated 4%)
  adding: mnt/lsdi/ocm12652846/ocm12652846/Output/new output_0146.tif (deflated 4%)
  adding: mnt/lsdi/ocm12652846/ocm12652846/Output/new output_0147.tif (deflated 4%)
  adding: mnt/lsdi/ocm12652846/ocm12652846/Output/new output_0148.tif (deflated 4%)
  adding: mnt/lsdi/ocm12652846/ocm12652846/Output/new output_0149.tif (deflated 4%)
  adding: mnt/lsdi/ocm12652846/ocm12652846/Output/new output_0150.tif (deflated 4%)
  adding: mnt/lsdi/ocm12652846/ocm12652846/Output/new output_0151.tif (deflated 4%)
  adding: mnt/lsdi/ocm12652846/ocm12652846/Output/new output_0152.tif (deflated 4%)
  adding: mnt/lsdi/ocm12652846/ocm12652846/Output/new output_0153.tif (deflated 4%)
  adding: mnt/lsdi/ocm12652846/ocm12652846/Output/new output_0154.tif (deflated 4%)
  adding: mnt/lsdi/ocm12652846/ocm12652846/Output/new output_0155.tif (deflated 4%)
  adding: mnt/lsdi/ocm12652846/ocm12652846/Output/new output_0156.tif (deflated 4%)
  adding: mnt/lsdi/ocm12652846/ocm12652846/Output/new output_0157.tif (deflated 5%)
  adding: mnt/lsdi/ocm12652846/ocm12652846/Output/new output_0158.tif (deflated 4%)
  adding: mnt/lsdi/ocm12652846/ocm12652846/Output/new output_0159.tif (deflated 4%)
  adding: mnt/lsdi/ocm12652846/ocm12652846/Output/new output_0160.tif (deflated 4%)
  adding: mnt/lsdi/ocm12652846/ocm12652846/Output/new output_0161.tif (deflated 4%)
  adding: mnt/lsdi/ocm12652846/ocm12652846/Output/new output_0162.tif (deflated 3%)
  adding: mnt/lsdi/ocm12652846/ocm12652846/Output/new output_0163.tif (deflated 4%)
  adding: mnt/lsdi/ocm12652846/ocm12652846/Output/new output_0164.tif (deflated 4%)
  adding: mnt/lsdi/ocm12652846/ocm12652846/Output/new output_0165.tif (deflated 4%)
  adding: mnt/lsdi/ocm12652846/ocm12652846/Output/new output_0166.tif (deflated 3%)
  adding: mnt/lsdi/ocm12652846/ocm12652846/Output/new output_0167.tif (deflated 4%)
  adding: mnt/lsdi/ocm12652846/ocm12652846/Output/new output_0168.tif (deflated 4%)
  adding: mnt/lsdi/ocm12652846/ocm12652846/Output/new output_0169.tif (deflated 6%)
  adding: mnt/lsdi/ocm12652846/ocm12652846/Output/new output_0170.tif (deflated 4%)
  adding: mnt/lsdi/ocm12652846/ocm12652846/Output/new output_0171.tif (deflated 4%)
  adding: mnt/lsdi/ocm12652846/ocm12652846/Output/new output_0172.tif (deflated 4%)
  adding: mnt/lsdi/ocm12652846/ocm12652846/Output/new output_0173.tif (deflated 4%)
  adding: mnt/lsdi/ocm12652846/ocm12652846/Output/new output_0174.tif (deflated 4%)
  adding: mnt/lsdi/ocm12652846/ocm12652846/Output/new output_0175.tif (deflated 4%)
  adding: mnt/lsdi/ocm12652846/ocm12652846/Output/new output_0176.tif (deflated 4%)
  adding: mnt/lsdi/ocm12652846/ocm12652846/Output/new output_0177.tif (deflated 4%)
  adding: mnt/lsdi/ocm12652846/ocm12652846/Output/new output_0178.tif (deflated 4%)
  adding: mnt/lsdi/ocm12652846/ocm12652846/Output/new output_0179.tif (deflated 4%)
  adding: mnt/lsdi/ocm12652846/ocm12652846/Output/new output_0180.tif (deflated 4%)
  adding: mnt/lsdi/ocm12652846/ocm12652846/Output/new output_0181.tif (deflated 4%)
  adding: mnt/lsdi/ocm12652846/ocm12652846/Output/new output_0182.tif (deflated 4%)
  adding: mnt/lsdi/ocm12652846/ocm12652846/Output/new output_0183.tif (deflated 4%)
  adding: mnt/lsdi/ocm12652846/ocm12652846/Output/new output_0184.tif (deflated 4%)
  adding: mnt/lsdi/ocm12652846/ocm12652846/Output/new output_0185.tif (deflated 4%)
  adding: mnt/lsdi/ocm12652846/ocm12652846/Output/new output_0186.tif (deflated 4%)
  adding: mnt/lsdi/ocm12652846/ocm12652846/Output/new output_0187.tif (deflated 4%)
  adding: mnt/lsdi/ocm12652846/ocm12652846/Output/new output_0188.tif (deflated 4%)
  adding: mnt/lsdi/ocm12652846/ocm12652846/Output/new output_0189.tif (deflated 4%)
  adding: mnt/lsdi/ocm12652846/ocm12652846/Output/new output_0190.tif (deflated 4%)
  adding: mnt/lsdi/ocm12652846/ocm12652846/Output/new output_0191.tif (deflated 4%)
  adding: mnt/lsdi/ocm12652846/ocm12652846/Output/new output_0192.tif (deflated 4%)
  adding: mnt/lsdi/ocm12652846/ocm12652846/Output/new output_0193.tif (deflated 4%)
  adding: mnt/lsdi/ocm12652846/ocm12652846/Output/new output_0194.tif (deflated 4%)
  adding: mnt/lsdi/ocm12652846/ocm12652846/Output/new output_0195.tif (deflated 4%)
  adding: mnt/lsdi/ocm12652846/ocm12652846/Output/new output_0196.tif (deflated 4%)
  adding: mnt/lsdi/ocm12652846/ocm12652846/Output/new output_0197.tif (deflated 4%)
  adding: mnt/lsdi/ocm12652846/ocm12652846/Output/new output_0198.tif (deflated 3%)
  adding: mnt/lsdi/ocm12652846/ocm12652846/Output/new output_0199.tif (deflated 4%)
  adding: mnt/lsdi/ocm12652846/ocm12652846/Output/new output_0200.tif (deflated 4%)
  adding: mnt/lsdi/ocm12652846/ocm12652846/Output/new output_0201.tif (deflated 4%)
  adding: mnt/lsdi/ocm12652846/ocm12652846/Output/new output_0202.tif (deflated 4%)
  adding: mnt/lsdi/ocm12652846/ocm12652846/Output/new output_0203.tif (deflated 4%)
  adding: mnt/lsdi/ocm12652846/ocm12652846/Output/new output_0204.tif (deflated 4%)
  adding: mnt/lsdi/ocm12652846/ocm12652846/Output/new output_0205.tif (deflated 4%)
  adding: mnt/lsdi/ocm12652846/ocm12652846/Output/new output_0206.tif (deflated 4%)
  adding: mnt/lsdi/ocm12652846/ocm12652846/Output/new output_0207.tif (deflated 4%)
  adding: mnt/lsdi/ocm12652846/ocm12652846/Output/new output_0208.tif (deflated 4%)
  adding: mnt/lsdi/ocm12652846/ocm12652846/Output/new output_0209.tif (deflated 4%)
  adding: mnt/lsdi/ocm12652846/ocm12652846/Output/new output_0210.tif (deflated 3%)
  adding: mnt/lsdi/ocm12652846/ocm12652846/Output/new output_0211.tif (deflated 4%)
  adding: mnt/lsdi/ocm12652846/ocm12652846/Output/new output_0212.tif (deflated 4%)
  adding: mnt/lsdi/ocm12652846/ocm12652846/Output/new output_0213.tif (deflated 4%)
  adding: mnt/lsdi/ocm12652846/ocm12652846/Output/new output_0214.tif (deflated 4%)
  adding: mnt/lsdi/ocm12652846/ocm12652846/Output/new output_0215.tif (deflated 4%)
  adding: mnt/lsdi/ocm12652846/ocm12652846/Output/new output_0216.tif (deflated 4%)
  adding: mnt/lsdi/ocm12652846/ocm12652846/Output/new output_0217.tif (deflated 4%)
  adding: mnt/lsdi/ocm12652846/ocm12652846/Output/new output_0218.tif (deflated 4%)
  adding: mnt/lsdi/ocm12652846/ocm12652846/Output/new output_0219.tif (deflated 4%)
  adding: mnt/lsdi/ocm12652846/ocm12652846/Output/new output_0220.tif (deflated 4%)
  adding: mnt/lsdi/ocm12652846/ocm12652846/Output/new output_0221.tif (deflated 4%)
  adding: mnt/lsdi/ocm12652846/ocm12652846/Output/new output_0222.tif (deflated 3%)
  adding: mnt/lsdi/ocm12652846/ocm12652846/Output/new output_0223.tif (deflated 4%)
  adding: mnt/lsdi/ocm12652846/ocm12652846/Output/new output_0224.tif (deflated 4%)
  adding: mnt/lsdi/ocm12652846/ocm12652846/Output/new output_0225.tif (deflated 4%)
  adding: mnt/lsdi/ocm12652846/ocm12652846/Output/new output_0226.tif (deflated 4%)
  adding: mnt/lsdi/ocm12652846/ocm12652846/Output/new output_0227.tif (deflated 4%)
  adding: mnt/lsdi/ocm12652846/ocm12652846/Output/new output_0228.tif (deflated 4%)
  adding: mnt/lsdi/ocm12652846/ocm12652846/Output/new output_0229.tif (deflated 4%)
  adding: mnt/lsdi/ocm12652846/ocm12652846/Output/new output_0230.tif (deflated 4%)
  adding: mnt/lsdi/ocm12652846/ocm12652846/Output/new output_0231.tif (deflated 4%)
  adding: mnt/lsdi/ocm12652846/ocm12652846/Output/new output_0232.tif (deflated 4%)
  adding: mnt/lsdi/ocm12652846/ocm12652846/Output/new output_0233.tif (deflated 5%)
  adding: mnt/lsdi/ocm12652846/ocm12652846/Output/new output_0234.tif (deflated 4%)
  adding: mnt/lsdi/ocm12652846/ocm12652846/Output/new output_0235.tif (deflated 4%)
  adding: mnt/lsdi/ocm12652846/ocm12652846/Output/new output_0236.tif (deflated 4%)
  adding: mnt/lsdi/ocm12652846/ocm12652846/Output/new output_0237.tif (deflated 4%)
  adding: mnt/lsdi/ocm12652846/ocm12652846/Output/new output_0238.tif (deflated 4%)
  adding: mnt/lsdi/ocm12652846/ocm12652846/Output/new output_0239.tif (deflated 4%)
  adding: mnt/lsdi/ocm12652846/ocm12652846/Output/new output_0240.tif (deflated 4%)
  adding: mnt/lsdi/ocm12652846/ocm12652846/Output/new output_0241.tif (deflated 4%)
  adding: mnt/lsdi/ocm12652846/ocm12652846/Output/new output_0242.tif (deflated 4%)
  adding: mnt/lsdi/ocm12652846/ocm12652846/Output/new output_0243.tif (deflated 4%)
  adding: mnt/lsdi/ocm12652846/ocm12652846/Output/new output_0244.tif (deflated 4%)
  adding: mnt/lsdi/ocm12652846/ocm12652846/Output/new output_0245.tif (deflated 4%)
  adding: mnt/lsdi/ocm12652846/ocm12652846/Output/new output_0246.tif (deflated 4%)
  adding: mnt/lsdi/ocm12652846/ocm12652846/Output/new output_0247.tif (deflated 4%)
  adding: mnt/lsdi/ocm12652846/ocm12652846/Output/new output_0248.tif (deflated 4%)
  adding: mnt/lsdi/ocm12652846/ocm12652846/Output/new output_0249.tif (deflated 4%)
  adding: mnt/lsdi/ocm12652846/ocm12652846/Output/new output_0250.tif (deflated 4%)
  adding: mnt/lsdi/ocm12652846/ocm12652846/Output/new output_0251.tif (deflated 5%)
  adding: mnt/lsdi/ocm12652846/ocm12652846/Output/new output_0252.tif (deflated 4%)
  adding: mnt/lsdi/ocm12652846/ocm12652846/Output/new output_0253.tif (deflated 5%)
  adding: mnt/lsdi/ocm12652846/ocm12652846/Output/new output_0254.tif (deflated 4%)
  adding: mnt/lsdi/ocm12652846/ocm12652846/Output/new output_0255.tif (deflated 4%)
  adding: mnt/lsdi/ocm12652846/ocm12652846/Output/new output_0256.tif (deflated 4%)
  adding: mnt/lsdi/ocm12652846/ocm12652846/Output/new output_0257.tif (deflated 4%)
  adding: mnt/lsdi/ocm12652846/ocm12652846/Output/new output_0258.tif (deflated 4%)
  adding: mnt/lsdi/ocm12652846/ocm12652846/Output/new output_0259.tif (deflated 5%)
  adding: mnt/lsdi/ocm12652846/ocm12652846/Output/new output_0260.tif (deflated 4%)
  adding: mnt/lsdi/ocm12652846/ocm12652846/Output/new output_0261.tif (deflated 4%)
  adding: mnt/lsdi/ocm12652846/ocm12652846/Output/new output_0262.tif (deflated 4%)
  adding: mnt/lsdi/ocm12652846/ocm12652846/Output/new output_0263.tif (deflated 4%)
  adding: mnt/lsdi/ocm12652846/ocm12652846/Output/new output_0264.tif (deflated 4%)
  adding: mnt/lsdi/ocm12652846/ocm12652846/Output/new output_0265.tif (deflated 4%)
  adding: mnt/lsdi/ocm12652846/ocm12652846/Output/new output_0266.tif (deflated 4%)
  adding: mnt/lsdi/ocm12652846/ocm12652846/Output/new output_0267.tif (deflated 5%)
  adding: mnt/lsdi/ocm12652846/ocm12652846/Output/new output_0268.tif (deflated 4%)
  adding: mnt/lsdi/ocm12652846/ocm12652846/Output/new output_0269.tif (deflated 5%)
  adding: mnt/lsdi/ocm12652846/ocm12652846/Output/new output_0270.tif (deflated 4%)
  adding: mnt/lsdi/ocm12652846/ocm12652846/Output/new output_0271.tif (deflated 4%)
  adding: mnt/lsdi/ocm12652846/ocm12652846/Output/new output_0272.tif (deflated 4%)
  adding: mnt/lsdi/ocm12652846/ocm12652846/Output/new output_0273.tif (deflated 4%)
  adding: mnt/lsdi/ocm12652846/ocm12652846/Output/new output_0274.tif (deflated 3%)
  adding: mnt/lsdi/ocm12652846/ocm12652846/Output/new output_0275.tif (deflated 5%)
  adding: mnt/lsdi/ocm12652846/ocm12652846/Output/new output_0276.tif (deflated 4%)
  adding: mnt/lsdi/ocm12652846/ocm12652846/Output/new output_0277.tif (deflated 4%)
  adding: mnt/lsdi/ocm12652846/ocm12652846/Output/new output_0278.tif (deflated 4%)
  adding: mnt/lsdi/ocm12652846/ocm12652846/Output/new output_0279.tif (deflated 4%)
  adding: mnt/lsdi/ocm12652846/ocm12652846/Output/new output_0280.tif (deflated 4%)
  adding: mnt/lsdi/ocm12652846/ocm12652846/Output/new output_0281.tif (deflated 4%)
  adding: mnt/lsdi/ocm12652846/ocm12652846/Output/new output_0282.tif (deflated 4%)
  adding: mnt/lsdi/ocm12652846/ocm12652846/Output/new output_0283.tif (deflated 4%)
  adding: mnt/lsdi/ocm12652846/ocm12652846/Output/new output_0284.tif (deflated 4%)
  adding: mnt/lsdi/ocm12652846/ocm12652846/Output/new output_0285.tif (deflated 4%)
  adding: mnt/lsdi/ocm12652846/ocm12652846/Output/new output_0286.tif (deflated 4%)
  adding: mnt/lsdi/ocm12652846/ocm12652846/Output/new output_0287.tif (deflated 4%)
  adding: mnt/lsdi/ocm12652846/ocm12652846/Output/new output_0288.tif (deflated 4%)
  adding: mnt/lsdi/ocm12652846/ocm12652846/Output/new output_0289.tif (deflated 4%)
  adding: mnt/lsdi/ocm12652846/ocm12652846/Output/new output_0290.tif (deflated 4%)
  adding: mnt/lsdi/ocm12652846/ocm12652846/Output/new output_0291.tif (deflated 4%)
  adding: mnt/lsdi/ocm12652846/ocm12652846/Output/new output_0292.tif (deflated 4%)
  adding: mnt/lsdi/ocm12652846/ocm12652846/Output/new output_0293.tif (deflated 4%)
  adding: mnt/lsdi/ocm12652846/ocm12652846/Output/new output_0294.tif (deflated 4%)
  adding: mnt/lsdi/ocm12652846/ocm12652846/Output/new output_0295.tif (deflated 4%)
  adding: mnt/lsdi/ocm12652846/ocm12652846/Output/new output_0296.tif (deflated 4%)
  adding: mnt/lsdi/ocm12652846/ocm12652846/Output/new output_0297.tif (deflated 4%)
  adding: mnt/lsdi/ocm12652846/ocm12652846/Output/new output_0298.tif (deflated 3%)
  adding: mnt/lsdi/ocm12652846/ocm12652846/Output/new output_0299.tif (deflated 4%)
  adding: mnt/lsdi/ocm12652846/ocm12652846/Output/new output_0300.tif (deflated 14%)
  adding: mnt/lsdi/ocm12652846/ocm12652846/Output/new output_0301.tif (deflated 81%)
  adding: mnt/lsdi/ocm12652846/ocm12652846/Output/new output_0302.tif (deflated 4%)
  adding: mnt/lsdi/ocm12652846/ocm12652846/Output/new output_0303.tif (deflated 4%)
  adding: mnt/lsdi/ocm12652846/ocm12652846/Output/new output_0304.tif (deflated 4%)
  adding: mnt/lsdi/ocm12652846/ocm12652846/Output/new output_0305.tif (deflated 5%)
  adding: mnt/lsdi/ocm12652846/ocm12652846/Output/new output_0306.tif (deflated 81%)
curl --location --header authorization: LOW fpJYfLnxbLmCEHqU:JQbq6NgBaPrSh98Y --upload-file /temp/ocm12652846_images.zip http://s3.us.archive.org/12652846.emory.edu/12652846_images.zip
  % Total    % Received % Xferd  Average Speed   Time    Time     Time  Current
                                 Dload  Upload   Total   Spent    Left  Speed
  0     0    0     0    0     0      0      0 --:--:-- --:--:-- --:--:--     0  0 8233k    0     0    0     0      0      0 --:--:--  0:00:01 --:--:--     0  0 8233k    0     0    0 32768      0  28123  0:04:59  0:00:01  0:04:58 30228  9 8233k    0     0    9  800k      0   372k  0:00:22  0:00:02  0:00:20  386k 18 8233k    0     0   18 1520k      0   481k  0:00:17  0:00:03  0:00:14  494k 27 8233k    0     0   27 2256k      0   539k  0:00:15  0:00:04  0:00:11  549k 35 8233k    0     0   35 2912k      0   565k  0:00:14  0:00:05  0:00:09  715k 44 8233k    0     0   44 3648k      0   588k  0:00:14  0:00:06  0:00:08  717k 52 8233k    0     0   52 4336k      0   606k  0:00:13  0:00:07  0:00:06  707k 61 8233k    0     0   61 5040k      0   617k  0:00:13  0:00:08  0:00:05  703k 69 8233k    0     0   69 5760k      0   629k  0:00:13  0:00:09  0:00:04  705k 78 8233k    0     0   78 6464k      0   636k  0:00:12  0:00:10  0:00:02  709k 87 8233k    0     0   87 7184k      0   644k  0:00:12  0:00:11  0:00:01  714k 96 8233k    0     0   96 7936k      0   651k  0:00:12  0:00:12 --:--:--  715k100 8233k    0     0  100 8233k      0   618k  0:00:13  0:00:13 --:--:--  619k100 8233k    0     0  100 8233k      0   618k  0:00:13  0:00:13 --:--:--  593k
