18920119
curl --location --header x-amz-auto-make-bucket:1 --header x-archive-ignore-preexisting-bucket:1 --header x-archive-queue-derive:0 --header x-archive-meta-mediatype:texts --header x-archive-meta03-collection:emory --header x-archive-meta01-collection:americanmethodism --header x-archive-meta-sponsor:Emory University, Pitts Theology Library --header x-archive-meta-contributor:Emory University, Pitts Theology Library --header x-archive-meta-ppi:300 --header authorization: LOW fpJYfLnxbLmCEHqU:JQbq6NgBaPrSh98Y --upload-file /mnt/lsdi/ocm18920119/ocm18920119/ocm18920119_MRC.xml http://s3.us.archive.org/18920119.emory.edu/18920119.emory.edu_marc.xml
  % Total    % Received % Xferd  Average Speed   Time    Time     Time  Current
                                 Dload  Upload   Total   Spent    Left  Speed
  0     0    0     0    0     0      0      0 --:--:-- --:--:-- --:--:--     0  0  3177    0     0    0     0      0      0 --:--:--  0:00:01 --:--:--     0100  3177    0     0  100  3177      0   1518  0:00:02  0:00:02 --:--:--  1575100  3177    0     0  100  3177      0   1026  0:00:03  0:00:03 --:--:--  1052100  3177    0     0  100  3177      0    947  0:00:03  0:00:03 --:--:--   968100  3177    0     0  100  3177      0    729  0:00:04  0:00:04 --:--:--   742100  3177    0     0  100  3177      0    593  0:00:05  0:00:05 --:--:--   742100  3177    0     0  100  3177      0    499  0:00:06  0:00:06 --:--:--     0100  3177    0     0  100  3177      0    431  0:00:07  0:00:07 --:--:--     0100  3177    0     0  100  3177      0    380  0:00:08  0:00:08 --:--:--     0100  3177    0     0  100  3177      0    339  0:00:09  0:00:09 --:--:--     0100  3177    0     0  100  3177      0    310  0:00:10  0:00:10 --:--:--     0100  3177    0     0  100  3177      0    310  0:00:10  0:00:10 --:--:--     0
zip -r /temp/ocm18920119_images.zip /mnt/lsdi/ocm18920119/ocm18920119/Output/_0001.tif /mnt/lsdi/ocm18920119/ocm18920119/Output/_0002.tif /mnt/lsdi/ocm18920119/ocm18920119/Output/_0003.tif /mnt/lsdi/ocm18920119/ocm18920119/Output/_0004.tif /mnt/lsdi/ocm18920119/ocm18920119/Output/_0005.tif /mnt/lsdi/ocm18920119/ocm18920119/Output/_0006.tif /mnt/lsdi/ocm18920119/ocm18920119/Output/_0007.tif /mnt/lsdi/ocm18920119/ocm18920119/Output/_0008.tif /mnt/lsdi/ocm18920119/ocm18920119/Output/_0009.tif /mnt/lsdi/ocm18920119/ocm18920119/Output/_0010.tif /mnt/lsdi/ocm18920119/ocm18920119/Output/_0011.tif /mnt/lsdi/ocm18920119/ocm18920119/Output/_0012.tif /mnt/lsdi/ocm18920119/ocm18920119/Output/_0013.tif /mnt/lsdi/ocm18920119/ocm18920119/Output/_0014.tif /mnt/lsdi/ocm18920119/ocm18920119/Output/_0015.tif /mnt/lsdi/ocm18920119/ocm18920119/Output/_0016.tif /mnt/lsdi/ocm18920119/ocm18920119/Output/_0017.tif /mnt/lsdi/ocm18920119/ocm18920119/Output/_0018.tif /mnt/lsdi/ocm18920119/ocm18920119/Output/_0019.tif /mnt/lsdi/ocm18920119/ocm18920119/Output/_0020.tif /mnt/lsdi/ocm18920119/ocm18920119/Output/_0021.tif /mnt/lsdi/ocm18920119/ocm18920119/Output/_0022.tif /mnt/lsdi/ocm18920119/ocm18920119/Output/_0023.tif /mnt/lsdi/ocm18920119/ocm18920119/Output/_0024.tif /mnt/lsdi/ocm18920119/ocm18920119/Output/_0025.tif /mnt/lsdi/ocm18920119/ocm18920119/Output/_0026.tif /mnt/lsdi/ocm18920119/ocm18920119/Output/_0027.tif /mnt/lsdi/ocm18920119/ocm18920119/Output/_0028.tif /mnt/lsdi/ocm18920119/ocm18920119/Output/_0029.tif /mnt/lsdi/ocm18920119/ocm18920119/Output/_0030.tif /mnt/lsdi/ocm18920119/ocm18920119/Output/_0031.tif /mnt/lsdi/ocm18920119/ocm18920119/Output/_0032.tif /mnt/lsdi/ocm18920119/ocm18920119/Output/_0033.tif /mnt/lsdi/ocm18920119/ocm18920119/Output/_0034.tif /mnt/lsdi/ocm18920119/ocm18920119/Output/_0035.tif /mnt/lsdi/ocm18920119/ocm18920119/Output/_0036.tif /mnt/lsdi/ocm18920119/ocm18920119/Output/_0037.tif /mnt/lsdi/ocm18920119/ocm18920119/Output/_0038.tif /mnt/lsdi/ocm18920119/ocm18920119/Output/_0039.tif /mnt/lsdi/ocm18920119/ocm18920119/Output/_0040.tif /mnt/lsdi/ocm18920119/ocm18920119/Output/_0041.tif /mnt/lsdi/ocm18920119/ocm18920119/Output/_0042.tif /mnt/lsdi/ocm18920119/ocm18920119/Output/_0043.tif /mnt/lsdi/ocm18920119/ocm18920119/Output/_0044.tif /mnt/lsdi/ocm18920119/ocm18920119/Output/_0045.tif /mnt/lsdi/ocm18920119/ocm18920119/Output/_0046.tif /mnt/lsdi/ocm18920119/ocm18920119/Output/_0047.tif /mnt/lsdi/ocm18920119/ocm18920119/Output/_0048.tif /mnt/lsdi/ocm18920119/ocm18920119/Output/_0049.tif /mnt/lsdi/ocm18920119/ocm18920119/Output/_0050.tif /mnt/lsdi/ocm18920119/ocm18920119/Output/_0051.tif /mnt/lsdi/ocm18920119/ocm18920119/Output/_0052.tif /mnt/lsdi/ocm18920119/ocm18920119/Output/_0053.tif /mnt/lsdi/ocm18920119/ocm18920119/Output/_0054.tif /mnt/lsdi/ocm18920119/ocm18920119/Output/_0055.tif /mnt/lsdi/ocm18920119/ocm18920119/Output/_0056.tif /mnt/lsdi/ocm18920119/ocm18920119/Output/_0057.tif /mnt/lsdi/ocm18920119/ocm18920119/Output/_0058.tif /mnt/lsdi/ocm18920119/ocm18920119/Output/_0059.tif /mnt/lsdi/ocm18920119/ocm18920119/Output/_0060.tif /mnt/lsdi/ocm18920119/ocm18920119/Output/_0061.tif /mnt/lsdi/ocm18920119/ocm18920119/Output/_0062.tif /mnt/lsdi/ocm18920119/ocm18920119/Output/_0063.tif /mnt/lsdi/ocm18920119/ocm18920119/Output/_0064.tif /mnt/lsdi/ocm18920119/ocm18920119/Output/_0065.tif /mnt/lsdi/ocm18920119/ocm18920119/Output/_0066.tif /mnt/lsdi/ocm18920119/ocm18920119/Output/_0067.tif /mnt/lsdi/ocm18920119/ocm18920119/Output/_0068.tif /mnt/lsdi/ocm18920119/ocm18920119/Output/_0069.tif /mnt/lsdi/ocm18920119/ocm18920119/Output/_0070.tif /mnt/lsdi/ocm18920119/ocm18920119/Output/_0071.tif /mnt/lsdi/ocm18920119/ocm18920119/Output/_0072.tif /mnt/lsdi/ocm18920119/ocm18920119/Output/_0073.tif /mnt/lsdi/ocm18920119/ocm18920119/Output/_0074.tif /mnt/lsdi/ocm18920119/ocm18920119/Output/_0075.tif /mnt/lsdi/ocm18920119/ocm18920119/Output/_0076.tif /mnt/lsdi/ocm18920119/ocm18920119/Output/_0077.tif /mnt/lsdi/ocm18920119/ocm18920119/Output/_0078.tif /mnt/lsdi/ocm18920119/ocm18920119/Output/_0079.tif /mnt/lsdi/ocm18920119/ocm18920119/Output/_0080.tif /mnt/lsdi/ocm18920119/ocm18920119/Output/_0081.tif /mnt/lsdi/ocm18920119/ocm18920119/Output/_0082.tif /mnt/lsdi/ocm18920119/ocm18920119/Output/_0083.tif /mnt/lsdi/ocm18920119/ocm18920119/Output/_0084.tif /mnt/lsdi/ocm18920119/ocm18920119/Output/_0085.tif /mnt/lsdi/ocm18920119/ocm18920119/Output/_0086.tif /mnt/lsdi/ocm18920119/ocm18920119/Output/_0087.tif /mnt/lsdi/ocm18920119/ocm18920119/Output/_0088.tif /mnt/lsdi/ocm18920119/ocm18920119/Output/_0089.tif /mnt/lsdi/ocm18920119/ocm18920119/Output/_0090.tif /mnt/lsdi/ocm18920119/ocm18920119/Output/_0091.tif /mnt/lsdi/ocm18920119/ocm18920119/Output/_0092.tif /mnt/lsdi/ocm18920119/ocm18920119/Output/_0093.tif /mnt/lsdi/ocm18920119/ocm18920119/Output/_0094.tif /mnt/lsdi/ocm18920119/ocm18920119/Output/_0095.tif /mnt/lsdi/ocm18920119/ocm18920119/Output/_0096.tif /mnt/lsdi/ocm18920119/ocm18920119/Output/_0097.tif /mnt/lsdi/ocm18920119/ocm18920119/Output/_0098.tif /mnt/lsdi/ocm18920119/ocm18920119/Output/_0099.tif /mnt/lsdi/ocm18920119/ocm18920119/Output/_0100.tif /mnt/lsdi/ocm18920119/ocm18920119/Output/_0101.tif /mnt/lsdi/ocm18920119/ocm18920119/Output/_0102.tif /mnt/lsdi/ocm18920119/ocm18920119/Output/_0103.tif /mnt/lsdi/ocm18920119/ocm18920119/Output/_0104.tif /mnt/lsdi/ocm18920119/ocm18920119/Output/_0105.tif /mnt/lsdi/ocm18920119/ocm18920119/Output/_0106.tif /mnt/lsdi/ocm18920119/ocm18920119/Output/_0107.tif /mnt/lsdi/ocm18920119/ocm18920119/Output/_0108.tif /mnt/lsdi/ocm18920119/ocm18920119/Output/_0109.tif /mnt/lsdi/ocm18920119/ocm18920119/Output/_0110.tif /mnt/lsdi/ocm18920119/ocm18920119/Output/_0111.tif /mnt/lsdi/ocm18920119/ocm18920119/Output/_0112.tif /mnt/lsdi/ocm18920119/ocm18920119/Output/_0113.tif /mnt/lsdi/ocm18920119/ocm18920119/Output/_0114.tif /mnt/lsdi/ocm18920119/ocm18920119/Output/_0115.tif /mnt/lsdi/ocm18920119/ocm18920119/Output/_0116.tif /mnt/lsdi/ocm18920119/ocm18920119/Output/_0117.tif /mnt/lsdi/ocm18920119/ocm18920119/Output/_0118.tif /mnt/lsdi/ocm18920119/ocm18920119/Output/_0119.tif /mnt/lsdi/ocm18920119/ocm18920119/Output/_0120.tif /mnt/lsdi/ocm18920119/ocm18920119/Output/_0121.tif /mnt/lsdi/ocm18920119/ocm18920119/Output/_0122.tif /mnt/lsdi/ocm18920119/ocm18920119/Output/_0123.tif /mnt/lsdi/ocm18920119/ocm18920119/Output/_0124.tif /mnt/lsdi/ocm18920119/ocm18920119/Output/_0125.tif /mnt/lsdi/ocm18920119/ocm18920119/Output/_0126.tif /mnt/lsdi/ocm18920119/ocm18920119/Output/_0127.tif /mnt/lsdi/ocm18920119/ocm18920119/Output/_0128.tif /mnt/lsdi/ocm18920119/ocm18920119/Output/_0129.tif /mnt/lsdi/ocm18920119/ocm18920119/Output/_0130.tif /mnt/lsdi/ocm18920119/ocm18920119/Output/_0131.tif /mnt/lsdi/ocm18920119/ocm18920119/Output/_0132.tif /mnt/lsdi/ocm18920119/ocm18920119/Output/_0133.tif /mnt/lsdi/ocm18920119/ocm18920119/Output/_0134.tif /mnt/lsdi/ocm18920119/ocm18920119/Output/_0135.tif /mnt/lsdi/ocm18920119/ocm18920119/Output/_0136.tif /mnt/lsdi/ocm18920119/ocm18920119/Output/_0137.tif /mnt/lsdi/ocm18920119/ocm18920119/Output/_0138.tif /mnt/lsdi/ocm18920119/ocm18920119/Output/_0139.tif /mnt/lsdi/ocm18920119/ocm18920119/Output/_0140.tif /mnt/lsdi/ocm18920119/ocm18920119/Output/_0141.tif /mnt/lsdi/ocm18920119/ocm18920119/Output/_0142.tif /mnt/lsdi/ocm18920119/ocm18920119/Output/_0143.tif /mnt/lsdi/ocm18920119/ocm18920119/Output/_0144.tif /mnt/lsdi/ocm18920119/ocm18920119/Output/_0145.tif /mnt/lsdi/ocm18920119/ocm18920119/Output/_0146.tif /mnt/lsdi/ocm18920119/ocm18920119/Output/_0147.tif /mnt/lsdi/ocm18920119/ocm18920119/Output/_0148.tif /mnt/lsdi/ocm18920119/ocm18920119/Output/_0149.tif /mnt/lsdi/ocm18920119/ocm18920119/Output/_0150.tif /mnt/lsdi/ocm18920119/ocm18920119/Output/_0151.tif /mnt/lsdi/ocm18920119/ocm18920119/Output/_0152.tif /mnt/lsdi/ocm18920119/ocm18920119/Output/_0153.tif /mnt/lsdi/ocm18920119/ocm18920119/Output/_0154.tif /mnt/lsdi/ocm18920119/ocm18920119/Output/_0155.tif /mnt/lsdi/ocm18920119/ocm18920119/Output/_0156.tif /mnt/lsdi/ocm18920119/ocm18920119/Output/_0157.tif /mnt/lsdi/ocm18920119/ocm18920119/Output/_0158.tif /mnt/lsdi/ocm18920119/ocm18920119/Output/_0159.tif /mnt/lsdi/ocm18920119/ocm18920119/Output/_0160.tif /mnt/lsdi/ocm18920119/ocm18920119/Output/_0161.tif /mnt/lsdi/ocm18920119/ocm18920119/Output/_0162.tif /mnt/lsdi/ocm18920119/ocm18920119/Output/_0163.tif /mnt/lsdi/ocm18920119/ocm18920119/Output/_0164.tif /mnt/lsdi/ocm18920119/ocm18920119/Output/_0165.tif /mnt/lsdi/ocm18920119/ocm18920119/Output/_0166.tif /mnt/lsdi/ocm18920119/ocm18920119/Output/_0167.tif /mnt/lsdi/ocm18920119/ocm18920119/Output/_0168.tif /mnt/lsdi/ocm18920119/ocm18920119/Output/_0169.tif /mnt/lsdi/ocm18920119/ocm18920119/Output/_0170.tif /mnt/lsdi/ocm18920119/ocm18920119/Output/_0171.tif /mnt/lsdi/ocm18920119/ocm18920119/Output/_0172.tif /mnt/lsdi/ocm18920119/ocm18920119/Output/_0173.tif /mnt/lsdi/ocm18920119/ocm18920119/Output/_0174.tif /mnt/lsdi/ocm18920119/ocm18920119/Output/_0175.tif /mnt/lsdi/ocm18920119/ocm18920119/Output/_0176.tif /mnt/lsdi/ocm18920119/ocm18920119/Output/_0177.tif /mnt/lsdi/ocm18920119/ocm18920119/Output/_0178.tif /mnt/lsdi/ocm18920119/ocm18920119/Output/_0179.tif /mnt/lsdi/ocm18920119/ocm18920119/Output/_0180.tif /mnt/lsdi/ocm18920119/ocm18920119/Output/_0181.tif /mnt/lsdi/ocm18920119/ocm18920119/Output/_0182.tif /mnt/lsdi/ocm18920119/ocm18920119/Output/_0183.tif /mnt/lsdi/ocm18920119/ocm18920119/Output/_0184.tif /mnt/lsdi/ocm18920119/ocm18920119/Output/_0185.tif /mnt/lsdi/ocm18920119/ocm18920119/Output/_0186.tif /mnt/lsdi/ocm18920119/ocm18920119/Output/_0187.tif /mnt/lsdi/ocm18920119/ocm18920119/Output/_0188.tif /mnt/lsdi/ocm18920119/ocm18920119/Output/_0189.tif /mnt/lsdi/ocm18920119/ocm18920119/Output/_0190.tif /mnt/lsdi/ocm18920119/ocm18920119/Output/_0191.tif /mnt/lsdi/ocm18920119/ocm18920119/Output/_0192.tif /mnt/lsdi/ocm18920119/ocm18920119/Output/_0193.tif /mnt/lsdi/ocm18920119/ocm18920119/Output/_0194.tif /mnt/lsdi/ocm18920119/ocm18920119/Output/_0195.tif /mnt/lsdi/ocm18920119/ocm18920119/Output/_0196.tif /mnt/lsdi/ocm18920119/ocm18920119/Output/_0197.tif /mnt/lsdi/ocm18920119/ocm18920119/Output/_0198.tif /mnt/lsdi/ocm18920119/ocm18920119/Output/_0199.tif /mnt/lsdi/ocm18920119/ocm18920119/Output/_0200.tif /mnt/lsdi/ocm18920119/ocm18920119/Output/_0201.tif /mnt/lsdi/ocm18920119/ocm18920119/Output/_0202.tif /mnt/lsdi/ocm18920119/ocm18920119/Output/_0203.tif /mnt/lsdi/ocm18920119/ocm18920119/Output/_0204.tif /mnt/lsdi/ocm18920119/ocm18920119/Output/_0205.tif /mnt/lsdi/ocm18920119/ocm18920119/Output/_0206.tif /mnt/lsdi/ocm18920119/ocm18920119/Output/_0207.tif /mnt/lsdi/ocm18920119/ocm18920119/Output/_0208.tif /mnt/lsdi/ocm18920119/ocm18920119/Output/_0209.tif /mnt/lsdi/ocm18920119/ocm18920119/Output/_0210.tif /mnt/lsdi/ocm18920119/ocm18920119/Output/_0211.tif /mnt/lsdi/ocm18920119/ocm18920119/Output/_0212.tif /mnt/lsdi/ocm18920119/ocm18920119/Output/_0213.tif /mnt/lsdi/ocm18920119/ocm18920119/Output/_0214.tif /mnt/lsdi/ocm18920119/ocm18920119/Output/_0215.tif /mnt/lsdi/ocm18920119/ocm18920119/Output/_0216.tif /mnt/lsdi/ocm18920119/ocm18920119/Output/_0217.tif /mnt/lsdi/ocm18920119/ocm18920119/Output/_0218.tif /mnt/lsdi/ocm18920119/ocm18920119/Output/_0219.tif /mnt/lsdi/ocm18920119/ocm18920119/Output/_0220.tif /mnt/lsdi/ocm18920119/ocm18920119/Output/_0221.tif /mnt/lsdi/ocm18920119/ocm18920119/Output/_0222.tif /mnt/lsdi/ocm18920119/ocm18920119/Output/_0223.tif /mnt/lsdi/ocm18920119/ocm18920119/Output/_0224.tif /mnt/lsdi/ocm18920119/ocm18920119/Output/_0225.tif /mnt/lsdi/ocm18920119/ocm18920119/Output/_0226.tif /mnt/lsdi/ocm18920119/ocm18920119/Output/_0227.tif /mnt/lsdi/ocm18920119/ocm18920119/Output/_0228.tif /mnt/lsdi/ocm18920119/ocm18920119/Output/_0229.tif /mnt/lsdi/ocm18920119/ocm18920119/Output/_0230.tif /mnt/lsdi/ocm18920119/ocm18920119/Output/_0231.tif /mnt/lsdi/ocm18920119/ocm18920119/Output/_0232.tif /mnt/lsdi/ocm18920119/ocm18920119/Output/_0233.tif /mnt/lsdi/ocm18920119/ocm18920119/Output/_0234.tif /mnt/lsdi/ocm18920119/ocm18920119/Output/_0235.tif /mnt/lsdi/ocm18920119/ocm18920119/Output/_0236.tif /mnt/lsdi/ocm18920119/ocm18920119/Output/_0237.tif /mnt/lsdi/ocm18920119/ocm18920119/Output/_0238.tif /mnt/lsdi/ocm18920119/ocm18920119/Output/_0239.tif /mnt/lsdi/ocm18920119/ocm18920119/Output/_0240.tif /mnt/lsdi/ocm18920119/ocm18920119/Output/_0241.tif /mnt/lsdi/ocm18920119/ocm18920119/Output/_0242.tif /mnt/lsdi/ocm18920119/ocm18920119/Output/_0243.tif /mnt/lsdi/ocm18920119/ocm18920119/Output/_0244.tif /mnt/lsdi/ocm18920119/ocm18920119/Output/_0245.tif /mnt/lsdi/ocm18920119/ocm18920119/Output/_0246.tif /mnt/lsdi/ocm18920119/ocm18920119/Output/_0247.tif /mnt/lsdi/ocm18920119/ocm18920119/Output/_0248.tif /mnt/lsdi/ocm18920119/ocm18920119/Output/_0249.tif /mnt/lsdi/ocm18920119/ocm18920119/Output/_0250.tif /mnt/lsdi/ocm18920119/ocm18920119/Output/_0251.tif /mnt/lsdi/ocm18920119/ocm18920119/Output/_0252.tif /mnt/lsdi/ocm18920119/ocm18920119/Output/_0253.tif /mnt/lsdi/ocm18920119/ocm18920119/Output/_0254.tif /mnt/lsdi/ocm18920119/ocm18920119/Output/_0255.tif /mnt/lsdi/ocm18920119/ocm18920119/Output/_0256.tif /mnt/lsdi/ocm18920119/ocm18920119/Output/_0257.tif /mnt/lsdi/ocm18920119/ocm18920119/Output/_0258.tif /mnt/lsdi/ocm18920119/ocm18920119/Output/_0259.tif /mnt/lsdi/ocm18920119/ocm18920119/Output/_0260.tif /mnt/lsdi/ocm18920119/ocm18920119/Output/_0261.tif /mnt/lsdi/ocm18920119/ocm18920119/Output/_0262.tif /mnt/lsdi/ocm18920119/ocm18920119/Output/_0263.tif /mnt/lsdi/ocm18920119/ocm18920119/Output/_0264.tif /mnt/lsdi/ocm18920119/ocm18920119/Output/_0265.tif /mnt/lsdi/ocm18920119/ocm18920119/Output/_0266.tif /mnt/lsdi/ocm18920119/ocm18920119/Output/_0267.tif /mnt/lsdi/ocm18920119/ocm18920119/Output/_0268.tif /mnt/lsdi/ocm18920119/ocm18920119/Output/_0269.tif /mnt/lsdi/ocm18920119/ocm18920119/Output/_0270.tif /mnt/lsdi/ocm18920119/ocm18920119/Output/_0271.tif /mnt/lsdi/ocm18920119/ocm18920119/Output/_0272.tif /mnt/lsdi/ocm18920119/ocm18920119/Output/_0273.tif /mnt/lsdi/ocm18920119/ocm18920119/Output/_0274.tif /mnt/lsdi/ocm18920119/ocm18920119/Output/_0275.tif /mnt/lsdi/ocm18920119/ocm18920119/Output/_0276.tif /mnt/lsdi/ocm18920119/ocm18920119/Output/_0277.tif /mnt/lsdi/ocm18920119/ocm18920119/Output/_0278.tif /mnt/lsdi/ocm18920119/ocm18920119/Output/_0279.tif /mnt/lsdi/ocm18920119/ocm18920119/Output/_0280.tif /mnt/lsdi/ocm18920119/ocm18920119/Output/_0281.tif /mnt/lsdi/ocm18920119/ocm18920119/Output/_0282.tif /mnt/lsdi/ocm18920119/ocm18920119/Output/_0283.tif /mnt/lsdi/ocm18920119/ocm18920119/Output/_0284.tif /mnt/lsdi/ocm18920119/ocm18920119/Output/_0285.tif /mnt/lsdi/ocm18920119/ocm18920119/Output/_0286.tif /mnt/lsdi/ocm18920119/ocm18920119/Output/_0287.tif /mnt/lsdi/ocm18920119/ocm18920119/Output/_0288.tif /mnt/lsdi/ocm18920119/ocm18920119/Output/_0289.tif /mnt/lsdi/ocm18920119/ocm18920119/Output/_0290.tif /mnt/lsdi/ocm18920119/ocm18920119/Output/_0291.tif /mnt/lsdi/ocm18920119/ocm18920119/Output/_0292.tif /mnt/lsdi/ocm18920119/ocm18920119/Output/_0293.tif /mnt/lsdi/ocm18920119/ocm18920119/Output/_0294.tif /mnt/lsdi/ocm18920119/ocm18920119/Output/_0295.tif /mnt/lsdi/ocm18920119/ocm18920119/Output/_0296.tif /mnt/lsdi/ocm18920119/ocm18920119/Output/_0297.tif /mnt/lsdi/ocm18920119/ocm18920119/Output/_0298.tif /mnt/lsdi/ocm18920119/ocm18920119/Output/_0299.tif /mnt/lsdi/ocm18920119/ocm18920119/Output/_0300.tif /mnt/lsdi/ocm18920119/ocm18920119/Output/_0301.tif /mnt/lsdi/ocm18920119/ocm18920119/Output/_0302.tif /mnt/lsdi/ocm18920119/ocm18920119/Output/_0303.tif /mnt/lsdi/ocm18920119/ocm18920119/Output/_0304.tif /mnt/lsdi/ocm18920119/ocm18920119/Output/_0305.tif /mnt/lsdi/ocm18920119/ocm18920119/Output/_0306.tif /mnt/lsdi/ocm18920119/ocm18920119/Output/_0307.tif /mnt/lsdi/ocm18920119/ocm18920119/Output/_0308.tif /mnt/lsdi/ocm18920119/ocm18920119/Output/_0309.tif /mnt/lsdi/ocm18920119/ocm18920119/Output/_0310.tif /mnt/lsdi/ocm18920119/ocm18920119/Output/_0311.tif /mnt/lsdi/ocm18920119/ocm18920119/Output/_0312.tif /mnt/lsdi/ocm18920119/ocm18920119/Output/_0313.tif /mnt/lsdi/ocm18920119/ocm18920119/Output/_0314.tif /mnt/lsdi/ocm18920119/ocm18920119/Output/_0315.tif /mnt/lsdi/ocm18920119/ocm18920119/Output/_0316.tif /mnt/lsdi/ocm18920119/ocm18920119/Output/_0317.tif /mnt/lsdi/ocm18920119/ocm18920119/Output/_0318.tif /mnt/lsdi/ocm18920119/ocm18920119/Output/_0319.tif /mnt/lsdi/ocm18920119/ocm18920119/Output/_0320.tif /mnt/lsdi/ocm18920119/ocm18920119/Output/_0321.tif /mnt/lsdi/ocm18920119/ocm18920119/Output/_0322.tif
  adding: mnt/lsdi/ocm18920119/ocm18920119/Output/_0001.tif (deflated 81%)
  adding: mnt/lsdi/ocm18920119/ocm18920119/Output/_0002.tif (deflated 81%)
  adding: mnt/lsdi/ocm18920119/ocm18920119/Output/_0003.tif (deflated 5%)
  adding: mnt/lsdi/ocm18920119/ocm18920119/Output/_0004.tif (deflated 5%)
  adding: mnt/lsdi/ocm18920119/ocm18920119/Output/_0005.tif (deflated 81%)
  adding: mnt/lsdi/ocm18920119/ocm18920119/Output/_0006.tif (deflated 5%)
  adding: mnt/lsdi/ocm18920119/ocm18920119/Output/_0007.tif (deflated 4%)
  adding: mnt/lsdi/ocm18920119/ocm18920119/Output/_0008.tif (deflated 4%)
  adding: mnt/lsdi/ocm18920119/ocm18920119/Output/_0009.tif (deflated 5%)
  adding: mnt/lsdi/ocm18920119/ocm18920119/Output/_0010.tif (deflated 5%)
  adding: mnt/lsdi/ocm18920119/ocm18920119/Output/_0011.tif (deflated 8%)
  adding: mnt/lsdi/ocm18920119/ocm18920119/Output/_0012.tif (deflated 5%)
  adding: mnt/lsdi/ocm18920119/ocm18920119/Output/_0013.tif (deflated 1%)
  adding: mnt/lsdi/ocm18920119/ocm18920119/Output/_0014.tif (deflated 5%)
  adding: mnt/lsdi/ocm18920119/ocm18920119/Output/_0015.tif (deflated 81%)
  adding: mnt/lsdi/ocm18920119/ocm18920119/Output/_0016.tif (deflated 5%)
  adding: mnt/lsdi/ocm18920119/ocm18920119/Output/_0017.tif (deflated 4%)
  adding: mnt/lsdi/ocm18920119/ocm18920119/Output/_0018.tif (deflated 5%)
  adding: mnt/lsdi/ocm18920119/ocm18920119/Output/_0019.tif (deflated 5%)
  adding: mnt/lsdi/ocm18920119/ocm18920119/Output/_0020.tif (deflated 5%)
  adding: mnt/lsdi/ocm18920119/ocm18920119/Output/_0021.tif (deflated 4%)
  adding: mnt/lsdi/ocm18920119/ocm18920119/Output/_0022.tif (deflated 5%)
  adding: mnt/lsdi/ocm18920119/ocm18920119/Output/_0023.tif (deflated 4%)
  adding: mnt/lsdi/ocm18920119/ocm18920119/Output/_0024.tif (deflated 5%)
  adding: mnt/lsdi/ocm18920119/ocm18920119/Output/_0025.tif (deflated 4%)
  adding: mnt/lsdi/ocm18920119/ocm18920119/Output/_0026.tif (deflated 5%)
  adding: mnt/lsdi/ocm18920119/ocm18920119/Output/_0027.tif (deflated 5%)
  adding: mnt/lsdi/ocm18920119/ocm18920119/Output/_0028.tif (deflated 5%)
  adding: mnt/lsdi/ocm18920119/ocm18920119/Output/_0029.tif (deflated 4%)
  adding: mnt/lsdi/ocm18920119/ocm18920119/Output/_0030.tif (deflated 5%)
  adding: mnt/lsdi/ocm18920119/ocm18920119/Output/_0031.tif (deflated 4%)
  adding: mnt/lsdi/ocm18920119/ocm18920119/Output/_0032.tif (deflated 81%)
  adding: mnt/lsdi/ocm18920119/ocm18920119/Output/_0033.tif (deflated 4%)
  adding: mnt/lsdi/ocm18920119/ocm18920119/Output/_0034.tif (deflated 5%)
  adding: mnt/lsdi/ocm18920119/ocm18920119/Output/_0035.tif (deflated 5%)
  adding: mnt/lsdi/ocm18920119/ocm18920119/Output/_0036.tif (deflated 5%)
  adding: mnt/lsdi/ocm18920119/ocm18920119/Output/_0037.tif (deflated 4%)
  adding: mnt/lsdi/ocm18920119/ocm18920119/Output/_0038.tif (deflated 5%)
  adding: mnt/lsdi/ocm18920119/ocm18920119/Output/_0039.tif (deflated 5%)
  adding: mnt/lsdi/ocm18920119/ocm18920119/Output/_0040.tif (deflated 5%)
  adding: mnt/lsdi/ocm18920119/ocm18920119/Output/_0041.tif (deflated 4%)
  adding: mnt/lsdi/ocm18920119/ocm18920119/Output/_0042.tif (deflated 4%)
  adding: mnt/lsdi/ocm18920119/ocm18920119/Output/_0043.tif (deflated 4%)
  adding: mnt/lsdi/ocm18920119/ocm18920119/Output/_0044.tif (deflated 5%)
  adding: mnt/lsdi/ocm18920119/ocm18920119/Output/_0045.tif (deflated 4%)
  adding: mnt/lsdi/ocm18920119/ocm18920119/Output/_0046.tif (deflated 5%)
  adding: mnt/lsdi/ocm18920119/ocm18920119/Output/_0047.tif (deflated 4%)
  adding: mnt/lsdi/ocm18920119/ocm18920119/Output/_0048.tif (deflated 5%)
  adding: mnt/lsdi/ocm18920119/ocm18920119/Output/_0049.tif (deflated 4%)
  adding: mnt/lsdi/ocm18920119/ocm18920119/Output/_0050.tif (deflated 5%)
  adding: mnt/lsdi/ocm18920119/ocm18920119/Output/_0051.tif (deflated 4%)
  adding: mnt/lsdi/ocm18920119/ocm18920119/Output/_0052.tif (deflated 5%)
  adding: mnt/lsdi/ocm18920119/ocm18920119/Output/_0053.tif (deflated 4%)
  adding: mnt/lsdi/ocm18920119/ocm18920119/Output/_0054.tif (deflated 5%)
  adding: mnt/lsdi/ocm18920119/ocm18920119/Output/_0055.tif (deflated 4%)
  adding: mnt/lsdi/ocm18920119/ocm18920119/Output/_0056.tif (deflated 5%)
  adding: mnt/lsdi/ocm18920119/ocm18920119/Output/_0057.tif (deflated 4%)
  adding: mnt/lsdi/ocm18920119/ocm18920119/Output/_0058.tif (deflated 5%)
  adding: mnt/lsdi/ocm18920119/ocm18920119/Output/_0059.tif (deflated 4%)
  adding: mnt/lsdi/ocm18920119/ocm18920119/Output/_0060.tif (deflated 5%)
  adding: mnt/lsdi/ocm18920119/ocm18920119/Output/_0061.tif (deflated 4%)
  adding: mnt/lsdi/ocm18920119/ocm18920119/Output/_0062.tif (deflated 5%)
  adding: mnt/lsdi/ocm18920119/ocm18920119/Output/_0063.tif (deflated 4%)
  adding: mnt/lsdi/ocm18920119/ocm18920119/Output/_0064.tif (deflated 3%)
  adding: mnt/lsdi/ocm18920119/ocm18920119/Output/_0065.tif (deflated 4%)
  adding: mnt/lsdi/ocm18920119/ocm18920119/Output/_0066.tif (deflated 5%)
  adding: mnt/lsdi/ocm18920119/ocm18920119/Output/_0067.tif (deflated 4%)
  adding: mnt/lsdi/ocm18920119/ocm18920119/Output/_0068.tif (deflated 5%)
  adding: mnt/lsdi/ocm18920119/ocm18920119/Output/_0069.tif (deflated 5%)
  adding: mnt/lsdi/ocm18920119/ocm18920119/Output/_0070.tif (deflated 5%)
  adding: mnt/lsdi/ocm18920119/ocm18920119/Output/_0071.tif (deflated 4%)
  adding: mnt/lsdi/ocm18920119/ocm18920119/Output/_0072.tif (deflated 5%)
  adding: mnt/lsdi/ocm18920119/ocm18920119/Output/_0073.tif (deflated 4%)
  adding: mnt/lsdi/ocm18920119/ocm18920119/Output/_0074.tif (deflated 81%)
  adding: mnt/lsdi/ocm18920119/ocm18920119/Output/_0075.tif (deflated 2%)
  adding: mnt/lsdi/ocm18920119/ocm18920119/Output/_0076.tif (deflated 5%)
  adding: mnt/lsdi/ocm18920119/ocm18920119/Output/_0077.tif (deflated 5%)
  adding: mnt/lsdi/ocm18920119/ocm18920119/Output/_0078.tif (deflated 5%)
  adding: mnt/lsdi/ocm18920119/ocm18920119/Output/_0079.tif (deflated 5%)
  adding: mnt/lsdi/ocm18920119/ocm18920119/Output/_0080.tif (deflated 5%)
  adding: mnt/lsdi/ocm18920119/ocm18920119/Output/_0081.tif (deflated 4%)
  adding: mnt/lsdi/ocm18920119/ocm18920119/Output/_0082.tif (deflated 5%)
  adding: mnt/lsdi/ocm18920119/ocm18920119/Output/_0083.tif (deflated 5%)
  adding: mnt/lsdi/ocm18920119/ocm18920119/Output/_0084.tif (deflated 4%)
  adding: mnt/lsdi/ocm18920119/ocm18920119/Output/_0085.tif (deflated 4%)
  adding: mnt/lsdi/ocm18920119/ocm18920119/Output/_0086.tif (deflated 5%)
  adding: mnt/lsdi/ocm18920119/ocm18920119/Output/_0087.tif (deflated 5%)
  adding: mnt/lsdi/ocm18920119/ocm18920119/Output/_0088.tif (deflated 5%)
  adding: mnt/lsdi/ocm18920119/ocm18920119/Output/_0089.tif (deflated 5%)
  adding: mnt/lsdi/ocm18920119/ocm18920119/Output/_0090.tif (deflated 5%)
  adding: mnt/lsdi/ocm18920119/ocm18920119/Output/_0091.tif (deflated 4%)
  adding: mnt/lsdi/ocm18920119/ocm18920119/Output/_0092.tif (deflated 5%)
  adding: mnt/lsdi/ocm18920119/ocm18920119/Output/_0093.tif (deflated 4%)
  adding: mnt/lsdi/ocm18920119/ocm18920119/Output/_0094.tif (deflated 5%)
  adding: mnt/lsdi/ocm18920119/ocm18920119/Output/_0095.tif (deflated 4%)
  adding: mnt/lsdi/ocm18920119/ocm18920119/Output/_0096.tif (deflated 5%)
  adding: mnt/lsdi/ocm18920119/ocm18920119/Output/_0097.tif (deflated 3%)
  adding: mnt/lsdi/ocm18920119/ocm18920119/Output/_0098.tif (deflated 5%)
  adding: mnt/lsdi/ocm18920119/ocm18920119/Output/_0099.tif (deflated 4%)
  adding: mnt/lsdi/ocm18920119/ocm18920119/Output/_0100.tif (deflated 5%)
  adding: mnt/lsdi/ocm18920119/ocm18920119/Output/_0101.tif (deflated 4%)
  adding: mnt/lsdi/ocm18920119/ocm18920119/Output/_0102.tif (deflated 5%)
  adding: mnt/lsdi/ocm18920119/ocm18920119/Output/_0103.tif (deflated 5%)
  adding: mnt/lsdi/ocm18920119/ocm18920119/Output/_0104.tif (deflated 5%)
  adding: mnt/lsdi/ocm18920119/ocm18920119/Output/_0105.tif (deflated 4%)
  adding: mnt/lsdi/ocm18920119/ocm18920119/Output/_0106.tif (deflated 5%)
  adding: mnt/lsdi/ocm18920119/ocm18920119/Output/_0107.tif (deflated 5%)
  adding: mnt/lsdi/ocm18920119/ocm18920119/Output/_0108.tif (deflated 5%)
  adding: mnt/lsdi/ocm18920119/ocm18920119/Output/_0109.tif (deflated 4%)
  adding: mnt/lsdi/ocm18920119/ocm18920119/Output/_0110.tif (deflated 5%)
  adding: mnt/lsdi/ocm18920119/ocm18920119/Output/_0111.tif (deflated 4%)
  adding: mnt/lsdi/ocm18920119/ocm18920119/Output/_0112.tif (deflated 5%)
  adding: mnt/lsdi/ocm18920119/ocm18920119/Output/_0113.tif (deflated 5%)
  adding: mnt/lsdi/ocm18920119/ocm18920119/Output/_0114.tif (deflated 5%)
  adding: mnt/lsdi/ocm18920119/ocm18920119/Output/_0115.tif (deflated 5%)
  adding: mnt/lsdi/ocm18920119/ocm18920119/Output/_0116.tif (deflated 81%)
  adding: mnt/lsdi/ocm18920119/ocm18920119/Output/_0117.tif (deflated 3%)
  adding: mnt/lsdi/ocm18920119/ocm18920119/Output/_0118.tif (deflated 5%)
  adding: mnt/lsdi/ocm18920119/ocm18920119/Output/_0119.tif (deflated 4%)
  adding: mnt/lsdi/ocm18920119/ocm18920119/Output/_0120.tif (deflated 5%)
  adding: mnt/lsdi/ocm18920119/ocm18920119/Output/_0121.tif (deflated 4%)
  adding: mnt/lsdi/ocm18920119/ocm18920119/Output/_0122.tif (deflated 4%)
  adding: mnt/lsdi/ocm18920119/ocm18920119/Output/_0123.tif (deflated 4%)
  adding: mnt/lsdi/ocm18920119/ocm18920119/Output/_0124.tif (deflated 5%)
  adding: mnt/lsdi/ocm18920119/ocm18920119/Output/_0125.tif (deflated 4%)
  adding: mnt/lsdi/ocm18920119/ocm18920119/Output/_0126.tif (deflated 5%)
  adding: mnt/lsdi/ocm18920119/ocm18920119/Output/_0127.tif (deflated 4%)
  adding: mnt/lsdi/ocm18920119/ocm18920119/Output/_0128.tif (deflated 4%)
  adding: mnt/lsdi/ocm18920119/ocm18920119/Output/_0129.tif (deflated 1%)
  adding: mnt/lsdi/ocm18920119/ocm18920119/Output/_0130.tif (deflated 5%)
  adding: mnt/lsdi/ocm18920119/ocm18920119/Output/_0131.tif (deflated 4%)
  adding: mnt/lsdi/ocm18920119/ocm18920119/Output/_0132.tif (deflated 5%)
  adding: mnt/lsdi/ocm18920119/ocm18920119/Output/_0133.tif (deflated 4%)
  adding: mnt/lsdi/ocm18920119/ocm18920119/Output/_0134.tif (deflated 4%)
  adding: mnt/lsdi/ocm18920119/ocm18920119/Output/_0135.tif (deflated 12%)
  adding: mnt/lsdi/ocm18920119/ocm18920119/Output/_0136.tif (deflated 5%)
  adding: mnt/lsdi/ocm18920119/ocm18920119/Output/_0137.tif (deflated 4%)
  adding: mnt/lsdi/ocm18920119/ocm18920119/Output/_0138.tif (deflated 5%)
  adding: mnt/lsdi/ocm18920119/ocm18920119/Output/_0139.tif (deflated 4%)
  adding: mnt/lsdi/ocm18920119/ocm18920119/Output/_0140.tif (deflated 5%)
  adding: mnt/lsdi/ocm18920119/ocm18920119/Output/_0141.tif (deflated 4%)
  adding: mnt/lsdi/ocm18920119/ocm18920119/Output/_0142.tif (deflated 4%)
  adding: mnt/lsdi/ocm18920119/ocm18920119/Output/_0143.tif (deflated 4%)
  adding: mnt/lsdi/ocm18920119/ocm18920119/Output/_0144.tif (deflated 5%)
  adding: mnt/lsdi/ocm18920119/ocm18920119/Output/_0145.tif (deflated 4%)
  adding: mnt/lsdi/ocm18920119/ocm18920119/Output/_0146.tif (deflated 4%)
  adding: mnt/lsdi/ocm18920119/ocm18920119/Output/_0147.tif (deflated 4%)
  adding: mnt/lsdi/ocm18920119/ocm18920119/Output/_0148.tif (deflated 5%)
  adding: mnt/lsdi/ocm18920119/ocm18920119/Output/_0149.tif (deflated 4%)
  adding: mnt/lsdi/ocm18920119/ocm18920119/Output/_0150.tif (deflated 5%)
  adding: mnt/lsdi/ocm18920119/ocm18920119/Output/_0151.tif (deflated 4%)
  adding: mnt/lsdi/ocm18920119/ocm18920119/Output/_0152.tif (deflated 5%)
  adding: mnt/lsdi/ocm18920119/ocm18920119/Output/_0153.tif (deflated 4%)
  adding: mnt/lsdi/ocm18920119/ocm18920119/Output/_0154.tif (deflated 5%)
  adding: mnt/lsdi/ocm18920119/ocm18920119/Output/_0155.tif (deflated 4%)
  adding: mnt/lsdi/ocm18920119/ocm18920119/Output/_0156.tif (deflated 4%)
  adding: mnt/lsdi/ocm18920119/ocm18920119/Output/_0157.tif (deflated 4%)
  adding: mnt/lsdi/ocm18920119/ocm18920119/Output/_0158.tif (deflated 81%)
  adding: mnt/lsdi/ocm18920119/ocm18920119/Output/_0159.tif (deflated 4%)
  adding: mnt/lsdi/ocm18920119/ocm18920119/Output/_0160.tif (deflated 4%)
  adding: mnt/lsdi/ocm18920119/ocm18920119/Output/_0161.tif (deflated 4%)
  adding: mnt/lsdi/ocm18920119/ocm18920119/Output/_0162.tif (deflated 5%)
  adding: mnt/lsdi/ocm18920119/ocm18920119/Output/_0163.tif (deflated 4%)
  adding: mnt/lsdi/ocm18920119/ocm18920119/Output/_0164.tif (deflated 5%)
  adding: mnt/lsdi/ocm18920119/ocm18920119/Output/_0165.tif (deflated 4%)
  adding: mnt/lsdi/ocm18920119/ocm18920119/Output/_0166.tif (deflated 5%)
  adding: mnt/lsdi/ocm18920119/ocm18920119/Output/_0167.tif (deflated 4%)
  adding: mnt/lsdi/ocm18920119/ocm18920119/Output/_0168.tif (deflated 5%)
  adding: mnt/lsdi/ocm18920119/ocm18920119/Output/_0169.tif (deflated 4%)
  adding: mnt/lsdi/ocm18920119/ocm18920119/Output/_0170.tif (deflated 5%)
  adding: mnt/lsdi/ocm18920119/ocm18920119/Output/_0171.tif (deflated 4%)
  adding: mnt/lsdi/ocm18920119/ocm18920119/Output/_0172.tif (deflated 5%)
  adding: mnt/lsdi/ocm18920119/ocm18920119/Output/_0173.tif (deflated 4%)
  adding: mnt/lsdi/ocm18920119/ocm18920119/Output/_0174.tif (deflated 4%)
  adding: mnt/lsdi/ocm18920119/ocm18920119/Output/_0175.tif (deflated 4%)
  adding: mnt/lsdi/ocm18920119/ocm18920119/Output/_0176.tif (deflated 5%)
  adding: mnt/lsdi/ocm18920119/ocm18920119/Output/_0177.tif (deflated 4%)
  adding: mnt/lsdi/ocm18920119/ocm18920119/Output/_0178.tif (deflated 5%)
  adding: mnt/lsdi/ocm18920119/ocm18920119/Output/_0179.tif (deflated 4%)
  adding: mnt/lsdi/ocm18920119/ocm18920119/Output/_0180.tif (deflated 5%)
  adding: mnt/lsdi/ocm18920119/ocm18920119/Output/_0181.tif (deflated 5%)
  adding: mnt/lsdi/ocm18920119/ocm18920119/Output/_0182.tif (deflated 5%)
  adding: mnt/lsdi/ocm18920119/ocm18920119/Output/_0183.tif (deflated 4%)
  adding: mnt/lsdi/ocm18920119/ocm18920119/Output/_0184.tif (deflated 5%)
  adding: mnt/lsdi/ocm18920119/ocm18920119/Output/_0185.tif (deflated 4%)
  adding: mnt/lsdi/ocm18920119/ocm18920119/Output/_0186.tif (deflated 4%)
  adding: mnt/lsdi/ocm18920119/ocm18920119/Output/_0187.tif (deflated 4%)
  adding: mnt/lsdi/ocm18920119/ocm18920119/Output/_0188.tif (deflated 4%)
  adding: mnt/lsdi/ocm18920119/ocm18920119/Output/_0189.tif (deflated 4%)
  adding: mnt/lsdi/ocm18920119/ocm18920119/Output/_0190.tif (deflated 5%)
  adding: mnt/lsdi/ocm18920119/ocm18920119/Output/_0191.tif (deflated 4%)
  adding: mnt/lsdi/ocm18920119/ocm18920119/Output/_0192.tif (deflated 81%)
  adding: mnt/lsdi/ocm18920119/ocm18920119/Output/_0193.tif (deflated 3%)
  adding: mnt/lsdi/ocm18920119/ocm18920119/Output/_0194.tif (deflated 5%)
  adding: mnt/lsdi/ocm18920119/ocm18920119/Output/_0195.tif (deflated 4%)
  adding: mnt/lsdi/ocm18920119/ocm18920119/Output/_0196.tif (deflated 5%)
  adding: mnt/lsdi/ocm18920119/ocm18920119/Output/_0197.tif (deflated 4%)
  adding: mnt/lsdi/ocm18920119/ocm18920119/Output/_0198.tif (deflated 5%)
  adding: mnt/lsdi/ocm18920119/ocm18920119/Output/_0199.tif (deflated 4%)
  adding: mnt/lsdi/ocm18920119/ocm18920119/Output/_0200.tif (deflated 5%)
  adding: mnt/lsdi/ocm18920119/ocm18920119/Output/_0201.tif (deflated 4%)
  adding: mnt/lsdi/ocm18920119/ocm18920119/Output/_0202.tif (deflated 5%)
  adding: mnt/lsdi/ocm18920119/ocm18920119/Output/_0203.tif (deflated 4%)
  adding: mnt/lsdi/ocm18920119/ocm18920119/Output/_0204.tif (deflated 5%)
  adding: mnt/lsdi/ocm18920119/ocm18920119/Output/_0205.tif (deflated 4%)
  adding: mnt/lsdi/ocm18920119/ocm18920119/Output/_0206.tif (deflated 5%)
  adding: mnt/lsdi/ocm18920119/ocm18920119/Output/_0207.tif (deflated 4%)
  adding: mnt/lsdi/ocm18920119/ocm18920119/Output/_0208.tif (deflated 5%)
  adding: mnt/lsdi/ocm18920119/ocm18920119/Output/_0209.tif (deflated 4%)
  adding: mnt/lsdi/ocm18920119/ocm18920119/Output/_0210.tif (deflated 5%)
  adding: mnt/lsdi/ocm18920119/ocm18920119/Output/_0211.tif (deflated 4%)
  adding: mnt/lsdi/ocm18920119/ocm18920119/Output/_0212.tif (deflated 5%)
  adding: mnt/lsdi/ocm18920119/ocm18920119/Output/_0213.tif (deflated 4%)
  adding: mnt/lsdi/ocm18920119/ocm18920119/Output/_0214.tif (deflated 4%)
  adding: mnt/lsdi/ocm18920119/ocm18920119/Output/_0215.tif (deflated 4%)
  adding: mnt/lsdi/ocm18920119/ocm18920119/Output/_0216.tif (deflated 5%)
  adding: mnt/lsdi/ocm18920119/ocm18920119/Output/_0217.tif (deflated 4%)
  adding: mnt/lsdi/ocm18920119/ocm18920119/Output/_0218.tif (deflated 81%)
  adding: mnt/lsdi/ocm18920119/ocm18920119/Output/_0219.tif (deflated 3%)
  adding: mnt/lsdi/ocm18920119/ocm18920119/Output/_0220.tif (deflated 4%)
  adding: mnt/lsdi/ocm18920119/ocm18920119/Output/_0221.tif (deflated 4%)
  adding: mnt/lsdi/ocm18920119/ocm18920119/Output/_0222.tif (deflated 5%)
  adding: mnt/lsdi/ocm18920119/ocm18920119/Output/_0223.tif (deflated 4%)
  adding: mnt/lsdi/ocm18920119/ocm18920119/Output/_0224.tif (deflated 5%)
  adding: mnt/lsdi/ocm18920119/ocm18920119/Output/_0225.tif (deflated 81%)
  adding: mnt/lsdi/ocm18920119/ocm18920119/Output/_0226.tif (deflated 4%)
  adding: mnt/lsdi/ocm18920119/ocm18920119/Output/_0227.tif (deflated 3%)
  adding: mnt/lsdi/ocm18920119/ocm18920119/Output/_0228.tif (deflated 3%)
  adding: mnt/lsdi/ocm18920119/ocm18920119/Output/_0229.tif (deflated 3%)
  adding: mnt/lsdi/ocm18920119/ocm18920119/Output/_0230.tif (deflated 3%)
  adding: mnt/lsdi/ocm18920119/ocm18920119/Output/_0231.tif (deflated 3%)
  adding: mnt/lsdi/ocm18920119/ocm18920119/Output/_0232.tif (deflated 3%)
  adding: mnt/lsdi/ocm18920119/ocm18920119/Output/_0233.tif (deflated 3%)
  adding: mnt/lsdi/ocm18920119/ocm18920119/Output/_0234.tif (deflated 4%)
  adding: mnt/lsdi/ocm18920119/ocm18920119/Output/_0235.tif (deflated 2%)
  adding: mnt/lsdi/ocm18920119/ocm18920119/Output/_0236.tif (deflated 5%)
  adding: mnt/lsdi/ocm18920119/ocm18920119/Output/_0237.tif (deflated 4%)
  adding: mnt/lsdi/ocm18920119/ocm18920119/Output/_0238.tif (deflated 5%)
  adding: mnt/lsdi/ocm18920119/ocm18920119/Output/_0239.tif (deflated 4%)
  adding: mnt/lsdi/ocm18920119/ocm18920119/Output/_0240.tif (deflated 4%)
  adding: mnt/lsdi/ocm18920119/ocm18920119/Output/_0241.tif (deflated 7%)
  adding: mnt/lsdi/ocm18920119/ocm18920119/Output/_0242.tif (deflated 4%)
  adding: mnt/lsdi/ocm18920119/ocm18920119/Output/_0243.tif (deflated 4%)
  adding: mnt/lsdi/ocm18920119/ocm18920119/Output/_0244.tif (deflated 4%)
  adding: mnt/lsdi/ocm18920119/ocm18920119/Output/_0245.tif (deflated 4%)
  adding: mnt/lsdi/ocm18920119/ocm18920119/Output/_0246.tif (deflated 5%)
  adding: mnt/lsdi/ocm18920119/ocm18920119/Output/_0247.tif (deflated 5%)
  adding: mnt/lsdi/ocm18920119/ocm18920119/Output/_0248.tif (deflated 5%)
  adding: mnt/lsdi/ocm18920119/ocm18920119/Output/_0249.tif (deflated 5%)
  adding: mnt/lsdi/ocm18920119/ocm18920119/Output/_0250.tif (deflated 5%)
  adding: mnt/lsdi/ocm18920119/ocm18920119/Output/_0251.tif (deflated 4%)
  adding: mnt/lsdi/ocm18920119/ocm18920119/Output/_0252.tif (deflated 5%)
  adding: mnt/lsdi/ocm18920119/ocm18920119/Output/_0253.tif (deflated 3%)
  adding: mnt/lsdi/ocm18920119/ocm18920119/Output/_0254.tif (deflated 3%)
  adding: mnt/lsdi/ocm18920119/ocm18920119/Output/_0255.tif (deflated 3%)
  adding: mnt/lsdi/ocm18920119/ocm18920119/Output/_0256.tif (deflated 4%)
  adding: mnt/lsdi/ocm18920119/ocm18920119/Output/_0257.tif (deflated 5%)
  adding: mnt/lsdi/ocm18920119/ocm18920119/Output/_0258.tif (deflated 5%)
  adding: mnt/lsdi/ocm18920119/ocm18920119/Output/_0259.tif (deflated 4%)
  adding: mnt/lsdi/ocm18920119/ocm18920119/Output/_0260.tif (deflated 81%)
  adding: mnt/lsdi/ocm18920119/ocm18920119/Output/_0261.tif (deflated 5%)
  adding: mnt/lsdi/ocm18920119/ocm18920119/Output/_0262.tif (deflated 5%)
  adding: mnt/lsdi/ocm18920119/ocm18920119/Output/_0263.tif (deflated 4%)
  adding: mnt/lsdi/ocm18920119/ocm18920119/Output/_0264.tif (deflated 4%)
  adding: mnt/lsdi/ocm18920119/ocm18920119/Output/_0265.tif (deflated 4%)
  adding: mnt/lsdi/ocm18920119/ocm18920119/Output/_0266.tif (deflated 5%)
  adding: mnt/lsdi/ocm18920119/ocm18920119/Output/_0267.tif (deflated 4%)
  adding: mnt/lsdi/ocm18920119/ocm18920119/Output/_0268.tif (deflated 5%)
  adding: mnt/lsdi/ocm18920119/ocm18920119/Output/_0269.tif (deflated 5%)
  adding: mnt/lsdi/ocm18920119/ocm18920119/Output/_0270.tif (deflated 5%)
  adding: mnt/lsdi/ocm18920119/ocm18920119/Output/_0271.tif (deflated 5%)
  adding: mnt/lsdi/ocm18920119/ocm18920119/Output/_0272.tif (deflated 3%)
  adding: mnt/lsdi/ocm18920119/ocm18920119/Output/_0273.tif (deflated 4%)
  adding: mnt/lsdi/ocm18920119/ocm18920119/Output/_0274.tif (deflated 5%)
  adding: mnt/lsdi/ocm18920119/ocm18920119/Output/_0275.tif (deflated 4%)
  adding: mnt/lsdi/ocm18920119/ocm18920119/Output/_0276.tif (deflated 5%)
  adding: mnt/lsdi/ocm18920119/ocm18920119/Output/_0277.tif (deflated 5%)
  adding: mnt/lsdi/ocm18920119/ocm18920119/Output/_0278.tif (deflated 4%)
  adding: mnt/lsdi/ocm18920119/ocm18920119/Output/_0279.tif (deflated 3%)
  adding: mnt/lsdi/ocm18920119/ocm18920119/Output/_0280.tif (deflated 5%)
  adding: mnt/lsdi/ocm18920119/ocm18920119/Output/_0281.tif (deflated 4%)
  adding: mnt/lsdi/ocm18920119/ocm18920119/Output/_0282.tif (deflated 5%)
  adding: mnt/lsdi/ocm18920119/ocm18920119/Output/_0283.tif (deflated 5%)
  adding: mnt/lsdi/ocm18920119/ocm18920119/Output/_0284.tif (deflated 5%)
  adding: mnt/lsdi/ocm18920119/ocm18920119/Output/_0285.tif (deflated 5%)
  adding: mnt/lsdi/ocm18920119/ocm18920119/Output/_0286.tif (deflated 4%)
  adding: mnt/lsdi/ocm18920119/ocm18920119/Output/_0287.tif (deflated 2%)
  adding: mnt/lsdi/ocm18920119/ocm18920119/Output/_0288.tif (deflated 2%)
  adding: mnt/lsdi/ocm18920119/ocm18920119/Output/_0289.tif (deflated 3%)
  adding: mnt/lsdi/ocm18920119/ocm18920119/Output/_0290.tif (deflated 2%)
  adding: mnt/lsdi/ocm18920119/ocm18920119/Output/_0291.tif (deflated 2%)
  adding: mnt/lsdi/ocm18920119/ocm18920119/Output/_0292.tif (deflated 4%)
  adding: mnt/lsdi/ocm18920119/ocm18920119/Output/_0293.tif (deflated 5%)
  adding: mnt/lsdi/ocm18920119/ocm18920119/Output/_0294.tif (deflated 5%)
  adding: mnt/lsdi/ocm18920119/ocm18920119/Output/_0295.tif (deflated 5%)
  adding: mnt/lsdi/ocm18920119/ocm18920119/Output/_0296.tif (deflated 4%)
  adding: mnt/lsdi/ocm18920119/ocm18920119/Output/_0297.tif (deflated 3%)
  adding: mnt/lsdi/ocm18920119/ocm18920119/Output/_0298.tif (deflated 5%)
  adding: mnt/lsdi/ocm18920119/ocm18920119/Output/_0299.tif (deflated 4%)
  adding: mnt/lsdi/ocm18920119/ocm18920119/Output/_0300.tif (deflated 4%)
  adding: mnt/lsdi/ocm18920119/ocm18920119/Output/_0301.tif (deflated 5%)
  adding: mnt/lsdi/ocm18920119/ocm18920119/Output/_0302.tif (deflated 81%)
  adding: mnt/lsdi/ocm18920119/ocm18920119/Output/_0303.tif (deflated 4%)
  adding: mnt/lsdi/ocm18920119/ocm18920119/Output/_0304.tif (deflated 4%)
  adding: mnt/lsdi/ocm18920119/ocm18920119/Output/_0305.tif (deflated 4%)
  adding: mnt/lsdi/ocm18920119/ocm18920119/Output/_0306.tif (deflated 4%)
  adding: mnt/lsdi/ocm18920119/ocm18920119/Output/_0307.tif (deflated 5%)
  adding: mnt/lsdi/ocm18920119/ocm18920119/Output/_0308.tif (deflated 5%)
  adding: mnt/lsdi/ocm18920119/ocm18920119/Output/_0309.tif (deflated 5%)
  adding: mnt/lsdi/ocm18920119/ocm18920119/Output/_0310.tif (deflated 7%)
  adding: mnt/lsdi/ocm18920119/ocm18920119/Output/_0311.tif (deflated 81%)
  adding: mnt/lsdi/ocm18920119/ocm18920119/Output/_0312.tif (deflated 6%)
  adding: mnt/lsdi/ocm18920119/ocm18920119/Output/_0313.tif (deflated 81%)
  adding: mnt/lsdi/ocm18920119/ocm18920119/Output/_0314.tif (deflated 3%)
  adding: mnt/lsdi/ocm18920119/ocm18920119/Output/_0315.tif (deflated 3%)
  adding: mnt/lsdi/ocm18920119/ocm18920119/Output/_0316.tif (deflated 3%)
  adding: mnt/lsdi/ocm18920119/ocm18920119/Output/_0317.tif (deflated 3%)
  adding: mnt/lsdi/ocm18920119/ocm18920119/Output/_0318.tif (deflated 3%)
  adding: mnt/lsdi/ocm18920119/ocm18920119/Output/_0319.tif (deflated 4%)
  adding: mnt/lsdi/ocm18920119/ocm18920119/Output/_0320.tif (deflated 3%)
  adding: mnt/lsdi/ocm18920119/ocm18920119/Output/_0321.tif (deflated 81%)
  adding: mnt/lsdi/ocm18920119/ocm18920119/Output/_0322.tif (deflated 81%)
curl --location --header authorization: LOW fpJYfLnxbLmCEHqU:JQbq6NgBaPrSh98Y --upload-file /temp/ocm18920119_images.zip http://s3.us.archive.org/18920119.emory.edu/18920119_images.zip
  % Total    % Received % Xferd  Average Speed   Time    Time     Time  Current
                                 Dload  Upload   Total   Spent    Left  Speed
  0     0    0     0    0     0      0      0 --:--:-- --:--:-- --:--:--     0  0 57.4M    0     0    0     0      0      0 --:--:--  0:00:01 --:--:--     0  0 57.4M    0     0    0  384k      0   257k  0:03:48  0:00:01  0:03:47  270k  2 57.4M    0     0    2 1296k      0   521k  0:01:52  0:00:02  0:01:50  537k  3 57.4M    0     0    3 2176k      0   624k  0:01:34  0:00:03  0:01:31  637k  5 57.4M    0     0    5 3088k      0   687k  0:01:25  0:00:04  0:01:21  699k  6 57.4M    0     0    6 3952k      0   719k  0:01:21  0:00:05  0:01:16  894k  8 57.4M    0     0    8 4832k      0   745k  0:01:18  0:00:06  0:01:12  890k  9 57.4M    0     0    9 5744k      0   767k  0:01:16  0:00:07  0:01:09  890k 11 57.4M    0     0   11 6640k      0   778k  0:01:15  0:00:08  0:01:07  884k 12 57.4M    0     0   12 7520k      0   789k  0:01:14  0:00:09  0:01:05  880k 14 57.4M    0     0   14 8384k      0   797k  0:01:13  0:00:10  0:01:03  883k 15 57.4M    0     0   15 9264k      0   805k  0:01:13  0:00:11  0:01:02  882k 17 57.4M    0     0   17  9.9M      0   811k  0:01:12  0:00:12  0:01:00  877k 18 57.4M    0     0   18 10.7M      0   816k  0:01:12  0:00:13  0:00:59  882k 20 57.4M    0     0   20 11.6M      0   820k  0:01:11  0:00:14  0:00:57  881k 21 57.4M    0     0   21 12.4M      0   824k  0:01:11  0:00:15  0:00:56  880k 23 57.4M    0     0   23 13.3M      0   828k  0:01:11  0:00:16  0:00:55  881k 24 57.4M    0     0   24 14.2M      0   831k  0:01:10  0:00:17  0:00:53  880k 26 57.4M    0     0   26 15.0M      0   834k  0:01:10  0:00:18  0:00:52  882k 27 57.4M    0     0   27 15.9M      0   836k  0:01:10  0:00:19  0:00:51  883k 29 57.4M    0     0   29 16.7M      0   837k  0:01:10  0:00:20  0:00:50  878k 30 57.4M    0     0   30 17.6M      0   838k  0:01:10  0:00:21  0:00:49  871k 32 57.4M    0     0   32 18.4M      0   840k  0:01:09  0:00:22  0:00:47  871k 33 57.4M    0     0   33 19.3M      0   842k  0:01:09  0:00:23  0:00:46  873k 35 57.4M    0     0   35 20.2M      0   844k  0:01:09  0:00:24  0:00:45  871k 36 57.4M    0     0   36 21.0M      0   845k  0:01:09  0:00:25  0:00:44  880k 38 57.4M    0     0   38 21.9M      0   847k  0:01:09  0:00:26  0:00:43  886k 39 57.4M    0     0   39 22.7M      0   848k  0:01:09  0:00:27  0:00:42  882k 41 57.4M    0     0   41 23.6M      0   848k  0:01:09  0:00:28  0:00:41  874k 42 57.4M    0     0   42 24.4M      0   849k  0:01:09  0:00:29  0:00:40  876k 44 57.4M    0     0   44 25.3M      0   850k  0:01:09  0:00:30  0:00:39  877k 45 57.4M    0     0   45 26.1M      0   850k  0:01:09  0:00:31  0:00:38  870k 47 57.4M    0     0   47 27.0M      0   852k  0:01:09  0:00:32  0:00:37  875k 48 57.4M    0     0   48 27.9M      0   853k  0:01:08  0:00:33  0:00:35  883k 50 57.4M    0     0   50 28.7M      0   854k  0:01:08  0:00:34  0:00:34  884k 51 57.4M    0     0   51 29.6M      0   854k  0:01:08  0:00:35  0:00:33  878k 53 57.4M    0     0   53 30.5M      0   855k  0:01:08  0:00:36  0:00:32  882k 54 57.4M    0     0   54 31.3M      0   855k  0:01:08  0:00:37  0:00:31  879k 56 57.4M    0     0   56 32.1M      0   856k  0:01:08  0:00:38  0:00:30  876k 57 57.4M    0     0   57 33.0M      0   857k  0:01:08  0:00:39  0:00:29  874k 59 57.4M    0     0   59 33.9M      0   857k  0:01:08  0:00:40  0:00:28  879k 60 57.4M    0     0   60 34.7M      0   858k  0:01:08  0:00:41  0:00:27  882k 62 57.4M    0     0   62 35.6M      0   859k  0:01:08  0:00:42  0:00:26  884k 63 57.4M    0     0   63 36.5M      0   859k  0:01:08  0:00:43  0:00:25  886k 65 57.4M    0     0   65 37.3M      0   860k  0:01:08  0:00:44  0:00:24  882k 66 57.4M    0     0   66 38.2M      0   860k  0:01:08  0:00:45  0:00:23  882k 68 57.4M    0     0   68 39.1M      0   861k  0:01:08  0:00:46  0:00:22  882k 69 57.4M    0     0   69 39.9M      0   861k  0:01:08  0:00:47  0:00:21  875k 71 57.4M    0     0   71 40.8M      0   861k  0:01:08  0:00:48  0:00:20  875k 72 57.4M    0     0   72 41.6M      0   862k  0:01:08  0:00:49  0:00:19  880k 74 57.4M    0     0   74 42.5M      0   862k  0:01:08  0:00:50  0:00:18  881k 75 57.4M    0     0   75 43.4M      0   863k  0:01:08  0:00:51  0:00:17  884k 77 57.4M    0     0   77 44.2M      0   864k  0:01:08  0:00:52  0:00:16  895k 78 57.4M    0     0   78 45.1M      0   864k  0:01:08  0:00:53  0:00:15  891k 80 57.4M    0     0   80 46.0M      0   864k  0:01:08  0:00:54  0:00:14  891k 81 57.4M    0     0   81 46.8M      0   865k  0:01:07  0:00:55  0:00:12  892k 83 57.4M    0     0   83 47.7M      0   865k  0:01:07  0:00:56  0:00:11  886k 84 57.4M    0     0   84 48.6M      0   865k  0:01:07  0:00:57  0:00:10  882k 86 57.4M    0     0   86 49.4M      0   866k  0:01:07  0:00:58  0:00:09  887k 87 57.4M    0     0   87 50.3M      0   866k  0:01:07  0:00:59  0:00:08  883k 89 57.4M    0     0   89 51.2M      0   866k  0:01:07  0:01:00  0:00:07  880k 90 57.4M    0     0   90 52.0M      0   866k  0:01:07  0:01:01  0:00:06  883k 92 57.4M    0     0   92 52.9M      0   867k  0:01:07  0:01:02  0:00:05  883k 93 57.4M    0     0   93 53.8M      0   867k  0:01:07  0:01:03  0:00:04  883k 95 57.4M    0     0   95 54.6M      0   867k  0:01:07  0:01:04  0:00:03  883k 96 57.4M    0     0   96 55.5M      0   867k  0:01:07  0:01:05  0:00:02  884k 98 57.4M    0     0   98 56.3M      0   868k  0:01:07  0:01:06  0:00:01  883k 99 57.4M    0     0   99 57.2M      0   868k  0:01:07  0:01:07 --:--:--  883k100 57.4M    0     0  100 57.4M      0   857k  0:01:08  0:01:08 --:--:--  729k100 57.4M    0     0  100 57.4M      0   857k  0:01:08  0:01:08 --:--:--  694k
