Bucket ID will be 16836757.emory.edu
curl --location --header x-amz-auto-make-bucket:1 --header x-archive-ignore-preexisting-bucket:1 --header x-archive-queue-derive:0 --header x-archive-meta-mediatype:texts --header x-archive-meta03-collection:emory --header x-archive-meta01-collection:americanmethodism --header x-archive-meta-sponsor:Emory University, Pitts Theology Library --header x-archive-meta-contributor:Emory University, Pitts Theology Library --header x-archive-meta-ppi:300 --header authorization: LOW fpJYfLnxbLmCEHqU:JQbq6NgBaPrSh98Y --upload-file /mnt/lsdi/ocm16836757-2360/ocm16836757/ocm16836757_MRC.xml http://s3.us.archive.org/16836757.2360.emory.edu/16836757.2360.emory.edu_marc.xml
  % Total    % Received % Xferd  Average Speed   Time    Time     Time  Current
                                 Dload  Upload   Total   Spent    Left  Speed
  0     0    0     0    0     0      0      0 --:--:-- --:--:-- --:--:--     0  0  2914    0     0    0     0      0      0 --:--:--  0:00:01 --:--:--     0100  2914    0     0  100  2914      0   1385  0:00:02  0:00:02 --:--:--  1440100  2914    0     0  100  2914      0    938  0:00:03  0:00:03 --:--:--   963100  2914    0     0  100  2914      0    651  0:00:04  0:00:04 --:--:--   663100  2914    0     0  100  2914      0    532  0:00:05  0:00:05 --:--:--   540100  2914    0     0  100  2914      0    450  0:00:06  0:00:06 --:--:--   540100  2914    0     0  100  2914      0    389  0:00:07  0:00:07 --:--:--     0100  2914    0     0  100  2914      0    343  0:00:08  0:00:08 --:--:--     0100  2914    0     0  100  2914      0    307  0:00:09  0:00:09 --:--:--     0100  2914    0     0  100  2914      0    278  0:00:10  0:00:10 --:--:--     0100  2914    0     0  100  2914      0    253  0:00:11  0:00:11 --:--:--     0100  2914    0     0  100  2914      0    250  0:00:11  0:00:11 --:--:--     0
zip -r /temp/ocm16836757_2360_images.zip /mnt/lsdi/ocm16836757-2360/ocm16836757/Output/_0001.tif /mnt/lsdi/ocm16836757-2360/ocm16836757/Output/_0002.tif /mnt/lsdi/ocm16836757-2360/ocm16836757/Output/_0003.tif /mnt/lsdi/ocm16836757-2360/ocm16836757/Output/_0004.tif /mnt/lsdi/ocm16836757-2360/ocm16836757/Output/_0005.tif /mnt/lsdi/ocm16836757-2360/ocm16836757/Output/_0006.tif /mnt/lsdi/ocm16836757-2360/ocm16836757/Output/_0007.tif /mnt/lsdi/ocm16836757-2360/ocm16836757/Output/_0008.tif /mnt/lsdi/ocm16836757-2360/ocm16836757/Output/_0009.tif /mnt/lsdi/ocm16836757-2360/ocm16836757/Output/_0010.tif /mnt/lsdi/ocm16836757-2360/ocm16836757/Output/_0011.tif /mnt/lsdi/ocm16836757-2360/ocm16836757/Output/_0012.tif /mnt/lsdi/ocm16836757-2360/ocm16836757/Output/_0013.tif /mnt/lsdi/ocm16836757-2360/ocm16836757/Output/_0014.tif /mnt/lsdi/ocm16836757-2360/ocm16836757/Output/_0015.tif /mnt/lsdi/ocm16836757-2360/ocm16836757/Output/_0016.tif /mnt/lsdi/ocm16836757-2360/ocm16836757/Output/_0017.tif /mnt/lsdi/ocm16836757-2360/ocm16836757/Output/_0018.tif /mnt/lsdi/ocm16836757-2360/ocm16836757/Output/_0019.tif /mnt/lsdi/ocm16836757-2360/ocm16836757/Output/_0020.tif /mnt/lsdi/ocm16836757-2360/ocm16836757/Output/_0021.tif /mnt/lsdi/ocm16836757-2360/ocm16836757/Output/_0022.tif /mnt/lsdi/ocm16836757-2360/ocm16836757/Output/_0023.tif /mnt/lsdi/ocm16836757-2360/ocm16836757/Output/_0024.tif /mnt/lsdi/ocm16836757-2360/ocm16836757/Output/_0025.tif /mnt/lsdi/ocm16836757-2360/ocm16836757/Output/_0026.tif /mnt/lsdi/ocm16836757-2360/ocm16836757/Output/_0027.tif /mnt/lsdi/ocm16836757-2360/ocm16836757/Output/_0028.tif /mnt/lsdi/ocm16836757-2360/ocm16836757/Output/_0029.tif /mnt/lsdi/ocm16836757-2360/ocm16836757/Output/_0030.tif /mnt/lsdi/ocm16836757-2360/ocm16836757/Output/_0031.tif /mnt/lsdi/ocm16836757-2360/ocm16836757/Output/_0032.tif /mnt/lsdi/ocm16836757-2360/ocm16836757/Output/_0033.tif /mnt/lsdi/ocm16836757-2360/ocm16836757/Output/_0034.tif /mnt/lsdi/ocm16836757-2360/ocm16836757/Output/_0035.tif /mnt/lsdi/ocm16836757-2360/ocm16836757/Output/_0036.tif /mnt/lsdi/ocm16836757-2360/ocm16836757/Output/_0037.tif /mnt/lsdi/ocm16836757-2360/ocm16836757/Output/_0038.tif /mnt/lsdi/ocm16836757-2360/ocm16836757/Output/_0039.tif /mnt/lsdi/ocm16836757-2360/ocm16836757/Output/_0040.tif /mnt/lsdi/ocm16836757-2360/ocm16836757/Output/_0041.tif /mnt/lsdi/ocm16836757-2360/ocm16836757/Output/_0042.tif /mnt/lsdi/ocm16836757-2360/ocm16836757/Output/_0043.tif /mnt/lsdi/ocm16836757-2360/ocm16836757/Output/_0044.tif /mnt/lsdi/ocm16836757-2360/ocm16836757/Output/_0045.tif /mnt/lsdi/ocm16836757-2360/ocm16836757/Output/_0046.tif /mnt/lsdi/ocm16836757-2360/ocm16836757/Output/_0047.tif /mnt/lsdi/ocm16836757-2360/ocm16836757/Output/_0048.tif /mnt/lsdi/ocm16836757-2360/ocm16836757/Output/_0049.tif /mnt/lsdi/ocm16836757-2360/ocm16836757/Output/_0050.tif /mnt/lsdi/ocm16836757-2360/ocm16836757/Output/_0051.tif /mnt/lsdi/ocm16836757-2360/ocm16836757/Output/_0052.tif /mnt/lsdi/ocm16836757-2360/ocm16836757/Output/_0053.tif /mnt/lsdi/ocm16836757-2360/ocm16836757/Output/_0054.tif /mnt/lsdi/ocm16836757-2360/ocm16836757/Output/_0055.tif /mnt/lsdi/ocm16836757-2360/ocm16836757/Output/_0056.tif /mnt/lsdi/ocm16836757-2360/ocm16836757/Output/_0057.tif /mnt/lsdi/ocm16836757-2360/ocm16836757/Output/_0058.tif /mnt/lsdi/ocm16836757-2360/ocm16836757/Output/_0059.tif /mnt/lsdi/ocm16836757-2360/ocm16836757/Output/_0060.tif /mnt/lsdi/ocm16836757-2360/ocm16836757/Output/_0061.tif /mnt/lsdi/ocm16836757-2360/ocm16836757/Output/_0062.tif /mnt/lsdi/ocm16836757-2360/ocm16836757/Output/_0063.tif /mnt/lsdi/ocm16836757-2360/ocm16836757/Output/_0064.tif /mnt/lsdi/ocm16836757-2360/ocm16836757/Output/_0065.tif /mnt/lsdi/ocm16836757-2360/ocm16836757/Output/_0066.tif /mnt/lsdi/ocm16836757-2360/ocm16836757/Output/_0067.tif /mnt/lsdi/ocm16836757-2360/ocm16836757/Output/_0068.tif /mnt/lsdi/ocm16836757-2360/ocm16836757/Output/_0069.tif /mnt/lsdi/ocm16836757-2360/ocm16836757/Output/_0070.tif /mnt/lsdi/ocm16836757-2360/ocm16836757/Output/_0071.tif /mnt/lsdi/ocm16836757-2360/ocm16836757/Output/_0072.tif /mnt/lsdi/ocm16836757-2360/ocm16836757/Output/_0073.tif /mnt/lsdi/ocm16836757-2360/ocm16836757/Output/_0074.tif /mnt/lsdi/ocm16836757-2360/ocm16836757/Output/_0075.tif /mnt/lsdi/ocm16836757-2360/ocm16836757/Output/_0076.tif /mnt/lsdi/ocm16836757-2360/ocm16836757/Output/_0077.tif /mnt/lsdi/ocm16836757-2360/ocm16836757/Output/_0078.tif /mnt/lsdi/ocm16836757-2360/ocm16836757/Output/_0079.tif /mnt/lsdi/ocm16836757-2360/ocm16836757/Output/_0080.tif /mnt/lsdi/ocm16836757-2360/ocm16836757/Output/_0081.tif /mnt/lsdi/ocm16836757-2360/ocm16836757/Output/_0082.tif /mnt/lsdi/ocm16836757-2360/ocm16836757/Output/_0083.tif /mnt/lsdi/ocm16836757-2360/ocm16836757/Output/_0084.tif /mnt/lsdi/ocm16836757-2360/ocm16836757/Output/_0085.tif /mnt/lsdi/ocm16836757-2360/ocm16836757/Output/_0086.tif /mnt/lsdi/ocm16836757-2360/ocm16836757/Output/_0087.tif /mnt/lsdi/ocm16836757-2360/ocm16836757/Output/_0088.tif /mnt/lsdi/ocm16836757-2360/ocm16836757/Output/_0089.tif /mnt/lsdi/ocm16836757-2360/ocm16836757/Output/_0090.tif /mnt/lsdi/ocm16836757-2360/ocm16836757/Output/_0091.tif /mnt/lsdi/ocm16836757-2360/ocm16836757/Output/_0092.tif /mnt/lsdi/ocm16836757-2360/ocm16836757/Output/_0093.tif /mnt/lsdi/ocm16836757-2360/ocm16836757/Output/_0094.tif /mnt/lsdi/ocm16836757-2360/ocm16836757/Output/_0095.tif /mnt/lsdi/ocm16836757-2360/ocm16836757/Output/_0096.tif /mnt/lsdi/ocm16836757-2360/ocm16836757/Output/_0097.tif /mnt/lsdi/ocm16836757-2360/ocm16836757/Output/_0098.tif /mnt/lsdi/ocm16836757-2360/ocm16836757/Output/_0099.tif /mnt/lsdi/ocm16836757-2360/ocm16836757/Output/_0100.tif /mnt/lsdi/ocm16836757-2360/ocm16836757/Output/_0101.tif /mnt/lsdi/ocm16836757-2360/ocm16836757/Output/_0102.tif /mnt/lsdi/ocm16836757-2360/ocm16836757/Output/_0103.tif /mnt/lsdi/ocm16836757-2360/ocm16836757/Output/_0104.tif /mnt/lsdi/ocm16836757-2360/ocm16836757/Output/_0105.tif /mnt/lsdi/ocm16836757-2360/ocm16836757/Output/_0106.tif /mnt/lsdi/ocm16836757-2360/ocm16836757/Output/_0107.tif /mnt/lsdi/ocm16836757-2360/ocm16836757/Output/_0108.tif /mnt/lsdi/ocm16836757-2360/ocm16836757/Output/_0109.tif /mnt/lsdi/ocm16836757-2360/ocm16836757/Output/_0110.tif /mnt/lsdi/ocm16836757-2360/ocm16836757/Output/_0111.tif /mnt/lsdi/ocm16836757-2360/ocm16836757/Output/_0112.tif /mnt/lsdi/ocm16836757-2360/ocm16836757/Output/_0113.tif /mnt/lsdi/ocm16836757-2360/ocm16836757/Output/_0114.tif /mnt/lsdi/ocm16836757-2360/ocm16836757/Output/_0115.tif /mnt/lsdi/ocm16836757-2360/ocm16836757/Output/_0116.tif /mnt/lsdi/ocm16836757-2360/ocm16836757/Output/_0117.tif /mnt/lsdi/ocm16836757-2360/ocm16836757/Output/_0118.tif /mnt/lsdi/ocm16836757-2360/ocm16836757/Output/_0119.tif /mnt/lsdi/ocm16836757-2360/ocm16836757/Output/_0120.tif /mnt/lsdi/ocm16836757-2360/ocm16836757/Output/_0121.tif /mnt/lsdi/ocm16836757-2360/ocm16836757/Output/_0122.tif /mnt/lsdi/ocm16836757-2360/ocm16836757/Output/_0123.tif /mnt/lsdi/ocm16836757-2360/ocm16836757/Output/_0124.tif /mnt/lsdi/ocm16836757-2360/ocm16836757/Output/_0125.tif /mnt/lsdi/ocm16836757-2360/ocm16836757/Output/_0126.tif /mnt/lsdi/ocm16836757-2360/ocm16836757/Output/_0127.tif /mnt/lsdi/ocm16836757-2360/ocm16836757/Output/_0128.tif /mnt/lsdi/ocm16836757-2360/ocm16836757/Output/_0129.tif /mnt/lsdi/ocm16836757-2360/ocm16836757/Output/_0130.tif /mnt/lsdi/ocm16836757-2360/ocm16836757/Output/_0131.tif /mnt/lsdi/ocm16836757-2360/ocm16836757/Output/_0132.tif /mnt/lsdi/ocm16836757-2360/ocm16836757/Output/_0133.tif /mnt/lsdi/ocm16836757-2360/ocm16836757/Output/_0134.tif /mnt/lsdi/ocm16836757-2360/ocm16836757/Output/_0135.tif /mnt/lsdi/ocm16836757-2360/ocm16836757/Output/_0136.tif /mnt/lsdi/ocm16836757-2360/ocm16836757/Output/_0137.tif /mnt/lsdi/ocm16836757-2360/ocm16836757/Output/_0138.tif /mnt/lsdi/ocm16836757-2360/ocm16836757/Output/_0139.tif /mnt/lsdi/ocm16836757-2360/ocm16836757/Output/_0140.tif /mnt/lsdi/ocm16836757-2360/ocm16836757/Output/_0141.tif /mnt/lsdi/ocm16836757-2360/ocm16836757/Output/_0142.tif /mnt/lsdi/ocm16836757-2360/ocm16836757/Output/_0143.tif /mnt/lsdi/ocm16836757-2360/ocm16836757/Output/_0144.tif /mnt/lsdi/ocm16836757-2360/ocm16836757/Output/_0145.tif /mnt/lsdi/ocm16836757-2360/ocm16836757/Output/_0146.tif /mnt/lsdi/ocm16836757-2360/ocm16836757/Output/_0147.tif /mnt/lsdi/ocm16836757-2360/ocm16836757/Output/_0148.tif /mnt/lsdi/ocm16836757-2360/ocm16836757/Output/_0149.tif /mnt/lsdi/ocm16836757-2360/ocm16836757/Output/_0150.tif /mnt/lsdi/ocm16836757-2360/ocm16836757/Output/_0151.tif /mnt/lsdi/ocm16836757-2360/ocm16836757/Output/_0152.tif /mnt/lsdi/ocm16836757-2360/ocm16836757/Output/_0153.tif /mnt/lsdi/ocm16836757-2360/ocm16836757/Output/_0154.tif /mnt/lsdi/ocm16836757-2360/ocm16836757/Output/_0155.tif /mnt/lsdi/ocm16836757-2360/ocm16836757/Output/_0156.tif /mnt/lsdi/ocm16836757-2360/ocm16836757/Output/_0157.tif /mnt/lsdi/ocm16836757-2360/ocm16836757/Output/_0158.tif /mnt/lsdi/ocm16836757-2360/ocm16836757/Output/_0159.tif /mnt/lsdi/ocm16836757-2360/ocm16836757/Output/_0160.tif /mnt/lsdi/ocm16836757-2360/ocm16836757/Output/_0161.tif /mnt/lsdi/ocm16836757-2360/ocm16836757/Output/_0162.tif /mnt/lsdi/ocm16836757-2360/ocm16836757/Output/_0163.tif /mnt/lsdi/ocm16836757-2360/ocm16836757/Output/_0164.tif /mnt/lsdi/ocm16836757-2360/ocm16836757/Output/_0165.tif /mnt/lsdi/ocm16836757-2360/ocm16836757/Output/_0166.tif /mnt/lsdi/ocm16836757-2360/ocm16836757/Output/_0167.tif /mnt/lsdi/ocm16836757-2360/ocm16836757/Output/_0168.tif /mnt/lsdi/ocm16836757-2360/ocm16836757/Output/_0169.tif /mnt/lsdi/ocm16836757-2360/ocm16836757/Output/_0170.tif /mnt/lsdi/ocm16836757-2360/ocm16836757/Output/_0171.tif /mnt/lsdi/ocm16836757-2360/ocm16836757/Output/_0172.tif /mnt/lsdi/ocm16836757-2360/ocm16836757/Output/_0173.tif /mnt/lsdi/ocm16836757-2360/ocm16836757/Output/_0174.tif /mnt/lsdi/ocm16836757-2360/ocm16836757/Output/_0175.tif /mnt/lsdi/ocm16836757-2360/ocm16836757/Output/_0176.tif /mnt/lsdi/ocm16836757-2360/ocm16836757/Output/_0177.tif /mnt/lsdi/ocm16836757-2360/ocm16836757/Output/_0178.tif /mnt/lsdi/ocm16836757-2360/ocm16836757/Output/_0179.tif /mnt/lsdi/ocm16836757-2360/ocm16836757/Output/_0180.tif /mnt/lsdi/ocm16836757-2360/ocm16836757/Output/_0181.tif /mnt/lsdi/ocm16836757-2360/ocm16836757/Output/_0182.tif /mnt/lsdi/ocm16836757-2360/ocm16836757/Output/_0183.tif /mnt/lsdi/ocm16836757-2360/ocm16836757/Output/_0184.tif /mnt/lsdi/ocm16836757-2360/ocm16836757/Output/_0185.tif /mnt/lsdi/ocm16836757-2360/ocm16836757/Output/_0186.tif /mnt/lsdi/ocm16836757-2360/ocm16836757/Output/_0187.tif /mnt/lsdi/ocm16836757-2360/ocm16836757/Output/_0188.tif /mnt/lsdi/ocm16836757-2360/ocm16836757/Output/_0189.tif /mnt/lsdi/ocm16836757-2360/ocm16836757/Output/_0190.tif /mnt/lsdi/ocm16836757-2360/ocm16836757/Output/_0191.tif /mnt/lsdi/ocm16836757-2360/ocm16836757/Output/_0192.tif /mnt/lsdi/ocm16836757-2360/ocm16836757/Output/_0193.tif /mnt/lsdi/ocm16836757-2360/ocm16836757/Output/_0194.tif /mnt/lsdi/ocm16836757-2360/ocm16836757/Output/_0195.tif /mnt/lsdi/ocm16836757-2360/ocm16836757/Output/_0196.tif /mnt/lsdi/ocm16836757-2360/ocm16836757/Output/_0197.tif /mnt/lsdi/ocm16836757-2360/ocm16836757/Output/_0198.tif /mnt/lsdi/ocm16836757-2360/ocm16836757/Output/_0199.tif /mnt/lsdi/ocm16836757-2360/ocm16836757/Output/_0200.tif /mnt/lsdi/ocm16836757-2360/ocm16836757/Output/_0201.tif /mnt/lsdi/ocm16836757-2360/ocm16836757/Output/_0202.tif /mnt/lsdi/ocm16836757-2360/ocm16836757/Output/_0203.tif /mnt/lsdi/ocm16836757-2360/ocm16836757/Output/_0204.tif /mnt/lsdi/ocm16836757-2360/ocm16836757/Output/_0205.tif /mnt/lsdi/ocm16836757-2360/ocm16836757/Output/_0206.tif /mnt/lsdi/ocm16836757-2360/ocm16836757/Output/_0207.tif /mnt/lsdi/ocm16836757-2360/ocm16836757/Output/_0208.tif /mnt/lsdi/ocm16836757-2360/ocm16836757/Output/_0209.tif /mnt/lsdi/ocm16836757-2360/ocm16836757/Output/_0210.tif /mnt/lsdi/ocm16836757-2360/ocm16836757/Output/_0211.tif /mnt/lsdi/ocm16836757-2360/ocm16836757/Output/_0212.tif /mnt/lsdi/ocm16836757-2360/ocm16836757/Output/_0213.tif /mnt/lsdi/ocm16836757-2360/ocm16836757/Output/_0214.tif /mnt/lsdi/ocm16836757-2360/ocm16836757/Output/_0215.tif /mnt/lsdi/ocm16836757-2360/ocm16836757/Output/_0216.tif /mnt/lsdi/ocm16836757-2360/ocm16836757/Output/_0217.tif /mnt/lsdi/ocm16836757-2360/ocm16836757/Output/_0218.tif /mnt/lsdi/ocm16836757-2360/ocm16836757/Output/_0219.tif /mnt/lsdi/ocm16836757-2360/ocm16836757/Output/_0220.tif /mnt/lsdi/ocm16836757-2360/ocm16836757/Output/_0221.tif /mnt/lsdi/ocm16836757-2360/ocm16836757/Output/_0222.tif /mnt/lsdi/ocm16836757-2360/ocm16836757/Output/_0223.tif /mnt/lsdi/ocm16836757-2360/ocm16836757/Output/_0224.tif /mnt/lsdi/ocm16836757-2360/ocm16836757/Output/_0225.tif /mnt/lsdi/ocm16836757-2360/ocm16836757/Output/_0226.tif /mnt/lsdi/ocm16836757-2360/ocm16836757/Output/_0227.tif /mnt/lsdi/ocm16836757-2360/ocm16836757/Output/_0228.tif /mnt/lsdi/ocm16836757-2360/ocm16836757/Output/_0229.tif /mnt/lsdi/ocm16836757-2360/ocm16836757/Output/_0230.tif /mnt/lsdi/ocm16836757-2360/ocm16836757/Output/_0231.tif /mnt/lsdi/ocm16836757-2360/ocm16836757/Output/_0232.tif /mnt/lsdi/ocm16836757-2360/ocm16836757/Output/_0233.tif /mnt/lsdi/ocm16836757-2360/ocm16836757/Output/_0234.tif /mnt/lsdi/ocm16836757-2360/ocm16836757/Output/_0235.tif /mnt/lsdi/ocm16836757-2360/ocm16836757/Output/_0236.tif /mnt/lsdi/ocm16836757-2360/ocm16836757/Output/_0237.tif /mnt/lsdi/ocm16836757-2360/ocm16836757/Output/_0238.tif /mnt/lsdi/ocm16836757-2360/ocm16836757/Output/_0239.tif /mnt/lsdi/ocm16836757-2360/ocm16836757/Output/_0240.tif /mnt/lsdi/ocm16836757-2360/ocm16836757/Output/_0241.tif /mnt/lsdi/ocm16836757-2360/ocm16836757/Output/_0242.tif /mnt/lsdi/ocm16836757-2360/ocm16836757/Output/_0243.tif /mnt/lsdi/ocm16836757-2360/ocm16836757/Output/_0244.tif /mnt/lsdi/ocm16836757-2360/ocm16836757/Output/_0245.tif /mnt/lsdi/ocm16836757-2360/ocm16836757/Output/_0246.tif /mnt/lsdi/ocm16836757-2360/ocm16836757/Output/_0247.tif /mnt/lsdi/ocm16836757-2360/ocm16836757/Output/_0248.tif /mnt/lsdi/ocm16836757-2360/ocm16836757/Output/_0249.tif /mnt/lsdi/ocm16836757-2360/ocm16836757/Output/_0250.tif /mnt/lsdi/ocm16836757-2360/ocm16836757/Output/_0251.tif /mnt/lsdi/ocm16836757-2360/ocm16836757/Output/_0252.tif /mnt/lsdi/ocm16836757-2360/ocm16836757/Output/_0253.tif /mnt/lsdi/ocm16836757-2360/ocm16836757/Output/_0254.tif /mnt/lsdi/ocm16836757-2360/ocm16836757/Output/_0255.tif /mnt/lsdi/ocm16836757-2360/ocm16836757/Output/_0256.tif /mnt/lsdi/ocm16836757-2360/ocm16836757/Output/_0257.tif /mnt/lsdi/ocm16836757-2360/ocm16836757/Output/_0258.tif /mnt/lsdi/ocm16836757-2360/ocm16836757/Output/_0259.tif /mnt/lsdi/ocm16836757-2360/ocm16836757/Output/_0260.tif /mnt/lsdi/ocm16836757-2360/ocm16836757/Output/_0261.tif /mnt/lsdi/ocm16836757-2360/ocm16836757/Output/_0262.tif /mnt/lsdi/ocm16836757-2360/ocm16836757/Output/_0263.tif /mnt/lsdi/ocm16836757-2360/ocm16836757/Output/_0264.tif /mnt/lsdi/ocm16836757-2360/ocm16836757/Output/_0265.tif /mnt/lsdi/ocm16836757-2360/ocm16836757/Output/_0266.tif /mnt/lsdi/ocm16836757-2360/ocm16836757/Output/_0267.tif /mnt/lsdi/ocm16836757-2360/ocm16836757/Output/_0268.tif /mnt/lsdi/ocm16836757-2360/ocm16836757/Output/_0269.tif /mnt/lsdi/ocm16836757-2360/ocm16836757/Output/_0270.tif /mnt/lsdi/ocm16836757-2360/ocm16836757/Output/_0271.tif /mnt/lsdi/ocm16836757-2360/ocm16836757/Output/_0272.tif /mnt/lsdi/ocm16836757-2360/ocm16836757/Output/_0273.tif /mnt/lsdi/ocm16836757-2360/ocm16836757/Output/_0274.tif /mnt/lsdi/ocm16836757-2360/ocm16836757/Output/_0275.tif /mnt/lsdi/ocm16836757-2360/ocm16836757/Output/_0276.tif /mnt/lsdi/ocm16836757-2360/ocm16836757/Output/_0277.tif /mnt/lsdi/ocm16836757-2360/ocm16836757/Output/_0278.tif /mnt/lsdi/ocm16836757-2360/ocm16836757/Output/_0279.tif /mnt/lsdi/ocm16836757-2360/ocm16836757/Output/_0280.tif /mnt/lsdi/ocm16836757-2360/ocm16836757/Output/_0281.tif /mnt/lsdi/ocm16836757-2360/ocm16836757/Output/_0282.tif /mnt/lsdi/ocm16836757-2360/ocm16836757/Output/_0283.tif /mnt/lsdi/ocm16836757-2360/ocm16836757/Output/_0284.tif /mnt/lsdi/ocm16836757-2360/ocm16836757/Output/_0285.tif /mnt/lsdi/ocm16836757-2360/ocm16836757/Output/_0286.tif
  adding: mnt/lsdi/ocm16836757-2360/ocm16836757/Output/_0001.tif (deflated 10%)
  adding: mnt/lsdi/ocm16836757-2360/ocm16836757/Output/_0002.tif (deflated 22%)
  adding: mnt/lsdi/ocm16836757-2360/ocm16836757/Output/_0003.tif (deflated 5%)
  adding: mnt/lsdi/ocm16836757-2360/ocm16836757/Output/_0004.tif (deflated 5%)
  adding: mnt/lsdi/ocm16836757-2360/ocm16836757/Output/_0005.tif (deflated 76%)
  adding: mnt/lsdi/ocm16836757-2360/ocm16836757/Output/_0006.tif (deflated 5%)
  adding: mnt/lsdi/ocm16836757-2360/ocm16836757/Output/_0007.tif (deflated 4%)
  adding: mnt/lsdi/ocm16836757-2360/ocm16836757/Output/_0008.tif (deflated 5%)
  adding: mnt/lsdi/ocm16836757-2360/ocm16836757/Output/_0009.tif (deflated 5%)
  adding: mnt/lsdi/ocm16836757-2360/ocm16836757/Output/_0010.tif (deflated 5%)
  adding: mnt/lsdi/ocm16836757-2360/ocm16836757/Output/_0011.tif (deflated 5%)
  adding: mnt/lsdi/ocm16836757-2360/ocm16836757/Output/_0012.tif (deflated 5%)
  adding: mnt/lsdi/ocm16836757-2360/ocm16836757/Output/_0013.tif (deflated 5%)
  adding: mnt/lsdi/ocm16836757-2360/ocm16836757/Output/_0014.tif (deflated 4%)
  adding: mnt/lsdi/ocm16836757-2360/ocm16836757/Output/_0015.tif (deflated 5%)
  adding: mnt/lsdi/ocm16836757-2360/ocm16836757/Output/_0016.tif (deflated 4%)
  adding: mnt/lsdi/ocm16836757-2360/ocm16836757/Output/_0017.tif (deflated 4%)
  adding: mnt/lsdi/ocm16836757-2360/ocm16836757/Output/_0018.tif (deflated 4%)
  adding: mnt/lsdi/ocm16836757-2360/ocm16836757/Output/_0019.tif (deflated 5%)
  adding: mnt/lsdi/ocm16836757-2360/ocm16836757/Output/_0020.tif (deflated 4%)
  adding: mnt/lsdi/ocm16836757-2360/ocm16836757/Output/_0021.tif (deflated 4%)
  adding: mnt/lsdi/ocm16836757-2360/ocm16836757/Output/_0022.tif (deflated 4%)
  adding: mnt/lsdi/ocm16836757-2360/ocm16836757/Output/_0023.tif (deflated 4%)
  adding: mnt/lsdi/ocm16836757-2360/ocm16836757/Output/_0024.tif (deflated 4%)
  adding: mnt/lsdi/ocm16836757-2360/ocm16836757/Output/_0025.tif (deflated 4%)
  adding: mnt/lsdi/ocm16836757-2360/ocm16836757/Output/_0026.tif (deflated 4%)
  adding: mnt/lsdi/ocm16836757-2360/ocm16836757/Output/_0027.tif (deflated 5%)
  adding: mnt/lsdi/ocm16836757-2360/ocm16836757/Output/_0028.tif (deflated 4%)
  adding: mnt/lsdi/ocm16836757-2360/ocm16836757/Output/_0029.tif (deflated 4%)
  adding: mnt/lsdi/ocm16836757-2360/ocm16836757/Output/_0030.tif (deflated 4%)
  adding: mnt/lsdi/ocm16836757-2360/ocm16836757/Output/_0031.tif (deflated 5%)
  adding: mnt/lsdi/ocm16836757-2360/ocm16836757/Output/_0032.tif (deflated 5%)
  adding: mnt/lsdi/ocm16836757-2360/ocm16836757/Output/_0033.tif (deflated 4%)
  adding: mnt/lsdi/ocm16836757-2360/ocm16836757/Output/_0034.tif (deflated 4%)
  adding: mnt/lsdi/ocm16836757-2360/ocm16836757/Output/_0035.tif (deflated 5%)
  adding: mnt/lsdi/ocm16836757-2360/ocm16836757/Output/_0036.tif (deflated 5%)
  adding: mnt/lsdi/ocm16836757-2360/ocm16836757/Output/_0037.tif (deflated 5%)
  adding: mnt/lsdi/ocm16836757-2360/ocm16836757/Output/_0038.tif (deflated 5%)
  adding: mnt/lsdi/ocm16836757-2360/ocm16836757/Output/_0039.tif (deflated 4%)
  adding: mnt/lsdi/ocm16836757-2360/ocm16836757/Output/_0040.tif (deflated 5%)
  adding: mnt/lsdi/ocm16836757-2360/ocm16836757/Output/_0041.tif (deflated 5%)
  adding: mnt/lsdi/ocm16836757-2360/ocm16836757/Output/_0042.tif (deflated 4%)
  adding: mnt/lsdi/ocm16836757-2360/ocm16836757/Output/_0043.tif (deflated 4%)
  adding: mnt/lsdi/ocm16836757-2360/ocm16836757/Output/_0044.tif (deflated 4%)
  adding: mnt/lsdi/ocm16836757-2360/ocm16836757/Output/_0045.tif (deflated 4%)
  adding: mnt/lsdi/ocm16836757-2360/ocm16836757/Output/_0046.tif (deflated 4%)
  adding: mnt/lsdi/ocm16836757-2360/ocm16836757/Output/_0047.tif (deflated 4%)
  adding: mnt/lsdi/ocm16836757-2360/ocm16836757/Output/_0048.tif (deflated 4%)
  adding: mnt/lsdi/ocm16836757-2360/ocm16836757/Output/_0049.tif (deflated 4%)
  adding: mnt/lsdi/ocm16836757-2360/ocm16836757/Output/_0050.tif (deflated 4%)
  adding: mnt/lsdi/ocm16836757-2360/ocm16836757/Output/_0051.tif (deflated 4%)
  adding: mnt/lsdi/ocm16836757-2360/ocm16836757/Output/_0052.tif (deflated 4%)
  adding: mnt/lsdi/ocm16836757-2360/ocm16836757/Output/_0053.tif (deflated 4%)
  adding: mnt/lsdi/ocm16836757-2360/ocm16836757/Output/_0054.tif (deflated 5%)
  adding: mnt/lsdi/ocm16836757-2360/ocm16836757/Output/_0055.tif (deflated 4%)
  adding: mnt/lsdi/ocm16836757-2360/ocm16836757/Output/_0056.tif (deflated 5%)
  adding: mnt/lsdi/ocm16836757-2360/ocm16836757/Output/_0057.tif (deflated 5%)
  adding: mnt/lsdi/ocm16836757-2360/ocm16836757/Output/_0058.tif (deflated 4%)
  adding: mnt/lsdi/ocm16836757-2360/ocm16836757/Output/_0059.tif (deflated 5%)
  adding: mnt/lsdi/ocm16836757-2360/ocm16836757/Output/_0060.tif (deflated 5%)
  adding: mnt/lsdi/ocm16836757-2360/ocm16836757/Output/_0061.tif (deflated 5%)
  adding: mnt/lsdi/ocm16836757-2360/ocm16836757/Output/_0062.tif (deflated 4%)
  adding: mnt/lsdi/ocm16836757-2360/ocm16836757/Output/_0063.tif (deflated 4%)
  adding: mnt/lsdi/ocm16836757-2360/ocm16836757/Output/_0064.tif (deflated 4%)
  adding: mnt/lsdi/ocm16836757-2360/ocm16836757/Output/_0065.tif (deflated 4%)
  adding: mnt/lsdi/ocm16836757-2360/ocm16836757/Output/_0066.tif (deflated 4%)
  adding: mnt/lsdi/ocm16836757-2360/ocm16836757/Output/_0067.tif (deflated 5%)
  adding: mnt/lsdi/ocm16836757-2360/ocm16836757/Output/_0068.tif (deflated 4%)
  adding: mnt/lsdi/ocm16836757-2360/ocm16836757/Output/_0069.tif (deflated 4%)
  adding: mnt/lsdi/ocm16836757-2360/ocm16836757/Output/_0070.tif (deflated 4%)
  adding: mnt/lsdi/ocm16836757-2360/ocm16836757/Output/_0071.tif (deflated 5%)
  adding: mnt/lsdi/ocm16836757-2360/ocm16836757/Output/_0072.tif (deflated 4%)
  adding: mnt/lsdi/ocm16836757-2360/ocm16836757/Output/_0073.tif (deflated 4%)
  adding: mnt/lsdi/ocm16836757-2360/ocm16836757/Output/_0074.tif (deflated 4%)
  adding: mnt/lsdi/ocm16836757-2360/ocm16836757/Output/_0075.tif (deflated 6%)
  adding: mnt/lsdi/ocm16836757-2360/ocm16836757/Output/_0076.tif (deflated 5%)
  adding: mnt/lsdi/ocm16836757-2360/ocm16836757/Output/_0077.tif (deflated 4%)
  adding: mnt/lsdi/ocm16836757-2360/ocm16836757/Output/_0078.tif (deflated 4%)
  adding: mnt/lsdi/ocm16836757-2360/ocm16836757/Output/_0079.tif (deflated 5%)
  adding: mnt/lsdi/ocm16836757-2360/ocm16836757/Output/_0080.tif (deflated 4%)
  adding: mnt/lsdi/ocm16836757-2360/ocm16836757/Output/_0081.tif (deflated 4%)
  adding: mnt/lsdi/ocm16836757-2360/ocm16836757/Output/_0082.tif (deflated 4%)
  adding: mnt/lsdi/ocm16836757-2360/ocm16836757/Output/_0083.tif (deflated 4%)
  adding: mnt/lsdi/ocm16836757-2360/ocm16836757/Output/_0084.tif (deflated 3%)
  adding: mnt/lsdi/ocm16836757-2360/ocm16836757/Output/_0085.tif (deflated 4%)
  adding: mnt/lsdi/ocm16836757-2360/ocm16836757/Output/_0086.tif (deflated 5%)
  adding: mnt/lsdi/ocm16836757-2360/ocm16836757/Output/_0087.tif (deflated 4%)
  adding: mnt/lsdi/ocm16836757-2360/ocm16836757/Output/_0088.tif (deflated 5%)
  adding: mnt/lsdi/ocm16836757-2360/ocm16836757/Output/_0089.tif (deflated 4%)
  adding: mnt/lsdi/ocm16836757-2360/ocm16836757/Output/_0090.tif (deflated 4%)
  adding: mnt/lsdi/ocm16836757-2360/ocm16836757/Output/_0091.tif (deflated 4%)
  adding: mnt/lsdi/ocm16836757-2360/ocm16836757/Output/_0092.tif (deflated 5%)
  adding: mnt/lsdi/ocm16836757-2360/ocm16836757/Output/_0093.tif (deflated 5%)
  adding: mnt/lsdi/ocm16836757-2360/ocm16836757/Output/_0094.tif (deflated 4%)
  adding: mnt/lsdi/ocm16836757-2360/ocm16836757/Output/_0095.tif (deflated 4%)
  adding: mnt/lsdi/ocm16836757-2360/ocm16836757/Output/_0096.tif (deflated 4%)
  adding: mnt/lsdi/ocm16836757-2360/ocm16836757/Output/_0097.tif (deflated 4%)
  adding: mnt/lsdi/ocm16836757-2360/ocm16836757/Output/_0098.tif (deflated 4%)
  adding: mnt/lsdi/ocm16836757-2360/ocm16836757/Output/_0099.tif (deflated 4%)
  adding: mnt/lsdi/ocm16836757-2360/ocm16836757/Output/_0100.tif (deflated 5%)
  adding: mnt/lsdi/ocm16836757-2360/ocm16836757/Output/_0101.tif (deflated 4%)
  adding: mnt/lsdi/ocm16836757-2360/ocm16836757/Output/_0102.tif (deflated 4%)
  adding: mnt/lsdi/ocm16836757-2360/ocm16836757/Output/_0103.tif (deflated 5%)
  adding: mnt/lsdi/ocm16836757-2360/ocm16836757/Output/_0104.tif (deflated 5%)
  adding: mnt/lsdi/ocm16836757-2360/ocm16836757/Output/_0105.tif (deflated 8%)
  adding: mnt/lsdi/ocm16836757-2360/ocm16836757/Output/_0106.tif (deflated 4%)
  adding: mnt/lsdi/ocm16836757-2360/ocm16836757/Output/_0107.tif (deflated 4%)
  adding: mnt/lsdi/ocm16836757-2360/ocm16836757/Output/_0108.tif (deflated 5%)
  adding: mnt/lsdi/ocm16836757-2360/ocm16836757/Output/_0109.tif (deflated 4%)
  adding: mnt/lsdi/ocm16836757-2360/ocm16836757/Output/_0110.tif (deflated 4%)
  adding: mnt/lsdi/ocm16836757-2360/ocm16836757/Output/_0111.tif (deflated 4%)
  adding: mnt/lsdi/ocm16836757-2360/ocm16836757/Output/_0112.tif (deflated 4%)
  adding: mnt/lsdi/ocm16836757-2360/ocm16836757/Output/_0113.tif (deflated 4%)
  adding: mnt/lsdi/ocm16836757-2360/ocm16836757/Output/_0114.tif (deflated 5%)
  adding: mnt/lsdi/ocm16836757-2360/ocm16836757/Output/_0115.tif (deflated 5%)
  adding: mnt/lsdi/ocm16836757-2360/ocm16836757/Output/_0116.tif (deflated 4%)
  adding: mnt/lsdi/ocm16836757-2360/ocm16836757/Output/_0117.tif (deflated 4%)
  adding: mnt/lsdi/ocm16836757-2360/ocm16836757/Output/_0118.tif (deflated 4%)
  adding: mnt/lsdi/ocm16836757-2360/ocm16836757/Output/_0119.tif (deflated 5%)
  adding: mnt/lsdi/ocm16836757-2360/ocm16836757/Output/_0120.tif (deflated 5%)
  adding: mnt/lsdi/ocm16836757-2360/ocm16836757/Output/_0121.tif (deflated 4%)
  adding: mnt/lsdi/ocm16836757-2360/ocm16836757/Output/_0122.tif (deflated 5%)
  adding: mnt/lsdi/ocm16836757-2360/ocm16836757/Output/_0123.tif (deflated 4%)
  adding: mnt/lsdi/ocm16836757-2360/ocm16836757/Output/_0124.tif (deflated 4%)
  adding: mnt/lsdi/ocm16836757-2360/ocm16836757/Output/_0125.tif (deflated 4%)
  adding: mnt/lsdi/ocm16836757-2360/ocm16836757/Output/_0126.tif (deflated 4%)
  adding: mnt/lsdi/ocm16836757-2360/ocm16836757/Output/_0127.tif (deflated 4%)
  adding: mnt/lsdi/ocm16836757-2360/ocm16836757/Output/_0128.tif (deflated 4%)
  adding: mnt/lsdi/ocm16836757-2360/ocm16836757/Output/_0129.tif (deflated 4%)
  adding: mnt/lsdi/ocm16836757-2360/ocm16836757/Output/_0130.tif (deflated 5%)
  adding: mnt/lsdi/ocm16836757-2360/ocm16836757/Output/_0131.tif (deflated 5%)
  adding: mnt/lsdi/ocm16836757-2360/ocm16836757/Output/_0132.tif (deflated 4%)
  adding: mnt/lsdi/ocm16836757-2360/ocm16836757/Output/_0133.tif (deflated 5%)
  adding: mnt/lsdi/ocm16836757-2360/ocm16836757/Output/_0134.tif (deflated 4%)
  adding: mnt/lsdi/ocm16836757-2360/ocm16836757/Output/_0135.tif (deflated 4%)
  adding: mnt/lsdi/ocm16836757-2360/ocm16836757/Output/_0136.tif (deflated 4%)
  adding: mnt/lsdi/ocm16836757-2360/ocm16836757/Output/_0137.tif (deflated 4%)
  adding: mnt/lsdi/ocm16836757-2360/ocm16836757/Output/_0138.tif (deflated 4%)
  adding: mnt/lsdi/ocm16836757-2360/ocm16836757/Output/_0139.tif (deflated 4%)
  adding: mnt/lsdi/ocm16836757-2360/ocm16836757/Output/_0140.tif (deflated 4%)
  adding: mnt/lsdi/ocm16836757-2360/ocm16836757/Output/_0141.tif (deflated 5%)
  adding: mnt/lsdi/ocm16836757-2360/ocm16836757/Output/_0142.tif (deflated 4%)
  adding: mnt/lsdi/ocm16836757-2360/ocm16836757/Output/_0143.tif (deflated 4%)
  adding: mnt/lsdi/ocm16836757-2360/ocm16836757/Output/_0144.tif (deflated 5%)
  adding: mnt/lsdi/ocm16836757-2360/ocm16836757/Output/_0145.tif (deflated 4%)
  adding: mnt/lsdi/ocm16836757-2360/ocm16836757/Output/_0146.tif (deflated 4%)
  adding: mnt/lsdi/ocm16836757-2360/ocm16836757/Output/_0147.tif (deflated 4%)
  adding: mnt/lsdi/ocm16836757-2360/ocm16836757/Output/_0148.tif (deflated 4%)
  adding: mnt/lsdi/ocm16836757-2360/ocm16836757/Output/_0149.tif (deflated 4%)
  adding: mnt/lsdi/ocm16836757-2360/ocm16836757/Output/_0150.tif (deflated 4%)
  adding: mnt/lsdi/ocm16836757-2360/ocm16836757/Output/_0151.tif (deflated 4%)
  adding: mnt/lsdi/ocm16836757-2360/ocm16836757/Output/_0152.tif (deflated 5%)
  adding: mnt/lsdi/ocm16836757-2360/ocm16836757/Output/_0153.tif (deflated 4%)
  adding: mnt/lsdi/ocm16836757-2360/ocm16836757/Output/_0154.tif (deflated 5%)
  adding: mnt/lsdi/ocm16836757-2360/ocm16836757/Output/_0155.tif (deflated 5%)
  adding: mnt/lsdi/ocm16836757-2360/ocm16836757/Output/_0156.tif (deflated 4%)
  adding: mnt/lsdi/ocm16836757-2360/ocm16836757/Output/_0157.tif (deflated 4%)
  adding: mnt/lsdi/ocm16836757-2360/ocm16836757/Output/_0158.tif (deflated 5%)
  adding: mnt/lsdi/ocm16836757-2360/ocm16836757/Output/_0159.tif (deflated 4%)
  adding: mnt/lsdi/ocm16836757-2360/ocm16836757/Output/_0160.tif (deflated 6%)
  adding: mnt/lsdi/ocm16836757-2360/ocm16836757/Output/_0161.tif (deflated 4%)
  adding: mnt/lsdi/ocm16836757-2360/ocm16836757/Output/_0162.tif (deflated 4%)
  adding: mnt/lsdi/ocm16836757-2360/ocm16836757/Output/_0163.tif (deflated 4%)
  adding: mnt/lsdi/ocm16836757-2360/ocm16836757/Output/_0164.tif (deflated 4%)
  adding: mnt/lsdi/ocm16836757-2360/ocm16836757/Output/_0165.tif (deflated 4%)
  adding: mnt/lsdi/ocm16836757-2360/ocm16836757/Output/_0166.tif (deflated 4%)
  adding: mnt/lsdi/ocm16836757-2360/ocm16836757/Output/_0167.tif (deflated 4%)
  adding: mnt/lsdi/ocm16836757-2360/ocm16836757/Output/_0168.tif (deflated 4%)
  adding: mnt/lsdi/ocm16836757-2360/ocm16836757/Output/_0169.tif (deflated 4%)
  adding: mnt/lsdi/ocm16836757-2360/ocm16836757/Output/_0170.tif (deflated 4%)
  adding: mnt/lsdi/ocm16836757-2360/ocm16836757/Output/_0171.tif (deflated 4%)
  adding: mnt/lsdi/ocm16836757-2360/ocm16836757/Output/_0172.tif (deflated 4%)
  adding: mnt/lsdi/ocm16836757-2360/ocm16836757/Output/_0173.tif (deflated 4%)
  adding: mnt/lsdi/ocm16836757-2360/ocm16836757/Output/_0174.tif (deflated 4%)
  adding: mnt/lsdi/ocm16836757-2360/ocm16836757/Output/_0175.tif (deflated 4%)
  adding: mnt/lsdi/ocm16836757-2360/ocm16836757/Output/_0176.tif (deflated 5%)
  adding: mnt/lsdi/ocm16836757-2360/ocm16836757/Output/_0177.tif (deflated 4%)
  adding: mnt/lsdi/ocm16836757-2360/ocm16836757/Output/_0178.tif (deflated 4%)
  adding: mnt/lsdi/ocm16836757-2360/ocm16836757/Output/_0179.tif (deflated 4%)
  adding: mnt/lsdi/ocm16836757-2360/ocm16836757/Output/_0180.tif (deflated 4%)
  adding: mnt/lsdi/ocm16836757-2360/ocm16836757/Output/_0181.tif (deflated 4%)
  adding: mnt/lsdi/ocm16836757-2360/ocm16836757/Output/_0182.tif (deflated 4%)
  adding: mnt/lsdi/ocm16836757-2360/ocm16836757/Output/_0183.tif (deflated 4%)
  adding: mnt/lsdi/ocm16836757-2360/ocm16836757/Output/_0184.tif (deflated 4%)
  adding: mnt/lsdi/ocm16836757-2360/ocm16836757/Output/_0185.tif (deflated 4%)
  adding: mnt/lsdi/ocm16836757-2360/ocm16836757/Output/_0186.tif (deflated 4%)
  adding: mnt/lsdi/ocm16836757-2360/ocm16836757/Output/_0187.tif (deflated 4%)
  adding: mnt/lsdi/ocm16836757-2360/ocm16836757/Output/_0188.tif (deflated 5%)
  adding: mnt/lsdi/ocm16836757-2360/ocm16836757/Output/_0189.tif (deflated 4%)
  adding: mnt/lsdi/ocm16836757-2360/ocm16836757/Output/_0190.tif (deflated 4%)
  adding: mnt/lsdi/ocm16836757-2360/ocm16836757/Output/_0191.tif (deflated 4%)
  adding: mnt/lsdi/ocm16836757-2360/ocm16836757/Output/_0192.tif (deflated 4%)
  adding: mnt/lsdi/ocm16836757-2360/ocm16836757/Output/_0193.tif (deflated 4%)
  adding: mnt/lsdi/ocm16836757-2360/ocm16836757/Output/_0194.tif (deflated 4%)
  adding: mnt/lsdi/ocm16836757-2360/ocm16836757/Output/_0195.tif (deflated 4%)
  adding: mnt/lsdi/ocm16836757-2360/ocm16836757/Output/_0196.tif (deflated 4%)
  adding: mnt/lsdi/ocm16836757-2360/ocm16836757/Output/_0197.tif (deflated 4%)
  adding: mnt/lsdi/ocm16836757-2360/ocm16836757/Output/_0198.tif (deflated 4%)
  adding: mnt/lsdi/ocm16836757-2360/ocm16836757/Output/_0199.tif (deflated 4%)
  adding: mnt/lsdi/ocm16836757-2360/ocm16836757/Output/_0200.tif (deflated 4%)
  adding: mnt/lsdi/ocm16836757-2360/ocm16836757/Output/_0201.tif (deflated 4%)
  adding: mnt/lsdi/ocm16836757-2360/ocm16836757/Output/_0202.tif (deflated 4%)
  adding: mnt/lsdi/ocm16836757-2360/ocm16836757/Output/_0203.tif (deflated 4%)
  adding: mnt/lsdi/ocm16836757-2360/ocm16836757/Output/_0204.tif (deflated 4%)
  adding: mnt/lsdi/ocm16836757-2360/ocm16836757/Output/_0205.tif (deflated 4%)
  adding: mnt/lsdi/ocm16836757-2360/ocm16836757/Output/_0206.tif (deflated 4%)
  adding: mnt/lsdi/ocm16836757-2360/ocm16836757/Output/_0207.tif (deflated 4%)
  adding: mnt/lsdi/ocm16836757-2360/ocm16836757/Output/_0208.tif (deflated 4%)
  adding: mnt/lsdi/ocm16836757-2360/ocm16836757/Output/_0209.tif (deflated 4%)
  adding: mnt/lsdi/ocm16836757-2360/ocm16836757/Output/_0210.tif (deflated 4%)
  adding: mnt/lsdi/ocm16836757-2360/ocm16836757/Output/_0211.tif (deflated 4%)
  adding: mnt/lsdi/ocm16836757-2360/ocm16836757/Output/_0212.tif (deflated 3%)
  adding: mnt/lsdi/ocm16836757-2360/ocm16836757/Output/_0213.tif (deflated 4%)
  adding: mnt/lsdi/ocm16836757-2360/ocm16836757/Output/_0214.tif (deflated 4%)
  adding: mnt/lsdi/ocm16836757-2360/ocm16836757/Output/_0215.tif (deflated 5%)
  adding: mnt/lsdi/ocm16836757-2360/ocm16836757/Output/_0216.tif (deflated 4%)
  adding: mnt/lsdi/ocm16836757-2360/ocm16836757/Output/_0217.tif (deflated 4%)
  adding: mnt/lsdi/ocm16836757-2360/ocm16836757/Output/_0218.tif (deflated 4%)
  adding: mnt/lsdi/ocm16836757-2360/ocm16836757/Output/_0219.tif (deflated 4%)
  adding: mnt/lsdi/ocm16836757-2360/ocm16836757/Output/_0220.tif (deflated 4%)
  adding: mnt/lsdi/ocm16836757-2360/ocm16836757/Output/_0221.tif (deflated 4%)
  adding: mnt/lsdi/ocm16836757-2360/ocm16836757/Output/_0222.tif (deflated 4%)
  adding: mnt/lsdi/ocm16836757-2360/ocm16836757/Output/_0223.tif (deflated 4%)
  adding: mnt/lsdi/ocm16836757-2360/ocm16836757/Output/_0224.tif (deflated 4%)
  adding: mnt/lsdi/ocm16836757-2360/ocm16836757/Output/_0225.tif (deflated 4%)
  adding: mnt/lsdi/ocm16836757-2360/ocm16836757/Output/_0226.tif (deflated 4%)
  adding: mnt/lsdi/ocm16836757-2360/ocm16836757/Output/_0227.tif (deflated 4%)
  adding: mnt/lsdi/ocm16836757-2360/ocm16836757/Output/_0228.tif (deflated 5%)
  adding: mnt/lsdi/ocm16836757-2360/ocm16836757/Output/_0229.tif (deflated 4%)
  adding: mnt/lsdi/ocm16836757-2360/ocm16836757/Output/_0230.tif (deflated 5%)
  adding: mnt/lsdi/ocm16836757-2360/ocm16836757/Output/_0231.tif (deflated 4%)
  adding: mnt/lsdi/ocm16836757-2360/ocm16836757/Output/_0232.tif (deflated 4%)
  adding: mnt/lsdi/ocm16836757-2360/ocm16836757/Output/_0233.tif (deflated 5%)
  adding: mnt/lsdi/ocm16836757-2360/ocm16836757/Output/_0234.tif (deflated 4%)
  adding: mnt/lsdi/ocm16836757-2360/ocm16836757/Output/_0235.tif (deflated 5%)
  adding: mnt/lsdi/ocm16836757-2360/ocm16836757/Output/_0236.tif (deflated 4%)
  adding: mnt/lsdi/ocm16836757-2360/ocm16836757/Output/_0237.tif (deflated 4%)
  adding: mnt/lsdi/ocm16836757-2360/ocm16836757/Output/_0238.tif (deflated 4%)
  adding: mnt/lsdi/ocm16836757-2360/ocm16836757/Output/_0239.tif (deflated 4%)
  adding: mnt/lsdi/ocm16836757-2360/ocm16836757/Output/_0240.tif (deflated 7%)
  adding: mnt/lsdi/ocm16836757-2360/ocm16836757/Output/_0241.tif (deflated 4%)
  adding: mnt/lsdi/ocm16836757-2360/ocm16836757/Output/_0242.tif (deflated 4%)
  adding: mnt/lsdi/ocm16836757-2360/ocm16836757/Output/_0243.tif (deflated 5%)
  adding: mnt/lsdi/ocm16836757-2360/ocm16836757/Output/_0244.tif (deflated 4%)
  adding: mnt/lsdi/ocm16836757-2360/ocm16836757/Output/_0245.tif (deflated 4%)
  adding: mnt/lsdi/ocm16836757-2360/ocm16836757/Output/_0246.tif (deflated 4%)
  adding: mnt/lsdi/ocm16836757-2360/ocm16836757/Output/_0247.tif (deflated 4%)
  adding: mnt/lsdi/ocm16836757-2360/ocm16836757/Output/_0248.tif (deflated 4%)
  adding: mnt/lsdi/ocm16836757-2360/ocm16836757/Output/_0249.tif (deflated 4%)
  adding: mnt/lsdi/ocm16836757-2360/ocm16836757/Output/_0250.tif (deflated 4%)
  adding: mnt/lsdi/ocm16836757-2360/ocm16836757/Output/_0251.tif (deflated 4%)
  adding: mnt/lsdi/ocm16836757-2360/ocm16836757/Output/_0252.tif (deflated 4%)
  adding: mnt/lsdi/ocm16836757-2360/ocm16836757/Output/_0253.tif (deflated 4%)
  adding: mnt/lsdi/ocm16836757-2360/ocm16836757/Output/_0254.tif (deflated 4%)
  adding: mnt/lsdi/ocm16836757-2360/ocm16836757/Output/_0255.tif (deflated 4%)
  adding: mnt/lsdi/ocm16836757-2360/ocm16836757/Output/_0256.tif (deflated 5%)
  adding: mnt/lsdi/ocm16836757-2360/ocm16836757/Output/_0257.tif (deflated 4%)
  adding: mnt/lsdi/ocm16836757-2360/ocm16836757/Output/_0258.tif (deflated 4%)
  adding: mnt/lsdi/ocm16836757-2360/ocm16836757/Output/_0259.tif (deflated 4%)
  adding: mnt/lsdi/ocm16836757-2360/ocm16836757/Output/_0260.tif (deflated 4%)
  adding: mnt/lsdi/ocm16836757-2360/ocm16836757/Output/_0261.tif (deflated 4%)
  adding: mnt/lsdi/ocm16836757-2360/ocm16836757/Output/_0262.tif (deflated 5%)
  adding: mnt/lsdi/ocm16836757-2360/ocm16836757/Output/_0263.tif (deflated 4%)
  adding: mnt/lsdi/ocm16836757-2360/ocm16836757/Output/_0264.tif (deflated 5%)
  adding: mnt/lsdi/ocm16836757-2360/ocm16836757/Output/_0265.tif (deflated 4%)
  adding: mnt/lsdi/ocm16836757-2360/ocm16836757/Output/_0266.tif (deflated 4%)
  adding: mnt/lsdi/ocm16836757-2360/ocm16836757/Output/_0267.tif (deflated 4%)
  adding: mnt/lsdi/ocm16836757-2360/ocm16836757/Output/_0268.tif (deflated 4%)
  adding: mnt/lsdi/ocm16836757-2360/ocm16836757/Output/_0269.tif (deflated 4%)
  adding: mnt/lsdi/ocm16836757-2360/ocm16836757/Output/_0270.tif (deflated 4%)
  adding: mnt/lsdi/ocm16836757-2360/ocm16836757/Output/_0271.tif (deflated 4%)
  adding: mnt/lsdi/ocm16836757-2360/ocm16836757/Output/_0272.tif (deflated 5%)
  adding: mnt/lsdi/ocm16836757-2360/ocm16836757/Output/_0273.tif (deflated 4%)
  adding: mnt/lsdi/ocm16836757-2360/ocm16836757/Output/_0274.tif (deflated 5%)
  adding: mnt/lsdi/ocm16836757-2360/ocm16836757/Output/_0275.tif (deflated 4%)
  adding: mnt/lsdi/ocm16836757-2360/ocm16836757/Output/_0276.tif (deflated 4%)
  adding: mnt/lsdi/ocm16836757-2360/ocm16836757/Output/_0277.tif (deflated 5%)
  adding: mnt/lsdi/ocm16836757-2360/ocm16836757/Output/_0278.tif (deflated 4%)
  adding: mnt/lsdi/ocm16836757-2360/ocm16836757/Output/_0279.tif (deflated 6%)
  adding: mnt/lsdi/ocm16836757-2360/ocm16836757/Output/_0280.tif (deflated 4%)
  adding: mnt/lsdi/ocm16836757-2360/ocm16836757/Output/_0281.tif (deflated 4%)
  adding: mnt/lsdi/ocm16836757-2360/ocm16836757/Output/_0282.tif (deflated 4%)
  adding: mnt/lsdi/ocm16836757-2360/ocm16836757/Output/_0283.tif (deflated 4%)
  adding: mnt/lsdi/ocm16836757-2360/ocm16836757/Output/_0284.tif (deflated 4%)
  adding: mnt/lsdi/ocm16836757-2360/ocm16836757/Output/_0285.tif (deflated 4%)
  adding: mnt/lsdi/ocm16836757-2360/ocm16836757/Output/_0286.tif (deflated 76%)
curl --location --header authorization: LOW fpJYfLnxbLmCEHqU:JQbq6NgBaPrSh98Y --upload-file /temp/ocm16836757_2360_images.zip http://s3.us.archive.org/16836757.2360.emory.edu/16836757_2360_images.zip
  % Total    % Received % Xferd  Average Speed   Time    Time     Time  Current
                                 Dload  Upload   Total   Spent    Left  Speed
  0     0    0     0    0     0      0      0 --:--:-- --:--:-- --:--:--     0  0 5991k    0     0    0     0      0      0 --:--:--  0:00:01 --:--:--     0  4 5991k    0     0    4  240k      0   178k  0:00:33  0:00:01  0:00:32  187k 19 5991k    0     0   19 1152k      0   485k  0:00:12  0:00:02  0:00:10  500k 33 5991k    0     0   33 1984k      0   592k  0:00:10  0:00:03  0:00:07  604k 48 5991k    0     0   48 2880k      0   663k  0:00:09  0:00:04  0:00:05  674k 63 5991k    0     0   63 3776k      0   704k  0:00:08  0:00:05  0:00:03  880k 77 5991k    0     0   77 4656k      0   733k  0:00:08  0:00:06  0:00:02  882k 92 5991k    0     0   92 5536k      0   752k  0:00:07  0:00:07 --:--:--  878k100 5991k    0     0  100 5991k      0   672k  0:00:08  0:00:08 --:--:--  721k100 5991k    0     0  100 5991k      0   604k  0:00:09  0:00:09 --:--:--  559k100 5991k    0     0  100 5991k      0   549k  0:00:10  0:00:10 --:--:--  399k100 5991k    0     0  100 5991k      0   503k  0:00:11  0:00:11 --:--:--  240k100 5991k    0     0  100 5991k      0   464k  0:00:12  0:00:12 --:--:-- 84002100 5991k    0     0  100 5991k      0   430k  0:00:13  0:00:13 --:--:--     0100 5991k    0     0  100 5991k      0   401k  0:00:14  0:00:14 --:--:--     0100 5991k    0     0  100 5991k      0   379k  0:00:15  0:00:15 --:--:--     0100 5991k    0     0  100 5991k      0   379k  0:00:15  0:00:15 --:--:--     0
