19648432
curl --location --header x-amz-auto-make-bucket:1 --header x-archive-ignore-preexisting-bucket:1 --header x-archive-queue-derive:0 --header x-archive-meta-mediatype:texts --header x-archive-meta03-collection:emory --header x-archive-meta01-collection:americanmethodism --header x-archive-meta-sponsor:Emory University, Pitts Theology Library --header x-archive-meta-contributor:Emory University, Pitts Theology Library --header x-archive-meta-ppi:300 --header authorization: LOW fpJYfLnxbLmCEHqU:JQbq6NgBaPrSh98Y --upload-file /mnt/lsdi/ocm19648432/ocm19648432/ocm19648432_MRC.xml http://s3.us.archive.org/19648432.emory.edu/19648432.emory.edu_marc.xml
  % Total    % Received % Xferd  Average Speed   Time    Time     Time  Current
                                 Dload  Upload   Total   Spent    Left  Speed
  0     0    0     0    0     0      0      0 --:--:-- --:--:-- --:--:--     0  0  3084    0     0    0     0      0      0 --:--:--  0:00:01 --:--:--     0100  3084    0     0  100  3084      0   1424  0:00:02  0:00:02 --:--:--  1533100  3084    0     0  100  3084      0   1056  0:00:02  0:00:02 --:--:--  1115100  3084    0     0  100  3084      0    786  0:00:03  0:00:03 --:--:--   818100  3084    0     0  100  3084      0    626  0:00:04  0:00:04 --:--:--   646100  3084    0     0  100  3084      0    520  0:00:05  0:00:05 --:--:--   646100  3084    0     0  100  3084      0    445  0:00:06  0:00:06 --:--:--     0100  3084    0     0  100  3084      0    389  0:00:07  0:00:07 --:--:--     0100  3084    0     0  100  3084      0    355  0:00:08  0:00:08 --:--:--     0
zip -r /temp/ocm19648432_images.zip /mnt/lsdi/ocm19648432/ocm19648432/Output/0001.tif /mnt/lsdi/ocm19648432/ocm19648432/Output/0002.tif /mnt/lsdi/ocm19648432/ocm19648432/Output/0003.tif /mnt/lsdi/ocm19648432/ocm19648432/Output/0004.tif /mnt/lsdi/ocm19648432/ocm19648432/Output/0005.tif /mnt/lsdi/ocm19648432/ocm19648432/Output/0006.tif /mnt/lsdi/ocm19648432/ocm19648432/Output/0007.tif /mnt/lsdi/ocm19648432/ocm19648432/Output/0008.tif /mnt/lsdi/ocm19648432/ocm19648432/Output/0009.tif /mnt/lsdi/ocm19648432/ocm19648432/Output/0010.tif /mnt/lsdi/ocm19648432/ocm19648432/Output/0011.tif /mnt/lsdi/ocm19648432/ocm19648432/Output/0012.tif /mnt/lsdi/ocm19648432/ocm19648432/Output/0013.tif /mnt/lsdi/ocm19648432/ocm19648432/Output/0014.tif /mnt/lsdi/ocm19648432/ocm19648432/Output/0015.tif /mnt/lsdi/ocm19648432/ocm19648432/Output/0016.tif /mnt/lsdi/ocm19648432/ocm19648432/Output/0017.tif /mnt/lsdi/ocm19648432/ocm19648432/Output/0018.tif
  adding: mnt/lsdi/ocm19648432/ocm19648432/Output/0001.tif (deflated 85%)
  adding: mnt/lsdi/ocm19648432/ocm19648432/Output/0002.tif (deflated 8%)
  adding: mnt/lsdi/ocm19648432/ocm19648432/Output/0003.tif (deflated 85%)
  adding: mnt/lsdi/ocm19648432/ocm19648432/Output/0004.tif (deflated 5%)
  adding: mnt/lsdi/ocm19648432/ocm19648432/Output/0005.tif (deflated 4%)
  adding: mnt/lsdi/ocm19648432/ocm19648432/Output/0006.tif (deflated 4%)
  adding: mnt/lsdi/ocm19648432/ocm19648432/Output/0007.tif (deflated 4%)
  adding: mnt/lsdi/ocm19648432/ocm19648432/Output/0008.tif (deflated 4%)
  adding: mnt/lsdi/ocm19648432/ocm19648432/Output/0009.tif (deflated 4%)
  adding: mnt/lsdi/ocm19648432/ocm19648432/Output/0010.tif (deflated 4%)
  adding: mnt/lsdi/ocm19648432/ocm19648432/Output/0011.tif (deflated 4%)
  adding: mnt/lsdi/ocm19648432/ocm19648432/Output/0012.tif (deflated 4%)
  adding: mnt/lsdi/ocm19648432/ocm19648432/Output/0013.tif (deflated 4%)
  adding: mnt/lsdi/ocm19648432/ocm19648432/Output/0014.tif (deflated 4%)
  adding: mnt/lsdi/ocm19648432/ocm19648432/Output/0015.tif (deflated 4%)
  adding: mnt/lsdi/ocm19648432/ocm19648432/Output/0016.tif (deflated 4%)
  adding: mnt/lsdi/ocm19648432/ocm19648432/Output/0017.tif (deflated 5%)
  adding: mnt/lsdi/ocm19648432/ocm19648432/Output/0018.tif (deflated 85%)
curl --location --header authorization: LOW fpJYfLnxbLmCEHqU:JQbq6NgBaPrSh98Y --upload-file /temp/ocm19648432_images.zip http://s3.us.archive.org/19648432.emory.edu/19648432_images.zip
  % Total    % Received % Xferd  Average Speed   Time    Time     Time  Current
                                 Dload  Upload   Total   Spent    Left  Speed
  0     0    0     0    0     0      0      0 --:--:-- --:--:-- --:--:--     0  0  799k    0     0    0     0      0      0 --:--:-- --:--:-- --:--:--     0 82  799k    0     0   82  656k      0   351k  0:00:02  0:00:01  0:00:01  367k100  799k    0     0  100  799k      0   269k  0:00:02  0:00:02 --:--:--  276k100  799k    0     0  100  799k      0   269k  0:00:02  0:00:02 --:--:--  276k
