Bucket ID will be 10393944.emory.edu
curl --location --header x-amz-auto-make-bucket:1 --header x-archive-ignore-preexisting-bucket:1 --header x-archive-queue-derive:0 --header x-archive-meta-mediatype:texts --header x-archive-meta03-collection:emory --header x-archive-meta01-collection:americanmethodism --header x-archive-meta-sponsor:Emory University, Pitts Theology Library --header x-archive-meta-contributor:Emory University, Pitts Theology Library --header x-archive-meta-ppi:300 --header authorization: LOW fpJYfLnxbLmCEHqU:JQbq6NgBaPrSh98Y --upload-file /mnt/lsdi/ocm10393944-380/ocm10393944/ocm10393944_MRC.xml http://s3.us.archive.org/10393944.380.emory.edu/10393944.380.emory.edu_marc.xml
  % Total    % Received % Xferd  Average Speed   Time    Time     Time  Current
                                 Dload  Upload   Total   Spent    Left  Speed
  0     0    0     0    0     0      0      0 --:--:-- --:--:-- --:--:--     0  0  3968    0     0    0     0      0      0 --:--:--  0:00:01 --:--:--     0100  3968    0     0  100  3968      0   1885  0:00:02  0:00:02 --:--:--  1962100  3968    0     0  100  3968      0   1398  0:00:02  0:00:02 --:--:--  1439100  3968    0     0  100  3968      0   1033  0:00:03  0:00:03 --:--:--  1056100  3968    0     0  100  3968      0    819  0:00:04  0:00:04 --:--:--   833100  3968    0     0  100  3968      0    679  0:00:05  0:00:05 --:--:--   834100  3968    0     0  100  3968      0    579  0:00:06  0:00:06 --:--:--     0100  3968    0     0  100  3968      0    505  0:00:07  0:00:07 --:--:--     0100  3968    0     0  100  3968      0    462  0:00:08  0:00:08 --:--:--     0100  3968    0     0  100  3968      0    462  0:00:08  0:00:08 --:--:--     0
zip -r /temp/ocm10393944_380_images.zip /mnt/lsdi/ocm10393944-380/ocm10393944/Output/_0001.tif /mnt/lsdi/ocm10393944-380/ocm10393944/Output/_0002.tif /mnt/lsdi/ocm10393944-380/ocm10393944/Output/_0003.tif /mnt/lsdi/ocm10393944-380/ocm10393944/Output/_0004.tif /mnt/lsdi/ocm10393944-380/ocm10393944/Output/_0005.tif /mnt/lsdi/ocm10393944-380/ocm10393944/Output/_0006.tif /mnt/lsdi/ocm10393944-380/ocm10393944/Output/_0007.tif /mnt/lsdi/ocm10393944-380/ocm10393944/Output/_0008.tif /mnt/lsdi/ocm10393944-380/ocm10393944/Output/_0009.tif /mnt/lsdi/ocm10393944-380/ocm10393944/Output/_0010.tif /mnt/lsdi/ocm10393944-380/ocm10393944/Output/_0011.tif /mnt/lsdi/ocm10393944-380/ocm10393944/Output/_0012.tif /mnt/lsdi/ocm10393944-380/ocm10393944/Output/_0013.tif /mnt/lsdi/ocm10393944-380/ocm10393944/Output/_0014.tif /mnt/lsdi/ocm10393944-380/ocm10393944/Output/_0015.tif /mnt/lsdi/ocm10393944-380/ocm10393944/Output/_0016.tif /mnt/lsdi/ocm10393944-380/ocm10393944/Output/_0017.tif /mnt/lsdi/ocm10393944-380/ocm10393944/Output/_0018.tif /mnt/lsdi/ocm10393944-380/ocm10393944/Output/_0019.tif /mnt/lsdi/ocm10393944-380/ocm10393944/Output/_0020.tif /mnt/lsdi/ocm10393944-380/ocm10393944/Output/_0021.tif /mnt/lsdi/ocm10393944-380/ocm10393944/Output/_0022.tif /mnt/lsdi/ocm10393944-380/ocm10393944/Output/_0023.tif /mnt/lsdi/ocm10393944-380/ocm10393944/Output/_0024.tif /mnt/lsdi/ocm10393944-380/ocm10393944/Output/_0025.tif /mnt/lsdi/ocm10393944-380/ocm10393944/Output/_0026.tif /mnt/lsdi/ocm10393944-380/ocm10393944/Output/_0027.tif /mnt/lsdi/ocm10393944-380/ocm10393944/Output/_0028.tif /mnt/lsdi/ocm10393944-380/ocm10393944/Output/_0029.tif /mnt/lsdi/ocm10393944-380/ocm10393944/Output/_0030.tif /mnt/lsdi/ocm10393944-380/ocm10393944/Output/_0031.tif /mnt/lsdi/ocm10393944-380/ocm10393944/Output/_0032.tif /mnt/lsdi/ocm10393944-380/ocm10393944/Output/_0033.tif /mnt/lsdi/ocm10393944-380/ocm10393944/Output/_0034.tif /mnt/lsdi/ocm10393944-380/ocm10393944/Output/_0035.tif /mnt/lsdi/ocm10393944-380/ocm10393944/Output/_0036.tif /mnt/lsdi/ocm10393944-380/ocm10393944/Output/_0037.tif /mnt/lsdi/ocm10393944-380/ocm10393944/Output/_0038.tif /mnt/lsdi/ocm10393944-380/ocm10393944/Output/_0039.tif /mnt/lsdi/ocm10393944-380/ocm10393944/Output/_0040.tif /mnt/lsdi/ocm10393944-380/ocm10393944/Output/_0041.tif /mnt/lsdi/ocm10393944-380/ocm10393944/Output/_0042.tif /mnt/lsdi/ocm10393944-380/ocm10393944/Output/_0043.tif /mnt/lsdi/ocm10393944-380/ocm10393944/Output/_0044.tif /mnt/lsdi/ocm10393944-380/ocm10393944/Output/_0045.tif /mnt/lsdi/ocm10393944-380/ocm10393944/Output/_0046.tif /mnt/lsdi/ocm10393944-380/ocm10393944/Output/_0047.tif /mnt/lsdi/ocm10393944-380/ocm10393944/Output/_0048.tif /mnt/lsdi/ocm10393944-380/ocm10393944/Output/_0049.tif /mnt/lsdi/ocm10393944-380/ocm10393944/Output/_0050.tif /mnt/lsdi/ocm10393944-380/ocm10393944/Output/_0051.tif /mnt/lsdi/ocm10393944-380/ocm10393944/Output/_0052.tif /mnt/lsdi/ocm10393944-380/ocm10393944/Output/_0053.tif /mnt/lsdi/ocm10393944-380/ocm10393944/Output/_0054.tif /mnt/lsdi/ocm10393944-380/ocm10393944/Output/_0055.tif /mnt/lsdi/ocm10393944-380/ocm10393944/Output/_0056.tif /mnt/lsdi/ocm10393944-380/ocm10393944/Output/_0057.tif /mnt/lsdi/ocm10393944-380/ocm10393944/Output/_0058.tif /mnt/lsdi/ocm10393944-380/ocm10393944/Output/_0059.tif /mnt/lsdi/ocm10393944-380/ocm10393944/Output/_0060.tif /mnt/lsdi/ocm10393944-380/ocm10393944/Output/_0061.tif /mnt/lsdi/ocm10393944-380/ocm10393944/Output/_0062.tif /mnt/lsdi/ocm10393944-380/ocm10393944/Output/_0063.tif /mnt/lsdi/ocm10393944-380/ocm10393944/Output/_0064.tif /mnt/lsdi/ocm10393944-380/ocm10393944/Output/_0065.tif /mnt/lsdi/ocm10393944-380/ocm10393944/Output/_0066.tif /mnt/lsdi/ocm10393944-380/ocm10393944/Output/_0067.tif /mnt/lsdi/ocm10393944-380/ocm10393944/Output/_0068.tif /mnt/lsdi/ocm10393944-380/ocm10393944/Output/_0069.tif /mnt/lsdi/ocm10393944-380/ocm10393944/Output/_0070.tif /mnt/lsdi/ocm10393944-380/ocm10393944/Output/_0071.tif /mnt/lsdi/ocm10393944-380/ocm10393944/Output/_0072.tif /mnt/lsdi/ocm10393944-380/ocm10393944/Output/_0073.tif /mnt/lsdi/ocm10393944-380/ocm10393944/Output/_0074.tif /mnt/lsdi/ocm10393944-380/ocm10393944/Output/_0075.tif /mnt/lsdi/ocm10393944-380/ocm10393944/Output/_0076.tif /mnt/lsdi/ocm10393944-380/ocm10393944/Output/_0077.tif /mnt/lsdi/ocm10393944-380/ocm10393944/Output/_0078.tif /mnt/lsdi/ocm10393944-380/ocm10393944/Output/_0079.tif /mnt/lsdi/ocm10393944-380/ocm10393944/Output/_0080.tif /mnt/lsdi/ocm10393944-380/ocm10393944/Output/_0081.tif /mnt/lsdi/ocm10393944-380/ocm10393944/Output/_0082.tif /mnt/lsdi/ocm10393944-380/ocm10393944/Output/_0083.tif /mnt/lsdi/ocm10393944-380/ocm10393944/Output/_0084.tif /mnt/lsdi/ocm10393944-380/ocm10393944/Output/_0085.tif /mnt/lsdi/ocm10393944-380/ocm10393944/Output/_0086.tif /mnt/lsdi/ocm10393944-380/ocm10393944/Output/_0087.tif /mnt/lsdi/ocm10393944-380/ocm10393944/Output/_0088.tif /mnt/lsdi/ocm10393944-380/ocm10393944/Output/_0089.tif /mnt/lsdi/ocm10393944-380/ocm10393944/Output/_0090.tif /mnt/lsdi/ocm10393944-380/ocm10393944/Output/_0091.tif /mnt/lsdi/ocm10393944-380/ocm10393944/Output/_0092.tif /mnt/lsdi/ocm10393944-380/ocm10393944/Output/_0093.tif /mnt/lsdi/ocm10393944-380/ocm10393944/Output/_0094.tif /mnt/lsdi/ocm10393944-380/ocm10393944/Output/_0095.tif /mnt/lsdi/ocm10393944-380/ocm10393944/Output/_0096.tif /mnt/lsdi/ocm10393944-380/ocm10393944/Output/_0097.tif /mnt/lsdi/ocm10393944-380/ocm10393944/Output/_0098.tif /mnt/lsdi/ocm10393944-380/ocm10393944/Output/_0099.tif /mnt/lsdi/ocm10393944-380/ocm10393944/Output/_0100.tif /mnt/lsdi/ocm10393944-380/ocm10393944/Output/_0101.tif /mnt/lsdi/ocm10393944-380/ocm10393944/Output/_0102.tif /mnt/lsdi/ocm10393944-380/ocm10393944/Output/_0103.tif /mnt/lsdi/ocm10393944-380/ocm10393944/Output/_0104.tif /mnt/lsdi/ocm10393944-380/ocm10393944/Output/_0105.tif /mnt/lsdi/ocm10393944-380/ocm10393944/Output/_0106.tif /mnt/lsdi/ocm10393944-380/ocm10393944/Output/_0107.tif /mnt/lsdi/ocm10393944-380/ocm10393944/Output/_0108.tif /mnt/lsdi/ocm10393944-380/ocm10393944/Output/_0109.tif /mnt/lsdi/ocm10393944-380/ocm10393944/Output/_0110.tif /mnt/lsdi/ocm10393944-380/ocm10393944/Output/_0111.tif /mnt/lsdi/ocm10393944-380/ocm10393944/Output/_0112.tif /mnt/lsdi/ocm10393944-380/ocm10393944/Output/_0113.tif /mnt/lsdi/ocm10393944-380/ocm10393944/Output/_0114.tif /mnt/lsdi/ocm10393944-380/ocm10393944/Output/_0115.tif /mnt/lsdi/ocm10393944-380/ocm10393944/Output/_0116.tif /mnt/lsdi/ocm10393944-380/ocm10393944/Output/_0117.tif /mnt/lsdi/ocm10393944-380/ocm10393944/Output/_0118.tif /mnt/lsdi/ocm10393944-380/ocm10393944/Output/_0119.tif /mnt/lsdi/ocm10393944-380/ocm10393944/Output/_0120.tif /mnt/lsdi/ocm10393944-380/ocm10393944/Output/_0121.tif /mnt/lsdi/ocm10393944-380/ocm10393944/Output/_0122.tif /mnt/lsdi/ocm10393944-380/ocm10393944/Output/_0123.tif /mnt/lsdi/ocm10393944-380/ocm10393944/Output/_0124.tif /mnt/lsdi/ocm10393944-380/ocm10393944/Output/_0125.tif /mnt/lsdi/ocm10393944-380/ocm10393944/Output/_0126.tif /mnt/lsdi/ocm10393944-380/ocm10393944/Output/_0127.tif /mnt/lsdi/ocm10393944-380/ocm10393944/Output/_0128.tif /mnt/lsdi/ocm10393944-380/ocm10393944/Output/_0129.tif /mnt/lsdi/ocm10393944-380/ocm10393944/Output/_0130.tif /mnt/lsdi/ocm10393944-380/ocm10393944/Output/_0131.tif /mnt/lsdi/ocm10393944-380/ocm10393944/Output/_0132.tif /mnt/lsdi/ocm10393944-380/ocm10393944/Output/_0133.tif /mnt/lsdi/ocm10393944-380/ocm10393944/Output/_0134.tif /mnt/lsdi/ocm10393944-380/ocm10393944/Output/_0135.tif /mnt/lsdi/ocm10393944-380/ocm10393944/Output/_0136.tif /mnt/lsdi/ocm10393944-380/ocm10393944/Output/_0137.tif /mnt/lsdi/ocm10393944-380/ocm10393944/Output/_0138.tif /mnt/lsdi/ocm10393944-380/ocm10393944/Output/_0139.tif /mnt/lsdi/ocm10393944-380/ocm10393944/Output/_0140.tif /mnt/lsdi/ocm10393944-380/ocm10393944/Output/_0141.tif /mnt/lsdi/ocm10393944-380/ocm10393944/Output/_0142.tif /mnt/lsdi/ocm10393944-380/ocm10393944/Output/_0143.tif /mnt/lsdi/ocm10393944-380/ocm10393944/Output/_0144.tif /mnt/lsdi/ocm10393944-380/ocm10393944/Output/_0145.tif /mnt/lsdi/ocm10393944-380/ocm10393944/Output/_0146.tif /mnt/lsdi/ocm10393944-380/ocm10393944/Output/_0147.tif /mnt/lsdi/ocm10393944-380/ocm10393944/Output/_0148.tif /mnt/lsdi/ocm10393944-380/ocm10393944/Output/_0149.tif /mnt/lsdi/ocm10393944-380/ocm10393944/Output/_0150.tif /mnt/lsdi/ocm10393944-380/ocm10393944/Output/_0151.tif /mnt/lsdi/ocm10393944-380/ocm10393944/Output/_0152.tif /mnt/lsdi/ocm10393944-380/ocm10393944/Output/_0153.tif /mnt/lsdi/ocm10393944-380/ocm10393944/Output/_0154.tif /mnt/lsdi/ocm10393944-380/ocm10393944/Output/_0155.tif /mnt/lsdi/ocm10393944-380/ocm10393944/Output/_0156.tif /mnt/lsdi/ocm10393944-380/ocm10393944/Output/_0157.tif /mnt/lsdi/ocm10393944-380/ocm10393944/Output/_0158.tif /mnt/lsdi/ocm10393944-380/ocm10393944/Output/_0159.tif /mnt/lsdi/ocm10393944-380/ocm10393944/Output/_0160.tif /mnt/lsdi/ocm10393944-380/ocm10393944/Output/_0161.tif /mnt/lsdi/ocm10393944-380/ocm10393944/Output/_0162.tif /mnt/lsdi/ocm10393944-380/ocm10393944/Output/_0163.tif /mnt/lsdi/ocm10393944-380/ocm10393944/Output/_0164.tif /mnt/lsdi/ocm10393944-380/ocm10393944/Output/_0165.tif /mnt/lsdi/ocm10393944-380/ocm10393944/Output/_0166.tif /mnt/lsdi/ocm10393944-380/ocm10393944/Output/_0167.tif /mnt/lsdi/ocm10393944-380/ocm10393944/Output/_0168.tif /mnt/lsdi/ocm10393944-380/ocm10393944/Output/_0169.tif /mnt/lsdi/ocm10393944-380/ocm10393944/Output/_0170.tif /mnt/lsdi/ocm10393944-380/ocm10393944/Output/_0171.tif /mnt/lsdi/ocm10393944-380/ocm10393944/Output/_0172.tif /mnt/lsdi/ocm10393944-380/ocm10393944/Output/_0173.tif /mnt/lsdi/ocm10393944-380/ocm10393944/Output/_0174.tif /mnt/lsdi/ocm10393944-380/ocm10393944/Output/_0175.tif /mnt/lsdi/ocm10393944-380/ocm10393944/Output/_0176.tif /mnt/lsdi/ocm10393944-380/ocm10393944/Output/_0177.tif /mnt/lsdi/ocm10393944-380/ocm10393944/Output/_0178.tif /mnt/lsdi/ocm10393944-380/ocm10393944/Output/_0179.tif /mnt/lsdi/ocm10393944-380/ocm10393944/Output/_0180.tif /mnt/lsdi/ocm10393944-380/ocm10393944/Output/_0181.tif /mnt/lsdi/ocm10393944-380/ocm10393944/Output/_0182.tif /mnt/lsdi/ocm10393944-380/ocm10393944/Output/_0183.tif /mnt/lsdi/ocm10393944-380/ocm10393944/Output/_0184.tif /mnt/lsdi/ocm10393944-380/ocm10393944/Output/_0185.tif /mnt/lsdi/ocm10393944-380/ocm10393944/Output/_0186.tif /mnt/lsdi/ocm10393944-380/ocm10393944/Output/_0187.tif /mnt/lsdi/ocm10393944-380/ocm10393944/Output/_0188.tif /mnt/lsdi/ocm10393944-380/ocm10393944/Output/_0189.tif /mnt/lsdi/ocm10393944-380/ocm10393944/Output/_0190.tif /mnt/lsdi/ocm10393944-380/ocm10393944/Output/_0191.tif /mnt/lsdi/ocm10393944-380/ocm10393944/Output/_0192.tif /mnt/lsdi/ocm10393944-380/ocm10393944/Output/_0193.tif /mnt/lsdi/ocm10393944-380/ocm10393944/Output/_0194.tif /mnt/lsdi/ocm10393944-380/ocm10393944/Output/_0195.tif /mnt/lsdi/ocm10393944-380/ocm10393944/Output/_0196.tif /mnt/lsdi/ocm10393944-380/ocm10393944/Output/_0197.tif /mnt/lsdi/ocm10393944-380/ocm10393944/Output/_0198.tif /mnt/lsdi/ocm10393944-380/ocm10393944/Output/_0199.tif /mnt/lsdi/ocm10393944-380/ocm10393944/Output/_0200.tif /mnt/lsdi/ocm10393944-380/ocm10393944/Output/_0201.tif /mnt/lsdi/ocm10393944-380/ocm10393944/Output/_0202.tif /mnt/lsdi/ocm10393944-380/ocm10393944/Output/_0203.tif /mnt/lsdi/ocm10393944-380/ocm10393944/Output/_0204.tif /mnt/lsdi/ocm10393944-380/ocm10393944/Output/_0205.tif /mnt/lsdi/ocm10393944-380/ocm10393944/Output/_0206.tif /mnt/lsdi/ocm10393944-380/ocm10393944/Output/_0207.tif /mnt/lsdi/ocm10393944-380/ocm10393944/Output/_0208.tif /mnt/lsdi/ocm10393944-380/ocm10393944/Output/_0209.tif /mnt/lsdi/ocm10393944-380/ocm10393944/Output/_0210.tif /mnt/lsdi/ocm10393944-380/ocm10393944/Output/_0211.tif /mnt/lsdi/ocm10393944-380/ocm10393944/Output/_0212.tif /mnt/lsdi/ocm10393944-380/ocm10393944/Output/_0213.tif /mnt/lsdi/ocm10393944-380/ocm10393944/Output/_0214.tif /mnt/lsdi/ocm10393944-380/ocm10393944/Output/_0215.tif /mnt/lsdi/ocm10393944-380/ocm10393944/Output/_0216.tif /mnt/lsdi/ocm10393944-380/ocm10393944/Output/_0217.tif /mnt/lsdi/ocm10393944-380/ocm10393944/Output/_0218.tif /mnt/lsdi/ocm10393944-380/ocm10393944/Output/_0219.tif /mnt/lsdi/ocm10393944-380/ocm10393944/Output/_0220.tif /mnt/lsdi/ocm10393944-380/ocm10393944/Output/_0221.tif /mnt/lsdi/ocm10393944-380/ocm10393944/Output/_0222.tif /mnt/lsdi/ocm10393944-380/ocm10393944/Output/_0223.tif /mnt/lsdi/ocm10393944-380/ocm10393944/Output/_0224.tif /mnt/lsdi/ocm10393944-380/ocm10393944/Output/_0225.tif /mnt/lsdi/ocm10393944-380/ocm10393944/Output/_0226.tif /mnt/lsdi/ocm10393944-380/ocm10393944/Output/_0227.tif /mnt/lsdi/ocm10393944-380/ocm10393944/Output/_0228.tif /mnt/lsdi/ocm10393944-380/ocm10393944/Output/_0229.tif /mnt/lsdi/ocm10393944-380/ocm10393944/Output/_0230.tif /mnt/lsdi/ocm10393944-380/ocm10393944/Output/_0231.tif /mnt/lsdi/ocm10393944-380/ocm10393944/Output/_0232.tif /mnt/lsdi/ocm10393944-380/ocm10393944/Output/_0233.tif /mnt/lsdi/ocm10393944-380/ocm10393944/Output/_0234.tif /mnt/lsdi/ocm10393944-380/ocm10393944/Output/_0235.tif /mnt/lsdi/ocm10393944-380/ocm10393944/Output/_0236.tif /mnt/lsdi/ocm10393944-380/ocm10393944/Output/_0237.tif /mnt/lsdi/ocm10393944-380/ocm10393944/Output/_0238.tif /mnt/lsdi/ocm10393944-380/ocm10393944/Output/_0239.tif /mnt/lsdi/ocm10393944-380/ocm10393944/Output/_0240.tif /mnt/lsdi/ocm10393944-380/ocm10393944/Output/_0241.tif /mnt/lsdi/ocm10393944-380/ocm10393944/Output/_0242.tif /mnt/lsdi/ocm10393944-380/ocm10393944/Output/_0243.tif /mnt/lsdi/ocm10393944-380/ocm10393944/Output/_0244.tif /mnt/lsdi/ocm10393944-380/ocm10393944/Output/_0245.tif /mnt/lsdi/ocm10393944-380/ocm10393944/Output/_0246.tif /mnt/lsdi/ocm10393944-380/ocm10393944/Output/_0247.tif /mnt/lsdi/ocm10393944-380/ocm10393944/Output/_0248.tif /mnt/lsdi/ocm10393944-380/ocm10393944/Output/_0249.tif /mnt/lsdi/ocm10393944-380/ocm10393944/Output/_0250.tif /mnt/lsdi/ocm10393944-380/ocm10393944/Output/_0251.tif /mnt/lsdi/ocm10393944-380/ocm10393944/Output/_0252.tif /mnt/lsdi/ocm10393944-380/ocm10393944/Output/_0253.tif /mnt/lsdi/ocm10393944-380/ocm10393944/Output/_0254.tif /mnt/lsdi/ocm10393944-380/ocm10393944/Output/_0255.tif /mnt/lsdi/ocm10393944-380/ocm10393944/Output/_0256.tif /mnt/lsdi/ocm10393944-380/ocm10393944/Output/_0257.tif /mnt/lsdi/ocm10393944-380/ocm10393944/Output/_0258.tif /mnt/lsdi/ocm10393944-380/ocm10393944/Output/_0259.tif /mnt/lsdi/ocm10393944-380/ocm10393944/Output/_0260.tif /mnt/lsdi/ocm10393944-380/ocm10393944/Output/_0261.tif /mnt/lsdi/ocm10393944-380/ocm10393944/Output/_0262.tif /mnt/lsdi/ocm10393944-380/ocm10393944/Output/_0263.tif /mnt/lsdi/ocm10393944-380/ocm10393944/Output/_0264.tif /mnt/lsdi/ocm10393944-380/ocm10393944/Output/_0265.tif /mnt/lsdi/ocm10393944-380/ocm10393944/Output/_0266.tif /mnt/lsdi/ocm10393944-380/ocm10393944/Output/_0267.tif /mnt/lsdi/ocm10393944-380/ocm10393944/Output/_0268.tif /mnt/lsdi/ocm10393944-380/ocm10393944/Output/_0269.tif /mnt/lsdi/ocm10393944-380/ocm10393944/Output/_0270.tif /mnt/lsdi/ocm10393944-380/ocm10393944/Output/_0271.tif /mnt/lsdi/ocm10393944-380/ocm10393944/Output/_0272.tif /mnt/lsdi/ocm10393944-380/ocm10393944/Output/_0273.tif /mnt/lsdi/ocm10393944-380/ocm10393944/Output/_0274.tif /mnt/lsdi/ocm10393944-380/ocm10393944/Output/_0275.tif /mnt/lsdi/ocm10393944-380/ocm10393944/Output/_0276.tif /mnt/lsdi/ocm10393944-380/ocm10393944/Output/_0277.tif /mnt/lsdi/ocm10393944-380/ocm10393944/Output/_0278.tif /mnt/lsdi/ocm10393944-380/ocm10393944/Output/_0279.tif /mnt/lsdi/ocm10393944-380/ocm10393944/Output/_0280.tif /mnt/lsdi/ocm10393944-380/ocm10393944/Output/_0281.tif /mnt/lsdi/ocm10393944-380/ocm10393944/Output/_0282.tif /mnt/lsdi/ocm10393944-380/ocm10393944/Output/_0283.tif /mnt/lsdi/ocm10393944-380/ocm10393944/Output/_0284.tif /mnt/lsdi/ocm10393944-380/ocm10393944/Output/_0285.tif /mnt/lsdi/ocm10393944-380/ocm10393944/Output/_0286.tif /mnt/lsdi/ocm10393944-380/ocm10393944/Output/_0287.tif /mnt/lsdi/ocm10393944-380/ocm10393944/Output/_0288.tif /mnt/lsdi/ocm10393944-380/ocm10393944/Output/_0289.tif /mnt/lsdi/ocm10393944-380/ocm10393944/Output/_0290.tif /mnt/lsdi/ocm10393944-380/ocm10393944/Output/_0291.tif /mnt/lsdi/ocm10393944-380/ocm10393944/Output/_0292.tif /mnt/lsdi/ocm10393944-380/ocm10393944/Output/_0293.tif /mnt/lsdi/ocm10393944-380/ocm10393944/Output/_0294.tif /mnt/lsdi/ocm10393944-380/ocm10393944/Output/_0295.tif /mnt/lsdi/ocm10393944-380/ocm10393944/Output/_0296.tif /mnt/lsdi/ocm10393944-380/ocm10393944/Output/_0297.tif /mnt/lsdi/ocm10393944-380/ocm10393944/Output/_0298.tif /mnt/lsdi/ocm10393944-380/ocm10393944/Output/_0299.tif /mnt/lsdi/ocm10393944-380/ocm10393944/Output/_0300.tif /mnt/lsdi/ocm10393944-380/ocm10393944/Output/_0301.tif /mnt/lsdi/ocm10393944-380/ocm10393944/Output/_0302.tif /mnt/lsdi/ocm10393944-380/ocm10393944/Output/_0303.tif /mnt/lsdi/ocm10393944-380/ocm10393944/Output/_0304.tif /mnt/lsdi/ocm10393944-380/ocm10393944/Output/_0305.tif /mnt/lsdi/ocm10393944-380/ocm10393944/Output/_0306.tif /mnt/lsdi/ocm10393944-380/ocm10393944/Output/_0307.tif /mnt/lsdi/ocm10393944-380/ocm10393944/Output/_0308.tif /mnt/lsdi/ocm10393944-380/ocm10393944/Output/_0309.tif /mnt/lsdi/ocm10393944-380/ocm10393944/Output/_0310.tif /mnt/lsdi/ocm10393944-380/ocm10393944/Output/_0311.tif /mnt/lsdi/ocm10393944-380/ocm10393944/Output/_0312.tif /mnt/lsdi/ocm10393944-380/ocm10393944/Output/_0313.tif /mnt/lsdi/ocm10393944-380/ocm10393944/Output/_0314.tif /mnt/lsdi/ocm10393944-380/ocm10393944/Output/_0315.tif /mnt/lsdi/ocm10393944-380/ocm10393944/Output/_0316.tif /mnt/lsdi/ocm10393944-380/ocm10393944/Output/_0317.tif /mnt/lsdi/ocm10393944-380/ocm10393944/Output/_0318.tif /mnt/lsdi/ocm10393944-380/ocm10393944/Output/_0319.tif /mnt/lsdi/ocm10393944-380/ocm10393944/Output/_0320.tif /mnt/lsdi/ocm10393944-380/ocm10393944/Output/_0321.tif /mnt/lsdi/ocm10393944-380/ocm10393944/Output/_0322.tif /mnt/lsdi/ocm10393944-380/ocm10393944/Output/_0323.tif /mnt/lsdi/ocm10393944-380/ocm10393944/Output/_0324.tif /mnt/lsdi/ocm10393944-380/ocm10393944/Output/_0325.tif /mnt/lsdi/ocm10393944-380/ocm10393944/Output/_0326.tif /mnt/lsdi/ocm10393944-380/ocm10393944/Output/_0327.tif /mnt/lsdi/ocm10393944-380/ocm10393944/Output/_0328.tif /mnt/lsdi/ocm10393944-380/ocm10393944/Output/_0329.tif /mnt/lsdi/ocm10393944-380/ocm10393944/Output/_0330.tif /mnt/lsdi/ocm10393944-380/ocm10393944/Output/_0331.tif /mnt/lsdi/ocm10393944-380/ocm10393944/Output/_0332.tif /mnt/lsdi/ocm10393944-380/ocm10393944/Output/_0333.tif /mnt/lsdi/ocm10393944-380/ocm10393944/Output/_0334.tif /mnt/lsdi/ocm10393944-380/ocm10393944/Output/_0335.tif /mnt/lsdi/ocm10393944-380/ocm10393944/Output/_0336.tif /mnt/lsdi/ocm10393944-380/ocm10393944/Output/_0337.tif /mnt/lsdi/ocm10393944-380/ocm10393944/Output/_0338.tif /mnt/lsdi/ocm10393944-380/ocm10393944/Output/_0339.tif /mnt/lsdi/ocm10393944-380/ocm10393944/Output/_0340.tif /mnt/lsdi/ocm10393944-380/ocm10393944/Output/_0341.tif /mnt/lsdi/ocm10393944-380/ocm10393944/Output/_0342.tif /mnt/lsdi/ocm10393944-380/ocm10393944/Output/_0343.tif /mnt/lsdi/ocm10393944-380/ocm10393944/Output/_0344.tif /mnt/lsdi/ocm10393944-380/ocm10393944/Output/_0345.tif /mnt/lsdi/ocm10393944-380/ocm10393944/Output/_0346.tif /mnt/lsdi/ocm10393944-380/ocm10393944/Output/_0347.tif /mnt/lsdi/ocm10393944-380/ocm10393944/Output/_0348.tif /mnt/lsdi/ocm10393944-380/ocm10393944/Output/_0349.tif /mnt/lsdi/ocm10393944-380/ocm10393944/Output/_0350.tif /mnt/lsdi/ocm10393944-380/ocm10393944/Output/_0351.tif /mnt/lsdi/ocm10393944-380/ocm10393944/Output/_0352.tif /mnt/lsdi/ocm10393944-380/ocm10393944/Output/_0353.tif /mnt/lsdi/ocm10393944-380/ocm10393944/Output/_0354.tif /mnt/lsdi/ocm10393944-380/ocm10393944/Output/_0355.tif /mnt/lsdi/ocm10393944-380/ocm10393944/Output/_0356.tif /mnt/lsdi/ocm10393944-380/ocm10393944/Output/_0357.tif /mnt/lsdi/ocm10393944-380/ocm10393944/Output/_0358.tif /mnt/lsdi/ocm10393944-380/ocm10393944/Output/_0359.tif /mnt/lsdi/ocm10393944-380/ocm10393944/Output/_0360.tif /mnt/lsdi/ocm10393944-380/ocm10393944/Output/_0361.tif /mnt/lsdi/ocm10393944-380/ocm10393944/Output/_0362.tif /mnt/lsdi/ocm10393944-380/ocm10393944/Output/_0363.tif /mnt/lsdi/ocm10393944-380/ocm10393944/Output/_0364.tif /mnt/lsdi/ocm10393944-380/ocm10393944/Output/_0365.tif /mnt/lsdi/ocm10393944-380/ocm10393944/Output/_0366.tif /mnt/lsdi/ocm10393944-380/ocm10393944/Output/_0367.tif /mnt/lsdi/ocm10393944-380/ocm10393944/Output/_0368.tif /mnt/lsdi/ocm10393944-380/ocm10393944/Output/_0369.tif /mnt/lsdi/ocm10393944-380/ocm10393944/Output/_0370.tif /mnt/lsdi/ocm10393944-380/ocm10393944/Output/_0371.tif /mnt/lsdi/ocm10393944-380/ocm10393944/Output/_0372.tif /mnt/lsdi/ocm10393944-380/ocm10393944/Output/_0373.tif /mnt/lsdi/ocm10393944-380/ocm10393944/Output/_0374.tif /mnt/lsdi/ocm10393944-380/ocm10393944/Output/_0375.tif /mnt/lsdi/ocm10393944-380/ocm10393944/Output/_0376.tif /mnt/lsdi/ocm10393944-380/ocm10393944/Output/_0377.tif /mnt/lsdi/ocm10393944-380/ocm10393944/Output/_0378.tif /mnt/lsdi/ocm10393944-380/ocm10393944/Output/_0379.tif /mnt/lsdi/ocm10393944-380/ocm10393944/Output/_0380.tif /mnt/lsdi/ocm10393944-380/ocm10393944/Output/_0381.tif /mnt/lsdi/ocm10393944-380/ocm10393944/Output/_0382.tif /mnt/lsdi/ocm10393944-380/ocm10393944/Output/_0383.tif /mnt/lsdi/ocm10393944-380/ocm10393944/Output/_0384.tif /mnt/lsdi/ocm10393944-380/ocm10393944/Output/_0385.tif /mnt/lsdi/ocm10393944-380/ocm10393944/Output/_0386.tif /mnt/lsdi/ocm10393944-380/ocm10393944/Output/_0387.tif /mnt/lsdi/ocm10393944-380/ocm10393944/Output/_0388.tif /mnt/lsdi/ocm10393944-380/ocm10393944/Output/_0389.tif /mnt/lsdi/ocm10393944-380/ocm10393944/Output/_0390.tif /mnt/lsdi/ocm10393944-380/ocm10393944/Output/_0391.tif /mnt/lsdi/ocm10393944-380/ocm10393944/Output/_0392.tif /mnt/lsdi/ocm10393944-380/ocm10393944/Output/_0393.tif /mnt/lsdi/ocm10393944-380/ocm10393944/Output/_0394.tif /mnt/lsdi/ocm10393944-380/ocm10393944/Output/_0395.tif /mnt/lsdi/ocm10393944-380/ocm10393944/Output/_0396.tif /mnt/lsdi/ocm10393944-380/ocm10393944/Output/_0397.tif /mnt/lsdi/ocm10393944-380/ocm10393944/Output/_0398.tif /mnt/lsdi/ocm10393944-380/ocm10393944/Output/_0399.tif /mnt/lsdi/ocm10393944-380/ocm10393944/Output/_0400.tif /mnt/lsdi/ocm10393944-380/ocm10393944/Output/_0401.tif /mnt/lsdi/ocm10393944-380/ocm10393944/Output/_0402.tif /mnt/lsdi/ocm10393944-380/ocm10393944/Output/_0403.tif /mnt/lsdi/ocm10393944-380/ocm10393944/Output/_0404.tif /mnt/lsdi/ocm10393944-380/ocm10393944/Output/_0405.tif /mnt/lsdi/ocm10393944-380/ocm10393944/Output/_0406.tif /mnt/lsdi/ocm10393944-380/ocm10393944/Output/_0407.tif /mnt/lsdi/ocm10393944-380/ocm10393944/Output/_0408.tif /mnt/lsdi/ocm10393944-380/ocm10393944/Output/_0409.tif /mnt/lsdi/ocm10393944-380/ocm10393944/Output/_0410.tif /mnt/lsdi/ocm10393944-380/ocm10393944/Output/_0411.tif /mnt/lsdi/ocm10393944-380/ocm10393944/Output/_0412.tif /mnt/lsdi/ocm10393944-380/ocm10393944/Output/_0413.tif /mnt/lsdi/ocm10393944-380/ocm10393944/Output/_0414.tif /mnt/lsdi/ocm10393944-380/ocm10393944/Output/_0415.tif /mnt/lsdi/ocm10393944-380/ocm10393944/Output/_0416.tif /mnt/lsdi/ocm10393944-380/ocm10393944/Output/_0417.tif /mnt/lsdi/ocm10393944-380/ocm10393944/Output/_0418.tif /mnt/lsdi/ocm10393944-380/ocm10393944/Output/_0419.tif /mnt/lsdi/ocm10393944-380/ocm10393944/Output/_0420.tif /mnt/lsdi/ocm10393944-380/ocm10393944/Output/_0421.tif /mnt/lsdi/ocm10393944-380/ocm10393944/Output/_0422.tif /mnt/lsdi/ocm10393944-380/ocm10393944/Output/_0423.tif /mnt/lsdi/ocm10393944-380/ocm10393944/Output/_0424.tif /mnt/lsdi/ocm10393944-380/ocm10393944/Output/_0425.tif /mnt/lsdi/ocm10393944-380/ocm10393944/Output/_0426.tif /mnt/lsdi/ocm10393944-380/ocm10393944/Output/_0427.tif /mnt/lsdi/ocm10393944-380/ocm10393944/Output/_0428.tif /mnt/lsdi/ocm10393944-380/ocm10393944/Output/_0429.tif /mnt/lsdi/ocm10393944-380/ocm10393944/Output/_0430.tif /mnt/lsdi/ocm10393944-380/ocm10393944/Output/_0431.tif /mnt/lsdi/ocm10393944-380/ocm10393944/Output/_0432.tif /mnt/lsdi/ocm10393944-380/ocm10393944/Output/_0433.tif /mnt/lsdi/ocm10393944-380/ocm10393944/Output/_0434.tif /mnt/lsdi/ocm10393944-380/ocm10393944/Output/_0435.tif /mnt/lsdi/ocm10393944-380/ocm10393944/Output/_0436.tif /mnt/lsdi/ocm10393944-380/ocm10393944/Output/_0437.tif /mnt/lsdi/ocm10393944-380/ocm10393944/Output/_0438.tif /mnt/lsdi/ocm10393944-380/ocm10393944/Output/_0439.tif /mnt/lsdi/ocm10393944-380/ocm10393944/Output/_0440.tif /mnt/lsdi/ocm10393944-380/ocm10393944/Output/_0441.tif /mnt/lsdi/ocm10393944-380/ocm10393944/Output/_0442.tif /mnt/lsdi/ocm10393944-380/ocm10393944/Output/_0443.tif /mnt/lsdi/ocm10393944-380/ocm10393944/Output/_0444.tif /mnt/lsdi/ocm10393944-380/ocm10393944/Output/_0445.tif /mnt/lsdi/ocm10393944-380/ocm10393944/Output/_0446.tif /mnt/lsdi/ocm10393944-380/ocm10393944/Output/_0447.tif /mnt/lsdi/ocm10393944-380/ocm10393944/Output/_0448.tif /mnt/lsdi/ocm10393944-380/ocm10393944/Output/_0449.tif /mnt/lsdi/ocm10393944-380/ocm10393944/Output/_0450.tif /mnt/lsdi/ocm10393944-380/ocm10393944/Output/_0451.tif /mnt/lsdi/ocm10393944-380/ocm10393944/Output/_0452.tif /mnt/lsdi/ocm10393944-380/ocm10393944/Output/_0453.tif /mnt/lsdi/ocm10393944-380/ocm10393944/Output/_0454.tif /mnt/lsdi/ocm10393944-380/ocm10393944/Output/_0455.tif /mnt/lsdi/ocm10393944-380/ocm10393944/Output/_0456.tif /mnt/lsdi/ocm10393944-380/ocm10393944/Output/_0457.tif /mnt/lsdi/ocm10393944-380/ocm10393944/Output/_0458.tif
  adding: mnt/lsdi/ocm10393944-380/ocm10393944/Output/_0001.tif (deflated 83%)
  adding: mnt/lsdi/ocm10393944-380/ocm10393944/Output/_0002.tif (deflated 26%)
  adding: mnt/lsdi/ocm10393944-380/ocm10393944/Output/_0003.tif (deflated 83%)
  adding: mnt/lsdi/ocm10393944-380/ocm10393944/Output/_0004.tif (deflated 83%)
  adding: mnt/lsdi/ocm10393944-380/ocm10393944/Output/_0005.tif (deflated 69%)
  adding: mnt/lsdi/ocm10393944-380/ocm10393944/Output/_0006.tif (deflated 6%)
  adding: mnt/lsdi/ocm10393944-380/ocm10393944/Output/_0007.tif (deflated 13%)
  adding: mnt/lsdi/ocm10393944-380/ocm10393944/Output/_0008.tif (deflated 4%)
  adding: mnt/lsdi/ocm10393944-380/ocm10393944/Output/_0009.tif (deflated 4%)
  adding: mnt/lsdi/ocm10393944-380/ocm10393944/Output/_0010.tif (deflated 4%)
  adding: mnt/lsdi/ocm10393944-380/ocm10393944/Output/_0011.tif (deflated 83%)
  adding: mnt/lsdi/ocm10393944-380/ocm10393944/Output/_0012.tif (deflated 4%)
  adding: mnt/lsdi/ocm10393944-380/ocm10393944/Output/_0013.tif (deflated 3%)
  adding: mnt/lsdi/ocm10393944-380/ocm10393944/Output/_0014.tif (deflated 3%)
  adding: mnt/lsdi/ocm10393944-380/ocm10393944/Output/_0015.tif (deflated 3%)
  adding: mnt/lsdi/ocm10393944-380/ocm10393944/Output/_0016.tif (deflated 3%)
  adding: mnt/lsdi/ocm10393944-380/ocm10393944/Output/_0017.tif (deflated 5%)
  adding: mnt/lsdi/ocm10393944-380/ocm10393944/Output/_0018.tif (deflated 4%)
  adding: mnt/lsdi/ocm10393944-380/ocm10393944/Output/_0019.tif (deflated 83%)
  adding: mnt/lsdi/ocm10393944-380/ocm10393944/Output/_0020.tif (deflated 4%)
  adding: mnt/lsdi/ocm10393944-380/ocm10393944/Output/_0021.tif (deflated 4%)
  adding: mnt/lsdi/ocm10393944-380/ocm10393944/Output/_0022.tif (deflated 4%)
  adding: mnt/lsdi/ocm10393944-380/ocm10393944/Output/_0023.tif (deflated 80%)
  adding: mnt/lsdi/ocm10393944-380/ocm10393944/Output/_0024.tif (deflated 4%)
  adding: mnt/lsdi/ocm10393944-380/ocm10393944/Output/_0025.tif (deflated 4%)
  adding: mnt/lsdi/ocm10393944-380/ocm10393944/Output/_0026.tif (deflated 4%)
  adding: mnt/lsdi/ocm10393944-380/ocm10393944/Output/_0027.tif (deflated 4%)
  adding: mnt/lsdi/ocm10393944-380/ocm10393944/Output/_0028.tif (deflated 4%)
  adding: mnt/lsdi/ocm10393944-380/ocm10393944/Output/_0029.tif (deflated 4%)
  adding: mnt/lsdi/ocm10393944-380/ocm10393944/Output/_0030.tif (deflated 4%)
  adding: mnt/lsdi/ocm10393944-380/ocm10393944/Output/_0031.tif (deflated 4%)
  adding: mnt/lsdi/ocm10393944-380/ocm10393944/Output/_0032.tif (deflated 4%)
  adding: mnt/lsdi/ocm10393944-380/ocm10393944/Output/_0033.tif (deflated 4%)
  adding: mnt/lsdi/ocm10393944-380/ocm10393944/Output/_0034.tif (deflated 4%)
  adding: mnt/lsdi/ocm10393944-380/ocm10393944/Output/_0035.tif (deflated 4%)
  adding: mnt/lsdi/ocm10393944-380/ocm10393944/Output/_0036.tif (deflated 4%)
  adding: mnt/lsdi/ocm10393944-380/ocm10393944/Output/_0037.tif (deflated 4%)
  adding: mnt/lsdi/ocm10393944-380/ocm10393944/Output/_0038.tif (deflated 4%)
  adding: mnt/lsdi/ocm10393944-380/ocm10393944/Output/_0039.tif (deflated 4%)
  adding: mnt/lsdi/ocm10393944-380/ocm10393944/Output/_0040.tif (deflated 4%)
  adding: mnt/lsdi/ocm10393944-380/ocm10393944/Output/_0041.tif (deflated 4%)
  adding: mnt/lsdi/ocm10393944-380/ocm10393944/Output/_0042.tif (deflated 4%)
  adding: mnt/lsdi/ocm10393944-380/ocm10393944/Output/_0043.tif (deflated 4%)
  adding: mnt/lsdi/ocm10393944-380/ocm10393944/Output/_0044.tif (deflated 4%)
  adding: mnt/lsdi/ocm10393944-380/ocm10393944/Output/_0045.tif (deflated 69%)
  adding: mnt/lsdi/ocm10393944-380/ocm10393944/Output/_0046.tif (deflated 4%)
  adding: mnt/lsdi/ocm10393944-380/ocm10393944/Output/_0047.tif (deflated 4%)
  adding: mnt/lsdi/ocm10393944-380/ocm10393944/Output/_0048.tif (deflated 4%)
  adding: mnt/lsdi/ocm10393944-380/ocm10393944/Output/_0049.tif (deflated 68%)
  adding: mnt/lsdi/ocm10393944-380/ocm10393944/Output/_0050.tif (deflated 4%)
  adding: mnt/lsdi/ocm10393944-380/ocm10393944/Output/_0051.tif (deflated 4%)
  adding: mnt/lsdi/ocm10393944-380/ocm10393944/Output/_0052.tif (deflated 4%)
  adding: mnt/lsdi/ocm10393944-380/ocm10393944/Output/_0053.tif (deflated 3%)
  adding: mnt/lsdi/ocm10393944-380/ocm10393944/Output/_0054.tif (deflated 4%)
  adding: mnt/lsdi/ocm10393944-380/ocm10393944/Output/_0055.tif (deflated 4%)
  adding: mnt/lsdi/ocm10393944-380/ocm10393944/Output/_0056.tif (deflated 4%)
  adding: mnt/lsdi/ocm10393944-380/ocm10393944/Output/_0057.tif (deflated 4%)
  adding: mnt/lsdi/ocm10393944-380/ocm10393944/Output/_0058.tif (deflated 61%)
  adding: mnt/lsdi/ocm10393944-380/ocm10393944/Output/_0059.tif (deflated 4%)
  adding: mnt/lsdi/ocm10393944-380/ocm10393944/Output/_0060.tif (deflated 4%)
  adding: mnt/lsdi/ocm10393944-380/ocm10393944/Output/_0061.tif (deflated 4%)
  adding: mnt/lsdi/ocm10393944-380/ocm10393944/Output/_0062.tif (deflated 4%)
  adding: mnt/lsdi/ocm10393944-380/ocm10393944/Output/_0063.tif (deflated 4%)
  adding: mnt/lsdi/ocm10393944-380/ocm10393944/Output/_0064.tif (deflated 4%)
  adding: mnt/lsdi/ocm10393944-380/ocm10393944/Output/_0065.tif (deflated 3%)
  adding: mnt/lsdi/ocm10393944-380/ocm10393944/Output/_0066.tif (deflated 4%)
  adding: mnt/lsdi/ocm10393944-380/ocm10393944/Output/_0067.tif (deflated 67%)
  adding: mnt/lsdi/ocm10393944-380/ocm10393944/Output/_0068.tif (deflated 4%)
  adding: mnt/lsdi/ocm10393944-380/ocm10393944/Output/_0069.tif (deflated 3%)
  adding: mnt/lsdi/ocm10393944-380/ocm10393944/Output/_0070.tif (deflated 81%)
  adding: mnt/lsdi/ocm10393944-380/ocm10393944/Output/_0071.tif (deflated 4%)
  adding: mnt/lsdi/ocm10393944-380/ocm10393944/Output/_0072.tif (deflated 67%)
  adding: mnt/lsdi/ocm10393944-380/ocm10393944/Output/_0073.tif (deflated 6%)
  adding: mnt/lsdi/ocm10393944-380/ocm10393944/Output/_0074.tif (deflated 3%)
  adding: mnt/lsdi/ocm10393944-380/ocm10393944/Output/_0075.tif (deflated 4%)
  adding: mnt/lsdi/ocm10393944-380/ocm10393944/Output/_0076.tif (deflated 4%)
  adding: mnt/lsdi/ocm10393944-380/ocm10393944/Output/_0077.tif (deflated 4%)
  adding: mnt/lsdi/ocm10393944-380/ocm10393944/Output/_0078.tif (deflated 3%)
  adding: mnt/lsdi/ocm10393944-380/ocm10393944/Output/_0079.tif (deflated 4%)
  adding: mnt/lsdi/ocm10393944-380/ocm10393944/Output/_0080.tif (deflated 4%)
  adding: mnt/lsdi/ocm10393944-380/ocm10393944/Output/_0081.tif (deflated 4%)
  adding: mnt/lsdi/ocm10393944-380/ocm10393944/Output/_0082.tif (deflated 4%)
  adding: mnt/lsdi/ocm10393944-380/ocm10393944/Output/_0083.tif (deflated 4%)
  adding: mnt/lsdi/ocm10393944-380/ocm10393944/Output/_0084.tif (deflated 3%)
  adding: mnt/lsdi/ocm10393944-380/ocm10393944/Output/_0085.tif (deflated 4%)
  adding: mnt/lsdi/ocm10393944-380/ocm10393944/Output/_0086.tif (deflated 4%)
  adding: mnt/lsdi/ocm10393944-380/ocm10393944/Output/_0087.tif (deflated 4%)
  adding: mnt/lsdi/ocm10393944-380/ocm10393944/Output/_0088.tif (deflated 4%)
  adding: mnt/lsdi/ocm10393944-380/ocm10393944/Output/_0089.tif (deflated 4%)
  adding: mnt/lsdi/ocm10393944-380/ocm10393944/Output/_0090.tif (deflated 3%)
  adding: mnt/lsdi/ocm10393944-380/ocm10393944/Output/_0091.tif (deflated 4%)
  adding: mnt/lsdi/ocm10393944-380/ocm10393944/Output/_0092.tif (deflated 4%)
  adding: mnt/lsdi/ocm10393944-380/ocm10393944/Output/_0093.tif (deflated 4%)
  adding: mnt/lsdi/ocm10393944-380/ocm10393944/Output/_0094.tif (deflated 4%)
  adding: mnt/lsdi/ocm10393944-380/ocm10393944/Output/_0095.tif (deflated 4%)
  adding: mnt/lsdi/ocm10393944-380/ocm10393944/Output/_0096.tif (deflated 4%)
  adding: mnt/lsdi/ocm10393944-380/ocm10393944/Output/_0097.tif (deflated 4%)
  adding: mnt/lsdi/ocm10393944-380/ocm10393944/Output/_0098.tif (deflated 67%)
  adding: mnt/lsdi/ocm10393944-380/ocm10393944/Output/_0099.tif (deflated 4%)
  adding: mnt/lsdi/ocm10393944-380/ocm10393944/Output/_0100.tif (deflated 4%)
  adding: mnt/lsdi/ocm10393944-380/ocm10393944/Output/_0101.tif (deflated 4%)
  adding: mnt/lsdi/ocm10393944-380/ocm10393944/Output/_0102.tif (deflated 4%)
  adding: mnt/lsdi/ocm10393944-380/ocm10393944/Output/_0103.tif (deflated 4%)
  adding: mnt/lsdi/ocm10393944-380/ocm10393944/Output/_0104.tif (deflated 6%)
  adding: mnt/lsdi/ocm10393944-380/ocm10393944/Output/_0105.tif (deflated 4%)
  adding: mnt/lsdi/ocm10393944-380/ocm10393944/Output/_0106.tif (deflated 3%)
  adding: mnt/lsdi/ocm10393944-380/ocm10393944/Output/_0107.tif (deflated 4%)
  adding: mnt/lsdi/ocm10393944-380/ocm10393944/Output/_0108.tif (deflated 3%)
  adding: mnt/lsdi/ocm10393944-380/ocm10393944/Output/_0109.tif (deflated 3%)
  adding: mnt/lsdi/ocm10393944-380/ocm10393944/Output/_0110.tif (deflated 4%)
  adding: mnt/lsdi/ocm10393944-380/ocm10393944/Output/_0111.tif (deflated 3%)
  adding: mnt/lsdi/ocm10393944-380/ocm10393944/Output/_0112.tif (deflated 4%)
  adding: mnt/lsdi/ocm10393944-380/ocm10393944/Output/_0113.tif (deflated 4%)
  adding: mnt/lsdi/ocm10393944-380/ocm10393944/Output/_0114.tif (deflated 4%)
  adding: mnt/lsdi/ocm10393944-380/ocm10393944/Output/_0115.tif (deflated 4%)
  adding: mnt/lsdi/ocm10393944-380/ocm10393944/Output/_0116.tif (deflated 4%)
  adding: mnt/lsdi/ocm10393944-380/ocm10393944/Output/_0117.tif (deflated 4%)
  adding: mnt/lsdi/ocm10393944-380/ocm10393944/Output/_0118.tif (deflated 4%)
  adding: mnt/lsdi/ocm10393944-380/ocm10393944/Output/_0119.tif (deflated 4%)
  adding: mnt/lsdi/ocm10393944-380/ocm10393944/Output/_0120.tif (deflated 4%)
  adding: mnt/lsdi/ocm10393944-380/ocm10393944/Output/_0121.tif (deflated 4%)
  adding: mnt/lsdi/ocm10393944-380/ocm10393944/Output/_0122.tif (deflated 3%)
  adding: mnt/lsdi/ocm10393944-380/ocm10393944/Output/_0123.tif (deflated 80%)
  adding: mnt/lsdi/ocm10393944-380/ocm10393944/Output/_0124.tif (deflated 4%)
  adding: mnt/lsdi/ocm10393944-380/ocm10393944/Output/_0125.tif (deflated 4%)
  adding: mnt/lsdi/ocm10393944-380/ocm10393944/Output/_0126.tif (deflated 4%)
  adding: mnt/lsdi/ocm10393944-380/ocm10393944/Output/_0127.tif (deflated 4%)
  adding: mnt/lsdi/ocm10393944-380/ocm10393944/Output/_0128.tif (deflated 4%)
  adding: mnt/lsdi/ocm10393944-380/ocm10393944/Output/_0129.tif (deflated 79%)
  adding: mnt/lsdi/ocm10393944-380/ocm10393944/Output/_0130.tif (deflated 4%)
  adding: mnt/lsdi/ocm10393944-380/ocm10393944/Output/_0131.tif (deflated 4%)
  adding: mnt/lsdi/ocm10393944-380/ocm10393944/Output/_0132.tif (deflated 4%)
  adding: mnt/lsdi/ocm10393944-380/ocm10393944/Output/_0133.tif (deflated 4%)
  adding: mnt/lsdi/ocm10393944-380/ocm10393944/Output/_0134.tif (deflated 4%)
  adding: mnt/lsdi/ocm10393944-380/ocm10393944/Output/_0135.tif (deflated 4%)
  adding: mnt/lsdi/ocm10393944-380/ocm10393944/Output/_0136.tif (deflated 4%)
  adding: mnt/lsdi/ocm10393944-380/ocm10393944/Output/_0137.tif (deflated 4%)
  adding: mnt/lsdi/ocm10393944-380/ocm10393944/Output/_0138.tif (deflated 3%)
  adding: mnt/lsdi/ocm10393944-380/ocm10393944/Output/_0139.tif (deflated 3%)
  adding: mnt/lsdi/ocm10393944-380/ocm10393944/Output/_0140.tif (deflated 3%)
  adding: mnt/lsdi/ocm10393944-380/ocm10393944/Output/_0141.tif (deflated 4%)
  adding: mnt/lsdi/ocm10393944-380/ocm10393944/Output/_0142.tif (deflated 64%)
  adding: mnt/lsdi/ocm10393944-380/ocm10393944/Output/_0143.tif (deflated 4%)
  adding: mnt/lsdi/ocm10393944-380/ocm10393944/Output/_0144.tif (deflated 4%)
  adding: mnt/lsdi/ocm10393944-380/ocm10393944/Output/_0145.tif (deflated 4%)
  adding: mnt/lsdi/ocm10393944-380/ocm10393944/Output/_0146.tif (deflated 4%)
  adding: mnt/lsdi/ocm10393944-380/ocm10393944/Output/_0147.tif (deflated 4%)
  adding: mnt/lsdi/ocm10393944-380/ocm10393944/Output/_0148.tif (deflated 4%)
  adding: mnt/lsdi/ocm10393944-380/ocm10393944/Output/_0149.tif (deflated 3%)
  adding: mnt/lsdi/ocm10393944-380/ocm10393944/Output/_0150.tif (deflated 4%)
  adding: mnt/lsdi/ocm10393944-380/ocm10393944/Output/_0151.tif (deflated 3%)
  adding: mnt/lsdi/ocm10393944-380/ocm10393944/Output/_0152.tif (deflated 92%)
  adding: mnt/lsdi/ocm10393944-380/ocm10393944/Output/_0153.tif (deflated 3%)
  adding: mnt/lsdi/ocm10393944-380/ocm10393944/Output/_0154.tif (deflated 4%)
  adding: mnt/lsdi/ocm10393944-380/ocm10393944/Output/_0155.tif (deflated 4%)
  adding: mnt/lsdi/ocm10393944-380/ocm10393944/Output/_0156.tif (deflated 4%)
  adding: mnt/lsdi/ocm10393944-380/ocm10393944/Output/_0157.tif (deflated 4%)
  adding: mnt/lsdi/ocm10393944-380/ocm10393944/Output/_0158.tif (deflated 4%)
  adding: mnt/lsdi/ocm10393944-380/ocm10393944/Output/_0159.tif (deflated 4%)
  adding: mnt/lsdi/ocm10393944-380/ocm10393944/Output/_0160.tif (deflated 4%)
  adding: mnt/lsdi/ocm10393944-380/ocm10393944/Output/_0161.tif (deflated 4%)
  adding: mnt/lsdi/ocm10393944-380/ocm10393944/Output/_0162.tif (deflated 4%)
  adding: mnt/lsdi/ocm10393944-380/ocm10393944/Output/_0163.tif (deflated 4%)
  adding: mnt/lsdi/ocm10393944-380/ocm10393944/Output/_0164.tif (deflated 4%)
  adding: mnt/lsdi/ocm10393944-380/ocm10393944/Output/_0165.tif (deflated 4%)
  adding: mnt/lsdi/ocm10393944-380/ocm10393944/Output/_0166.tif (deflated 4%)
  adding: mnt/lsdi/ocm10393944-380/ocm10393944/Output/_0167.tif (deflated 4%)
  adding: mnt/lsdi/ocm10393944-380/ocm10393944/Output/_0168.tif (deflated 4%)
  adding: mnt/lsdi/ocm10393944-380/ocm10393944/Output/_0169.tif (deflated 4%)
  adding: mnt/lsdi/ocm10393944-380/ocm10393944/Output/_0170.tif (deflated 4%)
  adding: mnt/lsdi/ocm10393944-380/ocm10393944/Output/_0171.tif (deflated 4%)
  adding: mnt/lsdi/ocm10393944-380/ocm10393944/Output/_0172.tif (deflated 4%)
  adding: mnt/lsdi/ocm10393944-380/ocm10393944/Output/_0173.tif (deflated 4%)
  adding: mnt/lsdi/ocm10393944-380/ocm10393944/Output/_0174.tif (deflated 4%)
  adding: mnt/lsdi/ocm10393944-380/ocm10393944/Output/_0175.tif (deflated 4%)
  adding: mnt/lsdi/ocm10393944-380/ocm10393944/Output/_0176.tif (deflated 3%)
  adding: mnt/lsdi/ocm10393944-380/ocm10393944/Output/_0177.tif (deflated 3%)
  adding: mnt/lsdi/ocm10393944-380/ocm10393944/Output/_0178.tif (deflated 4%)
  adding: mnt/lsdi/ocm10393944-380/ocm10393944/Output/_0179.tif (deflated 4%)
  adding: mnt/lsdi/ocm10393944-380/ocm10393944/Output/_0180.tif (deflated 4%)
  adding: mnt/lsdi/ocm10393944-380/ocm10393944/Output/_0181.tif (deflated 3%)
  adding: mnt/lsdi/ocm10393944-380/ocm10393944/Output/_0182.tif (deflated 4%)
  adding: mnt/lsdi/ocm10393944-380/ocm10393944/Output/_0183.tif (deflated 3%)
  adding: mnt/lsdi/ocm10393944-380/ocm10393944/Output/_0184.tif (deflated 89%)
  adding: mnt/lsdi/ocm10393944-380/ocm10393944/Output/_0185.tif (deflated 3%)
  adding: mnt/lsdi/ocm10393944-380/ocm10393944/Output/_0186.tif (deflated 3%)
  adding: mnt/lsdi/ocm10393944-380/ocm10393944/Output/_0187.tif (deflated 4%)
  adding: mnt/lsdi/ocm10393944-380/ocm10393944/Output/_0188.tif (deflated 4%)
  adding: mnt/lsdi/ocm10393944-380/ocm10393944/Output/_0189.tif (deflated 3%)
  adding: mnt/lsdi/ocm10393944-380/ocm10393944/Output/_0190.tif (deflated 4%)
  adding: mnt/lsdi/ocm10393944-380/ocm10393944/Output/_0191.tif (deflated 4%)
  adding: mnt/lsdi/ocm10393944-380/ocm10393944/Output/_0192.tif (deflated 3%)
  adding: mnt/lsdi/ocm10393944-380/ocm10393944/Output/_0193.tif (deflated 3%)
  adding: mnt/lsdi/ocm10393944-380/ocm10393944/Output/_0194.tif (deflated 3%)
  adding: mnt/lsdi/ocm10393944-380/ocm10393944/Output/_0195.tif (deflated 4%)
  adding: mnt/lsdi/ocm10393944-380/ocm10393944/Output/_0196.tif (deflated 4%)
  adding: mnt/lsdi/ocm10393944-380/ocm10393944/Output/_0197.tif (deflated 4%)
  adding: mnt/lsdi/ocm10393944-380/ocm10393944/Output/_0198.tif (deflated 4%)
  adding: mnt/lsdi/ocm10393944-380/ocm10393944/Output/_0199.tif (deflated 4%)
  adding: mnt/lsdi/ocm10393944-380/ocm10393944/Output/_0200.tif (deflated 4%)
  adding: mnt/lsdi/ocm10393944-380/ocm10393944/Output/_0201.tif (deflated 4%)
  adding: mnt/lsdi/ocm10393944-380/ocm10393944/Output/_0202.tif (deflated 4%)
  adding: mnt/lsdi/ocm10393944-380/ocm10393944/Output/_0203.tif (deflated 4%)
  adding: mnt/lsdi/ocm10393944-380/ocm10393944/Output/_0204.tif (deflated 4%)
  adding: mnt/lsdi/ocm10393944-380/ocm10393944/Output/_0205.tif (deflated 4%)
  adding: mnt/lsdi/ocm10393944-380/ocm10393944/Output/_0206.tif (deflated 4%)
  adding: mnt/lsdi/ocm10393944-380/ocm10393944/Output/_0207.tif (deflated 3%)
  adding: mnt/lsdi/ocm10393944-380/ocm10393944/Output/_0208.tif (deflated 4%)
  adding: mnt/lsdi/ocm10393944-380/ocm10393944/Output/_0209.tif (deflated 3%)
  adding: mnt/lsdi/ocm10393944-380/ocm10393944/Output/_0210.tif (deflated 4%)
  adding: mnt/lsdi/ocm10393944-380/ocm10393944/Output/_0211.tif (deflated 3%)
  adding: mnt/lsdi/ocm10393944-380/ocm10393944/Output/_0212.tif (deflated 4%)
  adding: mnt/lsdi/ocm10393944-380/ocm10393944/Output/_0213.tif (deflated 3%)
  adding: mnt/lsdi/ocm10393944-380/ocm10393944/Output/_0214.tif (deflated 4%)
  adding: mnt/lsdi/ocm10393944-380/ocm10393944/Output/_0215.tif (deflated 4%)
  adding: mnt/lsdi/ocm10393944-380/ocm10393944/Output/_0216.tif (deflated 4%)
  adding: mnt/lsdi/ocm10393944-380/ocm10393944/Output/_0217.tif (deflated 4%)
  adding: mnt/lsdi/ocm10393944-380/ocm10393944/Output/_0218.tif (deflated 4%)
  adding: mnt/lsdi/ocm10393944-380/ocm10393944/Output/_0219.tif (deflated 4%)
  adding: mnt/lsdi/ocm10393944-380/ocm10393944/Output/_0220.tif (deflated 4%)
  adding: mnt/lsdi/ocm10393944-380/ocm10393944/Output/_0221.tif (deflated 4%)
  adding: mnt/lsdi/ocm10393944-380/ocm10393944/Output/_0222.tif (deflated 4%)
  adding: mnt/lsdi/ocm10393944-380/ocm10393944/Output/_0223.tif (deflated 3%)
  adding: mnt/lsdi/ocm10393944-380/ocm10393944/Output/_0224.tif (deflated 4%)
  adding: mnt/lsdi/ocm10393944-380/ocm10393944/Output/_0225.tif (deflated 3%)
  adding: mnt/lsdi/ocm10393944-380/ocm10393944/Output/_0226.tif (deflated 4%)
  adding: mnt/lsdi/ocm10393944-380/ocm10393944/Output/_0227.tif (deflated 4%)
  adding: mnt/lsdi/ocm10393944-380/ocm10393944/Output/_0228.tif (deflated 4%)
  adding: mnt/lsdi/ocm10393944-380/ocm10393944/Output/_0229.tif (deflated 4%)
  adding: mnt/lsdi/ocm10393944-380/ocm10393944/Output/_0230.tif (deflated 4%)
  adding: mnt/lsdi/ocm10393944-380/ocm10393944/Output/_0231.tif (deflated 3%)
  adding: mnt/lsdi/ocm10393944-380/ocm10393944/Output/_0232.tif (deflated 4%)
  adding: mnt/lsdi/ocm10393944-380/ocm10393944/Output/_0233.tif (deflated 4%)
  adding: mnt/lsdi/ocm10393944-380/ocm10393944/Output/_0234.tif (deflated 3%)
  adding: mnt/lsdi/ocm10393944-380/ocm10393944/Output/_0235.tif (deflated 4%)
  adding: mnt/lsdi/ocm10393944-380/ocm10393944/Output/_0236.tif (deflated 4%)
  adding: mnt/lsdi/ocm10393944-380/ocm10393944/Output/_0237.tif (deflated 4%)
  adding: mnt/lsdi/ocm10393944-380/ocm10393944/Output/_0238.tif (deflated 4%)
  adding: mnt/lsdi/ocm10393944-380/ocm10393944/Output/_0239.tif (deflated 4%)
  adding: mnt/lsdi/ocm10393944-380/ocm10393944/Output/_0240.tif (deflated 4%)
  adding: mnt/lsdi/ocm10393944-380/ocm10393944/Output/_0241.tif (deflated 4%)
  adding: mnt/lsdi/ocm10393944-380/ocm10393944/Output/_0242.tif (deflated 4%)
  adding: mnt/lsdi/ocm10393944-380/ocm10393944/Output/_0243.tif (deflated 5%)
  adding: mnt/lsdi/ocm10393944-380/ocm10393944/Output/_0244.tif (deflated 4%)
  adding: mnt/lsdi/ocm10393944-380/ocm10393944/Output/_0245.tif (deflated 4%)
  adding: mnt/lsdi/ocm10393944-380/ocm10393944/Output/_0246.tif (deflated 4%)
  adding: mnt/lsdi/ocm10393944-380/ocm10393944/Output/_0247.tif (deflated 4%)
  adding: mnt/lsdi/ocm10393944-380/ocm10393944/Output/_0248.tif (deflated 4%)
  adding: mnt/lsdi/ocm10393944-380/ocm10393944/Output/_0249.tif (deflated 4%)
  adding: mnt/lsdi/ocm10393944-380/ocm10393944/Output/_0250.tif (deflated 3%)
  adding: mnt/lsdi/ocm10393944-380/ocm10393944/Output/_0251.tif (deflated 7%)
  adding: mnt/lsdi/ocm10393944-380/ocm10393944/Output/_0252.tif (deflated 3%)
  adding: mnt/lsdi/ocm10393944-380/ocm10393944/Output/_0253.tif (deflated 4%)
  adding: mnt/lsdi/ocm10393944-380/ocm10393944/Output/_0254.tif (deflated 3%)
  adding: mnt/lsdi/ocm10393944-380/ocm10393944/Output/_0255.tif (deflated 4%)
  adding: mnt/lsdi/ocm10393944-380/ocm10393944/Output/_0256.tif (deflated 4%)
  adding: mnt/lsdi/ocm10393944-380/ocm10393944/Output/_0257.tif (deflated 4%)
  adding: mnt/lsdi/ocm10393944-380/ocm10393944/Output/_0258.tif (deflated 4%)
  adding: mnt/lsdi/ocm10393944-380/ocm10393944/Output/_0259.tif (deflated 4%)
  adding: mnt/lsdi/ocm10393944-380/ocm10393944/Output/_0260.tif (deflated 4%)
  adding: mnt/lsdi/ocm10393944-380/ocm10393944/Output/_0261.tif (deflated 4%)
  adding: mnt/lsdi/ocm10393944-380/ocm10393944/Output/_0262.tif (deflated 3%)
  adding: mnt/lsdi/ocm10393944-380/ocm10393944/Output/_0263.tif (deflated 4%)
  adding: mnt/lsdi/ocm10393944-380/ocm10393944/Output/_0264.tif (deflated 4%)
  adding: mnt/lsdi/ocm10393944-380/ocm10393944/Output/_0265.tif (deflated 4%)
  adding: mnt/lsdi/ocm10393944-380/ocm10393944/Output/_0266.tif (deflated 3%)
  adding: mnt/lsdi/ocm10393944-380/ocm10393944/Output/_0267.tif (deflated 4%)
  adding: mnt/lsdi/ocm10393944-380/ocm10393944/Output/_0268.tif (deflated 4%)
  adding: mnt/lsdi/ocm10393944-380/ocm10393944/Output/_0269.tif (deflated 4%)
  adding: mnt/lsdi/ocm10393944-380/ocm10393944/Output/_0270.tif (deflated 3%)
  adding: mnt/lsdi/ocm10393944-380/ocm10393944/Output/_0271.tif (deflated 4%)
  adding: mnt/lsdi/ocm10393944-380/ocm10393944/Output/_0272.tif (deflated 3%)
  adding: mnt/lsdi/ocm10393944-380/ocm10393944/Output/_0273.tif (deflated 4%)
  adding: mnt/lsdi/ocm10393944-380/ocm10393944/Output/_0274.tif (deflated 3%)
  adding: mnt/lsdi/ocm10393944-380/ocm10393944/Output/_0275.tif (deflated 3%)
  adding: mnt/lsdi/ocm10393944-380/ocm10393944/Output/_0276.tif (deflated 4%)
  adding: mnt/lsdi/ocm10393944-380/ocm10393944/Output/_0277.tif (deflated 4%)
  adding: mnt/lsdi/ocm10393944-380/ocm10393944/Output/_0278.tif (deflated 3%)
  adding: mnt/lsdi/ocm10393944-380/ocm10393944/Output/_0279.tif (deflated 4%)
  adding: mnt/lsdi/ocm10393944-380/ocm10393944/Output/_0280.tif (deflated 4%)
  adding: mnt/lsdi/ocm10393944-380/ocm10393944/Output/_0281.tif (deflated 4%)
  adding: mnt/lsdi/ocm10393944-380/ocm10393944/Output/_0282.tif (deflated 4%)
  adding: mnt/lsdi/ocm10393944-380/ocm10393944/Output/_0283.tif (deflated 5%)
  adding: mnt/lsdi/ocm10393944-380/ocm10393944/Output/_0284.tif (deflated 4%)
  adding: mnt/lsdi/ocm10393944-380/ocm10393944/Output/_0285.tif (deflated 4%)
  adding: mnt/lsdi/ocm10393944-380/ocm10393944/Output/_0286.tif (deflated 3%)
  adding: mnt/lsdi/ocm10393944-380/ocm10393944/Output/_0287.tif (deflated 4%)
  adding: mnt/lsdi/ocm10393944-380/ocm10393944/Output/_0288.tif (deflated 3%)
  adding: mnt/lsdi/ocm10393944-380/ocm10393944/Output/_0289.tif (deflated 4%)
  adding: mnt/lsdi/ocm10393944-380/ocm10393944/Output/_0290.tif (deflated 4%)
  adding: mnt/lsdi/ocm10393944-380/ocm10393944/Output/_0291.tif (deflated 4%)
  adding: mnt/lsdi/ocm10393944-380/ocm10393944/Output/_0292.tif (deflated 4%)
  adding: mnt/lsdi/ocm10393944-380/ocm10393944/Output/_0293.tif (deflated 3%)
  adding: mnt/lsdi/ocm10393944-380/ocm10393944/Output/_0294.tif (deflated 4%)
  adding: mnt/lsdi/ocm10393944-380/ocm10393944/Output/_0295.tif (deflated 5%)
  adding: mnt/lsdi/ocm10393944-380/ocm10393944/Output/_0296.tif (deflated 4%)
  adding: mnt/lsdi/ocm10393944-380/ocm10393944/Output/_0297.tif (deflated 4%)
  adding: mnt/lsdi/ocm10393944-380/ocm10393944/Output/_0298.tif (deflated 3%)
  adding: mnt/lsdi/ocm10393944-380/ocm10393944/Output/_0299.tif (deflated 4%)
  adding: mnt/lsdi/ocm10393944-380/ocm10393944/Output/_0300.tif (deflated 4%)
  adding: mnt/lsdi/ocm10393944-380/ocm10393944/Output/_0301.tif (deflated 4%)
  adding: mnt/lsdi/ocm10393944-380/ocm10393944/Output/_0302.tif (deflated 3%)
  adding: mnt/lsdi/ocm10393944-380/ocm10393944/Output/_0303.tif (deflated 5%)
  adding: mnt/lsdi/ocm10393944-380/ocm10393944/Output/_0304.tif (deflated 3%)
  adding: mnt/lsdi/ocm10393944-380/ocm10393944/Output/_0305.tif (deflated 4%)
  adding: mnt/lsdi/ocm10393944-380/ocm10393944/Output/_0306.tif (deflated 3%)
  adding: mnt/lsdi/ocm10393944-380/ocm10393944/Output/_0307.tif (deflated 4%)
  adding: mnt/lsdi/ocm10393944-380/ocm10393944/Output/_0308.tif (deflated 3%)
  adding: mnt/lsdi/ocm10393944-380/ocm10393944/Output/_0309.tif (deflated 3%)
  adding: mnt/lsdi/ocm10393944-380/ocm10393944/Output/_0310.tif (deflated 3%)
  adding: mnt/lsdi/ocm10393944-380/ocm10393944/Output/_0311.tif (deflated 4%)
  adding: mnt/lsdi/ocm10393944-380/ocm10393944/Output/_0312.tif (deflated 3%)
  adding: mnt/lsdi/ocm10393944-380/ocm10393944/Output/_0313.tif (deflated 4%)
  adding: mnt/lsdi/ocm10393944-380/ocm10393944/Output/_0314.tif (deflated 3%)
  adding: mnt/lsdi/ocm10393944-380/ocm10393944/Output/_0315.tif (deflated 4%)
  adding: mnt/lsdi/ocm10393944-380/ocm10393944/Output/_0316.tif (deflated 3%)
  adding: mnt/lsdi/ocm10393944-380/ocm10393944/Output/_0317.tif (deflated 78%)
  adding: mnt/lsdi/ocm10393944-380/ocm10393944/Output/_0318.tif (deflated 4%)
  adding: mnt/lsdi/ocm10393944-380/ocm10393944/Output/_0319.tif (deflated 3%)
  adding: mnt/lsdi/ocm10393944-380/ocm10393944/Output/_0320.tif (deflated 4%)
  adding: mnt/lsdi/ocm10393944-380/ocm10393944/Output/_0321.tif (deflated 4%)
  adding: mnt/lsdi/ocm10393944-380/ocm10393944/Output/_0322.tif (deflated 78%)
  adding: mnt/lsdi/ocm10393944-380/ocm10393944/Output/_0323.tif (deflated 4%)
  adding: mnt/lsdi/ocm10393944-380/ocm10393944/Output/_0324.tif (deflated 3%)
  adding: mnt/lsdi/ocm10393944-380/ocm10393944/Output/_0325.tif (deflated 4%)
  adding: mnt/lsdi/ocm10393944-380/ocm10393944/Output/_0326.tif (deflated 4%)
  adding: mnt/lsdi/ocm10393944-380/ocm10393944/Output/_0327.tif (deflated 4%)
  adding: mnt/lsdi/ocm10393944-380/ocm10393944/Output/_0328.tif (deflated 4%)
  adding: mnt/lsdi/ocm10393944-380/ocm10393944/Output/_0329.tif (deflated 4%)
  adding: mnt/lsdi/ocm10393944-380/ocm10393944/Output/_0330.tif (deflated 3%)
  adding: mnt/lsdi/ocm10393944-380/ocm10393944/Output/_0331.tif (deflated 4%)
  adding: mnt/lsdi/ocm10393944-380/ocm10393944/Output/_0332.tif (deflated 4%)
  adding: mnt/lsdi/ocm10393944-380/ocm10393944/Output/_0333.tif (deflated 73%)
  adding: mnt/lsdi/ocm10393944-380/ocm10393944/Output/_0334.tif (deflated 4%)
  adding: mnt/lsdi/ocm10393944-380/ocm10393944/Output/_0335.tif (deflated 4%)
  adding: mnt/lsdi/ocm10393944-380/ocm10393944/Output/_0336.tif (deflated 4%)
  adding: mnt/lsdi/ocm10393944-380/ocm10393944/Output/_0337.tif (deflated 4%)
  adding: mnt/lsdi/ocm10393944-380/ocm10393944/Output/_0338.tif (deflated 4%)
  adding: mnt/lsdi/ocm10393944-380/ocm10393944/Output/_0339.tif (deflated 4%)
  adding: mnt/lsdi/ocm10393944-380/ocm10393944/Output/_0340.tif (deflated 4%)
  adding: mnt/lsdi/ocm10393944-380/ocm10393944/Output/_0341.tif (deflated 4%)
  adding: mnt/lsdi/ocm10393944-380/ocm10393944/Output/_0342.tif (deflated 4%)
  adding: mnt/lsdi/ocm10393944-380/ocm10393944/Output/_0343.tif (deflated 4%)
  adding: mnt/lsdi/ocm10393944-380/ocm10393944/Output/_0344.tif (deflated 4%)
  adding: mnt/lsdi/ocm10393944-380/ocm10393944/Output/_0345.tif (deflated 4%)
  adding: mnt/lsdi/ocm10393944-380/ocm10393944/Output/_0346.tif (deflated 4%)
  adding: mnt/lsdi/ocm10393944-380/ocm10393944/Output/_0347.tif (deflated 4%)
  adding: mnt/lsdi/ocm10393944-380/ocm10393944/Output/_0348.tif (deflated 4%)
  adding: mnt/lsdi/ocm10393944-380/ocm10393944/Output/_0349.tif (deflated 4%)
  adding: mnt/lsdi/ocm10393944-380/ocm10393944/Output/_0350.tif (deflated 4%)
  adding: mnt/lsdi/ocm10393944-380/ocm10393944/Output/_0351.tif (deflated 4%)
  adding: mnt/lsdi/ocm10393944-380/ocm10393944/Output/_0352.tif (deflated 4%)
  adding: mnt/lsdi/ocm10393944-380/ocm10393944/Output/_0353.tif (deflated 4%)
  adding: mnt/lsdi/ocm10393944-380/ocm10393944/Output/_0354.tif (deflated 4%)
  adding: mnt/lsdi/ocm10393944-380/ocm10393944/Output/_0355.tif (deflated 4%)
  adding: mnt/lsdi/ocm10393944-380/ocm10393944/Output/_0356.tif (deflated 4%)
  adding: mnt/lsdi/ocm10393944-380/ocm10393944/Output/_0357.tif (deflated 3%)
  adding: mnt/lsdi/ocm10393944-380/ocm10393944/Output/_0358.tif (deflated 4%)
  adding: mnt/lsdi/ocm10393944-380/ocm10393944/Output/_0359.tif (deflated 4%)
  adding: mnt/lsdi/ocm10393944-380/ocm10393944/Output/_0360.tif (deflated 4%)
  adding: mnt/lsdi/ocm10393944-380/ocm10393944/Output/_0361.tif (deflated 4%)
  adding: mnt/lsdi/ocm10393944-380/ocm10393944/Output/_0362.tif (deflated 3%)
  adding: mnt/lsdi/ocm10393944-380/ocm10393944/Output/_0363.tif (deflated 4%)
  adding: mnt/lsdi/ocm10393944-380/ocm10393944/Output/_0364.tif (deflated 3%)
  adding: mnt/lsdi/ocm10393944-380/ocm10393944/Output/_0365.tif (deflated 4%)
  adding: mnt/lsdi/ocm10393944-380/ocm10393944/Output/_0366.tif (deflated 4%)
  adding: mnt/lsdi/ocm10393944-380/ocm10393944/Output/_0367.tif (deflated 4%)
  adding: mnt/lsdi/ocm10393944-380/ocm10393944/Output/_0368.tif (deflated 4%)
  adding: mnt/lsdi/ocm10393944-380/ocm10393944/Output/_0369.tif (deflated 4%)
  adding: mnt/lsdi/ocm10393944-380/ocm10393944/Output/_0370.tif (deflated 3%)
  adding: mnt/lsdi/ocm10393944-380/ocm10393944/Output/_0371.tif (deflated 4%)
  adding: mnt/lsdi/ocm10393944-380/ocm10393944/Output/_0372.tif (deflated 3%)
  adding: mnt/lsdi/ocm10393944-380/ocm10393944/Output/_0373.tif (deflated 4%)
  adding: mnt/lsdi/ocm10393944-380/ocm10393944/Output/_0374.tif (deflated 4%)
  adding: mnt/lsdi/ocm10393944-380/ocm10393944/Output/_0375.tif (deflated 4%)
  adding: mnt/lsdi/ocm10393944-380/ocm10393944/Output/_0376.tif (deflated 4%)
  adding: mnt/lsdi/ocm10393944-380/ocm10393944/Output/_0377.tif (deflated 4%)
  adding: mnt/lsdi/ocm10393944-380/ocm10393944/Output/_0378.tif (deflated 4%)
  adding: mnt/lsdi/ocm10393944-380/ocm10393944/Output/_0379.tif (deflated 4%)
  adding: mnt/lsdi/ocm10393944-380/ocm10393944/Output/_0380.tif (deflated 4%)
  adding: mnt/lsdi/ocm10393944-380/ocm10393944/Output/_0381.tif (deflated 4%)
  adding: mnt/lsdi/ocm10393944-380/ocm10393944/Output/_0382.tif (deflated 4%)
  adding: mnt/lsdi/ocm10393944-380/ocm10393944/Output/_0383.tif (deflated 4%)
  adding: mnt/lsdi/ocm10393944-380/ocm10393944/Output/_0384.tif (deflated 4%)
  adding: mnt/lsdi/ocm10393944-380/ocm10393944/Output/_0385.tif (deflated 4%)
  adding: mnt/lsdi/ocm10393944-380/ocm10393944/Output/_0386.tif (deflated 5%)
  adding: mnt/lsdi/ocm10393944-380/ocm10393944/Output/_0387.tif (deflated 4%)
  adding: mnt/lsdi/ocm10393944-380/ocm10393944/Output/_0388.tif (deflated 3%)
  adding: mnt/lsdi/ocm10393944-380/ocm10393944/Output/_0389.tif (deflated 4%)
  adding: mnt/lsdi/ocm10393944-380/ocm10393944/Output/_0390.tif (deflated 4%)
  adding: mnt/lsdi/ocm10393944-380/ocm10393944/Output/_0391.tif (deflated 4%)
  adding: mnt/lsdi/ocm10393944-380/ocm10393944/Output/_0392.tif (deflated 4%)
  adding: mnt/lsdi/ocm10393944-380/ocm10393944/Output/_0393.tif (deflated 4%)
  adding: mnt/lsdi/ocm10393944-380/ocm10393944/Output/_0394.tif (deflated 3%)
  adding: mnt/lsdi/ocm10393944-380/ocm10393944/Output/_0395.tif (deflated 4%)
  adding: mnt/lsdi/ocm10393944-380/ocm10393944/Output/_0396.tif (deflated 4%)
  adding: mnt/lsdi/ocm10393944-380/ocm10393944/Output/_0397.tif (deflated 4%)
  adding: mnt/lsdi/ocm10393944-380/ocm10393944/Output/_0398.tif (deflated 3%)
  adding: mnt/lsdi/ocm10393944-380/ocm10393944/Output/_0399.tif (deflated 4%)
  adding: mnt/lsdi/ocm10393944-380/ocm10393944/Output/_0400.tif (deflated 4%)
  adding: mnt/lsdi/ocm10393944-380/ocm10393944/Output/_0401.tif (deflated 4%)
  adding: mnt/lsdi/ocm10393944-380/ocm10393944/Output/_0402.tif (deflated 3%)
  adding: mnt/lsdi/ocm10393944-380/ocm10393944/Output/_0403.tif (deflated 4%)
  adding: mnt/lsdi/ocm10393944-380/ocm10393944/Output/_0404.tif (deflated 3%)
  adding: mnt/lsdi/ocm10393944-380/ocm10393944/Output/_0405.tif (deflated 4%)
  adding: mnt/lsdi/ocm10393944-380/ocm10393944/Output/_0406.tif (deflated 4%)
  adding: mnt/lsdi/ocm10393944-380/ocm10393944/Output/_0407.tif (deflated 4%)
  adding: mnt/lsdi/ocm10393944-380/ocm10393944/Output/_0408.tif (deflated 4%)
  adding: mnt/lsdi/ocm10393944-380/ocm10393944/Output/_0409.tif (deflated 4%)
  adding: mnt/lsdi/ocm10393944-380/ocm10393944/Output/_0410.tif (deflated 3%)
  adding: mnt/lsdi/ocm10393944-380/ocm10393944/Output/_0411.tif (deflated 4%)
  adding: mnt/lsdi/ocm10393944-380/ocm10393944/Output/_0412.tif (deflated 4%)
  adding: mnt/lsdi/ocm10393944-380/ocm10393944/Output/_0413.tif (deflated 4%)
  adding: mnt/lsdi/ocm10393944-380/ocm10393944/Output/_0414.tif (deflated 4%)
  adding: mnt/lsdi/ocm10393944-380/ocm10393944/Output/_0415.tif (deflated 4%)
  adding: mnt/lsdi/ocm10393944-380/ocm10393944/Output/_0416.tif (deflated 63%)
  adding: mnt/lsdi/ocm10393944-380/ocm10393944/Output/_0417.tif (deflated 4%)
  adding: mnt/lsdi/ocm10393944-380/ocm10393944/Output/_0418.tif (deflated 4%)
  adding: mnt/lsdi/ocm10393944-380/ocm10393944/Output/_0419.tif (deflated 4%)
  adding: mnt/lsdi/ocm10393944-380/ocm10393944/Output/_0420.tif (deflated 3%)
  adding: mnt/lsdi/ocm10393944-380/ocm10393944/Output/_0421.tif (deflated 4%)
  adding: mnt/lsdi/ocm10393944-380/ocm10393944/Output/_0422.tif (deflated 4%)
  adding: mnt/lsdi/ocm10393944-380/ocm10393944/Output/_0423.tif (deflated 4%)
  adding: mnt/lsdi/ocm10393944-380/ocm10393944/Output/_0424.tif (deflated 67%)
  adding: mnt/lsdi/ocm10393944-380/ocm10393944/Output/_0425.tif (deflated 3%)
  adding: mnt/lsdi/ocm10393944-380/ocm10393944/Output/_0426.tif (deflated 3%)
  adding: mnt/lsdi/ocm10393944-380/ocm10393944/Output/_0427.tif (deflated 4%)
  adding: mnt/lsdi/ocm10393944-380/ocm10393944/Output/_0428.tif (deflated 3%)
  adding: mnt/lsdi/ocm10393944-380/ocm10393944/Output/_0429.tif (deflated 4%)
  adding: mnt/lsdi/ocm10393944-380/ocm10393944/Output/_0430.tif (deflated 4%)
  adding: mnt/lsdi/ocm10393944-380/ocm10393944/Output/_0431.tif (deflated 4%)
  adding: mnt/lsdi/ocm10393944-380/ocm10393944/Output/_0432.tif (deflated 4%)
  adding: mnt/lsdi/ocm10393944-380/ocm10393944/Output/_0433.tif (deflated 4%)
  adding: mnt/lsdi/ocm10393944-380/ocm10393944/Output/_0434.tif (deflated 90%)
  adding: mnt/lsdi/ocm10393944-380/ocm10393944/Output/_0435.tif (deflated 4%)
  adding: mnt/lsdi/ocm10393944-380/ocm10393944/Output/_0436.tif (deflated 4%)
  adding: mnt/lsdi/ocm10393944-380/ocm10393944/Output/_0437.tif (deflated 4%)
  adding: mnt/lsdi/ocm10393944-380/ocm10393944/Output/_0438.tif (deflated 4%)
  adding: mnt/lsdi/ocm10393944-380/ocm10393944/Output/_0439.tif (deflated 4%)
  adding: mnt/lsdi/ocm10393944-380/ocm10393944/Output/_0440.tif (deflated 4%)
  adding: mnt/lsdi/ocm10393944-380/ocm10393944/Output/_0441.tif (deflated 4%)
  adding: mnt/lsdi/ocm10393944-380/ocm10393944/Output/_0442.tif (deflated 4%)
  adding: mnt/lsdi/ocm10393944-380/ocm10393944/Output/_0443.tif (deflated 4%)
  adding: mnt/lsdi/ocm10393944-380/ocm10393944/Output/_0444.tif (deflated 3%)
  adding: mnt/lsdi/ocm10393944-380/ocm10393944/Output/_0445.tif (deflated 4%)
  adding: mnt/lsdi/ocm10393944-380/ocm10393944/Output/_0446.tif (deflated 6%)
  adding: mnt/lsdi/ocm10393944-380/ocm10393944/Output/_0447.tif (deflated 83%)
  adding: mnt/lsdi/ocm10393944-380/ocm10393944/Output/_0448.tif (deflated 46%)
  adding: mnt/lsdi/ocm10393944-380/ocm10393944/Output/_0449.tif (deflated 83%)
  adding: mnt/lsdi/ocm10393944-380/ocm10393944/Output/_0450.tif (deflated 3%)
  adding: mnt/lsdi/ocm10393944-380/ocm10393944/Output/_0451.tif (deflated 2%)
  adding: mnt/lsdi/ocm10393944-380/ocm10393944/Output/_0452.tif (deflated 2%)
  adding: mnt/lsdi/ocm10393944-380/ocm10393944/Output/_0453.tif (deflated 3%)
  adding: mnt/lsdi/ocm10393944-380/ocm10393944/Output/_0454.tif (deflated 3%)
  adding: mnt/lsdi/ocm10393944-380/ocm10393944/Output/_0455.tif (deflated 3%)
  adding: mnt/lsdi/ocm10393944-380/ocm10393944/Output/_0456.tif (deflated 3%)
  adding: mnt/lsdi/ocm10393944-380/ocm10393944/Output/_0457.tif (deflated 83%)
  adding: mnt/lsdi/ocm10393944-380/ocm10393944/Output/_0458.tif (deflated 66%)
curl --location --header authorization: LOW fpJYfLnxbLmCEHqU:JQbq6NgBaPrSh98Y --upload-file /temp/ocm10393944_380_images.zip http://s3.us.archive.org/10393944.380.emory.edu/10393944_380_images.zip
  % Total    % Received % Xferd  Average Speed   Time    Time     Time  Current
                                 Dload  Upload   Total   Spent    Left  Speed
  0     0    0     0    0     0      0      0 --:--:-- --:--:-- --:--:--     0  0 58.9M    0     0    0     0      0      0 --:--:--  0:00:01 --:--:--     0  0 58.9M    0     0    0 98304      0  46140  0:22:19  0:00:02  0:22:17 53108  0 58.9M    0     0    0  240k      0  80506  0:12:47  0:00:03  0:12:44 88626  0 58.9M    0     0    0  448k      0   109k  0:09:12  0:00:04  0:09:08  117k  1 58.9M    0     0    1  704k      0   138k  0:07:14  0:00:05  0:07:09  147k  1 58.9M    0     0    1  976k      0   161k  0:06:14  0:00:06  0:06:08  204k  2 58.9M    0     0    2 1296k      0   183k  0:05:28  0:00:07  0:05:21  243k  3 58.9M    0     0    3 1840k      0   228k  0:04:24  0:00:08  0:04:16  320k  4 58.9M    0     0    4 2544k      0   280k  0:03:35  0:00:09  0:03:26  421k  4 58.9M    0     0    4 2896k      0   287k  0:03:29  0:00:10  0:03:19  438k  5 58.9M    0     0    5 3264k      0   294k  0:03:24  0:00:11  0:03:13  456k  6 58.9M    0     0    6 3920k      0   325k  0:03:05  0:00:12  0:02:53  525k  7 58.9M    0     0    7 4608k      0   353k  0:02:51  0:00:13  0:02:38  553k  8 58.9M    0     0    8 4864k      0   345k  0:02:54  0:00:14  0:02:40  463k  9 58.9M    0     0    9 5568k      0   369k  0:02:43  0:00:15  0:02:28  535k  9 58.9M    0     0    9 6000k      0   372k  0:02:42  0:00:16  0:02:26  543k 11 58.9M    0     0   11 6672k      0   391k  0:02:34  0:00:17  0:02:17  549k 12 58.9M    0     0   12 7344k      0   406k  0:02:28  0:00:18  0:02:10  546k 13 58.9M    0     0   13 8016k      0   420k  0:02:23  0:00:19  0:02:04  632k 13 58.9M    0     0   13 8304k      0   408k  0:02:27  0:00:20  0:02:07  521k 14 58.9M    0     0   14 8784k      0   417k  0:02:24  0:00:21  0:02:03  562k 15 58.9M    0     0   15 9456k      0   428k  0:02:20  0:00:22  0:01:58  556k 16 58.9M    0     0   16  9.9M      0   439k  0:02:17  0:00:23  0:01:54  559k 17 58.9M    0     0   17 10.5M      0   449k  0:02:14  0:00:24  0:01:50  561k 18 58.9M    0     0   18 10.9M      0   442k  0:02:16  0:00:25  0:01:51  581k 19 58.9M    0     0   19 11.4M      0   449k  0:02:14  0:00:26  0:01:48  584k 20 58.9M    0     0   20 12.1M      0   458k  0:02:11  0:00:27  0:01:44  588k 21 58.9M    0     0   21 12.7M      0   465k  0:02:09  0:00:28  0:01:41  585k 22 58.9M    0     0   22 13.4M      0   472k  0:02:07  0:00:29  0:01:38  582k 23 58.9M    0     0   23 14.0M      0   474k  0:02:07  0:00:30  0:01:37  638k 24 58.9M    0     0   24 14.4M      0   473k  0:02:07  0:00:31  0:01:36  595k 25 58.9M    0     0   25 14.9M      0   477k  0:02:06  0:00:32  0:01:34  579k 26 58.9M    0     0   26 15.5M      0   482k  0:02:05  0:00:33  0:01:32  576k 27 58.9M    0     0   27 16.2M      0   489k  0:02:03  0:00:34  0:01:29  585k 28 58.9M    0     0   28 16.9M      0   494k  0:02:02  0:00:35  0:01:27  620k 29 58.9M    0     0   29 17.1M      0   486k  0:02:04  0:00:36  0:01:28  572k 30 58.9M    0     0   30 17.7M      0   488k  0:02:03  0:00:37  0:01:26  564k 31 58.9M    0     0   31 18.3M      0   493k  0:02:02  0:00:38  0:01:24  569k 31 58.9M    0     0   31 18.6M      0   484k  0:02:04  0:00:39  0:01:25  453k 32 58.9M    0     0   32 19.0M      0   487k  0:02:03  0:00:40  0:01:23  434k 33 58.9M    0     0   33 19.7M      0   491k  0:02:02  0:00:41  0:01:21  527k 34 58.9M    0     0   34 20.3M      0   496k  0:02:01  0:00:42  0:01:19  549k 35 58.9M    0     0   35 21.0M      0   500k  0:02:00  0:00:43  0:01:17  547k 36 58.9M    0     0   36 21.4M      0   497k  0:02:01  0:00:44  0:01:17  611k 37 58.9M    0     0   37 22.1M      0   503k  0:02:00  0:00:45  0:01:15  630k 38 58.9M    0     0   38 22.5M      0   502k  0:02:00  0:00:46  0:01:14  587k 39 58.9M    0     0   39 23.2M      0   505k  0:01:59  0:00:47  0:01:12  589k 40 58.9M    0     0   40 23.8M      0   507k  0:01:58  0:00:48  0:01:10  572k 41 58.9M    0     0   41 24.4M      0   509k  0:01:58  0:00:49  0:01:09  612k 42 58.9M    0     0   42 24.8M      0   507k  0:01:58  0:00:50  0:01:08  547k 43 58.9M    0     0   43 25.3M      0   508k  0:01:58  0:00:51  0:01:07  567k 44 58.9M    0     0   44 25.9M      0   509k  0:01:58  0:00:52  0:01:06  538k 44 58.9M    0     0   44 26.4M      0   509k  0:01:58  0:00:53  0:01:05  527k 45 58.9M    0     0   45 27.0M      0   512k  0:01:57  0:00:54  0:01:03  542k 46 58.9M    0     0   46 27.4M      0   510k  0:01:58  0:00:55  0:01:03  534k 47 58.9M    0     0   47 27.8M      0   507k  0:01:58  0:00:56  0:01:02  501k 48 58.9M    0     0   48 28.4M      0   509k  0:01:58  0:00:57  0:01:01  516k 49 58.9M    0     0   49 29.0M      0   512k  0:01:57  0:00:58  0:00:59  546k 49 58.9M    0     0   49 29.4M      0   510k  0:01:58  0:00:59  0:00:59  488k 50 58.9M    0     0   50 29.9M      0   509k  0:01:58  0:01:00  0:00:58  504k 51 58.9M    0     0   51 30.5M      0   511k  0:01:57  0:01:01  0:00:56  556k 52 58.9M    0     0   52 31.1M      0   514k  0:01:57  0:01:02  0:00:55  570k 54 58.9M    0     0   54 31.8M      0   517k  0:01:56  0:01:03  0:00:53  567k 55 58.9M    0     0   55 32.5M      0   519k  0:01:56  0:01:04  0:00:52  626k 55 58.9M    0     0   55 32.9M      0   518k  0:01:56  0:01:05  0:00:51  621k 56 58.9M    0     0   56 33.2M      0   515k  0:01:57  0:01:06  0:00:51  560k 57 58.9M    0     0   57 33.7M      0   514k  0:01:57  0:01:07  0:00:50  506k 58 58.9M    0     0   58 34.2M      0   514k  0:01:57  0:01:08  0:00:49  482k 59 58.9M    0     0   59 34.8M      0   517k  0:01:56  0:01:09  0:00:47  484k 59 58.9M    0     0   59 35.2M      0   514k  0:01:57  0:01:10  0:00:47  465k 60 58.9M    0     0   60 35.7M      0   515k  0:01:57  0:01:11  0:00:46  512k 61 58.9M    0     0   61 36.1M      0   513k  0:01:57  0:01:12  0:00:45  511k 62 58.9M    0     0   62 36.8M      0   516k  0:01:56  0:01:13  0:00:43  542k 63 58.9M    0     0   63 37.5M      0   519k  0:01:56  0:01:14  0:00:42  550k 64 58.9M    0     0   64 38.2M      0   522k  0:01:55  0:01:15  0:00:40  630k 66 58.9M    0     0   66 39.0M      0   524k  0:01:55  0:01:16  0:00:39  663k 67 58.9M    0     0   67 39.7M      0   527k  0:01:54  0:01:17  0:00:37  720k 68 58.9M    0     0   68 40.3M      0   529k  0:01:54  0:01:18  0:00:36  720k 69 58.9M    0     0   69 41.0M      0   531k  0:01:53  0:01:19  0:00:34  708k 70 58.9M    0     0   70 41.5M      0   530k  0:01:53  0:01:20  0:00:33  658k 71 58.9M    0     0   71 42.0M      0   531k  0:01:53  0:01:21  0:00:32  627k 72 58.9M    0     0   72 42.7M      0   533k  0:01:53  0:01:22  0:00:31  625k 73 58.9M    0     0   73 43.1M      0   531k  0:01:53  0:01:23  0:00:30  554k 73 58.9M    0     0   73 43.4M      0   529k  0:01:54  0:01:24  0:00:30  495k 74 58.9M    0     0   74 44.0M      0   530k  0:01:53  0:01:25  0:00:28  534k 75 58.9M    0     0   75 44.7M      0   532k  0:01:53  0:01:26  0:00:27  560k 76 58.9M    0     0   76 45.1M      0   531k  0:01:53  0:01:27  0:00:26  499k 77 58.9M    0     0   77 45.5M      0   529k  0:01:54  0:01:28  0:00:26  503k 78 58.9M    0     0   78 46.2M      0   530k  0:01:53  0:01:29  0:00:24  561k 79 58.9M    0     0   79 46.7M      0   532k  0:01:53  0:01:30  0:00:23  553k 80 58.9M    0     0   80 47.4M      0   533k  0:01:53  0:01:31  0:00:22  546k 81 58.9M    0     0   81 47.8M      0   532k  0:01:53  0:01:32  0:00:21  544k 82 58.9M    0     0   82 48.5M      0   533k  0:01:53  0:01:33  0:00:20  611k 83 58.9M    0     0   83 49.2M      0   535k  0:01:52  0:01:34  0:00:18  624k 84 58.9M    0     0   84 49.9M      0   537k  0:01:52  0:01:35  0:00:17  638k 85 58.9M    0     0   85 50.6M      0   539k  0:01:51  0:01:36  0:00:15  647k 87 58.9M    0     0   87 51.3M      0   541k  0:01:51  0:01:37  0:00:14  710k 87 58.9M    0     0   87 51.6M      0   539k  0:01:51  0:01:38  0:00:13  645k 88 58.9M    0     0   88 52.3M      0   540k  0:01:51  0:01:39  0:00:12  636k 89 58.9M    0     0   89 53.0M      0   542k  0:01:51  0:01:40  0:00:11  633k 91 58.9M    0     0   91 53.6M      0   543k  0:01:51  0:01:41  0:00:10  627k 92 58.9M    0     0   92 54.2M      0   543k  0:01:51  0:01:42  0:00:09  581k 92 58.9M    0     0   92 54.5M      0   541k  0:01:51  0:01:43  0:00:08  586k 93 58.9M    0     0   93 55.1M      0   542k  0:01:51  0:01:44  0:00:07  582k 94 58.9M    0     0   94 55.8M      0   544k  0:01:50  0:01:45  0:00:05  580k 95 58.9M    0     0   95 56.5M      0   545k  0:01:50  0:01:46  0:00:04  581k 96 58.9M    0     0   96 57.1M      0   545k  0:01:50  0:01:47  0:00:03  581k 97 58.9M    0     0   97 57.5M      0   544k  0:01:50  0:01:48  0:00:02  594k 98 58.9M    0     0   98 57.8M      0   543k  0:01:51  0:01:49  0:00:02  550k 98 58.9M    0     0   98 58.3M      0   541k  0:01:51  0:01:50  0:00:01  484k 99 58.9M    0     0   99 58.8M      0   542k  0:01:51  0:01:51 --:--:--  476k100 58.9M    0     0  100 58.9M      0   538k  0:01:52  0:01:52 --:--:--  389k100 58.9M    0     0  100 58.9M      0   538k  0:01:52  0:01:52 --:--:--  378k
