Bucket ID will be 10812558.emory.edu
curl --location --header x-amz-auto-make-bucket:1 --header x-archive-ignore-preexisting-bucket:1 --header x-archive-queue-derive:0 --header x-archive-meta-mediatype:texts --header x-archive-meta03-collection:emory --header x-archive-meta01-collection:americanmethodism --header x-archive-meta-sponsor:Emory University, Pitts Theology Library --header x-archive-meta-contributor:Emory University, Pitts Theology Library --header x-archive-meta-ppi:300 --header authorization: LOW fpJYfLnxbLmCEHqU:JQbq6NgBaPrSh98Y --upload-file /mnt/lsdi/ocm10812558-630/ocm10812558/ocm10812558_MRC.xml http://s3.us.archive.org/10812558.630.emory.edu/10812558.630.emory.edu_marc.xml
  % Total    % Received % Xferd  Average Speed   Time    Time     Time  Current
                                 Dload  Upload   Total   Spent    Left  Speed
  0     0    0     0    0     0      0      0 --:--:-- --:--:-- --:--:--     0  0  3244    0     0    0     0      0      0 --:--:--  0:00:01 --:--:--     0100  3244    0     0  100  3244      0   2000  0:00:01  0:00:01 --:--:--  2094
zip -r /temp/ocm10812558_630_images.zip /mnt/lsdi/ocm10812558-630/ocm10812558/Output/0001.tif /mnt/lsdi/ocm10812558-630/ocm10812558/Output/0002.tif /mnt/lsdi/ocm10812558-630/ocm10812558/Output/0003.tif /mnt/lsdi/ocm10812558-630/ocm10812558/Output/0004.tif /mnt/lsdi/ocm10812558-630/ocm10812558/Output/0005.tif /mnt/lsdi/ocm10812558-630/ocm10812558/Output/0006.tif /mnt/lsdi/ocm10812558-630/ocm10812558/Output/0007.tif /mnt/lsdi/ocm10812558-630/ocm10812558/Output/0008.tif /mnt/lsdi/ocm10812558-630/ocm10812558/Output/0009.tif /mnt/lsdi/ocm10812558-630/ocm10812558/Output/0010.tif /mnt/lsdi/ocm10812558-630/ocm10812558/Output/0011.tif /mnt/lsdi/ocm10812558-630/ocm10812558/Output/0012.tif /mnt/lsdi/ocm10812558-630/ocm10812558/Output/0013.tif /mnt/lsdi/ocm10812558-630/ocm10812558/Output/0014.tif /mnt/lsdi/ocm10812558-630/ocm10812558/Output/0015.tif /mnt/lsdi/ocm10812558-630/ocm10812558/Output/0016.tif /mnt/lsdi/ocm10812558-630/ocm10812558/Output/0017.tif /mnt/lsdi/ocm10812558-630/ocm10812558/Output/0018.tif /mnt/lsdi/ocm10812558-630/ocm10812558/Output/0019.tif /mnt/lsdi/ocm10812558-630/ocm10812558/Output/0020.tif /mnt/lsdi/ocm10812558-630/ocm10812558/Output/0021.tif /mnt/lsdi/ocm10812558-630/ocm10812558/Output/0022.tif /mnt/lsdi/ocm10812558-630/ocm10812558/Output/0023.tif /mnt/lsdi/ocm10812558-630/ocm10812558/Output/0024.tif /mnt/lsdi/ocm10812558-630/ocm10812558/Output/0025.tif /mnt/lsdi/ocm10812558-630/ocm10812558/Output/0026.tif /mnt/lsdi/ocm10812558-630/ocm10812558/Output/0027.tif /mnt/lsdi/ocm10812558-630/ocm10812558/Output/0028.tif /mnt/lsdi/ocm10812558-630/ocm10812558/Output/0029.tif /mnt/lsdi/ocm10812558-630/ocm10812558/Output/0030.tif /mnt/lsdi/ocm10812558-630/ocm10812558/Output/0031.tif /mnt/lsdi/ocm10812558-630/ocm10812558/Output/0032.tif /mnt/lsdi/ocm10812558-630/ocm10812558/Output/0033.tif /mnt/lsdi/ocm10812558-630/ocm10812558/Output/0034.tif /mnt/lsdi/ocm10812558-630/ocm10812558/Output/0035.tif /mnt/lsdi/ocm10812558-630/ocm10812558/Output/0036.tif /mnt/lsdi/ocm10812558-630/ocm10812558/Output/0037.tif /mnt/lsdi/ocm10812558-630/ocm10812558/Output/0038.tif /mnt/lsdi/ocm10812558-630/ocm10812558/Output/0039.tif /mnt/lsdi/ocm10812558-630/ocm10812558/Output/0040.tif /mnt/lsdi/ocm10812558-630/ocm10812558/Output/0041.tif /mnt/lsdi/ocm10812558-630/ocm10812558/Output/0042.tif /mnt/lsdi/ocm10812558-630/ocm10812558/Output/0043.tif /mnt/lsdi/ocm10812558-630/ocm10812558/Output/0044.tif /mnt/lsdi/ocm10812558-630/ocm10812558/Output/0045.tif /mnt/lsdi/ocm10812558-630/ocm10812558/Output/0046.tif /mnt/lsdi/ocm10812558-630/ocm10812558/Output/0047.tif /mnt/lsdi/ocm10812558-630/ocm10812558/Output/0048.tif /mnt/lsdi/ocm10812558-630/ocm10812558/Output/0049.tif /mnt/lsdi/ocm10812558-630/ocm10812558/Output/0050.tif /mnt/lsdi/ocm10812558-630/ocm10812558/Output/0051.tif /mnt/lsdi/ocm10812558-630/ocm10812558/Output/0052.tif /mnt/lsdi/ocm10812558-630/ocm10812558/Output/0053.tif /mnt/lsdi/ocm10812558-630/ocm10812558/Output/0054.tif /mnt/lsdi/ocm10812558-630/ocm10812558/Output/0055.tif /mnt/lsdi/ocm10812558-630/ocm10812558/Output/0056.tif /mnt/lsdi/ocm10812558-630/ocm10812558/Output/0057.tif /mnt/lsdi/ocm10812558-630/ocm10812558/Output/0058.tif /mnt/lsdi/ocm10812558-630/ocm10812558/Output/0059.tif /mnt/lsdi/ocm10812558-630/ocm10812558/Output/0060.tif /mnt/lsdi/ocm10812558-630/ocm10812558/Output/0061.tif /mnt/lsdi/ocm10812558-630/ocm10812558/Output/0062.tif /mnt/lsdi/ocm10812558-630/ocm10812558/Output/0063.tif /mnt/lsdi/ocm10812558-630/ocm10812558/Output/0064.tif /mnt/lsdi/ocm10812558-630/ocm10812558/Output/0065.tif /mnt/lsdi/ocm10812558-630/ocm10812558/Output/0066.tif /mnt/lsdi/ocm10812558-630/ocm10812558/Output/0067.tif /mnt/lsdi/ocm10812558-630/ocm10812558/Output/0068.tif /mnt/lsdi/ocm10812558-630/ocm10812558/Output/0069.tif /mnt/lsdi/ocm10812558-630/ocm10812558/Output/0070.tif /mnt/lsdi/ocm10812558-630/ocm10812558/Output/0071.tif /mnt/lsdi/ocm10812558-630/ocm10812558/Output/0072.tif /mnt/lsdi/ocm10812558-630/ocm10812558/Output/0073.tif /mnt/lsdi/ocm10812558-630/ocm10812558/Output/0074.tif /mnt/lsdi/ocm10812558-630/ocm10812558/Output/0075.tif /mnt/lsdi/ocm10812558-630/ocm10812558/Output/0076.tif /mnt/lsdi/ocm10812558-630/ocm10812558/Output/0077.tif /mnt/lsdi/ocm10812558-630/ocm10812558/Output/0078.tif /mnt/lsdi/ocm10812558-630/ocm10812558/Output/0079.tif /mnt/lsdi/ocm10812558-630/ocm10812558/Output/0080.tif /mnt/lsdi/ocm10812558-630/ocm10812558/Output/0081.tif /mnt/lsdi/ocm10812558-630/ocm10812558/Output/0082.tif /mnt/lsdi/ocm10812558-630/ocm10812558/Output/0083.tif /mnt/lsdi/ocm10812558-630/ocm10812558/Output/0084.tif /mnt/lsdi/ocm10812558-630/ocm10812558/Output/0085.tif /mnt/lsdi/ocm10812558-630/ocm10812558/Output/0086.tif /mnt/lsdi/ocm10812558-630/ocm10812558/Output/0087.tif /mnt/lsdi/ocm10812558-630/ocm10812558/Output/0088.tif /mnt/lsdi/ocm10812558-630/ocm10812558/Output/0089.tif /mnt/lsdi/ocm10812558-630/ocm10812558/Output/0090.tif /mnt/lsdi/ocm10812558-630/ocm10812558/Output/0091.tif /mnt/lsdi/ocm10812558-630/ocm10812558/Output/0092.tif /mnt/lsdi/ocm10812558-630/ocm10812558/Output/0093.tif /mnt/lsdi/ocm10812558-630/ocm10812558/Output/0094.tif /mnt/lsdi/ocm10812558-630/ocm10812558/Output/0095.tif /mnt/lsdi/ocm10812558-630/ocm10812558/Output/0096.tif /mnt/lsdi/ocm10812558-630/ocm10812558/Output/0097.tif /mnt/lsdi/ocm10812558-630/ocm10812558/Output/0098.tif /mnt/lsdi/ocm10812558-630/ocm10812558/Output/0099.tif /mnt/lsdi/ocm10812558-630/ocm10812558/Output/0100.tif /mnt/lsdi/ocm10812558-630/ocm10812558/Output/0101.tif /mnt/lsdi/ocm10812558-630/ocm10812558/Output/0102.tif /mnt/lsdi/ocm10812558-630/ocm10812558/Output/0103.tif /mnt/lsdi/ocm10812558-630/ocm10812558/Output/0104.tif /mnt/lsdi/ocm10812558-630/ocm10812558/Output/0105.tif /mnt/lsdi/ocm10812558-630/ocm10812558/Output/0106.tif /mnt/lsdi/ocm10812558-630/ocm10812558/Output/0107.tif /mnt/lsdi/ocm10812558-630/ocm10812558/Output/0108.tif /mnt/lsdi/ocm10812558-630/ocm10812558/Output/0109.tif /mnt/lsdi/ocm10812558-630/ocm10812558/Output/0110.tif /mnt/lsdi/ocm10812558-630/ocm10812558/Output/0111.tif /mnt/lsdi/ocm10812558-630/ocm10812558/Output/0112.tif /mnt/lsdi/ocm10812558-630/ocm10812558/Output/0113.tif /mnt/lsdi/ocm10812558-630/ocm10812558/Output/0114.tif /mnt/lsdi/ocm10812558-630/ocm10812558/Output/0115.tif /mnt/lsdi/ocm10812558-630/ocm10812558/Output/0116.tif /mnt/lsdi/ocm10812558-630/ocm10812558/Output/0117.tif /mnt/lsdi/ocm10812558-630/ocm10812558/Output/0118.tif /mnt/lsdi/ocm10812558-630/ocm10812558/Output/0119.tif /mnt/lsdi/ocm10812558-630/ocm10812558/Output/0120.tif /mnt/lsdi/ocm10812558-630/ocm10812558/Output/0121.tif /mnt/lsdi/ocm10812558-630/ocm10812558/Output/0122.tif /mnt/lsdi/ocm10812558-630/ocm10812558/Output/0123.tif /mnt/lsdi/ocm10812558-630/ocm10812558/Output/0124.tif /mnt/lsdi/ocm10812558-630/ocm10812558/Output/0125.tif /mnt/lsdi/ocm10812558-630/ocm10812558/Output/0126.tif /mnt/lsdi/ocm10812558-630/ocm10812558/Output/0127.tif /mnt/lsdi/ocm10812558-630/ocm10812558/Output/0128.tif /mnt/lsdi/ocm10812558-630/ocm10812558/Output/0129.tif /mnt/lsdi/ocm10812558-630/ocm10812558/Output/0130.tif /mnt/lsdi/ocm10812558-630/ocm10812558/Output/0131.tif /mnt/lsdi/ocm10812558-630/ocm10812558/Output/0132.tif /mnt/lsdi/ocm10812558-630/ocm10812558/Output/0133.tif /mnt/lsdi/ocm10812558-630/ocm10812558/Output/0134.tif /mnt/lsdi/ocm10812558-630/ocm10812558/Output/0135.tif /mnt/lsdi/ocm10812558-630/ocm10812558/Output/0136.tif /mnt/lsdi/ocm10812558-630/ocm10812558/Output/0137.tif /mnt/lsdi/ocm10812558-630/ocm10812558/Output/0138.tif /mnt/lsdi/ocm10812558-630/ocm10812558/Output/0139.tif /mnt/lsdi/ocm10812558-630/ocm10812558/Output/0140.tif /mnt/lsdi/ocm10812558-630/ocm10812558/Output/0141.tif /mnt/lsdi/ocm10812558-630/ocm10812558/Output/0142.tif /mnt/lsdi/ocm10812558-630/ocm10812558/Output/0143.tif /mnt/lsdi/ocm10812558-630/ocm10812558/Output/0144.tif /mnt/lsdi/ocm10812558-630/ocm10812558/Output/0145.tif /mnt/lsdi/ocm10812558-630/ocm10812558/Output/0146.tif /mnt/lsdi/ocm10812558-630/ocm10812558/Output/0147.tif /mnt/lsdi/ocm10812558-630/ocm10812558/Output/0148.tif /mnt/lsdi/ocm10812558-630/ocm10812558/Output/0149.tif /mnt/lsdi/ocm10812558-630/ocm10812558/Output/0150.tif /mnt/lsdi/ocm10812558-630/ocm10812558/Output/0151.tif /mnt/lsdi/ocm10812558-630/ocm10812558/Output/0152.tif /mnt/lsdi/ocm10812558-630/ocm10812558/Output/0153.tif /mnt/lsdi/ocm10812558-630/ocm10812558/Output/0154.tif /mnt/lsdi/ocm10812558-630/ocm10812558/Output/0155.tif /mnt/lsdi/ocm10812558-630/ocm10812558/Output/0156.tif /mnt/lsdi/ocm10812558-630/ocm10812558/Output/0157.tif /mnt/lsdi/ocm10812558-630/ocm10812558/Output/0158.tif /mnt/lsdi/ocm10812558-630/ocm10812558/Output/0159.tif /mnt/lsdi/ocm10812558-630/ocm10812558/Output/0160.tif /mnt/lsdi/ocm10812558-630/ocm10812558/Output/0161.tif /mnt/lsdi/ocm10812558-630/ocm10812558/Output/0162.tif /mnt/lsdi/ocm10812558-630/ocm10812558/Output/0163.tif /mnt/lsdi/ocm10812558-630/ocm10812558/Output/0164.tif /mnt/lsdi/ocm10812558-630/ocm10812558/Output/0165.tif /mnt/lsdi/ocm10812558-630/ocm10812558/Output/0166.tif /mnt/lsdi/ocm10812558-630/ocm10812558/Output/0167.tif /mnt/lsdi/ocm10812558-630/ocm10812558/Output/0168.tif /mnt/lsdi/ocm10812558-630/ocm10812558/Output/0169.tif /mnt/lsdi/ocm10812558-630/ocm10812558/Output/0170.tif /mnt/lsdi/ocm10812558-630/ocm10812558/Output/0171.tif /mnt/lsdi/ocm10812558-630/ocm10812558/Output/0172.tif /mnt/lsdi/ocm10812558-630/ocm10812558/Output/0173.tif /mnt/lsdi/ocm10812558-630/ocm10812558/Output/0174.tif /mnt/lsdi/ocm10812558-630/ocm10812558/Output/0175.tif /mnt/lsdi/ocm10812558-630/ocm10812558/Output/0176.tif /mnt/lsdi/ocm10812558-630/ocm10812558/Output/0177.tif /mnt/lsdi/ocm10812558-630/ocm10812558/Output/0178.tif /mnt/lsdi/ocm10812558-630/ocm10812558/Output/0179.tif /mnt/lsdi/ocm10812558-630/ocm10812558/Output/0180.tif /mnt/lsdi/ocm10812558-630/ocm10812558/Output/0181.tif /mnt/lsdi/ocm10812558-630/ocm10812558/Output/0182.tif /mnt/lsdi/ocm10812558-630/ocm10812558/Output/0183.tif /mnt/lsdi/ocm10812558-630/ocm10812558/Output/0184.tif /mnt/lsdi/ocm10812558-630/ocm10812558/Output/0185.tif /mnt/lsdi/ocm10812558-630/ocm10812558/Output/0186.tif /mnt/lsdi/ocm10812558-630/ocm10812558/Output/0187.tif /mnt/lsdi/ocm10812558-630/ocm10812558/Output/0188.tif /mnt/lsdi/ocm10812558-630/ocm10812558/Output/0189.tif /mnt/lsdi/ocm10812558-630/ocm10812558/Output/0190.tif /mnt/lsdi/ocm10812558-630/ocm10812558/Output/0191.tif /mnt/lsdi/ocm10812558-630/ocm10812558/Output/0192.tif /mnt/lsdi/ocm10812558-630/ocm10812558/Output/0193.tif /mnt/lsdi/ocm10812558-630/ocm10812558/Output/0194.tif /mnt/lsdi/ocm10812558-630/ocm10812558/Output/0195.tif /mnt/lsdi/ocm10812558-630/ocm10812558/Output/0196.tif /mnt/lsdi/ocm10812558-630/ocm10812558/Output/0197.tif /mnt/lsdi/ocm10812558-630/ocm10812558/Output/0198.tif /mnt/lsdi/ocm10812558-630/ocm10812558/Output/0199.tif /mnt/lsdi/ocm10812558-630/ocm10812558/Output/0200.tif /mnt/lsdi/ocm10812558-630/ocm10812558/Output/0201.tif /mnt/lsdi/ocm10812558-630/ocm10812558/Output/0202.tif /mnt/lsdi/ocm10812558-630/ocm10812558/Output/0203.tif /mnt/lsdi/ocm10812558-630/ocm10812558/Output/0204.tif /mnt/lsdi/ocm10812558-630/ocm10812558/Output/0205.tif /mnt/lsdi/ocm10812558-630/ocm10812558/Output/0206.tif /mnt/lsdi/ocm10812558-630/ocm10812558/Output/0207.tif /mnt/lsdi/ocm10812558-630/ocm10812558/Output/0208.tif /mnt/lsdi/ocm10812558-630/ocm10812558/Output/0209.tif /mnt/lsdi/ocm10812558-630/ocm10812558/Output/0210.tif /mnt/lsdi/ocm10812558-630/ocm10812558/Output/0211.tif /mnt/lsdi/ocm10812558-630/ocm10812558/Output/0212.tif /mnt/lsdi/ocm10812558-630/ocm10812558/Output/0213.tif /mnt/lsdi/ocm10812558-630/ocm10812558/Output/0214.tif /mnt/lsdi/ocm10812558-630/ocm10812558/Output/0215.tif /mnt/lsdi/ocm10812558-630/ocm10812558/Output/0216.tif /mnt/lsdi/ocm10812558-630/ocm10812558/Output/0217.tif /mnt/lsdi/ocm10812558-630/ocm10812558/Output/0218.tif /mnt/lsdi/ocm10812558-630/ocm10812558/Output/0219.tif /mnt/lsdi/ocm10812558-630/ocm10812558/Output/0220.tif /mnt/lsdi/ocm10812558-630/ocm10812558/Output/0221.tif /mnt/lsdi/ocm10812558-630/ocm10812558/Output/0222.tif /mnt/lsdi/ocm10812558-630/ocm10812558/Output/0223.tif /mnt/lsdi/ocm10812558-630/ocm10812558/Output/0224.tif /mnt/lsdi/ocm10812558-630/ocm10812558/Output/0225.tif /mnt/lsdi/ocm10812558-630/ocm10812558/Output/0226.tif /mnt/lsdi/ocm10812558-630/ocm10812558/Output/0227.tif /mnt/lsdi/ocm10812558-630/ocm10812558/Output/0228.tif /mnt/lsdi/ocm10812558-630/ocm10812558/Output/0229.tif /mnt/lsdi/ocm10812558-630/ocm10812558/Output/0230.tif /mnt/lsdi/ocm10812558-630/ocm10812558/Output/0231.tif /mnt/lsdi/ocm10812558-630/ocm10812558/Output/0232.tif /mnt/lsdi/ocm10812558-630/ocm10812558/Output/0233.tif /mnt/lsdi/ocm10812558-630/ocm10812558/Output/0234.tif /mnt/lsdi/ocm10812558-630/ocm10812558/Output/0235.tif /mnt/lsdi/ocm10812558-630/ocm10812558/Output/0236.tif /mnt/lsdi/ocm10812558-630/ocm10812558/Output/0237.tif /mnt/lsdi/ocm10812558-630/ocm10812558/Output/0238.tif /mnt/lsdi/ocm10812558-630/ocm10812558/Output/0239.tif /mnt/lsdi/ocm10812558-630/ocm10812558/Output/0240.tif /mnt/lsdi/ocm10812558-630/ocm10812558/Output/0241.tif /mnt/lsdi/ocm10812558-630/ocm10812558/Output/0242.tif /mnt/lsdi/ocm10812558-630/ocm10812558/Output/0243.tif /mnt/lsdi/ocm10812558-630/ocm10812558/Output/0244.tif /mnt/lsdi/ocm10812558-630/ocm10812558/Output/0245.tif /mnt/lsdi/ocm10812558-630/ocm10812558/Output/0246.tif /mnt/lsdi/ocm10812558-630/ocm10812558/Output/0247.tif /mnt/lsdi/ocm10812558-630/ocm10812558/Output/0248.tif /mnt/lsdi/ocm10812558-630/ocm10812558/Output/0249.tif /mnt/lsdi/ocm10812558-630/ocm10812558/Output/0250.tif /mnt/lsdi/ocm10812558-630/ocm10812558/Output/0251.tif /mnt/lsdi/ocm10812558-630/ocm10812558/Output/0252.tif /mnt/lsdi/ocm10812558-630/ocm10812558/Output/0253.tif /mnt/lsdi/ocm10812558-630/ocm10812558/Output/0254.tif /mnt/lsdi/ocm10812558-630/ocm10812558/Output/0255.tif /mnt/lsdi/ocm10812558-630/ocm10812558/Output/0256.tif /mnt/lsdi/ocm10812558-630/ocm10812558/Output/0257.tif /mnt/lsdi/ocm10812558-630/ocm10812558/Output/0258.tif /mnt/lsdi/ocm10812558-630/ocm10812558/Output/0259.tif /mnt/lsdi/ocm10812558-630/ocm10812558/Output/0260.tif /mnt/lsdi/ocm10812558-630/ocm10812558/Output/0261.tif /mnt/lsdi/ocm10812558-630/ocm10812558/Output/0262.tif /mnt/lsdi/ocm10812558-630/ocm10812558/Output/0263.tif /mnt/lsdi/ocm10812558-630/ocm10812558/Output/0264.tif /mnt/lsdi/ocm10812558-630/ocm10812558/Output/0265.tif /mnt/lsdi/ocm10812558-630/ocm10812558/Output/0266.tif /mnt/lsdi/ocm10812558-630/ocm10812558/Output/0267.tif /mnt/lsdi/ocm10812558-630/ocm10812558/Output/0268.tif /mnt/lsdi/ocm10812558-630/ocm10812558/Output/0269.tif /mnt/lsdi/ocm10812558-630/ocm10812558/Output/0270.tif /mnt/lsdi/ocm10812558-630/ocm10812558/Output/0271.tif /mnt/lsdi/ocm10812558-630/ocm10812558/Output/0272.tif /mnt/lsdi/ocm10812558-630/ocm10812558/Output/0273.tif /mnt/lsdi/ocm10812558-630/ocm10812558/Output/0274.tif /mnt/lsdi/ocm10812558-630/ocm10812558/Output/0275.tif /mnt/lsdi/ocm10812558-630/ocm10812558/Output/0276.tif /mnt/lsdi/ocm10812558-630/ocm10812558/Output/0277.tif /mnt/lsdi/ocm10812558-630/ocm10812558/Output/0278.tif /mnt/lsdi/ocm10812558-630/ocm10812558/Output/0279.tif /mnt/lsdi/ocm10812558-630/ocm10812558/Output/0280.tif /mnt/lsdi/ocm10812558-630/ocm10812558/Output/0281.tif /mnt/lsdi/ocm10812558-630/ocm10812558/Output/0282.tif /mnt/lsdi/ocm10812558-630/ocm10812558/Output/0283.tif /mnt/lsdi/ocm10812558-630/ocm10812558/Output/0284.tif /mnt/lsdi/ocm10812558-630/ocm10812558/Output/0285.tif /mnt/lsdi/ocm10812558-630/ocm10812558/Output/0286.tif /mnt/lsdi/ocm10812558-630/ocm10812558/Output/0287.tif /mnt/lsdi/ocm10812558-630/ocm10812558/Output/0288.tif /mnt/lsdi/ocm10812558-630/ocm10812558/Output/0289.tif /mnt/lsdi/ocm10812558-630/ocm10812558/Output/0290.tif /mnt/lsdi/ocm10812558-630/ocm10812558/Output/0291.tif /mnt/lsdi/ocm10812558-630/ocm10812558/Output/0292.tif /mnt/lsdi/ocm10812558-630/ocm10812558/Output/0293.tif /mnt/lsdi/ocm10812558-630/ocm10812558/Output/0294.tif /mnt/lsdi/ocm10812558-630/ocm10812558/Output/0295.tif /mnt/lsdi/ocm10812558-630/ocm10812558/Output/0296.tif /mnt/lsdi/ocm10812558-630/ocm10812558/Output/0297.tif /mnt/lsdi/ocm10812558-630/ocm10812558/Output/0298.tif /mnt/lsdi/ocm10812558-630/ocm10812558/Output/0299.tif /mnt/lsdi/ocm10812558-630/ocm10812558/Output/0300.tif /mnt/lsdi/ocm10812558-630/ocm10812558/Output/0301.tif /mnt/lsdi/ocm10812558-630/ocm10812558/Output/0302.tif /mnt/lsdi/ocm10812558-630/ocm10812558/Output/0303.tif /mnt/lsdi/ocm10812558-630/ocm10812558/Output/0304.tif /mnt/lsdi/ocm10812558-630/ocm10812558/Output/0305.tif /mnt/lsdi/ocm10812558-630/ocm10812558/Output/0306.tif /mnt/lsdi/ocm10812558-630/ocm10812558/Output/0307.tif /mnt/lsdi/ocm10812558-630/ocm10812558/Output/0308.tif /mnt/lsdi/ocm10812558-630/ocm10812558/Output/0309.tif /mnt/lsdi/ocm10812558-630/ocm10812558/Output/0310.tif /mnt/lsdi/ocm10812558-630/ocm10812558/Output/0311.tif /mnt/lsdi/ocm10812558-630/ocm10812558/Output/0312.tif /mnt/lsdi/ocm10812558-630/ocm10812558/Output/0313.tif /mnt/lsdi/ocm10812558-630/ocm10812558/Output/0314.tif /mnt/lsdi/ocm10812558-630/ocm10812558/Output/0315.tif /mnt/lsdi/ocm10812558-630/ocm10812558/Output/0316.tif /mnt/lsdi/ocm10812558-630/ocm10812558/Output/0317.tif /mnt/lsdi/ocm10812558-630/ocm10812558/Output/0318.tif /mnt/lsdi/ocm10812558-630/ocm10812558/Output/0319.tif /mnt/lsdi/ocm10812558-630/ocm10812558/Output/0320.tif /mnt/lsdi/ocm10812558-630/ocm10812558/Output/0321.tif /mnt/lsdi/ocm10812558-630/ocm10812558/Output/0322.tif /mnt/lsdi/ocm10812558-630/ocm10812558/Output/0323.tif /mnt/lsdi/ocm10812558-630/ocm10812558/Output/0324.tif /mnt/lsdi/ocm10812558-630/ocm10812558/Output/0325.tif /mnt/lsdi/ocm10812558-630/ocm10812558/Output/0326.tif /mnt/lsdi/ocm10812558-630/ocm10812558/Output/0327.tif /mnt/lsdi/ocm10812558-630/ocm10812558/Output/0328.tif /mnt/lsdi/ocm10812558-630/ocm10812558/Output/0329.tif /mnt/lsdi/ocm10812558-630/ocm10812558/Output/0330.tif /mnt/lsdi/ocm10812558-630/ocm10812558/Output/0331.tif /mnt/lsdi/ocm10812558-630/ocm10812558/Output/0332.tif /mnt/lsdi/ocm10812558-630/ocm10812558/Output/0333.tif /mnt/lsdi/ocm10812558-630/ocm10812558/Output/0334.tif /mnt/lsdi/ocm10812558-630/ocm10812558/Output/0335.tif /mnt/lsdi/ocm10812558-630/ocm10812558/Output/0336.tif /mnt/lsdi/ocm10812558-630/ocm10812558/Output/0337.tif /mnt/lsdi/ocm10812558-630/ocm10812558/Output/0338.tif /mnt/lsdi/ocm10812558-630/ocm10812558/Output/0339.tif /mnt/lsdi/ocm10812558-630/ocm10812558/Output/0340.tif /mnt/lsdi/ocm10812558-630/ocm10812558/Output/0341.tif /mnt/lsdi/ocm10812558-630/ocm10812558/Output/0342.tif /mnt/lsdi/ocm10812558-630/ocm10812558/Output/0343.tif /mnt/lsdi/ocm10812558-630/ocm10812558/Output/0344.tif /mnt/lsdi/ocm10812558-630/ocm10812558/Output/0345.tif /mnt/lsdi/ocm10812558-630/ocm10812558/Output/0346.tif /mnt/lsdi/ocm10812558-630/ocm10812558/Output/0347.tif /mnt/lsdi/ocm10812558-630/ocm10812558/Output/0348.tif /mnt/lsdi/ocm10812558-630/ocm10812558/Output/0349.tif /mnt/lsdi/ocm10812558-630/ocm10812558/Output/0350.tif /mnt/lsdi/ocm10812558-630/ocm10812558/Output/0351.tif /mnt/lsdi/ocm10812558-630/ocm10812558/Output/0352.tif /mnt/lsdi/ocm10812558-630/ocm10812558/Output/0353.tif /mnt/lsdi/ocm10812558-630/ocm10812558/Output/0354.tif /mnt/lsdi/ocm10812558-630/ocm10812558/Output/0355.tif /mnt/lsdi/ocm10812558-630/ocm10812558/Output/0356.tif /mnt/lsdi/ocm10812558-630/ocm10812558/Output/0357.tif /mnt/lsdi/ocm10812558-630/ocm10812558/Output/0358.tif /mnt/lsdi/ocm10812558-630/ocm10812558/Output/0359.tif /mnt/lsdi/ocm10812558-630/ocm10812558/Output/0360.tif /mnt/lsdi/ocm10812558-630/ocm10812558/Output/0361.tif /mnt/lsdi/ocm10812558-630/ocm10812558/Output/0362.tif /mnt/lsdi/ocm10812558-630/ocm10812558/Output/0363.tif /mnt/lsdi/ocm10812558-630/ocm10812558/Output/0364.tif /mnt/lsdi/ocm10812558-630/ocm10812558/Output/0365.tif /mnt/lsdi/ocm10812558-630/ocm10812558/Output/0366.tif /mnt/lsdi/ocm10812558-630/ocm10812558/Output/0367.tif /mnt/lsdi/ocm10812558-630/ocm10812558/Output/0368.tif /mnt/lsdi/ocm10812558-630/ocm10812558/Output/0369.tif /mnt/lsdi/ocm10812558-630/ocm10812558/Output/0370.tif /mnt/lsdi/ocm10812558-630/ocm10812558/Output/0371.tif /mnt/lsdi/ocm10812558-630/ocm10812558/Output/0372.tif /mnt/lsdi/ocm10812558-630/ocm10812558/Output/0373.tif /mnt/lsdi/ocm10812558-630/ocm10812558/Output/0374.tif /mnt/lsdi/ocm10812558-630/ocm10812558/Output/0375.tif /mnt/lsdi/ocm10812558-630/ocm10812558/Output/0376.tif /mnt/lsdi/ocm10812558-630/ocm10812558/Output/0377.tif /mnt/lsdi/ocm10812558-630/ocm10812558/Output/0378.tif /mnt/lsdi/ocm10812558-630/ocm10812558/Output/0379.tif /mnt/lsdi/ocm10812558-630/ocm10812558/Output/0380.tif /mnt/lsdi/ocm10812558-630/ocm10812558/Output/0381.tif /mnt/lsdi/ocm10812558-630/ocm10812558/Output/0382.tif /mnt/lsdi/ocm10812558-630/ocm10812558/Output/0383.tif /mnt/lsdi/ocm10812558-630/ocm10812558/Output/0384.tif /mnt/lsdi/ocm10812558-630/ocm10812558/Output/0385.tif /mnt/lsdi/ocm10812558-630/ocm10812558/Output/0386.tif /mnt/lsdi/ocm10812558-630/ocm10812558/Output/0387.tif /mnt/lsdi/ocm10812558-630/ocm10812558/Output/0388.tif /mnt/lsdi/ocm10812558-630/ocm10812558/Output/0389.tif /mnt/lsdi/ocm10812558-630/ocm10812558/Output/0390.tif /mnt/lsdi/ocm10812558-630/ocm10812558/Output/0391.tif /mnt/lsdi/ocm10812558-630/ocm10812558/Output/0392.tif /mnt/lsdi/ocm10812558-630/ocm10812558/Output/0393.tif /mnt/lsdi/ocm10812558-630/ocm10812558/Output/0394.tif /mnt/lsdi/ocm10812558-630/ocm10812558/Output/0395.tif /mnt/lsdi/ocm10812558-630/ocm10812558/Output/0396.tif /mnt/lsdi/ocm10812558-630/ocm10812558/Output/0397.tif /mnt/lsdi/ocm10812558-630/ocm10812558/Output/0398.tif /mnt/lsdi/ocm10812558-630/ocm10812558/Output/0399.tif /mnt/lsdi/ocm10812558-630/ocm10812558/Output/0400.tif /mnt/lsdi/ocm10812558-630/ocm10812558/Output/0401.tif /mnt/lsdi/ocm10812558-630/ocm10812558/Output/0402.tif /mnt/lsdi/ocm10812558-630/ocm10812558/Output/0403.tif /mnt/lsdi/ocm10812558-630/ocm10812558/Output/0404.tif /mnt/lsdi/ocm10812558-630/ocm10812558/Output/0405.tif /mnt/lsdi/ocm10812558-630/ocm10812558/Output/0406.tif /mnt/lsdi/ocm10812558-630/ocm10812558/Output/0407.tif /mnt/lsdi/ocm10812558-630/ocm10812558/Output/0408.tif /mnt/lsdi/ocm10812558-630/ocm10812558/Output/0409.tif /mnt/lsdi/ocm10812558-630/ocm10812558/Output/0410.tif /mnt/lsdi/ocm10812558-630/ocm10812558/Output/0411.tif /mnt/lsdi/ocm10812558-630/ocm10812558/Output/0412.tif /mnt/lsdi/ocm10812558-630/ocm10812558/Output/0413.tif /mnt/lsdi/ocm10812558-630/ocm10812558/Output/0414.tif /mnt/lsdi/ocm10812558-630/ocm10812558/Output/0415.tif /mnt/lsdi/ocm10812558-630/ocm10812558/Output/0416.tif /mnt/lsdi/ocm10812558-630/ocm10812558/Output/0417.tif /mnt/lsdi/ocm10812558-630/ocm10812558/Output/0418.tif /mnt/lsdi/ocm10812558-630/ocm10812558/Output/0419.tif /mnt/lsdi/ocm10812558-630/ocm10812558/Output/0420.tif /mnt/lsdi/ocm10812558-630/ocm10812558/Output/0421.tif /mnt/lsdi/ocm10812558-630/ocm10812558/Output/0422.tif /mnt/lsdi/ocm10812558-630/ocm10812558/Output/0423.tif /mnt/lsdi/ocm10812558-630/ocm10812558/Output/0424.tif /mnt/lsdi/ocm10812558-630/ocm10812558/Output/0425.tif /mnt/lsdi/ocm10812558-630/ocm10812558/Output/0426.tif /mnt/lsdi/ocm10812558-630/ocm10812558/Output/0427.tif /mnt/lsdi/ocm10812558-630/ocm10812558/Output/0428.tif /mnt/lsdi/ocm10812558-630/ocm10812558/Output/0429.tif /mnt/lsdi/ocm10812558-630/ocm10812558/Output/0430.tif /mnt/lsdi/ocm10812558-630/ocm10812558/Output/0431.tif /mnt/lsdi/ocm10812558-630/ocm10812558/Output/0432.tif /mnt/lsdi/ocm10812558-630/ocm10812558/Output/0433.tif /mnt/lsdi/ocm10812558-630/ocm10812558/Output/0434.tif /mnt/lsdi/ocm10812558-630/ocm10812558/Output/0435.tif /mnt/lsdi/ocm10812558-630/ocm10812558/Output/0436.tif /mnt/lsdi/ocm10812558-630/ocm10812558/Output/0437.tif /mnt/lsdi/ocm10812558-630/ocm10812558/Output/0438.tif /mnt/lsdi/ocm10812558-630/ocm10812558/Output/0439.tif /mnt/lsdi/ocm10812558-630/ocm10812558/Output/0440.tif /mnt/lsdi/ocm10812558-630/ocm10812558/Output/0441.tif /mnt/lsdi/ocm10812558-630/ocm10812558/Output/0442.tif /mnt/lsdi/ocm10812558-630/ocm10812558/Output/0443.tif /mnt/lsdi/ocm10812558-630/ocm10812558/Output/0444.tif /mnt/lsdi/ocm10812558-630/ocm10812558/Output/0445.tif /mnt/lsdi/ocm10812558-630/ocm10812558/Output/0446.tif /mnt/lsdi/ocm10812558-630/ocm10812558/Output/0447.tif /mnt/lsdi/ocm10812558-630/ocm10812558/Output/0448.tif /mnt/lsdi/ocm10812558-630/ocm10812558/Output/0449.tif /mnt/lsdi/ocm10812558-630/ocm10812558/Output/0450.tif /mnt/lsdi/ocm10812558-630/ocm10812558/Output/0451.tif /mnt/lsdi/ocm10812558-630/ocm10812558/Output/0452.tif /mnt/lsdi/ocm10812558-630/ocm10812558/Output/0453.tif /mnt/lsdi/ocm10812558-630/ocm10812558/Output/0454.tif /mnt/lsdi/ocm10812558-630/ocm10812558/Output/0455.tif /mnt/lsdi/ocm10812558-630/ocm10812558/Output/0456.tif /mnt/lsdi/ocm10812558-630/ocm10812558/Output/0457.tif /mnt/lsdi/ocm10812558-630/ocm10812558/Output/0458.tif /mnt/lsdi/ocm10812558-630/ocm10812558/Output/0459.tif /mnt/lsdi/ocm10812558-630/ocm10812558/Output/0460.tif /mnt/lsdi/ocm10812558-630/ocm10812558/Output/0461.tif /mnt/lsdi/ocm10812558-630/ocm10812558/Output/0462.tif /mnt/lsdi/ocm10812558-630/ocm10812558/Output/0463.tif /mnt/lsdi/ocm10812558-630/ocm10812558/Output/0464.tif /mnt/lsdi/ocm10812558-630/ocm10812558/Output/0465.tif /mnt/lsdi/ocm10812558-630/ocm10812558/Output/0466.tif /mnt/lsdi/ocm10812558-630/ocm10812558/Output/0467.tif /mnt/lsdi/ocm10812558-630/ocm10812558/Output/0468.tif /mnt/lsdi/ocm10812558-630/ocm10812558/Output/0469.tif /mnt/lsdi/ocm10812558-630/ocm10812558/Output/0470.tif /mnt/lsdi/ocm10812558-630/ocm10812558/Output/0471.tif /mnt/lsdi/ocm10812558-630/ocm10812558/Output/0472.tif /mnt/lsdi/ocm10812558-630/ocm10812558/Output/0473.tif /mnt/lsdi/ocm10812558-630/ocm10812558/Output/0474.tif /mnt/lsdi/ocm10812558-630/ocm10812558/Output/0475.tif /mnt/lsdi/ocm10812558-630/ocm10812558/Output/0476.tif /mnt/lsdi/ocm10812558-630/ocm10812558/Output/0477.tif /mnt/lsdi/ocm10812558-630/ocm10812558/Output/0478.tif /mnt/lsdi/ocm10812558-630/ocm10812558/Output/0479.tif /mnt/lsdi/ocm10812558-630/ocm10812558/Output/0480.tif /mnt/lsdi/ocm10812558-630/ocm10812558/Output/0481.tif /mnt/lsdi/ocm10812558-630/ocm10812558/Output/0482.tif /mnt/lsdi/ocm10812558-630/ocm10812558/Output/0483.tif /mnt/lsdi/ocm10812558-630/ocm10812558/Output/0484.tif /mnt/lsdi/ocm10812558-630/ocm10812558/Output/0485.tif /mnt/lsdi/ocm10812558-630/ocm10812558/Output/0486.tif /mnt/lsdi/ocm10812558-630/ocm10812558/Output/0487.tif /mnt/lsdi/ocm10812558-630/ocm10812558/Output/0488.tif
  adding: mnt/lsdi/ocm10812558-630/ocm10812558/Output/0001.tif (deflated 84%)
  adding: mnt/lsdi/ocm10812558-630/ocm10812558/Output/0002.tif (deflated 84%)
  adding: mnt/lsdi/ocm10812558-630/ocm10812558/Output/0003.tif (deflated 99%)
  adding: mnt/lsdi/ocm10812558-630/ocm10812558/Output/0004.tif (deflated 10%)
  adding: mnt/lsdi/ocm10812558-630/ocm10812558/Output/0005.tif (deflated 27%)
  adding: mnt/lsdi/ocm10812558-630/ocm10812558/Output/0006.tif (deflated 3%)
  adding: mnt/lsdi/ocm10812558-630/ocm10812558/Output/0007.tif (deflated 84%)
  adding: mnt/lsdi/ocm10812558-630/ocm10812558/Output/0008.tif (deflated 2%)
  adding: mnt/lsdi/ocm10812558-630/ocm10812558/Output/0009.tif (deflated 2%)
  adding: mnt/lsdi/ocm10812558-630/ocm10812558/Output/0010.tif (deflated 8%)
  adding: mnt/lsdi/ocm10812558-630/ocm10812558/Output/0011.tif (deflated 84%)
  adding: mnt/lsdi/ocm10812558-630/ocm10812558/Output/0012.tif (deflated 3%)
  adding: mnt/lsdi/ocm10812558-630/ocm10812558/Output/0013.tif (deflated 4%)
  adding: mnt/lsdi/ocm10812558-630/ocm10812558/Output/0014.tif (deflated 15%)
  adding: mnt/lsdi/ocm10812558-630/ocm10812558/Output/0015.tif (deflated 84%)
  adding: mnt/lsdi/ocm10812558-630/ocm10812558/Output/0016.tif (deflated 3%)
  adding: mnt/lsdi/ocm10812558-630/ocm10812558/Output/0017.tif (deflated 3%)
  adding: mnt/lsdi/ocm10812558-630/ocm10812558/Output/0018.tif (deflated 3%)
  adding: mnt/lsdi/ocm10812558-630/ocm10812558/Output/0019.tif (deflated 3%)
  adding: mnt/lsdi/ocm10812558-630/ocm10812558/Output/0020.tif (deflated 3%)
  adding: mnt/lsdi/ocm10812558-630/ocm10812558/Output/0021.tif (deflated 3%)
  adding: mnt/lsdi/ocm10812558-630/ocm10812558/Output/0022.tif (deflated 3%)
  adding: mnt/lsdi/ocm10812558-630/ocm10812558/Output/0023.tif (deflated 3%)
  adding: mnt/lsdi/ocm10812558-630/ocm10812558/Output/0024.tif (deflated 65%)
  adding: mnt/lsdi/ocm10812558-630/ocm10812558/Output/0025.tif (deflated 84%)
  adding: mnt/lsdi/ocm10812558-630/ocm10812558/Output/0026.tif (deflated 2%)
  adding: mnt/lsdi/ocm10812558-630/ocm10812558/Output/0027.tif (deflated 3%)
  adding: mnt/lsdi/ocm10812558-630/ocm10812558/Output/0028.tif (deflated 3%)
  adding: mnt/lsdi/ocm10812558-630/ocm10812558/Output/0029.tif (deflated 4%)
  adding: mnt/lsdi/ocm10812558-630/ocm10812558/Output/0030.tif (deflated 3%)
  adding: mnt/lsdi/ocm10812558-630/ocm10812558/Output/0031.tif (deflated 3%)
  adding: mnt/lsdi/ocm10812558-630/ocm10812558/Output/0032.tif (deflated 3%)
  adding: mnt/lsdi/ocm10812558-630/ocm10812558/Output/0033.tif (deflated 3%)
  adding: mnt/lsdi/ocm10812558-630/ocm10812558/Output/0034.tif (deflated 3%)
  adding: mnt/lsdi/ocm10812558-630/ocm10812558/Output/0035.tif (deflated 3%)
  adding: mnt/lsdi/ocm10812558-630/ocm10812558/Output/0036.tif (deflated 3%)
  adding: mnt/lsdi/ocm10812558-630/ocm10812558/Output/0037.tif (deflated 4%)
  adding: mnt/lsdi/ocm10812558-630/ocm10812558/Output/0038.tif (deflated 3%)
  adding: mnt/lsdi/ocm10812558-630/ocm10812558/Output/0039.tif (deflated 3%)
  adding: mnt/lsdi/ocm10812558-630/ocm10812558/Output/0040.tif (deflated 3%)
  adding: mnt/lsdi/ocm10812558-630/ocm10812558/Output/0041.tif (deflated 4%)
  adding: mnt/lsdi/ocm10812558-630/ocm10812558/Output/0042.tif (deflated 3%)
  adding: mnt/lsdi/ocm10812558-630/ocm10812558/Output/0043.tif (deflated 4%)
  adding: mnt/lsdi/ocm10812558-630/ocm10812558/Output/0044.tif (deflated 4%)
  adding: mnt/lsdi/ocm10812558-630/ocm10812558/Output/0045.tif (deflated 3%)
  adding: mnt/lsdi/ocm10812558-630/ocm10812558/Output/0046.tif (deflated 3%)
  adding: mnt/lsdi/ocm10812558-630/ocm10812558/Output/0047.tif (deflated 3%)
  adding: mnt/lsdi/ocm10812558-630/ocm10812558/Output/0048.tif (deflated 3%)
  adding: mnt/lsdi/ocm10812558-630/ocm10812558/Output/0049.tif (deflated 3%)
  adding: mnt/lsdi/ocm10812558-630/ocm10812558/Output/0050.tif (deflated 3%)
  adding: mnt/lsdi/ocm10812558-630/ocm10812558/Output/0051.tif (deflated 3%)
  adding: mnt/lsdi/ocm10812558-630/ocm10812558/Output/0052.tif (deflated 3%)
  adding: mnt/lsdi/ocm10812558-630/ocm10812558/Output/0053.tif (deflated 3%)
  adding: mnt/lsdi/ocm10812558-630/ocm10812558/Output/0054.tif (deflated 3%)
  adding: mnt/lsdi/ocm10812558-630/ocm10812558/Output/0055.tif (deflated 3%)
  adding: mnt/lsdi/ocm10812558-630/ocm10812558/Output/0056.tif (deflated 3%)
  adding: mnt/lsdi/ocm10812558-630/ocm10812558/Output/0057.tif (deflated 3%)
  adding: mnt/lsdi/ocm10812558-630/ocm10812558/Output/0058.tif (deflated 65%)
  adding: mnt/lsdi/ocm10812558-630/ocm10812558/Output/0059.tif (deflated 84%)
  adding: mnt/lsdi/ocm10812558-630/ocm10812558/Output/0060.tif (deflated 3%)
  adding: mnt/lsdi/ocm10812558-630/ocm10812558/Output/0061.tif (deflated 3%)
  adding: mnt/lsdi/ocm10812558-630/ocm10812558/Output/0062.tif (deflated 3%)
  adding: mnt/lsdi/ocm10812558-630/ocm10812558/Output/0063.tif (deflated 3%)
  adding: mnt/lsdi/ocm10812558-630/ocm10812558/Output/0064.tif (deflated 3%)
  adding: mnt/lsdi/ocm10812558-630/ocm10812558/Output/0065.tif (deflated 3%)
  adding: mnt/lsdi/ocm10812558-630/ocm10812558/Output/0066.tif (deflated 3%)
  adding: mnt/lsdi/ocm10812558-630/ocm10812558/Output/0067.tif (deflated 3%)
  adding: mnt/lsdi/ocm10812558-630/ocm10812558/Output/0068.tif (deflated 2%)
  adding: mnt/lsdi/ocm10812558-630/ocm10812558/Output/0069.tif (deflated 3%)
  adding: mnt/lsdi/ocm10812558-630/ocm10812558/Output/0070.tif (deflated 3%)
  adding: mnt/lsdi/ocm10812558-630/ocm10812558/Output/0071.tif (deflated 3%)
  adding: mnt/lsdi/ocm10812558-630/ocm10812558/Output/0072.tif (deflated 3%)
  adding: mnt/lsdi/ocm10812558-630/ocm10812558/Output/0073.tif (deflated 3%)
  adding: mnt/lsdi/ocm10812558-630/ocm10812558/Output/0074.tif (deflated 3%)
  adding: mnt/lsdi/ocm10812558-630/ocm10812558/Output/0075.tif (deflated 3%)
  adding: mnt/lsdi/ocm10812558-630/ocm10812558/Output/0076.tif (deflated 3%)
  adding: mnt/lsdi/ocm10812558-630/ocm10812558/Output/0077.tif (deflated 3%)
  adding: mnt/lsdi/ocm10812558-630/ocm10812558/Output/0078.tif (deflated 3%)
  adding: mnt/lsdi/ocm10812558-630/ocm10812558/Output/0079.tif (deflated 3%)
  adding: mnt/lsdi/ocm10812558-630/ocm10812558/Output/0080.tif (deflated 4%)
  adding: mnt/lsdi/ocm10812558-630/ocm10812558/Output/0081.tif (deflated 3%)
  adding: mnt/lsdi/ocm10812558-630/ocm10812558/Output/0082.tif (deflated 3%)
  adding: mnt/lsdi/ocm10812558-630/ocm10812558/Output/0083.tif (deflated 4%)
  adding: mnt/lsdi/ocm10812558-630/ocm10812558/Output/0084.tif (deflated 67%)
  adding: mnt/lsdi/ocm10812558-630/ocm10812558/Output/0085.tif (deflated 84%)
  adding: mnt/lsdi/ocm10812558-630/ocm10812558/Output/0086.tif (deflated 3%)
  adding: mnt/lsdi/ocm10812558-630/ocm10812558/Output/0087.tif (deflated 3%)
  adding: mnt/lsdi/ocm10812558-630/ocm10812558/Output/0088.tif (deflated 2%)
  adding: mnt/lsdi/ocm10812558-630/ocm10812558/Output/0089.tif (deflated 3%)
  adding: mnt/lsdi/ocm10812558-630/ocm10812558/Output/0090.tif (deflated 2%)
  adding: mnt/lsdi/ocm10812558-630/ocm10812558/Output/0091.tif (deflated 4%)
  adding: mnt/lsdi/ocm10812558-630/ocm10812558/Output/0092.tif (deflated 3%)
  adding: mnt/lsdi/ocm10812558-630/ocm10812558/Output/0093.tif (deflated 3%)
  adding: mnt/lsdi/ocm10812558-630/ocm10812558/Output/0094.tif (deflated 3%)
  adding: mnt/lsdi/ocm10812558-630/ocm10812558/Output/0095.tif (deflated 4%)
  adding: mnt/lsdi/ocm10812558-630/ocm10812558/Output/0096.tif (deflated 3%)
  adding: mnt/lsdi/ocm10812558-630/ocm10812558/Output/0097.tif (deflated 4%)
  adding: mnt/lsdi/ocm10812558-630/ocm10812558/Output/0098.tif (deflated 2%)
  adding: mnt/lsdi/ocm10812558-630/ocm10812558/Output/0099.tif (deflated 3%)
  adding: mnt/lsdi/ocm10812558-630/ocm10812558/Output/0100.tif (deflated 3%)
  adding: mnt/lsdi/ocm10812558-630/ocm10812558/Output/0101.tif (deflated 3%)
  adding: mnt/lsdi/ocm10812558-630/ocm10812558/Output/0102.tif (deflated 3%)
  adding: mnt/lsdi/ocm10812558-630/ocm10812558/Output/0103.tif (deflated 3%)
  adding: mnt/lsdi/ocm10812558-630/ocm10812558/Output/0104.tif (deflated 3%)
  adding: mnt/lsdi/ocm10812558-630/ocm10812558/Output/0105.tif (deflated 4%)
  adding: mnt/lsdi/ocm10812558-630/ocm10812558/Output/0106.tif (deflated 3%)
  adding: mnt/lsdi/ocm10812558-630/ocm10812558/Output/0107.tif (deflated 4%)
  adding: mnt/lsdi/ocm10812558-630/ocm10812558/Output/0108.tif (deflated 3%)
  adding: mnt/lsdi/ocm10812558-630/ocm10812558/Output/0109.tif (deflated 4%)
  adding: mnt/lsdi/ocm10812558-630/ocm10812558/Output/0110.tif (deflated 3%)
  adding: mnt/lsdi/ocm10812558-630/ocm10812558/Output/0111.tif (deflated 5%)
  adding: mnt/lsdi/ocm10812558-630/ocm10812558/Output/0112.tif (deflated 3%)
  adding: mnt/lsdi/ocm10812558-630/ocm10812558/Output/0113.tif (deflated 4%)
  adding: mnt/lsdi/ocm10812558-630/ocm10812558/Output/0114.tif (deflated 2%)
  adding: mnt/lsdi/ocm10812558-630/ocm10812558/Output/0115.tif (deflated 4%)
  adding: mnt/lsdi/ocm10812558-630/ocm10812558/Output/0116.tif (deflated 2%)
  adding: mnt/lsdi/ocm10812558-630/ocm10812558/Output/0117.tif (deflated 4%)
  adding: mnt/lsdi/ocm10812558-630/ocm10812558/Output/0118.tif (deflated 2%)
  adding: mnt/lsdi/ocm10812558-630/ocm10812558/Output/0119.tif (deflated 3%)
  adding: mnt/lsdi/ocm10812558-630/ocm10812558/Output/0120.tif (deflated 3%)
  adding: mnt/lsdi/ocm10812558-630/ocm10812558/Output/0121.tif (deflated 4%)
  adding: mnt/lsdi/ocm10812558-630/ocm10812558/Output/0122.tif (deflated 2%)
  adding: mnt/lsdi/ocm10812558-630/ocm10812558/Output/0123.tif (deflated 4%)
  adding: mnt/lsdi/ocm10812558-630/ocm10812558/Output/0124.tif (deflated 3%)
  adding: mnt/lsdi/ocm10812558-630/ocm10812558/Output/0125.tif (deflated 3%)
  adding: mnt/lsdi/ocm10812558-630/ocm10812558/Output/0126.tif (deflated 3%)
  adding: mnt/lsdi/ocm10812558-630/ocm10812558/Output/0127.tif (deflated 3%)
  adding: mnt/lsdi/ocm10812558-630/ocm10812558/Output/0128.tif (deflated 2%)
  adding: mnt/lsdi/ocm10812558-630/ocm10812558/Output/0129.tif (deflated 4%)
  adding: mnt/lsdi/ocm10812558-630/ocm10812558/Output/0130.tif (deflated 68%)
  adding: mnt/lsdi/ocm10812558-630/ocm10812558/Output/0131.tif (deflated 84%)
  adding: mnt/lsdi/ocm10812558-630/ocm10812558/Output/0132.tif (deflated 2%)
  adding: mnt/lsdi/ocm10812558-630/ocm10812558/Output/0133.tif (deflated 4%)
  adding: mnt/lsdi/ocm10812558-630/ocm10812558/Output/0134.tif (deflated 2%)
  adding: mnt/lsdi/ocm10812558-630/ocm10812558/Output/0135.tif (deflated 3%)
  adding: mnt/lsdi/ocm10812558-630/ocm10812558/Output/0136.tif (deflated 2%)
  adding: mnt/lsdi/ocm10812558-630/ocm10812558/Output/0137.tif (deflated 3%)
  adding: mnt/lsdi/ocm10812558-630/ocm10812558/Output/0138.tif (deflated 2%)
  adding: mnt/lsdi/ocm10812558-630/ocm10812558/Output/0139.tif (deflated 4%)
  adding: mnt/lsdi/ocm10812558-630/ocm10812558/Output/0140.tif (deflated 3%)
  adding: mnt/lsdi/ocm10812558-630/ocm10812558/Output/0141.tif (deflated 3%)
  adding: mnt/lsdi/ocm10812558-630/ocm10812558/Output/0142.tif (deflated 3%)
  adding: mnt/lsdi/ocm10812558-630/ocm10812558/Output/0143.tif (deflated 4%)
  adding: mnt/lsdi/ocm10812558-630/ocm10812558/Output/0144.tif (deflated 3%)
  adding: mnt/lsdi/ocm10812558-630/ocm10812558/Output/0145.tif (deflated 3%)
  adding: mnt/lsdi/ocm10812558-630/ocm10812558/Output/0146.tif (deflated 2%)
  adding: mnt/lsdi/ocm10812558-630/ocm10812558/Output/0147.tif (deflated 3%)
  adding: mnt/lsdi/ocm10812558-630/ocm10812558/Output/0148.tif (deflated 2%)
  adding: mnt/lsdi/ocm10812558-630/ocm10812558/Output/0149.tif (deflated 4%)
  adding: mnt/lsdi/ocm10812558-630/ocm10812558/Output/0150.tif (deflated 3%)
  adding: mnt/lsdi/ocm10812558-630/ocm10812558/Output/0151.tif (deflated 3%)
  adding: mnt/lsdi/ocm10812558-630/ocm10812558/Output/0152.tif (deflated 2%)
  adding: mnt/lsdi/ocm10812558-630/ocm10812558/Output/0153.tif (deflated 3%)
  adding: mnt/lsdi/ocm10812558-630/ocm10812558/Output/0154.tif (deflated 2%)
  adding: mnt/lsdi/ocm10812558-630/ocm10812558/Output/0155.tif (deflated 3%)
  adding: mnt/lsdi/ocm10812558-630/ocm10812558/Output/0156.tif (deflated 3%)
  adding: mnt/lsdi/ocm10812558-630/ocm10812558/Output/0157.tif (deflated 4%)
  adding: mnt/lsdi/ocm10812558-630/ocm10812558/Output/0158.tif (deflated 3%)
  adding: mnt/lsdi/ocm10812558-630/ocm10812558/Output/0159.tif (deflated 4%)
  adding: mnt/lsdi/ocm10812558-630/ocm10812558/Output/0160.tif (deflated 3%)
  adding: mnt/lsdi/ocm10812558-630/ocm10812558/Output/0161.tif (deflated 4%)
  adding: mnt/lsdi/ocm10812558-630/ocm10812558/Output/0162.tif (deflated 3%)
  adding: mnt/lsdi/ocm10812558-630/ocm10812558/Output/0163.tif (deflated 3%)
  adding: mnt/lsdi/ocm10812558-630/ocm10812558/Output/0164.tif (deflated 2%)
  adding: mnt/lsdi/ocm10812558-630/ocm10812558/Output/0165.tif (deflated 3%)
  adding: mnt/lsdi/ocm10812558-630/ocm10812558/Output/0166.tif (deflated 2%)
  adding: mnt/lsdi/ocm10812558-630/ocm10812558/Output/0167.tif (deflated 4%)
  adding: mnt/lsdi/ocm10812558-630/ocm10812558/Output/0168.tif (deflated 2%)
  adding: mnt/lsdi/ocm10812558-630/ocm10812558/Output/0169.tif (deflated 3%)
  adding: mnt/lsdi/ocm10812558-630/ocm10812558/Output/0170.tif (deflated 2%)
  adding: mnt/lsdi/ocm10812558-630/ocm10812558/Output/0171.tif (deflated 3%)
  adding: mnt/lsdi/ocm10812558-630/ocm10812558/Output/0172.tif (deflated 3%)
  adding: mnt/lsdi/ocm10812558-630/ocm10812558/Output/0173.tif (deflated 4%)
  adding: mnt/lsdi/ocm10812558-630/ocm10812558/Output/0174.tif (deflated 2%)
  adding: mnt/lsdi/ocm10812558-630/ocm10812558/Output/0175.tif (deflated 3%)
  adding: mnt/lsdi/ocm10812558-630/ocm10812558/Output/0176.tif (deflated 2%)
  adding: mnt/lsdi/ocm10812558-630/ocm10812558/Output/0177.tif (deflated 4%)
  adding: mnt/lsdi/ocm10812558-630/ocm10812558/Output/0178.tif (deflated 3%)
  adding: mnt/lsdi/ocm10812558-630/ocm10812558/Output/0179.tif (deflated 3%)
  adding: mnt/lsdi/ocm10812558-630/ocm10812558/Output/0180.tif (deflated 3%)
  adding: mnt/lsdi/ocm10812558-630/ocm10812558/Output/0181.tif (deflated 3%)
  adding: mnt/lsdi/ocm10812558-630/ocm10812558/Output/0182.tif (deflated 2%)
  adding: mnt/lsdi/ocm10812558-630/ocm10812558/Output/0183.tif (deflated 4%)
  adding: mnt/lsdi/ocm10812558-630/ocm10812558/Output/0184.tif (deflated 3%)
  adding: mnt/lsdi/ocm10812558-630/ocm10812558/Output/0185.tif (deflated 3%)
  adding: mnt/lsdi/ocm10812558-630/ocm10812558/Output/0186.tif (deflated 3%)
  adding: mnt/lsdi/ocm10812558-630/ocm10812558/Output/0187.tif (deflated 3%)
  adding: mnt/lsdi/ocm10812558-630/ocm10812558/Output/0188.tif (deflated 3%)
  adding: mnt/lsdi/ocm10812558-630/ocm10812558/Output/0189.tif (deflated 7%)
  adding: mnt/lsdi/ocm10812558-630/ocm10812558/Output/0190.tif (deflated 3%)
  adding: mnt/lsdi/ocm10812558-630/ocm10812558/Output/0191.tif (deflated 3%)
  adding: mnt/lsdi/ocm10812558-630/ocm10812558/Output/0192.tif (deflated 68%)
  adding: mnt/lsdi/ocm10812558-630/ocm10812558/Output/0193.tif (deflated 84%)
  adding: mnt/lsdi/ocm10812558-630/ocm10812558/Output/0194.tif (deflated 3%)
  adding: mnt/lsdi/ocm10812558-630/ocm10812558/Output/0195.tif (deflated 3%)
  adding: mnt/lsdi/ocm10812558-630/ocm10812558/Output/0196.tif (deflated 3%)
  adding: mnt/lsdi/ocm10812558-630/ocm10812558/Output/0197.tif (deflated 3%)
  adding: mnt/lsdi/ocm10812558-630/ocm10812558/Output/0198.tif (deflated 3%)
  adding: mnt/lsdi/ocm10812558-630/ocm10812558/Output/0199.tif (deflated 4%)
  adding: mnt/lsdi/ocm10812558-630/ocm10812558/Output/0200.tif (deflated 3%)
  adding: mnt/lsdi/ocm10812558-630/ocm10812558/Output/0201.tif (deflated 3%)
  adding: mnt/lsdi/ocm10812558-630/ocm10812558/Output/0202.tif (deflated 2%)
  adding: mnt/lsdi/ocm10812558-630/ocm10812558/Output/0203.tif (deflated 3%)
  adding: mnt/lsdi/ocm10812558-630/ocm10812558/Output/0204.tif (deflated 3%)
  adding: mnt/lsdi/ocm10812558-630/ocm10812558/Output/0205.tif (deflated 3%)
  adding: mnt/lsdi/ocm10812558-630/ocm10812558/Output/0206.tif (deflated 3%)
  adding: mnt/lsdi/ocm10812558-630/ocm10812558/Output/0207.tif (deflated 4%)
  adding: mnt/lsdi/ocm10812558-630/ocm10812558/Output/0208.tif (deflated 3%)
  adding: mnt/lsdi/ocm10812558-630/ocm10812558/Output/0209.tif (deflated 3%)
  adding: mnt/lsdi/ocm10812558-630/ocm10812558/Output/0210.tif (deflated 3%)
  adding: mnt/lsdi/ocm10812558-630/ocm10812558/Output/0211.tif (deflated 4%)
  adding: mnt/lsdi/ocm10812558-630/ocm10812558/Output/0212.tif (deflated 3%)
  adding: mnt/lsdi/ocm10812558-630/ocm10812558/Output/0213.tif (deflated 4%)
  adding: mnt/lsdi/ocm10812558-630/ocm10812558/Output/0214.tif (deflated 3%)
  adding: mnt/lsdi/ocm10812558-630/ocm10812558/Output/0215.tif (deflated 4%)
  adding: mnt/lsdi/ocm10812558-630/ocm10812558/Output/0216.tif (deflated 3%)
  adding: mnt/lsdi/ocm10812558-630/ocm10812558/Output/0217.tif (deflated 3%)
  adding: mnt/lsdi/ocm10812558-630/ocm10812558/Output/0218.tif (deflated 3%)
  adding: mnt/lsdi/ocm10812558-630/ocm10812558/Output/0219.tif (deflated 4%)
  adding: mnt/lsdi/ocm10812558-630/ocm10812558/Output/0220.tif (deflated 3%)
  adding: mnt/lsdi/ocm10812558-630/ocm10812558/Output/0221.tif (deflated 4%)
  adding: mnt/lsdi/ocm10812558-630/ocm10812558/Output/0222.tif (deflated 3%)
  adding: mnt/lsdi/ocm10812558-630/ocm10812558/Output/0223.tif (deflated 4%)
  adding: mnt/lsdi/ocm10812558-630/ocm10812558/Output/0224.tif (deflated 3%)
  adding: mnt/lsdi/ocm10812558-630/ocm10812558/Output/0225.tif (deflated 4%)
  adding: mnt/lsdi/ocm10812558-630/ocm10812558/Output/0226.tif (deflated 3%)
  adding: mnt/lsdi/ocm10812558-630/ocm10812558/Output/0227.tif (deflated 3%)
  adding: mnt/lsdi/ocm10812558-630/ocm10812558/Output/0228.tif (deflated 3%)
  adding: mnt/lsdi/ocm10812558-630/ocm10812558/Output/0229.tif (deflated 4%)
  adding: mnt/lsdi/ocm10812558-630/ocm10812558/Output/0230.tif (deflated 3%)
  adding: mnt/lsdi/ocm10812558-630/ocm10812558/Output/0231.tif (deflated 3%)
  adding: mnt/lsdi/ocm10812558-630/ocm10812558/Output/0232.tif (deflated 3%)
  adding: mnt/lsdi/ocm10812558-630/ocm10812558/Output/0233.tif (deflated 4%)
  adding: mnt/lsdi/ocm10812558-630/ocm10812558/Output/0234.tif (deflated 2%)
  adding: mnt/lsdi/ocm10812558-630/ocm10812558/Output/0235.tif (deflated 4%)
  adding: mnt/lsdi/ocm10812558-630/ocm10812558/Output/0236.tif (deflated 3%)
  adding: mnt/lsdi/ocm10812558-630/ocm10812558/Output/0237.tif (deflated 3%)
  adding: mnt/lsdi/ocm10812558-630/ocm10812558/Output/0238.tif (deflated 3%)
  adding: mnt/lsdi/ocm10812558-630/ocm10812558/Output/0239.tif (deflated 4%)
  adding: mnt/lsdi/ocm10812558-630/ocm10812558/Output/0240.tif (deflated 69%)
  adding: mnt/lsdi/ocm10812558-630/ocm10812558/Output/0241.tif (deflated 84%)
  adding: mnt/lsdi/ocm10812558-630/ocm10812558/Output/0242.tif (deflated 3%)
  adding: mnt/lsdi/ocm10812558-630/ocm10812558/Output/0243.tif (deflated 4%)
  adding: mnt/lsdi/ocm10812558-630/ocm10812558/Output/0244.tif (deflated 3%)
  adding: mnt/lsdi/ocm10812558-630/ocm10812558/Output/0245.tif (deflated 4%)
  adding: mnt/lsdi/ocm10812558-630/ocm10812558/Output/0246.tif (deflated 3%)
  adding: mnt/lsdi/ocm10812558-630/ocm10812558/Output/0247.tif (deflated 4%)
  adding: mnt/lsdi/ocm10812558-630/ocm10812558/Output/0248.tif (deflated 73%)
  adding: mnt/lsdi/ocm10812558-630/ocm10812558/Output/0249.tif (deflated 84%)
  adding: mnt/lsdi/ocm10812558-630/ocm10812558/Output/0250.tif (deflated 3%)
  adding: mnt/lsdi/ocm10812558-630/ocm10812558/Output/0251.tif (deflated 4%)
  adding: mnt/lsdi/ocm10812558-630/ocm10812558/Output/0252.tif (deflated 3%)
  adding: mnt/lsdi/ocm10812558-630/ocm10812558/Output/0253.tif (deflated 3%)
  adding: mnt/lsdi/ocm10812558-630/ocm10812558/Output/0254.tif (deflated 2%)
  adding: mnt/lsdi/ocm10812558-630/ocm10812558/Output/0255.tif (deflated 4%)
  adding: mnt/lsdi/ocm10812558-630/ocm10812558/Output/0256.tif (deflated 65%)
  adding: mnt/lsdi/ocm10812558-630/ocm10812558/Output/0257.tif (deflated 84%)
  adding: mnt/lsdi/ocm10812558-630/ocm10812558/Output/0258.tif (deflated 3%)
  adding: mnt/lsdi/ocm10812558-630/ocm10812558/Output/0259.tif (deflated 4%)
  adding: mnt/lsdi/ocm10812558-630/ocm10812558/Output/0260.tif (deflated 3%)
  adding: mnt/lsdi/ocm10812558-630/ocm10812558/Output/0261.tif (deflated 3%)
  adding: mnt/lsdi/ocm10812558-630/ocm10812558/Output/0262.tif (deflated 3%)
  adding: mnt/lsdi/ocm10812558-630/ocm10812558/Output/0263.tif (deflated 3%)
  adding: mnt/lsdi/ocm10812558-630/ocm10812558/Output/0264.tif (deflated 3%)
  adding: mnt/lsdi/ocm10812558-630/ocm10812558/Output/0265.tif (deflated 6%)
  adding: mnt/lsdi/ocm10812558-630/ocm10812558/Output/0266.tif (deflated 3%)
  adding: mnt/lsdi/ocm10812558-630/ocm10812558/Output/0267.tif (deflated 4%)
  adding: mnt/lsdi/ocm10812558-630/ocm10812558/Output/0268.tif (deflated 3%)
  adding: mnt/lsdi/ocm10812558-630/ocm10812558/Output/0269.tif (deflated 3%)
  adding: mnt/lsdi/ocm10812558-630/ocm10812558/Output/0270.tif (deflated 3%)
  adding: mnt/lsdi/ocm10812558-630/ocm10812558/Output/0271.tif (deflated 4%)
  adding: mnt/lsdi/ocm10812558-630/ocm10812558/Output/0272.tif (deflated 69%)
  adding: mnt/lsdi/ocm10812558-630/ocm10812558/Output/0273.tif (deflated 84%)
  adding: mnt/lsdi/ocm10812558-630/ocm10812558/Output/0274.tif (deflated 3%)
  adding: mnt/lsdi/ocm10812558-630/ocm10812558/Output/0275.tif (deflated 4%)
  adding: mnt/lsdi/ocm10812558-630/ocm10812558/Output/0276.tif (deflated 3%)
  adding: mnt/lsdi/ocm10812558-630/ocm10812558/Output/0277.tif (deflated 3%)
  adding: mnt/lsdi/ocm10812558-630/ocm10812558/Output/0278.tif (deflated 3%)
  adding: mnt/lsdi/ocm10812558-630/ocm10812558/Output/0279.tif (deflated 4%)
  adding: mnt/lsdi/ocm10812558-630/ocm10812558/Output/0280.tif (deflated 3%)
  adding: mnt/lsdi/ocm10812558-630/ocm10812558/Output/0281.tif (deflated 3%)
  adding: mnt/lsdi/ocm10812558-630/ocm10812558/Output/0282.tif (deflated 48%)
  adding: mnt/lsdi/ocm10812558-630/ocm10812558/Output/0283.tif (deflated 84%)
  adding: mnt/lsdi/ocm10812558-630/ocm10812558/Output/0284.tif (deflated 2%)
  adding: mnt/lsdi/ocm10812558-630/ocm10812558/Output/0285.tif (deflated 3%)
  adding: mnt/lsdi/ocm10812558-630/ocm10812558/Output/0286.tif (deflated 3%)
  adding: mnt/lsdi/ocm10812558-630/ocm10812558/Output/0287.tif (deflated 4%)
  adding: mnt/lsdi/ocm10812558-630/ocm10812558/Output/0288.tif (deflated 3%)
  adding: mnt/lsdi/ocm10812558-630/ocm10812558/Output/0289.tif (deflated 3%)
  adding: mnt/lsdi/ocm10812558-630/ocm10812558/Output/0290.tif (deflated 73%)
  adding: mnt/lsdi/ocm10812558-630/ocm10812558/Output/0291.tif (deflated 84%)
  adding: mnt/lsdi/ocm10812558-630/ocm10812558/Output/0292.tif (deflated 3%)
  adding: mnt/lsdi/ocm10812558-630/ocm10812558/Output/0293.tif (deflated 3%)
  adding: mnt/lsdi/ocm10812558-630/ocm10812558/Output/0294.tif (deflated 58%)
  adding: mnt/lsdi/ocm10812558-630/ocm10812558/Output/0295.tif (deflated 84%)
  adding: mnt/lsdi/ocm10812558-630/ocm10812558/Output/0296.tif (deflated 3%)
  adding: mnt/lsdi/ocm10812558-630/ocm10812558/Output/0297.tif (deflated 4%)
  adding: mnt/lsdi/ocm10812558-630/ocm10812558/Output/0298.tif (deflated 66%)
  adding: mnt/lsdi/ocm10812558-630/ocm10812558/Output/0299.tif (deflated 84%)
  adding: mnt/lsdi/ocm10812558-630/ocm10812558/Output/0300.tif (deflated 3%)
  adding: mnt/lsdi/ocm10812558-630/ocm10812558/Output/0301.tif (deflated 3%)
  adding: mnt/lsdi/ocm10812558-630/ocm10812558/Output/0302.tif (deflated 3%)
  adding: mnt/lsdi/ocm10812558-630/ocm10812558/Output/0303.tif (deflated 4%)
  adding: mnt/lsdi/ocm10812558-630/ocm10812558/Output/0304.tif (deflated 67%)
  adding: mnt/lsdi/ocm10812558-630/ocm10812558/Output/0305.tif (deflated 84%)
  adding: mnt/lsdi/ocm10812558-630/ocm10812558/Output/0306.tif (deflated 3%)
  adding: mnt/lsdi/ocm10812558-630/ocm10812558/Output/0307.tif (deflated 3%)
  adding: mnt/lsdi/ocm10812558-630/ocm10812558/Output/0308.tif (deflated 3%)
  adding: mnt/lsdi/ocm10812558-630/ocm10812558/Output/0309.tif (deflated 4%)
  adding: mnt/lsdi/ocm10812558-630/ocm10812558/Output/0310.tif (deflated 3%)
  adding: mnt/lsdi/ocm10812558-630/ocm10812558/Output/0311.tif (deflated 3%)
  adding: mnt/lsdi/ocm10812558-630/ocm10812558/Output/0312.tif (deflated 3%)
  adding: mnt/lsdi/ocm10812558-630/ocm10812558/Output/0313.tif (deflated 4%)
  adding: mnt/lsdi/ocm10812558-630/ocm10812558/Output/0314.tif (deflated 3%)
  adding: mnt/lsdi/ocm10812558-630/ocm10812558/Output/0315.tif (deflated 3%)
  adding: mnt/lsdi/ocm10812558-630/ocm10812558/Output/0316.tif (deflated 3%)
  adding: mnt/lsdi/ocm10812558-630/ocm10812558/Output/0317.tif (deflated 4%)
  adding: mnt/lsdi/ocm10812558-630/ocm10812558/Output/0318.tif (deflated 3%)
  adding: mnt/lsdi/ocm10812558-630/ocm10812558/Output/0319.tif (deflated 4%)
  adding: mnt/lsdi/ocm10812558-630/ocm10812558/Output/0320.tif (deflated 3%)
  adding: mnt/lsdi/ocm10812558-630/ocm10812558/Output/0321.tif (deflated 3%)
  adding: mnt/lsdi/ocm10812558-630/ocm10812558/Output/0322.tif (deflated 3%)
  adding: mnt/lsdi/ocm10812558-630/ocm10812558/Output/0323.tif (deflated 4%)
  adding: mnt/lsdi/ocm10812558-630/ocm10812558/Output/0324.tif (deflated 3%)
  adding: mnt/lsdi/ocm10812558-630/ocm10812558/Output/0325.tif (deflated 3%)
  adding: mnt/lsdi/ocm10812558-630/ocm10812558/Output/0326.tif (deflated 3%)
  adding: mnt/lsdi/ocm10812558-630/ocm10812558/Output/0327.tif (deflated 4%)
  adding: mnt/lsdi/ocm10812558-630/ocm10812558/Output/0328.tif (deflated 3%)
  adding: mnt/lsdi/ocm10812558-630/ocm10812558/Output/0329.tif (deflated 4%)
  adding: mnt/lsdi/ocm10812558-630/ocm10812558/Output/0330.tif (deflated 3%)
  adding: mnt/lsdi/ocm10812558-630/ocm10812558/Output/0331.tif (deflated 3%)
  adding: mnt/lsdi/ocm10812558-630/ocm10812558/Output/0332.tif (deflated 3%)
  adding: mnt/lsdi/ocm10812558-630/ocm10812558/Output/0333.tif (deflated 4%)
  adding: mnt/lsdi/ocm10812558-630/ocm10812558/Output/0334.tif (deflated 3%)
  adding: mnt/lsdi/ocm10812558-630/ocm10812558/Output/0335.tif (deflated 3%)
  adding: mnt/lsdi/ocm10812558-630/ocm10812558/Output/0336.tif (deflated 3%)
  adding: mnt/lsdi/ocm10812558-630/ocm10812558/Output/0337.tif (deflated 4%)
  adding: mnt/lsdi/ocm10812558-630/ocm10812558/Output/0338.tif (deflated 73%)
  adding: mnt/lsdi/ocm10812558-630/ocm10812558/Output/0339.tif (deflated 84%)
  adding: mnt/lsdi/ocm10812558-630/ocm10812558/Output/0340.tif (deflated 3%)
  adding: mnt/lsdi/ocm10812558-630/ocm10812558/Output/0341.tif (deflated 4%)
  adding: mnt/lsdi/ocm10812558-630/ocm10812558/Output/0342.tif (deflated 3%)
  adding: mnt/lsdi/ocm10812558-630/ocm10812558/Output/0343.tif (deflated 3%)
  adding: mnt/lsdi/ocm10812558-630/ocm10812558/Output/0344.tif (deflated 65%)
  adding: mnt/lsdi/ocm10812558-630/ocm10812558/Output/0345.tif (deflated 84%)
  adding: mnt/lsdi/ocm10812558-630/ocm10812558/Output/0346.tif (deflated 2%)
  adding: mnt/lsdi/ocm10812558-630/ocm10812558/Output/0347.tif (deflated 5%)
  adding: mnt/lsdi/ocm10812558-630/ocm10812558/Output/0348.tif (deflated 2%)
  adding: mnt/lsdi/ocm10812558-630/ocm10812558/Output/0349.tif (deflated 2%)
  adding: mnt/lsdi/ocm10812558-630/ocm10812558/Output/0350.tif (deflated 3%)
  adding: mnt/lsdi/ocm10812558-630/ocm10812558/Output/0351.tif (deflated 3%)
  adding: mnt/lsdi/ocm10812558-630/ocm10812558/Output/0352.tif (deflated 3%)
  adding: mnt/lsdi/ocm10812558-630/ocm10812558/Output/0353.tif (deflated 3%)
  adding: mnt/lsdi/ocm10812558-630/ocm10812558/Output/0354.tif (deflated 84%)
  adding: mnt/lsdi/ocm10812558-630/ocm10812558/Output/0355.tif (deflated 67%)
  adding: mnt/lsdi/ocm10812558-630/ocm10812558/Output/0356.tif (deflated 57%)
  adding: mnt/lsdi/ocm10812558-630/ocm10812558/Output/0357.tif (deflated 84%)
  adding: mnt/lsdi/ocm10812558-630/ocm10812558/Output/0358.tif (deflated 3%)
  adding: mnt/lsdi/ocm10812558-630/ocm10812558/Output/0359.tif (deflated 3%)
  adding: mnt/lsdi/ocm10812558-630/ocm10812558/Output/0360.tif (deflated 3%)
  adding: mnt/lsdi/ocm10812558-630/ocm10812558/Output/0361.tif (deflated 3%)
  adding: mnt/lsdi/ocm10812558-630/ocm10812558/Output/0362.tif (deflated 3%)
  adding: mnt/lsdi/ocm10812558-630/ocm10812558/Output/0363.tif (deflated 3%)
  adding: mnt/lsdi/ocm10812558-630/ocm10812558/Output/0364.tif (deflated 69%)
  adding: mnt/lsdi/ocm10812558-630/ocm10812558/Output/0365.tif (deflated 84%)
  adding: mnt/lsdi/ocm10812558-630/ocm10812558/Output/0366.tif (deflated 2%)
  adding: mnt/lsdi/ocm10812558-630/ocm10812558/Output/0367.tif (deflated 3%)
  adding: mnt/lsdi/ocm10812558-630/ocm10812558/Output/0368.tif (deflated 3%)
  adding: mnt/lsdi/ocm10812558-630/ocm10812558/Output/0369.tif (deflated 3%)
  adding: mnt/lsdi/ocm10812558-630/ocm10812558/Output/0370.tif (deflated 3%)
  adding: mnt/lsdi/ocm10812558-630/ocm10812558/Output/0371.tif (deflated 3%)
  adding: mnt/lsdi/ocm10812558-630/ocm10812558/Output/0372.tif (deflated 2%)
  adding: mnt/lsdi/ocm10812558-630/ocm10812558/Output/0373.tif (deflated 3%)
  adding: mnt/lsdi/ocm10812558-630/ocm10812558/Output/0374.tif (deflated 73%)
  adding: mnt/lsdi/ocm10812558-630/ocm10812558/Output/0375.tif (deflated 84%)
  adding: mnt/lsdi/ocm10812558-630/ocm10812558/Output/0376.tif (deflated 3%)
  adding: mnt/lsdi/ocm10812558-630/ocm10812558/Output/0377.tif (deflated 4%)
  adding: mnt/lsdi/ocm10812558-630/ocm10812558/Output/0378.tif (deflated 3%)
  adding: mnt/lsdi/ocm10812558-630/ocm10812558/Output/0379.tif (deflated 4%)
  adding: mnt/lsdi/ocm10812558-630/ocm10812558/Output/0380.tif (deflated 3%)
  adding: mnt/lsdi/ocm10812558-630/ocm10812558/Output/0381.tif (deflated 4%)
  adding: mnt/lsdi/ocm10812558-630/ocm10812558/Output/0382.tif (deflated 3%)
  adding: mnt/lsdi/ocm10812558-630/ocm10812558/Output/0383.tif (deflated 4%)
  adding: mnt/lsdi/ocm10812558-630/ocm10812558/Output/0384.tif (deflated 62%)
  adding: mnt/lsdi/ocm10812558-630/ocm10812558/Output/0385.tif (deflated 84%)
  adding: mnt/lsdi/ocm10812558-630/ocm10812558/Output/0386.tif (deflated 3%)
  adding: mnt/lsdi/ocm10812558-630/ocm10812558/Output/0387.tif (deflated 4%)
  adding: mnt/lsdi/ocm10812558-630/ocm10812558/Output/0388.tif (deflated 3%)
  adding: mnt/lsdi/ocm10812558-630/ocm10812558/Output/0389.tif (deflated 4%)
  adding: mnt/lsdi/ocm10812558-630/ocm10812558/Output/0390.tif (deflated 3%)
  adding: mnt/lsdi/ocm10812558-630/ocm10812558/Output/0391.tif (deflated 4%)
  adding: mnt/lsdi/ocm10812558-630/ocm10812558/Output/0392.tif (deflated 75%)
  adding: mnt/lsdi/ocm10812558-630/ocm10812558/Output/0393.tif (deflated 84%)
  adding: mnt/lsdi/ocm10812558-630/ocm10812558/Output/0394.tif (deflated 3%)
  adding: mnt/lsdi/ocm10812558-630/ocm10812558/Output/0395.tif (deflated 4%)
  adding: mnt/lsdi/ocm10812558-630/ocm10812558/Output/0396.tif (deflated 3%)
  adding: mnt/lsdi/ocm10812558-630/ocm10812558/Output/0397.tif (deflated 3%)
  adding: mnt/lsdi/ocm10812558-630/ocm10812558/Output/0398.tif (deflated 3%)
  adding: mnt/lsdi/ocm10812558-630/ocm10812558/Output/0399.tif (deflated 4%)
  adding: mnt/lsdi/ocm10812558-630/ocm10812558/Output/0400.tif (deflated 59%)
  adding: mnt/lsdi/ocm10812558-630/ocm10812558/Output/0401.tif (deflated 84%)
  adding: mnt/lsdi/ocm10812558-630/ocm10812558/Output/0402.tif (deflated 3%)
  adding: mnt/lsdi/ocm10812558-630/ocm10812558/Output/0403.tif (deflated 4%)
  adding: mnt/lsdi/ocm10812558-630/ocm10812558/Output/0404.tif (deflated 2%)
  adding: mnt/lsdi/ocm10812558-630/ocm10812558/Output/0405.tif (deflated 4%)
  adding: mnt/lsdi/ocm10812558-630/ocm10812558/Output/0406.tif (deflated 63%)
  adding: mnt/lsdi/ocm10812558-630/ocm10812558/Output/0407.tif (deflated 84%)
  adding: mnt/lsdi/ocm10812558-630/ocm10812558/Output/0408.tif (deflated 3%)
  adding: mnt/lsdi/ocm10812558-630/ocm10812558/Output/0409.tif (deflated 4%)
  adding: mnt/lsdi/ocm10812558-630/ocm10812558/Output/0410.tif (deflated 3%)
  adding: mnt/lsdi/ocm10812558-630/ocm10812558/Output/0411.tif (deflated 4%)
  adding: mnt/lsdi/ocm10812558-630/ocm10812558/Output/0412.tif (deflated 3%)
  adding: mnt/lsdi/ocm10812558-630/ocm10812558/Output/0413.tif (deflated 4%)
  adding: mnt/lsdi/ocm10812558-630/ocm10812558/Output/0414.tif (deflated 3%)
  adding: mnt/lsdi/ocm10812558-630/ocm10812558/Output/0415.tif (deflated 4%)
  adding: mnt/lsdi/ocm10812558-630/ocm10812558/Output/0416.tif (deflated 60%)
  adding: mnt/lsdi/ocm10812558-630/ocm10812558/Output/0417.tif (deflated 84%)
  adding: mnt/lsdi/ocm10812558-630/ocm10812558/Output/0418.tif (deflated 3%)
  adding: mnt/lsdi/ocm10812558-630/ocm10812558/Output/0419.tif (deflated 4%)
  adding: mnt/lsdi/ocm10812558-630/ocm10812558/Output/0420.tif (deflated 3%)
  adding: mnt/lsdi/ocm10812558-630/ocm10812558/Output/0421.tif (deflated 4%)
  adding: mnt/lsdi/ocm10812558-630/ocm10812558/Output/0422.tif (deflated 3%)
  adding: mnt/lsdi/ocm10812558-630/ocm10812558/Output/0423.tif (deflated 3%)
  adding: mnt/lsdi/ocm10812558-630/ocm10812558/Output/0424.tif (deflated 3%)
  adding: mnt/lsdi/ocm10812558-630/ocm10812558/Output/0425.tif (deflated 4%)
  adding: mnt/lsdi/ocm10812558-630/ocm10812558/Output/0426.tif (deflated 3%)
  adding: mnt/lsdi/ocm10812558-630/ocm10812558/Output/0427.tif (deflated 4%)
  adding: mnt/lsdi/ocm10812558-630/ocm10812558/Output/0428.tif (deflated 3%)
  adding: mnt/lsdi/ocm10812558-630/ocm10812558/Output/0429.tif (deflated 84%)
  adding: mnt/lsdi/ocm10812558-630/ocm10812558/Output/0430.tif (deflated 34%)
  adding: mnt/lsdi/ocm10812558-630/ocm10812558/Output/0431.tif (deflated 84%)
  adding: mnt/lsdi/ocm10812558-630/ocm10812558/Output/0432.tif (deflated 2%)
  adding: mnt/lsdi/ocm10812558-630/ocm10812558/Output/0433.tif (deflated 2%)
  adding: mnt/lsdi/ocm10812558-630/ocm10812558/Output/0434.tif (deflated 2%)
  adding: mnt/lsdi/ocm10812558-630/ocm10812558/Output/0435.tif (deflated 3%)
  adding: mnt/lsdi/ocm10812558-630/ocm10812558/Output/0436.tif (deflated 2%)
  adding: mnt/lsdi/ocm10812558-630/ocm10812558/Output/0437.tif (deflated 3%)
  adding: mnt/lsdi/ocm10812558-630/ocm10812558/Output/0438.tif (deflated 2%)
  adding: mnt/lsdi/ocm10812558-630/ocm10812558/Output/0439.tif (deflated 3%)
  adding: mnt/lsdi/ocm10812558-630/ocm10812558/Output/0440.tif (deflated 2%)
  adding: mnt/lsdi/ocm10812558-630/ocm10812558/Output/0441.tif (deflated 3%)
  adding: mnt/lsdi/ocm10812558-630/ocm10812558/Output/0442.tif (deflated 2%)
  adding: mnt/lsdi/ocm10812558-630/ocm10812558/Output/0443.tif (deflated 3%)
  adding: mnt/lsdi/ocm10812558-630/ocm10812558/Output/0444.tif (deflated 2%)
  adding: mnt/lsdi/ocm10812558-630/ocm10812558/Output/0445.tif (deflated 3%)
  adding: mnt/lsdi/ocm10812558-630/ocm10812558/Output/0446.tif (deflated 2%)
  adding: mnt/lsdi/ocm10812558-630/ocm10812558/Output/0447.tif (deflated 3%)
  adding: mnt/lsdi/ocm10812558-630/ocm10812558/Output/0448.tif (deflated 2%)
  adding: mnt/lsdi/ocm10812558-630/ocm10812558/Output/0449.tif (deflated 3%)
  adding: mnt/lsdi/ocm10812558-630/ocm10812558/Output/0450.tif (deflated 2%)
  adding: mnt/lsdi/ocm10812558-630/ocm10812558/Output/0451.tif (deflated 3%)
  adding: mnt/lsdi/ocm10812558-630/ocm10812558/Output/0452.tif (deflated 2%)
  adding: mnt/lsdi/ocm10812558-630/ocm10812558/Output/0453.tif (deflated 3%)
  adding: mnt/lsdi/ocm10812558-630/ocm10812558/Output/0454.tif (deflated 2%)
  adding: mnt/lsdi/ocm10812558-630/ocm10812558/Output/0455.tif (deflated 3%)
  adding: mnt/lsdi/ocm10812558-630/ocm10812558/Output/0456.tif (deflated 2%)
  adding: mnt/lsdi/ocm10812558-630/ocm10812558/Output/0457.tif (deflated 3%)
  adding: mnt/lsdi/ocm10812558-630/ocm10812558/Output/0458.tif (deflated 3%)
  adding: mnt/lsdi/ocm10812558-630/ocm10812558/Output/0459.tif (deflated 3%)
  adding: mnt/lsdi/ocm10812558-630/ocm10812558/Output/0460.tif (deflated 3%)
  adding: mnt/lsdi/ocm10812558-630/ocm10812558/Output/0461.tif (deflated 3%)
  adding: mnt/lsdi/ocm10812558-630/ocm10812558/Output/0462.tif (deflated 2%)
  adding: mnt/lsdi/ocm10812558-630/ocm10812558/Output/0463.tif (deflated 3%)
  adding: mnt/lsdi/ocm10812558-630/ocm10812558/Output/0464.tif (deflated 3%)
  adding: mnt/lsdi/ocm10812558-630/ocm10812558/Output/0465.tif (deflated 2%)
  adding: mnt/lsdi/ocm10812558-630/ocm10812558/Output/0466.tif (deflated 2%)
  adding: mnt/lsdi/ocm10812558-630/ocm10812558/Output/0467.tif (deflated 3%)
  adding: mnt/lsdi/ocm10812558-630/ocm10812558/Output/0468.tif (deflated 2%)
  adding: mnt/lsdi/ocm10812558-630/ocm10812558/Output/0469.tif (deflated 3%)
  adding: mnt/lsdi/ocm10812558-630/ocm10812558/Output/0470.tif (deflated 3%)
  adding: mnt/lsdi/ocm10812558-630/ocm10812558/Output/0471.tif (deflated 2%)
  adding: mnt/lsdi/ocm10812558-630/ocm10812558/Output/0472.tif (deflated 3%)
  adding: mnt/lsdi/ocm10812558-630/ocm10812558/Output/0473.tif (deflated 84%)
  adding: mnt/lsdi/ocm10812558-630/ocm10812558/Output/0474.tif (deflated 2%)
  adding: mnt/lsdi/ocm10812558-630/ocm10812558/Output/0475.tif (deflated 1%)
  adding: mnt/lsdi/ocm10812558-630/ocm10812558/Output/0476.tif (deflated 2%)
  adding: mnt/lsdi/ocm10812558-630/ocm10812558/Output/0477.tif (deflated 2%)
  adding: mnt/lsdi/ocm10812558-630/ocm10812558/Output/0478.tif (deflated 2%)
  adding: mnt/lsdi/ocm10812558-630/ocm10812558/Output/0479.tif (deflated 2%)
  adding: mnt/lsdi/ocm10812558-630/ocm10812558/Output/0480.tif (deflated 2%)
  adding: mnt/lsdi/ocm10812558-630/ocm10812558/Output/0481.tif (deflated 1%)
  adding: mnt/lsdi/ocm10812558-630/ocm10812558/Output/0482.tif (deflated 2%)
  adding: mnt/lsdi/ocm10812558-630/ocm10812558/Output/0483.tif (deflated 2%)
  adding: mnt/lsdi/ocm10812558-630/ocm10812558/Output/0484.tif (deflated 1%)
  adding: mnt/lsdi/ocm10812558-630/ocm10812558/Output/0485.tif (deflated 2%)
  adding: mnt/lsdi/ocm10812558-630/ocm10812558/Output/0486.tif (deflated 2%)
  adding: mnt/lsdi/ocm10812558-630/ocm10812558/Output/0487.tif (deflated 2%)
  adding: mnt/lsdi/ocm10812558-630/ocm10812558/Output/0488.tif (deflated 84%)
curl --location --header authorization: LOW fpJYfLnxbLmCEHqU:JQbq6NgBaPrSh98Y --upload-file /temp/ocm10812558_630_images.zip http://s3.us.archive.org/10812558.630.emory.edu/10812558_630_images.zip
  % Total    % Received % Xferd  Average Speed   Time    Time     Time  Current
                                 Dload  Upload   Total   Spent    Left  Speed
  0     0    0     0    0     0      0      0 --:--:-- --:--:-- --:--:--     0  0 97.3M    0     0    0     0      0      0 --:--:--  0:00:01 --:--:--     0  0 97.3M    0     0    0  160k      0   124k  0:13:18  0:00:01  0:13:17  132k  1 97.3M    0     0    1 1056k      0   470k  0:03:31  0:00:02  0:03:29  486k  1 97.3M    0     0    1 1952k      0   601k  0:02:45  0:00:03  0:02:42  615k  2 97.3M    0     0    2 2832k      0   667k  0:02:29  0:00:04  0:02:25  678k  3 97.3M    0     0    3 3712k      0   707k  0:02:20  0:00:05  0:02:15  889k  4 97.3M    0     0    4 4592k      0   734k  0:02:15  0:00:06  0:02:09  892k  5 97.3M    0     0    5 5488k      0   755k  0:02:11  0:00:07  0:02:04  882k  6 97.3M    0     0    6 6352k      0   769k  0:02:09  0:00:08  0:02:01  877k  7 97.3M    0     0    7 7232k      0   781k  0:02:07  0:00:09  0:01:58  878k  8 97.3M    0     0    8 8112k      0   791k  0:02:05  0:00:10  0:01:55  879k  9 97.3M    0     0    9 8992k      0   798k  0:02:04  0:00:11  0:01:53  877k  9 97.3M    0     0    9 9856k      0   804k  0:02:03  0:00:12  0:01:51  877k 10 97.3M    0     0   10 10.4M      0   808k  0:02:03  0:00:13  0:01:50  873k 11 97.3M    0     0   11 11.3M      0   813k  0:02:02  0:00:14  0:01:48  872k 12 97.3M    0     0   12 12.2M      0   819k  0:02:01  0:00:15  0:01:46  878k 13 97.3M    0     0   13 13.0M      0   824k  0:02:00  0:00:16  0:01:44  883k 14 97.3M    0     0   14 13.9M      0   824k  0:02:00  0:00:17  0:01:43  871k 14 97.3M    0     0   14 14.5M      0   816k  0:02:02  0:00:18  0:01:44  836k 15 97.3M    0     0   15 15.3M      0   814k  0:02:02  0:00:19  0:01:43  817k 16 97.3M    0     0   16 16.1M      0   817k  0:02:01  0:00:20  0:01:41  810k 17 97.3M    0     0   17 17.0M      0   820k  0:02:01  0:00:21  0:01:40  809k 18 97.3M    0     0   18 17.8M      0   823k  0:02:01  0:00:22  0:01:39  820k 19 97.3M    0     0   19 18.7M      0   825k  0:02:00  0:00:23  0:01:37  857k 20 97.3M    0     0   20 19.6M      0   828k  0:02:00  0:00:24  0:01:36  880k 21 97.3M    0     0   21 20.4M      0   830k  0:01:59  0:00:25  0:01:34  883k 21 97.3M    0     0   21 21.3M      0   832k  0:01:59  0:00:26  0:01:33  882k 22 97.3M    0     0   22 22.2M      0   833k  0:01:59  0:00:27  0:01:32  877k 23 97.3M    0     0   23 23.0M      0   835k  0:01:59  0:00:28  0:01:31  882k 24 97.3M    0     0   24 23.9M      0   836k  0:01:59  0:00:29  0:01:30  878k 25 97.3M    0     0   25 24.7M      0   838k  0:01:58  0:00:30  0:01:28  876k 26 97.3M    0     0   26 25.5M      0   837k  0:01:59  0:00:31  0:01:28  862k 27 97.3M    0     0   27 26.4M      0   838k  0:01:58  0:00:32  0:01:26  867k 28 97.3M    0     0   28 27.2M      0   840k  0:01:58  0:00:33  0:01:25  868k 28 97.3M    0     0   28 28.1M      0   841k  0:01:58  0:00:34  0:01:24  870k 29 97.3M    0     0   29 29.0M      0   842k  0:01:58  0:00:35  0:01:23  869k 30 97.3M    0     0   30 29.8M      0   842k  0:01:58  0:00:36  0:01:22  877k 31 97.3M    0     0   31 30.7M      0   843k  0:01:58  0:00:37  0:01:21  875k 32 97.3M    0     0   32 31.5M      0   844k  0:01:57  0:00:38  0:01:19  876k 33 97.3M    0     0   33 32.4M      0   846k  0:01:57  0:00:39  0:01:18  878k 34 97.3M    0     0   34 33.2M      0   847k  0:01:57  0:00:40  0:01:17  878k 35 97.3M    0     0   35 34.1M      0   848k  0:01:57  0:00:41  0:01:16  888k 36 97.3M    0     0   36 35.0M      0   849k  0:01:57  0:00:42  0:01:15  892k 36 97.3M    0     0   36 35.8M      0   848k  0:01:57  0:00:43  0:01:14  879k 37 97.3M    0     0   37 36.6M      0   849k  0:01:57  0:00:44  0:01:13  872k 38 97.3M    0     0   38 37.5M      0   849k  0:01:57  0:00:45  0:01:12  869k 39 97.3M    0     0   39 38.4M      0   850k  0:01:57  0:00:46  0:01:11  866k 40 97.3M    0     0   40 39.2M      0   851k  0:01:57  0:00:47  0:01:10  865k 41 97.3M    0     0   41 40.1M      0   851k  0:01:56  0:00:48  0:01:08  878k 42 97.3M    0     0   42 41.0M      0   852k  0:01:56  0:00:49  0:01:07  887k 43 97.3M    0     0   43 41.8M      0   853k  0:01:56  0:00:50  0:01:06  890k 43 97.3M    0     0   43 42.7M      0   853k  0:01:56  0:00:51  0:01:05  886k 44 97.3M    0     0   44 43.5M      0   853k  0:01:56  0:00:52  0:01:04  877k 45 97.3M    0     0   45 44.4M      0   854k  0:01:56  0:00:53  0:01:03  877k 46 97.3M    0     0   46 45.2M      0   854k  0:01:56  0:00:54  0:01:02  873k 47 97.3M    0     0   47 46.1M      0   854k  0:01:56  0:00:55  0:01:01  867k 48 97.3M    0     0   48 46.9M      0   855k  0:01:56  0:00:56  0:01:00  870k 49 97.3M    0     0   49 47.8M      0   856k  0:01:56  0:00:57  0:00:59  880k 50 97.3M    0     0   50 48.7M      0   856k  0:01:56  0:00:58  0:00:58  879k 50 97.3M    0     0   50 49.5M      0   856k  0:01:56  0:00:59  0:00:57  877k 51 97.3M    0     0   51 50.4M      0   857k  0:01:56  0:01:00  0:00:56  880k 52 97.3M    0     0   52 51.2M      0   857k  0:01:56  0:01:01  0:00:55  878k 53 97.3M    0     0   53 52.1M      0   857k  0:01:56  0:01:02  0:00:54  877k 54 97.3M    0     0   54 53.0M      0   858k  0:01:56  0:01:03  0:00:53  876k 55 97.3M    0     0   55 53.8M      0   858k  0:01:56  0:01:04  0:00:52  875k 56 97.3M    0     0   56 54.7M      0   858k  0:01:56  0:01:05  0:00:51  878k 57 97.3M    0     0   57 55.5M      0   859k  0:01:56  0:01:06  0:00:50  880k 57 97.3M    0     0   57 56.4M      0   859k  0:01:56  0:01:07  0:00:49  874k 58 97.3M    0     0   58 57.2M      0   859k  0:01:55  0:01:08  0:00:47  873k 59 97.3M    0     0   59 57.9M      0   857k  0:01:56  0:01:09  0:00:47  846k 60 97.3M    0     0   60 58.7M      0   855k  0:01:56  0:01:10  0:00:46  820k 61 97.3M    0     0   61 59.5M      0   855k  0:01:56  0:01:11  0:00:45  814k 62 97.3M    0     0   62 60.4M      0   856k  0:01:56  0:01:12  0:00:44  819k 63 97.3M    0     0   63 61.3M      0   857k  0:01:56  0:01:13  0:00:43  829k 63 97.3M    0     0   63 62.2M      0   857k  0:01:56  0:01:14  0:00:42  859k 64 97.3M    0     0   64 63.0M      0   857k  0:01:56  0:01:15  0:00:41  884k 65 97.3M    0     0   65 63.8M      0   857k  0:01:56  0:01:16  0:00:40  876k 66 97.3M    0     0   66 64.7M      0   857k  0:01:56  0:01:17  0:00:39  876k 67 97.3M    0     0   67 65.5M      0   858k  0:01:56  0:01:18  0:00:38  873k 68 97.3M    0     0   68 66.4M      0   858k  0:01:56  0:01:19  0:00:37  869k 69 97.3M    0     0   69 67.2M      0   858k  0:01:56  0:01:20  0:00:36  865k 70 97.3M    0     0   70 68.1M      0   858k  0:01:56  0:01:21  0:00:35  877k 70 97.3M    0     0   70 69.0M      0   858k  0:01:56  0:01:22  0:00:34  873k 71 97.3M    0     0   71 69.8M      0   858k  0:01:56  0:01:23  0:00:33  868k 72 97.3M    0     0   72 70.7M      0   859k  0:01:56  0:01:24  0:00:32  870k 73 97.3M    0     0   73 71.5M      0   859k  0:01:55  0:01:25  0:00:30  873k 74 97.3M    0     0   74 72.4M      0   859k  0:01:55  0:01:26  0:00:29  876k 75 97.3M    0     0   75 73.2M      0   859k  0:01:55  0:01:27  0:00:28  880k 76 97.3M    0     0   76 74.1M      0   860k  0:01:55  0:01:28  0:00:27  883k 77 97.3M    0     0   77 75.0M      0   860k  0:01:55  0:01:29  0:00:26  883k 77 97.3M    0     0   77 75.8M      0   860k  0:01:55  0:01:30  0:00:25  883k 78 97.3M    0     0   78 76.7M      0   860k  0:01:55  0:01:31  0:00:24  879k 79 97.3M    0     0   79 77.5M      0   860k  0:01:55  0:01:32  0:00:23  879k 80 97.3M    0     0   80 78.4M      0   861k  0:01:55  0:01:33  0:00:22  878k 81 97.3M    0     0   81 79.2M      0   861k  0:01:55  0:01:34  0:00:21  878k 82 97.3M    0     0   82 80.1M      0   861k  0:01:55  0:01:35  0:00:20  878k 83 97.3M    0     0   83 81.0M      0   861k  0:01:55  0:01:36  0:00:19  880k 84 97.3M    0     0   84 81.8M      0   861k  0:01:55  0:01:37  0:00:18  873k 84 97.3M    0     0   84 82.6M      0   861k  0:01:55  0:01:38  0:00:17  865k 85 97.3M    0     0   85 83.5M      0   861k  0:01:55  0:01:39  0:00:16  864k 86 97.3M    0     0   86 84.3M      0   861k  0:01:55  0:01:40  0:00:15  857k 87 97.3M    0     0   87 85.1M      0   861k  0:01:55  0:01:41  0:00:14  858k 88 97.3M    0     0   88 86.0M      0   861k  0:01:55  0:01:42  0:00:13  860k 89 97.3M    0     0   89 86.8M      0   861k  0:01:55  0:01:43  0:00:12  867k 90 97.3M    0     0   90 87.7M      0   862k  0:01:55  0:01:44  0:00:11  874k 91 97.3M    0     0   91 88.6M      0   862k  0:01:55  0:01:45  0:00:10  882k 91 97.3M    0     0   91 89.5M      0   862k  0:01:55  0:01:46  0:00:09  878k 92 97.3M    0     0   92 90.3M      0   862k  0:01:55  0:01:47  0:00:08  884k 93 97.3M    0     0   93 91.2M      0   862k  0:01:55  0:01:48  0:00:07  884k 94 97.3M    0     0   94 92.0M      0   862k  0:01:55  0:01:49  0:00:06  878k 95 97.3M    0     0   95 92.9M      0   863k  0:01:55  0:01:50  0:00:05  880k 96 97.3M    0     0   96 93.7M      0   863k  0:01:55  0:01:51  0:00:04  881k 97 97.3M    0     0   97 94.6M      0   863k  0:01:55  0:01:52  0:00:03  880k 98 97.3M    0     0   98 95.5M      0   863k  0:01:55  0:01:53  0:00:02  881k 99 97.3M    0     0   99 96.3M      0   863k  0:01:55  0:01:54  0:00:01  884k 99 97.3M    0     0   99 97.2M      0   863k  0:01:55  0:01:55 --:--:--  882k100 97.3M    0     0  100 97.3M      0   856k  0:01:56  0:01:56 --:--:--  712k100 97.3M    0     0  100 97.3M      0   855k  0:01:56  0:01:56 --:--:--  639k
