13141025
curl --location --header x-amz-auto-make-bucket:1 --header x-archive-ignore-preexisting-bucket:1 --header x-archive-queue-derive:0 --header x-archive-meta-mediatype:texts --header x-archive-meta03-collection:emory --header x-archive-meta01-collection:americanmethodism --header x-archive-meta-sponsor:Emory University, Pitts Theology Library --header x-archive-meta-contributor:Emory University, Pitts Theology Library --header x-archive-meta-ppi:300 --header authorization: LOW fpJYfLnxbLmCEHqU:JQbq6NgBaPrSh98Y --upload-file /mnt/lsdi/ocm13141025/ocm13141025/ocm13141025_MRC.xml http://s3.us.archive.org/13141025.emory.edu/13141025.emory.edu_marc.xml
  % Total    % Received % Xferd  Average Speed   Time    Time     Time  Current
                                 Dload  Upload   Total   Spent    Left  Speed
  0     0    0     0    0     0      0      0 --:--:-- --:--:-- --:--:--     0  0  3476    0     0    0     0      0      0 --:--:-- --:--:-- --:--:--     0100  3476    0     0  100  3476      0   2094  0:00:01  0:00:01 --:--:--  2191100  3476    0     0  100  3476      0   2094  0:00:01  0:00:01 --:--:--  2191
zip -r /temp/ocm13141025_images.zip /mnt/lsdi/ocm13141025/ocm13141025/Output/000000.tif /mnt/lsdi/ocm13141025/ocm13141025/Output/000001.tif /mnt/lsdi/ocm13141025/ocm13141025/Output/000002.tif /mnt/lsdi/ocm13141025/ocm13141025/Output/000003.tif /mnt/lsdi/ocm13141025/ocm13141025/Output/000004.tif /mnt/lsdi/ocm13141025/ocm13141025/Output/000005.tif /mnt/lsdi/ocm13141025/ocm13141025/Output/000006.tif /mnt/lsdi/ocm13141025/ocm13141025/Output/000007.tif /mnt/lsdi/ocm13141025/ocm13141025/Output/000008.tif /mnt/lsdi/ocm13141025/ocm13141025/Output/000009.tif /mnt/lsdi/ocm13141025/ocm13141025/Output/000010.tif /mnt/lsdi/ocm13141025/ocm13141025/Output/000011.tif /mnt/lsdi/ocm13141025/ocm13141025/Output/000012.tif /mnt/lsdi/ocm13141025/ocm13141025/Output/000013.tif /mnt/lsdi/ocm13141025/ocm13141025/Output/000014.tif /mnt/lsdi/ocm13141025/ocm13141025/Output/000015.tif /mnt/lsdi/ocm13141025/ocm13141025/Output/000016.tif /mnt/lsdi/ocm13141025/ocm13141025/Output/000017.tif /mnt/lsdi/ocm13141025/ocm13141025/Output/000018.tif /mnt/lsdi/ocm13141025/ocm13141025/Output/000019.tif /mnt/lsdi/ocm13141025/ocm13141025/Output/000020.tif /mnt/lsdi/ocm13141025/ocm13141025/Output/000021.tif /mnt/lsdi/ocm13141025/ocm13141025/Output/000022.tif /mnt/lsdi/ocm13141025/ocm13141025/Output/000023.tif /mnt/lsdi/ocm13141025/ocm13141025/Output/000024.tif /mnt/lsdi/ocm13141025/ocm13141025/Output/000025.tif /mnt/lsdi/ocm13141025/ocm13141025/Output/000026.tif /mnt/lsdi/ocm13141025/ocm13141025/Output/000027.tif /mnt/lsdi/ocm13141025/ocm13141025/Output/000030.tif /mnt/lsdi/ocm13141025/ocm13141025/Output/000031.tif /mnt/lsdi/ocm13141025/ocm13141025/Output/000032.tif /mnt/lsdi/ocm13141025/ocm13141025/Output/000033.tif /mnt/lsdi/ocm13141025/ocm13141025/Output/000034.tif /mnt/lsdi/ocm13141025/ocm13141025/Output/000035.tif /mnt/lsdi/ocm13141025/ocm13141025/Output/000036.tif /mnt/lsdi/ocm13141025/ocm13141025/Output/000037.tif /mnt/lsdi/ocm13141025/ocm13141025/Output/000038.tif /mnt/lsdi/ocm13141025/ocm13141025/Output/000039.tif /mnt/lsdi/ocm13141025/ocm13141025/Output/000040.tif /mnt/lsdi/ocm13141025/ocm13141025/Output/000041.tif /mnt/lsdi/ocm13141025/ocm13141025/Output/000042.tif /mnt/lsdi/ocm13141025/ocm13141025/Output/000043.tif /mnt/lsdi/ocm13141025/ocm13141025/Output/000044.tif /mnt/lsdi/ocm13141025/ocm13141025/Output/000045.tif /mnt/lsdi/ocm13141025/ocm13141025/Output/000046.tif /mnt/lsdi/ocm13141025/ocm13141025/Output/000047.tif /mnt/lsdi/ocm13141025/ocm13141025/Output/000048.tif /mnt/lsdi/ocm13141025/ocm13141025/Output/000049.tif /mnt/lsdi/ocm13141025/ocm13141025/Output/000050.tif /mnt/lsdi/ocm13141025/ocm13141025/Output/000051.tif /mnt/lsdi/ocm13141025/ocm13141025/Output/000052.tif /mnt/lsdi/ocm13141025/ocm13141025/Output/000053.tif /mnt/lsdi/ocm13141025/ocm13141025/Output/000054.tif /mnt/lsdi/ocm13141025/ocm13141025/Output/000055.tif /mnt/lsdi/ocm13141025/ocm13141025/Output/000056.tif /mnt/lsdi/ocm13141025/ocm13141025/Output/000057.tif /mnt/lsdi/ocm13141025/ocm13141025/Output/000058.tif /mnt/lsdi/ocm13141025/ocm13141025/Output/000059.tif /mnt/lsdi/ocm13141025/ocm13141025/Output/000060.tif /mnt/lsdi/ocm13141025/ocm13141025/Output/000061.tif /mnt/lsdi/ocm13141025/ocm13141025/Output/000062.tif /mnt/lsdi/ocm13141025/ocm13141025/Output/000063.tif /mnt/lsdi/ocm13141025/ocm13141025/Output/000064.tif /mnt/lsdi/ocm13141025/ocm13141025/Output/000065.tif /mnt/lsdi/ocm13141025/ocm13141025/Output/000066.tif /mnt/lsdi/ocm13141025/ocm13141025/Output/000067.tif /mnt/lsdi/ocm13141025/ocm13141025/Output/000068.tif /mnt/lsdi/ocm13141025/ocm13141025/Output/000069.tif /mnt/lsdi/ocm13141025/ocm13141025/Output/000070.tif /mnt/lsdi/ocm13141025/ocm13141025/Output/000071.tif /mnt/lsdi/ocm13141025/ocm13141025/Output/000072.tif /mnt/lsdi/ocm13141025/ocm13141025/Output/000073.tif /mnt/lsdi/ocm13141025/ocm13141025/Output/000074.tif /mnt/lsdi/ocm13141025/ocm13141025/Output/000075.tif /mnt/lsdi/ocm13141025/ocm13141025/Output/000076.tif /mnt/lsdi/ocm13141025/ocm13141025/Output/000077.tif
  adding: mnt/lsdi/ocm13141025/ocm13141025/Output/000000.tif (deflated 83%)
  adding: mnt/lsdi/ocm13141025/ocm13141025/Output/000001.tif (deflated 6%)
  adding: mnt/lsdi/ocm13141025/ocm13141025/Output/000002.tif (deflated 83%)
  adding: mnt/lsdi/ocm13141025/ocm13141025/Output/000003.tif (deflated 83%)
  adding: mnt/lsdi/ocm13141025/ocm13141025/Output/000004.tif (deflated 83%)
  adding: mnt/lsdi/ocm13141025/ocm13141025/Output/000005.tif (deflated 21%)
  adding: mnt/lsdi/ocm13141025/ocm13141025/Output/000006.tif (deflated 21%)
  adding: mnt/lsdi/ocm13141025/ocm13141025/Output/000007.tif (deflated 7%)
  adding: mnt/lsdi/ocm13141025/ocm13141025/Output/000008.tif (deflated 83%)
  adding: mnt/lsdi/ocm13141025/ocm13141025/Output/000009.tif (deflated 5%)
  adding: mnt/lsdi/ocm13141025/ocm13141025/Output/000010.tif (deflated 4%)
  adding: mnt/lsdi/ocm13141025/ocm13141025/Output/000011.tif (deflated 5%)
  adding: mnt/lsdi/ocm13141025/ocm13141025/Output/000012.tif (deflated 4%)
  adding: mnt/lsdi/ocm13141025/ocm13141025/Output/000013.tif (deflated 3%)
  adding: mnt/lsdi/ocm13141025/ocm13141025/Output/000014.tif (deflated 5%)
  adding: mnt/lsdi/ocm13141025/ocm13141025/Output/000015.tif (deflated 4%)
  adding: mnt/lsdi/ocm13141025/ocm13141025/Output/000016.tif (deflated 3%)
  adding: mnt/lsdi/ocm13141025/ocm13141025/Output/000017.tif (deflated 4%)
  adding: mnt/lsdi/ocm13141025/ocm13141025/Output/000018.tif (deflated 3%)
  adding: mnt/lsdi/ocm13141025/ocm13141025/Output/000019.tif (deflated 4%)
  adding: mnt/lsdi/ocm13141025/ocm13141025/Output/000020.tif (deflated 3%)
  adding: mnt/lsdi/ocm13141025/ocm13141025/Output/000021.tif (deflated 4%)
  adding: mnt/lsdi/ocm13141025/ocm13141025/Output/000022.tif (deflated 3%)
  adding: mnt/lsdi/ocm13141025/ocm13141025/Output/000023.tif (deflated 4%)
  adding: mnt/lsdi/ocm13141025/ocm13141025/Output/000024.tif (deflated 4%)
  adding: mnt/lsdi/ocm13141025/ocm13141025/Output/000025.tif (deflated 4%)
  adding: mnt/lsdi/ocm13141025/ocm13141025/Output/000026.tif (deflated 4%)
  adding: mnt/lsdi/ocm13141025/ocm13141025/Output/000027.tif (deflated 4%)
  adding: mnt/lsdi/ocm13141025/ocm13141025/Output/000030.tif (deflated 3%)
  adding: mnt/lsdi/ocm13141025/ocm13141025/Output/000031.tif (deflated 4%)
  adding: mnt/lsdi/ocm13141025/ocm13141025/Output/000032.tif (deflated 4%)
  adding: mnt/lsdi/ocm13141025/ocm13141025/Output/000033.tif (deflated 4%)
  adding: mnt/lsdi/ocm13141025/ocm13141025/Output/000034.tif (deflated 3%)
  adding: mnt/lsdi/ocm13141025/ocm13141025/Output/000035.tif (deflated 4%)
  adding: mnt/lsdi/ocm13141025/ocm13141025/Output/000036.tif (deflated 4%)
  adding: mnt/lsdi/ocm13141025/ocm13141025/Output/000037.tif (deflated 4%)
  adding: mnt/lsdi/ocm13141025/ocm13141025/Output/000038.tif (deflated 3%)
  adding: mnt/lsdi/ocm13141025/ocm13141025/Output/000039.tif (deflated 5%)
  adding: mnt/lsdi/ocm13141025/ocm13141025/Output/000040.tif (deflated 4%)
  adding: mnt/lsdi/ocm13141025/ocm13141025/Output/000041.tif (deflated 4%)
  adding: mnt/lsdi/ocm13141025/ocm13141025/Output/000042.tif (deflated 3%)
  adding: mnt/lsdi/ocm13141025/ocm13141025/Output/000043.tif (deflated 4%)
  adding: mnt/lsdi/ocm13141025/ocm13141025/Output/000044.tif (deflated 3%)
  adding: mnt/lsdi/ocm13141025/ocm13141025/Output/000045.tif (deflated 4%)
  adding: mnt/lsdi/ocm13141025/ocm13141025/Output/000046.tif (deflated 4%)
  adding: mnt/lsdi/ocm13141025/ocm13141025/Output/000047.tif (deflated 4%)
  adding: mnt/lsdi/ocm13141025/ocm13141025/Output/000048.tif (deflated 3%)
  adding: mnt/lsdi/ocm13141025/ocm13141025/Output/000049.tif (deflated 4%)
  adding: mnt/lsdi/ocm13141025/ocm13141025/Output/000050.tif (deflated 4%)
  adding: mnt/lsdi/ocm13141025/ocm13141025/Output/000051.tif (deflated 4%)
  adding: mnt/lsdi/ocm13141025/ocm13141025/Output/000052.tif (deflated 4%)
  adding: mnt/lsdi/ocm13141025/ocm13141025/Output/000053.tif (deflated 4%)
  adding: mnt/lsdi/ocm13141025/ocm13141025/Output/000054.tif (deflated 4%)
  adding: mnt/lsdi/ocm13141025/ocm13141025/Output/000055.tif (deflated 4%)
  adding: mnt/lsdi/ocm13141025/ocm13141025/Output/000056.tif (deflated 7%)
  adding: mnt/lsdi/ocm13141025/ocm13141025/Output/000057.tif (deflated 5%)
  adding: mnt/lsdi/ocm13141025/ocm13141025/Output/000058.tif (deflated 3%)
  adding: mnt/lsdi/ocm13141025/ocm13141025/Output/000059.tif (deflated 4%)
  adding: mnt/lsdi/ocm13141025/ocm13141025/Output/000060.tif (deflated 3%)
  adding: mnt/lsdi/ocm13141025/ocm13141025/Output/000061.tif (deflated 3%)
  adding: mnt/lsdi/ocm13141025/ocm13141025/Output/000062.tif (deflated 4%)
  adding: mnt/lsdi/ocm13141025/ocm13141025/Output/000063.tif (deflated 4%)
  adding: mnt/lsdi/ocm13141025/ocm13141025/Output/000064.tif (deflated 3%)
  adding: mnt/lsdi/ocm13141025/ocm13141025/Output/000065.tif (deflated 4%)
  adding: mnt/lsdi/ocm13141025/ocm13141025/Output/000066.tif (deflated 3%)
  adding: mnt/lsdi/ocm13141025/ocm13141025/Output/000067.tif (deflated 4%)
  adding: mnt/lsdi/ocm13141025/ocm13141025/Output/000068.tif (deflated 4%)
  adding: mnt/lsdi/ocm13141025/ocm13141025/Output/000069.tif (deflated 4%)
  adding: mnt/lsdi/ocm13141025/ocm13141025/Output/000070.tif (deflated 4%)
  adding: mnt/lsdi/ocm13141025/ocm13141025/Output/000071.tif (deflated 4%)
  adding: mnt/lsdi/ocm13141025/ocm13141025/Output/000072.tif (deflated 3%)
  adding: mnt/lsdi/ocm13141025/ocm13141025/Output/000073.tif (deflated 4%)
  adding: mnt/lsdi/ocm13141025/ocm13141025/Output/000074.tif (deflated 4%)
  adding: mnt/lsdi/ocm13141025/ocm13141025/Output/000075.tif (deflated 4%)
  adding: mnt/lsdi/ocm13141025/ocm13141025/Output/000076.tif (deflated 3%)
  adding: mnt/lsdi/ocm13141025/ocm13141025/Output/000077.tif (deflated 83%)
curl --location --header authorization: LOW fpJYfLnxbLmCEHqU:JQbq6NgBaPrSh98Y --upload-file /temp/ocm13141025_images.zip http://s3.us.archive.org/13141025.emory.edu/13141025_images.zip
  % Total    % Received % Xferd  Average Speed   Time    Time     Time  Current
                                 Dload  Upload   Total   Spent    Left  Speed
  0     0    0     0    0     0      0      0 --:--:-- --:--:-- --:--:--     0  0 2317k    0     0    0     0      0      0 --:--:--  0:00:01 --:--:--     0  1 2317k    0     0    1 32768      0  28504  0:01:23  0:00:01  0:01:22 30425 37 2317k    0     0   37  864k      0   403k  0:00:05  0:00:02  0:00:03  417k 71 2317k    0     0   71 1664k      0   527k  0:00:04  0:00:03  0:00:01  539k100 2317k    0     0  100 2317k      0   468k  0:00:04  0:00:04 --:--:--  475k100 2317k    0     0  100 2317k      0   465k  0:00:04  0:00:04 --:--:--  594k
