Bucket ID will be 10812558.emory.edu
curl --location --header x-amz-auto-make-bucket:1 --header x-archive-ignore-preexisting-bucket:1 --header x-archive-queue-derive:0 --header x-archive-meta-mediatype:texts --header x-archive-meta03-collection:emory --header x-archive-meta01-collection:americanmethodism --header x-archive-meta-sponsor:Emory University, Pitts Theology Library --header x-archive-meta-contributor:Emory University, Pitts Theology Library --header x-archive-meta-ppi:300 --header authorization: LOW fpJYfLnxbLmCEHqU:JQbq6NgBaPrSh98Y --upload-file /mnt/lsdi/ocm10812558-629/ocm10812558/ocm10812558_MRC.xml http://s3.us.archive.org/10812558.629.emory.edu/10812558.629.emory.edu_marc.xml
  % Total    % Received % Xferd  Average Speed   Time    Time     Time  Current
                                 Dload  Upload   Total   Spent    Left  Speed
  0     0    0     0    0     0      0      0 --:--:-- --:--:-- --:--:--     0  0  3244    0     0    0     0      0      0 --:--:--  0:00:01 --:--:--     0100  3244    0     0  100  3244      0   1554  0:00:02  0:00:02 --:--:--  1610100  3244    0     0  100  3244      0   1050  0:00:03  0:00:03 --:--:--  1075100  3244    0     0  100  3244      0    700  0:00:04  0:00:04 --:--:--   711100  3244    0     0  100  3244      0    575  0:00:05  0:00:05 --:--:--   583100  3244    0     0  100  3244      0    489  0:00:06  0:00:06 --:--:--   583100  3244    0     0  100  3244      0    424  0:00:07  0:00:07 --:--:--     0100  3244    0     0  100  3244      0    375  0:00:08  0:00:08 --:--:--     0100  3244    0     0  100  3244      0    336  0:00:09  0:00:09 --:--:--     0100  3244    0     0  100  3244      0    317  0:00:10  0:00:10 --:--:--     0100  3244    0     0  100  3244      0    317  0:00:10  0:00:10 --:--:--     0
zip -r /temp/ocm10812558_629_images.zip /mnt/lsdi/ocm10812558-629/ocm10812558/Output/0001.tif /mnt/lsdi/ocm10812558-629/ocm10812558/Output/0002.tif /mnt/lsdi/ocm10812558-629/ocm10812558/Output/0003.tif /mnt/lsdi/ocm10812558-629/ocm10812558/Output/0004.tif /mnt/lsdi/ocm10812558-629/ocm10812558/Output/0005.tif /mnt/lsdi/ocm10812558-629/ocm10812558/Output/0006.tif /mnt/lsdi/ocm10812558-629/ocm10812558/Output/0007.tif /mnt/lsdi/ocm10812558-629/ocm10812558/Output/0008.tif /mnt/lsdi/ocm10812558-629/ocm10812558/Output/0009.tif /mnt/lsdi/ocm10812558-629/ocm10812558/Output/0010.tif /mnt/lsdi/ocm10812558-629/ocm10812558/Output/0011.tif /mnt/lsdi/ocm10812558-629/ocm10812558/Output/0012.tif /mnt/lsdi/ocm10812558-629/ocm10812558/Output/0013.tif /mnt/lsdi/ocm10812558-629/ocm10812558/Output/0014.tif /mnt/lsdi/ocm10812558-629/ocm10812558/Output/0015.tif /mnt/lsdi/ocm10812558-629/ocm10812558/Output/0016.tif /mnt/lsdi/ocm10812558-629/ocm10812558/Output/0017.tif /mnt/lsdi/ocm10812558-629/ocm10812558/Output/0018.tif /mnt/lsdi/ocm10812558-629/ocm10812558/Output/0019.tif /mnt/lsdi/ocm10812558-629/ocm10812558/Output/0020.tif /mnt/lsdi/ocm10812558-629/ocm10812558/Output/0021.tif /mnt/lsdi/ocm10812558-629/ocm10812558/Output/0022.tif /mnt/lsdi/ocm10812558-629/ocm10812558/Output/0023.tif /mnt/lsdi/ocm10812558-629/ocm10812558/Output/0024.tif /mnt/lsdi/ocm10812558-629/ocm10812558/Output/0025.tif /mnt/lsdi/ocm10812558-629/ocm10812558/Output/0026.tif /mnt/lsdi/ocm10812558-629/ocm10812558/Output/0027.tif /mnt/lsdi/ocm10812558-629/ocm10812558/Output/0028.tif /mnt/lsdi/ocm10812558-629/ocm10812558/Output/0029.tif /mnt/lsdi/ocm10812558-629/ocm10812558/Output/0030.tif /mnt/lsdi/ocm10812558-629/ocm10812558/Output/0031.tif /mnt/lsdi/ocm10812558-629/ocm10812558/Output/0032.tif /mnt/lsdi/ocm10812558-629/ocm10812558/Output/0033.tif /mnt/lsdi/ocm10812558-629/ocm10812558/Output/0034.tif /mnt/lsdi/ocm10812558-629/ocm10812558/Output/0035.tif /mnt/lsdi/ocm10812558-629/ocm10812558/Output/0036.tif /mnt/lsdi/ocm10812558-629/ocm10812558/Output/0037.tif /mnt/lsdi/ocm10812558-629/ocm10812558/Output/0038.tif /mnt/lsdi/ocm10812558-629/ocm10812558/Output/0039.tif /mnt/lsdi/ocm10812558-629/ocm10812558/Output/0040.tif /mnt/lsdi/ocm10812558-629/ocm10812558/Output/0041.tif /mnt/lsdi/ocm10812558-629/ocm10812558/Output/0042.tif /mnt/lsdi/ocm10812558-629/ocm10812558/Output/0043.tif /mnt/lsdi/ocm10812558-629/ocm10812558/Output/0044.tif /mnt/lsdi/ocm10812558-629/ocm10812558/Output/0045.tif /mnt/lsdi/ocm10812558-629/ocm10812558/Output/0046.tif /mnt/lsdi/ocm10812558-629/ocm10812558/Output/0047.tif /mnt/lsdi/ocm10812558-629/ocm10812558/Output/0048.tif /mnt/lsdi/ocm10812558-629/ocm10812558/Output/0049.tif /mnt/lsdi/ocm10812558-629/ocm10812558/Output/0050.tif /mnt/lsdi/ocm10812558-629/ocm10812558/Output/0051.tif /mnt/lsdi/ocm10812558-629/ocm10812558/Output/0052.tif /mnt/lsdi/ocm10812558-629/ocm10812558/Output/0053.tif /mnt/lsdi/ocm10812558-629/ocm10812558/Output/0054.tif /mnt/lsdi/ocm10812558-629/ocm10812558/Output/0055.tif /mnt/lsdi/ocm10812558-629/ocm10812558/Output/0056.tif /mnt/lsdi/ocm10812558-629/ocm10812558/Output/0057.tif /mnt/lsdi/ocm10812558-629/ocm10812558/Output/0058.tif /mnt/lsdi/ocm10812558-629/ocm10812558/Output/0059.tif /mnt/lsdi/ocm10812558-629/ocm10812558/Output/0060.tif /mnt/lsdi/ocm10812558-629/ocm10812558/Output/0061.tif /mnt/lsdi/ocm10812558-629/ocm10812558/Output/0062.tif /mnt/lsdi/ocm10812558-629/ocm10812558/Output/0063.tif /mnt/lsdi/ocm10812558-629/ocm10812558/Output/0064.tif /mnt/lsdi/ocm10812558-629/ocm10812558/Output/0065.tif /mnt/lsdi/ocm10812558-629/ocm10812558/Output/0066.tif /mnt/lsdi/ocm10812558-629/ocm10812558/Output/0067.tif /mnt/lsdi/ocm10812558-629/ocm10812558/Output/0068.tif /mnt/lsdi/ocm10812558-629/ocm10812558/Output/0069.tif /mnt/lsdi/ocm10812558-629/ocm10812558/Output/0070.tif /mnt/lsdi/ocm10812558-629/ocm10812558/Output/0071.tif /mnt/lsdi/ocm10812558-629/ocm10812558/Output/0072.tif /mnt/lsdi/ocm10812558-629/ocm10812558/Output/0073.tif /mnt/lsdi/ocm10812558-629/ocm10812558/Output/0074.tif /mnt/lsdi/ocm10812558-629/ocm10812558/Output/0075.tif /mnt/lsdi/ocm10812558-629/ocm10812558/Output/0076.tif /mnt/lsdi/ocm10812558-629/ocm10812558/Output/0077.tif /mnt/lsdi/ocm10812558-629/ocm10812558/Output/0078.tif /mnt/lsdi/ocm10812558-629/ocm10812558/Output/0079.tif /mnt/lsdi/ocm10812558-629/ocm10812558/Output/0080.tif /mnt/lsdi/ocm10812558-629/ocm10812558/Output/0081.tif /mnt/lsdi/ocm10812558-629/ocm10812558/Output/0082.tif /mnt/lsdi/ocm10812558-629/ocm10812558/Output/0083.tif /mnt/lsdi/ocm10812558-629/ocm10812558/Output/0084.tif /mnt/lsdi/ocm10812558-629/ocm10812558/Output/0085.tif /mnt/lsdi/ocm10812558-629/ocm10812558/Output/0086.tif /mnt/lsdi/ocm10812558-629/ocm10812558/Output/0087.tif /mnt/lsdi/ocm10812558-629/ocm10812558/Output/0088.tif /mnt/lsdi/ocm10812558-629/ocm10812558/Output/0089.tif /mnt/lsdi/ocm10812558-629/ocm10812558/Output/0090.tif /mnt/lsdi/ocm10812558-629/ocm10812558/Output/0091.tif /mnt/lsdi/ocm10812558-629/ocm10812558/Output/0092.tif /mnt/lsdi/ocm10812558-629/ocm10812558/Output/0093.tif /mnt/lsdi/ocm10812558-629/ocm10812558/Output/0094.tif /mnt/lsdi/ocm10812558-629/ocm10812558/Output/0095.tif /mnt/lsdi/ocm10812558-629/ocm10812558/Output/0096.tif /mnt/lsdi/ocm10812558-629/ocm10812558/Output/0097.tif /mnt/lsdi/ocm10812558-629/ocm10812558/Output/0098.tif /mnt/lsdi/ocm10812558-629/ocm10812558/Output/0099.tif /mnt/lsdi/ocm10812558-629/ocm10812558/Output/0100.tif /mnt/lsdi/ocm10812558-629/ocm10812558/Output/0101.tif /mnt/lsdi/ocm10812558-629/ocm10812558/Output/0102.tif /mnt/lsdi/ocm10812558-629/ocm10812558/Output/0103.tif /mnt/lsdi/ocm10812558-629/ocm10812558/Output/0104.tif /mnt/lsdi/ocm10812558-629/ocm10812558/Output/0105.tif /mnt/lsdi/ocm10812558-629/ocm10812558/Output/0106.tif /mnt/lsdi/ocm10812558-629/ocm10812558/Output/0107.tif /mnt/lsdi/ocm10812558-629/ocm10812558/Output/0108.tif /mnt/lsdi/ocm10812558-629/ocm10812558/Output/0109.tif /mnt/lsdi/ocm10812558-629/ocm10812558/Output/0110.tif /mnt/lsdi/ocm10812558-629/ocm10812558/Output/0111.tif /mnt/lsdi/ocm10812558-629/ocm10812558/Output/0112.tif /mnt/lsdi/ocm10812558-629/ocm10812558/Output/0113.tif /mnt/lsdi/ocm10812558-629/ocm10812558/Output/0114.tif /mnt/lsdi/ocm10812558-629/ocm10812558/Output/0115.tif /mnt/lsdi/ocm10812558-629/ocm10812558/Output/0116.tif /mnt/lsdi/ocm10812558-629/ocm10812558/Output/0117.tif /mnt/lsdi/ocm10812558-629/ocm10812558/Output/0118.tif /mnt/lsdi/ocm10812558-629/ocm10812558/Output/0119.tif /mnt/lsdi/ocm10812558-629/ocm10812558/Output/0120.tif /mnt/lsdi/ocm10812558-629/ocm10812558/Output/0121.tif /mnt/lsdi/ocm10812558-629/ocm10812558/Output/0122.tif /mnt/lsdi/ocm10812558-629/ocm10812558/Output/0123.tif /mnt/lsdi/ocm10812558-629/ocm10812558/Output/0124.tif /mnt/lsdi/ocm10812558-629/ocm10812558/Output/0125.tif /mnt/lsdi/ocm10812558-629/ocm10812558/Output/0126.tif /mnt/lsdi/ocm10812558-629/ocm10812558/Output/0127.tif /mnt/lsdi/ocm10812558-629/ocm10812558/Output/0128.tif /mnt/lsdi/ocm10812558-629/ocm10812558/Output/0129.tif /mnt/lsdi/ocm10812558-629/ocm10812558/Output/0130.tif /mnt/lsdi/ocm10812558-629/ocm10812558/Output/0131.tif /mnt/lsdi/ocm10812558-629/ocm10812558/Output/0132.tif /mnt/lsdi/ocm10812558-629/ocm10812558/Output/0133.tif /mnt/lsdi/ocm10812558-629/ocm10812558/Output/0134.tif /mnt/lsdi/ocm10812558-629/ocm10812558/Output/0135.tif /mnt/lsdi/ocm10812558-629/ocm10812558/Output/0136.tif /mnt/lsdi/ocm10812558-629/ocm10812558/Output/0137.tif /mnt/lsdi/ocm10812558-629/ocm10812558/Output/0138.tif /mnt/lsdi/ocm10812558-629/ocm10812558/Output/0139.tif /mnt/lsdi/ocm10812558-629/ocm10812558/Output/0140.tif /mnt/lsdi/ocm10812558-629/ocm10812558/Output/0141.tif /mnt/lsdi/ocm10812558-629/ocm10812558/Output/0142.tif /mnt/lsdi/ocm10812558-629/ocm10812558/Output/0143.tif /mnt/lsdi/ocm10812558-629/ocm10812558/Output/0144.tif /mnt/lsdi/ocm10812558-629/ocm10812558/Output/0145.tif /mnt/lsdi/ocm10812558-629/ocm10812558/Output/0146.tif /mnt/lsdi/ocm10812558-629/ocm10812558/Output/0147.tif /mnt/lsdi/ocm10812558-629/ocm10812558/Output/0148.tif /mnt/lsdi/ocm10812558-629/ocm10812558/Output/0149.tif /mnt/lsdi/ocm10812558-629/ocm10812558/Output/0150.tif /mnt/lsdi/ocm10812558-629/ocm10812558/Output/0151.tif /mnt/lsdi/ocm10812558-629/ocm10812558/Output/0152.tif /mnt/lsdi/ocm10812558-629/ocm10812558/Output/0153.tif /mnt/lsdi/ocm10812558-629/ocm10812558/Output/0154.tif /mnt/lsdi/ocm10812558-629/ocm10812558/Output/0155.tif /mnt/lsdi/ocm10812558-629/ocm10812558/Output/0156.tif /mnt/lsdi/ocm10812558-629/ocm10812558/Output/0157.tif /mnt/lsdi/ocm10812558-629/ocm10812558/Output/0158.tif /mnt/lsdi/ocm10812558-629/ocm10812558/Output/0159.tif /mnt/lsdi/ocm10812558-629/ocm10812558/Output/0160.tif /mnt/lsdi/ocm10812558-629/ocm10812558/Output/0161.tif /mnt/lsdi/ocm10812558-629/ocm10812558/Output/0162.tif /mnt/lsdi/ocm10812558-629/ocm10812558/Output/0163.tif /mnt/lsdi/ocm10812558-629/ocm10812558/Output/0164.tif /mnt/lsdi/ocm10812558-629/ocm10812558/Output/0165.tif /mnt/lsdi/ocm10812558-629/ocm10812558/Output/0166.tif /mnt/lsdi/ocm10812558-629/ocm10812558/Output/0167.tif /mnt/lsdi/ocm10812558-629/ocm10812558/Output/0168.tif /mnt/lsdi/ocm10812558-629/ocm10812558/Output/0169.tif /mnt/lsdi/ocm10812558-629/ocm10812558/Output/0170.tif /mnt/lsdi/ocm10812558-629/ocm10812558/Output/0171.tif /mnt/lsdi/ocm10812558-629/ocm10812558/Output/0172.tif /mnt/lsdi/ocm10812558-629/ocm10812558/Output/0173.tif /mnt/lsdi/ocm10812558-629/ocm10812558/Output/0174.tif /mnt/lsdi/ocm10812558-629/ocm10812558/Output/0175.tif /mnt/lsdi/ocm10812558-629/ocm10812558/Output/0176.tif /mnt/lsdi/ocm10812558-629/ocm10812558/Output/0177.tif /mnt/lsdi/ocm10812558-629/ocm10812558/Output/0178.tif /mnt/lsdi/ocm10812558-629/ocm10812558/Output/0179.tif /mnt/lsdi/ocm10812558-629/ocm10812558/Output/0180.tif /mnt/lsdi/ocm10812558-629/ocm10812558/Output/0181.tif /mnt/lsdi/ocm10812558-629/ocm10812558/Output/0182.tif /mnt/lsdi/ocm10812558-629/ocm10812558/Output/0183.tif /mnt/lsdi/ocm10812558-629/ocm10812558/Output/0184.tif /mnt/lsdi/ocm10812558-629/ocm10812558/Output/0185.tif /mnt/lsdi/ocm10812558-629/ocm10812558/Output/0186.tif /mnt/lsdi/ocm10812558-629/ocm10812558/Output/0187.tif /mnt/lsdi/ocm10812558-629/ocm10812558/Output/0188.tif /mnt/lsdi/ocm10812558-629/ocm10812558/Output/0189.tif /mnt/lsdi/ocm10812558-629/ocm10812558/Output/0190.tif /mnt/lsdi/ocm10812558-629/ocm10812558/Output/0191.tif /mnt/lsdi/ocm10812558-629/ocm10812558/Output/0192.tif /mnt/lsdi/ocm10812558-629/ocm10812558/Output/0193.tif /mnt/lsdi/ocm10812558-629/ocm10812558/Output/0194.tif /mnt/lsdi/ocm10812558-629/ocm10812558/Output/0195.tif /mnt/lsdi/ocm10812558-629/ocm10812558/Output/0196.tif /mnt/lsdi/ocm10812558-629/ocm10812558/Output/0197.tif /mnt/lsdi/ocm10812558-629/ocm10812558/Output/0198.tif /mnt/lsdi/ocm10812558-629/ocm10812558/Output/0199.tif /mnt/lsdi/ocm10812558-629/ocm10812558/Output/0200.tif /mnt/lsdi/ocm10812558-629/ocm10812558/Output/0201.tif /mnt/lsdi/ocm10812558-629/ocm10812558/Output/0202.tif /mnt/lsdi/ocm10812558-629/ocm10812558/Output/0203.tif /mnt/lsdi/ocm10812558-629/ocm10812558/Output/0204.tif /mnt/lsdi/ocm10812558-629/ocm10812558/Output/0205.tif /mnt/lsdi/ocm10812558-629/ocm10812558/Output/0206.tif /mnt/lsdi/ocm10812558-629/ocm10812558/Output/0207.tif /mnt/lsdi/ocm10812558-629/ocm10812558/Output/0208.tif /mnt/lsdi/ocm10812558-629/ocm10812558/Output/0209.tif /mnt/lsdi/ocm10812558-629/ocm10812558/Output/0210.tif /mnt/lsdi/ocm10812558-629/ocm10812558/Output/0211.tif /mnt/lsdi/ocm10812558-629/ocm10812558/Output/0212.tif /mnt/lsdi/ocm10812558-629/ocm10812558/Output/0213.tif /mnt/lsdi/ocm10812558-629/ocm10812558/Output/0214.tif /mnt/lsdi/ocm10812558-629/ocm10812558/Output/0215.tif /mnt/lsdi/ocm10812558-629/ocm10812558/Output/0216.tif /mnt/lsdi/ocm10812558-629/ocm10812558/Output/0217.tif /mnt/lsdi/ocm10812558-629/ocm10812558/Output/0218.tif /mnt/lsdi/ocm10812558-629/ocm10812558/Output/0219.tif /mnt/lsdi/ocm10812558-629/ocm10812558/Output/0220.tif /mnt/lsdi/ocm10812558-629/ocm10812558/Output/0221.tif /mnt/lsdi/ocm10812558-629/ocm10812558/Output/0222.tif /mnt/lsdi/ocm10812558-629/ocm10812558/Output/0223.tif /mnt/lsdi/ocm10812558-629/ocm10812558/Output/0224.tif /mnt/lsdi/ocm10812558-629/ocm10812558/Output/0225.tif /mnt/lsdi/ocm10812558-629/ocm10812558/Output/0226.tif /mnt/lsdi/ocm10812558-629/ocm10812558/Output/0227.tif /mnt/lsdi/ocm10812558-629/ocm10812558/Output/0228.tif /mnt/lsdi/ocm10812558-629/ocm10812558/Output/0229.tif /mnt/lsdi/ocm10812558-629/ocm10812558/Output/0230.tif /mnt/lsdi/ocm10812558-629/ocm10812558/Output/0231.tif /mnt/lsdi/ocm10812558-629/ocm10812558/Output/0232.tif /mnt/lsdi/ocm10812558-629/ocm10812558/Output/0233.tif /mnt/lsdi/ocm10812558-629/ocm10812558/Output/0234.tif /mnt/lsdi/ocm10812558-629/ocm10812558/Output/0235.tif /mnt/lsdi/ocm10812558-629/ocm10812558/Output/0236.tif /mnt/lsdi/ocm10812558-629/ocm10812558/Output/0237.tif /mnt/lsdi/ocm10812558-629/ocm10812558/Output/0238.tif /mnt/lsdi/ocm10812558-629/ocm10812558/Output/0239.tif /mnt/lsdi/ocm10812558-629/ocm10812558/Output/0240.tif /mnt/lsdi/ocm10812558-629/ocm10812558/Output/0241.tif /mnt/lsdi/ocm10812558-629/ocm10812558/Output/0242.tif /mnt/lsdi/ocm10812558-629/ocm10812558/Output/0243.tif /mnt/lsdi/ocm10812558-629/ocm10812558/Output/0244.tif /mnt/lsdi/ocm10812558-629/ocm10812558/Output/0245.tif /mnt/lsdi/ocm10812558-629/ocm10812558/Output/0246.tif /mnt/lsdi/ocm10812558-629/ocm10812558/Output/0247.tif /mnt/lsdi/ocm10812558-629/ocm10812558/Output/0248.tif /mnt/lsdi/ocm10812558-629/ocm10812558/Output/0249.tif /mnt/lsdi/ocm10812558-629/ocm10812558/Output/0250.tif /mnt/lsdi/ocm10812558-629/ocm10812558/Output/0251.tif /mnt/lsdi/ocm10812558-629/ocm10812558/Output/0252.tif /mnt/lsdi/ocm10812558-629/ocm10812558/Output/0253.tif /mnt/lsdi/ocm10812558-629/ocm10812558/Output/0254.tif /mnt/lsdi/ocm10812558-629/ocm10812558/Output/0255.tif /mnt/lsdi/ocm10812558-629/ocm10812558/Output/0256.tif /mnt/lsdi/ocm10812558-629/ocm10812558/Output/0257.tif /mnt/lsdi/ocm10812558-629/ocm10812558/Output/0258.tif /mnt/lsdi/ocm10812558-629/ocm10812558/Output/0259.tif /mnt/lsdi/ocm10812558-629/ocm10812558/Output/0260.tif /mnt/lsdi/ocm10812558-629/ocm10812558/Output/0261.tif /mnt/lsdi/ocm10812558-629/ocm10812558/Output/0262.tif /mnt/lsdi/ocm10812558-629/ocm10812558/Output/0263.tif /mnt/lsdi/ocm10812558-629/ocm10812558/Output/0264.tif /mnt/lsdi/ocm10812558-629/ocm10812558/Output/0265.tif /mnt/lsdi/ocm10812558-629/ocm10812558/Output/0266.tif /mnt/lsdi/ocm10812558-629/ocm10812558/Output/0267.tif /mnt/lsdi/ocm10812558-629/ocm10812558/Output/0268.tif /mnt/lsdi/ocm10812558-629/ocm10812558/Output/0269.tif /mnt/lsdi/ocm10812558-629/ocm10812558/Output/0270.tif /mnt/lsdi/ocm10812558-629/ocm10812558/Output/0271.tif /mnt/lsdi/ocm10812558-629/ocm10812558/Output/0272.tif /mnt/lsdi/ocm10812558-629/ocm10812558/Output/0273.tif /mnt/lsdi/ocm10812558-629/ocm10812558/Output/0274.tif /mnt/lsdi/ocm10812558-629/ocm10812558/Output/0275.tif /mnt/lsdi/ocm10812558-629/ocm10812558/Output/0276.tif /mnt/lsdi/ocm10812558-629/ocm10812558/Output/0277.tif /mnt/lsdi/ocm10812558-629/ocm10812558/Output/0278.tif /mnt/lsdi/ocm10812558-629/ocm10812558/Output/0279.tif /mnt/lsdi/ocm10812558-629/ocm10812558/Output/0280.tif /mnt/lsdi/ocm10812558-629/ocm10812558/Output/0281.tif /mnt/lsdi/ocm10812558-629/ocm10812558/Output/0282.tif /mnt/lsdi/ocm10812558-629/ocm10812558/Output/0283.tif /mnt/lsdi/ocm10812558-629/ocm10812558/Output/0284.tif /mnt/lsdi/ocm10812558-629/ocm10812558/Output/0285.tif /mnt/lsdi/ocm10812558-629/ocm10812558/Output/0286.tif /mnt/lsdi/ocm10812558-629/ocm10812558/Output/0287.tif /mnt/lsdi/ocm10812558-629/ocm10812558/Output/0288.tif /mnt/lsdi/ocm10812558-629/ocm10812558/Output/0289.tif /mnt/lsdi/ocm10812558-629/ocm10812558/Output/0290.tif /mnt/lsdi/ocm10812558-629/ocm10812558/Output/0291.tif /mnt/lsdi/ocm10812558-629/ocm10812558/Output/0292.tif /mnt/lsdi/ocm10812558-629/ocm10812558/Output/0293.tif /mnt/lsdi/ocm10812558-629/ocm10812558/Output/0294.tif /mnt/lsdi/ocm10812558-629/ocm10812558/Output/0295.tif /mnt/lsdi/ocm10812558-629/ocm10812558/Output/0296.tif /mnt/lsdi/ocm10812558-629/ocm10812558/Output/0297.tif /mnt/lsdi/ocm10812558-629/ocm10812558/Output/0298.tif /mnt/lsdi/ocm10812558-629/ocm10812558/Output/0299.tif /mnt/lsdi/ocm10812558-629/ocm10812558/Output/0300.tif /mnt/lsdi/ocm10812558-629/ocm10812558/Output/0301.tif /mnt/lsdi/ocm10812558-629/ocm10812558/Output/0302.tif /mnt/lsdi/ocm10812558-629/ocm10812558/Output/0303.tif /mnt/lsdi/ocm10812558-629/ocm10812558/Output/0304.tif /mnt/lsdi/ocm10812558-629/ocm10812558/Output/0305.tif /mnt/lsdi/ocm10812558-629/ocm10812558/Output/0306.tif /mnt/lsdi/ocm10812558-629/ocm10812558/Output/0307.tif /mnt/lsdi/ocm10812558-629/ocm10812558/Output/0308.tif /mnt/lsdi/ocm10812558-629/ocm10812558/Output/0309.tif /mnt/lsdi/ocm10812558-629/ocm10812558/Output/0310.tif /mnt/lsdi/ocm10812558-629/ocm10812558/Output/0311.tif /mnt/lsdi/ocm10812558-629/ocm10812558/Output/0312.tif /mnt/lsdi/ocm10812558-629/ocm10812558/Output/0313.tif /mnt/lsdi/ocm10812558-629/ocm10812558/Output/0314.tif /mnt/lsdi/ocm10812558-629/ocm10812558/Output/0315.tif /mnt/lsdi/ocm10812558-629/ocm10812558/Output/0316.tif /mnt/lsdi/ocm10812558-629/ocm10812558/Output/0317.tif /mnt/lsdi/ocm10812558-629/ocm10812558/Output/0318.tif /mnt/lsdi/ocm10812558-629/ocm10812558/Output/0319.tif /mnt/lsdi/ocm10812558-629/ocm10812558/Output/0320.tif /mnt/lsdi/ocm10812558-629/ocm10812558/Output/0321.tif /mnt/lsdi/ocm10812558-629/ocm10812558/Output/0322.tif /mnt/lsdi/ocm10812558-629/ocm10812558/Output/0323.tif /mnt/lsdi/ocm10812558-629/ocm10812558/Output/0324.tif /mnt/lsdi/ocm10812558-629/ocm10812558/Output/0325.tif /mnt/lsdi/ocm10812558-629/ocm10812558/Output/0326.tif /mnt/lsdi/ocm10812558-629/ocm10812558/Output/0327.tif /mnt/lsdi/ocm10812558-629/ocm10812558/Output/0328.tif /mnt/lsdi/ocm10812558-629/ocm10812558/Output/0329.tif /mnt/lsdi/ocm10812558-629/ocm10812558/Output/0330.tif /mnt/lsdi/ocm10812558-629/ocm10812558/Output/0331.tif /mnt/lsdi/ocm10812558-629/ocm10812558/Output/0332.tif /mnt/lsdi/ocm10812558-629/ocm10812558/Output/0333.tif /mnt/lsdi/ocm10812558-629/ocm10812558/Output/0334.tif /mnt/lsdi/ocm10812558-629/ocm10812558/Output/0335.tif /mnt/lsdi/ocm10812558-629/ocm10812558/Output/0336.tif /mnt/lsdi/ocm10812558-629/ocm10812558/Output/0337.tif /mnt/lsdi/ocm10812558-629/ocm10812558/Output/0338.tif /mnt/lsdi/ocm10812558-629/ocm10812558/Output/0339.tif /mnt/lsdi/ocm10812558-629/ocm10812558/Output/0340.tif /mnt/lsdi/ocm10812558-629/ocm10812558/Output/0341.tif /mnt/lsdi/ocm10812558-629/ocm10812558/Output/0342.tif /mnt/lsdi/ocm10812558-629/ocm10812558/Output/0343.tif /mnt/lsdi/ocm10812558-629/ocm10812558/Output/0344.tif /mnt/lsdi/ocm10812558-629/ocm10812558/Output/0345.tif /mnt/lsdi/ocm10812558-629/ocm10812558/Output/0346.tif /mnt/lsdi/ocm10812558-629/ocm10812558/Output/0347.tif /mnt/lsdi/ocm10812558-629/ocm10812558/Output/0348.tif /mnt/lsdi/ocm10812558-629/ocm10812558/Output/0349.tif /mnt/lsdi/ocm10812558-629/ocm10812558/Output/0350.tif /mnt/lsdi/ocm10812558-629/ocm10812558/Output/0351.tif /mnt/lsdi/ocm10812558-629/ocm10812558/Output/0352.tif /mnt/lsdi/ocm10812558-629/ocm10812558/Output/0353.tif /mnt/lsdi/ocm10812558-629/ocm10812558/Output/0354.tif /mnt/lsdi/ocm10812558-629/ocm10812558/Output/0355.tif /mnt/lsdi/ocm10812558-629/ocm10812558/Output/0356.tif /mnt/lsdi/ocm10812558-629/ocm10812558/Output/0357.tif /mnt/lsdi/ocm10812558-629/ocm10812558/Output/0358.tif /mnt/lsdi/ocm10812558-629/ocm10812558/Output/0359.tif /mnt/lsdi/ocm10812558-629/ocm10812558/Output/0360.tif /mnt/lsdi/ocm10812558-629/ocm10812558/Output/0361.tif /mnt/lsdi/ocm10812558-629/ocm10812558/Output/0362.tif /mnt/lsdi/ocm10812558-629/ocm10812558/Output/0363.tif /mnt/lsdi/ocm10812558-629/ocm10812558/Output/0364.tif /mnt/lsdi/ocm10812558-629/ocm10812558/Output/0365.tif /mnt/lsdi/ocm10812558-629/ocm10812558/Output/0366.tif /mnt/lsdi/ocm10812558-629/ocm10812558/Output/0367.tif /mnt/lsdi/ocm10812558-629/ocm10812558/Output/0368.tif /mnt/lsdi/ocm10812558-629/ocm10812558/Output/0369.tif /mnt/lsdi/ocm10812558-629/ocm10812558/Output/0370.tif /mnt/lsdi/ocm10812558-629/ocm10812558/Output/0371.tif /mnt/lsdi/ocm10812558-629/ocm10812558/Output/0372.tif /mnt/lsdi/ocm10812558-629/ocm10812558/Output/0373.tif /mnt/lsdi/ocm10812558-629/ocm10812558/Output/0374.tif /mnt/lsdi/ocm10812558-629/ocm10812558/Output/0375.tif /mnt/lsdi/ocm10812558-629/ocm10812558/Output/0376.tif /mnt/lsdi/ocm10812558-629/ocm10812558/Output/0377.tif /mnt/lsdi/ocm10812558-629/ocm10812558/Output/0378.tif /mnt/lsdi/ocm10812558-629/ocm10812558/Output/0379.tif /mnt/lsdi/ocm10812558-629/ocm10812558/Output/0380.tif /mnt/lsdi/ocm10812558-629/ocm10812558/Output/0381.tif /mnt/lsdi/ocm10812558-629/ocm10812558/Output/0382.tif /mnt/lsdi/ocm10812558-629/ocm10812558/Output/0383.tif /mnt/lsdi/ocm10812558-629/ocm10812558/Output/0384.tif /mnt/lsdi/ocm10812558-629/ocm10812558/Output/0385.tif /mnt/lsdi/ocm10812558-629/ocm10812558/Output/0386.tif /mnt/lsdi/ocm10812558-629/ocm10812558/Output/0387.tif /mnt/lsdi/ocm10812558-629/ocm10812558/Output/0388.tif /mnt/lsdi/ocm10812558-629/ocm10812558/Output/0389.tif /mnt/lsdi/ocm10812558-629/ocm10812558/Output/0390.tif /mnt/lsdi/ocm10812558-629/ocm10812558/Output/0391.tif /mnt/lsdi/ocm10812558-629/ocm10812558/Output/0392.tif /mnt/lsdi/ocm10812558-629/ocm10812558/Output/0393.tif /mnt/lsdi/ocm10812558-629/ocm10812558/Output/0394.tif /mnt/lsdi/ocm10812558-629/ocm10812558/Output/0395.tif /mnt/lsdi/ocm10812558-629/ocm10812558/Output/0396.tif /mnt/lsdi/ocm10812558-629/ocm10812558/Output/0397.tif /mnt/lsdi/ocm10812558-629/ocm10812558/Output/0398.tif /mnt/lsdi/ocm10812558-629/ocm10812558/Output/0399.tif /mnt/lsdi/ocm10812558-629/ocm10812558/Output/0400.tif /mnt/lsdi/ocm10812558-629/ocm10812558/Output/0401.tif /mnt/lsdi/ocm10812558-629/ocm10812558/Output/0402.tif /mnt/lsdi/ocm10812558-629/ocm10812558/Output/0403.tif /mnt/lsdi/ocm10812558-629/ocm10812558/Output/0404.tif /mnt/lsdi/ocm10812558-629/ocm10812558/Output/0405.tif /mnt/lsdi/ocm10812558-629/ocm10812558/Output/0406.tif /mnt/lsdi/ocm10812558-629/ocm10812558/Output/0407.tif /mnt/lsdi/ocm10812558-629/ocm10812558/Output/0408.tif /mnt/lsdi/ocm10812558-629/ocm10812558/Output/0409.tif /mnt/lsdi/ocm10812558-629/ocm10812558/Output/0410.tif /mnt/lsdi/ocm10812558-629/ocm10812558/Output/0411.tif /mnt/lsdi/ocm10812558-629/ocm10812558/Output/0412.tif /mnt/lsdi/ocm10812558-629/ocm10812558/Output/0413.tif /mnt/lsdi/ocm10812558-629/ocm10812558/Output/0414.tif /mnt/lsdi/ocm10812558-629/ocm10812558/Output/0415.tif /mnt/lsdi/ocm10812558-629/ocm10812558/Output/0416.tif /mnt/lsdi/ocm10812558-629/ocm10812558/Output/0417.tif /mnt/lsdi/ocm10812558-629/ocm10812558/Output/0418.tif /mnt/lsdi/ocm10812558-629/ocm10812558/Output/0419.tif /mnt/lsdi/ocm10812558-629/ocm10812558/Output/0420.tif /mnt/lsdi/ocm10812558-629/ocm10812558/Output/0421.tif /mnt/lsdi/ocm10812558-629/ocm10812558/Output/0422.tif /mnt/lsdi/ocm10812558-629/ocm10812558/Output/0423.tif /mnt/lsdi/ocm10812558-629/ocm10812558/Output/0424.tif /mnt/lsdi/ocm10812558-629/ocm10812558/Output/0425.tif /mnt/lsdi/ocm10812558-629/ocm10812558/Output/0426.tif /mnt/lsdi/ocm10812558-629/ocm10812558/Output/0427.tif /mnt/lsdi/ocm10812558-629/ocm10812558/Output/0428.tif /mnt/lsdi/ocm10812558-629/ocm10812558/Output/0429.tif /mnt/lsdi/ocm10812558-629/ocm10812558/Output/0430.tif /mnt/lsdi/ocm10812558-629/ocm10812558/Output/0431.tif /mnt/lsdi/ocm10812558-629/ocm10812558/Output/0432.tif /mnt/lsdi/ocm10812558-629/ocm10812558/Output/0433.tif /mnt/lsdi/ocm10812558-629/ocm10812558/Output/0434.tif /mnt/lsdi/ocm10812558-629/ocm10812558/Output/0435.tif /mnt/lsdi/ocm10812558-629/ocm10812558/Output/0436.tif /mnt/lsdi/ocm10812558-629/ocm10812558/Output/0437.tif /mnt/lsdi/ocm10812558-629/ocm10812558/Output/0438.tif /mnt/lsdi/ocm10812558-629/ocm10812558/Output/0439.tif /mnt/lsdi/ocm10812558-629/ocm10812558/Output/0440.tif /mnt/lsdi/ocm10812558-629/ocm10812558/Output/0441.tif /mnt/lsdi/ocm10812558-629/ocm10812558/Output/0442.tif /mnt/lsdi/ocm10812558-629/ocm10812558/Output/0443.tif /mnt/lsdi/ocm10812558-629/ocm10812558/Output/0444.tif /mnt/lsdi/ocm10812558-629/ocm10812558/Output/0445.tif /mnt/lsdi/ocm10812558-629/ocm10812558/Output/0446.tif /mnt/lsdi/ocm10812558-629/ocm10812558/Output/0447.tif /mnt/lsdi/ocm10812558-629/ocm10812558/Output/0448.tif /mnt/lsdi/ocm10812558-629/ocm10812558/Output/0449.tif /mnt/lsdi/ocm10812558-629/ocm10812558/Output/0450.tif /mnt/lsdi/ocm10812558-629/ocm10812558/Output/0451.tif /mnt/lsdi/ocm10812558-629/ocm10812558/Output/0452.tif /mnt/lsdi/ocm10812558-629/ocm10812558/Output/0453.tif /mnt/lsdi/ocm10812558-629/ocm10812558/Output/0454.tif /mnt/lsdi/ocm10812558-629/ocm10812558/Output/0455.tif /mnt/lsdi/ocm10812558-629/ocm10812558/Output/0456.tif
  adding: mnt/lsdi/ocm10812558-629/ocm10812558/Output/0001.tif (deflated 84%)
  adding: mnt/lsdi/ocm10812558-629/ocm10812558/Output/0002.tif (deflated 84%)
  adding: mnt/lsdi/ocm10812558-629/ocm10812558/Output/0003.tif (deflated 98%)
  adding: mnt/lsdi/ocm10812558-629/ocm10812558/Output/0004.tif (deflated 9%)
  adding: mnt/lsdi/ocm10812558-629/ocm10812558/Output/0005.tif (deflated 25%)
  adding: mnt/lsdi/ocm10812558-629/ocm10812558/Output/0006.tif (deflated 15%)
  adding: mnt/lsdi/ocm10812558-629/ocm10812558/Output/0007.tif (deflated 84%)
  adding: mnt/lsdi/ocm10812558-629/ocm10812558/Output/0008.tif (deflated 4%)
  adding: mnt/lsdi/ocm10812558-629/ocm10812558/Output/0009.tif (deflated 3%)
  adding: mnt/lsdi/ocm10812558-629/ocm10812558/Output/0010.tif (deflated 2%)
  adding: mnt/lsdi/ocm10812558-629/ocm10812558/Output/0011.tif (deflated 3%)
  adding: mnt/lsdi/ocm10812558-629/ocm10812558/Output/0012.tif (deflated 3%)
  adding: mnt/lsdi/ocm10812558-629/ocm10812558/Output/0013.tif (deflated 4%)
  adding: mnt/lsdi/ocm10812558-629/ocm10812558/Output/0014.tif (deflated 3%)
  adding: mnt/lsdi/ocm10812558-629/ocm10812558/Output/0015.tif (deflated 4%)
  adding: mnt/lsdi/ocm10812558-629/ocm10812558/Output/0016.tif (deflated 3%)
  adding: mnt/lsdi/ocm10812558-629/ocm10812558/Output/0017.tif (deflated 84%)
  adding: mnt/lsdi/ocm10812558-629/ocm10812558/Output/0018.tif (deflated 15%)
  adding: mnt/lsdi/ocm10812558-629/ocm10812558/Output/0019.tif (deflated 84%)
  adding: mnt/lsdi/ocm10812558-629/ocm10812558/Output/0020.tif (deflated 4%)
  adding: mnt/lsdi/ocm10812558-629/ocm10812558/Output/0021.tif (deflated 4%)
  adding: mnt/lsdi/ocm10812558-629/ocm10812558/Output/0022.tif (deflated 4%)
  adding: mnt/lsdi/ocm10812558-629/ocm10812558/Output/0023.tif (deflated 4%)
  adding: mnt/lsdi/ocm10812558-629/ocm10812558/Output/0024.tif (deflated 4%)
  adding: mnt/lsdi/ocm10812558-629/ocm10812558/Output/0025.tif (deflated 4%)
  adding: mnt/lsdi/ocm10812558-629/ocm10812558/Output/0026.tif (deflated 64%)
  adding: mnt/lsdi/ocm10812558-629/ocm10812558/Output/0027.tif (deflated 84%)
  adding: mnt/lsdi/ocm10812558-629/ocm10812558/Output/0028.tif (deflated 3%)
  adding: mnt/lsdi/ocm10812558-629/ocm10812558/Output/0029.tif (deflated 4%)
  adding: mnt/lsdi/ocm10812558-629/ocm10812558/Output/0030.tif (deflated 4%)
  adding: mnt/lsdi/ocm10812558-629/ocm10812558/Output/0031.tif (deflated 4%)
  adding: mnt/lsdi/ocm10812558-629/ocm10812558/Output/0032.tif (deflated 84%)
  adding: mnt/lsdi/ocm10812558-629/ocm10812558/Output/0033.tif (deflated 69%)
  adding: mnt/lsdi/ocm10812558-629/ocm10812558/Output/0034.tif (deflated 56%)
  adding: mnt/lsdi/ocm10812558-629/ocm10812558/Output/0035.tif (deflated 84%)
  adding: mnt/lsdi/ocm10812558-629/ocm10812558/Output/0036.tif (deflated 4%)
  adding: mnt/lsdi/ocm10812558-629/ocm10812558/Output/0037.tif (deflated 4%)
  adding: mnt/lsdi/ocm10812558-629/ocm10812558/Output/0038.tif (deflated 4%)
  adding: mnt/lsdi/ocm10812558-629/ocm10812558/Output/0039.tif (deflated 4%)
  adding: mnt/lsdi/ocm10812558-629/ocm10812558/Output/0040.tif (deflated 4%)
  adding: mnt/lsdi/ocm10812558-629/ocm10812558/Output/0041.tif (deflated 4%)
  adding: mnt/lsdi/ocm10812558-629/ocm10812558/Output/0042.tif (deflated 3%)
  adding: mnt/lsdi/ocm10812558-629/ocm10812558/Output/0043.tif (deflated 4%)
  adding: mnt/lsdi/ocm10812558-629/ocm10812558/Output/0044.tif (deflated 4%)
  adding: mnt/lsdi/ocm10812558-629/ocm10812558/Output/0045.tif (deflated 4%)
  adding: mnt/lsdi/ocm10812558-629/ocm10812558/Output/0046.tif (deflated 4%)
  adding: mnt/lsdi/ocm10812558-629/ocm10812558/Output/0047.tif (deflated 4%)
  adding: mnt/lsdi/ocm10812558-629/ocm10812558/Output/0048.tif (deflated 4%)
  adding: mnt/lsdi/ocm10812558-629/ocm10812558/Output/0049.tif (deflated 4%)
  adding: mnt/lsdi/ocm10812558-629/ocm10812558/Output/0050.tif (deflated 4%)
  adding: mnt/lsdi/ocm10812558-629/ocm10812558/Output/0051.tif (deflated 7%)
  adding: mnt/lsdi/ocm10812558-629/ocm10812558/Output/0052.tif (deflated 4%)
  adding: mnt/lsdi/ocm10812558-629/ocm10812558/Output/0053.tif (deflated 3%)
  adding: mnt/lsdi/ocm10812558-629/ocm10812558/Output/0054.tif (deflated 63%)
  adding: mnt/lsdi/ocm10812558-629/ocm10812558/Output/0055.tif (deflated 84%)
  adding: mnt/lsdi/ocm10812558-629/ocm10812558/Output/0056.tif (deflated 4%)
  adding: mnt/lsdi/ocm10812558-629/ocm10812558/Output/0057.tif (deflated 4%)
  adding: mnt/lsdi/ocm10812558-629/ocm10812558/Output/0058.tif (deflated 3%)
  adding: mnt/lsdi/ocm10812558-629/ocm10812558/Output/0059.tif (deflated 3%)
  adding: mnt/lsdi/ocm10812558-629/ocm10812558/Output/0060.tif (deflated 3%)
  adding: mnt/lsdi/ocm10812558-629/ocm10812558/Output/0061.tif (deflated 4%)
  adding: mnt/lsdi/ocm10812558-629/ocm10812558/Output/0062.tif (deflated 4%)
  adding: mnt/lsdi/ocm10812558-629/ocm10812558/Output/0063.tif (deflated 4%)
  adding: mnt/lsdi/ocm10812558-629/ocm10812558/Output/0064.tif (deflated 84%)
  adding: mnt/lsdi/ocm10812558-629/ocm10812558/Output/0065.tif (deflated 79%)
  adding: mnt/lsdi/ocm10812558-629/ocm10812558/Output/0066.tif (deflated 77%)
  adding: mnt/lsdi/ocm10812558-629/ocm10812558/Output/0067.tif (deflated 84%)
  adding: mnt/lsdi/ocm10812558-629/ocm10812558/Output/0068.tif (deflated 3%)
  adding: mnt/lsdi/ocm10812558-629/ocm10812558/Output/0069.tif (deflated 4%)
  adding: mnt/lsdi/ocm10812558-629/ocm10812558/Output/0070.tif (deflated 4%)
  adding: mnt/lsdi/ocm10812558-629/ocm10812558/Output/0071.tif (deflated 3%)
  adding: mnt/lsdi/ocm10812558-629/ocm10812558/Output/0072.tif (deflated 5%)
  adding: mnt/lsdi/ocm10812558-629/ocm10812558/Output/0073.tif (deflated 4%)
  adding: mnt/lsdi/ocm10812558-629/ocm10812558/Output/0074.tif (deflated 4%)
  adding: mnt/lsdi/ocm10812558-629/ocm10812558/Output/0075.tif (deflated 4%)
  adding: mnt/lsdi/ocm10812558-629/ocm10812558/Output/0076.tif (deflated 3%)
  adding: mnt/lsdi/ocm10812558-629/ocm10812558/Output/0077.tif (deflated 4%)
  adding: mnt/lsdi/ocm10812558-629/ocm10812558/Output/0078.tif (deflated 73%)
  adding: mnt/lsdi/ocm10812558-629/ocm10812558/Output/0079.tif (deflated 84%)
  adding: mnt/lsdi/ocm10812558-629/ocm10812558/Output/0080.tif (deflated 4%)
  adding: mnt/lsdi/ocm10812558-629/ocm10812558/Output/0081.tif (deflated 4%)
  adding: mnt/lsdi/ocm10812558-629/ocm10812558/Output/0082.tif (deflated 3%)
  adding: mnt/lsdi/ocm10812558-629/ocm10812558/Output/0083.tif (deflated 4%)
  adding: mnt/lsdi/ocm10812558-629/ocm10812558/Output/0084.tif (deflated 4%)
  adding: mnt/lsdi/ocm10812558-629/ocm10812558/Output/0085.tif (deflated 4%)
  adding: mnt/lsdi/ocm10812558-629/ocm10812558/Output/0086.tif (deflated 3%)
  adding: mnt/lsdi/ocm10812558-629/ocm10812558/Output/0087.tif (deflated 5%)
  adding: mnt/lsdi/ocm10812558-629/ocm10812558/Output/0088.tif (deflated 4%)
  adding: mnt/lsdi/ocm10812558-629/ocm10812558/Output/0089.tif (deflated 4%)
  adding: mnt/lsdi/ocm10812558-629/ocm10812558/Output/0090.tif (deflated 3%)
  adding: mnt/lsdi/ocm10812558-629/ocm10812558/Output/0091.tif (deflated 4%)
  adding: mnt/lsdi/ocm10812558-629/ocm10812558/Output/0092.tif (deflated 3%)
  adding: mnt/lsdi/ocm10812558-629/ocm10812558/Output/0093.tif (deflated 4%)
  adding: mnt/lsdi/ocm10812558-629/ocm10812558/Output/0094.tif (deflated 62%)
  adding: mnt/lsdi/ocm10812558-629/ocm10812558/Output/0095.tif (deflated 84%)
  adding: mnt/lsdi/ocm10812558-629/ocm10812558/Output/0096.tif (deflated 4%)
  adding: mnt/lsdi/ocm10812558-629/ocm10812558/Output/0097.tif (deflated 4%)
  adding: mnt/lsdi/ocm10812558-629/ocm10812558/Output/0098.tif (deflated 4%)
  adding: mnt/lsdi/ocm10812558-629/ocm10812558/Output/0099.tif (deflated 4%)
  adding: mnt/lsdi/ocm10812558-629/ocm10812558/Output/0100.tif (deflated 7%)
  adding: mnt/lsdi/ocm10812558-629/ocm10812558/Output/0101.tif (deflated 4%)
  adding: mnt/lsdi/ocm10812558-629/ocm10812558/Output/0102.tif (deflated 4%)
  adding: mnt/lsdi/ocm10812558-629/ocm10812558/Output/0103.tif (deflated 4%)
  adding: mnt/lsdi/ocm10812558-629/ocm10812558/Output/0104.tif (deflated 80%)
  adding: mnt/lsdi/ocm10812558-629/ocm10812558/Output/0105.tif (deflated 84%)
  adding: mnt/lsdi/ocm10812558-629/ocm10812558/Output/0106.tif (deflated 3%)
  adding: mnt/lsdi/ocm10812558-629/ocm10812558/Output/0107.tif (deflated 4%)
  adding: mnt/lsdi/ocm10812558-629/ocm10812558/Output/0108.tif (deflated 4%)
  adding: mnt/lsdi/ocm10812558-629/ocm10812558/Output/0109.tif (deflated 4%)
  adding: mnt/lsdi/ocm10812558-629/ocm10812558/Output/0110.tif (deflated 4%)
  adding: mnt/lsdi/ocm10812558-629/ocm10812558/Output/0111.tif (deflated 4%)
  adding: mnt/lsdi/ocm10812558-629/ocm10812558/Output/0112.tif (deflated 3%)
  adding: mnt/lsdi/ocm10812558-629/ocm10812558/Output/0113.tif (deflated 4%)
  adding: mnt/lsdi/ocm10812558-629/ocm10812558/Output/0114.tif (deflated 3%)
  adding: mnt/lsdi/ocm10812558-629/ocm10812558/Output/0115.tif (deflated 4%)
  adding: mnt/lsdi/ocm10812558-629/ocm10812558/Output/0116.tif (deflated 4%)
  adding: mnt/lsdi/ocm10812558-629/ocm10812558/Output/0117.tif (deflated 4%)
  adding: mnt/lsdi/ocm10812558-629/ocm10812558/Output/0118.tif (deflated 6%)
  adding: mnt/lsdi/ocm10812558-629/ocm10812558/Output/0119.tif (deflated 4%)
  adding: mnt/lsdi/ocm10812558-629/ocm10812558/Output/0120.tif (deflated 4%)
  adding: mnt/lsdi/ocm10812558-629/ocm10812558/Output/0121.tif (deflated 4%)
  adding: mnt/lsdi/ocm10812558-629/ocm10812558/Output/0122.tif (deflated 3%)
  adding: mnt/lsdi/ocm10812558-629/ocm10812558/Output/0123.tif (deflated 4%)
  adding: mnt/lsdi/ocm10812558-629/ocm10812558/Output/0124.tif (deflated 78%)
  adding: mnt/lsdi/ocm10812558-629/ocm10812558/Output/0125.tif (deflated 84%)
  adding: mnt/lsdi/ocm10812558-629/ocm10812558/Output/0126.tif (deflated 3%)
  adding: mnt/lsdi/ocm10812558-629/ocm10812558/Output/0127.tif (deflated 4%)
  adding: mnt/lsdi/ocm10812558-629/ocm10812558/Output/0128.tif (deflated 8%)
  adding: mnt/lsdi/ocm10812558-629/ocm10812558/Output/0129.tif (deflated 4%)
  adding: mnt/lsdi/ocm10812558-629/ocm10812558/Output/0130.tif (deflated 4%)
  adding: mnt/lsdi/ocm10812558-629/ocm10812558/Output/0131.tif (deflated 4%)
  adding: mnt/lsdi/ocm10812558-629/ocm10812558/Output/0132.tif (deflated 3%)
  adding: mnt/lsdi/ocm10812558-629/ocm10812558/Output/0133.tif (deflated 4%)
  adding: mnt/lsdi/ocm10812558-629/ocm10812558/Output/0134.tif (deflated 3%)
  adding: mnt/lsdi/ocm10812558-629/ocm10812558/Output/0135.tif (deflated 3%)
  adding: mnt/lsdi/ocm10812558-629/ocm10812558/Output/0136.tif (deflated 3%)
  adding: mnt/lsdi/ocm10812558-629/ocm10812558/Output/0137.tif (deflated 4%)
  adding: mnt/lsdi/ocm10812558-629/ocm10812558/Output/0138.tif (deflated 4%)
  adding: mnt/lsdi/ocm10812558-629/ocm10812558/Output/0139.tif (deflated 4%)
  adding: mnt/lsdi/ocm10812558-629/ocm10812558/Output/0140.tif (deflated 3%)
  adding: mnt/lsdi/ocm10812558-629/ocm10812558/Output/0141.tif (deflated 4%)
  adding: mnt/lsdi/ocm10812558-629/ocm10812558/Output/0142.tif (deflated 3%)
  adding: mnt/lsdi/ocm10812558-629/ocm10812558/Output/0143.tif (deflated 4%)
  adding: mnt/lsdi/ocm10812558-629/ocm10812558/Output/0144.tif (deflated 3%)
  adding: mnt/lsdi/ocm10812558-629/ocm10812558/Output/0145.tif (deflated 4%)
  adding: mnt/lsdi/ocm10812558-629/ocm10812558/Output/0146.tif (deflated 4%)
  adding: mnt/lsdi/ocm10812558-629/ocm10812558/Output/0147.tif (deflated 4%)
  adding: mnt/lsdi/ocm10812558-629/ocm10812558/Output/0148.tif (deflated 3%)
  adding: mnt/lsdi/ocm10812558-629/ocm10812558/Output/0149.tif (deflated 3%)
  adding: mnt/lsdi/ocm10812558-629/ocm10812558/Output/0150.tif (deflated 4%)
  adding: mnt/lsdi/ocm10812558-629/ocm10812558/Output/0151.tif (deflated 3%)
  adding: mnt/lsdi/ocm10812558-629/ocm10812558/Output/0152.tif (deflated 3%)
  adding: mnt/lsdi/ocm10812558-629/ocm10812558/Output/0153.tif (deflated 4%)
  adding: mnt/lsdi/ocm10812558-629/ocm10812558/Output/0154.tif (deflated 77%)
  adding: mnt/lsdi/ocm10812558-629/ocm10812558/Output/0155.tif (deflated 84%)
  adding: mnt/lsdi/ocm10812558-629/ocm10812558/Output/0156.tif (deflated 4%)
  adding: mnt/lsdi/ocm10812558-629/ocm10812558/Output/0157.tif (deflated 4%)
  adding: mnt/lsdi/ocm10812558-629/ocm10812558/Output/0158.tif (deflated 3%)
  adding: mnt/lsdi/ocm10812558-629/ocm10812558/Output/0159.tif (deflated 4%)
  adding: mnt/lsdi/ocm10812558-629/ocm10812558/Output/0160.tif (deflated 4%)
  adding: mnt/lsdi/ocm10812558-629/ocm10812558/Output/0161.tif (deflated 4%)
  adding: mnt/lsdi/ocm10812558-629/ocm10812558/Output/0162.tif (deflated 3%)
  adding: mnt/lsdi/ocm10812558-629/ocm10812558/Output/0163.tif (deflated 4%)
  adding: mnt/lsdi/ocm10812558-629/ocm10812558/Output/0164.tif (deflated 4%)
  adding: mnt/lsdi/ocm10812558-629/ocm10812558/Output/0165.tif (deflated 3%)
  adding: mnt/lsdi/ocm10812558-629/ocm10812558/Output/0166.tif (deflated 3%)
  adding: mnt/lsdi/ocm10812558-629/ocm10812558/Output/0167.tif (deflated 4%)
  adding: mnt/lsdi/ocm10812558-629/ocm10812558/Output/0168.tif (deflated 5%)
  adding: mnt/lsdi/ocm10812558-629/ocm10812558/Output/0169.tif (deflated 4%)
  adding: mnt/lsdi/ocm10812558-629/ocm10812558/Output/0170.tif (deflated 3%)
  adding: mnt/lsdi/ocm10812558-629/ocm10812558/Output/0171.tif (deflated 4%)
  adding: mnt/lsdi/ocm10812558-629/ocm10812558/Output/0172.tif (deflated 3%)
  adding: mnt/lsdi/ocm10812558-629/ocm10812558/Output/0173.tif (deflated 4%)
  adding: mnt/lsdi/ocm10812558-629/ocm10812558/Output/0174.tif (deflated 4%)
  adding: mnt/lsdi/ocm10812558-629/ocm10812558/Output/0175.tif (deflated 5%)
  adding: mnt/lsdi/ocm10812558-629/ocm10812558/Output/0176.tif (deflated 4%)
  adding: mnt/lsdi/ocm10812558-629/ocm10812558/Output/0177.tif (deflated 4%)
  adding: mnt/lsdi/ocm10812558-629/ocm10812558/Output/0178.tif (deflated 73%)
  adding: mnt/lsdi/ocm10812558-629/ocm10812558/Output/0179.tif (deflated 84%)
  adding: mnt/lsdi/ocm10812558-629/ocm10812558/Output/0180.tif (deflated 4%)
  adding: mnt/lsdi/ocm10812558-629/ocm10812558/Output/0181.tif (deflated 4%)
  adding: mnt/lsdi/ocm10812558-629/ocm10812558/Output/0182.tif (deflated 4%)
  adding: mnt/lsdi/ocm10812558-629/ocm10812558/Output/0183.tif (deflated 4%)
  adding: mnt/lsdi/ocm10812558-629/ocm10812558/Output/0184.tif (deflated 3%)
  adding: mnt/lsdi/ocm10812558-629/ocm10812558/Output/0185.tif (deflated 4%)
  adding: mnt/lsdi/ocm10812558-629/ocm10812558/Output/0186.tif (deflated 4%)
  adding: mnt/lsdi/ocm10812558-629/ocm10812558/Output/0187.tif (deflated 4%)
  adding: mnt/lsdi/ocm10812558-629/ocm10812558/Output/0188.tif (deflated 3%)
  adding: mnt/lsdi/ocm10812558-629/ocm10812558/Output/0189.tif (deflated 4%)
  adding: mnt/lsdi/ocm10812558-629/ocm10812558/Output/0190.tif (deflated 3%)
  adding: mnt/lsdi/ocm10812558-629/ocm10812558/Output/0191.tif (deflated 3%)
  adding: mnt/lsdi/ocm10812558-629/ocm10812558/Output/0192.tif (deflated 3%)
  adding: mnt/lsdi/ocm10812558-629/ocm10812558/Output/0193.tif (deflated 4%)
  adding: mnt/lsdi/ocm10812558-629/ocm10812558/Output/0194.tif (deflated 84%)
  adding: mnt/lsdi/ocm10812558-629/ocm10812558/Output/0195.tif (deflated 80%)
  adding: mnt/lsdi/ocm10812558-629/ocm10812558/Output/0196.tif (deflated 60%)
  adding: mnt/lsdi/ocm10812558-629/ocm10812558/Output/0197.tif (deflated 84%)
  adding: mnt/lsdi/ocm10812558-629/ocm10812558/Output/0198.tif (deflated 4%)
  adding: mnt/lsdi/ocm10812558-629/ocm10812558/Output/0199.tif (deflated 3%)
  adding: mnt/lsdi/ocm10812558-629/ocm10812558/Output/0200.tif (deflated 5%)
  adding: mnt/lsdi/ocm10812558-629/ocm10812558/Output/0201.tif (deflated 4%)
  adding: mnt/lsdi/ocm10812558-629/ocm10812558/Output/0202.tif (deflated 3%)
  adding: mnt/lsdi/ocm10812558-629/ocm10812558/Output/0203.tif (deflated 4%)
  adding: mnt/lsdi/ocm10812558-629/ocm10812558/Output/0204.tif (deflated 3%)
  adding: mnt/lsdi/ocm10812558-629/ocm10812558/Output/0205.tif (deflated 4%)
  adding: mnt/lsdi/ocm10812558-629/ocm10812558/Output/0206.tif (deflated 3%)
  adding: mnt/lsdi/ocm10812558-629/ocm10812558/Output/0207.tif (deflated 3%)
  adding: mnt/lsdi/ocm10812558-629/ocm10812558/Output/0208.tif (deflated 3%)
  adding: mnt/lsdi/ocm10812558-629/ocm10812558/Output/0209.tif (deflated 4%)
  adding: mnt/lsdi/ocm10812558-629/ocm10812558/Output/0210.tif (deflated 4%)
  adding: mnt/lsdi/ocm10812558-629/ocm10812558/Output/0211.tif (deflated 4%)
  adding: mnt/lsdi/ocm10812558-629/ocm10812558/Output/0212.tif (deflated 4%)
  adding: mnt/lsdi/ocm10812558-629/ocm10812558/Output/0213.tif (deflated 3%)
  adding: mnt/lsdi/ocm10812558-629/ocm10812558/Output/0214.tif (deflated 4%)
  adding: mnt/lsdi/ocm10812558-629/ocm10812558/Output/0215.tif (deflated 4%)
  adding: mnt/lsdi/ocm10812558-629/ocm10812558/Output/0216.tif (deflated 3%)
  adding: mnt/lsdi/ocm10812558-629/ocm10812558/Output/0217.tif (deflated 5%)
  adding: mnt/lsdi/ocm10812558-629/ocm10812558/Output/0218.tif (deflated 4%)
  adding: mnt/lsdi/ocm10812558-629/ocm10812558/Output/0219.tif (deflated 4%)
  adding: mnt/lsdi/ocm10812558-629/ocm10812558/Output/0220.tif (deflated 3%)
  adding: mnt/lsdi/ocm10812558-629/ocm10812558/Output/0221.tif (deflated 4%)
  adding: mnt/lsdi/ocm10812558-629/ocm10812558/Output/0222.tif (deflated 3%)
  adding: mnt/lsdi/ocm10812558-629/ocm10812558/Output/0223.tif (deflated 4%)
  adding: mnt/lsdi/ocm10812558-629/ocm10812558/Output/0224.tif (deflated 3%)
  adding: mnt/lsdi/ocm10812558-629/ocm10812558/Output/0225.tif (deflated 7%)
  adding: mnt/lsdi/ocm10812558-629/ocm10812558/Output/0226.tif (deflated 4%)
  adding: mnt/lsdi/ocm10812558-629/ocm10812558/Output/0227.tif (deflated 4%)
  adding: mnt/lsdi/ocm10812558-629/ocm10812558/Output/0228.tif (deflated 3%)
  adding: mnt/lsdi/ocm10812558-629/ocm10812558/Output/0229.tif (deflated 3%)
  adding: mnt/lsdi/ocm10812558-629/ocm10812558/Output/0230.tif (deflated 3%)
  adding: mnt/lsdi/ocm10812558-629/ocm10812558/Output/0231.tif (deflated 3%)
  adding: mnt/lsdi/ocm10812558-629/ocm10812558/Output/0232.tif (deflated 3%)
  adding: mnt/lsdi/ocm10812558-629/ocm10812558/Output/0233.tif (deflated 4%)
  adding: mnt/lsdi/ocm10812558-629/ocm10812558/Output/0234.tif (deflated 4%)
  adding: mnt/lsdi/ocm10812558-629/ocm10812558/Output/0235.tif (deflated 4%)
  adding: mnt/lsdi/ocm10812558-629/ocm10812558/Output/0236.tif (deflated 4%)
  adding: mnt/lsdi/ocm10812558-629/ocm10812558/Output/0237.tif (deflated 4%)
  adding: mnt/lsdi/ocm10812558-629/ocm10812558/Output/0238.tif (deflated 4%)
  adding: mnt/lsdi/ocm10812558-629/ocm10812558/Output/0239.tif (deflated 4%)
  adding: mnt/lsdi/ocm10812558-629/ocm10812558/Output/0240.tif (deflated 65%)
  adding: mnt/lsdi/ocm10812558-629/ocm10812558/Output/0241.tif (deflated 84%)
  adding: mnt/lsdi/ocm10812558-629/ocm10812558/Output/0242.tif (deflated 3%)
  adding: mnt/lsdi/ocm10812558-629/ocm10812558/Output/0243.tif (deflated 4%)
  adding: mnt/lsdi/ocm10812558-629/ocm10812558/Output/0244.tif (deflated 3%)
  adding: mnt/lsdi/ocm10812558-629/ocm10812558/Output/0245.tif (deflated 4%)
  adding: mnt/lsdi/ocm10812558-629/ocm10812558/Output/0246.tif (deflated 3%)
  adding: mnt/lsdi/ocm10812558-629/ocm10812558/Output/0247.tif (deflated 4%)
  adding: mnt/lsdi/ocm10812558-629/ocm10812558/Output/0248.tif (deflated 3%)
  adding: mnt/lsdi/ocm10812558-629/ocm10812558/Output/0249.tif (deflated 3%)
  adding: mnt/lsdi/ocm10812558-629/ocm10812558/Output/0250.tif (deflated 71%)
  adding: mnt/lsdi/ocm10812558-629/ocm10812558/Output/0251.tif (deflated 84%)
  adding: mnt/lsdi/ocm10812558-629/ocm10812558/Output/0252.tif (deflated 3%)
  adding: mnt/lsdi/ocm10812558-629/ocm10812558/Output/0253.tif (deflated 4%)
  adding: mnt/lsdi/ocm10812558-629/ocm10812558/Output/0254.tif (deflated 3%)
  adding: mnt/lsdi/ocm10812558-629/ocm10812558/Output/0255.tif (deflated 3%)
  adding: mnt/lsdi/ocm10812558-629/ocm10812558/Output/0256.tif (deflated 4%)
  adding: mnt/lsdi/ocm10812558-629/ocm10812558/Output/0257.tif (deflated 4%)
  adding: mnt/lsdi/ocm10812558-629/ocm10812558/Output/0258.tif (deflated 4%)
  adding: mnt/lsdi/ocm10812558-629/ocm10812558/Output/0259.tif (deflated 4%)
  adding: mnt/lsdi/ocm10812558-629/ocm10812558/Output/0260.tif (deflated 3%)
  adding: mnt/lsdi/ocm10812558-629/ocm10812558/Output/0261.tif (deflated 4%)
  adding: mnt/lsdi/ocm10812558-629/ocm10812558/Output/0262.tif (deflated 4%)
  adding: mnt/lsdi/ocm10812558-629/ocm10812558/Output/0263.tif (deflated 4%)
  adding: mnt/lsdi/ocm10812558-629/ocm10812558/Output/0264.tif (deflated 3%)
  adding: mnt/lsdi/ocm10812558-629/ocm10812558/Output/0265.tif (deflated 4%)
  adding: mnt/lsdi/ocm10812558-629/ocm10812558/Output/0266.tif (deflated 4%)
  adding: mnt/lsdi/ocm10812558-629/ocm10812558/Output/0267.tif (deflated 4%)
  adding: mnt/lsdi/ocm10812558-629/ocm10812558/Output/0268.tif (deflated 3%)
  adding: mnt/lsdi/ocm10812558-629/ocm10812558/Output/0269.tif (deflated 6%)
  adding: mnt/lsdi/ocm10812558-629/ocm10812558/Output/0270.tif (deflated 4%)
  adding: mnt/lsdi/ocm10812558-629/ocm10812558/Output/0271.tif (deflated 4%)
  adding: mnt/lsdi/ocm10812558-629/ocm10812558/Output/0272.tif (deflated 3%)
  adding: mnt/lsdi/ocm10812558-629/ocm10812558/Output/0273.tif (deflated 4%)
  adding: mnt/lsdi/ocm10812558-629/ocm10812558/Output/0274.tif (deflated 3%)
  adding: mnt/lsdi/ocm10812558-629/ocm10812558/Output/0275.tif (deflated 3%)
  adding: mnt/lsdi/ocm10812558-629/ocm10812558/Output/0276.tif (deflated 3%)
  adding: mnt/lsdi/ocm10812558-629/ocm10812558/Output/0277.tif (deflated 4%)
  adding: mnt/lsdi/ocm10812558-629/ocm10812558/Output/0278.tif (deflated 74%)
  adding: mnt/lsdi/ocm10812558-629/ocm10812558/Output/0279.tif (deflated 84%)
  adding: mnt/lsdi/ocm10812558-629/ocm10812558/Output/0280.tif (deflated 3%)
  adding: mnt/lsdi/ocm10812558-629/ocm10812558/Output/0281.tif (deflated 3%)
  adding: mnt/lsdi/ocm10812558-629/ocm10812558/Output/0282.tif (deflated 4%)
  adding: mnt/lsdi/ocm10812558-629/ocm10812558/Output/0283.tif (deflated 6%)
  adding: mnt/lsdi/ocm10812558-629/ocm10812558/Output/0284.tif (deflated 4%)
  adding: mnt/lsdi/ocm10812558-629/ocm10812558/Output/0285.tif (deflated 4%)
  adding: mnt/lsdi/ocm10812558-629/ocm10812558/Output/0286.tif (deflated 3%)
  adding: mnt/lsdi/ocm10812558-629/ocm10812558/Output/0287.tif (deflated 4%)
  adding: mnt/lsdi/ocm10812558-629/ocm10812558/Output/0288.tif (deflated 4%)
  adding: mnt/lsdi/ocm10812558-629/ocm10812558/Output/0289.tif (deflated 4%)
  adding: mnt/lsdi/ocm10812558-629/ocm10812558/Output/0290.tif (deflated 3%)
  adding: mnt/lsdi/ocm10812558-629/ocm10812558/Output/0291.tif (deflated 4%)
  adding: mnt/lsdi/ocm10812558-629/ocm10812558/Output/0292.tif (deflated 3%)
  adding: mnt/lsdi/ocm10812558-629/ocm10812558/Output/0293.tif (deflated 3%)
  adding: mnt/lsdi/ocm10812558-629/ocm10812558/Output/0294.tif (deflated 3%)
  adding: mnt/lsdi/ocm10812558-629/ocm10812558/Output/0295.tif (deflated 4%)
  adding: mnt/lsdi/ocm10812558-629/ocm10812558/Output/0296.tif (deflated 4%)
  adding: mnt/lsdi/ocm10812558-629/ocm10812558/Output/0297.tif (deflated 4%)
  adding: mnt/lsdi/ocm10812558-629/ocm10812558/Output/0298.tif (deflated 5%)
  adding: mnt/lsdi/ocm10812558-629/ocm10812558/Output/0299.tif (deflated 4%)
  adding: mnt/lsdi/ocm10812558-629/ocm10812558/Output/0300.tif (deflated 4%)
  adding: mnt/lsdi/ocm10812558-629/ocm10812558/Output/0301.tif (deflated 3%)
  adding: mnt/lsdi/ocm10812558-629/ocm10812558/Output/0302.tif (deflated 4%)
  adding: mnt/lsdi/ocm10812558-629/ocm10812558/Output/0303.tif (deflated 4%)
  adding: mnt/lsdi/ocm10812558-629/ocm10812558/Output/0304.tif (deflated 3%)
  adding: mnt/lsdi/ocm10812558-629/ocm10812558/Output/0305.tif (deflated 4%)
  adding: mnt/lsdi/ocm10812558-629/ocm10812558/Output/0306.tif (deflated 4%)
  adding: mnt/lsdi/ocm10812558-629/ocm10812558/Output/0307.tif (deflated 4%)
  adding: mnt/lsdi/ocm10812558-629/ocm10812558/Output/0308.tif (deflated 4%)
  adding: mnt/lsdi/ocm10812558-629/ocm10812558/Output/0309.tif (deflated 4%)
  adding: mnt/lsdi/ocm10812558-629/ocm10812558/Output/0310.tif (deflated 3%)
  adding: mnt/lsdi/ocm10812558-629/ocm10812558/Output/0311.tif (deflated 4%)
  adding: mnt/lsdi/ocm10812558-629/ocm10812558/Output/0312.tif (deflated 3%)
  adding: mnt/lsdi/ocm10812558-629/ocm10812558/Output/0313.tif (deflated 4%)
  adding: mnt/lsdi/ocm10812558-629/ocm10812558/Output/0314.tif (deflated 60%)
  adding: mnt/lsdi/ocm10812558-629/ocm10812558/Output/0315.tif (deflated 84%)
  adding: mnt/lsdi/ocm10812558-629/ocm10812558/Output/0316.tif (deflated 4%)
  adding: mnt/lsdi/ocm10812558-629/ocm10812558/Output/0317.tif (deflated 5%)
  adding: mnt/lsdi/ocm10812558-629/ocm10812558/Output/0318.tif (deflated 4%)
  adding: mnt/lsdi/ocm10812558-629/ocm10812558/Output/0319.tif (deflated 4%)
  adding: mnt/lsdi/ocm10812558-629/ocm10812558/Output/0320.tif (deflated 4%)
  adding: mnt/lsdi/ocm10812558-629/ocm10812558/Output/0321.tif (deflated 4%)
  adding: mnt/lsdi/ocm10812558-629/ocm10812558/Output/0322.tif (deflated 4%)
  adding: mnt/lsdi/ocm10812558-629/ocm10812558/Output/0323.tif (deflated 4%)
  adding: mnt/lsdi/ocm10812558-629/ocm10812558/Output/0324.tif (deflated 4%)
  adding: mnt/lsdi/ocm10812558-629/ocm10812558/Output/0325.tif (deflated 4%)
  adding: mnt/lsdi/ocm10812558-629/ocm10812558/Output/0326.tif (deflated 4%)
  adding: mnt/lsdi/ocm10812558-629/ocm10812558/Output/0327.tif (deflated 4%)
  adding: mnt/lsdi/ocm10812558-629/ocm10812558/Output/0328.tif (deflated 3%)
  adding: mnt/lsdi/ocm10812558-629/ocm10812558/Output/0329.tif (deflated 4%)
  adding: mnt/lsdi/ocm10812558-629/ocm10812558/Output/0330.tif (deflated 4%)
  adding: mnt/lsdi/ocm10812558-629/ocm10812558/Output/0331.tif (deflated 4%)
  adding: mnt/lsdi/ocm10812558-629/ocm10812558/Output/0332.tif (deflated 3%)
  adding: mnt/lsdi/ocm10812558-629/ocm10812558/Output/0333.tif (deflated 4%)
  adding: mnt/lsdi/ocm10812558-629/ocm10812558/Output/0334.tif (deflated 4%)
  adding: mnt/lsdi/ocm10812558-629/ocm10812558/Output/0335.tif (deflated 4%)
  adding: mnt/lsdi/ocm10812558-629/ocm10812558/Output/0336.tif (deflated 3%)
  adding: mnt/lsdi/ocm10812558-629/ocm10812558/Output/0337.tif (deflated 4%)
  adding: mnt/lsdi/ocm10812558-629/ocm10812558/Output/0338.tif (deflated 4%)
  adding: mnt/lsdi/ocm10812558-629/ocm10812558/Output/0339.tif (deflated 5%)
  adding: mnt/lsdi/ocm10812558-629/ocm10812558/Output/0340.tif (deflated 4%)
  adding: mnt/lsdi/ocm10812558-629/ocm10812558/Output/0341.tif (deflated 4%)
  adding: mnt/lsdi/ocm10812558-629/ocm10812558/Output/0342.tif (deflated 3%)
  adding: mnt/lsdi/ocm10812558-629/ocm10812558/Output/0343.tif (deflated 3%)
  adding: mnt/lsdi/ocm10812558-629/ocm10812558/Output/0344.tif (deflated 3%)
  adding: mnt/lsdi/ocm10812558-629/ocm10812558/Output/0345.tif (deflated 4%)
  adding: mnt/lsdi/ocm10812558-629/ocm10812558/Output/0346.tif (deflated 5%)
  adding: mnt/lsdi/ocm10812558-629/ocm10812558/Output/0347.tif (deflated 4%)
  adding: mnt/lsdi/ocm10812558-629/ocm10812558/Output/0348.tif (deflated 67%)
  adding: mnt/lsdi/ocm10812558-629/ocm10812558/Output/0349.tif (deflated 84%)
  adding: mnt/lsdi/ocm10812558-629/ocm10812558/Output/0350.tif (deflated 4%)
  adding: mnt/lsdi/ocm10812558-629/ocm10812558/Output/0351.tif (deflated 4%)
  adding: mnt/lsdi/ocm10812558-629/ocm10812558/Output/0352.tif (deflated 4%)
  adding: mnt/lsdi/ocm10812558-629/ocm10812558/Output/0353.tif (deflated 4%)
  adding: mnt/lsdi/ocm10812558-629/ocm10812558/Output/0354.tif (deflated 4%)
  adding: mnt/lsdi/ocm10812558-629/ocm10812558/Output/0355.tif (deflated 4%)
  adding: mnt/lsdi/ocm10812558-629/ocm10812558/Output/0356.tif (deflated 4%)
  adding: mnt/lsdi/ocm10812558-629/ocm10812558/Output/0357.tif (deflated 4%)
  adding: mnt/lsdi/ocm10812558-629/ocm10812558/Output/0358.tif (deflated 3%)
  adding: mnt/lsdi/ocm10812558-629/ocm10812558/Output/0359.tif (deflated 4%)
  adding: mnt/lsdi/ocm10812558-629/ocm10812558/Output/0360.tif (deflated 4%)
  adding: mnt/lsdi/ocm10812558-629/ocm10812558/Output/0361.tif (deflated 4%)
  adding: mnt/lsdi/ocm10812558-629/ocm10812558/Output/0362.tif (deflated 3%)
  adding: mnt/lsdi/ocm10812558-629/ocm10812558/Output/0363.tif (deflated 4%)
  adding: mnt/lsdi/ocm10812558-629/ocm10812558/Output/0364.tif (deflated 3%)
  adding: mnt/lsdi/ocm10812558-629/ocm10812558/Output/0365.tif (deflated 4%)
  adding: mnt/lsdi/ocm10812558-629/ocm10812558/Output/0366.tif (deflated 3%)
  adding: mnt/lsdi/ocm10812558-629/ocm10812558/Output/0367.tif (deflated 4%)
  adding: mnt/lsdi/ocm10812558-629/ocm10812558/Output/0368.tif (deflated 4%)
  adding: mnt/lsdi/ocm10812558-629/ocm10812558/Output/0369.tif (deflated 3%)
  adding: mnt/lsdi/ocm10812558-629/ocm10812558/Output/0370.tif (deflated 3%)
  adding: mnt/lsdi/ocm10812558-629/ocm10812558/Output/0371.tif (deflated 4%)
  adding: mnt/lsdi/ocm10812558-629/ocm10812558/Output/0372.tif (deflated 4%)
  adding: mnt/lsdi/ocm10812558-629/ocm10812558/Output/0373.tif (deflated 4%)
  adding: mnt/lsdi/ocm10812558-629/ocm10812558/Output/0374.tif (deflated 4%)
  adding: mnt/lsdi/ocm10812558-629/ocm10812558/Output/0375.tif (deflated 4%)
  adding: mnt/lsdi/ocm10812558-629/ocm10812558/Output/0376.tif (deflated 64%)
  adding: mnt/lsdi/ocm10812558-629/ocm10812558/Output/0377.tif (deflated 84%)
  adding: mnt/lsdi/ocm10812558-629/ocm10812558/Output/0378.tif (deflated 4%)
  adding: mnt/lsdi/ocm10812558-629/ocm10812558/Output/0379.tif (deflated 4%)
  adding: mnt/lsdi/ocm10812558-629/ocm10812558/Output/0380.tif (deflated 4%)
  adding: mnt/lsdi/ocm10812558-629/ocm10812558/Output/0381.tif (deflated 4%)
  adding: mnt/lsdi/ocm10812558-629/ocm10812558/Output/0382.tif (deflated 4%)
  adding: mnt/lsdi/ocm10812558-629/ocm10812558/Output/0383.tif (deflated 4%)
  adding: mnt/lsdi/ocm10812558-629/ocm10812558/Output/0384.tif (deflated 67%)
  adding: mnt/lsdi/ocm10812558-629/ocm10812558/Output/0385.tif (deflated 84%)
  adding: mnt/lsdi/ocm10812558-629/ocm10812558/Output/0386.tif (deflated 3%)
  adding: mnt/lsdi/ocm10812558-629/ocm10812558/Output/0387.tif (deflated 4%)
  adding: mnt/lsdi/ocm10812558-629/ocm10812558/Output/0388.tif (deflated 3%)
  adding: mnt/lsdi/ocm10812558-629/ocm10812558/Output/0389.tif (deflated 4%)
  adding: mnt/lsdi/ocm10812558-629/ocm10812558/Output/0390.tif (deflated 4%)
  adding: mnt/lsdi/ocm10812558-629/ocm10812558/Output/0391.tif (deflated 4%)
  adding: mnt/lsdi/ocm10812558-629/ocm10812558/Output/0392.tif (deflated 4%)
  adding: mnt/lsdi/ocm10812558-629/ocm10812558/Output/0393.tif (deflated 4%)
  adding: mnt/lsdi/ocm10812558-629/ocm10812558/Output/0394.tif (deflated 4%)
  adding: mnt/lsdi/ocm10812558-629/ocm10812558/Output/0395.tif (deflated 4%)
  adding: mnt/lsdi/ocm10812558-629/ocm10812558/Output/0396.tif (deflated 3%)
  adding: mnt/lsdi/ocm10812558-629/ocm10812558/Output/0397.tif (deflated 4%)
  adding: mnt/lsdi/ocm10812558-629/ocm10812558/Output/0398.tif (deflated 84%)
  adding: mnt/lsdi/ocm10812558-629/ocm10812558/Output/0399.tif (deflated 94%)
  adding: mnt/lsdi/ocm10812558-629/ocm10812558/Output/0400.tif (deflated 98%)
  adding: mnt/lsdi/ocm10812558-629/ocm10812558/Output/0401.tif (deflated 84%)
  adding: mnt/lsdi/ocm10812558-629/ocm10812558/Output/0402.tif (deflated 3%)
  adding: mnt/lsdi/ocm10812558-629/ocm10812558/Output/0403.tif (deflated 4%)
  adding: mnt/lsdi/ocm10812558-629/ocm10812558/Output/0404.tif (deflated 4%)
  adding: mnt/lsdi/ocm10812558-629/ocm10812558/Output/0405.tif (deflated 4%)
  adding: mnt/lsdi/ocm10812558-629/ocm10812558/Output/0406.tif (deflated 4%)
  adding: mnt/lsdi/ocm10812558-629/ocm10812558/Output/0407.tif (deflated 4%)
  adding: mnt/lsdi/ocm10812558-629/ocm10812558/Output/0408.tif (deflated 3%)
  adding: mnt/lsdi/ocm10812558-629/ocm10812558/Output/0409.tif (deflated 4%)
  adding: mnt/lsdi/ocm10812558-629/ocm10812558/Output/0410.tif (deflated 4%)
  adding: mnt/lsdi/ocm10812558-629/ocm10812558/Output/0411.tif (deflated 4%)
  adding: mnt/lsdi/ocm10812558-629/ocm10812558/Output/0412.tif (deflated 66%)
  adding: mnt/lsdi/ocm10812558-629/ocm10812558/Output/0413.tif (deflated 84%)
  adding: mnt/lsdi/ocm10812558-629/ocm10812558/Output/0414.tif (deflated 4%)
  adding: mnt/lsdi/ocm10812558-629/ocm10812558/Output/0415.tif (deflated 4%)
  adding: mnt/lsdi/ocm10812558-629/ocm10812558/Output/0416.tif (deflated 4%)
  adding: mnt/lsdi/ocm10812558-629/ocm10812558/Output/0417.tif (deflated 4%)
  adding: mnt/lsdi/ocm10812558-629/ocm10812558/Output/0418.tif (deflated 3%)
  adding: mnt/lsdi/ocm10812558-629/ocm10812558/Output/0419.tif (deflated 3%)
  adding: mnt/lsdi/ocm10812558-629/ocm10812558/Output/0420.tif (deflated 65%)
  adding: mnt/lsdi/ocm10812558-629/ocm10812558/Output/0421.tif (deflated 84%)
  adding: mnt/lsdi/ocm10812558-629/ocm10812558/Output/0422.tif (deflated 3%)
  adding: mnt/lsdi/ocm10812558-629/ocm10812558/Output/0423.tif (deflated 4%)
  adding: mnt/lsdi/ocm10812558-629/ocm10812558/Output/0424.tif (deflated 4%)
  adding: mnt/lsdi/ocm10812558-629/ocm10812558/Output/0425.tif (deflated 4%)
  adding: mnt/lsdi/ocm10812558-629/ocm10812558/Output/0426.tif (deflated 4%)
  adding: mnt/lsdi/ocm10812558-629/ocm10812558/Output/0427.tif (deflated 4%)
  adding: mnt/lsdi/ocm10812558-629/ocm10812558/Output/0428.tif (deflated 4%)
  adding: mnt/lsdi/ocm10812558-629/ocm10812558/Output/0429.tif (deflated 3%)
  adding: mnt/lsdi/ocm10812558-629/ocm10812558/Output/0430.tif (deflated 4%)
  adding: mnt/lsdi/ocm10812558-629/ocm10812558/Output/0431.tif (deflated 4%)
  adding: mnt/lsdi/ocm10812558-629/ocm10812558/Output/0432.tif (deflated 4%)
  adding: mnt/lsdi/ocm10812558-629/ocm10812558/Output/0433.tif (deflated 3%)
  adding: mnt/lsdi/ocm10812558-629/ocm10812558/Output/0434.tif (deflated 4%)
  adding: mnt/lsdi/ocm10812558-629/ocm10812558/Output/0435.tif (deflated 3%)
  adding: mnt/lsdi/ocm10812558-629/ocm10812558/Output/0436.tif (deflated 3%)
  adding: mnt/lsdi/ocm10812558-629/ocm10812558/Output/0437.tif (deflated 4%)
  adding: mnt/lsdi/ocm10812558-629/ocm10812558/Output/0438.tif (deflated 4%)
  adding: mnt/lsdi/ocm10812558-629/ocm10812558/Output/0439.tif (deflated 4%)
  adding: mnt/lsdi/ocm10812558-629/ocm10812558/Output/0440.tif (deflated 4%)
  adding: mnt/lsdi/ocm10812558-629/ocm10812558/Output/0441.tif (deflated 4%)
  adding: mnt/lsdi/ocm10812558-629/ocm10812558/Output/0442.tif (deflated 4%)
  adding: mnt/lsdi/ocm10812558-629/ocm10812558/Output/0443.tif (deflated 4%)
  adding: mnt/lsdi/ocm10812558-629/ocm10812558/Output/0444.tif (deflated 4%)
  adding: mnt/lsdi/ocm10812558-629/ocm10812558/Output/0445.tif (deflated 5%)
  adding: mnt/lsdi/ocm10812558-629/ocm10812558/Output/0446.tif (deflated 67%)
  adding: mnt/lsdi/ocm10812558-629/ocm10812558/Output/0447.tif (deflated 84%)
  adding: mnt/lsdi/ocm10812558-629/ocm10812558/Output/0448.tif (deflated 4%)
  adding: mnt/lsdi/ocm10812558-629/ocm10812558/Output/0449.tif (deflated 4%)
  adding: mnt/lsdi/ocm10812558-629/ocm10812558/Output/0450.tif (deflated 4%)
  adding: mnt/lsdi/ocm10812558-629/ocm10812558/Output/0451.tif (deflated 4%)
  adding: mnt/lsdi/ocm10812558-629/ocm10812558/Output/0452.tif (deflated 3%)
  adding: mnt/lsdi/ocm10812558-629/ocm10812558/Output/0453.tif (deflated 4%)
  adding: mnt/lsdi/ocm10812558-629/ocm10812558/Output/0454.tif (deflated 4%)
  adding: mnt/lsdi/ocm10812558-629/ocm10812558/Output/0455.tif (deflated 84%)
  adding: mnt/lsdi/ocm10812558-629/ocm10812558/Output/0456.tif (deflated 84%)
curl --location --header authorization: LOW fpJYfLnxbLmCEHqU:JQbq6NgBaPrSh98Y --upload-file /temp/ocm10812558_629_images.zip http://s3.us.archive.org/10812558.629.emory.edu/10812558_629_images.zip
  % Total    % Received % Xferd  Average Speed   Time    Time     Time  Current
                                 Dload  Upload   Total   Spent    Left  Speed
  0     0    0     0    0     0      0      0 --:--:-- --:--:-- --:--:--     0  0 83.4M    0     0    0 32768      0  20767  1:10:15  0:00:01  1:10:14 21801  0 83.4M    0     0    0  176k      0  91944  0:15:52  0:00:01  0:15:51 95558  0 83.4M    0     0    0  272k      0  84826  0:17:11  0:00:03  0:17:08 86795  0 83.4M    0     0    0  400k      0   103k  0:13:48  0:00:03  0:13:45  105k  0 83.4M    0     0    0  624k      0   128k  0:11:03  0:00:04  0:10:59  130k  1 83.4M    0     0    1  928k      0   159k  0:08:55  0:00:05  0:08:50  211k  1 83.4M    0     0    1 1216k      0   177k  0:08:01  0:00:06  0:07:55  212k  2 83.4M    0     0    2 1728k      0   221k  0:06:26  0:00:07  0:06:19  321k  2 83.4M    0     0    2 2544k      0   288k  0:04:56  0:00:08  0:04:48  433k  3 83.4M    0     0    3 3184k      0   323k  0:04:24  0:00:09  0:04:15  512k  4 83.4M    0     0    4 3968k      0   366k  0:03:53  0:00:10  0:03:43  606k  5 83.4M    0     0    5 4352k      0   361k  0:03:56  0:00:12  0:03:44  605k  5 83.4M    0     0    5 4928k      0   384k  0:03:42  0:00:12  0:03:30  639k  6 83.4M    0     0    6 5696k      0   412k  0:03:27  0:00:13  0:03:14  631k  7 83.4M    0     0    7 6512k      0   438k  0:03:14  0:00:14  0:03:00  664k  8 83.4M    0     0    8 6944k      0   433k  0:03:16  0:00:16  0:03:00  574k  8 83.4M    0     0    8 7552k      0   448k  0:03:10  0:00:16  0:02:54  667k  9 83.4M    0     0    9 8304k      0   466k  0:03:03  0:00:17  0:02:46  675k 10 83.4M    0     0   10 9072k      0   482k  0:02:57  0:00:18  0:02:39  675k 11 83.4M    0     0   11 9776k      0   493k  0:02:53  0:00:19  0:02:34  656k 12 83.4M    0     0   12 10.3M      0   508k  0:02:48  0:00:20  0:02:28  754k 13 83.4M    0     0   13 10.8M      0   511k  0:02:47  0:00:21  0:02:26  721k 13 83.4M    0     0   13 11.5M      0   518k  0:02:44  0:00:22  0:02:22  704k 14 83.4M    0     0   14 12.2M      0   527k  0:02:41  0:00:23  0:02:18  698k 15 83.4M    0     0   15 12.8M      0   531k  0:02:40  0:00:24  0:02:16  681k 16 83.4M    0     0   16 13.6M      0   540k  0:02:38  0:00:25  0:02:13  675k 17 83.4M    0     0   17 14.3M      0   548k  0:02:36  0:00:26  0:02:10  707k 17 83.4M    0     0   17 14.8M      0   536k  0:02:39  0:00:28  0:02:11  612k 18 83.4M    0     0   18 15.1M      0   537k  0:02:39  0:00:28  0:02:11  582k 18 83.4M    0     0   18 15.7M      0   541k  0:02:37  0:00:29  0:02:08  594k 19 83.4M    0     0   19 16.4M      0   545k  0:02:36  0:00:30  0:02:06  571k 19 83.4M    0     0   19 16.5M      0   531k  0:02:40  0:00:31  0:02:09  441k 20 83.4M    0     0   20 17.0M      0   530k  0:02:41  0:00:32  0:02:09  494k 21 83.4M    0     0   21 17.6M      0   534k  0:02:40  0:00:33  0:02:07  515k 21 83.4M    0     0   21 18.3M      0   539k  0:02:38  0:00:34  0:02:04  527k 22 83.4M    0     0   22 18.6M      0   533k  0:02:40  0:00:35  0:02:05  459k 22 83.4M    0     0   22 19.0M      0   528k  0:02:41  0:00:36  0:02:05  514k 23 83.4M    0     0   23 19.4M      0   527k  0:02:42  0:00:37  0:02:05  504k 23 83.4M    0     0   23 19.9M      0   526k  0:02:42  0:00:38  0:02:04  478k 24 83.4M    0     0   24 20.4M      0   525k  0:02:42  0:00:39  0:02:03  428k 25 83.4M    0     0   25 20.9M      0   524k  0:02:42  0:00:40  0:02:02  461k 25 83.4M    0     0   25 21.2M      0   520k  0:02:44  0:00:41  0:02:03  458k 26 83.4M    0     0   26 21.8M      0   521k  0:02:43  0:00:42  0:02:01  477k 26 83.4M    0     0   26 22.2M      0   519k  0:02:44  0:00:43  0:02:01  461k 27 83.4M    0     0   27 22.8M      0   521k  0:02:43  0:00:44  0:01:59  488k 28 83.4M    0     0   28 23.4M      0   524k  0:02:43  0:00:45  0:01:58  520k 28 83.4M    0     0   28 24.0M      0   526k  0:02:42  0:00:46  0:01:56  578k 29 83.4M    0     0   29 24.7M      0   528k  0:02:41  0:00:47  0:01:54  594k 30 83.4M    0     0   30 25.1M      0   528k  0:02:41  0:00:48  0:01:53  603k 30 83.4M    0     0   30 25.6M      0   527k  0:02:42  0:00:49  0:01:53  580k 31 83.4M    0     0   31 26.3M      0   531k  0:02:40  0:00:50  0:01:50  600k 32 83.4M    0     0   32 27.0M      0   534k  0:02:39  0:00:51  0:01:48  609k 32 83.4M    0     0   32 27.4M      0   532k  0:02:40  0:00:52  0:01:48  570k 33 83.4M    0     0   33 28.0M      0   533k  0:02:40  0:00:53  0:01:47  581k 34 83.4M    0     0   34 28.6M      0   535k  0:02:39  0:00:54  0:01:45  613k 35 83.4M    0     0   35 29.3M      0   538k  0:02:38  0:00:55  0:01:43  607k 35 83.4M    0     0   35 29.8M      0   535k  0:02:39  0:00:57  0:01:42  542k 36 83.4M    0     0   36 30.2M      0   536k  0:02:39  0:00:57  0:01:42  576k 37 83.4M    0     0   37 30.9M      0   539k  0:02:38  0:00:58  0:01:40  604k 37 83.4M    0     0   37 31.4M      0   538k  0:02:38  0:00:59  0:01:39  573k 38 83.4M    0     0   38 32.0M      0   539k  0:02:38  0:01:00  0:01:38  548k 39 83.4M    0     0   39 32.7M      0   541k  0:02:37  0:01:01  0:01:36  614k 39 83.4M    0     0   39 33.2M      0   541k  0:02:37  0:01:02  0:01:35  593k 40 83.4M    0     0   40 33.8M      0   542k  0:02:37  0:01:03  0:01:34  582k 41 83.4M    0     0   41 34.4M      0   540k  0:02:38  0:01:05  0:01:33  567k 41 83.4M    0     0   41 34.8M      0   541k  0:02:37  0:01:05  0:01:32  566k 42 83.4M    0     0   42 35.4M      0   542k  0:02:37  0:01:06  0:01:31  559k 43 83.4M    0     0   43 36.1M      0   546k  0:02:36  0:01:07  0:01:29  607k 43 83.4M    0     0   43 36.6M      0   544k  0:02:36  0:01:08  0:01:28  574k 44 83.4M    0     0   44 37.3M      0   547k  0:02:36  0:01:09  0:01:27  648k 45 83.4M    0     0   45 37.6M      0   543k  0:02:37  0:01:10  0:01:27  575k 45 83.4M    0     0   45 38.2M      0   545k  0:02:36  0:01:11  0:01:25  573k 46 83.4M    0     0   46 39.0M      0   548k  0:02:35  0:01:12  0:01:23  580k 46 83.4M    0     0   46 39.1M      0   541k  0:02:37  0:01:13  0:01:24  500k 47 83.4M    0     0   47 39.6M      0   542k  0:02:37  0:01:14  0:01:23  467k 48 83.4M    0     0   48 40.3M      0   544k  0:02:36  0:01:15  0:01:21  554k 49 83.4M    0     0   49 41.1M      0   547k  0:02:36  0:01:16  0:01:20  589k 50 83.4M    0     0   50 41.8M      0   551k  0:02:35  0:01:17  0:01:18  588k 50 83.4M    0     0   50 42.4M      0   551k  0:02:35  0:01:18  0:01:17  688k 51 83.4M    0     0   51 43.2M      0   554k  0:02:34  0:01:19  0:01:15  731k 52 83.4M    0     0   52 44.0M      0   557k  0:02:33  0:01:20  0:01:13  754k 53 83.4M    0     0   53 44.7M      0   559k  0:02:32  0:01:22  0:01:10  727k 54 83.4M    0     0   54 45.4M      0   561k  0:02:32  0:01:22  0:01:10  727k 55 83.4M    0     0   55 46.1M      0   563k  0:02:31  0:01:23  0:01:08  758k 56 83.4M    0     0   56 46.8M      0   565k  0:02:31  0:01:24  0:01:07  738k 57 83.4M    0     0   57 47.5M      0   567k  0:02:30  0:01:25  0:01:05  733k 57 83.4M    0     0   57 48.1M      0   568k  0:02:30  0:01:26  0:01:04  718k 58 83.4M    0     0   58 48.7M      0   568k  0:02:30  0:01:27  0:01:03  683k 59 83.4M    0     0   59 49.4M      0   569k  0:02:30  0:01:28  0:01:02  665k 60 83.4M    0     0   60 50.1M      0   571k  0:02:29  0:01:29  0:01:00  673k 60 83.4M    0     0   60 50.7M      0   571k  0:02:29  0:01:30  0:00:59  643k 61 83.4M    0     0   61 51.5M      0   574k  0:02:28  0:01:31  0:00:57  688k 62 83.4M    0     0   62 52.0M      0   574k  0:02:28  0:01:32  0:00:56  678k 63 83.4M    0     0   63 52.6M      0   574k  0:02:28  0:01:33  0:00:55  664k 63 83.4M    0     0   63 53.3M      0   576k  0:02:28  0:01:34  0:00:54  670k 64 83.4M    0     0   64 54.1M      0   578k  0:02:27  0:01:35  0:00:52  694k 65 83.4M    0     0   65 54.7M      0   579k  0:02:27  0:01:36  0:00:51  657k 66 83.4M    0     0   66 55.5M      0   581k  0:02:26  0:01:37  0:00:49  711k 67 83.4M    0     0   67 56.2M      0   582k  0:02:26  0:01:38  0:00:48  739k 68 83.4M    0     0   68 57.0M      0   584k  0:02:26  0:01:39  0:00:47  745k 69 83.4M    0     0   69 57.7M      0   586k  0:02:25  0:01:40  0:00:45  749k 70 83.4M    0     0   70 58.4M      0   587k  0:02:25  0:01:41  0:00:44  759k 70 83.4M    0     0   70 59.1M      0   589k  0:02:25  0:01:42  0:00:43  734k 71 83.4M    0     0   71 59.6M      0   588k  0:02:25  0:01:43  0:00:42  702k 72 83.4M    0     0   72 60.2M      0   589k  0:02:25  0:01:44  0:00:41  671k 73 83.4M    0     0   73 60.9M      0   589k  0:02:25  0:01:45  0:00:40  643k 73 83.4M    0     0   73 61.3M      0   587k  0:02:25  0:01:46  0:00:39  585k 74 83.4M    0     0   74 62.0M      0   588k  0:02:25  0:01:47  0:00:38  586k 74 83.4M    0     0   74 62.5M      0   588k  0:02:25  0:01:48  0:00:37  599k 75 83.4M    0     0   75 63.2M      0   589k  0:02:24  0:01:49  0:00:35  601k 76 83.4M    0     0   76 63.7M      0   588k  0:02:25  0:01:50  0:00:35  568k 77 83.4M    0     0   77 64.4M      0   589k  0:02:24  0:01:51  0:00:33  633k 78 83.4M    0     0   78 65.1M      0   591k  0:02:24  0:01:52  0:00:32  638k 78 83.4M    0     0   78 65.7M      0   591k  0:02:24  0:01:53  0:00:31  651k 79 83.4M    0     0   79 66.4M      0   592k  0:02:24  0:01:54  0:00:30  649k 80 83.4M    0     0   80 66.9M      0   592k  0:02:24  0:01:55  0:00:29  666k 81 83.4M    0     0   81 67.7M      0   593k  0:02:24  0:01:56  0:00:28  671k 81 83.4M    0     0   81 68.2M      0   593k  0:02:24  0:01:57  0:00:27  637k 82 83.4M    0     0   82 68.8M      0   593k  0:02:24  0:01:58  0:00:26  633k 83 83.4M    0     0   83 69.6M      0   594k  0:02:23  0:01:59  0:00:24  658k 84 83.4M    0     0   84 70.2M      0   595k  0:02:23  0:02:00  0:00:23  670k 85 83.4M    0     0   85 70.9M      0   596k  0:02:23  0:02:01  0:00:22  671k 85 83.4M    0     0   85 71.5M      0   596k  0:02:23  0:02:02  0:00:21  671k 86 83.4M    0     0   86 71.9M      0   594k  0:02:23  0:02:03  0:00:20  626k 86 83.4M    0     0   86 72.3M      0   593k  0:02:24  0:02:04  0:00:20  549k 86 83.4M    0     0   86 72.3M      0   588k  0:02:25  0:02:05  0:00:20  430k 86 83.4M    0     0   86 72.5M      0   584k  0:02:26  0:02:07  0:00:19  303k 87 83.4M    0     0   87 72.9M      0   584k  0:02:26  0:02:07  0:00:19  284k 88 83.4M    0     0   88 73.5M      0   584k  0:02:26  0:02:08  0:00:18  322k 88 83.4M    0     0   88 74.2M      0   585k  0:02:25  0:02:09  0:00:16  401k 89 83.4M    0     0   89 74.9M      0   586k  0:02:25  0:02:10  0:00:15  523k 90 83.4M    0     0   90 75.6M      0   587k  0:02:25  0:02:11  0:00:14  671k 91 83.4M    0     0   91 76.1M      0   586k  0:02:25  0:02:12  0:00:13  660k 91 83.4M    0     0   91 76.7M      0   587k  0:02:25  0:02:13  0:00:12  659k 92 83.4M    0     0   92 77.5M      0   588k  0:02:25  0:02:14  0:00:11  661k 93 83.4M    0     0   93 78.0M      0   588k  0:02:25  0:02:15  0:00:10  657k 94 83.4M    0     0   94 78.8M      0   590k  0:02:24  0:02:16  0:00:08  660k 95 83.4M    0     0   95 79.4M      0   590k  0:02:24  0:02:17  0:00:07  679k 96 83.4M    0     0   96 80.2M      0   591k  0:02:24  0:02:18  0:00:06  722k 96 83.4M    0     0   96 80.8M      0   591k  0:02:24  0:02:19  0:00:05  680k 97 83.4M    0     0   97 81.6M      0   593k  0:02:24  0:02:20  0:00:04  721k 98 83.4M    0     0   98 82.2M      0   593k  0:02:23  0:02:21  0:00:02  689k 99 83.4M    0     0   99 83.0M      0   595k  0:02:23  0:02:22  0:00:01  730k100 83.4M    0     0  100 83.4M      0   590k  0:02:24  0:02:24 --:--:--  563k100 83.4M    0     0  100 83.4M      0   586k  0:02:25  0:02:25 --:--:--  462k100 83.4M    0     0  100 83.4M      0   582k  0:02:26  0:02:26 --:--:--  325k100 83.4M    0     0  100 83.4M      0   578k  0:02:27  0:02:27 --:--:--  217k100 83.4M    0     0  100 83.4M      0   574k  0:02:28  0:02:28 --:--:-- 83545100 83.4M    0     0  100 83.4M      0   574k  0:02:28  0:02:28 --:--:--     0
