11000431
curl --location --header x-amz-auto-make-bucket:1 --header x-archive-ignore-preexisting-bucket:1 --header x-archive-queue-derive:0 --header x-archive-meta-mediatype:texts --header x-archive-meta03-collection:emory --header x-archive-meta01-collection:americanmethodism --header x-archive-meta-sponsor:Emory University, Pitts Theology Library --header x-archive-meta-contributor:Emory University, Pitts Theology Library --header x-archive-meta-ppi:300 --header authorization: LOW fpJYfLnxbLmCEHqU:JQbq6NgBaPrSh98Y --upload-file /mnt/lsdi/ocm11000431/ocm11000431/ocm11000431_MRC.xml http://s3.us.archive.org/11000431.emory.edu/11000431.emory.edu_marc.xml
  % Total    % Received % Xferd  Average Speed   Time    Time     Time  Current
                                 Dload  Upload   Total   Spent    Left  Speed
  0     0    0     0    0     0      0      0 --:--:-- --:--:-- --:--:--     0  0  3202    0     0    0     0      0      0 --:--:--  0:00:01 --:--:--     0100  3202    0     0  100  3202      0   1521  0:00:02  0:00:02 --:--:--  1585100  3202    0     0  100  3202      0   1090  0:00:02  0:00:02 --:--:--  1122100  3202    0     0  100  3202      0    813  0:00:03  0:00:03 --:--:--   831100  3202    0     0  100  3202      0    648  0:00:04  0:00:04 --:--:--   659100  3202    0     0  100  3202      0    539  0:00:05  0:00:05 --:--:--   659100  3202    0     0  100  3202      0    461  0:00:06  0:00:06 --:--:--     0100  3202    0     0  100  3202      0    403  0:00:07  0:00:07 --:--:--     0100  3202    0     0  100  3202      0    358  0:00:08  0:00:08 --:--:--     0100  3202    0     0  100  3202      0    335  0:00:09  0:00:09 --:--:--     0
zip -r /temp/ocm11000431_images.zip /mnt/lsdi/ocm11000431/ocm11000431/Output/_0001.tif /mnt/lsdi/ocm11000431/ocm11000431/Output/_0002.tif /mnt/lsdi/ocm11000431/ocm11000431/Output/_0003.tif /mnt/lsdi/ocm11000431/ocm11000431/Output/_0004.tif /mnt/lsdi/ocm11000431/ocm11000431/Output/_0005.tif /mnt/lsdi/ocm11000431/ocm11000431/Output/_0006.tif /mnt/lsdi/ocm11000431/ocm11000431/Output/_0007.tif /mnt/lsdi/ocm11000431/ocm11000431/Output/_0008.tif /mnt/lsdi/ocm11000431/ocm11000431/Output/_0009.tif /mnt/lsdi/ocm11000431/ocm11000431/Output/_0010.tif /mnt/lsdi/ocm11000431/ocm11000431/Output/_0011.tif /mnt/lsdi/ocm11000431/ocm11000431/Output/_0012.tif /mnt/lsdi/ocm11000431/ocm11000431/Output/_0013.tif /mnt/lsdi/ocm11000431/ocm11000431/Output/_0014.tif /mnt/lsdi/ocm11000431/ocm11000431/Output/_0015.tif /mnt/lsdi/ocm11000431/ocm11000431/Output/_0016.tif /mnt/lsdi/ocm11000431/ocm11000431/Output/_0017.tif /mnt/lsdi/ocm11000431/ocm11000431/Output/_0018.tif /mnt/lsdi/ocm11000431/ocm11000431/Output/_0019.tif /mnt/lsdi/ocm11000431/ocm11000431/Output/_0020.tif /mnt/lsdi/ocm11000431/ocm11000431/Output/_0021.tif /mnt/lsdi/ocm11000431/ocm11000431/Output/_0022.tif /mnt/lsdi/ocm11000431/ocm11000431/Output/_0023.tif /mnt/lsdi/ocm11000431/ocm11000431/Output/_0024.tif /mnt/lsdi/ocm11000431/ocm11000431/Output/_0025.tif /mnt/lsdi/ocm11000431/ocm11000431/Output/_0026.tif /mnt/lsdi/ocm11000431/ocm11000431/Output/_0027.tif /mnt/lsdi/ocm11000431/ocm11000431/Output/_0028.tif /mnt/lsdi/ocm11000431/ocm11000431/Output/_0029.tif /mnt/lsdi/ocm11000431/ocm11000431/Output/_0030.tif /mnt/lsdi/ocm11000431/ocm11000431/Output/_0031.tif /mnt/lsdi/ocm11000431/ocm11000431/Output/_0032.tif /mnt/lsdi/ocm11000431/ocm11000431/Output/_0033.tif /mnt/lsdi/ocm11000431/ocm11000431/Output/_0034.tif /mnt/lsdi/ocm11000431/ocm11000431/Output/_0035.tif /mnt/lsdi/ocm11000431/ocm11000431/Output/_0036.tif /mnt/lsdi/ocm11000431/ocm11000431/Output/_0037.tif /mnt/lsdi/ocm11000431/ocm11000431/Output/_0038.tif /mnt/lsdi/ocm11000431/ocm11000431/Output/_0039.tif /mnt/lsdi/ocm11000431/ocm11000431/Output/_0040.tif /mnt/lsdi/ocm11000431/ocm11000431/Output/_0041.tif /mnt/lsdi/ocm11000431/ocm11000431/Output/_0042.tif /mnt/lsdi/ocm11000431/ocm11000431/Output/_0043.tif /mnt/lsdi/ocm11000431/ocm11000431/Output/_0044.tif /mnt/lsdi/ocm11000431/ocm11000431/Output/_0045.tif /mnt/lsdi/ocm11000431/ocm11000431/Output/_0046.tif /mnt/lsdi/ocm11000431/ocm11000431/Output/_0047.tif /mnt/lsdi/ocm11000431/ocm11000431/Output/_0048.tif /mnt/lsdi/ocm11000431/ocm11000431/Output/_0049.tif /mnt/lsdi/ocm11000431/ocm11000431/Output/_0050.tif /mnt/lsdi/ocm11000431/ocm11000431/Output/_0051.tif /mnt/lsdi/ocm11000431/ocm11000431/Output/_0052.tif /mnt/lsdi/ocm11000431/ocm11000431/Output/_0053.tif /mnt/lsdi/ocm11000431/ocm11000431/Output/_0054.tif /mnt/lsdi/ocm11000431/ocm11000431/Output/_0055.tif /mnt/lsdi/ocm11000431/ocm11000431/Output/_0056.tif /mnt/lsdi/ocm11000431/ocm11000431/Output/_0057.tif /mnt/lsdi/ocm11000431/ocm11000431/Output/_0058.tif /mnt/lsdi/ocm11000431/ocm11000431/Output/_0059.tif /mnt/lsdi/ocm11000431/ocm11000431/Output/_0060.tif /mnt/lsdi/ocm11000431/ocm11000431/Output/_0061.tif /mnt/lsdi/ocm11000431/ocm11000431/Output/_0062.tif /mnt/lsdi/ocm11000431/ocm11000431/Output/_0063.tif /mnt/lsdi/ocm11000431/ocm11000431/Output/_0064.tif /mnt/lsdi/ocm11000431/ocm11000431/Output/_0065.tif /mnt/lsdi/ocm11000431/ocm11000431/Output/_0066.tif /mnt/lsdi/ocm11000431/ocm11000431/Output/_0067.tif /mnt/lsdi/ocm11000431/ocm11000431/Output/_0068.tif /mnt/lsdi/ocm11000431/ocm11000431/Output/_0069.tif /mnt/lsdi/ocm11000431/ocm11000431/Output/_0070.tif /mnt/lsdi/ocm11000431/ocm11000431/Output/_0071.tif /mnt/lsdi/ocm11000431/ocm11000431/Output/_0072.tif /mnt/lsdi/ocm11000431/ocm11000431/Output/_0073.tif /mnt/lsdi/ocm11000431/ocm11000431/Output/_0074.tif /mnt/lsdi/ocm11000431/ocm11000431/Output/_0075.tif /mnt/lsdi/ocm11000431/ocm11000431/Output/_0076.tif /mnt/lsdi/ocm11000431/ocm11000431/Output/_0077.tif /mnt/lsdi/ocm11000431/ocm11000431/Output/_0078.tif /mnt/lsdi/ocm11000431/ocm11000431/Output/_0079.tif /mnt/lsdi/ocm11000431/ocm11000431/Output/_0080.tif /mnt/lsdi/ocm11000431/ocm11000431/Output/_0081.tif /mnt/lsdi/ocm11000431/ocm11000431/Output/_0082.tif /mnt/lsdi/ocm11000431/ocm11000431/Output/_0083.tif /mnt/lsdi/ocm11000431/ocm11000431/Output/_0084.tif /mnt/lsdi/ocm11000431/ocm11000431/Output/_0085.tif /mnt/lsdi/ocm11000431/ocm11000431/Output/_0086.tif /mnt/lsdi/ocm11000431/ocm11000431/Output/_0087.tif /mnt/lsdi/ocm11000431/ocm11000431/Output/_0088.tif /mnt/lsdi/ocm11000431/ocm11000431/Output/_0089.tif /mnt/lsdi/ocm11000431/ocm11000431/Output/_0090.tif /mnt/lsdi/ocm11000431/ocm11000431/Output/_0091.tif /mnt/lsdi/ocm11000431/ocm11000431/Output/_0092.tif /mnt/lsdi/ocm11000431/ocm11000431/Output/_0093.tif /mnt/lsdi/ocm11000431/ocm11000431/Output/_0094.tif /mnt/lsdi/ocm11000431/ocm11000431/Output/_0095.tif /mnt/lsdi/ocm11000431/ocm11000431/Output/_0096.tif /mnt/lsdi/ocm11000431/ocm11000431/Output/_0097.tif /mnt/lsdi/ocm11000431/ocm11000431/Output/_0098.tif /mnt/lsdi/ocm11000431/ocm11000431/Output/_0099.tif /mnt/lsdi/ocm11000431/ocm11000431/Output/_0100.tif /mnt/lsdi/ocm11000431/ocm11000431/Output/_0101.tif /mnt/lsdi/ocm11000431/ocm11000431/Output/_0102.tif /mnt/lsdi/ocm11000431/ocm11000431/Output/_0103.tif /mnt/lsdi/ocm11000431/ocm11000431/Output/_0104.tif /mnt/lsdi/ocm11000431/ocm11000431/Output/_0105.tif /mnt/lsdi/ocm11000431/ocm11000431/Output/_0106.tif /mnt/lsdi/ocm11000431/ocm11000431/Output/_0107.tif /mnt/lsdi/ocm11000431/ocm11000431/Output/_0108.tif /mnt/lsdi/ocm11000431/ocm11000431/Output/_0109.tif /mnt/lsdi/ocm11000431/ocm11000431/Output/_0110.tif /mnt/lsdi/ocm11000431/ocm11000431/Output/_0111.tif /mnt/lsdi/ocm11000431/ocm11000431/Output/_0112.tif /mnt/lsdi/ocm11000431/ocm11000431/Output/_0113.tif /mnt/lsdi/ocm11000431/ocm11000431/Output/_0114.tif /mnt/lsdi/ocm11000431/ocm11000431/Output/_0115.tif /mnt/lsdi/ocm11000431/ocm11000431/Output/_0116.tif /mnt/lsdi/ocm11000431/ocm11000431/Output/_0117.tif /mnt/lsdi/ocm11000431/ocm11000431/Output/_0118.tif /mnt/lsdi/ocm11000431/ocm11000431/Output/_0119.tif /mnt/lsdi/ocm11000431/ocm11000431/Output/_0120.tif /mnt/lsdi/ocm11000431/ocm11000431/Output/_0121.tif /mnt/lsdi/ocm11000431/ocm11000431/Output/_0122.tif /mnt/lsdi/ocm11000431/ocm11000431/Output/_0123.tif /mnt/lsdi/ocm11000431/ocm11000431/Output/_0124.tif /mnt/lsdi/ocm11000431/ocm11000431/Output/_0125.tif /mnt/lsdi/ocm11000431/ocm11000431/Output/_0126.tif /mnt/lsdi/ocm11000431/ocm11000431/Output/_0127.tif /mnt/lsdi/ocm11000431/ocm11000431/Output/_0128.tif /mnt/lsdi/ocm11000431/ocm11000431/Output/_0129.tif /mnt/lsdi/ocm11000431/ocm11000431/Output/_0130.tif /mnt/lsdi/ocm11000431/ocm11000431/Output/_0131.tif /mnt/lsdi/ocm11000431/ocm11000431/Output/_0132.tif /mnt/lsdi/ocm11000431/ocm11000431/Output/_0133.tif /mnt/lsdi/ocm11000431/ocm11000431/Output/_0134.tif /mnt/lsdi/ocm11000431/ocm11000431/Output/_0135.tif /mnt/lsdi/ocm11000431/ocm11000431/Output/_0136.tif /mnt/lsdi/ocm11000431/ocm11000431/Output/_0137.tif /mnt/lsdi/ocm11000431/ocm11000431/Output/_0138.tif /mnt/lsdi/ocm11000431/ocm11000431/Output/_0139.tif /mnt/lsdi/ocm11000431/ocm11000431/Output/_0140.tif /mnt/lsdi/ocm11000431/ocm11000431/Output/_0141.tif /mnt/lsdi/ocm11000431/ocm11000431/Output/_0142.tif /mnt/lsdi/ocm11000431/ocm11000431/Output/_0143.tif /mnt/lsdi/ocm11000431/ocm11000431/Output/_0144.tif /mnt/lsdi/ocm11000431/ocm11000431/Output/_0145.tif /mnt/lsdi/ocm11000431/ocm11000431/Output/_0146.tif /mnt/lsdi/ocm11000431/ocm11000431/Output/_0147.tif /mnt/lsdi/ocm11000431/ocm11000431/Output/_0148.tif /mnt/lsdi/ocm11000431/ocm11000431/Output/_0149.tif /mnt/lsdi/ocm11000431/ocm11000431/Output/_0150.tif /mnt/lsdi/ocm11000431/ocm11000431/Output/_0151.tif /mnt/lsdi/ocm11000431/ocm11000431/Output/_0152.tif /mnt/lsdi/ocm11000431/ocm11000431/Output/_0153.tif /mnt/lsdi/ocm11000431/ocm11000431/Output/_0154.tif /mnt/lsdi/ocm11000431/ocm11000431/Output/_0155.tif /mnt/lsdi/ocm11000431/ocm11000431/Output/_0156.tif /mnt/lsdi/ocm11000431/ocm11000431/Output/_0157.tif /mnt/lsdi/ocm11000431/ocm11000431/Output/_0158.tif /mnt/lsdi/ocm11000431/ocm11000431/Output/_0159.tif /mnt/lsdi/ocm11000431/ocm11000431/Output/_0160.tif /mnt/lsdi/ocm11000431/ocm11000431/Output/_0161.tif /mnt/lsdi/ocm11000431/ocm11000431/Output/_0162.tif /mnt/lsdi/ocm11000431/ocm11000431/Output/_0163.tif /mnt/lsdi/ocm11000431/ocm11000431/Output/_0164.tif /mnt/lsdi/ocm11000431/ocm11000431/Output/_0165.tif /mnt/lsdi/ocm11000431/ocm11000431/Output/_0166.tif /mnt/lsdi/ocm11000431/ocm11000431/Output/_0167.tif /mnt/lsdi/ocm11000431/ocm11000431/Output/_0168.tif /mnt/lsdi/ocm11000431/ocm11000431/Output/_0169.tif /mnt/lsdi/ocm11000431/ocm11000431/Output/_0170.tif /mnt/lsdi/ocm11000431/ocm11000431/Output/_0171.tif /mnt/lsdi/ocm11000431/ocm11000431/Output/_0172.tif /mnt/lsdi/ocm11000431/ocm11000431/Output/_0173.tif /mnt/lsdi/ocm11000431/ocm11000431/Output/_0174.tif /mnt/lsdi/ocm11000431/ocm11000431/Output/_0175.tif /mnt/lsdi/ocm11000431/ocm11000431/Output/_0176.tif /mnt/lsdi/ocm11000431/ocm11000431/Output/_0177.tif /mnt/lsdi/ocm11000431/ocm11000431/Output/_0178.tif /mnt/lsdi/ocm11000431/ocm11000431/Output/_0179.tif /mnt/lsdi/ocm11000431/ocm11000431/Output/_0180.tif /mnt/lsdi/ocm11000431/ocm11000431/Output/_0181.tif /mnt/lsdi/ocm11000431/ocm11000431/Output/_0182.tif /mnt/lsdi/ocm11000431/ocm11000431/Output/_0183.tif /mnt/lsdi/ocm11000431/ocm11000431/Output/_0184.tif /mnt/lsdi/ocm11000431/ocm11000431/Output/_0185.tif /mnt/lsdi/ocm11000431/ocm11000431/Output/_0186.tif /mnt/lsdi/ocm11000431/ocm11000431/Output/_0187.tif /mnt/lsdi/ocm11000431/ocm11000431/Output/_0188.tif /mnt/lsdi/ocm11000431/ocm11000431/Output/_0189.tif /mnt/lsdi/ocm11000431/ocm11000431/Output/_0190.tif /mnt/lsdi/ocm11000431/ocm11000431/Output/_0191.tif /mnt/lsdi/ocm11000431/ocm11000431/Output/_0192.tif /mnt/lsdi/ocm11000431/ocm11000431/Output/_0193.tif /mnt/lsdi/ocm11000431/ocm11000431/Output/_0194.tif /mnt/lsdi/ocm11000431/ocm11000431/Output/_0195.tif /mnt/lsdi/ocm11000431/ocm11000431/Output/_0196.tif /mnt/lsdi/ocm11000431/ocm11000431/Output/_0197.tif /mnt/lsdi/ocm11000431/ocm11000431/Output/_0198.tif /mnt/lsdi/ocm11000431/ocm11000431/Output/_0199.tif /mnt/lsdi/ocm11000431/ocm11000431/Output/_0200.tif /mnt/lsdi/ocm11000431/ocm11000431/Output/_0201.tif /mnt/lsdi/ocm11000431/ocm11000431/Output/_0202.tif /mnt/lsdi/ocm11000431/ocm11000431/Output/_0203.tif /mnt/lsdi/ocm11000431/ocm11000431/Output/_0204.tif /mnt/lsdi/ocm11000431/ocm11000431/Output/_0205.tif /mnt/lsdi/ocm11000431/ocm11000431/Output/_0206.tif /mnt/lsdi/ocm11000431/ocm11000431/Output/_0207.tif /mnt/lsdi/ocm11000431/ocm11000431/Output/_0208.tif /mnt/lsdi/ocm11000431/ocm11000431/Output/_0209.tif /mnt/lsdi/ocm11000431/ocm11000431/Output/_0210.tif /mnt/lsdi/ocm11000431/ocm11000431/Output/_0211.tif /mnt/lsdi/ocm11000431/ocm11000431/Output/_0212.tif /mnt/lsdi/ocm11000431/ocm11000431/Output/_0213.tif /mnt/lsdi/ocm11000431/ocm11000431/Output/_0214.tif /mnt/lsdi/ocm11000431/ocm11000431/Output/_0215.tif /mnt/lsdi/ocm11000431/ocm11000431/Output/_0216.tif /mnt/lsdi/ocm11000431/ocm11000431/Output/_0217.tif /mnt/lsdi/ocm11000431/ocm11000431/Output/_0218.tif /mnt/lsdi/ocm11000431/ocm11000431/Output/_0219.tif /mnt/lsdi/ocm11000431/ocm11000431/Output/_0220.tif /mnt/lsdi/ocm11000431/ocm11000431/Output/_0221.tif /mnt/lsdi/ocm11000431/ocm11000431/Output/_0222.tif /mnt/lsdi/ocm11000431/ocm11000431/Output/_0223.tif /mnt/lsdi/ocm11000431/ocm11000431/Output/_0224.tif /mnt/lsdi/ocm11000431/ocm11000431/Output/_0225.tif /mnt/lsdi/ocm11000431/ocm11000431/Output/_0226.tif /mnt/lsdi/ocm11000431/ocm11000431/Output/_0227.tif /mnt/lsdi/ocm11000431/ocm11000431/Output/_0228.tif /mnt/lsdi/ocm11000431/ocm11000431/Output/_0229.tif /mnt/lsdi/ocm11000431/ocm11000431/Output/_0230.tif /mnt/lsdi/ocm11000431/ocm11000431/Output/_0231.tif /mnt/lsdi/ocm11000431/ocm11000431/Output/_0232.tif /mnt/lsdi/ocm11000431/ocm11000431/Output/_0233.tif /mnt/lsdi/ocm11000431/ocm11000431/Output/_0234.tif /mnt/lsdi/ocm11000431/ocm11000431/Output/_0235.tif /mnt/lsdi/ocm11000431/ocm11000431/Output/_0236.tif /mnt/lsdi/ocm11000431/ocm11000431/Output/_0237.tif /mnt/lsdi/ocm11000431/ocm11000431/Output/_0238.tif /mnt/lsdi/ocm11000431/ocm11000431/Output/_0239.tif /mnt/lsdi/ocm11000431/ocm11000431/Output/_0240.tif /mnt/lsdi/ocm11000431/ocm11000431/Output/_0241.tif /mnt/lsdi/ocm11000431/ocm11000431/Output/_0242.tif /mnt/lsdi/ocm11000431/ocm11000431/Output/_0243.tif /mnt/lsdi/ocm11000431/ocm11000431/Output/_0244.tif /mnt/lsdi/ocm11000431/ocm11000431/Output/_0245.tif /mnt/lsdi/ocm11000431/ocm11000431/Output/_0246.tif /mnt/lsdi/ocm11000431/ocm11000431/Output/_0247.tif /mnt/lsdi/ocm11000431/ocm11000431/Output/_0248.tif /mnt/lsdi/ocm11000431/ocm11000431/Output/_0249.tif /mnt/lsdi/ocm11000431/ocm11000431/Output/_0250.tif /mnt/lsdi/ocm11000431/ocm11000431/Output/_0251.tif /mnt/lsdi/ocm11000431/ocm11000431/Output/_0252.tif /mnt/lsdi/ocm11000431/ocm11000431/Output/_0253.tif /mnt/lsdi/ocm11000431/ocm11000431/Output/_0254.tif /mnt/lsdi/ocm11000431/ocm11000431/Output/_0255.tif /mnt/lsdi/ocm11000431/ocm11000431/Output/_0256.tif /mnt/lsdi/ocm11000431/ocm11000431/Output/_0257.tif /mnt/lsdi/ocm11000431/ocm11000431/Output/_0258.tif /mnt/lsdi/ocm11000431/ocm11000431/Output/_0259.tif /mnt/lsdi/ocm11000431/ocm11000431/Output/_0260.tif /mnt/lsdi/ocm11000431/ocm11000431/Output/_0261.tif /mnt/lsdi/ocm11000431/ocm11000431/Output/_0262.tif /mnt/lsdi/ocm11000431/ocm11000431/Output/_0263.tif /mnt/lsdi/ocm11000431/ocm11000431/Output/_0264.tif /mnt/lsdi/ocm11000431/ocm11000431/Output/_0265.tif /mnt/lsdi/ocm11000431/ocm11000431/Output/_0266.tif /mnt/lsdi/ocm11000431/ocm11000431/Output/_0267.tif /mnt/lsdi/ocm11000431/ocm11000431/Output/_0268.tif /mnt/lsdi/ocm11000431/ocm11000431/Output/_0269.tif /mnt/lsdi/ocm11000431/ocm11000431/Output/_0270.tif /mnt/lsdi/ocm11000431/ocm11000431/Output/_0271.tif /mnt/lsdi/ocm11000431/ocm11000431/Output/_0272.tif /mnt/lsdi/ocm11000431/ocm11000431/Output/_0273.tif /mnt/lsdi/ocm11000431/ocm11000431/Output/_0274.tif /mnt/lsdi/ocm11000431/ocm11000431/Output/_0275.tif /mnt/lsdi/ocm11000431/ocm11000431/Output/_0276.tif /mnt/lsdi/ocm11000431/ocm11000431/Output/_0277.tif /mnt/lsdi/ocm11000431/ocm11000431/Output/_0278.tif /mnt/lsdi/ocm11000431/ocm11000431/Output/_0279.tif /mnt/lsdi/ocm11000431/ocm11000431/Output/_0280.tif /mnt/lsdi/ocm11000431/ocm11000431/Output/_0281.tif /mnt/lsdi/ocm11000431/ocm11000431/Output/_0282.tif /mnt/lsdi/ocm11000431/ocm11000431/Output/_0283.tif /mnt/lsdi/ocm11000431/ocm11000431/Output/_0284.tif /mnt/lsdi/ocm11000431/ocm11000431/Output/_0285.tif /mnt/lsdi/ocm11000431/ocm11000431/Output/_0286.tif /mnt/lsdi/ocm11000431/ocm11000431/Output/_0287.tif /mnt/lsdi/ocm11000431/ocm11000431/Output/_0288.tif /mnt/lsdi/ocm11000431/ocm11000431/Output/_0289.tif /mnt/lsdi/ocm11000431/ocm11000431/Output/_0290.tif /mnt/lsdi/ocm11000431/ocm11000431/Output/_0291.tif /mnt/lsdi/ocm11000431/ocm11000431/Output/_0292.tif /mnt/lsdi/ocm11000431/ocm11000431/Output/_0293.tif /mnt/lsdi/ocm11000431/ocm11000431/Output/_0294.tif /mnt/lsdi/ocm11000431/ocm11000431/Output/_0295.tif /mnt/lsdi/ocm11000431/ocm11000431/Output/_0296.tif /mnt/lsdi/ocm11000431/ocm11000431/Output/_0297.tif /mnt/lsdi/ocm11000431/ocm11000431/Output/_0298.tif /mnt/lsdi/ocm11000431/ocm11000431/Output/_0299.tif /mnt/lsdi/ocm11000431/ocm11000431/Output/_0300.tif /mnt/lsdi/ocm11000431/ocm11000431/Output/_0301.tif /mnt/lsdi/ocm11000431/ocm11000431/Output/_0302.tif /mnt/lsdi/ocm11000431/ocm11000431/Output/_0303.tif /mnt/lsdi/ocm11000431/ocm11000431/Output/_0304.tif /mnt/lsdi/ocm11000431/ocm11000431/Output/_0305.tif /mnt/lsdi/ocm11000431/ocm11000431/Output/_0306.tif /mnt/lsdi/ocm11000431/ocm11000431/Output/_0307.tif /mnt/lsdi/ocm11000431/ocm11000431/Output/_0308.tif /mnt/lsdi/ocm11000431/ocm11000431/Output/_0309.tif /mnt/lsdi/ocm11000431/ocm11000431/Output/_0310.tif /mnt/lsdi/ocm11000431/ocm11000431/Output/_0311.tif /mnt/lsdi/ocm11000431/ocm11000431/Output/_0312.tif /mnt/lsdi/ocm11000431/ocm11000431/Output/_0313.tif /mnt/lsdi/ocm11000431/ocm11000431/Output/_0314.tif /mnt/lsdi/ocm11000431/ocm11000431/Output/_0315.tif /mnt/lsdi/ocm11000431/ocm11000431/Output/_0316.tif /mnt/lsdi/ocm11000431/ocm11000431/Output/_0317.tif /mnt/lsdi/ocm11000431/ocm11000431/Output/_0318.tif /mnt/lsdi/ocm11000431/ocm11000431/Output/_0319.tif /mnt/lsdi/ocm11000431/ocm11000431/Output/_0320.tif /mnt/lsdi/ocm11000431/ocm11000431/Output/_0321.tif /mnt/lsdi/ocm11000431/ocm11000431/Output/_0322.tif /mnt/lsdi/ocm11000431/ocm11000431/Output/_0323.tif /mnt/lsdi/ocm11000431/ocm11000431/Output/_0324.tif /mnt/lsdi/ocm11000431/ocm11000431/Output/_0325.tif /mnt/lsdi/ocm11000431/ocm11000431/Output/_0326.tif /mnt/lsdi/ocm11000431/ocm11000431/Output/_0327.tif /mnt/lsdi/ocm11000431/ocm11000431/Output/_0328.tif /mnt/lsdi/ocm11000431/ocm11000431/Output/_0329.tif /mnt/lsdi/ocm11000431/ocm11000431/Output/_0330.tif /mnt/lsdi/ocm11000431/ocm11000431/Output/_0331.tif /mnt/lsdi/ocm11000431/ocm11000431/Output/_0332.tif /mnt/lsdi/ocm11000431/ocm11000431/Output/_0333.tif /mnt/lsdi/ocm11000431/ocm11000431/Output/_0334.tif /mnt/lsdi/ocm11000431/ocm11000431/Output/_0335.tif /mnt/lsdi/ocm11000431/ocm11000431/Output/_0336.tif /mnt/lsdi/ocm11000431/ocm11000431/Output/_0337.tif /mnt/lsdi/ocm11000431/ocm11000431/Output/_0338.tif /mnt/lsdi/ocm11000431/ocm11000431/Output/_0339.tif /mnt/lsdi/ocm11000431/ocm11000431/Output/_0340.tif /mnt/lsdi/ocm11000431/ocm11000431/Output/_0341.tif /mnt/lsdi/ocm11000431/ocm11000431/Output/_0342.tif /mnt/lsdi/ocm11000431/ocm11000431/Output/_0343.tif /mnt/lsdi/ocm11000431/ocm11000431/Output/_0344.tif /mnt/lsdi/ocm11000431/ocm11000431/Output/_0345.tif /mnt/lsdi/ocm11000431/ocm11000431/Output/_0346.tif /mnt/lsdi/ocm11000431/ocm11000431/Output/_0347.tif /mnt/lsdi/ocm11000431/ocm11000431/Output/_0348.tif /mnt/lsdi/ocm11000431/ocm11000431/Output/_0349.tif /mnt/lsdi/ocm11000431/ocm11000431/Output/_0350.tif /mnt/lsdi/ocm11000431/ocm11000431/Output/_0351.tif /mnt/lsdi/ocm11000431/ocm11000431/Output/_0352.tif /mnt/lsdi/ocm11000431/ocm11000431/Output/_0353.tif /mnt/lsdi/ocm11000431/ocm11000431/Output/_0354.tif /mnt/lsdi/ocm11000431/ocm11000431/Output/_0355.tif /mnt/lsdi/ocm11000431/ocm11000431/Output/_0356.tif /mnt/lsdi/ocm11000431/ocm11000431/Output/_0357.tif /mnt/lsdi/ocm11000431/ocm11000431/Output/_0358.tif /mnt/lsdi/ocm11000431/ocm11000431/Output/_0359.tif /mnt/lsdi/ocm11000431/ocm11000431/Output/_0360.tif /mnt/lsdi/ocm11000431/ocm11000431/Output/_0361.tif /mnt/lsdi/ocm11000431/ocm11000431/Output/_0362.tif /mnt/lsdi/ocm11000431/ocm11000431/Output/_0363.tif /mnt/lsdi/ocm11000431/ocm11000431/Output/_0364.tif /mnt/lsdi/ocm11000431/ocm11000431/Output/_0365.tif /mnt/lsdi/ocm11000431/ocm11000431/Output/_0366.tif /mnt/lsdi/ocm11000431/ocm11000431/Output/_0367.tif /mnt/lsdi/ocm11000431/ocm11000431/Output/_0368.tif
  adding: mnt/lsdi/ocm11000431/ocm11000431/Output/_0001.tif (deflated 66%)
  adding: mnt/lsdi/ocm11000431/ocm11000431/Output/_0002.tif (deflated 82%)
  adding: mnt/lsdi/ocm11000431/ocm11000431/Output/_0003.tif (deflated 82%)
  adding: mnt/lsdi/ocm11000431/ocm11000431/Output/_0004.tif (deflated 5%)
  adding: mnt/lsdi/ocm11000431/ocm11000431/Output/_0005.tif (deflated 82%)
  adding: mnt/lsdi/ocm11000431/ocm11000431/Output/_0006.tif (deflated 8%)
  adding: mnt/lsdi/ocm11000431/ocm11000431/Output/_0007.tif (deflated 82%)
  adding: mnt/lsdi/ocm11000431/ocm11000431/Output/_0008.tif (deflated 3%)
  adding: mnt/lsdi/ocm11000431/ocm11000431/Output/_0009.tif (deflated 3%)
  adding: mnt/lsdi/ocm11000431/ocm11000431/Output/_0010.tif (deflated 3%)
  adding: mnt/lsdi/ocm11000431/ocm11000431/Output/_0011.tif (deflated 5%)
  adding: mnt/lsdi/ocm11000431/ocm11000431/Output/_0012.tif (deflated 2%)
  adding: mnt/lsdi/ocm11000431/ocm11000431/Output/_0013.tif (deflated 3%)
  adding: mnt/lsdi/ocm11000431/ocm11000431/Output/_0014.tif (deflated 2%)
  adding: mnt/lsdi/ocm11000431/ocm11000431/Output/_0015.tif (deflated 2%)
  adding: mnt/lsdi/ocm11000431/ocm11000431/Output/_0016.tif (deflated 2%)
  adding: mnt/lsdi/ocm11000431/ocm11000431/Output/_0017.tif (deflated 2%)
  adding: mnt/lsdi/ocm11000431/ocm11000431/Output/_0018.tif (deflated 4%)
  adding: mnt/lsdi/ocm11000431/ocm11000431/Output/_0019.tif (deflated 6%)
  adding: mnt/lsdi/ocm11000431/ocm11000431/Output/_0020.tif (deflated 3%)
  adding: mnt/lsdi/ocm11000431/ocm11000431/Output/_0021.tif (deflated 3%)
  adding: mnt/lsdi/ocm11000431/ocm11000431/Output/_0022.tif (deflated 3%)
  adding: mnt/lsdi/ocm11000431/ocm11000431/Output/_0023.tif (deflated 2%)
  adding: mnt/lsdi/ocm11000431/ocm11000431/Output/_0024.tif (deflated 3%)
  adding: mnt/lsdi/ocm11000431/ocm11000431/Output/_0025.tif (deflated 3%)
  adding: mnt/lsdi/ocm11000431/ocm11000431/Output/_0026.tif (deflated 3%)
  adding: mnt/lsdi/ocm11000431/ocm11000431/Output/_0027.tif (deflated 2%)
  adding: mnt/lsdi/ocm11000431/ocm11000431/Output/_0028.tif (deflated 66%)
  adding: mnt/lsdi/ocm11000431/ocm11000431/Output/_0029.tif (deflated 82%)
  adding: mnt/lsdi/ocm11000431/ocm11000431/Output/_0030.tif (deflated 3%)
  adding: mnt/lsdi/ocm11000431/ocm11000431/Output/_0031.tif (deflated 3%)
  adding: mnt/lsdi/ocm11000431/ocm11000431/Output/_0032.tif (deflated 3%)
  adding: mnt/lsdi/ocm11000431/ocm11000431/Output/_0033.tif (deflated 3%)
  adding: mnt/lsdi/ocm11000431/ocm11000431/Output/_0034.tif (deflated 3%)
  adding: mnt/lsdi/ocm11000431/ocm11000431/Output/_0035.tif (deflated 3%)
  adding: mnt/lsdi/ocm11000431/ocm11000431/Output/_0036.tif (deflated 3%)
  adding: mnt/lsdi/ocm11000431/ocm11000431/Output/_0037.tif (deflated 3%)
  adding: mnt/lsdi/ocm11000431/ocm11000431/Output/_0038.tif (deflated 3%)
  adding: mnt/lsdi/ocm11000431/ocm11000431/Output/_0039.tif (deflated 3%)
  adding: mnt/lsdi/ocm11000431/ocm11000431/Output/_0040.tif (deflated 3%)
  adding: mnt/lsdi/ocm11000431/ocm11000431/Output/_0041.tif (deflated 3%)
  adding: mnt/lsdi/ocm11000431/ocm11000431/Output/_0042.tif (deflated 3%)
  adding: mnt/lsdi/ocm11000431/ocm11000431/Output/_0043.tif (deflated 4%)
  adding: mnt/lsdi/ocm11000431/ocm11000431/Output/_0044.tif (deflated 3%)
  adding: mnt/lsdi/ocm11000431/ocm11000431/Output/_0045.tif (deflated 3%)
  adding: mnt/lsdi/ocm11000431/ocm11000431/Output/_0046.tif (deflated 3%)
  adding: mnt/lsdi/ocm11000431/ocm11000431/Output/_0047.tif (deflated 3%)
  adding: mnt/lsdi/ocm11000431/ocm11000431/Output/_0048.tif (deflated 3%)
  adding: mnt/lsdi/ocm11000431/ocm11000431/Output/_0049.tif (deflated 2%)
  adding: mnt/lsdi/ocm11000431/ocm11000431/Output/_0050.tif (deflated 3%)
  adding: mnt/lsdi/ocm11000431/ocm11000431/Output/_0051.tif (deflated 3%)
  adding: mnt/lsdi/ocm11000431/ocm11000431/Output/_0052.tif (deflated 3%)
  adding: mnt/lsdi/ocm11000431/ocm11000431/Output/_0053.tif (deflated 3%)
  adding: mnt/lsdi/ocm11000431/ocm11000431/Output/_0054.tif (deflated 3%)
  adding: mnt/lsdi/ocm11000431/ocm11000431/Output/_0055.tif (deflated 2%)
  adding: mnt/lsdi/ocm11000431/ocm11000431/Output/_0056.tif (deflated 3%)
  adding: mnt/lsdi/ocm11000431/ocm11000431/Output/_0057.tif (deflated 3%)
  adding: mnt/lsdi/ocm11000431/ocm11000431/Output/_0058.tif (deflated 3%)
  adding: mnt/lsdi/ocm11000431/ocm11000431/Output/_0059.tif (deflated 3%)
  adding: mnt/lsdi/ocm11000431/ocm11000431/Output/_0060.tif (deflated 3%)
  adding: mnt/lsdi/ocm11000431/ocm11000431/Output/_0061.tif (deflated 2%)
  adding: mnt/lsdi/ocm11000431/ocm11000431/Output/_0062.tif (deflated 82%)
  adding: mnt/lsdi/ocm11000431/ocm11000431/Output/_0063.tif (deflated 63%)
  adding: mnt/lsdi/ocm11000431/ocm11000431/Output/_0064.tif (deflated 3%)
  adding: mnt/lsdi/ocm11000431/ocm11000431/Output/_0065.tif (deflated 3%)
  adding: mnt/lsdi/ocm11000431/ocm11000431/Output/_0066.tif (deflated 2%)
  adding: mnt/lsdi/ocm11000431/ocm11000431/Output/_0067.tif (deflated 2%)
  adding: mnt/lsdi/ocm11000431/ocm11000431/Output/_0068.tif (deflated 3%)
  adding: mnt/lsdi/ocm11000431/ocm11000431/Output/_0069.tif (deflated 3%)
  adding: mnt/lsdi/ocm11000431/ocm11000431/Output/_0070.tif (deflated 2%)
  adding: mnt/lsdi/ocm11000431/ocm11000431/Output/_0071.tif (deflated 3%)
  adding: mnt/lsdi/ocm11000431/ocm11000431/Output/_0072.tif (deflated 3%)
  adding: mnt/lsdi/ocm11000431/ocm11000431/Output/_0073.tif (deflated 3%)
  adding: mnt/lsdi/ocm11000431/ocm11000431/Output/_0074.tif (deflated 3%)
  adding: mnt/lsdi/ocm11000431/ocm11000431/Output/_0075.tif (deflated 3%)
  adding: mnt/lsdi/ocm11000431/ocm11000431/Output/_0076.tif (deflated 3%)
  adding: mnt/lsdi/ocm11000431/ocm11000431/Output/_0077.tif (deflated 2%)
  adding: mnt/lsdi/ocm11000431/ocm11000431/Output/_0078.tif (deflated 3%)
  adding: mnt/lsdi/ocm11000431/ocm11000431/Output/_0079.tif (deflated 2%)
  adding: mnt/lsdi/ocm11000431/ocm11000431/Output/_0080.tif (deflated 3%)
  adding: mnt/lsdi/ocm11000431/ocm11000431/Output/_0081.tif (deflated 2%)
  adding: mnt/lsdi/ocm11000431/ocm11000431/Output/_0082.tif (deflated 3%)
  adding: mnt/lsdi/ocm11000431/ocm11000431/Output/_0083.tif (deflated 2%)
  adding: mnt/lsdi/ocm11000431/ocm11000431/Output/_0084.tif (deflated 3%)
  adding: mnt/lsdi/ocm11000431/ocm11000431/Output/_0085.tif (deflated 2%)
  adding: mnt/lsdi/ocm11000431/ocm11000431/Output/_0086.tif (deflated 3%)
  adding: mnt/lsdi/ocm11000431/ocm11000431/Output/_0087.tif (deflated 2%)
  adding: mnt/lsdi/ocm11000431/ocm11000431/Output/_0088.tif (deflated 2%)
  adding: mnt/lsdi/ocm11000431/ocm11000431/Output/_0089.tif (deflated 2%)
  adding: mnt/lsdi/ocm11000431/ocm11000431/Output/_0090.tif (deflated 3%)
  adding: mnt/lsdi/ocm11000431/ocm11000431/Output/_0091.tif (deflated 3%)
  adding: mnt/lsdi/ocm11000431/ocm11000431/Output/_0092.tif (deflated 3%)
  adding: mnt/lsdi/ocm11000431/ocm11000431/Output/_0093.tif (deflated 3%)
  adding: mnt/lsdi/ocm11000431/ocm11000431/Output/_0094.tif (deflated 3%)
  adding: mnt/lsdi/ocm11000431/ocm11000431/Output/_0095.tif (deflated 3%)
  adding: mnt/lsdi/ocm11000431/ocm11000431/Output/_0096.tif (deflated 3%)
  adding: mnt/lsdi/ocm11000431/ocm11000431/Output/_0097.tif (deflated 3%)
  adding: mnt/lsdi/ocm11000431/ocm11000431/Output/_0098.tif (deflated 3%)
  adding: mnt/lsdi/ocm11000431/ocm11000431/Output/_0099.tif (deflated 3%)
  adding: mnt/lsdi/ocm11000431/ocm11000431/Output/_0100.tif (deflated 3%)
  adding: mnt/lsdi/ocm11000431/ocm11000431/Output/_0101.tif (deflated 2%)
  adding: mnt/lsdi/ocm11000431/ocm11000431/Output/_0102.tif (deflated 3%)
  adding: mnt/lsdi/ocm11000431/ocm11000431/Output/_0103.tif (deflated 3%)
  adding: mnt/lsdi/ocm11000431/ocm11000431/Output/_0104.tif (deflated 3%)
  adding: mnt/lsdi/ocm11000431/ocm11000431/Output/_0105.tif (deflated 3%)
  adding: mnt/lsdi/ocm11000431/ocm11000431/Output/_0106.tif (deflated 3%)
  adding: mnt/lsdi/ocm11000431/ocm11000431/Output/_0107.tif (deflated 3%)
  adding: mnt/lsdi/ocm11000431/ocm11000431/Output/_0108.tif (deflated 3%)
  adding: mnt/lsdi/ocm11000431/ocm11000431/Output/_0109.tif (deflated 3%)
  adding: mnt/lsdi/ocm11000431/ocm11000431/Output/_0110.tif (deflated 3%)
  adding: mnt/lsdi/ocm11000431/ocm11000431/Output/_0111.tif (deflated 3%)
  adding: mnt/lsdi/ocm11000431/ocm11000431/Output/_0112.tif (deflated 60%)
  adding: mnt/lsdi/ocm11000431/ocm11000431/Output/_0113.tif (deflated 82%)
  adding: mnt/lsdi/ocm11000431/ocm11000431/Output/_0114.tif (deflated 2%)
  adding: mnt/lsdi/ocm11000431/ocm11000431/Output/_0115.tif (deflated 3%)
  adding: mnt/lsdi/ocm11000431/ocm11000431/Output/_0116.tif (deflated 3%)
  adding: mnt/lsdi/ocm11000431/ocm11000431/Output/_0117.tif (deflated 3%)
  adding: mnt/lsdi/ocm11000431/ocm11000431/Output/_0118.tif (deflated 3%)
  adding: mnt/lsdi/ocm11000431/ocm11000431/Output/_0119.tif (deflated 3%)
  adding: mnt/lsdi/ocm11000431/ocm11000431/Output/_0120.tif (deflated 3%)
  adding: mnt/lsdi/ocm11000431/ocm11000431/Output/_0121.tif (deflated 2%)
  adding: mnt/lsdi/ocm11000431/ocm11000431/Output/_0122.tif (deflated 2%)
  adding: mnt/lsdi/ocm11000431/ocm11000431/Output/_0123.tif (deflated 2%)
  adding: mnt/lsdi/ocm11000431/ocm11000431/Output/_0124.tif (deflated 3%)
  adding: mnt/lsdi/ocm11000431/ocm11000431/Output/_0125.tif (deflated 3%)
  adding: mnt/lsdi/ocm11000431/ocm11000431/Output/_0126.tif (deflated 3%)
  adding: mnt/lsdi/ocm11000431/ocm11000431/Output/_0127.tif (deflated 2%)
  adding: mnt/lsdi/ocm11000431/ocm11000431/Output/_0128.tif (deflated 2%)
  adding: mnt/lsdi/ocm11000431/ocm11000431/Output/_0129.tif (deflated 2%)
  adding: mnt/lsdi/ocm11000431/ocm11000431/Output/_0130.tif (deflated 3%)
  adding: mnt/lsdi/ocm11000431/ocm11000431/Output/_0131.tif (deflated 3%)
  adding: mnt/lsdi/ocm11000431/ocm11000431/Output/_0132.tif (deflated 3%)
  adding: mnt/lsdi/ocm11000431/ocm11000431/Output/_0133.tif (deflated 2%)
  adding: mnt/lsdi/ocm11000431/ocm11000431/Output/_0134.tif (deflated 4%)
  adding: mnt/lsdi/ocm11000431/ocm11000431/Output/_0135.tif (deflated 2%)
  adding: mnt/lsdi/ocm11000431/ocm11000431/Output/_0136.tif (deflated 3%)
  adding: mnt/lsdi/ocm11000431/ocm11000431/Output/_0137.tif (deflated 3%)
  adding: mnt/lsdi/ocm11000431/ocm11000431/Output/_0138.tif (deflated 3%)
  adding: mnt/lsdi/ocm11000431/ocm11000431/Output/_0139.tif (deflated 2%)
  adding: mnt/lsdi/ocm11000431/ocm11000431/Output/_0140.tif (deflated 2%)
  adding: mnt/lsdi/ocm11000431/ocm11000431/Output/_0141.tif (deflated 2%)
  adding: mnt/lsdi/ocm11000431/ocm11000431/Output/_0142.tif (deflated 3%)
  adding: mnt/lsdi/ocm11000431/ocm11000431/Output/_0143.tif (deflated 2%)
  adding: mnt/lsdi/ocm11000431/ocm11000431/Output/_0144.tif (deflated 3%)
  adding: mnt/lsdi/ocm11000431/ocm11000431/Output/_0145.tif (deflated 2%)
  adding: mnt/lsdi/ocm11000431/ocm11000431/Output/_0146.tif (deflated 3%)
  adding: mnt/lsdi/ocm11000431/ocm11000431/Output/_0147.tif (deflated 2%)
  adding: mnt/lsdi/ocm11000431/ocm11000431/Output/_0148.tif (deflated 3%)
  adding: mnt/lsdi/ocm11000431/ocm11000431/Output/_0149.tif (deflated 2%)
  adding: mnt/lsdi/ocm11000431/ocm11000431/Output/_0150.tif (deflated 3%)
  adding: mnt/lsdi/ocm11000431/ocm11000431/Output/_0151.tif (deflated 2%)
  adding: mnt/lsdi/ocm11000431/ocm11000431/Output/_0152.tif (deflated 3%)
  adding: mnt/lsdi/ocm11000431/ocm11000431/Output/_0153.tif (deflated 3%)
  adding: mnt/lsdi/ocm11000431/ocm11000431/Output/_0154.tif (deflated 2%)
  adding: mnt/lsdi/ocm11000431/ocm11000431/Output/_0155.tif (deflated 2%)
  adding: mnt/lsdi/ocm11000431/ocm11000431/Output/_0156.tif (deflated 2%)
  adding: mnt/lsdi/ocm11000431/ocm11000431/Output/_0157.tif (deflated 2%)
  adding: mnt/lsdi/ocm11000431/ocm11000431/Output/_0158.tif (deflated 2%)
  adding: mnt/lsdi/ocm11000431/ocm11000431/Output/_0159.tif (deflated 2%)
  adding: mnt/lsdi/ocm11000431/ocm11000431/Output/_0160.tif (deflated 3%)
  adding: mnt/lsdi/ocm11000431/ocm11000431/Output/_0161.tif (deflated 2%)
  adding: mnt/lsdi/ocm11000431/ocm11000431/Output/_0162.tif (deflated 37%)
  adding: mnt/lsdi/ocm11000431/ocm11000431/Output/_0163.tif (deflated 82%)
  adding: mnt/lsdi/ocm11000431/ocm11000431/Output/_0164.tif (deflated 3%)
  adding: mnt/lsdi/ocm11000431/ocm11000431/Output/_0165.tif (deflated 2%)
  adding: mnt/lsdi/ocm11000431/ocm11000431/Output/_0166.tif (deflated 3%)
  adding: mnt/lsdi/ocm11000431/ocm11000431/Output/_0167.tif (deflated 2%)
  adding: mnt/lsdi/ocm11000431/ocm11000431/Output/_0168.tif (deflated 3%)
  adding: mnt/lsdi/ocm11000431/ocm11000431/Output/_0169.tif (deflated 2%)
  adding: mnt/lsdi/ocm11000431/ocm11000431/Output/_0170.tif (deflated 3%)
  adding: mnt/lsdi/ocm11000431/ocm11000431/Output/_0171.tif (deflated 2%)
  adding: mnt/lsdi/ocm11000431/ocm11000431/Output/_0172.tif (deflated 2%)
  adding: mnt/lsdi/ocm11000431/ocm11000431/Output/_0173.tif (deflated 3%)
  adding: mnt/lsdi/ocm11000431/ocm11000431/Output/_0174.tif (deflated 3%)
  adding: mnt/lsdi/ocm11000431/ocm11000431/Output/_0175.tif (deflated 2%)
  adding: mnt/lsdi/ocm11000431/ocm11000431/Output/_0176.tif (deflated 3%)
  adding: mnt/lsdi/ocm11000431/ocm11000431/Output/_0177.tif (deflated 3%)
  adding: mnt/lsdi/ocm11000431/ocm11000431/Output/_0178.tif (deflated 3%)
  adding: mnt/lsdi/ocm11000431/ocm11000431/Output/_0179.tif (deflated 2%)
  adding: mnt/lsdi/ocm11000431/ocm11000431/Output/_0180.tif (deflated 2%)
  adding: mnt/lsdi/ocm11000431/ocm11000431/Output/_0181.tif (deflated 3%)
  adding: mnt/lsdi/ocm11000431/ocm11000431/Output/_0182.tif (deflated 2%)
  adding: mnt/lsdi/ocm11000431/ocm11000431/Output/_0183.tif (deflated 3%)
  adding: mnt/lsdi/ocm11000431/ocm11000431/Output/_0184.tif (deflated 2%)
  adding: mnt/lsdi/ocm11000431/ocm11000431/Output/_0185.tif (deflated 3%)
  adding: mnt/lsdi/ocm11000431/ocm11000431/Output/_0186.tif (deflated 3%)
  adding: mnt/lsdi/ocm11000431/ocm11000431/Output/_0187.tif (deflated 3%)
  adding: mnt/lsdi/ocm11000431/ocm11000431/Output/_0188.tif (deflated 3%)
  adding: mnt/lsdi/ocm11000431/ocm11000431/Output/_0189.tif (deflated 2%)
  adding: mnt/lsdi/ocm11000431/ocm11000431/Output/_0190.tif (deflated 2%)
  adding: mnt/lsdi/ocm11000431/ocm11000431/Output/_0191.tif (deflated 3%)
  adding: mnt/lsdi/ocm11000431/ocm11000431/Output/_0192.tif (deflated 2%)
  adding: mnt/lsdi/ocm11000431/ocm11000431/Output/_0193.tif (deflated 2%)
  adding: mnt/lsdi/ocm11000431/ocm11000431/Output/_0194.tif (deflated 2%)
  adding: mnt/lsdi/ocm11000431/ocm11000431/Output/_0195.tif (deflated 2%)
  adding: mnt/lsdi/ocm11000431/ocm11000431/Output/_0196.tif (deflated 82%)
  adding: mnt/lsdi/ocm11000431/ocm11000431/Output/_0197.tif (deflated 58%)
  adding: mnt/lsdi/ocm11000431/ocm11000431/Output/_0198.tif (deflated 2%)
  adding: mnt/lsdi/ocm11000431/ocm11000431/Output/_0199.tif (deflated 3%)
  adding: mnt/lsdi/ocm11000431/ocm11000431/Output/_0200.tif (deflated 2%)
  adding: mnt/lsdi/ocm11000431/ocm11000431/Output/_0201.tif (deflated 3%)
  adding: mnt/lsdi/ocm11000431/ocm11000431/Output/_0202.tif (deflated 2%)
  adding: mnt/lsdi/ocm11000431/ocm11000431/Output/_0203.tif (deflated 3%)
  adding: mnt/lsdi/ocm11000431/ocm11000431/Output/_0204.tif (deflated 2%)
  adding: mnt/lsdi/ocm11000431/ocm11000431/Output/_0205.tif (deflated 3%)
  adding: mnt/lsdi/ocm11000431/ocm11000431/Output/_0206.tif (deflated 3%)
  adding: mnt/lsdi/ocm11000431/ocm11000431/Output/_0207.tif (deflated 3%)
  adding: mnt/lsdi/ocm11000431/ocm11000431/Output/_0208.tif (deflated 3%)
  adding: mnt/lsdi/ocm11000431/ocm11000431/Output/_0209.tif (deflated 6%)
  adding: mnt/lsdi/ocm11000431/ocm11000431/Output/_0210.tif (deflated 2%)
  adding: mnt/lsdi/ocm11000431/ocm11000431/Output/_0211.tif (deflated 3%)
  adding: mnt/lsdi/ocm11000431/ocm11000431/Output/_0212.tif (deflated 3%)
  adding: mnt/lsdi/ocm11000431/ocm11000431/Output/_0213.tif (deflated 2%)
  adding: mnt/lsdi/ocm11000431/ocm11000431/Output/_0214.tif (deflated 2%)
  adding: mnt/lsdi/ocm11000431/ocm11000431/Output/_0215.tif (deflated 2%)
  adding: mnt/lsdi/ocm11000431/ocm11000431/Output/_0216.tif (deflated 2%)
  adding: mnt/lsdi/ocm11000431/ocm11000431/Output/_0217.tif (deflated 2%)
  adding: mnt/lsdi/ocm11000431/ocm11000431/Output/_0218.tif (deflated 3%)
  adding: mnt/lsdi/ocm11000431/ocm11000431/Output/_0219.tif (deflated 3%)
  adding: mnt/lsdi/ocm11000431/ocm11000431/Output/_0220.tif (deflated 2%)
  adding: mnt/lsdi/ocm11000431/ocm11000431/Output/_0221.tif (deflated 2%)
  adding: mnt/lsdi/ocm11000431/ocm11000431/Output/_0222.tif (deflated 2%)
  adding: mnt/lsdi/ocm11000431/ocm11000431/Output/_0223.tif (deflated 3%)
  adding: mnt/lsdi/ocm11000431/ocm11000431/Output/_0224.tif (deflated 3%)
  adding: mnt/lsdi/ocm11000431/ocm11000431/Output/_0225.tif (deflated 2%)
  adding: mnt/lsdi/ocm11000431/ocm11000431/Output/_0226.tif (deflated 2%)
  adding: mnt/lsdi/ocm11000431/ocm11000431/Output/_0227.tif (deflated 2%)
  adding: mnt/lsdi/ocm11000431/ocm11000431/Output/_0228.tif (deflated 3%)
  adding: mnt/lsdi/ocm11000431/ocm11000431/Output/_0229.tif (deflated 2%)
  adding: mnt/lsdi/ocm11000431/ocm11000431/Output/_0230.tif (deflated 3%)
  adding: mnt/lsdi/ocm11000431/ocm11000431/Output/_0231.tif (deflated 2%)
  adding: mnt/lsdi/ocm11000431/ocm11000431/Output/_0232.tif (deflated 2%)
  adding: mnt/lsdi/ocm11000431/ocm11000431/Output/_0233.tif (deflated 2%)
  adding: mnt/lsdi/ocm11000431/ocm11000431/Output/_0234.tif (deflated 2%)
  adding: mnt/lsdi/ocm11000431/ocm11000431/Output/_0235.tif (deflated 2%)
  adding: mnt/lsdi/ocm11000431/ocm11000431/Output/_0236.tif (deflated 2%)
  adding: mnt/lsdi/ocm11000431/ocm11000431/Output/_0237.tif (deflated 2%)
  adding: mnt/lsdi/ocm11000431/ocm11000431/Output/_0238.tif (deflated 2%)
  adding: mnt/lsdi/ocm11000431/ocm11000431/Output/_0239.tif (deflated 2%)
  adding: mnt/lsdi/ocm11000431/ocm11000431/Output/_0240.tif (deflated 3%)
  adding: mnt/lsdi/ocm11000431/ocm11000431/Output/_0241.tif (deflated 2%)
  adding: mnt/lsdi/ocm11000431/ocm11000431/Output/_0242.tif (deflated 2%)
  adding: mnt/lsdi/ocm11000431/ocm11000431/Output/_0243.tif (deflated 2%)
  adding: mnt/lsdi/ocm11000431/ocm11000431/Output/_0244.tif (deflated 2%)
  adding: mnt/lsdi/ocm11000431/ocm11000431/Output/_0245.tif (deflated 2%)
  adding: mnt/lsdi/ocm11000431/ocm11000431/Output/_0246.tif (deflated 4%)
  adding: mnt/lsdi/ocm11000431/ocm11000431/Output/_0247.tif (deflated 2%)
  adding: mnt/lsdi/ocm11000431/ocm11000431/Output/_0248.tif (deflated 2%)
  adding: mnt/lsdi/ocm11000431/ocm11000431/Output/_0249.tif (deflated 3%)
  adding: mnt/lsdi/ocm11000431/ocm11000431/Output/_0250.tif (deflated 2%)
  adding: mnt/lsdi/ocm11000431/ocm11000431/Output/_0251.tif (deflated 3%)
  adding: mnt/lsdi/ocm11000431/ocm11000431/Output/_0252.tif (deflated 3%)
  adding: mnt/lsdi/ocm11000431/ocm11000431/Output/_0253.tif (deflated 3%)
  adding: mnt/lsdi/ocm11000431/ocm11000431/Output/_0254.tif (deflated 3%)
  adding: mnt/lsdi/ocm11000431/ocm11000431/Output/_0255.tif (deflated 3%)
  adding: mnt/lsdi/ocm11000431/ocm11000431/Output/_0256.tif (deflated 3%)
  adding: mnt/lsdi/ocm11000431/ocm11000431/Output/_0257.tif (deflated 3%)
  adding: mnt/lsdi/ocm11000431/ocm11000431/Output/_0258.tif (deflated 3%)
  adding: mnt/lsdi/ocm11000431/ocm11000431/Output/_0259.tif (deflated 3%)
  adding: mnt/lsdi/ocm11000431/ocm11000431/Output/_0260.tif (deflated 3%)
  adding: mnt/lsdi/ocm11000431/ocm11000431/Output/_0261.tif (deflated 3%)
  adding: mnt/lsdi/ocm11000431/ocm11000431/Output/_0262.tif (deflated 3%)
  adding: mnt/lsdi/ocm11000431/ocm11000431/Output/_0263.tif (deflated 3%)
  adding: mnt/lsdi/ocm11000431/ocm11000431/Output/_0264.tif (deflated 3%)
  adding: mnt/lsdi/ocm11000431/ocm11000431/Output/_0265.tif (deflated 3%)
  adding: mnt/lsdi/ocm11000431/ocm11000431/Output/_0266.tif (deflated 3%)
  adding: mnt/lsdi/ocm11000431/ocm11000431/Output/_0267.tif (deflated 2%)
  adding: mnt/lsdi/ocm11000431/ocm11000431/Output/_0268.tif (deflated 2%)
  adding: mnt/lsdi/ocm11000431/ocm11000431/Output/_0269.tif (deflated 2%)
  adding: mnt/lsdi/ocm11000431/ocm11000431/Output/_0270.tif (deflated 82%)
  adding: mnt/lsdi/ocm11000431/ocm11000431/Output/_0271.tif (deflated 31%)
  adding: mnt/lsdi/ocm11000431/ocm11000431/Output/_0272.tif (deflated 3%)
  adding: mnt/lsdi/ocm11000431/ocm11000431/Output/_0273.tif (deflated 3%)
  adding: mnt/lsdi/ocm11000431/ocm11000431/Output/_0274.tif (deflated 3%)
  adding: mnt/lsdi/ocm11000431/ocm11000431/Output/_0275.tif (deflated 3%)
  adding: mnt/lsdi/ocm11000431/ocm11000431/Output/_0276.tif (deflated 3%)
  adding: mnt/lsdi/ocm11000431/ocm11000431/Output/_0277.tif (deflated 3%)
  adding: mnt/lsdi/ocm11000431/ocm11000431/Output/_0278.tif (deflated 3%)
  adding: mnt/lsdi/ocm11000431/ocm11000431/Output/_0279.tif (deflated 2%)
  adding: mnt/lsdi/ocm11000431/ocm11000431/Output/_0280.tif (deflated 3%)
  adding: mnt/lsdi/ocm11000431/ocm11000431/Output/_0281.tif (deflated 3%)
  adding: mnt/lsdi/ocm11000431/ocm11000431/Output/_0282.tif (deflated 3%)
  adding: mnt/lsdi/ocm11000431/ocm11000431/Output/_0283.tif (deflated 2%)
  adding: mnt/lsdi/ocm11000431/ocm11000431/Output/_0284.tif (deflated 3%)
  adding: mnt/lsdi/ocm11000431/ocm11000431/Output/_0285.tif (deflated 3%)
  adding: mnt/lsdi/ocm11000431/ocm11000431/Output/_0286.tif (deflated 3%)
  adding: mnt/lsdi/ocm11000431/ocm11000431/Output/_0287.tif (deflated 2%)
  adding: mnt/lsdi/ocm11000431/ocm11000431/Output/_0288.tif (deflated 3%)
  adding: mnt/lsdi/ocm11000431/ocm11000431/Output/_0289.tif (deflated 3%)
  adding: mnt/lsdi/ocm11000431/ocm11000431/Output/_0290.tif (deflated 2%)
  adding: mnt/lsdi/ocm11000431/ocm11000431/Output/_0291.tif (deflated 4%)
  adding: mnt/lsdi/ocm11000431/ocm11000431/Output/_0292.tif (deflated 3%)
  adding: mnt/lsdi/ocm11000431/ocm11000431/Output/_0293.tif (deflated 2%)
  adding: mnt/lsdi/ocm11000431/ocm11000431/Output/_0294.tif (deflated 3%)
  adding: mnt/lsdi/ocm11000431/ocm11000431/Output/_0295.tif (deflated 3%)
  adding: mnt/lsdi/ocm11000431/ocm11000431/Output/_0296.tif (deflated 3%)
  adding: mnt/lsdi/ocm11000431/ocm11000431/Output/_0297.tif (deflated 3%)
  adding: mnt/lsdi/ocm11000431/ocm11000431/Output/_0298.tif (deflated 3%)
  adding: mnt/lsdi/ocm11000431/ocm11000431/Output/_0299.tif (deflated 3%)
  adding: mnt/lsdi/ocm11000431/ocm11000431/Output/_0300.tif (deflated 3%)
  adding: mnt/lsdi/ocm11000431/ocm11000431/Output/_0301.tif (deflated 3%)
  adding: mnt/lsdi/ocm11000431/ocm11000431/Output/_0302.tif (deflated 3%)
  adding: mnt/lsdi/ocm11000431/ocm11000431/Output/_0303.tif (deflated 3%)
  adding: mnt/lsdi/ocm11000431/ocm11000431/Output/_0304.tif (deflated 2%)
  adding: mnt/lsdi/ocm11000431/ocm11000431/Output/_0305.tif (deflated 3%)
  adding: mnt/lsdi/ocm11000431/ocm11000431/Output/_0306.tif (deflated 3%)
  adding: mnt/lsdi/ocm11000431/ocm11000431/Output/_0307.tif (deflated 3%)
  adding: mnt/lsdi/ocm11000431/ocm11000431/Output/_0308.tif (deflated 3%)
  adding: mnt/lsdi/ocm11000431/ocm11000431/Output/_0309.tif (deflated 3%)
  adding: mnt/lsdi/ocm11000431/ocm11000431/Output/_0310.tif (deflated 3%)
  adding: mnt/lsdi/ocm11000431/ocm11000431/Output/_0311.tif (deflated 3%)
  adding: mnt/lsdi/ocm11000431/ocm11000431/Output/_0312.tif (deflated 3%)
  adding: mnt/lsdi/ocm11000431/ocm11000431/Output/_0313.tif (deflated 3%)
  adding: mnt/lsdi/ocm11000431/ocm11000431/Output/_0314.tif (deflated 3%)
  adding: mnt/lsdi/ocm11000431/ocm11000431/Output/_0315.tif (deflated 2%)
  adding: mnt/lsdi/ocm11000431/ocm11000431/Output/_0316.tif (deflated 3%)
  adding: mnt/lsdi/ocm11000431/ocm11000431/Output/_0317.tif (deflated 3%)
  adding: mnt/lsdi/ocm11000431/ocm11000431/Output/_0318.tif (deflated 3%)
  adding: mnt/lsdi/ocm11000431/ocm11000431/Output/_0319.tif (deflated 2%)
  adding: mnt/lsdi/ocm11000431/ocm11000431/Output/_0320.tif (deflated 3%)
  adding: mnt/lsdi/ocm11000431/ocm11000431/Output/_0321.tif (deflated 3%)
  adding: mnt/lsdi/ocm11000431/ocm11000431/Output/_0322.tif (deflated 2%)
  adding: mnt/lsdi/ocm11000431/ocm11000431/Output/_0323.tif (deflated 3%)
  adding: mnt/lsdi/ocm11000431/ocm11000431/Output/_0324.tif (deflated 3%)
  adding: mnt/lsdi/ocm11000431/ocm11000431/Output/_0325.tif (deflated 3%)
  adding: mnt/lsdi/ocm11000431/ocm11000431/Output/_0326.tif (deflated 3%)
  adding: mnt/lsdi/ocm11000431/ocm11000431/Output/_0327.tif (deflated 3%)
  adding: mnt/lsdi/ocm11000431/ocm11000431/Output/_0328.tif (deflated 3%)
  adding: mnt/lsdi/ocm11000431/ocm11000431/Output/_0329.tif (deflated 3%)
  adding: mnt/lsdi/ocm11000431/ocm11000431/Output/_0330.tif (deflated 3%)
  adding: mnt/lsdi/ocm11000431/ocm11000431/Output/_0331.tif (deflated 3%)
  adding: mnt/lsdi/ocm11000431/ocm11000431/Output/_0332.tif (deflated 3%)
  adding: mnt/lsdi/ocm11000431/ocm11000431/Output/_0333.tif (deflated 3%)
  adding: mnt/lsdi/ocm11000431/ocm11000431/Output/_0334.tif (deflated 3%)
  adding: mnt/lsdi/ocm11000431/ocm11000431/Output/_0335.tif (deflated 3%)
  adding: mnt/lsdi/ocm11000431/ocm11000431/Output/_0336.tif (deflated 2%)
  adding: mnt/lsdi/ocm11000431/ocm11000431/Output/_0337.tif (deflated 3%)
  adding: mnt/lsdi/ocm11000431/ocm11000431/Output/_0338.tif (deflated 2%)
  adding: mnt/lsdi/ocm11000431/ocm11000431/Output/_0339.tif (deflated 3%)
  adding: mnt/lsdi/ocm11000431/ocm11000431/Output/_0340.tif (deflated 3%)
  adding: mnt/lsdi/ocm11000431/ocm11000431/Output/_0341.tif (deflated 3%)
  adding: mnt/lsdi/ocm11000431/ocm11000431/Output/_0342.tif (deflated 3%)
  adding: mnt/lsdi/ocm11000431/ocm11000431/Output/_0343.tif (deflated 3%)
  adding: mnt/lsdi/ocm11000431/ocm11000431/Output/_0344.tif (deflated 3%)
  adding: mnt/lsdi/ocm11000431/ocm11000431/Output/_0345.tif (deflated 3%)
  adding: mnt/lsdi/ocm11000431/ocm11000431/Output/_0346.tif (deflated 3%)
  adding: mnt/lsdi/ocm11000431/ocm11000431/Output/_0347.tif (deflated 3%)
  adding: mnt/lsdi/ocm11000431/ocm11000431/Output/_0348.tif (deflated 3%)
  adding: mnt/lsdi/ocm11000431/ocm11000431/Output/_0349.tif (deflated 3%)
  adding: mnt/lsdi/ocm11000431/ocm11000431/Output/_0350.tif (deflated 2%)
  adding: mnt/lsdi/ocm11000431/ocm11000431/Output/_0351.tif (deflated 3%)
  adding: mnt/lsdi/ocm11000431/ocm11000431/Output/_0352.tif (deflated 2%)
  adding: mnt/lsdi/ocm11000431/ocm11000431/Output/_0353.tif (deflated 3%)
  adding: mnt/lsdi/ocm11000431/ocm11000431/Output/_0354.tif (deflated 2%)
  adding: mnt/lsdi/ocm11000431/ocm11000431/Output/_0355.tif (deflated 3%)
  adding: mnt/lsdi/ocm11000431/ocm11000431/Output/_0356.tif (deflated 3%)
  adding: mnt/lsdi/ocm11000431/ocm11000431/Output/_0357.tif (deflated 3%)
  adding: mnt/lsdi/ocm11000431/ocm11000431/Output/_0358.tif (deflated 3%)
  adding: mnt/lsdi/ocm11000431/ocm11000431/Output/_0359.tif (deflated 2%)
  adding: mnt/lsdi/ocm11000431/ocm11000431/Output/_0360.tif (deflated 3%)
  adding: mnt/lsdi/ocm11000431/ocm11000431/Output/_0361.tif (deflated 3%)
  adding: mnt/lsdi/ocm11000431/ocm11000431/Output/_0362.tif (deflated 3%)
  adding: mnt/lsdi/ocm11000431/ocm11000431/Output/_0363.tif (deflated 3%)
  adding: mnt/lsdi/ocm11000431/ocm11000431/Output/_0364.tif (deflated 3%)
  adding: mnt/lsdi/ocm11000431/ocm11000431/Output/_0365.tif (deflated 3%)
  adding: mnt/lsdi/ocm11000431/ocm11000431/Output/_0366.tif (deflated 2%)
  adding: mnt/lsdi/ocm11000431/ocm11000431/Output/_0367.tif (deflated 2%)
  adding: mnt/lsdi/ocm11000431/ocm11000431/Output/_0368.tif (deflated 66%)
curl --location --header authorization: LOW fpJYfLnxbLmCEHqU:JQbq6NgBaPrSh98Y --upload-file /temp/ocm11000431_images.zip http://s3.us.archive.org/11000431.emory.edu/11000431_images.zip
  % Total    % Received % Xferd  Average Speed   Time    Time     Time  Current
                                 Dload  Upload   Total   Spent    Left  Speed
  0     0    0     0    0     0      0      0 --:--:-- --:--:-- --:--:--     0  0 36.0M    0     0    0     0      0      0 --:--:--  0:00:01 --:--:--     0  1 36.0M    0     0    1  544k      0   262k  0:02:21  0:00:02  0:02:19  273k  1 36.0M    0     0    1  608k      0   200k  0:03:04  0:00:03  0:03:01  206k  2 36.0M    0     0    2 1104k      0   276k  0:02:13  0:00:03  0:02:10  282k  4 36.0M    0     0    4 1808k      0   361k  0:01:42  0:00:05  0:01:37  367k  6 36.0M    0     0    6 2480k      0   413k  0:01:29  0:00:05  0:01:24  505k  8 36.0M    0     0    8 3136k      0   447k  0:01:22  0:00:07  0:01:15  525k 10 36.0M    0     0   10 3696k      0   463k  0:01:19  0:00:07  0:01:12  624k 12 36.0M    0     0   12 4448k      0   492k  0:01:14  0:00:09  0:01:05  665k 13 36.0M    0     0   13 5008k      0   499k  0:01:14  0:00:10  0:01:04  636k 15 36.0M    0     0   15 5680k      0   517k  0:01:11  0:00:10  0:01:01  642k 17 36.0M    0     0   17 6384k      0   532k  0:01:09  0:00:11  0:00:58  652k 19 36.0M    0     0   19 7056k      0   543k  0:01:07  0:00:12  0:00:55  672k 20 36.0M    0     0   20 7568k      0   541k  0:01:08  0:00:13  0:00:55  630k 22 36.0M    0     0   22 8304k      0   553k  0:01:06  0:00:15  0:00:51  661k 24 36.0M    0     0   24 8960k      0   560k  0:01:05  0:00:15  0:00:50  653k 26 36.0M    0     0   26 9664k      0   569k  0:01:04  0:00:16  0:00:48  656k 27 36.0M    0     0   27  9.9M      0   566k  0:01:05  0:00:17  0:00:48  623k 29 36.0M    0     0   29 10.6M      0   572k  0:01:04  0:00:18  0:00:46  658k 31 36.0M    0     0   31 11.2M      0   576k  0:01:04  0:00:19  0:00:45  648k 32 36.0M    0     0   32 11.8M      0   580k  0:01:03  0:00:20  0:00:43  644k 34 36.0M    0     0   34 12.3M      0   576k  0:01:04  0:00:21  0:00:43  600k 36 36.0M    0     0   36 13.0M      0   581k  0:01:03  0:00:22  0:00:41  638k 38 36.0M    0     0   38 13.7M      0   586k  0:01:02  0:00:23  0:00:39  641k 39 36.0M    0     0   39 14.4M      0   591k  0:01:02  0:00:24  0:00:38  648k 41 36.0M    0     0   41 15.0M      0   593k  0:01:02  0:00:25  0:00:37  648k 43 36.0M    0     0   43 15.7M      0   598k  0:01:01  0:00:26  0:00:35  692k 45 36.0M    0     0   45 16.4M      0   600k  0:01:01  0:00:28  0:00:33  683k 47 36.0M    0     0   47 17.0M      0   603k  0:01:01  0:00:29  0:00:32  682k 49 36.0M    0     0   49 17.7M      0   606k  0:01:00  0:00:29  0:00:31  683k 51 36.0M    0     0   51 18.4M      0   609k  0:01:00  0:00:31  0:00:29  694k 53 36.0M    0     0   53 19.1M      0   612k  0:01:00  0:00:31  0:00:29  692k 54 36.0M    0     0   54 19.8M      0   615k  0:01:00  0:00:32  0:00:28  704k 56 36.0M    0     0   56 20.4M      0   614k  0:01:00  0:00:34  0:00:26  676k 58 36.0M    0     0   58 21.0M      0   615k  0:01:00  0:00:34  0:00:26  669k 60 36.0M    0     0   60 21.7M      0   618k  0:00:59  0:00:35  0:00:24  670k 62 36.0M    0     0   62 22.4M      0   620k  0:00:59  0:00:36  0:00:23  670k 63 36.0M    0     0   63 23.0M      0   621k  0:00:59  0:00:37  0:00:22  655k 65 36.0M    0     0   65 23.5M      0   619k  0:00:59  0:00:38  0:00:21  652k 67 36.0M    0     0   67 24.2M      0   621k  0:00:59  0:00:39  0:00:20  664k 69 36.0M    0     0   69 24.9M      0   623k  0:00:59  0:00:41  0:00:18  662k 71 36.0M    0     0   71 25.6M      0   626k  0:00:59  0:00:42  0:00:17  666k 73 36.0M    0     0   73 26.3M      0   628k  0:00:58  0:00:42  0:00:16  687k 74 36.0M    0     0   74 27.0M      0   629k  0:00:58  0:00:43  0:00:15  712k 76 36.0M    0     0   76 27.7M      0   630k  0:00:58  0:00:44  0:00:14  702k 78 36.0M    0     0   78 28.3M      0   630k  0:00:58  0:00:45  0:00:13  687k 80 36.0M    0     0   80 29.0M      0   632k  0:00:58  0:00:46  0:00:12  684k 82 36.0M    0     0   82 29.6M      0   633k  0:00:58  0:00:47  0:00:11  671k 84 36.0M    0     0   84 30.3M      0   634k  0:00:58  0:00:49  0:00:09  677k 86 36.0M    0     0   86 31.0M      0   636k  0:00:58  0:00:49  0:00:09  684k 87 36.0M    0     0   87 31.7M      0   636k  0:00:58  0:00:51  0:00:07  694k 89 36.0M    0     0   89 32.4M      0   638k  0:00:57  0:00:52  0:00:05  693k 91 36.0M    0     0   91 33.0M      0   639k  0:00:57  0:00:52  0:00:05  698k 93 36.0M    0     0   93 33.7M      0   640k  0:00:57  0:00:54  0:00:03  698k 95 36.0M    0     0   95 34.4M      0   641k  0:00:57  0:00:55  0:00:02  691k 97 36.0M    0     0   97 35.1M      0   642k  0:00:57  0:00:55  0:00:02  699k 99 36.0M    0     0   99 35.8M      0   643k  0:00:57  0:00:56  0:00:01  698k100 36.0M    0     0  100 36.0M      0   632k  0:00:58  0:00:58 --:--:--  569k100 36.0M    0     0  100 36.0M      0   625k  0:00:59  0:00:59 --:--:--  469k100 36.0M    0     0  100 36.0M      0   625k  0:00:59  0:00:59 --:--:--  416k
