27368622
curl --location --header x-amz-auto-make-bucket:1 --header x-archive-ignore-preexisting-bucket:1 --header x-archive-queue-derive:0 --header x-archive-meta-mediatype:texts --header x-archive-meta03-collection:emory --header x-archive-meta01-collection:americanmethodism --header x-archive-meta-sponsor:Emory University, Pitts Theology Library --header x-archive-meta-contributor:Emory University, Pitts Theology Library --header x-archive-meta-ppi:300 --header authorization: LOW fpJYfLnxbLmCEHqU:JQbq6NgBaPrSh98Y --upload-file /mnt/lsdi/ocm27368622/ocm27368622/ocm27368622_MRC.xml http://s3.us.archive.org/27368622.emory.edu/27368622.emory.edu_marc.xml
  % Total    % Received % Xferd  Average Speed   Time    Time     Time  Current
                                 Dload  Upload   Total   Spent    Left  Speed
  0     0    0     0    0     0      0      0 --:--:-- --:--:-- --:--:--     0  0  3047    0     0    0     0      0      0 --:--:--  0:00:01 --:--:--     0100  3047    0     0  100  3047      0   1466  0:00:02  0:00:02 --:--:--  1521100  3047    0     0  100  3047      0   1043  0:00:02  0:00:02 --:--:--  1070100  3047    0     0  100  3047      0   1043  0:00:02  0:00:02 --:--:--  1070
zip -r /temp/ocm27368622_images.zip /mnt/lsdi/ocm27368622/ocm27368622/Output/0001.tif /mnt/lsdi/ocm27368622/ocm27368622/Output/0002.tif /mnt/lsdi/ocm27368622/ocm27368622/Output/0003.tif /mnt/lsdi/ocm27368622/ocm27368622/Output/0004.tif /mnt/lsdi/ocm27368622/ocm27368622/Output/0005.tif /mnt/lsdi/ocm27368622/ocm27368622/Output/0006.tif /mnt/lsdi/ocm27368622/ocm27368622/Output/0007.tif /mnt/lsdi/ocm27368622/ocm27368622/Output/0008.tif /mnt/lsdi/ocm27368622/ocm27368622/Output/0009.tif /mnt/lsdi/ocm27368622/ocm27368622/Output/0010.tif /mnt/lsdi/ocm27368622/ocm27368622/Output/0011.tif /mnt/lsdi/ocm27368622/ocm27368622/Output/0012.tif /mnt/lsdi/ocm27368622/ocm27368622/Output/0013.tif /mnt/lsdi/ocm27368622/ocm27368622/Output/0014.tif /mnt/lsdi/ocm27368622/ocm27368622/Output/0015.tif /mnt/lsdi/ocm27368622/ocm27368622/Output/0016.tif /mnt/lsdi/ocm27368622/ocm27368622/Output/0017.tif /mnt/lsdi/ocm27368622/ocm27368622/Output/0018.tif /mnt/lsdi/ocm27368622/ocm27368622/Output/0019.tif /mnt/lsdi/ocm27368622/ocm27368622/Output/0020.tif /mnt/lsdi/ocm27368622/ocm27368622/Output/0021.tif /mnt/lsdi/ocm27368622/ocm27368622/Output/0022.tif /mnt/lsdi/ocm27368622/ocm27368622/Output/0023.tif /mnt/lsdi/ocm27368622/ocm27368622/Output/0024.tif
  adding: mnt/lsdi/ocm27368622/ocm27368622/Output/0001.tif (deflated 80%)
  adding: mnt/lsdi/ocm27368622/ocm27368622/Output/0002.tif (deflated 5%)
  adding: mnt/lsdi/ocm27368622/ocm27368622/Output/0003.tif (deflated 80%)
  adding: mnt/lsdi/ocm27368622/ocm27368622/Output/0004.tif (deflated 4%)
  adding: mnt/lsdi/ocm27368622/ocm27368622/Output/0005.tif (deflated 3%)
  adding: mnt/lsdi/ocm27368622/ocm27368622/Output/0006.tif (deflated 4%)
  adding: mnt/lsdi/ocm27368622/ocm27368622/Output/0007.tif (deflated 3%)
  adding: mnt/lsdi/ocm27368622/ocm27368622/Output/0008.tif (deflated 4%)
  adding: mnt/lsdi/ocm27368622/ocm27368622/Output/0009.tif (deflated 3%)
  adding: mnt/lsdi/ocm27368622/ocm27368622/Output/0010.tif (deflated 4%)
  adding: mnt/lsdi/ocm27368622/ocm27368622/Output/0011.tif (deflated 4%)
  adding: mnt/lsdi/ocm27368622/ocm27368622/Output/0012.tif (deflated 4%)
  adding: mnt/lsdi/ocm27368622/ocm27368622/Output/0013.tif (deflated 3%)
  adding: mnt/lsdi/ocm27368622/ocm27368622/Output/0014.tif (deflated 4%)
  adding: mnt/lsdi/ocm27368622/ocm27368622/Output/0015.tif (deflated 3%)
  adding: mnt/lsdi/ocm27368622/ocm27368622/Output/0016.tif (deflated 4%)
  adding: mnt/lsdi/ocm27368622/ocm27368622/Output/0017.tif (deflated 3%)
  adding: mnt/lsdi/ocm27368622/ocm27368622/Output/0018.tif (deflated 4%)
  adding: mnt/lsdi/ocm27368622/ocm27368622/Output/0019.tif (deflated 3%)
  adding: mnt/lsdi/ocm27368622/ocm27368622/Output/0020.tif (deflated 4%)
  adding: mnt/lsdi/ocm27368622/ocm27368622/Output/0021.tif (deflated 3%)
  adding: mnt/lsdi/ocm27368622/ocm27368622/Output/0022.tif (deflated 3%)
  adding: mnt/lsdi/ocm27368622/ocm27368622/Output/0023.tif (deflated 4%)
  adding: mnt/lsdi/ocm27368622/ocm27368622/Output/0024.tif (deflated 80%)
curl --location --header authorization: LOW fpJYfLnxbLmCEHqU:JQbq6NgBaPrSh98Y --upload-file /temp/ocm27368622_images.zip http://s3.us.archive.org/27368622.emory.edu/27368622_images.zip
  % Total    % Received % Xferd  Average Speed   Time    Time     Time  Current
                                 Dload  Upload   Total   Spent    Left  Speed
  0     0    0     0    0     0      0      0 --:--:-- --:--:-- --:--:--     0  0  852k    0     0    0     0      0      0 --:--:--  0:00:01 --:--:--     0 54  852k    0     0   54  464k      0   266k  0:00:03  0:00:01  0:00:02  278k100  852k    0     0  100  852k      0   274k  0:00:03  0:00:03 --:--:--  280k100  852k    0     0  100  852k      0   274k  0:00:03  0:00:03 --:--:--  280k
