27330872
curl --location --header x-amz-auto-make-bucket:1 --header x-archive-ignore-preexisting-bucket:1 --header x-archive-queue-derive:0 --header x-archive-meta-mediatype:texts --header x-archive-meta03-collection:emory --header x-archive-meta01-collection:americanmethodism --header x-archive-meta-sponsor:Emory University, Pitts Theology Library --header x-archive-meta-contributor:Emory University, Pitts Theology Library --header x-archive-meta-ppi:300 --header authorization: LOW fpJYfLnxbLmCEHqU:JQbq6NgBaPrSh98Y --upload-file /mnt/lsdi/ocm27330872/ocm27330872/ocm27330872_MRC.xml http://s3.us.archive.org/27330872.emory.edu/27330872.emory.edu_marc.xml
  % Total    % Received % Xferd  Average Speed   Time    Time     Time  Current
                                 Dload  Upload   Total   Spent    Left  Speed
  0     0    0     0    0     0      0      0 --:--:-- --:--:-- --:--:--     0  0  2883    0     0    0     0      0      0 --:--:--  0:00:01 --:--:--     0  0  2883    0     0    0     0      0      0 --:--:--  0:00:02 --:--:--     0100  2883    0     0  100  2883      0    760  0:00:03  0:00:03 --:--:--   777100  2883    0     0  100  2883      0    601  0:00:04  0:00:04 --:--:--   612100  2883    0     0  100  2883      0    497  0:00:05  0:00:05 --:--:--   504100  2883    0     0  100  2883      0    424  0:00:06  0:00:06 --:--:--   504100  2883    0     0  100  2883      0    369  0:00:07  0:00:07 --:--:--   504100  2883    0     0  100  2883      0    327  0:00:08  0:00:08 --:--:--     0100  2883    0     0  100  2883      0    294  0:00:09  0:00:09 --:--:--     0100  2883    0     0  100  2883      0    290  0:00:09  0:00:09 --:--:--     0
zip -r /temp/ocm27330872_images.zip /mnt/lsdi/ocm27330872/ocm27330872/Output/0001.tif /mnt/lsdi/ocm27330872/ocm27330872/Output/0002.tif /mnt/lsdi/ocm27330872/ocm27330872/Output/0003.tif /mnt/lsdi/ocm27330872/ocm27330872/Output/0004.tif /mnt/lsdi/ocm27330872/ocm27330872/Output/0005.tif /mnt/lsdi/ocm27330872/ocm27330872/Output/0006.tif /mnt/lsdi/ocm27330872/ocm27330872/Output/0007.tif /mnt/lsdi/ocm27330872/ocm27330872/Output/0008.tif /mnt/lsdi/ocm27330872/ocm27330872/Output/0009.tif /mnt/lsdi/ocm27330872/ocm27330872/Output/0010.tif /mnt/lsdi/ocm27330872/ocm27330872/Output/0011.tif /mnt/lsdi/ocm27330872/ocm27330872/Output/0012.tif /mnt/lsdi/ocm27330872/ocm27330872/Output/0013.tif /mnt/lsdi/ocm27330872/ocm27330872/Output/0014.tif /mnt/lsdi/ocm27330872/ocm27330872/Output/0015.tif /mnt/lsdi/ocm27330872/ocm27330872/Output/0016.tif /mnt/lsdi/ocm27330872/ocm27330872/Output/0017.tif /mnt/lsdi/ocm27330872/ocm27330872/Output/0018.tif /mnt/lsdi/ocm27330872/ocm27330872/Output/0019.tif /mnt/lsdi/ocm27330872/ocm27330872/Output/0020.tif /mnt/lsdi/ocm27330872/ocm27330872/Output/0021.tif /mnt/lsdi/ocm27330872/ocm27330872/Output/0022.tif /mnt/lsdi/ocm27330872/ocm27330872/Output/0023.tif /mnt/lsdi/ocm27330872/ocm27330872/Output/0024.tif /mnt/lsdi/ocm27330872/ocm27330872/Output/0025.tif /mnt/lsdi/ocm27330872/ocm27330872/Output/0026.tif /mnt/lsdi/ocm27330872/ocm27330872/Output/0027.tif /mnt/lsdi/ocm27330872/ocm27330872/Output/0028.tif /mnt/lsdi/ocm27330872/ocm27330872/Output/0029.tif /mnt/lsdi/ocm27330872/ocm27330872/Output/0030.tif /mnt/lsdi/ocm27330872/ocm27330872/Output/0031.tif /mnt/lsdi/ocm27330872/ocm27330872/Output/0032.tif /mnt/lsdi/ocm27330872/ocm27330872/Output/0033.tif /mnt/lsdi/ocm27330872/ocm27330872/Output/0034.tif /mnt/lsdi/ocm27330872/ocm27330872/Output/0035.tif /mnt/lsdi/ocm27330872/ocm27330872/Output/0036.tif
  adding: mnt/lsdi/ocm27330872/ocm27330872/Output/0001.tif (deflated 85%)
  adding: mnt/lsdi/ocm27330872/ocm27330872/Output/0002.tif (deflated 3%)
  adding: mnt/lsdi/ocm27330872/ocm27330872/Output/0003.tif (deflated 3%)
  adding: mnt/lsdi/ocm27330872/ocm27330872/Output/0004.tif (deflated 3%)
  adding: mnt/lsdi/ocm27330872/ocm27330872/Output/0005.tif (deflated 3%)
  adding: mnt/lsdi/ocm27330872/ocm27330872/Output/0006.tif (deflated 3%)
  adding: mnt/lsdi/ocm27330872/ocm27330872/Output/0007.tif (deflated 3%)
  adding: mnt/lsdi/ocm27330872/ocm27330872/Output/0008.tif (deflated 4%)
  adding: mnt/lsdi/ocm27330872/ocm27330872/Output/0009.tif (deflated 3%)
  adding: mnt/lsdi/ocm27330872/ocm27330872/Output/0010.tif (deflated 4%)
  adding: mnt/lsdi/ocm27330872/ocm27330872/Output/0011.tif (deflated 3%)
  adding: mnt/lsdi/ocm27330872/ocm27330872/Output/0012.tif (deflated 3%)
  adding: mnt/lsdi/ocm27330872/ocm27330872/Output/0013.tif (deflated 4%)
  adding: mnt/lsdi/ocm27330872/ocm27330872/Output/0014.tif (deflated 3%)
  adding: mnt/lsdi/ocm27330872/ocm27330872/Output/0015.tif (deflated 3%)
  adding: mnt/lsdi/ocm27330872/ocm27330872/Output/0016.tif (deflated 3%)
  adding: mnt/lsdi/ocm27330872/ocm27330872/Output/0017.tif (deflated 3%)
  adding: mnt/lsdi/ocm27330872/ocm27330872/Output/0018.tif (deflated 3%)
  adding: mnt/lsdi/ocm27330872/ocm27330872/Output/0019.tif (deflated 3%)
  adding: mnt/lsdi/ocm27330872/ocm27330872/Output/0020.tif (deflated 4%)
  adding: mnt/lsdi/ocm27330872/ocm27330872/Output/0021.tif (deflated 3%)
  adding: mnt/lsdi/ocm27330872/ocm27330872/Output/0022.tif (deflated 3%)
  adding: mnt/lsdi/ocm27330872/ocm27330872/Output/0023.tif (deflated 3%)
  adding: mnt/lsdi/ocm27330872/ocm27330872/Output/0024.tif (deflated 3%)
  adding: mnt/lsdi/ocm27330872/ocm27330872/Output/0025.tif (deflated 3%)
  adding: mnt/lsdi/ocm27330872/ocm27330872/Output/0026.tif (deflated 3%)
  adding: mnt/lsdi/ocm27330872/ocm27330872/Output/0027.tif (deflated 3%)
  adding: mnt/lsdi/ocm27330872/ocm27330872/Output/0028.tif (deflated 3%)
  adding: mnt/lsdi/ocm27330872/ocm27330872/Output/0029.tif (deflated 3%)
  adding: mnt/lsdi/ocm27330872/ocm27330872/Output/0030.tif (deflated 3%)
  adding: mnt/lsdi/ocm27330872/ocm27330872/Output/0031.tif (deflated 3%)
  adding: mnt/lsdi/ocm27330872/ocm27330872/Output/0032.tif (deflated 3%)
  adding: mnt/lsdi/ocm27330872/ocm27330872/Output/0033.tif (deflated 3%)
  adding: mnt/lsdi/ocm27330872/ocm27330872/Output/0034.tif (deflated 3%)
  adding: mnt/lsdi/ocm27330872/ocm27330872/Output/0035.tif (deflated 5%)
  adding: mnt/lsdi/ocm27330872/ocm27330872/Output/0036.tif (deflated 3%)
curl --location --header authorization: LOW fpJYfLnxbLmCEHqU:JQbq6NgBaPrSh98Y --upload-file /temp/ocm27330872_images.zip http://s3.us.archive.org/27330872.emory.edu/27330872_images.zip
  % Total    % Received % Xferd  Average Speed   Time    Time     Time  Current
                                 Dload  Upload   Total   Spent    Left  Speed
  0     0    0     0    0     0      0      0 --:--:-- --:--:-- --:--:--     0  0 2063k    0     0    0     0      0      0 --:--:--  0:00:01 --:--:--     0 18 2063k    0     0   18  384k      0   247k  0:00:08  0:00:01  0:00:07  261k 51 2063k    0     0   51 1072k      0   420k  0:00:04  0:00:02  0:00:02  434k 86 2063k    0     0   86 1776k      0   500k  0:00:04  0:00:03  0:00:01  512k100 2063k    0     0  100 2063k      0   416k  0:00:04  0:00:04 --:--:--  423k100 2063k    0     0  100 2063k      0   411k  0:00:05  0:00:05 --:--:--  521k
