25732460
curl --location --header x-amz-auto-make-bucket:1 --header x-archive-ignore-preexisting-bucket:1 --header x-archive-queue-derive:0 --header x-archive-meta-mediatype:texts --header x-archive-meta03-collection:emory --header x-archive-meta01-collection:americanmethodism --header x-archive-meta-sponsor:Emory University, Pitts Theology Library --header x-archive-meta-contributor:Emory University, Pitts Theology Library --header x-archive-meta-ppi:300 --header authorization: LOW fpJYfLnxbLmCEHqU:JQbq6NgBaPrSh98Y --upload-file /mnt/lsdi/ocm25732460/ocm25732460/ocm25732460_MRC.xml http://s3.us.archive.org/25732460.emory.edu/25732460.emory.edu_marc.xml
  % Total    % Received % Xferd  Average Speed   Time    Time     Time  Current
                                 Dload  Upload   Total   Spent    Left  Speed
  0     0    0     0    0     0      0      0 --:--:-- --:--:-- --:--:--     0  0  2994    0     0    0     0      0      0 --:--:--  0:00:01 --:--:--     0100  2994    0     0  100  2994      0   1727  0:00:01  0:00:01 --:--:--  1805100  2994    0     0  100  2994      0   1229  0:00:02  0:00:02 --:--:--  1268100  2994    0     0  100  2994      0   1229  0:00:02  0:00:02 --:--:--  1268
zip -r /temp/ocm25732460_images.zip /mnt/lsdi/ocm25732460/ocm25732460/Output/_img0001.tif /mnt/lsdi/ocm25732460/ocm25732460/Output/_img0002.tif /mnt/lsdi/ocm25732460/ocm25732460/Output/_img0003.tif /mnt/lsdi/ocm25732460/ocm25732460/Output/_img0004.tif /mnt/lsdi/ocm25732460/ocm25732460/Output/_img0005.tif /mnt/lsdi/ocm25732460/ocm25732460/Output/_img0006.tif /mnt/lsdi/ocm25732460/ocm25732460/Output/_img0007.tif /mnt/lsdi/ocm25732460/ocm25732460/Output/_img0008.tif /mnt/lsdi/ocm25732460/ocm25732460/Output/_img0009.tif /mnt/lsdi/ocm25732460/ocm25732460/Output/_img0010.tif /mnt/lsdi/ocm25732460/ocm25732460/Output/_img0011.tif /mnt/lsdi/ocm25732460/ocm25732460/Output/_img0012.tif /mnt/lsdi/ocm25732460/ocm25732460/Output/_img0013.tif /mnt/lsdi/ocm25732460/ocm25732460/Output/_img0014.tif /mnt/lsdi/ocm25732460/ocm25732460/Output/_img0015.tif /mnt/lsdi/ocm25732460/ocm25732460/Output/_img0016.tif /mnt/lsdi/ocm25732460/ocm25732460/Output/_img0017.tif /mnt/lsdi/ocm25732460/ocm25732460/Output/_img0018.tif /mnt/lsdi/ocm25732460/ocm25732460/Output/_img0019.tif /mnt/lsdi/ocm25732460/ocm25732460/Output/_img0020.tif /mnt/lsdi/ocm25732460/ocm25732460/Output/_img0021.tif /mnt/lsdi/ocm25732460/ocm25732460/Output/_img0022.tif /mnt/lsdi/ocm25732460/ocm25732460/Output/_img0023.tif /mnt/lsdi/ocm25732460/ocm25732460/Output/_img0024.tif /mnt/lsdi/ocm25732460/ocm25732460/Output/_img0025.tif /mnt/lsdi/ocm25732460/ocm25732460/Output/_img0026.tif /mnt/lsdi/ocm25732460/ocm25732460/Output/_img0027.tif /mnt/lsdi/ocm25732460/ocm25732460/Output/_img0028.tif /mnt/lsdi/ocm25732460/ocm25732460/Output/_img0029.tif /mnt/lsdi/ocm25732460/ocm25732460/Output/_img0030.tif /mnt/lsdi/ocm25732460/ocm25732460/Output/_img0031.tif /mnt/lsdi/ocm25732460/ocm25732460/Output/_img0032.tif /mnt/lsdi/ocm25732460/ocm25732460/Output/_img0033.tif /mnt/lsdi/ocm25732460/ocm25732460/Output/_img0034.tif /mnt/lsdi/ocm25732460/ocm25732460/Output/_img0035.tif /mnt/lsdi/ocm25732460/ocm25732460/Output/_img0036.tif /mnt/lsdi/ocm25732460/ocm25732460/Output/_img0037.tif /mnt/lsdi/ocm25732460/ocm25732460/Output/_img0038.tif /mnt/lsdi/ocm25732460/ocm25732460/Output/_img0039.tif /mnt/lsdi/ocm25732460/ocm25732460/Output/_img0040.tif /mnt/lsdi/ocm25732460/ocm25732460/Output/_img0041.tif /mnt/lsdi/ocm25732460/ocm25732460/Output/_img0042.tif /mnt/lsdi/ocm25732460/ocm25732460/Output/_img0043.tif /mnt/lsdi/ocm25732460/ocm25732460/Output/_img0044.tif /mnt/lsdi/ocm25732460/ocm25732460/Output/_img0045.tif /mnt/lsdi/ocm25732460/ocm25732460/Output/_img0046.tif /mnt/lsdi/ocm25732460/ocm25732460/Output/_img0047.tif /mnt/lsdi/ocm25732460/ocm25732460/Output/_img0048.tif /mnt/lsdi/ocm25732460/ocm25732460/Output/_img0049.tif /mnt/lsdi/ocm25732460/ocm25732460/Output/_img0050.tif /mnt/lsdi/ocm25732460/ocm25732460/Output/_img0051.tif /mnt/lsdi/ocm25732460/ocm25732460/Output/_img0052.tif /mnt/lsdi/ocm25732460/ocm25732460/Output/_img0053.tif /mnt/lsdi/ocm25732460/ocm25732460/Output/_img0054.tif /mnt/lsdi/ocm25732460/ocm25732460/Output/_img0055.tif /mnt/lsdi/ocm25732460/ocm25732460/Output/_img0056.tif /mnt/lsdi/ocm25732460/ocm25732460/Output/_img0057.tif /mnt/lsdi/ocm25732460/ocm25732460/Output/_img0058.tif /mnt/lsdi/ocm25732460/ocm25732460/Output/_img0059.tif /mnt/lsdi/ocm25732460/ocm25732460/Output/_img0060.tif /mnt/lsdi/ocm25732460/ocm25732460/Output/_img0061.tif /mnt/lsdi/ocm25732460/ocm25732460/Output/_img0062.tif /mnt/lsdi/ocm25732460/ocm25732460/Output/_img0063.tif /mnt/lsdi/ocm25732460/ocm25732460/Output/_img0064.tif /mnt/lsdi/ocm25732460/ocm25732460/Output/_img0065.tif /mnt/lsdi/ocm25732460/ocm25732460/Output/_img0066.tif /mnt/lsdi/ocm25732460/ocm25732460/Output/_img0067.tif /mnt/lsdi/ocm25732460/ocm25732460/Output/_img0068.tif /mnt/lsdi/ocm25732460/ocm25732460/Output/_img0069.tif /mnt/lsdi/ocm25732460/ocm25732460/Output/_img0070.tif /mnt/lsdi/ocm25732460/ocm25732460/Output/_img0071.tif /mnt/lsdi/ocm25732460/ocm25732460/Output/_img0072.tif /mnt/lsdi/ocm25732460/ocm25732460/Output/_img0073.tif /mnt/lsdi/ocm25732460/ocm25732460/Output/_img0074.tif /mnt/lsdi/ocm25732460/ocm25732460/Output/_img0075.tif /mnt/lsdi/ocm25732460/ocm25732460/Output/_img0076.tif /mnt/lsdi/ocm25732460/ocm25732460/Output/_img0077.tif /mnt/lsdi/ocm25732460/ocm25732460/Output/_img0078.tif /mnt/lsdi/ocm25732460/ocm25732460/Output/_img0079.tif /mnt/lsdi/ocm25732460/ocm25732460/Output/_img0080.tif /mnt/lsdi/ocm25732460/ocm25732460/Output/_img0081.tif /mnt/lsdi/ocm25732460/ocm25732460/Output/_img0082.tif /mnt/lsdi/ocm25732460/ocm25732460/Output/_img0083.tif /mnt/lsdi/ocm25732460/ocm25732460/Output/_img0084.tif /mnt/lsdi/ocm25732460/ocm25732460/Output/_img0085.tif /mnt/lsdi/ocm25732460/ocm25732460/Output/_img0086.tif /mnt/lsdi/ocm25732460/ocm25732460/Output/_img0087.tif /mnt/lsdi/ocm25732460/ocm25732460/Output/_img0088.tif /mnt/lsdi/ocm25732460/ocm25732460/Output/_img0089.tif /mnt/lsdi/ocm25732460/ocm25732460/Output/_img0090.tif /mnt/lsdi/ocm25732460/ocm25732460/Output/_img0091.tif /mnt/lsdi/ocm25732460/ocm25732460/Output/_img0092.tif /mnt/lsdi/ocm25732460/ocm25732460/Output/_img0093.tif /mnt/lsdi/ocm25732460/ocm25732460/Output/_img0094.tif /mnt/lsdi/ocm25732460/ocm25732460/Output/_img0095.tif /mnt/lsdi/ocm25732460/ocm25732460/Output/_img0096.tif /mnt/lsdi/ocm25732460/ocm25732460/Output/_img0097.tif /mnt/lsdi/ocm25732460/ocm25732460/Output/_img0098.tif /mnt/lsdi/ocm25732460/ocm25732460/Output/_img0099.tif /mnt/lsdi/ocm25732460/ocm25732460/Output/_img0100.tif /mnt/lsdi/ocm25732460/ocm25732460/Output/_img0101.tif /mnt/lsdi/ocm25732460/ocm25732460/Output/_img0102.tif /mnt/lsdi/ocm25732460/ocm25732460/Output/_img0103.tif /mnt/lsdi/ocm25732460/ocm25732460/Output/_img0104.tif /mnt/lsdi/ocm25732460/ocm25732460/Output/_img0105.tif /mnt/lsdi/ocm25732460/ocm25732460/Output/_img0106.tif /mnt/lsdi/ocm25732460/ocm25732460/Output/_img0107.tif /mnt/lsdi/ocm25732460/ocm25732460/Output/_img0108.tif /mnt/lsdi/ocm25732460/ocm25732460/Output/_img0109.tif /mnt/lsdi/ocm25732460/ocm25732460/Output/_img0110.tif /mnt/lsdi/ocm25732460/ocm25732460/Output/_img0111.tif /mnt/lsdi/ocm25732460/ocm25732460/Output/_img0112.tif /mnt/lsdi/ocm25732460/ocm25732460/Output/_img0113.tif /mnt/lsdi/ocm25732460/ocm25732460/Output/_img0114.tif /mnt/lsdi/ocm25732460/ocm25732460/Output/_img0115.tif /mnt/lsdi/ocm25732460/ocm25732460/Output/_img0116.tif /mnt/lsdi/ocm25732460/ocm25732460/Output/_img0117.tif /mnt/lsdi/ocm25732460/ocm25732460/Output/_img0118.tif /mnt/lsdi/ocm25732460/ocm25732460/Output/_img0119.tif /mnt/lsdi/ocm25732460/ocm25732460/Output/_img0120.tif /mnt/lsdi/ocm25732460/ocm25732460/Output/_img0121.tif /mnt/lsdi/ocm25732460/ocm25732460/Output/_img0122.tif /mnt/lsdi/ocm25732460/ocm25732460/Output/_img0123.tif /mnt/lsdi/ocm25732460/ocm25732460/Output/_img0124.tif /mnt/lsdi/ocm25732460/ocm25732460/Output/_img0125.tif /mnt/lsdi/ocm25732460/ocm25732460/Output/_img0126.tif /mnt/lsdi/ocm25732460/ocm25732460/Output/_img0127.tif /mnt/lsdi/ocm25732460/ocm25732460/Output/_img0128.tif /mnt/lsdi/ocm25732460/ocm25732460/Output/_img0129.tif /mnt/lsdi/ocm25732460/ocm25732460/Output/_img0130.tif /mnt/lsdi/ocm25732460/ocm25732460/Output/_img0131.tif /mnt/lsdi/ocm25732460/ocm25732460/Output/_img0132.tif /mnt/lsdi/ocm25732460/ocm25732460/Output/_img0133.tif /mnt/lsdi/ocm25732460/ocm25732460/Output/_img0134.tif /mnt/lsdi/ocm25732460/ocm25732460/Output/_img0135.tif /mnt/lsdi/ocm25732460/ocm25732460/Output/_img0136.tif /mnt/lsdi/ocm25732460/ocm25732460/Output/_img0137.tif /mnt/lsdi/ocm25732460/ocm25732460/Output/_img0138.tif /mnt/lsdi/ocm25732460/ocm25732460/Output/_img0139.tif /mnt/lsdi/ocm25732460/ocm25732460/Output/_img0140.tif /mnt/lsdi/ocm25732460/ocm25732460/Output/_img0141.tif /mnt/lsdi/ocm25732460/ocm25732460/Output/_img0142.tif /mnt/lsdi/ocm25732460/ocm25732460/Output/_img0143.tif /mnt/lsdi/ocm25732460/ocm25732460/Output/_img0144.tif /mnt/lsdi/ocm25732460/ocm25732460/Output/_img0145.tif /mnt/lsdi/ocm25732460/ocm25732460/Output/_img0146.tif /mnt/lsdi/ocm25732460/ocm25732460/Output/_img0147.tif /mnt/lsdi/ocm25732460/ocm25732460/Output/_img0148.tif /mnt/lsdi/ocm25732460/ocm25732460/Output/_img0149.tif /mnt/lsdi/ocm25732460/ocm25732460/Output/_img0150.tif /mnt/lsdi/ocm25732460/ocm25732460/Output/_img0151.tif /mnt/lsdi/ocm25732460/ocm25732460/Output/_img0152.tif /mnt/lsdi/ocm25732460/ocm25732460/Output/_img0153.tif /mnt/lsdi/ocm25732460/ocm25732460/Output/_img0154.tif /mnt/lsdi/ocm25732460/ocm25732460/Output/_img0155.tif /mnt/lsdi/ocm25732460/ocm25732460/Output/_img0156.tif /mnt/lsdi/ocm25732460/ocm25732460/Output/_img0157.tif /mnt/lsdi/ocm25732460/ocm25732460/Output/_img0158.tif /mnt/lsdi/ocm25732460/ocm25732460/Output/_img0159.tif /mnt/lsdi/ocm25732460/ocm25732460/Output/_img0160.tif /mnt/lsdi/ocm25732460/ocm25732460/Output/_img0161.tif /mnt/lsdi/ocm25732460/ocm25732460/Output/_img0162.tif /mnt/lsdi/ocm25732460/ocm25732460/Output/_img0163.tif /mnt/lsdi/ocm25732460/ocm25732460/Output/_img0164.tif /mnt/lsdi/ocm25732460/ocm25732460/Output/_img0165.tif /mnt/lsdi/ocm25732460/ocm25732460/Output/_img0166.tif /mnt/lsdi/ocm25732460/ocm25732460/Output/_img0167.tif /mnt/lsdi/ocm25732460/ocm25732460/Output/_img0168.tif /mnt/lsdi/ocm25732460/ocm25732460/Output/_img0169.tif /mnt/lsdi/ocm25732460/ocm25732460/Output/_img0170.tif /mnt/lsdi/ocm25732460/ocm25732460/Output/_img0171.tif /mnt/lsdi/ocm25732460/ocm25732460/Output/_img0172.tif /mnt/lsdi/ocm25732460/ocm25732460/Output/_img0173.tif /mnt/lsdi/ocm25732460/ocm25732460/Output/_img0174.tif /mnt/lsdi/ocm25732460/ocm25732460/Output/_img0175.tif /mnt/lsdi/ocm25732460/ocm25732460/Output/_img0176.tif /mnt/lsdi/ocm25732460/ocm25732460/Output/_img0177.tif /mnt/lsdi/ocm25732460/ocm25732460/Output/_img0178.tif /mnt/lsdi/ocm25732460/ocm25732460/Output/_img0179.tif /mnt/lsdi/ocm25732460/ocm25732460/Output/_img0180.tif /mnt/lsdi/ocm25732460/ocm25732460/Output/_img0181.tif /mnt/lsdi/ocm25732460/ocm25732460/Output/_img0182.tif /mnt/lsdi/ocm25732460/ocm25732460/Output/_img0183.tif /mnt/lsdi/ocm25732460/ocm25732460/Output/_img0184.tif /mnt/lsdi/ocm25732460/ocm25732460/Output/_img0185.tif /mnt/lsdi/ocm25732460/ocm25732460/Output/_img0186.tif /mnt/lsdi/ocm25732460/ocm25732460/Output/_img0187.tif /mnt/lsdi/ocm25732460/ocm25732460/Output/_img0188.tif /mnt/lsdi/ocm25732460/ocm25732460/Output/_img0189.tif /mnt/lsdi/ocm25732460/ocm25732460/Output/_img0190.tif /mnt/lsdi/ocm25732460/ocm25732460/Output/_img0191.tif /mnt/lsdi/ocm25732460/ocm25732460/Output/_img0192.tif /mnt/lsdi/ocm25732460/ocm25732460/Output/_img0193.tif /mnt/lsdi/ocm25732460/ocm25732460/Output/_img0194.tif /mnt/lsdi/ocm25732460/ocm25732460/Output/_img0195.tif /mnt/lsdi/ocm25732460/ocm25732460/Output/_img0196.tif /mnt/lsdi/ocm25732460/ocm25732460/Output/_img0197.tif /mnt/lsdi/ocm25732460/ocm25732460/Output/_img0198.tif /mnt/lsdi/ocm25732460/ocm25732460/Output/_img0199.tif /mnt/lsdi/ocm25732460/ocm25732460/Output/_img0200.tif /mnt/lsdi/ocm25732460/ocm25732460/Output/_img0201.tif /mnt/lsdi/ocm25732460/ocm25732460/Output/_img0202.tif /mnt/lsdi/ocm25732460/ocm25732460/Output/_img0203.tif /mnt/lsdi/ocm25732460/ocm25732460/Output/_img0204.tif /mnt/lsdi/ocm25732460/ocm25732460/Output/_img0205.tif /mnt/lsdi/ocm25732460/ocm25732460/Output/_img0206.tif /mnt/lsdi/ocm25732460/ocm25732460/Output/_img0207.tif /mnt/lsdi/ocm25732460/ocm25732460/Output/_img0208.tif /mnt/lsdi/ocm25732460/ocm25732460/Output/_img0209.tif /mnt/lsdi/ocm25732460/ocm25732460/Output/_img0210.tif /mnt/lsdi/ocm25732460/ocm25732460/Output/_img0211.tif /mnt/lsdi/ocm25732460/ocm25732460/Output/_img0212.tif /mnt/lsdi/ocm25732460/ocm25732460/Output/_img0213.tif /mnt/lsdi/ocm25732460/ocm25732460/Output/_img0214.tif /mnt/lsdi/ocm25732460/ocm25732460/Output/_img0215.tif /mnt/lsdi/ocm25732460/ocm25732460/Output/_img0216.tif /mnt/lsdi/ocm25732460/ocm25732460/Output/_img0217.tif /mnt/lsdi/ocm25732460/ocm25732460/Output/_img0218.tif /mnt/lsdi/ocm25732460/ocm25732460/Output/_img0219.tif /mnt/lsdi/ocm25732460/ocm25732460/Output/_img0220.tif /mnt/lsdi/ocm25732460/ocm25732460/Output/_img0221.tif /mnt/lsdi/ocm25732460/ocm25732460/Output/_img0222.tif /mnt/lsdi/ocm25732460/ocm25732460/Output/_img0223.tif /mnt/lsdi/ocm25732460/ocm25732460/Output/_img0224.tif /mnt/lsdi/ocm25732460/ocm25732460/Output/_img0225.tif /mnt/lsdi/ocm25732460/ocm25732460/Output/_img0226.tif /mnt/lsdi/ocm25732460/ocm25732460/Output/_img0227.tif /mnt/lsdi/ocm25732460/ocm25732460/Output/_img0228.tif /mnt/lsdi/ocm25732460/ocm25732460/Output/_img0229.tif /mnt/lsdi/ocm25732460/ocm25732460/Output/_img0230.tif /mnt/lsdi/ocm25732460/ocm25732460/Output/_img0231.tif /mnt/lsdi/ocm25732460/ocm25732460/Output/_img0232.tif /mnt/lsdi/ocm25732460/ocm25732460/Output/_img0233.tif /mnt/lsdi/ocm25732460/ocm25732460/Output/_img0234.tif /mnt/lsdi/ocm25732460/ocm25732460/Output/_img0235.tif /mnt/lsdi/ocm25732460/ocm25732460/Output/_img0236.tif /mnt/lsdi/ocm25732460/ocm25732460/Output/_img0237.tif /mnt/lsdi/ocm25732460/ocm25732460/Output/_img0238.tif /mnt/lsdi/ocm25732460/ocm25732460/Output/_img0239.tif /mnt/lsdi/ocm25732460/ocm25732460/Output/_img0240.tif /mnt/lsdi/ocm25732460/ocm25732460/Output/_img0241.tif /mnt/lsdi/ocm25732460/ocm25732460/Output/_img0242.tif /mnt/lsdi/ocm25732460/ocm25732460/Output/_img0243.tif /mnt/lsdi/ocm25732460/ocm25732460/Output/_img0244.tif /mnt/lsdi/ocm25732460/ocm25732460/Output/_img0245.tif /mnt/lsdi/ocm25732460/ocm25732460/Output/_img0246.tif /mnt/lsdi/ocm25732460/ocm25732460/Output/_img0247.tif /mnt/lsdi/ocm25732460/ocm25732460/Output/_img0248.tif /mnt/lsdi/ocm25732460/ocm25732460/Output/_img0249.tif /mnt/lsdi/ocm25732460/ocm25732460/Output/_img0250.tif /mnt/lsdi/ocm25732460/ocm25732460/Output/_img0251.tif /mnt/lsdi/ocm25732460/ocm25732460/Output/_img0252.tif /mnt/lsdi/ocm25732460/ocm25732460/Output/_img0253.tif /mnt/lsdi/ocm25732460/ocm25732460/Output/_img0254.tif /mnt/lsdi/ocm25732460/ocm25732460/Output/_img0255.tif /mnt/lsdi/ocm25732460/ocm25732460/Output/_img0256.tif /mnt/lsdi/ocm25732460/ocm25732460/Output/_img0257.tif /mnt/lsdi/ocm25732460/ocm25732460/Output/_img0258.tif /mnt/lsdi/ocm25732460/ocm25732460/Output/_img0259.tif /mnt/lsdi/ocm25732460/ocm25732460/Output/_img0260.tif /mnt/lsdi/ocm25732460/ocm25732460/Output/_img0261.tif /mnt/lsdi/ocm25732460/ocm25732460/Output/_img0262.tif /mnt/lsdi/ocm25732460/ocm25732460/Output/_img0263.tif /mnt/lsdi/ocm25732460/ocm25732460/Output/_img0264.tif /mnt/lsdi/ocm25732460/ocm25732460/Output/_img0265.tif /mnt/lsdi/ocm25732460/ocm25732460/Output/_img0266.tif /mnt/lsdi/ocm25732460/ocm25732460/Output/_img0267.tif /mnt/lsdi/ocm25732460/ocm25732460/Output/_img0268.tif /mnt/lsdi/ocm25732460/ocm25732460/Output/_img0269.tif /mnt/lsdi/ocm25732460/ocm25732460/Output/_img0270.tif /mnt/lsdi/ocm25732460/ocm25732460/Output/_img0271.tif /mnt/lsdi/ocm25732460/ocm25732460/Output/_img0272.tif /mnt/lsdi/ocm25732460/ocm25732460/Output/_img0273.tif /mnt/lsdi/ocm25732460/ocm25732460/Output/_img0274.tif /mnt/lsdi/ocm25732460/ocm25732460/Output/_img0275.tif /mnt/lsdi/ocm25732460/ocm25732460/Output/_img0276.tif /mnt/lsdi/ocm25732460/ocm25732460/Output/_img0277.tif /mnt/lsdi/ocm25732460/ocm25732460/Output/_img0278.tif /mnt/lsdi/ocm25732460/ocm25732460/Output/_img0279.tif /mnt/lsdi/ocm25732460/ocm25732460/Output/_img0280.tif /mnt/lsdi/ocm25732460/ocm25732460/Output/_img0281.tif /mnt/lsdi/ocm25732460/ocm25732460/Output/_img0282.tif /mnt/lsdi/ocm25732460/ocm25732460/Output/_img0283.tif /mnt/lsdi/ocm25732460/ocm25732460/Output/_img0284.tif /mnt/lsdi/ocm25732460/ocm25732460/Output/_img0285.tif /mnt/lsdi/ocm25732460/ocm25732460/Output/_img0286.tif /mnt/lsdi/ocm25732460/ocm25732460/Output/_img0287.tif /mnt/lsdi/ocm25732460/ocm25732460/Output/_img0288.tif /mnt/lsdi/ocm25732460/ocm25732460/Output/_img0289.tif /mnt/lsdi/ocm25732460/ocm25732460/Output/_img0290.tif /mnt/lsdi/ocm25732460/ocm25732460/Output/_img0291.tif /mnt/lsdi/ocm25732460/ocm25732460/Output/_img0292.tif /mnt/lsdi/ocm25732460/ocm25732460/Output/_img0293.tif /mnt/lsdi/ocm25732460/ocm25732460/Output/_img0294.tif /mnt/lsdi/ocm25732460/ocm25732460/Output/_img0295.tif /mnt/lsdi/ocm25732460/ocm25732460/Output/_img0296.tif /mnt/lsdi/ocm25732460/ocm25732460/Output/_img0297.tif /mnt/lsdi/ocm25732460/ocm25732460/Output/_img0298.tif /mnt/lsdi/ocm25732460/ocm25732460/Output/_img0299.tif /mnt/lsdi/ocm25732460/ocm25732460/Output/_img0300.tif /mnt/lsdi/ocm25732460/ocm25732460/Output/_img0301.tif /mnt/lsdi/ocm25732460/ocm25732460/Output/_img0302.tif /mnt/lsdi/ocm25732460/ocm25732460/Output/_img0303.tif /mnt/lsdi/ocm25732460/ocm25732460/Output/_img0304.tif /mnt/lsdi/ocm25732460/ocm25732460/Output/_img0305.tif /mnt/lsdi/ocm25732460/ocm25732460/Output/_img0306.tif /mnt/lsdi/ocm25732460/ocm25732460/Output/_img0307.tif /mnt/lsdi/ocm25732460/ocm25732460/Output/_img0308.tif /mnt/lsdi/ocm25732460/ocm25732460/Output/_img0309.tif /mnt/lsdi/ocm25732460/ocm25732460/Output/_img0310.tif /mnt/lsdi/ocm25732460/ocm25732460/Output/_img0311.tif /mnt/lsdi/ocm25732460/ocm25732460/Output/_img0312.tif /mnt/lsdi/ocm25732460/ocm25732460/Output/_img0313.tif /mnt/lsdi/ocm25732460/ocm25732460/Output/_img0314.tif /mnt/lsdi/ocm25732460/ocm25732460/Output/_img0315.tif /mnt/lsdi/ocm25732460/ocm25732460/Output/_img0316.tif /mnt/lsdi/ocm25732460/ocm25732460/Output/_img0317.tif /mnt/lsdi/ocm25732460/ocm25732460/Output/_img0318.tif /mnt/lsdi/ocm25732460/ocm25732460/Output/_img0319.tif /mnt/lsdi/ocm25732460/ocm25732460/Output/_img0320.tif /mnt/lsdi/ocm25732460/ocm25732460/Output/_img0321.tif /mnt/lsdi/ocm25732460/ocm25732460/Output/_img0322.tif
  adding: mnt/lsdi/ocm25732460/ocm25732460/Output/_img0001.tif (deflated 66%)
  adding: mnt/lsdi/ocm25732460/ocm25732460/Output/_img0002.tif (deflated 82%)
  adding: mnt/lsdi/ocm25732460/ocm25732460/Output/_img0003.tif (deflated 82%)
  adding: mnt/lsdi/ocm25732460/ocm25732460/Output/_img0004.tif (deflated 6%)
  adding: mnt/lsdi/ocm25732460/ocm25732460/Output/_img0005.tif (deflated 29%)
  adding: mnt/lsdi/ocm25732460/ocm25732460/Output/_img0006.tif (deflated 4%)
  adding: mnt/lsdi/ocm25732460/ocm25732460/Output/_img0007.tif (deflated 82%)
  adding: mnt/lsdi/ocm25732460/ocm25732460/Output/_img0008.tif (deflated 82%)
  adding: mnt/lsdi/ocm25732460/ocm25732460/Output/_img0009.tif (deflated 82%)
  adding: mnt/lsdi/ocm25732460/ocm25732460/Output/_img0010.tif (deflated 3%)
  adding: mnt/lsdi/ocm25732460/ocm25732460/Output/_img0011.tif (deflated 82%)
  adding: mnt/lsdi/ocm25732460/ocm25732460/Output/_img0012.tif (deflated 3%)
  adding: mnt/lsdi/ocm25732460/ocm25732460/Output/_img0013.tif (deflated 5%)
  adding: mnt/lsdi/ocm25732460/ocm25732460/Output/_img0014.tif (deflated 24%)
  adding: mnt/lsdi/ocm25732460/ocm25732460/Output/_img0015.tif (deflated 12%)
  adding: mnt/lsdi/ocm25732460/ocm25732460/Output/_img0016.tif (deflated 3%)
  adding: mnt/lsdi/ocm25732460/ocm25732460/Output/_img0017.tif (deflated 3%)
  adding: mnt/lsdi/ocm25732460/ocm25732460/Output/_img0018.tif (deflated 3%)
  adding: mnt/lsdi/ocm25732460/ocm25732460/Output/_img0019.tif (deflated 3%)
  adding: mnt/lsdi/ocm25732460/ocm25732460/Output/_img0020.tif (deflated 3%)
  adding: mnt/lsdi/ocm25732460/ocm25732460/Output/_img0021.tif (deflated 4%)
  adding: mnt/lsdi/ocm25732460/ocm25732460/Output/_img0022.tif (deflated 3%)
  adding: mnt/lsdi/ocm25732460/ocm25732460/Output/_img0023.tif (deflated 3%)
  adding: mnt/lsdi/ocm25732460/ocm25732460/Output/_img0024.tif (deflated 26%)
  adding: mnt/lsdi/ocm25732460/ocm25732460/Output/_img0025.tif (deflated 15%)
  adding: mnt/lsdi/ocm25732460/ocm25732460/Output/_img0026.tif (deflated 3%)
  adding: mnt/lsdi/ocm25732460/ocm25732460/Output/_img0027.tif (deflated 3%)
  adding: mnt/lsdi/ocm25732460/ocm25732460/Output/_img0028.tif (deflated 3%)
  adding: mnt/lsdi/ocm25732460/ocm25732460/Output/_img0029.tif (deflated 4%)
  adding: mnt/lsdi/ocm25732460/ocm25732460/Output/_img0030.tif (deflated 18%)
  adding: mnt/lsdi/ocm25732460/ocm25732460/Output/_img0031.tif (deflated 17%)
  adding: mnt/lsdi/ocm25732460/ocm25732460/Output/_img0032.tif (deflated 3%)
  adding: mnt/lsdi/ocm25732460/ocm25732460/Output/_img0033.tif (deflated 3%)
  adding: mnt/lsdi/ocm25732460/ocm25732460/Output/_img0034.tif (deflated 3%)
  adding: mnt/lsdi/ocm25732460/ocm25732460/Output/_img0035.tif (deflated 3%)
  adding: mnt/lsdi/ocm25732460/ocm25732460/Output/_img0036.tif (deflated 2%)
  adding: mnt/lsdi/ocm25732460/ocm25732460/Output/_img0037.tif (deflated 4%)
  adding: mnt/lsdi/ocm25732460/ocm25732460/Output/_img0038.tif (deflated 24%)
  adding: mnt/lsdi/ocm25732460/ocm25732460/Output/_img0039.tif (deflated 13%)
  adding: mnt/lsdi/ocm25732460/ocm25732460/Output/_img0040.tif (deflated 3%)
  adding: mnt/lsdi/ocm25732460/ocm25732460/Output/_img0041.tif (deflated 3%)
  adding: mnt/lsdi/ocm25732460/ocm25732460/Output/_img0042.tif (deflated 3%)
  adding: mnt/lsdi/ocm25732460/ocm25732460/Output/_img0043.tif (deflated 4%)
  adding: mnt/lsdi/ocm25732460/ocm25732460/Output/_img0044.tif (deflated 25%)
  adding: mnt/lsdi/ocm25732460/ocm25732460/Output/_img0045.tif (deflated 12%)
  adding: mnt/lsdi/ocm25732460/ocm25732460/Output/_img0046.tif (deflated 3%)
  adding: mnt/lsdi/ocm25732460/ocm25732460/Output/_img0047.tif (deflated 3%)
  adding: mnt/lsdi/ocm25732460/ocm25732460/Output/_img0048.tif (deflated 3%)
  adding: mnt/lsdi/ocm25732460/ocm25732460/Output/_img0049.tif (deflated 3%)
  adding: mnt/lsdi/ocm25732460/ocm25732460/Output/_img0050.tif (deflated 2%)
  adding: mnt/lsdi/ocm25732460/ocm25732460/Output/_img0051.tif (deflated 3%)
  adding: mnt/lsdi/ocm25732460/ocm25732460/Output/_img0052.tif (deflated 2%)
  adding: mnt/lsdi/ocm25732460/ocm25732460/Output/_img0053.tif (deflated 3%)
  adding: mnt/lsdi/ocm25732460/ocm25732460/Output/_img0054.tif (deflated 3%)
  adding: mnt/lsdi/ocm25732460/ocm25732460/Output/_img0055.tif (deflated 3%)
  adding: mnt/lsdi/ocm25732460/ocm25732460/Output/_img0056.tif (deflated 2%)
  adding: mnt/lsdi/ocm25732460/ocm25732460/Output/_img0057.tif (deflated 3%)
  adding: mnt/lsdi/ocm25732460/ocm25732460/Output/_img0058.tif (deflated 2%)
  adding: mnt/lsdi/ocm25732460/ocm25732460/Output/_img0059.tif (deflated 4%)
  adding: mnt/lsdi/ocm25732460/ocm25732460/Output/_img0060.tif (deflated 18%)
  adding: mnt/lsdi/ocm25732460/ocm25732460/Output/_img0061.tif (deflated 15%)
  adding: mnt/lsdi/ocm25732460/ocm25732460/Output/_img0062.tif (deflated 3%)
  adding: mnt/lsdi/ocm25732460/ocm25732460/Output/_img0063.tif (deflated 3%)
  adding: mnt/lsdi/ocm25732460/ocm25732460/Output/_img0064.tif (deflated 21%)
  adding: mnt/lsdi/ocm25732460/ocm25732460/Output/_img0065.tif (deflated 6%)
  adding: mnt/lsdi/ocm25732460/ocm25732460/Output/_img0066.tif (deflated 3%)
  adding: mnt/lsdi/ocm25732460/ocm25732460/Output/_img0067.tif (deflated 3%)
  adding: mnt/lsdi/ocm25732460/ocm25732460/Output/_img0068.tif (deflated 3%)
  adding: mnt/lsdi/ocm25732460/ocm25732460/Output/_img0069.tif (deflated 3%)
  adding: mnt/lsdi/ocm25732460/ocm25732460/Output/_img0070.tif (deflated 2%)
  adding: mnt/lsdi/ocm25732460/ocm25732460/Output/_img0071.tif (deflated 3%)
  adding: mnt/lsdi/ocm25732460/ocm25732460/Output/_img0072.tif (deflated 3%)
  adding: mnt/lsdi/ocm25732460/ocm25732460/Output/_img0073.tif (deflated 3%)
  adding: mnt/lsdi/ocm25732460/ocm25732460/Output/_img0074.tif (deflated 3%)
  adding: mnt/lsdi/ocm25732460/ocm25732460/Output/_img0075.tif (deflated 6%)
  adding: mnt/lsdi/ocm25732460/ocm25732460/Output/_img0076.tif (deflated 24%)
  adding: mnt/lsdi/ocm25732460/ocm25732460/Output/_img0077.tif (deflated 9%)
  adding: mnt/lsdi/ocm25732460/ocm25732460/Output/_img0078.tif (deflated 3%)
  adding: mnt/lsdi/ocm25732460/ocm25732460/Output/_img0079.tif (deflated 3%)
  adding: mnt/lsdi/ocm25732460/ocm25732460/Output/_img0080.tif (deflated 3%)
  adding: mnt/lsdi/ocm25732460/ocm25732460/Output/_img0081.tif (deflated 3%)
  adding: mnt/lsdi/ocm25732460/ocm25732460/Output/_img0082.tif (deflated 3%)
  adding: mnt/lsdi/ocm25732460/ocm25732460/Output/_img0083.tif (deflated 4%)
  adding: mnt/lsdi/ocm25732460/ocm25732460/Output/_img0084.tif (deflated 26%)
  adding: mnt/lsdi/ocm25732460/ocm25732460/Output/_img0085.tif (deflated 18%)
  adding: mnt/lsdi/ocm25732460/ocm25732460/Output/_img0086.tif (deflated 3%)
  adding: mnt/lsdi/ocm25732460/ocm25732460/Output/_img0087.tif (deflated 3%)
  adding: mnt/lsdi/ocm25732460/ocm25732460/Output/_img0088.tif (deflated 3%)
  adding: mnt/lsdi/ocm25732460/ocm25732460/Output/_img0089.tif (deflated 3%)
  adding: mnt/lsdi/ocm25732460/ocm25732460/Output/_img0090.tif (deflated 3%)
  adding: mnt/lsdi/ocm25732460/ocm25732460/Output/_img0091.tif (deflated 4%)
  adding: mnt/lsdi/ocm25732460/ocm25732460/Output/_img0092.tif (deflated 20%)
  adding: mnt/lsdi/ocm25732460/ocm25732460/Output/_img0093.tif (deflated 11%)
  adding: mnt/lsdi/ocm25732460/ocm25732460/Output/_img0094.tif (deflated 3%)
  adding: mnt/lsdi/ocm25732460/ocm25732460/Output/_img0095.tif (deflated 3%)
  adding: mnt/lsdi/ocm25732460/ocm25732460/Output/_img0096.tif (deflated 38%)
  adding: mnt/lsdi/ocm25732460/ocm25732460/Output/_img0097.tif (deflated 8%)
  adding: mnt/lsdi/ocm25732460/ocm25732460/Output/_img0098.tif (deflated 3%)
  adding: mnt/lsdi/ocm25732460/ocm25732460/Output/_img0099.tif (deflated 4%)
  adding: mnt/lsdi/ocm25732460/ocm25732460/Output/_img0100.tif (deflated 3%)
  adding: mnt/lsdi/ocm25732460/ocm25732460/Output/_img0101.tif (deflated 3%)
  adding: mnt/lsdi/ocm25732460/ocm25732460/Output/_img0102.tif (deflated 3%)
  adding: mnt/lsdi/ocm25732460/ocm25732460/Output/_img0103.tif (deflated 3%)
  adding: mnt/lsdi/ocm25732460/ocm25732460/Output/_img0104.tif (deflated 24%)
  adding: mnt/lsdi/ocm25732460/ocm25732460/Output/_img0105.tif (deflated 10%)
  adding: mnt/lsdi/ocm25732460/ocm25732460/Output/_img0106.tif (deflated 3%)
  adding: mnt/lsdi/ocm25732460/ocm25732460/Output/_img0107.tif (deflated 3%)
  adding: mnt/lsdi/ocm25732460/ocm25732460/Output/_img0108.tif (deflated 3%)
  adding: mnt/lsdi/ocm25732460/ocm25732460/Output/_img0109.tif (deflated 4%)
  adding: mnt/lsdi/ocm25732460/ocm25732460/Output/_img0110.tif (deflated 23%)
  adding: mnt/lsdi/ocm25732460/ocm25732460/Output/_img0111.tif (deflated 25%)
  adding: mnt/lsdi/ocm25732460/ocm25732460/Output/_img0112.tif (deflated 3%)
  adding: mnt/lsdi/ocm25732460/ocm25732460/Output/_img0113.tif (deflated 3%)
  adding: mnt/lsdi/ocm25732460/ocm25732460/Output/_img0114.tif (deflated 3%)
  adding: mnt/lsdi/ocm25732460/ocm25732460/Output/_img0115.tif (deflated 4%)
  adding: mnt/lsdi/ocm25732460/ocm25732460/Output/_img0116.tif (deflated 21%)
  adding: mnt/lsdi/ocm25732460/ocm25732460/Output/_img0117.tif (deflated 12%)
  adding: mnt/lsdi/ocm25732460/ocm25732460/Output/_img0118.tif (deflated 3%)
  adding: mnt/lsdi/ocm25732460/ocm25732460/Output/_img0119.tif (deflated 3%)
  adding: mnt/lsdi/ocm25732460/ocm25732460/Output/_img0120.tif (deflated 3%)
  adding: mnt/lsdi/ocm25732460/ocm25732460/Output/_img0121.tif (deflated 4%)
  adding: mnt/lsdi/ocm25732460/ocm25732460/Output/_img0122.tif (deflated 23%)
  adding: mnt/lsdi/ocm25732460/ocm25732460/Output/_img0123.tif (deflated 16%)
  adding: mnt/lsdi/ocm25732460/ocm25732460/Output/_img0124.tif (deflated 3%)
  adding: mnt/lsdi/ocm25732460/ocm25732460/Output/_img0125.tif (deflated 3%)
  adding: mnt/lsdi/ocm25732460/ocm25732460/Output/_img0126.tif (deflated 3%)
  adding: mnt/lsdi/ocm25732460/ocm25732460/Output/_img0127.tif (deflated 3%)
  adding: mnt/lsdi/ocm25732460/ocm25732460/Output/_img0128.tif (deflated 3%)
  adding: mnt/lsdi/ocm25732460/ocm25732460/Output/_img0129.tif (deflated 4%)
  adding: mnt/lsdi/ocm25732460/ocm25732460/Output/_img0130.tif (deflated 23%)
  adding: mnt/lsdi/ocm25732460/ocm25732460/Output/_img0131.tif (deflated 8%)
  adding: mnt/lsdi/ocm25732460/ocm25732460/Output/_img0132.tif (deflated 3%)
  adding: mnt/lsdi/ocm25732460/ocm25732460/Output/_img0133.tif (deflated 3%)
  adding: mnt/lsdi/ocm25732460/ocm25732460/Output/_img0134.tif (deflated 2%)
  adding: mnt/lsdi/ocm25732460/ocm25732460/Output/_img0135.tif (deflated 3%)
  adding: mnt/lsdi/ocm25732460/ocm25732460/Output/_img0136.tif (deflated 32%)
  adding: mnt/lsdi/ocm25732460/ocm25732460/Output/_img0137.tif (deflated 12%)
  adding: mnt/lsdi/ocm25732460/ocm25732460/Output/_img0138.tif (deflated 3%)
  adding: mnt/lsdi/ocm25732460/ocm25732460/Output/_img0139.tif (deflated 3%)
  adding: mnt/lsdi/ocm25732460/ocm25732460/Output/_img0140.tif (deflated 2%)
  adding: mnt/lsdi/ocm25732460/ocm25732460/Output/_img0141.tif (deflated 4%)
  adding: mnt/lsdi/ocm25732460/ocm25732460/Output/_img0142.tif (deflated 21%)
  adding: mnt/lsdi/ocm25732460/ocm25732460/Output/_img0143.tif (deflated 11%)
  adding: mnt/lsdi/ocm25732460/ocm25732460/Output/_img0144.tif (deflated 3%)
  adding: mnt/lsdi/ocm25732460/ocm25732460/Output/_img0145.tif (deflated 3%)
  adding: mnt/lsdi/ocm25732460/ocm25732460/Output/_img0146.tif (deflated 3%)
  adding: mnt/lsdi/ocm25732460/ocm25732460/Output/_img0147.tif (deflated 3%)
  adding: mnt/lsdi/ocm25732460/ocm25732460/Output/_img0148.tif (deflated 3%)
  adding: mnt/lsdi/ocm25732460/ocm25732460/Output/_img0149.tif (deflated 3%)
  adding: mnt/lsdi/ocm25732460/ocm25732460/Output/_img0150.tif (deflated 3%)
  adding: mnt/lsdi/ocm25732460/ocm25732460/Output/_img0151.tif (deflated 4%)
  adding: mnt/lsdi/ocm25732460/ocm25732460/Output/_img0152.tif (deflated 17%)
  adding: mnt/lsdi/ocm25732460/ocm25732460/Output/_img0153.tif (deflated 18%)
  adding: mnt/lsdi/ocm25732460/ocm25732460/Output/_img0154.tif (deflated 3%)
  adding: mnt/lsdi/ocm25732460/ocm25732460/Output/_img0155.tif (deflated 3%)
  adding: mnt/lsdi/ocm25732460/ocm25732460/Output/_img0156.tif (deflated 3%)
  adding: mnt/lsdi/ocm25732460/ocm25732460/Output/_img0157.tif (deflated 3%)
  adding: mnt/lsdi/ocm25732460/ocm25732460/Output/_img0158.tif (deflated 3%)
  adding: mnt/lsdi/ocm25732460/ocm25732460/Output/_img0159.tif (deflated 3%)
  adding: mnt/lsdi/ocm25732460/ocm25732460/Output/_img0160.tif (deflated 3%)
  adding: mnt/lsdi/ocm25732460/ocm25732460/Output/_img0161.tif (deflated 4%)
  adding: mnt/lsdi/ocm25732460/ocm25732460/Output/_img0162.tif (deflated 26%)
  adding: mnt/lsdi/ocm25732460/ocm25732460/Output/_img0163.tif (deflated 11%)
  adding: mnt/lsdi/ocm25732460/ocm25732460/Output/_img0164.tif (deflated 3%)
  adding: mnt/lsdi/ocm25732460/ocm25732460/Output/_img0165.tif (deflated 3%)
  adding: mnt/lsdi/ocm25732460/ocm25732460/Output/_img0166.tif (deflated 3%)
  adding: mnt/lsdi/ocm25732460/ocm25732460/Output/_img0167.tif (deflated 3%)
  adding: mnt/lsdi/ocm25732460/ocm25732460/Output/_img0168.tif (deflated 20%)
  adding: mnt/lsdi/ocm25732460/ocm25732460/Output/_img0169.tif (deflated 6%)
  adding: mnt/lsdi/ocm25732460/ocm25732460/Output/_img0170.tif (deflated 3%)
  adding: mnt/lsdi/ocm25732460/ocm25732460/Output/_img0171.tif (deflated 3%)
  adding: mnt/lsdi/ocm25732460/ocm25732460/Output/_img0172.tif (deflated 3%)
  adding: mnt/lsdi/ocm25732460/ocm25732460/Output/_img0173.tif (deflated 3%)
  adding: mnt/lsdi/ocm25732460/ocm25732460/Output/_img0174.tif (deflated 3%)
  adding: mnt/lsdi/ocm25732460/ocm25732460/Output/_img0175.tif (deflated 3%)
  adding: mnt/lsdi/ocm25732460/ocm25732460/Output/_img0176.tif (deflated 3%)
  adding: mnt/lsdi/ocm25732460/ocm25732460/Output/_img0177.tif (deflated 4%)
  adding: mnt/lsdi/ocm25732460/ocm25732460/Output/_img0178.tif (deflated 3%)
  adding: mnt/lsdi/ocm25732460/ocm25732460/Output/_img0179.tif (deflated 3%)
  adding: mnt/lsdi/ocm25732460/ocm25732460/Output/_img0180.tif (deflated 3%)
  adding: mnt/lsdi/ocm25732460/ocm25732460/Output/_img0181.tif (deflated 5%)
  adding: mnt/lsdi/ocm25732460/ocm25732460/Output/_img0182.tif (deflated 40%)
  adding: mnt/lsdi/ocm25732460/ocm25732460/Output/_img0183.tif (deflated 17%)
  adding: mnt/lsdi/ocm25732460/ocm25732460/Output/_img0184.tif (deflated 3%)
  adding: mnt/lsdi/ocm25732460/ocm25732460/Output/_img0185.tif (deflated 3%)
  adding: mnt/lsdi/ocm25732460/ocm25732460/Output/_img0186.tif (deflated 3%)
  adding: mnt/lsdi/ocm25732460/ocm25732460/Output/_img0187.tif (deflated 3%)
  adding: mnt/lsdi/ocm25732460/ocm25732460/Output/_img0188.tif (deflated 3%)
  adding: mnt/lsdi/ocm25732460/ocm25732460/Output/_img0189.tif (deflated 3%)
  adding: mnt/lsdi/ocm25732460/ocm25732460/Output/_img0190.tif (deflated 3%)
  adding: mnt/lsdi/ocm25732460/ocm25732460/Output/_img0191.tif (deflated 3%)
  adding: mnt/lsdi/ocm25732460/ocm25732460/Output/_img0192.tif (deflated 3%)
  adding: mnt/lsdi/ocm25732460/ocm25732460/Output/_img0193.tif (deflated 6%)
  adding: mnt/lsdi/ocm25732460/ocm25732460/Output/_img0194.tif (deflated 19%)
  adding: mnt/lsdi/ocm25732460/ocm25732460/Output/_img0195.tif (deflated 16%)
  adding: mnt/lsdi/ocm25732460/ocm25732460/Output/_img0196.tif (deflated 3%)
  adding: mnt/lsdi/ocm25732460/ocm25732460/Output/_img0197.tif (deflated 3%)
  adding: mnt/lsdi/ocm25732460/ocm25732460/Output/_img0198.tif (deflated 3%)
  adding: mnt/lsdi/ocm25732460/ocm25732460/Output/_img0199.tif (deflated 3%)
  adding: mnt/lsdi/ocm25732460/ocm25732460/Output/_img0200.tif (deflated 3%)
  adding: mnt/lsdi/ocm25732460/ocm25732460/Output/_img0201.tif (deflated 3%)
  adding: mnt/lsdi/ocm25732460/ocm25732460/Output/_img0202.tif (deflated 3%)
  adding: mnt/lsdi/ocm25732460/ocm25732460/Output/_img0203.tif (deflated 3%)
  adding: mnt/lsdi/ocm25732460/ocm25732460/Output/_img0204.tif (deflated 3%)
  adding: mnt/lsdi/ocm25732460/ocm25732460/Output/_img0205.tif (deflated 4%)
  adding: mnt/lsdi/ocm25732460/ocm25732460/Output/_img0206.tif (deflated 26%)
  adding: mnt/lsdi/ocm25732460/ocm25732460/Output/_img0207.tif (deflated 22%)
  adding: mnt/lsdi/ocm25732460/ocm25732460/Output/_img0208.tif (deflated 3%)
  adding: mnt/lsdi/ocm25732460/ocm25732460/Output/_img0209.tif (deflated 3%)
  adding: mnt/lsdi/ocm25732460/ocm25732460/Output/_img0210.tif (deflated 3%)
  adding: mnt/lsdi/ocm25732460/ocm25732460/Output/_img0211.tif (deflated 3%)
  adding: mnt/lsdi/ocm25732460/ocm25732460/Output/_img0212.tif (deflated 3%)
  adding: mnt/lsdi/ocm25732460/ocm25732460/Output/_img0213.tif (deflated 3%)
  adding: mnt/lsdi/ocm25732460/ocm25732460/Output/_img0214.tif (deflated 3%)
  adding: mnt/lsdi/ocm25732460/ocm25732460/Output/_img0215.tif (deflated 3%)
  adding: mnt/lsdi/ocm25732460/ocm25732460/Output/_img0216.tif (deflated 3%)
  adding: mnt/lsdi/ocm25732460/ocm25732460/Output/_img0217.tif (deflated 3%)
  adding: mnt/lsdi/ocm25732460/ocm25732460/Output/_img0218.tif (deflated 3%)
  adding: mnt/lsdi/ocm25732460/ocm25732460/Output/_img0219.tif (deflated 3%)
  adding: mnt/lsdi/ocm25732460/ocm25732460/Output/_img0220.tif (deflated 3%)
  adding: mnt/lsdi/ocm25732460/ocm25732460/Output/_img0221.tif (deflated 4%)
  adding: mnt/lsdi/ocm25732460/ocm25732460/Output/_img0222.tif (deflated 38%)
  adding: mnt/lsdi/ocm25732460/ocm25732460/Output/_img0223.tif (deflated 10%)
  adding: mnt/lsdi/ocm25732460/ocm25732460/Output/_img0224.tif (deflated 3%)
  adding: mnt/lsdi/ocm25732460/ocm25732460/Output/_img0225.tif (deflated 4%)
  adding: mnt/lsdi/ocm25732460/ocm25732460/Output/_img0226.tif (deflated 31%)
  adding: mnt/lsdi/ocm25732460/ocm25732460/Output/_img0227.tif (deflated 24%)
  adding: mnt/lsdi/ocm25732460/ocm25732460/Output/_img0228.tif (deflated 3%)
  adding: mnt/lsdi/ocm25732460/ocm25732460/Output/_img0229.tif (deflated 3%)
  adding: mnt/lsdi/ocm25732460/ocm25732460/Output/_img0230.tif (deflated 3%)
  adding: mnt/lsdi/ocm25732460/ocm25732460/Output/_img0231.tif (deflated 3%)
  adding: mnt/lsdi/ocm25732460/ocm25732460/Output/_img0232.tif (deflated 3%)
  adding: mnt/lsdi/ocm25732460/ocm25732460/Output/_img0233.tif (deflated 3%)
  adding: mnt/lsdi/ocm25732460/ocm25732460/Output/_img0234.tif (deflated 3%)
  adding: mnt/lsdi/ocm25732460/ocm25732460/Output/_img0235.tif (deflated 3%)
  adding: mnt/lsdi/ocm25732460/ocm25732460/Output/_img0236.tif (deflated 3%)
  adding: mnt/lsdi/ocm25732460/ocm25732460/Output/_img0237.tif (deflated 3%)
  adding: mnt/lsdi/ocm25732460/ocm25732460/Output/_img0238.tif (deflated 3%)
  adding: mnt/lsdi/ocm25732460/ocm25732460/Output/_img0239.tif (deflated 5%)
  adding: mnt/lsdi/ocm25732460/ocm25732460/Output/_img0240.tif (deflated 42%)
  adding: mnt/lsdi/ocm25732460/ocm25732460/Output/_img0241.tif (deflated 30%)
  adding: mnt/lsdi/ocm25732460/ocm25732460/Output/_img0242.tif (deflated 3%)
  adding: mnt/lsdi/ocm25732460/ocm25732460/Output/_img0243.tif (deflated 4%)
  adding: mnt/lsdi/ocm25732460/ocm25732460/Output/_img0244.tif (deflated 3%)
  adding: mnt/lsdi/ocm25732460/ocm25732460/Output/_img0245.tif (deflated 5%)
  adding: mnt/lsdi/ocm25732460/ocm25732460/Output/_img0246.tif (deflated 29%)
  adding: mnt/lsdi/ocm25732460/ocm25732460/Output/_img0247.tif (deflated 23%)
  adding: mnt/lsdi/ocm25732460/ocm25732460/Output/_img0248.tif (deflated 3%)
  adding: mnt/lsdi/ocm25732460/ocm25732460/Output/_img0249.tif (deflated 3%)
  adding: mnt/lsdi/ocm25732460/ocm25732460/Output/_img0250.tif (deflated 3%)
  adding: mnt/lsdi/ocm25732460/ocm25732460/Output/_img0251.tif (deflated 3%)
  adding: mnt/lsdi/ocm25732460/ocm25732460/Output/_img0252.tif (deflated 3%)
  adding: mnt/lsdi/ocm25732460/ocm25732460/Output/_img0253.tif (deflated 3%)
  adding: mnt/lsdi/ocm25732460/ocm25732460/Output/_img0254.tif (deflated 3%)
  adding: mnt/lsdi/ocm25732460/ocm25732460/Output/_img0255.tif (deflated 4%)
  adding: mnt/lsdi/ocm25732460/ocm25732460/Output/_img0256.tif (deflated 19%)
  adding: mnt/lsdi/ocm25732460/ocm25732460/Output/_img0257.tif (deflated 5%)
  adding: mnt/lsdi/ocm25732460/ocm25732460/Output/_img0258.tif (deflated 3%)
  adding: mnt/lsdi/ocm25732460/ocm25732460/Output/_img0259.tif (deflated 3%)
  adding: mnt/lsdi/ocm25732460/ocm25732460/Output/_img0260.tif (deflated 3%)
  adding: mnt/lsdi/ocm25732460/ocm25732460/Output/_img0261.tif (deflated 3%)
  adding: mnt/lsdi/ocm25732460/ocm25732460/Output/_img0262.tif (deflated 3%)
  adding: mnt/lsdi/ocm25732460/ocm25732460/Output/_img0263.tif (deflated 3%)
  adding: mnt/lsdi/ocm25732460/ocm25732460/Output/_img0264.tif (deflated 3%)
  adding: mnt/lsdi/ocm25732460/ocm25732460/Output/_img0265.tif (deflated 3%)
  adding: mnt/lsdi/ocm25732460/ocm25732460/Output/_img0266.tif (deflated 3%)
  adding: mnt/lsdi/ocm25732460/ocm25732460/Output/_img0267.tif (deflated 3%)
  adding: mnt/lsdi/ocm25732460/ocm25732460/Output/_img0268.tif (deflated 3%)
  adding: mnt/lsdi/ocm25732460/ocm25732460/Output/_img0269.tif (deflated 5%)
  adding: mnt/lsdi/ocm25732460/ocm25732460/Output/_img0270.tif (deflated 27%)
  adding: mnt/lsdi/ocm25732460/ocm25732460/Output/_img0271.tif (deflated 20%)
  adding: mnt/lsdi/ocm25732460/ocm25732460/Output/_img0272.tif (deflated 3%)
  adding: mnt/lsdi/ocm25732460/ocm25732460/Output/_img0273.tif (deflated 3%)
  adding: mnt/lsdi/ocm25732460/ocm25732460/Output/_img0274.tif (deflated 3%)
  adding: mnt/lsdi/ocm25732460/ocm25732460/Output/_img0275.tif (deflated 3%)
  adding: mnt/lsdi/ocm25732460/ocm25732460/Output/_img0276.tif (deflated 3%)
  adding: mnt/lsdi/ocm25732460/ocm25732460/Output/_img0277.tif (deflated 3%)
  adding: mnt/lsdi/ocm25732460/ocm25732460/Output/_img0278.tif (deflated 3%)
  adding: mnt/lsdi/ocm25732460/ocm25732460/Output/_img0279.tif (deflated 4%)
  adding: mnt/lsdi/ocm25732460/ocm25732460/Output/_img0280.tif (deflated 34%)
  adding: mnt/lsdi/ocm25732460/ocm25732460/Output/_img0281.tif (deflated 18%)
  adding: mnt/lsdi/ocm25732460/ocm25732460/Output/_img0282.tif (deflated 3%)
  adding: mnt/lsdi/ocm25732460/ocm25732460/Output/_img0283.tif (deflated 3%)
  adding: mnt/lsdi/ocm25732460/ocm25732460/Output/_img0284.tif (deflated 3%)
  adding: mnt/lsdi/ocm25732460/ocm25732460/Output/_img0285.tif (deflated 3%)
  adding: mnt/lsdi/ocm25732460/ocm25732460/Output/_img0286.tif (deflated 28%)
  adding: mnt/lsdi/ocm25732460/ocm25732460/Output/_img0287.tif (deflated 14%)
  adding: mnt/lsdi/ocm25732460/ocm25732460/Output/_img0288.tif (deflated 3%)
  adding: mnt/lsdi/ocm25732460/ocm25732460/Output/_img0289.tif (deflated 3%)
  adding: mnt/lsdi/ocm25732460/ocm25732460/Output/_img0290.tif (deflated 3%)
  adding: mnt/lsdi/ocm25732460/ocm25732460/Output/_img0291.tif (deflated 3%)
  adding: mnt/lsdi/ocm25732460/ocm25732460/Output/_img0292.tif (deflated 3%)
  adding: mnt/lsdi/ocm25732460/ocm25732460/Output/_img0293.tif (deflated 3%)
  adding: mnt/lsdi/ocm25732460/ocm25732460/Output/_img0294.tif (deflated 3%)
  adding: mnt/lsdi/ocm25732460/ocm25732460/Output/_img0295.tif (deflated 3%)
  adding: mnt/lsdi/ocm25732460/ocm25732460/Output/_img0296.tif (deflated 3%)
  adding: mnt/lsdi/ocm25732460/ocm25732460/Output/_img0297.tif (deflated 5%)
  adding: mnt/lsdi/ocm25732460/ocm25732460/Output/_img0298.tif (deflated 33%)
  adding: mnt/lsdi/ocm25732460/ocm25732460/Output/_img0299.tif (deflated 14%)
  adding: mnt/lsdi/ocm25732460/ocm25732460/Output/_img0300.tif (deflated 3%)
  adding: mnt/lsdi/ocm25732460/ocm25732460/Output/_img0301.tif (deflated 3%)
  adding: mnt/lsdi/ocm25732460/ocm25732460/Output/_img0302.tif (deflated 3%)
  adding: mnt/lsdi/ocm25732460/ocm25732460/Output/_img0303.tif (deflated 5%)
  adding: mnt/lsdi/ocm25732460/ocm25732460/Output/_img0304.tif (deflated 26%)
  adding: mnt/lsdi/ocm25732460/ocm25732460/Output/_img0305.tif (deflated 14%)
  adding: mnt/lsdi/ocm25732460/ocm25732460/Output/_img0306.tif (deflated 3%)
  adding: mnt/lsdi/ocm25732460/ocm25732460/Output/_img0307.tif (deflated 3%)
  adding: mnt/lsdi/ocm25732460/ocm25732460/Output/_img0308.tif (deflated 2%)
  adding: mnt/lsdi/ocm25732460/ocm25732460/Output/_img0309.tif (deflated 4%)
  adding: mnt/lsdi/ocm25732460/ocm25732460/Output/_img0310.tif (deflated 19%)
  adding: mnt/lsdi/ocm25732460/ocm25732460/Output/_img0311.tif (deflated 15%)
  adding: mnt/lsdi/ocm25732460/ocm25732460/Output/_img0312.tif (deflated 3%)
  adding: mnt/lsdi/ocm25732460/ocm25732460/Output/_img0313.tif (deflated 4%)
  adding: mnt/lsdi/ocm25732460/ocm25732460/Output/_img0314.tif (deflated 20%)
  adding: mnt/lsdi/ocm25732460/ocm25732460/Output/_img0315.tif (deflated 11%)
  adding: mnt/lsdi/ocm25732460/ocm25732460/Output/_img0316.tif (deflated 3%)
  adding: mnt/lsdi/ocm25732460/ocm25732460/Output/_img0317.tif (deflated 3%)
  adding: mnt/lsdi/ocm25732460/ocm25732460/Output/_img0318.tif (deflated 3%)
  adding: mnt/lsdi/ocm25732460/ocm25732460/Output/_img0319.tif (deflated 3%)
  adding: mnt/lsdi/ocm25732460/ocm25732460/Output/_img0320.tif (deflated 3%)
  adding: mnt/lsdi/ocm25732460/ocm25732460/Output/_img0321.tif (deflated 82%)
  adding: mnt/lsdi/ocm25732460/ocm25732460/Output/_img0322.tif (deflated 66%)
curl --location --header authorization: LOW fpJYfLnxbLmCEHqU:JQbq6NgBaPrSh98Y --upload-file /temp/ocm25732460_images.zip http://s3.us.archive.org/25732460.emory.edu/25732460_images.zip
  % Total    % Received % Xferd  Average Speed   Time    Time     Time  Current
                                 Dload  Upload   Total   Spent    Left  Speed
  0     0    0     0    0     0      0      0 --:--:-- --:--:-- --:--:--     0  0 8972k    0     0    0     0      0      0 --:--:--  0:00:01 --:--:--     0  6 8972k    0     0    6  624k      0   330k  0:00:27  0:00:01  0:00:26  343k 16 8972k    0     0   16 1440k      0   500k  0:00:17  0:00:02  0:00:15  513k 25 8972k    0     0   25 2256k      0   581k  0:00:15  0:00:03  0:00:12  592k 33 8972k    0     0   33 3040k      0   622k  0:00:14  0:00:04  0:00:10  632k 42 8972k    0     0   42 3824k      0   651k  0:00:13  0:00:05  0:00:08  794k 51 8972k    0     0   51 4592k      0   668k  0:00:13  0:00:06  0:00:07  796k 60 8972k    0     0   60 5392k      0   684k  0:00:13  0:00:07  0:00:06  790k 69 8972k    0     0   69 6208k      0   698k  0:00:12  0:00:08  0:00:04  789k 77 8972k    0     0   77 6992k      0   705k  0:00:12  0:00:09  0:00:03  786k 86 8972k    0     0   86 7776k      0   714k  0:00:12  0:00:10  0:00:02  789k 95 8972k    0     0   95 8560k      0   720k  0:00:12  0:00:11  0:00:01  791k100 8972k    0     0  100 8972k      0   669k  0:00:13  0:00:13 --:--:--  648k100 8972k    0     0  100 8972k      0   661k  0:00:13  0:00:13 --:--:--  592k
