26177804
curl --location --header x-amz-auto-make-bucket:1 --header x-archive-ignore-preexisting-bucket:1 --header x-archive-queue-derive:0 --header x-archive-meta-mediatype:texts --header x-archive-meta03-collection:emory --header x-archive-meta01-collection:americanmethodism --header x-archive-meta-sponsor:Emory University, Pitts Theology Library --header x-archive-meta-contributor:Emory University, Pitts Theology Library --header x-archive-meta-ppi:300 --header authorization: LOW fpJYfLnxbLmCEHqU:JQbq6NgBaPrSh98Y --upload-file /mnt/lsdi/ocm26177804/ocm26177804/ocm26177804_MRC.xml http://s3.us.archive.org/26177804.emory.edu/26177804.emory.edu_marc.xml
  % Total    % Received % Xferd  Average Speed   Time    Time     Time  Current
                                 Dload  Upload   Total   Spent    Left  Speed
  0     0    0     0    0     0      0      0 --:--:-- --:--:-- --:--:--     0  0  3618    0     0    0     0      0      0 --:--:--  0:00:01 --:--:--     0100  3618    0     0  100  3618      0   1551  0:00:02  0:00:02 --:--:--  1799100  3618    0     0  100  3618      0   1085  0:00:03  0:00:03 --:--:--  1201100  3618    0     0  100  3618      0    771  0:00:04  0:00:04 --:--:--   828100  3618    0     0  100  3618      0    635  0:00:05  0:00:05 --:--:--   673100  3618    0     0  100  3618      0    540  0:00:06  0:00:06 --:--:--   673100  3618    0     0  100  3618      0    470  0:00:07  0:00:07 --:--:--     0100  3618    0     0  100  3618      0    416  0:00:08  0:00:08 --:--:--     0100  3618    0     0  100  3618      0    373  0:00:09  0:00:09 --:--:--     0100  3618    0     0  100  3618      0    339  0:00:10  0:00:10 --:--:--     0100  3618    0     0  100  3618      0    339  0:00:10  0:00:10 --:--:--     0
zip -r /temp/ocm26177804_images.zip /mnt/lsdi/ocm26177804/ocm26177804/Output/0000.tif /mnt/lsdi/ocm26177804/ocm26177804/Output/0001.tif /mnt/lsdi/ocm26177804/ocm26177804/Output/0001a.tif /mnt/lsdi/ocm26177804/ocm26177804/Output/0004.tif /mnt/lsdi/ocm26177804/ocm26177804/Output/0005.tif /mnt/lsdi/ocm26177804/ocm26177804/Output/0006.tif /mnt/lsdi/ocm26177804/ocm26177804/Output/0007.tif /mnt/lsdi/ocm26177804/ocm26177804/Output/0008.tif /mnt/lsdi/ocm26177804/ocm26177804/Output/0009.tif /mnt/lsdi/ocm26177804/ocm26177804/Output/0010.tif /mnt/lsdi/ocm26177804/ocm26177804/Output/0011.tif /mnt/lsdi/ocm26177804/ocm26177804/Output/0012.tif /mnt/lsdi/ocm26177804/ocm26177804/Output/0013.tif /mnt/lsdi/ocm26177804/ocm26177804/Output/0014.tif /mnt/lsdi/ocm26177804/ocm26177804/Output/0015.tif /mnt/lsdi/ocm26177804/ocm26177804/Output/0016.tif /mnt/lsdi/ocm26177804/ocm26177804/Output/0017.tif /mnt/lsdi/ocm26177804/ocm26177804/Output/0018.tif /mnt/lsdi/ocm26177804/ocm26177804/Output/0019.tif /mnt/lsdi/ocm26177804/ocm26177804/Output/0020.tif /mnt/lsdi/ocm26177804/ocm26177804/Output/0021.tif /mnt/lsdi/ocm26177804/ocm26177804/Output/0022.tif /mnt/lsdi/ocm26177804/ocm26177804/Output/0023.tif /mnt/lsdi/ocm26177804/ocm26177804/Output/0024.tif /mnt/lsdi/ocm26177804/ocm26177804/Output/0025.tif /mnt/lsdi/ocm26177804/ocm26177804/Output/0026.tif /mnt/lsdi/ocm26177804/ocm26177804/Output/0027.tif /mnt/lsdi/ocm26177804/ocm26177804/Output/0028.tif /mnt/lsdi/ocm26177804/ocm26177804/Output/0029.tif /mnt/lsdi/ocm26177804/ocm26177804/Output/0030.tif /mnt/lsdi/ocm26177804/ocm26177804/Output/0031.tif /mnt/lsdi/ocm26177804/ocm26177804/Output/0032.tif /mnt/lsdi/ocm26177804/ocm26177804/Output/0033.tif /mnt/lsdi/ocm26177804/ocm26177804/Output/0034.tif
  adding: mnt/lsdi/ocm26177804/ocm26177804/Output/0000.tif (deflated 83%)
  adding: mnt/lsdi/ocm26177804/ocm26177804/Output/0001.tif (deflated 4%)
  adding: mnt/lsdi/ocm26177804/ocm26177804/Output/0001a.tif (deflated 83%)
  adding: mnt/lsdi/ocm26177804/ocm26177804/Output/0004.tif (deflated 4%)
  adding: mnt/lsdi/ocm26177804/ocm26177804/Output/0005.tif (deflated 3%)
  adding: mnt/lsdi/ocm26177804/ocm26177804/Output/0006.tif (deflated 3%)
  adding: mnt/lsdi/ocm26177804/ocm26177804/Output/0007.tif (deflated 3%)
  adding: mnt/lsdi/ocm26177804/ocm26177804/Output/0008.tif (deflated 4%)
  adding: mnt/lsdi/ocm26177804/ocm26177804/Output/0009.tif (deflated 3%)
  adding: mnt/lsdi/ocm26177804/ocm26177804/Output/0010.tif (deflated 3%)
  adding: mnt/lsdi/ocm26177804/ocm26177804/Output/0011.tif (deflated 3%)
  adding: mnt/lsdi/ocm26177804/ocm26177804/Output/0012.tif (deflated 3%)
  adding: mnt/lsdi/ocm26177804/ocm26177804/Output/0013.tif (deflated 3%)
  adding: mnt/lsdi/ocm26177804/ocm26177804/Output/0014.tif (deflated 3%)
  adding: mnt/lsdi/ocm26177804/ocm26177804/Output/0015.tif (deflated 3%)
  adding: mnt/lsdi/ocm26177804/ocm26177804/Output/0016.tif (deflated 5%)
  adding: mnt/lsdi/ocm26177804/ocm26177804/Output/0017.tif (deflated 3%)
  adding: mnt/lsdi/ocm26177804/ocm26177804/Output/0018.tif (deflated 3%)
  adding: mnt/lsdi/ocm26177804/ocm26177804/Output/0019.tif (deflated 3%)
  adding: mnt/lsdi/ocm26177804/ocm26177804/Output/0020.tif (deflated 2%)
  adding: mnt/lsdi/ocm26177804/ocm26177804/Output/0021.tif (deflated 3%)
  adding: mnt/lsdi/ocm26177804/ocm26177804/Output/0022.tif (deflated 3%)
  adding: mnt/lsdi/ocm26177804/ocm26177804/Output/0023.tif (deflated 6%)
  adding: mnt/lsdi/ocm26177804/ocm26177804/Output/0024.tif (deflated 3%)
  adding: mnt/lsdi/ocm26177804/ocm26177804/Output/0025.tif (deflated 3%)
  adding: mnt/lsdi/ocm26177804/ocm26177804/Output/0026.tif (deflated 3%)
  adding: mnt/lsdi/ocm26177804/ocm26177804/Output/0027.tif (deflated 4%)
  adding: mnt/lsdi/ocm26177804/ocm26177804/Output/0028.tif (deflated 3%)
  adding: mnt/lsdi/ocm26177804/ocm26177804/Output/0029.tif (deflated 3%)
  adding: mnt/lsdi/ocm26177804/ocm26177804/Output/0030.tif (deflated 3%)
  adding: mnt/lsdi/ocm26177804/ocm26177804/Output/0031.tif (deflated 3%)
  adding: mnt/lsdi/ocm26177804/ocm26177804/Output/0032.tif (deflated 6%)
  adding: mnt/lsdi/ocm26177804/ocm26177804/Output/0033.tif (deflated 83%)
  adding: mnt/lsdi/ocm26177804/ocm26177804/Output/0034.tif (deflated 83%)
curl --location --header authorization: LOW fpJYfLnxbLmCEHqU:JQbq6NgBaPrSh98Y --upload-file /temp/ocm26177804_images.zip http://s3.us.archive.org/26177804.emory.edu/26177804_images.zip
  % Total    % Received % Xferd  Average Speed   Time    Time     Time  Current
                                 Dload  Upload   Total   Spent    Left  Speed
  0     0    0     0    0     0      0      0 --:--:-- --:--:-- --:--:--     0  0 1511k    0     0    0     0      0      0 --:--:--  0:00:01 --:--:--     0  2 1511k    0     0    2 32768      0  28629  0:00:54  0:00:01  0:00:53 30538 59 1511k    0     0   59  896k      0   422k  0:00:03  0:00:02  0:00:01  437k100 1511k    0     0  100 1511k      0   391k  0:00:03  0:00:03 --:--:--  398k100 1511k    0     0  100 1511k      0   391k  0:00:03  0:00:03 --:--:--  398k
