27308535
curl --location --header x-amz-auto-make-bucket:1 --header x-archive-ignore-preexisting-bucket:1 --header x-archive-queue-derive:0 --header x-archive-meta-mediatype:texts --header x-archive-meta03-collection:emory --header x-archive-meta01-collection:americanmethodism --header x-archive-meta-sponsor:Emory University, Pitts Theology Library --header x-archive-meta-contributor:Emory University, Pitts Theology Library --header x-archive-meta-ppi:300 --header authorization: LOW fpJYfLnxbLmCEHqU:JQbq6NgBaPrSh98Y --upload-file /mnt/lsdi/ocm27308535/ocm27308535/ocm27308535_MRC.xml http://s3.us.archive.org/27308535.emory.edu/27308535.emory.edu_marc.xml
  % Total    % Received % Xferd  Average Speed   Time    Time     Time  Current
                                 Dload  Upload   Total   Spent    Left  Speed
  0     0    0     0    0     0      0      0 --:--:-- --:--:-- --:--:--     0  0  3578    0     0    0     0      0      0 --:--:--  0:00:01 --:--:--     0100  3578    0     0  100  3578      0   1591  0:00:02  0:00:02 --:--:--  1645100  3578    0     0  100  3578      0   1100  0:00:03  0:00:03 --:--:--  1126100  3578    0     0  100  3578      0   1089  0:00:03  0:00:03 --:--:--  1114
zip -r /temp/ocm27308535_images.zip /mnt/lsdi/ocm27308535/ocm27308535/Output/ocm27308535_0001.tif /mnt/lsdi/ocm27308535/ocm27308535/Output/ocm27308535_0002.tif /mnt/lsdi/ocm27308535/ocm27308535/Output/ocm27308535_0003.tif /mnt/lsdi/ocm27308535/ocm27308535/Output/ocm27308535_0004.tif /mnt/lsdi/ocm27308535/ocm27308535/Output/ocm27308535_0005.tif /mnt/lsdi/ocm27308535/ocm27308535/Output/ocm27308535_0006.tif /mnt/lsdi/ocm27308535/ocm27308535/Output/ocm27308535_0007.tif /mnt/lsdi/ocm27308535/ocm27308535/Output/ocm27308535_0008.tif /mnt/lsdi/ocm27308535/ocm27308535/Output/ocm27308535_0009.tif /mnt/lsdi/ocm27308535/ocm27308535/Output/ocm27308535_0010.tif /mnt/lsdi/ocm27308535/ocm27308535/Output/ocm27308535_0011.tif /mnt/lsdi/ocm27308535/ocm27308535/Output/ocm27308535_0012.tif /mnt/lsdi/ocm27308535/ocm27308535/Output/ocm27308535_0013.tif /mnt/lsdi/ocm27308535/ocm27308535/Output/ocm27308535_0014.tif /mnt/lsdi/ocm27308535/ocm27308535/Output/ocm27308535_0015.tif /mnt/lsdi/ocm27308535/ocm27308535/Output/ocm27308535_0016.tif /mnt/lsdi/ocm27308535/ocm27308535/Output/ocm27308535_0017.tif /mnt/lsdi/ocm27308535/ocm27308535/Output/ocm27308535_0018.tif /mnt/lsdi/ocm27308535/ocm27308535/Output/ocm27308535_0019.tif /mnt/lsdi/ocm27308535/ocm27308535/Output/ocm27308535_0020.tif /mnt/lsdi/ocm27308535/ocm27308535/Output/ocm27308535_0021.tif /mnt/lsdi/ocm27308535/ocm27308535/Output/ocm27308535_0022.tif /mnt/lsdi/ocm27308535/ocm27308535/Output/ocm27308535_0023.tif /mnt/lsdi/ocm27308535/ocm27308535/Output/ocm27308535_0024.tif /mnt/lsdi/ocm27308535/ocm27308535/Output/ocm27308535_0025.tif /mnt/lsdi/ocm27308535/ocm27308535/Output/ocm27308535_0026.tif /mnt/lsdi/ocm27308535/ocm27308535/Output/ocm27308535_0027.tif /mnt/lsdi/ocm27308535/ocm27308535/Output/ocm27308535_0028.tif /mnt/lsdi/ocm27308535/ocm27308535/Output/ocm27308535_0029.tif /mnt/lsdi/ocm27308535/ocm27308535/Output/ocm27308535_0030.tif /mnt/lsdi/ocm27308535/ocm27308535/Output/ocm27308535_0031.tif /mnt/lsdi/ocm27308535/ocm27308535/Output/ocm27308535_0032.tif /mnt/lsdi/ocm27308535/ocm27308535/Output/ocm27308535_0033.tif /mnt/lsdi/ocm27308535/ocm27308535/Output/ocm27308535_0034.tif /mnt/lsdi/ocm27308535/ocm27308535/Output/ocm27308535_0035.tif /mnt/lsdi/ocm27308535/ocm27308535/Output/ocm27308535_0036.tif /mnt/lsdi/ocm27308535/ocm27308535/Output/ocm27308535_0036a.tif /mnt/lsdi/ocm27308535/ocm27308535/Output/ocm27308535_0036b.tif /mnt/lsdi/ocm27308535/ocm27308535/Output/ocm27308535_0037.tif /mnt/lsdi/ocm27308535/ocm27308535/Output/ocm27308535_0038.tif /mnt/lsdi/ocm27308535/ocm27308535/Output/ocm27308535_0039.tif /mnt/lsdi/ocm27308535/ocm27308535/Output/ocm27308535_0040.tif /mnt/lsdi/ocm27308535/ocm27308535/Output/ocm27308535_0041.tif /mnt/lsdi/ocm27308535/ocm27308535/Output/ocm27308535_0042.tif /mnt/lsdi/ocm27308535/ocm27308535/Output/ocm27308535_0043.tif /mnt/lsdi/ocm27308535/ocm27308535/Output/ocm27308535_0044.tif /mnt/lsdi/ocm27308535/ocm27308535/Output/ocm27308535_0045.tif /mnt/lsdi/ocm27308535/ocm27308535/Output/ocm27308535_0046.tif /mnt/lsdi/ocm27308535/ocm27308535/Output/ocm27308535_0047.tif /mnt/lsdi/ocm27308535/ocm27308535/Output/ocm27308535_0048.tif /mnt/lsdi/ocm27308535/ocm27308535/Output/ocm27308535_0049.tif /mnt/lsdi/ocm27308535/ocm27308535/Output/ocm27308535_0050.tif /mnt/lsdi/ocm27308535/ocm27308535/Output/ocm27308535_0051.tif /mnt/lsdi/ocm27308535/ocm27308535/Output/ocm27308535_0052.tif /mnt/lsdi/ocm27308535/ocm27308535/Output/ocm27308535_0053.tif /mnt/lsdi/ocm27308535/ocm27308535/Output/ocm27308535_0054.tif /mnt/lsdi/ocm27308535/ocm27308535/Output/ocm27308535_0055.tif /mnt/lsdi/ocm27308535/ocm27308535/Output/ocm27308535_0056.tif /mnt/lsdi/ocm27308535/ocm27308535/Output/ocm27308535_0057.tif /mnt/lsdi/ocm27308535/ocm27308535/Output/ocm27308535_0058.tif /mnt/lsdi/ocm27308535/ocm27308535/Output/ocm27308535_0059.tif /mnt/lsdi/ocm27308535/ocm27308535/Output/ocm27308535_0060.tif /mnt/lsdi/ocm27308535/ocm27308535/Output/ocm27308535_0061.tif /mnt/lsdi/ocm27308535/ocm27308535/Output/ocm27308535_0062.tif /mnt/lsdi/ocm27308535/ocm27308535/Output/ocm27308535_0063.tif /mnt/lsdi/ocm27308535/ocm27308535/Output/ocm27308535_0064.tif /mnt/lsdi/ocm27308535/ocm27308535/Output/ocm27308535_0065.tif /mnt/lsdi/ocm27308535/ocm27308535/Output/ocm27308535_0066.tif /mnt/lsdi/ocm27308535/ocm27308535/Output/ocm27308535_0067.tif /mnt/lsdi/ocm27308535/ocm27308535/Output/ocm27308535_0068.tif /mnt/lsdi/ocm27308535/ocm27308535/Output/ocm27308535_0069.tif /mnt/lsdi/ocm27308535/ocm27308535/Output/ocm27308535_0070.tif /mnt/lsdi/ocm27308535/ocm27308535/Output/ocm27308535_0071.tif /mnt/lsdi/ocm27308535/ocm27308535/Output/ocm27308535_0072.tif /mnt/lsdi/ocm27308535/ocm27308535/Output/ocm27308535_0073.tif /mnt/lsdi/ocm27308535/ocm27308535/Output/ocm27308535_0074.tif /mnt/lsdi/ocm27308535/ocm27308535/Output/ocm27308535_0074a.tif /mnt/lsdi/ocm27308535/ocm27308535/Output/ocm27308535_0074b.tif /mnt/lsdi/ocm27308535/ocm27308535/Output/ocm27308535_0075.tif /mnt/lsdi/ocm27308535/ocm27308535/Output/ocm27308535_0076.tif /mnt/lsdi/ocm27308535/ocm27308535/Output/ocm27308535_0077.tif /mnt/lsdi/ocm27308535/ocm27308535/Output/ocm27308535_0078.tif /mnt/lsdi/ocm27308535/ocm27308535/Output/ocm27308535_0079.tif /mnt/lsdi/ocm27308535/ocm27308535/Output/ocm27308535_0080.tif /mnt/lsdi/ocm27308535/ocm27308535/Output/ocm27308535_0080a.tif /mnt/lsdi/ocm27308535/ocm27308535/Output/ocm27308535_0080b.tif /mnt/lsdi/ocm27308535/ocm27308535/Output/ocm27308535_0081.tif /mnt/lsdi/ocm27308535/ocm27308535/Output/ocm27308535_0082.tif /mnt/lsdi/ocm27308535/ocm27308535/Output/ocm27308535_0083.tif /mnt/lsdi/ocm27308535/ocm27308535/Output/ocm27308535_0084.tif /mnt/lsdi/ocm27308535/ocm27308535/Output/ocm27308535_0085.tif /mnt/lsdi/ocm27308535/ocm27308535/Output/ocm27308535_0086.tif /mnt/lsdi/ocm27308535/ocm27308535/Output/ocm27308535_0086a.tif /mnt/lsdi/ocm27308535/ocm27308535/Output/ocm27308535_0086b.tif /mnt/lsdi/ocm27308535/ocm27308535/Output/ocm27308535_0087.tif /mnt/lsdi/ocm27308535/ocm27308535/Output/ocm27308535_0088.tif /mnt/lsdi/ocm27308535/ocm27308535/Output/ocm27308535_0089.tif /mnt/lsdi/ocm27308535/ocm27308535/Output/ocm27308535_0090.tif /mnt/lsdi/ocm27308535/ocm27308535/Output/ocm27308535_0091.tif /mnt/lsdi/ocm27308535/ocm27308535/Output/ocm27308535_0092.tif /mnt/lsdi/ocm27308535/ocm27308535/Output/ocm27308535_0093.tif /mnt/lsdi/ocm27308535/ocm27308535/Output/ocm27308535_0094.tif /mnt/lsdi/ocm27308535/ocm27308535/Output/ocm27308535_0095.tif /mnt/lsdi/ocm27308535/ocm27308535/Output/ocm27308535_0096.tif /mnt/lsdi/ocm27308535/ocm27308535/Output/ocm27308535_0097.tif /mnt/lsdi/ocm27308535/ocm27308535/Output/ocm27308535_0098.tif /mnt/lsdi/ocm27308535/ocm27308535/Output/ocm27308535_0099.tif /mnt/lsdi/ocm27308535/ocm27308535/Output/ocm27308535_0100.tif /mnt/lsdi/ocm27308535/ocm27308535/Output/ocm27308535_0100a.tif /mnt/lsdi/ocm27308535/ocm27308535/Output/ocm27308535_0100b.tif /mnt/lsdi/ocm27308535/ocm27308535/Output/ocm27308535_0101.tif /mnt/lsdi/ocm27308535/ocm27308535/Output/ocm27308535_0102.tif /mnt/lsdi/ocm27308535/ocm27308535/Output/ocm27308535_0102a.tif /mnt/lsdi/ocm27308535/ocm27308535/Output/ocm27308535_0102b.tif /mnt/lsdi/ocm27308535/ocm27308535/Output/ocm27308535_0103.tif /mnt/lsdi/ocm27308535/ocm27308535/Output/ocm27308535_0104.tif /mnt/lsdi/ocm27308535/ocm27308535/Output/ocm27308535_0105.tif /mnt/lsdi/ocm27308535/ocm27308535/Output/ocm27308535_0106.tif /mnt/lsdi/ocm27308535/ocm27308535/Output/ocm27308535_0107.tif /mnt/lsdi/ocm27308535/ocm27308535/Output/ocm27308535_0108.tif /mnt/lsdi/ocm27308535/ocm27308535/Output/ocm27308535_0109.tif /mnt/lsdi/ocm27308535/ocm27308535/Output/ocm27308535_0110.tif /mnt/lsdi/ocm27308535/ocm27308535/Output/ocm27308535_0111.tif /mnt/lsdi/ocm27308535/ocm27308535/Output/ocm27308535_0112.tif /mnt/lsdi/ocm27308535/ocm27308535/Output/ocm27308535_0113.tif /mnt/lsdi/ocm27308535/ocm27308535/Output/ocm27308535_0114.tif /mnt/lsdi/ocm27308535/ocm27308535/Output/ocm27308535_0115.tif /mnt/lsdi/ocm27308535/ocm27308535/Output/ocm27308535_0116.tif /mnt/lsdi/ocm27308535/ocm27308535/Output/ocm27308535_0117.tif /mnt/lsdi/ocm27308535/ocm27308535/Output/ocm27308535_0118.tif /mnt/lsdi/ocm27308535/ocm27308535/Output/ocm27308535_0119.tif /mnt/lsdi/ocm27308535/ocm27308535/Output/ocm27308535_0120.tif /mnt/lsdi/ocm27308535/ocm27308535/Output/ocm27308535_0121.tif /mnt/lsdi/ocm27308535/ocm27308535/Output/ocm27308535_0122.tif /mnt/lsdi/ocm27308535/ocm27308535/Output/ocm27308535_0123.tif /mnt/lsdi/ocm27308535/ocm27308535/Output/ocm27308535_0124.tif /mnt/lsdi/ocm27308535/ocm27308535/Output/ocm27308535_0125.tif /mnt/lsdi/ocm27308535/ocm27308535/Output/ocm27308535_0126.tif /mnt/lsdi/ocm27308535/ocm27308535/Output/ocm27308535_0127.tif /mnt/lsdi/ocm27308535/ocm27308535/Output/ocm27308535_0128.tif /mnt/lsdi/ocm27308535/ocm27308535/Output/ocm27308535_0129.tif /mnt/lsdi/ocm27308535/ocm27308535/Output/ocm27308535_0130.tif /mnt/lsdi/ocm27308535/ocm27308535/Output/ocm27308535_0131.tif /mnt/lsdi/ocm27308535/ocm27308535/Output/ocm27308535_0132.tif /mnt/lsdi/ocm27308535/ocm27308535/Output/ocm27308535_0133.tif /mnt/lsdi/ocm27308535/ocm27308535/Output/ocm27308535_0134.tif /mnt/lsdi/ocm27308535/ocm27308535/Output/ocm27308535_0135.tif /mnt/lsdi/ocm27308535/ocm27308535/Output/ocm27308535_0136.tif /mnt/lsdi/ocm27308535/ocm27308535/Output/ocm27308535_0137.tif /mnt/lsdi/ocm27308535/ocm27308535/Output/ocm27308535_0138.tif /mnt/lsdi/ocm27308535/ocm27308535/Output/ocm27308535_0139.tif /mnt/lsdi/ocm27308535/ocm27308535/Output/ocm27308535_0140.tif /mnt/lsdi/ocm27308535/ocm27308535/Output/ocm27308535_0141.tif /mnt/lsdi/ocm27308535/ocm27308535/Output/ocm27308535_0142.tif /mnt/lsdi/ocm27308535/ocm27308535/Output/ocm27308535_0143.tif /mnt/lsdi/ocm27308535/ocm27308535/Output/ocm27308535_0144.tif /mnt/lsdi/ocm27308535/ocm27308535/Output/ocm27308535_0145.tif /mnt/lsdi/ocm27308535/ocm27308535/Output/ocm27308535_0146.tif /mnt/lsdi/ocm27308535/ocm27308535/Output/ocm27308535_0146a.tif /mnt/lsdi/ocm27308535/ocm27308535/Output/ocm27308535_0146b.tif /mnt/lsdi/ocm27308535/ocm27308535/Output/ocm27308535_0147.tif /mnt/lsdi/ocm27308535/ocm27308535/Output/ocm27308535_0148.tif /mnt/lsdi/ocm27308535/ocm27308535/Output/ocm27308535_0149.tif /mnt/lsdi/ocm27308535/ocm27308535/Output/ocm27308535_0150.tif /mnt/lsdi/ocm27308535/ocm27308535/Output/ocm27308535_0151.tif /mnt/lsdi/ocm27308535/ocm27308535/Output/ocm27308535_0152.tif /mnt/lsdi/ocm27308535/ocm27308535/Output/ocm27308535_0153.tif /mnt/lsdi/ocm27308535/ocm27308535/Output/ocm27308535_0154.tif /mnt/lsdi/ocm27308535/ocm27308535/Output/ocm27308535_0155.tif /mnt/lsdi/ocm27308535/ocm27308535/Output/ocm27308535_0156.tif /mnt/lsdi/ocm27308535/ocm27308535/Output/ocm27308535_0157.tif /mnt/lsdi/ocm27308535/ocm27308535/Output/ocm27308535_0158.tif /mnt/lsdi/ocm27308535/ocm27308535/Output/ocm27308535_0159.tif /mnt/lsdi/ocm27308535/ocm27308535/Output/ocm27308535_0160.tif /mnt/lsdi/ocm27308535/ocm27308535/Output/ocm27308535_0161.tif /mnt/lsdi/ocm27308535/ocm27308535/Output/ocm27308535_0162.tif /mnt/lsdi/ocm27308535/ocm27308535/Output/ocm27308535_0163.tif /mnt/lsdi/ocm27308535/ocm27308535/Output/ocm27308535_0164.tif /mnt/lsdi/ocm27308535/ocm27308535/Output/ocm27308535_0165.tif /mnt/lsdi/ocm27308535/ocm27308535/Output/ocm27308535_0166.tif /mnt/lsdi/ocm27308535/ocm27308535/Output/ocm27308535_0167.tif /mnt/lsdi/ocm27308535/ocm27308535/Output/ocm27308535_0168.tif /mnt/lsdi/ocm27308535/ocm27308535/Output/ocm27308535_0169.tif /mnt/lsdi/ocm27308535/ocm27308535/Output/ocm27308535_0170.tif /mnt/lsdi/ocm27308535/ocm27308535/Output/ocm27308535_0171.tif /mnt/lsdi/ocm27308535/ocm27308535/Output/ocm27308535_0172.tif /mnt/lsdi/ocm27308535/ocm27308535/Output/ocm27308535_0173.tif /mnt/lsdi/ocm27308535/ocm27308535/Output/ocm27308535_0174.tif /mnt/lsdi/ocm27308535/ocm27308535/Output/ocm27308535_0175.tif /mnt/lsdi/ocm27308535/ocm27308535/Output/ocm27308535_0176.tif /mnt/lsdi/ocm27308535/ocm27308535/Output/ocm27308535_0177.tif /mnt/lsdi/ocm27308535/ocm27308535/Output/ocm27308535_0178.tif /mnt/lsdi/ocm27308535/ocm27308535/Output/ocm27308535_0179.tif /mnt/lsdi/ocm27308535/ocm27308535/Output/ocm27308535_0180.tif /mnt/lsdi/ocm27308535/ocm27308535/Output/ocm27308535_0181.tif /mnt/lsdi/ocm27308535/ocm27308535/Output/ocm27308535_0182.tif /mnt/lsdi/ocm27308535/ocm27308535/Output/ocm27308535_0183.tif /mnt/lsdi/ocm27308535/ocm27308535/Output/ocm27308535_0184.tif /mnt/lsdi/ocm27308535/ocm27308535/Output/ocm27308535_0185.tif /mnt/lsdi/ocm27308535/ocm27308535/Output/ocm27308535_0186.tif /mnt/lsdi/ocm27308535/ocm27308535/Output/ocm27308535_0187.tif /mnt/lsdi/ocm27308535/ocm27308535/Output/ocm27308535_0188.tif /mnt/lsdi/ocm27308535/ocm27308535/Output/ocm27308535_0189.tif /mnt/lsdi/ocm27308535/ocm27308535/Output/ocm27308535_0190.tif /mnt/lsdi/ocm27308535/ocm27308535/Output/ocm27308535_0191.tif /mnt/lsdi/ocm27308535/ocm27308535/Output/ocm27308535_0192.tif /mnt/lsdi/ocm27308535/ocm27308535/Output/ocm27308535_0193.tif /mnt/lsdi/ocm27308535/ocm27308535/Output/ocm27308535_0194.tif /mnt/lsdi/ocm27308535/ocm27308535/Output/ocm27308535_0195.tif /mnt/lsdi/ocm27308535/ocm27308535/Output/ocm27308535_0196.tif /mnt/lsdi/ocm27308535/ocm27308535/Output/ocm27308535_0197.tif /mnt/lsdi/ocm27308535/ocm27308535/Output/ocm27308535_0198.tif /mnt/lsdi/ocm27308535/ocm27308535/Output/ocm27308535_0199.tif /mnt/lsdi/ocm27308535/ocm27308535/Output/ocm27308535_0200.tif /mnt/lsdi/ocm27308535/ocm27308535/Output/ocm27308535_0201.tif /mnt/lsdi/ocm27308535/ocm27308535/Output/ocm27308535_0202.tif /mnt/lsdi/ocm27308535/ocm27308535/Output/ocm27308535_0203.tif /mnt/lsdi/ocm27308535/ocm27308535/Output/ocm27308535_0204.tif /mnt/lsdi/ocm27308535/ocm27308535/Output/ocm27308535_0205.tif /mnt/lsdi/ocm27308535/ocm27308535/Output/ocm27308535_0206.tif /mnt/lsdi/ocm27308535/ocm27308535/Output/ocm27308535_0207.tif /mnt/lsdi/ocm27308535/ocm27308535/Output/ocm27308535_0208.tif /mnt/lsdi/ocm27308535/ocm27308535/Output/ocm27308535_0208a.tif /mnt/lsdi/ocm27308535/ocm27308535/Output/ocm27308535_0208b.tif /mnt/lsdi/ocm27308535/ocm27308535/Output/ocm27308535_0209.tif /mnt/lsdi/ocm27308535/ocm27308535/Output/ocm27308535_0210.tif /mnt/lsdi/ocm27308535/ocm27308535/Output/ocm27308535_0211.tif /mnt/lsdi/ocm27308535/ocm27308535/Output/ocm27308535_0212.tif /mnt/lsdi/ocm27308535/ocm27308535/Output/ocm27308535_0213.tif /mnt/lsdi/ocm27308535/ocm27308535/Output/ocm27308535_0214.tif /mnt/lsdi/ocm27308535/ocm27308535/Output/ocm27308535_0215.tif /mnt/lsdi/ocm27308535/ocm27308535/Output/ocm27308535_0216.tif /mnt/lsdi/ocm27308535/ocm27308535/Output/ocm27308535_0217.tif /mnt/lsdi/ocm27308535/ocm27308535/Output/ocm27308535_0218.tif /mnt/lsdi/ocm27308535/ocm27308535/Output/ocm27308535_0219.tif /mnt/lsdi/ocm27308535/ocm27308535/Output/ocm27308535_0220.tif /mnt/lsdi/ocm27308535/ocm27308535/Output/ocm27308535_0221.tif /mnt/lsdi/ocm27308535/ocm27308535/Output/ocm27308535_0222.tif /mnt/lsdi/ocm27308535/ocm27308535/Output/ocm27308535_0223.tif /mnt/lsdi/ocm27308535/ocm27308535/Output/ocm27308535_0224.tif /mnt/lsdi/ocm27308535/ocm27308535/Output/ocm27308535_0225.tif /mnt/lsdi/ocm27308535/ocm27308535/Output/ocm27308535_0226.tif /mnt/lsdi/ocm27308535/ocm27308535/Output/ocm27308535_0227.tif /mnt/lsdi/ocm27308535/ocm27308535/Output/ocm27308535_0228.tif /mnt/lsdi/ocm27308535/ocm27308535/Output/ocm27308535_0229.tif /mnt/lsdi/ocm27308535/ocm27308535/Output/ocm27308535_0230.tif /mnt/lsdi/ocm27308535/ocm27308535/Output/ocm27308535_0231.tif /mnt/lsdi/ocm27308535/ocm27308535/Output/ocm27308535_0232.tif /mnt/lsdi/ocm27308535/ocm27308535/Output/ocm27308535_0233.tif /mnt/lsdi/ocm27308535/ocm27308535/Output/ocm27308535_0234.tif /mnt/lsdi/ocm27308535/ocm27308535/Output/ocm27308535_0235.tif /mnt/lsdi/ocm27308535/ocm27308535/Output/ocm27308535_0236.tif /mnt/lsdi/ocm27308535/ocm27308535/Output/ocm27308535_0237.tif /mnt/lsdi/ocm27308535/ocm27308535/Output/ocm27308535_0238.tif /mnt/lsdi/ocm27308535/ocm27308535/Output/ocm27308535_0239.tif /mnt/lsdi/ocm27308535/ocm27308535/Output/ocm27308535_0240.tif /mnt/lsdi/ocm27308535/ocm27308535/Output/ocm27308535_0241.tif /mnt/lsdi/ocm27308535/ocm27308535/Output/ocm27308535_0242.tif /mnt/lsdi/ocm27308535/ocm27308535/Output/ocm27308535_0243.tif /mnt/lsdi/ocm27308535/ocm27308535/Output/ocm27308535_0244.tif /mnt/lsdi/ocm27308535/ocm27308535/Output/ocm27308535_0245.tif /mnt/lsdi/ocm27308535/ocm27308535/Output/ocm27308535_0246.tif /mnt/lsdi/ocm27308535/ocm27308535/Output/ocm27308535_0247.tif /mnt/lsdi/ocm27308535/ocm27308535/Output/ocm27308535_0248.tif /mnt/lsdi/ocm27308535/ocm27308535/Output/ocm27308535_0249.tif /mnt/lsdi/ocm27308535/ocm27308535/Output/ocm27308535_0250.tif /mnt/lsdi/ocm27308535/ocm27308535/Output/ocm27308535_0251.tif /mnt/lsdi/ocm27308535/ocm27308535/Output/ocm27308535_0252.tif /mnt/lsdi/ocm27308535/ocm27308535/Output/ocm27308535_0252a.tif /mnt/lsdi/ocm27308535/ocm27308535/Output/ocm27308535_0252b.tif /mnt/lsdi/ocm27308535/ocm27308535/Output/ocm27308535_0253.tif /mnt/lsdi/ocm27308535/ocm27308535/Output/ocm27308535_0254.tif /mnt/lsdi/ocm27308535/ocm27308535/Output/ocm27308535_0255.tif /mnt/lsdi/ocm27308535/ocm27308535/Output/ocm27308535_0256.tif /mnt/lsdi/ocm27308535/ocm27308535/Output/ocm27308535_0257.tif /mnt/lsdi/ocm27308535/ocm27308535/Output/ocm27308535_0258.tif /mnt/lsdi/ocm27308535/ocm27308535/Output/ocm27308535_0259.tif /mnt/lsdi/ocm27308535/ocm27308535/Output/ocm27308535_0260.tif /mnt/lsdi/ocm27308535/ocm27308535/Output/ocm27308535_0261.tif /mnt/lsdi/ocm27308535/ocm27308535/Output/ocm27308535_0262.tif /mnt/lsdi/ocm27308535/ocm27308535/Output/ocm27308535_0263.tif /mnt/lsdi/ocm27308535/ocm27308535/Output/ocm27308535_0264.tif /mnt/lsdi/ocm27308535/ocm27308535/Output/ocm27308535_0265.tif /mnt/lsdi/ocm27308535/ocm27308535/Output/ocm27308535_0266.tif /mnt/lsdi/ocm27308535/ocm27308535/Output/ocm27308535_0266a.tif /mnt/lsdi/ocm27308535/ocm27308535/Output/ocm27308535_0266b.tif /mnt/lsdi/ocm27308535/ocm27308535/Output/ocm27308535_0267.tif /mnt/lsdi/ocm27308535/ocm27308535/Output/ocm27308535_0268.tif /mnt/lsdi/ocm27308535/ocm27308535/Output/ocm27308535_0269.tif /mnt/lsdi/ocm27308535/ocm27308535/Output/ocm27308535_0270.tif /mnt/lsdi/ocm27308535/ocm27308535/Output/ocm27308535_0271.tif /mnt/lsdi/ocm27308535/ocm27308535/Output/ocm27308535_0272.tif /mnt/lsdi/ocm27308535/ocm27308535/Output/ocm27308535_0273.tif /mnt/lsdi/ocm27308535/ocm27308535/Output/ocm27308535_0274.tif /mnt/lsdi/ocm27308535/ocm27308535/Output/ocm27308535_0275.tif /mnt/lsdi/ocm27308535/ocm27308535/Output/ocm27308535_0276.tif /mnt/lsdi/ocm27308535/ocm27308535/Output/ocm27308535_0277.tif /mnt/lsdi/ocm27308535/ocm27308535/Output/ocm27308535_0278.tif /mnt/lsdi/ocm27308535/ocm27308535/Output/ocm27308535_0279.tif /mnt/lsdi/ocm27308535/ocm27308535/Output/ocm27308535_0280.tif /mnt/lsdi/ocm27308535/ocm27308535/Output/ocm27308535_0281.tif /mnt/lsdi/ocm27308535/ocm27308535/Output/ocm27308535_0282.tif /mnt/lsdi/ocm27308535/ocm27308535/Output/ocm27308535_0283.tif /mnt/lsdi/ocm27308535/ocm27308535/Output/ocm27308535_0284.tif /mnt/lsdi/ocm27308535/ocm27308535/Output/ocm27308535_0285.tif /mnt/lsdi/ocm27308535/ocm27308535/Output/ocm27308535_0286.tif /mnt/lsdi/ocm27308535/ocm27308535/Output/ocm27308535_0287.tif /mnt/lsdi/ocm27308535/ocm27308535/Output/ocm27308535_0288.tif /mnt/lsdi/ocm27308535/ocm27308535/Output/ocm27308535_0289.tif /mnt/lsdi/ocm27308535/ocm27308535/Output/ocm27308535_0290.tif /mnt/lsdi/ocm27308535/ocm27308535/Output/ocm27308535_0291.tif /mnt/lsdi/ocm27308535/ocm27308535/Output/ocm27308535_0292.tif /mnt/lsdi/ocm27308535/ocm27308535/Output/ocm27308535_0293.tif /mnt/lsdi/ocm27308535/ocm27308535/Output/ocm27308535_0294.tif /mnt/lsdi/ocm27308535/ocm27308535/Output/ocm27308535_0295.tif /mnt/lsdi/ocm27308535/ocm27308535/Output/ocm27308535_0296.tif /mnt/lsdi/ocm27308535/ocm27308535/Output/ocm27308535_0297.tif /mnt/lsdi/ocm27308535/ocm27308535/Output/ocm27308535_0298.tif /mnt/lsdi/ocm27308535/ocm27308535/Output/ocm27308535_0299.tif /mnt/lsdi/ocm27308535/ocm27308535/Output/ocm27308535_0300.tif /mnt/lsdi/ocm27308535/ocm27308535/Output/ocm27308535_0301.tif /mnt/lsdi/ocm27308535/ocm27308535/Output/ocm27308535_0302.tif /mnt/lsdi/ocm27308535/ocm27308535/Output/ocm27308535_0303.tif /mnt/lsdi/ocm27308535/ocm27308535/Output/ocm27308535_0304.tif /mnt/lsdi/ocm27308535/ocm27308535/Output/ocm27308535_0305.tif /mnt/lsdi/ocm27308535/ocm27308535/Output/ocm27308535_0306.tif /mnt/lsdi/ocm27308535/ocm27308535/Output/ocm27308535_0307.tif /mnt/lsdi/ocm27308535/ocm27308535/Output/ocm27308535_0308.tif /mnt/lsdi/ocm27308535/ocm27308535/Output/ocm27308535_0309.tif /mnt/lsdi/ocm27308535/ocm27308535/Output/ocm27308535_0310.tif /mnt/lsdi/ocm27308535/ocm27308535/Output/ocm27308535_0311.tif /mnt/lsdi/ocm27308535/ocm27308535/Output/ocm27308535_0312.tif /mnt/lsdi/ocm27308535/ocm27308535/Output/ocm27308535_0313.tif /mnt/lsdi/ocm27308535/ocm27308535/Output/ocm27308535_0314.tif /mnt/lsdi/ocm27308535/ocm27308535/Output/ocm27308535_0315.tif /mnt/lsdi/ocm27308535/ocm27308535/Output/ocm27308535_0316.tif /mnt/lsdi/ocm27308535/ocm27308535/Output/ocm27308535_0317.tif /mnt/lsdi/ocm27308535/ocm27308535/Output/ocm27308535_0318.tif /mnt/lsdi/ocm27308535/ocm27308535/Output/ocm27308535_0319.tif /mnt/lsdi/ocm27308535/ocm27308535/Output/ocm27308535_0320.tif /mnt/lsdi/ocm27308535/ocm27308535/Output/ocm27308535_0321.tif /mnt/lsdi/ocm27308535/ocm27308535/Output/ocm27308535_0322.tif /mnt/lsdi/ocm27308535/ocm27308535/Output/ocm27308535_0323.tif /mnt/lsdi/ocm27308535/ocm27308535/Output/ocm27308535_0324.tif /mnt/lsdi/ocm27308535/ocm27308535/Output/ocm27308535_0325.tif /mnt/lsdi/ocm27308535/ocm27308535/Output/ocm27308535_0326.tif /mnt/lsdi/ocm27308535/ocm27308535/Output/ocm27308535_0327.tif /mnt/lsdi/ocm27308535/ocm27308535/Output/ocm27308535_0328.tif /mnt/lsdi/ocm27308535/ocm27308535/Output/ocm27308535_0329.tif /mnt/lsdi/ocm27308535/ocm27308535/Output/ocm27308535_0330.tif /mnt/lsdi/ocm27308535/ocm27308535/Output/ocm27308535_0331.tif /mnt/lsdi/ocm27308535/ocm27308535/Output/ocm27308535_0332.tif /mnt/lsdi/ocm27308535/ocm27308535/Output/ocm27308535_0333.tif /mnt/lsdi/ocm27308535/ocm27308535/Output/ocm27308535_0334.tif /mnt/lsdi/ocm27308535/ocm27308535/Output/ocm27308535_0335.tif /mnt/lsdi/ocm27308535/ocm27308535/Output/ocm27308535_0336.tif /mnt/lsdi/ocm27308535/ocm27308535/Output/ocm27308535_0337.tif /mnt/lsdi/ocm27308535/ocm27308535/Output/ocm27308535_0338.tif /mnt/lsdi/ocm27308535/ocm27308535/Output/ocm27308535_0339.tif /mnt/lsdi/ocm27308535/ocm27308535/Output/ocm27308535_0340.tif /mnt/lsdi/ocm27308535/ocm27308535/Output/ocm27308535_0341.tif /mnt/lsdi/ocm27308535/ocm27308535/Output/ocm27308535_0342.tif /mnt/lsdi/ocm27308535/ocm27308535/Output/ocm27308535_0343.tif /mnt/lsdi/ocm27308535/ocm27308535/Output/ocm27308535_0344.tif /mnt/lsdi/ocm27308535/ocm27308535/Output/ocm27308535_0345.tif /mnt/lsdi/ocm27308535/ocm27308535/Output/ocm27308535_0346.tif /mnt/lsdi/ocm27308535/ocm27308535/Output/ocm27308535_0347.tif /mnt/lsdi/ocm27308535/ocm27308535/Output/ocm27308535_0348.tif /mnt/lsdi/ocm27308535/ocm27308535/Output/ocm27308535_0349.tif /mnt/lsdi/ocm27308535/ocm27308535/Output/ocm27308535_0350.tif /mnt/lsdi/ocm27308535/ocm27308535/Output/ocm27308535_0351.tif /mnt/lsdi/ocm27308535/ocm27308535/Output/ocm27308535_0352.tif /mnt/lsdi/ocm27308535/ocm27308535/Output/ocm27308535_0353.tif /mnt/lsdi/ocm27308535/ocm27308535/Output/ocm27308535_0354.tif /mnt/lsdi/ocm27308535/ocm27308535/Output/ocm27308535_0355.tif /mnt/lsdi/ocm27308535/ocm27308535/Output/ocm27308535_0356.tif /mnt/lsdi/ocm27308535/ocm27308535/Output/ocm27308535_0357.tif /mnt/lsdi/ocm27308535/ocm27308535/Output/ocm27308535_0358.tif /mnt/lsdi/ocm27308535/ocm27308535/Output/ocm27308535_0359.tif /mnt/lsdi/ocm27308535/ocm27308535/Output/ocm27308535_0360.tif /mnt/lsdi/ocm27308535/ocm27308535/Output/ocm27308535_0361.tif /mnt/lsdi/ocm27308535/ocm27308535/Output/ocm27308535_0362.tif /mnt/lsdi/ocm27308535/ocm27308535/Output/ocm27308535_0363.tif /mnt/lsdi/ocm27308535/ocm27308535/Output/ocm27308535_0364.tif /mnt/lsdi/ocm27308535/ocm27308535/Output/ocm27308535_0365.tif /mnt/lsdi/ocm27308535/ocm27308535/Output/ocm27308535_0366.tif /mnt/lsdi/ocm27308535/ocm27308535/Output/ocm27308535_0367.tif /mnt/lsdi/ocm27308535/ocm27308535/Output/ocm27308535_0368.tif /mnt/lsdi/ocm27308535/ocm27308535/Output/ocm27308535_0369.tif /mnt/lsdi/ocm27308535/ocm27308535/Output/ocm27308535_0370.tif /mnt/lsdi/ocm27308535/ocm27308535/Output/ocm27308535_0371.tif /mnt/lsdi/ocm27308535/ocm27308535/Output/ocm27308535_0372.tif /mnt/lsdi/ocm27308535/ocm27308535/Output/ocm27308535_0373.tif /mnt/lsdi/ocm27308535/ocm27308535/Output/ocm27308535_0374.tif /mnt/lsdi/ocm27308535/ocm27308535/Output/ocm27308535_0375.tif /mnt/lsdi/ocm27308535/ocm27308535/Output/ocm27308535_0376.tif /mnt/lsdi/ocm27308535/ocm27308535/Output/ocm27308535_0377.tif /mnt/lsdi/ocm27308535/ocm27308535/Output/ocm27308535_0378.tif /mnt/lsdi/ocm27308535/ocm27308535/Output/ocm27308535_0379.tif /mnt/lsdi/ocm27308535/ocm27308535/Output/ocm27308535_0380.tif /mnt/lsdi/ocm27308535/ocm27308535/Output/ocm27308535_0380a.tif /mnt/lsdi/ocm27308535/ocm27308535/Output/ocm27308535_0380b.tif /mnt/lsdi/ocm27308535/ocm27308535/Output/ocm27308535_0381.tif /mnt/lsdi/ocm27308535/ocm27308535/Output/ocm27308535_0382.tif /mnt/lsdi/ocm27308535/ocm27308535/Output/ocm27308535_0383.tif /mnt/lsdi/ocm27308535/ocm27308535/Output/ocm27308535_0384.tif /mnt/lsdi/ocm27308535/ocm27308535/Output/ocm27308535_0385.tif /mnt/lsdi/ocm27308535/ocm27308535/Output/ocm27308535_0386.tif /mnt/lsdi/ocm27308535/ocm27308535/Output/ocm27308535_0387.tif /mnt/lsdi/ocm27308535/ocm27308535/Output/ocm27308535_0388.tif /mnt/lsdi/ocm27308535/ocm27308535/Output/ocm27308535_0389.tif /mnt/lsdi/ocm27308535/ocm27308535/Output/ocm27308535_0390.tif /mnt/lsdi/ocm27308535/ocm27308535/Output/ocm27308535_0391.tif /mnt/lsdi/ocm27308535/ocm27308535/Output/ocm27308535_0392.tif /mnt/lsdi/ocm27308535/ocm27308535/Output/ocm27308535_0393.tif /mnt/lsdi/ocm27308535/ocm27308535/Output/ocm27308535_0394.tif /mnt/lsdi/ocm27308535/ocm27308535/Output/ocm27308535_0395.tif /mnt/lsdi/ocm27308535/ocm27308535/Output/ocm27308535_0396.tif /mnt/lsdi/ocm27308535/ocm27308535/Output/ocm27308535_0397.tif /mnt/lsdi/ocm27308535/ocm27308535/Output/ocm27308535_0398.tif /mnt/lsdi/ocm27308535/ocm27308535/Output/ocm27308535_0399.tif /mnt/lsdi/ocm27308535/ocm27308535/Output/ocm27308535_0400.tif /mnt/lsdi/ocm27308535/ocm27308535/Output/ocm27308535_0401.tif /mnt/lsdi/ocm27308535/ocm27308535/Output/ocm27308535_0402.tif /mnt/lsdi/ocm27308535/ocm27308535/Output/ocm27308535_0403.tif /mnt/lsdi/ocm27308535/ocm27308535/Output/ocm27308535_0404.tif /mnt/lsdi/ocm27308535/ocm27308535/Output/ocm27308535_0405.tif /mnt/lsdi/ocm27308535/ocm27308535/Output/ocm27308535_0406.tif /mnt/lsdi/ocm27308535/ocm27308535/Output/ocm27308535_0407.tif /mnt/lsdi/ocm27308535/ocm27308535/Output/ocm27308535_0408.tif /mnt/lsdi/ocm27308535/ocm27308535/Output/ocm27308535_0409.tif /mnt/lsdi/ocm27308535/ocm27308535/Output/ocm27308535_0410.tif
  adding: mnt/lsdi/ocm27308535/ocm27308535/Output/ocm27308535_0001.tif (deflated 7%)
  adding: mnt/lsdi/ocm27308535/ocm27308535/Output/ocm27308535_0002.tif (deflated 4%)
  adding: mnt/lsdi/ocm27308535/ocm27308535/Output/ocm27308535_0003.tif (deflated 14%)
  adding: mnt/lsdi/ocm27308535/ocm27308535/Output/ocm27308535_0004.tif (deflated 4%)
  adding: mnt/lsdi/ocm27308535/ocm27308535/Output/ocm27308535_0005.tif (deflated 3%)
  adding: mnt/lsdi/ocm27308535/ocm27308535/Output/ocm27308535_0006.tif (deflated 4%)
  adding: mnt/lsdi/ocm27308535/ocm27308535/Output/ocm27308535_0007.tif (deflated 4%)
  adding: mnt/lsdi/ocm27308535/ocm27308535/Output/ocm27308535_0008.tif (deflated 4%)
  adding: mnt/lsdi/ocm27308535/ocm27308535/Output/ocm27308535_0009.tif (deflated 4%)
  adding: mnt/lsdi/ocm27308535/ocm27308535/Output/ocm27308535_0010.tif (deflated 4%)
  adding: mnt/lsdi/ocm27308535/ocm27308535/Output/ocm27308535_0011.tif (deflated 3%)
  adding: mnt/lsdi/ocm27308535/ocm27308535/Output/ocm27308535_0012.tif (deflated 4%)
  adding: mnt/lsdi/ocm27308535/ocm27308535/Output/ocm27308535_0013.tif (deflated 3%)
  adding: mnt/lsdi/ocm27308535/ocm27308535/Output/ocm27308535_0014.tif (deflated 4%)
  adding: mnt/lsdi/ocm27308535/ocm27308535/Output/ocm27308535_0015.tif (deflated 4%)
  adding: mnt/lsdi/ocm27308535/ocm27308535/Output/ocm27308535_0016.tif (deflated 3%)
  adding: mnt/lsdi/ocm27308535/ocm27308535/Output/ocm27308535_0017.tif (deflated 4%)
  adding: mnt/lsdi/ocm27308535/ocm27308535/Output/ocm27308535_0018.tif (deflated 4%)
  adding: mnt/lsdi/ocm27308535/ocm27308535/Output/ocm27308535_0019.tif (deflated 4%)
  adding: mnt/lsdi/ocm27308535/ocm27308535/Output/ocm27308535_0020.tif (deflated 3%)
  adding: mnt/lsdi/ocm27308535/ocm27308535/Output/ocm27308535_0021.tif (deflated 4%)
  adding: mnt/lsdi/ocm27308535/ocm27308535/Output/ocm27308535_0022.tif (deflated 4%)
  adding: mnt/lsdi/ocm27308535/ocm27308535/Output/ocm27308535_0023.tif (deflated 4%)
  adding: mnt/lsdi/ocm27308535/ocm27308535/Output/ocm27308535_0024.tif (deflated 4%)
  adding: mnt/lsdi/ocm27308535/ocm27308535/Output/ocm27308535_0025.tif (deflated 4%)
  adding: mnt/lsdi/ocm27308535/ocm27308535/Output/ocm27308535_0026.tif (deflated 3%)
  adding: mnt/lsdi/ocm27308535/ocm27308535/Output/ocm27308535_0027.tif (deflated 4%)
  adding: mnt/lsdi/ocm27308535/ocm27308535/Output/ocm27308535_0028.tif (deflated 4%)
  adding: mnt/lsdi/ocm27308535/ocm27308535/Output/ocm27308535_0029.tif (deflated 4%)
  adding: mnt/lsdi/ocm27308535/ocm27308535/Output/ocm27308535_0030.tif (deflated 4%)
  adding: mnt/lsdi/ocm27308535/ocm27308535/Output/ocm27308535_0031.tif (deflated 4%)
  adding: mnt/lsdi/ocm27308535/ocm27308535/Output/ocm27308535_0032.tif (deflated 4%)
  adding: mnt/lsdi/ocm27308535/ocm27308535/Output/ocm27308535_0033.tif (deflated 3%)
  adding: mnt/lsdi/ocm27308535/ocm27308535/Output/ocm27308535_0034.tif (deflated 3%)
  adding: mnt/lsdi/ocm27308535/ocm27308535/Output/ocm27308535_0035.tif (deflated 4%)
  adding: mnt/lsdi/ocm27308535/ocm27308535/Output/ocm27308535_0036.tif (deflated 3%)
  adding: mnt/lsdi/ocm27308535/ocm27308535/Output/ocm27308535_0036a.tif (deflated 4%)
  adding: mnt/lsdi/ocm27308535/ocm27308535/Output/ocm27308535_0036b.tif (deflated 4%)
  adding: mnt/lsdi/ocm27308535/ocm27308535/Output/ocm27308535_0037.tif (deflated 3%)
  adding: mnt/lsdi/ocm27308535/ocm27308535/Output/ocm27308535_0038.tif (deflated 3%)
  adding: mnt/lsdi/ocm27308535/ocm27308535/Output/ocm27308535_0039.tif (deflated 4%)
  adding: mnt/lsdi/ocm27308535/ocm27308535/Output/ocm27308535_0040.tif (deflated 4%)
  adding: mnt/lsdi/ocm27308535/ocm27308535/Output/ocm27308535_0041.tif (deflated 4%)
  adding: mnt/lsdi/ocm27308535/ocm27308535/Output/ocm27308535_0042.tif (deflated 4%)
  adding: mnt/lsdi/ocm27308535/ocm27308535/Output/ocm27308535_0043.tif (deflated 4%)
  adding: mnt/lsdi/ocm27308535/ocm27308535/Output/ocm27308535_0044.tif (deflated 3%)
  adding: mnt/lsdi/ocm27308535/ocm27308535/Output/ocm27308535_0045.tif (deflated 4%)
  adding: mnt/lsdi/ocm27308535/ocm27308535/Output/ocm27308535_0046.tif (deflated 3%)
  adding: mnt/lsdi/ocm27308535/ocm27308535/Output/ocm27308535_0047.tif (deflated 3%)
  adding: mnt/lsdi/ocm27308535/ocm27308535/Output/ocm27308535_0048.tif (deflated 3%)
  adding: mnt/lsdi/ocm27308535/ocm27308535/Output/ocm27308535_0049.tif (deflated 4%)
  adding: mnt/lsdi/ocm27308535/ocm27308535/Output/ocm27308535_0050.tif (deflated 4%)
  adding: mnt/lsdi/ocm27308535/ocm27308535/Output/ocm27308535_0051.tif (deflated 4%)
  adding: mnt/lsdi/ocm27308535/ocm27308535/Output/ocm27308535_0052.tif (deflated 3%)
  adding: mnt/lsdi/ocm27308535/ocm27308535/Output/ocm27308535_0053.tif (deflated 4%)
  adding: mnt/lsdi/ocm27308535/ocm27308535/Output/ocm27308535_0054.tif (deflated 3%)
  adding: mnt/lsdi/ocm27308535/ocm27308535/Output/ocm27308535_0055.tif (deflated 3%)
  adding: mnt/lsdi/ocm27308535/ocm27308535/Output/ocm27308535_0056.tif (deflated 4%)
  adding: mnt/lsdi/ocm27308535/ocm27308535/Output/ocm27308535_0057.tif (deflated 4%)
  adding: mnt/lsdi/ocm27308535/ocm27308535/Output/ocm27308535_0058.tif (deflated 3%)
  adding: mnt/lsdi/ocm27308535/ocm27308535/Output/ocm27308535_0059.tif (deflated 3%)
  adding: mnt/lsdi/ocm27308535/ocm27308535/Output/ocm27308535_0060.tif (deflated 4%)
  adding: mnt/lsdi/ocm27308535/ocm27308535/Output/ocm27308535_0061.tif (deflated 4%)
  adding: mnt/lsdi/ocm27308535/ocm27308535/Output/ocm27308535_0062.tif (deflated 3%)
  adding: mnt/lsdi/ocm27308535/ocm27308535/Output/ocm27308535_0063.tif (deflated 4%)
  adding: mnt/lsdi/ocm27308535/ocm27308535/Output/ocm27308535_0064.tif (deflated 4%)
  adding: mnt/lsdi/ocm27308535/ocm27308535/Output/ocm27308535_0065.tif (deflated 4%)
  adding: mnt/lsdi/ocm27308535/ocm27308535/Output/ocm27308535_0066.tif (deflated 4%)
  adding: mnt/lsdi/ocm27308535/ocm27308535/Output/ocm27308535_0067.tif (deflated 4%)
  adding: mnt/lsdi/ocm27308535/ocm27308535/Output/ocm27308535_0068.tif (deflated 4%)
  adding: mnt/lsdi/ocm27308535/ocm27308535/Output/ocm27308535_0069.tif (deflated 4%)
  adding: mnt/lsdi/ocm27308535/ocm27308535/Output/ocm27308535_0070.tif (deflated 3%)
  adding: mnt/lsdi/ocm27308535/ocm27308535/Output/ocm27308535_0071.tif (deflated 3%)
  adding: mnt/lsdi/ocm27308535/ocm27308535/Output/ocm27308535_0072.tif (deflated 3%)
  adding: mnt/lsdi/ocm27308535/ocm27308535/Output/ocm27308535_0073.tif (deflated 3%)
  adding: mnt/lsdi/ocm27308535/ocm27308535/Output/ocm27308535_0074.tif (deflated 4%)
  adding: mnt/lsdi/ocm27308535/ocm27308535/Output/ocm27308535_0074a.tif (deflated 4%)
  adding: mnt/lsdi/ocm27308535/ocm27308535/Output/ocm27308535_0074b.tif (deflated 3%)
  adding: mnt/lsdi/ocm27308535/ocm27308535/Output/ocm27308535_0075.tif (deflated 4%)
  adding: mnt/lsdi/ocm27308535/ocm27308535/Output/ocm27308535_0076.tif (deflated 4%)
  adding: mnt/lsdi/ocm27308535/ocm27308535/Output/ocm27308535_0077.tif (deflated 4%)
  adding: mnt/lsdi/ocm27308535/ocm27308535/Output/ocm27308535_0078.tif (deflated 4%)
  adding: mnt/lsdi/ocm27308535/ocm27308535/Output/ocm27308535_0079.tif (deflated 4%)
  adding: mnt/lsdi/ocm27308535/ocm27308535/Output/ocm27308535_0080.tif (deflated 3%)
  adding: mnt/lsdi/ocm27308535/ocm27308535/Output/ocm27308535_0080a.tif (deflated 4%)
  adding: mnt/lsdi/ocm27308535/ocm27308535/Output/ocm27308535_0080b.tif (deflated 4%)
  adding: mnt/lsdi/ocm27308535/ocm27308535/Output/ocm27308535_0081.tif (deflated 4%)
  adding: mnt/lsdi/ocm27308535/ocm27308535/Output/ocm27308535_0082.tif (deflated 4%)
  adding: mnt/lsdi/ocm27308535/ocm27308535/Output/ocm27308535_0083.tif (deflated 4%)
  adding: mnt/lsdi/ocm27308535/ocm27308535/Output/ocm27308535_0084.tif (deflated 4%)
  adding: mnt/lsdi/ocm27308535/ocm27308535/Output/ocm27308535_0085.tif (deflated 4%)
  adding: mnt/lsdi/ocm27308535/ocm27308535/Output/ocm27308535_0086.tif (deflated 4%)
  adding: mnt/lsdi/ocm27308535/ocm27308535/Output/ocm27308535_0086a.tif (deflated 4%)
  adding: mnt/lsdi/ocm27308535/ocm27308535/Output/ocm27308535_0086b.tif (deflated 4%)
  adding: mnt/lsdi/ocm27308535/ocm27308535/Output/ocm27308535_0087.tif (deflated 4%)
  adding: mnt/lsdi/ocm27308535/ocm27308535/Output/ocm27308535_0088.tif (deflated 3%)
  adding: mnt/lsdi/ocm27308535/ocm27308535/Output/ocm27308535_0089.tif (deflated 4%)
  adding: mnt/lsdi/ocm27308535/ocm27308535/Output/ocm27308535_0090.tif (deflated 4%)
  adding: mnt/lsdi/ocm27308535/ocm27308535/Output/ocm27308535_0091.tif (deflated 4%)
  adding: mnt/lsdi/ocm27308535/ocm27308535/Output/ocm27308535_0092.tif (deflated 4%)
  adding: mnt/lsdi/ocm27308535/ocm27308535/Output/ocm27308535_0093.tif (deflated 4%)
  adding: mnt/lsdi/ocm27308535/ocm27308535/Output/ocm27308535_0094.tif (deflated 4%)
  adding: mnt/lsdi/ocm27308535/ocm27308535/Output/ocm27308535_0095.tif (deflated 4%)
  adding: mnt/lsdi/ocm27308535/ocm27308535/Output/ocm27308535_0096.tif (deflated 3%)
  adding: mnt/lsdi/ocm27308535/ocm27308535/Output/ocm27308535_0097.tif (deflated 4%)
  adding: mnt/lsdi/ocm27308535/ocm27308535/Output/ocm27308535_0098.tif (deflated 4%)
  adding: mnt/lsdi/ocm27308535/ocm27308535/Output/ocm27308535_0099.tif (deflated 4%)
  adding: mnt/lsdi/ocm27308535/ocm27308535/Output/ocm27308535_0100.tif (deflated 3%)
  adding: mnt/lsdi/ocm27308535/ocm27308535/Output/ocm27308535_0100a.tif (deflated 4%)
  adding: mnt/lsdi/ocm27308535/ocm27308535/Output/ocm27308535_0100b.tif (deflated 3%)
  adding: mnt/lsdi/ocm27308535/ocm27308535/Output/ocm27308535_0101.tif (deflated 4%)
  adding: mnt/lsdi/ocm27308535/ocm27308535/Output/ocm27308535_0102.tif (deflated 4%)
  adding: mnt/lsdi/ocm27308535/ocm27308535/Output/ocm27308535_0102a.tif (deflated 4%)
  adding: mnt/lsdi/ocm27308535/ocm27308535/Output/ocm27308535_0102b.tif (deflated 4%)
  adding: mnt/lsdi/ocm27308535/ocm27308535/Output/ocm27308535_0103.tif (deflated 3%)
  adding: mnt/lsdi/ocm27308535/ocm27308535/Output/ocm27308535_0104.tif (deflated 4%)
  adding: mnt/lsdi/ocm27308535/ocm27308535/Output/ocm27308535_0105.tif (deflated 4%)
  adding: mnt/lsdi/ocm27308535/ocm27308535/Output/ocm27308535_0106.tif (deflated 4%)
  adding: mnt/lsdi/ocm27308535/ocm27308535/Output/ocm27308535_0107.tif (deflated 4%)
  adding: mnt/lsdi/ocm27308535/ocm27308535/Output/ocm27308535_0108.tif (deflated 3%)
  adding: mnt/lsdi/ocm27308535/ocm27308535/Output/ocm27308535_0109.tif (deflated 4%)
  adding: mnt/lsdi/ocm27308535/ocm27308535/Output/ocm27308535_0110.tif (deflated 4%)
  adding: mnt/lsdi/ocm27308535/ocm27308535/Output/ocm27308535_0111.tif (deflated 3%)
  adding: mnt/lsdi/ocm27308535/ocm27308535/Output/ocm27308535_0112.tif (deflated 4%)
  adding: mnt/lsdi/ocm27308535/ocm27308535/Output/ocm27308535_0113.tif (deflated 4%)
  adding: mnt/lsdi/ocm27308535/ocm27308535/Output/ocm27308535_0114.tif (deflated 4%)
  adding: mnt/lsdi/ocm27308535/ocm27308535/Output/ocm27308535_0115.tif (deflated 3%)
  adding: mnt/lsdi/ocm27308535/ocm27308535/Output/ocm27308535_0116.tif (deflated 3%)
  adding: mnt/lsdi/ocm27308535/ocm27308535/Output/ocm27308535_0117.tif (deflated 3%)
  adding: mnt/lsdi/ocm27308535/ocm27308535/Output/ocm27308535_0118.tif (deflated 4%)
  adding: mnt/lsdi/ocm27308535/ocm27308535/Output/ocm27308535_0119.tif (deflated 4%)
  adding: mnt/lsdi/ocm27308535/ocm27308535/Output/ocm27308535_0120.tif (deflated 4%)
  adding: mnt/lsdi/ocm27308535/ocm27308535/Output/ocm27308535_0121.tif (deflated 4%)
  adding: mnt/lsdi/ocm27308535/ocm27308535/Output/ocm27308535_0122.tif (deflated 4%)
  adding: mnt/lsdi/ocm27308535/ocm27308535/Output/ocm27308535_0123.tif (deflated 4%)
  adding: mnt/lsdi/ocm27308535/ocm27308535/Output/ocm27308535_0124.tif (deflated 4%)
  adding: mnt/lsdi/ocm27308535/ocm27308535/Output/ocm27308535_0125.tif (deflated 4%)
  adding: mnt/lsdi/ocm27308535/ocm27308535/Output/ocm27308535_0126.tif (deflated 3%)
  adding: mnt/lsdi/ocm27308535/ocm27308535/Output/ocm27308535_0127.tif (deflated 4%)
  adding: mnt/lsdi/ocm27308535/ocm27308535/Output/ocm27308535_0128.tif (deflated 4%)
  adding: mnt/lsdi/ocm27308535/ocm27308535/Output/ocm27308535_0129.tif (deflated 3%)
  adding: mnt/lsdi/ocm27308535/ocm27308535/Output/ocm27308535_0130.tif (deflated 4%)
  adding: mnt/lsdi/ocm27308535/ocm27308535/Output/ocm27308535_0131.tif (deflated 4%)
  adding: mnt/lsdi/ocm27308535/ocm27308535/Output/ocm27308535_0132.tif (deflated 3%)
  adding: mnt/lsdi/ocm27308535/ocm27308535/Output/ocm27308535_0133.tif (deflated 4%)
  adding: mnt/lsdi/ocm27308535/ocm27308535/Output/ocm27308535_0134.tif (deflated 3%)
  adding: mnt/lsdi/ocm27308535/ocm27308535/Output/ocm27308535_0135.tif (deflated 4%)
  adding: mnt/lsdi/ocm27308535/ocm27308535/Output/ocm27308535_0136.tif (deflated 4%)
  adding: mnt/lsdi/ocm27308535/ocm27308535/Output/ocm27308535_0137.tif (deflated 4%)
  adding: mnt/lsdi/ocm27308535/ocm27308535/Output/ocm27308535_0138.tif (deflated 4%)
  adding: mnt/lsdi/ocm27308535/ocm27308535/Output/ocm27308535_0139.tif (deflated 4%)
  adding: mnt/lsdi/ocm27308535/ocm27308535/Output/ocm27308535_0140.tif (deflated 3%)
  adding: mnt/lsdi/ocm27308535/ocm27308535/Output/ocm27308535_0141.tif (deflated 3%)
  adding: mnt/lsdi/ocm27308535/ocm27308535/Output/ocm27308535_0142.tif (deflated 3%)
  adding: mnt/lsdi/ocm27308535/ocm27308535/Output/ocm27308535_0143.tif (deflated 4%)
  adding: mnt/lsdi/ocm27308535/ocm27308535/Output/ocm27308535_0144.tif (deflated 4%)
  adding: mnt/lsdi/ocm27308535/ocm27308535/Output/ocm27308535_0145.tif (deflated 4%)
  adding: mnt/lsdi/ocm27308535/ocm27308535/Output/ocm27308535_0146.tif (deflated 4%)
  adding: mnt/lsdi/ocm27308535/ocm27308535/Output/ocm27308535_0146a.tif (deflated 4%)
  adding: mnt/lsdi/ocm27308535/ocm27308535/Output/ocm27308535_0146b.tif (deflated 3%)
  adding: mnt/lsdi/ocm27308535/ocm27308535/Output/ocm27308535_0147.tif (deflated 4%)
  adding: mnt/lsdi/ocm27308535/ocm27308535/Output/ocm27308535_0148.tif (deflated 4%)
  adding: mnt/lsdi/ocm27308535/ocm27308535/Output/ocm27308535_0149.tif (deflated 4%)
  adding: mnt/lsdi/ocm27308535/ocm27308535/Output/ocm27308535_0150.tif (deflated 3%)
  adding: mnt/lsdi/ocm27308535/ocm27308535/Output/ocm27308535_0151.tif (deflated 4%)
  adding: mnt/lsdi/ocm27308535/ocm27308535/Output/ocm27308535_0152.tif (deflated 4%)
  adding: mnt/lsdi/ocm27308535/ocm27308535/Output/ocm27308535_0153.tif (deflated 4%)
  adding: mnt/lsdi/ocm27308535/ocm27308535/Output/ocm27308535_0154.tif (deflated 3%)
  adding: mnt/lsdi/ocm27308535/ocm27308535/Output/ocm27308535_0155.tif (deflated 4%)
  adding: mnt/lsdi/ocm27308535/ocm27308535/Output/ocm27308535_0156.tif (deflated 3%)
  adding: mnt/lsdi/ocm27308535/ocm27308535/Output/ocm27308535_0157.tif (deflated 3%)
  adding: mnt/lsdi/ocm27308535/ocm27308535/Output/ocm27308535_0158.tif (deflated 3%)
  adding: mnt/lsdi/ocm27308535/ocm27308535/Output/ocm27308535_0159.tif (deflated 4%)
  adding: mnt/lsdi/ocm27308535/ocm27308535/Output/ocm27308535_0160.tif (deflated 4%)
  adding: mnt/lsdi/ocm27308535/ocm27308535/Output/ocm27308535_0161.tif (deflated 4%)
  adding: mnt/lsdi/ocm27308535/ocm27308535/Output/ocm27308535_0162.tif (deflated 4%)
  adding: mnt/lsdi/ocm27308535/ocm27308535/Output/ocm27308535_0163.tif (deflated 4%)
  adding: mnt/lsdi/ocm27308535/ocm27308535/Output/ocm27308535_0164.tif (deflated 3%)
  adding: mnt/lsdi/ocm27308535/ocm27308535/Output/ocm27308535_0165.tif (deflated 4%)
  adding: mnt/lsdi/ocm27308535/ocm27308535/Output/ocm27308535_0166.tif (deflated 4%)
  adding: mnt/lsdi/ocm27308535/ocm27308535/Output/ocm27308535_0167.tif (deflated 3%)
  adding: mnt/lsdi/ocm27308535/ocm27308535/Output/ocm27308535_0168.tif (deflated 4%)
  adding: mnt/lsdi/ocm27308535/ocm27308535/Output/ocm27308535_0169.tif (deflated 4%)
  adding: mnt/lsdi/ocm27308535/ocm27308535/Output/ocm27308535_0170.tif (deflated 3%)
  adding: mnt/lsdi/ocm27308535/ocm27308535/Output/ocm27308535_0171.tif (deflated 4%)
  adding: mnt/lsdi/ocm27308535/ocm27308535/Output/ocm27308535_0172.tif (deflated 4%)
  adding: mnt/lsdi/ocm27308535/ocm27308535/Output/ocm27308535_0173.tif (deflated 4%)
  adding: mnt/lsdi/ocm27308535/ocm27308535/Output/ocm27308535_0174.tif (deflated 4%)
  adding: mnt/lsdi/ocm27308535/ocm27308535/Output/ocm27308535_0175.tif (deflated 4%)
  adding: mnt/lsdi/ocm27308535/ocm27308535/Output/ocm27308535_0176.tif (deflated 4%)
  adding: mnt/lsdi/ocm27308535/ocm27308535/Output/ocm27308535_0177.tif (deflated 3%)
  adding: mnt/lsdi/ocm27308535/ocm27308535/Output/ocm27308535_0178.tif (deflated 4%)
  adding: mnt/lsdi/ocm27308535/ocm27308535/Output/ocm27308535_0179.tif (deflated 4%)
  adding: mnt/lsdi/ocm27308535/ocm27308535/Output/ocm27308535_0180.tif (deflated 3%)
  adding: mnt/lsdi/ocm27308535/ocm27308535/Output/ocm27308535_0181.tif (deflated 3%)
  adding: mnt/lsdi/ocm27308535/ocm27308535/Output/ocm27308535_0182.tif (deflated 4%)
  adding: mnt/lsdi/ocm27308535/ocm27308535/Output/ocm27308535_0183.tif (deflated 4%)
  adding: mnt/lsdi/ocm27308535/ocm27308535/Output/ocm27308535_0184.tif (deflated 3%)
  adding: mnt/lsdi/ocm27308535/ocm27308535/Output/ocm27308535_0185.tif (deflated 3%)
  adding: mnt/lsdi/ocm27308535/ocm27308535/Output/ocm27308535_0186.tif (deflated 3%)
  adding: mnt/lsdi/ocm27308535/ocm27308535/Output/ocm27308535_0187.tif (deflated 4%)
  adding: mnt/lsdi/ocm27308535/ocm27308535/Output/ocm27308535_0188.tif (deflated 4%)
  adding: mnt/lsdi/ocm27308535/ocm27308535/Output/ocm27308535_0189.tif (deflated 4%)
  adding: mnt/lsdi/ocm27308535/ocm27308535/Output/ocm27308535_0190.tif (deflated 3%)
  adding: mnt/lsdi/ocm27308535/ocm27308535/Output/ocm27308535_0191.tif (deflated 4%)
  adding: mnt/lsdi/ocm27308535/ocm27308535/Output/ocm27308535_0192.tif (deflated 3%)
  adding: mnt/lsdi/ocm27308535/ocm27308535/Output/ocm27308535_0193.tif (deflated 4%)
  adding: mnt/lsdi/ocm27308535/ocm27308535/Output/ocm27308535_0194.tif (deflated 4%)
  adding: mnt/lsdi/ocm27308535/ocm27308535/Output/ocm27308535_0195.tif (deflated 4%)
  adding: mnt/lsdi/ocm27308535/ocm27308535/Output/ocm27308535_0196.tif (deflated 3%)
  adding: mnt/lsdi/ocm27308535/ocm27308535/Output/ocm27308535_0197.tif (deflated 4%)
  adding: mnt/lsdi/ocm27308535/ocm27308535/Output/ocm27308535_0198.tif (deflated 3%)
  adding: mnt/lsdi/ocm27308535/ocm27308535/Output/ocm27308535_0199.tif (deflated 4%)
  adding: mnt/lsdi/ocm27308535/ocm27308535/Output/ocm27308535_0200.tif (deflated 4%)
  adding: mnt/lsdi/ocm27308535/ocm27308535/Output/ocm27308535_0201.tif (deflated 4%)
  adding: mnt/lsdi/ocm27308535/ocm27308535/Output/ocm27308535_0202.tif (deflated 3%)
  adding: mnt/lsdi/ocm27308535/ocm27308535/Output/ocm27308535_0203.tif (deflated 4%)
  adding: mnt/lsdi/ocm27308535/ocm27308535/Output/ocm27308535_0204.tif (deflated 3%)
  adding: mnt/lsdi/ocm27308535/ocm27308535/Output/ocm27308535_0205.tif (deflated 4%)
  adding: mnt/lsdi/ocm27308535/ocm27308535/Output/ocm27308535_0206.tif (deflated 4%)
  adding: mnt/lsdi/ocm27308535/ocm27308535/Output/ocm27308535_0207.tif (deflated 4%)
  adding: mnt/lsdi/ocm27308535/ocm27308535/Output/ocm27308535_0208.tif (deflated 4%)
  adding: mnt/lsdi/ocm27308535/ocm27308535/Output/ocm27308535_0208a.tif (deflated 4%)
  adding: mnt/lsdi/ocm27308535/ocm27308535/Output/ocm27308535_0208b.tif (deflated 4%)
  adding: mnt/lsdi/ocm27308535/ocm27308535/Output/ocm27308535_0209.tif (deflated 3%)
  adding: mnt/lsdi/ocm27308535/ocm27308535/Output/ocm27308535_0210.tif (deflated 3%)
  adding: mnt/lsdi/ocm27308535/ocm27308535/Output/ocm27308535_0211.tif (deflated 4%)
  adding: mnt/lsdi/ocm27308535/ocm27308535/Output/ocm27308535_0212.tif (deflated 4%)
  adding: mnt/lsdi/ocm27308535/ocm27308535/Output/ocm27308535_0213.tif (deflated 3%)
  adding: mnt/lsdi/ocm27308535/ocm27308535/Output/ocm27308535_0214.tif (deflated 3%)
  adding: mnt/lsdi/ocm27308535/ocm27308535/Output/ocm27308535_0215.tif (deflated 4%)
  adding: mnt/lsdi/ocm27308535/ocm27308535/Output/ocm27308535_0216.tif (deflated 4%)
  adding: mnt/lsdi/ocm27308535/ocm27308535/Output/ocm27308535_0217.tif (deflated 4%)
  adding: mnt/lsdi/ocm27308535/ocm27308535/Output/ocm27308535_0218.tif (deflated 4%)
  adding: mnt/lsdi/ocm27308535/ocm27308535/Output/ocm27308535_0219.tif (deflated 4%)
  adding: mnt/lsdi/ocm27308535/ocm27308535/Output/ocm27308535_0220.tif (deflated 3%)
  adding: mnt/lsdi/ocm27308535/ocm27308535/Output/ocm27308535_0221.tif (deflated 4%)
  adding: mnt/lsdi/ocm27308535/ocm27308535/Output/ocm27308535_0222.tif (deflated 4%)
  adding: mnt/lsdi/ocm27308535/ocm27308535/Output/ocm27308535_0223.tif (deflated 4%)
  adding: mnt/lsdi/ocm27308535/ocm27308535/Output/ocm27308535_0224.tif (deflated 3%)
  adding: mnt/lsdi/ocm27308535/ocm27308535/Output/ocm27308535_0225.tif (deflated 4%)
  adding: mnt/lsdi/ocm27308535/ocm27308535/Output/ocm27308535_0226.tif (deflated 4%)
  adding: mnt/lsdi/ocm27308535/ocm27308535/Output/ocm27308535_0227.tif (deflated 3%)
  adding: mnt/lsdi/ocm27308535/ocm27308535/Output/ocm27308535_0228.tif (deflated 3%)
  adding: mnt/lsdi/ocm27308535/ocm27308535/Output/ocm27308535_0229.tif (deflated 4%)
  adding: mnt/lsdi/ocm27308535/ocm27308535/Output/ocm27308535_0230.tif (deflated 3%)
  adding: mnt/lsdi/ocm27308535/ocm27308535/Output/ocm27308535_0231.tif (deflated 4%)
  adding: mnt/lsdi/ocm27308535/ocm27308535/Output/ocm27308535_0232.tif (deflated 3%)
  adding: mnt/lsdi/ocm27308535/ocm27308535/Output/ocm27308535_0233.tif (deflated 3%)
  adding: mnt/lsdi/ocm27308535/ocm27308535/Output/ocm27308535_0234.tif (deflated 3%)
  adding: mnt/lsdi/ocm27308535/ocm27308535/Output/ocm27308535_0235.tif (deflated 4%)
  adding: mnt/lsdi/ocm27308535/ocm27308535/Output/ocm27308535_0236.tif (deflated 3%)
  adding: mnt/lsdi/ocm27308535/ocm27308535/Output/ocm27308535_0237.tif (deflated 3%)
  adding: mnt/lsdi/ocm27308535/ocm27308535/Output/ocm27308535_0238.tif (deflated 4%)
  adding: mnt/lsdi/ocm27308535/ocm27308535/Output/ocm27308535_0239.tif (deflated 4%)
  adding: mnt/lsdi/ocm27308535/ocm27308535/Output/ocm27308535_0240.tif (deflated 4%)
  adding: mnt/lsdi/ocm27308535/ocm27308535/Output/ocm27308535_0241.tif (deflated 4%)
  adding: mnt/lsdi/ocm27308535/ocm27308535/Output/ocm27308535_0242.tif (deflated 3%)
  adding: mnt/lsdi/ocm27308535/ocm27308535/Output/ocm27308535_0243.tif (deflated 3%)
  adding: mnt/lsdi/ocm27308535/ocm27308535/Output/ocm27308535_0244.tif (deflated 4%)
  adding: mnt/lsdi/ocm27308535/ocm27308535/Output/ocm27308535_0245.tif (deflated 4%)
  adding: mnt/lsdi/ocm27308535/ocm27308535/Output/ocm27308535_0246.tif (deflated 4%)
  adding: mnt/lsdi/ocm27308535/ocm27308535/Output/ocm27308535_0247.tif (deflated 4%)
  adding: mnt/lsdi/ocm27308535/ocm27308535/Output/ocm27308535_0248.tif (deflated 3%)
  adding: mnt/lsdi/ocm27308535/ocm27308535/Output/ocm27308535_0249.tif (deflated 4%)
  adding: mnt/lsdi/ocm27308535/ocm27308535/Output/ocm27308535_0250.tif (deflated 3%)
  adding: mnt/lsdi/ocm27308535/ocm27308535/Output/ocm27308535_0251.tif (deflated 4%)
  adding: mnt/lsdi/ocm27308535/ocm27308535/Output/ocm27308535_0252.tif (deflated 4%)
  adding: mnt/lsdi/ocm27308535/ocm27308535/Output/ocm27308535_0252a.tif (deflated 4%)
  adding: mnt/lsdi/ocm27308535/ocm27308535/Output/ocm27308535_0252b.tif (deflated 4%)
  adding: mnt/lsdi/ocm27308535/ocm27308535/Output/ocm27308535_0253.tif (deflated 4%)
  adding: mnt/lsdi/ocm27308535/ocm27308535/Output/ocm27308535_0254.tif (deflated 4%)
  adding: mnt/lsdi/ocm27308535/ocm27308535/Output/ocm27308535_0255.tif (deflated 3%)
  adding: mnt/lsdi/ocm27308535/ocm27308535/Output/ocm27308535_0256.tif (deflated 3%)
  adding: mnt/lsdi/ocm27308535/ocm27308535/Output/ocm27308535_0257.tif (deflated 4%)
  adding: mnt/lsdi/ocm27308535/ocm27308535/Output/ocm27308535_0258.tif (deflated 4%)
  adding: mnt/lsdi/ocm27308535/ocm27308535/Output/ocm27308535_0259.tif (deflated 3%)
  adding: mnt/lsdi/ocm27308535/ocm27308535/Output/ocm27308535_0260.tif (deflated 4%)
  adding: mnt/lsdi/ocm27308535/ocm27308535/Output/ocm27308535_0261.tif (deflated 4%)
  adding: mnt/lsdi/ocm27308535/ocm27308535/Output/ocm27308535_0262.tif (deflated 4%)
  adding: mnt/lsdi/ocm27308535/ocm27308535/Output/ocm27308535_0263.tif (deflated 3%)
  adding: mnt/lsdi/ocm27308535/ocm27308535/Output/ocm27308535_0264.tif (deflated 4%)
  adding: mnt/lsdi/ocm27308535/ocm27308535/Output/ocm27308535_0265.tif (deflated 4%)
  adding: mnt/lsdi/ocm27308535/ocm27308535/Output/ocm27308535_0266.tif (deflated 4%)
  adding: mnt/lsdi/ocm27308535/ocm27308535/Output/ocm27308535_0266a.tif (deflated 4%)
  adding: mnt/lsdi/ocm27308535/ocm27308535/Output/ocm27308535_0266b.tif (deflated 4%)
  adding: mnt/lsdi/ocm27308535/ocm27308535/Output/ocm27308535_0267.tif (deflated 4%)
  adding: mnt/lsdi/ocm27308535/ocm27308535/Output/ocm27308535_0268.tif (deflated 4%)
  adding: mnt/lsdi/ocm27308535/ocm27308535/Output/ocm27308535_0269.tif (deflated 4%)
  adding: mnt/lsdi/ocm27308535/ocm27308535/Output/ocm27308535_0270.tif (deflated 4%)
  adding: mnt/lsdi/ocm27308535/ocm27308535/Output/ocm27308535_0271.tif (deflated 4%)
  adding: mnt/lsdi/ocm27308535/ocm27308535/Output/ocm27308535_0272.tif (deflated 4%)
  adding: mnt/lsdi/ocm27308535/ocm27308535/Output/ocm27308535_0273.tif (deflated 4%)
  adding: mnt/lsdi/ocm27308535/ocm27308535/Output/ocm27308535_0274.tif (deflated 4%)
  adding: mnt/lsdi/ocm27308535/ocm27308535/Output/ocm27308535_0275.tif (deflated 4%)
  adding: mnt/lsdi/ocm27308535/ocm27308535/Output/ocm27308535_0276.tif (deflated 4%)
  adding: mnt/lsdi/ocm27308535/ocm27308535/Output/ocm27308535_0277.tif (deflated 4%)
  adding: mnt/lsdi/ocm27308535/ocm27308535/Output/ocm27308535_0278.tif (deflated 4%)
  adding: mnt/lsdi/ocm27308535/ocm27308535/Output/ocm27308535_0279.tif (deflated 4%)
  adding: mnt/lsdi/ocm27308535/ocm27308535/Output/ocm27308535_0280.tif (deflated 4%)
  adding: mnt/lsdi/ocm27308535/ocm27308535/Output/ocm27308535_0281.tif (deflated 4%)
  adding: mnt/lsdi/ocm27308535/ocm27308535/Output/ocm27308535_0282.tif (deflated 4%)
  adding: mnt/lsdi/ocm27308535/ocm27308535/Output/ocm27308535_0283.tif (deflated 4%)
  adding: mnt/lsdi/ocm27308535/ocm27308535/Output/ocm27308535_0284.tif (deflated 4%)
  adding: mnt/lsdi/ocm27308535/ocm27308535/Output/ocm27308535_0285.tif (deflated 4%)
  adding: mnt/lsdi/ocm27308535/ocm27308535/Output/ocm27308535_0286.tif (deflated 3%)
  adding: mnt/lsdi/ocm27308535/ocm27308535/Output/ocm27308535_0287.tif (deflated 3%)
  adding: mnt/lsdi/ocm27308535/ocm27308535/Output/ocm27308535_0288.tif (deflated 4%)
  adding: mnt/lsdi/ocm27308535/ocm27308535/Output/ocm27308535_0289.tif (deflated 4%)
  adding: mnt/lsdi/ocm27308535/ocm27308535/Output/ocm27308535_0290.tif (deflated 4%)
  adding: mnt/lsdi/ocm27308535/ocm27308535/Output/ocm27308535_0291.tif (deflated 4%)
  adding: mnt/lsdi/ocm27308535/ocm27308535/Output/ocm27308535_0292.tif (deflated 4%)
  adding: mnt/lsdi/ocm27308535/ocm27308535/Output/ocm27308535_0293.tif (deflated 4%)
  adding: mnt/lsdi/ocm27308535/ocm27308535/Output/ocm27308535_0294.tif (deflated 3%)
  adding: mnt/lsdi/ocm27308535/ocm27308535/Output/ocm27308535_0295.tif (deflated 4%)
  adding: mnt/lsdi/ocm27308535/ocm27308535/Output/ocm27308535_0296.tif (deflated 4%)
  adding: mnt/lsdi/ocm27308535/ocm27308535/Output/ocm27308535_0297.tif (deflated 4%)
  adding: mnt/lsdi/ocm27308535/ocm27308535/Output/ocm27308535_0298.tif (deflated 4%)
  adding: mnt/lsdi/ocm27308535/ocm27308535/Output/ocm27308535_0299.tif (deflated 4%)
  adding: mnt/lsdi/ocm27308535/ocm27308535/Output/ocm27308535_0300.tif (deflated 3%)
  adding: mnt/lsdi/ocm27308535/ocm27308535/Output/ocm27308535_0301.tif (deflated 4%)
  adding: mnt/lsdi/ocm27308535/ocm27308535/Output/ocm27308535_0302.tif (deflated 4%)
  adding: mnt/lsdi/ocm27308535/ocm27308535/Output/ocm27308535_0303.tif (deflated 4%)
  adding: mnt/lsdi/ocm27308535/ocm27308535/Output/ocm27308535_0304.tif (deflated 4%)
  adding: mnt/lsdi/ocm27308535/ocm27308535/Output/ocm27308535_0305.tif (deflated 4%)
  adding: mnt/lsdi/ocm27308535/ocm27308535/Output/ocm27308535_0306.tif (deflated 3%)
  adding: mnt/lsdi/ocm27308535/ocm27308535/Output/ocm27308535_0307.tif (deflated 4%)
  adding: mnt/lsdi/ocm27308535/ocm27308535/Output/ocm27308535_0308.tif (deflated 4%)
  adding: mnt/lsdi/ocm27308535/ocm27308535/Output/ocm27308535_0309.tif (deflated 4%)
  adding: mnt/lsdi/ocm27308535/ocm27308535/Output/ocm27308535_0310.tif (deflated 4%)
  adding: mnt/lsdi/ocm27308535/ocm27308535/Output/ocm27308535_0311.tif (deflated 3%)
  adding: mnt/lsdi/ocm27308535/ocm27308535/Output/ocm27308535_0312.tif (deflated 4%)
  adding: mnt/lsdi/ocm27308535/ocm27308535/Output/ocm27308535_0313.tif (deflated 4%)
  adding: mnt/lsdi/ocm27308535/ocm27308535/Output/ocm27308535_0314.tif (deflated 4%)
  adding: mnt/lsdi/ocm27308535/ocm27308535/Output/ocm27308535_0315.tif (deflated 4%)
  adding: mnt/lsdi/ocm27308535/ocm27308535/Output/ocm27308535_0316.tif (deflated 4%)
  adding: mnt/lsdi/ocm27308535/ocm27308535/Output/ocm27308535_0317.tif (deflated 4%)
  adding: mnt/lsdi/ocm27308535/ocm27308535/Output/ocm27308535_0318.tif (deflated 4%)
  adding: mnt/lsdi/ocm27308535/ocm27308535/Output/ocm27308535_0319.tif (deflated 4%)
  adding: mnt/lsdi/ocm27308535/ocm27308535/Output/ocm27308535_0320.tif (deflated 4%)
  adding: mnt/lsdi/ocm27308535/ocm27308535/Output/ocm27308535_0321.tif (deflated 4%)
  adding: mnt/lsdi/ocm27308535/ocm27308535/Output/ocm27308535_0322.tif (deflated 4%)
  adding: mnt/lsdi/ocm27308535/ocm27308535/Output/ocm27308535_0323.tif (deflated 4%)
  adding: mnt/lsdi/ocm27308535/ocm27308535/Output/ocm27308535_0324.tif (deflated 4%)
  adding: mnt/lsdi/ocm27308535/ocm27308535/Output/ocm27308535_0325.tif (deflated 4%)
  adding: mnt/lsdi/ocm27308535/ocm27308535/Output/ocm27308535_0326.tif (deflated 3%)
  adding: mnt/lsdi/ocm27308535/ocm27308535/Output/ocm27308535_0327.tif (deflated 4%)
  adding: mnt/lsdi/ocm27308535/ocm27308535/Output/ocm27308535_0328.tif (deflated 3%)
  adding: mnt/lsdi/ocm27308535/ocm27308535/Output/ocm27308535_0329.tif (deflated 4%)
  adding: mnt/lsdi/ocm27308535/ocm27308535/Output/ocm27308535_0330.tif (deflated 4%)
  adding: mnt/lsdi/ocm27308535/ocm27308535/Output/ocm27308535_0331.tif (deflated 4%)
  adding: mnt/lsdi/ocm27308535/ocm27308535/Output/ocm27308535_0332.tif (deflated 3%)
  adding: mnt/lsdi/ocm27308535/ocm27308535/Output/ocm27308535_0333.tif (deflated 4%)
  adding: mnt/lsdi/ocm27308535/ocm27308535/Output/ocm27308535_0334.tif (deflated 4%)
  adding: mnt/lsdi/ocm27308535/ocm27308535/Output/ocm27308535_0335.tif (deflated 4%)
  adding: mnt/lsdi/ocm27308535/ocm27308535/Output/ocm27308535_0336.tif (deflated 4%)
  adding: mnt/lsdi/ocm27308535/ocm27308535/Output/ocm27308535_0337.tif (deflated 4%)
  adding: mnt/lsdi/ocm27308535/ocm27308535/Output/ocm27308535_0338.tif (deflated 4%)
  adding: mnt/lsdi/ocm27308535/ocm27308535/Output/ocm27308535_0339.tif (deflated 3%)
  adding: mnt/lsdi/ocm27308535/ocm27308535/Output/ocm27308535_0340.tif (deflated 4%)
  adding: mnt/lsdi/ocm27308535/ocm27308535/Output/ocm27308535_0341.tif (deflated 4%)
  adding: mnt/lsdi/ocm27308535/ocm27308535/Output/ocm27308535_0342.tif (deflated 3%)
  adding: mnt/lsdi/ocm27308535/ocm27308535/Output/ocm27308535_0343.tif (deflated 4%)
  adding: mnt/lsdi/ocm27308535/ocm27308535/Output/ocm27308535_0344.tif (deflated 3%)
  adding: mnt/lsdi/ocm27308535/ocm27308535/Output/ocm27308535_0345.tif (deflated 4%)
  adding: mnt/lsdi/ocm27308535/ocm27308535/Output/ocm27308535_0346.tif (deflated 4%)
  adding: mnt/lsdi/ocm27308535/ocm27308535/Output/ocm27308535_0347.tif (deflated 3%)
  adding: mnt/lsdi/ocm27308535/ocm27308535/Output/ocm27308535_0348.tif (deflated 3%)
  adding: mnt/lsdi/ocm27308535/ocm27308535/Output/ocm27308535_0349.tif (deflated 4%)
  adding: mnt/lsdi/ocm27308535/ocm27308535/Output/ocm27308535_0350.tif (deflated 4%)
  adding: mnt/lsdi/ocm27308535/ocm27308535/Output/ocm27308535_0351.tif (deflated 4%)
  adding: mnt/lsdi/ocm27308535/ocm27308535/Output/ocm27308535_0352.tif (deflated 3%)
  adding: mnt/lsdi/ocm27308535/ocm27308535/Output/ocm27308535_0353.tif (deflated 3%)
  adding: mnt/lsdi/ocm27308535/ocm27308535/Output/ocm27308535_0354.tif (deflated 3%)
  adding: mnt/lsdi/ocm27308535/ocm27308535/Output/ocm27308535_0355.tif (deflated 3%)
  adding: mnt/lsdi/ocm27308535/ocm27308535/Output/ocm27308535_0356.tif (deflated 4%)
  adding: mnt/lsdi/ocm27308535/ocm27308535/Output/ocm27308535_0357.tif (deflated 4%)
  adding: mnt/lsdi/ocm27308535/ocm27308535/Output/ocm27308535_0358.tif (deflated 4%)
  adding: mnt/lsdi/ocm27308535/ocm27308535/Output/ocm27308535_0359.tif (deflated 4%)
  adding: mnt/lsdi/ocm27308535/ocm27308535/Output/ocm27308535_0360.tif (deflated 4%)
  adding: mnt/lsdi/ocm27308535/ocm27308535/Output/ocm27308535_0361.tif (deflated 4%)
  adding: mnt/lsdi/ocm27308535/ocm27308535/Output/ocm27308535_0362.tif (deflated 3%)
  adding: mnt/lsdi/ocm27308535/ocm27308535/Output/ocm27308535_0363.tif (deflated 4%)
  adding: mnt/lsdi/ocm27308535/ocm27308535/Output/ocm27308535_0364.tif (deflated 4%)
  adding: mnt/lsdi/ocm27308535/ocm27308535/Output/ocm27308535_0365.tif (deflated 3%)
  adding: mnt/lsdi/ocm27308535/ocm27308535/Output/ocm27308535_0366.tif (deflated 3%)
  adding: mnt/lsdi/ocm27308535/ocm27308535/Output/ocm27308535_0367.tif (deflated 4%)
  adding: mnt/lsdi/ocm27308535/ocm27308535/Output/ocm27308535_0368.tif (deflated 4%)
  adding: mnt/lsdi/ocm27308535/ocm27308535/Output/ocm27308535_0369.tif (deflated 4%)
  adding: mnt/lsdi/ocm27308535/ocm27308535/Output/ocm27308535_0370.tif (deflated 4%)
  adding: mnt/lsdi/ocm27308535/ocm27308535/Output/ocm27308535_0371.tif (deflated 4%)
  adding: mnt/lsdi/ocm27308535/ocm27308535/Output/ocm27308535_0372.tif (deflated 4%)
  adding: mnt/lsdi/ocm27308535/ocm27308535/Output/ocm27308535_0373.tif (deflated 4%)
  adding: mnt/lsdi/ocm27308535/ocm27308535/Output/ocm27308535_0374.tif (deflated 4%)
  adding: mnt/lsdi/ocm27308535/ocm27308535/Output/ocm27308535_0375.tif (deflated 4%)
  adding: mnt/lsdi/ocm27308535/ocm27308535/Output/ocm27308535_0376.tif (deflated 4%)
  adding: mnt/lsdi/ocm27308535/ocm27308535/Output/ocm27308535_0377.tif (deflated 3%)
  adding: mnt/lsdi/ocm27308535/ocm27308535/Output/ocm27308535_0378.tif (deflated 4%)
  adding: mnt/lsdi/ocm27308535/ocm27308535/Output/ocm27308535_0379.tif (deflated 4%)
  adding: mnt/lsdi/ocm27308535/ocm27308535/Output/ocm27308535_0380.tif (deflated 4%)
  adding: mnt/lsdi/ocm27308535/ocm27308535/Output/ocm27308535_0380a.tif (deflated 4%)
  adding: mnt/lsdi/ocm27308535/ocm27308535/Output/ocm27308535_0380b.tif (deflated 4%)
  adding: mnt/lsdi/ocm27308535/ocm27308535/Output/ocm27308535_0381.tif (deflated 3%)
  adding: mnt/lsdi/ocm27308535/ocm27308535/Output/ocm27308535_0382.tif (deflated 4%)
  adding: mnt/lsdi/ocm27308535/ocm27308535/Output/ocm27308535_0383.tif (deflated 3%)
  adding: mnt/lsdi/ocm27308535/ocm27308535/Output/ocm27308535_0384.tif (deflated 4%)
  adding: mnt/lsdi/ocm27308535/ocm27308535/Output/ocm27308535_0385.tif (deflated 4%)
  adding: mnt/lsdi/ocm27308535/ocm27308535/Output/ocm27308535_0386.tif (deflated 4%)
  adding: mnt/lsdi/ocm27308535/ocm27308535/Output/ocm27308535_0387.tif (deflated 4%)
  adding: mnt/lsdi/ocm27308535/ocm27308535/Output/ocm27308535_0388.tif (deflated 4%)
  adding: mnt/lsdi/ocm27308535/ocm27308535/Output/ocm27308535_0389.tif (deflated 4%)
  adding: mnt/lsdi/ocm27308535/ocm27308535/Output/ocm27308535_0390.tif (deflated 4%)
  adding: mnt/lsdi/ocm27308535/ocm27308535/Output/ocm27308535_0391.tif (deflated 4%)
  adding: mnt/lsdi/ocm27308535/ocm27308535/Output/ocm27308535_0392.tif (deflated 4%)
  adding: mnt/lsdi/ocm27308535/ocm27308535/Output/ocm27308535_0393.tif (deflated 4%)
  adding: mnt/lsdi/ocm27308535/ocm27308535/Output/ocm27308535_0394.tif (deflated 3%)
  adding: mnt/lsdi/ocm27308535/ocm27308535/Output/ocm27308535_0395.tif (deflated 4%)
  adding: mnt/lsdi/ocm27308535/ocm27308535/Output/ocm27308535_0396.tif (deflated 4%)
  adding: mnt/lsdi/ocm27308535/ocm27308535/Output/ocm27308535_0397.tif (deflated 4%)
  adding: mnt/lsdi/ocm27308535/ocm27308535/Output/ocm27308535_0398.tif (deflated 4%)
  adding: mnt/lsdi/ocm27308535/ocm27308535/Output/ocm27308535_0399.tif (deflated 8%)
  adding: mnt/lsdi/ocm27308535/ocm27308535/Output/ocm27308535_0400.tif (deflated 3%)
  adding: mnt/lsdi/ocm27308535/ocm27308535/Output/ocm27308535_0401.tif (deflated 3%)
  adding: mnt/lsdi/ocm27308535/ocm27308535/Output/ocm27308535_0402.tif (deflated 3%)
  adding: mnt/lsdi/ocm27308535/ocm27308535/Output/ocm27308535_0403.tif (deflated 3%)
  adding: mnt/lsdi/ocm27308535/ocm27308535/Output/ocm27308535_0404.tif (deflated 4%)
  adding: mnt/lsdi/ocm27308535/ocm27308535/Output/ocm27308535_0405.tif (deflated 80%)
  adding: mnt/lsdi/ocm27308535/ocm27308535/Output/ocm27308535_0406.tif (deflated 3%)
  adding: mnt/lsdi/ocm27308535/ocm27308535/Output/ocm27308535_0407.tif (deflated 3%)
  adding: mnt/lsdi/ocm27308535/ocm27308535/Output/ocm27308535_0408.tif (deflated 3%)
  adding: mnt/lsdi/ocm27308535/ocm27308535/Output/ocm27308535_0409.tif (deflated 3%)
  adding: mnt/lsdi/ocm27308535/ocm27308535/Output/ocm27308535_0410.tif (deflated 80%)
curl --location --header authorization: LOW fpJYfLnxbLmCEHqU:JQbq6NgBaPrSh98Y --upload-file /temp/ocm27308535_images.zip http://s3.us.archive.org/27308535.emory.edu/27308535_images.zip
  % Total    % Received % Xferd  Average Speed   Time    Time     Time  Current
                                 Dload  Upload   Total   Spent    Left  Speed
  0     0    0     0    0     0      0      0 --:--:-- --:--:-- --:--:--     0  0 14.9M    0     0    0     0      0      0 --:--:--  0:00:01 --:--:--     0  4 14.9M    0     0    4  624k      0   338k  0:00:45  0:00:01  0:00:44  368k 10 14.9M    0     0   10 1536k      0   540k  0:00:28  0:00:02  0:00:26  569k 15 14.9M    0     0   15 2416k      0   630k  0:00:24  0:00:03  0:00:21  655k 21 14.9M    0     0   21 3296k      0   683k  0:00:22  0:00:04  0:00:18  705k 27 14.9M    0     0   27 4160k      0   716k  0:00:21  0:00:05  0:00:16  892k 32 14.9M    0     0   32 5008k      0   733k  0:00:20  0:00:06  0:00:14  879k 38 14.9M    0     0   38 5856k      0   749k  0:00:20  0:00:07  0:00:13  869k 44 14.9M    0     0   44 6752k      0   765k  0:00:20  0:00:08  0:00:12  869k 49 14.9M    0     0   49 7616k      0   776k  0:00:19  0:00:09  0:00:10  866k 55 14.9M    0     0   55 8496k      0   786k  0:00:19  0:00:10  0:00:09  868k 61 14.9M    0     0   61 9376k      0   794k  0:00:19  0:00:11  0:00:08  879k 66 14.9M    0     0   66  9.9M      0   797k  0:00:19  0:00:12  0:00:07  872k 72 14.9M    0     0   72 10.8M      0   804k  0:00:19  0:00:13  0:00:06  873k 78 14.9M    0     0   78 11.6M      0   808k  0:00:18  0:00:14  0:00:04  871k 83 14.9M    0     0   83 12.4M      0   806k  0:00:19  0:00:15  0:00:04  848k 87 14.9M    0     0   87 13.0M      0   794k  0:00:19  0:00:16  0:00:03  793k 91 14.9M    0     0   91 13.7M      0   789k  0:00:19  0:00:17  0:00:02  769k 96 14.9M    0     0   96 14.4M      0   784k  0:00:19  0:00:18  0:00:01  727k100 14.9M    0     0  100 14.9M      0   741k  0:00:20  0:00:20 --:--:--  572k100 14.9M    0     0  100 14.9M      0   707k  0:00:21  0:00:21 --:--:--  438k100 14.9M    0     0  100 14.9M      0   676k  0:00:22  0:00:22 --:--:--  336k100 14.9M    0     0  100 14.9M      0   666k  0:00:23  0:00:23 --:--:--  244k100 14.9M    0     0  100 14.9M      0   666k  0:00:23  0:00:23 --:--:--  138k
