26179256
curl --location --header x-amz-auto-make-bucket:1 --header x-archive-ignore-preexisting-bucket:1 --header x-archive-queue-derive:0 --header x-archive-meta-mediatype:texts --header x-archive-meta03-collection:emory --header x-archive-meta01-collection:americanmethodism --header x-archive-meta-sponsor:Emory University, Pitts Theology Library --header x-archive-meta-contributor:Emory University, Pitts Theology Library --header x-archive-meta-ppi:300 --header authorization: LOW fpJYfLnxbLmCEHqU:JQbq6NgBaPrSh98Y --upload-file /mnt/lsdi/ocm26179256/ocm26179256/ocm26179256_MRC.xml http://s3.us.archive.org/26179256.emory.edu/26179256.emory.edu_marc.xml
  % Total    % Received % Xferd  Average Speed   Time    Time     Time  Current
                                 Dload  Upload   Total   Spent    Left  Speed
  0     0    0     0    0     0      0      0 --:--:-- --:--:-- --:--:--     0  0  3472    0     0    0     0      0      0 --:--:--  0:00:01 --:--:--     0100  3472    0     0  100  3472      0   1914  0:00:01  0:00:01 --:--:--  1995100  3472    0     0  100  3472      0   1914  0:00:01  0:00:01 --:--:--  1995
zip -r /temp/ocm26179256_images.zip /mnt/lsdi/ocm26179256/ocm26179256/Output/0001.tif /mnt/lsdi/ocm26179256/ocm26179256/Output/0002.tif /mnt/lsdi/ocm26179256/ocm26179256/Output/0003.tif /mnt/lsdi/ocm26179256/ocm26179256/Output/0004.tif /mnt/lsdi/ocm26179256/ocm26179256/Output/0005.tif /mnt/lsdi/ocm26179256/ocm26179256/Output/0006.tif /mnt/lsdi/ocm26179256/ocm26179256/Output/0007.tif /mnt/lsdi/ocm26179256/ocm26179256/Output/0008.tif /mnt/lsdi/ocm26179256/ocm26179256/Output/0009.tif /mnt/lsdi/ocm26179256/ocm26179256/Output/0010.tif /mnt/lsdi/ocm26179256/ocm26179256/Output/0011.tif /mnt/lsdi/ocm26179256/ocm26179256/Output/0012.tif /mnt/lsdi/ocm26179256/ocm26179256/Output/0013.tif /mnt/lsdi/ocm26179256/ocm26179256/Output/0014.tif /mnt/lsdi/ocm26179256/ocm26179256/Output/0015.tif /mnt/lsdi/ocm26179256/ocm26179256/Output/0016.tif /mnt/lsdi/ocm26179256/ocm26179256/Output/0017.tif /mnt/lsdi/ocm26179256/ocm26179256/Output/0018.tif /mnt/lsdi/ocm26179256/ocm26179256/Output/0019.tif /mnt/lsdi/ocm26179256/ocm26179256/Output/0020.tif /mnt/lsdi/ocm26179256/ocm26179256/Output/0021.tif /mnt/lsdi/ocm26179256/ocm26179256/Output/0022.tif /mnt/lsdi/ocm26179256/ocm26179256/Output/0023.tif /mnt/lsdi/ocm26179256/ocm26179256/Output/0024.tif /mnt/lsdi/ocm26179256/ocm26179256/Output/0025.tif /mnt/lsdi/ocm26179256/ocm26179256/Output/0026.tif /mnt/lsdi/ocm26179256/ocm26179256/Output/0027.tif /mnt/lsdi/ocm26179256/ocm26179256/Output/0028.tif /mnt/lsdi/ocm26179256/ocm26179256/Output/0029.tif /mnt/lsdi/ocm26179256/ocm26179256/Output/0030.tif /mnt/lsdi/ocm26179256/ocm26179256/Output/0031.tif /mnt/lsdi/ocm26179256/ocm26179256/Output/0032.tif /mnt/lsdi/ocm26179256/ocm26179256/Output/0033.tif /mnt/lsdi/ocm26179256/ocm26179256/Output/0034.tif /mnt/lsdi/ocm26179256/ocm26179256/Output/0035.tif /mnt/lsdi/ocm26179256/ocm26179256/Output/0036.tif /mnt/lsdi/ocm26179256/ocm26179256/Output/0037.tif /mnt/lsdi/ocm26179256/ocm26179256/Output/0038.tif /mnt/lsdi/ocm26179256/ocm26179256/Output/0039.tif /mnt/lsdi/ocm26179256/ocm26179256/Output/0040.tif /mnt/lsdi/ocm26179256/ocm26179256/Output/0041.tif /mnt/lsdi/ocm26179256/ocm26179256/Output/0042.tif /mnt/lsdi/ocm26179256/ocm26179256/Output/0043.tif /mnt/lsdi/ocm26179256/ocm26179256/Output/0044.tif
  adding: mnt/lsdi/ocm26179256/ocm26179256/Output/0001.tif (deflated 75%)
  adding: mnt/lsdi/ocm26179256/ocm26179256/Output/0002.tif (deflated 4%)
  adding: mnt/lsdi/ocm26179256/ocm26179256/Output/0003.tif (deflated 75%)
  adding: mnt/lsdi/ocm26179256/ocm26179256/Output/0004.tif (deflated 19%)
  adding: mnt/lsdi/ocm26179256/ocm26179256/Output/0005.tif (deflated 75%)
  adding: mnt/lsdi/ocm26179256/ocm26179256/Output/0006.tif (deflated 5%)
  adding: mnt/lsdi/ocm26179256/ocm26179256/Output/0007.tif (deflated 37%)
  adding: mnt/lsdi/ocm26179256/ocm26179256/Output/0008.tif (deflated 4%)
  adding: mnt/lsdi/ocm26179256/ocm26179256/Output/0009.tif (deflated 3%)
  adding: mnt/lsdi/ocm26179256/ocm26179256/Output/0010.tif (deflated 3%)
  adding: mnt/lsdi/ocm26179256/ocm26179256/Output/0011.tif (deflated 3%)
  adding: mnt/lsdi/ocm26179256/ocm26179256/Output/0012.tif (deflated 3%)
  adding: mnt/lsdi/ocm26179256/ocm26179256/Output/0013.tif (deflated 3%)
  adding: mnt/lsdi/ocm26179256/ocm26179256/Output/0014.tif (deflated 3%)
  adding: mnt/lsdi/ocm26179256/ocm26179256/Output/0015.tif (deflated 3%)
  adding: mnt/lsdi/ocm26179256/ocm26179256/Output/0016.tif (deflated 4%)
  adding: mnt/lsdi/ocm26179256/ocm26179256/Output/0017.tif (deflated 3%)
  adding: mnt/lsdi/ocm26179256/ocm26179256/Output/0018.tif (deflated 3%)
  adding: mnt/lsdi/ocm26179256/ocm26179256/Output/0019.tif (deflated 3%)
  adding: mnt/lsdi/ocm26179256/ocm26179256/Output/0020.tif (deflated 4%)
  adding: mnt/lsdi/ocm26179256/ocm26179256/Output/0021.tif (deflated 3%)
  adding: mnt/lsdi/ocm26179256/ocm26179256/Output/0022.tif (deflated 4%)
  adding: mnt/lsdi/ocm26179256/ocm26179256/Output/0023.tif (deflated 3%)
  adding: mnt/lsdi/ocm26179256/ocm26179256/Output/0024.tif (deflated 3%)
  adding: mnt/lsdi/ocm26179256/ocm26179256/Output/0025.tif (deflated 4%)
  adding: mnt/lsdi/ocm26179256/ocm26179256/Output/0026.tif (deflated 4%)
  adding: mnt/lsdi/ocm26179256/ocm26179256/Output/0027.tif (deflated 4%)
  adding: mnt/lsdi/ocm26179256/ocm26179256/Output/0028.tif (deflated 4%)
  adding: mnt/lsdi/ocm26179256/ocm26179256/Output/0029.tif (deflated 3%)
  adding: mnt/lsdi/ocm26179256/ocm26179256/Output/0030.tif (deflated 3%)
  adding: mnt/lsdi/ocm26179256/ocm26179256/Output/0031.tif (deflated 3%)
  adding: mnt/lsdi/ocm26179256/ocm26179256/Output/0032.tif (deflated 3%)
  adding: mnt/lsdi/ocm26179256/ocm26179256/Output/0033.tif (deflated 3%)
  adding: mnt/lsdi/ocm26179256/ocm26179256/Output/0034.tif (deflated 3%)
  adding: mnt/lsdi/ocm26179256/ocm26179256/Output/0035.tif (deflated 3%)
  adding: mnt/lsdi/ocm26179256/ocm26179256/Output/0036.tif (deflated 4%)
  adding: mnt/lsdi/ocm26179256/ocm26179256/Output/0037.tif (deflated 3%)
  adding: mnt/lsdi/ocm26179256/ocm26179256/Output/0038.tif (deflated 4%)
  adding: mnt/lsdi/ocm26179256/ocm26179256/Output/0039.tif (deflated 3%)
  adding: mnt/lsdi/ocm26179256/ocm26179256/Output/0040.tif (deflated 3%)
  adding: mnt/lsdi/ocm26179256/ocm26179256/Output/0041.tif (deflated 3%)
  adding: mnt/lsdi/ocm26179256/ocm26179256/Output/0042.tif (deflated 4%)
  adding: mnt/lsdi/ocm26179256/ocm26179256/Output/0043.tif (deflated 75%)
  adding: mnt/lsdi/ocm26179256/ocm26179256/Output/0044.tif (deflated 75%)
curl --location --header authorization: LOW fpJYfLnxbLmCEHqU:JQbq6NgBaPrSh98Y --upload-file /temp/ocm26179256_images.zip http://s3.us.archive.org/26179256.emory.edu/26179256_images.zip
  % Total    % Received % Xferd  Average Speed   Time    Time     Time  Current
                                 Dload  Upload   Total   Spent    Left  Speed
  0     0    0     0    0     0      0      0 --:--:-- --:--:-- --:--:--     0  0  671k    0     0    0     0      0      0 --:--:-- --:--:-- --:--:--     0 66  671k    0     0   66  448k      0   308k  0:00:02  0:00:01  0:00:01  325k100  671k    0     0  100  671k      0   246k  0:00:02  0:00:02 --:--:--  253k100  671k    0     0  100  671k      0   246k  0:00:02  0:00:02 --:--:--  253k
