27325301
curl --location --header x-amz-auto-make-bucket:1 --header x-archive-ignore-preexisting-bucket:1 --header x-archive-queue-derive:0 --header x-archive-meta-mediatype:texts --header x-archive-meta03-collection:emory --header x-archive-meta01-collection:americanmethodism --header x-archive-meta-sponsor:Emory University, Pitts Theology Library --header x-archive-meta-contributor:Emory University, Pitts Theology Library --header x-archive-meta-ppi:300 --header authorization: LOW fpJYfLnxbLmCEHqU:JQbq6NgBaPrSh98Y --upload-file /mnt/lsdi/ocm27325301/ocm27325301/ocm27325301_MRC.xml http://s3.us.archive.org/27325301.emory.edu/27325301.emory.edu_marc.xml
  % Total    % Received % Xferd  Average Speed   Time    Time     Time  Current
                                 Dload  Upload   Total   Spent    Left  Speed
  0     0    0     0    0     0      0      0 --:--:-- --:--:-- --:--:--     0  0  2896    0     0    0     0      0      0 --:--:--  0:00:01 --:--:--     0100  2896    0     0  100  2896      0   1233  0:00:02  0:00:02 --:--:--  1423100  2896    0     0  100  2896      0    864  0:00:03  0:00:03 --:--:--   953100  2896    0     0  100  2896      0    772  0:00:03  0:00:03 --:--:--   842100  2896    0     0  100  2896      0    609  0:00:04  0:00:04 --:--:--   652100  2896    0     0  100  2896      0    503  0:00:05  0:00:05 --:--:--   652100  2896    0     0  100  2896      0    428  0:00:06  0:00:06 --:--:--     0100  2896    0     0  100  2896      0    373  0:00:07  0:00:07 --:--:--     0100  2896    0     0  100  2896      0    330  0:00:08  0:00:08 --:--:--     0100  2896    0     0  100  2896      0    296  0:00:09  0:00:09 --:--:--     0100  2896    0     0  100  2896      0    270  0:00:10  0:00:10 --:--:--     0100  2896    0     0  100  2896      0    270  0:00:10  0:00:10 --:--:--     0
zip -r /temp/ocm27325301_images.zip /mnt/lsdi/ocm27325301/ocm27325301/Output/_0001.tif /mnt/lsdi/ocm27325301/ocm27325301/Output/_0002.tif /mnt/lsdi/ocm27325301/ocm27325301/Output/_0003.tif /mnt/lsdi/ocm27325301/ocm27325301/Output/_0004.tif /mnt/lsdi/ocm27325301/ocm27325301/Output/_0005.tif /mnt/lsdi/ocm27325301/ocm27325301/Output/_0006.tif /mnt/lsdi/ocm27325301/ocm27325301/Output/_0007.tif /mnt/lsdi/ocm27325301/ocm27325301/Output/_0008.tif /mnt/lsdi/ocm27325301/ocm27325301/Output/_0009.tif /mnt/lsdi/ocm27325301/ocm27325301/Output/_0010.tif /mnt/lsdi/ocm27325301/ocm27325301/Output/_0011.tif /mnt/lsdi/ocm27325301/ocm27325301/Output/_0012.tif /mnt/lsdi/ocm27325301/ocm27325301/Output/_0013.tif /mnt/lsdi/ocm27325301/ocm27325301/Output/_0014.tif /mnt/lsdi/ocm27325301/ocm27325301/Output/_0015.tif /mnt/lsdi/ocm27325301/ocm27325301/Output/_0016.tif /mnt/lsdi/ocm27325301/ocm27325301/Output/_0017.tif /mnt/lsdi/ocm27325301/ocm27325301/Output/_0018.tif /mnt/lsdi/ocm27325301/ocm27325301/Output/_0019.tif /mnt/lsdi/ocm27325301/ocm27325301/Output/_0020.tif /mnt/lsdi/ocm27325301/ocm27325301/Output/_0021.tif /mnt/lsdi/ocm27325301/ocm27325301/Output/_0022.tif /mnt/lsdi/ocm27325301/ocm27325301/Output/_0023.tif /mnt/lsdi/ocm27325301/ocm27325301/Output/_0024.tif /mnt/lsdi/ocm27325301/ocm27325301/Output/_0025.tif /mnt/lsdi/ocm27325301/ocm27325301/Output/_0026.tif
  adding: mnt/lsdi/ocm27325301/ocm27325301/Output/_0001.tif (deflated 85%)
  adding: mnt/lsdi/ocm27325301/ocm27325301/Output/_0002.tif (deflated 6%)
  adding: mnt/lsdi/ocm27325301/ocm27325301/Output/_0003.tif (deflated 85%)
  adding: mnt/lsdi/ocm27325301/ocm27325301/Output/_0004.tif (deflated 4%)
  adding: mnt/lsdi/ocm27325301/ocm27325301/Output/_0005.tif (deflated 85%)
  adding: mnt/lsdi/ocm27325301/ocm27325301/Output/_0006.tif (deflated 3%)
  adding: mnt/lsdi/ocm27325301/ocm27325301/Output/_0007.tif (deflated 4%)
  adding: mnt/lsdi/ocm27325301/ocm27325301/Output/_0008.tif (deflated 4%)
  adding: mnt/lsdi/ocm27325301/ocm27325301/Output/_0009.tif (deflated 4%)
  adding: mnt/lsdi/ocm27325301/ocm27325301/Output/_0010.tif (deflated 4%)
  adding: mnt/lsdi/ocm27325301/ocm27325301/Output/_0011.tif (deflated 4%)
  adding: mnt/lsdi/ocm27325301/ocm27325301/Output/_0012.tif (deflated 3%)
  adding: mnt/lsdi/ocm27325301/ocm27325301/Output/_0013.tif (deflated 4%)
  adding: mnt/lsdi/ocm27325301/ocm27325301/Output/_0014.tif (deflated 4%)
  adding: mnt/lsdi/ocm27325301/ocm27325301/Output/_0015.tif (deflated 4%)
  adding: mnt/lsdi/ocm27325301/ocm27325301/Output/_0016.tif (deflated 4%)
  adding: mnt/lsdi/ocm27325301/ocm27325301/Output/_0017.tif (deflated 4%)
  adding: mnt/lsdi/ocm27325301/ocm27325301/Output/_0018.tif (deflated 4%)
  adding: mnt/lsdi/ocm27325301/ocm27325301/Output/_0019.tif (deflated 3%)
  adding: mnt/lsdi/ocm27325301/ocm27325301/Output/_0020.tif (deflated 4%)
  adding: mnt/lsdi/ocm27325301/ocm27325301/Output/_0021.tif (deflated 4%)
  adding: mnt/lsdi/ocm27325301/ocm27325301/Output/_0022.tif (deflated 85%)
  adding: mnt/lsdi/ocm27325301/ocm27325301/Output/_0023.tif (deflated 85%)
  adding: mnt/lsdi/ocm27325301/ocm27325301/Output/_0024.tif (deflated 3%)
  adding: mnt/lsdi/ocm27325301/ocm27325301/Output/_0025.tif (deflated 5%)
  adding: mnt/lsdi/ocm27325301/ocm27325301/Output/_0026.tif (deflated 85%)
curl --location --header authorization: LOW fpJYfLnxbLmCEHqU:JQbq6NgBaPrSh98Y --upload-file /temp/ocm27325301_images.zip http://s3.us.archive.org/27325301.emory.edu/27325301_images.zip
  % Total    % Received % Xferd  Average Speed   Time    Time     Time  Current
                                 Dload  Upload   Total   Spent    Left  Speed
  0     0    0     0    0     0      0      0 --:--:-- --:--:-- --:--:--     0  0  929k    0     0    0     0      0      0 --:--:--  0:00:01 --:--:--     0 67  929k    0     0   67  624k      0   332k  0:00:02  0:00:01  0:00:01  346k100  929k    0     0  100  929k      0   306k  0:00:03  0:00:03 --:--:--  314k100  929k    0     0  100  929k      0   306k  0:00:03  0:00:03 --:--:--  314k
