26224232
curl --location --header x-amz-auto-make-bucket:1 --header x-archive-ignore-preexisting-bucket:1 --header x-archive-queue-derive:0 --header x-archive-meta-mediatype:texts --header x-archive-meta03-collection:emory --header x-archive-meta01-collection:americanmethodism --header x-archive-meta-sponsor:Emory University, Pitts Theology Library --header x-archive-meta-contributor:Emory University, Pitts Theology Library --header x-archive-meta-ppi:300 --header authorization: LOW fpJYfLnxbLmCEHqU:JQbq6NgBaPrSh98Y --upload-file /mnt/lsdi/ocm26224232/ocm26224232/ocm26224232_MRC.xml http://s3.us.archive.org/26224232.emory.edu/26224232.emory.edu_marc.xml
  % Total    % Received % Xferd  Average Speed   Time    Time     Time  Current
                                 Dload  Upload   Total   Spent    Left  Speed
  0     0    0     0    0     0      0      0 --:--:-- --:--:-- --:--:--     0  0  2756    0     0    0     0      0      0 --:--:--  0:00:01 --:--:--     0100  2756    0     0  100  2756      0   1314  0:00:02  0:00:02 --:--:--  1363100  2756    0     0  100  2756      0    995  0:00:02  0:00:02 --:--:--  1023100  2756    0     0  100  2756      0    731  0:00:03  0:00:03 --:--:--   745100  2756    0     0  100  2756      0    577  0:00:04  0:00:04 --:--:--   586100  2756    0     0  100  2756      0    477  0:00:05  0:00:05 --:--:--   586100  2756    0     0  100  2756      0    406  0:00:06  0:00:06 --:--:--     0100  2756    0     0  100  2756      0    354  0:00:07  0:00:07 --:--:--     0100  2756    0     0  100  2756      0    314  0:00:08  0:00:08 --:--:--     0100  2756    0     0  100  2756      0    281  0:00:09  0:00:09 --:--:--     0100  2756    0     0  100  2756      0    280  0:00:09  0:00:09 --:--:--     0
zip -r /temp/ocm26224232_images.zip /mnt/lsdi/ocm26224232/ocm26224232/Output/0003.tif /mnt/lsdi/ocm26224232/ocm26224232/Output/0004.tif /mnt/lsdi/ocm26224232/ocm26224232/Output/0005.tif /mnt/lsdi/ocm26224232/ocm26224232/Output/0006.tif /mnt/lsdi/ocm26224232/ocm26224232/Output/0007.tif /mnt/lsdi/ocm26224232/ocm26224232/Output/0008.tif /mnt/lsdi/ocm26224232/ocm26224232/Output/0009.tif /mnt/lsdi/ocm26224232/ocm26224232/Output/0010.tif /mnt/lsdi/ocm26224232/ocm26224232/Output/0011.tif /mnt/lsdi/ocm26224232/ocm26224232/Output/0012.tif /mnt/lsdi/ocm26224232/ocm26224232/Output/0013.tif /mnt/lsdi/ocm26224232/ocm26224232/Output/0014.tif /mnt/lsdi/ocm26224232/ocm26224232/Output/0015.tif /mnt/lsdi/ocm26224232/ocm26224232/Output/0016.tif /mnt/lsdi/ocm26224232/ocm26224232/Output/0017.tif /mnt/lsdi/ocm26224232/ocm26224232/Output/0018.tif /mnt/lsdi/ocm26224232/ocm26224232/Output/0019.tif /mnt/lsdi/ocm26224232/ocm26224232/Output/0020.tif /mnt/lsdi/ocm26224232/ocm26224232/Output/0021.tif /mnt/lsdi/ocm26224232/ocm26224232/Output/0022.tif /mnt/lsdi/ocm26224232/ocm26224232/Output/0023.tif /mnt/lsdi/ocm26224232/ocm26224232/Output/0024.tif /mnt/lsdi/ocm26224232/ocm26224232/Output/0025.tif /mnt/lsdi/ocm26224232/ocm26224232/Output/0026.tif /mnt/lsdi/ocm26224232/ocm26224232/Output/0027.tif /mnt/lsdi/ocm26224232/ocm26224232/Output/0028.tif /mnt/lsdi/ocm26224232/ocm26224232/Output/0029.tif /mnt/lsdi/ocm26224232/ocm26224232/Output/0030.tif /mnt/lsdi/ocm26224232/ocm26224232/Output/0031.tif /mnt/lsdi/ocm26224232/ocm26224232/Output/0032.tif
  adding: mnt/lsdi/ocm26224232/ocm26224232/Output/0003.tif (deflated 79%)
  adding: mnt/lsdi/ocm26224232/ocm26224232/Output/0004.tif (deflated 7%)
  adding: mnt/lsdi/ocm26224232/ocm26224232/Output/0005.tif (deflated 4%)
  adding: mnt/lsdi/ocm26224232/ocm26224232/Output/0006.tif (deflated 3%)
  adding: mnt/lsdi/ocm26224232/ocm26224232/Output/0007.tif (deflated 3%)
  adding: mnt/lsdi/ocm26224232/ocm26224232/Output/0008.tif (deflated 3%)
  adding: mnt/lsdi/ocm26224232/ocm26224232/Output/0009.tif (deflated 3%)
  adding: mnt/lsdi/ocm26224232/ocm26224232/Output/0010.tif (deflated 3%)
  adding: mnt/lsdi/ocm26224232/ocm26224232/Output/0011.tif (deflated 3%)
  adding: mnt/lsdi/ocm26224232/ocm26224232/Output/0012.tif (deflated 3%)
  adding: mnt/lsdi/ocm26224232/ocm26224232/Output/0013.tif (deflated 3%)
  adding: mnt/lsdi/ocm26224232/ocm26224232/Output/0014.tif (deflated 3%)
  adding: mnt/lsdi/ocm26224232/ocm26224232/Output/0015.tif (deflated 3%)
  adding: mnt/lsdi/ocm26224232/ocm26224232/Output/0016.tif (deflated 3%)
  adding: mnt/lsdi/ocm26224232/ocm26224232/Output/0017.tif (deflated 3%)
  adding: mnt/lsdi/ocm26224232/ocm26224232/Output/0018.tif (deflated 3%)
  adding: mnt/lsdi/ocm26224232/ocm26224232/Output/0019.tif (deflated 3%)
  adding: mnt/lsdi/ocm26224232/ocm26224232/Output/0020.tif (deflated 3%)
  adding: mnt/lsdi/ocm26224232/ocm26224232/Output/0021.tif (deflated 3%)
  adding: mnt/lsdi/ocm26224232/ocm26224232/Output/0022.tif (deflated 3%)
  adding: mnt/lsdi/ocm26224232/ocm26224232/Output/0023.tif (deflated 3%)
  adding: mnt/lsdi/ocm26224232/ocm26224232/Output/0024.tif (deflated 3%)
  adding: mnt/lsdi/ocm26224232/ocm26224232/Output/0025.tif (deflated 3%)
  adding: mnt/lsdi/ocm26224232/ocm26224232/Output/0026.tif (deflated 3%)
  adding: mnt/lsdi/ocm26224232/ocm26224232/Output/0027.tif (deflated 3%)
  adding: mnt/lsdi/ocm26224232/ocm26224232/Output/0028.tif (deflated 2%)
  adding: mnt/lsdi/ocm26224232/ocm26224232/Output/0029.tif (deflated 3%)
  adding: mnt/lsdi/ocm26224232/ocm26224232/Output/0030.tif (deflated 4%)
  adding: mnt/lsdi/ocm26224232/ocm26224232/Output/0031.tif (deflated 79%)
  adding: mnt/lsdi/ocm26224232/ocm26224232/Output/0032.tif (deflated 79%)
curl --location --header authorization: LOW fpJYfLnxbLmCEHqU:JQbq6NgBaPrSh98Y --upload-file /temp/ocm26224232_images.zip http://s3.us.archive.org/26224232.emory.edu/26224232_images.zip
  % Total    % Received % Xferd  Average Speed   Time    Time     Time  Current
                                 Dload  Upload   Total   Spent    Left  Speed
  0     0    0     0    0     0      0      0 --:--:-- --:--:-- --:--:--     0  0  858k    0     0    0     0      0      0 --:--:-- --:--:-- --:--:--     0 37  858k    0     0   37  320k      0   236k  0:00:03  0:00:01  0:00:02  250k100  858k    0     0  100  858k      0   282k  0:00:03  0:00:03 --:--:--  288k100  858k    0     0  100  858k      0   282k  0:00:03  0:00:03 --:--:--  288k
