26002764
curl --location --header x-amz-auto-make-bucket:1 --header x-archive-ignore-preexisting-bucket:1 --header x-archive-queue-derive:0 --header x-archive-meta-mediatype:texts --header x-archive-meta03-collection:emory --header x-archive-meta01-collection:americanmethodism --header x-archive-meta-sponsor:Emory University, Pitts Theology Library --header x-archive-meta-contributor:Emory University, Pitts Theology Library --header x-archive-meta-ppi:300 --header authorization: LOW fpJYfLnxbLmCEHqU:JQbq6NgBaPrSh98Y --upload-file /mnt/lsdi/ocm26002764/ocm26002764/ocm26002764_MRC.xml http://s3.us.archive.org/26002764.emory.edu/26002764.emory.edu_marc.xml
  % Total    % Received % Xferd  Average Speed   Time    Time     Time  Current
                                 Dload  Upload   Total   Spent    Left  Speed
  0     0    0     0    0     0      0      0 --:--:-- --:--:-- --:--:--     0  0  2909    0     0    0     0      0      0 --:--:--  0:00:01 --:--:--     0100  2909    0     0  100  2909      0   1332  0:00:02  0:00:02 --:--:--  1439100  2909    0     0  100  2909      0   1002  0:00:02  0:00:02 --:--:--  1060100  2909    0     0  100  2909      0    745  0:00:03  0:00:03 --:--:--   777100  2909    0     0  100  2909      0    593  0:00:04  0:00:04 --:--:--   613100  2909    0     0  100  2909      0    492  0:00:05  0:00:05 --:--:--   613100  2909    0     0  100  2909      0    421  0:00:06  0:00:06 --:--:--     0100  2909    0     0  100  2909      0    367  0:00:07  0:00:07 --:--:--     0100  2909    0     0  100  2909      0    326  0:00:08  0:00:08 --:--:--     0100  2909    0     0  100  2909      0    297  0:00:09  0:00:09 --:--:--     0100  2909    0     0  100  2909      0    297  0:00:09  0:00:09 --:--:--     0
zip -r /temp/ocm26002764_images.zip /mnt/lsdi/ocm26002764/ocm26002764/Output/_0001.tif /mnt/lsdi/ocm26002764/ocm26002764/Output/_0002.tif /mnt/lsdi/ocm26002764/ocm26002764/Output/_0003.tif /mnt/lsdi/ocm26002764/ocm26002764/Output/_0004.tif /mnt/lsdi/ocm26002764/ocm26002764/Output/_0004a.tif /mnt/lsdi/ocm26002764/ocm26002764/Output/_0004b.tif /mnt/lsdi/ocm26002764/ocm26002764/Output/_0005.tif /mnt/lsdi/ocm26002764/ocm26002764/Output/_0006.tif /mnt/lsdi/ocm26002764/ocm26002764/Output/_0007.tif /mnt/lsdi/ocm26002764/ocm26002764/Output/_0008.tif /mnt/lsdi/ocm26002764/ocm26002764/Output/_0009.tif /mnt/lsdi/ocm26002764/ocm26002764/Output/_0010.tif /mnt/lsdi/ocm26002764/ocm26002764/Output/_0011.tif /mnt/lsdi/ocm26002764/ocm26002764/Output/_0012.tif /mnt/lsdi/ocm26002764/ocm26002764/Output/_0013.tif /mnt/lsdi/ocm26002764/ocm26002764/Output/_0014.tif /mnt/lsdi/ocm26002764/ocm26002764/Output/_0015.tif /mnt/lsdi/ocm26002764/ocm26002764/Output/_0016.tif /mnt/lsdi/ocm26002764/ocm26002764/Output/_0017.tif /mnt/lsdi/ocm26002764/ocm26002764/Output/_0018.tif /mnt/lsdi/ocm26002764/ocm26002764/Output/_0019.tif /mnt/lsdi/ocm26002764/ocm26002764/Output/_0020.tif /mnt/lsdi/ocm26002764/ocm26002764/Output/_0021.tif /mnt/lsdi/ocm26002764/ocm26002764/Output/_0022.tif /mnt/lsdi/ocm26002764/ocm26002764/Output/_0023.tif /mnt/lsdi/ocm26002764/ocm26002764/Output/_0024.tif /mnt/lsdi/ocm26002764/ocm26002764/Output/_0025.tif /mnt/lsdi/ocm26002764/ocm26002764/Output/_0026.tif /mnt/lsdi/ocm26002764/ocm26002764/Output/_0027.tif /mnt/lsdi/ocm26002764/ocm26002764/Output/_0028.tif /mnt/lsdi/ocm26002764/ocm26002764/Output/_0029.tif /mnt/lsdi/ocm26002764/ocm26002764/Output/_0030.tif /mnt/lsdi/ocm26002764/ocm26002764/Output/_0031.tif /mnt/lsdi/ocm26002764/ocm26002764/Output/_0032.tif /mnt/lsdi/ocm26002764/ocm26002764/Output/_0033.tif /mnt/lsdi/ocm26002764/ocm26002764/Output/_0034.tif /mnt/lsdi/ocm26002764/ocm26002764/Output/_0035.tif /mnt/lsdi/ocm26002764/ocm26002764/Output/_0036.tif /mnt/lsdi/ocm26002764/ocm26002764/Output/_0037.tif /mnt/lsdi/ocm26002764/ocm26002764/Output/_0038.tif /mnt/lsdi/ocm26002764/ocm26002764/Output/_0039.tif /mnt/lsdi/ocm26002764/ocm26002764/Output/_0040.tif /mnt/lsdi/ocm26002764/ocm26002764/Output/_0041.tif /mnt/lsdi/ocm26002764/ocm26002764/Output/_0042.tif /mnt/lsdi/ocm26002764/ocm26002764/Output/_0043.tif /mnt/lsdi/ocm26002764/ocm26002764/Output/_0044.tif /mnt/lsdi/ocm26002764/ocm26002764/Output/_0045.tif /mnt/lsdi/ocm26002764/ocm26002764/Output/_0046.tif /mnt/lsdi/ocm26002764/ocm26002764/Output/_0047.tif /mnt/lsdi/ocm26002764/ocm26002764/Output/_0048.tif /mnt/lsdi/ocm26002764/ocm26002764/Output/_0049.tif /mnt/lsdi/ocm26002764/ocm26002764/Output/_0050.tif /mnt/lsdi/ocm26002764/ocm26002764/Output/_0051.tif /mnt/lsdi/ocm26002764/ocm26002764/Output/_0052.tif /mnt/lsdi/ocm26002764/ocm26002764/Output/_0053.tif /mnt/lsdi/ocm26002764/ocm26002764/Output/_0054.tif /mnt/lsdi/ocm26002764/ocm26002764/Output/_0055.tif /mnt/lsdi/ocm26002764/ocm26002764/Output/_0056.tif /mnt/lsdi/ocm26002764/ocm26002764/Output/_0057.tif /mnt/lsdi/ocm26002764/ocm26002764/Output/_0058.tif /mnt/lsdi/ocm26002764/ocm26002764/Output/_0059.tif /mnt/lsdi/ocm26002764/ocm26002764/Output/_0060.tif /mnt/lsdi/ocm26002764/ocm26002764/Output/_0061.tif /mnt/lsdi/ocm26002764/ocm26002764/Output/_0062.tif /mnt/lsdi/ocm26002764/ocm26002764/Output/_0063.tif /mnt/lsdi/ocm26002764/ocm26002764/Output/_0064.tif /mnt/lsdi/ocm26002764/ocm26002764/Output/_0065.tif /mnt/lsdi/ocm26002764/ocm26002764/Output/_0066.tif /mnt/lsdi/ocm26002764/ocm26002764/Output/_0067.tif /mnt/lsdi/ocm26002764/ocm26002764/Output/_0068.tif /mnt/lsdi/ocm26002764/ocm26002764/Output/_0069.tif /mnt/lsdi/ocm26002764/ocm26002764/Output/_0070.tif /mnt/lsdi/ocm26002764/ocm26002764/Output/_0071.tif /mnt/lsdi/ocm26002764/ocm26002764/Output/_0072.tif /mnt/lsdi/ocm26002764/ocm26002764/Output/_0073.tif /mnt/lsdi/ocm26002764/ocm26002764/Output/_0074.tif /mnt/lsdi/ocm26002764/ocm26002764/Output/_0075.tif /mnt/lsdi/ocm26002764/ocm26002764/Output/_0076.tif /mnt/lsdi/ocm26002764/ocm26002764/Output/_0077.tif /mnt/lsdi/ocm26002764/ocm26002764/Output/_0078.tif /mnt/lsdi/ocm26002764/ocm26002764/Output/_0079.tif /mnt/lsdi/ocm26002764/ocm26002764/Output/_0080.tif /mnt/lsdi/ocm26002764/ocm26002764/Output/_0081.tif /mnt/lsdi/ocm26002764/ocm26002764/Output/_0082.tif /mnt/lsdi/ocm26002764/ocm26002764/Output/_0083.tif /mnt/lsdi/ocm26002764/ocm26002764/Output/_0084.tif /mnt/lsdi/ocm26002764/ocm26002764/Output/_0085.tif /mnt/lsdi/ocm26002764/ocm26002764/Output/_0086.tif /mnt/lsdi/ocm26002764/ocm26002764/Output/_0087.tif /mnt/lsdi/ocm26002764/ocm26002764/Output/_0088.tif /mnt/lsdi/ocm26002764/ocm26002764/Output/_0089.tif /mnt/lsdi/ocm26002764/ocm26002764/Output/_0090.tif /mnt/lsdi/ocm26002764/ocm26002764/Output/_0091.tif /mnt/lsdi/ocm26002764/ocm26002764/Output/_0092.tif /mnt/lsdi/ocm26002764/ocm26002764/Output/_0093.tif /mnt/lsdi/ocm26002764/ocm26002764/Output/_0094.tif /mnt/lsdi/ocm26002764/ocm26002764/Output/_0095.tif /mnt/lsdi/ocm26002764/ocm26002764/Output/_0096.tif /mnt/lsdi/ocm26002764/ocm26002764/Output/_0097.tif /mnt/lsdi/ocm26002764/ocm26002764/Output/_0098.tif /mnt/lsdi/ocm26002764/ocm26002764/Output/_0099.tif /mnt/lsdi/ocm26002764/ocm26002764/Output/_0100.tif /mnt/lsdi/ocm26002764/ocm26002764/Output/_0101.tif /mnt/lsdi/ocm26002764/ocm26002764/Output/_0102.tif /mnt/lsdi/ocm26002764/ocm26002764/Output/_0103.tif /mnt/lsdi/ocm26002764/ocm26002764/Output/_0104.tif /mnt/lsdi/ocm26002764/ocm26002764/Output/_0105.tif /mnt/lsdi/ocm26002764/ocm26002764/Output/_0106.tif /mnt/lsdi/ocm26002764/ocm26002764/Output/_0107.tif /mnt/lsdi/ocm26002764/ocm26002764/Output/_0108.tif /mnt/lsdi/ocm26002764/ocm26002764/Output/_0109.tif /mnt/lsdi/ocm26002764/ocm26002764/Output/_0110.tif /mnt/lsdi/ocm26002764/ocm26002764/Output/_0111.tif /mnt/lsdi/ocm26002764/ocm26002764/Output/_0112.tif /mnt/lsdi/ocm26002764/ocm26002764/Output/_0113.tif /mnt/lsdi/ocm26002764/ocm26002764/Output/_0114.tif /mnt/lsdi/ocm26002764/ocm26002764/Output/_0115.tif /mnt/lsdi/ocm26002764/ocm26002764/Output/_0116.tif /mnt/lsdi/ocm26002764/ocm26002764/Output/_0117.tif /mnt/lsdi/ocm26002764/ocm26002764/Output/_0118.tif /mnt/lsdi/ocm26002764/ocm26002764/Output/_0119.tif /mnt/lsdi/ocm26002764/ocm26002764/Output/_0120.tif /mnt/lsdi/ocm26002764/ocm26002764/Output/_0121.tif /mnt/lsdi/ocm26002764/ocm26002764/Output/_0122.tif /mnt/lsdi/ocm26002764/ocm26002764/Output/_0123.tif /mnt/lsdi/ocm26002764/ocm26002764/Output/_0124.tif /mnt/lsdi/ocm26002764/ocm26002764/Output/_0125.tif /mnt/lsdi/ocm26002764/ocm26002764/Output/_0126.tif /mnt/lsdi/ocm26002764/ocm26002764/Output/_0127.tif /mnt/lsdi/ocm26002764/ocm26002764/Output/_0128.tif /mnt/lsdi/ocm26002764/ocm26002764/Output/_0129.tif /mnt/lsdi/ocm26002764/ocm26002764/Output/_0130.tif /mnt/lsdi/ocm26002764/ocm26002764/Output/_0131.tif /mnt/lsdi/ocm26002764/ocm26002764/Output/_0132.tif /mnt/lsdi/ocm26002764/ocm26002764/Output/_0133.tif /mnt/lsdi/ocm26002764/ocm26002764/Output/_0134.tif /mnt/lsdi/ocm26002764/ocm26002764/Output/_0135.tif /mnt/lsdi/ocm26002764/ocm26002764/Output/_0136.tif /mnt/lsdi/ocm26002764/ocm26002764/Output/_0137.tif /mnt/lsdi/ocm26002764/ocm26002764/Output/_0138.tif /mnt/lsdi/ocm26002764/ocm26002764/Output/_0139.tif /mnt/lsdi/ocm26002764/ocm26002764/Output/_0140.tif /mnt/lsdi/ocm26002764/ocm26002764/Output/_0141.tif /mnt/lsdi/ocm26002764/ocm26002764/Output/_0142.tif /mnt/lsdi/ocm26002764/ocm26002764/Output/_0143.tif /mnt/lsdi/ocm26002764/ocm26002764/Output/_0144.tif /mnt/lsdi/ocm26002764/ocm26002764/Output/_0145.tif /mnt/lsdi/ocm26002764/ocm26002764/Output/_0146.tif /mnt/lsdi/ocm26002764/ocm26002764/Output/_0147.tif /mnt/lsdi/ocm26002764/ocm26002764/Output/_0148.tif /mnt/lsdi/ocm26002764/ocm26002764/Output/_0149.tif /mnt/lsdi/ocm26002764/ocm26002764/Output/_0150.tif /mnt/lsdi/ocm26002764/ocm26002764/Output/_0151.tif /mnt/lsdi/ocm26002764/ocm26002764/Output/_0152.tif /mnt/lsdi/ocm26002764/ocm26002764/Output/_0153.tif /mnt/lsdi/ocm26002764/ocm26002764/Output/_0154.tif /mnt/lsdi/ocm26002764/ocm26002764/Output/_0155.tif /mnt/lsdi/ocm26002764/ocm26002764/Output/_0156.tif /mnt/lsdi/ocm26002764/ocm26002764/Output/_0157.tif /mnt/lsdi/ocm26002764/ocm26002764/Output/_0158.tif /mnt/lsdi/ocm26002764/ocm26002764/Output/_0159.tif /mnt/lsdi/ocm26002764/ocm26002764/Output/_0160.tif /mnt/lsdi/ocm26002764/ocm26002764/Output/_0161.tif /mnt/lsdi/ocm26002764/ocm26002764/Output/_0162.tif /mnt/lsdi/ocm26002764/ocm26002764/Output/_0163.tif /mnt/lsdi/ocm26002764/ocm26002764/Output/_0164.tif /mnt/lsdi/ocm26002764/ocm26002764/Output/_0165.tif /mnt/lsdi/ocm26002764/ocm26002764/Output/_0166.tif /mnt/lsdi/ocm26002764/ocm26002764/Output/_0167.tif /mnt/lsdi/ocm26002764/ocm26002764/Output/_0168.tif /mnt/lsdi/ocm26002764/ocm26002764/Output/_0169.tif /mnt/lsdi/ocm26002764/ocm26002764/Output/_0170.tif /mnt/lsdi/ocm26002764/ocm26002764/Output/_0171.tif /mnt/lsdi/ocm26002764/ocm26002764/Output/_0172.tif /mnt/lsdi/ocm26002764/ocm26002764/Output/_0173.tif /mnt/lsdi/ocm26002764/ocm26002764/Output/_0174.tif /mnt/lsdi/ocm26002764/ocm26002764/Output/_0175.tif /mnt/lsdi/ocm26002764/ocm26002764/Output/_0176.tif /mnt/lsdi/ocm26002764/ocm26002764/Output/_0177.tif /mnt/lsdi/ocm26002764/ocm26002764/Output/_0178.tif /mnt/lsdi/ocm26002764/ocm26002764/Output/_0179.tif /mnt/lsdi/ocm26002764/ocm26002764/Output/_0180.tif /mnt/lsdi/ocm26002764/ocm26002764/Output/_0181.tif /mnt/lsdi/ocm26002764/ocm26002764/Output/_0182.tif /mnt/lsdi/ocm26002764/ocm26002764/Output/_0183.tif /mnt/lsdi/ocm26002764/ocm26002764/Output/_0184.tif /mnt/lsdi/ocm26002764/ocm26002764/Output/_0185.tif /mnt/lsdi/ocm26002764/ocm26002764/Output/_0186.tif /mnt/lsdi/ocm26002764/ocm26002764/Output/_0187.tif /mnt/lsdi/ocm26002764/ocm26002764/Output/_0188.tif /mnt/lsdi/ocm26002764/ocm26002764/Output/_0189.tif /mnt/lsdi/ocm26002764/ocm26002764/Output/_0190.tif /mnt/lsdi/ocm26002764/ocm26002764/Output/_0191.tif /mnt/lsdi/ocm26002764/ocm26002764/Output/_0192.tif /mnt/lsdi/ocm26002764/ocm26002764/Output/_0193.tif /mnt/lsdi/ocm26002764/ocm26002764/Output/_0194.tif /mnt/lsdi/ocm26002764/ocm26002764/Output/_0195.tif /mnt/lsdi/ocm26002764/ocm26002764/Output/_0196.tif /mnt/lsdi/ocm26002764/ocm26002764/Output/_0197.tif /mnt/lsdi/ocm26002764/ocm26002764/Output/_0198.tif /mnt/lsdi/ocm26002764/ocm26002764/Output/_0199.tif /mnt/lsdi/ocm26002764/ocm26002764/Output/_0200.tif /mnt/lsdi/ocm26002764/ocm26002764/Output/_0201.tif /mnt/lsdi/ocm26002764/ocm26002764/Output/_0202.tif /mnt/lsdi/ocm26002764/ocm26002764/Output/_0203.tif /mnt/lsdi/ocm26002764/ocm26002764/Output/_0204.tif /mnt/lsdi/ocm26002764/ocm26002764/Output/_0205.tif /mnt/lsdi/ocm26002764/ocm26002764/Output/_0206.tif /mnt/lsdi/ocm26002764/ocm26002764/Output/_0207.tif /mnt/lsdi/ocm26002764/ocm26002764/Output/_0208.tif /mnt/lsdi/ocm26002764/ocm26002764/Output/_0209.tif /mnt/lsdi/ocm26002764/ocm26002764/Output/_0210.tif /mnt/lsdi/ocm26002764/ocm26002764/Output/_0211.tif /mnt/lsdi/ocm26002764/ocm26002764/Output/_0212.tif /mnt/lsdi/ocm26002764/ocm26002764/Output/_0213.tif /mnt/lsdi/ocm26002764/ocm26002764/Output/_0214.tif /mnt/lsdi/ocm26002764/ocm26002764/Output/_0215.tif /mnt/lsdi/ocm26002764/ocm26002764/Output/_0216.tif /mnt/lsdi/ocm26002764/ocm26002764/Output/_0217.tif /mnt/lsdi/ocm26002764/ocm26002764/Output/_0218.tif /mnt/lsdi/ocm26002764/ocm26002764/Output/_0219.tif /mnt/lsdi/ocm26002764/ocm26002764/Output/_0220.tif /mnt/lsdi/ocm26002764/ocm26002764/Output/_0221.tif /mnt/lsdi/ocm26002764/ocm26002764/Output/_0222.tif /mnt/lsdi/ocm26002764/ocm26002764/Output/_0223.tif /mnt/lsdi/ocm26002764/ocm26002764/Output/_0224.tif /mnt/lsdi/ocm26002764/ocm26002764/Output/_0225.tif /mnt/lsdi/ocm26002764/ocm26002764/Output/_0226.tif /mnt/lsdi/ocm26002764/ocm26002764/Output/_0227.tif /mnt/lsdi/ocm26002764/ocm26002764/Output/_0228.tif /mnt/lsdi/ocm26002764/ocm26002764/Output/_0229.tif /mnt/lsdi/ocm26002764/ocm26002764/Output/_0230.tif /mnt/lsdi/ocm26002764/ocm26002764/Output/_0231.tif /mnt/lsdi/ocm26002764/ocm26002764/Output/_0232.tif /mnt/lsdi/ocm26002764/ocm26002764/Output/_0233.tif /mnt/lsdi/ocm26002764/ocm26002764/Output/_0234.tif /mnt/lsdi/ocm26002764/ocm26002764/Output/_0235.tif /mnt/lsdi/ocm26002764/ocm26002764/Output/_0236.tif /mnt/lsdi/ocm26002764/ocm26002764/Output/_0237.tif /mnt/lsdi/ocm26002764/ocm26002764/Output/_0238.tif /mnt/lsdi/ocm26002764/ocm26002764/Output/_0239.tif /mnt/lsdi/ocm26002764/ocm26002764/Output/_0240.tif /mnt/lsdi/ocm26002764/ocm26002764/Output/_0241.tif /mnt/lsdi/ocm26002764/ocm26002764/Output/_0242.tif /mnt/lsdi/ocm26002764/ocm26002764/Output/_0243.tif /mnt/lsdi/ocm26002764/ocm26002764/Output/_0244.tif /mnt/lsdi/ocm26002764/ocm26002764/Output/_0245.tif /mnt/lsdi/ocm26002764/ocm26002764/Output/_0246.tif /mnt/lsdi/ocm26002764/ocm26002764/Output/_0247.tif /mnt/lsdi/ocm26002764/ocm26002764/Output/_0248.tif /mnt/lsdi/ocm26002764/ocm26002764/Output/_0249.tif /mnt/lsdi/ocm26002764/ocm26002764/Output/_0250.tif /mnt/lsdi/ocm26002764/ocm26002764/Output/_0251.tif /mnt/lsdi/ocm26002764/ocm26002764/Output/_0252.tif /mnt/lsdi/ocm26002764/ocm26002764/Output/_0253.tif /mnt/lsdi/ocm26002764/ocm26002764/Output/_0254.tif /mnt/lsdi/ocm26002764/ocm26002764/Output/_0255.tif /mnt/lsdi/ocm26002764/ocm26002764/Output/_0256.tif /mnt/lsdi/ocm26002764/ocm26002764/Output/_0257.tif /mnt/lsdi/ocm26002764/ocm26002764/Output/_0258.tif /mnt/lsdi/ocm26002764/ocm26002764/Output/_0259.tif /mnt/lsdi/ocm26002764/ocm26002764/Output/_0260.tif /mnt/lsdi/ocm26002764/ocm26002764/Output/_0261.tif /mnt/lsdi/ocm26002764/ocm26002764/Output/_0262.tif /mnt/lsdi/ocm26002764/ocm26002764/Output/_0263.tif /mnt/lsdi/ocm26002764/ocm26002764/Output/_0264.tif /mnt/lsdi/ocm26002764/ocm26002764/Output/_0265.tif /mnt/lsdi/ocm26002764/ocm26002764/Output/_0266.tif /mnt/lsdi/ocm26002764/ocm26002764/Output/_0267.tif /mnt/lsdi/ocm26002764/ocm26002764/Output/_0268.tif /mnt/lsdi/ocm26002764/ocm26002764/Output/_0269.tif /mnt/lsdi/ocm26002764/ocm26002764/Output/_0270.tif /mnt/lsdi/ocm26002764/ocm26002764/Output/_0271.tif /mnt/lsdi/ocm26002764/ocm26002764/Output/_0272.tif /mnt/lsdi/ocm26002764/ocm26002764/Output/_0273.tif /mnt/lsdi/ocm26002764/ocm26002764/Output/_0274.tif /mnt/lsdi/ocm26002764/ocm26002764/Output/_0275.tif /mnt/lsdi/ocm26002764/ocm26002764/Output/_0276.tif /mnt/lsdi/ocm26002764/ocm26002764/Output/_0277.tif /mnt/lsdi/ocm26002764/ocm26002764/Output/_0278.tif /mnt/lsdi/ocm26002764/ocm26002764/Output/_0279.tif /mnt/lsdi/ocm26002764/ocm26002764/Output/_0280.tif /mnt/lsdi/ocm26002764/ocm26002764/Output/_0281.tif /mnt/lsdi/ocm26002764/ocm26002764/Output/_0282.tif /mnt/lsdi/ocm26002764/ocm26002764/Output/_0283.tif /mnt/lsdi/ocm26002764/ocm26002764/Output/_0284.tif /mnt/lsdi/ocm26002764/ocm26002764/Output/_0285.tif /mnt/lsdi/ocm26002764/ocm26002764/Output/_0286.tif /mnt/lsdi/ocm26002764/ocm26002764/Output/_0287.tif /mnt/lsdi/ocm26002764/ocm26002764/Output/_0288.tif /mnt/lsdi/ocm26002764/ocm26002764/Output/_0289.tif /mnt/lsdi/ocm26002764/ocm26002764/Output/_0290.tif /mnt/lsdi/ocm26002764/ocm26002764/Output/_0291.tif /mnt/lsdi/ocm26002764/ocm26002764/Output/_0292.tif /mnt/lsdi/ocm26002764/ocm26002764/Output/_0293.tif /mnt/lsdi/ocm26002764/ocm26002764/Output/_0294.tif /mnt/lsdi/ocm26002764/ocm26002764/Output/_0295.tif /mnt/lsdi/ocm26002764/ocm26002764/Output/_0296.tif /mnt/lsdi/ocm26002764/ocm26002764/Output/_0297.tif /mnt/lsdi/ocm26002764/ocm26002764/Output/_0298.tif /mnt/lsdi/ocm26002764/ocm26002764/Output/_0299.tif /mnt/lsdi/ocm26002764/ocm26002764/Output/_0300.tif /mnt/lsdi/ocm26002764/ocm26002764/Output/_0301.tif /mnt/lsdi/ocm26002764/ocm26002764/Output/_0302.tif /mnt/lsdi/ocm26002764/ocm26002764/Output/_0303.tif /mnt/lsdi/ocm26002764/ocm26002764/Output/_0304.tif /mnt/lsdi/ocm26002764/ocm26002764/Output/_0305.tif /mnt/lsdi/ocm26002764/ocm26002764/Output/_0306.tif /mnt/lsdi/ocm26002764/ocm26002764/Output/_0307.tif /mnt/lsdi/ocm26002764/ocm26002764/Output/_0308.tif /mnt/lsdi/ocm26002764/ocm26002764/Output/_0309.tif /mnt/lsdi/ocm26002764/ocm26002764/Output/_0310.tif /mnt/lsdi/ocm26002764/ocm26002764/Output/_0311.tif /mnt/lsdi/ocm26002764/ocm26002764/Output/_0312.tif /mnt/lsdi/ocm26002764/ocm26002764/Output/_0313.tif /mnt/lsdi/ocm26002764/ocm26002764/Output/_0314.tif /mnt/lsdi/ocm26002764/ocm26002764/Output/_0315.tif /mnt/lsdi/ocm26002764/ocm26002764/Output/_0316.tif /mnt/lsdi/ocm26002764/ocm26002764/Output/_0317.tif /mnt/lsdi/ocm26002764/ocm26002764/Output/_0318.tif /mnt/lsdi/ocm26002764/ocm26002764/Output/_0319.tif /mnt/lsdi/ocm26002764/ocm26002764/Output/_0320.tif /mnt/lsdi/ocm26002764/ocm26002764/Output/_0321.tif /mnt/lsdi/ocm26002764/ocm26002764/Output/_0322.tif /mnt/lsdi/ocm26002764/ocm26002764/Output/_0323.tif /mnt/lsdi/ocm26002764/ocm26002764/Output/_0324.tif /mnt/lsdi/ocm26002764/ocm26002764/Output/_0325.tif /mnt/lsdi/ocm26002764/ocm26002764/Output/_0326.tif /mnt/lsdi/ocm26002764/ocm26002764/Output/_0327.tif /mnt/lsdi/ocm26002764/ocm26002764/Output/_0328.tif /mnt/lsdi/ocm26002764/ocm26002764/Output/_0329.tif /mnt/lsdi/ocm26002764/ocm26002764/Output/_0330.tif /mnt/lsdi/ocm26002764/ocm26002764/Output/_0331.tif /mnt/lsdi/ocm26002764/ocm26002764/Output/_0332.tif /mnt/lsdi/ocm26002764/ocm26002764/Output/_0333.tif /mnt/lsdi/ocm26002764/ocm26002764/Output/_0334.tif /mnt/lsdi/ocm26002764/ocm26002764/Output/_0335.tif /mnt/lsdi/ocm26002764/ocm26002764/Output/_0336.tif /mnt/lsdi/ocm26002764/ocm26002764/Output/_0337.tif /mnt/lsdi/ocm26002764/ocm26002764/Output/_0338.tif /mnt/lsdi/ocm26002764/ocm26002764/Output/_0339.tif /mnt/lsdi/ocm26002764/ocm26002764/Output/_0340.tif /mnt/lsdi/ocm26002764/ocm26002764/Output/_0341.tif /mnt/lsdi/ocm26002764/ocm26002764/Output/_0342.tif /mnt/lsdi/ocm26002764/ocm26002764/Output/_0343.tif /mnt/lsdi/ocm26002764/ocm26002764/Output/_0344.tif /mnt/lsdi/ocm26002764/ocm26002764/Output/_0345.tif /mnt/lsdi/ocm26002764/ocm26002764/Output/_0346.tif /mnt/lsdi/ocm26002764/ocm26002764/Output/_0347.tif /mnt/lsdi/ocm26002764/ocm26002764/Output/_0348.tif /mnt/lsdi/ocm26002764/ocm26002764/Output/_0349.tif /mnt/lsdi/ocm26002764/ocm26002764/Output/_0350.tif /mnt/lsdi/ocm26002764/ocm26002764/Output/_0351.tif /mnt/lsdi/ocm26002764/ocm26002764/Output/_0352.tif /mnt/lsdi/ocm26002764/ocm26002764/Output/_0353.tif /mnt/lsdi/ocm26002764/ocm26002764/Output/_0354.tif /mnt/lsdi/ocm26002764/ocm26002764/Output/_0355.tif /mnt/lsdi/ocm26002764/ocm26002764/Output/_0356.tif /mnt/lsdi/ocm26002764/ocm26002764/Output/_0357.tif /mnt/lsdi/ocm26002764/ocm26002764/Output/_0358.tif /mnt/lsdi/ocm26002764/ocm26002764/Output/_0359.tif /mnt/lsdi/ocm26002764/ocm26002764/Output/_0360.tif /mnt/lsdi/ocm26002764/ocm26002764/Output/_0361.tif /mnt/lsdi/ocm26002764/ocm26002764/Output/_0362.tif /mnt/lsdi/ocm26002764/ocm26002764/Output/_0363.tif /mnt/lsdi/ocm26002764/ocm26002764/Output/_0364.tif /mnt/lsdi/ocm26002764/ocm26002764/Output/_0365.tif /mnt/lsdi/ocm26002764/ocm26002764/Output/_0366.tif /mnt/lsdi/ocm26002764/ocm26002764/Output/_0367.tif /mnt/lsdi/ocm26002764/ocm26002764/Output/_0368.tif /mnt/lsdi/ocm26002764/ocm26002764/Output/_0369.tif /mnt/lsdi/ocm26002764/ocm26002764/Output/_0370.tif /mnt/lsdi/ocm26002764/ocm26002764/Output/_0371.tif /mnt/lsdi/ocm26002764/ocm26002764/Output/_0372.tif /mnt/lsdi/ocm26002764/ocm26002764/Output/_0373.tif /mnt/lsdi/ocm26002764/ocm26002764/Output/_0374.tif /mnt/lsdi/ocm26002764/ocm26002764/Output/_0375.tif /mnt/lsdi/ocm26002764/ocm26002764/Output/_0376.tif /mnt/lsdi/ocm26002764/ocm26002764/Output/_0377.tif /mnt/lsdi/ocm26002764/ocm26002764/Output/_0378.tif /mnt/lsdi/ocm26002764/ocm26002764/Output/_0379.tif /mnt/lsdi/ocm26002764/ocm26002764/Output/_0380.tif /mnt/lsdi/ocm26002764/ocm26002764/Output/_0381.tif /mnt/lsdi/ocm26002764/ocm26002764/Output/_0382.tif /mnt/lsdi/ocm26002764/ocm26002764/Output/_0383.tif /mnt/lsdi/ocm26002764/ocm26002764/Output/_0384.tif /mnt/lsdi/ocm26002764/ocm26002764/Output/_0385.tif /mnt/lsdi/ocm26002764/ocm26002764/Output/_0386.tif /mnt/lsdi/ocm26002764/ocm26002764/Output/_0387.tif /mnt/lsdi/ocm26002764/ocm26002764/Output/_0388.tif /mnt/lsdi/ocm26002764/ocm26002764/Output/_0389.tif /mnt/lsdi/ocm26002764/ocm26002764/Output/_0390.tif /mnt/lsdi/ocm26002764/ocm26002764/Output/_0391.tif /mnt/lsdi/ocm26002764/ocm26002764/Output/_0392.tif /mnt/lsdi/ocm26002764/ocm26002764/Output/_0393.tif /mnt/lsdi/ocm26002764/ocm26002764/Output/_0394.tif /mnt/lsdi/ocm26002764/ocm26002764/Output/_0395.tif /mnt/lsdi/ocm26002764/ocm26002764/Output/_0396.tif /mnt/lsdi/ocm26002764/ocm26002764/Output/_0397.tif /mnt/lsdi/ocm26002764/ocm26002764/Output/_0398.tif /mnt/lsdi/ocm26002764/ocm26002764/Output/_0399.tif /mnt/lsdi/ocm26002764/ocm26002764/Output/_0400.tif /mnt/lsdi/ocm26002764/ocm26002764/Output/_0401.tif /mnt/lsdi/ocm26002764/ocm26002764/Output/_0402.tif /mnt/lsdi/ocm26002764/ocm26002764/Output/_0403.tif /mnt/lsdi/ocm26002764/ocm26002764/Output/_0404.tif /mnt/lsdi/ocm26002764/ocm26002764/Output/_0405.tif /mnt/lsdi/ocm26002764/ocm26002764/Output/_0406.tif /mnt/lsdi/ocm26002764/ocm26002764/Output/_0407.tif /mnt/lsdi/ocm26002764/ocm26002764/Output/_0408.tif /mnt/lsdi/ocm26002764/ocm26002764/Output/_0409.tif /mnt/lsdi/ocm26002764/ocm26002764/Output/_0410.tif /mnt/lsdi/ocm26002764/ocm26002764/Output/_0411.tif /mnt/lsdi/ocm26002764/ocm26002764/Output/_0412.tif /mnt/lsdi/ocm26002764/ocm26002764/Output/_0413.tif /mnt/lsdi/ocm26002764/ocm26002764/Output/_0414.tif /mnt/lsdi/ocm26002764/ocm26002764/Output/_0415.tif /mnt/lsdi/ocm26002764/ocm26002764/Output/_0416.tif /mnt/lsdi/ocm26002764/ocm26002764/Output/_0417.tif /mnt/lsdi/ocm26002764/ocm26002764/Output/_0418.tif /mnt/lsdi/ocm26002764/ocm26002764/Output/_0419.tif /mnt/lsdi/ocm26002764/ocm26002764/Output/_0420.tif /mnt/lsdi/ocm26002764/ocm26002764/Output/_0421.tif /mnt/lsdi/ocm26002764/ocm26002764/Output/_0422.tif /mnt/lsdi/ocm26002764/ocm26002764/Output/_0423.tif /mnt/lsdi/ocm26002764/ocm26002764/Output/_0424.tif /mnt/lsdi/ocm26002764/ocm26002764/Output/_0425.tif /mnt/lsdi/ocm26002764/ocm26002764/Output/_0426.tif /mnt/lsdi/ocm26002764/ocm26002764/Output/_0427.tif /mnt/lsdi/ocm26002764/ocm26002764/Output/_0428.tif /mnt/lsdi/ocm26002764/ocm26002764/Output/_0429.tif /mnt/lsdi/ocm26002764/ocm26002764/Output/_0430.tif /mnt/lsdi/ocm26002764/ocm26002764/Output/_0431.tif /mnt/lsdi/ocm26002764/ocm26002764/Output/_0432.tif /mnt/lsdi/ocm26002764/ocm26002764/Output/_0433.tif /mnt/lsdi/ocm26002764/ocm26002764/Output/_0434.tif /mnt/lsdi/ocm26002764/ocm26002764/Output/_0435.tif /mnt/lsdi/ocm26002764/ocm26002764/Output/_0436.tif /mnt/lsdi/ocm26002764/ocm26002764/Output/_0437.tif /mnt/lsdi/ocm26002764/ocm26002764/Output/_0438.tif /mnt/lsdi/ocm26002764/ocm26002764/Output/_0439.tif /mnt/lsdi/ocm26002764/ocm26002764/Output/_0440.tif /mnt/lsdi/ocm26002764/ocm26002764/Output/_0441.tif /mnt/lsdi/ocm26002764/ocm26002764/Output/_0442.tif /mnt/lsdi/ocm26002764/ocm26002764/Output/_0443.tif /mnt/lsdi/ocm26002764/ocm26002764/Output/_0444.tif /mnt/lsdi/ocm26002764/ocm26002764/Output/_0445.tif /mnt/lsdi/ocm26002764/ocm26002764/Output/_0446.tif /mnt/lsdi/ocm26002764/ocm26002764/Output/_0447.tif /mnt/lsdi/ocm26002764/ocm26002764/Output/_0448.tif /mnt/lsdi/ocm26002764/ocm26002764/Output/_0449.tif /mnt/lsdi/ocm26002764/ocm26002764/Output/_0450.tif /mnt/lsdi/ocm26002764/ocm26002764/Output/_0451.tif /mnt/lsdi/ocm26002764/ocm26002764/Output/_0452.tif /mnt/lsdi/ocm26002764/ocm26002764/Output/_0453.tif /mnt/lsdi/ocm26002764/ocm26002764/Output/_0454.tif /mnt/lsdi/ocm26002764/ocm26002764/Output/_0455.tif /mnt/lsdi/ocm26002764/ocm26002764/Output/_0456.tif /mnt/lsdi/ocm26002764/ocm26002764/Output/_0457.tif /mnt/lsdi/ocm26002764/ocm26002764/Output/_0458.tif /mnt/lsdi/ocm26002764/ocm26002764/Output/_0459.tif /mnt/lsdi/ocm26002764/ocm26002764/Output/_0460.tif /mnt/lsdi/ocm26002764/ocm26002764/Output/_0461.tif /mnt/lsdi/ocm26002764/ocm26002764/Output/_0462.tif /mnt/lsdi/ocm26002764/ocm26002764/Output/_0463.tif /mnt/lsdi/ocm26002764/ocm26002764/Output/_0464.tif /mnt/lsdi/ocm26002764/ocm26002764/Output/_0465.tif /mnt/lsdi/ocm26002764/ocm26002764/Output/_0466.tif /mnt/lsdi/ocm26002764/ocm26002764/Output/_0467.tif /mnt/lsdi/ocm26002764/ocm26002764/Output/_0468.tif /mnt/lsdi/ocm26002764/ocm26002764/Output/_0469.tif /mnt/lsdi/ocm26002764/ocm26002764/Output/_0470.tif /mnt/lsdi/ocm26002764/ocm26002764/Output/_0471.tif /mnt/lsdi/ocm26002764/ocm26002764/Output/_0472.tif /mnt/lsdi/ocm26002764/ocm26002764/Output/_0473.tif /mnt/lsdi/ocm26002764/ocm26002764/Output/_0474.tif /mnt/lsdi/ocm26002764/ocm26002764/Output/_0475.tif /mnt/lsdi/ocm26002764/ocm26002764/Output/_0476.tif /mnt/lsdi/ocm26002764/ocm26002764/Output/_0477.tif /mnt/lsdi/ocm26002764/ocm26002764/Output/_0478.tif /mnt/lsdi/ocm26002764/ocm26002764/Output/_0479.tif /mnt/lsdi/ocm26002764/ocm26002764/Output/_0480.tif /mnt/lsdi/ocm26002764/ocm26002764/Output/_0481.tif /mnt/lsdi/ocm26002764/ocm26002764/Output/_0482.tif /mnt/lsdi/ocm26002764/ocm26002764/Output/_0483.tif /mnt/lsdi/ocm26002764/ocm26002764/Output/_0484.tif /mnt/lsdi/ocm26002764/ocm26002764/Output/_0485.tif /mnt/lsdi/ocm26002764/ocm26002764/Output/_0486.tif /mnt/lsdi/ocm26002764/ocm26002764/Output/_0487.tif /mnt/lsdi/ocm26002764/ocm26002764/Output/_0488.tif /mnt/lsdi/ocm26002764/ocm26002764/Output/_0489.tif /mnt/lsdi/ocm26002764/ocm26002764/Output/_0490.tif /mnt/lsdi/ocm26002764/ocm26002764/Output/_0491.tif /mnt/lsdi/ocm26002764/ocm26002764/Output/_0492.tif /mnt/lsdi/ocm26002764/ocm26002764/Output/_0493.tif /mnt/lsdi/ocm26002764/ocm26002764/Output/_0494.tif /mnt/lsdi/ocm26002764/ocm26002764/Output/_0495.tif /mnt/lsdi/ocm26002764/ocm26002764/Output/_0496.tif /mnt/lsdi/ocm26002764/ocm26002764/Output/_0497.tif /mnt/lsdi/ocm26002764/ocm26002764/Output/_0498.tif /mnt/lsdi/ocm26002764/ocm26002764/Output/_0499.tif /mnt/lsdi/ocm26002764/ocm26002764/Output/_0500.tif /mnt/lsdi/ocm26002764/ocm26002764/Output/_0501.tif /mnt/lsdi/ocm26002764/ocm26002764/Output/_0502.tif /mnt/lsdi/ocm26002764/ocm26002764/Output/_0503.tif /mnt/lsdi/ocm26002764/ocm26002764/Output/_0504.tif
  adding: mnt/lsdi/ocm26002764/ocm26002764/Output/_0001.tif (deflated 84%)
  adding: mnt/lsdi/ocm26002764/ocm26002764/Output/_0002.tif (deflated 2%)
  adding: mnt/lsdi/ocm26002764/ocm26002764/Output/_0003.tif (deflated 2%)
  adding: mnt/lsdi/ocm26002764/ocm26002764/Output/_0004.tif (deflated 3%)
  adding: mnt/lsdi/ocm26002764/ocm26002764/Output/_0004a.tif (deflated 3%)
  adding: mnt/lsdi/ocm26002764/ocm26002764/Output/_0004b.tif (deflated 3%)
  adding: mnt/lsdi/ocm26002764/ocm26002764/Output/_0005.tif (deflated 84%)
  adding: mnt/lsdi/ocm26002764/ocm26002764/Output/_0006.tif (deflated 4%)
  adding: mnt/lsdi/ocm26002764/ocm26002764/Output/_0007.tif (deflated 40%)
  adding: mnt/lsdi/ocm26002764/ocm26002764/Output/_0008.tif (deflated 2%)
  adding: mnt/lsdi/ocm26002764/ocm26002764/Output/_0009.tif (deflated 2%)
  adding: mnt/lsdi/ocm26002764/ocm26002764/Output/_0010.tif (deflated 2%)
  adding: mnt/lsdi/ocm26002764/ocm26002764/Output/_0011.tif (deflated 4%)
  adding: mnt/lsdi/ocm26002764/ocm26002764/Output/_0012.tif (deflated 3%)
  adding: mnt/lsdi/ocm26002764/ocm26002764/Output/_0013.tif (deflated 2%)
  adding: mnt/lsdi/ocm26002764/ocm26002764/Output/_0014.tif (deflated 3%)
  adding: mnt/lsdi/ocm26002764/ocm26002764/Output/_0015.tif (deflated 3%)
  adding: mnt/lsdi/ocm26002764/ocm26002764/Output/_0016.tif (deflated 3%)
  adding: mnt/lsdi/ocm26002764/ocm26002764/Output/_0017.tif (deflated 3%)
  adding: mnt/lsdi/ocm26002764/ocm26002764/Output/_0018.tif (deflated 3%)
  adding: mnt/lsdi/ocm26002764/ocm26002764/Output/_0019.tif (deflated 2%)
  adding: mnt/lsdi/ocm26002764/ocm26002764/Output/_0020.tif (deflated 2%)
  adding: mnt/lsdi/ocm26002764/ocm26002764/Output/_0021.tif (deflated 2%)
  adding: mnt/lsdi/ocm26002764/ocm26002764/Output/_0022.tif (deflated 2%)
  adding: mnt/lsdi/ocm26002764/ocm26002764/Output/_0023.tif (deflated 2%)
  adding: mnt/lsdi/ocm26002764/ocm26002764/Output/_0024.tif (deflated 3%)
  adding: mnt/lsdi/ocm26002764/ocm26002764/Output/_0025.tif (deflated 2%)
  adding: mnt/lsdi/ocm26002764/ocm26002764/Output/_0026.tif (deflated 3%)
  adding: mnt/lsdi/ocm26002764/ocm26002764/Output/_0027.tif (deflated 2%)
  adding: mnt/lsdi/ocm26002764/ocm26002764/Output/_0028.tif (deflated 2%)
  adding: mnt/lsdi/ocm26002764/ocm26002764/Output/_0029.tif (deflated 4%)
  adding: mnt/lsdi/ocm26002764/ocm26002764/Output/_0030.tif (deflated 3%)
  adding: mnt/lsdi/ocm26002764/ocm26002764/Output/_0031.tif (deflated 2%)
  adding: mnt/lsdi/ocm26002764/ocm26002764/Output/_0032.tif (deflated 3%)
  adding: mnt/lsdi/ocm26002764/ocm26002764/Output/_0033.tif (deflated 2%)
  adding: mnt/lsdi/ocm26002764/ocm26002764/Output/_0034.tif (deflated 3%)
  adding: mnt/lsdi/ocm26002764/ocm26002764/Output/_0035.tif (deflated 3%)
  adding: mnt/lsdi/ocm26002764/ocm26002764/Output/_0036.tif (deflated 3%)
  adding: mnt/lsdi/ocm26002764/ocm26002764/Output/_0037.tif (deflated 2%)
  adding: mnt/lsdi/ocm26002764/ocm26002764/Output/_0038.tif (deflated 2%)
  adding: mnt/lsdi/ocm26002764/ocm26002764/Output/_0039.tif (deflated 3%)
  adding: mnt/lsdi/ocm26002764/ocm26002764/Output/_0040.tif (deflated 3%)
  adding: mnt/lsdi/ocm26002764/ocm26002764/Output/_0041.tif (deflated 2%)
  adding: mnt/lsdi/ocm26002764/ocm26002764/Output/_0042.tif (deflated 3%)
  adding: mnt/lsdi/ocm26002764/ocm26002764/Output/_0043.tif (deflated 2%)
  adding: mnt/lsdi/ocm26002764/ocm26002764/Output/_0044.tif (deflated 2%)
  adding: mnt/lsdi/ocm26002764/ocm26002764/Output/_0045.tif (deflated 2%)
  adding: mnt/lsdi/ocm26002764/ocm26002764/Output/_0046.tif (deflated 3%)
  adding: mnt/lsdi/ocm26002764/ocm26002764/Output/_0047.tif (deflated 5%)
  adding: mnt/lsdi/ocm26002764/ocm26002764/Output/_0048.tif (deflated 3%)
  adding: mnt/lsdi/ocm26002764/ocm26002764/Output/_0049.tif (deflated 2%)
  adding: mnt/lsdi/ocm26002764/ocm26002764/Output/_0050.tif (deflated 3%)
  adding: mnt/lsdi/ocm26002764/ocm26002764/Output/_0051.tif (deflated 84%)
  adding: mnt/lsdi/ocm26002764/ocm26002764/Output/_0052.tif (deflated 2%)
  adding: mnt/lsdi/ocm26002764/ocm26002764/Output/_0053.tif (deflated 2%)
  adding: mnt/lsdi/ocm26002764/ocm26002764/Output/_0054.tif (deflated 84%)
  adding: mnt/lsdi/ocm26002764/ocm26002764/Output/_0055.tif (deflated 84%)
  adding: mnt/lsdi/ocm26002764/ocm26002764/Output/_0056.tif (deflated 3%)
  adding: mnt/lsdi/ocm26002764/ocm26002764/Output/_0057.tif (deflated 2%)
  adding: mnt/lsdi/ocm26002764/ocm26002764/Output/_0058.tif (deflated 3%)
  adding: mnt/lsdi/ocm26002764/ocm26002764/Output/_0059.tif (deflated 2%)
  adding: mnt/lsdi/ocm26002764/ocm26002764/Output/_0060.tif (deflated 2%)
  adding: mnt/lsdi/ocm26002764/ocm26002764/Output/_0061.tif (deflated 2%)
  adding: mnt/lsdi/ocm26002764/ocm26002764/Output/_0062.tif (deflated 3%)
  adding: mnt/lsdi/ocm26002764/ocm26002764/Output/_0063.tif (deflated 2%)
  adding: mnt/lsdi/ocm26002764/ocm26002764/Output/_0064.tif (deflated 2%)
  adding: mnt/lsdi/ocm26002764/ocm26002764/Output/_0065.tif (deflated 2%)
  adding: mnt/lsdi/ocm26002764/ocm26002764/Output/_0066.tif (deflated 3%)
  adding: mnt/lsdi/ocm26002764/ocm26002764/Output/_0067.tif (deflated 2%)
  adding: mnt/lsdi/ocm26002764/ocm26002764/Output/_0068.tif (deflated 4%)
  adding: mnt/lsdi/ocm26002764/ocm26002764/Output/_0069.tif (deflated 2%)
  adding: mnt/lsdi/ocm26002764/ocm26002764/Output/_0070.tif (deflated 2%)
  adding: mnt/lsdi/ocm26002764/ocm26002764/Output/_0071.tif (deflated 2%)
  adding: mnt/lsdi/ocm26002764/ocm26002764/Output/_0072.tif (deflated 2%)
  adding: mnt/lsdi/ocm26002764/ocm26002764/Output/_0073.tif (deflated 2%)
  adding: mnt/lsdi/ocm26002764/ocm26002764/Output/_0074.tif (deflated 2%)
  adding: mnt/lsdi/ocm26002764/ocm26002764/Output/_0075.tif (deflated 2%)
  adding: mnt/lsdi/ocm26002764/ocm26002764/Output/_0076.tif (deflated 2%)
  adding: mnt/lsdi/ocm26002764/ocm26002764/Output/_0077.tif (deflated 2%)
  adding: mnt/lsdi/ocm26002764/ocm26002764/Output/_0078.tif (deflated 3%)
  adding: mnt/lsdi/ocm26002764/ocm26002764/Output/_0079.tif (deflated 2%)
  adding: mnt/lsdi/ocm26002764/ocm26002764/Output/_0080.tif (deflated 2%)
  adding: mnt/lsdi/ocm26002764/ocm26002764/Output/_0081.tif (deflated 2%)
  adding: mnt/lsdi/ocm26002764/ocm26002764/Output/_0082.tif (deflated 2%)
  adding: mnt/lsdi/ocm26002764/ocm26002764/Output/_0083.tif (deflated 2%)
  adding: mnt/lsdi/ocm26002764/ocm26002764/Output/_0084.tif (deflated 4%)
  adding: mnt/lsdi/ocm26002764/ocm26002764/Output/_0085.tif (deflated 2%)
  adding: mnt/lsdi/ocm26002764/ocm26002764/Output/_0086.tif (deflated 2%)
  adding: mnt/lsdi/ocm26002764/ocm26002764/Output/_0087.tif (deflated 2%)
  adding: mnt/lsdi/ocm26002764/ocm26002764/Output/_0088.tif (deflated 2%)
  adding: mnt/lsdi/ocm26002764/ocm26002764/Output/_0089.tif (deflated 2%)
  adding: mnt/lsdi/ocm26002764/ocm26002764/Output/_0090.tif (deflated 2%)
  adding: mnt/lsdi/ocm26002764/ocm26002764/Output/_0091.tif (deflated 2%)
  adding: mnt/lsdi/ocm26002764/ocm26002764/Output/_0092.tif (deflated 2%)
  adding: mnt/lsdi/ocm26002764/ocm26002764/Output/_0093.tif (deflated 2%)
  adding: mnt/lsdi/ocm26002764/ocm26002764/Output/_0094.tif (deflated 2%)
  adding: mnt/lsdi/ocm26002764/ocm26002764/Output/_0095.tif (deflated 2%)
  adding: mnt/lsdi/ocm26002764/ocm26002764/Output/_0096.tif (deflated 2%)
  adding: mnt/lsdi/ocm26002764/ocm26002764/Output/_0097.tif (deflated 2%)
  adding: mnt/lsdi/ocm26002764/ocm26002764/Output/_0098.tif (deflated 2%)
  adding: mnt/lsdi/ocm26002764/ocm26002764/Output/_0099.tif (deflated 2%)
  adding: mnt/lsdi/ocm26002764/ocm26002764/Output/_0100.tif (deflated 2%)
  adding: mnt/lsdi/ocm26002764/ocm26002764/Output/_0101.tif (deflated 2%)
  adding: mnt/lsdi/ocm26002764/ocm26002764/Output/_0102.tif (deflated 2%)
  adding: mnt/lsdi/ocm26002764/ocm26002764/Output/_0103.tif (deflated 2%)
  adding: mnt/lsdi/ocm26002764/ocm26002764/Output/_0104.tif (deflated 2%)
  adding: mnt/lsdi/ocm26002764/ocm26002764/Output/_0105.tif (deflated 2%)
  adding: mnt/lsdi/ocm26002764/ocm26002764/Output/_0106.tif (deflated 2%)
  adding: mnt/lsdi/ocm26002764/ocm26002764/Output/_0107.tif (deflated 2%)
  adding: mnt/lsdi/ocm26002764/ocm26002764/Output/_0108.tif (deflated 2%)
  adding: mnt/lsdi/ocm26002764/ocm26002764/Output/_0109.tif (deflated 2%)
  adding: mnt/lsdi/ocm26002764/ocm26002764/Output/_0110.tif (deflated 2%)
  adding: mnt/lsdi/ocm26002764/ocm26002764/Output/_0111.tif (deflated 2%)
  adding: mnt/lsdi/ocm26002764/ocm26002764/Output/_0112.tif (deflated 2%)
  adding: mnt/lsdi/ocm26002764/ocm26002764/Output/_0113.tif (deflated 2%)
  adding: mnt/lsdi/ocm26002764/ocm26002764/Output/_0114.tif (deflated 2%)
  adding: mnt/lsdi/ocm26002764/ocm26002764/Output/_0115.tif (deflated 3%)
  adding: mnt/lsdi/ocm26002764/ocm26002764/Output/_0116.tif (deflated 3%)
  adding: mnt/lsdi/ocm26002764/ocm26002764/Output/_0117.tif (deflated 2%)
  adding: mnt/lsdi/ocm26002764/ocm26002764/Output/_0118.tif (deflated 2%)
  adding: mnt/lsdi/ocm26002764/ocm26002764/Output/_0119.tif (deflated 2%)
  adding: mnt/lsdi/ocm26002764/ocm26002764/Output/_0120.tif (deflated 2%)
  adding: mnt/lsdi/ocm26002764/ocm26002764/Output/_0121.tif (deflated 2%)
  adding: mnt/lsdi/ocm26002764/ocm26002764/Output/_0122.tif (deflated 2%)
  adding: mnt/lsdi/ocm26002764/ocm26002764/Output/_0123.tif (deflated 2%)
  adding: mnt/lsdi/ocm26002764/ocm26002764/Output/_0124.tif (deflated 3%)
  adding: mnt/lsdi/ocm26002764/ocm26002764/Output/_0125.tif (deflated 2%)
  adding: mnt/lsdi/ocm26002764/ocm26002764/Output/_0126.tif (deflated 3%)
  adding: mnt/lsdi/ocm26002764/ocm26002764/Output/_0127.tif (deflated 2%)
  adding: mnt/lsdi/ocm26002764/ocm26002764/Output/_0128.tif (deflated 3%)
  adding: mnt/lsdi/ocm26002764/ocm26002764/Output/_0129.tif (deflated 2%)
  adding: mnt/lsdi/ocm26002764/ocm26002764/Output/_0130.tif (deflated 3%)
  adding: mnt/lsdi/ocm26002764/ocm26002764/Output/_0131.tif (deflated 2%)
  adding: mnt/lsdi/ocm26002764/ocm26002764/Output/_0132.tif (deflated 3%)
  adding: mnt/lsdi/ocm26002764/ocm26002764/Output/_0133.tif (deflated 2%)
  adding: mnt/lsdi/ocm26002764/ocm26002764/Output/_0134.tif (deflated 2%)
  adding: mnt/lsdi/ocm26002764/ocm26002764/Output/_0135.tif (deflated 2%)
  adding: mnt/lsdi/ocm26002764/ocm26002764/Output/_0136.tif (deflated 2%)
  adding: mnt/lsdi/ocm26002764/ocm26002764/Output/_0137.tif (deflated 2%)
  adding: mnt/lsdi/ocm26002764/ocm26002764/Output/_0138.tif (deflated 2%)
  adding: mnt/lsdi/ocm26002764/ocm26002764/Output/_0139.tif (deflated 2%)
  adding: mnt/lsdi/ocm26002764/ocm26002764/Output/_0140.tif (deflated 2%)
  adding: mnt/lsdi/ocm26002764/ocm26002764/Output/_0141.tif (deflated 2%)
  adding: mnt/lsdi/ocm26002764/ocm26002764/Output/_0142.tif (deflated 3%)
  adding: mnt/lsdi/ocm26002764/ocm26002764/Output/_0143.tif (deflated 2%)
  adding: mnt/lsdi/ocm26002764/ocm26002764/Output/_0144.tif (deflated 4%)
  adding: mnt/lsdi/ocm26002764/ocm26002764/Output/_0145.tif (deflated 3%)
  adding: mnt/lsdi/ocm26002764/ocm26002764/Output/_0146.tif (deflated 3%)
  adding: mnt/lsdi/ocm26002764/ocm26002764/Output/_0147.tif (deflated 2%)
  adding: mnt/lsdi/ocm26002764/ocm26002764/Output/_0148.tif (deflated 3%)
  adding: mnt/lsdi/ocm26002764/ocm26002764/Output/_0149.tif (deflated 2%)
  adding: mnt/lsdi/ocm26002764/ocm26002764/Output/_0150.tif (deflated 2%)
  adding: mnt/lsdi/ocm26002764/ocm26002764/Output/_0151.tif (deflated 2%)
  adding: mnt/lsdi/ocm26002764/ocm26002764/Output/_0152.tif (deflated 2%)
  adding: mnt/lsdi/ocm26002764/ocm26002764/Output/_0153.tif (deflated 2%)
  adding: mnt/lsdi/ocm26002764/ocm26002764/Output/_0154.tif (deflated 2%)
  adding: mnt/lsdi/ocm26002764/ocm26002764/Output/_0155.tif (deflated 2%)
  adding: mnt/lsdi/ocm26002764/ocm26002764/Output/_0156.tif (deflated 2%)
  adding: mnt/lsdi/ocm26002764/ocm26002764/Output/_0157.tif (deflated 2%)
  adding: mnt/lsdi/ocm26002764/ocm26002764/Output/_0158.tif (deflated 2%)
  adding: mnt/lsdi/ocm26002764/ocm26002764/Output/_0159.tif (deflated 2%)
  adding: mnt/lsdi/ocm26002764/ocm26002764/Output/_0160.tif (deflated 2%)
  adding: mnt/lsdi/ocm26002764/ocm26002764/Output/_0161.tif (deflated 2%)
  adding: mnt/lsdi/ocm26002764/ocm26002764/Output/_0162.tif (deflated 2%)
  adding: mnt/lsdi/ocm26002764/ocm26002764/Output/_0163.tif (deflated 2%)
  adding: mnt/lsdi/ocm26002764/ocm26002764/Output/_0164.tif (deflated 2%)
  adding: mnt/lsdi/ocm26002764/ocm26002764/Output/_0165.tif (deflated 3%)
  adding: mnt/lsdi/ocm26002764/ocm26002764/Output/_0166.tif (deflated 2%)
  adding: mnt/lsdi/ocm26002764/ocm26002764/Output/_0167.tif (deflated 2%)
  adding: mnt/lsdi/ocm26002764/ocm26002764/Output/_0168.tif (deflated 2%)
  adding: mnt/lsdi/ocm26002764/ocm26002764/Output/_0169.tif (deflated 3%)
  adding: mnt/lsdi/ocm26002764/ocm26002764/Output/_0170.tif (deflated 3%)
  adding: mnt/lsdi/ocm26002764/ocm26002764/Output/_0171.tif (deflated 2%)
  adding: mnt/lsdi/ocm26002764/ocm26002764/Output/_0172.tif (deflated 2%)
  adding: mnt/lsdi/ocm26002764/ocm26002764/Output/_0173.tif (deflated 2%)
  adding: mnt/lsdi/ocm26002764/ocm26002764/Output/_0174.tif (deflated 2%)
  adding: mnt/lsdi/ocm26002764/ocm26002764/Output/_0175.tif (deflated 3%)
  adding: mnt/lsdi/ocm26002764/ocm26002764/Output/_0176.tif (deflated 2%)
  adding: mnt/lsdi/ocm26002764/ocm26002764/Output/_0177.tif (deflated 2%)
  adding: mnt/lsdi/ocm26002764/ocm26002764/Output/_0178.tif (deflated 3%)
  adding: mnt/lsdi/ocm26002764/ocm26002764/Output/_0179.tif (deflated 3%)
  adding: mnt/lsdi/ocm26002764/ocm26002764/Output/_0180.tif (deflated 2%)
  adding: mnt/lsdi/ocm26002764/ocm26002764/Output/_0181.tif (deflated 4%)
  adding: mnt/lsdi/ocm26002764/ocm26002764/Output/_0182.tif (deflated 3%)
  adding: mnt/lsdi/ocm26002764/ocm26002764/Output/_0183.tif (deflated 2%)
  adding: mnt/lsdi/ocm26002764/ocm26002764/Output/_0184.tif (deflated 2%)
  adding: mnt/lsdi/ocm26002764/ocm26002764/Output/_0185.tif (deflated 2%)
  adding: mnt/lsdi/ocm26002764/ocm26002764/Output/_0186.tif (deflated 2%)
  adding: mnt/lsdi/ocm26002764/ocm26002764/Output/_0187.tif (deflated 2%)
  adding: mnt/lsdi/ocm26002764/ocm26002764/Output/_0188.tif (deflated 2%)
  adding: mnt/lsdi/ocm26002764/ocm26002764/Output/_0189.tif (deflated 2%)
  adding: mnt/lsdi/ocm26002764/ocm26002764/Output/_0190.tif (deflated 2%)
  adding: mnt/lsdi/ocm26002764/ocm26002764/Output/_0191.tif (deflated 2%)
  adding: mnt/lsdi/ocm26002764/ocm26002764/Output/_0192.tif (deflated 2%)
  adding: mnt/lsdi/ocm26002764/ocm26002764/Output/_0193.tif (deflated 2%)
  adding: mnt/lsdi/ocm26002764/ocm26002764/Output/_0194.tif (deflated 2%)
  adding: mnt/lsdi/ocm26002764/ocm26002764/Output/_0195.tif (deflated 2%)
  adding: mnt/lsdi/ocm26002764/ocm26002764/Output/_0196.tif (deflated 2%)
  adding: mnt/lsdi/ocm26002764/ocm26002764/Output/_0197.tif (deflated 2%)
  adding: mnt/lsdi/ocm26002764/ocm26002764/Output/_0198.tif (deflated 2%)
  adding: mnt/lsdi/ocm26002764/ocm26002764/Output/_0199.tif (deflated 2%)
  adding: mnt/lsdi/ocm26002764/ocm26002764/Output/_0200.tif (deflated 2%)
  adding: mnt/lsdi/ocm26002764/ocm26002764/Output/_0201.tif (deflated 2%)
  adding: mnt/lsdi/ocm26002764/ocm26002764/Output/_0202.tif (deflated 3%)
  adding: mnt/lsdi/ocm26002764/ocm26002764/Output/_0203.tif (deflated 3%)
  adding: mnt/lsdi/ocm26002764/ocm26002764/Output/_0204.tif (deflated 3%)
  adding: mnt/lsdi/ocm26002764/ocm26002764/Output/_0205.tif (deflated 3%)
  adding: mnt/lsdi/ocm26002764/ocm26002764/Output/_0206.tif (deflated 2%)
  adding: mnt/lsdi/ocm26002764/ocm26002764/Output/_0207.tif (deflated 2%)
  adding: mnt/lsdi/ocm26002764/ocm26002764/Output/_0208.tif (deflated 3%)
  adding: mnt/lsdi/ocm26002764/ocm26002764/Output/_0209.tif (deflated 2%)
  adding: mnt/lsdi/ocm26002764/ocm26002764/Output/_0210.tif (deflated 2%)
  adding: mnt/lsdi/ocm26002764/ocm26002764/Output/_0211.tif (deflated 3%)
  adding: mnt/lsdi/ocm26002764/ocm26002764/Output/_0212.tif (deflated 3%)
  adding: mnt/lsdi/ocm26002764/ocm26002764/Output/_0213.tif (deflated 2%)
  adding: mnt/lsdi/ocm26002764/ocm26002764/Output/_0214.tif (deflated 2%)
  adding: mnt/lsdi/ocm26002764/ocm26002764/Output/_0215.tif (deflated 2%)
  adding: mnt/lsdi/ocm26002764/ocm26002764/Output/_0216.tif (deflated 2%)
  adding: mnt/lsdi/ocm26002764/ocm26002764/Output/_0217.tif (deflated 2%)
  adding: mnt/lsdi/ocm26002764/ocm26002764/Output/_0218.tif (deflated 2%)
  adding: mnt/lsdi/ocm26002764/ocm26002764/Output/_0219.tif (deflated 2%)
  adding: mnt/lsdi/ocm26002764/ocm26002764/Output/_0220.tif (deflated 2%)
  adding: mnt/lsdi/ocm26002764/ocm26002764/Output/_0221.tif (deflated 2%)
  adding: mnt/lsdi/ocm26002764/ocm26002764/Output/_0222.tif (deflated 2%)
  adding: mnt/lsdi/ocm26002764/ocm26002764/Output/_0223.tif (deflated 2%)
  adding: mnt/lsdi/ocm26002764/ocm26002764/Output/_0224.tif (deflated 2%)
  adding: mnt/lsdi/ocm26002764/ocm26002764/Output/_0225.tif (deflated 2%)
  adding: mnt/lsdi/ocm26002764/ocm26002764/Output/_0226.tif (deflated 2%)
  adding: mnt/lsdi/ocm26002764/ocm26002764/Output/_0227.tif (deflated 2%)
  adding: mnt/lsdi/ocm26002764/ocm26002764/Output/_0228.tif (deflated 2%)
  adding: mnt/lsdi/ocm26002764/ocm26002764/Output/_0229.tif (deflated 2%)
  adding: mnt/lsdi/ocm26002764/ocm26002764/Output/_0230.tif (deflated 2%)
  adding: mnt/lsdi/ocm26002764/ocm26002764/Output/_0231.tif (deflated 2%)
  adding: mnt/lsdi/ocm26002764/ocm26002764/Output/_0232.tif (deflated 2%)
  adding: mnt/lsdi/ocm26002764/ocm26002764/Output/_0233.tif (deflated 2%)
  adding: mnt/lsdi/ocm26002764/ocm26002764/Output/_0234.tif (deflated 2%)
  adding: mnt/lsdi/ocm26002764/ocm26002764/Output/_0235.tif (deflated 2%)
  adding: mnt/lsdi/ocm26002764/ocm26002764/Output/_0236.tif (deflated 2%)
  adding: mnt/lsdi/ocm26002764/ocm26002764/Output/_0237.tif (deflated 3%)
  adding: mnt/lsdi/ocm26002764/ocm26002764/Output/_0238.tif (deflated 2%)
  adding: mnt/lsdi/ocm26002764/ocm26002764/Output/_0239.tif (deflated 2%)
  adding: mnt/lsdi/ocm26002764/ocm26002764/Output/_0240.tif (deflated 2%)
  adding: mnt/lsdi/ocm26002764/ocm26002764/Output/_0241.tif (deflated 2%)
  adding: mnt/lsdi/ocm26002764/ocm26002764/Output/_0242.tif (deflated 2%)
  adding: mnt/lsdi/ocm26002764/ocm26002764/Output/_0243.tif (deflated 2%)
  adding: mnt/lsdi/ocm26002764/ocm26002764/Output/_0244.tif (deflated 2%)
  adding: mnt/lsdi/ocm26002764/ocm26002764/Output/_0245.tif (deflated 2%)
  adding: mnt/lsdi/ocm26002764/ocm26002764/Output/_0246.tif (deflated 2%)
  adding: mnt/lsdi/ocm26002764/ocm26002764/Output/_0247.tif (deflated 2%)
  adding: mnt/lsdi/ocm26002764/ocm26002764/Output/_0248.tif (deflated 2%)
  adding: mnt/lsdi/ocm26002764/ocm26002764/Output/_0249.tif (deflated 2%)
  adding: mnt/lsdi/ocm26002764/ocm26002764/Output/_0250.tif (deflated 2%)
  adding: mnt/lsdi/ocm26002764/ocm26002764/Output/_0251.tif (deflated 2%)
  adding: mnt/lsdi/ocm26002764/ocm26002764/Output/_0252.tif (deflated 2%)
  adding: mnt/lsdi/ocm26002764/ocm26002764/Output/_0253.tif (deflated 3%)
  adding: mnt/lsdi/ocm26002764/ocm26002764/Output/_0254.tif (deflated 3%)
  adding: mnt/lsdi/ocm26002764/ocm26002764/Output/_0255.tif (deflated 2%)
  adding: mnt/lsdi/ocm26002764/ocm26002764/Output/_0256.tif (deflated 2%)
  adding: mnt/lsdi/ocm26002764/ocm26002764/Output/_0257.tif (deflated 2%)
  adding: mnt/lsdi/ocm26002764/ocm26002764/Output/_0258.tif (deflated 2%)
  adding: mnt/lsdi/ocm26002764/ocm26002764/Output/_0259.tif (deflated 2%)
  adding: mnt/lsdi/ocm26002764/ocm26002764/Output/_0260.tif (deflated 2%)
  adding: mnt/lsdi/ocm26002764/ocm26002764/Output/_0261.tif (deflated 3%)
  adding: mnt/lsdi/ocm26002764/ocm26002764/Output/_0262.tif (deflated 2%)
  adding: mnt/lsdi/ocm26002764/ocm26002764/Output/_0263.tif (deflated 2%)
  adding: mnt/lsdi/ocm26002764/ocm26002764/Output/_0264.tif (deflated 2%)
  adding: mnt/lsdi/ocm26002764/ocm26002764/Output/_0265.tif (deflated 2%)
  adding: mnt/lsdi/ocm26002764/ocm26002764/Output/_0266.tif (deflated 2%)
  adding: mnt/lsdi/ocm26002764/ocm26002764/Output/_0267.tif (deflated 2%)
  adding: mnt/lsdi/ocm26002764/ocm26002764/Output/_0268.tif (deflated 2%)
  adding: mnt/lsdi/ocm26002764/ocm26002764/Output/_0269.tif (deflated 2%)
  adding: mnt/lsdi/ocm26002764/ocm26002764/Output/_0270.tif (deflated 2%)
  adding: mnt/lsdi/ocm26002764/ocm26002764/Output/_0271.tif (deflated 2%)
  adding: mnt/lsdi/ocm26002764/ocm26002764/Output/_0272.tif (deflated 2%)
  adding: mnt/lsdi/ocm26002764/ocm26002764/Output/_0273.tif (deflated 2%)
  adding: mnt/lsdi/ocm26002764/ocm26002764/Output/_0274.tif (deflated 2%)
  adding: mnt/lsdi/ocm26002764/ocm26002764/Output/_0275.tif (deflated 2%)
  adding: mnt/lsdi/ocm26002764/ocm26002764/Output/_0276.tif (deflated 2%)
  adding: mnt/lsdi/ocm26002764/ocm26002764/Output/_0277.tif (deflated 2%)
  adding: mnt/lsdi/ocm26002764/ocm26002764/Output/_0278.tif (deflated 2%)
  adding: mnt/lsdi/ocm26002764/ocm26002764/Output/_0279.tif (deflated 2%)
  adding: mnt/lsdi/ocm26002764/ocm26002764/Output/_0280.tif (deflated 2%)
  adding: mnt/lsdi/ocm26002764/ocm26002764/Output/_0281.tif (deflated 2%)
  adding: mnt/lsdi/ocm26002764/ocm26002764/Output/_0282.tif (deflated 3%)
  adding: mnt/lsdi/ocm26002764/ocm26002764/Output/_0283.tif (deflated 3%)
  adding: mnt/lsdi/ocm26002764/ocm26002764/Output/_0284.tif (deflated 2%)
  adding: mnt/lsdi/ocm26002764/ocm26002764/Output/_0285.tif (deflated 2%)
  adding: mnt/lsdi/ocm26002764/ocm26002764/Output/_0286.tif (deflated 2%)
  adding: mnt/lsdi/ocm26002764/ocm26002764/Output/_0287.tif (deflated 2%)
  adding: mnt/lsdi/ocm26002764/ocm26002764/Output/_0288.tif (deflated 2%)
  adding: mnt/lsdi/ocm26002764/ocm26002764/Output/_0289.tif (deflated 2%)
  adding: mnt/lsdi/ocm26002764/ocm26002764/Output/_0290.tif (deflated 2%)
  adding: mnt/lsdi/ocm26002764/ocm26002764/Output/_0291.tif (deflated 3%)
  adding: mnt/lsdi/ocm26002764/ocm26002764/Output/_0292.tif (deflated 2%)
  adding: mnt/lsdi/ocm26002764/ocm26002764/Output/_0293.tif (deflated 3%)
  adding: mnt/lsdi/ocm26002764/ocm26002764/Output/_0294.tif (deflated 3%)
  adding: mnt/lsdi/ocm26002764/ocm26002764/Output/_0295.tif (deflated 2%)
  adding: mnt/lsdi/ocm26002764/ocm26002764/Output/_0296.tif (deflated 2%)
  adding: mnt/lsdi/ocm26002764/ocm26002764/Output/_0297.tif (deflated 2%)
  adding: mnt/lsdi/ocm26002764/ocm26002764/Output/_0298.tif (deflated 2%)
  adding: mnt/lsdi/ocm26002764/ocm26002764/Output/_0299.tif (deflated 2%)
  adding: mnt/lsdi/ocm26002764/ocm26002764/Output/_0300.tif (deflated 2%)
  adding: mnt/lsdi/ocm26002764/ocm26002764/Output/_0301.tif (deflated 2%)
  adding: mnt/lsdi/ocm26002764/ocm26002764/Output/_0302.tif (deflated 2%)
  adding: mnt/lsdi/ocm26002764/ocm26002764/Output/_0303.tif (deflated 2%)
  adding: mnt/lsdi/ocm26002764/ocm26002764/Output/_0304.tif (deflated 2%)
  adding: mnt/lsdi/ocm26002764/ocm26002764/Output/_0305.tif (deflated 2%)
  adding: mnt/lsdi/ocm26002764/ocm26002764/Output/_0306.tif (deflated 2%)
  adding: mnt/lsdi/ocm26002764/ocm26002764/Output/_0307.tif (deflated 2%)
  adding: mnt/lsdi/ocm26002764/ocm26002764/Output/_0308.tif (deflated 2%)
  adding: mnt/lsdi/ocm26002764/ocm26002764/Output/_0309.tif (deflated 2%)
  adding: mnt/lsdi/ocm26002764/ocm26002764/Output/_0310.tif (deflated 2%)
  adding: mnt/lsdi/ocm26002764/ocm26002764/Output/_0311.tif (deflated 2%)
  adding: mnt/lsdi/ocm26002764/ocm26002764/Output/_0312.tif (deflated 2%)
  adding: mnt/lsdi/ocm26002764/ocm26002764/Output/_0313.tif (deflated 2%)
  adding: mnt/lsdi/ocm26002764/ocm26002764/Output/_0314.tif (deflated 2%)
  adding: mnt/lsdi/ocm26002764/ocm26002764/Output/_0315.tif (deflated 2%)
  adding: mnt/lsdi/ocm26002764/ocm26002764/Output/_0316.tif (deflated 2%)
  adding: mnt/lsdi/ocm26002764/ocm26002764/Output/_0317.tif (deflated 2%)
  adding: mnt/lsdi/ocm26002764/ocm26002764/Output/_0318.tif (deflated 2%)
  adding: mnt/lsdi/ocm26002764/ocm26002764/Output/_0319.tif (deflated 3%)
  adding: mnt/lsdi/ocm26002764/ocm26002764/Output/_0320.tif (deflated 3%)
  adding: mnt/lsdi/ocm26002764/ocm26002764/Output/_0321.tif (deflated 3%)
  adding: mnt/lsdi/ocm26002764/ocm26002764/Output/_0322.tif (deflated 3%)
  adding: mnt/lsdi/ocm26002764/ocm26002764/Output/_0323.tif (deflated 2%)
  adding: mnt/lsdi/ocm26002764/ocm26002764/Output/_0324.tif (deflated 2%)
  adding: mnt/lsdi/ocm26002764/ocm26002764/Output/_0325.tif (deflated 3%)
  adding: mnt/lsdi/ocm26002764/ocm26002764/Output/_0326.tif (deflated 2%)
  adding: mnt/lsdi/ocm26002764/ocm26002764/Output/_0327.tif (deflated 2%)
  adding: mnt/lsdi/ocm26002764/ocm26002764/Output/_0328.tif (deflated 2%)
  adding: mnt/lsdi/ocm26002764/ocm26002764/Output/_0329.tif (deflated 2%)
  adding: mnt/lsdi/ocm26002764/ocm26002764/Output/_0330.tif (deflated 2%)
  adding: mnt/lsdi/ocm26002764/ocm26002764/Output/_0331.tif (deflated 2%)
  adding: mnt/lsdi/ocm26002764/ocm26002764/Output/_0332.tif (deflated 2%)
  adding: mnt/lsdi/ocm26002764/ocm26002764/Output/_0333.tif (deflated 2%)
  adding: mnt/lsdi/ocm26002764/ocm26002764/Output/_0334.tif (deflated 2%)
  adding: mnt/lsdi/ocm26002764/ocm26002764/Output/_0335.tif (deflated 3%)
  adding: mnt/lsdi/ocm26002764/ocm26002764/Output/_0336.tif (deflated 2%)
  adding: mnt/lsdi/ocm26002764/ocm26002764/Output/_0337.tif (deflated 2%)
  adding: mnt/lsdi/ocm26002764/ocm26002764/Output/_0338.tif (deflated 2%)
  adding: mnt/lsdi/ocm26002764/ocm26002764/Output/_0339.tif (deflated 3%)
  adding: mnt/lsdi/ocm26002764/ocm26002764/Output/_0340.tif (deflated 3%)
  adding: mnt/lsdi/ocm26002764/ocm26002764/Output/_0341.tif (deflated 2%)
  adding: mnt/lsdi/ocm26002764/ocm26002764/Output/_0342.tif (deflated 2%)
  adding: mnt/lsdi/ocm26002764/ocm26002764/Output/_0343.tif (deflated 2%)
  adding: mnt/lsdi/ocm26002764/ocm26002764/Output/_0344.tif (deflated 2%)
  adding: mnt/lsdi/ocm26002764/ocm26002764/Output/_0345.tif (deflated 2%)
  adding: mnt/lsdi/ocm26002764/ocm26002764/Output/_0346.tif (deflated 2%)
  adding: mnt/lsdi/ocm26002764/ocm26002764/Output/_0347.tif (deflated 2%)
  adding: mnt/lsdi/ocm26002764/ocm26002764/Output/_0348.tif (deflated 2%)
  adding: mnt/lsdi/ocm26002764/ocm26002764/Output/_0349.tif (deflated 2%)
  adding: mnt/lsdi/ocm26002764/ocm26002764/Output/_0350.tif (deflated 2%)
  adding: mnt/lsdi/ocm26002764/ocm26002764/Output/_0351.tif (deflated 2%)
  adding: mnt/lsdi/ocm26002764/ocm26002764/Output/_0352.tif (deflated 2%)
  adding: mnt/lsdi/ocm26002764/ocm26002764/Output/_0353.tif (deflated 2%)
  adding: mnt/lsdi/ocm26002764/ocm26002764/Output/_0354.tif (deflated 2%)
  adding: mnt/lsdi/ocm26002764/ocm26002764/Output/_0355.tif (deflated 2%)
  adding: mnt/lsdi/ocm26002764/ocm26002764/Output/_0356.tif (deflated 2%)
  adding: mnt/lsdi/ocm26002764/ocm26002764/Output/_0357.tif (deflated 2%)
  adding: mnt/lsdi/ocm26002764/ocm26002764/Output/_0358.tif (deflated 4%)
  adding: mnt/lsdi/ocm26002764/ocm26002764/Output/_0359.tif (deflated 2%)
  adding: mnt/lsdi/ocm26002764/ocm26002764/Output/_0360.tif (deflated 2%)
  adding: mnt/lsdi/ocm26002764/ocm26002764/Output/_0361.tif (deflated 2%)
  adding: mnt/lsdi/ocm26002764/ocm26002764/Output/_0362.tif (deflated 2%)
  adding: mnt/lsdi/ocm26002764/ocm26002764/Output/_0363.tif (deflated 2%)
  adding: mnt/lsdi/ocm26002764/ocm26002764/Output/_0364.tif (deflated 2%)
  adding: mnt/lsdi/ocm26002764/ocm26002764/Output/_0365.tif (deflated 2%)
  adding: mnt/lsdi/ocm26002764/ocm26002764/Output/_0366.tif (deflated 2%)
  adding: mnt/lsdi/ocm26002764/ocm26002764/Output/_0367.tif (deflated 2%)
  adding: mnt/lsdi/ocm26002764/ocm26002764/Output/_0368.tif (deflated 2%)
  adding: mnt/lsdi/ocm26002764/ocm26002764/Output/_0369.tif (deflated 2%)
  adding: mnt/lsdi/ocm26002764/ocm26002764/Output/_0370.tif (deflated 2%)
  adding: mnt/lsdi/ocm26002764/ocm26002764/Output/_0371.tif (deflated 2%)
  adding: mnt/lsdi/ocm26002764/ocm26002764/Output/_0372.tif (deflated 2%)
  adding: mnt/lsdi/ocm26002764/ocm26002764/Output/_0373.tif (deflated 2%)
  adding: mnt/lsdi/ocm26002764/ocm26002764/Output/_0374.tif (deflated 2%)
  adding: mnt/lsdi/ocm26002764/ocm26002764/Output/_0375.tif (deflated 2%)
  adding: mnt/lsdi/ocm26002764/ocm26002764/Output/_0376.tif (deflated 3%)
  adding: mnt/lsdi/ocm26002764/ocm26002764/Output/_0377.tif (deflated 2%)
  adding: mnt/lsdi/ocm26002764/ocm26002764/Output/_0378.tif (deflated 2%)
  adding: mnt/lsdi/ocm26002764/ocm26002764/Output/_0379.tif (deflated 2%)
  adding: mnt/lsdi/ocm26002764/ocm26002764/Output/_0380.tif (deflated 2%)
  adding: mnt/lsdi/ocm26002764/ocm26002764/Output/_0381.tif (deflated 2%)
  adding: mnt/lsdi/ocm26002764/ocm26002764/Output/_0382.tif (deflated 2%)
  adding: mnt/lsdi/ocm26002764/ocm26002764/Output/_0383.tif (deflated 2%)
  adding: mnt/lsdi/ocm26002764/ocm26002764/Output/_0384.tif (deflated 3%)
  adding: mnt/lsdi/ocm26002764/ocm26002764/Output/_0385.tif (deflated 3%)
  adding: mnt/lsdi/ocm26002764/ocm26002764/Output/_0386.tif (deflated 2%)
  adding: mnt/lsdi/ocm26002764/ocm26002764/Output/_0387.tif (deflated 2%)
  adding: mnt/lsdi/ocm26002764/ocm26002764/Output/_0388.tif (deflated 2%)
  adding: mnt/lsdi/ocm26002764/ocm26002764/Output/_0389.tif (deflated 3%)
  adding: mnt/lsdi/ocm26002764/ocm26002764/Output/_0390.tif (deflated 2%)
  adding: mnt/lsdi/ocm26002764/ocm26002764/Output/_0391.tif (deflated 2%)
  adding: mnt/lsdi/ocm26002764/ocm26002764/Output/_0392.tif (deflated 2%)
  adding: mnt/lsdi/ocm26002764/ocm26002764/Output/_0393.tif (deflated 2%)
  adding: mnt/lsdi/ocm26002764/ocm26002764/Output/_0394.tif (deflated 2%)
  adding: mnt/lsdi/ocm26002764/ocm26002764/Output/_0395.tif (deflated 2%)
  adding: mnt/lsdi/ocm26002764/ocm26002764/Output/_0396.tif (deflated 2%)
  adding: mnt/lsdi/ocm26002764/ocm26002764/Output/_0397.tif (deflated 2%)
  adding: mnt/lsdi/ocm26002764/ocm26002764/Output/_0398.tif (deflated 2%)
  adding: mnt/lsdi/ocm26002764/ocm26002764/Output/_0399.tif (deflated 2%)
  adding: mnt/lsdi/ocm26002764/ocm26002764/Output/_0400.tif (deflated 2%)
  adding: mnt/lsdi/ocm26002764/ocm26002764/Output/_0401.tif (deflated 2%)
  adding: mnt/lsdi/ocm26002764/ocm26002764/Output/_0402.tif (deflated 2%)
  adding: mnt/lsdi/ocm26002764/ocm26002764/Output/_0403.tif (deflated 2%)
  adding: mnt/lsdi/ocm26002764/ocm26002764/Output/_0404.tif (deflated 2%)
  adding: mnt/lsdi/ocm26002764/ocm26002764/Output/_0405.tif (deflated 2%)
  adding: mnt/lsdi/ocm26002764/ocm26002764/Output/_0406.tif (deflated 2%)
  adding: mnt/lsdi/ocm26002764/ocm26002764/Output/_0407.tif (deflated 3%)
  adding: mnt/lsdi/ocm26002764/ocm26002764/Output/_0408.tif (deflated 2%)
  adding: mnt/lsdi/ocm26002764/ocm26002764/Output/_0409.tif (deflated 2%)
  adding: mnt/lsdi/ocm26002764/ocm26002764/Output/_0410.tif (deflated 3%)
  adding: mnt/lsdi/ocm26002764/ocm26002764/Output/_0411.tif (deflated 2%)
  adding: mnt/lsdi/ocm26002764/ocm26002764/Output/_0412.tif (deflated 3%)
  adding: mnt/lsdi/ocm26002764/ocm26002764/Output/_0413.tif (deflated 2%)
  adding: mnt/lsdi/ocm26002764/ocm26002764/Output/_0414.tif (deflated 2%)
  adding: mnt/lsdi/ocm26002764/ocm26002764/Output/_0415.tif (deflated 2%)
  adding: mnt/lsdi/ocm26002764/ocm26002764/Output/_0416.tif (deflated 2%)
  adding: mnt/lsdi/ocm26002764/ocm26002764/Output/_0417.tif (deflated 2%)
  adding: mnt/lsdi/ocm26002764/ocm26002764/Output/_0418.tif (deflated 2%)
  adding: mnt/lsdi/ocm26002764/ocm26002764/Output/_0419.tif (deflated 2%)
  adding: mnt/lsdi/ocm26002764/ocm26002764/Output/_0420.tif (deflated 2%)
  adding: mnt/lsdi/ocm26002764/ocm26002764/Output/_0421.tif (deflated 2%)
  adding: mnt/lsdi/ocm26002764/ocm26002764/Output/_0422.tif (deflated 2%)
  adding: mnt/lsdi/ocm26002764/ocm26002764/Output/_0423.tif (deflated 2%)
  adding: mnt/lsdi/ocm26002764/ocm26002764/Output/_0424.tif (deflated 2%)
  adding: mnt/lsdi/ocm26002764/ocm26002764/Output/_0425.tif (deflated 2%)
  adding: mnt/lsdi/ocm26002764/ocm26002764/Output/_0426.tif (deflated 2%)
  adding: mnt/lsdi/ocm26002764/ocm26002764/Output/_0427.tif (deflated 2%)
  adding: mnt/lsdi/ocm26002764/ocm26002764/Output/_0428.tif (deflated 2%)
  adding: mnt/lsdi/ocm26002764/ocm26002764/Output/_0429.tif (deflated 2%)
  adding: mnt/lsdi/ocm26002764/ocm26002764/Output/_0430.tif (deflated 2%)
  adding: mnt/lsdi/ocm26002764/ocm26002764/Output/_0431.tif (deflated 2%)
  adding: mnt/lsdi/ocm26002764/ocm26002764/Output/_0432.tif (deflated 2%)
  adding: mnt/lsdi/ocm26002764/ocm26002764/Output/_0433.tif (deflated 2%)
  adding: mnt/lsdi/ocm26002764/ocm26002764/Output/_0434.tif (deflated 2%)
  adding: mnt/lsdi/ocm26002764/ocm26002764/Output/_0435.tif (deflated 2%)
  adding: mnt/lsdi/ocm26002764/ocm26002764/Output/_0436.tif (deflated 2%)
  adding: mnt/lsdi/ocm26002764/ocm26002764/Output/_0437.tif (deflated 2%)
  adding: mnt/lsdi/ocm26002764/ocm26002764/Output/_0438.tif (deflated 2%)
  adding: mnt/lsdi/ocm26002764/ocm26002764/Output/_0439.tif (deflated 3%)
  adding: mnt/lsdi/ocm26002764/ocm26002764/Output/_0440.tif (deflated 2%)
  adding: mnt/lsdi/ocm26002764/ocm26002764/Output/_0441.tif (deflated 2%)
  adding: mnt/lsdi/ocm26002764/ocm26002764/Output/_0442.tif (deflated 2%)
  adding: mnt/lsdi/ocm26002764/ocm26002764/Output/_0443.tif (deflated 2%)
  adding: mnt/lsdi/ocm26002764/ocm26002764/Output/_0444.tif (deflated 2%)
  adding: mnt/lsdi/ocm26002764/ocm26002764/Output/_0445.tif (deflated 2%)
  adding: mnt/lsdi/ocm26002764/ocm26002764/Output/_0446.tif (deflated 2%)
  adding: mnt/lsdi/ocm26002764/ocm26002764/Output/_0447.tif (deflated 2%)
  adding: mnt/lsdi/ocm26002764/ocm26002764/Output/_0448.tif (deflated 2%)
  adding: mnt/lsdi/ocm26002764/ocm26002764/Output/_0449.tif (deflated 2%)
  adding: mnt/lsdi/ocm26002764/ocm26002764/Output/_0450.tif (deflated 2%)
  adding: mnt/lsdi/ocm26002764/ocm26002764/Output/_0451.tif (deflated 2%)
  adding: mnt/lsdi/ocm26002764/ocm26002764/Output/_0452.tif (deflated 2%)
  adding: mnt/lsdi/ocm26002764/ocm26002764/Output/_0453.tif (deflated 2%)
  adding: mnt/lsdi/ocm26002764/ocm26002764/Output/_0454.tif (deflated 3%)
  adding: mnt/lsdi/ocm26002764/ocm26002764/Output/_0455.tif (deflated 2%)
  adding: mnt/lsdi/ocm26002764/ocm26002764/Output/_0456.tif (deflated 3%)
  adding: mnt/lsdi/ocm26002764/ocm26002764/Output/_0457.tif (deflated 2%)
  adding: mnt/lsdi/ocm26002764/ocm26002764/Output/_0458.tif (deflated 3%)
  adding: mnt/lsdi/ocm26002764/ocm26002764/Output/_0459.tif (deflated 3%)
  adding: mnt/lsdi/ocm26002764/ocm26002764/Output/_0460.tif (deflated 4%)
  adding: mnt/lsdi/ocm26002764/ocm26002764/Output/_0461.tif (deflated 2%)
  adding: mnt/lsdi/ocm26002764/ocm26002764/Output/_0462.tif (deflated 3%)
  adding: mnt/lsdi/ocm26002764/ocm26002764/Output/_0463.tif (deflated 2%)
  adding: mnt/lsdi/ocm26002764/ocm26002764/Output/_0464.tif (deflated 2%)
  adding: mnt/lsdi/ocm26002764/ocm26002764/Output/_0465.tif (deflated 2%)
  adding: mnt/lsdi/ocm26002764/ocm26002764/Output/_0466.tif (deflated 2%)
  adding: mnt/lsdi/ocm26002764/ocm26002764/Output/_0467.tif (deflated 3%)
  adding: mnt/lsdi/ocm26002764/ocm26002764/Output/_0468.tif (deflated 3%)
  adding: mnt/lsdi/ocm26002764/ocm26002764/Output/_0469.tif (deflated 2%)
  adding: mnt/lsdi/ocm26002764/ocm26002764/Output/_0470.tif (deflated 2%)
  adding: mnt/lsdi/ocm26002764/ocm26002764/Output/_0471.tif (deflated 2%)
  adding: mnt/lsdi/ocm26002764/ocm26002764/Output/_0472.tif (deflated 2%)
  adding: mnt/lsdi/ocm26002764/ocm26002764/Output/_0473.tif (deflated 2%)
  adding: mnt/lsdi/ocm26002764/ocm26002764/Output/_0474.tif (deflated 2%)
  adding: mnt/lsdi/ocm26002764/ocm26002764/Output/_0475.tif (deflated 2%)
  adding: mnt/lsdi/ocm26002764/ocm26002764/Output/_0476.tif (deflated 2%)
  adding: mnt/lsdi/ocm26002764/ocm26002764/Output/_0477.tif (deflated 2%)
  adding: mnt/lsdi/ocm26002764/ocm26002764/Output/_0478.tif (deflated 2%)
  adding: mnt/lsdi/ocm26002764/ocm26002764/Output/_0479.tif (deflated 2%)
  adding: mnt/lsdi/ocm26002764/ocm26002764/Output/_0480.tif (deflated 2%)
  adding: mnt/lsdi/ocm26002764/ocm26002764/Output/_0481.tif (deflated 4%)
  adding: mnt/lsdi/ocm26002764/ocm26002764/Output/_0482.tif (deflated 37%)
  adding: mnt/lsdi/ocm26002764/ocm26002764/Output/_0483.tif (deflated 84%)
  adding: mnt/lsdi/ocm26002764/ocm26002764/Output/_0484.tif (deflated 2%)
  adding: mnt/lsdi/ocm26002764/ocm26002764/Output/_0485.tif (deflated 2%)
  adding: mnt/lsdi/ocm26002764/ocm26002764/Output/_0486.tif (deflated 3%)
  adding: mnt/lsdi/ocm26002764/ocm26002764/Output/_0487.tif (deflated 2%)
  adding: mnt/lsdi/ocm26002764/ocm26002764/Output/_0488.tif (deflated 2%)
  adding: mnt/lsdi/ocm26002764/ocm26002764/Output/_0489.tif (deflated 2%)
  adding: mnt/lsdi/ocm26002764/ocm26002764/Output/_0490.tif (deflated 2%)
  adding: mnt/lsdi/ocm26002764/ocm26002764/Output/_0491.tif (deflated 2%)
  adding: mnt/lsdi/ocm26002764/ocm26002764/Output/_0492.tif (deflated 2%)
  adding: mnt/lsdi/ocm26002764/ocm26002764/Output/_0493.tif (deflated 2%)
  adding: mnt/lsdi/ocm26002764/ocm26002764/Output/_0494.tif (deflated 2%)
  adding: mnt/lsdi/ocm26002764/ocm26002764/Output/_0495.tif (deflated 2%)
  adding: mnt/lsdi/ocm26002764/ocm26002764/Output/_0496.tif (deflated 2%)
  adding: mnt/lsdi/ocm26002764/ocm26002764/Output/_0497.tif (deflated 2%)
  adding: mnt/lsdi/ocm26002764/ocm26002764/Output/_0498.tif (deflated 2%)
  adding: mnt/lsdi/ocm26002764/ocm26002764/Output/_0499.tif (deflated 2%)
  adding: mnt/lsdi/ocm26002764/ocm26002764/Output/_0500.tif (deflated 2%)
  adding: mnt/lsdi/ocm26002764/ocm26002764/Output/_0501.tif (deflated 1%)
  adding: mnt/lsdi/ocm26002764/ocm26002764/Output/_0502.tif (deflated 2%)
  adding: mnt/lsdi/ocm26002764/ocm26002764/Output/_0503.tif (deflated 84%)
  adding: mnt/lsdi/ocm26002764/ocm26002764/Output/_0504.tif (deflated 66%)
curl --location --header authorization: LOW fpJYfLnxbLmCEHqU:JQbq6NgBaPrSh98Y --upload-file /temp/ocm26002764_images.zip http://s3.us.archive.org/26002764.emory.edu/26002764_images.zip
  % Total    % Received % Xferd  Average Speed   Time    Time     Time  Current
                                 Dload  Upload   Total   Spent    Left  Speed
  0     0    0     0    0     0      0      0 --:--:-- --:--:-- --:--:--     0  0 65.7M    0     0    0     0      0      0 --:--:-- --:--:-- --:--:--     0  0 65.7M    0     0    0  192k      0   146k  0:07:38  0:00:01  0:07:37  156k  1 65.7M    0     0    1  864k      0   376k  0:02:58  0:00:02  0:02:56  391k  2 65.7M    0     0    2 1632k      0   496k  0:02:15  0:00:03  0:02:12  509k  3 65.7M    0     0    3 2416k      0   561k  0:01:59  0:00:04  0:01:55  573k  4 65.7M    0     0    4 3184k      0   603k  0:01:51  0:00:05  0:01:46  743k  5 65.7M    0     0    5 3952k      0   628k  0:01:47  0:00:06  0:01:41  754k  6 65.7M    0     0    6 4704k      0   643k  0:01:44  0:00:07  0:01:37  766k  8 65.7M    0     0    8 5456k      0   657k  0:01:42  0:00:08  0:01:34  764k  9 65.7M    0     0    9 6208k      0   667k  0:01:40  0:00:09  0:01:31  759k 10 65.7M    0     0   10 6992k      0   676k  0:01:39  0:00:10  0:01:29  754k 11 65.7M    0     0   11 7680k      0   680k  0:01:38  0:00:11  0:01:27  746k 12 65.7M    0     0   12 8464k      0   688k  0:01:37  0:00:12  0:01:25  755k 13 65.7M    0     0   13 9232k      0   693k  0:01:37  0:00:13  0:01:24  752k 14 65.7M    0     0   14 9968k      0   697k  0:01:36  0:00:14  0:01:22  753k 15 65.7M    0     0   15 10.4M      0   701k  0:01:35  0:00:15  0:01:20  752k 17 65.7M    0     0   17 11.2M      0   706k  0:01:35  0:00:16  0:01:19  764k 18 65.7M    0     0   18 11.9M      0   709k  0:01:34  0:00:17  0:01:17  759k 19 65.7M    0     0   19 12.7M      0   710k  0:01:34  0:00:18  0:01:16  755k 20 65.7M    0     0   20 13.4M      0   713k  0:01:34  0:00:19  0:01:15  758k 21 65.7M    0     0   21 14.1M      0   714k  0:01:34  0:00:20  0:01:14  756k 22 65.7M    0     0   22 14.8M      0   716k  0:01:33  0:00:21  0:01:12  749k 23 65.7M    0     0   23 15.6M      0   717k  0:01:33  0:00:22  0:01:11  747k 24 65.7M    0     0   24 16.3M      0   720k  0:01:33  0:00:23  0:01:10  759k 25 65.7M    0     0   25 17.0M      0   720k  0:01:33  0:00:24  0:01:09  746k 27 65.7M    0     0   27 17.8M      0   721k  0:01:33  0:00:25  0:01:08  747k 28 65.7M    0     0   28 18.5M      0   720k  0:01:33  0:00:26  0:01:07  737k 29 65.7M    0     0   29 19.2M      0   721k  0:01:33  0:00:27  0:01:06  738k 30 65.7M    0     0   30 20.0M      0   723k  0:01:32  0:00:28  0:01:04  736k 31 65.7M    0     0   31 20.7M      0   725k  0:01:32  0:00:29  0:01:03  751k 32 65.7M    0     0   32 21.5M      0   726k  0:01:32  0:00:30  0:01:02  754k 33 65.7M    0     0   33 22.2M      0   728k  0:01:32  0:00:31  0:01:01  769k 34 65.7M    0     0   34 22.9M      0   729k  0:01:32  0:00:32  0:01:00  769k 36 65.7M    0     0   36 23.7M      0   729k  0:01:32  0:00:33  0:00:59  760k 37 65.7M    0     0   37 24.4M      0   729k  0:01:32  0:00:34  0:00:58  755k 38 65.7M    0     0   38 25.2M      0   731k  0:01:32  0:00:35  0:00:57  756k 39 65.7M    0     0   39 25.9M      0   732k  0:01:31  0:00:36  0:00:55  757k 40 65.7M    0     0   40 26.7M      0   733k  0:01:31  0:00:37  0:00:54  761k 41 65.7M    0     0   41 27.4M      0   733k  0:01:31  0:00:38  0:00:53  764k 42 65.7M    0     0   42 28.2M      0   735k  0:01:31  0:00:39  0:00:52  770k 44 65.7M    0     0   44 28.9M      0   736k  0:01:31  0:00:40  0:00:51  772k 45 65.7M    0     0   45 29.7M      0   737k  0:01:31  0:00:41  0:00:50  774k 46 65.7M    0     0   46 30.4M      0   737k  0:01:31  0:00:42  0:00:49  769k 47 65.7M    0     0   47 31.2M      0   738k  0:01:31  0:00:43  0:00:48  769k 48 65.7M    0     0   48 31.9M      0   738k  0:01:31  0:00:44  0:00:47  768k 49 65.7M    0     0   49 32.7M      0   739k  0:01:30  0:00:45  0:00:45  767k 50 65.7M    0     0   50 33.4M      0   740k  0:01:30  0:00:46  0:00:44  764k 51 65.7M    0     0   51 34.1M      0   739k  0:01:31  0:00:47  0:00:44  754k 53 65.7M    0     0   53 34.8M      0   739k  0:01:31  0:00:48  0:00:43  752k 54 65.7M    0     0   54 35.5M      0   739k  0:01:31  0:00:49  0:00:42  742k 55 65.7M    0     0   55 36.3M      0   740k  0:01:30  0:00:50  0:00:40  744k 56 65.7M    0     0   56 37.0M      0   740k  0:01:30  0:00:51  0:00:39  743k 57 65.7M    0     0   57 37.8M      0   741k  0:01:30  0:00:52  0:00:38  762k 58 65.7M    0     0   58 38.6M      0   742k  0:01:30  0:00:53  0:00:37  767k 59 65.7M    0     0   59 39.4M      0   742k  0:01:30  0:00:54  0:00:36  775k 61 65.7M    0     0   61 40.1M      0   743k  0:01:30  0:00:55  0:00:35  774k 62 65.7M    0     0   62 40.8M      0   743k  0:01:30  0:00:56  0:00:34  768k 63 65.7M    0     0   63 41.6M      0   743k  0:01:30  0:00:57  0:00:33  763k 64 65.7M    0     0   64 42.3M      0   743k  0:01:30  0:00:58  0:00:32  752k 65 65.7M    0     0   65 43.0M      0   742k  0:01:30  0:00:59  0:00:31  742k 66 65.7M    0     0   66 43.7M      0   742k  0:01:30  0:01:00  0:00:30  738k 67 65.7M    0     0   67 44.4M      0   741k  0:01:30  0:01:01  0:00:29  727k 68 65.7M    0     0   68 45.1M      0   742k  0:01:30  0:01:02  0:00:28  725k 69 65.7M    0     0   69 45.9M      0   742k  0:01:30  0:01:03  0:00:27  737k 70 65.7M    0     0   70 46.6M      0   742k  0:01:30  0:01:04  0:00:26  741k 72 65.7M    0     0   72 47.3M      0   743k  0:01:30  0:01:05  0:00:25  748k 73 65.7M    0     0   73 48.1M      0   743k  0:01:30  0:01:06  0:00:24  764k 74 65.7M    0     0   74 48.8M      0   743k  0:01:30  0:01:07  0:00:23  762k 75 65.7M    0     0   75 49.6M      0   744k  0:01:30  0:01:08  0:00:22  763k 76 65.7M    0     0   76 50.3M      0   744k  0:01:30  0:01:09  0:00:21  770k 77 65.7M    0     0   77 51.1M      0   744k  0:01:30  0:01:10  0:00:20  767k 78 65.7M    0     0   78 51.8M      0   744k  0:01:30  0:01:11  0:00:19  760k 79 65.7M    0     0   79 52.5M      0   744k  0:01:30  0:01:12  0:00:18  756k 81 65.7M    0     0   81 53.3M      0   744k  0:01:30  0:01:13  0:00:17  757k 82 65.7M    0     0   82 54.0M      0   745k  0:01:30  0:01:14  0:00:16  755k 83 65.7M    0     0   83 54.7M      0   745k  0:01:30  0:01:15  0:00:15  747k 84 65.7M    0     0   84 55.5M      0   744k  0:01:30  0:01:16  0:00:14  745k 85 65.7M    0     0   85 56.2M      0   745k  0:01:30  0:01:17  0:00:13  754k 86 65.7M    0     0   86 57.0M      0   745k  0:01:30  0:01:18  0:00:12  755k 87 65.7M    0     0   87 57.7M      0   745k  0:01:30  0:01:19  0:00:11  754k 89 65.7M    0     0   89 58.5M      0   745k  0:01:30  0:01:20  0:00:10  757k 90 65.7M    0     0   90 59.2M      0   746k  0:01:30  0:01:21  0:00:09  773k 91 65.7M    0     0   91 59.9M      0   746k  0:01:30  0:01:22  0:00:08  762k 92 65.7M    0     0   92 60.7M      0   746k  0:01:30  0:01:23  0:00:07  755k 93 65.7M    0     0   93 61.4M      0   746k  0:01:30  0:01:24  0:00:06  751k 94 65.7M    0     0   94 62.2M      0   746k  0:01:30  0:01:25  0:00:05  757k 95 65.7M    0     0   95 62.9M      0   747k  0:01:30  0:01:26  0:00:04  756k 96 65.7M    0     0   96 63.7M      0   747k  0:01:30  0:01:27  0:00:03  767k 98 65.7M    0     0   98 64.5M      0   747k  0:01:29  0:01:28  0:00:01  776k 99 65.7M    0     0   99 65.2M      0   748k  0:01:29  0:01:29 --:--:--  780k100 65.7M    0     0  100 65.7M      0   740k  0:01:30  0:01:30 --:--:--  645k100 65.7M    0     0  100 65.7M      0   738k  0:01:31  0:01:31 --:--:--  589k
