Bucket ID will be 27325453.emory.edu
curl --location --header x-amz-auto-make-bucket:1 --header x-archive-ignore-preexisting-bucket:1 --header x-archive-queue-derive:0 --header x-archive-meta-mediatype:texts --header x-archive-meta03-collection:emory --header x-archive-meta01-collection:americanmethodism --header x-archive-meta-sponsor:Emory University, Pitts Theology Library --header x-archive-meta-contributor:Emory University, Pitts Theology Library --header x-archive-meta-ppi:300 --header authorization: LOW fpJYfLnxbLmCEHqU:JQbq6NgBaPrSh98Y --upload-file /mnt/lsdi/ocm27325453-1847/ocm27325453/ocm27325453_MRC.xml http://s3.us.archive.org/27325453.1847.emory.edu/27325453.1847.emory.edu_marc.xml
  % Total    % Received % Xferd  Average Speed   Time    Time     Time  Current
                                 Dload  Upload   Total   Spent    Left  Speed
  0     0    0     0    0     0      0      0 --:--:-- --:--:-- --:--:--     0  0  2990    0     0    0     0      0      0 --:--:-- --:--:-- --:--:--     0100  2990    0     0  100  2990      0   2125  0:00:01  0:00:01 --:--:--  2241
zip -r /temp/ocm27325453_1847_images.zip /mnt/lsdi/ocm27325453-1847/ocm27325453/Output/_0001.tif /mnt/lsdi/ocm27325453-1847/ocm27325453/Output/_0002.tif /mnt/lsdi/ocm27325453-1847/ocm27325453/Output/_0003.tif /mnt/lsdi/ocm27325453-1847/ocm27325453/Output/_0004.tif /mnt/lsdi/ocm27325453-1847/ocm27325453/Output/_0005.tif /mnt/lsdi/ocm27325453-1847/ocm27325453/Output/_0006.tif /mnt/lsdi/ocm27325453-1847/ocm27325453/Output/_0007.tif /mnt/lsdi/ocm27325453-1847/ocm27325453/Output/_0008.tif /mnt/lsdi/ocm27325453-1847/ocm27325453/Output/_0009.tif /mnt/lsdi/ocm27325453-1847/ocm27325453/Output/_0010.tif /mnt/lsdi/ocm27325453-1847/ocm27325453/Output/_0011.tif /mnt/lsdi/ocm27325453-1847/ocm27325453/Output/_0012.tif /mnt/lsdi/ocm27325453-1847/ocm27325453/Output/_0013.tif /mnt/lsdi/ocm27325453-1847/ocm27325453/Output/_0014.tif /mnt/lsdi/ocm27325453-1847/ocm27325453/Output/_0015.tif /mnt/lsdi/ocm27325453-1847/ocm27325453/Output/_0016.tif /mnt/lsdi/ocm27325453-1847/ocm27325453/Output/_0017.tif /mnt/lsdi/ocm27325453-1847/ocm27325453/Output/_0018.tif /mnt/lsdi/ocm27325453-1847/ocm27325453/Output/_0019.tif /mnt/lsdi/ocm27325453-1847/ocm27325453/Output/_0020.tif
  adding: mnt/lsdi/ocm27325453-1847/ocm27325453/Output/_0001.tif (deflated 85%)
  adding: mnt/lsdi/ocm27325453-1847/ocm27325453/Output/_0002.tif (deflated 2%)
  adding: mnt/lsdi/ocm27325453-1847/ocm27325453/Output/_0003.tif (deflated 85%)
  adding: mnt/lsdi/ocm27325453-1847/ocm27325453/Output/_0004.tif (deflated 3%)
  adding: mnt/lsdi/ocm27325453-1847/ocm27325453/Output/_0005.tif (deflated 3%)
  adding: mnt/lsdi/ocm27325453-1847/ocm27325453/Output/_0006.tif (deflated 3%)
  adding: mnt/lsdi/ocm27325453-1847/ocm27325453/Output/_0007.tif (deflated 3%)
  adding: mnt/lsdi/ocm27325453-1847/ocm27325453/Output/_0008.tif (deflated 3%)
  adding: mnt/lsdi/ocm27325453-1847/ocm27325453/Output/_0009.tif (deflated 3%)
  adding: mnt/lsdi/ocm27325453-1847/ocm27325453/Output/_0010.tif (deflated 3%)
  adding: mnt/lsdi/ocm27325453-1847/ocm27325453/Output/_0011.tif (deflated 3%)
  adding: mnt/lsdi/ocm27325453-1847/ocm27325453/Output/_0012.tif (deflated 3%)
  adding: mnt/lsdi/ocm27325453-1847/ocm27325453/Output/_0013.tif (deflated 3%)
  adding: mnt/lsdi/ocm27325453-1847/ocm27325453/Output/_0014.tif (deflated 3%)
  adding: mnt/lsdi/ocm27325453-1847/ocm27325453/Output/_0015.tif (deflated 3%)
  adding: mnt/lsdi/ocm27325453-1847/ocm27325453/Output/_0016.tif (deflated 3%)
  adding: mnt/lsdi/ocm27325453-1847/ocm27325453/Output/_0017.tif (deflated 3%)
  adding: mnt/lsdi/ocm27325453-1847/ocm27325453/Output/_0018.tif (deflated 3%)
  adding: mnt/lsdi/ocm27325453-1847/ocm27325453/Output/_0019.tif (deflated 3%)
  adding: mnt/lsdi/ocm27325453-1847/ocm27325453/Output/_0020.tif (deflated 66%)
curl --location --header authorization: LOW fpJYfLnxbLmCEHqU:JQbq6NgBaPrSh98Y --upload-file /temp/ocm27325453_1847_images.zip http://s3.us.archive.org/27325453.1847.emory.edu/27325453_1847_images.zip
  % Total    % Received % Xferd  Average Speed   Time    Time     Time  Current
                                 Dload  Upload   Total   Spent    Left  Speed
  0     0    0     0    0     0      0      0 --:--:-- --:--:-- --:--:--     0  0 1529k    0     0    0     0      0      0 --:--:--  0:00:01 --:--:--     0 54 1529k    0     0   54  832k      0   419k  0:00:03  0:00:01  0:00:02  435k100 1529k    0     0  100 1529k      0   404k  0:00:03  0:00:03 --:--:--  411k100 1529k    0     0  100 1529k      0   404k  0:00:03  0:00:03 --:--:--  411k
