Bucket ID will be 26224779.emory.edu
curl --location --header x-amz-auto-make-bucket:1 --header x-archive-ignore-preexisting-bucket:1 --header x-archive-queue-derive:0 --header x-archive-meta-mediatype:texts --header x-archive-meta03-collection:emory --header x-archive-meta01-collection:americanmethodism --header x-archive-meta-sponsor:Emory University, Pitts Theology Library --header x-archive-meta-contributor:Emory University, Pitts Theology Library --header x-archive-meta-ppi:300 --header authorization: LOW fpJYfLnxbLmCEHqU:JQbq6NgBaPrSh98Y --upload-file /mnt/lsdi/ocm26224779-2615/ocm26224779/ocm26224779_MRC.xml http://s3.us.archive.org/26224779.2615.emory.edu/26224779.2615.emory.edu_marc.xml
  % Total    % Received % Xferd  Average Speed   Time    Time     Time  Current
                                 Dload  Upload   Total   Spent    Left  Speed
  0     0    0     0    0     0      0      0 --:--:-- --:--:-- --:--:--     0  0  3226    0     0    0     0      0      0 --:--:--  0:00:01 --:--:--     0  0  3226    0     0    0     0      0      0 --:--:--  0:00:02 --:--:--     0100  3226    0     0  100  3226      0   1157  0:00:02  0:00:02 --:--:--  1188100  3226    0     0  100  3226      0    851  0:00:03  0:00:03 --:--:--   868100  3226    0     0  100  3226      0    673  0:00:04  0:00:04 --:--:--   683100  3226    0     0  100  3226      0    557  0:00:05  0:00:05 --:--:--   683100  3226    0     0  100  3226      0    475  0:00:06  0:00:06 --:--:--   683100  3226    0     0  100  3226      0    414  0:00:07  0:00:07 --:--:--     0100  3226    0     0  100  3226      0    366  0:00:08  0:00:08 --:--:--     0100  3226    0     0  100  3226      0    357  0:00:09  0:00:09 --:--:--     0
zip -r /temp/ocm26224779_2615_images.zip /mnt/lsdi/ocm26224779-2615/ocm26224779/Output/0001.tif /mnt/lsdi/ocm26224779-2615/ocm26224779/Output/0002.tif /mnt/lsdi/ocm26224779-2615/ocm26224779/Output/0003.tif /mnt/lsdi/ocm26224779-2615/ocm26224779/Output/0004.tif /mnt/lsdi/ocm26224779-2615/ocm26224779/Output/0005.tif /mnt/lsdi/ocm26224779-2615/ocm26224779/Output/0006.tif /mnt/lsdi/ocm26224779-2615/ocm26224779/Output/0007.tif /mnt/lsdi/ocm26224779-2615/ocm26224779/Output/0008.tif /mnt/lsdi/ocm26224779-2615/ocm26224779/Output/0009.tif /mnt/lsdi/ocm26224779-2615/ocm26224779/Output/0010.tif /mnt/lsdi/ocm26224779-2615/ocm26224779/Output/0011.tif /mnt/lsdi/ocm26224779-2615/ocm26224779/Output/0012.tif /mnt/lsdi/ocm26224779-2615/ocm26224779/Output/0013.tif /mnt/lsdi/ocm26224779-2615/ocm26224779/Output/0014.tif /mnt/lsdi/ocm26224779-2615/ocm26224779/Output/0015.tif /mnt/lsdi/ocm26224779-2615/ocm26224779/Output/0016.tif /mnt/lsdi/ocm26224779-2615/ocm26224779/Output/0017.tif /mnt/lsdi/ocm26224779-2615/ocm26224779/Output/0018.tif /mnt/lsdi/ocm26224779-2615/ocm26224779/Output/0019.tif /mnt/lsdi/ocm26224779-2615/ocm26224779/Output/0020.tif /mnt/lsdi/ocm26224779-2615/ocm26224779/Output/0021.tif /mnt/lsdi/ocm26224779-2615/ocm26224779/Output/0022.tif /mnt/lsdi/ocm26224779-2615/ocm26224779/Output/0023.tif /mnt/lsdi/ocm26224779-2615/ocm26224779/Output/0024.tif /mnt/lsdi/ocm26224779-2615/ocm26224779/Output/0025.tif /mnt/lsdi/ocm26224779-2615/ocm26224779/Output/0026.tif /mnt/lsdi/ocm26224779-2615/ocm26224779/Output/0027.tif /mnt/lsdi/ocm26224779-2615/ocm26224779/Output/0028.tif /mnt/lsdi/ocm26224779-2615/ocm26224779/Output/0029.tif /mnt/lsdi/ocm26224779-2615/ocm26224779/Output/0030.tif /mnt/lsdi/ocm26224779-2615/ocm26224779/Output/0031.tif /mnt/lsdi/ocm26224779-2615/ocm26224779/Output/0032.tif /mnt/lsdi/ocm26224779-2615/ocm26224779/Output/0033.tif /mnt/lsdi/ocm26224779-2615/ocm26224779/Output/0034.tif /mnt/lsdi/ocm26224779-2615/ocm26224779/Output/0035.tif /mnt/lsdi/ocm26224779-2615/ocm26224779/Output/0036.tif /mnt/lsdi/ocm26224779-2615/ocm26224779/Output/0037.tif /mnt/lsdi/ocm26224779-2615/ocm26224779/Output/0038.tif
  adding: mnt/lsdi/ocm26224779-2615/ocm26224779/Output/0001.tif (deflated 83%)
  adding: mnt/lsdi/ocm26224779-2615/ocm26224779/Output/0002.tif (deflated 83%)
  adding: mnt/lsdi/ocm26224779-2615/ocm26224779/Output/0003.tif (deflated 83%)
  adding: mnt/lsdi/ocm26224779-2615/ocm26224779/Output/0004.tif (deflated 6%)
  adding: mnt/lsdi/ocm26224779-2615/ocm26224779/Output/0005.tif (deflated 83%)
  adding: mnt/lsdi/ocm26224779-2615/ocm26224779/Output/0006.tif (deflated 4%)
  adding: mnt/lsdi/ocm26224779-2615/ocm26224779/Output/0007.tif (deflated 6%)
  adding: mnt/lsdi/ocm26224779-2615/ocm26224779/Output/0008.tif (deflated 4%)
  adding: mnt/lsdi/ocm26224779-2615/ocm26224779/Output/0009.tif (deflated 4%)
  adding: mnt/lsdi/ocm26224779-2615/ocm26224779/Output/0010.tif (deflated 3%)
  adding: mnt/lsdi/ocm26224779-2615/ocm26224779/Output/0011.tif (deflated 4%)
  adding: mnt/lsdi/ocm26224779-2615/ocm26224779/Output/0012.tif (deflated 3%)
  adding: mnt/lsdi/ocm26224779-2615/ocm26224779/Output/0013.tif (deflated 4%)
  adding: mnt/lsdi/ocm26224779-2615/ocm26224779/Output/0014.tif (deflated 4%)
  adding: mnt/lsdi/ocm26224779-2615/ocm26224779/Output/0015.tif (deflated 4%)
  adding: mnt/lsdi/ocm26224779-2615/ocm26224779/Output/0016.tif (deflated 4%)
  adding: mnt/lsdi/ocm26224779-2615/ocm26224779/Output/0017.tif (deflated 3%)
  adding: mnt/lsdi/ocm26224779-2615/ocm26224779/Output/0018.tif (deflated 3%)
  adding: mnt/lsdi/ocm26224779-2615/ocm26224779/Output/0019.tif (deflated 4%)
  adding: mnt/lsdi/ocm26224779-2615/ocm26224779/Output/0020.tif (deflated 4%)
  adding: mnt/lsdi/ocm26224779-2615/ocm26224779/Output/0021.tif (deflated 4%)
  adding: mnt/lsdi/ocm26224779-2615/ocm26224779/Output/0022.tif (deflated 3%)
  adding: mnt/lsdi/ocm26224779-2615/ocm26224779/Output/0023.tif (deflated 4%)
  adding: mnt/lsdi/ocm26224779-2615/ocm26224779/Output/0024.tif (deflated 3%)
  adding: mnt/lsdi/ocm26224779-2615/ocm26224779/Output/0025.tif (deflated 4%)
  adding: mnt/lsdi/ocm26224779-2615/ocm26224779/Output/0026.tif (deflated 3%)
  adding: mnt/lsdi/ocm26224779-2615/ocm26224779/Output/0027.tif (deflated 4%)
  adding: mnt/lsdi/ocm26224779-2615/ocm26224779/Output/0028.tif (deflated 4%)
  adding: mnt/lsdi/ocm26224779-2615/ocm26224779/Output/0029.tif (deflated 3%)
  adding: mnt/lsdi/ocm26224779-2615/ocm26224779/Output/0030.tif (deflated 3%)
  adding: mnt/lsdi/ocm26224779-2615/ocm26224779/Output/0031.tif (deflated 4%)
  adding: mnt/lsdi/ocm26224779-2615/ocm26224779/Output/0032.tif (deflated 4%)
  adding: mnt/lsdi/ocm26224779-2615/ocm26224779/Output/0033.tif (deflated 4%)
  adding: mnt/lsdi/ocm26224779-2615/ocm26224779/Output/0034.tif (deflated 3%)
  adding: mnt/lsdi/ocm26224779-2615/ocm26224779/Output/0035.tif (deflated 4%)
  adding: mnt/lsdi/ocm26224779-2615/ocm26224779/Output/0036.tif (deflated 4%)
  adding: mnt/lsdi/ocm26224779-2615/ocm26224779/Output/0037.tif (deflated 4%)
  adding: mnt/lsdi/ocm26224779-2615/ocm26224779/Output/0038.tif (deflated 83%)
curl --location --header authorization: LOW fpJYfLnxbLmCEHqU:JQbq6NgBaPrSh98Y --upload-file /temp/ocm26224779_2615_images.zip http://s3.us.archive.org/26224779.2615.emory.edu/26224779_2615_images.zip
  % Total    % Received % Xferd  Average Speed   Time    Time     Time  Current
                                 Dload  Upload   Total   Spent    Left  Speed
  0     0    0     0    0     0      0      0 --:--:-- --:--:-- --:--:--     0  0 1260k    0     0    0     0      0      0 --:--:--  0:00:01 --:--:--     0 34 1260k    0     0   34  432k      0   287k  0:00:04  0:00:01  0:00:03  301k100 1260k    0     0  100 1260k      0   367k  0:00:03  0:00:03 --:--:--  375k100 1260k    0     0  100 1260k      0   343k  0:00:03  0:00:03 --:--:--  350k100 1260k    0     0  100 1260k      0   343k  0:00:03  0:00:03 --:--:--  350k
