26070101
curl --location --header x-amz-auto-make-bucket:1 --header x-archive-ignore-preexisting-bucket:1 --header x-archive-queue-derive:0 --header x-archive-meta-mediatype:texts --header x-archive-meta03-collection:emory --header x-archive-meta01-collection:americanmethodism --header x-archive-meta-sponsor:Emory University, Pitts Theology Library --header x-archive-meta-contributor:Emory University, Pitts Theology Library --header x-archive-meta-ppi:300 --header authorization: LOW fpJYfLnxbLmCEHqU:JQbq6NgBaPrSh98Y --upload-file /mnt/lsdi/ocm26070101/ocm26070101/ocm26070101_MRC.xml http://s3.us.archive.org/26070101.emory.edu/26070101.emory.edu_marc.xml
  % Total    % Received % Xferd  Average Speed   Time    Time     Time  Current
                                 Dload  Upload   Total   Spent    Left  Speed
  0     0    0     0    0     0      0      0 --:--:-- --:--:-- --:--:--     0  0  3006    0     0    0     0      0      0 --:--:--  0:00:01 --:--:--     0100  3006    0     0  100  3006      0   1435  0:00:02  0:00:02 --:--:--  1488100  3006    0     0  100  3006      0    792  0:00:03  0:00:03 --:--:--   808100  3006    0     0  100  3006      0    627  0:00:04  0:00:04 --:--:--   637100  3006    0     0  100  3006      0    518  0:00:05  0:00:05 --:--:--   525100  3006    0     0  100  3006      0    442  0:00:06  0:00:06 --:--:--   525100  3006    0     0  100  3006      0    385  0:00:07  0:00:07 --:--:--     0100  3006    0     0  100  3006      0    351  0:00:08  0:00:08 --:--:--     0100  3006    0     0  100  3006      0    351  0:00:08  0:00:08 --:--:--     0
zip -r /temp/ocm26070101_images.zip /mnt/lsdi/ocm26070101/ocm26070101/Output/_0001.tif /mnt/lsdi/ocm26070101/ocm26070101/Output/_0002.tif /mnt/lsdi/ocm26070101/ocm26070101/Output/_0003.tif /mnt/lsdi/ocm26070101/ocm26070101/Output/_0004.tif /mnt/lsdi/ocm26070101/ocm26070101/Output/_0005.tif /mnt/lsdi/ocm26070101/ocm26070101/Output/_0006.tif /mnt/lsdi/ocm26070101/ocm26070101/Output/_0007.tif /mnt/lsdi/ocm26070101/ocm26070101/Output/_0008.tif /mnt/lsdi/ocm26070101/ocm26070101/Output/_0009.tif /mnt/lsdi/ocm26070101/ocm26070101/Output/_0010.tif /mnt/lsdi/ocm26070101/ocm26070101/Output/_0011.tif /mnt/lsdi/ocm26070101/ocm26070101/Output/_0012.tif /mnt/lsdi/ocm26070101/ocm26070101/Output/_0013.tif /mnt/lsdi/ocm26070101/ocm26070101/Output/_0014.tif /mnt/lsdi/ocm26070101/ocm26070101/Output/_0015.tif /mnt/lsdi/ocm26070101/ocm26070101/Output/_0016.tif /mnt/lsdi/ocm26070101/ocm26070101/Output/_0017.tif /mnt/lsdi/ocm26070101/ocm26070101/Output/_0018.tif /mnt/lsdi/ocm26070101/ocm26070101/Output/_0019.tif /mnt/lsdi/ocm26070101/ocm26070101/Output/_0020.tif /mnt/lsdi/ocm26070101/ocm26070101/Output/_0021.tif /mnt/lsdi/ocm26070101/ocm26070101/Output/_0022.tif /mnt/lsdi/ocm26070101/ocm26070101/Output/_0023.tif /mnt/lsdi/ocm26070101/ocm26070101/Output/_0024.tif /mnt/lsdi/ocm26070101/ocm26070101/Output/_0025.tif /mnt/lsdi/ocm26070101/ocm26070101/Output/_0026.tif /mnt/lsdi/ocm26070101/ocm26070101/Output/_0027.tif /mnt/lsdi/ocm26070101/ocm26070101/Output/_0028.tif /mnt/lsdi/ocm26070101/ocm26070101/Output/_0029.tif /mnt/lsdi/ocm26070101/ocm26070101/Output/_0030.tif /mnt/lsdi/ocm26070101/ocm26070101/Output/_0031.tif /mnt/lsdi/ocm26070101/ocm26070101/Output/_0032.tif /mnt/lsdi/ocm26070101/ocm26070101/Output/_0033.tif /mnt/lsdi/ocm26070101/ocm26070101/Output/_0034.tif /mnt/lsdi/ocm26070101/ocm26070101/Output/_0035.tif /mnt/lsdi/ocm26070101/ocm26070101/Output/_0036.tif /mnt/lsdi/ocm26070101/ocm26070101/Output/_0037.tif /mnt/lsdi/ocm26070101/ocm26070101/Output/_0038.tif /mnt/lsdi/ocm26070101/ocm26070101/Output/_0039.tif /mnt/lsdi/ocm26070101/ocm26070101/Output/_0040.tif /mnt/lsdi/ocm26070101/ocm26070101/Output/_0041.tif /mnt/lsdi/ocm26070101/ocm26070101/Output/_0042.tif /mnt/lsdi/ocm26070101/ocm26070101/Output/_0043.tif /mnt/lsdi/ocm26070101/ocm26070101/Output/_0044.tif /mnt/lsdi/ocm26070101/ocm26070101/Output/_0045.tif /mnt/lsdi/ocm26070101/ocm26070101/Output/_0046.tif /mnt/lsdi/ocm26070101/ocm26070101/Output/_0047.tif /mnt/lsdi/ocm26070101/ocm26070101/Output/_0048.tif /mnt/lsdi/ocm26070101/ocm26070101/Output/_0049.tif /mnt/lsdi/ocm26070101/ocm26070101/Output/_0050.tif /mnt/lsdi/ocm26070101/ocm26070101/Output/_0051.tif /mnt/lsdi/ocm26070101/ocm26070101/Output/_0052.tif /mnt/lsdi/ocm26070101/ocm26070101/Output/_0053.tif /mnt/lsdi/ocm26070101/ocm26070101/Output/_0054.tif /mnt/lsdi/ocm26070101/ocm26070101/Output/_0055.tif /mnt/lsdi/ocm26070101/ocm26070101/Output/_0056.tif /mnt/lsdi/ocm26070101/ocm26070101/Output/_0057.tif /mnt/lsdi/ocm26070101/ocm26070101/Output/_0058.tif /mnt/lsdi/ocm26070101/ocm26070101/Output/_0059.tif /mnt/lsdi/ocm26070101/ocm26070101/Output/_0060.tif /mnt/lsdi/ocm26070101/ocm26070101/Output/_0061.tif /mnt/lsdi/ocm26070101/ocm26070101/Output/_0062.tif /mnt/lsdi/ocm26070101/ocm26070101/Output/_0063.tif /mnt/lsdi/ocm26070101/ocm26070101/Output/_0064.tif /mnt/lsdi/ocm26070101/ocm26070101/Output/_0065.tif /mnt/lsdi/ocm26070101/ocm26070101/Output/_0066.tif /mnt/lsdi/ocm26070101/ocm26070101/Output/_0067.tif /mnt/lsdi/ocm26070101/ocm26070101/Output/_0068.tif /mnt/lsdi/ocm26070101/ocm26070101/Output/_0069.tif /mnt/lsdi/ocm26070101/ocm26070101/Output/_0070.tif /mnt/lsdi/ocm26070101/ocm26070101/Output/_0071.tif /mnt/lsdi/ocm26070101/ocm26070101/Output/_0072.tif /mnt/lsdi/ocm26070101/ocm26070101/Output/_0073.tif /mnt/lsdi/ocm26070101/ocm26070101/Output/_0074.tif /mnt/lsdi/ocm26070101/ocm26070101/Output/_0075.tif /mnt/lsdi/ocm26070101/ocm26070101/Output/_0076.tif /mnt/lsdi/ocm26070101/ocm26070101/Output/_0077.tif /mnt/lsdi/ocm26070101/ocm26070101/Output/_0078.tif /mnt/lsdi/ocm26070101/ocm26070101/Output/_0079.tif /mnt/lsdi/ocm26070101/ocm26070101/Output/_0080.tif /mnt/lsdi/ocm26070101/ocm26070101/Output/_0081.tif /mnt/lsdi/ocm26070101/ocm26070101/Output/_0082.tif /mnt/lsdi/ocm26070101/ocm26070101/Output/_0083.tif /mnt/lsdi/ocm26070101/ocm26070101/Output/_0084.tif /mnt/lsdi/ocm26070101/ocm26070101/Output/_0085.tif /mnt/lsdi/ocm26070101/ocm26070101/Output/_0086.tif /mnt/lsdi/ocm26070101/ocm26070101/Output/_0087.tif /mnt/lsdi/ocm26070101/ocm26070101/Output/_0088.tif /mnt/lsdi/ocm26070101/ocm26070101/Output/_0089.tif /mnt/lsdi/ocm26070101/ocm26070101/Output/_0090.tif /mnt/lsdi/ocm26070101/ocm26070101/Output/_0091.tif /mnt/lsdi/ocm26070101/ocm26070101/Output/_0092.tif /mnt/lsdi/ocm26070101/ocm26070101/Output/_0093.tif /mnt/lsdi/ocm26070101/ocm26070101/Output/_0094.tif /mnt/lsdi/ocm26070101/ocm26070101/Output/_0095.tif /mnt/lsdi/ocm26070101/ocm26070101/Output/_0096.tif /mnt/lsdi/ocm26070101/ocm26070101/Output/_0097.tif /mnt/lsdi/ocm26070101/ocm26070101/Output/_0098.tif /mnt/lsdi/ocm26070101/ocm26070101/Output/_0099.tif /mnt/lsdi/ocm26070101/ocm26070101/Output/_0100.tif /mnt/lsdi/ocm26070101/ocm26070101/Output/_0101.tif /mnt/lsdi/ocm26070101/ocm26070101/Output/_0102.tif /mnt/lsdi/ocm26070101/ocm26070101/Output/_0103.tif /mnt/lsdi/ocm26070101/ocm26070101/Output/_0104.tif /mnt/lsdi/ocm26070101/ocm26070101/Output/_0105.tif /mnt/lsdi/ocm26070101/ocm26070101/Output/_0106.tif /mnt/lsdi/ocm26070101/ocm26070101/Output/_0107.tif /mnt/lsdi/ocm26070101/ocm26070101/Output/_0108.tif /mnt/lsdi/ocm26070101/ocm26070101/Output/_0109.tif /mnt/lsdi/ocm26070101/ocm26070101/Output/_0110.tif /mnt/lsdi/ocm26070101/ocm26070101/Output/_0111.tif /mnt/lsdi/ocm26070101/ocm26070101/Output/_0112.tif /mnt/lsdi/ocm26070101/ocm26070101/Output/_0113.tif /mnt/lsdi/ocm26070101/ocm26070101/Output/_0114.tif /mnt/lsdi/ocm26070101/ocm26070101/Output/_0115.tif /mnt/lsdi/ocm26070101/ocm26070101/Output/_0116.tif /mnt/lsdi/ocm26070101/ocm26070101/Output/_0117.tif /mnt/lsdi/ocm26070101/ocm26070101/Output/_0118.tif /mnt/lsdi/ocm26070101/ocm26070101/Output/_0119.tif /mnt/lsdi/ocm26070101/ocm26070101/Output/_0120.tif /mnt/lsdi/ocm26070101/ocm26070101/Output/_0121.tif /mnt/lsdi/ocm26070101/ocm26070101/Output/_0122.tif /mnt/lsdi/ocm26070101/ocm26070101/Output/_0123.tif /mnt/lsdi/ocm26070101/ocm26070101/Output/_0124.tif /mnt/lsdi/ocm26070101/ocm26070101/Output/_0125.tif /mnt/lsdi/ocm26070101/ocm26070101/Output/_0126.tif /mnt/lsdi/ocm26070101/ocm26070101/Output/_0127.tif /mnt/lsdi/ocm26070101/ocm26070101/Output/_0128.tif /mnt/lsdi/ocm26070101/ocm26070101/Output/_0129.tif /mnt/lsdi/ocm26070101/ocm26070101/Output/_0130.tif /mnt/lsdi/ocm26070101/ocm26070101/Output/_0131.tif /mnt/lsdi/ocm26070101/ocm26070101/Output/_0132.tif /mnt/lsdi/ocm26070101/ocm26070101/Output/_0133.tif /mnt/lsdi/ocm26070101/ocm26070101/Output/_0134.tif /mnt/lsdi/ocm26070101/ocm26070101/Output/_0135.tif /mnt/lsdi/ocm26070101/ocm26070101/Output/_0136.tif /mnt/lsdi/ocm26070101/ocm26070101/Output/_0137.tif /mnt/lsdi/ocm26070101/ocm26070101/Output/_0138.tif /mnt/lsdi/ocm26070101/ocm26070101/Output/_0139.tif /mnt/lsdi/ocm26070101/ocm26070101/Output/_0140.tif /mnt/lsdi/ocm26070101/ocm26070101/Output/_0141.tif /mnt/lsdi/ocm26070101/ocm26070101/Output/_0142.tif /mnt/lsdi/ocm26070101/ocm26070101/Output/_0143.tif /mnt/lsdi/ocm26070101/ocm26070101/Output/_0144.tif /mnt/lsdi/ocm26070101/ocm26070101/Output/_0145.tif /mnt/lsdi/ocm26070101/ocm26070101/Output/_0146.tif /mnt/lsdi/ocm26070101/ocm26070101/Output/_0147.tif /mnt/lsdi/ocm26070101/ocm26070101/Output/_0148.tif /mnt/lsdi/ocm26070101/ocm26070101/Output/_0149.tif /mnt/lsdi/ocm26070101/ocm26070101/Output/_0150.tif /mnt/lsdi/ocm26070101/ocm26070101/Output/_0151.tif /mnt/lsdi/ocm26070101/ocm26070101/Output/_0152.tif /mnt/lsdi/ocm26070101/ocm26070101/Output/_0153.tif /mnt/lsdi/ocm26070101/ocm26070101/Output/_0154.tif /mnt/lsdi/ocm26070101/ocm26070101/Output/_0155.tif /mnt/lsdi/ocm26070101/ocm26070101/Output/_0156.tif /mnt/lsdi/ocm26070101/ocm26070101/Output/_0157.tif /mnt/lsdi/ocm26070101/ocm26070101/Output/_0158.tif /mnt/lsdi/ocm26070101/ocm26070101/Output/_0159.tif /mnt/lsdi/ocm26070101/ocm26070101/Output/_0160.tif /mnt/lsdi/ocm26070101/ocm26070101/Output/_0161.tif /mnt/lsdi/ocm26070101/ocm26070101/Output/_0162.tif /mnt/lsdi/ocm26070101/ocm26070101/Output/_0163.tif /mnt/lsdi/ocm26070101/ocm26070101/Output/_0164.tif /mnt/lsdi/ocm26070101/ocm26070101/Output/_0165.tif /mnt/lsdi/ocm26070101/ocm26070101/Output/_0166.tif /mnt/lsdi/ocm26070101/ocm26070101/Output/_0167.tif /mnt/lsdi/ocm26070101/ocm26070101/Output/_0168.tif /mnt/lsdi/ocm26070101/ocm26070101/Output/_0169.tif /mnt/lsdi/ocm26070101/ocm26070101/Output/_0170.tif /mnt/lsdi/ocm26070101/ocm26070101/Output/_0171.tif /mnt/lsdi/ocm26070101/ocm26070101/Output/_0172.tif /mnt/lsdi/ocm26070101/ocm26070101/Output/_0173.tif /mnt/lsdi/ocm26070101/ocm26070101/Output/_0174.tif /mnt/lsdi/ocm26070101/ocm26070101/Output/_0175.tif /mnt/lsdi/ocm26070101/ocm26070101/Output/_0176.tif /mnt/lsdi/ocm26070101/ocm26070101/Output/_0177.tif /mnt/lsdi/ocm26070101/ocm26070101/Output/_0178.tif /mnt/lsdi/ocm26070101/ocm26070101/Output/_0179.tif /mnt/lsdi/ocm26070101/ocm26070101/Output/_0180.tif /mnt/lsdi/ocm26070101/ocm26070101/Output/_0181.tif /mnt/lsdi/ocm26070101/ocm26070101/Output/_0182.tif /mnt/lsdi/ocm26070101/ocm26070101/Output/_0183.tif /mnt/lsdi/ocm26070101/ocm26070101/Output/_0184.tif /mnt/lsdi/ocm26070101/ocm26070101/Output/_0185.tif /mnt/lsdi/ocm26070101/ocm26070101/Output/_0186.tif /mnt/lsdi/ocm26070101/ocm26070101/Output/_0187.tif /mnt/lsdi/ocm26070101/ocm26070101/Output/_0188.tif /mnt/lsdi/ocm26070101/ocm26070101/Output/_0189.tif /mnt/lsdi/ocm26070101/ocm26070101/Output/_0190.tif /mnt/lsdi/ocm26070101/ocm26070101/Output/_0191.tif /mnt/lsdi/ocm26070101/ocm26070101/Output/_0192.tif /mnt/lsdi/ocm26070101/ocm26070101/Output/_0193.tif /mnt/lsdi/ocm26070101/ocm26070101/Output/_0194.tif /mnt/lsdi/ocm26070101/ocm26070101/Output/_0195.tif /mnt/lsdi/ocm26070101/ocm26070101/Output/_0196.tif /mnt/lsdi/ocm26070101/ocm26070101/Output/_0197.tif /mnt/lsdi/ocm26070101/ocm26070101/Output/_0198.tif /mnt/lsdi/ocm26070101/ocm26070101/Output/_0199.tif /mnt/lsdi/ocm26070101/ocm26070101/Output/_0200.tif /mnt/lsdi/ocm26070101/ocm26070101/Output/_0201.tif /mnt/lsdi/ocm26070101/ocm26070101/Output/_0202.tif /mnt/lsdi/ocm26070101/ocm26070101/Output/_0203.tif /mnt/lsdi/ocm26070101/ocm26070101/Output/_0204.tif /mnt/lsdi/ocm26070101/ocm26070101/Output/_0205.tif /mnt/lsdi/ocm26070101/ocm26070101/Output/_0206.tif /mnt/lsdi/ocm26070101/ocm26070101/Output/_0207.tif /mnt/lsdi/ocm26070101/ocm26070101/Output/_0208.tif /mnt/lsdi/ocm26070101/ocm26070101/Output/_0209.tif /mnt/lsdi/ocm26070101/ocm26070101/Output/_0210.tif /mnt/lsdi/ocm26070101/ocm26070101/Output/_0211.tif /mnt/lsdi/ocm26070101/ocm26070101/Output/_0212.tif /mnt/lsdi/ocm26070101/ocm26070101/Output/_0213.tif /mnt/lsdi/ocm26070101/ocm26070101/Output/_0214.tif /mnt/lsdi/ocm26070101/ocm26070101/Output/_0215.tif /mnt/lsdi/ocm26070101/ocm26070101/Output/_0216.tif /mnt/lsdi/ocm26070101/ocm26070101/Output/_0217.tif /mnt/lsdi/ocm26070101/ocm26070101/Output/_0218.tif /mnt/lsdi/ocm26070101/ocm26070101/Output/_0219.tif /mnt/lsdi/ocm26070101/ocm26070101/Output/_0220.tif /mnt/lsdi/ocm26070101/ocm26070101/Output/_0221.tif /mnt/lsdi/ocm26070101/ocm26070101/Output/_0222.tif /mnt/lsdi/ocm26070101/ocm26070101/Output/_0223.tif /mnt/lsdi/ocm26070101/ocm26070101/Output/_0224.tif /mnt/lsdi/ocm26070101/ocm26070101/Output/_0225.tif /mnt/lsdi/ocm26070101/ocm26070101/Output/_0226.tif /mnt/lsdi/ocm26070101/ocm26070101/Output/_0227.tif /mnt/lsdi/ocm26070101/ocm26070101/Output/_0228.tif /mnt/lsdi/ocm26070101/ocm26070101/Output/_0229.tif /mnt/lsdi/ocm26070101/ocm26070101/Output/_0230.tif /mnt/lsdi/ocm26070101/ocm26070101/Output/_0231.tif /mnt/lsdi/ocm26070101/ocm26070101/Output/_0232.tif /mnt/lsdi/ocm26070101/ocm26070101/Output/_0233.tif /mnt/lsdi/ocm26070101/ocm26070101/Output/_0234.tif /mnt/lsdi/ocm26070101/ocm26070101/Output/_0235.tif /mnt/lsdi/ocm26070101/ocm26070101/Output/_0236.tif /mnt/lsdi/ocm26070101/ocm26070101/Output/_0237.tif /mnt/lsdi/ocm26070101/ocm26070101/Output/_0238.tif /mnt/lsdi/ocm26070101/ocm26070101/Output/_0239.tif /mnt/lsdi/ocm26070101/ocm26070101/Output/_0240.tif /mnt/lsdi/ocm26070101/ocm26070101/Output/_0241.tif /mnt/lsdi/ocm26070101/ocm26070101/Output/_0242.tif /mnt/lsdi/ocm26070101/ocm26070101/Output/_0243.tif /mnt/lsdi/ocm26070101/ocm26070101/Output/_0244.tif /mnt/lsdi/ocm26070101/ocm26070101/Output/_0245.tif /mnt/lsdi/ocm26070101/ocm26070101/Output/_0246.tif /mnt/lsdi/ocm26070101/ocm26070101/Output/_0247.tif /mnt/lsdi/ocm26070101/ocm26070101/Output/_0248.tif /mnt/lsdi/ocm26070101/ocm26070101/Output/_0249.tif /mnt/lsdi/ocm26070101/ocm26070101/Output/_0250.tif /mnt/lsdi/ocm26070101/ocm26070101/Output/_0251.tif /mnt/lsdi/ocm26070101/ocm26070101/Output/_0252.tif /mnt/lsdi/ocm26070101/ocm26070101/Output/_0253.tif /mnt/lsdi/ocm26070101/ocm26070101/Output/_0254.tif /mnt/lsdi/ocm26070101/ocm26070101/Output/_0255.tif /mnt/lsdi/ocm26070101/ocm26070101/Output/_0256.tif /mnt/lsdi/ocm26070101/ocm26070101/Output/_0257.tif /mnt/lsdi/ocm26070101/ocm26070101/Output/_0258.tif /mnt/lsdi/ocm26070101/ocm26070101/Output/_0259.tif /mnt/lsdi/ocm26070101/ocm26070101/Output/_0260.tif /mnt/lsdi/ocm26070101/ocm26070101/Output/_0261.tif /mnt/lsdi/ocm26070101/ocm26070101/Output/_0262.tif /mnt/lsdi/ocm26070101/ocm26070101/Output/_0263.tif /mnt/lsdi/ocm26070101/ocm26070101/Output/_0264.tif /mnt/lsdi/ocm26070101/ocm26070101/Output/_0265.tif /mnt/lsdi/ocm26070101/ocm26070101/Output/_0266.tif /mnt/lsdi/ocm26070101/ocm26070101/Output/_0267.tif /mnt/lsdi/ocm26070101/ocm26070101/Output/_0268.tif /mnt/lsdi/ocm26070101/ocm26070101/Output/_0269.tif /mnt/lsdi/ocm26070101/ocm26070101/Output/_0270.tif /mnt/lsdi/ocm26070101/ocm26070101/Output/_0271.tif /mnt/lsdi/ocm26070101/ocm26070101/Output/_0272.tif /mnt/lsdi/ocm26070101/ocm26070101/Output/_0273.tif /mnt/lsdi/ocm26070101/ocm26070101/Output/_0274.tif /mnt/lsdi/ocm26070101/ocm26070101/Output/_0275.tif /mnt/lsdi/ocm26070101/ocm26070101/Output/_0276.tif /mnt/lsdi/ocm26070101/ocm26070101/Output/_0277.tif /mnt/lsdi/ocm26070101/ocm26070101/Output/_0278.tif /mnt/lsdi/ocm26070101/ocm26070101/Output/_0279.tif /mnt/lsdi/ocm26070101/ocm26070101/Output/_0280.tif /mnt/lsdi/ocm26070101/ocm26070101/Output/_0281.tif /mnt/lsdi/ocm26070101/ocm26070101/Output/_0282.tif /mnt/lsdi/ocm26070101/ocm26070101/Output/_0283.tif /mnt/lsdi/ocm26070101/ocm26070101/Output/_0284.tif /mnt/lsdi/ocm26070101/ocm26070101/Output/_0285.tif /mnt/lsdi/ocm26070101/ocm26070101/Output/_0286.tif /mnt/lsdi/ocm26070101/ocm26070101/Output/_0287.tif /mnt/lsdi/ocm26070101/ocm26070101/Output/_0288.tif /mnt/lsdi/ocm26070101/ocm26070101/Output/_0289.tif /mnt/lsdi/ocm26070101/ocm26070101/Output/_0290.tif /mnt/lsdi/ocm26070101/ocm26070101/Output/_0291.tif /mnt/lsdi/ocm26070101/ocm26070101/Output/_0292.tif /mnt/lsdi/ocm26070101/ocm26070101/Output/_0293.tif /mnt/lsdi/ocm26070101/ocm26070101/Output/_0294.tif /mnt/lsdi/ocm26070101/ocm26070101/Output/_0295.tif /mnt/lsdi/ocm26070101/ocm26070101/Output/_0296.tif /mnt/lsdi/ocm26070101/ocm26070101/Output/_0297.tif /mnt/lsdi/ocm26070101/ocm26070101/Output/_0298.tif /mnt/lsdi/ocm26070101/ocm26070101/Output/_0299.tif /mnt/lsdi/ocm26070101/ocm26070101/Output/_0300.tif /mnt/lsdi/ocm26070101/ocm26070101/Output/_0301.tif /mnt/lsdi/ocm26070101/ocm26070101/Output/_0302.tif /mnt/lsdi/ocm26070101/ocm26070101/Output/_0303.tif /mnt/lsdi/ocm26070101/ocm26070101/Output/_0304.tif /mnt/lsdi/ocm26070101/ocm26070101/Output/_0305.tif /mnt/lsdi/ocm26070101/ocm26070101/Output/_0306.tif /mnt/lsdi/ocm26070101/ocm26070101/Output/_0307.tif /mnt/lsdi/ocm26070101/ocm26070101/Output/_0308.tif /mnt/lsdi/ocm26070101/ocm26070101/Output/_0309.tif /mnt/lsdi/ocm26070101/ocm26070101/Output/_0310.tif /mnt/lsdi/ocm26070101/ocm26070101/Output/_0311.tif /mnt/lsdi/ocm26070101/ocm26070101/Output/_0312.tif /mnt/lsdi/ocm26070101/ocm26070101/Output/_0313.tif /mnt/lsdi/ocm26070101/ocm26070101/Output/_0314.tif /mnt/lsdi/ocm26070101/ocm26070101/Output/_0315.tif /mnt/lsdi/ocm26070101/ocm26070101/Output/_0316.tif /mnt/lsdi/ocm26070101/ocm26070101/Output/_0317.tif /mnt/lsdi/ocm26070101/ocm26070101/Output/_0318.tif /mnt/lsdi/ocm26070101/ocm26070101/Output/_0319.tif /mnt/lsdi/ocm26070101/ocm26070101/Output/_0320.tif /mnt/lsdi/ocm26070101/ocm26070101/Output/_0321.tif /mnt/lsdi/ocm26070101/ocm26070101/Output/_0322.tif /mnt/lsdi/ocm26070101/ocm26070101/Output/_0323.tif /mnt/lsdi/ocm26070101/ocm26070101/Output/_0324.tif /mnt/lsdi/ocm26070101/ocm26070101/Output/_0325.tif /mnt/lsdi/ocm26070101/ocm26070101/Output/_0326.tif /mnt/lsdi/ocm26070101/ocm26070101/Output/_0327.tif /mnt/lsdi/ocm26070101/ocm26070101/Output/_0328.tif /mnt/lsdi/ocm26070101/ocm26070101/Output/_0329.tif /mnt/lsdi/ocm26070101/ocm26070101/Output/_0330.tif /mnt/lsdi/ocm26070101/ocm26070101/Output/_0331.tif /mnt/lsdi/ocm26070101/ocm26070101/Output/_0332.tif /mnt/lsdi/ocm26070101/ocm26070101/Output/_0333.tif /mnt/lsdi/ocm26070101/ocm26070101/Output/_0334.tif /mnt/lsdi/ocm26070101/ocm26070101/Output/_0335.tif /mnt/lsdi/ocm26070101/ocm26070101/Output/_0336.tif /mnt/lsdi/ocm26070101/ocm26070101/Output/_0337.tif /mnt/lsdi/ocm26070101/ocm26070101/Output/_0338.tif /mnt/lsdi/ocm26070101/ocm26070101/Output/_0339.tif /mnt/lsdi/ocm26070101/ocm26070101/Output/_0340.tif /mnt/lsdi/ocm26070101/ocm26070101/Output/_0341.tif /mnt/lsdi/ocm26070101/ocm26070101/Output/_0342.tif
  adding: mnt/lsdi/ocm26070101/ocm26070101/Output/_0001.tif (deflated 83%)
  adding: mnt/lsdi/ocm26070101/ocm26070101/Output/_0002.tif (deflated 83%)
  adding: mnt/lsdi/ocm26070101/ocm26070101/Output/_0003.tif (deflated 83%)
  adding: mnt/lsdi/ocm26070101/ocm26070101/Output/_0004.tif (deflated 83%)
  adding: mnt/lsdi/ocm26070101/ocm26070101/Output/_0005.tif (deflated 83%)
  adding: mnt/lsdi/ocm26070101/ocm26070101/Output/_0006.tif (deflated 85%)
  adding: mnt/lsdi/ocm26070101/ocm26070101/Output/_0007.tif (deflated 83%)
  adding: mnt/lsdi/ocm26070101/ocm26070101/Output/_0008.tif (deflated 92%)
  adding: mnt/lsdi/ocm26070101/ocm26070101/Output/_0009.tif (deflated 100%)
  adding: mnt/lsdi/ocm26070101/ocm26070101/Output/_0010.tif (deflated 5%)
  adding: mnt/lsdi/ocm26070101/ocm26070101/Output/_0011.tif (deflated 4%)
  adding: mnt/lsdi/ocm26070101/ocm26070101/Output/_0012.tif (deflated 4%)
  adding: mnt/lsdi/ocm26070101/ocm26070101/Output/_0013.tif (deflated 4%)
  adding: mnt/lsdi/ocm26070101/ocm26070101/Output/_0014.tif (deflated 81%)
  adding: mnt/lsdi/ocm26070101/ocm26070101/Output/_0015.tif (deflated 4%)
  adding: mnt/lsdi/ocm26070101/ocm26070101/Output/_0016.tif (deflated 4%)
  adding: mnt/lsdi/ocm26070101/ocm26070101/Output/_0017.tif (deflated 3%)
  adding: mnt/lsdi/ocm26070101/ocm26070101/Output/_0018.tif (deflated 4%)
  adding: mnt/lsdi/ocm26070101/ocm26070101/Output/_0019.tif (deflated 4%)
  adding: mnt/lsdi/ocm26070101/ocm26070101/Output/_0020.tif (deflated 80%)
  adding: mnt/lsdi/ocm26070101/ocm26070101/Output/_0021.tif (deflated 4%)
  adding: mnt/lsdi/ocm26070101/ocm26070101/Output/_0022.tif (deflated 4%)
  adding: mnt/lsdi/ocm26070101/ocm26070101/Output/_0023.tif (deflated 4%)
  adding: mnt/lsdi/ocm26070101/ocm26070101/Output/_0024.tif (deflated 4%)
  adding: mnt/lsdi/ocm26070101/ocm26070101/Output/_0025.tif (deflated 4%)
  adding: mnt/lsdi/ocm26070101/ocm26070101/Output/_0026.tif (deflated 4%)
  adding: mnt/lsdi/ocm26070101/ocm26070101/Output/_0027.tif (deflated 3%)
  adding: mnt/lsdi/ocm26070101/ocm26070101/Output/_0028.tif (deflated 4%)
  adding: mnt/lsdi/ocm26070101/ocm26070101/Output/_0029.tif (deflated 4%)
  adding: mnt/lsdi/ocm26070101/ocm26070101/Output/_0030.tif (deflated 4%)
  adding: mnt/lsdi/ocm26070101/ocm26070101/Output/_0031.tif (deflated 4%)
  adding: mnt/lsdi/ocm26070101/ocm26070101/Output/_0032.tif (deflated 5%)
  adding: mnt/lsdi/ocm26070101/ocm26070101/Output/_0033.tif (deflated 4%)
  adding: mnt/lsdi/ocm26070101/ocm26070101/Output/_0034.tif (deflated 4%)
  adding: mnt/lsdi/ocm26070101/ocm26070101/Output/_0035.tif (deflated 4%)
  adding: mnt/lsdi/ocm26070101/ocm26070101/Output/_0036.tif (deflated 5%)
  adding: mnt/lsdi/ocm26070101/ocm26070101/Output/_0037.tif (deflated 4%)
  adding: mnt/lsdi/ocm26070101/ocm26070101/Output/_0038.tif (deflated 4%)
  adding: mnt/lsdi/ocm26070101/ocm26070101/Output/_0039.tif (deflated 4%)
  adding: mnt/lsdi/ocm26070101/ocm26070101/Output/_0040.tif (deflated 4%)
  adding: mnt/lsdi/ocm26070101/ocm26070101/Output/_0041.tif (deflated 4%)
  adding: mnt/lsdi/ocm26070101/ocm26070101/Output/_0042.tif (deflated 66%)
  adding: mnt/lsdi/ocm26070101/ocm26070101/Output/_0043.tif (deflated 4%)
  adding: mnt/lsdi/ocm26070101/ocm26070101/Output/_0044.tif (deflated 5%)
  adding: mnt/lsdi/ocm26070101/ocm26070101/Output/_0045.tif (deflated 4%)
  adding: mnt/lsdi/ocm26070101/ocm26070101/Output/_0046.tif (deflated 4%)
  adding: mnt/lsdi/ocm26070101/ocm26070101/Output/_0047.tif (deflated 4%)
  adding: mnt/lsdi/ocm26070101/ocm26070101/Output/_0048.tif (deflated 5%)
  adding: mnt/lsdi/ocm26070101/ocm26070101/Output/_0049.tif (deflated 4%)
  adding: mnt/lsdi/ocm26070101/ocm26070101/Output/_0050.tif (deflated 5%)
  adding: mnt/lsdi/ocm26070101/ocm26070101/Output/_0051.tif (deflated 4%)
  adding: mnt/lsdi/ocm26070101/ocm26070101/Output/_0052.tif (deflated 5%)
  adding: mnt/lsdi/ocm26070101/ocm26070101/Output/_0053.tif (deflated 4%)
  adding: mnt/lsdi/ocm26070101/ocm26070101/Output/_0054.tif (deflated 4%)
  adding: mnt/lsdi/ocm26070101/ocm26070101/Output/_0055.tif (deflated 4%)
  adding: mnt/lsdi/ocm26070101/ocm26070101/Output/_0056.tif (deflated 83%)
  adding: mnt/lsdi/ocm26070101/ocm26070101/Output/_0057.tif (deflated 84%)
  adding: mnt/lsdi/ocm26070101/ocm26070101/Output/_0058.tif (deflated 4%)
  adding: mnt/lsdi/ocm26070101/ocm26070101/Output/_0059.tif (deflated 4%)
  adding: mnt/lsdi/ocm26070101/ocm26070101/Output/_0060.tif (deflated 4%)
  adding: mnt/lsdi/ocm26070101/ocm26070101/Output/_0061.tif (deflated 4%)
  adding: mnt/lsdi/ocm26070101/ocm26070101/Output/_0062.tif (deflated 4%)
  adding: mnt/lsdi/ocm26070101/ocm26070101/Output/_0063.tif (deflated 4%)
  adding: mnt/lsdi/ocm26070101/ocm26070101/Output/_0064.tif (deflated 4%)
  adding: mnt/lsdi/ocm26070101/ocm26070101/Output/_0065.tif (deflated 4%)
  adding: mnt/lsdi/ocm26070101/ocm26070101/Output/_0066.tif (deflated 4%)
  adding: mnt/lsdi/ocm26070101/ocm26070101/Output/_0067.tif (deflated 4%)
  adding: mnt/lsdi/ocm26070101/ocm26070101/Output/_0068.tif (deflated 5%)
  adding: mnt/lsdi/ocm26070101/ocm26070101/Output/_0069.tif (deflated 4%)
  adding: mnt/lsdi/ocm26070101/ocm26070101/Output/_0070.tif (deflated 4%)
  adding: mnt/lsdi/ocm26070101/ocm26070101/Output/_0071.tif (deflated 3%)
  adding: mnt/lsdi/ocm26070101/ocm26070101/Output/_0072.tif (deflated 4%)
  adding: mnt/lsdi/ocm26070101/ocm26070101/Output/_0073.tif (deflated 4%)
  adding: mnt/lsdi/ocm26070101/ocm26070101/Output/_0074.tif (deflated 4%)
  adding: mnt/lsdi/ocm26070101/ocm26070101/Output/_0075.tif (deflated 4%)
  adding: mnt/lsdi/ocm26070101/ocm26070101/Output/_0076.tif (deflated 4%)
  adding: mnt/lsdi/ocm26070101/ocm26070101/Output/_0077.tif (deflated 4%)
  adding: mnt/lsdi/ocm26070101/ocm26070101/Output/_0078.tif (deflated 4%)
  adding: mnt/lsdi/ocm26070101/ocm26070101/Output/_0079.tif (deflated 4%)
  adding: mnt/lsdi/ocm26070101/ocm26070101/Output/_0080.tif (deflated 4%)
  adding: mnt/lsdi/ocm26070101/ocm26070101/Output/_0081.tif (deflated 4%)
  adding: mnt/lsdi/ocm26070101/ocm26070101/Output/_0082.tif (deflated 4%)
  adding: mnt/lsdi/ocm26070101/ocm26070101/Output/_0083.tif (deflated 4%)
  adding: mnt/lsdi/ocm26070101/ocm26070101/Output/_0084.tif (deflated 4%)
  adding: mnt/lsdi/ocm26070101/ocm26070101/Output/_0085.tif (deflated 4%)
  adding: mnt/lsdi/ocm26070101/ocm26070101/Output/_0086.tif (deflated 5%)
  adding: mnt/lsdi/ocm26070101/ocm26070101/Output/_0087.tif (deflated 4%)
  adding: mnt/lsdi/ocm26070101/ocm26070101/Output/_0088.tif (deflated 4%)
  adding: mnt/lsdi/ocm26070101/ocm26070101/Output/_0089.tif (deflated 4%)
  adding: mnt/lsdi/ocm26070101/ocm26070101/Output/_0090.tif (deflated 4%)
  adding: mnt/lsdi/ocm26070101/ocm26070101/Output/_0091.tif (deflated 4%)
  adding: mnt/lsdi/ocm26070101/ocm26070101/Output/_0092.tif (deflated 4%)
  adding: mnt/lsdi/ocm26070101/ocm26070101/Output/_0093.tif (deflated 4%)
  adding: mnt/lsdi/ocm26070101/ocm26070101/Output/_0094.tif (deflated 5%)
  adding: mnt/lsdi/ocm26070101/ocm26070101/Output/_0095.tif (deflated 4%)
  adding: mnt/lsdi/ocm26070101/ocm26070101/Output/_0096.tif (deflated 5%)
  adding: mnt/lsdi/ocm26070101/ocm26070101/Output/_0097.tif (deflated 4%)
  adding: mnt/lsdi/ocm26070101/ocm26070101/Output/_0098.tif (deflated 4%)
  adding: mnt/lsdi/ocm26070101/ocm26070101/Output/_0099.tif (deflated 4%)
  adding: mnt/lsdi/ocm26070101/ocm26070101/Output/_0100.tif (deflated 4%)
  adding: mnt/lsdi/ocm26070101/ocm26070101/Output/_0101.tif (deflated 4%)
  adding: mnt/lsdi/ocm26070101/ocm26070101/Output/_0102.tif (deflated 4%)
  adding: mnt/lsdi/ocm26070101/ocm26070101/Output/_0103.tif (deflated 4%)
  adding: mnt/lsdi/ocm26070101/ocm26070101/Output/_0104.tif (deflated 4%)
  adding: mnt/lsdi/ocm26070101/ocm26070101/Output/_0105.tif (deflated 4%)
  adding: mnt/lsdi/ocm26070101/ocm26070101/Output/_0106.tif (deflated 4%)
  adding: mnt/lsdi/ocm26070101/ocm26070101/Output/_0107.tif (deflated 4%)
  adding: mnt/lsdi/ocm26070101/ocm26070101/Output/_0108.tif (deflated 4%)
  adding: mnt/lsdi/ocm26070101/ocm26070101/Output/_0109.tif (deflated 4%)
  adding: mnt/lsdi/ocm26070101/ocm26070101/Output/_0110.tif (deflated 5%)
  adding: mnt/lsdi/ocm26070101/ocm26070101/Output/_0111.tif (deflated 5%)
  adding: mnt/lsdi/ocm26070101/ocm26070101/Output/_0112.tif (deflated 5%)
  adding: mnt/lsdi/ocm26070101/ocm26070101/Output/_0113.tif (deflated 4%)
  adding: mnt/lsdi/ocm26070101/ocm26070101/Output/_0114.tif (deflated 70%)
  adding: mnt/lsdi/ocm26070101/ocm26070101/Output/_0115.tif (deflated 90%)
  adding: mnt/lsdi/ocm26070101/ocm26070101/Output/_0116.tif (deflated 4%)
  adding: mnt/lsdi/ocm26070101/ocm26070101/Output/_0117.tif (deflated 90%)
  adding: mnt/lsdi/ocm26070101/ocm26070101/Output/_0118.tif (deflated 83%)
  adding: mnt/lsdi/ocm26070101/ocm26070101/Output/_0119.tif (deflated 50%)
  adding: mnt/lsdi/ocm26070101/ocm26070101/Output/_0120.tif (deflated 4%)
  adding: mnt/lsdi/ocm26070101/ocm26070101/Output/_0121.tif (deflated 4%)
  adding: mnt/lsdi/ocm26070101/ocm26070101/Output/_0122.tif (deflated 5%)
  adding: mnt/lsdi/ocm26070101/ocm26070101/Output/_0123.tif (deflated 4%)
  adding: mnt/lsdi/ocm26070101/ocm26070101/Output/_0124.tif (deflated 5%)
  adding: mnt/lsdi/ocm26070101/ocm26070101/Output/_0125.tif (deflated 4%)
  adding: mnt/lsdi/ocm26070101/ocm26070101/Output/_0126.tif (deflated 4%)
  adding: mnt/lsdi/ocm26070101/ocm26070101/Output/_0127.tif (deflated 4%)
  adding: mnt/lsdi/ocm26070101/ocm26070101/Output/_0128.tif (deflated 4%)
  adding: mnt/lsdi/ocm26070101/ocm26070101/Output/_0129.tif (deflated 4%)
  adding: mnt/lsdi/ocm26070101/ocm26070101/Output/_0130.tif (deflated 5%)
  adding: mnt/lsdi/ocm26070101/ocm26070101/Output/_0131.tif (deflated 4%)
  adding: mnt/lsdi/ocm26070101/ocm26070101/Output/_0132.tif (deflated 5%)
  adding: mnt/lsdi/ocm26070101/ocm26070101/Output/_0133.tif (deflated 5%)
  adding: mnt/lsdi/ocm26070101/ocm26070101/Output/_0134.tif (deflated 5%)
  adding: mnt/lsdi/ocm26070101/ocm26070101/Output/_0135.tif (deflated 4%)
  adding: mnt/lsdi/ocm26070101/ocm26070101/Output/_0136.tif (deflated 5%)
  adding: mnt/lsdi/ocm26070101/ocm26070101/Output/_0137.tif (deflated 4%)
  adding: mnt/lsdi/ocm26070101/ocm26070101/Output/_0138.tif (deflated 83%)
  adding: mnt/lsdi/ocm26070101/ocm26070101/Output/_0139.tif (deflated 57%)
  adding: mnt/lsdi/ocm26070101/ocm26070101/Output/_0140.tif (deflated 4%)
  adding: mnt/lsdi/ocm26070101/ocm26070101/Output/_0141.tif (deflated 4%)
  adding: mnt/lsdi/ocm26070101/ocm26070101/Output/_0142.tif (deflated 90%)
  adding: mnt/lsdi/ocm26070101/ocm26070101/Output/_0143.tif (deflated 4%)
  adding: mnt/lsdi/ocm26070101/ocm26070101/Output/_0144.tif (deflated 4%)
  adding: mnt/lsdi/ocm26070101/ocm26070101/Output/_0145.tif (deflated 4%)
  adding: mnt/lsdi/ocm26070101/ocm26070101/Output/_0146.tif (deflated 4%)
  adding: mnt/lsdi/ocm26070101/ocm26070101/Output/_0147.tif (deflated 4%)
  adding: mnt/lsdi/ocm26070101/ocm26070101/Output/_0148.tif (deflated 5%)
  adding: mnt/lsdi/ocm26070101/ocm26070101/Output/_0149.tif (deflated 4%)
  adding: mnt/lsdi/ocm26070101/ocm26070101/Output/_0150.tif (deflated 64%)
  adding: mnt/lsdi/ocm26070101/ocm26070101/Output/_0151.tif (deflated 4%)
  adding: mnt/lsdi/ocm26070101/ocm26070101/Output/_0152.tif (deflated 5%)
  adding: mnt/lsdi/ocm26070101/ocm26070101/Output/_0153.tif (deflated 4%)
  adding: mnt/lsdi/ocm26070101/ocm26070101/Output/_0154.tif (deflated 4%)
  adding: mnt/lsdi/ocm26070101/ocm26070101/Output/_0155.tif (deflated 4%)
  adding: mnt/lsdi/ocm26070101/ocm26070101/Output/_0156.tif (deflated 4%)
  adding: mnt/lsdi/ocm26070101/ocm26070101/Output/_0157.tif (deflated 4%)
  adding: mnt/lsdi/ocm26070101/ocm26070101/Output/_0158.tif (deflated 4%)
  adding: mnt/lsdi/ocm26070101/ocm26070101/Output/_0159.tif (deflated 4%)
  adding: mnt/lsdi/ocm26070101/ocm26070101/Output/_0160.tif (deflated 5%)
  adding: mnt/lsdi/ocm26070101/ocm26070101/Output/_0161.tif (deflated 4%)
  adding: mnt/lsdi/ocm26070101/ocm26070101/Output/_0162.tif (deflated 5%)
  adding: mnt/lsdi/ocm26070101/ocm26070101/Output/_0163.tif (deflated 4%)
  adding: mnt/lsdi/ocm26070101/ocm26070101/Output/_0164.tif (deflated 5%)
  adding: mnt/lsdi/ocm26070101/ocm26070101/Output/_0165.tif (deflated 4%)
  adding: mnt/lsdi/ocm26070101/ocm26070101/Output/_0166.tif (deflated 77%)
  adding: mnt/lsdi/ocm26070101/ocm26070101/Output/_0167.tif (deflated 4%)
  adding: mnt/lsdi/ocm26070101/ocm26070101/Output/_0168.tif (deflated 5%)
  adding: mnt/lsdi/ocm26070101/ocm26070101/Output/_0169.tif (deflated 56%)
  adding: mnt/lsdi/ocm26070101/ocm26070101/Output/_0170.tif (deflated 5%)
  adding: mnt/lsdi/ocm26070101/ocm26070101/Output/_0171.tif (deflated 4%)
  adding: mnt/lsdi/ocm26070101/ocm26070101/Output/_0172.tif (deflated 5%)
  adding: mnt/lsdi/ocm26070101/ocm26070101/Output/_0173.tif (deflated 4%)
  adding: mnt/lsdi/ocm26070101/ocm26070101/Output/_0174.tif (deflated 4%)
  adding: mnt/lsdi/ocm26070101/ocm26070101/Output/_0175.tif (deflated 4%)
  adding: mnt/lsdi/ocm26070101/ocm26070101/Output/_0176.tif (deflated 5%)
  adding: mnt/lsdi/ocm26070101/ocm26070101/Output/_0177.tif (deflated 4%)
  adding: mnt/lsdi/ocm26070101/ocm26070101/Output/_0178.tif (deflated 5%)
  adding: mnt/lsdi/ocm26070101/ocm26070101/Output/_0179.tif (deflated 4%)
  adding: mnt/lsdi/ocm26070101/ocm26070101/Output/_0180.tif (deflated 83%)
  adding: mnt/lsdi/ocm26070101/ocm26070101/Output/_0181.tif (deflated 55%)
  adding: mnt/lsdi/ocm26070101/ocm26070101/Output/_0182.tif (deflated 5%)
  adding: mnt/lsdi/ocm26070101/ocm26070101/Output/_0183.tif (deflated 4%)
  adding: mnt/lsdi/ocm26070101/ocm26070101/Output/_0184.tif (deflated 5%)
  adding: mnt/lsdi/ocm26070101/ocm26070101/Output/_0185.tif (deflated 77%)
  adding: mnt/lsdi/ocm26070101/ocm26070101/Output/_0186.tif (deflated 5%)
  adding: mnt/lsdi/ocm26070101/ocm26070101/Output/_0187.tif (deflated 69%)
  adding: mnt/lsdi/ocm26070101/ocm26070101/Output/_0188.tif (deflated 5%)
  adding: mnt/lsdi/ocm26070101/ocm26070101/Output/_0189.tif (deflated 4%)
  adding: mnt/lsdi/ocm26070101/ocm26070101/Output/_0190.tif (deflated 83%)
  adding: mnt/lsdi/ocm26070101/ocm26070101/Output/_0191.tif (deflated 52%)
  adding: mnt/lsdi/ocm26070101/ocm26070101/Output/_0192.tif (deflated 5%)
  adding: mnt/lsdi/ocm26070101/ocm26070101/Output/_0193.tif (deflated 4%)
  adding: mnt/lsdi/ocm26070101/ocm26070101/Output/_0194.tif (deflated 4%)
  adding: mnt/lsdi/ocm26070101/ocm26070101/Output/_0195.tif (deflated 4%)
  adding: mnt/lsdi/ocm26070101/ocm26070101/Output/_0196.tif (deflated 4%)
  adding: mnt/lsdi/ocm26070101/ocm26070101/Output/_0197.tif (deflated 4%)
  adding: mnt/lsdi/ocm26070101/ocm26070101/Output/_0198.tif (deflated 4%)
  adding: mnt/lsdi/ocm26070101/ocm26070101/Output/_0199.tif (deflated 4%)
  adding: mnt/lsdi/ocm26070101/ocm26070101/Output/_0200.tif (deflated 4%)
  adding: mnt/lsdi/ocm26070101/ocm26070101/Output/_0201.tif (deflated 4%)
  adding: mnt/lsdi/ocm26070101/ocm26070101/Output/_0202.tif (deflated 4%)
  adding: mnt/lsdi/ocm26070101/ocm26070101/Output/_0203.tif (deflated 4%)
  adding: mnt/lsdi/ocm26070101/ocm26070101/Output/_0204.tif (deflated 4%)
  adding: mnt/lsdi/ocm26070101/ocm26070101/Output/_0205.tif (deflated 4%)
  adding: mnt/lsdi/ocm26070101/ocm26070101/Output/_0206.tif (deflated 5%)
  adding: mnt/lsdi/ocm26070101/ocm26070101/Output/_0207.tif (deflated 4%)
  adding: mnt/lsdi/ocm26070101/ocm26070101/Output/_0208.tif (deflated 5%)
  adding: mnt/lsdi/ocm26070101/ocm26070101/Output/_0209.tif (deflated 4%)
  adding: mnt/lsdi/ocm26070101/ocm26070101/Output/_0210.tif (deflated 5%)
  adding: mnt/lsdi/ocm26070101/ocm26070101/Output/_0211.tif (deflated 4%)
  adding: mnt/lsdi/ocm26070101/ocm26070101/Output/_0212.tif (deflated 4%)
  adding: mnt/lsdi/ocm26070101/ocm26070101/Output/_0213.tif (deflated 4%)
  adding: mnt/lsdi/ocm26070101/ocm26070101/Output/_0214.tif (deflated 81%)
  adding: mnt/lsdi/ocm26070101/ocm26070101/Output/_0215.tif (deflated 4%)
  adding: mnt/lsdi/ocm26070101/ocm26070101/Output/_0216.tif (deflated 4%)
  adding: mnt/lsdi/ocm26070101/ocm26070101/Output/_0217.tif (deflated 4%)
  adding: mnt/lsdi/ocm26070101/ocm26070101/Output/_0218.tif (deflated 5%)
  adding: mnt/lsdi/ocm26070101/ocm26070101/Output/_0219.tif (deflated 4%)
  adding: mnt/lsdi/ocm26070101/ocm26070101/Output/_0220.tif (deflated 4%)
  adding: mnt/lsdi/ocm26070101/ocm26070101/Output/_0221.tif (deflated 4%)
  adding: mnt/lsdi/ocm26070101/ocm26070101/Output/_0222.tif (deflated 4%)
  adding: mnt/lsdi/ocm26070101/ocm26070101/Output/_0223.tif (deflated 4%)
  adding: mnt/lsdi/ocm26070101/ocm26070101/Output/_0224.tif (deflated 74%)
  adding: mnt/lsdi/ocm26070101/ocm26070101/Output/_0225.tif (deflated 4%)
  adding: mnt/lsdi/ocm26070101/ocm26070101/Output/_0226.tif (deflated 4%)
  adding: mnt/lsdi/ocm26070101/ocm26070101/Output/_0227.tif (deflated 4%)
  adding: mnt/lsdi/ocm26070101/ocm26070101/Output/_0228.tif (deflated 4%)
  adding: mnt/lsdi/ocm26070101/ocm26070101/Output/_0229.tif (deflated 4%)
  adding: mnt/lsdi/ocm26070101/ocm26070101/Output/_0230.tif (deflated 4%)
  adding: mnt/lsdi/ocm26070101/ocm26070101/Output/_0231.tif (deflated 91%)
  adding: mnt/lsdi/ocm26070101/ocm26070101/Output/_0232.tif (deflated 5%)
  adding: mnt/lsdi/ocm26070101/ocm26070101/Output/_0233.tif (deflated 4%)
  adding: mnt/lsdi/ocm26070101/ocm26070101/Output/_0234.tif (deflated 4%)
  adding: mnt/lsdi/ocm26070101/ocm26070101/Output/_0235.tif (deflated 4%)
  adding: mnt/lsdi/ocm26070101/ocm26070101/Output/_0236.tif (deflated 5%)
  adding: mnt/lsdi/ocm26070101/ocm26070101/Output/_0237.tif (deflated 4%)
  adding: mnt/lsdi/ocm26070101/ocm26070101/Output/_0238.tif (deflated 4%)
  adding: mnt/lsdi/ocm26070101/ocm26070101/Output/_0239.tif (deflated 4%)
  adding: mnt/lsdi/ocm26070101/ocm26070101/Output/_0240.tif (deflated 5%)
  adding: mnt/lsdi/ocm26070101/ocm26070101/Output/_0241.tif (deflated 4%)
  adding: mnt/lsdi/ocm26070101/ocm26070101/Output/_0242.tif (deflated 4%)
  adding: mnt/lsdi/ocm26070101/ocm26070101/Output/_0243.tif (deflated 4%)
  adding: mnt/lsdi/ocm26070101/ocm26070101/Output/_0244.tif (deflated 83%)
  adding: mnt/lsdi/ocm26070101/ocm26070101/Output/_0245.tif (deflated 53%)
  adding: mnt/lsdi/ocm26070101/ocm26070101/Output/_0246.tif (deflated 4%)
  adding: mnt/lsdi/ocm26070101/ocm26070101/Output/_0247.tif (deflated 4%)
  adding: mnt/lsdi/ocm26070101/ocm26070101/Output/_0248.tif (deflated 5%)
  adding: mnt/lsdi/ocm26070101/ocm26070101/Output/_0249.tif (deflated 91%)
  adding: mnt/lsdi/ocm26070101/ocm26070101/Output/_0250.tif (deflated 67%)
  adding: mnt/lsdi/ocm26070101/ocm26070101/Output/_0251.tif (deflated 4%)
  adding: mnt/lsdi/ocm26070101/ocm26070101/Output/_0252.tif (deflated 4%)
  adding: mnt/lsdi/ocm26070101/ocm26070101/Output/_0253.tif (deflated 4%)
  adding: mnt/lsdi/ocm26070101/ocm26070101/Output/_0254.tif (deflated 5%)
  adding: mnt/lsdi/ocm26070101/ocm26070101/Output/_0255.tif (deflated 4%)
  adding: mnt/lsdi/ocm26070101/ocm26070101/Output/_0256.tif (deflated 4%)
  adding: mnt/lsdi/ocm26070101/ocm26070101/Output/_0257.tif (deflated 4%)
  adding: mnt/lsdi/ocm26070101/ocm26070101/Output/_0258.tif (deflated 4%)
  adding: mnt/lsdi/ocm26070101/ocm26070101/Output/_0259.tif (deflated 4%)
  adding: mnt/lsdi/ocm26070101/ocm26070101/Output/_0260.tif (deflated 4%)
  adding: mnt/lsdi/ocm26070101/ocm26070101/Output/_0261.tif (deflated 4%)
  adding: mnt/lsdi/ocm26070101/ocm26070101/Output/_0262.tif (deflated 90%)
  adding: mnt/lsdi/ocm26070101/ocm26070101/Output/_0263.tif (deflated 4%)
  adding: mnt/lsdi/ocm26070101/ocm26070101/Output/_0264.tif (deflated 4%)
  adding: mnt/lsdi/ocm26070101/ocm26070101/Output/_0265.tif (deflated 4%)
  adding: mnt/lsdi/ocm26070101/ocm26070101/Output/_0266.tif (deflated 4%)
  adding: mnt/lsdi/ocm26070101/ocm26070101/Output/_0267.tif (deflated 4%)
  adding: mnt/lsdi/ocm26070101/ocm26070101/Output/_0268.tif (deflated 4%)
  adding: mnt/lsdi/ocm26070101/ocm26070101/Output/_0269.tif (deflated 5%)
  adding: mnt/lsdi/ocm26070101/ocm26070101/Output/_0270.tif (deflated 5%)
  adding: mnt/lsdi/ocm26070101/ocm26070101/Output/_0271.tif (deflated 4%)
  adding: mnt/lsdi/ocm26070101/ocm26070101/Output/_0272.tif (deflated 4%)
  adding: mnt/lsdi/ocm26070101/ocm26070101/Output/_0273.tif (deflated 4%)
  adding: mnt/lsdi/ocm26070101/ocm26070101/Output/_0274.tif (deflated 4%)
  adding: mnt/lsdi/ocm26070101/ocm26070101/Output/_0275.tif (deflated 4%)
  adding: mnt/lsdi/ocm26070101/ocm26070101/Output/_0276.tif (deflated 5%)
  adding: mnt/lsdi/ocm26070101/ocm26070101/Output/_0277.tif (deflated 4%)
  adding: mnt/lsdi/ocm26070101/ocm26070101/Output/_0278.tif (deflated 57%)
  adding: mnt/lsdi/ocm26070101/ocm26070101/Output/_0279.tif (deflated 4%)
  adding: mnt/lsdi/ocm26070101/ocm26070101/Output/_0280.tif (deflated 4%)
  adding: mnt/lsdi/ocm26070101/ocm26070101/Output/_0281.tif (deflated 4%)
  adding: mnt/lsdi/ocm26070101/ocm26070101/Output/_0282.tif (deflated 4%)
  adding: mnt/lsdi/ocm26070101/ocm26070101/Output/_0283.tif (deflated 4%)
  adding: mnt/lsdi/ocm26070101/ocm26070101/Output/_0284.tif (deflated 4%)
  adding: mnt/lsdi/ocm26070101/ocm26070101/Output/_0285.tif (deflated 4%)
  adding: mnt/lsdi/ocm26070101/ocm26070101/Output/_0286.tif (deflated 90%)
  adding: mnt/lsdi/ocm26070101/ocm26070101/Output/_0287.tif (deflated 4%)
  adding: mnt/lsdi/ocm26070101/ocm26070101/Output/_0288.tif (deflated 4%)
  adding: mnt/lsdi/ocm26070101/ocm26070101/Output/_0289.tif (deflated 4%)
  adding: mnt/lsdi/ocm26070101/ocm26070101/Output/_0290.tif (deflated 4%)
  adding: mnt/lsdi/ocm26070101/ocm26070101/Output/_0291.tif (deflated 4%)
  adding: mnt/lsdi/ocm26070101/ocm26070101/Output/_0292.tif (deflated 4%)
  adding: mnt/lsdi/ocm26070101/ocm26070101/Output/_0293.tif (deflated 5%)
  adding: mnt/lsdi/ocm26070101/ocm26070101/Output/_0294.tif (deflated 5%)
  adding: mnt/lsdi/ocm26070101/ocm26070101/Output/_0295.tif (deflated 4%)
  adding: mnt/lsdi/ocm26070101/ocm26070101/Output/_0296.tif (deflated 67%)
  adding: mnt/lsdi/ocm26070101/ocm26070101/Output/_0297.tif (deflated 4%)
  adding: mnt/lsdi/ocm26070101/ocm26070101/Output/_0298.tif (deflated 4%)
  adding: mnt/lsdi/ocm26070101/ocm26070101/Output/_0299.tif (deflated 4%)
  adding: mnt/lsdi/ocm26070101/ocm26070101/Output/_0300.tif (deflated 5%)
  adding: mnt/lsdi/ocm26070101/ocm26070101/Output/_0301.tif (deflated 4%)
  adding: mnt/lsdi/ocm26070101/ocm26070101/Output/_0302.tif (deflated 5%)
  adding: mnt/lsdi/ocm26070101/ocm26070101/Output/_0303.tif (deflated 4%)
  adding: mnt/lsdi/ocm26070101/ocm26070101/Output/_0304.tif (deflated 5%)
  adding: mnt/lsdi/ocm26070101/ocm26070101/Output/_0305.tif (deflated 4%)
  adding: mnt/lsdi/ocm26070101/ocm26070101/Output/_0306.tif (deflated 5%)
  adding: mnt/lsdi/ocm26070101/ocm26070101/Output/_0307.tif (deflated 3%)
  adding: mnt/lsdi/ocm26070101/ocm26070101/Output/_0308.tif (deflated 90%)
  adding: mnt/lsdi/ocm26070101/ocm26070101/Output/_0309.tif (deflated 3%)
  adding: mnt/lsdi/ocm26070101/ocm26070101/Output/_0310.tif (deflated 5%)
  adding: mnt/lsdi/ocm26070101/ocm26070101/Output/_0311.tif (deflated 4%)
  adding: mnt/lsdi/ocm26070101/ocm26070101/Output/_0312.tif (deflated 5%)
  adding: mnt/lsdi/ocm26070101/ocm26070101/Output/_0313.tif (deflated 4%)
  adding: mnt/lsdi/ocm26070101/ocm26070101/Output/_0314.tif (deflated 5%)
  adding: mnt/lsdi/ocm26070101/ocm26070101/Output/_0315.tif (deflated 4%)
  adding: mnt/lsdi/ocm26070101/ocm26070101/Output/_0316.tif (deflated 83%)
  adding: mnt/lsdi/ocm26070101/ocm26070101/Output/_0317.tif (deflated 58%)
  adding: mnt/lsdi/ocm26070101/ocm26070101/Output/_0318.tif (deflated 5%)
  adding: mnt/lsdi/ocm26070101/ocm26070101/Output/_0319.tif (deflated 4%)
  adding: mnt/lsdi/ocm26070101/ocm26070101/Output/_0320.tif (deflated 5%)
  adding: mnt/lsdi/ocm26070101/ocm26070101/Output/_0321.tif (deflated 4%)
  adding: mnt/lsdi/ocm26070101/ocm26070101/Output/_0322.tif (deflated 4%)
  adding: mnt/lsdi/ocm26070101/ocm26070101/Output/_0323.tif (deflated 4%)
  adding: mnt/lsdi/ocm26070101/ocm26070101/Output/_0324.tif (deflated 4%)
  adding: mnt/lsdi/ocm26070101/ocm26070101/Output/_0325.tif (deflated 4%)
  adding: mnt/lsdi/ocm26070101/ocm26070101/Output/_0326.tif (deflated 4%)
  adding: mnt/lsdi/ocm26070101/ocm26070101/Output/_0327.tif (deflated 4%)
  adding: mnt/lsdi/ocm26070101/ocm26070101/Output/_0328.tif (deflated 4%)
  adding: mnt/lsdi/ocm26070101/ocm26070101/Output/_0329.tif (deflated 4%)
  adding: mnt/lsdi/ocm26070101/ocm26070101/Output/_0330.tif (deflated 5%)
  adding: mnt/lsdi/ocm26070101/ocm26070101/Output/_0331.tif (deflated 4%)
  adding: mnt/lsdi/ocm26070101/ocm26070101/Output/_0332.tif (deflated 5%)
  adding: mnt/lsdi/ocm26070101/ocm26070101/Output/_0333.tif (deflated 4%)
  adding: mnt/lsdi/ocm26070101/ocm26070101/Output/_0334.tif (deflated 4%)
  adding: mnt/lsdi/ocm26070101/ocm26070101/Output/_0335.tif (deflated 3%)
  adding: mnt/lsdi/ocm26070101/ocm26070101/Output/_0336.tif (deflated 4%)
  adding: mnt/lsdi/ocm26070101/ocm26070101/Output/_0337.tif (deflated 4%)
  adding: mnt/lsdi/ocm26070101/ocm26070101/Output/_0338.tif (deflated 5%)
  adding: mnt/lsdi/ocm26070101/ocm26070101/Output/_0339.tif (deflated 83%)
  adding: mnt/lsdi/ocm26070101/ocm26070101/Output/_0340.tif (deflated 4%)
  adding: mnt/lsdi/ocm26070101/ocm26070101/Output/_0341.tif (deflated 83%)
  adding: mnt/lsdi/ocm26070101/ocm26070101/Output/_0342.tif (deflated 83%)
curl --location --header authorization: LOW fpJYfLnxbLmCEHqU:JQbq6NgBaPrSh98Y --upload-file /temp/ocm26070101_images.zip http://s3.us.archive.org/26070101.emory.edu/26070101_images.zip
  % Total    % Received % Xferd  Average Speed   Time    Time     Time  Current
                                 Dload  Upload   Total   Spent    Left  Speed
  0     0    0     0    0     0      0      0 --:--:-- --:--:-- --:--:--     0  0 64.2M    0     0    0     0      0      0 --:--:-- --:--:-- --:--:--     0  0 64.2M    0     0    0 65536      0  42864  0:26:11  0:00:01  0:26:10 45072  0 64.2M    0     0    0  208k      0  87147  0:12:53  0:00:02  0:12:51 89907  0 64.2M    0     0    0  400k      0   115k  0:09:32  0:00:03  0:09:29  117k  0 64.2M    0     0    0  624k      0   139k  0:07:52  0:00:04  0:07:48  141k  1 64.2M    0     0    1  896k      0   164k  0:06:39  0:00:05  0:06:34  201k  1 64.2M    0     0    1 1248k      0   193k  0:05:39  0:00:06  0:05:33  240k  2 64.2M    0     0    2 1328k      0   175k  0:06:15  0:00:07  0:06:08  218k  2 64.2M    0     0    2 1568k      0   185k  0:05:54  0:00:08  0:05:46  234k  3 64.2M    0     0    3 1984k      0   209k  0:05:13  0:00:09  0:05:04  273k  3 64.2M    0     0    3 2384k      0   224k  0:04:52  0:00:10  0:04:42  288k  3 64.2M    0     0    3 2496k      0   215k  0:05:04  0:00:11  0:04:53  244k  4 64.2M    0     0    4 2736k      0   219k  0:05:00  0:00:12  0:04:48  287k  4 64.2M    0     0    4 3264k      0   242k  0:04:31  0:00:13  0:04:18  339k  5 64.2M    0     0    5 3872k      0   267k  0:04:05  0:00:14  0:03:51  377k  6 64.2M    0     0    6 4240k      0   273k  0:04:00  0:00:15  0:03:45  379k  7 64.2M    0     0    7 4704k      0   286k  0:03:49  0:00:16  0:03:33  453k  8 64.2M    0     0    8 5312k      0   304k  0:03:36  0:00:17  0:03:19  516k  8 64.2M    0     0    8 5776k      0   312k  0:03:30  0:00:18  0:03:12  501k  9 64.2M    0     0    9 6480k      0   333k  0:03:17  0:00:19  0:02:58  521k 10 64.2M    0     0   10 7056k      0   345k  0:03:10  0:00:20  0:02:50  570k 11 64.2M    0     0   11 7696k      0   358k  0:03:03  0:00:21  0:02:42  596k 12 64.2M    0     0   12 8304k      0   370k  0:02:57  0:00:22  0:02:35  602k 13 64.2M    0     0   13 8912k      0   375k  0:02:55  0:00:23  0:02:32  596k 14 64.2M    0     0   14 9360k      0   383k  0:02:51  0:00:24  0:02:27  578k 15 64.2M    0     0   15 9888k      0   388k  0:02:49  0:00:25  0:02:24  565k 15 64.2M    0     0   15 10.2M      0   396k  0:02:45  0:00:26  0:02:19  559k 16 64.2M    0     0   16 10.3M      0   387k  0:02:49  0:00:27  0:02:22  464k 17 64.2M    0     0   17 11.0M      0   396k  0:02:45  0:00:28  0:02:17  501k 18 64.2M    0     0   18 11.6M      0   405k  0:02:42  0:00:29  0:02:13  517k 19 64.2M    0     0   19 12.3M      0   415k  0:02:38  0:00:30  0:02:08  553k 19 64.2M    0     0   19 12.8M      0   417k  0:02:37  0:00:31  0:02:06  529k 20 64.2M    0     0   20 13.4M      0   423k  0:02:35  0:00:32  0:02:03  624k 21 64.2M    0     0   21 13.9M      0   426k  0:02:34  0:00:33  0:02:01  595k 22 64.2M    0     0   22 14.4M      0   430k  0:02:32  0:00:34  0:01:58  572k 22 64.2M    0     0   22 14.7M      0   425k  0:02:34  0:00:35  0:01:59  481k 23 64.2M    0     0   23 15.1M      0   425k  0:02:34  0:00:36  0:01:58  475k 24 64.2M    0     0   24 15.6M      0   429k  0:02:33  0:00:37  0:01:56  462k 25 64.2M    0     0   25 16.1M      0   430k  0:02:32  0:00:38  0:01:54  460k 26 64.2M    0     0   26 16.7M      0   434k  0:02:31  0:00:39  0:01:52  465k 27 64.2M    0     0   27 17.3M      0   439k  0:02:29  0:00:40  0:01:49  540k 27 64.2M    0     0   27 17.9M      0   442k  0:02:28  0:00:41  0:01:47  563k 28 64.2M    0     0   28 18.4M      0   444k  0:02:27  0:00:42  0:01:45  562k 29 64.2M    0     0   29 19.0M      0   447k  0:02:27  0:00:43  0:01:44  573k 30 64.2M    0     0   30 19.5M      0   449k  0:02:26  0:00:44  0:01:42  569k 31 64.2M    0     0   31 20.0M      0   452k  0:02:25  0:00:45  0:01:40  564k 32 64.2M    0     0   32 20.6M      0   456k  0:02:24  0:00:46  0:01:38  570k 33 64.2M    0     0   33 21.2M      0   459k  0:02:23  0:00:47  0:01:36  579k 34 64.2M    0     0   34 21.8M      0   462k  0:02:22  0:00:48  0:01:34  594k 34 64.2M    0     0   34 22.2M      0   461k  0:02:22  0:00:49  0:01:33  566k 35 64.2M    0     0   35 22.8M      0   462k  0:02:22  0:00:50  0:01:32  553k 36 64.2M    0     0   36 23.3M      0   465k  0:02:21  0:00:51  0:01:30  549k 37 64.2M    0     0   37 23.8M      0   465k  0:02:21  0:00:52  0:01:29  524k 37 64.2M    0     0   37 24.3M      0   466k  0:02:20  0:00:53  0:01:27  510k 38 64.2M    0     0   38 24.9M      0   468k  0:02:20  0:00:54  0:01:26  537k 39 64.2M    0     0   39 25.4M      0   469k  0:02:20  0:00:55  0:01:25  535k 40 64.2M    0     0   40 25.8M      0   468k  0:02:20  0:00:56  0:01:24  508k 41 64.2M    0     0   41 26.4M      0   471k  0:02:19  0:00:57  0:01:22  537k 42 64.2M    0     0   42 27.0M      0   473k  0:02:18  0:00:58  0:01:20  544k 42 64.2M    0     0   42 27.4M      0   472k  0:02:19  0:00:59  0:01:20  516k 43 64.2M    0     0   43 28.1M      0   476k  0:02:18  0:01:00  0:01:18  556k 44 64.2M    0     0   44 28.7M      0   479k  0:02:17  0:01:01  0:01:16  603k 45 64.2M    0     0   45 29.4M      0   483k  0:02:16  0:01:02  0:01:14  613k 46 64.2M    0     0   46 30.1M      0   486k  0:02:15  0:01:03  0:01:12  632k 47 64.2M    0     0   47 30.7M      0   488k  0:02:14  0:01:04  0:01:10  677k 48 64.2M    0     0   48 31.2M      0   489k  0:02:14  0:01:05  0:01:09  649k 49 64.2M    0     0   49 32.0M      0   493k  0:02:13  0:01:06  0:01:07  656k 50 64.2M    0     0   50 32.6M      0   495k  0:02:12  0:01:07  0:01:05  653k 51 64.2M    0     0   51 33.3M      0   498k  0:02:12  0:01:08  0:01:04  654k 52 64.2M    0     0   52 33.9M      0   500k  0:02:11  0:01:09  0:01:02  652k 53 64.2M    0     0   53 34.2M      0   498k  0:02:12  0:01:10  0:01:02  606k 54 64.2M    0     0   54 34.9M      0   500k  0:02:11  0:01:11  0:01:00  595k 55 64.2M    0     0   55 35.5M      0   502k  0:02:10  0:01:12  0:00:58  598k 55 64.2M    0     0   55 35.8M      0   499k  0:02:11  0:01:13  0:00:58  510k 56 64.2M    0     0   56 36.4M      0   501k  0:02:11  0:01:14  0:00:57  520k 57 64.2M    0     0   57 37.1M      0   503k  0:02:10  0:01:15  0:00:55  581k 58 64.2M    0     0   58 37.7M      0   505k  0:02:10  0:01:16  0:00:54  575k 59 64.2M    0     0   59 38.1M      0   504k  0:02:10  0:01:17  0:00:53  528k 60 64.2M    0     0   60 38.8M      0   506k  0:02:09  0:01:18  0:00:51  620k 61 64.2M    0     0   61 39.5M      0   509k  0:02:09  0:01:19  0:00:50  623k 62 64.2M    0     0   62 40.1M      0   511k  0:02:08  0:01:20  0:00:48  626k 63 64.2M    0     0   63 40.8M      0   513k  0:02:08  0:01:21  0:00:47  637k 64 64.2M    0     0   64 41.3M      0   513k  0:02:08  0:01:22  0:00:46  661k 65 64.2M    0     0   65 42.0M      0   516k  0:02:07  0:01:23  0:00:44  663k 66 64.2M    0     0   66 42.4M      0   514k  0:02:07  0:01:24  0:00:43  600k 67 64.2M    0     0   67 43.0M      0   516k  0:02:07  0:01:25  0:00:42  602k 67 64.2M    0     0   67 43.5M      0   515k  0:02:07  0:01:26  0:00:41  550k 68 64.2M    0     0   68 44.0M      0   515k  0:02:07  0:01:27  0:00:40  536k 69 64.2M    0     0   69 44.7M      0   517k  0:02:07  0:01:28  0:00:39  542k 70 64.2M    0     0   70 45.3M      0   519k  0:02:06  0:01:29  0:00:37  606k 71 64.2M    0     0   71 45.8M      0   518k  0:02:06  0:01:30  0:00:36  556k 72 64.2M    0     0   72 46.4M      0   519k  0:02:06  0:01:31  0:00:35  592k 73 64.2M    0     0   73 47.0M      0   520k  0:02:06  0:01:32  0:00:34  617k 74 64.2M    0     0   74 47.7M      0   523k  0:02:05  0:01:33  0:00:32  617k 75 64.2M    0     0   75 48.4M      0   525k  0:02:05  0:01:34  0:00:31  619k 76 64.2M    0     0   76 49.0M      0   526k  0:02:05  0:01:35  0:00:30  658k 77 64.2M    0     0   77 49.6M      0   527k  0:02:04  0:01:36  0:00:28  665k 77 64.2M    0     0   77 50.0M      0   525k  0:02:05  0:01:37  0:00:28  610k 78 64.2M    0     0   78 50.4M      0   524k  0:02:05  0:01:38  0:00:27  552k 79 64.2M    0     0   79 50.7M      0   522k  0:02:05  0:01:39  0:00:26  483k 80 64.2M    0     0   80 51.4M      0   524k  0:02:05  0:01:40  0:00:25  489k 81 64.2M    0     0   81 52.1M      0   526k  0:02:05  0:01:41  0:00:24  501k 82 64.2M    0     0   82 52.7M      0   527k  0:02:04  0:01:42  0:00:22  566k 82 64.2M    0     0   82 53.2M      0   527k  0:02:04  0:01:43  0:00:21  575k 83 64.2M    0     0   83 53.8M      0   527k  0:02:04  0:01:44  0:00:20  618k 84 64.2M    0     0   84 54.4M      0   528k  0:02:04  0:01:45  0:00:19  612k 85 64.2M    0     0   85 55.0M      0   529k  0:02:04  0:01:46  0:00:18  610k 86 64.2M    0     0   86 55.7M      0   531k  0:02:03  0:01:47  0:00:16  618k 87 64.2M    0     0   87 56.4M      0   533k  0:02:03  0:01:48  0:00:15  661k 88 64.2M    0     0   88 57.1M      0   534k  0:02:03  0:01:49  0:00:14  677k 89 64.2M    0     0   89 57.5M      0   533k  0:02:03  0:01:50  0:00:13  634k 90 64.2M    0     0   90 58.1M      0   534k  0:02:03  0:01:51  0:00:12  630k 91 64.2M    0     0   91 58.8M      0   535k  0:02:02  0:01:52  0:00:10  627k 92 64.2M    0     0   92 59.4M      0   536k  0:02:02  0:01:53  0:00:09  608k 93 64.2M    0     0   93 60.0M      0   536k  0:02:02  0:01:54  0:00:08  592k 94 64.2M    0     0   94 60.5M      0   537k  0:02:02  0:01:55  0:00:07  628k 95 64.2M    0     0   95 61.1M      0   538k  0:02:02  0:01:56  0:00:06  616k 96 64.2M    0     0   96 61.8M      0   539k  0:02:01  0:01:57  0:00:04  616k 97 64.2M    0     0   97 62.5M      0   540k  0:02:01  0:01:58  0:00:03  631k 98 64.2M    0     0   98 63.2M      0   542k  0:02:01  0:01:59  0:00:02  661k 99 64.2M    0     0   99 63.8M      0   542k  0:02:01  0:02:00  0:00:01  665k100 64.2M    0     0  100 64.2M      0   539k  0:02:02  0:02:02 --:--:--  562k100 64.2M    0     0  100 64.2M      0   539k  0:02:02  0:02:02 --:--:--  533k
