27453036
curl --location --header x-amz-auto-make-bucket:1 --header x-archive-ignore-preexisting-bucket:1 --header x-archive-queue-derive:0 --header x-archive-meta-mediatype:texts --header x-archive-meta03-collection:emory --header x-archive-meta01-collection:americanmethodism --header x-archive-meta-sponsor:Emory University, Pitts Theology Library --header x-archive-meta-contributor:Emory University, Pitts Theology Library --header x-archive-meta-ppi:300 --header authorization: LOW fpJYfLnxbLmCEHqU:JQbq6NgBaPrSh98Y --upload-file /mnt/lsdi/ocm27453036/ocm27453036/ocm27453036_MRC.xml http://s3.us.archive.org/27453036.emory.edu/27453036.emory.edu_marc.xml
  % Total    % Received % Xferd  Average Speed   Time    Time     Time  Current
                                 Dload  Upload   Total   Spent    Left  Speed
  0     0    0     0    0     0      0      0 --:--:-- --:--:-- --:--:--     0  0  2939    0     0    0     0      0      0 --:--:--  0:00:01 --:--:--     0100  2939    0     0  100  2939      0   1587  0:00:01  0:00:01 --:--:--  1653100  2939    0     0  100  2939      0   1587  0:00:01  0:00:01 --:--:--  1653
zip -r /temp/ocm27453036_images.zip /mnt/lsdi/ocm27453036/ocm27453036/Output/0001.tif /mnt/lsdi/ocm27453036/ocm27453036/Output/0002.tif /mnt/lsdi/ocm27453036/ocm27453036/Output/0003.tif /mnt/lsdi/ocm27453036/ocm27453036/Output/0004.tif /mnt/lsdi/ocm27453036/ocm27453036/Output/0005.tif /mnt/lsdi/ocm27453036/ocm27453036/Output/0006.tif /mnt/lsdi/ocm27453036/ocm27453036/Output/0007.tif /mnt/lsdi/ocm27453036/ocm27453036/Output/0008.tif /mnt/lsdi/ocm27453036/ocm27453036/Output/0009.tif /mnt/lsdi/ocm27453036/ocm27453036/Output/0010.tif /mnt/lsdi/ocm27453036/ocm27453036/Output/0011.tif /mnt/lsdi/ocm27453036/ocm27453036/Output/0012.tif /mnt/lsdi/ocm27453036/ocm27453036/Output/0013.tif /mnt/lsdi/ocm27453036/ocm27453036/Output/0014.tif /mnt/lsdi/ocm27453036/ocm27453036/Output/0015.tif /mnt/lsdi/ocm27453036/ocm27453036/Output/0016.tif /mnt/lsdi/ocm27453036/ocm27453036/Output/0017.tif /mnt/lsdi/ocm27453036/ocm27453036/Output/0018.tif /mnt/lsdi/ocm27453036/ocm27453036/Output/0019.tif /mnt/lsdi/ocm27453036/ocm27453036/Output/0020.tif /mnt/lsdi/ocm27453036/ocm27453036/Output/0021.tif /mnt/lsdi/ocm27453036/ocm27453036/Output/0022.tif /mnt/lsdi/ocm27453036/ocm27453036/Output/0023.tif /mnt/lsdi/ocm27453036/ocm27453036/Output/0024.tif /mnt/lsdi/ocm27453036/ocm27453036/Output/0025.tif /mnt/lsdi/ocm27453036/ocm27453036/Output/0026.tif /mnt/lsdi/ocm27453036/ocm27453036/Output/0027.tif /mnt/lsdi/ocm27453036/ocm27453036/Output/0028.tif /mnt/lsdi/ocm27453036/ocm27453036/Output/0029.tif /mnt/lsdi/ocm27453036/ocm27453036/Output/0030.tif /mnt/lsdi/ocm27453036/ocm27453036/Output/0033.tif /mnt/lsdi/ocm27453036/ocm27453036/Output/0034.tif /mnt/lsdi/ocm27453036/ocm27453036/Output/0035.tif /mnt/lsdi/ocm27453036/ocm27453036/Output/0036.tif /mnt/lsdi/ocm27453036/ocm27453036/Output/0037.tif /mnt/lsdi/ocm27453036/ocm27453036/Output/0038.tif /mnt/lsdi/ocm27453036/ocm27453036/Output/0039.tif /mnt/lsdi/ocm27453036/ocm27453036/Output/0040.tif /mnt/lsdi/ocm27453036/ocm27453036/Output/0041.tif /mnt/lsdi/ocm27453036/ocm27453036/Output/0042.tif /mnt/lsdi/ocm27453036/ocm27453036/Output/0043.tif /mnt/lsdi/ocm27453036/ocm27453036/Output/0044.tif /mnt/lsdi/ocm27453036/ocm27453036/Output/0045.tif /mnt/lsdi/ocm27453036/ocm27453036/Output/0046.tif /mnt/lsdi/ocm27453036/ocm27453036/Output/0047.tif /mnt/lsdi/ocm27453036/ocm27453036/Output/0048.tif /mnt/lsdi/ocm27453036/ocm27453036/Output/0049.tif /mnt/lsdi/ocm27453036/ocm27453036/Output/0050.tif /mnt/lsdi/ocm27453036/ocm27453036/Output/0051.tif /mnt/lsdi/ocm27453036/ocm27453036/Output/0052.tif /mnt/lsdi/ocm27453036/ocm27453036/Output/Copy of 0052.tif /mnt/lsdi/ocm27453036/ocm27453036/Output/Copy of Copy of 0052.tif
  adding: mnt/lsdi/ocm27453036/ocm27453036/Output/0001.tif (deflated 84%)
  adding: mnt/lsdi/ocm27453036/ocm27453036/Output/0002.tif (deflated 6%)
  adding: mnt/lsdi/ocm27453036/ocm27453036/Output/0003.tif (deflated 84%)
  adding: mnt/lsdi/ocm27453036/ocm27453036/Output/0004.tif (deflated 4%)
  adding: mnt/lsdi/ocm27453036/ocm27453036/Output/0005.tif (deflated 3%)
  adding: mnt/lsdi/ocm27453036/ocm27453036/Output/0006.tif (deflated 3%)
  adding: mnt/lsdi/ocm27453036/ocm27453036/Output/0007.tif (deflated 3%)
  adding: mnt/lsdi/ocm27453036/ocm27453036/Output/0008.tif (deflated 3%)
  adding: mnt/lsdi/ocm27453036/ocm27453036/Output/0009.tif (deflated 3%)
  adding: mnt/lsdi/ocm27453036/ocm27453036/Output/0010.tif (deflated 3%)
  adding: mnt/lsdi/ocm27453036/ocm27453036/Output/0011.tif (deflated 3%)
  adding: mnt/lsdi/ocm27453036/ocm27453036/Output/0012.tif (deflated 3%)
  adding: mnt/lsdi/ocm27453036/ocm27453036/Output/0013.tif (deflated 3%)
  adding: mnt/lsdi/ocm27453036/ocm27453036/Output/0014.tif (deflated 3%)
  adding: mnt/lsdi/ocm27453036/ocm27453036/Output/0015.tif (deflated 3%)
  adding: mnt/lsdi/ocm27453036/ocm27453036/Output/0016.tif (deflated 3%)
  adding: mnt/lsdi/ocm27453036/ocm27453036/Output/0017.tif (deflated 3%)
  adding: mnt/lsdi/ocm27453036/ocm27453036/Output/0018.tif (deflated 3%)
  adding: mnt/lsdi/ocm27453036/ocm27453036/Output/0019.tif (deflated 3%)
  adding: mnt/lsdi/ocm27453036/ocm27453036/Output/0020.tif (deflated 3%)
  adding: mnt/lsdi/ocm27453036/ocm27453036/Output/0021.tif (deflated 3%)
  adding: mnt/lsdi/ocm27453036/ocm27453036/Output/0022.tif (deflated 3%)
  adding: mnt/lsdi/ocm27453036/ocm27453036/Output/0023.tif (deflated 3%)
  adding: mnt/lsdi/ocm27453036/ocm27453036/Output/0024.tif (deflated 3%)
  adding: mnt/lsdi/ocm27453036/ocm27453036/Output/0025.tif (deflated 3%)
  adding: mnt/lsdi/ocm27453036/ocm27453036/Output/0026.tif (deflated 3%)
  adding: mnt/lsdi/ocm27453036/ocm27453036/Output/0027.tif (deflated 3%)
  adding: mnt/lsdi/ocm27453036/ocm27453036/Output/0028.tif (deflated 3%)
  adding: mnt/lsdi/ocm27453036/ocm27453036/Output/0029.tif (deflated 3%)
  adding: mnt/lsdi/ocm27453036/ocm27453036/Output/0030.tif (deflated 3%)
  adding: mnt/lsdi/ocm27453036/ocm27453036/Output/0033.tif (deflated 3%)
  adding: mnt/lsdi/ocm27453036/ocm27453036/Output/0034.tif (deflated 3%)
  adding: mnt/lsdi/ocm27453036/ocm27453036/Output/0035.tif (deflated 3%)
  adding: mnt/lsdi/ocm27453036/ocm27453036/Output/0036.tif (deflated 3%)
  adding: mnt/lsdi/ocm27453036/ocm27453036/Output/0037.tif (deflated 3%)
  adding: mnt/lsdi/ocm27453036/ocm27453036/Output/0038.tif (deflated 3%)
  adding: mnt/lsdi/ocm27453036/ocm27453036/Output/0039.tif (deflated 3%)
  adding: mnt/lsdi/ocm27453036/ocm27453036/Output/0040.tif (deflated 3%)
  adding: mnt/lsdi/ocm27453036/ocm27453036/Output/0041.tif (deflated 3%)
  adding: mnt/lsdi/ocm27453036/ocm27453036/Output/0042.tif (deflated 3%)
  adding: mnt/lsdi/ocm27453036/ocm27453036/Output/0043.tif (deflated 3%)
  adding: mnt/lsdi/ocm27453036/ocm27453036/Output/0044.tif (deflated 3%)
  adding: mnt/lsdi/ocm27453036/ocm27453036/Output/0045.tif (deflated 3%)
  adding: mnt/lsdi/ocm27453036/ocm27453036/Output/0046.tif (deflated 3%)
  adding: mnt/lsdi/ocm27453036/ocm27453036/Output/0047.tif (deflated 3%)
  adding: mnt/lsdi/ocm27453036/ocm27453036/Output/0048.tif (deflated 3%)
  adding: mnt/lsdi/ocm27453036/ocm27453036/Output/0049.tif (deflated 3%)
  adding: mnt/lsdi/ocm27453036/ocm27453036/Output/0050.tif (deflated 3%)
  adding: mnt/lsdi/ocm27453036/ocm27453036/Output/0051.tif (deflated 4%)
  adding: mnt/lsdi/ocm27453036/ocm27453036/Output/0052.tif (deflated 84%)
  adding: mnt/lsdi/ocm27453036/ocm27453036/Output/Copy of 0052.tif (deflated 84%)
  adding: mnt/lsdi/ocm27453036/ocm27453036/Output/Copy of Copy of 0052.tif (deflated 84%)
curl --location --header authorization: LOW fpJYfLnxbLmCEHqU:JQbq6NgBaPrSh98Y --upload-file /temp/ocm27453036_images.zip http://s3.us.archive.org/27453036.emory.edu/27453036_images.zip
  % Total    % Received % Xferd  Average Speed   Time    Time     Time  Current
                                 Dload  Upload   Total   Spent    Left  Speed
  0     0    0     0    0     0      0      0 --:--:-- --:--:-- --:--:--     0  0 3144k    0     0    0     0      0      0 --:--:--  0:00:01 --:--:--     0  1 3144k    0     0    1 32768      0  28577  0:01:52  0:00:01  0:01:51 30595 30 3144k    0     0   30  960k      0   451k  0:00:06  0:00:02  0:00:04  468k 57 3144k    0     0   57 1808k      0   581k  0:00:05  0:00:03  0:00:02  596k 85 3144k    0     0   85 2688k      0   652k  0:00:04  0:00:04 --:--:--  665k100 3144k    0     0  100 3144k      0   557k  0:00:05  0:00:05 --:--:--  689k100 3144k    0     0  100 3144k      0   545k  0:00:05  0:00:05 --:--:--  673k
