27309289
curl --location --header x-amz-auto-make-bucket:1 --header x-archive-ignore-preexisting-bucket:1 --header x-archive-queue-derive:0 --header x-archive-meta-mediatype:texts --header x-archive-meta03-collection:emory --header x-archive-meta01-collection:americanmethodism --header x-archive-meta-sponsor:Emory University, Pitts Theology Library --header x-archive-meta-contributor:Emory University, Pitts Theology Library --header x-archive-meta-ppi:300 --header authorization: LOW fpJYfLnxbLmCEHqU:JQbq6NgBaPrSh98Y --upload-file /mnt/lsdi/ocm27309289/ocm27309289/ocm27309289_MRC.xml http://s3.us.archive.org/27309289.emory.edu/27309289.emory.edu_marc.xml
  % Total    % Received % Xferd  Average Speed   Time    Time     Time  Current
                                 Dload  Upload   Total   Spent    Left  Speed
  0     0    0     0    0     0      0      0 --:--:-- --:--:-- --:--:--     0  0  2782    0     0    0     0      0      0 --:--:--  0:00:01 --:--:--     0100  2782    0     0  100  2782      0   1331  0:00:02  0:00:02 --:--:--  1382100  2782    0     0  100  2782      0    744  0:00:03  0:00:03 --:--:--   760100  2782    0     0  100  2782      0    587  0:00:04  0:00:04 --:--:--   596100  2782    0     0  100  2782      0    484  0:00:05  0:00:05 --:--:--   491100  2782    0     0  100  2782      0    412  0:00:06  0:00:06 --:--:--   491100  2782    0     0  100  2782      0    359  0:00:07  0:00:07 --:--:--     0100  2782    0     0  100  2782      0    318  0:00:08  0:00:08 --:--:--     0100  2782    0     0  100  2782      0    316  0:00:08  0:00:08 --:--:--     0
zip -r /temp/ocm27309289_images.zip /mnt/lsdi/ocm27309289/ocm27309289/Output/0001.tif /mnt/lsdi/ocm27309289/ocm27309289/Output/0002.tif /mnt/lsdi/ocm27309289/ocm27309289/Output/0003.tif /mnt/lsdi/ocm27309289/ocm27309289/Output/0004.tif /mnt/lsdi/ocm27309289/ocm27309289/Output/0005.tif /mnt/lsdi/ocm27309289/ocm27309289/Output/0006.tif /mnt/lsdi/ocm27309289/ocm27309289/Output/0007.tif /mnt/lsdi/ocm27309289/ocm27309289/Output/0008.tif /mnt/lsdi/ocm27309289/ocm27309289/Output/0009.tif /mnt/lsdi/ocm27309289/ocm27309289/Output/0010.tif /mnt/lsdi/ocm27309289/ocm27309289/Output/0011.tif /mnt/lsdi/ocm27309289/ocm27309289/Output/0012.tif /mnt/lsdi/ocm27309289/ocm27309289/Output/0013.tif /mnt/lsdi/ocm27309289/ocm27309289/Output/0013a.tif /mnt/lsdi/ocm27309289/ocm27309289/Output/0013b.tif /mnt/lsdi/ocm27309289/ocm27309289/Output/0014c.tif /mnt/lsdi/ocm27309289/ocm27309289/Output/0014d.tif /mnt/lsdi/ocm27309289/ocm27309289/Output/0014e.tif /mnt/lsdi/ocm27309289/ocm27309289/Output/0015.tif /mnt/lsdi/ocm27309289/ocm27309289/Output/0016.tif /mnt/lsdi/ocm27309289/ocm27309289/Output/0016a.tif /mnt/lsdi/ocm27309289/ocm27309289/Output/0017.tif /mnt/lsdi/ocm27309289/ocm27309289/Output/0018.tif /mnt/lsdi/ocm27309289/ocm27309289/Output/0019.tif /mnt/lsdi/ocm27309289/ocm27309289/Output/0020.tif /mnt/lsdi/ocm27309289/ocm27309289/Output/0021.tif /mnt/lsdi/ocm27309289/ocm27309289/Output/0022.tif /mnt/lsdi/ocm27309289/ocm27309289/Output/0023.tif /mnt/lsdi/ocm27309289/ocm27309289/Output/0024.tif /mnt/lsdi/ocm27309289/ocm27309289/Output/0025.tif /mnt/lsdi/ocm27309289/ocm27309289/Output/0026.tif /mnt/lsdi/ocm27309289/ocm27309289/Output/0027.tif /mnt/lsdi/ocm27309289/ocm27309289/Output/0028.tif /mnt/lsdi/ocm27309289/ocm27309289/Output/0029.tif /mnt/lsdi/ocm27309289/ocm27309289/Output/0030.tif /mnt/lsdi/ocm27309289/ocm27309289/Output/0031.tif /mnt/lsdi/ocm27309289/ocm27309289/Output/0032.tif /mnt/lsdi/ocm27309289/ocm27309289/Output/0033.tif /mnt/lsdi/ocm27309289/ocm27309289/Output/0034.tif /mnt/lsdi/ocm27309289/ocm27309289/Output/0035.tif /mnt/lsdi/ocm27309289/ocm27309289/Output/0036.tif /mnt/lsdi/ocm27309289/ocm27309289/Output/0037.tif /mnt/lsdi/ocm27309289/ocm27309289/Output/0038.tif /mnt/lsdi/ocm27309289/ocm27309289/Output/0039.tif /mnt/lsdi/ocm27309289/ocm27309289/Output/0040.tif /mnt/lsdi/ocm27309289/ocm27309289/Output/0041.tif /mnt/lsdi/ocm27309289/ocm27309289/Output/0042.tif /mnt/lsdi/ocm27309289/ocm27309289/Output/0043.tif /mnt/lsdi/ocm27309289/ocm27309289/Output/0044.tif /mnt/lsdi/ocm27309289/ocm27309289/Output/0045.tif /mnt/lsdi/ocm27309289/ocm27309289/Output/0046.tif /mnt/lsdi/ocm27309289/ocm27309289/Output/0047.tif /mnt/lsdi/ocm27309289/ocm27309289/Output/0048.tif /mnt/lsdi/ocm27309289/ocm27309289/Output/0049.tif /mnt/lsdi/ocm27309289/ocm27309289/Output/0050.tif /mnt/lsdi/ocm27309289/ocm27309289/Output/0051.tif /mnt/lsdi/ocm27309289/ocm27309289/Output/0052.tif /mnt/lsdi/ocm27309289/ocm27309289/Output/0053.tif /mnt/lsdi/ocm27309289/ocm27309289/Output/0054.tif /mnt/lsdi/ocm27309289/ocm27309289/Output/0055.tif /mnt/lsdi/ocm27309289/ocm27309289/Output/0056.tif /mnt/lsdi/ocm27309289/ocm27309289/Output/0057.tif /mnt/lsdi/ocm27309289/ocm27309289/Output/0058.tif /mnt/lsdi/ocm27309289/ocm27309289/Output/0059.tif /mnt/lsdi/ocm27309289/ocm27309289/Output/0060.tif /mnt/lsdi/ocm27309289/ocm27309289/Output/0061.tif /mnt/lsdi/ocm27309289/ocm27309289/Output/0062.tif /mnt/lsdi/ocm27309289/ocm27309289/Output/0063.tif /mnt/lsdi/ocm27309289/ocm27309289/Output/0064.tif /mnt/lsdi/ocm27309289/ocm27309289/Output/0065.tif /mnt/lsdi/ocm27309289/ocm27309289/Output/0066.tif /mnt/lsdi/ocm27309289/ocm27309289/Output/0067.tif /mnt/lsdi/ocm27309289/ocm27309289/Output/0068.tif /mnt/lsdi/ocm27309289/ocm27309289/Output/0069.tif /mnt/lsdi/ocm27309289/ocm27309289/Output/0070.tif /mnt/lsdi/ocm27309289/ocm27309289/Output/0071.tif /mnt/lsdi/ocm27309289/ocm27309289/Output/0072.tif /mnt/lsdi/ocm27309289/ocm27309289/Output/0073.tif /mnt/lsdi/ocm27309289/ocm27309289/Output/0074.tif /mnt/lsdi/ocm27309289/ocm27309289/Output/0075.tif /mnt/lsdi/ocm27309289/ocm27309289/Output/0076.tif /mnt/lsdi/ocm27309289/ocm27309289/Output/0077.tif /mnt/lsdi/ocm27309289/ocm27309289/Output/0078.tif /mnt/lsdi/ocm27309289/ocm27309289/Output/0079.tif /mnt/lsdi/ocm27309289/ocm27309289/Output/0080.tif /mnt/lsdi/ocm27309289/ocm27309289/Output/0081.tif /mnt/lsdi/ocm27309289/ocm27309289/Output/0082.tif /mnt/lsdi/ocm27309289/ocm27309289/Output/0083.tif /mnt/lsdi/ocm27309289/ocm27309289/Output/0084.tif /mnt/lsdi/ocm27309289/ocm27309289/Output/0085.tif /mnt/lsdi/ocm27309289/ocm27309289/Output/0086.tif /mnt/lsdi/ocm27309289/ocm27309289/Output/0087.tif /mnt/lsdi/ocm27309289/ocm27309289/Output/0088.tif /mnt/lsdi/ocm27309289/ocm27309289/Output/0089.tif /mnt/lsdi/ocm27309289/ocm27309289/Output/0090.tif /mnt/lsdi/ocm27309289/ocm27309289/Output/0091.tif /mnt/lsdi/ocm27309289/ocm27309289/Output/0092.tif /mnt/lsdi/ocm27309289/ocm27309289/Output/0093.tif /mnt/lsdi/ocm27309289/ocm27309289/Output/0094.tif /mnt/lsdi/ocm27309289/ocm27309289/Output/014a.tif /mnt/lsdi/ocm27309289/ocm27309289/Output/014b.tif /mnt/lsdi/ocm27309289/ocm27309289/Output/016b.tif /mnt/lsdi/ocm27309289/ocm27309289/Output/018a.tif /mnt/lsdi/ocm27309289/ocm27309289/Output/018b.tif /mnt/lsdi/ocm27309289/ocm27309289/Output/018c.tif /mnt/lsdi/ocm27309289/ocm27309289/Output/018d.tif /mnt/lsdi/ocm27309289/ocm27309289/Output/022a.tif /mnt/lsdi/ocm27309289/ocm27309289/Output/022b.tif /mnt/lsdi/ocm27309289/ocm27309289/Output/024a.tif /mnt/lsdi/ocm27309289/ocm27309289/Output/024b.tif /mnt/lsdi/ocm27309289/ocm27309289/Output/026a.tif /mnt/lsdi/ocm27309289/ocm27309289/Output/026b.tif /mnt/lsdi/ocm27309289/ocm27309289/Output/032a.tif /mnt/lsdi/ocm27309289/ocm27309289/Output/032b.tif
  adding: mnt/lsdi/ocm27309289/ocm27309289/Output/0001.tif (deflated 80%)
  adding: mnt/lsdi/ocm27309289/ocm27309289/Output/0002.tif (deflated 5%)
  adding: mnt/lsdi/ocm27309289/ocm27309289/Output/0003.tif (deflated 80%)
  adding: mnt/lsdi/ocm27309289/ocm27309289/Output/0004.tif (deflated 5%)
  adding: mnt/lsdi/ocm27309289/ocm27309289/Output/0005.tif (deflated 80%)
  adding: mnt/lsdi/ocm27309289/ocm27309289/Output/0006.tif (deflated 5%)
  adding: mnt/lsdi/ocm27309289/ocm27309289/Output/0007.tif (deflated 4%)
  adding: mnt/lsdi/ocm27309289/ocm27309289/Output/0008.tif (deflated 8%)
  adding: mnt/lsdi/ocm27309289/ocm27309289/Output/0009.tif (deflated 80%)
  adding: mnt/lsdi/ocm27309289/ocm27309289/Output/0010.tif (deflated 5%)
  adding: mnt/lsdi/ocm27309289/ocm27309289/Output/0011.tif (deflated 3%)
  adding: mnt/lsdi/ocm27309289/ocm27309289/Output/0012.tif (deflated 4%)
  adding: mnt/lsdi/ocm27309289/ocm27309289/Output/0013.tif (deflated 4%)
  adding: mnt/lsdi/ocm27309289/ocm27309289/Output/0013a.tif (deflated 4%)
  adding: mnt/lsdi/ocm27309289/ocm27309289/Output/0013b.tif (deflated 3%)
  adding: mnt/lsdi/ocm27309289/ocm27309289/Output/0014c.tif (deflated 4%)
  adding: mnt/lsdi/ocm27309289/ocm27309289/Output/0014d.tif (deflated 3%)
  adding: mnt/lsdi/ocm27309289/ocm27309289/Output/0014e.tif (deflated 4%)
  adding: mnt/lsdi/ocm27309289/ocm27309289/Output/0015.tif (deflated 4%)
  adding: mnt/lsdi/ocm27309289/ocm27309289/Output/0016.tif (deflated 4%)
  adding: mnt/lsdi/ocm27309289/ocm27309289/Output/0016a.tif (deflated 5%)
  adding: mnt/lsdi/ocm27309289/ocm27309289/Output/0017.tif (deflated 3%)
  adding: mnt/lsdi/ocm27309289/ocm27309289/Output/0018.tif (deflated 4%)
  adding: mnt/lsdi/ocm27309289/ocm27309289/Output/0019.tif (deflated 4%)
  adding: mnt/lsdi/ocm27309289/ocm27309289/Output/0020.tif (deflated 4%)
  adding: mnt/lsdi/ocm27309289/ocm27309289/Output/0021.tif (deflated 4%)
  adding: mnt/lsdi/ocm27309289/ocm27309289/Output/0022.tif (deflated 4%)
  adding: mnt/lsdi/ocm27309289/ocm27309289/Output/0023.tif (deflated 3%)
  adding: mnt/lsdi/ocm27309289/ocm27309289/Output/0024.tif (deflated 4%)
  adding: mnt/lsdi/ocm27309289/ocm27309289/Output/0025.tif (deflated 3%)
  adding: mnt/lsdi/ocm27309289/ocm27309289/Output/0026.tif (deflated 4%)
  adding: mnt/lsdi/ocm27309289/ocm27309289/Output/0027.tif (deflated 4%)
  adding: mnt/lsdi/ocm27309289/ocm27309289/Output/0028.tif (deflated 4%)
  adding: mnt/lsdi/ocm27309289/ocm27309289/Output/0029.tif (deflated 3%)
  adding: mnt/lsdi/ocm27309289/ocm27309289/Output/0030.tif (deflated 4%)
  adding: mnt/lsdi/ocm27309289/ocm27309289/Output/0031.tif (deflated 4%)
  adding: mnt/lsdi/ocm27309289/ocm27309289/Output/0032.tif (deflated 4%)
  adding: mnt/lsdi/ocm27309289/ocm27309289/Output/0033.tif (deflated 3%)
  adding: mnt/lsdi/ocm27309289/ocm27309289/Output/0034.tif (deflated 4%)
  adding: mnt/lsdi/ocm27309289/ocm27309289/Output/0035.tif (deflated 3%)
  adding: mnt/lsdi/ocm27309289/ocm27309289/Output/0036.tif (deflated 4%)
  adding: mnt/lsdi/ocm27309289/ocm27309289/Output/0037.tif (deflated 4%)
  adding: mnt/lsdi/ocm27309289/ocm27309289/Output/0038.tif (deflated 4%)
  adding: mnt/lsdi/ocm27309289/ocm27309289/Output/0039.tif (deflated 4%)
  adding: mnt/lsdi/ocm27309289/ocm27309289/Output/0040.tif (deflated 4%)
  adding: mnt/lsdi/ocm27309289/ocm27309289/Output/0041.tif (deflated 4%)
  adding: mnt/lsdi/ocm27309289/ocm27309289/Output/0042.tif (deflated 4%)
  adding: mnt/lsdi/ocm27309289/ocm27309289/Output/0043.tif (deflated 4%)
  adding: mnt/lsdi/ocm27309289/ocm27309289/Output/0044.tif (deflated 4%)
  adding: mnt/lsdi/ocm27309289/ocm27309289/Output/0045.tif (deflated 4%)
  adding: mnt/lsdi/ocm27309289/ocm27309289/Output/0046.tif (deflated 4%)
  adding: mnt/lsdi/ocm27309289/ocm27309289/Output/0047.tif (deflated 4%)
  adding: mnt/lsdi/ocm27309289/ocm27309289/Output/0048.tif (deflated 4%)
  adding: mnt/lsdi/ocm27309289/ocm27309289/Output/0049.tif (deflated 4%)
  adding: mnt/lsdi/ocm27309289/ocm27309289/Output/0050.tif (deflated 3%)
  adding: mnt/lsdi/ocm27309289/ocm27309289/Output/0051.tif (deflated 4%)
  adding: mnt/lsdi/ocm27309289/ocm27309289/Output/0052.tif (deflated 5%)
  adding: mnt/lsdi/ocm27309289/ocm27309289/Output/0053.tif (deflated 4%)
  adding: mnt/lsdi/ocm27309289/ocm27309289/Output/0054.tif (deflated 4%)
  adding: mnt/lsdi/ocm27309289/ocm27309289/Output/0055.tif (deflated 4%)
  adding: mnt/lsdi/ocm27309289/ocm27309289/Output/0056.tif (deflated 3%)
  adding: mnt/lsdi/ocm27309289/ocm27309289/Output/0057.tif (deflated 3%)
  adding: mnt/lsdi/ocm27309289/ocm27309289/Output/0058.tif (deflated 3%)
  adding: mnt/lsdi/ocm27309289/ocm27309289/Output/0059.tif (deflated 4%)
  adding: mnt/lsdi/ocm27309289/ocm27309289/Output/0060.tif (deflated 3%)
  adding: mnt/lsdi/ocm27309289/ocm27309289/Output/0061.tif (deflated 4%)
  adding: mnt/lsdi/ocm27309289/ocm27309289/Output/0062.tif (deflated 4%)
  adding: mnt/lsdi/ocm27309289/ocm27309289/Output/0063.tif (deflated 3%)
  adding: mnt/lsdi/ocm27309289/ocm27309289/Output/0064.tif (deflated 3%)
  adding: mnt/lsdi/ocm27309289/ocm27309289/Output/0065.tif (deflated 4%)
  adding: mnt/lsdi/ocm27309289/ocm27309289/Output/0066.tif (deflated 3%)
  adding: mnt/lsdi/ocm27309289/ocm27309289/Output/0067.tif (deflated 4%)
  adding: mnt/lsdi/ocm27309289/ocm27309289/Output/0068.tif (deflated 3%)
  adding: mnt/lsdi/ocm27309289/ocm27309289/Output/0069.tif (deflated 4%)
  adding: mnt/lsdi/ocm27309289/ocm27309289/Output/0070.tif (deflated 5%)
  adding: mnt/lsdi/ocm27309289/ocm27309289/Output/0071.tif (deflated 4%)
  adding: mnt/lsdi/ocm27309289/ocm27309289/Output/0072.tif (deflated 3%)
  adding: mnt/lsdi/ocm27309289/ocm27309289/Output/0073.tif (deflated 4%)
  adding: mnt/lsdi/ocm27309289/ocm27309289/Output/0074.tif (deflated 4%)
  adding: mnt/lsdi/ocm27309289/ocm27309289/Output/0075.tif (deflated 4%)
  adding: mnt/lsdi/ocm27309289/ocm27309289/Output/0076.tif (deflated 4%)
  adding: mnt/lsdi/ocm27309289/ocm27309289/Output/0077.tif (deflated 4%)
  adding: mnt/lsdi/ocm27309289/ocm27309289/Output/0078.tif (deflated 4%)
  adding: mnt/lsdi/ocm27309289/ocm27309289/Output/0079.tif (deflated 4%)
  adding: mnt/lsdi/ocm27309289/ocm27309289/Output/0080.tif (deflated 2%)
  adding: mnt/lsdi/ocm27309289/ocm27309289/Output/0081.tif (deflated 3%)
  adding: mnt/lsdi/ocm27309289/ocm27309289/Output/0082.tif (deflated 3%)
  adding: mnt/lsdi/ocm27309289/ocm27309289/Output/0083.tif (deflated 3%)
  adding: mnt/lsdi/ocm27309289/ocm27309289/Output/0084.tif (deflated 4%)
  adding: mnt/lsdi/ocm27309289/ocm27309289/Output/0085.tif (deflated 4%)
  adding: mnt/lsdi/ocm27309289/ocm27309289/Output/0086.tif (deflated 4%)
  adding: mnt/lsdi/ocm27309289/ocm27309289/Output/0087.tif (deflated 5%)
  adding: mnt/lsdi/ocm27309289/ocm27309289/Output/0088.tif (deflated 4%)
  adding: mnt/lsdi/ocm27309289/ocm27309289/Output/0089.tif (deflated 4%)
  adding: mnt/lsdi/ocm27309289/ocm27309289/Output/0090.tif (deflated 4%)
  adding: mnt/lsdi/ocm27309289/ocm27309289/Output/0091.tif (deflated 3%)
  adding: mnt/lsdi/ocm27309289/ocm27309289/Output/0092.tif (deflated 5%)
  adding: mnt/lsdi/ocm27309289/ocm27309289/Output/0093.tif (deflated 80%)
  adding: mnt/lsdi/ocm27309289/ocm27309289/Output/0094.tif (deflated 80%)
  adding: mnt/lsdi/ocm27309289/ocm27309289/Output/014a.tif (deflated 4%)
  adding: mnt/lsdi/ocm27309289/ocm27309289/Output/014b.tif (deflated 4%)
  adding: mnt/lsdi/ocm27309289/ocm27309289/Output/016b.tif (deflated 4%)
  adding: mnt/lsdi/ocm27309289/ocm27309289/Output/018a.tif (deflated 4%)
  adding: mnt/lsdi/ocm27309289/ocm27309289/Output/018b.tif (deflated 4%)
  adding: mnt/lsdi/ocm27309289/ocm27309289/Output/018c.tif (deflated 3%)
  adding: mnt/lsdi/ocm27309289/ocm27309289/Output/018d.tif (deflated 5%)
  adding: mnt/lsdi/ocm27309289/ocm27309289/Output/022a.tif (deflated 4%)
  adding: mnt/lsdi/ocm27309289/ocm27309289/Output/022b.tif (deflated 4%)
  adding: mnt/lsdi/ocm27309289/ocm27309289/Output/024a.tif (deflated 3%)
  adding: mnt/lsdi/ocm27309289/ocm27309289/Output/024b.tif (deflated 4%)
  adding: mnt/lsdi/ocm27309289/ocm27309289/Output/026a.tif (deflated 3%)
  adding: mnt/lsdi/ocm27309289/ocm27309289/Output/026b.tif (deflated 2%)
  adding: mnt/lsdi/ocm27309289/ocm27309289/Output/032a.tif (deflated 5%)
  adding: mnt/lsdi/ocm27309289/ocm27309289/Output/032b.tif (deflated 4%)
curl --location --header authorization: LOW fpJYfLnxbLmCEHqU:JQbq6NgBaPrSh98Y --upload-file /temp/ocm27309289_images.zip http://s3.us.archive.org/27309289.emory.edu/27309289_images.zip
  % Total    % Received % Xferd  Average Speed   Time    Time     Time  Current
                                 Dload  Upload   Total   Spent    Left  Speed
  0     0    0     0    0     0      0      0 --:--:-- --:--:-- --:--:--     0  0 3396k    0     0    0     0      0      0 --:--:--  0:00:01 --:--:--     0  3 3396k    0     0    3  112k      0  89459  0:00:38  0:00:01  0:00:37 95019 27 3396k    0     0   27  928k      0   406k  0:00:08  0:00:02  0:00:06  420k 49 3396k    0     0   49 1680k      0   512k  0:00:06  0:00:03  0:00:03  524k 71 3396k    0     0   71 2416k      0   564k  0:00:06  0:00:04  0:00:02  574k 92 3396k    0     0   92 3152k      0   596k  0:00:05  0:00:05 --:--:--  747k100 3396k    0     0  100 3396k      0   530k  0:00:06  0:00:06 --:--:--  641k100 3396k    0     0  100 3396k      0   530k  0:00:06  0:00:06 --:--:--  599k
