25602852
curl --location --header x-amz-auto-make-bucket:1 --header x-archive-ignore-preexisting-bucket:1 --header x-archive-queue-derive:0 --header x-archive-meta-mediatype:texts --header x-archive-meta03-collection:emory --header x-archive-meta01-collection:americanmethodism --header x-archive-meta-sponsor:Emory University, Pitts Theology Library --header x-archive-meta-contributor:Emory University, Pitts Theology Library --header x-archive-meta-ppi:300 --header authorization: LOW fpJYfLnxbLmCEHqU:JQbq6NgBaPrSh98Y --upload-file /mnt/lsdi/ocm25602852/ocm25602852/ocm25602852_MRC.xml http://s3.us.archive.org/25602852.emory.edu/25602852.emory.edu_marc.xml
  % Total    % Received % Xferd  Average Speed   Time    Time     Time  Current
                                 Dload  Upload   Total   Spent    Left  Speed
  0     0    0     0    0     0      0      0 --:--:-- --:--:-- --:--:--     0  0  2740    0     0    0     0      0      0 --:--:--  0:00:01 --:--:--     0100  2740    0     0  100  2740      0   1307  0:00:02  0:00:02 --:--:--  1356100  2740    0     0  100  2740      0    723  0:00:03  0:00:03 --:--:--   738100  2740    0     0  100  2740      0    572  0:00:04  0:00:04 --:--:--   581100  2740    0     0  100  2740      0    473  0:00:05  0:00:05 --:--:--   479100  2740    0     0  100  2740      0    403  0:00:06  0:00:06 --:--:--   479100  2740    0     0  100  2740      0    351  0:00:07  0:00:07 --:--:--     0100  2740    0     0  100  2740      0    319  0:00:08  0:00:08 --:--:--     0100  2740    0     0  100  2740      0    319  0:00:08  0:00:08 --:--:--     0
zip -r /temp/ocm25602852_images.zip /mnt/lsdi/ocm25602852/ocm25602852/Output/_0001.tif /mnt/lsdi/ocm25602852/ocm25602852/Output/_0002.tif /mnt/lsdi/ocm25602852/ocm25602852/Output/_0003.tif /mnt/lsdi/ocm25602852/ocm25602852/Output/_0004.tif /mnt/lsdi/ocm25602852/ocm25602852/Output/_0005.tif /mnt/lsdi/ocm25602852/ocm25602852/Output/_0006.tif /mnt/lsdi/ocm25602852/ocm25602852/Output/_0007.tif /mnt/lsdi/ocm25602852/ocm25602852/Output/_0008.tif /mnt/lsdi/ocm25602852/ocm25602852/Output/_0009.tif /mnt/lsdi/ocm25602852/ocm25602852/Output/_0010.tif /mnt/lsdi/ocm25602852/ocm25602852/Output/_0011.tif /mnt/lsdi/ocm25602852/ocm25602852/Output/_0012.tif /mnt/lsdi/ocm25602852/ocm25602852/Output/_0013.tif /mnt/lsdi/ocm25602852/ocm25602852/Output/_0014.tif /mnt/lsdi/ocm25602852/ocm25602852/Output/_0015.tif /mnt/lsdi/ocm25602852/ocm25602852/Output/_0016.tif /mnt/lsdi/ocm25602852/ocm25602852/Output/_0017.tif /mnt/lsdi/ocm25602852/ocm25602852/Output/_0018.tif /mnt/lsdi/ocm25602852/ocm25602852/Output/_0019.tif /mnt/lsdi/ocm25602852/ocm25602852/Output/_0020.tif /mnt/lsdi/ocm25602852/ocm25602852/Output/_0021.tif /mnt/lsdi/ocm25602852/ocm25602852/Output/_0022.tif /mnt/lsdi/ocm25602852/ocm25602852/Output/_0023.tif /mnt/lsdi/ocm25602852/ocm25602852/Output/_0024.tif /mnt/lsdi/ocm25602852/ocm25602852/Output/_0025.tif /mnt/lsdi/ocm25602852/ocm25602852/Output/_0026.tif /mnt/lsdi/ocm25602852/ocm25602852/Output/_0027.tif /mnt/lsdi/ocm25602852/ocm25602852/Output/_0028.tif
  adding: mnt/lsdi/ocm25602852/ocm25602852/Output/_0001.tif (deflated 82%)
  adding: mnt/lsdi/ocm25602852/ocm25602852/Output/_0002.tif (deflated 9%)
  adding: mnt/lsdi/ocm25602852/ocm25602852/Output/_0003.tif (deflated 82%)
  adding: mnt/lsdi/ocm25602852/ocm25602852/Output/_0004.tif (deflated 5%)
  adding: mnt/lsdi/ocm25602852/ocm25602852/Output/_0005.tif (deflated 82%)
  adding: mnt/lsdi/ocm25602852/ocm25602852/Output/_0006.tif (deflated 3%)
  adding: mnt/lsdi/ocm25602852/ocm25602852/Output/_0007.tif (deflated 3%)
  adding: mnt/lsdi/ocm25602852/ocm25602852/Output/_0008.tif (deflated 3%)
  adding: mnt/lsdi/ocm25602852/ocm25602852/Output/_0009.tif (deflated 3%)
  adding: mnt/lsdi/ocm25602852/ocm25602852/Output/_0010.tif (deflated 3%)
  adding: mnt/lsdi/ocm25602852/ocm25602852/Output/_0011.tif (deflated 2%)
  adding: mnt/lsdi/ocm25602852/ocm25602852/Output/_0012.tif (deflated 3%)
  adding: mnt/lsdi/ocm25602852/ocm25602852/Output/_0013.tif (deflated 3%)
  adding: mnt/lsdi/ocm25602852/ocm25602852/Output/_0014.tif (deflated 3%)
  adding: mnt/lsdi/ocm25602852/ocm25602852/Output/_0015.tif (deflated 3%)
  adding: mnt/lsdi/ocm25602852/ocm25602852/Output/_0016.tif (deflated 3%)
  adding: mnt/lsdi/ocm25602852/ocm25602852/Output/_0017.tif (deflated 3%)
  adding: mnt/lsdi/ocm25602852/ocm25602852/Output/_0018.tif (deflated 3%)
  adding: mnt/lsdi/ocm25602852/ocm25602852/Output/_0019.tif (deflated 2%)
  adding: mnt/lsdi/ocm25602852/ocm25602852/Output/_0020.tif (deflated 3%)
  adding: mnt/lsdi/ocm25602852/ocm25602852/Output/_0021.tif (deflated 2%)
  adding: mnt/lsdi/ocm25602852/ocm25602852/Output/_0022.tif (deflated 3%)
  adding: mnt/lsdi/ocm25602852/ocm25602852/Output/_0023.tif (deflated 3%)
  adding: mnt/lsdi/ocm25602852/ocm25602852/Output/_0024.tif (deflated 3%)
  adding: mnt/lsdi/ocm25602852/ocm25602852/Output/_0025.tif (deflated 3%)
  adding: mnt/lsdi/ocm25602852/ocm25602852/Output/_0026.tif (deflated 3%)
  adding: mnt/lsdi/ocm25602852/ocm25602852/Output/_0027.tif (deflated 4%)
  adding: mnt/lsdi/ocm25602852/ocm25602852/Output/_0028.tif (deflated 82%)
curl --location --header authorization: LOW fpJYfLnxbLmCEHqU:JQbq6NgBaPrSh98Y --upload-file /temp/ocm25602852_images.zip http://s3.us.archive.org/25602852.emory.edu/25602852_images.zip
  % Total    % Received % Xferd  Average Speed   Time    Time     Time  Current
                                 Dload  Upload   Total   Spent    Left  Speed
  0     0    0     0    0     0      0      0 --:--:-- --:--:-- --:--:--     0  0  807k    0     0    0     0      0      0 --:--:-- --:--:-- --:--:--     0 45  807k    0     0   45  368k      0   271k  0:00:02  0:00:01  0:00:01  287k100  807k    0     0  100  807k      0   285k  0:00:02  0:00:02 --:--:--  292k100  807k    0     0  100  807k      0   285k  0:00:02  0:00:02 --:--:--  292k
