38919668
curl --location --header x-amz-auto-make-bucket:1 --header x-archive-ignore-preexisting-bucket:1 --header x-archive-queue-derive:0 --header x-archive-meta-mediatype:texts --header x-archive-meta03-collection:emory --header x-archive-meta01-collection:americanmethodism --header x-archive-meta-sponsor:Emory University, Pitts Theology Library --header x-archive-meta-contributor:Emory University, Pitts Theology Library --header x-archive-meta-ppi:300 --header authorization: LOW fpJYfLnxbLmCEHqU:JQbq6NgBaPrSh98Y --upload-file /mnt/lsdi/ocm38919668/ocm38919668/ocm38919668_MRC.xml http://s3.us.archive.org/38919668.emory.edu/38919668.emory.edu_marc.xml
  % Total    % Received % Xferd  Average Speed   Time    Time     Time  Current
                                 Dload  Upload   Total   Spent    Left  Speed
  0     0    0     0    0     0      0      0 --:--:-- --:--:-- --:--:--     0  0  3417    0     0    0     0      0      0 --:--:--  0:00:01 --:--:--     0100  3417    0     0  100  3417      0   1457  0:00:02  0:00:02 --:--:--  1705100  3417    0     0  100  3417      0   1094  0:00:03  0:00:03 --:--:--  1227100  3417    0     0  100  3417      0    828  0:00:04  0:00:04 --:--:--   902100  3417    0     0  100  3417      0    666  0:00:05  0:00:05 --:--:--   713100  3417    0     0  100  3417      0    557  0:00:06  0:00:06 --:--:--   713100  3417    0     0  100  3417      0    479  0:00:07  0:00:07 --:--:--     0100  3417    0     0  100  3417      0    420  0:00:08  0:00:08 --:--:--     0100  3417    0     0  100  3417      0    374  0:00:09  0:00:09 --:--:--     0100  3417    0     0  100  3417      0    337  0:00:10  0:00:10 --:--:--     0100  3417    0     0  100  3417      0    318  0:00:10  0:00:10 --:--:--     0
zip -r /temp/ocm38919668_images.zip /mnt/lsdi/ocm38919668/ocm38919668/Output/0001.tif /mnt/lsdi/ocm38919668/ocm38919668/Output/0002.tif /mnt/lsdi/ocm38919668/ocm38919668/Output/0003.tif /mnt/lsdi/ocm38919668/ocm38919668/Output/0004.tif /mnt/lsdi/ocm38919668/ocm38919668/Output/0005.tif /mnt/lsdi/ocm38919668/ocm38919668/Output/0006.tif /mnt/lsdi/ocm38919668/ocm38919668/Output/0007.tif /mnt/lsdi/ocm38919668/ocm38919668/Output/0008.tif /mnt/lsdi/ocm38919668/ocm38919668/Output/0009.tif /mnt/lsdi/ocm38919668/ocm38919668/Output/0010.tif /mnt/lsdi/ocm38919668/ocm38919668/Output/0011.tif /mnt/lsdi/ocm38919668/ocm38919668/Output/0012.tif /mnt/lsdi/ocm38919668/ocm38919668/Output/0013.tif /mnt/lsdi/ocm38919668/ocm38919668/Output/0014.tif /mnt/lsdi/ocm38919668/ocm38919668/Output/0015.tif /mnt/lsdi/ocm38919668/ocm38919668/Output/0016.tif /mnt/lsdi/ocm38919668/ocm38919668/Output/0017.tif /mnt/lsdi/ocm38919668/ocm38919668/Output/0018.tif /mnt/lsdi/ocm38919668/ocm38919668/Output/0019.tif /mnt/lsdi/ocm38919668/ocm38919668/Output/0020.tif /mnt/lsdi/ocm38919668/ocm38919668/Output/0021.tif /mnt/lsdi/ocm38919668/ocm38919668/Output/0022.tif /mnt/lsdi/ocm38919668/ocm38919668/Output/0023.tif /mnt/lsdi/ocm38919668/ocm38919668/Output/0024.tif /mnt/lsdi/ocm38919668/ocm38919668/Output/0025.tif /mnt/lsdi/ocm38919668/ocm38919668/Output/0026.tif /mnt/lsdi/ocm38919668/ocm38919668/Output/0027.tif /mnt/lsdi/ocm38919668/ocm38919668/Output/0028.tif /mnt/lsdi/ocm38919668/ocm38919668/Output/0029.tif /mnt/lsdi/ocm38919668/ocm38919668/Output/0030.tif
  adding: mnt/lsdi/ocm38919668/ocm38919668/Output/0001.tif (deflated 83%)
  adding: mnt/lsdi/ocm38919668/ocm38919668/Output/0002.tif (deflated 10%)
  adding: mnt/lsdi/ocm38919668/ocm38919668/Output/0003.tif (deflated 8%)
  adding: mnt/lsdi/ocm38919668/ocm38919668/Output/0004.tif (deflated 4%)
  adding: mnt/lsdi/ocm38919668/ocm38919668/Output/0005.tif (deflated 5%)
  adding: mnt/lsdi/ocm38919668/ocm38919668/Output/0006.tif (deflated 4%)
  adding: mnt/lsdi/ocm38919668/ocm38919668/Output/0007.tif (deflated 4%)
  adding: mnt/lsdi/ocm38919668/ocm38919668/Output/0008.tif (deflated 4%)
  adding: mnt/lsdi/ocm38919668/ocm38919668/Output/0009.tif (deflated 4%)
  adding: mnt/lsdi/ocm38919668/ocm38919668/Output/0010.tif (deflated 4%)
  adding: mnt/lsdi/ocm38919668/ocm38919668/Output/0011.tif (deflated 4%)
  adding: mnt/lsdi/ocm38919668/ocm38919668/Output/0012.tif (deflated 4%)
  adding: mnt/lsdi/ocm38919668/ocm38919668/Output/0013.tif (deflated 4%)
  adding: mnt/lsdi/ocm38919668/ocm38919668/Output/0014.tif (deflated 4%)
  adding: mnt/lsdi/ocm38919668/ocm38919668/Output/0015.tif (deflated 4%)
  adding: mnt/lsdi/ocm38919668/ocm38919668/Output/0016.tif (deflated 4%)
  adding: mnt/lsdi/ocm38919668/ocm38919668/Output/0017.tif (deflated 4%)
  adding: mnt/lsdi/ocm38919668/ocm38919668/Output/0018.tif (deflated 4%)
  adding: mnt/lsdi/ocm38919668/ocm38919668/Output/0019.tif (deflated 4%)
  adding: mnt/lsdi/ocm38919668/ocm38919668/Output/0020.tif (deflated 4%)
  adding: mnt/lsdi/ocm38919668/ocm38919668/Output/0021.tif (deflated 4%)
  adding: mnt/lsdi/ocm38919668/ocm38919668/Output/0022.tif (deflated 4%)
  adding: mnt/lsdi/ocm38919668/ocm38919668/Output/0023.tif (deflated 4%)
  adding: mnt/lsdi/ocm38919668/ocm38919668/Output/0024.tif (deflated 4%)
  adding: mnt/lsdi/ocm38919668/ocm38919668/Output/0025.tif (deflated 4%)
  adding: mnt/lsdi/ocm38919668/ocm38919668/Output/0026.tif (deflated 4%)
  adding: mnt/lsdi/ocm38919668/ocm38919668/Output/0027.tif (deflated 4%)
  adding: mnt/lsdi/ocm38919668/ocm38919668/Output/0028.tif (deflated 4%)
  adding: mnt/lsdi/ocm38919668/ocm38919668/Output/0029.tif (deflated 5%)
  adding: mnt/lsdi/ocm38919668/ocm38919668/Output/0030.tif (deflated 83%)
curl --location --header authorization: LOW fpJYfLnxbLmCEHqU:JQbq6NgBaPrSh98Y --upload-file /temp/ocm38919668_images.zip http://s3.us.archive.org/38919668.emory.edu/38919668_images.zip
  % Total    % Received % Xferd  Average Speed   Time    Time     Time  Current
                                 Dload  Upload   Total   Spent    Left  Speed
  0     0    0     0    0     0      0      0 --:--:-- --:--:-- --:--:--     0  0  923k    0     0    0     0      0      0 --:--:--  0:00:01 --:--:--     0 10  923k    0     0   10 98304      0  80415  0:00:11  0:00:01  0:00:10 85556 69  923k    0     0   69  640k      0   289k  0:00:03  0:00:02  0:00:01  298k100  923k    0     0  100  923k      0   260k  0:00:03  0:00:03 --:--:--  266k100  923k    0     0  100  923k      0   245k  0:00:03  0:00:03 --:--:--  250k
