32075764
curl --location --header x-amz-auto-make-bucket:1 --header x-archive-ignore-preexisting-bucket:1 --header x-archive-queue-derive:0 --header x-archive-meta-mediatype:texts --header x-archive-meta03-collection:emory --header x-archive-meta01-collection:americanmethodism --header x-archive-meta-sponsor:Emory University, Pitts Theology Library --header x-archive-meta-contributor:Emory University, Pitts Theology Library --header x-archive-meta-ppi:300 --header authorization: LOW fpJYfLnxbLmCEHqU:JQbq6NgBaPrSh98Y --upload-file /mnt/lsdi/ocm32075764/ocm32075764/ocm32075764_MRC.xml http://s3.us.archive.org/32075764.emory.edu/32075764.emory.edu_marc.xml
  % Total    % Received % Xferd  Average Speed   Time    Time     Time  Current
                                 Dload  Upload   Total   Spent    Left  Speed
  0     0    0     0    0     0      0      0 --:--:-- --:--:-- --:--:--     0  0  3004    0     0    0     0      0      0 --:--:--  0:00:01 --:--:--     0100  3004    0     0  100  3004      0   1434  0:00:02  0:00:02 --:--:--  1487100  3004    0     0  100  3004      0    807  0:00:03  0:00:03 --:--:--   823100  3004    0     0  100  3004      0    636  0:00:04  0:00:04 --:--:--   646100  3004    0     0  100  3004      0    524  0:00:05  0:00:05 --:--:--   531100  3004    0     0  100  3004      0    446  0:00:06  0:00:06 --:--:--   531100  3004    0     0  100  3004      0    388  0:00:07  0:00:07 --:--:--     0100  3004    0     0  100  3004      0    347  0:00:08  0:00:08 --:--:--     0100  3004    0     0  100  3004      0    347  0:00:08  0:00:08 --:--:--     0
zip -r /temp/ocm32075764_images.zip /mnt/lsdi/ocm32075764/ocm32075764/Output/0000.tif /mnt/lsdi/ocm32075764/ocm32075764/Output/0000a.tif /mnt/lsdi/ocm32075764/ocm32075764/Output/0001.tif /mnt/lsdi/ocm32075764/ocm32075764/Output/0002.tif /mnt/lsdi/ocm32075764/ocm32075764/Output/0003.tif /mnt/lsdi/ocm32075764/ocm32075764/Output/0004.tif /mnt/lsdi/ocm32075764/ocm32075764/Output/0005.tif /mnt/lsdi/ocm32075764/ocm32075764/Output/0006.tif /mnt/lsdi/ocm32075764/ocm32075764/Output/0007.tif /mnt/lsdi/ocm32075764/ocm32075764/Output/0008.tif /mnt/lsdi/ocm32075764/ocm32075764/Output/0009.tif /mnt/lsdi/ocm32075764/ocm32075764/Output/0010.tif /mnt/lsdi/ocm32075764/ocm32075764/Output/0011.tif /mnt/lsdi/ocm32075764/ocm32075764/Output/0012.tif /mnt/lsdi/ocm32075764/ocm32075764/Output/0013.tif /mnt/lsdi/ocm32075764/ocm32075764/Output/0014.tif /mnt/lsdi/ocm32075764/ocm32075764/Output/0015.tif /mnt/lsdi/ocm32075764/ocm32075764/Output/0016.tif /mnt/lsdi/ocm32075764/ocm32075764/Output/0017.tif /mnt/lsdi/ocm32075764/ocm32075764/Output/0018.tif /mnt/lsdi/ocm32075764/ocm32075764/Output/0019.tif /mnt/lsdi/ocm32075764/ocm32075764/Output/0020.tif /mnt/lsdi/ocm32075764/ocm32075764/Output/0021.tif /mnt/lsdi/ocm32075764/ocm32075764/Output/0022.tif /mnt/lsdi/ocm32075764/ocm32075764/Output/0023.tif /mnt/lsdi/ocm32075764/ocm32075764/Output/0024.tif /mnt/lsdi/ocm32075764/ocm32075764/Output/0025.tif /mnt/lsdi/ocm32075764/ocm32075764/Output/0026.tif /mnt/lsdi/ocm32075764/ocm32075764/Output/0027.tif /mnt/lsdi/ocm32075764/ocm32075764/Output/0028.tif /mnt/lsdi/ocm32075764/ocm32075764/Output/0029.tif /mnt/lsdi/ocm32075764/ocm32075764/Output/0030.tif /mnt/lsdi/ocm32075764/ocm32075764/Output/0031.tif /mnt/lsdi/ocm32075764/ocm32075764/Output/0032.tif /mnt/lsdi/ocm32075764/ocm32075764/Output/0033.tif /mnt/lsdi/ocm32075764/ocm32075764/Output/0034.tif /mnt/lsdi/ocm32075764/ocm32075764/Output/0035.tif /mnt/lsdi/ocm32075764/ocm32075764/Output/0036.tif /mnt/lsdi/ocm32075764/ocm32075764/Output/0037.tif /mnt/lsdi/ocm32075764/ocm32075764/Output/0038.tif
  adding: mnt/lsdi/ocm32075764/ocm32075764/Output/0000.tif (deflated 82%)
  adding: mnt/lsdi/ocm32075764/ocm32075764/Output/0000a.tif (deflated 82%)
  adding: mnt/lsdi/ocm32075764/ocm32075764/Output/0001.tif (deflated 75%)
  adding: mnt/lsdi/ocm32075764/ocm32075764/Output/0002.tif (deflated 4%)
  adding: mnt/lsdi/ocm32075764/ocm32075764/Output/0003.tif (deflated 82%)
  adding: mnt/lsdi/ocm32075764/ocm32075764/Output/0004.tif (deflated 4%)
  adding: mnt/lsdi/ocm32075764/ocm32075764/Output/0005.tif (deflated 82%)
  adding: mnt/lsdi/ocm32075764/ocm32075764/Output/0006.tif (deflated 4%)
  adding: mnt/lsdi/ocm32075764/ocm32075764/Output/0007.tif (deflated 82%)
  adding: mnt/lsdi/ocm32075764/ocm32075764/Output/0008.tif (deflated 3%)
  adding: mnt/lsdi/ocm32075764/ocm32075764/Output/0009.tif (deflated 3%)
  adding: mnt/lsdi/ocm32075764/ocm32075764/Output/0010.tif (deflated 3%)
  adding: mnt/lsdi/ocm32075764/ocm32075764/Output/0011.tif (deflated 3%)
  adding: mnt/lsdi/ocm32075764/ocm32075764/Output/0012.tif (deflated 3%)
  adding: mnt/lsdi/ocm32075764/ocm32075764/Output/0013.tif (deflated 3%)
  adding: mnt/lsdi/ocm32075764/ocm32075764/Output/0014.tif (deflated 3%)
  adding: mnt/lsdi/ocm32075764/ocm32075764/Output/0015.tif (deflated 3%)
  adding: mnt/lsdi/ocm32075764/ocm32075764/Output/0016.tif (deflated 2%)
  adding: mnt/lsdi/ocm32075764/ocm32075764/Output/0017.tif (deflated 3%)
  adding: mnt/lsdi/ocm32075764/ocm32075764/Output/0018.tif (deflated 6%)
  adding: mnt/lsdi/ocm32075764/ocm32075764/Output/0019.tif (deflated 2%)
  adding: mnt/lsdi/ocm32075764/ocm32075764/Output/0020.tif (deflated 3%)
  adding: mnt/lsdi/ocm32075764/ocm32075764/Output/0021.tif (deflated 3%)
  adding: mnt/lsdi/ocm32075764/ocm32075764/Output/0022.tif (deflated 3%)
  adding: mnt/lsdi/ocm32075764/ocm32075764/Output/0023.tif (deflated 3%)
  adding: mnt/lsdi/ocm32075764/ocm32075764/Output/0024.tif (deflated 5%)
  adding: mnt/lsdi/ocm32075764/ocm32075764/Output/0025.tif (deflated 3%)
  adding: mnt/lsdi/ocm32075764/ocm32075764/Output/0026.tif (deflated 3%)
  adding: mnt/lsdi/ocm32075764/ocm32075764/Output/0027.tif (deflated 3%)
  adding: mnt/lsdi/ocm32075764/ocm32075764/Output/0028.tif (deflated 3%)
  adding: mnt/lsdi/ocm32075764/ocm32075764/Output/0029.tif (deflated 3%)
  adding: mnt/lsdi/ocm32075764/ocm32075764/Output/0030.tif (deflated 3%)
  adding: mnt/lsdi/ocm32075764/ocm32075764/Output/0031.tif (deflated 3%)
  adding: mnt/lsdi/ocm32075764/ocm32075764/Output/0032.tif (deflated 2%)
  adding: mnt/lsdi/ocm32075764/ocm32075764/Output/0033.tif (deflated 3%)
  adding: mnt/lsdi/ocm32075764/ocm32075764/Output/0034.tif (deflated 3%)
  adding: mnt/lsdi/ocm32075764/ocm32075764/Output/0035.tif (deflated 3%)
  adding: mnt/lsdi/ocm32075764/ocm32075764/Output/0036.tif (deflated 3%)
  adding: mnt/lsdi/ocm32075764/ocm32075764/Output/0037.tif (deflated 82%)
  adding: mnt/lsdi/ocm32075764/ocm32075764/Output/0038.tif (deflated 82%)
curl --location --header authorization: LOW fpJYfLnxbLmCEHqU:JQbq6NgBaPrSh98Y --upload-file /temp/ocm32075764_images.zip http://s3.us.archive.org/32075764.emory.edu/32075764_images.zip
  % Total    % Received % Xferd  Average Speed   Time    Time     Time  Current
                                 Dload  Upload   Total   Spent    Left  Speed
  0     0    0     0    0     0      0      0 --:--:-- --:--:-- --:--:--     0  0 3109k    0     0    0     0      0      0 --:--:--  0:00:01 --:--:--     0 14 3109k    0     0   14  448k      0   285k  0:00:10  0:00:01  0:00:09  300k 43 3109k    0     0   43 1344k      0   525k  0:00:05  0:00:02  0:00:03  541k 72 3109k    0     0   72 2240k      0   629k  0:00:04  0:00:03  0:00:01  643k100 3109k    0     0  100 3109k      0   682k  0:00:04  0:00:04 --:--:--  693k100 3109k    0     0  100 3109k      0   563k  0:00:05  0:00:05 --:--:--  700k
