34857937
curl --location --header x-amz-auto-make-bucket:1 --header x-archive-ignore-preexisting-bucket:1 --header x-archive-queue-derive:0 --header x-archive-meta-mediatype:texts --header x-archive-meta03-collection:emory --header x-archive-meta01-collection:americanmethodism --header x-archive-meta-sponsor:Emory University, Pitts Theology Library --header x-archive-meta-contributor:Emory University, Pitts Theology Library --header x-archive-meta-ppi:300 --header authorization: LOW fpJYfLnxbLmCEHqU:JQbq6NgBaPrSh98Y --upload-file /mnt/lsdi/ocm34857937/ocm34857937/ocm34857937_MRC.xml http://s3.us.archive.org/34857937.emory.edu/34857937.emory.edu_marc.xml
  % Total    % Received % Xferd  Average Speed   Time    Time     Time  Current
                                 Dload  Upload   Total   Spent    Left  Speed
  0     0    0     0    0     0      0      0 --:--:-- --:--:-- --:--:--     0  0  2984    0     0    0     0      0      0 --:--:--  0:00:01 --:--:--     0  0  2984    0     0    0     0      0      0 --:--:--  0:00:02 --:--:--     0100  2984    0     0  100  2984      0    939  0:00:03  0:00:03 --:--:--   961100  2984    0     0  100  2984      0    700  0:00:04  0:00:04 --:--:--   713100  2984    0     0  100  2984      0    567  0:00:05  0:00:05 --:--:--   575100  2984    0     0  100  2984      0    476  0:00:06  0:00:06 --:--:--   575100  2984    0     0  100  2984      0    410  0:00:07  0:00:07 --:--:--   575100  2984    0     0  100  2984      0    361  0:00:08  0:00:08 --:--:--     0100  2984    0     0  100  2984      0    325  0:00:09  0:00:09 --:--:--     0100  2984    0     0  100  2984      0    325  0:00:09  0:00:09 --:--:--     0
zip -r /temp/ocm34857937_images.zip /mnt/lsdi/ocm34857937/ocm34857937/Output/ocm34857937_0001.tif /mnt/lsdi/ocm34857937/ocm34857937/Output/ocm34857937_0002.tif /mnt/lsdi/ocm34857937/ocm34857937/Output/ocm34857937_0003.tif /mnt/lsdi/ocm34857937/ocm34857937/Output/ocm34857937_0004.tif /mnt/lsdi/ocm34857937/ocm34857937/Output/ocm34857937_0005.tif /mnt/lsdi/ocm34857937/ocm34857937/Output/ocm34857937_0006.tif /mnt/lsdi/ocm34857937/ocm34857937/Output/ocm34857937_0007.tif /mnt/lsdi/ocm34857937/ocm34857937/Output/ocm34857937_0008.tif /mnt/lsdi/ocm34857937/ocm34857937/Output/ocm34857937_0009.tif /mnt/lsdi/ocm34857937/ocm34857937/Output/ocm34857937_0010.tif /mnt/lsdi/ocm34857937/ocm34857937/Output/ocm34857937_0011.tif /mnt/lsdi/ocm34857937/ocm34857937/Output/ocm34857937_0012.tif /mnt/lsdi/ocm34857937/ocm34857937/Output/ocm34857937_0013.tif /mnt/lsdi/ocm34857937/ocm34857937/Output/ocm34857937_0014.tif /mnt/lsdi/ocm34857937/ocm34857937/Output/ocm34857937_0015.tif /mnt/lsdi/ocm34857937/ocm34857937/Output/ocm34857937_0016.tif /mnt/lsdi/ocm34857937/ocm34857937/Output/ocm34857937_0017.tif /mnt/lsdi/ocm34857937/ocm34857937/Output/ocm34857937_0018.tif /mnt/lsdi/ocm34857937/ocm34857937/Output/ocm34857937_0019.tif /mnt/lsdi/ocm34857937/ocm34857937/Output/ocm34857937_0020.tif /mnt/lsdi/ocm34857937/ocm34857937/Output/ocm34857937_0021.tif /mnt/lsdi/ocm34857937/ocm34857937/Output/ocm34857937_0022.tif /mnt/lsdi/ocm34857937/ocm34857937/Output/ocm34857937_0023.tif /mnt/lsdi/ocm34857937/ocm34857937/Output/ocm34857937_0024.tif /mnt/lsdi/ocm34857937/ocm34857937/Output/ocm34857937_0025.tif /mnt/lsdi/ocm34857937/ocm34857937/Output/ocm34857937_0026.tif /mnt/lsdi/ocm34857937/ocm34857937/Output/ocm34857937_0027.tif /mnt/lsdi/ocm34857937/ocm34857937/Output/ocm34857937_0028.tif /mnt/lsdi/ocm34857937/ocm34857937/Output/ocm34857937_0029.tif /mnt/lsdi/ocm34857937/ocm34857937/Output/ocm34857937_0030.tif /mnt/lsdi/ocm34857937/ocm34857937/Output/ocm34857937_0031.tif /mnt/lsdi/ocm34857937/ocm34857937/Output/ocm34857937_0032.tif /mnt/lsdi/ocm34857937/ocm34857937/Output/ocm34857937_0033.tif /mnt/lsdi/ocm34857937/ocm34857937/Output/ocm34857937_0034.tif /mnt/lsdi/ocm34857937/ocm34857937/Output/ocm34857937_0035.tif /mnt/lsdi/ocm34857937/ocm34857937/Output/ocm34857937_0036.tif /mnt/lsdi/ocm34857937/ocm34857937/Output/ocm34857937_0037.tif /mnt/lsdi/ocm34857937/ocm34857937/Output/ocm34857937_0038.tif /mnt/lsdi/ocm34857937/ocm34857937/Output/ocm34857937_0039.tif /mnt/lsdi/ocm34857937/ocm34857937/Output/ocm34857937_0040.tif /mnt/lsdi/ocm34857937/ocm34857937/Output/ocm34857937_0041.tif /mnt/lsdi/ocm34857937/ocm34857937/Output/ocm34857937_0042.tif /mnt/lsdi/ocm34857937/ocm34857937/Output/ocm34857937_0043.tif /mnt/lsdi/ocm34857937/ocm34857937/Output/ocm34857937_0044.tif /mnt/lsdi/ocm34857937/ocm34857937/Output/ocm34857937_0045.tif /mnt/lsdi/ocm34857937/ocm34857937/Output/ocm34857937_0046.tif /mnt/lsdi/ocm34857937/ocm34857937/Output/ocm34857937_0047.tif /mnt/lsdi/ocm34857937/ocm34857937/Output/ocm34857937_0048.tif /mnt/lsdi/ocm34857937/ocm34857937/Output/ocm34857937_0049.tif /mnt/lsdi/ocm34857937/ocm34857937/Output/ocm34857937_0050.tif /mnt/lsdi/ocm34857937/ocm34857937/Output/ocm34857937_0051.tif /mnt/lsdi/ocm34857937/ocm34857937/Output/ocm34857937_0052.tif /mnt/lsdi/ocm34857937/ocm34857937/Output/ocm34857937_0053.tif /mnt/lsdi/ocm34857937/ocm34857937/Output/ocm34857937_0054.tif /mnt/lsdi/ocm34857937/ocm34857937/Output/ocm34857937_0055.tif /mnt/lsdi/ocm34857937/ocm34857937/Output/ocm34857937_0056.tif /mnt/lsdi/ocm34857937/ocm34857937/Output/ocm34857937_0057.tif /mnt/lsdi/ocm34857937/ocm34857937/Output/ocm34857937_0058.tif /mnt/lsdi/ocm34857937/ocm34857937/Output/ocm34857937_0059.tif /mnt/lsdi/ocm34857937/ocm34857937/Output/ocm34857937_0060.tif /mnt/lsdi/ocm34857937/ocm34857937/Output/ocm34857937_0061.tif /mnt/lsdi/ocm34857937/ocm34857937/Output/ocm34857937_0062.tif /mnt/lsdi/ocm34857937/ocm34857937/Output/ocm34857937_0063.tif /mnt/lsdi/ocm34857937/ocm34857937/Output/ocm34857937_0064.tif /mnt/lsdi/ocm34857937/ocm34857937/Output/ocm34857937_0065.tif /mnt/lsdi/ocm34857937/ocm34857937/Output/ocm34857937_0066.tif /mnt/lsdi/ocm34857937/ocm34857937/Output/ocm34857937_0067.tif /mnt/lsdi/ocm34857937/ocm34857937/Output/ocm34857937_0068.tif /mnt/lsdi/ocm34857937/ocm34857937/Output/ocm34857937_0069.tif /mnt/lsdi/ocm34857937/ocm34857937/Output/ocm34857937_0070.tif /mnt/lsdi/ocm34857937/ocm34857937/Output/ocm34857937_0071.tif /mnt/lsdi/ocm34857937/ocm34857937/Output/ocm34857937_0072.tif /mnt/lsdi/ocm34857937/ocm34857937/Output/ocm34857937_0073.tif /mnt/lsdi/ocm34857937/ocm34857937/Output/ocm34857937_0074.tif /mnt/lsdi/ocm34857937/ocm34857937/Output/ocm34857937_0075.tif /mnt/lsdi/ocm34857937/ocm34857937/Output/ocm34857937_0076.tif /mnt/lsdi/ocm34857937/ocm34857937/Output/ocm34857937_0077.tif /mnt/lsdi/ocm34857937/ocm34857937/Output/ocm34857937_0078.tif /mnt/lsdi/ocm34857937/ocm34857937/Output/ocm34857937_0079.tif /mnt/lsdi/ocm34857937/ocm34857937/Output/ocm34857937_0080.tif /mnt/lsdi/ocm34857937/ocm34857937/Output/ocm34857937_0081.tif /mnt/lsdi/ocm34857937/ocm34857937/Output/ocm34857937_0082.tif /mnt/lsdi/ocm34857937/ocm34857937/Output/ocm34857937_0083.tif /mnt/lsdi/ocm34857937/ocm34857937/Output/ocm34857937_0084.tif /mnt/lsdi/ocm34857937/ocm34857937/Output/ocm34857937_0085.tif /mnt/lsdi/ocm34857937/ocm34857937/Output/ocm34857937_0086.tif /mnt/lsdi/ocm34857937/ocm34857937/Output/ocm34857937_0087.tif /mnt/lsdi/ocm34857937/ocm34857937/Output/ocm34857937_0088.tif /mnt/lsdi/ocm34857937/ocm34857937/Output/ocm34857937_0089.tif /mnt/lsdi/ocm34857937/ocm34857937/Output/ocm34857937_0090.tif /mnt/lsdi/ocm34857937/ocm34857937/Output/ocm34857937_0091.tif /mnt/lsdi/ocm34857937/ocm34857937/Output/ocm34857937_0092.tif /mnt/lsdi/ocm34857937/ocm34857937/Output/ocm34857937_0093.tif /mnt/lsdi/ocm34857937/ocm34857937/Output/ocm34857937_0094.tif /mnt/lsdi/ocm34857937/ocm34857937/Output/ocm34857937_0095.tif /mnt/lsdi/ocm34857937/ocm34857937/Output/ocm34857937_0096.tif /mnt/lsdi/ocm34857937/ocm34857937/Output/ocm34857937_0097.tif /mnt/lsdi/ocm34857937/ocm34857937/Output/ocm34857937_0098.tif /mnt/lsdi/ocm34857937/ocm34857937/Output/ocm34857937_0099.tif /mnt/lsdi/ocm34857937/ocm34857937/Output/ocm34857937_0100.tif /mnt/lsdi/ocm34857937/ocm34857937/Output/ocm34857937_0101.tif /mnt/lsdi/ocm34857937/ocm34857937/Output/ocm34857937_0102.tif /mnt/lsdi/ocm34857937/ocm34857937/Output/ocm34857937_0103.tif /mnt/lsdi/ocm34857937/ocm34857937/Output/ocm34857937_0104.tif /mnt/lsdi/ocm34857937/ocm34857937/Output/ocm34857937_0105.tif /mnt/lsdi/ocm34857937/ocm34857937/Output/ocm34857937_0106.tif /mnt/lsdi/ocm34857937/ocm34857937/Output/ocm34857937_0107.tif /mnt/lsdi/ocm34857937/ocm34857937/Output/ocm34857937_0108.tif /mnt/lsdi/ocm34857937/ocm34857937/Output/ocm34857937_0109.tif /mnt/lsdi/ocm34857937/ocm34857937/Output/ocm34857937_0110.tif /mnt/lsdi/ocm34857937/ocm34857937/Output/ocm34857937_0111.tif /mnt/lsdi/ocm34857937/ocm34857937/Output/ocm34857937_0112.tif /mnt/lsdi/ocm34857937/ocm34857937/Output/ocm34857937_0113.tif /mnt/lsdi/ocm34857937/ocm34857937/Output/ocm34857937_0114.tif /mnt/lsdi/ocm34857937/ocm34857937/Output/ocm34857937_0115.tif /mnt/lsdi/ocm34857937/ocm34857937/Output/ocm34857937_0116.tif /mnt/lsdi/ocm34857937/ocm34857937/Output/ocm34857937_0117.tif /mnt/lsdi/ocm34857937/ocm34857937/Output/ocm34857937_0118.tif /mnt/lsdi/ocm34857937/ocm34857937/Output/ocm34857937_0119.tif /mnt/lsdi/ocm34857937/ocm34857937/Output/ocm34857937_0120.tif /mnt/lsdi/ocm34857937/ocm34857937/Output/ocm34857937_0121.tif /mnt/lsdi/ocm34857937/ocm34857937/Output/ocm34857937_0122.tif /mnt/lsdi/ocm34857937/ocm34857937/Output/ocm34857937_0123.tif /mnt/lsdi/ocm34857937/ocm34857937/Output/ocm34857937_0124.tif /mnt/lsdi/ocm34857937/ocm34857937/Output/ocm34857937_0125.tif /mnt/lsdi/ocm34857937/ocm34857937/Output/ocm34857937_0126.tif /mnt/lsdi/ocm34857937/ocm34857937/Output/ocm34857937_0127.tif /mnt/lsdi/ocm34857937/ocm34857937/Output/ocm34857937_0128.tif /mnt/lsdi/ocm34857937/ocm34857937/Output/ocm34857937_0129.tif /mnt/lsdi/ocm34857937/ocm34857937/Output/ocm34857937_0130.tif /mnt/lsdi/ocm34857937/ocm34857937/Output/ocm34857937_0131.tif /mnt/lsdi/ocm34857937/ocm34857937/Output/ocm34857937_0132.tif /mnt/lsdi/ocm34857937/ocm34857937/Output/ocm34857937_0133.tif /mnt/lsdi/ocm34857937/ocm34857937/Output/ocm34857937_0134.tif /mnt/lsdi/ocm34857937/ocm34857937/Output/ocm34857937_0135.tif /mnt/lsdi/ocm34857937/ocm34857937/Output/ocm34857937_0136.tif /mnt/lsdi/ocm34857937/ocm34857937/Output/ocm34857937_0137.tif /mnt/lsdi/ocm34857937/ocm34857937/Output/ocm34857937_0138.tif /mnt/lsdi/ocm34857937/ocm34857937/Output/ocm34857937_0139.tif /mnt/lsdi/ocm34857937/ocm34857937/Output/ocm34857937_0140.tif /mnt/lsdi/ocm34857937/ocm34857937/Output/ocm34857937_0141.tif /mnt/lsdi/ocm34857937/ocm34857937/Output/ocm34857937_0142.tif /mnt/lsdi/ocm34857937/ocm34857937/Output/ocm34857937_0143.tif /mnt/lsdi/ocm34857937/ocm34857937/Output/ocm34857937_0144.tif /mnt/lsdi/ocm34857937/ocm34857937/Output/ocm34857937_0145.tif /mnt/lsdi/ocm34857937/ocm34857937/Output/ocm34857937_0146.tif /mnt/lsdi/ocm34857937/ocm34857937/Output/ocm34857937_0147.tif /mnt/lsdi/ocm34857937/ocm34857937/Output/ocm34857937_0148.tif /mnt/lsdi/ocm34857937/ocm34857937/Output/ocm34857937_0149.tif /mnt/lsdi/ocm34857937/ocm34857937/Output/ocm34857937_0150.tif /mnt/lsdi/ocm34857937/ocm34857937/Output/ocm34857937_0151.tif /mnt/lsdi/ocm34857937/ocm34857937/Output/ocm34857937_0152.tif /mnt/lsdi/ocm34857937/ocm34857937/Output/ocm34857937_0153.tif /mnt/lsdi/ocm34857937/ocm34857937/Output/ocm34857937_0154.tif /mnt/lsdi/ocm34857937/ocm34857937/Output/ocm34857937_0155.tif /mnt/lsdi/ocm34857937/ocm34857937/Output/ocm34857937_0156.tif /mnt/lsdi/ocm34857937/ocm34857937/Output/ocm34857937_0157.tif /mnt/lsdi/ocm34857937/ocm34857937/Output/ocm34857937_0158.tif /mnt/lsdi/ocm34857937/ocm34857937/Output/ocm34857937_0159.tif /mnt/lsdi/ocm34857937/ocm34857937/Output/ocm34857937_0160.tif /mnt/lsdi/ocm34857937/ocm34857937/Output/ocm34857937_0161.tif /mnt/lsdi/ocm34857937/ocm34857937/Output/ocm34857937_0162.tif /mnt/lsdi/ocm34857937/ocm34857937/Output/ocm34857937_0163.tif /mnt/lsdi/ocm34857937/ocm34857937/Output/ocm34857937_0164.tif /mnt/lsdi/ocm34857937/ocm34857937/Output/ocm34857937_0165.tif /mnt/lsdi/ocm34857937/ocm34857937/Output/ocm34857937_0166.tif /mnt/lsdi/ocm34857937/ocm34857937/Output/ocm34857937_0167.tif /mnt/lsdi/ocm34857937/ocm34857937/Output/ocm34857937_0168.tif /mnt/lsdi/ocm34857937/ocm34857937/Output/ocm34857937_0169.tif /mnt/lsdi/ocm34857937/ocm34857937/Output/ocm34857937_0170.tif /mnt/lsdi/ocm34857937/ocm34857937/Output/ocm34857937_0171.tif /mnt/lsdi/ocm34857937/ocm34857937/Output/ocm34857937_0172.tif /mnt/lsdi/ocm34857937/ocm34857937/Output/ocm34857937_0173.tif /mnt/lsdi/ocm34857937/ocm34857937/Output/ocm34857937_0174.tif /mnt/lsdi/ocm34857937/ocm34857937/Output/ocm34857937_0175.tif /mnt/lsdi/ocm34857937/ocm34857937/Output/ocm34857937_0176.tif /mnt/lsdi/ocm34857937/ocm34857937/Output/ocm34857937_0177.tif /mnt/lsdi/ocm34857937/ocm34857937/Output/ocm34857937_0178.tif /mnt/lsdi/ocm34857937/ocm34857937/Output/ocm34857937_0179.tif /mnt/lsdi/ocm34857937/ocm34857937/Output/ocm34857937_0180.tif /mnt/lsdi/ocm34857937/ocm34857937/Output/ocm34857937_0181.tif /mnt/lsdi/ocm34857937/ocm34857937/Output/ocm34857937_0182.tif /mnt/lsdi/ocm34857937/ocm34857937/Output/ocm34857937_0183.tif /mnt/lsdi/ocm34857937/ocm34857937/Output/ocm34857937_0184.tif /mnt/lsdi/ocm34857937/ocm34857937/Output/ocm34857937_0185.tif /mnt/lsdi/ocm34857937/ocm34857937/Output/ocm34857937_0186.tif /mnt/lsdi/ocm34857937/ocm34857937/Output/ocm34857937_0187.tif /mnt/lsdi/ocm34857937/ocm34857937/Output/ocm34857937_0188.tif /mnt/lsdi/ocm34857937/ocm34857937/Output/ocm34857937_0189.tif /mnt/lsdi/ocm34857937/ocm34857937/Output/ocm34857937_0190.tif /mnt/lsdi/ocm34857937/ocm34857937/Output/ocm34857937_0191.tif /mnt/lsdi/ocm34857937/ocm34857937/Output/ocm34857937_0192.tif /mnt/lsdi/ocm34857937/ocm34857937/Output/ocm34857937_0193.tif /mnt/lsdi/ocm34857937/ocm34857937/Output/ocm34857937_0194.tif /mnt/lsdi/ocm34857937/ocm34857937/Output/ocm34857937_0195.tif /mnt/lsdi/ocm34857937/ocm34857937/Output/ocm34857937_0196.tif /mnt/lsdi/ocm34857937/ocm34857937/Output/ocm34857937_0197.tif /mnt/lsdi/ocm34857937/ocm34857937/Output/ocm34857937_0198.tif /mnt/lsdi/ocm34857937/ocm34857937/Output/ocm34857937_0199.tif /mnt/lsdi/ocm34857937/ocm34857937/Output/ocm34857937_0200.tif /mnt/lsdi/ocm34857937/ocm34857937/Output/ocm34857937_0201.tif /mnt/lsdi/ocm34857937/ocm34857937/Output/ocm34857937_0202.tif /mnt/lsdi/ocm34857937/ocm34857937/Output/ocm34857937_0203.tif /mnt/lsdi/ocm34857937/ocm34857937/Output/ocm34857937_0204.tif /mnt/lsdi/ocm34857937/ocm34857937/Output/ocm34857937_0205.tif /mnt/lsdi/ocm34857937/ocm34857937/Output/ocm34857937_0206.tif /mnt/lsdi/ocm34857937/ocm34857937/Output/ocm34857937_0207.tif /mnt/lsdi/ocm34857937/ocm34857937/Output/ocm34857937_0208.tif /mnt/lsdi/ocm34857937/ocm34857937/Output/ocm34857937_0209.tif /mnt/lsdi/ocm34857937/ocm34857937/Output/ocm34857937_0210.tif /mnt/lsdi/ocm34857937/ocm34857937/Output/ocm34857937_0211.tif /mnt/lsdi/ocm34857937/ocm34857937/Output/ocm34857937_0212.tif /mnt/lsdi/ocm34857937/ocm34857937/Output/ocm34857937_0213.tif /mnt/lsdi/ocm34857937/ocm34857937/Output/ocm34857937_0214.tif /mnt/lsdi/ocm34857937/ocm34857937/Output/ocm34857937_0215.tif /mnt/lsdi/ocm34857937/ocm34857937/Output/ocm34857937_0216.tif /mnt/lsdi/ocm34857937/ocm34857937/Output/ocm34857937_0217.tif /mnt/lsdi/ocm34857937/ocm34857937/Output/ocm34857937_0218.tif /mnt/lsdi/ocm34857937/ocm34857937/Output/ocm34857937_0219.tif /mnt/lsdi/ocm34857937/ocm34857937/Output/ocm34857937_0220.tif /mnt/lsdi/ocm34857937/ocm34857937/Output/ocm34857937_0221.tif /mnt/lsdi/ocm34857937/ocm34857937/Output/ocm34857937_0222.tif /mnt/lsdi/ocm34857937/ocm34857937/Output/ocm34857937_0223.tif /mnt/lsdi/ocm34857937/ocm34857937/Output/ocm34857937_0224.tif /mnt/lsdi/ocm34857937/ocm34857937/Output/ocm34857937_0225.tif /mnt/lsdi/ocm34857937/ocm34857937/Output/ocm34857937_0226.tif /mnt/lsdi/ocm34857937/ocm34857937/Output/ocm34857937_0227.tif /mnt/lsdi/ocm34857937/ocm34857937/Output/ocm34857937_0228.tif /mnt/lsdi/ocm34857937/ocm34857937/Output/ocm34857937_0229.tif /mnt/lsdi/ocm34857937/ocm34857937/Output/ocm34857937_0230.tif /mnt/lsdi/ocm34857937/ocm34857937/Output/ocm34857937_0231.tif /mnt/lsdi/ocm34857937/ocm34857937/Output/ocm34857937_0232.tif /mnt/lsdi/ocm34857937/ocm34857937/Output/ocm34857937_0233.tif /mnt/lsdi/ocm34857937/ocm34857937/Output/ocm34857937_0234.tif /mnt/lsdi/ocm34857937/ocm34857937/Output/ocm34857937_0235.tif /mnt/lsdi/ocm34857937/ocm34857937/Output/ocm34857937_0236.tif /mnt/lsdi/ocm34857937/ocm34857937/Output/ocm34857937_0237.tif /mnt/lsdi/ocm34857937/ocm34857937/Output/ocm34857937_0238.tif /mnt/lsdi/ocm34857937/ocm34857937/Output/ocm34857937_0239.tif /mnt/lsdi/ocm34857937/ocm34857937/Output/ocm34857937_0240.tif /mnt/lsdi/ocm34857937/ocm34857937/Output/ocm34857937_0241.tif /mnt/lsdi/ocm34857937/ocm34857937/Output/ocm34857937_0242.tif /mnt/lsdi/ocm34857937/ocm34857937/Output/ocm34857937_0243.tif /mnt/lsdi/ocm34857937/ocm34857937/Output/ocm34857937_0244.tif /mnt/lsdi/ocm34857937/ocm34857937/Output/ocm34857937_0245.tif /mnt/lsdi/ocm34857937/ocm34857937/Output/ocm34857937_0246.tif /mnt/lsdi/ocm34857937/ocm34857937/Output/ocm34857937_0247.tif /mnt/lsdi/ocm34857937/ocm34857937/Output/ocm34857937_0248.tif /mnt/lsdi/ocm34857937/ocm34857937/Output/ocm34857937_0249.tif /mnt/lsdi/ocm34857937/ocm34857937/Output/ocm34857937_0250.tif /mnt/lsdi/ocm34857937/ocm34857937/Output/ocm34857937_0251.tif /mnt/lsdi/ocm34857937/ocm34857937/Output/ocm34857937_0252.tif /mnt/lsdi/ocm34857937/ocm34857937/Output/ocm34857937_0253.tif /mnt/lsdi/ocm34857937/ocm34857937/Output/ocm34857937_0254.tif /mnt/lsdi/ocm34857937/ocm34857937/Output/ocm34857937_0255.tif /mnt/lsdi/ocm34857937/ocm34857937/Output/ocm34857937_0256.tif /mnt/lsdi/ocm34857937/ocm34857937/Output/ocm34857937_0257.tif /mnt/lsdi/ocm34857937/ocm34857937/Output/ocm34857937_0258.tif /mnt/lsdi/ocm34857937/ocm34857937/Output/ocm34857937_0259.tif /mnt/lsdi/ocm34857937/ocm34857937/Output/ocm34857937_0260.tif /mnt/lsdi/ocm34857937/ocm34857937/Output/ocm34857937_0261.tif /mnt/lsdi/ocm34857937/ocm34857937/Output/ocm34857937_0262.tif /mnt/lsdi/ocm34857937/ocm34857937/Output/ocm34857937_0263.tif /mnt/lsdi/ocm34857937/ocm34857937/Output/ocm34857937_0264.tif /mnt/lsdi/ocm34857937/ocm34857937/Output/ocm34857937_0265.tif /mnt/lsdi/ocm34857937/ocm34857937/Output/ocm34857937_0266.tif /mnt/lsdi/ocm34857937/ocm34857937/Output/ocm34857937_0267.tif /mnt/lsdi/ocm34857937/ocm34857937/Output/ocm34857937_0268.tif
  adding: mnt/lsdi/ocm34857937/ocm34857937/Output/ocm34857937_0001.tif (deflated 84%)
  adding: mnt/lsdi/ocm34857937/ocm34857937/Output/ocm34857937_0002.tif (deflated 16%)
  adding: mnt/lsdi/ocm34857937/ocm34857937/Output/ocm34857937_0003.tif (deflated 84%)
  adding: mnt/lsdi/ocm34857937/ocm34857937/Output/ocm34857937_0004.tif (deflated 5%)
  adding: mnt/lsdi/ocm34857937/ocm34857937/Output/ocm34857937_0005.tif (deflated 84%)
  adding: mnt/lsdi/ocm34857937/ocm34857937/Output/ocm34857937_0006.tif (deflated 1%)
  adding: mnt/lsdi/ocm34857937/ocm34857937/Output/ocm34857937_0007.tif (deflated 84%)
  adding: mnt/lsdi/ocm34857937/ocm34857937/Output/ocm34857937_0008.tif (deflated 16%)
  adding: mnt/lsdi/ocm34857937/ocm34857937/Output/ocm34857937_0009.tif (deflated 1%)
  adding: mnt/lsdi/ocm34857937/ocm34857937/Output/ocm34857937_0010.tif (deflated 4%)
  adding: mnt/lsdi/ocm34857937/ocm34857937/Output/ocm34857937_0011.tif (deflated 3%)
  adding: mnt/lsdi/ocm34857937/ocm34857937/Output/ocm34857937_0012.tif (deflated 4%)
  adding: mnt/lsdi/ocm34857937/ocm34857937/Output/ocm34857937_0013.tif (deflated 3%)
  adding: mnt/lsdi/ocm34857937/ocm34857937/Output/ocm34857937_0014.tif (deflated 3%)
  adding: mnt/lsdi/ocm34857937/ocm34857937/Output/ocm34857937_0015.tif (deflated 3%)
  adding: mnt/lsdi/ocm34857937/ocm34857937/Output/ocm34857937_0016.tif (deflated 4%)
  adding: mnt/lsdi/ocm34857937/ocm34857937/Output/ocm34857937_0017.tif (deflated 3%)
  adding: mnt/lsdi/ocm34857937/ocm34857937/Output/ocm34857937_0018.tif (deflated 4%)
  adding: mnt/lsdi/ocm34857937/ocm34857937/Output/ocm34857937_0019.tif (deflated 3%)
  adding: mnt/lsdi/ocm34857937/ocm34857937/Output/ocm34857937_0020.tif (deflated 2%)
  adding: mnt/lsdi/ocm34857937/ocm34857937/Output/ocm34857937_0021.tif (deflated 3%)
  adding: mnt/lsdi/ocm34857937/ocm34857937/Output/ocm34857937_0022.tif (deflated 2%)
  adding: mnt/lsdi/ocm34857937/ocm34857937/Output/ocm34857937_0023.tif (deflated 4%)
  adding: mnt/lsdi/ocm34857937/ocm34857937/Output/ocm34857937_0024.tif (deflated 1%)
  adding: mnt/lsdi/ocm34857937/ocm34857937/Output/ocm34857937_0025.tif (deflated 3%)
  adding: mnt/lsdi/ocm34857937/ocm34857937/Output/ocm34857937_0026.tif (deflated 3%)
  adding: mnt/lsdi/ocm34857937/ocm34857937/Output/ocm34857937_0027.tif (deflated 3%)
  adding: mnt/lsdi/ocm34857937/ocm34857937/Output/ocm34857937_0028.tif (deflated 3%)
  adding: mnt/lsdi/ocm34857937/ocm34857937/Output/ocm34857937_0029.tif (deflated 3%)
  adding: mnt/lsdi/ocm34857937/ocm34857937/Output/ocm34857937_0030.tif (deflated 2%)
  adding: mnt/lsdi/ocm34857937/ocm34857937/Output/ocm34857937_0031.tif (deflated 3%)
  adding: mnt/lsdi/ocm34857937/ocm34857937/Output/ocm34857937_0032.tif (deflated 3%)
  adding: mnt/lsdi/ocm34857937/ocm34857937/Output/ocm34857937_0033.tif (deflated 3%)
  adding: mnt/lsdi/ocm34857937/ocm34857937/Output/ocm34857937_0034.tif (deflated 5%)
  adding: mnt/lsdi/ocm34857937/ocm34857937/Output/ocm34857937_0035.tif (deflated 84%)
  adding: mnt/lsdi/ocm34857937/ocm34857937/Output/ocm34857937_0036.tif (deflated 1%)
  adding: mnt/lsdi/ocm34857937/ocm34857937/Output/ocm34857937_0037.tif (deflated 17%)
  adding: mnt/lsdi/ocm34857937/ocm34857937/Output/ocm34857937_0038.tif (deflated 4%)
  adding: mnt/lsdi/ocm34857937/ocm34857937/Output/ocm34857937_0039.tif (deflated 6%)
  adding: mnt/lsdi/ocm34857937/ocm34857937/Output/ocm34857937_0040.tif (deflated 4%)
  adding: mnt/lsdi/ocm34857937/ocm34857937/Output/ocm34857937_0041.tif (deflated 5%)
  adding: mnt/lsdi/ocm34857937/ocm34857937/Output/ocm34857937_0042.tif (deflated 4%)
  adding: mnt/lsdi/ocm34857937/ocm34857937/Output/ocm34857937_0043.tif (deflated 6%)
  adding: mnt/lsdi/ocm34857937/ocm34857937/Output/ocm34857937_0044.tif (deflated 4%)
  adding: mnt/lsdi/ocm34857937/ocm34857937/Output/ocm34857937_0045.tif (deflated 5%)
  adding: mnt/lsdi/ocm34857937/ocm34857937/Output/ocm34857937_0046.tif (deflated 4%)
  adding: mnt/lsdi/ocm34857937/ocm34857937/Output/ocm34857937_0047.tif (deflated 5%)
  adding: mnt/lsdi/ocm34857937/ocm34857937/Output/ocm34857937_0048.tif (deflated 4%)
  adding: mnt/lsdi/ocm34857937/ocm34857937/Output/ocm34857937_0049.tif (deflated 4%)
  adding: mnt/lsdi/ocm34857937/ocm34857937/Output/ocm34857937_0050.tif (deflated 4%)
  adding: mnt/lsdi/ocm34857937/ocm34857937/Output/ocm34857937_0051.tif (deflated 4%)
  adding: mnt/lsdi/ocm34857937/ocm34857937/Output/ocm34857937_0052.tif (deflated 15%)
  adding: mnt/lsdi/ocm34857937/ocm34857937/Output/ocm34857937_0053.tif (deflated 38%)
  adding: mnt/lsdi/ocm34857937/ocm34857937/Output/ocm34857937_0054.tif (deflated 84%)
  adding: mnt/lsdi/ocm34857937/ocm34857937/Output/ocm34857937_0055.tif (deflated 1%)
  adding: mnt/lsdi/ocm34857937/ocm34857937/Output/ocm34857937_0056.tif (deflated 2%)
  adding: mnt/lsdi/ocm34857937/ocm34857937/Output/ocm34857937_0057.tif (deflated 84%)
  adding: mnt/lsdi/ocm34857937/ocm34857937/Output/ocm34857937_0058.tif (deflated 12%)
  adding: mnt/lsdi/ocm34857937/ocm34857937/Output/ocm34857937_0059.tif (deflated 21%)
  adding: mnt/lsdi/ocm34857937/ocm34857937/Output/ocm34857937_0060.tif (deflated 4%)
  adding: mnt/lsdi/ocm34857937/ocm34857937/Output/ocm34857937_0061.tif (deflated 84%)
  adding: mnt/lsdi/ocm34857937/ocm34857937/Output/ocm34857937_0062.tif (deflated 4%)
  adding: mnt/lsdi/ocm34857937/ocm34857937/Output/ocm34857937_0063.tif (deflated 4%)
  adding: mnt/lsdi/ocm34857937/ocm34857937/Output/ocm34857937_0064.tif (deflated 3%)
  adding: mnt/lsdi/ocm34857937/ocm34857937/Output/ocm34857937_0065.tif (deflated 4%)
  adding: mnt/lsdi/ocm34857937/ocm34857937/Output/ocm34857937_0066.tif (deflated 4%)
  adding: mnt/lsdi/ocm34857937/ocm34857937/Output/ocm34857937_0067.tif (deflated 4%)
  adding: mnt/lsdi/ocm34857937/ocm34857937/Output/ocm34857937_0068.tif (deflated 4%)
  adding: mnt/lsdi/ocm34857937/ocm34857937/Output/ocm34857937_0069.tif (deflated 4%)
  adding: mnt/lsdi/ocm34857937/ocm34857937/Output/ocm34857937_0070.tif (deflated 4%)
  adding: mnt/lsdi/ocm34857937/ocm34857937/Output/ocm34857937_0071.tif (deflated 4%)
  adding: mnt/lsdi/ocm34857937/ocm34857937/Output/ocm34857937_0072.tif (deflated 4%)
  adding: mnt/lsdi/ocm34857937/ocm34857937/Output/ocm34857937_0073.tif (deflated 4%)
  adding: mnt/lsdi/ocm34857937/ocm34857937/Output/ocm34857937_0074.tif (deflated 4%)
  adding: mnt/lsdi/ocm34857937/ocm34857937/Output/ocm34857937_0075.tif (deflated 3%)
  adding: mnt/lsdi/ocm34857937/ocm34857937/Output/ocm34857937_0076.tif (deflated 4%)
  adding: mnt/lsdi/ocm34857937/ocm34857937/Output/ocm34857937_0077.tif (deflated 4%)
  adding: mnt/lsdi/ocm34857937/ocm34857937/Output/ocm34857937_0078.tif (deflated 3%)
  adding: mnt/lsdi/ocm34857937/ocm34857937/Output/ocm34857937_0079.tif (deflated 5%)
  adding: mnt/lsdi/ocm34857937/ocm34857937/Output/ocm34857937_0080.tif (deflated 4%)
  adding: mnt/lsdi/ocm34857937/ocm34857937/Output/ocm34857937_0081.tif (deflated 3%)
  adding: mnt/lsdi/ocm34857937/ocm34857937/Output/ocm34857937_0082.tif (deflated 2%)
  adding: mnt/lsdi/ocm34857937/ocm34857937/Output/ocm34857937_0083.tif (deflated 4%)
  adding: mnt/lsdi/ocm34857937/ocm34857937/Output/ocm34857937_0084.tif (deflated 4%)
  adding: mnt/lsdi/ocm34857937/ocm34857937/Output/ocm34857937_0085.tif (deflated 4%)
  adding: mnt/lsdi/ocm34857937/ocm34857937/Output/ocm34857937_0086.tif (deflated 4%)
  adding: mnt/lsdi/ocm34857937/ocm34857937/Output/ocm34857937_0087.tif (deflated 4%)
  adding: mnt/lsdi/ocm34857937/ocm34857937/Output/ocm34857937_0088.tif (deflated 4%)
  adding: mnt/lsdi/ocm34857937/ocm34857937/Output/ocm34857937_0089.tif (deflated 4%)
  adding: mnt/lsdi/ocm34857937/ocm34857937/Output/ocm34857937_0090.tif (deflated 4%)
  adding: mnt/lsdi/ocm34857937/ocm34857937/Output/ocm34857937_0091.tif (deflated 4%)
  adding: mnt/lsdi/ocm34857937/ocm34857937/Output/ocm34857937_0092.tif (deflated 4%)
  adding: mnt/lsdi/ocm34857937/ocm34857937/Output/ocm34857937_0093.tif (deflated 4%)
  adding: mnt/lsdi/ocm34857937/ocm34857937/Output/ocm34857937_0094.tif (deflated 4%)
  adding: mnt/lsdi/ocm34857937/ocm34857937/Output/ocm34857937_0095.tif (deflated 4%)
  adding: mnt/lsdi/ocm34857937/ocm34857937/Output/ocm34857937_0096.tif (deflated 4%)
  adding: mnt/lsdi/ocm34857937/ocm34857937/Output/ocm34857937_0097.tif (deflated 4%)
  adding: mnt/lsdi/ocm34857937/ocm34857937/Output/ocm34857937_0098.tif (deflated 4%)
  adding: mnt/lsdi/ocm34857937/ocm34857937/Output/ocm34857937_0099.tif (deflated 4%)
  adding: mnt/lsdi/ocm34857937/ocm34857937/Output/ocm34857937_0100.tif (deflated 4%)
  adding: mnt/lsdi/ocm34857937/ocm34857937/Output/ocm34857937_0101.tif (deflated 4%)
  adding: mnt/lsdi/ocm34857937/ocm34857937/Output/ocm34857937_0102.tif (deflated 4%)
  adding: mnt/lsdi/ocm34857937/ocm34857937/Output/ocm34857937_0103.tif (deflated 4%)
  adding: mnt/lsdi/ocm34857937/ocm34857937/Output/ocm34857937_0104.tif (deflated 4%)
  adding: mnt/lsdi/ocm34857937/ocm34857937/Output/ocm34857937_0105.tif (deflated 4%)
  adding: mnt/lsdi/ocm34857937/ocm34857937/Output/ocm34857937_0106.tif (deflated 4%)
  adding: mnt/lsdi/ocm34857937/ocm34857937/Output/ocm34857937_0107.tif (deflated 4%)
  adding: mnt/lsdi/ocm34857937/ocm34857937/Output/ocm34857937_0108.tif (deflated 4%)
  adding: mnt/lsdi/ocm34857937/ocm34857937/Output/ocm34857937_0109.tif (deflated 4%)
  adding: mnt/lsdi/ocm34857937/ocm34857937/Output/ocm34857937_0110.tif (deflated 4%)
  adding: mnt/lsdi/ocm34857937/ocm34857937/Output/ocm34857937_0111.tif (deflated 4%)
  adding: mnt/lsdi/ocm34857937/ocm34857937/Output/ocm34857937_0112.tif (deflated 4%)
  adding: mnt/lsdi/ocm34857937/ocm34857937/Output/ocm34857937_0113.tif (deflated 4%)
  adding: mnt/lsdi/ocm34857937/ocm34857937/Output/ocm34857937_0114.tif (deflated 4%)
  adding: mnt/lsdi/ocm34857937/ocm34857937/Output/ocm34857937_0115.tif (deflated 4%)
  adding: mnt/lsdi/ocm34857937/ocm34857937/Output/ocm34857937_0116.tif (deflated 4%)
  adding: mnt/lsdi/ocm34857937/ocm34857937/Output/ocm34857937_0117.tif (deflated 4%)
  adding: mnt/lsdi/ocm34857937/ocm34857937/Output/ocm34857937_0118.tif (deflated 4%)
  adding: mnt/lsdi/ocm34857937/ocm34857937/Output/ocm34857937_0119.tif (deflated 4%)
  adding: mnt/lsdi/ocm34857937/ocm34857937/Output/ocm34857937_0120.tif (deflated 4%)
  adding: mnt/lsdi/ocm34857937/ocm34857937/Output/ocm34857937_0121.tif (deflated 4%)
  adding: mnt/lsdi/ocm34857937/ocm34857937/Output/ocm34857937_0122.tif (deflated 4%)
  adding: mnt/lsdi/ocm34857937/ocm34857937/Output/ocm34857937_0123.tif (deflated 4%)
  adding: mnt/lsdi/ocm34857937/ocm34857937/Output/ocm34857937_0124.tif (deflated 4%)
  adding: mnt/lsdi/ocm34857937/ocm34857937/Output/ocm34857937_0125.tif (deflated 4%)
  adding: mnt/lsdi/ocm34857937/ocm34857937/Output/ocm34857937_0126.tif (deflated 3%)
  adding: mnt/lsdi/ocm34857937/ocm34857937/Output/ocm34857937_0127.tif (deflated 6%)
  adding: mnt/lsdi/ocm34857937/ocm34857937/Output/ocm34857937_0128.tif (deflated 4%)
  adding: mnt/lsdi/ocm34857937/ocm34857937/Output/ocm34857937_0129.tif (deflated 3%)
  adding: mnt/lsdi/ocm34857937/ocm34857937/Output/ocm34857937_0130.tif (deflated 4%)
  adding: mnt/lsdi/ocm34857937/ocm34857937/Output/ocm34857937_0131.tif (deflated 3%)
  adding: mnt/lsdi/ocm34857937/ocm34857937/Output/ocm34857937_0132.tif (deflated 4%)
  adding: mnt/lsdi/ocm34857937/ocm34857937/Output/ocm34857937_0133.tif (deflated 4%)
  adding: mnt/lsdi/ocm34857937/ocm34857937/Output/ocm34857937_0134.tif (deflated 4%)
  adding: mnt/lsdi/ocm34857937/ocm34857937/Output/ocm34857937_0135.tif (deflated 4%)
  adding: mnt/lsdi/ocm34857937/ocm34857937/Output/ocm34857937_0136.tif (deflated 4%)
  adding: mnt/lsdi/ocm34857937/ocm34857937/Output/ocm34857937_0137.tif (deflated 4%)
  adding: mnt/lsdi/ocm34857937/ocm34857937/Output/ocm34857937_0138.tif (deflated 4%)
  adding: mnt/lsdi/ocm34857937/ocm34857937/Output/ocm34857937_0139.tif (deflated 4%)
  adding: mnt/lsdi/ocm34857937/ocm34857937/Output/ocm34857937_0140.tif (deflated 4%)
  adding: mnt/lsdi/ocm34857937/ocm34857937/Output/ocm34857937_0141.tif (deflated 5%)
  adding: mnt/lsdi/ocm34857937/ocm34857937/Output/ocm34857937_0142.tif (deflated 4%)
  adding: mnt/lsdi/ocm34857937/ocm34857937/Output/ocm34857937_0143.tif (deflated 5%)
  adding: mnt/lsdi/ocm34857937/ocm34857937/Output/ocm34857937_0144.tif (deflated 4%)
  adding: mnt/lsdi/ocm34857937/ocm34857937/Output/ocm34857937_0145.tif (deflated 4%)
  adding: mnt/lsdi/ocm34857937/ocm34857937/Output/ocm34857937_0146.tif (deflated 4%)
  adding: mnt/lsdi/ocm34857937/ocm34857937/Output/ocm34857937_0147.tif (deflated 4%)
  adding: mnt/lsdi/ocm34857937/ocm34857937/Output/ocm34857937_0148.tif (deflated 4%)
  adding: mnt/lsdi/ocm34857937/ocm34857937/Output/ocm34857937_0149.tif (deflated 4%)
  adding: mnt/lsdi/ocm34857937/ocm34857937/Output/ocm34857937_0150.tif (deflated 4%)
  adding: mnt/lsdi/ocm34857937/ocm34857937/Output/ocm34857937_0151.tif (deflated 4%)
  adding: mnt/lsdi/ocm34857937/ocm34857937/Output/ocm34857937_0152.tif (deflated 4%)
  adding: mnt/lsdi/ocm34857937/ocm34857937/Output/ocm34857937_0153.tif (deflated 5%)
  adding: mnt/lsdi/ocm34857937/ocm34857937/Output/ocm34857937_0154.tif (deflated 4%)
  adding: mnt/lsdi/ocm34857937/ocm34857937/Output/ocm34857937_0155.tif (deflated 4%)
  adding: mnt/lsdi/ocm34857937/ocm34857937/Output/ocm34857937_0156.tif (deflated 4%)
  adding: mnt/lsdi/ocm34857937/ocm34857937/Output/ocm34857937_0157.tif (deflated 4%)
  adding: mnt/lsdi/ocm34857937/ocm34857937/Output/ocm34857937_0158.tif (deflated 4%)
  adding: mnt/lsdi/ocm34857937/ocm34857937/Output/ocm34857937_0159.tif (deflated 3%)
  adding: mnt/lsdi/ocm34857937/ocm34857937/Output/ocm34857937_0160.tif (deflated 4%)
  adding: mnt/lsdi/ocm34857937/ocm34857937/Output/ocm34857937_0161.tif (deflated 4%)
  adding: mnt/lsdi/ocm34857937/ocm34857937/Output/ocm34857937_0162.tif (deflated 4%)
  adding: mnt/lsdi/ocm34857937/ocm34857937/Output/ocm34857937_0163.tif (deflated 3%)
  adding: mnt/lsdi/ocm34857937/ocm34857937/Output/ocm34857937_0164.tif (deflated 4%)
  adding: mnt/lsdi/ocm34857937/ocm34857937/Output/ocm34857937_0165.tif (deflated 4%)
  adding: mnt/lsdi/ocm34857937/ocm34857937/Output/ocm34857937_0166.tif (deflated 4%)
  adding: mnt/lsdi/ocm34857937/ocm34857937/Output/ocm34857937_0167.tif (deflated 4%)
  adding: mnt/lsdi/ocm34857937/ocm34857937/Output/ocm34857937_0168.tif (deflated 4%)
  adding: mnt/lsdi/ocm34857937/ocm34857937/Output/ocm34857937_0169.tif (deflated 5%)
  adding: mnt/lsdi/ocm34857937/ocm34857937/Output/ocm34857937_0170.tif (deflated 4%)
  adding: mnt/lsdi/ocm34857937/ocm34857937/Output/ocm34857937_0171.tif (deflated 3%)
  adding: mnt/lsdi/ocm34857937/ocm34857937/Output/ocm34857937_0172.tif (deflated 4%)
  adding: mnt/lsdi/ocm34857937/ocm34857937/Output/ocm34857937_0173.tif (deflated 4%)
  adding: mnt/lsdi/ocm34857937/ocm34857937/Output/ocm34857937_0174.tif (deflated 4%)
  adding: mnt/lsdi/ocm34857937/ocm34857937/Output/ocm34857937_0175.tif (deflated 4%)
  adding: mnt/lsdi/ocm34857937/ocm34857937/Output/ocm34857937_0176.tif (deflated 4%)
  adding: mnt/lsdi/ocm34857937/ocm34857937/Output/ocm34857937_0177.tif (deflated 4%)
  adding: mnt/lsdi/ocm34857937/ocm34857937/Output/ocm34857937_0178.tif (deflated 4%)
  adding: mnt/lsdi/ocm34857937/ocm34857937/Output/ocm34857937_0179.tif (deflated 4%)
  adding: mnt/lsdi/ocm34857937/ocm34857937/Output/ocm34857937_0180.tif (deflated 4%)
  adding: mnt/lsdi/ocm34857937/ocm34857937/Output/ocm34857937_0181.tif (deflated 4%)
  adding: mnt/lsdi/ocm34857937/ocm34857937/Output/ocm34857937_0182.tif (deflated 4%)
  adding: mnt/lsdi/ocm34857937/ocm34857937/Output/ocm34857937_0183.tif (deflated 4%)
  adding: mnt/lsdi/ocm34857937/ocm34857937/Output/ocm34857937_0184.tif (deflated 4%)
  adding: mnt/lsdi/ocm34857937/ocm34857937/Output/ocm34857937_0185.tif (deflated 84%)
  adding: mnt/lsdi/ocm34857937/ocm34857937/Output/ocm34857937_0186.tif (deflated 2%)
  adding: mnt/lsdi/ocm34857937/ocm34857937/Output/ocm34857937_0187.tif (deflated 2%)
  adding: mnt/lsdi/ocm34857937/ocm34857937/Output/ocm34857937_0188.tif (deflated 5%)
  adding: mnt/lsdi/ocm34857937/ocm34857937/Output/ocm34857937_0189.tif (deflated 4%)
  adding: mnt/lsdi/ocm34857937/ocm34857937/Output/ocm34857937_0190.tif (deflated 5%)
  adding: mnt/lsdi/ocm34857937/ocm34857937/Output/ocm34857937_0191.tif (deflated 2%)
  adding: mnt/lsdi/ocm34857937/ocm34857937/Output/ocm34857937_0192.tif (deflated 4%)
  adding: mnt/lsdi/ocm34857937/ocm34857937/Output/ocm34857937_0193.tif (deflated 4%)
  adding: mnt/lsdi/ocm34857937/ocm34857937/Output/ocm34857937_0194.tif (deflated 2%)
  adding: mnt/lsdi/ocm34857937/ocm34857937/Output/ocm34857937_0195.tif (deflated 4%)
  adding: mnt/lsdi/ocm34857937/ocm34857937/Output/ocm34857937_0196.tif (deflated 2%)
  adding: mnt/lsdi/ocm34857937/ocm34857937/Output/ocm34857937_0197.tif (deflated 4%)
  adding: mnt/lsdi/ocm34857937/ocm34857937/Output/ocm34857937_0198.tif (deflated 4%)
  adding: mnt/lsdi/ocm34857937/ocm34857937/Output/ocm34857937_0199.tif (deflated 2%)
  adding: mnt/lsdi/ocm34857937/ocm34857937/Output/ocm34857937_0200.tif (deflated 4%)
  adding: mnt/lsdi/ocm34857937/ocm34857937/Output/ocm34857937_0201.tif (deflated 5%)
  adding: mnt/lsdi/ocm34857937/ocm34857937/Output/ocm34857937_0202.tif (deflated 2%)
  adding: mnt/lsdi/ocm34857937/ocm34857937/Output/ocm34857937_0203.tif (deflated 5%)
  adding: mnt/lsdi/ocm34857937/ocm34857937/Output/ocm34857937_0204.tif (deflated 4%)
  adding: mnt/lsdi/ocm34857937/ocm34857937/Output/ocm34857937_0205.tif (deflated 2%)
  adding: mnt/lsdi/ocm34857937/ocm34857937/Output/ocm34857937_0206.tif (deflated 4%)
  adding: mnt/lsdi/ocm34857937/ocm34857937/Output/ocm34857937_0207.tif (deflated 2%)
  adding: mnt/lsdi/ocm34857937/ocm34857937/Output/ocm34857937_0208.tif (deflated 5%)
  adding: mnt/lsdi/ocm34857937/ocm34857937/Output/ocm34857937_0209.tif (deflated 4%)
  adding: mnt/lsdi/ocm34857937/ocm34857937/Output/ocm34857937_0210.tif (deflated 2%)
  adding: mnt/lsdi/ocm34857937/ocm34857937/Output/ocm34857937_0211.tif (deflated 5%)
  adding: mnt/lsdi/ocm34857937/ocm34857937/Output/ocm34857937_0212.tif (deflated 2%)
  adding: mnt/lsdi/ocm34857937/ocm34857937/Output/ocm34857937_0213.tif (deflated 4%)
  adding: mnt/lsdi/ocm34857937/ocm34857937/Output/ocm34857937_0214.tif (deflated 4%)
  adding: mnt/lsdi/ocm34857937/ocm34857937/Output/ocm34857937_0215.tif (deflated 10%)
  adding: mnt/lsdi/ocm34857937/ocm34857937/Output/ocm34857937_0216.tif (deflated 1%)
  adding: mnt/lsdi/ocm34857937/ocm34857937/Output/ocm34857937_0217.tif (deflated 84%)
  adding: mnt/lsdi/ocm34857937/ocm34857937/Output/ocm34857937_0218.tif (deflated 2%)
  adding: mnt/lsdi/ocm34857937/ocm34857937/Output/ocm34857937_0219.tif (deflated 47%)
  adding: mnt/lsdi/ocm34857937/ocm34857937/Output/ocm34857937_0220.tif (deflated 2%)
  adding: mnt/lsdi/ocm34857937/ocm34857937/Output/ocm34857937_0221.tif (deflated 3%)
  adding: mnt/lsdi/ocm34857937/ocm34857937/Output/ocm34857937_0222.tif (deflated 2%)
  adding: mnt/lsdi/ocm34857937/ocm34857937/Output/ocm34857937_0223.tif (deflated 2%)
  adding: mnt/lsdi/ocm34857937/ocm34857937/Output/ocm34857937_0224.tif (deflated 2%)
  adding: mnt/lsdi/ocm34857937/ocm34857937/Output/ocm34857937_0225.tif (deflated 2%)
  adding: mnt/lsdi/ocm34857937/ocm34857937/Output/ocm34857937_0226.tif (deflated 3%)
  adding: mnt/lsdi/ocm34857937/ocm34857937/Output/ocm34857937_0227.tif (deflated 2%)
  adding: mnt/lsdi/ocm34857937/ocm34857937/Output/ocm34857937_0228.tif (deflated 3%)
  adding: mnt/lsdi/ocm34857937/ocm34857937/Output/ocm34857937_0229.tif (deflated 3%)
  adding: mnt/lsdi/ocm34857937/ocm34857937/Output/ocm34857937_0230.tif (deflated 2%)
  adding: mnt/lsdi/ocm34857937/ocm34857937/Output/ocm34857937_0231.tif (deflated 3%)
  adding: mnt/lsdi/ocm34857937/ocm34857937/Output/ocm34857937_0232.tif (deflated 3%)
  adding: mnt/lsdi/ocm34857937/ocm34857937/Output/ocm34857937_0233.tif (deflated 2%)
  adding: mnt/lsdi/ocm34857937/ocm34857937/Output/ocm34857937_0234.tif (deflated 2%)
  adding: mnt/lsdi/ocm34857937/ocm34857937/Output/ocm34857937_0235.tif (deflated 1%)
  adding: mnt/lsdi/ocm34857937/ocm34857937/Output/ocm34857937_0236.tif (deflated 3%)
  adding: mnt/lsdi/ocm34857937/ocm34857937/Output/ocm34857937_0237.tif (deflated 8%)
  adding: mnt/lsdi/ocm34857937/ocm34857937/Output/ocm34857937_0238.tif (deflated 6%)
  adding: mnt/lsdi/ocm34857937/ocm34857937/Output/ocm34857937_0239.tif (deflated 84%)
  adding: mnt/lsdi/ocm34857937/ocm34857937/Output/ocm34857937_0240.tif (deflated 3%)
  adding: mnt/lsdi/ocm34857937/ocm34857937/Output/ocm34857937_0241.tif (deflated 3%)
  adding: mnt/lsdi/ocm34857937/ocm34857937/Output/ocm34857937_0242.tif (deflated 3%)
  adding: mnt/lsdi/ocm34857937/ocm34857937/Output/ocm34857937_0243.tif (deflated 3%)
  adding: mnt/lsdi/ocm34857937/ocm34857937/Output/ocm34857937_0244.tif (deflated 3%)
  adding: mnt/lsdi/ocm34857937/ocm34857937/Output/ocm34857937_0245.tif (deflated 3%)
  adding: mnt/lsdi/ocm34857937/ocm34857937/Output/ocm34857937_0246.tif (deflated 3%)
  adding: mnt/lsdi/ocm34857937/ocm34857937/Output/ocm34857937_0247.tif (deflated 4%)
  adding: mnt/lsdi/ocm34857937/ocm34857937/Output/ocm34857937_0248.tif (deflated 4%)
  adding: mnt/lsdi/ocm34857937/ocm34857937/Output/ocm34857937_0249.tif (deflated 84%)
  adding: mnt/lsdi/ocm34857937/ocm34857937/Output/ocm34857937_0250.tif (deflated 9%)
  adding: mnt/lsdi/ocm34857937/ocm34857937/Output/ocm34857937_0251.tif (deflated 2%)
  adding: mnt/lsdi/ocm34857937/ocm34857937/Output/ocm34857937_0252.tif (deflated 4%)
  adding: mnt/lsdi/ocm34857937/ocm34857937/Output/ocm34857937_0253.tif (deflated 84%)
  adding: mnt/lsdi/ocm34857937/ocm34857937/Output/ocm34857937_0254.tif (deflated 3%)
  adding: mnt/lsdi/ocm34857937/ocm34857937/Output/ocm34857937_0255.tif (deflated 3%)
  adding: mnt/lsdi/ocm34857937/ocm34857937/Output/ocm34857937_0256.tif (deflated 4%)
  adding: mnt/lsdi/ocm34857937/ocm34857937/Output/ocm34857937_0257.tif (deflated 4%)
  adding: mnt/lsdi/ocm34857937/ocm34857937/Output/ocm34857937_0258.tif (deflated 3%)
  adding: mnt/lsdi/ocm34857937/ocm34857937/Output/ocm34857937_0259.tif (deflated 3%)
  adding: mnt/lsdi/ocm34857937/ocm34857937/Output/ocm34857937_0260.tif (deflated 4%)
  adding: mnt/lsdi/ocm34857937/ocm34857937/Output/ocm34857937_0261.tif (deflated 4%)
  adding: mnt/lsdi/ocm34857937/ocm34857937/Output/ocm34857937_0262.tif (deflated 3%)
  adding: mnt/lsdi/ocm34857937/ocm34857937/Output/ocm34857937_0263.tif (deflated 2%)
  adding: mnt/lsdi/ocm34857937/ocm34857937/Output/ocm34857937_0264.tif (deflated 4%)
  adding: mnt/lsdi/ocm34857937/ocm34857937/Output/ocm34857937_0265.tif (deflated 3%)
  adding: mnt/lsdi/ocm34857937/ocm34857937/Output/ocm34857937_0266.tif (deflated 4%)
  adding: mnt/lsdi/ocm34857937/ocm34857937/Output/ocm34857937_0267.tif (deflated 17%)
  adding: mnt/lsdi/ocm34857937/ocm34857937/Output/ocm34857937_0268.tif (deflated 84%)
curl --location --header authorization: LOW fpJYfLnxbLmCEHqU:JQbq6NgBaPrSh98Y --upload-file /temp/ocm34857937_images.zip http://s3.us.archive.org/34857937.emory.edu/34857937_images.zip
  % Total    % Received % Xferd  Average Speed   Time    Time     Time  Current
                                 Dload  Upload   Total   Spent    Left  Speed
  0     0    0     0    0     0      0      0 --:--:-- --:--:-- --:--:--     0  0 58.3M    0     0    0     0      0      0 --:--:--  0:00:01 --:--:--     0  1 58.3M    0     0    1  896k      0   434k  0:02:17  0:00:02  0:02:15  450k  2 58.3M    0     0    2 1776k      0   577k  0:01:43  0:00:03  0:01:40  591k  4 58.3M    0     0    4 2656k      0   653k  0:01:31  0:00:04  0:01:27  664k  5 58.3M    0     0    5 3536k      0   699k  0:01:25  0:00:05  0:01:20  709k  7 58.3M    0     0    7 4416k      0   730k  0:01:21  0:00:06  0:01:15  888k  8 58.3M    0     0    8 5296k      0   749k  0:01:19  0:00:07  0:01:12  879k 10 58.3M    0     0   10 6176k      0   766k  0:01:17  0:00:08  0:01:09  882k 11 58.3M    0     0   11 7056k      0   779k  0:01:16  0:00:09  0:01:07  882k 13 58.3M    0     0   13 7936k      0   790k  0:01:15  0:00:10  0:01:05  882k 14 58.3M    0     0   14 8848k      0   799k  0:01:14  0:00:11  0:01:03  883k 16 58.3M    0     0   16 9712k      0   806k  0:01:14  0:00:12  0:01:02  886k 17 58.3M    0     0   17 10.3M      0   812k  0:01:13  0:00:13  0:01:00  887k 19 58.3M    0     0   19 11.2M      0   817k  0:01:13  0:00:14  0:00:59  887k 20 58.3M    0     0   20 12.0M      0   818k  0:01:12  0:00:15  0:00:57  876k 22 58.3M    0     0   22 12.8M      0   822k  0:01:12  0:00:16  0:00:56  873k 23 58.3M    0     0   23 13.7M      0   827k  0:01:12  0:00:17  0:00:55  880k 25 58.3M    0     0   25 14.6M      0   831k  0:01:11  0:00:18  0:00:53  881k 26 58.3M    0     0   26 15.4M      0   831k  0:01:11  0:00:19  0:00:52  868k 27 58.3M    0     0   27 16.2M      0   832k  0:01:11  0:00:20  0:00:51  871k 29 58.3M    0     0   29 17.1M      0   832k  0:01:11  0:00:21  0:00:50  864k 30 58.3M    0     0   30 17.9M      0   833k  0:01:11  0:00:22  0:00:49  854k 32 58.3M    0     0   32 18.7M      0   835k  0:01:11  0:00:23  0:00:48  847k 33 58.3M    0     0   33 19.6M      0   835k  0:01:11  0:00:24  0:00:47  854k 35 58.3M    0     0   35 20.5M      0   838k  0:01:11  0:00:25  0:00:46  862k 36 58.3M    0     0   36 21.3M      0   840k  0:01:11  0:00:26  0:00:45  870k 38 58.3M    0     0   38 22.2M      0   841k  0:01:10  0:00:27  0:00:43  877k 39 58.3M    0     0   39 23.0M      0   842k  0:01:10  0:00:28  0:00:42  875k 41 58.3M    0     0   41 23.9M      0   844k  0:01:10  0:00:29  0:00:41  883k 42 58.3M    0     0   42 24.8M      0   845k  0:01:10  0:00:30  0:00:40  880k 43 58.3M    0     0   43 25.6M      0   846k  0:01:10  0:00:31  0:00:39  880k 45 58.3M    0     0   45 26.5M      0   847k  0:01:10  0:00:32  0:00:38  878k 46 58.3M    0     0   46 27.4M      0   849k  0:01:10  0:00:33  0:00:37  887k 48 58.3M    0     0   48 28.2M      0   850k  0:01:10  0:00:34  0:00:36  886k 49 58.3M    0     0   49 29.1M      0   851k  0:01:10  0:00:35  0:00:35  887k 51 58.3M    0     0   51 30.0M      0   852k  0:01:10  0:00:36  0:00:34  887k 52 58.3M    0     0   52 30.8M      0   853k  0:01:10  0:00:37  0:00:33  888k 54 58.3M    0     0   54 31.7M      0   854k  0:01:09  0:00:38  0:00:31  887k 55 58.3M    0     0   55 32.6M      0   855k  0:01:09  0:00:39  0:00:30  889k 57 58.3M    0     0   57 33.4M      0   855k  0:01:09  0:00:40  0:00:29  888k 58 58.3M    0     0   58 34.3M      0   856k  0:01:09  0:00:41  0:00:28  887k 60 58.3M    0     0   60 35.2M      0   857k  0:01:09  0:00:42  0:00:27  887k 61 58.3M    0     0   61 35.6M      0   847k  0:01:10  0:00:43  0:00:27  798k 61 58.3M    0     0   61 36.0M      0   838k  0:01:11  0:00:44  0:00:27  710k 62 58.3M    0     0   62 36.6M      0   832k  0:01:11  0:00:45  0:00:26  644k 63 58.3M    0     0   63 37.2M      0   827k  0:01:12  0:00:46  0:00:26  593k 65 58.3M    0     0   65 37.9M      0   825k  0:01:12  0:00:47  0:00:25  558k 66 58.3M    0     0   66 38.6M      0   823k  0:01:12  0:00:48  0:00:24  614k 67 58.3M    0     0   67 39.3M      0   821k  0:01:12  0:00:49  0:00:23  665k 68 58.3M    0     0   68 40.1M      0   820k  0:01:12  0:00:50  0:00:22  712k 70 58.3M    0     0   70 40.8M      0   819k  0:01:12  0:00:51  0:00:21  745k 71 58.3M    0     0   71 41.5M      0   817k  0:01:13  0:00:52  0:00:21  742k 72 58.3M    0     0   72 42.4M      0   818k  0:01:12  0:00:53  0:00:19  775k 73 58.3M    0     0   73 43.0M      0   816k  0:01:13  0:00:54  0:00:19  765k 75 58.3M    0     0   75 43.7M      0   813k  0:01:13  0:00:55  0:00:18  749k 76 58.3M    0     0   76 44.3M      0   810k  0:01:13  0:00:56  0:00:17  713k 77 58.3M    0     0   77 45.0M      0   808k  0:01:13  0:00:57  0:00:16  708k 78 58.3M    0     0   78 45.6M      0   805k  0:01:14  0:00:58  0:00:16  659k 79 58.3M    0     0   79 46.3M      0   803k  0:01:14  0:00:59  0:00:15  668k 80 58.3M    0     0   80 47.1M      0   803k  0:01:14  0:01:00  0:00:14  688k 82 58.3M    0     0   82 48.0M      0   805k  0:01:14  0:01:01  0:00:13  746k 83 58.3M    0     0   83 48.8M      0   807k  0:01:14  0:01:02  0:00:12  794k 85 58.3M    0     0   85 49.7M      0   808k  0:01:13  0:01:03  0:00:10  843k 86 58.3M    0     0   86 50.6M      0   809k  0:01:13  0:01:04  0:00:09  882k 88 58.3M    0     0   88 51.5M      0   811k  0:01:13  0:01:05  0:00:08  902k 89 58.3M    0     0   89 52.3M      0   812k  0:01:13  0:01:06  0:00:07  899k 91 58.3M    0     0   91 53.2M      0   813k  0:01:13  0:01:07  0:00:06  894k 92 58.3M    0     0   92 54.1M      0   814k  0:01:13  0:01:08  0:00:05  897k 94 58.3M    0     0   94 55.0M      0   816k  0:01:13  0:01:09  0:00:04  903k 95 58.3M    0     0   95 55.9M      0   817k  0:01:13  0:01:10  0:00:03  900k 97 58.3M    0     0   97 56.8M      0   818k  0:01:12  0:01:11  0:00:01  903k 98 58.3M    0     0   98 57.7M      0   819k  0:01:12  0:01:12 --:--:--  903k100 58.3M    0     0  100 58.3M      0   809k  0:01:13  0:01:13 --:--:--  748k100 58.3M    0     0  100 58.3M      0   798k  0:01:14  0:01:14 --:--:--  587k100 58.3M    0     0  100 58.3M      0   788k  0:01:15  0:01:15 --:--:--  433k100 58.3M    0     0  100 58.3M      0   778k  0:01:16  0:01:16 --:--:--  274k100 58.3M    0     0  100 58.3M      0   771k  0:01:17  0:01:17 --:--:--  124k100 58.3M    0     0  100 58.3M      0   771k  0:01:17  0:01:17 --:--:--     0
