32514357
curl --location --header x-amz-auto-make-bucket:1 --header x-archive-ignore-preexisting-bucket:1 --header x-archive-queue-derive:0 --header x-archive-meta-mediatype:texts --header x-archive-meta01-collection:medicalheritagelibrary --header x-archive-meta03-collection:emory --header x-archive-meta-sponsor:Emory University, Woodruff Health Sciences Center Library --header x-archive-meta-contributor:Emory University, Woodruff Health Sciences Center Library --header x-archive-meta-ppi:400 --header authorization: LOW fpJYfLnxbLmCEHqU:JQbq6NgBaPrSh98Y --upload-file /mnt/lsdi2/ocm32514357-5997/ocm32514357/ocm32514357_MRC.xml http://s3.us.archive.org/32514357.5997.emory.edu/32514357.5997.emory.edu_marc.xml
  % Total    % Received % Xferd  Average Speed   Time    Time     Time  Current
                                 Dload  Upload   Total   Spent    Left  Speed
  0     0    0     0    0     0      0      0 --:--:-- --:--:-- --:--:--     0  0  5708    0     0    0     0      0      0 --:--:--  0:00:01 --:--:--     0  0  5708    0     0    0     0      0      0 --:--:--  0:00:02 --:--:--     0100  5708    0     0  100  5708      0   2112  0:00:02  0:00:02 --:--:--  2171100  5708    0     0  100  5708      0   1541  0:00:03  0:00:03 --:--:--  1572100  5708    0     0  100  5708      0   1213  0:00:04  0:00:04 --:--:--  1232100  5708    0     0  100  5708      0   1000  0:00:05  0:00:05 --:--:--  1232100  5708    0     0  100  5708      0    851  0:00:06  0:00:06 --:--:--  1232100  5708    0     0  100  5708      0    740  0:00:07  0:00:07 --:--:--     0100  5708    0     0  100  5708      0    670  0:00:08  0:00:08 --:--:--     0
zip -r /temp/ocm32514357_5997_images.zip /mnt/lsdi2/ocm32514357-5997/ocm32514357/Output/Images/JP2
  adding: mnt/lsdi2/ocm32514357-5997/ocm32514357/Output/Images/JP2/ (stored 0%)
  adding: mnt/lsdi2/ocm32514357-5997/ocm32514357/Output/Images/JP2/0030.jp2 (deflated 0%)
  adding: mnt/lsdi2/ocm32514357-5997/ocm32514357/Output/Images/JP2/0421.jp2 (deflated 0%)
  adding: mnt/lsdi2/ocm32514357-5997/ocm32514357/Output/Images/JP2/0130.jp2 (deflated 0%)
  adding: mnt/lsdi2/ocm32514357-5997/ocm32514357/Output/Images/JP2/0249.jp2 (deflated 0%)
  adding: mnt/lsdi2/ocm32514357-5997/ocm32514357/Output/Images/JP2/0433.jp2 (deflated 0%)
  adding: mnt/lsdi2/ocm32514357-5997/ocm32514357/Output/Images/JP2/0100.jp2 (deflated 0%)
  adding: mnt/lsdi2/ocm32514357-5997/ocm32514357/Output/Images/JP2/0440.jp2 (deflated 0%)
  adding: mnt/lsdi2/ocm32514357-5997/ocm32514357/Output/Images/JP2/0175.jp2 (deflated 0%)
  adding: mnt/lsdi2/ocm32514357-5997/ocm32514357/Output/Images/JP2/0061.jp2 (deflated 0%)
  adding: mnt/lsdi2/ocm32514357-5997/ocm32514357/Output/Images/JP2/0057.jp2 (deflated 0%)
  adding: mnt/lsdi2/ocm32514357-5997/ocm32514357/Output/Images/JP2/0386.jp2 (deflated 0%)
  adding: mnt/lsdi2/ocm32514357-5997/ocm32514357/Output/Images/JP2/0199.jp2 (deflated 0%)
  adding: mnt/lsdi2/ocm32514357-5997/ocm32514357/Output/Images/JP2/0062.jp2 (deflated 0%)
  adding: mnt/lsdi2/ocm32514357-5997/ocm32514357/Output/Images/JP2/0036.jp2 (deflated 0%)
  adding: mnt/lsdi2/ocm32514357-5997/ocm32514357/Output/Images/JP2/0245.jp2 (deflated 0%)
  adding: mnt/lsdi2/ocm32514357-5997/ocm32514357/Output/Images/JP2/0170.jp2 (deflated 0%)
  adding: mnt/lsdi2/ocm32514357-5997/ocm32514357/Output/Images/JP2/0320.jp2 (deflated 0%)
  adding: mnt/lsdi2/ocm32514357-5997/ocm32514357/Output/Images/JP2/0238.jp2 (deflated 0%)
  adding: mnt/lsdi2/ocm32514357-5997/ocm32514357/Output/Images/JP2/0107.jp2 (deflated 0%)
  adding: mnt/lsdi2/ocm32514357-5997/ocm32514357/Output/Images/JP2/0085.jp2 (deflated 0%)
  adding: mnt/lsdi2/ocm32514357-5997/ocm32514357/Output/Images/JP2/0132.jp2 (deflated 0%)
  adding: mnt/lsdi2/ocm32514357-5997/ocm32514357/Output/Images/JP2/0361.jp2 (deflated 0%)
  adding: mnt/lsdi2/ocm32514357-5997/ocm32514357/Output/Images/JP2/0387.jp2 (deflated 0%)
  adding: mnt/lsdi2/ocm32514357-5997/ocm32514357/Output/Images/JP2/0178.jp2 (deflated 0%)
  adding: mnt/lsdi2/ocm32514357-5997/ocm32514357/Output/Images/JP2/0010.jp2 (deflated 0%)
  adding: mnt/lsdi2/ocm32514357-5997/ocm32514357/Output/Images/JP2/0355.jp2 (deflated 0%)
  adding: mnt/lsdi2/ocm32514357-5997/ocm32514357/Output/Images/JP2/0013.jp2 (deflated 0%)
  adding: mnt/lsdi2/ocm32514357-5997/ocm32514357/Output/Images/JP2/0452.jp2 (deflated 0%)
  adding: mnt/lsdi2/ocm32514357-5997/ocm32514357/Output/Images/JP2/0443.jp2 (deflated 0%)
  adding: mnt/lsdi2/ocm32514357-5997/ocm32514357/Output/Images/JP2/0089.jp2 (deflated 0%)
  adding: mnt/lsdi2/ocm32514357-5997/ocm32514357/Output/Images/JP2/0260.jp2 (deflated 0%)
  adding: mnt/lsdi2/ocm32514357-5997/ocm32514357/Output/Images/JP2/0121.jp2 (deflated 0%)
  adding: mnt/lsdi2/ocm32514357-5997/ocm32514357/Output/Images/JP2/0141.jp2 (deflated 0%)
  adding: mnt/lsdi2/ocm32514357-5997/ocm32514357/Output/Images/JP2/0434.jp2 (deflated 0%)
  adding: mnt/lsdi2/ocm32514357-5997/ocm32514357/Output/Images/JP2/0401.jp2 (deflated 0%)
  adding: mnt/lsdi2/ocm32514357-5997/ocm32514357/Output/Images/JP2/0375.jp2 (deflated 0%)
  adding: mnt/lsdi2/ocm32514357-5997/ocm32514357/Output/Images/JP2/0270.jp2 (deflated 0%)
  adding: mnt/lsdi2/ocm32514357-5997/ocm32514357/Output/Images/JP2/0090.jp2 (deflated 0%)
  adding: mnt/lsdi2/ocm32514357-5997/ocm32514357/Output/Images/JP2/0331.jp2 (deflated 0%)
  adding: mnt/lsdi2/ocm32514357-5997/ocm32514357/Output/Images/JP2/0446.jp2 (deflated 0%)
  adding: mnt/lsdi2/ocm32514357-5997/ocm32514357/Output/Images/JP2/0188.jp2 (deflated 0%)
  adding: mnt/lsdi2/ocm32514357-5997/ocm32514357/Output/Images/JP2/0376.jp2 (deflated 0%)
  adding: mnt/lsdi2/ocm32514357-5997/ocm32514357/Output/Images/JP2/0102.jp2 (deflated 0%)
  adding: mnt/lsdi2/ocm32514357-5997/ocm32514357/Output/Images/JP2/0444.jp2 (deflated 0%)
  adding: mnt/lsdi2/ocm32514357-5997/ocm32514357/Output/Images/JP2/0347.jp2 (deflated 0%)
  adding: mnt/lsdi2/ocm32514357-5997/ocm32514357/Output/Images/JP2/0042.jp2 (deflated 0%)
  adding: mnt/lsdi2/ocm32514357-5997/ocm32514357/Output/Images/JP2/0341.jp2 (deflated 0%)
  adding: mnt/lsdi2/ocm32514357-5997/ocm32514357/Output/Images/JP2/0264.jp2 (deflated 0%)
  adding: mnt/lsdi2/ocm32514357-5997/ocm32514357/Output/Images/JP2/0265.jp2 (deflated 0%)
  adding: mnt/lsdi2/ocm32514357-5997/ocm32514357/Output/Images/JP2/0149.jp2 (deflated 0%)
  adding: mnt/lsdi2/ocm32514357-5997/ocm32514357/Output/Images/JP2/0329.jp2 (deflated 0%)
  adding: mnt/lsdi2/ocm32514357-5997/ocm32514357/Output/Images/JP2/0091.jp2 (deflated 0%)
  adding: mnt/lsdi2/ocm32514357-5997/ocm32514357/Output/Images/JP2/0179.jp2 (deflated 0%)
  adding: mnt/lsdi2/ocm32514357-5997/ocm32514357/Output/Images/JP2/0174.jp2 (deflated 0%)
  adding: mnt/lsdi2/ocm32514357-5997/ocm32514357/Output/Images/JP2/0120.jp2 (deflated 0%)
  adding: mnt/lsdi2/ocm32514357-5997/ocm32514357/Output/Images/JP2/0098.jp2 (deflated 0%)
  adding: mnt/lsdi2/ocm32514357-5997/ocm32514357/Output/Images/JP2/0086.jp2 (deflated 0%)
  adding: mnt/lsdi2/ocm32514357-5997/ocm32514357/Output/Images/JP2/0392.jp2 (deflated 0%)
  adding: mnt/lsdi2/ocm32514357-5997/ocm32514357/Output/Images/JP2/0316.jp2 (deflated 0%)
  adding: mnt/lsdi2/ocm32514357-5997/ocm32514357/Output/Images/JP2/0390.jp2 (deflated 0%)
  adding: mnt/lsdi2/ocm32514357-5997/ocm32514357/Output/Images/JP2/0335.jp2 (deflated 0%)
  adding: mnt/lsdi2/ocm32514357-5997/ocm32514357/Output/Images/JP2/0300.jp2 (deflated 0%)
  adding: mnt/lsdi2/ocm32514357-5997/ocm32514357/Output/Images/JP2/0230.jp2 (deflated 0%)
  adding: mnt/lsdi2/ocm32514357-5997/ocm32514357/Output/Images/JP2/0227.jp2 (deflated 0%)
  adding: mnt/lsdi2/ocm32514357-5997/ocm32514357/Output/Images/JP2/0047.jp2 (deflated 0%)
  adding: mnt/lsdi2/ocm32514357-5997/ocm32514357/Output/Images/JP2/0159.jp2 (deflated 0%)
  adding: mnt/lsdi2/ocm32514357-5997/ocm32514357/Output/Images/JP2/0391.jp2 (deflated 0%)
  adding: mnt/lsdi2/ocm32514357-5997/ocm32514357/Output/Images/JP2/0364.jp2 (deflated 0%)
  adding: mnt/lsdi2/ocm32514357-5997/ocm32514357/Output/Images/JP2/0136.jp2 (deflated 0%)
  adding: mnt/lsdi2/ocm32514357-5997/ocm32514357/Output/Images/JP2/0034.jp2 (deflated 0%)
  adding: mnt/lsdi2/ocm32514357-5997/ocm32514357/Output/Images/JP2/0140.jp2 (deflated 0%)
  adding: mnt/lsdi2/ocm32514357-5997/ocm32514357/Output/Images/JP2/0195.jp2 (deflated 0%)
  adding: mnt/lsdi2/ocm32514357-5997/ocm32514357/Output/Images/JP2/0015.jp2 (deflated 0%)
  adding: mnt/lsdi2/ocm32514357-5997/ocm32514357/Output/Images/JP2/0234.jp2 (deflated 0%)
  adding: mnt/lsdi2/ocm32514357-5997/ocm32514357/Output/Images/JP2/0070.jp2 (deflated 0%)
  adding: mnt/lsdi2/ocm32514357-5997/ocm32514357/Output/Images/JP2/0274.jp2 (deflated 0%)
  adding: mnt/lsdi2/ocm32514357-5997/ocm32514357/Output/Images/JP2/0126.jp2 (deflated 0%)
  adding: mnt/lsdi2/ocm32514357-5997/ocm32514357/Output/Images/JP2/0111.jp2 (deflated 0%)
  adding: mnt/lsdi2/ocm32514357-5997/ocm32514357/Output/Images/JP2/0113.jp2 (deflated 0%)
  adding: mnt/lsdi2/ocm32514357-5997/ocm32514357/Output/Images/JP2/0115.jp2 (deflated 0%)
  adding: mnt/lsdi2/ocm32514357-5997/ocm32514357/Output/Images/JP2/0305.jp2 (deflated 0%)
  adding: mnt/lsdi2/ocm32514357-5997/ocm32514357/Output/Images/JP2/0423.jp2 (deflated 0%)
  adding: mnt/lsdi2/ocm32514357-5997/ocm32514357/Output/Images/JP2/0182.jp2 (deflated 0%)
  adding: mnt/lsdi2/ocm32514357-5997/ocm32514357/Output/Images/JP2/0370.jp2 (deflated 0%)
  adding: mnt/lsdi2/ocm32514357-5997/ocm32514357/Output/Images/JP2/0313.jp2 (deflated 0%)
  adding: mnt/lsdi2/ocm32514357-5997/ocm32514357/Output/Images/JP2/0419.jp2 (deflated 0%)
  adding: mnt/lsdi2/ocm32514357-5997/ocm32514357/Output/Images/JP2/0279.jp2 (deflated 0%)
  adding: mnt/lsdi2/ocm32514357-5997/ocm32514357/Output/Images/JP2/0360.jp2 (deflated 0%)
  adding: mnt/lsdi2/ocm32514357-5997/ocm32514357/Output/Images/JP2/0186.jp2 (deflated 0%)
  adding: mnt/lsdi2/ocm32514357-5997/ocm32514357/Output/Images/JP2/0290.jp2 (deflated 0%)
  adding: mnt/lsdi2/ocm32514357-5997/ocm32514357/Output/Images/JP2/0124.jp2 (deflated 0%)
  adding: mnt/lsdi2/ocm32514357-5997/ocm32514357/Output/Images/JP2/0242.jp2 (deflated 0%)
  adding: mnt/lsdi2/ocm32514357-5997/ocm32514357/Output/Images/JP2/0321.jp2 (deflated 0%)
  adding: mnt/lsdi2/ocm32514357-5997/ocm32514357/Output/Images/JP2/0455.jp2 (deflated 0%)
  adding: mnt/lsdi2/ocm32514357-5997/ocm32514357/Output/Images/JP2/0223.jp2 (deflated 0%)
  adding: mnt/lsdi2/ocm32514357-5997/ocm32514357/Output/Images/JP2/0447.jp2 (deflated 0%)
  adding: mnt/lsdi2/ocm32514357-5997/ocm32514357/Output/Images/JP2/0395.jp2 (deflated 0%)
  adding: mnt/lsdi2/ocm32514357-5997/ocm32514357/Output/Images/JP2/0027.jp2 (deflated 0%)
  adding: mnt/lsdi2/ocm32514357-5997/ocm32514357/Output/Images/JP2/0319.jp2 (deflated 0%)
  adding: mnt/lsdi2/ocm32514357-5997/ocm32514357/Output/Images/JP2/0442.jp2 (deflated 0%)
  adding: mnt/lsdi2/ocm32514357-5997/ocm32514357/Output/Images/JP2/0064.jp2 (deflated 0%)
  adding: mnt/lsdi2/ocm32514357-5997/ocm32514357/Output/Images/JP2/0348.jp2 (deflated 0%)
  adding: mnt/lsdi2/ocm32514357-5997/ocm32514357/Output/Images/JP2/0007.jp2 (deflated 0%)
  adding: mnt/lsdi2/ocm32514357-5997/ocm32514357/Output/Images/JP2/0191.jp2 (deflated 0%)
  adding: mnt/lsdi2/ocm32514357-5997/ocm32514357/Output/Images/JP2/0066.jp2 (deflated 0%)
  adding: mnt/lsdi2/ocm32514357-5997/ocm32514357/Output/Images/JP2/0278.jp2 (deflated 0%)
  adding: mnt/lsdi2/ocm32514357-5997/ocm32514357/Output/Images/JP2/0153.jp2 (deflated 0%)
  adding: mnt/lsdi2/ocm32514357-5997/ocm32514357/Output/Images/JP2/0266.jp2 (deflated 0%)
  adding: mnt/lsdi2/ocm32514357-5997/ocm32514357/Output/Images/JP2/0246.jp2 (deflated 0%)
  adding: mnt/lsdi2/ocm32514357-5997/ocm32514357/Output/Images/JP2/0220.jp2 (deflated 0%)
  adding: mnt/lsdi2/ocm32514357-5997/ocm32514357/Output/Images/JP2/0119.jp2 (deflated 0%)
  adding: mnt/lsdi2/ocm32514357-5997/ocm32514357/Output/Images/JP2/0096.jp2 (deflated 0%)
  adding: mnt/lsdi2/ocm32514357-5997/ocm32514357/Output/Images/JP2/0050.jp2 (deflated 0%)
  adding: mnt/lsdi2/ocm32514357-5997/ocm32514357/Output/Images/JP2/0114.jp2 (deflated 0%)
  adding: mnt/lsdi2/ocm32514357-5997/ocm32514357/Output/Images/JP2/0146.jp2 (deflated 0%)
  adding: mnt/lsdi2/ocm32514357-5997/ocm32514357/Output/Images/JP2/0307.jp2 (deflated 0%)
  adding: mnt/lsdi2/ocm32514357-5997/ocm32514357/Output/Images/JP2/0282.jp2 (deflated 0%)
  adding: mnt/lsdi2/ocm32514357-5997/ocm32514357/Output/Images/JP2/0429.jp2 (deflated 0%)
  adding: mnt/lsdi2/ocm32514357-5997/ocm32514357/Output/Images/JP2/0399.jp2 (deflated 0%)
  adding: mnt/lsdi2/ocm32514357-5997/ocm32514357/Output/Images/JP2/0032.jp2 (deflated 0%)
  adding: mnt/lsdi2/ocm32514357-5997/ocm32514357/Output/Images/JP2/0037.jp2 (deflated 0%)
  adding: mnt/lsdi2/ocm32514357-5997/ocm32514357/Output/Images/JP2/0284.jp2 (deflated 0%)
  adding: mnt/lsdi2/ocm32514357-5997/ocm32514357/Output/Images/JP2/0393.jp2 (deflated 0%)
  adding: mnt/lsdi2/ocm32514357-5997/ocm32514357/Output/Images/JP2/0352.jp2 (deflated 0%)
  adding: mnt/lsdi2/ocm32514357-5997/ocm32514357/Output/Images/JP2/0277.jp2 (deflated 0%)
  adding: mnt/lsdi2/ocm32514357-5997/ocm32514357/Output/Images/JP2/0128.jp2 (deflated 0%)
  adding: mnt/lsdi2/ocm32514357-5997/ocm32514357/Output/Images/JP2/0105.jp2 (deflated 0%)
  adding: mnt/lsdi2/ocm32514357-5997/ocm32514357/Output/Images/JP2/0012.jp2 (deflated 0%)
  adding: mnt/lsdi2/ocm32514357-5997/ocm32514357/Output/Images/JP2/0203.jp2 (deflated 0%)
  adding: mnt/lsdi2/ocm32514357-5997/ocm32514357/Output/Images/JP2/0148.jp2 (deflated 0%)
  adding: mnt/lsdi2/ocm32514357-5997/ocm32514357/Output/Images/JP2/0123.jp2 (deflated 0%)
  adding: mnt/lsdi2/ocm32514357-5997/ocm32514357/Output/Images/JP2/0377.jp2 (deflated 0%)
  adding: mnt/lsdi2/ocm32514357-5997/ocm32514357/Output/Images/JP2/0312.jp2 (deflated 0%)
  adding: mnt/lsdi2/ocm32514357-5997/ocm32514357/Output/Images/JP2/0082.jp2 (deflated 0%)
  adding: mnt/lsdi2/ocm32514357-5997/ocm32514357/Output/Images/JP2/0259.jp2 (deflated 0%)
  adding: mnt/lsdi2/ocm32514357-5997/ocm32514357/Output/Images/JP2/0236.jp2 (deflated 0%)
  adding: mnt/lsdi2/ocm32514357-5997/ocm32514357/Output/Images/JP2/0158.jp2 (deflated 0%)
  adding: mnt/lsdi2/ocm32514357-5997/ocm32514357/Output/Images/JP2/0144.jp2 (deflated 0%)
  adding: mnt/lsdi2/ocm32514357-5997/ocm32514357/Output/Images/JP2/0317.jp2 (deflated 0%)
  adding: mnt/lsdi2/ocm32514357-5997/ocm32514357/Output/Images/JP2/0219.jp2 (deflated 0%)
  adding: mnt/lsdi2/ocm32514357-5997/ocm32514357/Output/Images/JP2/0291.jp2 (deflated 0%)
  adding: mnt/lsdi2/ocm32514357-5997/ocm32514357/Output/Images/JP2/0023.jp2 (deflated 0%)
  adding: mnt/lsdi2/ocm32514357-5997/ocm32514357/Output/Images/JP2/0076.jp2 (deflated 0%)
  adding: mnt/lsdi2/ocm32514357-5997/ocm32514357/Output/Images/JP2/0273.jp2 (deflated 0%)
  adding: mnt/lsdi2/ocm32514357-5997/ocm32514357/Output/Images/JP2/0309.jp2 (deflated 0%)
  adding: mnt/lsdi2/ocm32514357-5997/ocm32514357/Output/Images/JP2/0063.jp2 (deflated 0%)
  adding: mnt/lsdi2/ocm32514357-5997/ocm32514357/Output/Images/JP2/0363.jp2 (deflated 0%)
  adding: mnt/lsdi2/ocm32514357-5997/ocm32514357/Output/Images/JP2/0139.jp2 (deflated 0%)
  adding: mnt/lsdi2/ocm32514357-5997/ocm32514357/Output/Images/JP2/0456.jp2 (deflated 0%)
  adding: mnt/lsdi2/ocm32514357-5997/ocm32514357/Output/Images/JP2/0072.jp2 (deflated 0%)
  adding: mnt/lsdi2/ocm32514357-5997/ocm32514357/Output/Images/JP2/0004.jp2 (deflated 0%)
  adding: mnt/lsdi2/ocm32514357-5997/ocm32514357/Output/Images/JP2/0067.jp2 (deflated 0%)
  adding: mnt/lsdi2/ocm32514357-5997/ocm32514357/Output/Images/JP2/0228.jp2 (deflated 0%)
  adding: mnt/lsdi2/ocm32514357-5997/ocm32514357/Output/Images/JP2/0373.jp2 (deflated 0%)
  adding: mnt/lsdi2/ocm32514357-5997/ocm32514357/Output/Images/JP2/0145.jp2 (deflated 0%)
  adding: mnt/lsdi2/ocm32514357-5997/ocm32514357/Output/Images/JP2/0239.jp2 (deflated 0%)
  adding: mnt/lsdi2/ocm32514357-5997/ocm32514357/Output/Images/JP2/0041.jp2 (deflated 0%)
  adding: mnt/lsdi2/ocm32514357-5997/ocm32514357/Output/Images/JP2/0210.jp2 (deflated 0%)
  adding: mnt/lsdi2/ocm32514357-5997/ocm32514357/Output/Images/JP2/0171.jp2 (deflated 0%)
  adding: mnt/lsdi2/ocm32514357-5997/ocm32514357/Output/Images/JP2/0283.jp2 (deflated 0%)
  adding: mnt/lsdi2/ocm32514357-5997/ocm32514357/Output/Images/JP2/0207.jp2 (deflated 0%)
  adding: mnt/lsdi2/ocm32514357-5997/ocm32514357/Output/Images/JP2/0218.jp2 (deflated 0%)
  adding: mnt/lsdi2/ocm32514357-5997/ocm32514357/Output/Images/JP2/0087.jp2 (deflated 0%)
  adding: mnt/lsdi2/ocm32514357-5997/ocm32514357/Output/Images/JP2/0117.jp2 (deflated 0%)
  adding: mnt/lsdi2/ocm32514357-5997/ocm32514357/Output/Images/JP2/0342.jp2 (deflated 0%)
  adding: mnt/lsdi2/ocm32514357-5997/ocm32514357/Output/Images/JP2/0122.jp2 (deflated 0%)
  adding: mnt/lsdi2/ocm32514357-5997/ocm32514357/Output/Images/JP2/0162.jp2 (deflated 0%)
  adding: mnt/lsdi2/ocm32514357-5997/ocm32514357/Output/Images/JP2/0389.jp2 (deflated 0%)
  adding: mnt/lsdi2/ocm32514357-5997/ocm32514357/Output/Images/JP2/0201.jp2 (deflated 0%)
  adding: mnt/lsdi2/ocm32514357-5997/ocm32514357/Output/Images/JP2/0431.jp2 (deflated 0%)
  adding: mnt/lsdi2/ocm32514357-5997/ocm32514357/Output/Images/JP2/0308.jp2 (deflated 0%)
  adding: mnt/lsdi2/ocm32514357-5997/ocm32514357/Output/Images/JP2/0075.jp2 (deflated 0%)
  adding: mnt/lsdi2/ocm32514357-5997/ocm32514357/Output/Images/JP2/0129.jp2 (deflated 0%)
  adding: mnt/lsdi2/ocm32514357-5997/ocm32514357/Output/Images/JP2/0097.jp2 (deflated 0%)
  adding: mnt/lsdi2/ocm32514357-5997/ocm32514357/Output/Images/JP2/0213.jp2 (deflated 0%)
  adding: mnt/lsdi2/ocm32514357-5997/ocm32514357/Output/Images/JP2/0449.jp2 (deflated 0%)
  adding: mnt/lsdi2/ocm32514357-5997/ocm32514357/Output/Images/JP2/0292.jp2 (deflated 0%)
  adding: mnt/lsdi2/ocm32514357-5997/ocm32514357/Output/Images/JP2/0323.jp2 (deflated 0%)
  adding: mnt/lsdi2/ocm32514357-5997/ocm32514357/Output/Images/JP2/0400.jp2 (deflated 0%)
  adding: mnt/lsdi2/ocm32514357-5997/ocm32514357/Output/Images/JP2/0398.jp2 (deflated 0%)
  adding: mnt/lsdi2/ocm32514357-5997/ocm32514357/Output/Images/JP2/0441.jp2 (deflated 0%)
  adding: mnt/lsdi2/ocm32514357-5997/ocm32514357/Output/Images/JP2/0256.jp2 (deflated 0%)
  adding: mnt/lsdi2/ocm32514357-5997/ocm32514357/Output/Images/JP2/0325.jp2 (deflated 0%)
  adding: mnt/lsdi2/ocm32514357-5997/ocm32514357/Output/Images/JP2/0079.jp2 (deflated 0%)
  adding: mnt/lsdi2/ocm32514357-5997/ocm32514357/Output/Images/JP2/0280.jp2 (deflated 0%)
  adding: mnt/lsdi2/ocm32514357-5997/ocm32514357/Output/Images/JP2/0382.jp2 (deflated 0%)
  adding: mnt/lsdi2/ocm32514357-5997/ocm32514357/Output/Images/JP2/0177.jp2 (deflated 0%)
  adding: mnt/lsdi2/ocm32514357-5997/ocm32514357/Output/Images/JP2/0414.jp2 (deflated 0%)
  adding: mnt/lsdi2/ocm32514357-5997/ocm32514357/Output/Images/JP2/0005.jp2 (deflated 0%)
  adding: mnt/lsdi2/ocm32514357-5997/ocm32514357/Output/Images/JP2/0208.jp2 (deflated 0%)
  adding: mnt/lsdi2/ocm32514357-5997/ocm32514357/Output/Images/JP2/0078.jp2 (deflated 0%)
  adding: mnt/lsdi2/ocm32514357-5997/ocm32514357/Output/Images/JP2/0403.jp2 (deflated 0%)
  adding: mnt/lsdi2/ocm32514357-5997/ocm32514357/Output/Images/JP2/0029.jp2 (deflated 0%)
  adding: mnt/lsdi2/ocm32514357-5997/ocm32514357/Output/Images/JP2/0127.jp2 (deflated 0%)
  adding: mnt/lsdi2/ocm32514357-5997/ocm32514357/Output/Images/JP2/0432.jp2 (deflated 0%)
  adding: mnt/lsdi2/ocm32514357-5997/ocm32514357/Output/Images/JP2/0055.jp2 (deflated 0%)
  adding: mnt/lsdi2/ocm32514357-5997/ocm32514357/Output/Images/JP2/0028.jp2 (deflated 0%)
  adding: mnt/lsdi2/ocm32514357-5997/ocm32514357/Output/Images/JP2/0353.jp2 (deflated 0%)
  adding: mnt/lsdi2/ocm32514357-5997/ocm32514357/Output/Images/JP2/0448.jp2 (deflated 0%)
  adding: mnt/lsdi2/ocm32514357-5997/ocm32514357/Output/Images/JP2/0189.jp2 (deflated 0%)
  adding: mnt/lsdi2/ocm32514357-5997/ocm32514357/Output/Images/JP2/0165.jp2 (deflated 0%)
  adding: mnt/lsdi2/ocm32514357-5997/ocm32514357/Output/Images/JP2/0384.jp2 (deflated 0%)
  adding: mnt/lsdi2/ocm32514357-5997/ocm32514357/Output/Images/JP2/0333.jp2 (deflated 0%)
  adding: mnt/lsdi2/ocm32514357-5997/ocm32514357/Output/Images/JP2/0381.jp2 (deflated 0%)
  adding: mnt/lsdi2/ocm32514357-5997/ocm32514357/Output/Images/JP2/0018.jp2 (deflated 0%)
  adding: mnt/lsdi2/ocm32514357-5997/ocm32514357/Output/Images/JP2/0221.jp2 (deflated 0%)
  adding: mnt/lsdi2/ocm32514357-5997/ocm32514357/Output/Images/JP2/0206.jp2 (deflated 0%)
  adding: mnt/lsdi2/ocm32514357-5997/ocm32514357/Output/Images/JP2/0356.jp2 (deflated 0%)
  adding: mnt/lsdi2/ocm32514357-5997/ocm32514357/Output/Images/JP2/0413.jp2 (deflated 0%)
  adding: mnt/lsdi2/ocm32514357-5997/ocm32514357/Output/Images/JP2/0134.jp2 (deflated 0%)
  adding: mnt/lsdi2/ocm32514357-5997/ocm32514357/Output/Images/JP2/0043.jp2 (deflated 0%)
  adding: mnt/lsdi2/ocm32514357-5997/ocm32514357/Output/Images/JP2/0289.jp2 (deflated 0%)
  adding: mnt/lsdi2/ocm32514357-5997/ocm32514357/Output/Images/JP2/0151.jp2 (deflated 0%)
  adding: mnt/lsdi2/ocm32514357-5997/ocm32514357/Output/Images/JP2/0065.jp2 (deflated 0%)
  adding: mnt/lsdi2/ocm32514357-5997/ocm32514357/Output/Images/JP2/0458.jp2 (deflated 0%)
  adding: mnt/lsdi2/ocm32514357-5997/ocm32514357/Output/Images/JP2/0255.jp2 (deflated 0%)
  adding: mnt/lsdi2/ocm32514357-5997/ocm32514357/Output/Images/JP2/0427.jp2 (deflated 0%)
  adding: mnt/lsdi2/ocm32514357-5997/ocm32514357/Output/Images/JP2/0150.jp2 (deflated 0%)
  adding: mnt/lsdi2/ocm32514357-5997/ocm32514357/Output/Images/JP2/0112.jp2 (deflated 0%)
  adding: mnt/lsdi2/ocm32514357-5997/ocm32514357/Output/Images/JP2/0168.jp2 (deflated 0%)
  adding: mnt/lsdi2/ocm32514357-5997/ocm32514357/Output/Images/JP2/0252.jp2 (deflated 0%)
  adding: mnt/lsdi2/ocm32514357-5997/ocm32514357/Output/Images/JP2/0068.jp2 (deflated 0%)
  adding: mnt/lsdi2/ocm32514357-5997/ocm32514357/Output/Images/JP2/0044.jp2 (deflated 0%)
  adding: mnt/lsdi2/ocm32514357-5997/ocm32514357/Output/Images/JP2/0296.jp2 (deflated 0%)
  adding: mnt/lsdi2/ocm32514357-5997/ocm32514357/Output/Images/JP2/0404.jp2 (deflated 0%)
  adding: mnt/lsdi2/ocm32514357-5997/ocm32514357/Output/Images/JP2/0049.jp2 (deflated 0%)
  adding: mnt/lsdi2/ocm32514357-5997/ocm32514357/Output/Images/JP2/0343.jp2 (deflated 0%)
  adding: mnt/lsdi2/ocm32514357-5997/ocm32514357/Output/Images/JP2/0160.jp2 (deflated 0%)
  adding: mnt/lsdi2/ocm32514357-5997/ocm32514357/Output/Images/JP2/0314.jp2 (deflated 0%)
  adding: mnt/lsdi2/ocm32514357-5997/ocm32514357/Output/Images/JP2/0212.jp2 (deflated 0%)
  adding: mnt/lsdi2/ocm32514357-5997/ocm32514357/Output/Images/JP2/0088.jp2 (deflated 0%)
  adding: mnt/lsdi2/ocm32514357-5997/ocm32514357/Output/Images/JP2/0204.jp2 (deflated 0%)
  adding: mnt/lsdi2/ocm32514357-5997/ocm32514357/Output/Images/JP2/0451.jp2 (deflated 0%)
  adding: mnt/lsdi2/ocm32514357-5997/ocm32514357/Output/Images/JP2/0271.jp2 (deflated 0%)
  adding: mnt/lsdi2/ocm32514357-5997/ocm32514357/Output/Images/JP2/0143.jp2 (deflated 0%)
  adding: mnt/lsdi2/ocm32514357-5997/ocm32514357/Output/Images/JP2/0445.jp2 (deflated 0%)
  adding: mnt/lsdi2/ocm32514357-5997/ocm32514357/Output/Images/JP2/0425.jp2 (deflated 0%)
  adding: mnt/lsdi2/ocm32514357-5997/ocm32514357/Output/Images/JP2/0033.jp2 (deflated 0%)
  adding: mnt/lsdi2/ocm32514357-5997/ocm32514357/Output/Images/JP2/0297.jp2 (deflated 0%)
  adding: mnt/lsdi2/ocm32514357-5997/ocm32514357/Output/Images/JP2/0118.jp2 (deflated 0%)
  adding: mnt/lsdi2/ocm32514357-5997/ocm32514357/Output/Images/JP2/0172.jp2 (deflated 0%)
  adding: mnt/lsdi2/ocm32514357-5997/ocm32514357/Output/Images/JP2/0155.jp2 (deflated 0%)
  adding: mnt/lsdi2/ocm32514357-5997/ocm32514357/Output/Images/JP2/0194.jp2 (deflated 0%)
  adding: mnt/lsdi2/ocm32514357-5997/ocm32514357/Output/Images/JP2/0016.jp2 (deflated 0%)
  adding: mnt/lsdi2/ocm32514357-5997/ocm32514357/Output/Images/JP2/0306.jp2 (deflated 0%)
  adding: mnt/lsdi2/ocm32514357-5997/ocm32514357/Output/Images/JP2/0166.jp2 (deflated 0%)
  adding: mnt/lsdi2/ocm32514357-5997/ocm32514357/Output/Images/JP2/0101.jp2 (deflated 0%)
  adding: mnt/lsdi2/ocm32514357-5997/ocm32514357/Output/Images/JP2/0453.jp2 (deflated 0%)
  adding: mnt/lsdi2/ocm32514357-5997/ocm32514357/Output/Images/JP2/0379.jp2 (deflated 0%)
  adding: mnt/lsdi2/ocm32514357-5997/ocm32514357/Output/Images/JP2/0224.jp2 (deflated 0%)
  adding: mnt/lsdi2/ocm32514357-5997/ocm32514357/Output/Images/JP2/0437.jp2 (deflated 0%)
  adding: mnt/lsdi2/ocm32514357-5997/ocm32514357/Output/Images/JP2/0215.jp2 (deflated 0%)
  adding: mnt/lsdi2/ocm32514357-5997/ocm32514357/Output/Images/JP2/0231.jp2 (deflated 0%)
  adding: mnt/lsdi2/ocm32514357-5997/ocm32514357/Output/Images/JP2/0257.jp2 (deflated 0%)
  adding: mnt/lsdi2/ocm32514357-5997/ocm32514357/Output/Images/JP2/0009.jp2 (deflated 0%)
  adding: mnt/lsdi2/ocm32514357-5997/ocm32514357/Output/Images/JP2/0163.jp2 (deflated 0%)
  adding: mnt/lsdi2/ocm32514357-5997/ocm32514357/Output/Images/JP2/0083.jp2 (deflated 0%)
  adding: mnt/lsdi2/ocm32514357-5997/ocm32514357/Output/Images/JP2/0240.jp2 (deflated 0%)
  adding: mnt/lsdi2/ocm32514357-5997/ocm32514357/Output/Images/JP2/0388.jp2 (deflated 0%)
  adding: mnt/lsdi2/ocm32514357-5997/ocm32514357/Output/Images/JP2/0378.jp2 (deflated 0%)
  adding: mnt/lsdi2/ocm32514357-5997/ocm32514357/Output/Images/JP2/0430.jp2 (deflated 0%)
  adding: mnt/lsdi2/ocm32514357-5997/ocm32514357/Output/Images/JP2/0020.jp2 (deflated 0%)
  adding: mnt/lsdi2/ocm32514357-5997/ocm32514357/Output/Images/JP2/0054.jp2 (deflated 0%)
  adding: mnt/lsdi2/ocm32514357-5997/ocm32514357/Output/Images/JP2/0436.jp2 (deflated 0%)
  adding: mnt/lsdi2/ocm32514357-5997/ocm32514357/Output/Images/JP2/0394.jp2 (deflated 0%)
  adding: mnt/lsdi2/ocm32514357-5997/ocm32514357/Output/Images/JP2/0051.jp2 (deflated 0%)
  adding: mnt/lsdi2/ocm32514357-5997/ocm32514357/Output/Images/JP2/0397.jp2 (deflated 0%)
  adding: mnt/lsdi2/ocm32514357-5997/ocm32514357/Output/Images/JP2/0435.jp2 (deflated 0%)
  adding: mnt/lsdi2/ocm32514357-5997/ocm32514357/Output/Images/JP2/0058.jp2 (deflated 0%)
  adding: mnt/lsdi2/ocm32514357-5997/ocm32514357/Output/Images/JP2/0217.jp2 (deflated 0%)
  adding: mnt/lsdi2/ocm32514357-5997/ocm32514357/Output/Images/JP2/0428.jp2 (deflated 0%)
  adding: mnt/lsdi2/ocm32514357-5997/ocm32514357/Output/Images/JP2/0250.jp2 (deflated 0%)
  adding: mnt/lsdi2/ocm32514357-5997/ocm32514357/Output/Images/JP2/0073.jp2 (deflated 0%)
  adding: mnt/lsdi2/ocm32514357-5997/ocm32514357/Output/Images/JP2/0258.jp2 (deflated 0%)
  adding: mnt/lsdi2/ocm32514357-5997/ocm32514357/Output/Images/JP2/0125.jp2 (deflated 0%)
  adding: mnt/lsdi2/ocm32514357-5997/ocm32514357/Output/Images/JP2/0196.jp2 (deflated 0%)
  adding: mnt/lsdi2/ocm32514357-5997/ocm32514357/Output/Images/JP2/0031.jp2 (deflated 0%)
  adding: mnt/lsdi2/ocm32514357-5997/ocm32514357/Output/Images/JP2/0232.jp2 (deflated 0%)
  adding: mnt/lsdi2/ocm32514357-5997/ocm32514357/Output/Images/JP2/0000.jp2 (deflated 28%)
  adding: mnt/lsdi2/ocm32514357-5997/ocm32514357/Output/Images/JP2/0071.jp2 (deflated 0%)
  adding: mnt/lsdi2/ocm32514357-5997/ocm32514357/Output/Images/JP2/0200.jp2 (deflated 0%)
  adding: mnt/lsdi2/ocm32514357-5997/ocm32514357/Output/Images/JP2/0275.jp2 (deflated 0%)
  adding: mnt/lsdi2/ocm32514357-5997/ocm32514357/Output/Images/JP2/0237.jp2 (deflated 0%)
  adding: mnt/lsdi2/ocm32514357-5997/ocm32514357/Output/Images/JP2/0167.jp2 (deflated 0%)
  adding: mnt/lsdi2/ocm32514357-5997/ocm32514357/Output/Images/JP2/0225.jp2 (deflated 0%)
  adding: mnt/lsdi2/ocm32514357-5997/ocm32514357/Output/Images/JP2/0310.jp2 (deflated 0%)
  adding: mnt/lsdi2/ocm32514357-5997/ocm32514357/Output/Images/JP2/0332.jp2 (deflated 0%)
  adding: mnt/lsdi2/ocm32514357-5997/ocm32514357/Output/Images/JP2/0267.jp2 (deflated 0%)
  adding: mnt/lsdi2/ocm32514357-5997/ocm32514357/Output/Images/JP2/0288.jp2 (deflated 0%)
  adding: mnt/lsdi2/ocm32514357-5997/ocm32514357/Output/Images/JP2/0358.jp2 (deflated 0%)
  adding: mnt/lsdi2/ocm32514357-5997/ocm32514357/Output/Images/JP2/0315.jp2 (deflated 0%)
  adding: mnt/lsdi2/ocm32514357-5997/ocm32514357/Output/Images/JP2/0385.jp2 (deflated 0%)
  adding: mnt/lsdi2/ocm32514357-5997/ocm32514357/Output/Images/JP2/0354.jp2 (deflated 0%)
  adding: mnt/lsdi2/ocm32514357-5997/ocm32514357/Output/Images/JP2/0106.jp2 (deflated 0%)
  adding: mnt/lsdi2/ocm32514357-5997/ocm32514357/Output/Images/JP2/0035.jp2 (deflated 0%)
  adding: mnt/lsdi2/ocm32514357-5997/ocm32514357/Output/Images/JP2/0052.jp2 (deflated 0%)
  adding: mnt/lsdi2/ocm32514357-5997/ocm32514357/Output/Images/JP2/0450.jp2 (deflated 0%)
  adding: mnt/lsdi2/ocm32514357-5997/ocm32514357/Output/Images/JP2/0137.jp2 (deflated 0%)
  adding: mnt/lsdi2/ocm32514357-5997/ocm32514357/Output/Images/JP2/0368.jp2 (deflated 0%)
  adding: mnt/lsdi2/ocm32514357-5997/ocm32514357/Output/Images/JP2/0142.jp2 (deflated 0%)
  adding: mnt/lsdi2/ocm32514357-5997/ocm32514357/Output/Images/JP2/0222.jp2 (deflated 0%)
  adding: mnt/lsdi2/ocm32514357-5997/ocm32514357/Output/Images/JP2/0330.jp2 (deflated 0%)
  adding: mnt/lsdi2/ocm32514357-5997/ocm32514357/Output/Images/JP2/0243.jp2 (deflated 0%)
  adding: mnt/lsdi2/ocm32514357-5997/ocm32514357/Output/Images/JP2/0359.jp2 (deflated 0%)
  adding: mnt/lsdi2/ocm32514357-5997/ocm32514357/Output/Images/JP2/0092.jp2 (deflated 0%)
  adding: mnt/lsdi2/ocm32514357-5997/ocm32514357/Output/Images/JP2/0110.jp2 (deflated 0%)
  adding: mnt/lsdi2/ocm32514357-5997/ocm32514357/Output/Images/JP2/0116.jp2 (deflated 0%)
  adding: mnt/lsdi2/ocm32514357-5997/ocm32514357/Output/Images/JP2/0019.jp2 (deflated 0%)
  adding: mnt/lsdi2/ocm32514357-5997/ocm32514357/Output/Images/JP2/0094.jp2 (deflated 0%)
  adding: mnt/lsdi2/ocm32514357-5997/ocm32514357/Output/Images/JP2/0053.jp2 (deflated 0%)
  adding: mnt/lsdi2/ocm32514357-5997/ocm32514357/Output/Images/JP2/0295.jp2 (deflated 0%)
  adding: mnt/lsdi2/ocm32514357-5997/ocm32514357/Output/Images/JP2/0281.jp2 (deflated 0%)
  adding: mnt/lsdi2/ocm32514357-5997/ocm32514357/Output/Images/JP2/0410.jp2 (deflated 0%)
  adding: mnt/lsdi2/ocm32514357-5997/ocm32514357/Output/Images/JP2/0226.jp2 (deflated 0%)
  adding: mnt/lsdi2/ocm32514357-5997/ocm32514357/Output/Images/JP2/0003.jp2 (deflated 0%)
  adding: mnt/lsdi2/ocm32514357-5997/ocm32514357/Output/Images/JP2/0211.jp2 (deflated 0%)
  adding: mnt/lsdi2/ocm32514357-5997/ocm32514357/Output/Images/JP2/0060.jp2 (deflated 0%)
  adding: mnt/lsdi2/ocm32514357-5997/ocm32514357/Output/Images/JP2/0024.jp2 (deflated 0%)
  adding: mnt/lsdi2/ocm32514357-5997/ocm32514357/Output/Images/JP2/0272.jp2 (deflated 0%)
  adding: mnt/lsdi2/ocm32514357-5997/ocm32514357/Output/Images/JP2/0254.jp2 (deflated 0%)
  adding: mnt/lsdi2/ocm32514357-5997/ocm32514357/Output/Images/JP2/0298.jp2 (deflated 0%)
  adding: mnt/lsdi2/ocm32514357-5997/ocm32514357/Output/Images/JP2/0109.jp2 (deflated 0%)
  adding: mnt/lsdi2/ocm32514357-5997/ocm32514357/Output/Images/JP2/0380.jp2 (deflated 0%)
  adding: mnt/lsdi2/ocm32514357-5997/ocm32514357/Output/Images/JP2/0424.jp2 (deflated 0%)
  adding: mnt/lsdi2/ocm32514357-5997/ocm32514357/Output/Images/JP2/0205.jp2 (deflated 0%)
  adding: mnt/lsdi2/ocm32514357-5997/ocm32514357/Output/Images/JP2/0017.jp2 (deflated 0%)
  adding: mnt/lsdi2/ocm32514357-5997/ocm32514357/Output/Images/JP2/0056.jp2 (deflated 0%)
  adding: mnt/lsdi2/ocm32514357-5997/ocm32514357/Output/Images/JP2/0318.jp2 (deflated 0%)
  adding: mnt/lsdi2/ocm32514357-5997/ocm32514357/Output/Images/JP2/0131.jp2 (deflated 0%)
  adding: mnt/lsdi2/ocm32514357-5997/ocm32514357/Output/Images/JP2/0454.jp2 (deflated 0%)
  adding: mnt/lsdi2/ocm32514357-5997/ocm32514357/Output/Images/JP2/0262.jp2 (deflated 0%)
  adding: mnt/lsdi2/ocm32514357-5997/ocm32514357/Output/Images/JP2/0269.jp2 (deflated 0%)
  adding: mnt/lsdi2/ocm32514357-5997/ocm32514357/Output/Images/JP2/0459.jp2 (deflated 28%)
  adding: mnt/lsdi2/ocm32514357-5997/ocm32514357/Output/Images/JP2/0002.jp2 (deflated 0%)
  adding: mnt/lsdi2/ocm32514357-5997/ocm32514357/Output/Images/JP2/0244.jp2 (deflated 0%)
  adding: mnt/lsdi2/ocm32514357-5997/ocm32514357/Output/Images/JP2/0157.jp2 (deflated 0%)
  adding: mnt/lsdi2/ocm32514357-5997/ocm32514357/Output/Images/JP2/0233.jp2 (deflated 0%)
  adding: mnt/lsdi2/ocm32514357-5997/ocm32514357/Output/Images/JP2/0336.jp2 (deflated 0%)
  adding: mnt/lsdi2/ocm32514357-5997/ocm32514357/Output/Images/JP2/0161.jp2 (deflated 0%)
  adding: mnt/lsdi2/ocm32514357-5997/ocm32514357/Output/Images/JP2/0198.jp2 (deflated 0%)
  adding: mnt/lsdi2/ocm32514357-5997/ocm32514357/Output/Images/JP2/0426.jp2 (deflated 0%)
  adding: mnt/lsdi2/ocm32514357-5997/ocm32514357/Output/Images/JP2/0154.jp2 (deflated 0%)
  adding: mnt/lsdi2/ocm32514357-5997/ocm32514357/Output/Images/JP2/0135.jp2 (deflated 0%)
  adding: mnt/lsdi2/ocm32514357-5997/ocm32514357/Output/Images/JP2/0059.jp2 (deflated 0%)
  adding: mnt/lsdi2/ocm32514357-5997/ocm32514357/Output/Images/JP2/0185.jp2 (deflated 0%)
  adding: mnt/lsdi2/ocm32514357-5997/ocm32514357/Output/Images/JP2/0383.jp2 (deflated 0%)
  adding: mnt/lsdi2/ocm32514357-5997/ocm32514357/Output/Images/JP2/0340.jp2 (deflated 0%)
  adding: mnt/lsdi2/ocm32514357-5997/ocm32514357/Output/Images/JP2/0251.jp2 (deflated 0%)
  adding: mnt/lsdi2/ocm32514357-5997/ocm32514357/Output/Images/JP2/0214.jp2 (deflated 0%)
  adding: mnt/lsdi2/ocm32514357-5997/ocm32514357/Output/Images/JP2/0001.jp2 (deflated 0%)
  adding: mnt/lsdi2/ocm32514357-5997/ocm32514357/Output/Images/JP2/0303.jp2 (deflated 0%)
  adding: mnt/lsdi2/ocm32514357-5997/ocm32514357/Output/Images/JP2/0104.jp2 (deflated 0%)
  adding: mnt/lsdi2/ocm32514357-5997/ocm32514357/Output/Images/JP2/0247.jp2 (deflated 0%)
  adding: mnt/lsdi2/ocm32514357-5997/ocm32514357/Output/Images/JP2/0350.jp2 (deflated 0%)
  adding: mnt/lsdi2/ocm32514357-5997/ocm32514357/Output/Images/JP2/0095.jp2 (deflated 0%)
  adding: mnt/lsdi2/ocm32514357-5997/ocm32514357/Output/Images/JP2/0183.jp2 (deflated 0%)
  adding: mnt/lsdi2/ocm32514357-5997/ocm32514357/Output/Images/JP2/0326.jp2 (deflated 0%)
  adding: mnt/lsdi2/ocm32514357-5997/ocm32514357/Output/Images/JP2/0287.jp2 (deflated 0%)
  adding: mnt/lsdi2/ocm32514357-5997/ocm32514357/Output/Images/JP2/0374.jp2 (deflated 0%)
  adding: mnt/lsdi2/ocm32514357-5997/ocm32514357/Output/Images/JP2/0026.jp2 (deflated 0%)
  adding: mnt/lsdi2/ocm32514357-5997/ocm32514357/Output/Images/JP2/0039.jp2 (deflated 0%)
  adding: mnt/lsdi2/ocm32514357-5997/ocm32514357/Output/Images/JP2/0407.jp2 (deflated 0%)
  adding: mnt/lsdi2/ocm32514357-5997/ocm32514357/Output/Images/JP2/0202.jp2 (deflated 0%)
  adding: mnt/lsdi2/ocm32514357-5997/ocm32514357/Output/Images/JP2/0133.jp2 (deflated 0%)
  adding: mnt/lsdi2/ocm32514357-5997/ocm32514357/Output/Images/JP2/0093.jp2 (deflated 0%)
  adding: mnt/lsdi2/ocm32514357-5997/ocm32514357/Output/Images/JP2/0173.jp2 (deflated 0%)
  adding: mnt/lsdi2/ocm32514357-5997/ocm32514357/Output/Images/JP2/0006.jp2 (deflated 0%)
  adding: mnt/lsdi2/ocm32514357-5997/ocm32514357/Output/Images/JP2/0304.jp2 (deflated 0%)
  adding: mnt/lsdi2/ocm32514357-5997/ocm32514357/Output/Images/JP2/0164.jp2 (deflated 0%)
  adding: mnt/lsdi2/ocm32514357-5997/ocm32514357/Output/Images/JP2/0156.jp2 (deflated 0%)
  adding: mnt/lsdi2/ocm32514357-5997/ocm32514357/Output/Images/JP2/0285.jp2 (deflated 0%)
  adding: mnt/lsdi2/ocm32514357-5997/ocm32514357/Output/Images/JP2/0438.jp2 (deflated 0%)
  adding: mnt/lsdi2/ocm32514357-5997/ocm32514357/Output/Images/JP2/0276.jp2 (deflated 0%)
  adding: mnt/lsdi2/ocm32514357-5997/ocm32514357/Output/Images/JP2/0048.jp2 (deflated 0%)
  adding: mnt/lsdi2/ocm32514357-5997/ocm32514357/Output/Images/JP2/0190.jp2 (deflated 0%)
  adding: mnt/lsdi2/ocm32514357-5997/ocm32514357/Output/Images/JP2/0367.jp2 (deflated 0%)
  adding: mnt/lsdi2/ocm32514357-5997/ocm32514357/Output/Images/JP2/0241.jp2 (deflated 0%)
  adding: mnt/lsdi2/ocm32514357-5997/ocm32514357/Output/Images/JP2/0418.jp2 (deflated 0%)
  adding: mnt/lsdi2/ocm32514357-5997/ocm32514357/Output/Images/JP2/0409.jp2 (deflated 0%)
  adding: mnt/lsdi2/ocm32514357-5997/ocm32514357/Output/Images/JP2/0346.jp2 (deflated 0%)
  adding: mnt/lsdi2/ocm32514357-5997/ocm32514357/Output/Images/JP2/0184.jp2 (deflated 0%)
  adding: mnt/lsdi2/ocm32514357-5997/ocm32514357/Output/Images/JP2/0038.jp2 (deflated 0%)
  adding: mnt/lsdi2/ocm32514357-5997/ocm32514357/Output/Images/JP2/0396.jp2 (deflated 0%)
  adding: mnt/lsdi2/ocm32514357-5997/ocm32514357/Output/Images/JP2/0302.jp2 (deflated 0%)
  adding: mnt/lsdi2/ocm32514357-5997/ocm32514357/Output/Images/JP2/0345.jp2 (deflated 0%)
  adding: mnt/lsdi2/ocm32514357-5997/ocm32514357/Output/Images/JP2/0176.jp2 (deflated 0%)
  adding: mnt/lsdi2/ocm32514357-5997/ocm32514357/Output/Images/JP2/0328.jp2 (deflated 0%)
  adding: mnt/lsdi2/ocm32514357-5997/ocm32514357/Output/Images/JP2/0415.jp2 (deflated 0%)
  adding: mnt/lsdi2/ocm32514357-5997/ocm32514357/Output/Images/JP2/0084.jp2 (deflated 0%)
  adding: mnt/lsdi2/ocm32514357-5997/ocm32514357/Output/Images/JP2/0081.jp2 (deflated 0%)
  adding: mnt/lsdi2/ocm32514357-5997/ocm32514357/Output/Images/JP2/0411.jp2 (deflated 0%)
  adding: mnt/lsdi2/ocm32514357-5997/ocm32514357/Output/Images/JP2/0077.jp2 (deflated 0%)
  adding: mnt/lsdi2/ocm32514357-5997/ocm32514357/Output/Images/JP2/0046.jp2 (deflated 0%)
  adding: mnt/lsdi2/ocm32514357-5997/ocm32514357/Output/Images/JP2/0197.jp2 (deflated 0%)
  adding: mnt/lsdi2/ocm32514357-5997/ocm32514357/Output/Images/JP2/0416.jp2 (deflated 0%)
  adding: mnt/lsdi2/ocm32514357-5997/ocm32514357/Output/Images/JP2/0248.jp2 (deflated 0%)
  adding: mnt/lsdi2/ocm32514357-5997/ocm32514357/Output/Images/JP2/0192.jp2 (deflated 0%)
  adding: mnt/lsdi2/ocm32514357-5997/ocm32514357/Output/Images/JP2/0294.jp2 (deflated 0%)
  adding: mnt/lsdi2/ocm32514357-5997/ocm32514357/Output/Images/JP2/0181.jp2 (deflated 0%)
  adding: mnt/lsdi2/ocm32514357-5997/ocm32514357/Output/Images/JP2/0138.jp2 (deflated 0%)
  adding: mnt/lsdi2/ocm32514357-5997/ocm32514357/Output/Images/JP2/0103.jp2 (deflated 0%)
  adding: mnt/lsdi2/ocm32514357-5997/ocm32514357/Output/Images/JP2/0040.jp2 (deflated 0%)
  adding: mnt/lsdi2/ocm32514357-5997/ocm32514357/Output/Images/JP2/0045.jp2 (deflated 0%)
  adding: mnt/lsdi2/ocm32514357-5997/ocm32514357/Output/Images/JP2/0366.jp2 (deflated 0%)
  adding: mnt/lsdi2/ocm32514357-5997/ocm32514357/Output/Images/JP2/0299.jp2 (deflated 0%)
  adding: mnt/lsdi2/ocm32514357-5997/ocm32514357/Output/Images/JP2/0025.jp2 (deflated 0%)
  adding: mnt/lsdi2/ocm32514357-5997/ocm32514357/Output/Images/JP2/0209.jp2 (deflated 0%)
  adding: mnt/lsdi2/ocm32514357-5997/ocm32514357/Output/Images/JP2/0371.jp2 (deflated 0%)
  adding: mnt/lsdi2/ocm32514357-5997/ocm32514357/Output/Images/JP2/0344.jp2 (deflated 0%)
  adding: mnt/lsdi2/ocm32514357-5997/ocm32514357/Output/Images/JP2/0193.jp2 (deflated 0%)
  adding: mnt/lsdi2/ocm32514357-5997/ocm32514357/Output/Images/JP2/0152.jp2 (deflated 0%)
  adding: mnt/lsdi2/ocm32514357-5997/ocm32514357/Output/Images/JP2/0372.jp2 (deflated 0%)
  adding: mnt/lsdi2/ocm32514357-5997/ocm32514357/Output/Images/JP2/0322.jp2 (deflated 0%)
  adding: mnt/lsdi2/ocm32514357-5997/ocm32514357/Output/Images/JP2/0180.jp2 (deflated 0%)
  adding: mnt/lsdi2/ocm32514357-5997/ocm32514357/Output/Images/JP2/0286.jp2 (deflated 0%)
  adding: mnt/lsdi2/ocm32514357-5997/ocm32514357/Output/Images/JP2/0369.jp2 (deflated 0%)
  adding: mnt/lsdi2/ocm32514357-5997/ocm32514357/Output/Images/JP2/0014.jp2 (deflated 0%)
  adding: mnt/lsdi2/ocm32514357-5997/ocm32514357/Output/Images/JP2/0253.jp2 (deflated 0%)
  adding: mnt/lsdi2/ocm32514357-5997/ocm32514357/Output/Images/JP2/0235.jp2 (deflated 0%)
  adding: mnt/lsdi2/ocm32514357-5997/ocm32514357/Output/Images/JP2/0261.jp2 (deflated 0%)
  adding: mnt/lsdi2/ocm32514357-5997/ocm32514357/Output/Images/JP2/0339.jp2 (deflated 0%)
  adding: mnt/lsdi2/ocm32514357-5997/ocm32514357/Output/Images/JP2/0268.jp2 (deflated 0%)
  adding: mnt/lsdi2/ocm32514357-5997/ocm32514357/Output/Images/JP2/0074.jp2 (deflated 0%)
  adding: mnt/lsdi2/ocm32514357-5997/ocm32514357/Output/Images/JP2/0337.jp2 (deflated 0%)
  adding: mnt/lsdi2/ocm32514357-5997/ocm32514357/Output/Images/JP2/0405.jp2 (deflated 0%)
  adding: mnt/lsdi2/ocm32514357-5997/ocm32514357/Output/Images/JP2/0011.jp2 (deflated 0%)
  adding: mnt/lsdi2/ocm32514357-5997/ocm32514357/Output/Images/JP2/0187.jp2 (deflated 0%)
  adding: mnt/lsdi2/ocm32514357-5997/ocm32514357/Output/Images/JP2/0349.jp2 (deflated 0%)
  adding: mnt/lsdi2/ocm32514357-5997/ocm32514357/Output/Images/JP2/0301.jp2 (deflated 0%)
  adding: mnt/lsdi2/ocm32514357-5997/ocm32514357/Output/Images/JP2/0080.jp2 (deflated 0%)
  adding: mnt/lsdi2/ocm32514357-5997/ocm32514357/Output/Images/JP2/0334.jp2 (deflated 0%)
  adding: mnt/lsdi2/ocm32514357-5997/ocm32514357/Output/Images/JP2/0422.jp2 (deflated 0%)
  adding: mnt/lsdi2/ocm32514357-5997/ocm32514357/Output/Images/JP2/0362.jp2 (deflated 0%)
  adding: mnt/lsdi2/ocm32514357-5997/ocm32514357/Output/Images/JP2/0293.jp2 (deflated 0%)
  adding: mnt/lsdi2/ocm32514357-5997/ocm32514357/Output/Images/JP2/0406.jp2 (deflated 0%)
  adding: mnt/lsdi2/ocm32514357-5997/ocm32514357/Output/Images/JP2/0324.jp2 (deflated 0%)
  adding: mnt/lsdi2/ocm32514357-5997/ocm32514357/Output/Images/JP2/0408.jp2 (deflated 0%)
  adding: mnt/lsdi2/ocm32514357-5997/ocm32514357/Output/Images/JP2/0357.jp2 (deflated 0%)
  adding: mnt/lsdi2/ocm32514357-5997/ocm32514357/Output/Images/JP2/0402.jp2 (deflated 0%)
  adding: mnt/lsdi2/ocm32514357-5997/ocm32514357/Output/Images/JP2/0338.jp2 (deflated 0%)
  adding: mnt/lsdi2/ocm32514357-5997/ocm32514357/Output/Images/JP2/0008.jp2 (deflated 0%)
  adding: mnt/lsdi2/ocm32514357-5997/ocm32514357/Output/Images/JP2/0099.jp2 (deflated 0%)
  adding: mnt/lsdi2/ocm32514357-5997/ocm32514357/Output/Images/JP2/0420.jp2 (deflated 0%)
  adding: mnt/lsdi2/ocm32514357-5997/ocm32514357/Output/Images/JP2/0108.jp2 (deflated 0%)
  adding: mnt/lsdi2/ocm32514357-5997/ocm32514357/Output/Images/JP2/0216.jp2 (deflated 0%)
  adding: mnt/lsdi2/ocm32514357-5997/ocm32514357/Output/Images/JP2/0351.jp2 (deflated 0%)
  adding: mnt/lsdi2/ocm32514357-5997/ocm32514357/Output/Images/JP2/0327.jp2 (deflated 0%)
  adding: mnt/lsdi2/ocm32514357-5997/ocm32514357/Output/Images/JP2/0147.jp2 (deflated 0%)
  adding: mnt/lsdi2/ocm32514357-5997/ocm32514357/Output/Images/JP2/0365.jp2 (deflated 0%)
  adding: mnt/lsdi2/ocm32514357-5997/ocm32514357/Output/Images/JP2/0457.jp2 (deflated 0%)
  adding: mnt/lsdi2/ocm32514357-5997/ocm32514357/Output/Images/JP2/0022.jp2 (deflated 0%)
  adding: mnt/lsdi2/ocm32514357-5997/ocm32514357/Output/Images/JP2/0229.jp2 (deflated 0%)
  adding: mnt/lsdi2/ocm32514357-5997/ocm32514357/Output/Images/JP2/0069.jp2 (deflated 0%)
  adding: mnt/lsdi2/ocm32514357-5997/ocm32514357/Output/Images/JP2/0439.jp2 (deflated 0%)
  adding: mnt/lsdi2/ocm32514357-5997/ocm32514357/Output/Images/JP2/0021.jp2 (deflated 0%)
  adding: mnt/lsdi2/ocm32514357-5997/ocm32514357/Output/Images/JP2/0263.jp2 (deflated 0%)
  adding: mnt/lsdi2/ocm32514357-5997/ocm32514357/Output/Images/JP2/0169.jp2 (deflated 0%)
  adding: mnt/lsdi2/ocm32514357-5997/ocm32514357/Output/Images/JP2/0412.jp2 (deflated 0%)
  adding: mnt/lsdi2/ocm32514357-5997/ocm32514357/Output/Images/JP2/0417.jp2 (deflated 0%)
  adding: mnt/lsdi2/ocm32514357-5997/ocm32514357/Output/Images/JP2/0311.jp2 (deflated 0%)
curl --location --header authorization: LOW fpJYfLnxbLmCEHqU:JQbq6NgBaPrSh98Y --upload-file /temp/ocm32514357_5997_images.zip http://s3.us.archive.org/32514357.5997.emory.edu/32514357_5997_images.zip
  % Total    % Received % Xferd  Average Speed   Time    Time     Time  Current
                                 Dload  Upload   Total   Spent    Left  Speed
  0     0    0     0    0     0      0      0 --:--:-- --:--:-- --:--:--     0  0  455M    0     0    0     0      0      0 --:--:-- --:--:-- --:--:--     0  0  455M    0     0    0  416k      0   243k  0:31:55  0:00:01  0:31:54  255k  0  455M    0     0    0 1184k      0   438k  0:17:42  0:00:02  0:17:40  451k  0  455M    0     0    0 1936k      0   523k  0:14:49  0:00:03  0:14:46  535k  0  455M    0     0    0 2720k      0   579k  0:13:23  0:00:04  0:13:19  589k  0  455M    0     0    0 3472k      0   606k  0:12:48  0:00:05  0:12:43  732k  0  455M    0     0    0 4144k      0   619k  0:12:32  0:00:06  0:12:26  747k  1  455M    0     0    1 4928k      0   637k  0:12:10  0:00:07  0:12:03  744k  1  455M    0     0    1 5664k      0   651k  0:11:54  0:00:08  0:11:46  746k  1  455M    0     0    1 6432k      0   663k  0:11:42  0:00:09  0:11:33  742k  1  455M    0     0    1 7216k      0   674k  0:11:31  0:00:10  0:11:21  752k  1  455M    0     0    1 8000k      0   682k  0:11:22  0:00:11  0:11:11  767k  1  455M    0     0    1 8800k      0   693k  0:11:11  0:00:12  0:10:59  780k  2  455M    0     0    2 9600k      0   699k  0:11:06  0:00:13  0:10:53  782k  2  455M    0     0    2 10.0M      0   703k  0:11:02  0:00:14  0:10:48  780k  2  455M    0     0    2 10.8M      0   705k  0:11:00  0:00:15  0:10:45  771k  2  455M    0     0    2 11.5M      0   707k  0:10:58  0:00:16  0:10:42  766k  2  455M    0     0    2 12.2M      0   711k  0:10:55  0:00:17  0:10:38  754k  2  455M    0     0    2 13.0M      0   712k  0:10:53  0:00:18  0:10:35  749k  3  455M    0     0    3 13.7M      0   714k  0:10:52  0:00:19  0:10:33  746k  3  455M    0     0    3 14.4M      0   715k  0:10:51  0:00:20  0:10:31  746k  3  455M    0     0    3 15.1M      0   715k  0:10:50  0:00:21  0:10:29  742k  3  455M    0     0    3 15.6M      0   707k  0:10:58  0:00:22  0:10:36  695k  3  455M    0     0    3 16.2M      0   702k  0:11:03  0:00:23  0:10:40  662k  3  455M    0     0    3 16.9M      0   700k  0:11:05  0:00:24  0:10:41  645k  3  455M    0     0    3 17.6M      0   702k  0:11:02  0:00:25  0:10:37  652k  4  455M    0     0    4 18.3M      0   705k  0:11:00  0:00:26  0:10:34  660k  4  455M    0     0    4 19.1M      0   706k  0:10:59  0:00:27  0:10:32  701k  4  455M    0     0    4 19.8M      0   708k  0:10:57  0:00:28  0:10:29  739k  4  455M    0     0    4 20.6M      0   710k  0:10:55  0:00:29  0:10:26  760k  4  455M    0     0    4 21.3M      0   711k  0:10:55  0:00:30  0:10:25  754k  4  455M    0     0    4 22.0M      0   712k  0:10:54  0:00:31  0:10:23  749k  5  455M    0     0    5 22.8M      0   713k  0:10:52  0:00:32  0:10:20  756k  5  455M    0     0    5 23.5M      0   715k  0:10:51  0:00:33  0:10:18  754k  5  455M    0     0    5 24.2M      0   717k  0:10:49  0:00:34  0:10:15  757k  5  455M    0     0    5 25.0M      0   717k  0:10:49  0:00:35  0:10:14  756k  5  455M    0     0    5 25.7M      0   719k  0:10:47  0:00:36  0:10:11  763k  5  455M    0     0    5 26.5M      0   719k  0:10:47  0:00:37  0:10:10  757k  5  455M    0     0    5 27.1M      0   719k  0:10:47  0:00:38  0:10:09  742k  6  455M    0     0    6 27.9M      0   720k  0:10:47  0:00:39  0:10:08  739k  6  455M    0     0    6 28.6M      0   721k  0:10:46  0:00:40  0:10:06  747k  6  455M    0     0    6 29.4M      0   723k  0:10:44  0:00:41  0:10:03  753k  6  455M    0     0    6 30.2M      0   724k  0:10:42  0:00:42  0:10:00  763k  6  455M    0     0    6 30.9M      0   725k  0:10:41  0:00:43  0:09:58  778k  6  455M    0     0    6 31.7M      0   726k  0:10:41  0:00:44  0:09:57  773k  7  455M    0     0    7 32.4M      0   726k  0:10:41  0:00:45  0:09:56  769k  7  455M    0     0    7 33.1M      0   727k  0:10:40  0:00:46  0:09:54  759k  7  455M    0     0    7 33.9M      0   727k  0:10:40  0:00:47  0:09:53  752k  7  455M    0     0    7 34.6M      0   727k  0:10:40  0:00:48  0:09:52  742k  7  455M    0     0    7 35.3M      0   728k  0:10:40  0:00:49  0:09:51  746k  7  455M    0     0    7 36.0M      0   728k  0:10:39  0:00:50  0:09:49  748k  8  455M    0     0    8 36.7M      0   728k  0:10:39  0:00:51  0:09:48  740k  8  455M    0     0    8 37.5M      0   728k  0:10:39  0:00:52  0:09:47  737k  8  455M    0     0    8 38.2M      0   729k  0:10:39  0:00:53  0:09:46  744k  8  455M    0     0    8 39.0M      0   730k  0:10:38  0:00:54  0:09:44  750k  8  455M    0     0    8 39.7M      0   730k  0:10:38  0:00:55  0:09:43  746k  8  455M    0     0    8 40.4M      0   730k  0:10:37  0:00:56  0:09:41  751k  9  455M    0     0    9 41.2M      0   731k  0:10:37  0:00:57  0:09:40  761k  9  455M    0     0    9 41.9M      0   731k  0:10:36  0:00:58  0:09:38  760k  9  455M    0     0    9 42.6M      0   731k  0:10:36  0:00:59  0:09:37  748k  9  455M    0     0    9 43.4M      0   732k  0:10:36  0:01:00  0:09:36  753k  9  455M    0     0    9 44.1M      0   733k  0:10:35  0:01:01  0:09:34  760k  9  455M    0     0    9 44.9M      0   733k  0:10:34  0:01:02  0:09:32  760k 10  455M    0     0   10 45.7M      0   734k  0:10:34  0:01:03  0:09:31  768k 10  455M    0     0   10 46.4M      0   735k  0:10:33  0:01:04  0:09:29  778k 10  455M    0     0   10 47.2M      0   736k  0:10:33  0:01:05  0:09:28  781k 10  455M    0     0   10 47.9M      0   736k  0:10:32  0:01:06  0:09:26  779k 10  455M    0     0   10 48.6M      0   735k  0:10:33  0:01:07  0:09:26  761k 10  455M    0     0   10 49.3M      0   735k  0:10:33  0:01:08  0:09:25  745k 11  455M    0     0   11 50.1M      0   736k  0:10:33  0:01:09  0:09:24  745k 11  455M    0     0   11 50.8M      0   736k  0:10:32  0:01:10  0:09:22  743k 11  455M    0     0   11 51.6M      0   736k  0:10:32  0:01:11  0:09:21  739k 11  455M    0     0   11 52.2M      0   736k  0:10:32  0:01:12  0:09:20  747k 11  455M    0     0   11 53.0M      0   736k  0:10:32  0:01:13  0:09:19  755k 11  455M    0     0   11 53.7M      0   737k  0:10:32  0:01:14  0:09:18  754k 11  455M    0     0   11 54.5M      0   737k  0:10:31  0:01:15  0:09:16  750k 12  455M    0     0   12 55.2M      0   737k  0:10:32  0:01:16  0:09:16  743k 12  455M    0     0   12 55.9M      0   736k  0:10:32  0:01:17  0:09:15  740k 12  455M    0     0   12 56.6M      0   737k  0:10:32  0:01:18  0:09:14  741k 12  455M    0     0   12 57.4M      0   737k  0:10:31  0:01:19  0:09:12  746k 12  455M    0     0   12 58.1M      0   737k  0:10:31  0:01:20  0:09:11  742k 12  455M    0     0   12 58.8M      0   738k  0:10:31  0:01:21  0:09:10  754k 13  455M    0     0   13 59.6M      0   738k  0:10:31  0:01:22  0:09:09  758k 13  455M    0     0   13 60.0M      0   734k  0:10:34  0:01:23  0:09:11  698k 13  455M    0     0   13 60.6M      0   733k  0:10:35  0:01:24  0:09:11  660k 13  455M    0     0   13 61.2M      0   731k  0:10:36  0:01:25  0:09:11  631k 13  455M    0     0   13 61.8M      0   730k  0:10:37  0:01:26  0:09:11  602k 13  455M    0     0   13 62.4M      0   729k  0:10:38  0:01:27  0:09:11  585k 13  455M    0     0   13 63.2M      0   729k  0:10:38  0:01:28  0:09:10  642k 14  455M    0     0   14 63.9M      0   730k  0:10:38  0:01:29  0:09:09  680k 14  455M    0     0   14 64.7M      0   730k  0:10:38  0:01:30  0:09:08  709k 14  455M    0     0   14 65.4M      0   730k  0:10:37  0:01:31  0:09:06  732k 14  455M    0     0   14 66.1M      0   730k  0:10:38  0:01:32  0:09:06  745k 14  455M    0     0   14 66.8M      0   730k  0:10:37  0:01:33  0:09:04  747k 14  455M    0     0   14 67.5M      0   730k  0:10:37  0:01:34  0:09:03  734k 15  455M    0     0   15 68.2M      0   730k  0:10:37  0:01:35  0:09:02  737k 15  455M    0     0   15 69.0M      0   730k  0:10:37  0:01:36  0:09:01  736k 15  455M    0     0   15 69.7M      0   731k  0:10:37  0:01:37  0:09:00  745k 15  455M    0     0   15 70.4M      0   731k  0:10:37  0:01:38  0:08:59  740k 15  455M    0     0   15 71.1M      0   730k  0:10:37  0:01:39  0:08:58  738k 15  455M    0     0   15 71.9M      0   731k  0:10:37  0:01:40  0:08:57  743k 15  455M    0     0   15 72.6M      0   731k  0:10:37  0:01:41  0:08:56  742k 16  455M    0     0   16 73.3M      0   731k  0:10:36  0:01:42  0:08:54  739k 16  455M    0     0   16 74.1M      0   731k  0:10:36  0:01:43  0:08:53  747k 16  455M    0     0   16 74.8M      0   731k  0:10:36  0:01:44  0:08:52  750k 16  455M    0     0   16 75.4M      0   730k  0:10:37  0:01:45  0:08:52  721k 16  455M    0     0   16 76.1M      0   730k  0:10:37  0:01:46  0:08:51  718k 16  455M    0     0   16 76.8M      0   730k  0:10:37  0:01:47  0:08:50  715k 17  455M    0     0   17 77.5M      0   730k  0:10:37  0:01:48  0:08:49  700k 17  455M    0     0   17 78.2M      0   730k  0:10:38  0:01:49  0:08:49  693k 17  455M    0     0   17 78.8M      0   729k  0:10:38  0:01:50  0:08:48  703k 17  455M    0     0   17 79.5M      0   729k  0:10:38  0:01:51  0:08:47  700k 17  455M    0     0   17 80.2M      0   729k  0:10:39  0:01:52  0:08:47  693k 17  455M    0     0   17 80.9M      0   729k  0:10:38  0:01:53  0:08:45  702k 17  455M    0     0   17 81.6M      0   728k  0:10:39  0:01:54  0:08:45  703k 18  455M    0     0   18 82.3M      0   728k  0:10:39  0:01:55  0:08:44  707k 18  455M    0     0   18 82.8M      0   727k  0:10:40  0:01:56  0:08:44  680k 18  455M    0     0   18 83.4M      0   726k  0:10:41  0:01:57  0:08:44  654k 18  455M    0     0   18 84.1M      0   726k  0:10:41  0:01:58  0:08:43  655k 18  455M    0     0   18 84.8M      0   726k  0:10:41  0:01:59  0:08:42  662k 18  455M    0     0   18 85.5M      0   725k  0:10:42  0:02:00  0:08:42  658k 18  455M    0     0   18 86.2M      0   725k  0:10:42  0:02:01  0:08:41  683k 19  455M    0     0   19 87.0M      0   725k  0:10:41  0:02:02  0:08:39  724k 19  455M    0     0   19 87.6M      0   725k  0:10:42  0:02:03  0:08:39  715k 19  455M    0     0   19 88.3M      0   725k  0:10:42  0:02:04  0:08:38  700k 19  455M    0     0   19 88.7M      0   723k  0:10:44  0:02:05  0:08:39  665k 19  455M    0     0   19 89.4M      0   722k  0:10:44  0:02:06  0:08:38  654k 19  455M    0     0   19 90.1M      0   722k  0:10:44  0:02:07  0:08:37  646k 19  455M    0     0   19 90.8M      0   723k  0:10:44  0:02:08  0:08:36  660k 20  455M    0     0   20 91.5M      0   723k  0:10:44  0:02:09  0:08:35  673k 20  455M    0     0   20 92.2M      0   722k  0:10:44  0:02:10  0:08:34  712k 20  455M    0     0   20 92.9M      0   722k  0:10:44  0:02:11  0:08:33  727k 20  455M    0     0   20 93.7M      0   722k  0:10:44  0:02:12  0:08:32  727k 20  455M    0     0   20 94.3M      0   723k  0:10:44  0:02:13  0:08:31  717k 20  455M    0     0   20 95.0M      0   722k  0:10:44  0:02:14  0:08:30  713k 21  455M    0     0   21 95.7M      0   722k  0:10:45  0:02:15  0:08:30  707k 21  455M    0     0   21 96.4M      0   722k  0:10:45  0:02:16  0:08:29  702k 21  455M    0     0   21 97.1M      0   722k  0:10:45  0:02:17  0:08:28  701k 21  455M    0     0   21 97.7M      0   722k  0:10:45  0:02:18  0:08:27  697k 21  455M    0     0   21 98.5M      0   722k  0:10:45  0:02:19  0:08:26  713k 21  455M    0     0   21 99.2M      0   722k  0:10:44  0:02:20  0:08:24  729k 21  455M    0     0   21 99.9M      0   722k  0:10:44  0:02:21  0:08:23  732k 22  455M    0     0   22  100M      0   722k  0:10:45  0:02:22  0:08:23  721k 22  455M    0     0   22  101M      0   722k  0:10:45  0:02:23  0:08:22  725k 22  455M    0     0   22  102M      0   722k  0:10:45  0:02:24  0:08:21  723k 22  455M    0     0   22  102M      0   722k  0:10:44  0:02:25  0:08:19  721k 22  455M    0     0   22  103M      0   722k  0:10:44  0:02:26  0:08:18  723k 22  455M    0     0   22  104M      0   722k  0:10:45  0:02:27  0:08:18  725k 23  455M    0     0   23  104M      0   722k  0:10:45  0:02:28  0:08:17  722k 23  455M    0     0   23  105M      0   722k  0:10:44  0:02:29  0:08:15  726k 23  455M    0     0   23  106M      0   722k  0:10:44  0:02:30  0:08:14  729k 23  455M    0     0   23  107M      0   722k  0:10:44  0:02:31  0:08:13  732k 23  455M    0     0   23  107M      0   723k  0:10:44  0:02:32  0:08:12  742k 23  455M    0     0   23  108M      0   722k  0:10:44  0:02:33  0:08:11  744k 23  455M    0     0   23  109M      0   722k  0:10:44  0:02:34  0:08:10  723k 24  455M    0     0   24  109M      0   722k  0:10:44  0:02:35  0:08:09  716k 24  455M    0     0   24  110M      0   722k  0:10:44  0:02:36  0:08:08  718k 24  455M    0     0   24  111M      0   722k  0:10:44  0:02:37  0:08:07  717k 24  455M    0     0   24  112M      0   722k  0:10:44  0:02:38  0:08:06  719k 24  455M    0     0   24  112M      0   722k  0:10:44  0:02:39  0:08:05  732k 24  455M    0     0   24  113M      0   722k  0:10:44  0:02:40  0:08:04  731k 25  455M    0     0   25  114M      0   722k  0:10:44  0:02:41  0:08:03  731k 25  455M    0     0   25  114M      0   723k  0:10:44  0:02:42  0:08:02  735k 25  455M    0     0   25  115M      0   723k  0:10:43  0:02:43  0:08:00  747k 25  455M    0     0   25  116M      0   723k  0:10:43  0:02:44  0:07:59  756k 25  455M    0     0   25  117M      0   724k  0:10:43  0:02:45  0:07:58  767k 25  455M    0     0   25  117M      0   724k  0:10:43  0:02:46  0:07:57  774k 26  455M    0     0   26  118M      0   724k  0:10:42  0:02:47  0:07:55  774k 26  455M    0     0   26  119M      0   724k  0:10:42  0:02:48  0:07:54  765k 26  455M    0     0   26  120M      0   724k  0:10:42  0:02:49  0:07:53  754k 26  455M    0     0   26  120M      0   724k  0:10:43  0:02:50  0:07:53  736k 26  455M    0     0   26  121M      0   724k  0:10:43  0:02:51  0:07:52  718k 26  455M    0     0   26  122M      0   724k  0:10:43  0:02:52  0:07:51  719k 27  455M    0     0   27  122M      0   724k  0:10:42  0:02:53  0:07:49  726k 27  455M    0     0   27  123M      0   725k  0:10:42  0:02:54  0:07:48  737k 27  455M    0     0   27  124M      0   725k  0:10:42  0:02:55  0:07:47  743k 27  455M    0     0   27  125M      0   725k  0:10:42  0:02:56  0:07:46  760k 27  455M    0     0   27  125M      0   725k  0:10:42  0:02:57  0:07:45  753k 27  455M    0     0   27  126M      0   725k  0:10:42  0:02:58  0:07:44  750k 27  455M    0     0   27  127M      0   725k  0:10:42  0:02:59  0:07:43  747k 28  455M    0     0   28  128M      0   726k  0:10:41  0:03:00  0:07:41  757k 28  455M    0     0   28  128M      0   726k  0:10:41  0:03:01  0:07:40  769k 28  455M    0     0   28  129M      0   726k  0:10:41  0:03:02  0:07:39  778k 28  455M    0     0   28  130M      0   727k  0:10:40  0:03:03  0:07:37  776k 28  455M    0     0   28  131M      0   727k  0:10:40  0:03:04  0:07:36  770k 28  455M    0     0   28  131M      0   725k  0:10:41  0:03:05  0:07:36  716k 29  455M    0     0   29  132M      0   725k  0:10:42  0:03:06  0:07:36  687k 29  455M    0     0   29  132M      0   725k  0:10:42  0:03:07  0:07:35  666k 29  455M    0     0   29  133M      0   725k  0:10:42  0:03:08  0:07:34  653k 29  455M    0     0   29  134M      0   724k  0:10:42  0:03:09  0:07:33  641k 29  455M    0     0   29  134M      0   724k  0:10:42  0:03:10  0:07:32  682k 29  455M    0     0   29  135M      0   724k  0:10:42  0:03:11  0:07:31  703k 29  455M    0     0   29  136M      0   725k  0:10:42  0:03:12  0:07:30  725k 30  455M    0     0   30  137M      0   725k  0:10:42  0:03:13  0:07:29  746k 30  455M    0     0   30  137M      0   725k  0:10:42  0:03:14  0:07:28  760k 30  455M    0     0   30  138M      0   725k  0:10:42  0:03:15  0:07:27  767k 30  455M    0     0   30  139M      0   725k  0:10:41  0:03:16  0:07:25  764k 30  455M    0     0   30  140M      0   726k  0:10:41  0:03:17  0:07:24  769k 30  455M    0     0   30  140M      0   726k  0:10:41  0:03:18  0:07:23  759k 31  455M    0     0   31  141M      0   726k  0:10:41  0:03:19  0:07:22  760k 31  455M    0     0   31  142M      0   726k  0:10:41  0:03:20  0:07:21  757k 31  455M    0     0   31  143M      0   726k  0:10:41  0:03:21  0:07:20  757k 31  455M    0     0   31  143M      0   727k  0:10:40  0:03:22  0:07:18  755k 31  455M    0     0   31  144M      0   727k  0:10:40  0:03:23  0:07:17  754k 31  455M    0     0   31  145M      0   727k  0:10:40  0:03:24  0:07:16  756k 32  455M    0     0   32  146M      0   727k  0:10:40  0:03:25  0:07:15  754k 32  455M    0     0   32  146M      0   727k  0:10:40  0:03:26  0:07:14  750k 32  455M    0     0   32  147M      0   727k  0:10:40  0:03:27  0:07:13  747k 32  455M    0     0   32  148M      0   727k  0:10:40  0:03:28  0:07:12  756k 32  455M    0     0   32  149M      0   728k  0:10:40  0:03:29  0:07:11  760k 32  455M    0     0   32  149M      0   728k  0:10:39  0:03:30  0:07:09  766k 33  455M    0     0   33  150M      0   728k  0:10:39  0:03:31  0:07:08  770k 33  455M    0     0   33  151M      0   728k  0:10:39  0:03:32  0:07:07  765k 33  455M    0     0   33  152M      0   728k  0:10:39  0:03:33  0:07:06  769k 33  455M    0     0   33  152M      0   728k  0:10:39  0:03:34  0:07:05  757k 33  455M    0     0   33  153M      0   728k  0:10:39  0:03:35  0:07:04  757k 33  455M    0     0   33  154M      0   728k  0:10:39  0:03:36  0:07:03  756k 34  455M    0     0   34  155M      0   729k  0:10:38  0:03:37  0:07:01  761k 34  455M    0     0   34  155M      0   729k  0:10:38  0:03:38  0:07:00  751k 34  455M    0     0   34  156M      0   729k  0:10:38  0:03:39  0:06:59  761k 34  455M    0     0   34  157M      0   729k  0:10:38  0:03:40  0:06:58  750k 34  455M    0     0   34  157M      0   729k  0:10:38  0:03:41  0:06:57  744k 34  455M    0     0   34  158M      0   729k  0:10:38  0:03:42  0:06:56  732k 35  455M    0     0   35  159M      0   729k  0:10:38  0:03:43  0:06:55  739k 35  455M    0     0   35  160M      0   729k  0:10:38  0:03:44  0:06:54  738k 35  455M    0     0   35  160M      0   729k  0:10:38  0:03:45  0:06:53  744k 35  455M    0     0   35  161M      0   729k  0:10:38  0:03:46  0:06:52  758k 35  455M    0     0   35  162M      0   730k  0:10:38  0:03:47  0:06:51  768k 35  455M    0     0   35  163M      0   730k  0:10:37  0:03:48  0:06:49  770k 36  455M    0     0   36  163M      0   730k  0:10:37  0:03:49  0:06:48  771k 36  455M    0     0   36  164M      0   730k  0:10:37  0:03:50  0:06:47  769k 36  455M    0     0   36  165M      0   730k  0:10:37  0:03:51  0:06:46  754k 36  455M    0     0   36  166M      0   730k  0:10:37  0:03:52  0:06:45  748k 36  455M    0     0   36  166M      0   730k  0:10:37  0:03:53  0:06:44  743k 36  455M    0     0   36  167M      0   730k  0:10:37  0:03:54  0:06:43  736k 36  455M    0     0   36  168M      0   731k  0:10:37  0:03:55  0:06:42  750k 37  455M    0     0   37  168M      0   731k  0:10:37  0:03:56  0:06:41  755k 37  455M    0     0   37  169M      0   731k  0:10:37  0:03:57  0:06:40  755k 37  455M    0     0   37  170M      0   731k  0:10:37  0:03:58  0:06:39  751k 37  455M    0     0   37  171M      0   731k  0:10:37  0:03:59  0:06:38  755k 37  455M    0     0   37  171M      0   731k  0:10:36  0:04:00  0:06:36  757k 37  455M    0     0   37  172M      0   731k  0:10:36  0:04:01  0:06:35  768k 38  455M    0     0   38  173M      0   731k  0:10:37  0:04:02  0:06:35  749k 38  455M    0     0   38  174M      0   731k  0:10:36  0:04:03  0:06:33  750k 38  455M    0     0   38  174M      0   731k  0:10:36  0:04:04  0:06:32  750k 38  455M    0     0   38  175M      0   731k  0:10:36  0:04:05  0:06:31  741k 38  455M    0     0   38  176M      0   731k  0:10:36  0:04:06  0:06:30  741k 38  455M    0     0   38  177M      0   732k  0:10:36  0:04:07  0:06:29  767k 39  455M    0     0   39  177M      0   732k  0:10:36  0:04:08  0:06:28  777k 39  455M    0     0   39  178M      0   732k  0:10:36  0:04:09  0:06:27  771k 39  455M    0     0   39  179M      0   732k  0:10:35  0:04:10  0:06:25  778k 39  455M    0     0   39  180M      0   732k  0:10:35  0:04:11  0:06:24  774k 39  455M    0     0   39  180M      0   733k  0:10:35  0:04:12  0:06:23  778k 39  455M    0     0   39  181M      0   733k  0:10:35  0:04:13  0:06:22  772k 40  455M    0     0   40  182M      0   733k  0:10:35  0:04:14  0:06:21  786k 40  455M    0     0   40  183M      0   733k  0:10:35  0:04:15  0:06:20  777k 40  455M    0     0   40  183M      0   733k  0:10:34  0:04:16  0:06:18  786k 40  455M    0     0   40  184M      0   734k  0:10:34  0:04:17  0:06:17  787k 40  455M    0     0   40  185M      0   734k  0:10:34  0:04:18  0:06:16  788k 40  455M    0     0   40  186M      0   734k  0:10:34  0:04:19  0:06:15  785k 41  455M    0     0   41  187M      0   734k  0:10:34  0:04:20  0:06:14  794k 41  455M    0     0   41  187M      0   734k  0:10:34  0:04:21  0:06:13  786k 41  455M    0     0   41  188M      0   734k  0:10:34  0:04:22  0:06:12  772k 41  455M    0     0   41  189M      0   735k  0:10:33  0:04:23  0:06:10  772k 41  455M    0     0   41  190M      0   735k  0:10:33  0:04:24  0:06:09  773k 41  455M    0     0   41  190M      0   735k  0:10:33  0:04:25  0:06:08  771k 42  455M    0     0   42  191M      0   735k  0:10:33  0:04:26  0:06:07  752k 42  455M    0     0   42  192M      0   735k  0:10:33  0:04:27  0:06:06  764k 42  455M    0     0   42  193M      0   735k  0:10:33  0:04:28  0:06:05  765k 42  455M    0     0   42  193M      0   735k  0:10:33  0:04:29  0:06:04  762k 42  455M    0     0   42  194M      0   735k  0:10:33  0:04:30  0:06:03  756k 42  455M    0     0   42  195M      0   735k  0:10:33  0:04:31  0:06:02  776k 43  455M    0     0   43  196M      0   735k  0:10:33  0:04:32  0:06:01  764k 43  455M    0     0   43  196M      0   735k  0:10:33  0:04:33  0:06:00  753k 43  455M    0     0   43  197M      0   736k  0:10:33  0:04:34  0:05:59  754k 43  455M    0     0   43  198M      0   736k  0:10:32  0:04:35  0:05:57  764k 43  455M    0     0   43  199M      0   736k  0:10:32  0:04:36  0:05:56  762k 43  455M    0     0   43  199M      0   736k  0:10:32  0:04:37  0:05:55  764k 44  455M    0     0   44  200M      0   736k  0:10:32  0:04:38  0:05:54  776k 44  455M    0     0   44  201M      0   736k  0:10:32  0:04:39  0:05:53  778k 44  455M    0     0   44  202M      0   737k  0:10:32  0:04:40  0:05:52  777k 44  455M    0     0   44  202M      0   737k  0:10:32  0:04:41  0:05:51  774k 44  455M    0     0   44  203M      0   737k  0:10:31  0:04:42  0:05:49  782k 44  455M    0     0   44  204M      0   737k  0:10:31  0:04:43  0:05:48  777k 45  455M    0     0   45  205M      0   737k  0:10:31  0:04:44  0:05:47  775k 45  455M    0     0   45  205M      0   737k  0:10:31  0:04:45  0:05:46  776k 45  455M    0     0   45  206M      0   737k  0:10:31  0:04:46  0:05:45  780k 45  455M    0     0   45  207M      0   738k  0:10:31  0:04:47  0:05:44  780k 45  455M    0     0   45  208M      0   738k  0:10:31  0:04:48  0:05:43  776k 45  455M    0     0   45  208M      0   738k  0:10:31  0:04:49  0:05:42  772k 46  455M    0     0   46  209M      0   738k  0:10:31  0:04:50  0:05:41  775k 46  455M    0     0   46  210M      0   738k  0:10:30  0:04:51  0:05:39  775k 46  455M    0     0   46  211M      0   738k  0:10:30  0:04:52  0:05:38  772k 46  455M    0     0   46  211M      0   738k  0:10:30  0:04:53  0:05:37  782k 46  455M    0     0   46  212M      0   738k  0:10:30  0:04:54  0:05:36  784k 46  455M    0     0   46  213M      0   739k  0:10:30  0:04:55  0:05:35  780k 47  455M    0     0   47  214M      0   739k  0:10:30  0:04:56  0:05:34  780k 47  455M    0     0   47  214M      0   739k  0:10:30  0:04:57  0:05:33  777k 47  455M    0     0   47  215M      0   739k  0:10:30  0:04:58  0:05:32  778k 47  455M    0     0   47  216M      0   739k  0:10:29  0:04:59  0:05:30  779k 47  455M    0     0   47  217M      0   739k  0:10:29  0:05:00  0:05:29  778k 47  455M    0     0   47  218M      0   739k  0:10:29  0:05:01  0:05:28  781k 48  455M    0     0   48  218M      0   739k  0:10:29  0:05:02  0:05:27  779k 48  455M    0     0   48  219M      0   739k  0:10:29  0:05:03  0:05:26  767k 48  455M    0     0   48  220M      0   740k  0:10:29  0:05:04  0:05:25  764k 48  455M    0     0   48  220M      0   740k  0:10:29  0:05:05  0:05:24  761k 48  455M    0     0   48  221M      0   740k  0:10:29  0:05:06  0:05:23  762k 48  455M    0     0   48  222M      0   740k  0:10:29  0:05:07  0:05:22  759k 49  455M    0     0   49  223M      0   740k  0:10:29  0:05:08  0:05:21  761k 49  455M    0     0   49  223M      0   740k  0:10:29  0:05:09  0:05:20  759k 49  455M    0     0   49  224M      0   740k  0:10:29  0:05:10  0:05:19  759k 49  455M    0     0   49  225M      0   740k  0:10:29  0:05:11  0:05:18  758k 49  455M    0     0   49  226M      0   740k  0:10:29  0:05:12  0:05:17  751k 49  455M    0     0   49  226M      0   740k  0:10:29  0:05:13  0:05:16  758k 50  455M    0     0   50  227M      0   740k  0:10:29  0:05:14  0:05:15  760k 50  455M    0     0   50  228M      0   740k  0:10:29  0:05:15  0:05:14  751k 50  455M    0     0   50  229M      0   740k  0:10:29  0:05:16  0:05:13  742k 50  455M    0     0   50  229M      0   740k  0:10:29  0:05:17  0:05:12  753k 50  455M    0     0   50  230M      0   740k  0:10:28  0:05:18  0:05:10  755k 50  455M    0     0   50  231M      0   740k  0:10:28  0:05:19  0:05:09  758k 51  455M    0     0   51  232M      0   741k  0:10:28  0:05:20  0:05:08  765k 51  455M    0     0   51  232M      0   740k  0:10:28  0:05:21  0:05:07  764k 51  455M    0     0   51  233M      0   740k  0:10:28  0:05:22  0:05:06  759k 51  455M    0     0   51  234M      0   741k  0:10:28  0:05:23  0:05:05  761k 51  455M    0     0   51  234M      0   741k  0:10:28  0:05:24  0:05:04  746k 51  455M    0     0   51  235M      0   741k  0:10:28  0:05:25  0:05:03  750k 51  455M    0     0   51  236M      0   741k  0:10:28  0:05:26  0:05:02  745k 52  455M    0     0   52  237M      0   741k  0:10:28  0:05:27  0:05:01  742k 52  455M    0     0   52  237M      0   741k  0:10:28  0:05:28  0:05:00  736k 52  455M    0     0   52  238M      0   741k  0:10:28  0:05:29  0:04:59  744k 52  455M    0     0   52  239M      0   741k  0:10:28  0:05:30  0:04:58  744k 52  455M    0     0   52  240M      0   741k  0:10:28  0:05:31  0:04:57  762k 52  455M    0     0   52  240M      0   741k  0:10:28  0:05:32  0:04:56  771k 53  455M    0     0   53  241M      0   741k  0:10:28  0:05:33  0:04:55  758k 53  455M    0     0   53  242M      0   741k  0:10:28  0:05:34  0:04:54  765k 53  455M    0     0   53  243M      0   741k  0:10:28  0:05:35  0:04:53  766k 53  455M    0     0   53  243M      0   741k  0:10:28  0:05:36  0:04:52  758k 53  455M    0     0   53  244M      0   741k  0:10:28  0:05:37  0:04:51  756k 53  455M    0     0   53  245M      0   741k  0:10:28  0:05:38  0:04:50  764k 54  455M    0     0   54  246M      0   741k  0:10:28  0:05:39  0:04:49  750k 54  455M    0     0   54  246M      0   741k  0:10:28  0:05:40  0:04:48  748k 54  455M    0     0   54  247M      0   741k  0:10:28  0:05:41  0:04:47  748k 54  455M    0     0   54  247M      0   740k  0:10:28  0:05:42  0:04:46  693k 54  455M    0     0   54  248M      0   740k  0:10:29  0:05:43  0:04:46  679k 54  455M    0     0   54  249M      0   740k  0:10:28  0:05:44  0:04:44  693k 54  455M    0     0   54  250M      0   741k  0:10:28  0:05:45  0:04:43  694k 55  455M    0     0   55  250M      0   741k  0:10:28  0:05:46  0:04:42  703k 55  455M    0     0   55  251M      0   741k  0:10:28  0:05:47  0:04:41  762k 55  455M    0     0   55  252M      0   741k  0:10:28  0:05:48  0:04:40  782k 55  455M    0     0   55  253M      0   741k  0:10:28  0:05:49  0:04:39  780k 55  455M    0     0   55  253M      0   741k  0:10:28  0:05:50  0:04:38  779k 55  455M    0     0   55  254M      0   741k  0:10:28  0:05:51  0:04:37  757k 56  455M    0     0   56  255M      0   741k  0:10:28  0:05:52  0:04:36  761k 56  455M    0     0   56  256M      0   741k  0:10:28  0:05:53  0:04:35  761k 56  455M    0     0   56  256M      0   741k  0:10:28  0:05:54  0:04:34  757k 56  455M    0     0   56  257M      0   741k  0:10:28  0:05:55  0:04:33  759k 56  455M    0     0   56  258M      0   741k  0:10:28  0:05:56  0:04:32  778k 56  455M    0     0   56  259M      0   742k  0:10:27  0:05:57  0:04:30  771k 57  455M    0     0   57  259M      0   742k  0:10:27  0:05:58  0:04:29  771k 57  455M    0     0   57  260M      0   742k  0:10:27  0:05:59  0:04:28  779k 57  455M    0     0   57  261M      0   742k  0:10:27  0:06:00  0:04:27  775k 57  455M    0     0   57  262M      0   742k  0:10:27  0:06:01  0:04:26  767k 57  455M    0     0   57  262M      0   741k  0:10:28  0:06:02  0:04:26  722k 57  455M    0     0   57  263M      0   741k  0:10:28  0:06:03  0:04:25  696k 58  455M    0     0   58  264M      0   741k  0:10:28  0:06:04  0:04:24  681k 58  455M    0     0   58  264M      0   741k  0:10:28  0:06:05  0:04:23  685k 58  455M    0     0   58  265M      0   741k  0:10:28  0:06:06  0:04:22  692k 58  455M    0     0   58  266M      0   741k  0:10:28  0:06:07  0:04:21  742k 58  455M    0     0   58  267M      0   741k  0:10:28  0:06:08  0:04:20  769k 58  455M    0     0   58  267M      0   741k  0:10:28  0:06:09  0:04:19  777k 59  455M    0     0   59  268M      0   742k  0:10:27  0:06:10  0:04:17  779k 59  455M    0     0   59  269M      0   742k  0:10:27  0:06:11  0:04:16  776k 59  455M    0     0   59  270M      0   742k  0:10:27  0:06:12  0:04:15  767k 59  455M    0     0   59  270M      0   742k  0:10:27  0:06:13  0:04:14  771k 59  455M    0     0   59  271M      0   742k  0:10:27  0:06:14  0:04:13  777k 59  455M    0     0   59  272M      0   742k  0:10:27  0:06:15  0:04:12  770k 60  455M    0     0   60  273M      0   742k  0:10:27  0:06:16  0:04:11  777k 60  455M    0     0   60  273M      0   742k  0:10:27  0:06:17  0:04:10  780k 60  455M    0     0   60  274M      0   742k  0:10:27  0:06:18  0:04:09  779k 60  455M    0     0   60  275M      0   742k  0:10:27  0:06:19  0:04:08  771k 60  455M    0     0   60  276M      0   742k  0:10:27  0:06:20  0:04:07  780k 60  455M    0     0   60  276M      0   743k  0:10:27  0:06:21  0:04:06  779k 61  455M    0     0   61  277M      0   743k  0:10:27  0:06:22  0:04:05  778k 61  455M    0     0   61  278M      0   743k  0:10:27  0:06:23  0:04:04  778k 61  455M    0     0   61  279M      0   743k  0:10:27  0:06:24  0:04:03  766k 61  455M    0     0   61  279M      0   743k  0:10:26  0:06:25  0:04:01  764k 61  455M    0     0   61  280M      0   743k  0:10:26  0:06:26  0:04:00  759k 61  455M    0     0   61  281M      0   743k  0:10:27  0:06:27  0:04:00  748k 61  455M    0     0   61  282M      0   743k  0:10:27  0:06:28  0:03:59  742k 62  455M    0     0   62  282M      0   743k  0:10:27  0:06:29  0:03:58  750k 62  455M    0     0   62  283M      0   743k  0:10:26  0:06:30  0:03:56  748k 62  455M    0     0   62  284M      0   743k  0:10:26  0:06:31  0:03:55  747k 62  455M    0     0   62  284M      0   743k  0:10:27  0:06:32  0:03:55  738k 62  455M    0     0   62  285M      0   743k  0:10:27  0:06:33  0:03:54  740k 62  455M    0     0   62  286M      0   743k  0:10:27  0:06:34  0:03:53  737k 63  455M    0     0   63  287M      0   743k  0:10:27  0:06:35  0:03:52  724k 63  455M    0     0   63  287M      0   743k  0:10:27  0:06:36  0:03:51  720k 63  455M    0     0   63  288M      0   742k  0:10:27  0:06:37  0:03:50  736k 63  455M    0     0   63  289M      0   743k  0:10:27  0:06:38  0:03:49  734k 63  455M    0     0   63  290M      0   742k  0:10:27  0:06:39  0:03:48  735k 63  455M    0     0   63  290M      0   743k  0:10:27  0:06:40  0:03:47  744k 64  455M    0     0   64  291M      0   743k  0:10:27  0:06:41  0:03:46  746k 64  455M    0     0   64  292M      0   742k  0:10:27  0:06:42  0:03:45  741k 64  455M    0     0   64  292M      0   742k  0:10:27  0:06:43  0:03:44  736k 64  455M    0     0   64  293M      0   742k  0:10:27  0:06:44  0:03:43  736k 64  455M    0     0   64  294M      0   742k  0:10:27  0:06:45  0:03:42  730k 64  455M    0     0   64  295M      0   742k  0:10:27  0:06:46  0:03:41  725k 64  455M    0     0   64  295M      0   742k  0:10:27  0:06:47  0:03:40  737k 65  455M    0     0   65  296M      0   742k  0:10:27  0:06:48  0:03:39  734k 65  455M    0     0   65  297M      0   742k  0:10:27  0:06:49  0:03:38  736k 65  455M    0     0   65  297M      0   742k  0:10:27  0:06:50  0:03:37  731k 65  455M    0     0   65  298M      0   742k  0:10:27  0:06:51  0:03:36  732k 65  455M    0     0   65  299M      0   742k  0:10:27  0:06:52  0:03:35  738k 65  455M    0     0   65  300M      0   742k  0:10:27  0:06:53  0:03:34  751k 66  455M    0     0   66  300M      0   742k  0:10:27  0:06:54  0:03:33  755k 66  455M    0     0   66  301M      0   743k  0:10:27  0:06:55  0:03:32  769k 66  455M    0     0   66  302M      0   742k  0:10:27  0:06:56  0:03:31  713k 66  455M    0     0   66  302M      0   741k  0:10:28  0:06:57  0:03:31  668k 66  455M    0     0   66  303M      0   741k  0:10:28  0:06:58  0:03:30  635k 66  455M    0     0   66  303M      0   741k  0:10:28  0:06:59  0:03:29  615k 66  455M    0     0   66  304M      0   741k  0:10:28  0:07:00  0:03:28  594k 67  455M    0     0   67  305M      0   741k  0:10:28  0:07:01  0:03:27  652k 67  455M    0     0   67  306M      0   741k  0:10:28  0:07:02  0:03:26  699k 67  455M    0     0   67  306M      0   741k  0:10:28  0:07:03  0:03:25  723k 67  455M    0     0   67  307M      0   741k  0:10:28  0:07:04  0:03:24  739k 67  455M    0     0   67  308M      0   741k  0:10:28  0:07:05  0:03:23  762k 67  455M    0     0   67  309M      0   741k  0:10:28  0:07:06  0:03:22  761k 68  455M    0     0   68  309M      0   741k  0:10:28  0:07:07  0:03:21  729k 68  455M    0     0   68  310M      0   740k  0:10:28  0:07:08  0:03:20  692k 68  455M    0     0   68  310M      0   740k  0:10:29  0:07:09  0:03:20  673k 68  455M    0     0   68  311M      0   740k  0:10:29  0:07:10  0:03:19  653k 68  455M    0     0   68  312M      0   740k  0:10:29  0:07:11  0:03:18  634k 68  455M    0     0   68  312M      0   740k  0:10:29  0:07:12  0:03:17  644k 68  455M    0     0   68  313M      0   740k  0:10:29  0:07:13  0:03:16  689k 69  455M    0     0   69  314M      0   740k  0:10:29  0:07:14  0:03:15  712k 69  455M    0     0   69  315M      0   740k  0:10:29  0:07:15  0:03:14  723k 69  455M    0     0   69  315M      0   740k  0:10:29  0:07:16  0:03:13  742k 69  455M    0     0   69  316M      0   740k  0:10:29  0:07:17  0:03:12  747k 69  455M    0     0   69  317M      0   740k  0:10:29  0:07:18  0:03:11  743k 69  455M    0     0   69  317M      0   740k  0:10:29  0:07:19  0:03:10  747k 70  455M    0     0   70  318M      0   740k  0:10:29  0:07:20  0:03:09  742k 70  455M    0     0   70  319M      0   740k  0:10:29  0:07:21  0:03:08  733k 70  455M    0     0   70  320M      0   740k  0:10:29  0:07:22  0:03:07  742k 70  455M    0     0   70  320M      0   740k  0:10:29  0:07:23  0:03:06  752k 70  455M    0     0   70  321M      0   740k  0:10:29  0:07:24  0:03:05  752k 70  455M    0     0   70  322M      0   740k  0:10:29  0:07:25  0:03:04  765k 71  455M    0     0   71  323M      0   740k  0:10:29  0:07:26  0:03:03  776k 71  455M    0     0   71  323M      0   740k  0:10:29  0:07:27  0:03:02  769k 71  455M    0     0   71  324M      0   740k  0:10:29  0:07:28  0:03:01  766k 71  455M    0     0   71  325M      0   740k  0:10:28  0:07:29  0:02:59  766k 71  455M    0     0   71  326M      0   740k  0:10:28  0:07:30  0:02:58  768k 71  455M    0     0   71  326M      0   741k  0:10:28  0:07:31  0:02:57  776k 72  455M    0     0   72  327M      0   741k  0:10:28  0:07:32  0:02:56  781k 72  455M    0     0   72  328M      0   741k  0:10:28  0:07:33  0:02:55  766k 72  455M    0     0   72  329M      0   741k  0:10:28  0:07:34  0:02:54  762k 72  455M    0     0   72  329M      0   741k  0:10:28  0:07:35  0:02:53  763k 72  455M    0     0   72  330M      0   741k  0:10:28  0:07:36  0:02:52  751k 72  455M    0     0   72  331M      0   741k  0:10:28  0:07:37  0:02:51  742k 72  455M    0     0   72  331M      0   741k  0:10:28  0:07:38  0:02:50  744k 73  455M    0     0   73  332M      0   741k  0:10:28  0:07:39  0:02:49  739k 73  455M    0     0   73  333M      0   741k  0:10:28  0:07:40  0:02:48  737k 73  455M    0     0   73  334M      0   741k  0:10:28  0:07:41  0:02:47  741k 73  455M    0     0   73  334M      0   741k  0:10:28  0:07:42  0:02:46  754k 73  455M    0     0   73  335M      0   741k  0:10:28  0:07:43  0:02:45  763k 73  455M    0     0   73  336M      0   741k  0:10:28  0:07:44  0:02:44  771k 74  455M    0     0   74  337M      0   741k  0:10:28  0:07:45  0:02:43  762k 74  455M    0     0   74  337M      0   741k  0:10:28  0:07:46  0:02:42  754k 74  455M    0     0   74  338M      0   741k  0:10:28  0:07:47  0:02:41  725k 74  455M    0     0   74  339M      0   741k  0:10:28  0:07:48  0:02:40  717k 74  455M    0     0   74  339M      0   741k  0:10:28  0:07:49  0:02:39  708k 74  455M    0     0   74  340M      0   741k  0:10:28  0:07:50  0:02:38  709k 75  455M    0     0   75  341M      0   740k  0:10:28  0:07:51  0:02:37  708k 75  455M    0     0   75  342M      0   741k  0:10:28  0:07:52  0:02:36  735k 75  455M    0     0   75  342M      0   741k  0:10:28  0:07:53  0:02:35  755k 75  455M    0     0   75  343M      0   741k  0:10:28  0:07:54  0:02:34  772k 75  455M    0     0   75  344M      0   741k  0:10:28  0:07:55  0:02:33  780k 75  455M    0     0   75  345M      0   741k  0:10:28  0:07:56  0:02:32  795k 76  455M    0     0   76  345M      0   741k  0:10:28  0:07:57  0:02:31  795k 76  455M    0     0   76  346M      0   741k  0:10:28  0:07:58  0:02:30  780k 76  455M    0     0   76  347M      0   741k  0:10:28  0:07:59  0:02:29  775k 76  455M    0     0   76  348M      0   741k  0:10:28  0:08:00  0:02:28  776k 76  455M    0     0   76  348M      0   741k  0:10:28  0:08:01  0:02:27  773k 76  455M    0     0   76  349M      0   741k  0:10:28  0:08:02  0:02:26  776k 77  455M    0     0   77  350M      0   742k  0:10:27  0:08:03  0:02:24  788k 77  455M    0     0   77  351M      0   742k  0:10:27  0:08:04  0:02:23  781k 77  455M    0     0   77  352M      0   742k  0:10:27  0:08:05  0:02:22  778k 77  455M    0     0   77  352M      0   742k  0:10:27  0:08:06  0:02:21  776k 77  455M    0     0   77  353M      0   742k  0:10:27  0:08:07  0:02:20  775k 77  455M    0     0   77  354M      0   742k  0:10:27  0:08:08  0:02:19  768k 78  455M    0     0   78  355M      0   742k  0:10:27  0:08:09  0:02:18  773k 78  455M    0     0   78  355M      0   742k  0:10:27  0:08:10  0:02:17  775k 78  455M    0     0   78  356M      0   742k  0:10:27  0:08:11  0:02:16  775k 78  455M    0     0   78  357M      0   742k  0:10:27  0:08:12  0:02:15  770k 78  455M    0     0   78  358M      0   742k  0:10:27  0:08:13  0:02:14  777k 78  455M    0     0   78  358M      0   742k  0:10:27  0:08:14  0:02:13  781k 79  455M    0     0   79  359M      0   742k  0:10:27  0:08:15  0:02:12  782k 79  455M    0     0   79  360M      0   742k  0:10:27  0:08:16  0:02:11  782k 79  455M    0     0   79  361M      0   743k  0:10:27  0:08:17  0:02:10  787k 79  455M    0     0   79  361M      0   743k  0:10:27  0:08:18  0:02:09  785k 79  455M    0     0   79  362M      0   743k  0:10:27  0:08:19  0:02:08  776k 79  455M    0     0   79  363M      0   743k  0:10:26  0:08:20  0:02:06  772k 80  455M    0     0   80  364M      0   743k  0:10:26  0:08:21  0:02:05  768k 80  455M    0     0   80  364M      0   743k  0:10:26  0:08:22  0:02:04  771k 80  455M    0     0   80  365M      0   743k  0:10:26  0:08:23  0:02:03  770k 80  455M    0     0   80  366M      0   743k  0:10:26  0:08:24  0:02:02  778k 80  455M    0     0   80  367M      0   743k  0:10:26  0:08:25  0:02:01  778k 80  455M    0     0   80  367M      0   743k  0:10:26  0:08:26  0:02:00  784k 81  455M    0     0   81  368M      0   743k  0:10:26  0:08:27  0:01:59  779k 81  455M    0     0   81  369M      0   743k  0:10:26  0:08:28  0:01:58  777k 81  455M    0     0   81  370M      0   743k  0:10:26  0:08:29  0:01:57  776k 81  455M    0     0   81  371M      0   743k  0:10:26  0:08:30  0:01:56  777k 81  455M    0     0   81  371M      0   743k  0:10:26  0:08:31  0:01:55  771k 81  455M    0     0   81  372M      0   744k  0:10:26  0:08:32  0:01:54  778k 82  455M    0     0   82  373M      0   744k  0:10:26  0:08:33  0:01:53  779k 82  455M    0     0   82  374M      0   744k  0:10:26  0:08:34  0:01:52  780k 82  455M    0     0   82  374M      0   744k  0:10:26  0:08:35  0:01:51  791k 82  455M    0     0   82  375M      0   744k  0:10:25  0:08:36  0:01:49  794k 82  455M    0     0   82  376M      0   744k  0:10:25  0:08:37  0:01:48  787k 82  455M    0     0   82  377M      0   744k  0:10:25  0:08:38  0:01:47  792k 83  455M    0     0   83  377M      0   744k  0:10:25  0:08:39  0:01:46  782k 83  455M    0     0   83  378M      0   744k  0:10:25  0:08:40  0:01:45  770k 83  455M    0     0   83  379M      0   744k  0:10:25  0:08:41  0:01:44  766k 83  455M    0     0   83  380M      0   744k  0:10:25  0:08:42  0:01:43  772k 83  455M    0     0   83  380M      0   744k  0:10:25  0:08:43  0:01:42  769k 83  455M    0     0   83  381M      0   744k  0:10:25  0:08:44  0:01:41  775k 84  455M    0     0   84  382M      0   744k  0:10:25  0:08:45  0:01:40  772k 84  455M    0     0   84  383M      0   744k  0:10:25  0:08:46  0:01:39  770k 84  455M    0     0   84  383M      0   744k  0:10:25  0:08:47  0:01:38  761k 84  455M    0     0   84  384M      0   744k  0:10:25  0:08:48  0:01:37  755k 84  455M    0     0   84  385M      0   744k  0:10:25  0:08:49  0:01:36  758k 84  455M    0     0   84  386M      0   745k  0:10:25  0:08:50  0:01:35  760k 84  455M    0     0   84  386M      0   744k  0:10:25  0:08:51  0:01:34  710k 85  455M    0     0   85  387M      0   744k  0:10:25  0:08:52  0:01:33  690k 85  455M    0     0   85  387M      0   744k  0:10:26  0:08:53  0:01:33  679k 85  455M    0     0   85  388M      0   744k  0:10:26  0:08:54  0:01:32  676k 85  455M    0     0   85  389M      0   744k  0:10:25  0:08:55  0:01:30  675k 85  455M    0     0   85  390M      0   744k  0:10:25  0:08:56  0:01:29  727k 85  455M    0     0   85  390M      0   744k  0:10:26  0:08:57  0:01:29  739k 86  455M    0     0   86  391M      0   744k  0:10:26  0:08:58  0:01:28  746k 86  455M    0     0   86  392M      0   744k  0:10:26  0:08:59  0:01:27  739k 86  455M    0     0   86  393M      0   744k  0:10:26  0:09:00  0:01:26  733k 86  455M    0     0   86  393M      0   744k  0:10:26  0:09:01  0:01:25  731k 86  455M    0     0   86  394M      0   744k  0:10:26  0:09:02  0:01:24  741k 86  455M    0     0   86  395M      0   744k  0:10:26  0:09:03  0:01:23  745k 87  455M    0     0   87  395M      0   744k  0:10:25  0:09:04  0:01:21  760k 87  455M    0     0   87  396M      0   744k  0:10:25  0:09:05  0:01:20  773k 87  455M    0     0   87  397M      0   744k  0:10:25  0:09:06  0:01:19  784k 87  455M    0     0   87  398M      0   744k  0:10:25  0:09:07  0:01:18  794k 87  455M    0     0   87  399M      0   744k  0:10:25  0:09:08  0:01:17  797k 87  455M    0     0   87  399M      0   744k  0:10:25  0:09:09  0:01:16  790k 88  455M    0     0   88  400M      0   744k  0:10:25  0:09:10  0:01:15  779k 88  455M    0     0   88  401M      0   744k  0:10:25  0:09:11  0:01:14  774k 88  455M    0     0   88  402M      0   744k  0:10:25  0:09:12  0:01:13  768k 88  455M    0     0   88  402M      0   745k  0:10:25  0:09:13  0:01:12  769k 88  455M    0     0   88  403M      0   745k  0:10:25  0:09:14  0:01:11  763k 88  455M    0     0   88  404M      0   745k  0:10:25  0:09:15  0:01:10  760k 89  455M    0     0   89  405M      0   745k  0:10:25  0:09:16  0:01:09  764k 89  455M    0     0   89  405M      0   745k  0:10:25  0:09:17  0:01:08  771k 89  455M    0     0   89  406M      0   745k  0:10:25  0:09:18  0:01:07  771k 89  455M    0     0   89  407M      0   745k  0:10:25  0:09:19  0:01:06  788k 89  455M    0     0   89  408M      0   745k  0:10:25  0:09:20  0:01:05  782k 89  455M    0     0   89  408M      0   745k  0:10:25  0:09:21  0:01:04  765k 89  455M    0     0   89  409M      0   745k  0:10:25  0:09:22  0:01:03  740k 90  455M    0     0   90  410M      0   745k  0:10:25  0:09:23  0:01:02  736k 90  455M    0     0   90  410M      0   745k  0:10:25  0:09:24  0:01:01  711k 90  455M    0     0   90  411M      0   745k  0:10:25  0:09:25  0:01:00  727k 90  455M    0     0   90  412M      0   745k  0:10:25  0:09:26  0:00:59  738k 90  455M    0     0   90  413M      0   745k  0:10:25  0:09:27  0:00:58  746k 90  455M    0     0   90  413M      0   745k  0:10:25  0:09:28  0:00:57  743k 91  455M    0     0   91  414M      0   745k  0:10:25  0:09:29  0:00:56  753k 91  455M    0     0   91  415M      0   745k  0:10:25  0:09:30  0:00:55  743k 91  455M    0     0   91  416M      0   745k  0:10:25  0:09:31  0:00:54  738k 91  455M    0     0   91  416M      0   745k  0:10:25  0:09:32  0:00:53  734k 91  455M    0     0   91  417M      0   745k  0:10:25  0:09:33  0:00:52  732k 91  455M    0     0   91  418M      0   745k  0:10:25  0:09:34  0:00:51  737k 92  455M    0     0   92  418M      0   745k  0:10:25  0:09:35  0:00:50  742k 92  455M    0     0   92  419M      0   745k  0:10:25  0:09:36  0:00:49  757k 92  455M    0     0   92  420M      0   745k  0:10:25  0:09:37  0:00:48  769k 92  455M    0     0   92  421M      0   745k  0:10:25  0:09:38  0:00:47  779k 92  455M    0     0   92  422M      0   745k  0:10:25  0:09:39  0:00:46  786k 92  455M    0     0   92  422M      0   745k  0:10:25  0:09:40  0:00:45  784k 93  455M    0     0   93  423M      0   745k  0:10:25  0:09:41  0:00:44  759k 93  455M    0     0   93  423M      0   745k  0:10:25  0:09:42  0:00:43  719k 93  455M    0     0   93  424M      0   744k  0:10:25  0:09:43  0:00:42  698k 93  455M    0     0   93  425M      0   745k  0:10:25  0:09:44  0:00:41  696k 93  455M    0     0   93  426M      0   745k  0:10:25  0:09:45  0:00:40  702k 93  455M    0     0   93  426M      0   745k  0:10:25  0:09:46  0:00:39  723k 94  455M    0     0   94  427M      0   745k  0:10:25  0:09:47  0:00:38  767k 94  455M    0     0   94  428M      0   745k  0:10:25  0:09:48  0:00:37  792k 94  455M    0     0   94  429M      0   745k  0:10:25  0:09:49  0:00:36  788k 94  455M    0     0   94  429M      0   745k  0:10:25  0:09:50  0:00:35  776k 94  455M    0     0   94  430M      0   745k  0:10:25  0:09:51  0:00:34  777k 94  455M    0     0   94  431M      0   745k  0:10:24  0:09:52  0:00:32  777k 94  455M    0     0   94  432M      0   745k  0:10:24  0:09:53  0:00:31  767k 95  455M    0     0   95  433M      0   745k  0:10:24  0:09:54  0:00:30  764k 95  455M    0     0   95  433M      0   745k  0:10:24  0:09:55  0:00:29  769k 95  455M    0     0   95  434M      0   745k  0:10:24  0:09:56  0:00:28  762k 95  455M    0     0   95  435M      0   745k  0:10:24  0:09:57  0:00:27  759k 95  455M    0     0   95  436M      0   745k  0:10:24  0:09:58  0:00:26  766k 95  455M    0     0   95  436M      0   745k  0:10:24  0:09:59  0:00:25  760k 96  455M    0     0   96  437M      0   745k  0:10:24  0:10:00  0:00:24  761k 96  455M    0     0   96  438M      0   745k  0:10:24  0:10:01  0:00:23  769k 96  455M    0     0   96  438M      0   745k  0:10:24  0:10:02  0:00:22  739k 96  455M    0     0   96  439M      0   745k  0:10:25  0:10:03  0:00:22  674k 96  455M    0     0   96  439M      0   744k  0:10:25  0:10:04  0:00:21  618k 96  455M    0     0   96  440M      0   744k  0:10:26  0:10:05  0:00:21  571k 96  455M    0     0   96  440M      0   744k  0:10:26  0:10:06  0:00:20  528k 97  455M    0     0   97  441M      0   743k  0:10:26  0:10:07  0:00:19  528k 97  455M    0     0   97  442M      0   743k  0:10:26  0:10:08  0:00:18  575k 97  455M    0     0   97  442M      0   743k  0:10:26  0:10:09  0:00:17  633k 97  455M    0     0   97  443M      0   743k  0:10:26  0:10:10  0:00:16  687k 97  455M    0     0   97  444M      0   743k  0:10:26  0:10:11  0:00:15  732k 97  455M    0     0   97  445M      0   743k  0:10:26  0:10:12  0:00:14  750k 97  455M    0     0   97  445M      0   744k  0:10:26  0:10:13  0:00:13  775k 98  455M    0     0   98  446M      0   744k  0:10:26  0:10:14  0:00:12  780k 98  455M    0     0   98  447M      0   744k  0:10:26  0:10:15  0:00:11  775k 98  455M    0     0   98  448M      0   744k  0:10:26  0:10:16  0:00:10  767k 98  455M    0     0   98  448M      0   744k  0:10:26  0:10:17  0:00:09  772k 98  455M    0     0   98  449M      0   744k  0:10:26  0:10:18  0:00:08  765k 98  455M    0     0   98  450M      0   744k  0:10:26  0:10:19  0:00:07  771k 99  455M    0     0   99  451M      0   744k  0:10:25  0:10:20  0:00:05  783k 99  455M    0     0   99  451M      0   744k  0:10:25  0:10:21  0:00:04  782k 99  455M    0     0   99  452M      0   744k  0:10:25  0:10:22  0:00:03  788k 99  455M    0     0   99  453M      0   744k  0:10:25  0:10:23  0:00:02  789k 99  455M    0     0   99  454M      0   744k  0:10:25  0:10:24  0:00:01  782k 99  455M    0     0   99  455M      0   744k  0:10:25  0:10:25 --:--:--  775k100  455M    0     0  100  455M      0   743k  0:10:26  0:10:26 --:--:--  623k100  455M    0     0  100  455M      0   743k  0:10:26  0:10:26 --:--:--  569k
