46967816
curl --location --header x-amz-auto-make-bucket:1 --header x-archive-ignore-preexisting-bucket:1 --header x-archive-queue-derive:0 --header x-archive-meta-mediatype:texts --header x-archive-meta01-collection:medicalheritagelibrary --header x-archive-meta03-collection:emory --header x-archive-meta-sponsor:Emory University, Woodruff Health Sciences Center Library --header x-archive-meta-contributor:Emory University, Woodruff Health Sciences Center Library --header x-archive-meta-ppi:400 --header authorization: LOW fpJYfLnxbLmCEHqU:JQbq6NgBaPrSh98Y --upload-file /mnt/lsdi2/ocm46967816-5923/ocm46967816/ocm46967816_MRC.xml http://s3.us.archive.org/46967816.5923.emory.edu/46967816.5923.emory.edu_marc.xml
  % Total    % Received % Xferd  Average Speed   Time    Time     Time  Current
                                 Dload  Upload   Total   Spent    Left  Speed
  0     0    0     0    0     0      0      0 --:--:-- --:--:-- --:--:--     0  0  4541    0     0    0     0      0      0 --:--:--  0:00:01 --:--:--     0100  4541    0     0  100  4541      0   2053  0:00:02  0:00:02 --:--:--  2252100  4541    0     0  100  4541      0   1582  0:00:02  0:00:02 --:--:--  1697100  4541    0     0  100  4541      0   1173  0:00:03  0:00:03 --:--:--  1235100  4541    0     0  100  4541      0    932  0:00:04  0:00:04 --:--:--   970100  4541    0     0  100  4541      0    773  0:00:05  0:00:05 --:--:--   971100  4541    0     0  100  4541      0    660  0:00:06  0:00:06 --:--:--     0100  4541    0     0  100  4541      0    576  0:00:07  0:00:07 --:--:--     0100  4541    0     0  100  4541      0    517  0:00:08  0:00:08 --:--:--     0
zip -r /temp/ocm46967816_5923_images.zip /mnt/lsdi2/ocm46967816-5923/ocm46967816/Output/Images/JP2
  adding: mnt/lsdi2/ocm46967816-5923/ocm46967816/Output/Images/JP2/ (stored 0%)
  adding: mnt/lsdi2/ocm46967816-5923/ocm46967816/Output/Images/JP2/0030.jp2 (deflated 0%)
  adding: mnt/lsdi2/ocm46967816-5923/ocm46967816/Output/Images/JP2/0130.jp2 (deflated 0%)
  adding: mnt/lsdi2/ocm46967816-5923/ocm46967816/Output/Images/JP2/0249.jp2 (deflated 0%)
  adding: mnt/lsdi2/ocm46967816-5923/ocm46967816/Output/Images/JP2/0100.jp2 (deflated 0%)
  adding: mnt/lsdi2/ocm46967816-5923/ocm46967816/Output/Images/JP2/0175.jp2 (deflated 0%)
  adding: mnt/lsdi2/ocm46967816-5923/ocm46967816/Output/Images/JP2/0061.jp2 (deflated 0%)
  adding: mnt/lsdi2/ocm46967816-5923/ocm46967816/Output/Images/JP2/0057.jp2 (deflated 0%)
  adding: mnt/lsdi2/ocm46967816-5923/ocm46967816/Output/Images/JP2/0386.jp2 (deflated 0%)
  adding: mnt/lsdi2/ocm46967816-5923/ocm46967816/Output/Images/JP2/0199.jp2 (deflated 0%)
  adding: mnt/lsdi2/ocm46967816-5923/ocm46967816/Output/Images/JP2/0062.jp2 (deflated 0%)
  adding: mnt/lsdi2/ocm46967816-5923/ocm46967816/Output/Images/JP2/0036.jp2 (deflated 0%)
  adding: mnt/lsdi2/ocm46967816-5923/ocm46967816/Output/Images/JP2/0245.jp2 (deflated 0%)
  adding: mnt/lsdi2/ocm46967816-5923/ocm46967816/Output/Images/JP2/0170.jp2 (deflated 0%)
  adding: mnt/lsdi2/ocm46967816-5923/ocm46967816/Output/Images/JP2/0320.jp2 (deflated 0%)
  adding: mnt/lsdi2/ocm46967816-5923/ocm46967816/Output/Images/JP2/0238.jp2 (deflated 0%)
  adding: mnt/lsdi2/ocm46967816-5923/ocm46967816/Output/Images/JP2/0107.jp2 (deflated 0%)
  adding: mnt/lsdi2/ocm46967816-5923/ocm46967816/Output/Images/JP2/0085.jp2 (deflated 0%)
  adding: mnt/lsdi2/ocm46967816-5923/ocm46967816/Output/Images/JP2/0132.jp2 (deflated 0%)
  adding: mnt/lsdi2/ocm46967816-5923/ocm46967816/Output/Images/JP2/0361.jp2 (deflated 0%)
  adding: mnt/lsdi2/ocm46967816-5923/ocm46967816/Output/Images/JP2/0387.jp2 (deflated 0%)
  adding: mnt/lsdi2/ocm46967816-5923/ocm46967816/Output/Images/JP2/0178.jp2 (deflated 0%)
  adding: mnt/lsdi2/ocm46967816-5923/ocm46967816/Output/Images/JP2/0010.jp2 (deflated 0%)
  adding: mnt/lsdi2/ocm46967816-5923/ocm46967816/Output/Images/JP2/0355.jp2 (deflated 0%)
  adding: mnt/lsdi2/ocm46967816-5923/ocm46967816/Output/Images/JP2/0013.jp2 (deflated 0%)
  adding: mnt/lsdi2/ocm46967816-5923/ocm46967816/Output/Images/JP2/0089.jp2 (deflated 0%)
  adding: mnt/lsdi2/ocm46967816-5923/ocm46967816/Output/Images/JP2/0260.jp2 (deflated 0%)
  adding: mnt/lsdi2/ocm46967816-5923/ocm46967816/Output/Images/JP2/0121.jp2 (deflated 0%)
  adding: mnt/lsdi2/ocm46967816-5923/ocm46967816/Output/Images/JP2/0141.jp2 (deflated 0%)
  adding: mnt/lsdi2/ocm46967816-5923/ocm46967816/Output/Images/JP2/0401.jp2 (deflated 0%)
  adding: mnt/lsdi2/ocm46967816-5923/ocm46967816/Output/Images/JP2/0375.jp2 (deflated 0%)
  adding: mnt/lsdi2/ocm46967816-5923/ocm46967816/Output/Images/JP2/0270.jp2 (deflated 0%)
  adding: mnt/lsdi2/ocm46967816-5923/ocm46967816/Output/Images/JP2/0090.jp2 (deflated 0%)
  adding: mnt/lsdi2/ocm46967816-5923/ocm46967816/Output/Images/JP2/0331.jp2 (deflated 0%)
  adding: mnt/lsdi2/ocm46967816-5923/ocm46967816/Output/Images/JP2/0188.jp2 (deflated 0%)
  adding: mnt/lsdi2/ocm46967816-5923/ocm46967816/Output/Images/JP2/0376.jp2 (deflated 0%)
  adding: mnt/lsdi2/ocm46967816-5923/ocm46967816/Output/Images/JP2/0102.jp2 (deflated 0%)
  adding: mnt/lsdi2/ocm46967816-5923/ocm46967816/Output/Images/JP2/0347.jp2 (deflated 0%)
  adding: mnt/lsdi2/ocm46967816-5923/ocm46967816/Output/Images/JP2/0042.jp2 (deflated 0%)
  adding: mnt/lsdi2/ocm46967816-5923/ocm46967816/Output/Images/JP2/0341.jp2 (deflated 0%)
  adding: mnt/lsdi2/ocm46967816-5923/ocm46967816/Output/Images/JP2/0264.jp2 (deflated 0%)
  adding: mnt/lsdi2/ocm46967816-5923/ocm46967816/Output/Images/JP2/0265.jp2 (deflated 0%)
  adding: mnt/lsdi2/ocm46967816-5923/ocm46967816/Output/Images/JP2/0149.jp2 (deflated 0%)
  adding: mnt/lsdi2/ocm46967816-5923/ocm46967816/Output/Images/JP2/0329.jp2 (deflated 0%)
  adding: mnt/lsdi2/ocm46967816-5923/ocm46967816/Output/Images/JP2/0091.jp2 (deflated 0%)
  adding: mnt/lsdi2/ocm46967816-5923/ocm46967816/Output/Images/JP2/0179.jp2 (deflated 0%)
  adding: mnt/lsdi2/ocm46967816-5923/ocm46967816/Output/Images/JP2/0174.jp2 (deflated 0%)
  adding: mnt/lsdi2/ocm46967816-5923/ocm46967816/Output/Images/JP2/0120.jp2 (deflated 0%)
  adding: mnt/lsdi2/ocm46967816-5923/ocm46967816/Output/Images/JP2/0098.jp2 (deflated 0%)
  adding: mnt/lsdi2/ocm46967816-5923/ocm46967816/Output/Images/JP2/0086.jp2 (deflated 0%)
  adding: mnt/lsdi2/ocm46967816-5923/ocm46967816/Output/Images/JP2/0392.jp2 (deflated 0%)
  adding: mnt/lsdi2/ocm46967816-5923/ocm46967816/Output/Images/JP2/0316.jp2 (deflated 0%)
  adding: mnt/lsdi2/ocm46967816-5923/ocm46967816/Output/Images/JP2/0390.jp2 (deflated 0%)
  adding: mnt/lsdi2/ocm46967816-5923/ocm46967816/Output/Images/JP2/0335.jp2 (deflated 0%)
  adding: mnt/lsdi2/ocm46967816-5923/ocm46967816/Output/Images/JP2/0300.jp2 (deflated 0%)
  adding: mnt/lsdi2/ocm46967816-5923/ocm46967816/Output/Images/JP2/0230.jp2 (deflated 0%)
  adding: mnt/lsdi2/ocm46967816-5923/ocm46967816/Output/Images/JP2/0227.jp2 (deflated 0%)
  adding: mnt/lsdi2/ocm46967816-5923/ocm46967816/Output/Images/JP2/0047.jp2 (deflated 0%)
  adding: mnt/lsdi2/ocm46967816-5923/ocm46967816/Output/Images/JP2/0159.jp2 (deflated 0%)
  adding: mnt/lsdi2/ocm46967816-5923/ocm46967816/Output/Images/JP2/0391.jp2 (deflated 0%)
  adding: mnt/lsdi2/ocm46967816-5923/ocm46967816/Output/Images/JP2/0364.jp2 (deflated 0%)
  adding: mnt/lsdi2/ocm46967816-5923/ocm46967816/Output/Images/JP2/0136.jp2 (deflated 0%)
  adding: mnt/lsdi2/ocm46967816-5923/ocm46967816/Output/Images/JP2/0034.jp2 (deflated 0%)
  adding: mnt/lsdi2/ocm46967816-5923/ocm46967816/Output/Images/JP2/0140.jp2 (deflated 0%)
  adding: mnt/lsdi2/ocm46967816-5923/ocm46967816/Output/Images/JP2/0195.jp2 (deflated 0%)
  adding: mnt/lsdi2/ocm46967816-5923/ocm46967816/Output/Images/JP2/0015.jp2 (deflated 0%)
  adding: mnt/lsdi2/ocm46967816-5923/ocm46967816/Output/Images/JP2/0234.jp2 (deflated 0%)
  adding: mnt/lsdi2/ocm46967816-5923/ocm46967816/Output/Images/JP2/0070.jp2 (deflated 0%)
  adding: mnt/lsdi2/ocm46967816-5923/ocm46967816/Output/Images/JP2/0274.jp2 (deflated 0%)
  adding: mnt/lsdi2/ocm46967816-5923/ocm46967816/Output/Images/JP2/0126.jp2 (deflated 0%)
  adding: mnt/lsdi2/ocm46967816-5923/ocm46967816/Output/Images/JP2/0111.jp2 (deflated 0%)
  adding: mnt/lsdi2/ocm46967816-5923/ocm46967816/Output/Images/JP2/0113.jp2 (deflated 0%)
  adding: mnt/lsdi2/ocm46967816-5923/ocm46967816/Output/Images/JP2/0115.jp2 (deflated 0%)
  adding: mnt/lsdi2/ocm46967816-5923/ocm46967816/Output/Images/JP2/0305.jp2 (deflated 0%)
  adding: mnt/lsdi2/ocm46967816-5923/ocm46967816/Output/Images/JP2/0182.jp2 (deflated 0%)
  adding: mnt/lsdi2/ocm46967816-5923/ocm46967816/Output/Images/JP2/0370.jp2 (deflated 0%)
  adding: mnt/lsdi2/ocm46967816-5923/ocm46967816/Output/Images/JP2/0313.jp2 (deflated 0%)
  adding: mnt/lsdi2/ocm46967816-5923/ocm46967816/Output/Images/JP2/0279.jp2 (deflated 0%)
  adding: mnt/lsdi2/ocm46967816-5923/ocm46967816/Output/Images/JP2/0360.jp2 (deflated 0%)
  adding: mnt/lsdi2/ocm46967816-5923/ocm46967816/Output/Images/JP2/0186.jp2 (deflated 0%)
  adding: mnt/lsdi2/ocm46967816-5923/ocm46967816/Output/Images/JP2/0290.jp2 (deflated 0%)
  adding: mnt/lsdi2/ocm46967816-5923/ocm46967816/Output/Images/JP2/0124.jp2 (deflated 0%)
  adding: mnt/lsdi2/ocm46967816-5923/ocm46967816/Output/Images/JP2/0242.jp2 (deflated 0%)
  adding: mnt/lsdi2/ocm46967816-5923/ocm46967816/Output/Images/JP2/0321.jp2 (deflated 0%)
  adding: mnt/lsdi2/ocm46967816-5923/ocm46967816/Output/Images/JP2/0223.jp2 (deflated 0%)
  adding: mnt/lsdi2/ocm46967816-5923/ocm46967816/Output/Images/JP2/0395.jp2 (deflated 0%)
  adding: mnt/lsdi2/ocm46967816-5923/ocm46967816/Output/Images/JP2/0027.jp2 (deflated 0%)
  adding: mnt/lsdi2/ocm46967816-5923/ocm46967816/Output/Images/JP2/0319.jp2 (deflated 0%)
  adding: mnt/lsdi2/ocm46967816-5923/ocm46967816/Output/Images/JP2/0064.jp2 (deflated 0%)
  adding: mnt/lsdi2/ocm46967816-5923/ocm46967816/Output/Images/JP2/0348.jp2 (deflated 0%)
  adding: mnt/lsdi2/ocm46967816-5923/ocm46967816/Output/Images/JP2/0007.jp2 (deflated 0%)
  adding: mnt/lsdi2/ocm46967816-5923/ocm46967816/Output/Images/JP2/0191.jp2 (deflated 0%)
  adding: mnt/lsdi2/ocm46967816-5923/ocm46967816/Output/Images/JP2/0066.jp2 (deflated 0%)
  adding: mnt/lsdi2/ocm46967816-5923/ocm46967816/Output/Images/JP2/0278.jp2 (deflated 0%)
  adding: mnt/lsdi2/ocm46967816-5923/ocm46967816/Output/Images/JP2/0153.jp2 (deflated 0%)
  adding: mnt/lsdi2/ocm46967816-5923/ocm46967816/Output/Images/JP2/0266.jp2 (deflated 0%)
  adding: mnt/lsdi2/ocm46967816-5923/ocm46967816/Output/Images/JP2/0246.jp2 (deflated 0%)
  adding: mnt/lsdi2/ocm46967816-5923/ocm46967816/Output/Images/JP2/0220.jp2 (deflated 0%)
  adding: mnt/lsdi2/ocm46967816-5923/ocm46967816/Output/Images/JP2/0119.jp2 (deflated 0%)
  adding: mnt/lsdi2/ocm46967816-5923/ocm46967816/Output/Images/JP2/0096.jp2 (deflated 0%)
  adding: mnt/lsdi2/ocm46967816-5923/ocm46967816/Output/Images/JP2/0050.jp2 (deflated 0%)
  adding: mnt/lsdi2/ocm46967816-5923/ocm46967816/Output/Images/JP2/0114.jp2 (deflated 0%)
  adding: mnt/lsdi2/ocm46967816-5923/ocm46967816/Output/Images/JP2/0146.jp2 (deflated 0%)
  adding: mnt/lsdi2/ocm46967816-5923/ocm46967816/Output/Images/JP2/0307.jp2 (deflated 0%)
  adding: mnt/lsdi2/ocm46967816-5923/ocm46967816/Output/Images/JP2/0282.jp2 (deflated 0%)
  adding: mnt/lsdi2/ocm46967816-5923/ocm46967816/Output/Images/JP2/0399.jp2 (deflated 0%)
  adding: mnt/lsdi2/ocm46967816-5923/ocm46967816/Output/Images/JP2/0032.jp2 (deflated 0%)
  adding: mnt/lsdi2/ocm46967816-5923/ocm46967816/Output/Images/JP2/0037.jp2 (deflated 0%)
  adding: mnt/lsdi2/ocm46967816-5923/ocm46967816/Output/Images/JP2/0284.jp2 (deflated 0%)
  adding: mnt/lsdi2/ocm46967816-5923/ocm46967816/Output/Images/JP2/0393.jp2 (deflated 0%)
  adding: mnt/lsdi2/ocm46967816-5923/ocm46967816/Output/Images/JP2/0352.jp2 (deflated 0%)
  adding: mnt/lsdi2/ocm46967816-5923/ocm46967816/Output/Images/JP2/0277.jp2 (deflated 0%)
  adding: mnt/lsdi2/ocm46967816-5923/ocm46967816/Output/Images/JP2/0128.jp2 (deflated 0%)
  adding: mnt/lsdi2/ocm46967816-5923/ocm46967816/Output/Images/JP2/0105.jp2 (deflated 0%)
  adding: mnt/lsdi2/ocm46967816-5923/ocm46967816/Output/Images/JP2/0012.jp2 (deflated 0%)
  adding: mnt/lsdi2/ocm46967816-5923/ocm46967816/Output/Images/JP2/0203.jp2 (deflated 0%)
  adding: mnt/lsdi2/ocm46967816-5923/ocm46967816/Output/Images/JP2/0148.jp2 (deflated 0%)
  adding: mnt/lsdi2/ocm46967816-5923/ocm46967816/Output/Images/JP2/0123.jp2 (deflated 0%)
  adding: mnt/lsdi2/ocm46967816-5923/ocm46967816/Output/Images/JP2/0377.jp2 (deflated 0%)
  adding: mnt/lsdi2/ocm46967816-5923/ocm46967816/Output/Images/JP2/0312.jp2 (deflated 0%)
  adding: mnt/lsdi2/ocm46967816-5923/ocm46967816/Output/Images/JP2/0082.jp2 (deflated 0%)
  adding: mnt/lsdi2/ocm46967816-5923/ocm46967816/Output/Images/JP2/0259.jp2 (deflated 0%)
  adding: mnt/lsdi2/ocm46967816-5923/ocm46967816/Output/Images/JP2/0236.jp2 (deflated 0%)
  adding: mnt/lsdi2/ocm46967816-5923/ocm46967816/Output/Images/JP2/0158.jp2 (deflated 0%)
  adding: mnt/lsdi2/ocm46967816-5923/ocm46967816/Output/Images/JP2/0144.jp2 (deflated 0%)
  adding: mnt/lsdi2/ocm46967816-5923/ocm46967816/Output/Images/JP2/0317.jp2 (deflated 0%)
  adding: mnt/lsdi2/ocm46967816-5923/ocm46967816/Output/Images/JP2/0219.jp2 (deflated 0%)
  adding: mnt/lsdi2/ocm46967816-5923/ocm46967816/Output/Images/JP2/0291.jp2 (deflated 0%)
  adding: mnt/lsdi2/ocm46967816-5923/ocm46967816/Output/Images/JP2/0023.jp2 (deflated 0%)
  adding: mnt/lsdi2/ocm46967816-5923/ocm46967816/Output/Images/JP2/0076.jp2 (deflated 0%)
  adding: mnt/lsdi2/ocm46967816-5923/ocm46967816/Output/Images/JP2/0273.jp2 (deflated 0%)
  adding: mnt/lsdi2/ocm46967816-5923/ocm46967816/Output/Images/JP2/0309.jp2 (deflated 0%)
  adding: mnt/lsdi2/ocm46967816-5923/ocm46967816/Output/Images/JP2/0063.jp2 (deflated 0%)
  adding: mnt/lsdi2/ocm46967816-5923/ocm46967816/Output/Images/JP2/0363.jp2 (deflated 0%)
  adding: mnt/lsdi2/ocm46967816-5923/ocm46967816/Output/Images/JP2/0139.jp2 (deflated 0%)
  adding: mnt/lsdi2/ocm46967816-5923/ocm46967816/Output/Images/JP2/0072.jp2 (deflated 0%)
  adding: mnt/lsdi2/ocm46967816-5923/ocm46967816/Output/Images/JP2/0004.jp2 (deflated 0%)
  adding: mnt/lsdi2/ocm46967816-5923/ocm46967816/Output/Images/JP2/0067.jp2 (deflated 0%)
  adding: mnt/lsdi2/ocm46967816-5923/ocm46967816/Output/Images/JP2/0228.jp2 (deflated 0%)
  adding: mnt/lsdi2/ocm46967816-5923/ocm46967816/Output/Images/JP2/0373.jp2 (deflated 0%)
  adding: mnt/lsdi2/ocm46967816-5923/ocm46967816/Output/Images/JP2/0145.jp2 (deflated 0%)
  adding: mnt/lsdi2/ocm46967816-5923/ocm46967816/Output/Images/JP2/0239.jp2 (deflated 0%)
  adding: mnt/lsdi2/ocm46967816-5923/ocm46967816/Output/Images/JP2/0041.jp2 (deflated 0%)
  adding: mnt/lsdi2/ocm46967816-5923/ocm46967816/Output/Images/JP2/0210.jp2 (deflated 0%)
  adding: mnt/lsdi2/ocm46967816-5923/ocm46967816/Output/Images/JP2/0171.jp2 (deflated 0%)
  adding: mnt/lsdi2/ocm46967816-5923/ocm46967816/Output/Images/JP2/0283.jp2 (deflated 0%)
  adding: mnt/lsdi2/ocm46967816-5923/ocm46967816/Output/Images/JP2/0207.jp2 (deflated 0%)
  adding: mnt/lsdi2/ocm46967816-5923/ocm46967816/Output/Images/JP2/0218.jp2 (deflated 0%)
  adding: mnt/lsdi2/ocm46967816-5923/ocm46967816/Output/Images/JP2/0087.jp2 (deflated 0%)
  adding: mnt/lsdi2/ocm46967816-5923/ocm46967816/Output/Images/JP2/0117.jp2 (deflated 0%)
  adding: mnt/lsdi2/ocm46967816-5923/ocm46967816/Output/Images/JP2/0342.jp2 (deflated 0%)
  adding: mnt/lsdi2/ocm46967816-5923/ocm46967816/Output/Images/JP2/0122.jp2 (deflated 0%)
  adding: mnt/lsdi2/ocm46967816-5923/ocm46967816/Output/Images/JP2/0162.jp2 (deflated 0%)
  adding: mnt/lsdi2/ocm46967816-5923/ocm46967816/Output/Images/JP2/0389.jp2 (deflated 0%)
  adding: mnt/lsdi2/ocm46967816-5923/ocm46967816/Output/Images/JP2/0201.jp2 (deflated 0%)
  adding: mnt/lsdi2/ocm46967816-5923/ocm46967816/Output/Images/JP2/0308.jp2 (deflated 0%)
  adding: mnt/lsdi2/ocm46967816-5923/ocm46967816/Output/Images/JP2/0075.jp2 (deflated 0%)
  adding: mnt/lsdi2/ocm46967816-5923/ocm46967816/Output/Images/JP2/0129.jp2 (deflated 0%)
  adding: mnt/lsdi2/ocm46967816-5923/ocm46967816/Output/Images/JP2/0097.jp2 (deflated 0%)
  adding: mnt/lsdi2/ocm46967816-5923/ocm46967816/Output/Images/JP2/0213.jp2 (deflated 0%)
  adding: mnt/lsdi2/ocm46967816-5923/ocm46967816/Output/Images/JP2/0292.jp2 (deflated 0%)
  adding: mnt/lsdi2/ocm46967816-5923/ocm46967816/Output/Images/JP2/0323.jp2 (deflated 0%)
  adding: mnt/lsdi2/ocm46967816-5923/ocm46967816/Output/Images/JP2/0400.jp2 (deflated 0%)
  adding: mnt/lsdi2/ocm46967816-5923/ocm46967816/Output/Images/JP2/0398.jp2 (deflated 0%)
  adding: mnt/lsdi2/ocm46967816-5923/ocm46967816/Output/Images/JP2/0256.jp2 (deflated 0%)
  adding: mnt/lsdi2/ocm46967816-5923/ocm46967816/Output/Images/JP2/0325.jp2 (deflated 0%)
  adding: mnt/lsdi2/ocm46967816-5923/ocm46967816/Output/Images/JP2/0079.jp2 (deflated 0%)
  adding: mnt/lsdi2/ocm46967816-5923/ocm46967816/Output/Images/JP2/0280.jp2 (deflated 0%)
  adding: mnt/lsdi2/ocm46967816-5923/ocm46967816/Output/Images/JP2/0382.jp2 (deflated 0%)
  adding: mnt/lsdi2/ocm46967816-5923/ocm46967816/Output/Images/JP2/0177.jp2 (deflated 0%)
  adding: mnt/lsdi2/ocm46967816-5923/ocm46967816/Output/Images/JP2/0414.jp2 (deflated 0%)
  adding: mnt/lsdi2/ocm46967816-5923/ocm46967816/Output/Images/JP2/0005.jp2 (deflated 0%)
  adding: mnt/lsdi2/ocm46967816-5923/ocm46967816/Output/Images/JP2/0208.jp2 (deflated 0%)
  adding: mnt/lsdi2/ocm46967816-5923/ocm46967816/Output/Images/JP2/0078.jp2 (deflated 0%)
  adding: mnt/lsdi2/ocm46967816-5923/ocm46967816/Output/Images/JP2/0403.jp2 (deflated 0%)
  adding: mnt/lsdi2/ocm46967816-5923/ocm46967816/Output/Images/JP2/0029.jp2 (deflated 0%)
  adding: mnt/lsdi2/ocm46967816-5923/ocm46967816/Output/Images/JP2/0127.jp2 (deflated 0%)
  adding: mnt/lsdi2/ocm46967816-5923/ocm46967816/Output/Images/JP2/0055.jp2 (deflated 0%)
  adding: mnt/lsdi2/ocm46967816-5923/ocm46967816/Output/Images/JP2/0028.jp2 (deflated 0%)
  adding: mnt/lsdi2/ocm46967816-5923/ocm46967816/Output/Images/JP2/0353.jp2 (deflated 0%)
  adding: mnt/lsdi2/ocm46967816-5923/ocm46967816/Output/Images/JP2/0189.jp2 (deflated 0%)
  adding: mnt/lsdi2/ocm46967816-5923/ocm46967816/Output/Images/JP2/0165.jp2 (deflated 0%)
  adding: mnt/lsdi2/ocm46967816-5923/ocm46967816/Output/Images/JP2/0384.jp2 (deflated 0%)
  adding: mnt/lsdi2/ocm46967816-5923/ocm46967816/Output/Images/JP2/0333.jp2 (deflated 0%)
  adding: mnt/lsdi2/ocm46967816-5923/ocm46967816/Output/Images/JP2/0381.jp2 (deflated 0%)
  adding: mnt/lsdi2/ocm46967816-5923/ocm46967816/Output/Images/JP2/0018.jp2 (deflated 0%)
  adding: mnt/lsdi2/ocm46967816-5923/ocm46967816/Output/Images/JP2/0221.jp2 (deflated 0%)
  adding: mnt/lsdi2/ocm46967816-5923/ocm46967816/Output/Images/JP2/0206.jp2 (deflated 0%)
  adding: mnt/lsdi2/ocm46967816-5923/ocm46967816/Output/Images/JP2/0356.jp2 (deflated 0%)
  adding: mnt/lsdi2/ocm46967816-5923/ocm46967816/Output/Images/JP2/0413.jp2 (deflated 0%)
  adding: mnt/lsdi2/ocm46967816-5923/ocm46967816/Output/Images/JP2/0134.jp2 (deflated 0%)
  adding: mnt/lsdi2/ocm46967816-5923/ocm46967816/Output/Images/JP2/0043.jp2 (deflated 0%)
  adding: mnt/lsdi2/ocm46967816-5923/ocm46967816/Output/Images/JP2/0289.jp2 (deflated 0%)
  adding: mnt/lsdi2/ocm46967816-5923/ocm46967816/Output/Images/JP2/0151.jp2 (deflated 0%)
  adding: mnt/lsdi2/ocm46967816-5923/ocm46967816/Output/Images/JP2/0065.jp2 (deflated 0%)
  adding: mnt/lsdi2/ocm46967816-5923/ocm46967816/Output/Images/JP2/0255.jp2 (deflated 0%)
  adding: mnt/lsdi2/ocm46967816-5923/ocm46967816/Output/Images/JP2/0150.jp2 (deflated 0%)
  adding: mnt/lsdi2/ocm46967816-5923/ocm46967816/Output/Images/JP2/0112.jp2 (deflated 0%)
  adding: mnt/lsdi2/ocm46967816-5923/ocm46967816/Output/Images/JP2/0168.jp2 (deflated 0%)
  adding: mnt/lsdi2/ocm46967816-5923/ocm46967816/Output/Images/JP2/0252.jp2 (deflated 0%)
  adding: mnt/lsdi2/ocm46967816-5923/ocm46967816/Output/Images/JP2/0068.jp2 (deflated 0%)
  adding: mnt/lsdi2/ocm46967816-5923/ocm46967816/Output/Images/JP2/0044.jp2 (deflated 0%)
  adding: mnt/lsdi2/ocm46967816-5923/ocm46967816/Output/Images/JP2/0296.jp2 (deflated 0%)
  adding: mnt/lsdi2/ocm46967816-5923/ocm46967816/Output/Images/JP2/0404.jp2 (deflated 0%)
  adding: mnt/lsdi2/ocm46967816-5923/ocm46967816/Output/Images/JP2/0049.jp2 (deflated 0%)
  adding: mnt/lsdi2/ocm46967816-5923/ocm46967816/Output/Images/JP2/0343.jp2 (deflated 0%)
  adding: mnt/lsdi2/ocm46967816-5923/ocm46967816/Output/Images/JP2/0160.jp2 (deflated 0%)
  adding: mnt/lsdi2/ocm46967816-5923/ocm46967816/Output/Images/JP2/0314.jp2 (deflated 0%)
  adding: mnt/lsdi2/ocm46967816-5923/ocm46967816/Output/Images/JP2/0212.jp2 (deflated 0%)
  adding: mnt/lsdi2/ocm46967816-5923/ocm46967816/Output/Images/JP2/0088.jp2 (deflated 0%)
  adding: mnt/lsdi2/ocm46967816-5923/ocm46967816/Output/Images/JP2/0204.jp2 (deflated 0%)
  adding: mnt/lsdi2/ocm46967816-5923/ocm46967816/Output/Images/JP2/0271.jp2 (deflated 0%)
  adding: mnt/lsdi2/ocm46967816-5923/ocm46967816/Output/Images/JP2/0143.jp2 (deflated 0%)
  adding: mnt/lsdi2/ocm46967816-5923/ocm46967816/Output/Images/JP2/0033.jp2 (deflated 0%)
  adding: mnt/lsdi2/ocm46967816-5923/ocm46967816/Output/Images/JP2/0297.jp2 (deflated 0%)
  adding: mnt/lsdi2/ocm46967816-5923/ocm46967816/Output/Images/JP2/0118.jp2 (deflated 0%)
  adding: mnt/lsdi2/ocm46967816-5923/ocm46967816/Output/Images/JP2/0172.jp2 (deflated 0%)
  adding: mnt/lsdi2/ocm46967816-5923/ocm46967816/Output/Images/JP2/0155.jp2 (deflated 0%)
  adding: mnt/lsdi2/ocm46967816-5923/ocm46967816/Output/Images/JP2/0194.jp2 (deflated 0%)
  adding: mnt/lsdi2/ocm46967816-5923/ocm46967816/Output/Images/JP2/0016.jp2 (deflated 0%)
  adding: mnt/lsdi2/ocm46967816-5923/ocm46967816/Output/Images/JP2/0306.jp2 (deflated 0%)
  adding: mnt/lsdi2/ocm46967816-5923/ocm46967816/Output/Images/JP2/0166.jp2 (deflated 0%)
  adding: mnt/lsdi2/ocm46967816-5923/ocm46967816/Output/Images/JP2/0101.jp2 (deflated 0%)
  adding: mnt/lsdi2/ocm46967816-5923/ocm46967816/Output/Images/JP2/0379.jp2 (deflated 0%)
  adding: mnt/lsdi2/ocm46967816-5923/ocm46967816/Output/Images/JP2/0224.jp2 (deflated 0%)
  adding: mnt/lsdi2/ocm46967816-5923/ocm46967816/Output/Images/JP2/0215.jp2 (deflated 0%)
  adding: mnt/lsdi2/ocm46967816-5923/ocm46967816/Output/Images/JP2/0231.jp2 (deflated 0%)
  adding: mnt/lsdi2/ocm46967816-5923/ocm46967816/Output/Images/JP2/0257.jp2 (deflated 0%)
  adding: mnt/lsdi2/ocm46967816-5923/ocm46967816/Output/Images/JP2/0009.jp2 (deflated 0%)
  adding: mnt/lsdi2/ocm46967816-5923/ocm46967816/Output/Images/JP2/0163.jp2 (deflated 0%)
  adding: mnt/lsdi2/ocm46967816-5923/ocm46967816/Output/Images/JP2/0083.jp2 (deflated 0%)
  adding: mnt/lsdi2/ocm46967816-5923/ocm46967816/Output/Images/JP2/0240.jp2 (deflated 0%)
  adding: mnt/lsdi2/ocm46967816-5923/ocm46967816/Output/Images/JP2/0388.jp2 (deflated 0%)
  adding: mnt/lsdi2/ocm46967816-5923/ocm46967816/Output/Images/JP2/0378.jp2 (deflated 0%)
  adding: mnt/lsdi2/ocm46967816-5923/ocm46967816/Output/Images/JP2/0020.jp2 (deflated 0%)
  adding: mnt/lsdi2/ocm46967816-5923/ocm46967816/Output/Images/JP2/0054.jp2 (deflated 0%)
  adding: mnt/lsdi2/ocm46967816-5923/ocm46967816/Output/Images/JP2/0394.jp2 (deflated 0%)
  adding: mnt/lsdi2/ocm46967816-5923/ocm46967816/Output/Images/JP2/0051.jp2 (deflated 0%)
  adding: mnt/lsdi2/ocm46967816-5923/ocm46967816/Output/Images/JP2/0397.jp2 (deflated 0%)
  adding: mnt/lsdi2/ocm46967816-5923/ocm46967816/Output/Images/JP2/0058.jp2 (deflated 0%)
  adding: mnt/lsdi2/ocm46967816-5923/ocm46967816/Output/Images/JP2/0217.jp2 (deflated 0%)
  adding: mnt/lsdi2/ocm46967816-5923/ocm46967816/Output/Images/JP2/0250.jp2 (deflated 0%)
  adding: mnt/lsdi2/ocm46967816-5923/ocm46967816/Output/Images/JP2/0073.jp2 (deflated 0%)
  adding: mnt/lsdi2/ocm46967816-5923/ocm46967816/Output/Images/JP2/0258.jp2 (deflated 0%)
  adding: mnt/lsdi2/ocm46967816-5923/ocm46967816/Output/Images/JP2/0125.jp2 (deflated 0%)
  adding: mnt/lsdi2/ocm46967816-5923/ocm46967816/Output/Images/JP2/0196.jp2 (deflated 0%)
  adding: mnt/lsdi2/ocm46967816-5923/ocm46967816/Output/Images/JP2/0031.jp2 (deflated 0%)
  adding: mnt/lsdi2/ocm46967816-5923/ocm46967816/Output/Images/JP2/0232.jp2 (deflated 0%)
  adding: mnt/lsdi2/ocm46967816-5923/ocm46967816/Output/Images/JP2/0000.jp2 (deflated 26%)
  adding: mnt/lsdi2/ocm46967816-5923/ocm46967816/Output/Images/JP2/0071.jp2 (deflated 0%)
  adding: mnt/lsdi2/ocm46967816-5923/ocm46967816/Output/Images/JP2/0200.jp2 (deflated 0%)
  adding: mnt/lsdi2/ocm46967816-5923/ocm46967816/Output/Images/JP2/0275.jp2 (deflated 0%)
  adding: mnt/lsdi2/ocm46967816-5923/ocm46967816/Output/Images/JP2/0237.jp2 (deflated 0%)
  adding: mnt/lsdi2/ocm46967816-5923/ocm46967816/Output/Images/JP2/0167.jp2 (deflated 0%)
  adding: mnt/lsdi2/ocm46967816-5923/ocm46967816/Output/Images/JP2/0225.jp2 (deflated 0%)
  adding: mnt/lsdi2/ocm46967816-5923/ocm46967816/Output/Images/JP2/0310.jp2 (deflated 0%)
  adding: mnt/lsdi2/ocm46967816-5923/ocm46967816/Output/Images/JP2/0332.jp2 (deflated 0%)
  adding: mnt/lsdi2/ocm46967816-5923/ocm46967816/Output/Images/JP2/0267.jp2 (deflated 0%)
  adding: mnt/lsdi2/ocm46967816-5923/ocm46967816/Output/Images/JP2/0288.jp2 (deflated 0%)
  adding: mnt/lsdi2/ocm46967816-5923/ocm46967816/Output/Images/JP2/0358.jp2 (deflated 0%)
  adding: mnt/lsdi2/ocm46967816-5923/ocm46967816/Output/Images/JP2/0315.jp2 (deflated 0%)
  adding: mnt/lsdi2/ocm46967816-5923/ocm46967816/Output/Images/JP2/0385.jp2 (deflated 0%)
  adding: mnt/lsdi2/ocm46967816-5923/ocm46967816/Output/Images/JP2/0354.jp2 (deflated 0%)
  adding: mnt/lsdi2/ocm46967816-5923/ocm46967816/Output/Images/JP2/0106.jp2 (deflated 0%)
  adding: mnt/lsdi2/ocm46967816-5923/ocm46967816/Output/Images/JP2/0035.jp2 (deflated 0%)
  adding: mnt/lsdi2/ocm46967816-5923/ocm46967816/Output/Images/JP2/0052.jp2 (deflated 0%)
  adding: mnt/lsdi2/ocm46967816-5923/ocm46967816/Output/Images/JP2/0137.jp2 (deflated 0%)
  adding: mnt/lsdi2/ocm46967816-5923/ocm46967816/Output/Images/JP2/0368.jp2 (deflated 0%)
  adding: mnt/lsdi2/ocm46967816-5923/ocm46967816/Output/Images/JP2/0142.jp2 (deflated 0%)
  adding: mnt/lsdi2/ocm46967816-5923/ocm46967816/Output/Images/JP2/0222.jp2 (deflated 0%)
  adding: mnt/lsdi2/ocm46967816-5923/ocm46967816/Output/Images/JP2/0330.jp2 (deflated 0%)
  adding: mnt/lsdi2/ocm46967816-5923/ocm46967816/Output/Images/JP2/0243.jp2 (deflated 0%)
  adding: mnt/lsdi2/ocm46967816-5923/ocm46967816/Output/Images/JP2/0359.jp2 (deflated 0%)
  adding: mnt/lsdi2/ocm46967816-5923/ocm46967816/Output/Images/JP2/0092.jp2 (deflated 0%)
  adding: mnt/lsdi2/ocm46967816-5923/ocm46967816/Output/Images/JP2/0110.jp2 (deflated 0%)
  adding: mnt/lsdi2/ocm46967816-5923/ocm46967816/Output/Images/JP2/0116.jp2 (deflated 0%)
  adding: mnt/lsdi2/ocm46967816-5923/ocm46967816/Output/Images/JP2/0019.jp2 (deflated 0%)
  adding: mnt/lsdi2/ocm46967816-5923/ocm46967816/Output/Images/JP2/0094.jp2 (deflated 0%)
  adding: mnt/lsdi2/ocm46967816-5923/ocm46967816/Output/Images/JP2/0053.jp2 (deflated 0%)
  adding: mnt/lsdi2/ocm46967816-5923/ocm46967816/Output/Images/JP2/0295.jp2 (deflated 0%)
  adding: mnt/lsdi2/ocm46967816-5923/ocm46967816/Output/Images/JP2/0281.jp2 (deflated 0%)
  adding: mnt/lsdi2/ocm46967816-5923/ocm46967816/Output/Images/JP2/0410.jp2 (deflated 0%)
  adding: mnt/lsdi2/ocm46967816-5923/ocm46967816/Output/Images/JP2/0226.jp2 (deflated 0%)
  adding: mnt/lsdi2/ocm46967816-5923/ocm46967816/Output/Images/JP2/0003.jp2 (deflated 0%)
  adding: mnt/lsdi2/ocm46967816-5923/ocm46967816/Output/Images/JP2/0211.jp2 (deflated 0%)
  adding: mnt/lsdi2/ocm46967816-5923/ocm46967816/Output/Images/JP2/0060.jp2 (deflated 0%)
  adding: mnt/lsdi2/ocm46967816-5923/ocm46967816/Output/Images/JP2/0024.jp2 (deflated 0%)
  adding: mnt/lsdi2/ocm46967816-5923/ocm46967816/Output/Images/JP2/0272.jp2 (deflated 0%)
  adding: mnt/lsdi2/ocm46967816-5923/ocm46967816/Output/Images/JP2/0254.jp2 (deflated 0%)
  adding: mnt/lsdi2/ocm46967816-5923/ocm46967816/Output/Images/JP2/0298.jp2 (deflated 0%)
  adding: mnt/lsdi2/ocm46967816-5923/ocm46967816/Output/Images/JP2/0109.jp2 (deflated 0%)
  adding: mnt/lsdi2/ocm46967816-5923/ocm46967816/Output/Images/JP2/0380.jp2 (deflated 0%)
  adding: mnt/lsdi2/ocm46967816-5923/ocm46967816/Output/Images/JP2/0205.jp2 (deflated 0%)
  adding: mnt/lsdi2/ocm46967816-5923/ocm46967816/Output/Images/JP2/0017.jp2 (deflated 0%)
  adding: mnt/lsdi2/ocm46967816-5923/ocm46967816/Output/Images/JP2/0056.jp2 (deflated 0%)
  adding: mnt/lsdi2/ocm46967816-5923/ocm46967816/Output/Images/JP2/0318.jp2 (deflated 0%)
  adding: mnt/lsdi2/ocm46967816-5923/ocm46967816/Output/Images/JP2/0131.jp2 (deflated 0%)
  adding: mnt/lsdi2/ocm46967816-5923/ocm46967816/Output/Images/JP2/0262.jp2 (deflated 0%)
  adding: mnt/lsdi2/ocm46967816-5923/ocm46967816/Output/Images/JP2/0269.jp2 (deflated 0%)
  adding: mnt/lsdi2/ocm46967816-5923/ocm46967816/Output/Images/JP2/0002.jp2 (deflated 0%)
  adding: mnt/lsdi2/ocm46967816-5923/ocm46967816/Output/Images/JP2/0244.jp2 (deflated 0%)
  adding: mnt/lsdi2/ocm46967816-5923/ocm46967816/Output/Images/JP2/0157.jp2 (deflated 0%)
  adding: mnt/lsdi2/ocm46967816-5923/ocm46967816/Output/Images/JP2/0233.jp2 (deflated 0%)
  adding: mnt/lsdi2/ocm46967816-5923/ocm46967816/Output/Images/JP2/0336.jp2 (deflated 0%)
  adding: mnt/lsdi2/ocm46967816-5923/ocm46967816/Output/Images/JP2/0161.jp2 (deflated 0%)
  adding: mnt/lsdi2/ocm46967816-5923/ocm46967816/Output/Images/JP2/0198.jp2 (deflated 0%)
  adding: mnt/lsdi2/ocm46967816-5923/ocm46967816/Output/Images/JP2/0154.jp2 (deflated 0%)
  adding: mnt/lsdi2/ocm46967816-5923/ocm46967816/Output/Images/JP2/0135.jp2 (deflated 0%)
  adding: mnt/lsdi2/ocm46967816-5923/ocm46967816/Output/Images/JP2/0059.jp2 (deflated 0%)
  adding: mnt/lsdi2/ocm46967816-5923/ocm46967816/Output/Images/JP2/0185.jp2 (deflated 0%)
  adding: mnt/lsdi2/ocm46967816-5923/ocm46967816/Output/Images/JP2/0383.jp2 (deflated 0%)
  adding: mnt/lsdi2/ocm46967816-5923/ocm46967816/Output/Images/JP2/0340.jp2 (deflated 0%)
  adding: mnt/lsdi2/ocm46967816-5923/ocm46967816/Output/Images/JP2/0251.jp2 (deflated 0%)
  adding: mnt/lsdi2/ocm46967816-5923/ocm46967816/Output/Images/JP2/0214.jp2 (deflated 0%)
  adding: mnt/lsdi2/ocm46967816-5923/ocm46967816/Output/Images/JP2/0001.jp2 (deflated 0%)
  adding: mnt/lsdi2/ocm46967816-5923/ocm46967816/Output/Images/JP2/0303.jp2 (deflated 0%)
  adding: mnt/lsdi2/ocm46967816-5923/ocm46967816/Output/Images/JP2/0104.jp2 (deflated 0%)
  adding: mnt/lsdi2/ocm46967816-5923/ocm46967816/Output/Images/JP2/0247.jp2 (deflated 0%)
  adding: mnt/lsdi2/ocm46967816-5923/ocm46967816/Output/Images/JP2/0350.jp2 (deflated 0%)
  adding: mnt/lsdi2/ocm46967816-5923/ocm46967816/Output/Images/JP2/0095.jp2 (deflated 0%)
  adding: mnt/lsdi2/ocm46967816-5923/ocm46967816/Output/Images/JP2/0183.jp2 (deflated 0%)
  adding: mnt/lsdi2/ocm46967816-5923/ocm46967816/Output/Images/JP2/0326.jp2 (deflated 0%)
  adding: mnt/lsdi2/ocm46967816-5923/ocm46967816/Output/Images/JP2/0287.jp2 (deflated 0%)
  adding: mnt/lsdi2/ocm46967816-5923/ocm46967816/Output/Images/JP2/0374.jp2 (deflated 0%)
  adding: mnt/lsdi2/ocm46967816-5923/ocm46967816/Output/Images/JP2/0026.jp2 (deflated 0%)
  adding: mnt/lsdi2/ocm46967816-5923/ocm46967816/Output/Images/JP2/0039.jp2 (deflated 0%)
  adding: mnt/lsdi2/ocm46967816-5923/ocm46967816/Output/Images/JP2/0407.jp2 (deflated 0%)
  adding: mnt/lsdi2/ocm46967816-5923/ocm46967816/Output/Images/JP2/0202.jp2 (deflated 0%)
  adding: mnt/lsdi2/ocm46967816-5923/ocm46967816/Output/Images/JP2/0133.jp2 (deflated 0%)
  adding: mnt/lsdi2/ocm46967816-5923/ocm46967816/Output/Images/JP2/0093.jp2 (deflated 0%)
  adding: mnt/lsdi2/ocm46967816-5923/ocm46967816/Output/Images/JP2/0173.jp2 (deflated 0%)
  adding: mnt/lsdi2/ocm46967816-5923/ocm46967816/Output/Images/JP2/0006.jp2 (deflated 0%)
  adding: mnt/lsdi2/ocm46967816-5923/ocm46967816/Output/Images/JP2/0304.jp2 (deflated 0%)
  adding: mnt/lsdi2/ocm46967816-5923/ocm46967816/Output/Images/JP2/0164.jp2 (deflated 0%)
  adding: mnt/lsdi2/ocm46967816-5923/ocm46967816/Output/Images/JP2/0156.jp2 (deflated 0%)
  adding: mnt/lsdi2/ocm46967816-5923/ocm46967816/Output/Images/JP2/0285.jp2 (deflated 0%)
  adding: mnt/lsdi2/ocm46967816-5923/ocm46967816/Output/Images/JP2/0276.jp2 (deflated 0%)
  adding: mnt/lsdi2/ocm46967816-5923/ocm46967816/Output/Images/JP2/0048.jp2 (deflated 0%)
  adding: mnt/lsdi2/ocm46967816-5923/ocm46967816/Output/Images/JP2/0190.jp2 (deflated 0%)
  adding: mnt/lsdi2/ocm46967816-5923/ocm46967816/Output/Images/JP2/0367.jp2 (deflated 0%)
  adding: mnt/lsdi2/ocm46967816-5923/ocm46967816/Output/Images/JP2/0241.jp2 (deflated 0%)
  adding: mnt/lsdi2/ocm46967816-5923/ocm46967816/Output/Images/JP2/0409.jp2 (deflated 0%)
  adding: mnt/lsdi2/ocm46967816-5923/ocm46967816/Output/Images/JP2/0346.jp2 (deflated 0%)
  adding: mnt/lsdi2/ocm46967816-5923/ocm46967816/Output/Images/JP2/0184.jp2 (deflated 0%)
  adding: mnt/lsdi2/ocm46967816-5923/ocm46967816/Output/Images/JP2/0038.jp2 (deflated 0%)
  adding: mnt/lsdi2/ocm46967816-5923/ocm46967816/Output/Images/JP2/0396.jp2 (deflated 0%)
  adding: mnt/lsdi2/ocm46967816-5923/ocm46967816/Output/Images/JP2/0302.jp2 (deflated 0%)
  adding: mnt/lsdi2/ocm46967816-5923/ocm46967816/Output/Images/JP2/0345.jp2 (deflated 0%)
  adding: mnt/lsdi2/ocm46967816-5923/ocm46967816/Output/Images/JP2/0176.jp2 (deflated 0%)
  adding: mnt/lsdi2/ocm46967816-5923/ocm46967816/Output/Images/JP2/0328.jp2 (deflated 0%)
  adding: mnt/lsdi2/ocm46967816-5923/ocm46967816/Output/Images/JP2/0415.jp2 (deflated 0%)
  adding: mnt/lsdi2/ocm46967816-5923/ocm46967816/Output/Images/JP2/0084.jp2 (deflated 0%)
  adding: mnt/lsdi2/ocm46967816-5923/ocm46967816/Output/Images/JP2/0081.jp2 (deflated 0%)
  adding: mnt/lsdi2/ocm46967816-5923/ocm46967816/Output/Images/JP2/0411.jp2 (deflated 0%)
  adding: mnt/lsdi2/ocm46967816-5923/ocm46967816/Output/Images/JP2/0077.jp2 (deflated 0%)
  adding: mnt/lsdi2/ocm46967816-5923/ocm46967816/Output/Images/JP2/0046.jp2 (deflated 0%)
  adding: mnt/lsdi2/ocm46967816-5923/ocm46967816/Output/Images/JP2/0197.jp2 (deflated 0%)
  adding: mnt/lsdi2/ocm46967816-5923/ocm46967816/Output/Images/JP2/0416.jp2 (deflated 0%)
  adding: mnt/lsdi2/ocm46967816-5923/ocm46967816/Output/Images/JP2/0248.jp2 (deflated 0%)
  adding: mnt/lsdi2/ocm46967816-5923/ocm46967816/Output/Images/JP2/0192.jp2 (deflated 0%)
  adding: mnt/lsdi2/ocm46967816-5923/ocm46967816/Output/Images/JP2/0294.jp2 (deflated 0%)
  adding: mnt/lsdi2/ocm46967816-5923/ocm46967816/Output/Images/JP2/0181.jp2 (deflated 0%)
  adding: mnt/lsdi2/ocm46967816-5923/ocm46967816/Output/Images/JP2/0138.jp2 (deflated 0%)
  adding: mnt/lsdi2/ocm46967816-5923/ocm46967816/Output/Images/JP2/0103.jp2 (deflated 0%)
  adding: mnt/lsdi2/ocm46967816-5923/ocm46967816/Output/Images/JP2/0040.jp2 (deflated 0%)
  adding: mnt/lsdi2/ocm46967816-5923/ocm46967816/Output/Images/JP2/0045.jp2 (deflated 0%)
  adding: mnt/lsdi2/ocm46967816-5923/ocm46967816/Output/Images/JP2/0366.jp2 (deflated 0%)
  adding: mnt/lsdi2/ocm46967816-5923/ocm46967816/Output/Images/JP2/0299.jp2 (deflated 0%)
  adding: mnt/lsdi2/ocm46967816-5923/ocm46967816/Output/Images/JP2/0025.jp2 (deflated 0%)
  adding: mnt/lsdi2/ocm46967816-5923/ocm46967816/Output/Images/JP2/0209.jp2 (deflated 0%)
  adding: mnt/lsdi2/ocm46967816-5923/ocm46967816/Output/Images/JP2/0371.jp2 (deflated 0%)
  adding: mnt/lsdi2/ocm46967816-5923/ocm46967816/Output/Images/JP2/0344.jp2 (deflated 0%)
  adding: mnt/lsdi2/ocm46967816-5923/ocm46967816/Output/Images/JP2/0193.jp2 (deflated 0%)
  adding: mnt/lsdi2/ocm46967816-5923/ocm46967816/Output/Images/JP2/0152.jp2 (deflated 0%)
  adding: mnt/lsdi2/ocm46967816-5923/ocm46967816/Output/Images/JP2/0372.jp2 (deflated 0%)
  adding: mnt/lsdi2/ocm46967816-5923/ocm46967816/Output/Images/JP2/0322.jp2 (deflated 0%)
  adding: mnt/lsdi2/ocm46967816-5923/ocm46967816/Output/Images/JP2/0180.jp2 (deflated 0%)
  adding: mnt/lsdi2/ocm46967816-5923/ocm46967816/Output/Images/JP2/0286.jp2 (deflated 0%)
  adding: mnt/lsdi2/ocm46967816-5923/ocm46967816/Output/Images/JP2/0369.jp2 (deflated 0%)
  adding: mnt/lsdi2/ocm46967816-5923/ocm46967816/Output/Images/JP2/0014.jp2 (deflated 0%)
  adding: mnt/lsdi2/ocm46967816-5923/ocm46967816/Output/Images/JP2/0253.jp2 (deflated 0%)
  adding: mnt/lsdi2/ocm46967816-5923/ocm46967816/Output/Images/JP2/0235.jp2 (deflated 0%)
  adding: mnt/lsdi2/ocm46967816-5923/ocm46967816/Output/Images/JP2/0261.jp2 (deflated 0%)
  adding: mnt/lsdi2/ocm46967816-5923/ocm46967816/Output/Images/JP2/0339.jp2 (deflated 0%)
  adding: mnt/lsdi2/ocm46967816-5923/ocm46967816/Output/Images/JP2/0268.jp2 (deflated 0%)
  adding: mnt/lsdi2/ocm46967816-5923/ocm46967816/Output/Images/JP2/0074.jp2 (deflated 0%)
  adding: mnt/lsdi2/ocm46967816-5923/ocm46967816/Output/Images/JP2/0337.jp2 (deflated 0%)
  adding: mnt/lsdi2/ocm46967816-5923/ocm46967816/Output/Images/JP2/0405.jp2 (deflated 0%)
  adding: mnt/lsdi2/ocm46967816-5923/ocm46967816/Output/Images/JP2/0011.jp2 (deflated 0%)
  adding: mnt/lsdi2/ocm46967816-5923/ocm46967816/Output/Images/JP2/0187.jp2 (deflated 0%)
  adding: mnt/lsdi2/ocm46967816-5923/ocm46967816/Output/Images/JP2/0349.jp2 (deflated 0%)
  adding: mnt/lsdi2/ocm46967816-5923/ocm46967816/Output/Images/JP2/0301.jp2 (deflated 0%)
  adding: mnt/lsdi2/ocm46967816-5923/ocm46967816/Output/Images/JP2/0080.jp2 (deflated 0%)
  adding: mnt/lsdi2/ocm46967816-5923/ocm46967816/Output/Images/JP2/0334.jp2 (deflated 0%)
  adding: mnt/lsdi2/ocm46967816-5923/ocm46967816/Output/Images/JP2/0362.jp2 (deflated 0%)
  adding: mnt/lsdi2/ocm46967816-5923/ocm46967816/Output/Images/JP2/0293.jp2 (deflated 0%)
  adding: mnt/lsdi2/ocm46967816-5923/ocm46967816/Output/Images/JP2/0406.jp2 (deflated 0%)
  adding: mnt/lsdi2/ocm46967816-5923/ocm46967816/Output/Images/JP2/0324.jp2 (deflated 0%)
  adding: mnt/lsdi2/ocm46967816-5923/ocm46967816/Output/Images/JP2/0408.jp2 (deflated 0%)
  adding: mnt/lsdi2/ocm46967816-5923/ocm46967816/Output/Images/JP2/0357.jp2 (deflated 0%)
  adding: mnt/lsdi2/ocm46967816-5923/ocm46967816/Output/Images/JP2/0402.jp2 (deflated 0%)
  adding: mnt/lsdi2/ocm46967816-5923/ocm46967816/Output/Images/JP2/0338.jp2 (deflated 0%)
  adding: mnt/lsdi2/ocm46967816-5923/ocm46967816/Output/Images/JP2/0008.jp2 (deflated 0%)
  adding: mnt/lsdi2/ocm46967816-5923/ocm46967816/Output/Images/JP2/0099.jp2 (deflated 0%)
  adding: mnt/lsdi2/ocm46967816-5923/ocm46967816/Output/Images/JP2/0108.jp2 (deflated 0%)
  adding: mnt/lsdi2/ocm46967816-5923/ocm46967816/Output/Images/JP2/0216.jp2 (deflated 0%)
  adding: mnt/lsdi2/ocm46967816-5923/ocm46967816/Output/Images/JP2/0351.jp2 (deflated 0%)
  adding: mnt/lsdi2/ocm46967816-5923/ocm46967816/Output/Images/JP2/0327.jp2 (deflated 0%)
  adding: mnt/lsdi2/ocm46967816-5923/ocm46967816/Output/Images/JP2/0147.jp2 (deflated 0%)
  adding: mnt/lsdi2/ocm46967816-5923/ocm46967816/Output/Images/JP2/0365.jp2 (deflated 0%)
  adding: mnt/lsdi2/ocm46967816-5923/ocm46967816/Output/Images/JP2/0022.jp2 (deflated 0%)
  adding: mnt/lsdi2/ocm46967816-5923/ocm46967816/Output/Images/JP2/0229.jp2 (deflated 0%)
  adding: mnt/lsdi2/ocm46967816-5923/ocm46967816/Output/Images/JP2/0069.jp2 (deflated 0%)
  adding: mnt/lsdi2/ocm46967816-5923/ocm46967816/Output/Images/JP2/0021.jp2 (deflated 0%)
  adding: mnt/lsdi2/ocm46967816-5923/ocm46967816/Output/Images/JP2/0263.jp2 (deflated 0%)
  adding: mnt/lsdi2/ocm46967816-5923/ocm46967816/Output/Images/JP2/0169.jp2 (deflated 0%)
  adding: mnt/lsdi2/ocm46967816-5923/ocm46967816/Output/Images/JP2/0412.jp2 (deflated 0%)
  adding: mnt/lsdi2/ocm46967816-5923/ocm46967816/Output/Images/JP2/0417.jp2 (deflated 26%)
  adding: mnt/lsdi2/ocm46967816-5923/ocm46967816/Output/Images/JP2/0311.jp2 (deflated 0%)
curl --location --header authorization: LOW fpJYfLnxbLmCEHqU:JQbq6NgBaPrSh98Y --upload-file /temp/ocm46967816_5923_images.zip http://s3.us.archive.org/46967816.5923.emory.edu/46967816_5923_images.zip
  % Total    % Received % Xferd  Average Speed   Time    Time     Time  Current
                                 Dload  Upload   Total   Spent    Left  Speed
  0     0    0     0    0     0      0      0 --:--:-- --:--:-- --:--:--     0  0  449M    0     0    0     0      0      0 --:--:--  0:00:01 --:--:--     0  0  449M    0     0    0  400k      0   247k  0:31:02  0:00:01  0:31:01  269k  0  449M    0     0    0 1248k      0   473k  0:16:12  0:00:02  0:16:10  498k  0  449M    0     0    0 2016k      0   559k  0:13:41  0:00:03  0:13:38  581k  0  449M    0     0    0 2816k      0   608k  0:12:35  0:00:04  0:12:31  626k  0  449M    0     0    0 3568k      0   634k  0:12:05  0:00:05  0:12:00  795k  0  449M    0     0    0 4320k      0   651k  0:11:45  0:00:06  0:11:39  782k  1  449M    0     0    1 5104k      0   667k  0:11:28  0:00:07  0:11:21  770k  1  449M    0     0    1 5792k      0   670k  0:11:25  0:00:08  0:11:17  750k  1  449M    0     0    1 6576k      0   683k  0:11:13  0:00:09  0:11:04  751k  1  449M    0     0    1 7344k      0   691k  0:11:05  0:00:10  0:10:55  754k  1  449M    0     0    1 8096k      0   697k  0:10:59  0:00:11  0:10:48  758k  1  449M    0     0    1 8912k      0   705k  0:10:52  0:00:12  0:10:40  762k  2  449M    0     0    2 9712k      0   713k  0:10:44  0:00:13  0:10:31  787k  2  449M    0     0    2 10.1M      0   714k  0:10:44  0:00:14  0:10:30  773k  2  449M    0     0    2 10.8M      0   712k  0:10:45  0:00:15  0:10:30  758k  2  449M    0     0    2 11.6M      0   718k  0:10:40  0:00:16  0:10:24  765k  2  449M    0     0    2 12.4M      0   722k  0:10:36  0:00:17  0:10:19  765k  2  449M    0     0    2 13.1M      0   724k  0:10:34  0:00:18  0:10:16  754k  3  449M    0     0    3 13.9M      0   727k  0:10:32  0:00:19  0:10:13  767k  3  449M    0     0    3 14.6M      0   725k  0:10:33  0:00:20  0:10:13  766k  3  449M    0     0    3 15.2M      0   721k  0:10:37  0:00:21  0:10:16  731k  3  449M    0     0    3 15.9M      0   724k  0:10:35  0:00:22  0:10:13  730k  3  449M    0     0    3 16.7M      0   726k  0:10:33  0:00:23  0:10:10  732k  3  449M    0     0    3 17.5M      0   727k  0:10:32  0:00:24  0:10:08  727k  4  449M    0     0    4 18.2M      0   729k  0:10:30  0:00:25  0:10:05  746k  4  449M    0     0    4 19.0M      0   731k  0:10:28  0:00:26  0:10:02  777k  4  449M    0     0    4 19.7M      0   733k  0:10:26  0:00:27  0:09:59  777k  4  449M    0     0    4 20.5M      0   734k  0:10:26  0:00:28  0:09:58  774k  4  449M    0     0    4 21.3M      0   737k  0:10:24  0:00:29  0:09:55  783k  4  449M    0     0    4 22.0M      0   737k  0:10:23  0:00:30  0:09:53  774k  5  449M    0     0    5 22.7M      0   737k  0:10:23  0:00:31  0:09:52  769k  5  449M    0     0    5 23.4M      0   737k  0:10:23  0:00:32  0:09:51  756k  5  449M    0     0    5 24.2M      0   739k  0:10:22  0:00:33  0:09:49  766k  5  449M    0     0    5 25.0M      0   739k  0:10:21  0:00:34  0:09:47  756k  5  449M    0     0    5 25.8M      0   741k  0:10:20  0:00:35  0:09:45  770k  5  449M    0     0    5 26.6M      0   743k  0:10:18  0:00:36  0:09:42  782k  6  449M    0     0    6 27.3M      0   744k  0:10:17  0:00:37  0:09:40  791k  6  449M    0     0    6 28.0M      0   744k  0:10:17  0:00:38  0:09:39  781k  6  449M    0     0    6 28.8M      0   745k  0:10:16  0:00:39  0:09:37  787k  6  449M    0     0    6 29.6M      0   747k  0:10:15  0:00:40  0:09:35  785k  6  449M    0     0    6 30.4M      0   748k  0:10:14  0:00:41  0:09:33  778k  6  449M    0     0    6 31.1M      0   748k  0:10:14  0:00:42  0:09:32  775k  7  449M    0     0    7 31.9M      0   749k  0:10:13  0:00:43  0:09:30  786k  7  449M    0     0    7 32.7M      0   750k  0:10:12  0:00:44  0:09:28  789k  7  449M    0     0    7 33.5M      0   752k  0:10:11  0:00:45  0:09:26  792k  7  449M    0     0    7 34.2M      0   752k  0:10:11  0:00:46  0:09:25  792k  7  449M    0     0    7 35.0M      0   752k  0:10:10  0:00:47  0:09:23  793k  7  449M    0     0    7 35.7M      0   753k  0:10:10  0:00:48  0:09:22  787k  8  449M    0     0    8 36.5M      0   754k  0:10:09  0:00:49  0:09:20  784k  8  449M    0     0    8 37.2M      0   753k  0:10:10  0:00:50  0:09:20  769k  8  449M    0     0    8 37.9M      0   753k  0:10:10  0:00:51  0:09:19  755k  8  449M    0     0    8 38.6M      0   752k  0:10:11  0:00:52  0:09:19  750k  8  449M    0     0    8 39.3M      0   751k  0:10:12  0:00:53  0:09:19  727k  8  449M    0     0    8 40.0M      0   751k  0:10:12  0:00:54  0:09:18  720k  9  449M    0     0    9 40.7M      0   751k  0:10:12  0:00:55  0:09:17  722k  9  449M    0     0    9 41.5M      0   751k  0:10:12  0:00:56  0:09:16  732k  9  449M    0     0    9 42.2M      0   750k  0:10:12  0:00:57  0:09:15  731k  9  449M    0     0    9 42.9M      0   750k  0:10:13  0:00:58  0:09:15  739k  9  449M    0     0    9 43.7M      0   751k  0:10:12  0:00:59  0:09:13  752k  9  449M    0     0    9 44.4M      0   751k  0:10:12  0:01:00  0:09:12  751k 10  449M    0     0   10 45.2M      0   751k  0:10:12  0:01:01  0:09:11  747k 10  449M    0     0   10 45.9M      0   751k  0:10:12  0:01:02  0:09:10  757k 10  449M    0     0   10 46.6M      0   751k  0:10:12  0:01:03  0:09:09  766k 10  449M    0     0   10 47.4M      0   752k  0:10:11  0:01:04  0:09:07  763k 10  449M    0     0   10 48.2M      0   752k  0:10:11  0:01:05  0:09:06  770k 10  449M    0     0   10 48.9M      0   752k  0:10:11  0:01:06  0:09:05  771k 11  449M    0     0   11 49.6M      0   752k  0:10:11  0:01:07  0:09:04  764k 11  449M    0     0   11 50.4M      0   752k  0:10:11  0:01:08  0:09:03  768k 11  449M    0     0   11 51.1M      0   752k  0:10:11  0:01:09  0:09:02  758k 11  449M    0     0   11 51.8M      0   752k  0:10:11  0:01:10  0:09:01  744k 11  449M    0     0   11 52.3M      0   748k  0:10:14  0:01:11  0:09:03  689k 11  449M    0     0   11 52.9M      0   746k  0:10:15  0:01:12  0:09:03  672k 11  449M    0     0   11 53.7M      0   747k  0:10:15  0:01:13  0:09:02  670k 12  449M    0     0   12 54.4M      0   747k  0:10:15  0:01:14  0:09:01  675k 12  449M    0     0   12 55.2M      0   747k  0:10:15  0:01:15  0:09:00  688k 12  449M    0     0   12 55.9M      0   748k  0:10:14  0:01:16  0:08:58  751k 12  449M    0     0   12 56.7M      0   748k  0:10:14  0:01:17  0:08:57  779k 12  449M    0     0   12 57.4M      0   748k  0:10:14  0:01:18  0:08:56  770k 12  449M    0     0   12 58.0M      0   746k  0:10:15  0:01:19  0:08:56  740k 13  449M    0     0   13 58.7M      0   746k  0:10:16  0:01:20  0:08:56  729k 13  449M    0     0   13 59.5M      0   746k  0:10:16  0:01:21  0:08:55  721k 13  449M    0     0   13 60.2M      0   747k  0:10:15  0:01:22  0:08:53  718k 13  449M    0     0   13 61.0M      0   747k  0:10:15  0:01:23  0:08:52  732k 13  449M    0     0   13 61.8M      0   748k  0:10:14  0:01:24  0:08:50  765k 13  449M    0     0   13 62.5M      0   748k  0:10:14  0:01:25  0:08:49  773k 14  449M    0     0   14 63.3M      0   748k  0:10:14  0:01:26  0:08:48  783k 14  449M    0     0   14 64.0M      0   748k  0:10:14  0:01:27  0:08:47  780k 14  449M    0     0   14 64.8M      0   749k  0:10:13  0:01:28  0:08:45  783k 14  449M    0     0   14 65.6M      0   750k  0:10:13  0:01:29  0:08:44  788k 14  449M    0     0   14 66.4M      0   750k  0:10:12  0:01:30  0:08:42  792k 14  449M    0     0   14 67.2M      0   750k  0:10:12  0:01:31  0:08:41  788k 15  449M    0     0   15 67.9M      0   751k  0:10:12  0:01:32  0:08:40  789k 15  449M    0     0   15 68.7M      0   751k  0:10:11  0:01:33  0:08:38  791k 15  449M    0     0   15 69.4M      0   751k  0:10:11  0:01:34  0:08:37  781k 15  449M    0     0   15 70.2M      0   752k  0:10:11  0:01:35  0:08:36  783k 15  449M    0     0   15 71.0M      0   752k  0:10:11  0:01:36  0:08:35  785k 15  449M    0     0   15 71.6M      0   752k  0:10:11  0:01:37  0:08:34  768k 16  449M    0     0   16 72.4M      0   752k  0:10:11  0:01:38  0:08:33  763k 16  449M    0     0   16 73.2M      0   753k  0:10:10  0:01:39  0:08:31  774k 16  449M    0     0   16 74.0M      0   753k  0:10:10  0:01:40  0:08:30  771k 16  449M    0     0   16 74.7M      0   753k  0:10:10  0:01:41  0:08:29  775k 16  449M    0     0   16 75.5M      0   754k  0:10:09  0:01:42  0:08:27  794k 16  449M    0     0   16 76.3M      0   754k  0:10:09  0:01:43  0:08:26  795k 17  449M    0     0   17 77.0M      0   753k  0:10:10  0:01:44  0:08:26  761k 17  449M    0     0   17 77.7M      0   753k  0:10:10  0:01:45  0:08:25  751k 17  449M    0     0   17 78.3M      0   752k  0:10:11  0:01:46  0:08:25  723k 17  449M    0     0   17 78.9M      0   751k  0:10:12  0:01:47  0:08:25  686k 17  449M    0     0   17 79.6M      0   751k  0:10:12  0:01:48  0:08:24  680k 17  449M    0     0   17 80.3M      0   751k  0:10:12  0:01:49  0:08:23  699k 18  449M    0     0   18 81.0M      0   750k  0:10:13  0:01:50  0:08:23  681k 18  449M    0     0   18 81.7M      0   750k  0:10:13  0:01:51  0:08:22  703k 18  449M    0     0   18 82.5M      0   750k  0:10:13  0:01:52  0:08:21  735k 18  449M    0     0   18 83.2M      0   750k  0:10:12  0:01:53  0:08:19  739k 18  449M    0     0   18 84.0M      0   750k  0:10:12  0:01:54  0:08:18  745k 18  449M    0     0   18 84.8M      0   750k  0:10:12  0:01:55  0:08:17  769k 19  449M    0     0   19 85.5M      0   751k  0:10:12  0:01:56  0:08:16  769k 19  449M    0     0   19 86.2M      0   750k  0:10:12  0:01:57  0:08:15  763k 19  449M    0     0   19 87.0M      0   751k  0:10:12  0:01:58  0:08:14  771k 19  449M    0     0   19 87.8M      0   751k  0:10:11  0:01:59  0:08:12  773k 19  449M    0     0   19 88.5M      0   751k  0:10:11  0:02:00  0:08:11  771k 19  449M    0     0   19 89.1M      0   751k  0:10:12  0:02:01  0:08:11  750k 20  449M    0     0   20 89.9M      0   751k  0:10:12  0:02:02  0:08:10  759k 20  449M    0     0   20 90.6M      0   751k  0:10:12  0:02:03  0:08:09  742k 20  449M    0     0   20 91.4M      0   750k  0:10:12  0:02:04  0:08:08  732k 20  449M    0     0   20 92.0M      0   750k  0:10:12  0:02:05  0:08:07  727k 20  449M    0     0   20 92.8M      0   751k  0:10:12  0:02:06  0:08:06  751k 20  449M    0     0   20 93.5M      0   750k  0:10:12  0:02:07  0:08:05  740k 20  449M    0     0   20 94.3M      0   750k  0:10:12  0:02:08  0:08:04  746k 21  449M    0     0   21 95.0M      0   751k  0:10:12  0:02:09  0:08:03  757k 21  449M    0     0   21 95.8M      0   751k  0:10:12  0:02:10  0:08:02  760k 21  449M    0     0   21 96.5M      0   751k  0:10:12  0:02:11  0:08:01  761k 21  449M    0     0   21 97.3M      0   751k  0:10:11  0:02:12  0:07:59  773k 21  449M    0     0   21 98.1M      0   752k  0:10:11  0:02:13  0:07:58  781k 22  449M    0     0   22 98.9M      0   752k  0:10:11  0:02:14  0:07:57  783k 22  449M    0     0   22 99.6M      0   752k  0:10:11  0:02:15  0:07:56  791k 22  449M    0     0   22  100M      0   752k  0:10:10  0:02:16  0:07:54  791k 22  449M    0     0   22  101M      0   753k  0:10:10  0:02:17  0:07:53  794k 22  449M    0     0   22  101M      0   753k  0:10:10  0:02:18  0:07:52  783k 22  449M    0     0   22  102M      0   753k  0:10:10  0:02:19  0:07:51  775k 23  449M    0     0   23  103M      0   753k  0:10:10  0:02:20  0:07:50  768k 23  449M    0     0   23  104M      0   753k  0:10:10  0:02:21  0:07:49  774k 23  449M    0     0   23  104M      0   753k  0:10:10  0:02:22  0:07:48  757k 23  449M    0     0   23  105M      0   753k  0:10:10  0:02:23  0:07:47  752k 23  449M    0     0   23  106M      0   753k  0:10:10  0:02:24  0:07:46  749k 23  449M    0     0   23  107M      0   753k  0:10:10  0:02:25  0:07:45  755k 24  449M    0     0   24  107M      0   753k  0:10:10  0:02:26  0:07:44  748k 24  449M    0     0   24  108M      0   754k  0:10:10  0:02:27  0:07:43  772k 24  449M    0     0   24  109M      0   753k  0:10:10  0:02:28  0:07:42  774k 24  449M    0     0   24  110M      0   754k  0:10:10  0:02:29  0:07:41  784k 24  449M    0     0   24  110M      0   754k  0:10:09  0:02:30  0:07:39  790k 24  449M    0     0   24  111M      0   754k  0:10:09  0:02:31  0:07:38  792k 25  449M    0     0   25  112M      0   754k  0:10:09  0:02:32  0:07:37  777k 25  449M    0     0   25  113M      0   755k  0:10:09  0:02:33  0:07:36  790k 25  449M    0     0   25  114M      0   755k  0:10:09  0:02:34  0:07:35  791k 25  449M    0     0   25  114M      0   755k  0:10:08  0:02:35  0:07:33  787k 25  449M    0     0   25  115M      0   755k  0:10:08  0:02:36  0:07:32  786k 25  449M    0     0   25  116M      0   755k  0:10:08  0:02:37  0:07:31  774k 26  449M    0     0   26  117M      0   755k  0:10:09  0:02:38  0:07:31  763k 26  449M    0     0   26  117M      0   755k  0:10:08  0:02:39  0:07:29  758k 26  449M    0     0   26  118M      0   755k  0:10:08  0:02:40  0:07:28  748k 26  449M    0     0   26  119M      0   755k  0:10:08  0:02:41  0:07:27  747k 26  449M    0     0   26  120M      0   755k  0:10:08  0:02:42  0:07:26  765k 26  449M    0     0   26  120M      0   756k  0:10:08  0:02:43  0:07:25  779k 27  449M    0     0   27  121M      0   756k  0:10:08  0:02:44  0:07:24  787k 27  449M    0     0   27  122M      0   756k  0:10:07  0:02:45  0:07:22  796k 27  449M    0     0   27  123M      0   756k  0:10:07  0:02:46  0:07:21  796k 27  449M    0     0   27  123M      0   754k  0:10:09  0:02:47  0:07:22  727k 27  449M    0     0   27  124M      0   753k  0:10:10  0:02:48  0:07:22  680k 27  449M    0     0   27  124M      0   753k  0:10:10  0:02:49  0:07:21  640k 27  449M    0     0   27  125M      0   751k  0:10:11  0:02:50  0:07:21  597k 28  449M    0     0   28  125M      0   751k  0:10:12  0:02:51  0:07:21  565k 28  449M    0     0   28  126M      0   750k  0:10:13  0:02:52  0:07:21  599k 28  449M    0     0   28  127M      0   750k  0:10:13  0:02:53  0:07:20  620k 28  449M    0     0   28  127M      0   749k  0:10:13  0:02:54  0:07:19  646k 28  449M    0     0   28  128M      0   750k  0:10:13  0:02:55  0:07:18  684k 28  449M    0     0   28  129M      0   750k  0:10:13  0:02:56  0:07:17  722k 28  449M    0     0   28  130M      0   750k  0:10:12  0:02:57  0:07:15  760k 29  449M    0     0   29  130M      0   750k  0:10:12  0:02:58  0:07:14  782k 29  449M    0     0   29  131M      0   751k  0:10:12  0:02:59  0:07:13  797k 29  449M    0     0   29  132M      0   751k  0:10:12  0:03:00  0:07:12  804k 29  449M    0     0   29  133M      0   751k  0:10:12  0:03:01  0:07:11  791k 29  449M    0     0   29  134M      0   751k  0:10:11  0:03:02  0:07:09  789k 30  449M    0     0   30  134M      0   751k  0:10:11  0:03:03  0:07:08  784k 30  449M    0     0   30  135M      0   752k  0:10:11  0:03:04  0:07:07  785k 30  449M    0     0   30  136M      0   752k  0:10:11  0:03:05  0:07:06  788k 30  449M    0     0   30  137M      0   752k  0:10:11  0:03:06  0:07:05  802k 30  449M    0     0   30  138M      0   753k  0:10:10  0:03:07  0:07:03  804k 30  449M    0     0   30  138M      0   753k  0:10:10  0:03:08  0:07:02  809k 31  449M    0     0   31  139M      0   753k  0:10:10  0:03:09  0:07:01  797k 31  449M    0     0   31  140M      0   753k  0:10:10  0:03:10  0:07:00  788k 31  449M    0     0   31  141M      0   753k  0:10:10  0:03:11  0:06:59  786k 31  449M    0     0   31  141M      0   753k  0:10:10  0:03:12  0:06:58  767k 31  449M    0     0   31  142M      0   753k  0:10:10  0:03:13  0:06:57  741k 31  449M    0     0   31  143M      0   753k  0:10:10  0:03:14  0:06:56  744k 32  449M    0     0   32  143M      0   752k  0:10:11  0:03:15  0:06:56  724k 32  449M    0     0   32  144M      0   752k  0:10:11  0:03:16  0:06:55  705k 32  449M    0     0   32  145M      0   752k  0:10:11  0:03:17  0:06:54  718k 32  449M    0     0   32  145M      0   752k  0:10:11  0:03:18  0:06:53  737k 32  449M    0     0   32  146M      0   752k  0:10:11  0:03:19  0:06:52  738k 32  449M    0     0   32  147M      0   752k  0:10:11  0:03:20  0:06:51  758k 33  449M    0     0   33  148M      0   752k  0:10:10  0:03:21  0:06:49  768k 33  449M    0     0   33  149M      0   753k  0:10:10  0:03:22  0:06:48  773k 33  449M    0     0   33  149M      0   753k  0:10:10  0:03:23  0:06:47  776k 33  449M    0     0   33  150M      0   753k  0:10:10  0:03:24  0:06:46  778k 33  449M    0     0   33  151M      0   753k  0:10:10  0:03:25  0:06:45  789k 33  449M    0     0   33  152M      0   753k  0:10:10  0:03:26  0:06:44  794k 34  449M    0     0   34  152M      0   754k  0:10:09  0:03:27  0:06:42  793k 34  449M    0     0   34  153M      0   754k  0:10:09  0:03:28  0:06:41  800k 34  449M    0     0   34  154M      0   754k  0:10:09  0:03:29  0:06:40  799k 34  449M    0     0   34  155M      0   754k  0:10:09  0:03:30  0:06:39  797k 34  449M    0     0   34  156M      0   754k  0:10:09  0:03:31  0:06:38  797k 34  449M    0     0   34  156M      0   754k  0:10:09  0:03:32  0:06:37  782k 35  449M    0     0   35  157M      0   754k  0:10:09  0:03:33  0:06:36  773k 35  449M    0     0   35  158M      0   755k  0:10:09  0:03:34  0:06:35  775k 35  449M    0     0   35  159M      0   755k  0:10:09  0:03:35  0:06:34  772k 35  449M    0     0   35  159M      0   755k  0:10:09  0:03:36  0:06:33  764k 35  449M    0     0   35  160M      0   755k  0:10:09  0:03:37  0:06:32  777k 35  449M    0     0   35  161M      0   755k  0:10:08  0:03:38  0:06:30  787k 36  449M    0     0   36  162M      0   755k  0:10:08  0:03:39  0:06:29  786k 36  449M    0     0   36  162M      0   755k  0:10:08  0:03:40  0:06:28  789k 36  449M    0     0   36  163M      0   756k  0:10:08  0:03:41  0:06:27  797k 36  449M    0     0   36  164M      0   756k  0:10:08  0:03:42  0:06:26  794k 36  449M    0     0   36  165M      0   756k  0:10:08  0:03:43  0:06:25  789k 36  449M    0     0   36  165M      0   756k  0:10:08  0:03:44  0:06:24  782k 37  449M    0     0   37  166M      0   756k  0:10:08  0:03:45  0:06:23  780k 37  449M    0     0   37  167M      0   756k  0:10:07  0:03:46  0:06:21  784k 37  449M    0     0   37  168M      0   756k  0:10:07  0:03:47  0:06:20  789k 37  449M    0     0   37  169M      0   757k  0:10:07  0:03:48  0:06:19  798k 37  449M    0     0   37  169M      0   757k  0:10:07  0:03:49  0:06:18  808k 37  449M    0     0   37  170M      0   757k  0:10:07  0:03:50  0:06:17  811k 38  449M    0     0   38  171M      0   757k  0:10:06  0:03:51  0:06:15  813k 38  449M    0     0   38  172M      0   758k  0:10:06  0:03:52  0:06:14  810k 38  449M    0     0   38  173M      0   758k  0:10:06  0:03:53  0:06:13  807k 38  449M    0     0   38  173M      0   758k  0:10:06  0:03:54  0:06:12  792k 38  449M    0     0   38  174M      0   758k  0:10:06  0:03:55  0:06:11  773k 38  449M    0     0   38  175M      0   757k  0:10:07  0:03:56  0:06:11  749k 39  449M    0     0   39  175M      0   757k  0:10:07  0:03:57  0:06:10  716k 39  449M    0     0   39  176M      0   757k  0:10:07  0:03:58  0:06:09  704k 39  449M    0     0   39  177M      0   757k  0:10:07  0:03:59  0:06:08  722k 39  449M    0     0   39  177M      0   757k  0:10:07  0:04:00  0:06:07  728k 39  449M    0     0   39  178M      0   757k  0:10:07  0:04:01  0:06:06  743k 39  449M    0     0   39  179M      0   757k  0:10:07  0:04:02  0:06:05  782k 40  449M    0     0   40  180M      0   757k  0:10:06  0:04:03  0:06:03  791k 40  449M    0     0   40  181M      0   757k  0:10:06  0:04:04  0:06:02  781k 40  449M    0     0   40  181M      0   758k  0:10:06  0:04:05  0:06:01  789k 40  449M    0     0   40  182M      0   758k  0:10:06  0:04:06  0:06:00  790k 40  449M    0     0   40  183M      0   758k  0:10:06  0:04:07  0:05:59  786k 40  449M    0     0   40  184M      0   758k  0:10:06  0:04:08  0:05:58  784k 41  449M    0     0   41  184M      0   758k  0:10:06  0:04:09  0:05:57  792k 41  449M    0     0   41  185M      0   758k  0:10:06  0:04:10  0:05:56  795k 41  449M    0     0   41  186M      0   759k  0:10:06  0:04:11  0:05:55  800k 41  449M    0     0   41  187M      0   759k  0:10:06  0:04:12  0:05:54  795k 41  449M    0     0   41  187M      0   759k  0:10:06  0:04:13  0:05:53  789k 42  449M    0     0   42  188M      0   759k  0:10:06  0:04:14  0:05:52  777k 42  449M    0     0   42  189M      0   759k  0:10:05  0:04:15  0:05:50  773k 42  449M    0     0   42  190M      0   759k  0:10:05  0:04:16  0:05:49  765k 42  449M    0     0   42  191M      0   759k  0:10:05  0:04:17  0:05:48  773k 42  449M    0     0   42  191M      0   758k  0:10:06  0:04:18  0:05:48  720k 42  449M    0     0   42  192M      0   757k  0:10:06  0:04:19  0:05:47  703k 42  449M    0     0   42  192M      0   757k  0:10:07  0:04:20  0:05:47  691k 43  449M    0     0   43  193M      0   757k  0:10:06  0:04:21  0:05:45  694k 43  449M    0     0   43  194M      0   757k  0:10:07  0:04:22  0:05:45  659k 43  449M    0     0   43  195M      0   757k  0:10:07  0:04:23  0:05:44  717k 43  449M    0     0   43  195M      0   757k  0:10:07  0:04:24  0:05:43  727k 43  449M    0     0   43  196M      0   757k  0:10:07  0:04:25  0:05:42  726k 43  449M    0     0   43  197M      0   757k  0:10:07  0:04:26  0:05:41  725k 44  449M    0     0   44  197M      0   757k  0:10:07  0:04:27  0:05:40  755k 44  449M    0     0   44  198M      0   757k  0:10:07  0:04:28  0:05:39  744k 44  449M    0     0   44  199M      0   757k  0:10:07  0:04:29  0:05:38  750k 44  449M    0     0   44  200M      0   757k  0:10:07  0:04:30  0:05:37  759k 44  449M    0     0   44  200M      0   757k  0:10:07  0:04:31  0:05:36  752k 44  449M    0     0   44  201M      0   757k  0:10:07  0:04:32  0:05:35  749k 45  449M    0     0   45  202M      0   757k  0:10:07  0:04:33  0:05:34  768k 45  449M    0     0   45  203M      0   757k  0:10:07  0:04:34  0:05:33  767k 45  449M    0     0   45  203M      0   757k  0:10:07  0:04:35  0:05:32  777k 45  449M    0     0   45  204M      0   757k  0:10:07  0:04:36  0:05:31  780k 45  449M    0     0   45  205M      0   757k  0:10:07  0:04:37  0:05:30  785k 45  449M    0     0   45  206M      0   757k  0:10:07  0:04:38  0:05:29  777k 46  449M    0     0   46  206M      0   758k  0:10:06  0:04:39  0:05:27  789k 46  449M    0     0   46  207M      0   758k  0:10:06  0:04:40  0:05:26  788k 46  449M    0     0   46  208M      0   758k  0:10:06  0:04:41  0:05:25  793k 46  449M    0     0   46  209M      0   758k  0:10:06  0:04:42  0:05:24  798k 46  449M    0     0   46  210M      0   758k  0:10:06  0:04:43  0:05:23  801k 46  449M    0     0   46  210M      0   758k  0:10:06  0:04:44  0:05:22  801k 47  449M    0     0   47  211M      0   758k  0:10:06  0:04:45  0:05:21  795k 47  449M    0     0   47  212M      0   759k  0:10:06  0:04:46  0:05:20  802k 47  449M    0     0   47  213M      0   759k  0:10:05  0:04:47  0:05:18  802k 47  449M    0     0   47  213M      0   759k  0:10:05  0:04:48  0:05:17  789k 47  449M    0     0   47  214M      0   759k  0:10:05  0:04:49  0:05:16  790k 47  449M    0     0   47  215M      0   759k  0:10:05  0:04:50  0:05:15  793k 48  449M    0     0   48  216M      0   759k  0:10:05  0:04:51  0:05:14  790k 48  449M    0     0   48  217M      0   759k  0:10:05  0:04:52  0:05:13  785k 48  449M    0     0   48  217M      0   759k  0:10:05  0:04:53  0:05:12  797k 48  449M    0     0   48  218M      0   760k  0:10:05  0:04:54  0:05:11  800k 48  449M    0     0   48  219M      0   760k  0:10:05  0:04:55  0:05:10  807k 49  449M    0     0   49  220M      0   760k  0:10:04  0:04:56  0:05:08  808k 49  449M    0     0   49  221M      0   760k  0:10:04  0:04:57  0:05:07  802k 49  449M    0     0   49  221M      0   760k  0:10:04  0:04:58  0:05:06  810k 49  449M    0     0   49  222M      0   760k  0:10:04  0:04:59  0:05:05  805k 49  449M    0     0   49  223M      0   760k  0:10:04  0:05:00  0:05:04  789k 49  449M    0     0   49  224M      0   760k  0:10:04  0:05:01  0:05:03  779k 50  449M    0     0   50  224M      0   760k  0:10:04  0:05:02  0:05:02  778k 50  449M    0     0   50  225M      0   760k  0:10:04  0:05:03  0:05:01  776k 50  449M    0     0   50  226M      0   761k  0:10:04  0:05:04  0:05:00  776k 50  449M    0     0   50  227M      0   761k  0:10:04  0:05:05  0:04:59  790k 50  449M    0     0   50  227M      0   761k  0:10:04  0:05:06  0:04:58  801k 50  449M    0     0   50  228M      0   761k  0:10:04  0:05:07  0:04:57  810k 51  449M    0     0   51  229M      0   761k  0:10:04  0:05:08  0:04:56  801k 51  449M    0     0   51  230M      0   761k  0:10:03  0:05:09  0:04:54  809k 51  449M    0     0   51  231M      0   761k  0:10:03  0:05:10  0:04:53  806k 51  449M    0     0   51  231M      0   762k  0:10:03  0:05:11  0:04:52  805k 51  449M    0     0   51  232M      0   762k  0:10:03  0:05:12  0:04:51  800k 51  449M    0     0   51  233M      0   762k  0:10:03  0:05:13  0:04:50  789k 52  449M    0     0   52  234M      0   762k  0:10:03  0:05:14  0:04:49  784k 52  449M    0     0   52  234M      0   762k  0:10:03  0:05:15  0:04:48  778k 52  449M    0     0   52  235M      0   762k  0:10:03  0:05:16  0:04:47  776k 52  449M    0     0   52  236M      0   762k  0:10:03  0:05:17  0:04:46  771k 52  449M    0     0   52  237M      0   762k  0:10:03  0:05:18  0:04:45  780k 52  449M    0     0   52  237M      0   762k  0:10:03  0:05:19  0:04:44  770k 53  449M    0     0   53  238M      0   762k  0:10:03  0:05:20  0:04:43  780k 53  449M    0     0   53  239M      0   762k  0:10:03  0:05:21  0:04:42  771k 53  449M    0     0   53  240M      0   762k  0:10:03  0:05:22  0:04:41  759k 53  449M    0     0   53  240M      0   762k  0:10:03  0:05:23  0:04:40  749k 53  449M    0     0   53  241M      0   762k  0:10:03  0:05:24  0:04:39  755k 53  449M    0     0   53  242M      0   762k  0:10:03  0:05:25  0:04:38  749k 54  449M    0     0   54  243M      0   762k  0:10:03  0:05:26  0:04:37  756k 54  449M    0     0   54  243M      0   762k  0:10:03  0:05:27  0:04:36  768k 54  449M    0     0   54  244M      0   762k  0:10:03  0:05:28  0:04:35  779k 54  449M    0     0   54  245M      0   762k  0:10:03  0:05:29  0:04:34  784k 54  449M    0     0   54  246M      0   762k  0:10:03  0:05:30  0:04:33  789k 54  449M    0     0   54  247M      0   762k  0:10:03  0:05:31  0:04:32  793k 55  449M    0     0   55  247M      0   762k  0:10:02  0:05:32  0:04:30  800k 55  449M    0     0   55  248M      0   762k  0:10:03  0:05:33  0:04:30  781k 55  449M    0     0   55  249M      0   762k  0:10:03  0:05:34  0:04:29  774k 55  449M    0     0   55  249M      0   762k  0:10:03  0:05:35  0:04:28  767k 55  449M    0     0   55  250M      0   762k  0:10:03  0:05:36  0:04:27  764k 55  449M    0     0   55  251M      0   762k  0:10:02  0:05:37  0:04:25  766k 56  449M    0     0   56  252M      0   762k  0:10:02  0:05:38  0:04:24  780k 56  449M    0     0   56  253M      0   762k  0:10:02  0:05:39  0:04:23  775k 56  449M    0     0   56  253M      0   762k  0:10:02  0:05:40  0:04:22  777k 56  449M    0     0   56  254M      0   763k  0:10:02  0:05:41  0:04:21  771k 56  449M    0     0   56  255M      0   763k  0:10:02  0:05:42  0:04:20  772k 57  449M    0     0   57  256M      0   763k  0:10:02  0:05:43  0:04:19  784k 57  449M    0     0   57  256M      0   762k  0:10:03  0:05:44  0:04:19  753k 57  449M    0     0   57  257M      0   762k  0:10:03  0:05:45  0:04:18  734k 57  449M    0     0   57  258M      0   762k  0:10:03  0:05:46  0:04:17  725k 57  449M    0     0   57  258M      0   762k  0:10:03  0:05:47  0:04:16  712k 57  449M    0     0   57  259M      0   762k  0:10:03  0:05:48  0:04:15  699k 57  449M    0     0   57  260M      0   762k  0:10:03  0:05:49  0:04:14  733k 58  449M    0     0   58  261M      0   762k  0:10:03  0:05:50  0:04:13  747k 58  449M    0     0   58  261M      0   762k  0:10:03  0:05:51  0:04:12  758k 58  449M    0     0   58  262M      0   762k  0:10:03  0:05:52  0:04:11  758k 58  449M    0     0   58  263M      0   762k  0:10:03  0:05:53  0:04:10  760k 58  449M    0     0   58  263M      0   762k  0:10:03  0:05:54  0:04:09  755k 58  449M    0     0   58  264M      0   762k  0:10:03  0:05:55  0:04:08  763k 59  449M    0     0   59  265M      0   762k  0:10:03  0:05:56  0:04:07  757k 59  449M    0     0   59  266M      0   762k  0:10:03  0:05:57  0:04:06  760k 59  449M    0     0   59  266M      0   762k  0:10:03  0:05:58  0:04:05  767k 59  449M    0     0   59  267M      0   762k  0:10:03  0:05:59  0:04:04  776k 59  449M    0     0   59  268M      0   762k  0:10:03  0:06:00  0:04:03  775k 59  449M    0     0   59  269M      0   762k  0:10:03  0:06:01  0:04:02  782k 60  449M    0     0   60  269M      0   762k  0:10:03  0:06:02  0:04:01  764k 60  449M    0     0   60  270M      0   762k  0:10:03  0:06:03  0:04:00  743k 60  449M    0     0   60  271M      0   762k  0:10:03  0:06:04  0:03:59  731k 60  449M    0     0   60  272M      0   762k  0:10:03  0:06:05  0:03:58  729k 60  449M    0     0   60  272M      0   762k  0:10:03  0:06:06  0:03:57  728k 60  449M    0     0   60  273M      0   762k  0:10:03  0:06:07  0:03:56  745k 61  449M    0     0   61  274M      0   761k  0:10:03  0:06:08  0:03:55  750k 61  449M    0     0   61  274M      0   761k  0:10:03  0:06:09  0:03:54  745k 61  449M    0     0   61  275M      0   761k  0:10:03  0:06:10  0:03:53  734k 61  449M    0     0   61  276M      0   761k  0:10:04  0:06:11  0:03:53  719k 61  449M    0     0   61  277M      0   761k  0:10:04  0:06:12  0:03:52  720k 61  449M    0     0   61  277M      0   761k  0:10:04  0:06:13  0:03:51  727k 62  449M    0     0   62  278M      0   761k  0:10:04  0:06:14  0:03:50  740k 62  449M    0     0   62  279M      0   761k  0:10:04  0:06:15  0:03:49  749k 62  449M    0     0   62  280M      0   761k  0:10:04  0:06:16  0:03:48  755k 62  449M    0     0   62  280M      0   761k  0:10:04  0:06:17  0:03:47  748k 62  449M    0     0   62  281M      0   761k  0:10:04  0:06:18  0:03:46  752k 62  449M    0     0   62  282M      0   761k  0:10:04  0:06:19  0:03:45  745k 62  449M    0     0   62  283M      0   761k  0:10:04  0:06:20  0:03:44  746k 63  449M    0     0   63  283M      0   761k  0:10:04  0:06:21  0:03:43  755k 63  449M    0     0   63  284M      0   761k  0:10:04  0:06:22  0:03:42  765k 63  449M    0     0   63  285M      0   761k  0:10:04  0:06:23  0:03:41  768k 63  449M    0     0   63  286M      0   761k  0:10:04  0:06:24  0:03:40  778k 63  449M    0     0   63  286M      0   761k  0:10:04  0:06:25  0:03:39  776k 64  449M    0     0   64  287M      0   761k  0:10:04  0:06:26  0:03:38  770k 64  449M    0     0   64  288M      0   761k  0:10:04  0:06:27  0:03:37  766k 64  449M    0     0   64  288M      0   761k  0:10:04  0:06:28  0:03:36  763k 64  449M    0     0   64  289M      0   761k  0:10:04  0:06:29  0:03:35  752k 64  449M    0     0   64  290M      0   761k  0:10:04  0:06:30  0:03:34  750k 64  449M    0     0   64  291M      0   761k  0:10:04  0:06:31  0:03:33  751k 64  449M    0     0   64  291M      0   761k  0:10:04  0:06:32  0:03:32  755k 65  449M    0     0   65  292M      0   761k  0:10:04  0:06:33  0:03:31  745k 65  449M    0     0   65  293M      0   761k  0:10:04  0:06:34  0:03:30  740k 65  449M    0     0   65  294M      0   761k  0:10:04  0:06:35  0:03:29  739k 65  449M    0     0   65  294M      0   761k  0:10:04  0:06:36  0:03:28  736k 65  449M    0     0   65  295M      0   761k  0:10:04  0:06:37  0:03:27  728k 65  449M    0     0   65  296M      0   760k  0:10:04  0:06:38  0:03:26  730k 66  449M    0     0   66  296M      0   760k  0:10:04  0:06:39  0:03:25  745k 66  449M    0     0   66  297M      0   760k  0:10:04  0:06:40  0:03:24  744k 66  449M    0     0   66  298M      0   760k  0:10:04  0:06:41  0:03:23  752k 66  449M    0     0   66  299M      0   761k  0:10:04  0:06:42  0:03:22  759k 66  449M    0     0   66  299M      0   761k  0:10:04  0:06:43  0:03:21  770k 66  449M    0     0   66  300M      0   761k  0:10:04  0:06:44  0:03:20  773k 67  449M    0     0   67  301M      0   761k  0:10:04  0:06:45  0:03:19  772k 67  449M    0     0   67  302M      0   761k  0:10:04  0:06:46  0:03:18  774k 67  449M    0     0   67  303M      0   761k  0:10:04  0:06:47  0:03:17  776k 67  449M    0     0   67  303M      0   761k  0:10:04  0:06:48  0:03:16  785k 67  449M    0     0   67  304M      0   761k  0:10:04  0:06:49  0:03:15  787k 67  449M    0     0   67  305M      0   761k  0:10:04  0:06:50  0:03:14  787k 68  449M    0     0   68  306M      0   761k  0:10:04  0:06:51  0:03:13  784k 68  449M    0     0   68  306M      0   761k  0:10:04  0:06:52  0:03:12  776k 68  449M    0     0   68  307M      0   761k  0:10:04  0:06:53  0:03:11  758k 68  449M    0     0   68  308M      0   761k  0:10:04  0:06:54  0:03:10  743k 68  449M    0     0   68  308M      0   761k  0:10:04  0:06:55  0:03:09  752k 68  449M    0     0   68  309M      0   761k  0:10:04  0:06:56  0:03:08  747k 69  449M    0     0   69  310M      0   761k  0:10:04  0:06:57  0:03:07  755k 69  449M    0     0   69  311M      0   761k  0:10:04  0:06:58  0:03:06  765k 69  449M    0     0   69  311M      0   761k  0:10:04  0:06:59  0:03:05  769k 69  449M    0     0   69  312M      0   761k  0:10:04  0:07:00  0:03:04  768k 69  449M    0     0   69  313M      0   761k  0:10:04  0:07:01  0:03:03  763k 69  449M    0     0   69  314M      0   761k  0:10:04  0:07:02  0:03:02  748k 70  449M    0     0   70  314M      0   761k  0:10:04  0:07:03  0:03:01  748k 70  449M    0     0   70  315M      0   761k  0:10:04  0:07:04  0:03:00  747k 70  449M    0     0   70  316M      0   761k  0:10:04  0:07:05  0:02:59  739k 70  449M    0     0   70  317M      0   761k  0:10:04  0:07:06  0:02:58  750k 70  449M    0     0   70  317M      0   761k  0:10:04  0:07:07  0:02:57  760k 70  449M    0     0   70  318M      0   760k  0:10:04  0:07:08  0:02:56  743k 71  449M    0     0   71  319M      0   760k  0:10:04  0:07:09  0:02:55  726k 71  449M    0     0   71  319M      0   760k  0:10:04  0:07:10  0:02:54  712k 71  449M    0     0   71  320M      0   760k  0:10:05  0:07:11  0:02:54  681k 71  449M    0     0   71  321M      0   760k  0:10:05  0:07:12  0:02:53  691k 71  449M    0     0   71  321M      0   760k  0:10:05  0:07:13  0:02:52  706k 71  449M    0     0   71  322M      0   760k  0:10:04  0:07:14  0:02:50  728k 71  449M    0     0   71  323M      0   760k  0:10:05  0:07:15  0:02:50  738k 72  449M    0     0   72  324M      0   760k  0:10:05  0:07:16  0:02:49  766k 72  449M    0     0   72  324M      0   760k  0:10:04  0:07:17  0:02:47  762k 72  449M    0     0   72  325M      0   760k  0:10:04  0:07:18  0:02:46  768k 72  449M    0     0   72  326M      0   760k  0:10:04  0:07:19  0:02:45  773k 72  449M    0     0   72  327M      0   760k  0:10:04  0:07:20  0:02:44  777k 72  449M    0     0   72  327M      0   760k  0:10:04  0:07:21  0:02:43  768k 73  449M    0     0   73  328M      0   760k  0:10:05  0:07:22  0:02:43  756k 73  449M    0     0   73  329M      0   760k  0:10:05  0:07:23  0:02:42  750k 73  449M    0     0   73  330M      0   760k  0:10:05  0:07:24  0:02:41  721k 73  449M    0     0   73  330M      0   760k  0:10:05  0:07:25  0:02:40  716k 73  449M    0     0   73  331M      0   760k  0:10:05  0:07:26  0:02:39  733k 73  449M    0     0   73  332M      0   760k  0:10:05  0:07:27  0:02:38  752k 74  449M    0     0   74  333M      0   760k  0:10:05  0:07:28  0:02:37  753k 74  449M    0     0   74  333M      0   760k  0:10:05  0:07:29  0:02:36  779k 74  449M    0     0   74  334M      0   760k  0:10:05  0:07:30  0:02:35  771k 74  449M    0     0   74  335M      0   759k  0:10:05  0:07:31  0:02:34  739k 74  449M    0     0   74  335M      0   759k  0:10:05  0:07:32  0:02:33  709k 74  449M    0     0   74  336M      0   759k  0:10:05  0:07:33  0:02:32  674k 74  449M    0     0   74  336M      0   758k  0:10:06  0:07:34  0:02:32  620k 75  449M    0     0   75  337M      0   758k  0:10:06  0:07:35  0:02:31  612k 75  449M    0     0   75  338M      0   758k  0:10:06  0:07:36  0:02:30  614k 75  449M    0     0   75  338M      0   758k  0:10:06  0:07:37  0:02:29  608k 75  449M    0     0   75  339M      0   757k  0:10:07  0:07:38  0:02:29  618k 75  449M    0     0   75  339M      0   757k  0:10:07  0:07:39  0:02:28  634k 75  449M    0     0   75  340M      0   757k  0:10:07  0:07:40  0:02:27  653k 75  449M    0     0   75  341M      0   757k  0:10:07  0:07:41  0:02:26  657k 76  449M    0     0   76  341M      0   756k  0:10:07  0:07:42  0:02:25  652k 76  449M    0     0   76  342M      0   756k  0:10:07  0:07:43  0:02:24  650k 76  449M    0     0   76  343M      0   756k  0:10:08  0:07:44  0:02:24  672k 76  449M    0     0   76  343M      0   756k  0:10:08  0:07:45  0:02:23  649k 76  449M    0     0   76  344M      0   755k  0:10:08  0:07:46  0:02:22  627k 76  449M    0     0   76  345M      0   755k  0:10:08  0:07:47  0:02:21  636k 76  449M    0     0   76  345M      0   755k  0:10:08  0:07:48  0:02:20  652k 77  449M    0     0   77  346M      0   755k  0:10:09  0:07:49  0:02:20  644k 77  449M    0     0   77  347M      0   755k  0:10:09  0:07:50  0:02:19  663k 77  449M    0     0   77  347M      0   754k  0:10:09  0:07:51  0:02:18  671k 77  449M    0     0   77  348M      0   754k  0:10:09  0:07:52  0:02:17  680k 77  449M    0     0   77  349M      0   754k  0:10:09  0:07:53  0:02:16  675k 77  449M    0     0   77  349M      0   754k  0:10:09  0:07:54  0:02:15  649k 77  449M    0     0   77  350M      0   753k  0:10:10  0:07:55  0:02:15  631k 78  449M    0     0   78  350M      0   753k  0:10:10  0:07:56  0:02:14  641k 78  449M    0     0   78  351M      0   753k  0:10:10  0:07:57  0:02:13  638k 78  449M    0     0   78  352M      0   753k  0:10:10  0:07:58  0:02:12  655k 78  449M    0     0   78  353M      0   753k  0:10:10  0:07:59  0:02:11  705k 78  449M    0     0   78  353M      0   753k  0:10:10  0:08:00  0:02:10  731k 78  449M    0     0   78  354M      0   753k  0:10:10  0:08:01  0:02:09  756k 79  449M    0     0   79  355M      0   753k  0:10:10  0:08:02  0:02:08  774k 79  449M    0     0   79  356M      0   753k  0:10:10  0:08:03  0:02:07  774k 79  449M    0     0   79  356M      0   753k  0:10:10  0:08:04  0:02:06  782k 79  449M    0     0   79  357M      0   754k  0:10:10  0:08:05  0:02:05  787k 79  449M    0     0   79  358M      0   753k  0:10:10  0:08:06  0:02:04  777k 79  449M    0     0   79  359M      0   754k  0:10:10  0:08:07  0:02:03  774k 80  449M    0     0   80  359M      0   754k  0:10:10  0:08:08  0:02:02  770k 80  449M    0     0   80  360M      0   754k  0:10:10  0:08:09  0:02:01  765k 80  449M    0     0   80  361M      0   754k  0:10:10  0:08:10  0:02:00  760k 80  449M    0     0   80  362M      0   754k  0:10:10  0:08:11  0:01:59  763k 80  449M    0     0   80  362M      0   754k  0:10:09  0:08:12  0:01:57  764k 80  449M    0     0   80  363M      0   754k  0:10:09  0:08:13  0:01:56  779k 81  449M    0     0   81  364M      0   754k  0:10:09  0:08:14  0:01:55  771k 81  449M    0     0   81  365M      0   754k  0:10:09  0:08:15  0:01:54  779k 81  449M    0     0   81  365M      0   754k  0:10:09  0:08:16  0:01:53  778k 81  449M    0     0   81  366M      0   754k  0:10:09  0:08:17  0:01:52  755k 81  449M    0     0   81  367M      0   754k  0:10:09  0:08:18  0:01:51  745k 81  449M    0     0   81  367M      0   754k  0:10:09  0:08:19  0:01:50  751k 82  449M    0     0   82  368M      0   754k  0:10:09  0:08:20  0:01:49  753k 82  449M    0     0   82  369M      0   754k  0:10:09  0:08:21  0:01:48  754k 82  449M    0     0   82  370M      0   754k  0:10:09  0:08:22  0:01:47  783k 82  449M    0     0   82  371M      0   754k  0:10:09  0:08:23  0:01:46  781k 82  449M    0     0   82  371M      0   754k  0:10:09  0:08:24  0:01:45  770k 82  449M    0     0   82  372M      0   754k  0:10:09  0:08:25  0:01:44  766k 83  449M    0     0   83  373M      0   754k  0:10:09  0:08:26  0:01:43  777k 83  449M    0     0   83  374M      0   754k  0:10:09  0:08:27  0:01:42  767k 83  449M    0     0   83  374M      0   754k  0:10:09  0:08:28  0:01:41  757k 83  449M    0     0   83  375M      0   754k  0:10:09  0:08:29  0:01:40  751k 83  449M    0     0   83  376M      0   754k  0:10:09  0:08:30  0:01:39  746k 83  449M    0     0   83  376M      0   754k  0:10:09  0:08:31  0:01:38  736k 84  449M    0     0   84  377M      0   754k  0:10:09  0:08:32  0:01:37  733k 84  449M    0     0   84  378M      0   754k  0:10:09  0:08:33  0:01:36  748k 84  449M    0     0   84  379M      0   754k  0:10:09  0:08:34  0:01:35  761k 84  449M    0     0   84  379M      0   754k  0:10:09  0:08:35  0:01:34  759k 84  449M    0     0   84  380M      0   754k  0:10:09  0:08:36  0:01:33  762k 84  449M    0     0   84  381M      0   754k  0:10:09  0:08:37  0:01:32  771k 85  449M    0     0   85  382M      0   754k  0:10:09  0:08:38  0:01:31  769k 85  449M    0     0   85  382M      0   754k  0:10:09  0:08:39  0:01:30  761k 85  449M    0     0   85  383M      0   754k  0:10:09  0:08:40  0:01:29  750k 85  449M    0     0   85  384M      0   754k  0:10:09  0:08:41  0:01:28  747k 85  449M    0     0   85  385M      0   754k  0:10:09  0:08:42  0:01:27  745k 85  449M    0     0   85  385M      0   754k  0:10:09  0:08:43  0:01:26  749k 86  449M    0     0   86  386M      0   754k  0:10:09  0:08:44  0:01:25  754k 86  449M    0     0   86  387M      0   754k  0:10:09  0:08:45  0:01:24  762k 86  449M    0     0   86  388M      0   754k  0:10:09  0:08:46  0:01:23  766k 86  449M    0     0   86  388M      0   754k  0:10:09  0:08:47  0:01:22  760k 86  449M    0     0   86  389M      0   754k  0:10:09  0:08:48  0:01:21  763k 86  449M    0     0   86  390M      0   754k  0:10:09  0:08:49  0:01:20  764k 87  449M    0     0   87  391M      0   754k  0:10:09  0:08:50  0:01:19  775k 87  449M    0     0   87  391M      0   754k  0:10:09  0:08:51  0:01:18  769k 87  449M    0     0   87  392M      0   754k  0:10:09  0:08:52  0:01:17  768k 87  449M    0     0   87  393M      0   754k  0:10:09  0:08:53  0:01:16  766k 87  449M    0     0   87  393M      0   754k  0:10:09  0:08:54  0:01:15  760k 87  449M    0     0   87  394M      0   754k  0:10:09  0:08:55  0:01:14  742k 88  449M    0     0   88  395M      0   754k  0:10:09  0:08:56  0:01:13  751k 88  449M    0     0   88  396M      0   754k  0:10:09  0:08:57  0:01:12  762k 88  449M    0     0   88  396M      0   754k  0:10:09  0:08:58  0:01:11  753k 88  449M    0     0   88  397M      0   754k  0:10:09  0:08:59  0:01:10  756k 88  449M    0     0   88  398M      0   754k  0:10:09  0:09:00  0:01:09  754k 88  449M    0     0   88  399M      0   754k  0:10:09  0:09:01  0:01:08  754k 89  449M    0     0   89  399M      0   754k  0:10:09  0:09:02  0:01:07  757k 89  449M    0     0   89  400M      0   754k  0:10:09  0:09:03  0:01:06  760k 89  449M    0     0   89  401M      0   754k  0:10:09  0:09:04  0:01:05  762k 89  449M    0     0   89  402M      0   754k  0:10:09  0:09:05  0:01:04  776k 89  449M    0     0   89  402M      0   754k  0:10:09  0:09:06  0:01:03  773k 89  449M    0     0   89  403M      0   754k  0:10:09  0:09:07  0:01:02  763k 90  449M    0     0   90  404M      0   754k  0:10:09  0:09:08  0:01:01  750k 90  449M    0     0   90  405M      0   754k  0:10:09  0:09:09  0:01:00  738k 90  449M    0     0   90  405M      0   754k  0:10:09  0:09:10  0:00:59  714k 90  449M    0     0   90  406M      0   754k  0:10:10  0:09:11  0:00:59  679k 90  449M    0     0   90  406M      0   754k  0:10:10  0:09:12  0:00:58  673k 90  449M    0     0   90  407M      0   754k  0:10:10  0:09:13  0:00:57  680k 90  449M    0     0   90  408M      0   753k  0:10:10  0:09:14  0:00:56  674k 91  449M    0     0   91  409M      0   753k  0:10:10  0:09:15  0:00:55  686k 91  449M    0     0   91  409M      0   753k  0:10:10  0:09:16  0:00:54  727k 91  449M    0     0   91  410M      0   753k  0:10:10  0:09:17  0:00:53  735k 91  449M    0     0   91  411M      0   753k  0:10:10  0:09:18  0:00:52  737k 91  449M    0     0   91  412M      0   753k  0:10:10  0:09:19  0:00:51  761k 91  449M    0     0   91  412M      0   753k  0:10:10  0:09:20  0:00:50  766k 92  449M    0     0   92  413M      0   753k  0:10:10  0:09:21  0:00:49  747k 92  449M    0     0   92  414M      0   753k  0:10:10  0:09:22  0:00:48  732k 92  449M    0     0   92  414M      0   753k  0:10:10  0:09:23  0:00:47  733k 92  449M    0     0   92  415M      0   753k  0:10:10  0:09:24  0:00:46  726k 92  449M    0     0   92  416M      0   753k  0:10:10  0:09:25  0:00:45  728k 92  449M    0     0   92  417M      0   753k  0:10:10  0:09:26  0:00:44  731k 92  449M    0     0   92  417M      0   753k  0:10:10  0:09:27  0:00:43  741k 93  449M    0     0   93  418M      0   753k  0:10:10  0:09:28  0:00:42  739k 93  449M    0     0   93  419M      0   753k  0:10:10  0:09:29  0:00:41  737k 93  449M    0     0   93  419M      0   753k  0:10:10  0:09:30  0:00:40  745k 93  449M    0     0   93  420M      0   753k  0:10:10  0:09:31  0:00:39  744k 93  449M    0     0   93  421M      0   753k  0:10:10  0:09:32  0:00:38  754k 93  449M    0     0   93  422M      0   753k  0:10:10  0:09:33  0:00:37  759k 94  449M    0     0   94  422M      0   753k  0:10:10  0:09:34  0:00:36  735k 94  449M    0     0   94  423M      0   753k  0:10:10  0:09:35  0:00:35  712k 94  449M    0     0   94  424M      0   753k  0:10:10  0:09:36  0:00:34  705k 94  449M    0     0   94  424M      0   753k  0:10:10  0:09:37  0:00:33  705k 94  449M    0     0   94  425M      0   753k  0:10:10  0:09:38  0:00:32  715k 94  449M    0     0   94  426M      0   753k  0:10:10  0:09:39  0:00:31  747k 95  449M    0     0   95  427M      0   753k  0:10:10  0:09:40  0:00:30  761k 95  449M    0     0   95  427M      0   753k  0:10:10  0:09:41  0:00:29  771k 95  449M    0     0   95  428M      0   753k  0:10:10  0:09:42  0:00:28  772k 95  449M    0     0   95  429M      0   753k  0:10:10  0:09:43  0:00:27  760k 95  449M    0     0   95  430M      0   753k  0:10:10  0:09:44  0:00:26  763k 95  449M    0     0   95  430M      0   753k  0:10:10  0:09:45  0:00:25  776k 96  449M    0     0   96  431M      0   753k  0:10:10  0:09:46  0:00:24  781k 96  449M    0     0   96  432M      0   753k  0:10:10  0:09:47  0:00:23  777k 96  449M    0     0   96  433M      0   753k  0:10:10  0:09:48  0:00:22  783k 96  449M    0     0   96  433M      0   753k  0:10:10  0:09:49  0:00:21  780k 96  449M    0     0   96  434M      0   753k  0:10:10  0:09:50  0:00:20  774k 96  449M    0     0   96  435M      0   753k  0:10:10  0:09:51  0:00:19  771k 97  449M    0     0   97  436M      0   753k  0:10:10  0:09:52  0:00:18  763k 97  449M    0     0   97  436M      0   753k  0:10:10  0:09:53  0:00:17  754k 97  449M    0     0   97  437M      0   753k  0:10:10  0:09:54  0:00:16  746k 97  449M    0     0   97  438M      0   753k  0:10:10  0:09:55  0:00:15  749k 97  449M    0     0   97  439M      0   753k  0:10:10  0:09:56  0:00:14  757k 97  449M    0     0   97  439M      0   753k  0:10:10  0:09:57  0:00:13  770k 98  449M    0     0   98  440M      0   753k  0:10:10  0:09:58  0:00:12  776k 98  449M    0     0   98  441M      0   753k  0:10:10  0:09:59  0:00:11  782k 98  449M    0     0   98  442M      0   753k  0:10:10  0:10:00  0:00:10  792k 98  449M    0     0   98  442M      0   754k  0:10:10  0:10:01  0:00:09  789k 98  449M    0     0   98  443M      0   754k  0:10:10  0:10:02  0:00:08  790k 98  449M    0     0   98  444M      0   754k  0:10:10  0:10:03  0:00:07  787k 99  449M    0     0   99  445M      0   754k  0:10:10  0:10:04  0:00:06  786k 99  449M    0     0   99  445M      0   754k  0:10:10  0:10:05  0:00:05  771k 99  449M    0     0   99  446M      0   754k  0:10:09  0:10:06  0:00:03  771k 99  449M    0     0   99  447M      0   754k  0:10:09  0:10:07  0:00:02  767k 99  449M    0     0   99  448M      0   754k  0:10:09  0:10:08  0:00:01  767k 99  449M    0     0   99  448M      0   754k  0:10:09  0:10:09 --:--:--  760k100  449M    0     0  100  449M      0   752k  0:10:10  0:10:10 --:--:--  623k100  449M    0     0  100  449M      0   751k  0:10:11  0:10:11 --:--:--  488k100  449M    0     0  100  449M      0   751k  0:10:11  0:10:11 --:--:--  418k
