53357467
curl --location --header x-amz-auto-make-bucket:1 --header x-archive-ignore-preexisting-bucket:1 --header x-archive-queue-derive:0 --header x-archive-meta-mediatype:texts --header x-archive-meta01-collection:medicalheritagelibrary --header x-archive-meta03-collection:emory --header x-archive-meta-sponsor:Emory University, Woodruff Health Sciences Center Library --header x-archive-meta-contributor:Emory University, Woodruff Health Sciences Center Library --header x-archive-meta-ppi:400 --header authorization: LOW fpJYfLnxbLmCEHqU:JQbq6NgBaPrSh98Y --upload-file /mnt/lsdi2/ocm53357467-6000/ocm53357467/ocm53357467_MRC.xml http://s3.us.archive.org/53357467.6000.emory.edu/53357467.6000.emory.edu_marc.xml
  % Total    % Received % Xferd  Average Speed   Time    Time     Time  Current
                                 Dload  Upload   Total   Spent    Left  Speed
  0     0    0     0    0     0      0      0 --:--:-- --:--:-- --:--:--     0  0  5114    0     0    0     0      0      0 --:--:--  0:00:01 --:--:--     0100  5114    0     0  100  5114      0   2459  0:00:02  0:00:02 --:--:--  2551100  5114    0     0  100  5114      0   1307  0:00:03  0:00:03 --:--:--  1333100  5114    0     0  100  5114      0   1041  0:00:04  0:00:04 --:--:--  1057100  5114    0     0  100  5114      0    864  0:00:05  0:00:05 --:--:--   875100  5114    0     0  100  5114      0    739  0:00:06  0:00:06 --:--:--   876100  5114    0     0  100  5114      0    646  0:00:07  0:00:07 --:--:--     0100  5114    0     0  100  5114      0    573  0:00:08  0:00:08 --:--:--     0100  5114    0     0  100  5114      0    515  0:00:09  0:00:09 --:--:--     0100  5114    0     0  100  5114      0    470  0:00:10  0:00:10 --:--:--     0100  5114    0     0  100  5114      0    470  0:00:10  0:00:10 --:--:--     0
zip -r /temp/ocm53357467_6000_images.zip /mnt/lsdi2/ocm53357467-6000/ocm53357467/Output/Images/JP2
  adding: mnt/lsdi2/ocm53357467-6000/ocm53357467/Output/Images/JP2/ (stored 0%)
  adding: mnt/lsdi2/ocm53357467-6000/ocm53357467/Output/Images/JP2/0030.jp2 (deflated 0%)
  adding: mnt/lsdi2/ocm53357467-6000/ocm53357467/Output/Images/JP2/0421.jp2 (deflated 0%)
  adding: mnt/lsdi2/ocm53357467-6000/ocm53357467/Output/Images/JP2/0130.jp2 (deflated 0%)
  adding: mnt/lsdi2/ocm53357467-6000/ocm53357467/Output/Images/JP2/0249.jp2 (deflated 0%)
  adding: mnt/lsdi2/ocm53357467-6000/ocm53357467/Output/Images/JP2/0433.jp2 (deflated 0%)
  adding: mnt/lsdi2/ocm53357467-6000/ocm53357467/Output/Images/JP2/0100.jp2 (deflated 0%)
  adding: mnt/lsdi2/ocm53357467-6000/ocm53357467/Output/Images/JP2/0440.jp2 (deflated 0%)
  adding: mnt/lsdi2/ocm53357467-6000/ocm53357467/Output/Images/JP2/0175.jp2 (deflated 0%)
  adding: mnt/lsdi2/ocm53357467-6000/ocm53357467/Output/Images/JP2/0061.jp2 (deflated 0%)
  adding: mnt/lsdi2/ocm53357467-6000/ocm53357467/Output/Images/JP2/0057.jp2 (deflated 0%)
  adding: mnt/lsdi2/ocm53357467-6000/ocm53357467/Output/Images/JP2/0386.jp2 (deflated 0%)
  adding: mnt/lsdi2/ocm53357467-6000/ocm53357467/Output/Images/JP2/0199.jp2 (deflated 0%)
  adding: mnt/lsdi2/ocm53357467-6000/ocm53357467/Output/Images/JP2/0062.jp2 (deflated 0%)
  adding: mnt/lsdi2/ocm53357467-6000/ocm53357467/Output/Images/JP2/0036.jp2 (deflated 0%)
  adding: mnt/lsdi2/ocm53357467-6000/ocm53357467/Output/Images/JP2/0245.jp2 (deflated 0%)
  adding: mnt/lsdi2/ocm53357467-6000/ocm53357467/Output/Images/JP2/0170.jp2 (deflated 0%)
  adding: mnt/lsdi2/ocm53357467-6000/ocm53357467/Output/Images/JP2/0320.jp2 (deflated 0%)
  adding: mnt/lsdi2/ocm53357467-6000/ocm53357467/Output/Images/JP2/0238.jp2 (deflated 0%)
  adding: mnt/lsdi2/ocm53357467-6000/ocm53357467/Output/Images/JP2/0107.jp2 (deflated 0%)
  adding: mnt/lsdi2/ocm53357467-6000/ocm53357467/Output/Images/JP2/0085.jp2 (deflated 0%)
  adding: mnt/lsdi2/ocm53357467-6000/ocm53357467/Output/Images/JP2/0132.jp2 (deflated 0%)
  adding: mnt/lsdi2/ocm53357467-6000/ocm53357467/Output/Images/JP2/0361.jp2 (deflated 0%)
  adding: mnt/lsdi2/ocm53357467-6000/ocm53357467/Output/Images/JP2/0387.jp2 (deflated 0%)
  adding: mnt/lsdi2/ocm53357467-6000/ocm53357467/Output/Images/JP2/0462.jp2 (deflated 0%)
  adding: mnt/lsdi2/ocm53357467-6000/ocm53357467/Output/Images/JP2/0178.jp2 (deflated 0%)
  adding: mnt/lsdi2/ocm53357467-6000/ocm53357467/Output/Images/JP2/0010.jp2 (deflated 0%)
  adding: mnt/lsdi2/ocm53357467-6000/ocm53357467/Output/Images/JP2/0355.jp2 (deflated 0%)
  adding: mnt/lsdi2/ocm53357467-6000/ocm53357467/Output/Images/JP2/0463.jp2 (deflated 0%)
  adding: mnt/lsdi2/ocm53357467-6000/ocm53357467/Output/Images/JP2/0013.jp2 (deflated 0%)
  adding: mnt/lsdi2/ocm53357467-6000/ocm53357467/Output/Images/JP2/0452.jp2 (deflated 0%)
  adding: mnt/lsdi2/ocm53357467-6000/ocm53357467/Output/Images/JP2/0443.jp2 (deflated 0%)
  adding: mnt/lsdi2/ocm53357467-6000/ocm53357467/Output/Images/JP2/0089.jp2 (deflated 0%)
  adding: mnt/lsdi2/ocm53357467-6000/ocm53357467/Output/Images/JP2/0260.jp2 (deflated 0%)
  adding: mnt/lsdi2/ocm53357467-6000/ocm53357467/Output/Images/JP2/0121.jp2 (deflated 0%)
  adding: mnt/lsdi2/ocm53357467-6000/ocm53357467/Output/Images/JP2/0141.jp2 (deflated 0%)
  adding: mnt/lsdi2/ocm53357467-6000/ocm53357467/Output/Images/JP2/0434.jp2 (deflated 0%)
  adding: mnt/lsdi2/ocm53357467-6000/ocm53357467/Output/Images/JP2/0401.jp2 (deflated 0%)
  adding: mnt/lsdi2/ocm53357467-6000/ocm53357467/Output/Images/JP2/0375.jp2 (deflated 0%)
  adding: mnt/lsdi2/ocm53357467-6000/ocm53357467/Output/Images/JP2/0270.jp2 (deflated 0%)
  adding: mnt/lsdi2/ocm53357467-6000/ocm53357467/Output/Images/JP2/0090.jp2 (deflated 0%)
  adding: mnt/lsdi2/ocm53357467-6000/ocm53357467/Output/Images/JP2/0331.jp2 (deflated 0%)
  adding: mnt/lsdi2/ocm53357467-6000/ocm53357467/Output/Images/JP2/0446.jp2 (deflated 0%)
  adding: mnt/lsdi2/ocm53357467-6000/ocm53357467/Output/Images/JP2/0188.jp2 (deflated 0%)
  adding: mnt/lsdi2/ocm53357467-6000/ocm53357467/Output/Images/JP2/0376.jp2 (deflated 0%)
  adding: mnt/lsdi2/ocm53357467-6000/ocm53357467/Output/Images/JP2/0460.jp2 (deflated 0%)
  adding: mnt/lsdi2/ocm53357467-6000/ocm53357467/Output/Images/JP2/0102.jp2 (deflated 0%)
  adding: mnt/lsdi2/ocm53357467-6000/ocm53357467/Output/Images/JP2/0444.jp2 (deflated 0%)
  adding: mnt/lsdi2/ocm53357467-6000/ocm53357467/Output/Images/JP2/0347.jp2 (deflated 0%)
  adding: mnt/lsdi2/ocm53357467-6000/ocm53357467/Output/Images/JP2/0042.jp2 (deflated 0%)
  adding: mnt/lsdi2/ocm53357467-6000/ocm53357467/Output/Images/JP2/0341.jp2 (deflated 0%)
  adding: mnt/lsdi2/ocm53357467-6000/ocm53357467/Output/Images/JP2/0264.jp2 (deflated 0%)
  adding: mnt/lsdi2/ocm53357467-6000/ocm53357467/Output/Images/JP2/0265.jp2 (deflated 0%)
  adding: mnt/lsdi2/ocm53357467-6000/ocm53357467/Output/Images/JP2/0149.jp2 (deflated 0%)
  adding: mnt/lsdi2/ocm53357467-6000/ocm53357467/Output/Images/JP2/0329.jp2 (deflated 0%)
  adding: mnt/lsdi2/ocm53357467-6000/ocm53357467/Output/Images/JP2/0091.jp2 (deflated 0%)
  adding: mnt/lsdi2/ocm53357467-6000/ocm53357467/Output/Images/JP2/0179.jp2 (deflated 0%)
  adding: mnt/lsdi2/ocm53357467-6000/ocm53357467/Output/Images/JP2/0174.jp2 (deflated 0%)
  adding: mnt/lsdi2/ocm53357467-6000/ocm53357467/Output/Images/JP2/0120.jp2 (deflated 0%)
  adding: mnt/lsdi2/ocm53357467-6000/ocm53357467/Output/Images/JP2/0098.jp2 (deflated 0%)
  adding: mnt/lsdi2/ocm53357467-6000/ocm53357467/Output/Images/JP2/0086.jp2 (deflated 0%)
  adding: mnt/lsdi2/ocm53357467-6000/ocm53357467/Output/Images/JP2/0392.jp2 (deflated 0%)
  adding: mnt/lsdi2/ocm53357467-6000/ocm53357467/Output/Images/JP2/0316.jp2 (deflated 0%)
  adding: mnt/lsdi2/ocm53357467-6000/ocm53357467/Output/Images/JP2/0390.jp2 (deflated 0%)
  adding: mnt/lsdi2/ocm53357467-6000/ocm53357467/Output/Images/JP2/0335.jp2 (deflated 0%)
  adding: mnt/lsdi2/ocm53357467-6000/ocm53357467/Output/Images/JP2/0300.jp2 (deflated 0%)
  adding: mnt/lsdi2/ocm53357467-6000/ocm53357467/Output/Images/JP2/0230.jp2 (deflated 0%)
  adding: mnt/lsdi2/ocm53357467-6000/ocm53357467/Output/Images/JP2/0227.jp2 (deflated 0%)
  adding: mnt/lsdi2/ocm53357467-6000/ocm53357467/Output/Images/JP2/0047.jp2 (deflated 0%)
  adding: mnt/lsdi2/ocm53357467-6000/ocm53357467/Output/Images/JP2/0159.jp2 (deflated 0%)
  adding: mnt/lsdi2/ocm53357467-6000/ocm53357467/Output/Images/JP2/0391.jp2 (deflated 0%)
  adding: mnt/lsdi2/ocm53357467-6000/ocm53357467/Output/Images/JP2/0364.jp2 (deflated 0%)
  adding: mnt/lsdi2/ocm53357467-6000/ocm53357467/Output/Images/JP2/0136.jp2 (deflated 0%)
  adding: mnt/lsdi2/ocm53357467-6000/ocm53357467/Output/Images/JP2/0034.jp2 (deflated 0%)
  adding: mnt/lsdi2/ocm53357467-6000/ocm53357467/Output/Images/JP2/0140.jp2 (deflated 0%)
  adding: mnt/lsdi2/ocm53357467-6000/ocm53357467/Output/Images/JP2/0195.jp2 (deflated 0%)
  adding: mnt/lsdi2/ocm53357467-6000/ocm53357467/Output/Images/JP2/0015.jp2 (deflated 0%)
  adding: mnt/lsdi2/ocm53357467-6000/ocm53357467/Output/Images/JP2/0234.jp2 (deflated 0%)
  adding: mnt/lsdi2/ocm53357467-6000/ocm53357467/Output/Images/JP2/0070.jp2 (deflated 0%)
  adding: mnt/lsdi2/ocm53357467-6000/ocm53357467/Output/Images/JP2/0274.jp2 (deflated 0%)
  adding: mnt/lsdi2/ocm53357467-6000/ocm53357467/Output/Images/JP2/0126.jp2 (deflated 0%)
  adding: mnt/lsdi2/ocm53357467-6000/ocm53357467/Output/Images/JP2/0111.jp2 (deflated 0%)
  adding: mnt/lsdi2/ocm53357467-6000/ocm53357467/Output/Images/JP2/0113.jp2 (deflated 0%)
  adding: mnt/lsdi2/ocm53357467-6000/ocm53357467/Output/Images/JP2/0115.jp2 (deflated 0%)
  adding: mnt/lsdi2/ocm53357467-6000/ocm53357467/Output/Images/JP2/0305.jp2 (deflated 0%)
  adding: mnt/lsdi2/ocm53357467-6000/ocm53357467/Output/Images/JP2/0423.jp2 (deflated 0%)
  adding: mnt/lsdi2/ocm53357467-6000/ocm53357467/Output/Images/JP2/0182.jp2 (deflated 0%)
  adding: mnt/lsdi2/ocm53357467-6000/ocm53357467/Output/Images/JP2/0370.jp2 (deflated 0%)
  adding: mnt/lsdi2/ocm53357467-6000/ocm53357467/Output/Images/JP2/0313.jp2 (deflated 0%)
  adding: mnt/lsdi2/ocm53357467-6000/ocm53357467/Output/Images/JP2/0419.jp2 (deflated 0%)
  adding: mnt/lsdi2/ocm53357467-6000/ocm53357467/Output/Images/JP2/0279.jp2 (deflated 0%)
  adding: mnt/lsdi2/ocm53357467-6000/ocm53357467/Output/Images/JP2/0360.jp2 (deflated 0%)
  adding: mnt/lsdi2/ocm53357467-6000/ocm53357467/Output/Images/JP2/0186.jp2 (deflated 0%)
  adding: mnt/lsdi2/ocm53357467-6000/ocm53357467/Output/Images/JP2/0290.jp2 (deflated 0%)
  adding: mnt/lsdi2/ocm53357467-6000/ocm53357467/Output/Images/JP2/0124.jp2 (deflated 0%)
  adding: mnt/lsdi2/ocm53357467-6000/ocm53357467/Output/Images/JP2/0242.jp2 (deflated 0%)
  adding: mnt/lsdi2/ocm53357467-6000/ocm53357467/Output/Images/JP2/0321.jp2 (deflated 0%)
  adding: mnt/lsdi2/ocm53357467-6000/ocm53357467/Output/Images/JP2/0455.jp2 (deflated 0%)
  adding: mnt/lsdi2/ocm53357467-6000/ocm53357467/Output/Images/JP2/0223.jp2 (deflated 0%)
  adding: mnt/lsdi2/ocm53357467-6000/ocm53357467/Output/Images/JP2/0447.jp2 (deflated 0%)
  adding: mnt/lsdi2/ocm53357467-6000/ocm53357467/Output/Images/JP2/0395.jp2 (deflated 0%)
  adding: mnt/lsdi2/ocm53357467-6000/ocm53357467/Output/Images/JP2/0027.jp2 (deflated 0%)
  adding: mnt/lsdi2/ocm53357467-6000/ocm53357467/Output/Images/JP2/0319.jp2 (deflated 0%)
  adding: mnt/lsdi2/ocm53357467-6000/ocm53357467/Output/Images/JP2/0442.jp2 (deflated 0%)
  adding: mnt/lsdi2/ocm53357467-6000/ocm53357467/Output/Images/JP2/0064.jp2 (deflated 0%)
  adding: mnt/lsdi2/ocm53357467-6000/ocm53357467/Output/Images/JP2/0348.jp2 (deflated 0%)
  adding: mnt/lsdi2/ocm53357467-6000/ocm53357467/Output/Images/JP2/0007.jp2 (deflated 0%)
  adding: mnt/lsdi2/ocm53357467-6000/ocm53357467/Output/Images/JP2/0191.jp2 (deflated 0%)
  adding: mnt/lsdi2/ocm53357467-6000/ocm53357467/Output/Images/JP2/0066.jp2 (deflated 0%)
  adding: mnt/lsdi2/ocm53357467-6000/ocm53357467/Output/Images/JP2/0278.jp2 (deflated 0%)
  adding: mnt/lsdi2/ocm53357467-6000/ocm53357467/Output/Images/JP2/0153.jp2 (deflated 0%)
  adding: mnt/lsdi2/ocm53357467-6000/ocm53357467/Output/Images/JP2/0266.jp2 (deflated 0%)
  adding: mnt/lsdi2/ocm53357467-6000/ocm53357467/Output/Images/JP2/0246.jp2 (deflated 0%)
  adding: mnt/lsdi2/ocm53357467-6000/ocm53357467/Output/Images/JP2/0220.jp2 (deflated 0%)
  adding: mnt/lsdi2/ocm53357467-6000/ocm53357467/Output/Images/JP2/0119.jp2 (deflated 0%)
  adding: mnt/lsdi2/ocm53357467-6000/ocm53357467/Output/Images/JP2/0096.jp2 (deflated 0%)
  adding: mnt/lsdi2/ocm53357467-6000/ocm53357467/Output/Images/JP2/0050.jp2 (deflated 0%)
  adding: mnt/lsdi2/ocm53357467-6000/ocm53357467/Output/Images/JP2/0114.jp2 (deflated 0%)
  adding: mnt/lsdi2/ocm53357467-6000/ocm53357467/Output/Images/JP2/0146.jp2 (deflated 0%)
  adding: mnt/lsdi2/ocm53357467-6000/ocm53357467/Output/Images/JP2/0307.jp2 (deflated 0%)
  adding: mnt/lsdi2/ocm53357467-6000/ocm53357467/Output/Images/JP2/0282.jp2 (deflated 0%)
  adding: mnt/lsdi2/ocm53357467-6000/ocm53357467/Output/Images/JP2/0429.jp2 (deflated 0%)
  adding: mnt/lsdi2/ocm53357467-6000/ocm53357467/Output/Images/JP2/0399.jp2 (deflated 0%)
  adding: mnt/lsdi2/ocm53357467-6000/ocm53357467/Output/Images/JP2/0032.jp2 (deflated 0%)
  adding: mnt/lsdi2/ocm53357467-6000/ocm53357467/Output/Images/JP2/0037.jp2 (deflated 0%)
  adding: mnt/lsdi2/ocm53357467-6000/ocm53357467/Output/Images/JP2/0284.jp2 (deflated 0%)
  adding: mnt/lsdi2/ocm53357467-6000/ocm53357467/Output/Images/JP2/0393.jp2 (deflated 0%)
  adding: mnt/lsdi2/ocm53357467-6000/ocm53357467/Output/Images/JP2/0352.jp2 (deflated 0%)
  adding: mnt/lsdi2/ocm53357467-6000/ocm53357467/Output/Images/JP2/0277.jp2 (deflated 0%)
  adding: mnt/lsdi2/ocm53357467-6000/ocm53357467/Output/Images/JP2/0128.jp2 (deflated 0%)
  adding: mnt/lsdi2/ocm53357467-6000/ocm53357467/Output/Images/JP2/0105.jp2 (deflated 0%)
  adding: mnt/lsdi2/ocm53357467-6000/ocm53357467/Output/Images/JP2/0012.jp2 (deflated 0%)
  adding: mnt/lsdi2/ocm53357467-6000/ocm53357467/Output/Images/JP2/0203.jp2 (deflated 0%)
  adding: mnt/lsdi2/ocm53357467-6000/ocm53357467/Output/Images/JP2/0464.jp2 (deflated 0%)
  adding: mnt/lsdi2/ocm53357467-6000/ocm53357467/Output/Images/JP2/0148.jp2 (deflated 0%)
  adding: mnt/lsdi2/ocm53357467-6000/ocm53357467/Output/Images/JP2/0123.jp2 (deflated 0%)
  adding: mnt/lsdi2/ocm53357467-6000/ocm53357467/Output/Images/JP2/0377.jp2 (deflated 0%)
  adding: mnt/lsdi2/ocm53357467-6000/ocm53357467/Output/Images/JP2/0312.jp2 (deflated 0%)
  adding: mnt/lsdi2/ocm53357467-6000/ocm53357467/Output/Images/JP2/0082.jp2 (deflated 0%)
  adding: mnt/lsdi2/ocm53357467-6000/ocm53357467/Output/Images/JP2/0259.jp2 (deflated 0%)
  adding: mnt/lsdi2/ocm53357467-6000/ocm53357467/Output/Images/JP2/0236.jp2 (deflated 0%)
  adding: mnt/lsdi2/ocm53357467-6000/ocm53357467/Output/Images/JP2/0158.jp2 (deflated 0%)
  adding: mnt/lsdi2/ocm53357467-6000/ocm53357467/Output/Images/JP2/0144.jp2 (deflated 0%)
  adding: mnt/lsdi2/ocm53357467-6000/ocm53357467/Output/Images/JP2/0317.jp2 (deflated 0%)
  adding: mnt/lsdi2/ocm53357467-6000/ocm53357467/Output/Images/JP2/0219.jp2 (deflated 0%)
  adding: mnt/lsdi2/ocm53357467-6000/ocm53357467/Output/Images/JP2/0291.jp2 (deflated 0%)
  adding: mnt/lsdi2/ocm53357467-6000/ocm53357467/Output/Images/JP2/0023.jp2 (deflated 0%)
  adding: mnt/lsdi2/ocm53357467-6000/ocm53357467/Output/Images/JP2/0076.jp2 (deflated 0%)
  adding: mnt/lsdi2/ocm53357467-6000/ocm53357467/Output/Images/JP2/0273.jp2 (deflated 0%)
  adding: mnt/lsdi2/ocm53357467-6000/ocm53357467/Output/Images/JP2/0309.jp2 (deflated 0%)
  adding: mnt/lsdi2/ocm53357467-6000/ocm53357467/Output/Images/JP2/0063.jp2 (deflated 0%)
  adding: mnt/lsdi2/ocm53357467-6000/ocm53357467/Output/Images/JP2/0363.jp2 (deflated 0%)
  adding: mnt/lsdi2/ocm53357467-6000/ocm53357467/Output/Images/JP2/0139.jp2 (deflated 0%)
  adding: mnt/lsdi2/ocm53357467-6000/ocm53357467/Output/Images/JP2/0456.jp2 (deflated 0%)
  adding: mnt/lsdi2/ocm53357467-6000/ocm53357467/Output/Images/JP2/0072.jp2 (deflated 0%)
  adding: mnt/lsdi2/ocm53357467-6000/ocm53357467/Output/Images/JP2/0004.jp2 (deflated 0%)
  adding: mnt/lsdi2/ocm53357467-6000/ocm53357467/Output/Images/JP2/0067.jp2 (deflated 0%)
  adding: mnt/lsdi2/ocm53357467-6000/ocm53357467/Output/Images/JP2/0228.jp2 (deflated 0%)
  adding: mnt/lsdi2/ocm53357467-6000/ocm53357467/Output/Images/JP2/0373.jp2 (deflated 0%)
  adding: mnt/lsdi2/ocm53357467-6000/ocm53357467/Output/Images/JP2/0145.jp2 (deflated 0%)
  adding: mnt/lsdi2/ocm53357467-6000/ocm53357467/Output/Images/JP2/0239.jp2 (deflated 0%)
  adding: mnt/lsdi2/ocm53357467-6000/ocm53357467/Output/Images/JP2/0041.jp2 (deflated 0%)
  adding: mnt/lsdi2/ocm53357467-6000/ocm53357467/Output/Images/JP2/0210.jp2 (deflated 0%)
  adding: mnt/lsdi2/ocm53357467-6000/ocm53357467/Output/Images/JP2/0171.jp2 (deflated 0%)
  adding: mnt/lsdi2/ocm53357467-6000/ocm53357467/Output/Images/JP2/0283.jp2 (deflated 0%)
  adding: mnt/lsdi2/ocm53357467-6000/ocm53357467/Output/Images/JP2/0207.jp2 (deflated 0%)
  adding: mnt/lsdi2/ocm53357467-6000/ocm53357467/Output/Images/JP2/0218.jp2 (deflated 0%)
  adding: mnt/lsdi2/ocm53357467-6000/ocm53357467/Output/Images/JP2/0087.jp2 (deflated 0%)
  adding: mnt/lsdi2/ocm53357467-6000/ocm53357467/Output/Images/JP2/0117.jp2 (deflated 0%)
  adding: mnt/lsdi2/ocm53357467-6000/ocm53357467/Output/Images/JP2/0342.jp2 (deflated 0%)
  adding: mnt/lsdi2/ocm53357467-6000/ocm53357467/Output/Images/JP2/0122.jp2 (deflated 0%)
  adding: mnt/lsdi2/ocm53357467-6000/ocm53357467/Output/Images/JP2/0162.jp2 (deflated 0%)
  adding: mnt/lsdi2/ocm53357467-6000/ocm53357467/Output/Images/JP2/0389.jp2 (deflated 0%)
  adding: mnt/lsdi2/ocm53357467-6000/ocm53357467/Output/Images/JP2/0201.jp2 (deflated 0%)
  adding: mnt/lsdi2/ocm53357467-6000/ocm53357467/Output/Images/JP2/0431.jp2 (deflated 0%)
  adding: mnt/lsdi2/ocm53357467-6000/ocm53357467/Output/Images/JP2/0308.jp2 (deflated 0%)
  adding: mnt/lsdi2/ocm53357467-6000/ocm53357467/Output/Images/JP2/0075.jp2 (deflated 0%)
  adding: mnt/lsdi2/ocm53357467-6000/ocm53357467/Output/Images/JP2/0129.jp2 (deflated 0%)
  adding: mnt/lsdi2/ocm53357467-6000/ocm53357467/Output/Images/JP2/0097.jp2 (deflated 0%)
  adding: mnt/lsdi2/ocm53357467-6000/ocm53357467/Output/Images/JP2/0213.jp2 (deflated 0%)
  adding: mnt/lsdi2/ocm53357467-6000/ocm53357467/Output/Images/JP2/0449.jp2 (deflated 0%)
  adding: mnt/lsdi2/ocm53357467-6000/ocm53357467/Output/Images/JP2/0292.jp2 (deflated 0%)
  adding: mnt/lsdi2/ocm53357467-6000/ocm53357467/Output/Images/JP2/0323.jp2 (deflated 0%)
  adding: mnt/lsdi2/ocm53357467-6000/ocm53357467/Output/Images/JP2/0400.jp2 (deflated 0%)
  adding: mnt/lsdi2/ocm53357467-6000/ocm53357467/Output/Images/JP2/0398.jp2 (deflated 0%)
  adding: mnt/lsdi2/ocm53357467-6000/ocm53357467/Output/Images/JP2/0441.jp2 (deflated 0%)
  adding: mnt/lsdi2/ocm53357467-6000/ocm53357467/Output/Images/JP2/0256.jp2 (deflated 0%)
  adding: mnt/lsdi2/ocm53357467-6000/ocm53357467/Output/Images/JP2/0325.jp2 (deflated 0%)
  adding: mnt/lsdi2/ocm53357467-6000/ocm53357467/Output/Images/JP2/0079.jp2 (deflated 0%)
  adding: mnt/lsdi2/ocm53357467-6000/ocm53357467/Output/Images/JP2/0280.jp2 (deflated 0%)
  adding: mnt/lsdi2/ocm53357467-6000/ocm53357467/Output/Images/JP2/0382.jp2 (deflated 0%)
  adding: mnt/lsdi2/ocm53357467-6000/ocm53357467/Output/Images/JP2/0177.jp2 (deflated 0%)
  adding: mnt/lsdi2/ocm53357467-6000/ocm53357467/Output/Images/JP2/0414.jp2 (deflated 0%)
  adding: mnt/lsdi2/ocm53357467-6000/ocm53357467/Output/Images/JP2/0005.jp2 (deflated 0%)
  adding: mnt/lsdi2/ocm53357467-6000/ocm53357467/Output/Images/JP2/0208.jp2 (deflated 0%)
  adding: mnt/lsdi2/ocm53357467-6000/ocm53357467/Output/Images/JP2/0078.jp2 (deflated 0%)
  adding: mnt/lsdi2/ocm53357467-6000/ocm53357467/Output/Images/JP2/0403.jp2 (deflated 0%)
  adding: mnt/lsdi2/ocm53357467-6000/ocm53357467/Output/Images/JP2/0029.jp2 (deflated 0%)
  adding: mnt/lsdi2/ocm53357467-6000/ocm53357467/Output/Images/JP2/0127.jp2 (deflated 0%)
  adding: mnt/lsdi2/ocm53357467-6000/ocm53357467/Output/Images/JP2/0432.jp2 (deflated 0%)
  adding: mnt/lsdi2/ocm53357467-6000/ocm53357467/Output/Images/JP2/0055.jp2 (deflated 0%)
  adding: mnt/lsdi2/ocm53357467-6000/ocm53357467/Output/Images/JP2/0028.jp2 (deflated 0%)
  adding: mnt/lsdi2/ocm53357467-6000/ocm53357467/Output/Images/JP2/0353.jp2 (deflated 0%)
  adding: mnt/lsdi2/ocm53357467-6000/ocm53357467/Output/Images/JP2/0448.jp2 (deflated 0%)
  adding: mnt/lsdi2/ocm53357467-6000/ocm53357467/Output/Images/JP2/0189.jp2 (deflated 0%)
  adding: mnt/lsdi2/ocm53357467-6000/ocm53357467/Output/Images/JP2/0165.jp2 (deflated 0%)
  adding: mnt/lsdi2/ocm53357467-6000/ocm53357467/Output/Images/JP2/0384.jp2 (deflated 0%)
  adding: mnt/lsdi2/ocm53357467-6000/ocm53357467/Output/Images/JP2/0333.jp2 (deflated 0%)
  adding: mnt/lsdi2/ocm53357467-6000/ocm53357467/Output/Images/JP2/0381.jp2 (deflated 0%)
  adding: mnt/lsdi2/ocm53357467-6000/ocm53357467/Output/Images/JP2/0018.jp2 (deflated 0%)
  adding: mnt/lsdi2/ocm53357467-6000/ocm53357467/Output/Images/JP2/0221.jp2 (deflated 0%)
  adding: mnt/lsdi2/ocm53357467-6000/ocm53357467/Output/Images/JP2/0206.jp2 (deflated 0%)
  adding: mnt/lsdi2/ocm53357467-6000/ocm53357467/Output/Images/JP2/0356.jp2 (deflated 0%)
  adding: mnt/lsdi2/ocm53357467-6000/ocm53357467/Output/Images/JP2/0413.jp2 (deflated 0%)
  adding: mnt/lsdi2/ocm53357467-6000/ocm53357467/Output/Images/JP2/0134.jp2 (deflated 0%)
  adding: mnt/lsdi2/ocm53357467-6000/ocm53357467/Output/Images/JP2/0043.jp2 (deflated 0%)
  adding: mnt/lsdi2/ocm53357467-6000/ocm53357467/Output/Images/JP2/0289.jp2 (deflated 0%)
  adding: mnt/lsdi2/ocm53357467-6000/ocm53357467/Output/Images/JP2/0151.jp2 (deflated 0%)
  adding: mnt/lsdi2/ocm53357467-6000/ocm53357467/Output/Images/JP2/0065.jp2 (deflated 0%)
  adding: mnt/lsdi2/ocm53357467-6000/ocm53357467/Output/Images/JP2/0458.jp2 (deflated 0%)
  adding: mnt/lsdi2/ocm53357467-6000/ocm53357467/Output/Images/JP2/0255.jp2 (deflated 0%)
  adding: mnt/lsdi2/ocm53357467-6000/ocm53357467/Output/Images/JP2/0427.jp2 (deflated 0%)
  adding: mnt/lsdi2/ocm53357467-6000/ocm53357467/Output/Images/JP2/0150.jp2 (deflated 0%)
  adding: mnt/lsdi2/ocm53357467-6000/ocm53357467/Output/Images/JP2/0112.jp2 (deflated 0%)
  adding: mnt/lsdi2/ocm53357467-6000/ocm53357467/Output/Images/JP2/0168.jp2 (deflated 0%)
  adding: mnt/lsdi2/ocm53357467-6000/ocm53357467/Output/Images/JP2/0252.jp2 (deflated 0%)
  adding: mnt/lsdi2/ocm53357467-6000/ocm53357467/Output/Images/JP2/0068.jp2 (deflated 0%)
  adding: mnt/lsdi2/ocm53357467-6000/ocm53357467/Output/Images/JP2/0044.jp2 (deflated 0%)
  adding: mnt/lsdi2/ocm53357467-6000/ocm53357467/Output/Images/JP2/0296.jp2 (deflated 0%)
  adding: mnt/lsdi2/ocm53357467-6000/ocm53357467/Output/Images/JP2/0404.jp2 (deflated 0%)
  adding: mnt/lsdi2/ocm53357467-6000/ocm53357467/Output/Images/JP2/0049.jp2 (deflated 0%)
  adding: mnt/lsdi2/ocm53357467-6000/ocm53357467/Output/Images/JP2/0343.jp2 (deflated 0%)
  adding: mnt/lsdi2/ocm53357467-6000/ocm53357467/Output/Images/JP2/0160.jp2 (deflated 0%)
  adding: mnt/lsdi2/ocm53357467-6000/ocm53357467/Output/Images/JP2/0314.jp2 (deflated 0%)
  adding: mnt/lsdi2/ocm53357467-6000/ocm53357467/Output/Images/JP2/0461.jp2 (deflated 0%)
  adding: mnt/lsdi2/ocm53357467-6000/ocm53357467/Output/Images/JP2/0212.jp2 (deflated 0%)
  adding: mnt/lsdi2/ocm53357467-6000/ocm53357467/Output/Images/JP2/0088.jp2 (deflated 0%)
  adding: mnt/lsdi2/ocm53357467-6000/ocm53357467/Output/Images/JP2/0204.jp2 (deflated 0%)
  adding: mnt/lsdi2/ocm53357467-6000/ocm53357467/Output/Images/JP2/0451.jp2 (deflated 0%)
  adding: mnt/lsdi2/ocm53357467-6000/ocm53357467/Output/Images/JP2/0271.jp2 (deflated 0%)
  adding: mnt/lsdi2/ocm53357467-6000/ocm53357467/Output/Images/JP2/0143.jp2 (deflated 0%)
  adding: mnt/lsdi2/ocm53357467-6000/ocm53357467/Output/Images/JP2/0445.jp2 (deflated 0%)
  adding: mnt/lsdi2/ocm53357467-6000/ocm53357467/Output/Images/JP2/0425.jp2 (deflated 0%)
  adding: mnt/lsdi2/ocm53357467-6000/ocm53357467/Output/Images/JP2/0033.jp2 (deflated 0%)
  adding: mnt/lsdi2/ocm53357467-6000/ocm53357467/Output/Images/JP2/0297.jp2 (deflated 0%)
  adding: mnt/lsdi2/ocm53357467-6000/ocm53357467/Output/Images/JP2/0118.jp2 (deflated 0%)
  adding: mnt/lsdi2/ocm53357467-6000/ocm53357467/Output/Images/JP2/0172.jp2 (deflated 0%)
  adding: mnt/lsdi2/ocm53357467-6000/ocm53357467/Output/Images/JP2/0155.jp2 (deflated 0%)
  adding: mnt/lsdi2/ocm53357467-6000/ocm53357467/Output/Images/JP2/0194.jp2 (deflated 0%)
  adding: mnt/lsdi2/ocm53357467-6000/ocm53357467/Output/Images/JP2/0016.jp2 (deflated 0%)
  adding: mnt/lsdi2/ocm53357467-6000/ocm53357467/Output/Images/JP2/0306.jp2 (deflated 0%)
  adding: mnt/lsdi2/ocm53357467-6000/ocm53357467/Output/Images/JP2/0166.jp2 (deflated 0%)
  adding: mnt/lsdi2/ocm53357467-6000/ocm53357467/Output/Images/JP2/0101.jp2 (deflated 0%)
  adding: mnt/lsdi2/ocm53357467-6000/ocm53357467/Output/Images/JP2/0453.jp2 (deflated 0%)
  adding: mnt/lsdi2/ocm53357467-6000/ocm53357467/Output/Images/JP2/0379.jp2 (deflated 0%)
  adding: mnt/lsdi2/ocm53357467-6000/ocm53357467/Output/Images/JP2/0224.jp2 (deflated 0%)
  adding: mnt/lsdi2/ocm53357467-6000/ocm53357467/Output/Images/JP2/0437.jp2 (deflated 0%)
  adding: mnt/lsdi2/ocm53357467-6000/ocm53357467/Output/Images/JP2/0215.jp2 (deflated 0%)
  adding: mnt/lsdi2/ocm53357467-6000/ocm53357467/Output/Images/JP2/0231.jp2 (deflated 0%)
  adding: mnt/lsdi2/ocm53357467-6000/ocm53357467/Output/Images/JP2/0257.jp2 (deflated 0%)
  adding: mnt/lsdi2/ocm53357467-6000/ocm53357467/Output/Images/JP2/0009.jp2 (deflated 0%)
  adding: mnt/lsdi2/ocm53357467-6000/ocm53357467/Output/Images/JP2/0163.jp2 (deflated 0%)
  adding: mnt/lsdi2/ocm53357467-6000/ocm53357467/Output/Images/JP2/0083.jp2 (deflated 0%)
  adding: mnt/lsdi2/ocm53357467-6000/ocm53357467/Output/Images/JP2/0240.jp2 (deflated 0%)
  adding: mnt/lsdi2/ocm53357467-6000/ocm53357467/Output/Images/JP2/0388.jp2 (deflated 0%)
  adding: mnt/lsdi2/ocm53357467-6000/ocm53357467/Output/Images/JP2/0378.jp2 (deflated 0%)
  adding: mnt/lsdi2/ocm53357467-6000/ocm53357467/Output/Images/JP2/0430.jp2 (deflated 0%)
  adding: mnt/lsdi2/ocm53357467-6000/ocm53357467/Output/Images/JP2/0020.jp2 (deflated 0%)
  adding: mnt/lsdi2/ocm53357467-6000/ocm53357467/Output/Images/JP2/0054.jp2 (deflated 0%)
  adding: mnt/lsdi2/ocm53357467-6000/ocm53357467/Output/Images/JP2/0436.jp2 (deflated 0%)
  adding: mnt/lsdi2/ocm53357467-6000/ocm53357467/Output/Images/JP2/0394.jp2 (deflated 0%)
  adding: mnt/lsdi2/ocm53357467-6000/ocm53357467/Output/Images/JP2/0051.jp2 (deflated 0%)
  adding: mnt/lsdi2/ocm53357467-6000/ocm53357467/Output/Images/JP2/0397.jp2 (deflated 0%)
  adding: mnt/lsdi2/ocm53357467-6000/ocm53357467/Output/Images/JP2/0435.jp2 (deflated 0%)
  adding: mnt/lsdi2/ocm53357467-6000/ocm53357467/Output/Images/JP2/0058.jp2 (deflated 0%)
  adding: mnt/lsdi2/ocm53357467-6000/ocm53357467/Output/Images/JP2/0217.jp2 (deflated 0%)
  adding: mnt/lsdi2/ocm53357467-6000/ocm53357467/Output/Images/JP2/0428.jp2 (deflated 0%)
  adding: mnt/lsdi2/ocm53357467-6000/ocm53357467/Output/Images/JP2/0250.jp2 (deflated 0%)
  adding: mnt/lsdi2/ocm53357467-6000/ocm53357467/Output/Images/JP2/0073.jp2 (deflated 0%)
  adding: mnt/lsdi2/ocm53357467-6000/ocm53357467/Output/Images/JP2/0258.jp2 (deflated 0%)
  adding: mnt/lsdi2/ocm53357467-6000/ocm53357467/Output/Images/JP2/0125.jp2 (deflated 0%)
  adding: mnt/lsdi2/ocm53357467-6000/ocm53357467/Output/Images/JP2/0196.jp2 (deflated 0%)
  adding: mnt/lsdi2/ocm53357467-6000/ocm53357467/Output/Images/JP2/0031.jp2 (deflated 0%)
  adding: mnt/lsdi2/ocm53357467-6000/ocm53357467/Output/Images/JP2/0232.jp2 (deflated 0%)
  adding: mnt/lsdi2/ocm53357467-6000/ocm53357467/Output/Images/JP2/0000.jp2 (deflated 27%)
  adding: mnt/lsdi2/ocm53357467-6000/ocm53357467/Output/Images/JP2/0071.jp2 (deflated 0%)
  adding: mnt/lsdi2/ocm53357467-6000/ocm53357467/Output/Images/JP2/0200.jp2 (deflated 0%)
  adding: mnt/lsdi2/ocm53357467-6000/ocm53357467/Output/Images/JP2/0275.jp2 (deflated 0%)
  adding: mnt/lsdi2/ocm53357467-6000/ocm53357467/Output/Images/JP2/0237.jp2 (deflated 0%)
  adding: mnt/lsdi2/ocm53357467-6000/ocm53357467/Output/Images/JP2/0167.jp2 (deflated 0%)
  adding: mnt/lsdi2/ocm53357467-6000/ocm53357467/Output/Images/JP2/0225.jp2 (deflated 0%)
  adding: mnt/lsdi2/ocm53357467-6000/ocm53357467/Output/Images/JP2/0310.jp2 (deflated 0%)
  adding: mnt/lsdi2/ocm53357467-6000/ocm53357467/Output/Images/JP2/0332.jp2 (deflated 0%)
  adding: mnt/lsdi2/ocm53357467-6000/ocm53357467/Output/Images/JP2/0267.jp2 (deflated 0%)
  adding: mnt/lsdi2/ocm53357467-6000/ocm53357467/Output/Images/JP2/0288.jp2 (deflated 0%)
  adding: mnt/lsdi2/ocm53357467-6000/ocm53357467/Output/Images/JP2/0358.jp2 (deflated 0%)
  adding: mnt/lsdi2/ocm53357467-6000/ocm53357467/Output/Images/JP2/0315.jp2 (deflated 0%)
  adding: mnt/lsdi2/ocm53357467-6000/ocm53357467/Output/Images/JP2/0385.jp2 (deflated 0%)
  adding: mnt/lsdi2/ocm53357467-6000/ocm53357467/Output/Images/JP2/0354.jp2 (deflated 0%)
  adding: mnt/lsdi2/ocm53357467-6000/ocm53357467/Output/Images/JP2/0106.jp2 (deflated 0%)
  adding: mnt/lsdi2/ocm53357467-6000/ocm53357467/Output/Images/JP2/0035.jp2 (deflated 0%)
  adding: mnt/lsdi2/ocm53357467-6000/ocm53357467/Output/Images/JP2/0052.jp2 (deflated 0%)
  adding: mnt/lsdi2/ocm53357467-6000/ocm53357467/Output/Images/JP2/0450.jp2 (deflated 0%)
  adding: mnt/lsdi2/ocm53357467-6000/ocm53357467/Output/Images/JP2/0137.jp2 (deflated 0%)
  adding: mnt/lsdi2/ocm53357467-6000/ocm53357467/Output/Images/JP2/0368.jp2 (deflated 0%)
  adding: mnt/lsdi2/ocm53357467-6000/ocm53357467/Output/Images/JP2/0142.jp2 (deflated 0%)
  adding: mnt/lsdi2/ocm53357467-6000/ocm53357467/Output/Images/JP2/0222.jp2 (deflated 0%)
  adding: mnt/lsdi2/ocm53357467-6000/ocm53357467/Output/Images/JP2/0330.jp2 (deflated 0%)
  adding: mnt/lsdi2/ocm53357467-6000/ocm53357467/Output/Images/JP2/0243.jp2 (deflated 0%)
  adding: mnt/lsdi2/ocm53357467-6000/ocm53357467/Output/Images/JP2/0359.jp2 (deflated 0%)
  adding: mnt/lsdi2/ocm53357467-6000/ocm53357467/Output/Images/JP2/0092.jp2 (deflated 0%)
  adding: mnt/lsdi2/ocm53357467-6000/ocm53357467/Output/Images/JP2/0110.jp2 (deflated 0%)
  adding: mnt/lsdi2/ocm53357467-6000/ocm53357467/Output/Images/JP2/0116.jp2 (deflated 0%)
  adding: mnt/lsdi2/ocm53357467-6000/ocm53357467/Output/Images/JP2/0019.jp2 (deflated 0%)
  adding: mnt/lsdi2/ocm53357467-6000/ocm53357467/Output/Images/JP2/0094.jp2 (deflated 0%)
  adding: mnt/lsdi2/ocm53357467-6000/ocm53357467/Output/Images/JP2/0053.jp2 (deflated 0%)
  adding: mnt/lsdi2/ocm53357467-6000/ocm53357467/Output/Images/JP2/0295.jp2 (deflated 0%)
  adding: mnt/lsdi2/ocm53357467-6000/ocm53357467/Output/Images/JP2/0281.jp2 (deflated 0%)
  adding: mnt/lsdi2/ocm53357467-6000/ocm53357467/Output/Images/JP2/0410.jp2 (deflated 0%)
  adding: mnt/lsdi2/ocm53357467-6000/ocm53357467/Output/Images/JP2/0226.jp2 (deflated 0%)
  adding: mnt/lsdi2/ocm53357467-6000/ocm53357467/Output/Images/JP2/0003.jp2 (deflated 0%)
  adding: mnt/lsdi2/ocm53357467-6000/ocm53357467/Output/Images/JP2/0211.jp2 (deflated 0%)
  adding: mnt/lsdi2/ocm53357467-6000/ocm53357467/Output/Images/JP2/0060.jp2 (deflated 0%)
  adding: mnt/lsdi2/ocm53357467-6000/ocm53357467/Output/Images/JP2/0024.jp2 (deflated 0%)
  adding: mnt/lsdi2/ocm53357467-6000/ocm53357467/Output/Images/JP2/0272.jp2 (deflated 0%)
  adding: mnt/lsdi2/ocm53357467-6000/ocm53357467/Output/Images/JP2/0254.jp2 (deflated 0%)
  adding: mnt/lsdi2/ocm53357467-6000/ocm53357467/Output/Images/JP2/0298.jp2 (deflated 0%)
  adding: mnt/lsdi2/ocm53357467-6000/ocm53357467/Output/Images/JP2/0109.jp2 (deflated 0%)
  adding: mnt/lsdi2/ocm53357467-6000/ocm53357467/Output/Images/JP2/0380.jp2 (deflated 0%)
  adding: mnt/lsdi2/ocm53357467-6000/ocm53357467/Output/Images/JP2/0424.jp2 (deflated 0%)
  adding: mnt/lsdi2/ocm53357467-6000/ocm53357467/Output/Images/JP2/0205.jp2 (deflated 0%)
  adding: mnt/lsdi2/ocm53357467-6000/ocm53357467/Output/Images/JP2/0017.jp2 (deflated 0%)
  adding: mnt/lsdi2/ocm53357467-6000/ocm53357467/Output/Images/JP2/0056.jp2 (deflated 0%)
  adding: mnt/lsdi2/ocm53357467-6000/ocm53357467/Output/Images/JP2/0318.jp2 (deflated 0%)
  adding: mnt/lsdi2/ocm53357467-6000/ocm53357467/Output/Images/JP2/0131.jp2 (deflated 0%)
  adding: mnt/lsdi2/ocm53357467-6000/ocm53357467/Output/Images/JP2/0454.jp2 (deflated 0%)
  adding: mnt/lsdi2/ocm53357467-6000/ocm53357467/Output/Images/JP2/0262.jp2 (deflated 0%)
  adding: mnt/lsdi2/ocm53357467-6000/ocm53357467/Output/Images/JP2/0269.jp2 (deflated 0%)
  adding: mnt/lsdi2/ocm53357467-6000/ocm53357467/Output/Images/JP2/0459.jp2 (deflated 0%)
  adding: mnt/lsdi2/ocm53357467-6000/ocm53357467/Output/Images/JP2/0002.jp2 (deflated 0%)
  adding: mnt/lsdi2/ocm53357467-6000/ocm53357467/Output/Images/JP2/0244.jp2 (deflated 0%)
  adding: mnt/lsdi2/ocm53357467-6000/ocm53357467/Output/Images/JP2/0157.jp2 (deflated 0%)
  adding: mnt/lsdi2/ocm53357467-6000/ocm53357467/Output/Images/JP2/0233.jp2 (deflated 0%)
  adding: mnt/lsdi2/ocm53357467-6000/ocm53357467/Output/Images/JP2/0336.jp2 (deflated 0%)
  adding: mnt/lsdi2/ocm53357467-6000/ocm53357467/Output/Images/JP2/0161.jp2 (deflated 0%)
  adding: mnt/lsdi2/ocm53357467-6000/ocm53357467/Output/Images/JP2/0198.jp2 (deflated 0%)
  adding: mnt/lsdi2/ocm53357467-6000/ocm53357467/Output/Images/JP2/0426.jp2 (deflated 0%)
  adding: mnt/lsdi2/ocm53357467-6000/ocm53357467/Output/Images/JP2/0154.jp2 (deflated 0%)
  adding: mnt/lsdi2/ocm53357467-6000/ocm53357467/Output/Images/JP2/0135.jp2 (deflated 0%)
  adding: mnt/lsdi2/ocm53357467-6000/ocm53357467/Output/Images/JP2/0059.jp2 (deflated 0%)
  adding: mnt/lsdi2/ocm53357467-6000/ocm53357467/Output/Images/JP2/0185.jp2 (deflated 0%)
  adding: mnt/lsdi2/ocm53357467-6000/ocm53357467/Output/Images/JP2/0383.jp2 (deflated 0%)
  adding: mnt/lsdi2/ocm53357467-6000/ocm53357467/Output/Images/JP2/0340.jp2 (deflated 0%)
  adding: mnt/lsdi2/ocm53357467-6000/ocm53357467/Output/Images/JP2/0251.jp2 (deflated 0%)
  adding: mnt/lsdi2/ocm53357467-6000/ocm53357467/Output/Images/JP2/0214.jp2 (deflated 0%)
  adding: mnt/lsdi2/ocm53357467-6000/ocm53357467/Output/Images/JP2/0001.jp2 (deflated 0%)
  adding: mnt/lsdi2/ocm53357467-6000/ocm53357467/Output/Images/JP2/0303.jp2 (deflated 0%)
  adding: mnt/lsdi2/ocm53357467-6000/ocm53357467/Output/Images/JP2/0104.jp2 (deflated 0%)
  adding: mnt/lsdi2/ocm53357467-6000/ocm53357467/Output/Images/JP2/0247.jp2 (deflated 0%)
  adding: mnt/lsdi2/ocm53357467-6000/ocm53357467/Output/Images/JP2/0350.jp2 (deflated 0%)
  adding: mnt/lsdi2/ocm53357467-6000/ocm53357467/Output/Images/JP2/0095.jp2 (deflated 0%)
  adding: mnt/lsdi2/ocm53357467-6000/ocm53357467/Output/Images/JP2/0183.jp2 (deflated 0%)
  adding: mnt/lsdi2/ocm53357467-6000/ocm53357467/Output/Images/JP2/0326.jp2 (deflated 0%)
  adding: mnt/lsdi2/ocm53357467-6000/ocm53357467/Output/Images/JP2/0287.jp2 (deflated 0%)
  adding: mnt/lsdi2/ocm53357467-6000/ocm53357467/Output/Images/JP2/0374.jp2 (deflated 0%)
  adding: mnt/lsdi2/ocm53357467-6000/ocm53357467/Output/Images/JP2/0026.jp2 (deflated 0%)
  adding: mnt/lsdi2/ocm53357467-6000/ocm53357467/Output/Images/JP2/0039.jp2 (deflated 0%)
  adding: mnt/lsdi2/ocm53357467-6000/ocm53357467/Output/Images/JP2/0407.jp2 (deflated 0%)
  adding: mnt/lsdi2/ocm53357467-6000/ocm53357467/Output/Images/JP2/0202.jp2 (deflated 0%)
  adding: mnt/lsdi2/ocm53357467-6000/ocm53357467/Output/Images/JP2/0133.jp2 (deflated 0%)
  adding: mnt/lsdi2/ocm53357467-6000/ocm53357467/Output/Images/JP2/0093.jp2 (deflated 0%)
  adding: mnt/lsdi2/ocm53357467-6000/ocm53357467/Output/Images/JP2/0173.jp2 (deflated 0%)
  adding: mnt/lsdi2/ocm53357467-6000/ocm53357467/Output/Images/JP2/0006.jp2 (deflated 0%)
  adding: mnt/lsdi2/ocm53357467-6000/ocm53357467/Output/Images/JP2/0304.jp2 (deflated 0%)
  adding: mnt/lsdi2/ocm53357467-6000/ocm53357467/Output/Images/JP2/0164.jp2 (deflated 0%)
  adding: mnt/lsdi2/ocm53357467-6000/ocm53357467/Output/Images/JP2/0156.jp2 (deflated 0%)
  adding: mnt/lsdi2/ocm53357467-6000/ocm53357467/Output/Images/JP2/0285.jp2 (deflated 0%)
  adding: mnt/lsdi2/ocm53357467-6000/ocm53357467/Output/Images/JP2/0438.jp2 (deflated 0%)
  adding: mnt/lsdi2/ocm53357467-6000/ocm53357467/Output/Images/JP2/0276.jp2 (deflated 0%)
  adding: mnt/lsdi2/ocm53357467-6000/ocm53357467/Output/Images/JP2/0048.jp2 (deflated 0%)
  adding: mnt/lsdi2/ocm53357467-6000/ocm53357467/Output/Images/JP2/0190.jp2 (deflated 0%)
  adding: mnt/lsdi2/ocm53357467-6000/ocm53357467/Output/Images/JP2/0367.jp2 (deflated 0%)
  adding: mnt/lsdi2/ocm53357467-6000/ocm53357467/Output/Images/JP2/0241.jp2 (deflated 0%)
  adding: mnt/lsdi2/ocm53357467-6000/ocm53357467/Output/Images/JP2/0418.jp2 (deflated 0%)
  adding: mnt/lsdi2/ocm53357467-6000/ocm53357467/Output/Images/JP2/0409.jp2 (deflated 0%)
  adding: mnt/lsdi2/ocm53357467-6000/ocm53357467/Output/Images/JP2/0346.jp2 (deflated 0%)
  adding: mnt/lsdi2/ocm53357467-6000/ocm53357467/Output/Images/JP2/0184.jp2 (deflated 0%)
  adding: mnt/lsdi2/ocm53357467-6000/ocm53357467/Output/Images/JP2/0038.jp2 (deflated 0%)
  adding: mnt/lsdi2/ocm53357467-6000/ocm53357467/Output/Images/JP2/0396.jp2 (deflated 0%)
  adding: mnt/lsdi2/ocm53357467-6000/ocm53357467/Output/Images/JP2/0302.jp2 (deflated 0%)
  adding: mnt/lsdi2/ocm53357467-6000/ocm53357467/Output/Images/JP2/0345.jp2 (deflated 0%)
  adding: mnt/lsdi2/ocm53357467-6000/ocm53357467/Output/Images/JP2/0176.jp2 (deflated 0%)
  adding: mnt/lsdi2/ocm53357467-6000/ocm53357467/Output/Images/JP2/0328.jp2 (deflated 0%)
  adding: mnt/lsdi2/ocm53357467-6000/ocm53357467/Output/Images/JP2/0415.jp2 (deflated 0%)
  adding: mnt/lsdi2/ocm53357467-6000/ocm53357467/Output/Images/JP2/0084.jp2 (deflated 0%)
  adding: mnt/lsdi2/ocm53357467-6000/ocm53357467/Output/Images/JP2/0081.jp2 (deflated 0%)
  adding: mnt/lsdi2/ocm53357467-6000/ocm53357467/Output/Images/JP2/0411.jp2 (deflated 0%)
  adding: mnt/lsdi2/ocm53357467-6000/ocm53357467/Output/Images/JP2/0077.jp2 (deflated 0%)
  adding: mnt/lsdi2/ocm53357467-6000/ocm53357467/Output/Images/JP2/0046.jp2 (deflated 0%)
  adding: mnt/lsdi2/ocm53357467-6000/ocm53357467/Output/Images/JP2/0197.jp2 (deflated 0%)
  adding: mnt/lsdi2/ocm53357467-6000/ocm53357467/Output/Images/JP2/0416.jp2 (deflated 0%)
  adding: mnt/lsdi2/ocm53357467-6000/ocm53357467/Output/Images/JP2/0248.jp2 (deflated 0%)
  adding: mnt/lsdi2/ocm53357467-6000/ocm53357467/Output/Images/JP2/0192.jp2 (deflated 0%)
  adding: mnt/lsdi2/ocm53357467-6000/ocm53357467/Output/Images/JP2/0294.jp2 (deflated 0%)
  adding: mnt/lsdi2/ocm53357467-6000/ocm53357467/Output/Images/JP2/0181.jp2 (deflated 0%)
  adding: mnt/lsdi2/ocm53357467-6000/ocm53357467/Output/Images/JP2/0138.jp2 (deflated 0%)
  adding: mnt/lsdi2/ocm53357467-6000/ocm53357467/Output/Images/JP2/0103.jp2 (deflated 0%)
  adding: mnt/lsdi2/ocm53357467-6000/ocm53357467/Output/Images/JP2/0040.jp2 (deflated 0%)
  adding: mnt/lsdi2/ocm53357467-6000/ocm53357467/Output/Images/JP2/0045.jp2 (deflated 0%)
  adding: mnt/lsdi2/ocm53357467-6000/ocm53357467/Output/Images/JP2/0366.jp2 (deflated 0%)
  adding: mnt/lsdi2/ocm53357467-6000/ocm53357467/Output/Images/JP2/0299.jp2 (deflated 0%)
  adding: mnt/lsdi2/ocm53357467-6000/ocm53357467/Output/Images/JP2/0025.jp2 (deflated 0%)
  adding: mnt/lsdi2/ocm53357467-6000/ocm53357467/Output/Images/JP2/0209.jp2 (deflated 0%)
  adding: mnt/lsdi2/ocm53357467-6000/ocm53357467/Output/Images/JP2/0371.jp2 (deflated 0%)
  adding: mnt/lsdi2/ocm53357467-6000/ocm53357467/Output/Images/JP2/0344.jp2 (deflated 0%)
  adding: mnt/lsdi2/ocm53357467-6000/ocm53357467/Output/Images/JP2/0465.jp2 (deflated 27%)
  adding: mnt/lsdi2/ocm53357467-6000/ocm53357467/Output/Images/JP2/0193.jp2 (deflated 0%)
  adding: mnt/lsdi2/ocm53357467-6000/ocm53357467/Output/Images/JP2/0152.jp2 (deflated 0%)
  adding: mnt/lsdi2/ocm53357467-6000/ocm53357467/Output/Images/JP2/0372.jp2 (deflated 0%)
  adding: mnt/lsdi2/ocm53357467-6000/ocm53357467/Output/Images/JP2/0322.jp2 (deflated 0%)
  adding: mnt/lsdi2/ocm53357467-6000/ocm53357467/Output/Images/JP2/0180.jp2 (deflated 0%)
  adding: mnt/lsdi2/ocm53357467-6000/ocm53357467/Output/Images/JP2/0286.jp2 (deflated 0%)
  adding: mnt/lsdi2/ocm53357467-6000/ocm53357467/Output/Images/JP2/0369.jp2 (deflated 0%)
  adding: mnt/lsdi2/ocm53357467-6000/ocm53357467/Output/Images/JP2/0014.jp2 (deflated 0%)
  adding: mnt/lsdi2/ocm53357467-6000/ocm53357467/Output/Images/JP2/0253.jp2 (deflated 0%)
  adding: mnt/lsdi2/ocm53357467-6000/ocm53357467/Output/Images/JP2/0235.jp2 (deflated 0%)
  adding: mnt/lsdi2/ocm53357467-6000/ocm53357467/Output/Images/JP2/0261.jp2 (deflated 0%)
  adding: mnt/lsdi2/ocm53357467-6000/ocm53357467/Output/Images/JP2/0339.jp2 (deflated 0%)
  adding: mnt/lsdi2/ocm53357467-6000/ocm53357467/Output/Images/JP2/0268.jp2 (deflated 0%)
  adding: mnt/lsdi2/ocm53357467-6000/ocm53357467/Output/Images/JP2/0074.jp2 (deflated 0%)
  adding: mnt/lsdi2/ocm53357467-6000/ocm53357467/Output/Images/JP2/0337.jp2 (deflated 0%)
  adding: mnt/lsdi2/ocm53357467-6000/ocm53357467/Output/Images/JP2/0405.jp2 (deflated 0%)
  adding: mnt/lsdi2/ocm53357467-6000/ocm53357467/Output/Images/JP2/0011.jp2 (deflated 0%)
  adding: mnt/lsdi2/ocm53357467-6000/ocm53357467/Output/Images/JP2/0187.jp2 (deflated 0%)
  adding: mnt/lsdi2/ocm53357467-6000/ocm53357467/Output/Images/JP2/0349.jp2 (deflated 0%)
  adding: mnt/lsdi2/ocm53357467-6000/ocm53357467/Output/Images/JP2/0301.jp2 (deflated 0%)
  adding: mnt/lsdi2/ocm53357467-6000/ocm53357467/Output/Images/JP2/0080.jp2 (deflated 0%)
  adding: mnt/lsdi2/ocm53357467-6000/ocm53357467/Output/Images/JP2/0334.jp2 (deflated 0%)
  adding: mnt/lsdi2/ocm53357467-6000/ocm53357467/Output/Images/JP2/0422.jp2 (deflated 0%)
  adding: mnt/lsdi2/ocm53357467-6000/ocm53357467/Output/Images/JP2/0362.jp2 (deflated 0%)
  adding: mnt/lsdi2/ocm53357467-6000/ocm53357467/Output/Images/JP2/0293.jp2 (deflated 0%)
  adding: mnt/lsdi2/ocm53357467-6000/ocm53357467/Output/Images/JP2/0406.jp2 (deflated 0%)
  adding: mnt/lsdi2/ocm53357467-6000/ocm53357467/Output/Images/JP2/0324.jp2 (deflated 0%)
  adding: mnt/lsdi2/ocm53357467-6000/ocm53357467/Output/Images/JP2/0408.jp2 (deflated 0%)
  adding: mnt/lsdi2/ocm53357467-6000/ocm53357467/Output/Images/JP2/0357.jp2 (deflated 0%)
  adding: mnt/lsdi2/ocm53357467-6000/ocm53357467/Output/Images/JP2/0402.jp2 (deflated 0%)
  adding: mnt/lsdi2/ocm53357467-6000/ocm53357467/Output/Images/JP2/0338.jp2 (deflated 0%)
  adding: mnt/lsdi2/ocm53357467-6000/ocm53357467/Output/Images/JP2/0008.jp2 (deflated 0%)
  adding: mnt/lsdi2/ocm53357467-6000/ocm53357467/Output/Images/JP2/0099.jp2 (deflated 0%)
  adding: mnt/lsdi2/ocm53357467-6000/ocm53357467/Output/Images/JP2/0420.jp2 (deflated 0%)
  adding: mnt/lsdi2/ocm53357467-6000/ocm53357467/Output/Images/JP2/0108.jp2 (deflated 0%)
  adding: mnt/lsdi2/ocm53357467-6000/ocm53357467/Output/Images/JP2/0216.jp2 (deflated 0%)
  adding: mnt/lsdi2/ocm53357467-6000/ocm53357467/Output/Images/JP2/0351.jp2 (deflated 0%)
  adding: mnt/lsdi2/ocm53357467-6000/ocm53357467/Output/Images/JP2/0327.jp2 (deflated 0%)
  adding: mnt/lsdi2/ocm53357467-6000/ocm53357467/Output/Images/JP2/0147.jp2 (deflated 0%)
  adding: mnt/lsdi2/ocm53357467-6000/ocm53357467/Output/Images/JP2/0365.jp2 (deflated 0%)
  adding: mnt/lsdi2/ocm53357467-6000/ocm53357467/Output/Images/JP2/0457.jp2 (deflated 0%)
  adding: mnt/lsdi2/ocm53357467-6000/ocm53357467/Output/Images/JP2/0022.jp2 (deflated 0%)
  adding: mnt/lsdi2/ocm53357467-6000/ocm53357467/Output/Images/JP2/0229.jp2 (deflated 0%)
  adding: mnt/lsdi2/ocm53357467-6000/ocm53357467/Output/Images/JP2/0069.jp2 (deflated 0%)
  adding: mnt/lsdi2/ocm53357467-6000/ocm53357467/Output/Images/JP2/0439.jp2 (deflated 0%)
  adding: mnt/lsdi2/ocm53357467-6000/ocm53357467/Output/Images/JP2/0021.jp2 (deflated 0%)
  adding: mnt/lsdi2/ocm53357467-6000/ocm53357467/Output/Images/JP2/0263.jp2 (deflated 0%)
  adding: mnt/lsdi2/ocm53357467-6000/ocm53357467/Output/Images/JP2/0169.jp2 (deflated 0%)
  adding: mnt/lsdi2/ocm53357467-6000/ocm53357467/Output/Images/JP2/0412.jp2 (deflated 0%)
  adding: mnt/lsdi2/ocm53357467-6000/ocm53357467/Output/Images/JP2/0417.jp2 (deflated 0%)
  adding: mnt/lsdi2/ocm53357467-6000/ocm53357467/Output/Images/JP2/0311.jp2 (deflated 0%)
curl --location --header authorization: LOW fpJYfLnxbLmCEHqU:JQbq6NgBaPrSh98Y --upload-file /temp/ocm53357467_6000_images.zip http://s3.us.archive.org/53357467.6000.emory.edu/53357467_6000_images.zip
  % Total    % Received % Xferd  Average Speed   Time    Time     Time  Current
                                 Dload  Upload   Total   Spent    Left  Speed
  0     0    0     0    0     0      0      0 --:--:-- --:--:-- --:--:--     0  0  445M    0     0    0     0      0      0 --:--:--  0:00:01 --:--:--     0  0  445M    0     0    0  272k      0   178k  0:42:30  0:00:01  0:42:29  188k  0  445M    0     0    0  352k      0   126k  0:59:54  0:00:02  0:59:52  130k  0  445M    0     0    0  352k      0  95475  1:21:31  0:00:03  1:21:28 97392  0  445M    0     0    0  352k      0  75463  1:43:08  0:00:04  1:43:04 76658  0  445M    0     0    0  352k      0  62389  2:04:45  0:00:05  2:04:40 76674  0  445M    0     0    0  352k      0  53175  2:26:22  0:00:06  2:26:16 15583  0  445M    0     0    0  352k      0  46332  2:47:59  0:00:07  2:47:52     0  0  445M    0     0    0  352k      0  41049  3:09:37  0:00:08  3:09:29     0  0  445M    0     0    0  352k      0  36848  3:31:14  0:00:09  3:31:05     0  0  445M    0     0    0  352k      0  33427  3:52:51  0:00:10  3:52:41     0  0  445M    0     0    0  352k      0  30587  4:14:28  0:00:11  4:14:17     0  0  445M    0     0    0  352k      0  28192  4:36:05  0:00:12  4:35:53     0  0  445M    0     0    0  352k      0  26144  4:57:43  0:00:13  4:57:30     0  0  445M    0     0    0  352k      0  24374  5:19:20  0:00:14  5:19:06     0  0  445M    0     0    0  352k      0  22829  5:40:57  0:00:15  5:40:42     0  0  445M    0     0    0  352k      0  21467  6:02:35  0:00:16  6:02:19     0  0  445M    0     0    0  352k      0  20259  6:24:12  0:00:17  6:23:55     0  0  445M    0     0    0  352k      0  19180  6:45:49  0:00:18  6:45:31     0  0  445M    0     0    0  352k      0  18210  7:07:26  0:00:19  7:07:07     0  0  445M    0     0    0  352k      0  17333  7:29:03  0:00:20  7:28:43     0  0  445M    0     0    0  352k      0  16537  7:50:40  0:00:21  7:50:19     0  0  445M    0     0    0  352k      0  15811  8:12:17  0:00:22  8:11:55     0  0  445M    0     0    0  352k      0  15146  8:33:54  0:00:23  8:33:31     0  0  445M    0     0    0  352k      0  14534  8:55:32  0:00:24  8:55:08     0  0  445M    0     0    0  352k      0  13970  9:17:09  0:00:25  9:16:44     0  0  445M    0     0    0  352k      0  13448  9:38:47  0:00:26  9:38:21     0  0  445M    0     0    0  352k      0  12964 10:00:24  0:00:27  9:59:57     0  0  445M    0     0    0  352k      0  12513 10:22:02  0:00:28 10:21:34     0  0  445M    0     0    0  352k      0  12093 10:43:38  0:00:29 10:43:09     0  0  445M    0     0    0  352k      0  11700 11:05:15  0:00:30 11:04:45     0  0  445M    0     0    0  352k      0  11332 11:26:52  0:00:31 11:26:21     0  0  445M    0     0    0  352k      0  10986 11:48:30  0:00:32 11:47:58     0  0  445M    0     0    0  352k      0  10661 12:10:06  0:00:33 12:09:33     0  0  445M    0     0    0  352k      0  10354 12:31:44  0:00:34 12:31:10     0  0  445M    0     0    0  352k      0  10065 12:53:20  0:00:35 12:52:45     0  0  445M    0     0    0  352k      0   9791 13:14:58  0:00:36 13:14:22     0  0  445M    0     0    0  352k      0   9532 13:36:34  0:00:37 13:35:57     0  0  445M    0     0    0  352k      0   9286 13:58:12  0:00:38 13:57:34     0  0  445M    0     0    0  352k      0   9052 14:19:52  0:00:39 14:19:13     0  0  445M    0     0    0  352k      0   8830 14:41:29  0:00:40 14:40:49     0  0  445M    0     0    0  352k      0   8619 15:03:04  0:00:41 15:02:23     0  0  445M    0     0    0  352k      0   8417 15:24:44  0:00:42 15:24:02     0  0  445M    0     0    0  352k      0   8225 15:46:20  0:00:43 15:45:37     0  0  445M    0     0    0  352k      0   8041 16:07:59  0:00:44 16:07:15     0  0  445M    0     0    0  352k      0   7866 16:29:31  0:00:45 16:28:46     0  0  445M    0     0    0  352k      0   7697 16:51:15  0:00:46 16:50:29     0  0  445M    0     0    0  352k      0   7536 17:12:51  0:00:47 17:12:04     0  0  445M    0     0    0  352k      0   7382 17:34:24  0:00:48 17:33:36     0  0  445M    0     0    0  352k      0   7233 17:56:07  0:00:49 17:55:18     0  0  445M    0     0    0  352k      0   7091 18:17:40  0:00:50 18:16:50     0  0  445M    0     0    0  352k      0   6954 18:39:17  0:00:51 18:38:26     0  0  445M    0     0    0  352k      0   6822 19:00:57  0:00:52 19:00:05     0  0  445M    0     0    0  352k      0   6695 19:22:36  0:00:53 19:21:43     0  0  445M    0     0    0  352k      0   6573 19:44:10  0:00:54 19:43:16     0  0  445M    0     0    0  352k      0   6455 20:05:49  0:00:55 20:04:54     0  0  445M    0     0    0  352k      0   6341 20:27:30  0:00:56 20:26:34     0  0  445M    0     0    0  352k      0   6231 20:49:10  0:00:57 20:48:13     0  0  445M    0     0    0  352k      0   6125 21:10:47  0:00:58 21:09:49     0  0  445M    0     0    0  352k      0   6023 21:32:18  0:00:59 21:31:19     0  0  445M    0     0    0  352k      0   5924 21:53:54  0:01:00 21:52:54     0  0  445M    0     0    0  352k      0   5828 22:15:33  0:01:01 22:14:32     0  0  445M    0     0    0  352k      0   5735 22:37:12  0:01:02 22:36:10     0  0  445M    0     0    0  352k      0   5645 22:58:51  0:01:03 22:57:48     0  0  445M    0     0    0  352k      0   5558 23:20:26  0:01:04 23:19:22     0  0  445M    0     0    0  352k      0   5473 23:42:11  0:01:05 23:41:06     0  0  445M    0     0    0  352k      0   5391 24:03:48  0:01:06 24:02:42     0  0  445M    0     0    0  352k      0   5312 24:25:17  0:01:07 24:24:10     0  0  445M    0     0    0  352k      0   5237 24:46:16  0:01:08 24:45:08     0  0  445M    0     0    0  672k      0   9895 13:06:37  0:01:09 13:05:28 69823  0  445M    0     0    0 1504k      0  21837  5:56:26  0:01:10  5:55:16  246k  0  445M    0     0    0 2352k      0  33673  3:51:09  0:01:11  3:49:58  427k  0  445M    0     0    0 3168k      0  44718  2:54:03  0:01:12  2:52:51  600k  0  445M    0     0    0 3968k      0  55267  2:20:50  0:01:13  2:19:37  768k  1  445M    0     0    1 4784k      0  65741  1:58:23  0:01:14  1:57:09  826k  1  445M    0     0    1 5584k      0  75701  1:42:49  0:01:15  1:41:34  814k  1  445M    0     0    1 6384k      0  85428  1:31:06  0:01:16  1:29:50  806k  1  445M    0     0    1 7184k      0  94905  1:22:00  0:01:17  1:20:43  808k  1  445M    0     0    1 8032k      0   102k  1:14:18  0:01:18  1:13:00  813k  1  445M    0     0    1 8848k      0   111k  1:08:19  0:01:19  1:07:00  809k  2  445M    0     0    2 9632k      0   119k  1:03:32  0:01:20  1:02:12  812k  2  445M    0     0    2 10.2M      0   128k  0:59:12  0:01:21  0:57:51  817k  2  445M    0     0    2 11.0M      0   136k  0:55:41  0:01:22  0:54:19  813k  2  445M    0     0    2 11.7M      0   144k  0:52:33  0:01:23  0:51:10  807k  2  445M    0     0    2 12.5M      0   152k  0:49:52  0:01:24  0:48:28  810k  3  445M    0     0    3 13.3M      0   160k  0:47:25  0:01:25  0:46:00  810k  3  445M    0     0    3 14.1M      0   167k  0:45:16  0:01:26  0:43:50  808k  3  445M    0     0    3 14.9M      0   175k  0:43:21  0:01:27  0:41:54  814k  3  445M    0     0    3 15.7M      0   182k  0:41:43  0:01:28  0:40:15  811k  3  445M    0     0    3 16.5M      0   189k  0:40:10  0:01:29  0:38:41  805k  3  445M    0     0    3 17.2M      0   195k  0:38:52  0:01:30  0:37:22  801k  4  445M    0     0    4 18.0M      0   202k  0:37:34  0:01:31  0:36:03  801k  4  445M    0     0    4 18.9M      0   209k  0:36:20  0:01:32  0:34:48  801k  4  445M    0     0    4 19.6M      0   215k  0:35:17  0:01:33  0:33:44  802k  4  445M    0     0    4 20.4M      0   221k  0:34:16  0:01:34  0:32:42  810k  4  445M    0     0    4 21.2M      0   227k  0:33:20  0:01:35  0:31:45  816k  4  445M    0     0    4 22.0M      0   234k  0:32:26  0:01:36  0:30:50  817k  5  445M    0     0    5 22.8M      0   240k  0:31:40  0:01:37  0:30:03  812k  5  445M    0     0    5 23.6M      0   245k  0:30:54  0:01:38  0:29:16  817k  5  445M    0     0    5 24.4M      0   251k  0:30:12  0:01:39  0:28:33  816k  5  445M    0     0    5 25.2M      0   256k  0:29:35  0:01:40  0:27:55  808k  5  445M    0     0    5 26.0M      0   262k  0:28:58  0:01:41  0:27:17  804k  6  445M    0     0    6 26.8M      0   267k  0:28:22  0:01:42  0:26:40  813k  6  445M    0     0    6 27.6M      0   273k  0:27:50  0:01:43  0:26:07  807k  6  445M    0     0    6 28.3M      0   278k  0:27:19  0:01:44  0:25:35  805k  6  445M    0     0    6 29.2M      0   283k  0:26:48  0:01:45  0:25:03  814k  6  445M    0     0    6 30.0M      0   288k  0:26:20  0:01:46  0:24:34  818k  6  445M    0     0    6 30.7M      0   293k  0:25:55  0:01:47  0:24:08  810k  7  445M    0     0    7 31.5M      0   297k  0:25:30  0:01:48  0:23:42  814k  7  445M    0     0    7 32.3M      0   302k  0:25:06  0:01:49  0:23:17  816k  7  445M    0     0    7 33.1M      0   307k  0:24:44  0:01:50  0:22:54  809k  7  445M    0     0    7 33.9M      0   311k  0:24:23  0:01:51  0:22:32  806k  7  445M    0     0    7 34.7M      0   316k  0:24:02  0:01:52  0:22:10  811k  7  445M    0     0    7 35.5M      0   320k  0:23:43  0:01:53  0:21:50  807k  8  445M    0     0    8 36.3M      0   324k  0:23:24  0:01:54  0:21:30  808k  8  445M    0     0    8 37.0M      0   328k  0:23:08  0:01:55  0:21:13  803k  8  445M    0     0    8 37.8M      0   332k  0:22:51  0:01:56  0:20:55  798k  8  445M    0     0    8 38.6M      0   336k  0:22:35  0:01:57  0:20:38  794k  8  445M    0     0    8 39.4M      0   340k  0:22:18  0:01:58  0:20:20  799k  9  445M    0     0    9 40.1M      0   344k  0:22:04  0:01:59  0:20:05  792k  9  445M    0     0    9 40.9M      0   347k  0:21:50  0:02:00  0:19:50  796k  9  445M    0     0    9 41.7M      0   351k  0:21:36  0:02:01  0:19:35  794k  9  445M    0     0    9 42.5M      0   355k  0:21:23  0:02:02  0:19:21  798k  9  445M    0     0    9 43.3M      0   359k  0:21:10  0:02:03  0:19:07  795k  9  445M    0     0    9 44.0M      0   362k  0:20:58  0:02:04  0:18:54  795k 10  445M    0     0   10 44.8M      0   365k  0:20:46  0:02:05  0:18:41  800k 10  445M    0     0   10 45.6M      0   369k  0:20:34  0:02:06  0:18:28  801k 10  445M    0     0   10 46.4M      0   372k  0:20:23  0:02:07  0:18:16  794k 10  445M    0     0   10 47.1M      0   375k  0:20:12  0:02:08  0:18:04  795k 10  445M    0     0   10 48.0M      0   379k  0:20:01  0:02:09  0:17:52  803k 10  445M    0     0   10 48.7M      0   382k  0:19:52  0:02:10  0:17:42  791k 11  445M    0     0   11 49.5M      0   385k  0:19:42  0:02:11  0:17:31  799k 11  445M    0     0   11 50.2M      0   388k  0:19:33  0:02:12  0:17:21  799k 11  445M    0     0   11 51.0M      0   391k  0:19:23  0:02:13  0:17:10  797k 11  445M    0     0   11 51.8M      0   394k  0:19:15  0:02:14  0:17:01  791k 11  445M    0     0   11 52.6M      0   397k  0:19:06  0:02:15  0:16:51  804k 12  445M    0     0   12 53.4M      0   401k  0:18:56  0:02:16  0:16:40  807k 12  445M    0     0   12 54.2M      0   404k  0:18:48  0:02:17  0:16:31  813k 12  445M    0     0   12 55.0M      0   407k  0:18:40  0:02:18  0:16:22  814k 12  445M    0     0   12 55.8M      0   409k  0:18:32  0:02:19  0:16:13  812k 12  445M    0     0   12 56.6M      0   412k  0:18:25  0:02:20  0:16:05  805k 12  445M    0     0   12 57.4M      0   415k  0:18:18  0:02:21  0:15:57  800k 13  445M    0     0   13 58.1M      0   417k  0:18:11  0:02:22  0:15:49  797k 13  445M    0     0   13 58.9M      0   420k  0:18:03  0:02:23  0:15:40  802k 13  445M    0     0   13 59.7M      0   423k  0:17:56  0:02:24  0:15:32  808k 13  445M    0     0   13 60.5M      0   426k  0:17:49  0:02:25  0:15:24  816k 13  445M    0     0   13 61.3M      0   428k  0:17:43  0:02:26  0:15:17  818k 13  445M    0     0   13 62.1M      0   431k  0:17:36  0:02:27  0:15:09  821k 14  445M    0     0   14 62.9M      0   434k  0:17:30  0:02:28  0:15:02  822k 14  445M    0     0   14 63.8M      0   436k  0:17:23  0:02:29  0:14:54  821k 14  445M    0     0   14 64.5M      0   438k  0:17:19  0:02:30  0:14:49  804k 14  445M    0     0   14 65.3M      0   441k  0:17:13  0:02:31  0:14:42  806k 14  445M    0     0   14 66.1M      0   443k  0:17:07  0:02:32  0:14:35  804k 15  445M    0     0   15 66.9M      0   446k  0:17:01  0:02:33  0:14:28  803k 15  445M    0     0   15 67.7M      0   448k  0:16:56  0:02:34  0:14:22  805k 15  445M    0     0   15 68.5M      0   451k  0:16:50  0:02:35  0:14:15  822k 15  445M    0     0   15 69.3M      0   453k  0:16:45  0:02:36  0:14:09  816k 15  445M    0     0   15 70.0M      0   455k  0:16:40  0:02:37  0:14:03  817k 15  445M    0     0   15 70.9M      0   457k  0:16:35  0:02:38  0:13:57  812k 16  445M    0     0   16 71.6M      0   460k  0:16:31  0:02:39  0:13:52  808k 16  445M    0     0   16 72.3M      0   461k  0:16:27  0:02:40  0:13:47  792k 16  445M    0     0   16 73.2M      0   464k  0:16:22  0:02:41  0:13:41  803k 16  445M    0     0   16 73.9M      0   466k  0:16:18  0:02:42  0:13:36  796k 16  445M    0     0   16 74.7M      0   468k  0:16:13  0:02:43  0:13:30  802k 16  445M    0     0   16 75.6M      0   470k  0:16:09  0:02:44  0:13:25  806k 17  445M    0     0   17 76.4M      0   472k  0:16:04  0:02:45  0:13:19  819k 17  445M    0     0   17 77.2M      0   474k  0:16:00  0:02:46  0:13:14  815k 17  445M    0     0   17 78.0M      0   476k  0:15:56  0:02:47  0:13:09  824k 17  445M    0     0   17 78.8M      0   478k  0:15:52  0:02:48  0:13:04  822k 17  445M    0     0   17 79.6M      0   480k  0:15:48  0:02:49  0:12:59  819k 18  445M    0     0   18 80.4M      0   482k  0:15:44  0:02:50  0:12:54  811k 18  445M    0     0   18 81.1M      0   484k  0:15:41  0:02:51  0:12:50  797k 18  445M    0     0   18 81.9M      0   486k  0:15:38  0:02:52  0:12:46  798k 18  445M    0     0   18 82.7M      0   488k  0:15:34  0:02:53  0:12:41  796k 18  445M    0     0   18 83.5M      0   490k  0:15:30  0:02:54  0:12:36  803k 18  445M    0     0   18 84.3M      0   492k  0:15:26  0:02:55  0:12:31  811k 19  445M    0     0   19 85.1M      0   493k  0:15:23  0:02:56  0:12:27  821k 19  445M    0     0   19 85.9M      0   495k  0:15:20  0:02:57  0:12:23  820k 19  445M    0     0   19 86.7M      0   497k  0:15:17  0:02:58  0:12:19  817k 19  445M    0     0   19 87.5M      0   499k  0:15:13  0:02:59  0:12:14  814k 19  445M    0     0   19 88.3M      0   500k  0:15:10  0:03:00  0:12:10  817k 20  445M    0     0   20 89.1M      0   502k  0:15:07  0:03:01  0:12:06  814k 20  445M    0     0   20 89.9M      0   504k  0:15:04  0:03:02  0:12:02  814k 20  445M    0     0   20 90.7M      0   506k  0:15:01  0:03:03  0:11:58  821k 20  445M    0     0   20 91.5M      0   507k  0:14:58  0:03:04  0:11:54  814k 20  445M    0     0   20 92.2M      0   509k  0:14:55  0:03:05  0:11:50  814k 20  445M    0     0   20 93.1M      0   511k  0:14:52  0:03:06  0:11:46  822k 21  445M    0     0   21 93.9M      0   512k  0:14:49  0:03:07  0:11:42  820k 21  445M    0     0   21 94.7M      0   514k  0:14:46  0:03:08  0:11:38  818k 21  445M    0     0   21 95.5M      0   516k  0:14:43  0:03:09  0:11:34  824k 21  445M    0     0   21 96.3M      0   517k  0:14:41  0:03:10  0:11:31  823k 21  445M    0     0   21 97.1M      0   519k  0:14:38  0:03:11  0:11:27  820k 21  445M    0     0   21 97.9M      0   520k  0:14:35  0:03:12  0:11:23  821k 22  445M    0     0   22 98.7M      0   522k  0:14:33  0:03:13  0:11:20  822k 22  445M    0     0   22 99.5M      0   523k  0:14:30  0:03:14  0:11:16  818k 22  445M    0     0   22  100M      0   525k  0:14:28  0:03:15  0:11:13  819k 22  445M    0     0   22  101M      0   526k  0:14:25  0:03:16  0:11:09  816k 22  445M    0     0   22  101M      0   528k  0:14:23  0:03:17  0:11:06  812k 23  445M    0     0   23  102M      0   529k  0:14:21  0:03:18  0:11:03  796k 23  445M    0     0   23  103M      0   530k  0:14:19  0:03:19  0:11:00  801k 23  445M    0     0   23  104M      0   532k  0:14:16  0:03:20  0:10:56  799k 23  445M    0     0   23  105M      0   533k  0:14:14  0:03:21  0:10:53  800k 23  445M    0     0   23  105M      0   534k  0:14:12  0:03:22  0:10:50  799k 23  445M    0     0   23  106M      0   536k  0:14:10  0:03:23  0:10:47  810k 24  445M    0     0   24  107M      0   537k  0:14:08  0:03:24  0:10:44  803k 24  445M    0     0   24  108M      0   538k  0:14:06  0:03:25  0:10:41  799k 24  445M    0     0   24  108M      0   540k  0:14:04  0:03:26  0:10:38  806k 24  445M    0     0   24  109M      0   541k  0:14:02  0:03:27  0:10:35  803k 24  445M    0     0   24  110M      0   542k  0:14:00  0:03:28  0:10:32  807k 24  445M    0     0   24  111M      0   544k  0:13:58  0:03:29  0:10:29  814k 25  445M    0     0   25  112M      0   545k  0:13:56  0:03:30  0:10:26  818k 25  445M    0     0   25  112M      0   546k  0:13:54  0:03:31  0:10:23  812k 25  445M    0     0   25  113M      0   547k  0:13:52  0:03:32  0:10:20  821k 25  445M    0     0   25  114M      0   549k  0:13:50  0:03:33  0:10:17  822k 25  445M    0     0   25  115M      0   550k  0:13:48  0:03:34  0:10:14  812k 26  445M    0     0   26  116M      0   551k  0:13:47  0:03:35  0:10:12  803k 26  445M    0     0   26  116M      0   552k  0:13:45  0:03:36  0:10:09  806k 26  445M    0     0   26  117M      0   553k  0:13:43  0:03:37  0:10:06  805k 26  445M    0     0   26  118M      0   555k  0:13:41  0:03:38  0:10:03  805k 26  445M    0     0   26  119M      0   556k  0:13:40  0:03:39  0:10:01  806k 26  445M    0     0   26  120M      0   557k  0:13:38  0:03:40  0:09:58  816k 27  445M    0     0   27  120M      0   558k  0:13:36  0:03:41  0:09:55  815k 27  445M    0     0   27  121M      0   559k  0:13:34  0:03:42  0:09:52  814k 27  445M    0     0   27  122M      0   560k  0:13:33  0:03:43  0:09:50  800k 27  445M    0     0   27  123M      0   561k  0:13:31  0:03:44  0:09:47  804k 27  445M    0     0   27  123M      0   562k  0:13:30  0:03:45  0:09:45  800k 28  445M    0     0   28  124M      0   563k  0:13:28  0:03:46  0:09:42  804k 28  445M    0     0   28  125M      0   565k  0:13:27  0:03:47  0:09:40  800k 28  445M    0     0   28  126M      0   566k  0:13:25  0:03:48  0:09:37  812k 28  445M    0     0   28  127M      0   567k  0:13:23  0:03:49  0:09:34  818k 28  445M    0     0   28  127M      0   568k  0:13:22  0:03:50  0:09:32  817k 28  445M    0     0   28  128M      0   569k  0:13:21  0:03:51  0:09:30  810k 29  445M    0     0   29  129M      0   570k  0:13:19  0:03:52  0:09:27  816k 29  445M    0     0   29  130M      0   571k  0:13:18  0:03:53  0:09:25  813k 29  445M    0     0   29  131M      0   572k  0:13:16  0:03:54  0:09:22  807k 29  445M    0     0   29  131M      0   573k  0:13:15  0:03:55  0:09:20  808k 29  445M    0     0   29  132M      0   574k  0:13:14  0:03:56  0:09:18  807k 29  445M    0     0   29  133M      0   575k  0:13:12  0:03:57  0:09:15  807k 30  445M    0     0   30  134M      0   576k  0:13:11  0:03:58  0:09:13  815k 30  445M    0     0   30  135M      0   577k  0:13:09  0:03:59  0:09:10  810k 30  445M    0     0   30  135M      0   578k  0:13:08  0:04:00  0:09:08  813k 30  445M    0     0   30  136M      0   579k  0:13:07  0:04:01  0:09:06  819k 30  445M    0     0   30  137M      0   580k  0:13:05  0:04:02  0:09:03  813k 31  445M    0     0   31  138M      0   581k  0:13:04  0:04:03  0:09:01  807k 31  445M    0     0   31  139M      0   582k  0:13:03  0:04:04  0:08:59  813k 31  445M    0     0   31  139M      0   583k  0:13:02  0:04:05  0:08:57  814k 31  445M    0     0   31  140M      0   584k  0:13:00  0:04:06  0:08:54  814k 31  445M    0     0   31  141M      0   585k  0:12:59  0:04:07  0:08:52  812k 31  445M    0     0   31  142M      0   586k  0:12:58  0:04:08  0:08:50  819k 32  445M    0     0   32  143M      0   586k  0:12:57  0:04:09  0:08:48  816k 32  445M    0     0   32  143M      0   587k  0:12:55  0:04:10  0:08:45  812k 32  445M    0     0   32  144M      0   588k  0:12:54  0:04:11  0:08:43  801k 32  445M    0     0   32  145M      0   589k  0:12:53  0:04:12  0:08:41  807k 32  445M    0     0   32  146M      0   590k  0:12:52  0:04:13  0:08:39  806k 32  445M    0     0   32  146M      0   591k  0:12:51  0:04:14  0:08:37  810k 33  445M    0     0   33  147M      0   592k  0:12:50  0:04:15  0:08:35  816k 33  445M    0     0   33  148M      0   593k  0:12:48  0:04:16  0:08:32  828k 33  445M    0     0   33  149M      0   594k  0:12:47  0:04:17  0:08:30  825k 33  445M    0     0   33  150M      0   594k  0:12:46  0:04:18  0:08:28  824k 33  445M    0     0   33  151M      0   595k  0:12:45  0:04:19  0:08:26  822k 34  445M    0     0   34  151M      0   596k  0:12:44  0:04:20  0:08:24  821k 34  445M    0     0   34  152M      0   597k  0:12:43  0:04:21  0:08:22  821k 34  445M    0     0   34  153M      0   598k  0:12:42  0:04:22  0:08:20  825k 34  445M    0     0   34  154M      0   599k  0:12:41  0:04:23  0:08:18  821k 34  445M    0     0   34  155M      0   600k  0:12:40  0:04:24  0:08:16  823k 34  445M    0     0   34  155M      0   600k  0:12:38  0:04:25  0:08:13  824k 35  445M    0     0   35  156M      0   601k  0:12:37  0:04:26  0:08:11  824k 35  445M    0     0   35  157M      0   602k  0:12:36  0:04:27  0:08:09  827k 35  445M    0     0   35  158M      0   603k  0:12:35  0:04:28  0:08:07  833k 35  445M    0     0   35  159M      0   604k  0:12:34  0:04:29  0:08:05  829k 35  445M    0     0   35  159M      0   605k  0:12:33  0:04:30  0:08:03  829k 36  445M    0     0   36  160M      0   605k  0:12:32  0:04:31  0:08:01  825k 36  445M    0     0   36  161M      0   606k  0:12:31  0:04:32  0:07:59  822k 36  445M    0     0   36  162M      0   607k  0:12:30  0:04:33  0:07:57  818k 36  445M    0     0   36  163M      0   608k  0:12:29  0:04:34  0:07:55  823k 36  445M    0     0   36  163M      0   609k  0:12:28  0:04:35  0:07:53  823k 36  445M    0     0   36  164M      0   609k  0:12:27  0:04:36  0:07:51  821k 37  445M    0     0   37  165M      0   610k  0:12:26  0:04:37  0:07:49  821k 37  445M    0     0   37  166M      0   611k  0:12:25  0:04:38  0:07:47  822k 37  445M    0     0   37  167M      0   612k  0:12:25  0:04:39  0:07:46  816k 37  445M    0     0   37  167M      0   612k  0:12:24  0:04:40  0:07:44  816k 37  445M    0     0   37  168M      0   613k  0:12:23  0:04:41  0:07:42  821k 38  445M    0     0   38  169M      0   614k  0:12:22  0:04:42  0:07:40  820k 38  445M    0     0   38  170M      0   614k  0:12:21  0:04:43  0:07:38  816k 38  445M    0     0   38  171M      0   615k  0:12:20  0:04:44  0:07:36  821k 38  445M    0     0   38  171M      0   616k  0:12:19  0:04:45  0:07:34  825k 38  445M    0     0   38  172M      0   617k  0:12:18  0:04:46  0:07:32  823k 38  445M    0     0   38  173M      0   617k  0:12:17  0:04:47  0:07:30  823k 39  445M    0     0   39  174M      0   618k  0:12:17  0:04:48  0:07:29  827k 39  445M    0     0   39  175M      0   619k  0:12:16  0:04:49  0:07:27  827k 39  445M    0     0   39  175M      0   620k  0:12:15  0:04:50  0:07:25  823k 39  445M    0     0   39  176M      0   620k  0:12:14  0:04:51  0:07:23  817k 39  445M    0     0   39  177M      0   621k  0:12:14  0:04:52  0:07:22  815k 40  445M    0     0   40  178M      0   621k  0:12:13  0:04:53  0:07:20  813k 40  445M    0     0   40  179M      0   622k  0:12:12  0:04:54  0:07:18  809k 40  445M    0     0   40  179M      0   623k  0:12:11  0:04:55  0:07:16  809k 40  445M    0     0   40  180M      0   623k  0:12:11  0:04:56  0:07:15  809k 40  445M    0     0   40  181M      0   624k  0:12:10  0:04:57  0:07:13  811k 40  445M    0     0   40  182M      0   625k  0:12:09  0:04:58  0:07:11  812k 41  445M    0     0   41  183M      0   625k  0:12:08  0:04:59  0:07:09  808k 41  445M    0     0   41  183M      0   626k  0:12:08  0:05:00  0:07:08  806k 41  445M    0     0   41  184M      0   626k  0:12:07  0:05:01  0:07:06  807k 41  445M    0     0   41  185M      0   627k  0:12:06  0:05:02  0:07:04  805k 41  445M    0     0   41  186M      0   628k  0:12:06  0:05:03  0:07:03  808k 41  445M    0     0   41  186M      0   628k  0:12:05  0:05:04  0:07:01  804k 42  445M    0     0   42  187M      0   629k  0:12:04  0:05:05  0:06:59  799k 42  445M    0     0   42  188M      0   629k  0:12:04  0:05:06  0:06:58  803k 42  445M    0     0   42  189M      0   630k  0:12:03  0:05:07  0:06:56  805k 42  445M    0     0   42  190M      0   630k  0:12:02  0:05:08  0:06:54  796k 42  445M    0     0   42  190M      0   631k  0:12:02  0:05:09  0:06:53  808k 43  445M    0     0   43  191M      0   632k  0:12:01  0:05:10  0:06:51  806k 43  445M    0     0   43  192M      0   632k  0:12:00  0:05:11  0:06:49  805k 43  445M    0     0   43  193M      0   633k  0:12:00  0:05:12  0:06:48  801k 43  445M    0     0   43  194M      0   633k  0:11:59  0:05:13  0:06:46  810k 43  445M    0     0   43  194M      0   634k  0:11:59  0:05:14  0:06:45  799k 43  445M    0     0   43  195M      0   634k  0:11:58  0:05:15  0:06:43  808k 44  445M    0     0   44  196M      0   635k  0:11:57  0:05:16  0:06:41  810k 44  445M    0     0   44  197M      0   635k  0:11:57  0:05:17  0:06:40  807k 44  445M    0     0   44  198M      0   636k  0:11:56  0:05:18  0:06:38  807k 44  445M    0     0   44  198M      0   637k  0:11:55  0:05:19  0:06:36  816k 44  445M    0     0   44  199M      0   637k  0:11:55  0:05:20  0:06:35  808k 44  445M    0     0   44  200M      0   638k  0:11:54  0:05:21  0:06:33  808k 45  445M    0     0   45  201M      0   638k  0:11:54  0:05:22  0:06:32  804k 45  445M    0     0   45  201M      0   639k  0:11:53  0:05:23  0:06:30  804k 45  445M    0     0   45  202M      0   639k  0:11:52  0:05:24  0:06:28  803k 45  445M    0     0   45  203M      0   640k  0:11:52  0:05:25  0:06:27  803k 45  445M    0     0   45  204M      0   640k  0:11:51  0:05:26  0:06:25  803k 46  445M    0     0   46  205M      0   641k  0:11:51  0:05:27  0:06:24  816k 46  445M    0     0   46  205M      0   641k  0:11:50  0:05:28  0:06:22  816k 46  445M    0     0   46  206M      0   642k  0:11:49  0:05:29  0:06:20  817k 46  445M    0     0   46  207M      0   642k  0:11:49  0:05:30  0:06:19  824k 46  445M    0     0   46  208M      0   643k  0:11:48  0:05:31  0:06:17  821k 46  445M    0     0   46  209M      0   643k  0:11:48  0:05:32  0:06:16  823k 47  445M    0     0   47  209M      0   644k  0:11:47  0:05:33  0:06:14  824k 47  445M    0     0   47  210M      0   645k  0:11:47  0:05:34  0:06:13  823k 47  445M    0     0   47  211M      0   645k  0:11:46  0:05:35  0:06:11  824k 47  445M    0     0   47  212M      0   646k  0:11:45  0:05:36  0:06:09  828k 47  445M    0     0   47  213M      0   646k  0:11:45  0:05:37  0:06:08  827k 48  445M    0     0   48  213M      0   647k  0:11:44  0:05:38  0:06:06  826k 48  445M    0     0   48  214M      0   647k  0:11:44  0:05:39  0:06:05  818k 48  445M    0     0   48  215M      0   648k  0:11:43  0:05:40  0:06:03  809k 48  445M    0     0   48  216M      0   648k  0:11:43  0:05:41  0:06:02  802k 48  445M    0     0   48  216M      0   648k  0:11:43  0:05:42  0:06:01  781k 48  445M    0     0   48  217M      0   649k  0:11:42  0:05:43  0:05:59  780k 49  445M    0     0   49  218M      0   649k  0:11:42  0:05:44  0:05:58  788k 49  445M    0     0   49  219M      0   650k  0:11:41  0:05:45  0:05:56  796k 49  445M    0     0   49  220M      0   650k  0:11:40  0:05:46  0:05:54  804k 49  445M    0     0   49  220M      0   651k  0:11:40  0:05:47  0:05:53  817k 49  445M    0     0   49  221M      0   651k  0:11:39  0:05:48  0:05:51  819k 49  445M    0     0   49  222M      0   652k  0:11:39  0:05:49  0:05:50  816k 50  445M    0     0   50  223M      0   652k  0:11:39  0:05:50  0:05:49  809k 50  445M    0     0   50  224M      0   652k  0:11:38  0:05:51  0:05:47  809k 50  445M    0     0   50  224M      0   653k  0:11:37  0:05:52  0:05:45  813k 50  445M    0     0   50  225M      0   653k  0:11:37  0:05:53  0:05:44  812k 50  445M    0     0   50  226M      0   654k  0:11:37  0:05:54  0:05:43  813k 51  445M    0     0   51  227M      0   654k  0:11:36  0:05:55  0:05:41  820k 51  445M    0     0   51  227M      0   652k  0:11:38  0:05:56  0:05:42  635k 51  445M    0     0   51  227M      0   650k  0:11:40  0:05:57  0:05:43  483k 51  445M    0     0   51  227M      0   649k  0:11:42  0:05:58  0:05:44  331k 51  445M    0     0   51  227M      0   647k  0:11:44  0:05:59  0:05:45  181k 51  445M    0     0   51  227M      0   645k  0:11:46  0:06:00  0:05:46 30374 51  445M    0     0   51  227M      0   643k  0:11:48  0:06:01  0:05:47     0 51  445M    0     0   51  227M      0   641k  0:11:50  0:06:02  0:05:48     0 51  445M    0     0   51  227M      0   640k  0:11:52  0:06:03  0:05:49     0 51  445M    0     0   51  227M      0   638k  0:11:54  0:06:04  0:05:50     0 51  445M    0     0   51  227M      0   636k  0:11:56  0:06:05  0:05:51     0 51  445M    0     0   51  227M      0   634k  0:11:58  0:06:06  0:05:52     0 51  445M    0     0   51  227M      0   633k  0:12:00  0:06:07  0:05:53     0 51  445M    0     0   51  227M      0   632k  0:12:01  0:06:08  0:05:53 14118 51  445M    0     0   51  227M      0   631k  0:12:02  0:06:09  0:05:53 53252 51  445M    0     0   51  228M      0   630k  0:12:03  0:06:10  0:05:53  113k 51  445M    0     0   51  228M      0   629k  0:12:04  0:06:11  0:05:53  220k 51  445M    0     0   51  229M      0   630k  0:12:03  0:06:12  0:05:51  393k 51  445M    0     0   51  230M      0   630k  0:12:03  0:06:13  0:05:50  514k 51  445M    0     0   51  230M      0   631k  0:12:02  0:06:14  0:05:48  640k 52  445M    0     0   52  231M      0   631k  0:12:01  0:06:15  0:05:46  753k 52  445M    0     0   52  232M      0   632k  0:12:01  0:06:16  0:05:45  819k 52  445M    0     0   52  233M      0   632k  0:12:00  0:06:17  0:05:43  822k 52  445M    0     0   52  234M      0   633k  0:12:00  0:06:18  0:05:42  824k 52  445M    0     0   52  234M      0   633k  0:11:59  0:06:19  0:05:40  822k 52  445M    0     0   52  235M      0   634k  0:11:59  0:06:20  0:05:39  820k 53  445M    0     0   53  236M      0   634k  0:11:58  0:06:21  0:05:37  818k 53  445M    0     0   53  237M      0   635k  0:11:58  0:06:22  0:05:36  816k 53  445M    0     0   53  238M      0   635k  0:11:57  0:06:23  0:05:34  818k 53  445M    0     0   53  238M      0   636k  0:11:57  0:06:24  0:05:33  816k 53  445M    0     0   53  239M      0   636k  0:11:56  0:06:25  0:05:31  816k 53  445M    0     0   53  240M      0   637k  0:11:55  0:06:26  0:05:29  825k 54  445M    0     0   54  241M      0   637k  0:11:55  0:06:27  0:05:28  819k 54  445M    0     0   54  242M      0   638k  0:11:54  0:06:28  0:05:26  819k 54  445M    0     0   54  242M      0   638k  0:11:54  0:06:29  0:05:25  825k 54  445M    0     0   54  243M      0   638k  0:11:53  0:06:30  0:05:23  826k 54  445M    0     0   54  244M      0   639k  0:11:53  0:06:31  0:05:22  819k 55  445M    0     0   55  245M      0   639k  0:11:52  0:06:32  0:05:20  825k 55  445M    0     0   55  246M      0   640k  0:11:52  0:06:33  0:05:19  825k 55  445M    0     0   55  246M      0   640k  0:11:51  0:06:34  0:05:17  817k 55  445M    0     0   55  247M      0   641k  0:11:51  0:06:35  0:05:16  805k 55  445M    0     0   55  248M      0   641k  0:11:50  0:06:36  0:05:14  805k 55  445M    0     0   55  249M      0   641k  0:11:50  0:06:37  0:05:13  806k 56  445M    0     0   56  250M      0   642k  0:11:49  0:06:38  0:05:11  809k 56  445M    0     0   56  250M      0   642k  0:11:49  0:06:39  0:05:10  815k 56  445M    0     0   56  251M      0   643k  0:11:48  0:06:40  0:05:08  825k 56  445M    0     0   56  252M      0   643k  0:11:48  0:06:41  0:05:07  827k 56  445M    0     0   56  253M      0   644k  0:11:47  0:06:42  0:05:05  826k 57  445M    0     0   57  254M      0   644k  0:11:47  0:06:43  0:05:04  822k 57  445M    0     0   57  254M      0   645k  0:11:46  0:06:44  0:05:02  824k 57  445M    0     0   57  255M      0   645k  0:11:46  0:06:45  0:05:01  823k 57  445M    0     0   57  256M      0   646k  0:11:45  0:06:46  0:04:59  824k 57  445M    0     0   57  257M      0   646k  0:11:45  0:06:47  0:04:58  822k 57  445M    0     0   57  258M      0   646k  0:11:44  0:06:48  0:04:56  823k 58  445M    0     0   58  258M      0   647k  0:11:44  0:06:49  0:04:55  824k 58  445M    0     0   58  259M      0   647k  0:11:44  0:06:50  0:04:54  816k 58  445M    0     0   58  260M      0   648k  0:11:43  0:06:51  0:04:52  809k 58  445M    0     0   58  261M      0   648k  0:11:43  0:06:52  0:04:51  810k 58  445M    0     0   58  262M      0   648k  0:11:42  0:06:53  0:04:49  810k 59  445M    0     0   59  262M      0   649k  0:11:42  0:06:54  0:04:48  803k 59  445M    0     0   59  263M      0   649k  0:11:42  0:06:55  0:04:47  798k 59  445M    0     0   59  264M      0   649k  0:11:41  0:06:56  0:04:45  791k 59  445M    0     0   59  265M      0   649k  0:11:41  0:06:57  0:04:44  771k 59  445M    0     0   59  265M      0   650k  0:11:41  0:06:58  0:04:43  772k 59  445M    0     0   59  266M      0   650k  0:11:40  0:06:59  0:04:41  770k 60  445M    0     0   60  267M      0   651k  0:11:40  0:07:00  0:04:40  783k 60  445M    0     0   60  268M      0   651k  0:11:40  0:07:01  0:04:39  793k 60  445M    0     0   60  268M      0   651k  0:11:39  0:07:02  0:04:37  814k 60  445M    0     0   60  269M      0   652k  0:11:39  0:07:03  0:04:36  811k 60  445M    0     0   60  270M      0   652k  0:11:38  0:07:04  0:04:34  818k 60  445M    0     0   60  271M      0   652k  0:11:38  0:07:05  0:04:33  809k 61  445M    0     0   61  272M      0   653k  0:11:38  0:07:06  0:04:32  803k 61  445M    0     0   61  272M      0   653k  0:11:37  0:07:07  0:04:30  807k 61  445M    0     0   61  273M      0   654k  0:11:37  0:07:08  0:04:29  812k 61  445M    0     0   61  274M      0   654k  0:11:36  0:07:09  0:04:27  810k 61  445M    0     0   61  275M      0   654k  0:11:36  0:07:10  0:04:26  816k 61  445M    0     0   61  276M      0   655k  0:11:36  0:07:11  0:04:25  820k 62  445M    0     0   62  276M      0   655k  0:11:35  0:07:12  0:04:23  818k 62  445M    0     0   62  277M      0   656k  0:11:35  0:07:13  0:04:22  814k 62  445M    0     0   62  278M      0   656k  0:11:34  0:07:14  0:04:20  821k 62  445M    0     0   62  279M      0   656k  0:11:34  0:07:15  0:04:19  823k 62  445M    0     0   62  280M      0   657k  0:11:33  0:07:16  0:04:17  826k 63  445M    0     0   63  280M      0   657k  0:11:33  0:07:17  0:04:16  806k 63  445M    0     0   63  281M      0   657k  0:11:33  0:07:18  0:04:15  800k 63  445M    0     0   63  282M      0   658k  0:11:33  0:07:19  0:04:14  797k 63  445M    0     0   63  283M      0   658k  0:11:32  0:07:20  0:04:12  793k 63  445M    0     0   63  284M      0   658k  0:11:32  0:07:21  0:04:11  794k 63  445M    0     0   63  284M      0   659k  0:11:31  0:07:22  0:04:09  814k 64  445M    0     0   64  285M      0   659k  0:11:31  0:07:23  0:04:08  817k 64  445M    0     0   64  286M      0   659k  0:11:31  0:07:24  0:04:07  817k 64  445M    0     0   64  287M      0   660k  0:11:30  0:07:25  0:04:05  822k 64  445M    0     0   64  288M      0   660k  0:11:30  0:07:26  0:04:04  823k 64  445M    0     0   64  288M      0   660k  0:11:30  0:07:27  0:04:03  823k 65  445M    0     0   65  289M      0   661k  0:11:29  0:07:28  0:04:01  822k 65  445M    0     0   65  290M      0   661k  0:11:29  0:07:29  0:04:00  825k 65  445M    0     0   65  291M      0   661k  0:11:29  0:07:30  0:03:59  812k 65  445M    0     0   65  292M      0   662k  0:11:28  0:07:31  0:03:57  812k 65  445M    0     0   65  292M      0   662k  0:11:28  0:07:32  0:03:56  808k 65  445M    0     0   65  293M      0   662k  0:11:27  0:07:33  0:03:54  811k 66  445M    0     0   66  294M      0   663k  0:11:27  0:07:34  0:03:53  806k 66  445M    0     0   66  295M      0   663k  0:11:27  0:07:35  0:03:52  820k 66  445M    0     0   66  296M      0   663k  0:11:26  0:07:36  0:03:50  820k 66  445M    0     0   66  296M      0   664k  0:11:26  0:07:37  0:03:49  818k 66  445M    0     0   66  297M      0   664k  0:11:26  0:07:38  0:03:48  818k 66  445M    0     0   66  298M      0   664k  0:11:25  0:07:39  0:03:46  816k 67  445M    0     0   67  299M      0   665k  0:11:25  0:07:40  0:03:45  818k 67  445M    0     0   67  300M      0   665k  0:11:25  0:07:41  0:03:44  816k 67  445M    0     0   67  300M      0   665k  0:11:24  0:07:42  0:03:42  818k 67  445M    0     0   67  301M      0   666k  0:11:24  0:07:43  0:03:41  807k 67  445M    0     0   67  302M      0   666k  0:11:24  0:07:44  0:03:40  809k 68  445M    0     0   68  303M      0   666k  0:11:24  0:07:45  0:03:39  797k 68  445M    0     0   68  303M      0   667k  0:11:23  0:07:46  0:03:37  795k 68  445M    0     0   68  304M      0   667k  0:11:23  0:07:47  0:03:36  793k 68  445M    0     0   68  305M      0   667k  0:11:23  0:07:48  0:03:35  800k 68  445M    0     0   68  306M      0   667k  0:11:22  0:07:49  0:03:33  801k 68  445M    0     0   68  307M      0   668k  0:11:22  0:07:50  0:03:32  808k 69  445M    0     0   69  307M      0   668k  0:11:22  0:07:51  0:03:31  807k 69  445M    0     0   69  308M      0   668k  0:11:21  0:07:52  0:03:29  812k 69  445M    0     0   69  309M      0   669k  0:11:21  0:07:53  0:03:28  816k 69  445M    0     0   69  310M      0   669k  0:11:21  0:07:54  0:03:27  817k 69  445M    0     0   69  311M      0   669k  0:11:20  0:07:55  0:03:25  822k 70  445M    0     0   70  311M      0   670k  0:11:20  0:07:56  0:03:24  822k 70  445M    0     0   70  312M      0   670k  0:11:20  0:07:57  0:03:23  819k 70  445M    0     0   70  313M      0   670k  0:11:19  0:07:58  0:03:21  820k 70  445M    0     0   70  314M      0   671k  0:11:19  0:07:59  0:03:20  818k 70  445M    0     0   70  315M      0   671k  0:11:19  0:08:00  0:03:19  816k 70  445M    0     0   70  315M      0   671k  0:11:19  0:08:01  0:03:18  815k 71  445M    0     0   71  316M      0   671k  0:11:18  0:08:02  0:03:16  820k 71  445M    0     0   71  317M      0   672k  0:11:18  0:08:03  0:03:15  820k 71  445M    0     0   71  318M      0   672k  0:11:18  0:08:04  0:03:14  822k 71  445M    0     0   71  319M      0   672k  0:11:17  0:08:05  0:03:12  820k 71  445M    0     0   71  319M      0   673k  0:11:17  0:08:06  0:03:11  824k 71  445M    0     0   71  320M      0   673k  0:11:17  0:08:07  0:03:10  821k 72  445M    0     0   72  321M      0   673k  0:11:16  0:08:08  0:03:08  820k 72  445M    0     0   72  322M      0   674k  0:11:16  0:08:09  0:03:07  811k 72  445M    0     0   72  323M      0   674k  0:11:16  0:08:10  0:03:06  814k 72  445M    0     0   72  323M      0   674k  0:11:16  0:08:11  0:03:05  812k 72  445M    0     0   72  324M      0   674k  0:11:15  0:08:12  0:03:03  816k 73  445M    0     0   73  325M      0   675k  0:11:15  0:08:13  0:03:02  811k 73  445M    0     0   73  326M      0   675k  0:11:15  0:08:14  0:03:01  821k 73  445M    0     0   73  327M      0   675k  0:11:14  0:08:15  0:02:59  821k 73  445M    0     0   73  327M      0   676k  0:11:14  0:08:16  0:02:58  821k 73  445M    0     0   73  328M      0   676k  0:11:14  0:08:17  0:02:57  820k 73  445M    0     0   73  329M      0   676k  0:11:13  0:08:18  0:02:55  825k 74  445M    0     0   74  330M      0   677k  0:11:13  0:08:19  0:02:54  823k 74  445M    0     0   74  331M      0   677k  0:11:13  0:08:20  0:02:53  822k 74  445M    0     0   74  331M      0   677k  0:11:13  0:08:21  0:02:52  826k 74  445M    0     0   74  332M      0   677k  0:11:12  0:08:22  0:02:50  825k 74  445M    0     0   74  333M      0   678k  0:11:12  0:08:23  0:02:49  822k 75  445M    0     0   75  334M      0   678k  0:11:12  0:08:24  0:02:48  819k 75  445M    0     0   75  335M      0   678k  0:11:11  0:08:25  0:02:46  816k 75  445M    0     0   75  335M      0   678k  0:11:11  0:08:26  0:02:45  810k 75  445M    0     0   75  336M      0   679k  0:11:11  0:08:27  0:02:44  808k 75  445M    0     0   75  337M      0   679k  0:11:11  0:08:28  0:02:43  806k 75  445M    0     0   75  338M      0   679k  0:11:10  0:08:29  0:02:41  809k 76  445M    0     0   76  339M      0   680k  0:11:10  0:08:30  0:02:40  812k 76  445M    0     0   76  339M      0   680k  0:11:10  0:08:31  0:02:39  816k 76  445M    0     0   76  340M      0   680k  0:11:10  0:08:32  0:02:38  816k 76  445M    0     0   76  341M      0   680k  0:11:09  0:08:33  0:02:36  822k 76  445M    0     0   76  342M      0   681k  0:11:09  0:08:34  0:02:35  820k 77  445M    0     0   77  342M      0   681k  0:11:09  0:08:35  0:02:34  813k 77  445M    0     0   77  343M      0   681k  0:11:09  0:08:36  0:02:33  816k 77  445M    0     0   77  344M      0   681k  0:11:08  0:08:37  0:02:31  817k 77  445M    0     0   77  345M      0   682k  0:11:08  0:08:38  0:02:30  811k 77  445M    0     0   77  346M      0   682k  0:11:08  0:08:39  0:02:29  810k 77  445M    0     0   77  346M      0   682k  0:11:08  0:08:40  0:02:28  817k 78  445M    0     0   78  347M      0   682k  0:11:07  0:08:41  0:02:26  812k 78  445M    0     0   78  348M      0   683k  0:11:07  0:08:42  0:02:25  810k 78  445M    0     0   78  349M      0   683k  0:11:07  0:08:43  0:02:24  806k 78  445M    0     0   78  350M      0   683k  0:11:07  0:08:44  0:02:23  809k 78  445M    0     0   78  350M      0   683k  0:11:06  0:08:45  0:02:21  812k 78  445M    0     0   78  351M      0   684k  0:11:06  0:08:46  0:02:20  810k 79  445M    0     0   79  352M      0   684k  0:11:06  0:08:47  0:02:19  817k 79  445M    0     0   79  353M      0   684k  0:11:06  0:08:48  0:02:18  827k 79  445M    0     0   79  354M      0   684k  0:11:05  0:08:49  0:02:16  829k 79  445M    0     0   79  355M      0   685k  0:11:05  0:08:50  0:02:15  828k 79  445M    0     0   79  355M      0   685k  0:11:05  0:08:51  0:02:14  834k 80  445M    0     0   80  356M      0   685k  0:11:05  0:08:52  0:02:13  828k 80  445M    0     0   80  357M      0   685k  0:11:04  0:08:53  0:02:11  825k 80  445M    0     0   80  358M      0   686k  0:11:04  0:08:54  0:02:10  820k 80  445M    0     0   80  358M      0   686k  0:11:04  0:08:55  0:02:09  817k 80  445M    0     0   80  359M      0   686k  0:11:04  0:08:56  0:02:08  815k 80  445M    0     0   80  360M      0   686k  0:11:03  0:08:57  0:02:06  816k 81  445M    0     0   81  361M      0   687k  0:11:03  0:08:58  0:02:05  819k 81  445M    0     0   81  362M      0   687k  0:11:03  0:08:59  0:02:04  810k 81  445M    0     0   81  362M      0   687k  0:11:03  0:09:00  0:02:03  812k 81  445M    0     0   81  363M      0   687k  0:11:03  0:09:01  0:02:02  807k 81  445M    0     0   81  364M      0   688k  0:11:02  0:09:02  0:02:00  805k 82  445M    0     0   82  365M      0   688k  0:11:02  0:09:03  0:01:59  799k 82  445M    0     0   82  366M      0   688k  0:11:02  0:09:04  0:01:58  812k 82  445M    0     0   82  366M      0   688k  0:11:02  0:09:05  0:01:57  806k 82  445M    0     0   82  367M      0   688k  0:11:01  0:09:06  0:01:55  811k 82  445M    0     0   82  368M      0   689k  0:11:01  0:09:07  0:01:54  811k 82  445M    0     0   82  369M      0   689k  0:11:01  0:09:08  0:01:53  803k 83  445M    0     0   83  370M      0   689k  0:11:01  0:09:09  0:01:52  802k 83  445M    0     0   83  370M      0   689k  0:11:01  0:09:10  0:01:51  807k 83  445M    0     0   83  371M      0   689k  0:11:00  0:09:11  0:01:49  803k 83  445M    0     0   83  372M      0   690k  0:11:00  0:09:12  0:01:48  805k 83  445M    0     0   83  373M      0   690k  0:11:00  0:09:13  0:01:47  816k 83  445M    0     0   83  374M      0   690k  0:11:00  0:09:14  0:01:46  810k 84  445M    0     0   84  374M      0   690k  0:11:00  0:09:15  0:01:45  810k 84  445M    0     0   84  375M      0   691k  0:10:59  0:09:16  0:01:43  813k 84  445M    0     0   84  376M      0   691k  0:10:59  0:09:17  0:01:42  808k 84  445M    0     0   84  377M      0   691k  0:10:59  0:09:18  0:01:41  802k 84  445M    0     0   84  377M      0   691k  0:10:59  0:09:19  0:01:40  810k 85  445M    0     0   85  378M      0   691k  0:10:59  0:09:20  0:01:39  810k 85  445M    0     0   85  379M      0   692k  0:10:58  0:09:21  0:01:37  811k 85  445M    0     0   85  380M      0   692k  0:10:58  0:09:22  0:01:36  819k 85  445M    0     0   85  381M      0   692k  0:10:58  0:09:23  0:01:35  816k 85  445M    0     0   85  381M      0   692k  0:10:58  0:09:24  0:01:34  813k 85  445M    0     0   85  382M      0   693k  0:10:58  0:09:25  0:01:33  813k 86  445M    0     0   86  383M      0   693k  0:10:57  0:09:26  0:01:31  810k 86  445M    0     0   86  384M      0   693k  0:10:57  0:09:27  0:01:30  806k 86  445M    0     0   86  385M      0   693k  0:10:57  0:09:28  0:01:29  814k 86  445M    0     0   86  385M      0   693k  0:10:57  0:09:29  0:01:28  817k 86  445M    0     0   86  386M      0   694k  0:10:57  0:09:30  0:01:27  817k 87  445M    0     0   87  387M      0   694k  0:10:56  0:09:31  0:01:25  822k 87  445M    0     0   87  388M      0   694k  0:10:56  0:09:32  0:01:24  825k 87  445M    0     0   87  389M      0   694k  0:10:56  0:09:33  0:01:23  825k 87  445M    0     0   87  389M      0   694k  0:10:56  0:09:34  0:01:22  822k 87  445M    0     0   87  390M      0   695k  0:10:56  0:09:35  0:01:21  822k 87  445M    0     0   87  391M      0   695k  0:10:55  0:09:36  0:01:19  815k 88  445M    0     0   88  392M      0   695k  0:10:55  0:09:37  0:01:18  816k 88  445M    0     0   88  393M      0   695k  0:10:55  0:09:38  0:01:17  805k 88  445M    0     0   88  393M      0   695k  0:10:55  0:09:39  0:01:16  806k 88  445M    0     0   88  394M      0   696k  0:10:55  0:09:40  0:01:15  805k 88  445M    0     0   88  395M      0   696k  0:10:54  0:09:41  0:01:13  810k 88  445M    0     0   88  396M      0   696k  0:10:54  0:09:42  0:01:12  806k 89  445M    0     0   89  397M      0   696k  0:10:54  0:09:43  0:01:11  816k 89  445M    0     0   89  397M      0   696k  0:10:54  0:09:44  0:01:10  816k 89  445M    0     0   89  398M      0   697k  0:10:54  0:09:45  0:01:09  813k 89  445M    0     0   89  399M      0   697k  0:10:53  0:09:46  0:01:07  811k 89  445M    0     0   89  400M      0   697k  0:10:53  0:09:47  0:01:06  813k 90  445M    0     0   90  401M      0   697k  0:10:53  0:09:48  0:01:05  808k 90  445M    0     0   90  401M      0   697k  0:10:53  0:09:49  0:01:04  808k 90  445M    0     0   90  402M      0   698k  0:10:53  0:09:50  0:01:03  816k 90  445M    0     0   90  403M      0   698k  0:10:53  0:09:51  0:01:02  821k 90  445M    0     0   90  404M      0   698k  0:10:52  0:09:52  0:01:00  818k 90  445M    0     0   90  405M      0   698k  0:10:52  0:09:53  0:00:59  826k 91  445M    0     0   91  405M      0   699k  0:10:52  0:09:54  0:00:58  825k 91  445M    0     0   91  406M      0   699k  0:10:52  0:09:55  0:00:57  819k 91  445M    0     0   91  407M      0   699k  0:10:52  0:09:56  0:00:56  814k 91  445M    0     0   91  408M      0   699k  0:10:51  0:09:57  0:00:54  818k 91  445M    0     0   91  409M      0   699k  0:10:51  0:09:58  0:00:53  820k 92  445M    0     0   92  409M      0   700k  0:10:51  0:09:59  0:00:52  820k 92  445M    0     0   92  410M      0   700k  0:10:51  0:10:00  0:00:51  823k 92  445M    0     0   92  411M      0   700k  0:10:51  0:10:01  0:00:50  826k 92  445M    0     0   92  412M      0   700k  0:10:51  0:10:02  0:00:49  815k 92  445M    0     0   92  413M      0   700k  0:10:50  0:10:03  0:00:47  811k 92  445M    0     0   92  413M      0   700k  0:10:50  0:10:04  0:00:46  811k 93  445M    0     0   93  414M      0   701k  0:10:50  0:10:05  0:00:45  807k 93  445M    0     0   93  415M      0   701k  0:10:50  0:10:06  0:00:44  807k 93  445M    0     0   93  416M      0   701k  0:10:50  0:10:07  0:00:43  806k 93  445M    0     0   93  416M      0   701k  0:10:50  0:10:08  0:00:42  807k 93  445M    0     0   93  417M      0   701k  0:10:49  0:10:09  0:00:40  807k 93  445M    0     0   93  418M      0   702k  0:10:49  0:10:10  0:00:39  810k 94  445M    0     0   94  419M      0   702k  0:10:49  0:10:11  0:00:38  804k 94  445M    0     0   94  420M      0   702k  0:10:49  0:10:12  0:00:37  812k 94  445M    0     0   94  420M      0   702k  0:10:49  0:10:13  0:00:36  816k 94  445M    0     0   94  421M      0   702k  0:10:49  0:10:14  0:00:35  812k 94  445M    0     0   94  422M      0   702k  0:10:48  0:10:15  0:00:33  803k 95  445M    0     0   95  423M      0   703k  0:10:48  0:10:16  0:00:32  805k 95  445M    0     0   95  424M      0   703k  0:10:48  0:10:17  0:00:31  809k 95  445M    0     0   95  424M      0   703k  0:10:48  0:10:18  0:00:30  806k 95  445M    0     0   95  425M      0   703k  0:10:48  0:10:19  0:00:29  810k 95  445M    0     0   95  426M      0   703k  0:10:48  0:10:20  0:00:28  815k 95  445M    0     0   95  427M      0   703k  0:10:47  0:10:21  0:00:26  815k 96  445M    0     0   96  428M      0   704k  0:10:47  0:10:22  0:00:25  816k 96  445M    0     0   96  428M      0   704k  0:10:47  0:10:23  0:00:24  815k 96  445M    0     0   96  429M      0   704k  0:10:47  0:10:24  0:00:23  814k 96  445M    0     0   96  430M      0   704k  0:10:47  0:10:25  0:00:22  818k 96  445M    0     0   96  431M      0   704k  0:10:47  0:10:26  0:00:21  817k 97  445M    0     0   97  432M      0   704k  0:10:46  0:10:27  0:00:19  815k 97  445M    0     0   97  432M      0   705k  0:10:46  0:10:28  0:00:18  816k 97  445M    0     0   97  433M      0   705k  0:10:46  0:10:29  0:00:17  820k 97  445M    0     0   97  434M      0   705k  0:10:46  0:10:30  0:00:16  818k 97  445M    0     0   97  435M      0   705k  0:10:46  0:10:31  0:00:15  815k 97  445M    0     0   97  435M      0   705k  0:10:46  0:10:32  0:00:14  810k 98  445M    0     0   98  436M      0   706k  0:10:45  0:10:33  0:00:12  812k 98  445M    0     0   98  437M      0   706k  0:10:45  0:10:34  0:00:11  799k 98  445M    0     0   98  438M      0   706k  0:10:45  0:10:35  0:00:10  805k 98  445M    0     0   98  439M      0   706k  0:10:45  0:10:36  0:00:09  806k 98  445M    0     0   98  439M      0   706k  0:10:45  0:10:37  0:00:08  813k 98  445M    0     0   98  440M      0   706k  0:10:45  0:10:38  0:00:07  813k 99  445M    0     0   99  441M      0   707k  0:10:45  0:10:39  0:00:06  821k 99  445M    0     0   99  442M      0   707k  0:10:44  0:10:40  0:00:04  816k 99  445M    0     0   99  443M      0   707k  0:10:44  0:10:41  0:00:03  824k 99  445M    0     0   99  443M      0   707k  0:10:44  0:10:42  0:00:02  818k 99  445M    0     0   99  444M      0   707k  0:10:44  0:10:43  0:00:01  810k100  445M    0     0  100  445M      0   706k  0:10:45  0:10:45 --:--:--  666k100  445M    0     0  100  445M      0   705k  0:10:46  0:10:46 --:--:--  527k100  445M    0     0  100  445M      0   704k  0:10:47  0:10:47 --:--:--  385k100  445M    0     0  100  445M      0   703k  0:10:48  0:10:48 --:--:--  247k100  445M    0     0  100  445M      0   702k  0:10:49  0:10:49 --:--:--  115k100  445M    0     0  100  445M      0   701k  0:10:50  0:10:50 --:--:--     0100  445M    0     0  100  445M      0   700k  0:10:51  0:10:51 --:--:--     0100  445M    0     0  100  445M      0   699k  0:10:52  0:10:52 --:--:--     0100  445M    0     0  100  445M      0   698k  0:10:53  0:10:53 --:--:--     0100  445M    0     0  100  445M      0   696k  0:10:54  0:10:54 --:--:--     0100  445M    0     0  100  445M      0   695k  0:10:55  0:10:55 --:--:--     0100  445M    0     0  100  445M      0   694k  0:10:56  0:10:56 --:--:--     0100  445M    0     0  100  445M      0   693k  0:10:57  0:10:57 --:--:--     0100  445M    0     0  100  445M      0   692k  0:10:58  0:10:58 --:--:--     0100  445M    0     0  100  445M      0   691k  0:10:59  0:10:59 --:--:--     0100  445M    0     0  100  445M      0   690k  0:11:00  0:11:00 --:--:--     0100  445M    0     0  100  445M      0   689k  0:11:01  0:11:01 --:--:--     0100  445M    0     0  100  445M      0   688k  0:11:02  0:11:02 --:--:--     0100  445M    0     0  100  445M      0   687k  0:11:03  0:11:03 --:--:--     0100  445M    0     0  100  445M      0   686k  0:11:04  0:11:04 --:--:--     0100  445M    0     0  100  445M      0   685k  0:11:05  0:11:05 --:--:--     0100  445M    0     0  100  445M      0   684k  0:11:06  0:11:06 --:--:--     0100  445M    0     0  100  445M      0   683k  0:11:07  0:11:07 --:--:--     0100  445M    0     0  100  445M      0   682k  0:11:08  0:11:08 --:--:--     0100  445M    0     0  100  445M      0   681k  0:11:09  0:11:09 --:--:--     0100  445M    0     0  100  445M      0   680k  0:11:10  0:11:10 --:--:--     0100  445M    0     0  100  445M      0   679k  0:11:11  0:11:11 --:--:--     0100  445M    0     0  100  445M      0   678k  0:11:12  0:11:12 --:--:--     0100  445M    0     0  100  445M      0   677k  0:11:13  0:11:13 --:--:--     0100  445M    0     0  100  445M      0   676k  0:11:14  0:11:14 --:--:--     0100  445M    0     0  100  445M      0   675k  0:11:15  0:11:15 --:--:--     0100  445M    0     0  100  445M      0   674k  0:11:16  0:11:16 --:--:--     0100  445M    0     0  100  445M      0   673k  0:11:17  0:11:17 --:--:--     0100  445M    0     0  100  445M      0   672k  0:11:18  0:11:18 --:--:--     0100  445M    0     0  100  445M      0   671k  0:11:19  0:11:19 --:--:--     0100  445M    0     0  100  445M      0   670k  0:11:20  0:11:20 --:--:--     0100  445M    0     0  100  445M      0   669k  0:11:21  0:11:21 --:--:--     0100  445M    0     0  100  445M      0   668k  0:11:22  0:11:22 --:--:--     0100  445M    0     0  100  445M      0   667k  0:11:23  0:11:23 --:--:--     0100  445M    0     0  100  445M      0   666k  0:11:24  0:11:24 --:--:--     0100  445M    0     0  100  445M      0   665k  0:11:25  0:11:25 --:--:--     0100  445M    0     0  100  445M      0   664k  0:11:26  0:11:26 --:--:--     0100  445M    0     0  100  445M      0   663k  0:11:27  0:11:27 --:--:--     0100  445M    0     0  100  445M      0   662k  0:11:28  0:11:28 --:--:--     0100  445M    0     0  100  445M      0   662k  0:11:28  0:11:28 --:--:--     0100  445M    0     0  100  445M      0   662k  0:11:28  0:11:28 --:--:--     0
