71438225
curl --location --header x-amz-auto-make-bucket:1 --header x-archive-ignore-preexisting-bucket:1 --header x-archive-queue-derive:0 --header x-archive-meta-mediatype:texts --header x-archive-meta03-collection:emory --header x-archive-meta01-collection:americanmethodism --header x-archive-meta-sponsor:Emory University, Pitts Theology Library --header x-archive-meta-contributor:Emory University, Pitts Theology Library --header x-archive-meta-ppi:300 --header authorization: LOW fpJYfLnxbLmCEHqU:JQbq6NgBaPrSh98Y --upload-file /mnt/lsdi/ocm71438225/ocm71438225/ocm71438225_MRC.xml http://s3.us.archive.org/71438225.emory.edu/71438225.emory.edu_marc.xml
  % Total    % Received % Xferd  Average Speed   Time    Time     Time  Current
                                 Dload  Upload   Total   Spent    Left  Speed
  0     0    0     0    0     0      0      0 --:--:-- --:--:-- --:--:--     0  0  4014    0     0    0     0      0      0 --:--:--  0:00:01 --:--:--     0100  4014    0     0  100  4014      0   1926  0:00:02  0:00:02 --:--:--  1998100  4014    0     0  100  4014      0   1817  0:00:02  0:00:02 --:--:--  1880
zip -r /temp/ocm71438225_images.zip /mnt/lsdi/ocm71438225/ocm71438225/Output/0001.tif /mnt/lsdi/ocm71438225/ocm71438225/Output/0002.tif /mnt/lsdi/ocm71438225/ocm71438225/Output/0003.tif /mnt/lsdi/ocm71438225/ocm71438225/Output/0004.tif /mnt/lsdi/ocm71438225/ocm71438225/Output/0005.tif /mnt/lsdi/ocm71438225/ocm71438225/Output/0006.tif /mnt/lsdi/ocm71438225/ocm71438225/Output/0007.tif /mnt/lsdi/ocm71438225/ocm71438225/Output/0008.tif /mnt/lsdi/ocm71438225/ocm71438225/Output/0009.tif /mnt/lsdi/ocm71438225/ocm71438225/Output/0010.tif /mnt/lsdi/ocm71438225/ocm71438225/Output/0011.tif /mnt/lsdi/ocm71438225/ocm71438225/Output/0012.tif /mnt/lsdi/ocm71438225/ocm71438225/Output/0013.tif /mnt/lsdi/ocm71438225/ocm71438225/Output/0014.tif /mnt/lsdi/ocm71438225/ocm71438225/Output/0015.tif /mnt/lsdi/ocm71438225/ocm71438225/Output/0016.tif /mnt/lsdi/ocm71438225/ocm71438225/Output/0016a.tif /mnt/lsdi/ocm71438225/ocm71438225/Output/0016b.tif /mnt/lsdi/ocm71438225/ocm71438225/Output/0017.tif /mnt/lsdi/ocm71438225/ocm71438225/Output/0018.tif /mnt/lsdi/ocm71438225/ocm71438225/Output/0019.tif /mnt/lsdi/ocm71438225/ocm71438225/Output/0020.tif /mnt/lsdi/ocm71438225/ocm71438225/Output/0020a.tif /mnt/lsdi/ocm71438225/ocm71438225/Output/0020b.tif /mnt/lsdi/ocm71438225/ocm71438225/Output/0021.tif /mnt/lsdi/ocm71438225/ocm71438225/Output/0022.tif /mnt/lsdi/ocm71438225/ocm71438225/Output/0022a.tif /mnt/lsdi/ocm71438225/ocm71438225/Output/0022b.tif /mnt/lsdi/ocm71438225/ocm71438225/Output/0023.tif /mnt/lsdi/ocm71438225/ocm71438225/Output/0024.tif /mnt/lsdi/ocm71438225/ocm71438225/Output/0025.tif /mnt/lsdi/ocm71438225/ocm71438225/Output/0026.tif /mnt/lsdi/ocm71438225/ocm71438225/Output/0026a.tif /mnt/lsdi/ocm71438225/ocm71438225/Output/0026b.tif /mnt/lsdi/ocm71438225/ocm71438225/Output/0027.tif /mnt/lsdi/ocm71438225/ocm71438225/Output/0028.tif /mnt/lsdi/ocm71438225/ocm71438225/Output/0029.tif /mnt/lsdi/ocm71438225/ocm71438225/Output/0030.tif /mnt/lsdi/ocm71438225/ocm71438225/Output/0031.tif /mnt/lsdi/ocm71438225/ocm71438225/Output/0032.tif /mnt/lsdi/ocm71438225/ocm71438225/Output/0033.tif /mnt/lsdi/ocm71438225/ocm71438225/Output/0034.tif /mnt/lsdi/ocm71438225/ocm71438225/Output/0035.tif /mnt/lsdi/ocm71438225/ocm71438225/Output/0036.tif /mnt/lsdi/ocm71438225/ocm71438225/Output/0037.tif /mnt/lsdi/ocm71438225/ocm71438225/Output/0038.tif /mnt/lsdi/ocm71438225/ocm71438225/Output/0039.tif /mnt/lsdi/ocm71438225/ocm71438225/Output/0040.tif /mnt/lsdi/ocm71438225/ocm71438225/Output/0041.tif /mnt/lsdi/ocm71438225/ocm71438225/Output/0042.tif /mnt/lsdi/ocm71438225/ocm71438225/Output/0043.tif /mnt/lsdi/ocm71438225/ocm71438225/Output/0044.tif /mnt/lsdi/ocm71438225/ocm71438225/Output/0044a.tif /mnt/lsdi/ocm71438225/ocm71438225/Output/0044b.tif /mnt/lsdi/ocm71438225/ocm71438225/Output/0045.tif /mnt/lsdi/ocm71438225/ocm71438225/Output/0046.tif /mnt/lsdi/ocm71438225/ocm71438225/Output/0047.tif /mnt/lsdi/ocm71438225/ocm71438225/Output/0048.tif
  adding: mnt/lsdi/ocm71438225/ocm71438225/Output/0001.tif (deflated 84%)
  adding: mnt/lsdi/ocm71438225/ocm71438225/Output/0002.tif (deflated 4%)
  adding: mnt/lsdi/ocm71438225/ocm71438225/Output/0003.tif (deflated 3%)
  adding: mnt/lsdi/ocm71438225/ocm71438225/Output/0004.tif (deflated 3%)
  adding: mnt/lsdi/ocm71438225/ocm71438225/Output/0005.tif (deflated 3%)
  adding: mnt/lsdi/ocm71438225/ocm71438225/Output/0006.tif (deflated 3%)
  adding: mnt/lsdi/ocm71438225/ocm71438225/Output/0007.tif (deflated 3%)
  adding: mnt/lsdi/ocm71438225/ocm71438225/Output/0008.tif (deflated 3%)
  adding: mnt/lsdi/ocm71438225/ocm71438225/Output/0009.tif (deflated 3%)
  adding: mnt/lsdi/ocm71438225/ocm71438225/Output/0010.tif (deflated 3%)
  adding: mnt/lsdi/ocm71438225/ocm71438225/Output/0011.tif (deflated 3%)
  adding: mnt/lsdi/ocm71438225/ocm71438225/Output/0012.tif (deflated 3%)
  adding: mnt/lsdi/ocm71438225/ocm71438225/Output/0013.tif (deflated 3%)
  adding: mnt/lsdi/ocm71438225/ocm71438225/Output/0014.tif (deflated 3%)
  adding: mnt/lsdi/ocm71438225/ocm71438225/Output/0015.tif (deflated 3%)
  adding: mnt/lsdi/ocm71438225/ocm71438225/Output/0016.tif (deflated 2%)
  adding: mnt/lsdi/ocm71438225/ocm71438225/Output/0016a.tif (deflated 3%)
  adding: mnt/lsdi/ocm71438225/ocm71438225/Output/0016b.tif (deflated 3%)
  adding: mnt/lsdi/ocm71438225/ocm71438225/Output/0017.tif (deflated 3%)
  adding: mnt/lsdi/ocm71438225/ocm71438225/Output/0018.tif (deflated 2%)
  adding: mnt/lsdi/ocm71438225/ocm71438225/Output/0019.tif (deflated 3%)
  adding: mnt/lsdi/ocm71438225/ocm71438225/Output/0020.tif (deflated 3%)
  adding: mnt/lsdi/ocm71438225/ocm71438225/Output/0020a.tif (deflated 3%)
  adding: mnt/lsdi/ocm71438225/ocm71438225/Output/0020b.tif (deflated 3%)
  adding: mnt/lsdi/ocm71438225/ocm71438225/Output/0021.tif (deflated 3%)
  adding: mnt/lsdi/ocm71438225/ocm71438225/Output/0022.tif (deflated 3%)
  adding: mnt/lsdi/ocm71438225/ocm71438225/Output/0022a.tif (deflated 3%)
  adding: mnt/lsdi/ocm71438225/ocm71438225/Output/0022b.tif (deflated 3%)
  adding: mnt/lsdi/ocm71438225/ocm71438225/Output/0023.tif (deflated 3%)
  adding: mnt/lsdi/ocm71438225/ocm71438225/Output/0024.tif (deflated 3%)
  adding: mnt/lsdi/ocm71438225/ocm71438225/Output/0025.tif (deflated 3%)
  adding: mnt/lsdi/ocm71438225/ocm71438225/Output/0026.tif (deflated 3%)
  adding: mnt/lsdi/ocm71438225/ocm71438225/Output/0026a.tif (deflated 3%)
  adding: mnt/lsdi/ocm71438225/ocm71438225/Output/0026b.tif (deflated 3%)
  adding: mnt/lsdi/ocm71438225/ocm71438225/Output/0027.tif (deflated 3%)
  adding: mnt/lsdi/ocm71438225/ocm71438225/Output/0028.tif (deflated 3%)
  adding: mnt/lsdi/ocm71438225/ocm71438225/Output/0029.tif (deflated 2%)
  adding: mnt/lsdi/ocm71438225/ocm71438225/Output/0030.tif (deflated 2%)
  adding: mnt/lsdi/ocm71438225/ocm71438225/Output/0031.tif (deflated 3%)
  adding: mnt/lsdi/ocm71438225/ocm71438225/Output/0032.tif (deflated 3%)
  adding: mnt/lsdi/ocm71438225/ocm71438225/Output/0033.tif (deflated 3%)
  adding: mnt/lsdi/ocm71438225/ocm71438225/Output/0034.tif (deflated 3%)
  adding: mnt/lsdi/ocm71438225/ocm71438225/Output/0035.tif (deflated 3%)
  adding: mnt/lsdi/ocm71438225/ocm71438225/Output/0036.tif (deflated 3%)
  adding: mnt/lsdi/ocm71438225/ocm71438225/Output/0037.tif (deflated 3%)
  adding: mnt/lsdi/ocm71438225/ocm71438225/Output/0038.tif (deflated 3%)
  adding: mnt/lsdi/ocm71438225/ocm71438225/Output/0039.tif (deflated 2%)
  adding: mnt/lsdi/ocm71438225/ocm71438225/Output/0040.tif (deflated 4%)
  adding: mnt/lsdi/ocm71438225/ocm71438225/Output/0041.tif (deflated 3%)
  adding: mnt/lsdi/ocm71438225/ocm71438225/Output/0042.tif (deflated 3%)
  adding: mnt/lsdi/ocm71438225/ocm71438225/Output/0043.tif (deflated 3%)
  adding: mnt/lsdi/ocm71438225/ocm71438225/Output/0044.tif (deflated 3%)
  adding: mnt/lsdi/ocm71438225/ocm71438225/Output/0044a.tif (deflated 3%)
  adding: mnt/lsdi/ocm71438225/ocm71438225/Output/0044b.tif (deflated 3%)
  adding: mnt/lsdi/ocm71438225/ocm71438225/Output/0045.tif (deflated 3%)
  adding: mnt/lsdi/ocm71438225/ocm71438225/Output/0046.tif (deflated 3%)
  adding: mnt/lsdi/ocm71438225/ocm71438225/Output/0047.tif (deflated 2%)
  adding: mnt/lsdi/ocm71438225/ocm71438225/Output/0048.tif (deflated 84%)
curl --location --header authorization: LOW fpJYfLnxbLmCEHqU:JQbq6NgBaPrSh98Y --upload-file /temp/ocm71438225_images.zip http://s3.us.archive.org/71438225.emory.edu/71438225_images.zip
  % Total    % Received % Xferd  Average Speed   Time    Time     Time  Current
                                 Dload  Upload   Total   Spent    Left  Speed
  0     0    0     0    0     0      0      0 --:--:-- --:--:-- --:--:--     0  0 4524k    0     0    0     0      0      0 --:--:-- --:--:-- --:--:--     0  8 4524k    0     0    8  368k      0   272k  0:00:16  0:00:01  0:00:15  287k 27 4524k    0     0   27 1248k      0   541k  0:00:08  0:00:02  0:00:06  559k 47 4524k    0     0   47 2128k      0   645k  0:00:07  0:00:03  0:00:04  659k 66 4524k    0     0   66 3008k      0   699k  0:00:06  0:00:04  0:00:02  711k 86 4524k    0     0   86 3904k      0   736k  0:00:06  0:00:05  0:00:01  894k100 4524k    0     0  100 4524k      0   645k  0:00:07  0:00:07 --:--:--  734k100 4524k    0     0  100 4524k      0   622k  0:00:07  0:00:07 --:--:--  659k
