246428979
curl --location --header x-amz-auto-make-bucket:1 --header x-archive-ignore-preexisting-bucket:1 --header x-archive-queue-derive:0 --header x-archive-meta-mediatype:texts --header x-archive-meta01-collection:medicalheritagelibrary --header x-archive-meta03-collection:emory --header x-archive-meta-sponsor:Emory University, Woodruff Health Sciences Center Library --header x-archive-meta-contributor:Emory University, Woodruff Health Sciences Center Library --header x-archive-meta-ppi:400 --header authorization: LOW fpJYfLnxbLmCEHqU:JQbq6NgBaPrSh98Y --upload-file /mnt/lsdi2/ocn246428979-5955/ocn246428979/ocn246428979_MRC.xml http://s3.us.archive.org/246428979.5955.emory.edu/246428979.5955.emory.edu_marc.xml
  % Total    % Received % Xferd  Average Speed   Time    Time     Time  Current
                                 Dload  Upload   Total   Spent    Left  Speed
  0     0    0     0    0     0      0      0 --:--:-- --:--:-- --:--:--     0  0  4868    0     0    0     0      0      0 --:--:--  0:00:01 --:--:--     0100  4868    0     0  100  4868      0   1978  0:00:02  0:00:02 --:--:--  2430100  4868    0     0  100  4868      0   1568  0:00:03  0:00:03 --:--:--  1839100  4868    0     0  100  4868      0   1186  0:00:04  0:00:04 --:--:--  1334100  4868    0     0  100  4868      0    953  0:00:05  0:00:05 --:--:--  1047100  4868    0     0  100  4868      0    797  0:00:06  0:00:06 --:--:--  1047100  4868    0     0  100  4868      0    684  0:00:07  0:00:07 --:--:--     0100  4868    0     0  100  4868      0    600  0:00:08  0:00:08 --:--:--     0100  4868    0     0  100  4868      0    534  0:00:09  0:00:09 --:--:--     0100  4868    0     0  100  4868      0    481  0:00:10  0:00:10 --:--:--     0100  4868    0     0  100  4868      0    470  0:00:10  0:00:10 --:--:--     0
zip -r /temp/ocn246428979_5955_images.zip /mnt/lsdi2/ocn246428979-5955/ocn246428979/Output/Images/JP2
  adding: mnt/lsdi2/ocn246428979-5955/ocn246428979/Output/Images/JP2/ (stored 0%)
  adding: mnt/lsdi2/ocn246428979-5955/ocn246428979/Output/Images/JP2/0030.jp2 (deflated 0%)
  adding: mnt/lsdi2/ocn246428979-5955/ocn246428979/Output/Images/JP2/0421.jp2 (deflated 0%)
  adding: mnt/lsdi2/ocn246428979-5955/ocn246428979/Output/Images/JP2/0130.jp2 (deflated 0%)
  adding: mnt/lsdi2/ocn246428979-5955/ocn246428979/Output/Images/JP2/0249.jp2 (deflated 0%)
  adding: mnt/lsdi2/ocn246428979-5955/ocn246428979/Output/Images/JP2/0433.jp2 (deflated 0%)
  adding: mnt/lsdi2/ocn246428979-5955/ocn246428979/Output/Images/JP2/0100.jp2 (deflated 0%)
  adding: mnt/lsdi2/ocn246428979-5955/ocn246428979/Output/Images/JP2/0175.jp2 (deflated 0%)
  adding: mnt/lsdi2/ocn246428979-5955/ocn246428979/Output/Images/JP2/0061.jp2 (deflated 0%)
  adding: mnt/lsdi2/ocn246428979-5955/ocn246428979/Output/Images/JP2/0057.jp2 (deflated 0%)
  adding: mnt/lsdi2/ocn246428979-5955/ocn246428979/Output/Images/JP2/0386.jp2 (deflated 0%)
  adding: mnt/lsdi2/ocn246428979-5955/ocn246428979/Output/Images/JP2/0199.jp2 (deflated 0%)
  adding: mnt/lsdi2/ocn246428979-5955/ocn246428979/Output/Images/JP2/0062.jp2 (deflated 0%)
  adding: mnt/lsdi2/ocn246428979-5955/ocn246428979/Output/Images/JP2/0036.jp2 (deflated 0%)
  adding: mnt/lsdi2/ocn246428979-5955/ocn246428979/Output/Images/JP2/0245.jp2 (deflated 0%)
  adding: mnt/lsdi2/ocn246428979-5955/ocn246428979/Output/Images/JP2/0170.jp2 (deflated 0%)
  adding: mnt/lsdi2/ocn246428979-5955/ocn246428979/Output/Images/JP2/0320.jp2 (deflated 0%)
  adding: mnt/lsdi2/ocn246428979-5955/ocn246428979/Output/Images/JP2/0238.jp2 (deflated 0%)
  adding: mnt/lsdi2/ocn246428979-5955/ocn246428979/Output/Images/JP2/0107.jp2 (deflated 0%)
  adding: mnt/lsdi2/ocn246428979-5955/ocn246428979/Output/Images/JP2/0085.jp2 (deflated 0%)
  adding: mnt/lsdi2/ocn246428979-5955/ocn246428979/Output/Images/JP2/0132.jp2 (deflated 0%)
  adding: mnt/lsdi2/ocn246428979-5955/ocn246428979/Output/Images/JP2/0361.jp2 (deflated 0%)
  adding: mnt/lsdi2/ocn246428979-5955/ocn246428979/Output/Images/JP2/0387.jp2 (deflated 0%)
  adding: mnt/lsdi2/ocn246428979-5955/ocn246428979/Output/Images/JP2/0178.jp2 (deflated 0%)
  adding: mnt/lsdi2/ocn246428979-5955/ocn246428979/Output/Images/JP2/0010.jp2 (deflated 0%)
  adding: mnt/lsdi2/ocn246428979-5955/ocn246428979/Output/Images/JP2/0355.jp2 (deflated 0%)
  adding: mnt/lsdi2/ocn246428979-5955/ocn246428979/Output/Images/JP2/0013.jp2 (deflated 0%)
  adding: mnt/lsdi2/ocn246428979-5955/ocn246428979/Output/Images/JP2/0089.jp2 (deflated 0%)
  adding: mnt/lsdi2/ocn246428979-5955/ocn246428979/Output/Images/JP2/0260.jp2 (deflated 0%)
  adding: mnt/lsdi2/ocn246428979-5955/ocn246428979/Output/Images/JP2/0121.jp2 (deflated 0%)
  adding: mnt/lsdi2/ocn246428979-5955/ocn246428979/Output/Images/JP2/0141.jp2 (deflated 0%)
  adding: mnt/lsdi2/ocn246428979-5955/ocn246428979/Output/Images/JP2/0434.jp2 (deflated 0%)
  adding: mnt/lsdi2/ocn246428979-5955/ocn246428979/Output/Images/JP2/0401.jp2 (deflated 0%)
  adding: mnt/lsdi2/ocn246428979-5955/ocn246428979/Output/Images/JP2/0375.jp2 (deflated 0%)
  adding: mnt/lsdi2/ocn246428979-5955/ocn246428979/Output/Images/JP2/0270.jp2 (deflated 0%)
  adding: mnt/lsdi2/ocn246428979-5955/ocn246428979/Output/Images/JP2/0090.jp2 (deflated 0%)
  adding: mnt/lsdi2/ocn246428979-5955/ocn246428979/Output/Images/JP2/0331.jp2 (deflated 0%)
  adding: mnt/lsdi2/ocn246428979-5955/ocn246428979/Output/Images/JP2/0188.jp2 (deflated 0%)
  adding: mnt/lsdi2/ocn246428979-5955/ocn246428979/Output/Images/JP2/0376.jp2 (deflated 0%)
  adding: mnt/lsdi2/ocn246428979-5955/ocn246428979/Output/Images/JP2/0102.jp2 (deflated 0%)
  adding: mnt/lsdi2/ocn246428979-5955/ocn246428979/Output/Images/JP2/0347.jp2 (deflated 0%)
  adding: mnt/lsdi2/ocn246428979-5955/ocn246428979/Output/Images/JP2/0042.jp2 (deflated 0%)
  adding: mnt/lsdi2/ocn246428979-5955/ocn246428979/Output/Images/JP2/0341.jp2 (deflated 0%)
  adding: mnt/lsdi2/ocn246428979-5955/ocn246428979/Output/Images/JP2/0264.jp2 (deflated 0%)
  adding: mnt/lsdi2/ocn246428979-5955/ocn246428979/Output/Images/JP2/0265.jp2 (deflated 0%)
  adding: mnt/lsdi2/ocn246428979-5955/ocn246428979/Output/Images/JP2/0149.jp2 (deflated 0%)
  adding: mnt/lsdi2/ocn246428979-5955/ocn246428979/Output/Images/JP2/0329.jp2 (deflated 0%)
  adding: mnt/lsdi2/ocn246428979-5955/ocn246428979/Output/Images/JP2/0091.jp2 (deflated 0%)
  adding: mnt/lsdi2/ocn246428979-5955/ocn246428979/Output/Images/JP2/0179.jp2 (deflated 0%)
  adding: mnt/lsdi2/ocn246428979-5955/ocn246428979/Output/Images/JP2/0174.jp2 (deflated 0%)
  adding: mnt/lsdi2/ocn246428979-5955/ocn246428979/Output/Images/JP2/0120.jp2 (deflated 0%)
  adding: mnt/lsdi2/ocn246428979-5955/ocn246428979/Output/Images/JP2/0098.jp2 (deflated 0%)
  adding: mnt/lsdi2/ocn246428979-5955/ocn246428979/Output/Images/JP2/0086.jp2 (deflated 0%)
  adding: mnt/lsdi2/ocn246428979-5955/ocn246428979/Output/Images/JP2/0392.jp2 (deflated 0%)
  adding: mnt/lsdi2/ocn246428979-5955/ocn246428979/Output/Images/JP2/0316.jp2 (deflated 0%)
  adding: mnt/lsdi2/ocn246428979-5955/ocn246428979/Output/Images/JP2/0390.jp2 (deflated 0%)
  adding: mnt/lsdi2/ocn246428979-5955/ocn246428979/Output/Images/JP2/0335.jp2 (deflated 0%)
  adding: mnt/lsdi2/ocn246428979-5955/ocn246428979/Output/Images/JP2/0300.jp2 (deflated 0%)
  adding: mnt/lsdi2/ocn246428979-5955/ocn246428979/Output/Images/JP2/0230.jp2 (deflated 0%)
  adding: mnt/lsdi2/ocn246428979-5955/ocn246428979/Output/Images/JP2/0227.jp2 (deflated 0%)
  adding: mnt/lsdi2/ocn246428979-5955/ocn246428979/Output/Images/JP2/0047.jp2 (deflated 0%)
  adding: mnt/lsdi2/ocn246428979-5955/ocn246428979/Output/Images/JP2/0159.jp2 (deflated 0%)
  adding: mnt/lsdi2/ocn246428979-5955/ocn246428979/Output/Images/JP2/0391.jp2 (deflated 0%)
  adding: mnt/lsdi2/ocn246428979-5955/ocn246428979/Output/Images/JP2/0364.jp2 (deflated 0%)
  adding: mnt/lsdi2/ocn246428979-5955/ocn246428979/Output/Images/JP2/0136.jp2 (deflated 0%)
  adding: mnt/lsdi2/ocn246428979-5955/ocn246428979/Output/Images/JP2/0034.jp2 (deflated 0%)
  adding: mnt/lsdi2/ocn246428979-5955/ocn246428979/Output/Images/JP2/0140.jp2 (deflated 0%)
  adding: mnt/lsdi2/ocn246428979-5955/ocn246428979/Output/Images/JP2/0195.jp2 (deflated 0%)
  adding: mnt/lsdi2/ocn246428979-5955/ocn246428979/Output/Images/JP2/0015.jp2 (deflated 0%)
  adding: mnt/lsdi2/ocn246428979-5955/ocn246428979/Output/Images/JP2/0234.jp2 (deflated 0%)
  adding: mnt/lsdi2/ocn246428979-5955/ocn246428979/Output/Images/JP2/0070.jp2 (deflated 0%)
  adding: mnt/lsdi2/ocn246428979-5955/ocn246428979/Output/Images/JP2/0274.jp2 (deflated 0%)
  adding: mnt/lsdi2/ocn246428979-5955/ocn246428979/Output/Images/JP2/0126.jp2 (deflated 0%)
  adding: mnt/lsdi2/ocn246428979-5955/ocn246428979/Output/Images/JP2/0111.jp2 (deflated 0%)
  adding: mnt/lsdi2/ocn246428979-5955/ocn246428979/Output/Images/JP2/0113.jp2 (deflated 0%)
  adding: mnt/lsdi2/ocn246428979-5955/ocn246428979/Output/Images/JP2/0115.jp2 (deflated 0%)
  adding: mnt/lsdi2/ocn246428979-5955/ocn246428979/Output/Images/JP2/0305.jp2 (deflated 0%)
  adding: mnt/lsdi2/ocn246428979-5955/ocn246428979/Output/Images/JP2/0423.jp2 (deflated 0%)
  adding: mnt/lsdi2/ocn246428979-5955/ocn246428979/Output/Images/JP2/0182.jp2 (deflated 0%)
  adding: mnt/lsdi2/ocn246428979-5955/ocn246428979/Output/Images/JP2/0370.jp2 (deflated 0%)
  adding: mnt/lsdi2/ocn246428979-5955/ocn246428979/Output/Images/JP2/0313.jp2 (deflated 0%)
  adding: mnt/lsdi2/ocn246428979-5955/ocn246428979/Output/Images/JP2/0419.jp2 (deflated 0%)
  adding: mnt/lsdi2/ocn246428979-5955/ocn246428979/Output/Images/JP2/0279.jp2 (deflated 0%)
  adding: mnt/lsdi2/ocn246428979-5955/ocn246428979/Output/Images/JP2/0360.jp2 (deflated 0%)
  adding: mnt/lsdi2/ocn246428979-5955/ocn246428979/Output/Images/JP2/0186.jp2 (deflated 0%)
  adding: mnt/lsdi2/ocn246428979-5955/ocn246428979/Output/Images/JP2/0290.jp2 (deflated 0%)
  adding: mnt/lsdi2/ocn246428979-5955/ocn246428979/Output/Images/JP2/0124.jp2 (deflated 0%)
  adding: mnt/lsdi2/ocn246428979-5955/ocn246428979/Output/Images/JP2/0242.jp2 (deflated 0%)
  adding: mnt/lsdi2/ocn246428979-5955/ocn246428979/Output/Images/JP2/0321.jp2 (deflated 0%)
  adding: mnt/lsdi2/ocn246428979-5955/ocn246428979/Output/Images/JP2/0223.jp2 (deflated 0%)
  adding: mnt/lsdi2/ocn246428979-5955/ocn246428979/Output/Images/JP2/0395.jp2 (deflated 0%)
  adding: mnt/lsdi2/ocn246428979-5955/ocn246428979/Output/Images/JP2/0027.jp2 (deflated 0%)
  adding: mnt/lsdi2/ocn246428979-5955/ocn246428979/Output/Images/JP2/0319.jp2 (deflated 0%)
  adding: mnt/lsdi2/ocn246428979-5955/ocn246428979/Output/Images/JP2/0064.jp2 (deflated 0%)
  adding: mnt/lsdi2/ocn246428979-5955/ocn246428979/Output/Images/JP2/0348.jp2 (deflated 0%)
  adding: mnt/lsdi2/ocn246428979-5955/ocn246428979/Output/Images/JP2/0007.jp2 (deflated 0%)
  adding: mnt/lsdi2/ocn246428979-5955/ocn246428979/Output/Images/JP2/0191.jp2 (deflated 0%)
  adding: mnt/lsdi2/ocn246428979-5955/ocn246428979/Output/Images/JP2/0066.jp2 (deflated 0%)
  adding: mnt/lsdi2/ocn246428979-5955/ocn246428979/Output/Images/JP2/0278.jp2 (deflated 0%)
  adding: mnt/lsdi2/ocn246428979-5955/ocn246428979/Output/Images/JP2/0153.jp2 (deflated 0%)
  adding: mnt/lsdi2/ocn246428979-5955/ocn246428979/Output/Images/JP2/0266.jp2 (deflated 0%)
  adding: mnt/lsdi2/ocn246428979-5955/ocn246428979/Output/Images/JP2/0246.jp2 (deflated 0%)
  adding: mnt/lsdi2/ocn246428979-5955/ocn246428979/Output/Images/JP2/0220.jp2 (deflated 0%)
  adding: mnt/lsdi2/ocn246428979-5955/ocn246428979/Output/Images/JP2/0119.jp2 (deflated 0%)
  adding: mnt/lsdi2/ocn246428979-5955/ocn246428979/Output/Images/JP2/0096.jp2 (deflated 0%)
  adding: mnt/lsdi2/ocn246428979-5955/ocn246428979/Output/Images/JP2/0050.jp2 (deflated 0%)
  adding: mnt/lsdi2/ocn246428979-5955/ocn246428979/Output/Images/JP2/0114.jp2 (deflated 0%)
  adding: mnt/lsdi2/ocn246428979-5955/ocn246428979/Output/Images/JP2/0146.jp2 (deflated 0%)
  adding: mnt/lsdi2/ocn246428979-5955/ocn246428979/Output/Images/JP2/0307.jp2 (deflated 0%)
  adding: mnt/lsdi2/ocn246428979-5955/ocn246428979/Output/Images/JP2/0282.jp2 (deflated 0%)
  adding: mnt/lsdi2/ocn246428979-5955/ocn246428979/Output/Images/JP2/0429.jp2 (deflated 0%)
  adding: mnt/lsdi2/ocn246428979-5955/ocn246428979/Output/Images/JP2/0399.jp2 (deflated 0%)
  adding: mnt/lsdi2/ocn246428979-5955/ocn246428979/Output/Images/JP2/0032.jp2 (deflated 0%)
  adding: mnt/lsdi2/ocn246428979-5955/ocn246428979/Output/Images/JP2/0037.jp2 (deflated 0%)
  adding: mnt/lsdi2/ocn246428979-5955/ocn246428979/Output/Images/JP2/0284.jp2 (deflated 0%)
  adding: mnt/lsdi2/ocn246428979-5955/ocn246428979/Output/Images/JP2/0393.jp2 (deflated 0%)
  adding: mnt/lsdi2/ocn246428979-5955/ocn246428979/Output/Images/JP2/0352.jp2 (deflated 0%)
  adding: mnt/lsdi2/ocn246428979-5955/ocn246428979/Output/Images/JP2/0277.jp2 (deflated 0%)
  adding: mnt/lsdi2/ocn246428979-5955/ocn246428979/Output/Images/JP2/0128.jp2 (deflated 0%)
  adding: mnt/lsdi2/ocn246428979-5955/ocn246428979/Output/Images/JP2/0105.jp2 (deflated 0%)
  adding: mnt/lsdi2/ocn246428979-5955/ocn246428979/Output/Images/JP2/0012.jp2 (deflated 0%)
  adding: mnt/lsdi2/ocn246428979-5955/ocn246428979/Output/Images/JP2/0203.jp2 (deflated 0%)
  adding: mnt/lsdi2/ocn246428979-5955/ocn246428979/Output/Images/JP2/0148.jp2 (deflated 0%)
  adding: mnt/lsdi2/ocn246428979-5955/ocn246428979/Output/Images/JP2/0123.jp2 (deflated 0%)
  adding: mnt/lsdi2/ocn246428979-5955/ocn246428979/Output/Images/JP2/0377.jp2 (deflated 0%)
  adding: mnt/lsdi2/ocn246428979-5955/ocn246428979/Output/Images/JP2/0312.jp2 (deflated 0%)
  adding: mnt/lsdi2/ocn246428979-5955/ocn246428979/Output/Images/JP2/0082.jp2 (deflated 0%)
  adding: mnt/lsdi2/ocn246428979-5955/ocn246428979/Output/Images/JP2/0259.jp2 (deflated 0%)
  adding: mnt/lsdi2/ocn246428979-5955/ocn246428979/Output/Images/JP2/0236.jp2 (deflated 0%)
  adding: mnt/lsdi2/ocn246428979-5955/ocn246428979/Output/Images/JP2/0158.jp2 (deflated 0%)
  adding: mnt/lsdi2/ocn246428979-5955/ocn246428979/Output/Images/JP2/0144.jp2 (deflated 0%)
  adding: mnt/lsdi2/ocn246428979-5955/ocn246428979/Output/Images/JP2/0317.jp2 (deflated 0%)
  adding: mnt/lsdi2/ocn246428979-5955/ocn246428979/Output/Images/JP2/0219.jp2 (deflated 0%)
  adding: mnt/lsdi2/ocn246428979-5955/ocn246428979/Output/Images/JP2/0291.jp2 (deflated 0%)
  adding: mnt/lsdi2/ocn246428979-5955/ocn246428979/Output/Images/JP2/0023.jp2 (deflated 0%)
  adding: mnt/lsdi2/ocn246428979-5955/ocn246428979/Output/Images/JP2/0076.jp2 (deflated 0%)
  adding: mnt/lsdi2/ocn246428979-5955/ocn246428979/Output/Images/JP2/0273.jp2 (deflated 0%)
  adding: mnt/lsdi2/ocn246428979-5955/ocn246428979/Output/Images/JP2/0309.jp2 (deflated 0%)
  adding: mnt/lsdi2/ocn246428979-5955/ocn246428979/Output/Images/JP2/0063.jp2 (deflated 0%)
  adding: mnt/lsdi2/ocn246428979-5955/ocn246428979/Output/Images/JP2/0363.jp2 (deflated 0%)
  adding: mnt/lsdi2/ocn246428979-5955/ocn246428979/Output/Images/JP2/0139.jp2 (deflated 0%)
  adding: mnt/lsdi2/ocn246428979-5955/ocn246428979/Output/Images/JP2/0072.jp2 (deflated 0%)
  adding: mnt/lsdi2/ocn246428979-5955/ocn246428979/Output/Images/JP2/0004.jp2 (deflated 0%)
  adding: mnt/lsdi2/ocn246428979-5955/ocn246428979/Output/Images/JP2/0067.jp2 (deflated 0%)
  adding: mnt/lsdi2/ocn246428979-5955/ocn246428979/Output/Images/JP2/0228.jp2 (deflated 0%)
  adding: mnt/lsdi2/ocn246428979-5955/ocn246428979/Output/Images/JP2/0373.jp2 (deflated 0%)
  adding: mnt/lsdi2/ocn246428979-5955/ocn246428979/Output/Images/JP2/0145.jp2 (deflated 0%)
  adding: mnt/lsdi2/ocn246428979-5955/ocn246428979/Output/Images/JP2/0239.jp2 (deflated 0%)
  adding: mnt/lsdi2/ocn246428979-5955/ocn246428979/Output/Images/JP2/0041.jp2 (deflated 0%)
  adding: mnt/lsdi2/ocn246428979-5955/ocn246428979/Output/Images/JP2/0210.jp2 (deflated 0%)
  adding: mnt/lsdi2/ocn246428979-5955/ocn246428979/Output/Images/JP2/0171.jp2 (deflated 0%)
  adding: mnt/lsdi2/ocn246428979-5955/ocn246428979/Output/Images/JP2/0283.jp2 (deflated 0%)
  adding: mnt/lsdi2/ocn246428979-5955/ocn246428979/Output/Images/JP2/0207.jp2 (deflated 0%)
  adding: mnt/lsdi2/ocn246428979-5955/ocn246428979/Output/Images/JP2/0218.jp2 (deflated 0%)
  adding: mnt/lsdi2/ocn246428979-5955/ocn246428979/Output/Images/JP2/0087.jp2 (deflated 0%)
  adding: mnt/lsdi2/ocn246428979-5955/ocn246428979/Output/Images/JP2/0117.jp2 (deflated 0%)
  adding: mnt/lsdi2/ocn246428979-5955/ocn246428979/Output/Images/JP2/0342.jp2 (deflated 0%)
  adding: mnt/lsdi2/ocn246428979-5955/ocn246428979/Output/Images/JP2/0122.jp2 (deflated 0%)
  adding: mnt/lsdi2/ocn246428979-5955/ocn246428979/Output/Images/JP2/0162.jp2 (deflated 0%)
  adding: mnt/lsdi2/ocn246428979-5955/ocn246428979/Output/Images/JP2/0389.jp2 (deflated 0%)
  adding: mnt/lsdi2/ocn246428979-5955/ocn246428979/Output/Images/JP2/0201.jp2 (deflated 0%)
  adding: mnt/lsdi2/ocn246428979-5955/ocn246428979/Output/Images/JP2/0431.jp2 (deflated 0%)
  adding: mnt/lsdi2/ocn246428979-5955/ocn246428979/Output/Images/JP2/0308.jp2 (deflated 0%)
  adding: mnt/lsdi2/ocn246428979-5955/ocn246428979/Output/Images/JP2/0075.jp2 (deflated 0%)
  adding: mnt/lsdi2/ocn246428979-5955/ocn246428979/Output/Images/JP2/0129.jp2 (deflated 0%)
  adding: mnt/lsdi2/ocn246428979-5955/ocn246428979/Output/Images/JP2/0097.jp2 (deflated 0%)
  adding: mnt/lsdi2/ocn246428979-5955/ocn246428979/Output/Images/JP2/0213.jp2 (deflated 0%)
  adding: mnt/lsdi2/ocn246428979-5955/ocn246428979/Output/Images/JP2/0292.jp2 (deflated 0%)
  adding: mnt/lsdi2/ocn246428979-5955/ocn246428979/Output/Images/JP2/0323.jp2 (deflated 0%)
  adding: mnt/lsdi2/ocn246428979-5955/ocn246428979/Output/Images/JP2/0400.jp2 (deflated 0%)
  adding: mnt/lsdi2/ocn246428979-5955/ocn246428979/Output/Images/JP2/0398.jp2 (deflated 0%)
  adding: mnt/lsdi2/ocn246428979-5955/ocn246428979/Output/Images/JP2/0256.jp2 (deflated 0%)
  adding: mnt/lsdi2/ocn246428979-5955/ocn246428979/Output/Images/JP2/0325.jp2 (deflated 0%)
  adding: mnt/lsdi2/ocn246428979-5955/ocn246428979/Output/Images/JP2/0079.jp2 (deflated 0%)
  adding: mnt/lsdi2/ocn246428979-5955/ocn246428979/Output/Images/JP2/0280.jp2 (deflated 0%)
  adding: mnt/lsdi2/ocn246428979-5955/ocn246428979/Output/Images/JP2/0382.jp2 (deflated 0%)
  adding: mnt/lsdi2/ocn246428979-5955/ocn246428979/Output/Images/JP2/0177.jp2 (deflated 0%)
  adding: mnt/lsdi2/ocn246428979-5955/ocn246428979/Output/Images/JP2/0414.jp2 (deflated 0%)
  adding: mnt/lsdi2/ocn246428979-5955/ocn246428979/Output/Images/JP2/0005.jp2 (deflated 0%)
  adding: mnt/lsdi2/ocn246428979-5955/ocn246428979/Output/Images/JP2/0208.jp2 (deflated 0%)
  adding: mnt/lsdi2/ocn246428979-5955/ocn246428979/Output/Images/JP2/0078.jp2 (deflated 0%)
  adding: mnt/lsdi2/ocn246428979-5955/ocn246428979/Output/Images/JP2/0403.jp2 (deflated 0%)
  adding: mnt/lsdi2/ocn246428979-5955/ocn246428979/Output/Images/JP2/0029.jp2 (deflated 0%)
  adding: mnt/lsdi2/ocn246428979-5955/ocn246428979/Output/Images/JP2/0127.jp2 (deflated 0%)
  adding: mnt/lsdi2/ocn246428979-5955/ocn246428979/Output/Images/JP2/0432.jp2 (deflated 0%)
  adding: mnt/lsdi2/ocn246428979-5955/ocn246428979/Output/Images/JP2/0055.jp2 (deflated 0%)
  adding: mnt/lsdi2/ocn246428979-5955/ocn246428979/Output/Images/JP2/0028.jp2 (deflated 0%)
  adding: mnt/lsdi2/ocn246428979-5955/ocn246428979/Output/Images/JP2/0353.jp2 (deflated 0%)
  adding: mnt/lsdi2/ocn246428979-5955/ocn246428979/Output/Images/JP2/0189.jp2 (deflated 0%)
  adding: mnt/lsdi2/ocn246428979-5955/ocn246428979/Output/Images/JP2/0165.jp2 (deflated 0%)
  adding: mnt/lsdi2/ocn246428979-5955/ocn246428979/Output/Images/JP2/0384.jp2 (deflated 0%)
  adding: mnt/lsdi2/ocn246428979-5955/ocn246428979/Output/Images/JP2/0333.jp2 (deflated 0%)
  adding: mnt/lsdi2/ocn246428979-5955/ocn246428979/Output/Images/JP2/0381.jp2 (deflated 0%)
  adding: mnt/lsdi2/ocn246428979-5955/ocn246428979/Output/Images/JP2/0018.jp2 (deflated 0%)
  adding: mnt/lsdi2/ocn246428979-5955/ocn246428979/Output/Images/JP2/0221.jp2 (deflated 0%)
  adding: mnt/lsdi2/ocn246428979-5955/ocn246428979/Output/Images/JP2/0206.jp2 (deflated 0%)
  adding: mnt/lsdi2/ocn246428979-5955/ocn246428979/Output/Images/JP2/0356.jp2 (deflated 0%)
  adding: mnt/lsdi2/ocn246428979-5955/ocn246428979/Output/Images/JP2/0413.jp2 (deflated 0%)
  adding: mnt/lsdi2/ocn246428979-5955/ocn246428979/Output/Images/JP2/0134.jp2 (deflated 0%)
  adding: mnt/lsdi2/ocn246428979-5955/ocn246428979/Output/Images/JP2/0043.jp2 (deflated 0%)
  adding: mnt/lsdi2/ocn246428979-5955/ocn246428979/Output/Images/JP2/0289.jp2 (deflated 0%)
  adding: mnt/lsdi2/ocn246428979-5955/ocn246428979/Output/Images/JP2/0151.jp2 (deflated 0%)
  adding: mnt/lsdi2/ocn246428979-5955/ocn246428979/Output/Images/JP2/0065.jp2 (deflated 0%)
  adding: mnt/lsdi2/ocn246428979-5955/ocn246428979/Output/Images/JP2/0255.jp2 (deflated 0%)
  adding: mnt/lsdi2/ocn246428979-5955/ocn246428979/Output/Images/JP2/0427.jp2 (deflated 0%)
  adding: mnt/lsdi2/ocn246428979-5955/ocn246428979/Output/Images/JP2/0150.jp2 (deflated 0%)
  adding: mnt/lsdi2/ocn246428979-5955/ocn246428979/Output/Images/JP2/0112.jp2 (deflated 0%)
  adding: mnt/lsdi2/ocn246428979-5955/ocn246428979/Output/Images/JP2/0168.jp2 (deflated 0%)
  adding: mnt/lsdi2/ocn246428979-5955/ocn246428979/Output/Images/JP2/0252.jp2 (deflated 0%)
  adding: mnt/lsdi2/ocn246428979-5955/ocn246428979/Output/Images/JP2/0068.jp2 (deflated 0%)
  adding: mnt/lsdi2/ocn246428979-5955/ocn246428979/Output/Images/JP2/0044.jp2 (deflated 0%)
  adding: mnt/lsdi2/ocn246428979-5955/ocn246428979/Output/Images/JP2/0296.jp2 (deflated 0%)
  adding: mnt/lsdi2/ocn246428979-5955/ocn246428979/Output/Images/JP2/0404.jp2 (deflated 0%)
  adding: mnt/lsdi2/ocn246428979-5955/ocn246428979/Output/Images/JP2/0049.jp2 (deflated 0%)
  adding: mnt/lsdi2/ocn246428979-5955/ocn246428979/Output/Images/JP2/0343.jp2 (deflated 0%)
  adding: mnt/lsdi2/ocn246428979-5955/ocn246428979/Output/Images/JP2/0160.jp2 (deflated 0%)
  adding: mnt/lsdi2/ocn246428979-5955/ocn246428979/Output/Images/JP2/0314.jp2 (deflated 0%)
  adding: mnt/lsdi2/ocn246428979-5955/ocn246428979/Output/Images/JP2/0212.jp2 (deflated 0%)
  adding: mnt/lsdi2/ocn246428979-5955/ocn246428979/Output/Images/JP2/0088.jp2 (deflated 0%)
  adding: mnt/lsdi2/ocn246428979-5955/ocn246428979/Output/Images/JP2/0204.jp2 (deflated 0%)
  adding: mnt/lsdi2/ocn246428979-5955/ocn246428979/Output/Images/JP2/0271.jp2 (deflated 0%)
  adding: mnt/lsdi2/ocn246428979-5955/ocn246428979/Output/Images/JP2/0143.jp2 (deflated 0%)
  adding: mnt/lsdi2/ocn246428979-5955/ocn246428979/Output/Images/JP2/0425.jp2 (deflated 0%)
  adding: mnt/lsdi2/ocn246428979-5955/ocn246428979/Output/Images/JP2/0033.jp2 (deflated 0%)
  adding: mnt/lsdi2/ocn246428979-5955/ocn246428979/Output/Images/JP2/0297.jp2 (deflated 0%)
  adding: mnt/lsdi2/ocn246428979-5955/ocn246428979/Output/Images/JP2/0118.jp2 (deflated 0%)
  adding: mnt/lsdi2/ocn246428979-5955/ocn246428979/Output/Images/JP2/0172.jp2 (deflated 0%)
  adding: mnt/lsdi2/ocn246428979-5955/ocn246428979/Output/Images/JP2/0155.jp2 (deflated 0%)
  adding: mnt/lsdi2/ocn246428979-5955/ocn246428979/Output/Images/JP2/0194.jp2 (deflated 0%)
  adding: mnt/lsdi2/ocn246428979-5955/ocn246428979/Output/Images/JP2/0016.jp2 (deflated 0%)
  adding: mnt/lsdi2/ocn246428979-5955/ocn246428979/Output/Images/JP2/0306.jp2 (deflated 0%)
  adding: mnt/lsdi2/ocn246428979-5955/ocn246428979/Output/Images/JP2/0166.jp2 (deflated 0%)
  adding: mnt/lsdi2/ocn246428979-5955/ocn246428979/Output/Images/JP2/0101.jp2 (deflated 0%)
  adding: mnt/lsdi2/ocn246428979-5955/ocn246428979/Output/Images/JP2/0379.jp2 (deflated 0%)
  adding: mnt/lsdi2/ocn246428979-5955/ocn246428979/Output/Images/JP2/0224.jp2 (deflated 0%)
  adding: mnt/lsdi2/ocn246428979-5955/ocn246428979/Output/Images/JP2/0215.jp2 (deflated 0%)
  adding: mnt/lsdi2/ocn246428979-5955/ocn246428979/Output/Images/JP2/0231.jp2 (deflated 0%)
  adding: mnt/lsdi2/ocn246428979-5955/ocn246428979/Output/Images/JP2/0257.jp2 (deflated 0%)
  adding: mnt/lsdi2/ocn246428979-5955/ocn246428979/Output/Images/JP2/0009.jp2 (deflated 0%)
  adding: mnt/lsdi2/ocn246428979-5955/ocn246428979/Output/Images/JP2/0163.jp2 (deflated 0%)
  adding: mnt/lsdi2/ocn246428979-5955/ocn246428979/Output/Images/JP2/0083.jp2 (deflated 0%)
  adding: mnt/lsdi2/ocn246428979-5955/ocn246428979/Output/Images/JP2/0240.jp2 (deflated 0%)
  adding: mnt/lsdi2/ocn246428979-5955/ocn246428979/Output/Images/JP2/0388.jp2 (deflated 0%)
  adding: mnt/lsdi2/ocn246428979-5955/ocn246428979/Output/Images/JP2/0378.jp2 (deflated 0%)
  adding: mnt/lsdi2/ocn246428979-5955/ocn246428979/Output/Images/JP2/0430.jp2 (deflated 0%)
  adding: mnt/lsdi2/ocn246428979-5955/ocn246428979/Output/Images/JP2/0020.jp2 (deflated 0%)
  adding: mnt/lsdi2/ocn246428979-5955/ocn246428979/Output/Images/JP2/0054.jp2 (deflated 0%)
  adding: mnt/lsdi2/ocn246428979-5955/ocn246428979/Output/Images/JP2/0394.jp2 (deflated 0%)
  adding: mnt/lsdi2/ocn246428979-5955/ocn246428979/Output/Images/JP2/0051.jp2 (deflated 0%)
  adding: mnt/lsdi2/ocn246428979-5955/ocn246428979/Output/Images/JP2/0397.jp2 (deflated 0%)
  adding: mnt/lsdi2/ocn246428979-5955/ocn246428979/Output/Images/JP2/0435.jp2 (deflated 26%)
  adding: mnt/lsdi2/ocn246428979-5955/ocn246428979/Output/Images/JP2/0058.jp2 (deflated 0%)
  adding: mnt/lsdi2/ocn246428979-5955/ocn246428979/Output/Images/JP2/0217.jp2 (deflated 0%)
  adding: mnt/lsdi2/ocn246428979-5955/ocn246428979/Output/Images/JP2/0428.jp2 (deflated 0%)
  adding: mnt/lsdi2/ocn246428979-5955/ocn246428979/Output/Images/JP2/0250.jp2 (deflated 0%)
  adding: mnt/lsdi2/ocn246428979-5955/ocn246428979/Output/Images/JP2/0073.jp2 (deflated 0%)
  adding: mnt/lsdi2/ocn246428979-5955/ocn246428979/Output/Images/JP2/0258.jp2 (deflated 0%)
  adding: mnt/lsdi2/ocn246428979-5955/ocn246428979/Output/Images/JP2/0125.jp2 (deflated 0%)
  adding: mnt/lsdi2/ocn246428979-5955/ocn246428979/Output/Images/JP2/0196.jp2 (deflated 0%)
  adding: mnt/lsdi2/ocn246428979-5955/ocn246428979/Output/Images/JP2/0031.jp2 (deflated 0%)
  adding: mnt/lsdi2/ocn246428979-5955/ocn246428979/Output/Images/JP2/0232.jp2 (deflated 0%)
  adding: mnt/lsdi2/ocn246428979-5955/ocn246428979/Output/Images/JP2/0000.jp2 (deflated 26%)
  adding: mnt/lsdi2/ocn246428979-5955/ocn246428979/Output/Images/JP2/0071.jp2 (deflated 0%)
  adding: mnt/lsdi2/ocn246428979-5955/ocn246428979/Output/Images/JP2/0200.jp2 (deflated 0%)
  adding: mnt/lsdi2/ocn246428979-5955/ocn246428979/Output/Images/JP2/0275.jp2 (deflated 0%)
  adding: mnt/lsdi2/ocn246428979-5955/ocn246428979/Output/Images/JP2/0237.jp2 (deflated 0%)
  adding: mnt/lsdi2/ocn246428979-5955/ocn246428979/Output/Images/JP2/0167.jp2 (deflated 0%)
  adding: mnt/lsdi2/ocn246428979-5955/ocn246428979/Output/Images/JP2/0225.jp2 (deflated 0%)
  adding: mnt/lsdi2/ocn246428979-5955/ocn246428979/Output/Images/JP2/0310.jp2 (deflated 0%)
  adding: mnt/lsdi2/ocn246428979-5955/ocn246428979/Output/Images/JP2/0332.jp2 (deflated 0%)
  adding: mnt/lsdi2/ocn246428979-5955/ocn246428979/Output/Images/JP2/0267.jp2 (deflated 0%)
  adding: mnt/lsdi2/ocn246428979-5955/ocn246428979/Output/Images/JP2/0288.jp2 (deflated 0%)
  adding: mnt/lsdi2/ocn246428979-5955/ocn246428979/Output/Images/JP2/0358.jp2 (deflated 0%)
  adding: mnt/lsdi2/ocn246428979-5955/ocn246428979/Output/Images/JP2/0315.jp2 (deflated 0%)
  adding: mnt/lsdi2/ocn246428979-5955/ocn246428979/Output/Images/JP2/0385.jp2 (deflated 0%)
  adding: mnt/lsdi2/ocn246428979-5955/ocn246428979/Output/Images/JP2/0354.jp2 (deflated 0%)
  adding: mnt/lsdi2/ocn246428979-5955/ocn246428979/Output/Images/JP2/0106.jp2 (deflated 0%)
  adding: mnt/lsdi2/ocn246428979-5955/ocn246428979/Output/Images/JP2/0035.jp2 (deflated 0%)
  adding: mnt/lsdi2/ocn246428979-5955/ocn246428979/Output/Images/JP2/0052.jp2 (deflated 0%)
  adding: mnt/lsdi2/ocn246428979-5955/ocn246428979/Output/Images/JP2/0137.jp2 (deflated 0%)
  adding: mnt/lsdi2/ocn246428979-5955/ocn246428979/Output/Images/JP2/0368.jp2 (deflated 0%)
  adding: mnt/lsdi2/ocn246428979-5955/ocn246428979/Output/Images/JP2/0142.jp2 (deflated 0%)
  adding: mnt/lsdi2/ocn246428979-5955/ocn246428979/Output/Images/JP2/0222.jp2 (deflated 0%)
  adding: mnt/lsdi2/ocn246428979-5955/ocn246428979/Output/Images/JP2/0330.jp2 (deflated 0%)
  adding: mnt/lsdi2/ocn246428979-5955/ocn246428979/Output/Images/JP2/0243.jp2 (deflated 0%)
  adding: mnt/lsdi2/ocn246428979-5955/ocn246428979/Output/Images/JP2/0359.jp2 (deflated 0%)
  adding: mnt/lsdi2/ocn246428979-5955/ocn246428979/Output/Images/JP2/0092.jp2 (deflated 0%)
  adding: mnt/lsdi2/ocn246428979-5955/ocn246428979/Output/Images/JP2/0110.jp2 (deflated 0%)
  adding: mnt/lsdi2/ocn246428979-5955/ocn246428979/Output/Images/JP2/0116.jp2 (deflated 0%)
  adding: mnt/lsdi2/ocn246428979-5955/ocn246428979/Output/Images/JP2/0019.jp2 (deflated 0%)
  adding: mnt/lsdi2/ocn246428979-5955/ocn246428979/Output/Images/JP2/0094.jp2 (deflated 0%)
  adding: mnt/lsdi2/ocn246428979-5955/ocn246428979/Output/Images/JP2/0053.jp2 (deflated 0%)
  adding: mnt/lsdi2/ocn246428979-5955/ocn246428979/Output/Images/JP2/0295.jp2 (deflated 0%)
  adding: mnt/lsdi2/ocn246428979-5955/ocn246428979/Output/Images/JP2/0281.jp2 (deflated 0%)
  adding: mnt/lsdi2/ocn246428979-5955/ocn246428979/Output/Images/JP2/0410.jp2 (deflated 0%)
  adding: mnt/lsdi2/ocn246428979-5955/ocn246428979/Output/Images/JP2/0226.jp2 (deflated 0%)
  adding: mnt/lsdi2/ocn246428979-5955/ocn246428979/Output/Images/JP2/0003.jp2 (deflated 0%)
  adding: mnt/lsdi2/ocn246428979-5955/ocn246428979/Output/Images/JP2/0211.jp2 (deflated 0%)
  adding: mnt/lsdi2/ocn246428979-5955/ocn246428979/Output/Images/JP2/0060.jp2 (deflated 0%)
  adding: mnt/lsdi2/ocn246428979-5955/ocn246428979/Output/Images/JP2/0024.jp2 (deflated 0%)
  adding: mnt/lsdi2/ocn246428979-5955/ocn246428979/Output/Images/JP2/0272.jp2 (deflated 0%)
  adding: mnt/lsdi2/ocn246428979-5955/ocn246428979/Output/Images/JP2/0254.jp2 (deflated 0%)
  adding: mnt/lsdi2/ocn246428979-5955/ocn246428979/Output/Images/JP2/0298.jp2 (deflated 0%)
  adding: mnt/lsdi2/ocn246428979-5955/ocn246428979/Output/Images/JP2/0109.jp2 (deflated 0%)
  adding: mnt/lsdi2/ocn246428979-5955/ocn246428979/Output/Images/JP2/0380.jp2 (deflated 0%)
  adding: mnt/lsdi2/ocn246428979-5955/ocn246428979/Output/Images/JP2/0424.jp2 (deflated 0%)
  adding: mnt/lsdi2/ocn246428979-5955/ocn246428979/Output/Images/JP2/0205.jp2 (deflated 0%)
  adding: mnt/lsdi2/ocn246428979-5955/ocn246428979/Output/Images/JP2/0017.jp2 (deflated 0%)
  adding: mnt/lsdi2/ocn246428979-5955/ocn246428979/Output/Images/JP2/0056.jp2 (deflated 0%)
  adding: mnt/lsdi2/ocn246428979-5955/ocn246428979/Output/Images/JP2/0318.jp2 (deflated 0%)
  adding: mnt/lsdi2/ocn246428979-5955/ocn246428979/Output/Images/JP2/0131.jp2 (deflated 0%)
  adding: mnt/lsdi2/ocn246428979-5955/ocn246428979/Output/Images/JP2/0262.jp2 (deflated 0%)
  adding: mnt/lsdi2/ocn246428979-5955/ocn246428979/Output/Images/JP2/0269.jp2 (deflated 0%)
  adding: mnt/lsdi2/ocn246428979-5955/ocn246428979/Output/Images/JP2/0002.jp2 (deflated 0%)
  adding: mnt/lsdi2/ocn246428979-5955/ocn246428979/Output/Images/JP2/0244.jp2 (deflated 0%)
  adding: mnt/lsdi2/ocn246428979-5955/ocn246428979/Output/Images/JP2/0157.jp2 (deflated 0%)
  adding: mnt/lsdi2/ocn246428979-5955/ocn246428979/Output/Images/JP2/0233.jp2 (deflated 0%)
  adding: mnt/lsdi2/ocn246428979-5955/ocn246428979/Output/Images/JP2/0336.jp2 (deflated 0%)
  adding: mnt/lsdi2/ocn246428979-5955/ocn246428979/Output/Images/JP2/0161.jp2 (deflated 0%)
  adding: mnt/lsdi2/ocn246428979-5955/ocn246428979/Output/Images/JP2/0198.jp2 (deflated 0%)
  adding: mnt/lsdi2/ocn246428979-5955/ocn246428979/Output/Images/JP2/0426.jp2 (deflated 0%)
  adding: mnt/lsdi2/ocn246428979-5955/ocn246428979/Output/Images/JP2/0154.jp2 (deflated 0%)
  adding: mnt/lsdi2/ocn246428979-5955/ocn246428979/Output/Images/JP2/0135.jp2 (deflated 0%)
  adding: mnt/lsdi2/ocn246428979-5955/ocn246428979/Output/Images/JP2/0059.jp2 (deflated 0%)
  adding: mnt/lsdi2/ocn246428979-5955/ocn246428979/Output/Images/JP2/0185.jp2 (deflated 0%)
  adding: mnt/lsdi2/ocn246428979-5955/ocn246428979/Output/Images/JP2/0383.jp2 (deflated 0%)
  adding: mnt/lsdi2/ocn246428979-5955/ocn246428979/Output/Images/JP2/0340.jp2 (deflated 0%)
  adding: mnt/lsdi2/ocn246428979-5955/ocn246428979/Output/Images/JP2/0251.jp2 (deflated 0%)
  adding: mnt/lsdi2/ocn246428979-5955/ocn246428979/Output/Images/JP2/0214.jp2 (deflated 0%)
  adding: mnt/lsdi2/ocn246428979-5955/ocn246428979/Output/Images/JP2/0001.jp2 (deflated 0%)
  adding: mnt/lsdi2/ocn246428979-5955/ocn246428979/Output/Images/JP2/0303.jp2 (deflated 0%)
  adding: mnt/lsdi2/ocn246428979-5955/ocn246428979/Output/Images/JP2/0104.jp2 (deflated 0%)
  adding: mnt/lsdi2/ocn246428979-5955/ocn246428979/Output/Images/JP2/0247.jp2 (deflated 0%)
  adding: mnt/lsdi2/ocn246428979-5955/ocn246428979/Output/Images/JP2/0350.jp2 (deflated 0%)
  adding: mnt/lsdi2/ocn246428979-5955/ocn246428979/Output/Images/JP2/0095.jp2 (deflated 0%)
  adding: mnt/lsdi2/ocn246428979-5955/ocn246428979/Output/Images/JP2/0183.jp2 (deflated 0%)
  adding: mnt/lsdi2/ocn246428979-5955/ocn246428979/Output/Images/JP2/0326.jp2 (deflated 0%)
  adding: mnt/lsdi2/ocn246428979-5955/ocn246428979/Output/Images/JP2/0287.jp2 (deflated 0%)
  adding: mnt/lsdi2/ocn246428979-5955/ocn246428979/Output/Images/JP2/0374.jp2 (deflated 0%)
  adding: mnt/lsdi2/ocn246428979-5955/ocn246428979/Output/Images/JP2/0026.jp2 (deflated 0%)
  adding: mnt/lsdi2/ocn246428979-5955/ocn246428979/Output/Images/JP2/0039.jp2 (deflated 0%)
  adding: mnt/lsdi2/ocn246428979-5955/ocn246428979/Output/Images/JP2/0407.jp2 (deflated 0%)
  adding: mnt/lsdi2/ocn246428979-5955/ocn246428979/Output/Images/JP2/0202.jp2 (deflated 0%)
  adding: mnt/lsdi2/ocn246428979-5955/ocn246428979/Output/Images/JP2/0133.jp2 (deflated 0%)
  adding: mnt/lsdi2/ocn246428979-5955/ocn246428979/Output/Images/JP2/0093.jp2 (deflated 0%)
  adding: mnt/lsdi2/ocn246428979-5955/ocn246428979/Output/Images/JP2/0173.jp2 (deflated 0%)
  adding: mnt/lsdi2/ocn246428979-5955/ocn246428979/Output/Images/JP2/0006.jp2 (deflated 0%)
  adding: mnt/lsdi2/ocn246428979-5955/ocn246428979/Output/Images/JP2/0304.jp2 (deflated 0%)
  adding: mnt/lsdi2/ocn246428979-5955/ocn246428979/Output/Images/JP2/0164.jp2 (deflated 0%)
  adding: mnt/lsdi2/ocn246428979-5955/ocn246428979/Output/Images/JP2/0156.jp2 (deflated 0%)
  adding: mnt/lsdi2/ocn246428979-5955/ocn246428979/Output/Images/JP2/0285.jp2 (deflated 0%)
  adding: mnt/lsdi2/ocn246428979-5955/ocn246428979/Output/Images/JP2/0276.jp2 (deflated 0%)
  adding: mnt/lsdi2/ocn246428979-5955/ocn246428979/Output/Images/JP2/0048.jp2 (deflated 0%)
  adding: mnt/lsdi2/ocn246428979-5955/ocn246428979/Output/Images/JP2/0190.jp2 (deflated 0%)
  adding: mnt/lsdi2/ocn246428979-5955/ocn246428979/Output/Images/JP2/0367.jp2 (deflated 0%)
  adding: mnt/lsdi2/ocn246428979-5955/ocn246428979/Output/Images/JP2/0241.jp2 (deflated 0%)
  adding: mnt/lsdi2/ocn246428979-5955/ocn246428979/Output/Images/JP2/0418.jp2 (deflated 0%)
  adding: mnt/lsdi2/ocn246428979-5955/ocn246428979/Output/Images/JP2/0409.jp2 (deflated 0%)
  adding: mnt/lsdi2/ocn246428979-5955/ocn246428979/Output/Images/JP2/0346.jp2 (deflated 0%)
  adding: mnt/lsdi2/ocn246428979-5955/ocn246428979/Output/Images/JP2/0184.jp2 (deflated 0%)
  adding: mnt/lsdi2/ocn246428979-5955/ocn246428979/Output/Images/JP2/0038.jp2 (deflated 0%)
  adding: mnt/lsdi2/ocn246428979-5955/ocn246428979/Output/Images/JP2/0396.jp2 (deflated 0%)
  adding: mnt/lsdi2/ocn246428979-5955/ocn246428979/Output/Images/JP2/0302.jp2 (deflated 0%)
  adding: mnt/lsdi2/ocn246428979-5955/ocn246428979/Output/Images/JP2/0345.jp2 (deflated 0%)
  adding: mnt/lsdi2/ocn246428979-5955/ocn246428979/Output/Images/JP2/0176.jp2 (deflated 0%)
  adding: mnt/lsdi2/ocn246428979-5955/ocn246428979/Output/Images/JP2/0328.jp2 (deflated 0%)
  adding: mnt/lsdi2/ocn246428979-5955/ocn246428979/Output/Images/JP2/0415.jp2 (deflated 0%)
  adding: mnt/lsdi2/ocn246428979-5955/ocn246428979/Output/Images/JP2/0084.jp2 (deflated 0%)
  adding: mnt/lsdi2/ocn246428979-5955/ocn246428979/Output/Images/JP2/0081.jp2 (deflated 0%)
  adding: mnt/lsdi2/ocn246428979-5955/ocn246428979/Output/Images/JP2/0411.jp2 (deflated 0%)
  adding: mnt/lsdi2/ocn246428979-5955/ocn246428979/Output/Images/JP2/0077.jp2 (deflated 0%)
  adding: mnt/lsdi2/ocn246428979-5955/ocn246428979/Output/Images/JP2/0046.jp2 (deflated 0%)
  adding: mnt/lsdi2/ocn246428979-5955/ocn246428979/Output/Images/JP2/0197.jp2 (deflated 0%)
  adding: mnt/lsdi2/ocn246428979-5955/ocn246428979/Output/Images/JP2/0416.jp2 (deflated 0%)
  adding: mnt/lsdi2/ocn246428979-5955/ocn246428979/Output/Images/JP2/0248.jp2 (deflated 0%)
  adding: mnt/lsdi2/ocn246428979-5955/ocn246428979/Output/Images/JP2/0192.jp2 (deflated 0%)
  adding: mnt/lsdi2/ocn246428979-5955/ocn246428979/Output/Images/JP2/0294.jp2 (deflated 0%)
  adding: mnt/lsdi2/ocn246428979-5955/ocn246428979/Output/Images/JP2/0181.jp2 (deflated 0%)
  adding: mnt/lsdi2/ocn246428979-5955/ocn246428979/Output/Images/JP2/0138.jp2 (deflated 0%)
  adding: mnt/lsdi2/ocn246428979-5955/ocn246428979/Output/Images/JP2/0103.jp2 (deflated 0%)
  adding: mnt/lsdi2/ocn246428979-5955/ocn246428979/Output/Images/JP2/0040.jp2 (deflated 0%)
  adding: mnt/lsdi2/ocn246428979-5955/ocn246428979/Output/Images/JP2/0045.jp2 (deflated 0%)
  adding: mnt/lsdi2/ocn246428979-5955/ocn246428979/Output/Images/JP2/0366.jp2 (deflated 0%)
  adding: mnt/lsdi2/ocn246428979-5955/ocn246428979/Output/Images/JP2/0299.jp2 (deflated 0%)
  adding: mnt/lsdi2/ocn246428979-5955/ocn246428979/Output/Images/JP2/0025.jp2 (deflated 0%)
  adding: mnt/lsdi2/ocn246428979-5955/ocn246428979/Output/Images/JP2/0209.jp2 (deflated 0%)
  adding: mnt/lsdi2/ocn246428979-5955/ocn246428979/Output/Images/JP2/0371.jp2 (deflated 0%)
  adding: mnt/lsdi2/ocn246428979-5955/ocn246428979/Output/Images/JP2/0344.jp2 (deflated 0%)
  adding: mnt/lsdi2/ocn246428979-5955/ocn246428979/Output/Images/JP2/0193.jp2 (deflated 0%)
  adding: mnt/lsdi2/ocn246428979-5955/ocn246428979/Output/Images/JP2/0152.jp2 (deflated 0%)
  adding: mnt/lsdi2/ocn246428979-5955/ocn246428979/Output/Images/JP2/0372.jp2 (deflated 0%)
  adding: mnt/lsdi2/ocn246428979-5955/ocn246428979/Output/Images/JP2/0322.jp2 (deflated 0%)
  adding: mnt/lsdi2/ocn246428979-5955/ocn246428979/Output/Images/JP2/0180.jp2 (deflated 0%)
  adding: mnt/lsdi2/ocn246428979-5955/ocn246428979/Output/Images/JP2/0286.jp2 (deflated 0%)
  adding: mnt/lsdi2/ocn246428979-5955/ocn246428979/Output/Images/JP2/0369.jp2 (deflated 0%)
  adding: mnt/lsdi2/ocn246428979-5955/ocn246428979/Output/Images/JP2/0014.jp2 (deflated 0%)
  adding: mnt/lsdi2/ocn246428979-5955/ocn246428979/Output/Images/JP2/0253.jp2 (deflated 0%)
  adding: mnt/lsdi2/ocn246428979-5955/ocn246428979/Output/Images/JP2/0235.jp2 (deflated 0%)
  adding: mnt/lsdi2/ocn246428979-5955/ocn246428979/Output/Images/JP2/0261.jp2 (deflated 0%)
  adding: mnt/lsdi2/ocn246428979-5955/ocn246428979/Output/Images/JP2/0339.jp2 (deflated 0%)
  adding: mnt/lsdi2/ocn246428979-5955/ocn246428979/Output/Images/JP2/0268.jp2 (deflated 0%)
  adding: mnt/lsdi2/ocn246428979-5955/ocn246428979/Output/Images/JP2/0074.jp2 (deflated 0%)
  adding: mnt/lsdi2/ocn246428979-5955/ocn246428979/Output/Images/JP2/0337.jp2 (deflated 0%)
  adding: mnt/lsdi2/ocn246428979-5955/ocn246428979/Output/Images/JP2/0405.jp2 (deflated 0%)
  adding: mnt/lsdi2/ocn246428979-5955/ocn246428979/Output/Images/JP2/0011.jp2 (deflated 0%)
  adding: mnt/lsdi2/ocn246428979-5955/ocn246428979/Output/Images/JP2/0187.jp2 (deflated 0%)
  adding: mnt/lsdi2/ocn246428979-5955/ocn246428979/Output/Images/JP2/0349.jp2 (deflated 0%)
  adding: mnt/lsdi2/ocn246428979-5955/ocn246428979/Output/Images/JP2/0301.jp2 (deflated 0%)
  adding: mnt/lsdi2/ocn246428979-5955/ocn246428979/Output/Images/JP2/0080.jp2 (deflated 0%)
  adding: mnt/lsdi2/ocn246428979-5955/ocn246428979/Output/Images/JP2/0334.jp2 (deflated 0%)
  adding: mnt/lsdi2/ocn246428979-5955/ocn246428979/Output/Images/JP2/0422.jp2 (deflated 0%)
  adding: mnt/lsdi2/ocn246428979-5955/ocn246428979/Output/Images/JP2/0362.jp2 (deflated 0%)
  adding: mnt/lsdi2/ocn246428979-5955/ocn246428979/Output/Images/JP2/0293.jp2 (deflated 0%)
  adding: mnt/lsdi2/ocn246428979-5955/ocn246428979/Output/Images/JP2/0406.jp2 (deflated 0%)
  adding: mnt/lsdi2/ocn246428979-5955/ocn246428979/Output/Images/JP2/0324.jp2 (deflated 0%)
  adding: mnt/lsdi2/ocn246428979-5955/ocn246428979/Output/Images/JP2/0408.jp2 (deflated 0%)
  adding: mnt/lsdi2/ocn246428979-5955/ocn246428979/Output/Images/JP2/0357.jp2 (deflated 0%)
  adding: mnt/lsdi2/ocn246428979-5955/ocn246428979/Output/Images/JP2/0402.jp2 (deflated 0%)
  adding: mnt/lsdi2/ocn246428979-5955/ocn246428979/Output/Images/JP2/0338.jp2 (deflated 0%)
  adding: mnt/lsdi2/ocn246428979-5955/ocn246428979/Output/Images/JP2/0008.jp2 (deflated 0%)
  adding: mnt/lsdi2/ocn246428979-5955/ocn246428979/Output/Images/JP2/0099.jp2 (deflated 0%)
  adding: mnt/lsdi2/ocn246428979-5955/ocn246428979/Output/Images/JP2/0420.jp2 (deflated 0%)
  adding: mnt/lsdi2/ocn246428979-5955/ocn246428979/Output/Images/JP2/0108.jp2 (deflated 0%)
  adding: mnt/lsdi2/ocn246428979-5955/ocn246428979/Output/Images/JP2/0216.jp2 (deflated 0%)
  adding: mnt/lsdi2/ocn246428979-5955/ocn246428979/Output/Images/JP2/0351.jp2 (deflated 0%)
  adding: mnt/lsdi2/ocn246428979-5955/ocn246428979/Output/Images/JP2/0327.jp2 (deflated 0%)
  adding: mnt/lsdi2/ocn246428979-5955/ocn246428979/Output/Images/JP2/0147.jp2 (deflated 0%)
  adding: mnt/lsdi2/ocn246428979-5955/ocn246428979/Output/Images/JP2/0365.jp2 (deflated 0%)
  adding: mnt/lsdi2/ocn246428979-5955/ocn246428979/Output/Images/JP2/0022.jp2 (deflated 0%)
  adding: mnt/lsdi2/ocn246428979-5955/ocn246428979/Output/Images/JP2/0229.jp2 (deflated 0%)
  adding: mnt/lsdi2/ocn246428979-5955/ocn246428979/Output/Images/JP2/0069.jp2 (deflated 0%)
  adding: mnt/lsdi2/ocn246428979-5955/ocn246428979/Output/Images/JP2/0021.jp2 (deflated 0%)
  adding: mnt/lsdi2/ocn246428979-5955/ocn246428979/Output/Images/JP2/0263.jp2 (deflated 0%)
  adding: mnt/lsdi2/ocn246428979-5955/ocn246428979/Output/Images/JP2/0169.jp2 (deflated 0%)
  adding: mnt/lsdi2/ocn246428979-5955/ocn246428979/Output/Images/JP2/0412.jp2 (deflated 0%)
  adding: mnt/lsdi2/ocn246428979-5955/ocn246428979/Output/Images/JP2/0417.jp2 (deflated 0%)
  adding: mnt/lsdi2/ocn246428979-5955/ocn246428979/Output/Images/JP2/0311.jp2 (deflated 0%)
curl --location --header authorization: LOW fpJYfLnxbLmCEHqU:JQbq6NgBaPrSh98Y --upload-file /temp/ocn246428979_5955_images.zip http://s3.us.archive.org/246428979.5955.emory.edu/246428979_5955_images.zip
  % Total    % Received % Xferd  Average Speed   Time    Time     Time  Current
                                 Dload  Upload   Total   Spent    Left  Speed
  0     0    0     0    0     0      0      0 --:--:-- --:--:-- --:--:--     0  0  263M    0     0    0     0      0      0 --:--:--  0:00:01 --:--:--     0  0  263M    0     0    0  720k      0   385k  0:11:39  0:00:01  0:11:38  426k  0  263M    0     0    0 1488k      0   514k  0:08:44  0:00:02  0:08:42  548k  0  263M    0     0    0 2240k      0   577k  0:07:46  0:00:03  0:07:43  606k  1  263M    0     0    1 2992k      0   608k  0:07:22  0:00:04  0:07:18  631k  1  263M    0     0    1 3712k      0   633k  0:07:05  0:00:05  0:07:00  765k  1  263M    0     0    1 4480k      0   653k  0:06:52  0:00:06  0:06:46  753k  1  263M    0     0    1 5264k      0   668k  0:06:43  0:00:07  0:06:36  757k  2  263M    0     0    2 6000k      0   676k  0:06:38  0:00:08  0:06:30  752k  2  263M    0     0    2 6736k      0   682k  0:06:34  0:00:09  0:06:25  755k  2  263M    0     0    2 7504k      0   688k  0:06:31  0:00:10  0:06:21  752k  3  263M    0     0    3 8256k      0   692k  0:06:28  0:00:11  0:06:17  747k  3  263M    0     0    3 8976k      0   696k  0:06:26  0:00:12  0:06:14  741k  3  263M    0     0    3 9680k      0   697k  0:06:26  0:00:13  0:06:13  735k  3  263M    0     0    3 10.1M      0   697k  0:06:26  0:00:14  0:06:12  728k  4  263M    0     0    4 10.8M      0   702k  0:06:23  0:00:15  0:06:08  733k  4  263M    0     0    4 11.3M      0   689k  0:06:30  0:00:16  0:06:14  682k  4  263M    0     0    4 11.8M      0   680k  0:06:36  0:00:17  0:06:19  638k  4  263M    0     0    4 12.4M      0   674k  0:06:39  0:00:18  0:06:21  610k  4  263M    0     0    4 13.0M      0   670k  0:06:42  0:00:19  0:06:23  587k  5  263M    0     0    5 13.5M      0   665k  0:06:44  0:00:20  0:06:24  549k  5  263M    0     0    5 14.1M      0   663k  0:06:45  0:00:21  0:06:24  575k  5  263M    0     0    5 14.9M      0   667k  0:06:43  0:00:22  0:06:21  622k  5  263M    0     0    5 15.6M      0   670k  0:06:42  0:00:23  0:06:19  653k  6  263M    0     0    6 16.3M      0   674k  0:06:39  0:00:24  0:06:15  691k  6  263M    0     0    6 17.1M      0   678k  0:06:37  0:00:25  0:06:12  732k  6  263M    0     0    6 17.8M      0   679k  0:06:36  0:00:26  0:06:10  747k  7  263M    0     0    7 18.5M      0   680k  0:06:35  0:00:27  0:06:08  739k  7  263M    0     0    7 19.1M      0   678k  0:06:37  0:00:28  0:06:09  719k  7  263M    0     0    7 19.6M      0   672k  0:06:40  0:00:29  0:06:11  660k  7  263M    0     0    7 20.2M      0   671k  0:06:41  0:00:30  0:06:11  632k  7  263M    0     0    7 20.8M      0   671k  0:06:41  0:00:31  0:06:10  627k  8  263M    0     0    8 21.5M      0   670k  0:06:41  0:00:32  0:06:09  616k  8  263M    0     0    8 22.1M      0   670k  0:06:41  0:00:33  0:06:08  622k  8  263M    0     0    8 22.8M      0   671k  0:06:41  0:00:34  0:06:07  667k  8  263M    0     0    8 23.5M      0   672k  0:06:40  0:00:35  0:06:05  681k  9  263M    0     0    9 24.3M      0   675k  0:06:38  0:00:36  0:06:02  701k  9  263M    0     0    9 25.0M      0   677k  0:06:37  0:00:37  0:06:00  724k  9  263M    0     0    9 25.8M      0   680k  0:06:36  0:00:38  0:05:58  748k 10  263M    0     0   10 26.5M      0   683k  0:06:34  0:00:39  0:05:55  764k 10  263M    0     0   10 27.3M      0   686k  0:06:32  0:00:40  0:05:52  782k 10  263M    0     0   10 28.1M      0   688k  0:06:31  0:00:41  0:05:50  786k 10  263M    0     0   10 28.9M      0   690k  0:06:30  0:00:42  0:05:48  789k 11  263M    0     0   11 29.6M      0   691k  0:06:29  0:00:43  0:05:46  776k 11  263M    0     0   11 30.3M      0   693k  0:06:28  0:00:44  0:05:44  771k 11  263M    0     0   11 31.1M      0   694k  0:06:28  0:00:45  0:05:43  761k 12  263M    0     0   12 31.8M      0   695k  0:06:27  0:00:46  0:05:41  754k 12  263M    0     0   12 32.6M      0   697k  0:06:26  0:00:47  0:05:39  756k 12  263M    0     0   12 33.3M      0   699k  0:06:25  0:00:48  0:05:37  766k 12  263M    0     0   12 34.0M      0   699k  0:06:25  0:00:49  0:05:36  759k 13  263M    0     0   13 34.8M      0   701k  0:06:24  0:00:50  0:05:34  765k 13  263M    0     0   13 35.6M      0   702k  0:06:23  0:00:51  0:05:32  769k 13  263M    0     0   13 36.3M      0   703k  0:06:22  0:00:52  0:05:30  763k 14  263M    0     0   14 37.0M      0   705k  0:06:22  0:00:53  0:05:29  765k 14  263M    0     0   14 37.8M      0   705k  0:06:21  0:00:54  0:05:27  766k 14  263M    0     0   14 38.5M      0   706k  0:06:21  0:00:55  0:05:26  759k 14  263M    0     0   14 39.2M      0   707k  0:06:21  0:00:56  0:05:25  751k 15  263M    0     0   15 40.0M      0   707k  0:06:20  0:00:57  0:05:23  749k 15  263M    0     0   15 40.7M      0   709k  0:06:20  0:00:58  0:05:22  750k 15  263M    0     0   15 41.5M      0   710k  0:06:19  0:00:59  0:05:20  761k 16  263M    0     0   16 42.2M      0   711k  0:06:18  0:01:00  0:05:18  762k 16  263M    0     0   16 42.9M      0   711k  0:06:19  0:01:01  0:05:18  755k 16  263M    0     0   16 43.7M      0   711k  0:06:18  0:01:02  0:05:16  756k 16  263M    0     0   16 44.4M      0   712k  0:06:18  0:01:03  0:05:15  748k 17  263M    0     0   17 45.1M      0   712k  0:06:18  0:01:04  0:05:14  734k 17  263M    0     0   17 45.8M      0   712k  0:06:18  0:01:05  0:05:13  729k 17  263M    0     0   17 46.5M      0   712k  0:06:18  0:01:06  0:05:12  729k 17  263M    0     0   17 47.2M      0   713k  0:06:17  0:01:07  0:05:10  730k 18  263M    0     0   18 48.0M      0   713k  0:06:17  0:01:08  0:05:09  733k 18  263M    0     0   18 48.7M      0   713k  0:06:17  0:01:09  0:05:08  735k 18  263M    0     0   18 49.4M      0   713k  0:06:17  0:01:10  0:05:07  730k 19  263M    0     0   19 50.0M      0   713k  0:06:17  0:01:11  0:05:06  723k 19  263M    0     0   19 50.7M      0   713k  0:06:17  0:01:12  0:05:05  716k 19  263M    0     0   19 51.4M      0   713k  0:06:17  0:01:13  0:05:04  707k 19  263M    0     0   19 52.1M      0   713k  0:06:17  0:01:14  0:05:03  705k 20  263M    0     0   20 52.8M      0   713k  0:06:17  0:01:15  0:05:02  713k 20  263M    0     0   20 53.6M      0   714k  0:06:17  0:01:16  0:05:01  729k 20  263M    0     0   20 54.2M      0   714k  0:06:17  0:01:17  0:05:00  724k 20  263M    0     0   20 55.0M      0   714k  0:06:17  0:01:18  0:04:59  726k 21  263M    0     0   21 55.7M      0   714k  0:06:17  0:01:19  0:04:58  728k 21  263M    0     0   21 56.4M      0   714k  0:06:17  0:01:20  0:04:57  726k 21  263M    0     0   21 57.1M      0   714k  0:06:16  0:01:21  0:04:55  725k 22  263M    0     0   22 57.9M      0   715k  0:06:16  0:01:22  0:04:54  737k 22  263M    0     0   22 58.6M      0   716k  0:06:16  0:01:23  0:04:53  754k 22  263M    0     0   22 59.4M      0   716k  0:06:16  0:01:24  0:04:52  752k 22  263M    0     0   22 60.1M      0   716k  0:06:15  0:01:25  0:04:50  753k 23  263M    0     0   23 60.8M      0   717k  0:06:15  0:01:26  0:04:49  758k 23  263M    0     0   23 61.5M      0   717k  0:06:15  0:01:27  0:04:48  745k 23  263M    0     0   23 62.3M      0   717k  0:06:15  0:01:28  0:04:47  740k 23  263M    0     0   23 63.0M      0   718k  0:06:14  0:01:29  0:04:45  756k 24  263M    0     0   24 63.8M      0   719k  0:06:14  0:01:30  0:04:44  761k 24  263M    0     0   24 64.4M      0   718k  0:06:14  0:01:31  0:04:43  741k 24  263M    0     0   24 65.2M      0   719k  0:06:14  0:01:32  0:04:42  751k 25  263M    0     0   25 65.9M      0   719k  0:06:14  0:01:33  0:04:41  749k 25  263M    0     0   25 66.7M      0   720k  0:06:14  0:01:34  0:04:40  746k 25  263M    0     0   25 67.4M      0   720k  0:06:13  0:01:35  0:04:38  749k 25  263M    0     0   25 68.2M      0   721k  0:06:13  0:01:36  0:04:37  762k 26  263M    0     0   26 68.9M      0   721k  0:06:13  0:01:37  0:04:36  756k 26  263M    0     0   26 69.6M      0   721k  0:06:13  0:01:38  0:04:35  753k 26  263M    0     0   26 70.4M      0   722k  0:06:13  0:01:39  0:04:34  758k 27  263M    0     0   27 71.1M      0   722k  0:06:12  0:01:40  0:04:32  760k 27  263M    0     0   27 71.8M      0   722k  0:06:12  0:01:41  0:04:31  751k 27  263M    0     0   27 72.6M      0   723k  0:06:12  0:01:42  0:04:30  774k 27  263M    0     0   27 73.4M      0   724k  0:06:12  0:01:43  0:04:29  783k 28  263M    0     0   28 74.2M      0   725k  0:06:11  0:01:44  0:04:27  782k 28  263M    0     0   28 75.0M      0   725k  0:06:11  0:01:45  0:04:26  784k 28  263M    0     0   28 75.7M      0   725k  0:06:11  0:01:46  0:04:25  787k 29  263M    0     0   29 76.4M      0   725k  0:06:11  0:01:47  0:04:24  766k 29  263M    0     0   29 77.2M      0   726k  0:06:11  0:01:48  0:04:23  769k 29  263M    0     0   29 77.9M      0   726k  0:06:10  0:01:49  0:04:21  755k 29  263M    0     0   29 78.7M      0   727k  0:06:10  0:01:50  0:04:20  757k 30  263M    0     0   30 79.5M      0   727k  0:06:10  0:01:51  0:04:19  774k 30  263M    0     0   30 80.2M      0   727k  0:06:10  0:01:52  0:04:18  776k 30  263M    0     0   30 81.0M      0   728k  0:06:09  0:01:53  0:04:16  773k 31  263M    0     0   31 81.6M      0   728k  0:06:10  0:01:54  0:04:16  768k 31  263M    0     0   31 82.3M      0   728k  0:06:10  0:01:55  0:04:15  751k 31  263M    0     0   31 83.1M      0   728k  0:06:10  0:01:56  0:04:14  737k 31  263M    0     0   31 83.8M      0   728k  0:06:09  0:01:57  0:04:12  744k 32  263M    0     0   32 84.5M      0   728k  0:06:09  0:01:58  0:04:11  730k 32  263M    0     0   32 85.3M      0   728k  0:06:09  0:01:59  0:04:10  742k 32  263M    0     0   32 86.0M      0   729k  0:06:09  0:02:00  0:04:09  750k 32  263M    0     0   32 86.8M      0   729k  0:06:09  0:02:01  0:04:08  761k 33  263M    0     0   33 87.5M      0   730k  0:06:09  0:02:02  0:04:07  765k 33  263M    0     0   33 88.3M      0   729k  0:06:09  0:02:03  0:04:06  764k 33  263M    0     0   33 89.0M      0   730k  0:06:09  0:02:04  0:04:05  764k 34  263M    0     0   34 89.7M      0   730k  0:06:08  0:02:05  0:04:03  765k 34  263M    0     0   34 90.5M      0   730k  0:06:08  0:02:06  0:04:02  755k 34  263M    0     0   34 91.2M      0   730k  0:06:08  0:02:07  0:04:01  744k 34  263M    0     0   34 91.8M      0   729k  0:06:09  0:02:08  0:04:01  723k 35  263M    0     0   35 92.5M      0   729k  0:06:09  0:02:09  0:04:00  713k 35  263M    0     0   35 93.2M      0   729k  0:06:09  0:02:10  0:03:59  705k 35  263M    0     0   35 93.9M      0   729k  0:06:09  0:02:11  0:03:58  699k 35  263M    0     0   35 94.6M      0   729k  0:06:09  0:02:12  0:03:57  695k 36  263M    0     0   36 95.3M      0   729k  0:06:09  0:02:13  0:03:56  724k 36  263M    0     0   36 96.1M      0   729k  0:06:09  0:02:14  0:03:55  732k 36  263M    0     0   36 96.8M      0   729k  0:06:09  0:02:15  0:03:54  738k 37  263M    0     0   37 97.5M      0   730k  0:06:09  0:02:16  0:03:53  747k 37  263M    0     0   37 98.3M      0   730k  0:06:09  0:02:17  0:03:52  754k 37  263M    0     0   37 99.0M      0   729k  0:06:09  0:02:18  0:03:51  741k 37  263M    0     0   37 99.7M      0   730k  0:06:09  0:02:19  0:03:50  744k 38  263M    0     0   38  100M      0   730k  0:06:08  0:02:20  0:03:48  744k 38  263M    0     0   38  101M      0   729k  0:06:09  0:02:21  0:03:48  720k 38  263M    0     0   38  101M      0   729k  0:06:09  0:02:22  0:03:47  716k 38  263M    0     0   38  102M      0   729k  0:06:09  0:02:23  0:03:46  711k 39  263M    0     0   39  103M      0   729k  0:06:09  0:02:24  0:03:45  710k 39  263M    0     0   39  103M      0   729k  0:06:09  0:02:25  0:03:44  713k 39  263M    0     0   39  104M      0   730k  0:06:09  0:02:26  0:03:43  743k 40  263M    0     0   40  105M      0   730k  0:06:09  0:02:27  0:03:42  743k 40  263M    0     0   40  106M      0   730k  0:06:08  0:02:28  0:03:40  763k 40  263M    0     0   40  106M      0   730k  0:06:08  0:02:29  0:03:39  769k 40  263M    0     0   40  107M      0   731k  0:06:08  0:02:30  0:03:38  768k 41  263M    0     0   41  108M      0   731k  0:06:08  0:02:31  0:03:37  757k 41  263M    0     0   41  109M      0   731k  0:06:08  0:02:32  0:03:36  764k 41  263M    0     0   41  109M      0   731k  0:06:08  0:02:33  0:03:35  750k 42  263M    0     0   42  110M      0   731k  0:06:08  0:02:34  0:03:34  753k 42  263M    0     0   42  111M      0   731k  0:06:08  0:02:35  0:03:33  743k 42  263M    0     0   42  112M      0   731k  0:06:08  0:02:36  0:03:32  755k 42  263M    0     0   42  112M      0   730k  0:06:08  0:02:38  0:03:30  701k 43  263M    0     0   43  113M      0   729k  0:06:09  0:02:38  0:03:31  677k 43  263M    0     0   43  113M      0   729k  0:06:09  0:02:39  0:03:30  654k 43  263M    0     0   43  114M      0   728k  0:06:09  0:02:40  0:03:29  647k 43  263M    0     0   43  115M      0   729k  0:06:09  0:02:41  0:03:28  643k 44  263M    0     0   44  115M      0   729k  0:06:09  0:02:42  0:03:27  691k 44  263M    0     0   44  116M      0   729k  0:06:09  0:02:43  0:03:26  726k 44  263M    0     0   44  117M      0   729k  0:06:09  0:02:44  0:03:25  737k 44  263M    0     0   44  118M      0   729k  0:06:09  0:02:45  0:03:24  751k 45  263M    0     0   45  118M      0   729k  0:06:09  0:02:46  0:03:23  749k 45  263M    0     0   45  119M      0   730k  0:06:09  0:02:47  0:03:22  757k 45  263M    0     0   45  120M      0   730k  0:06:09  0:02:48  0:03:21  757k 46  263M    0     0   46  121M      0   730k  0:06:09  0:02:49  0:03:20  748k 46  263M    0     0   46  121M      0   729k  0:06:09  0:02:50  0:03:19  741k 46  263M    0     0   46  122M      0   729k  0:06:09  0:02:51  0:03:18  739k 46  263M    0     0   46  123M      0   730k  0:06:09  0:02:52  0:03:17  729k 47  263M    0     0   47  123M      0   730k  0:06:09  0:02:53  0:03:16  729k 47  263M    0     0   47  124M      0   730k  0:06:09  0:02:54  0:03:15  738k 47  263M    0     0   47  125M      0   730k  0:06:08  0:02:55  0:03:13  752k 47  263M    0     0   47  126M      0   730k  0:06:08  0:02:56  0:03:12  748k 48  263M    0     0   48  126M      0   730k  0:06:08  0:02:57  0:03:11  752k 48  263M    0     0   48  127M      0   730k  0:06:08  0:02:58  0:03:10  743k 48  263M    0     0   48  128M      0   730k  0:06:08  0:02:59  0:03:09  749k 49  263M    0     0   49  129M      0   730k  0:06:08  0:03:00  0:03:08  744k 49  263M    0     0   49  129M      0   730k  0:06:08  0:03:01  0:03:07  739k 49  263M    0     0   49  130M      0   730k  0:06:08  0:03:02  0:03:06  734k 49  263M    0     0   49  131M      0   731k  0:06:08  0:03:03  0:03:05  747k 50  263M    0     0   50  132M      0   731k  0:06:08  0:03:04  0:03:04  740k 50  263M    0     0   50  132M      0   731k  0:06:08  0:03:05  0:03:03  744k 50  263M    0     0   50  133M      0   730k  0:06:08  0:03:06  0:03:02  739k 50  263M    0     0   50  134M      0   731k  0:06:08  0:03:07  0:03:01  741k 51  263M    0     0   51  134M      0   730k  0:06:08  0:03:08  0:03:00  724k 51  263M    0     0   51  135M      0   730k  0:06:08  0:03:09  0:02:59  712k 51  263M    0     0   51  136M      0   730k  0:06:08  0:03:10  0:02:58  706k 52  263M    0     0   52  136M      0   730k  0:06:08  0:03:11  0:02:57  720k 52  263M    0     0   52  137M      0   730k  0:06:08  0:03:12  0:02:56  707k 52  263M    0     0   52  138M      0   730k  0:06:08  0:03:13  0:02:55  722k 52  263M    0     0   52  139M      0   730k  0:06:08  0:03:14  0:02:54  737k 53  263M    0     0   53  139M      0   730k  0:06:08  0:03:15  0:02:53  731k 53  263M    0     0   53  140M      0   730k  0:06:08  0:03:16  0:02:52  738k 53  263M    0     0   53  141M      0   731k  0:06:08  0:03:17  0:02:51  758k 53  263M    0     0   53  141M      0   731k  0:06:08  0:03:18  0:02:50  750k 54  263M    0     0   54  142M      0   731k  0:06:08  0:03:19  0:02:49  750k 54  263M    0     0   54  143M      0   731k  0:06:08  0:03:20  0:02:48  747k 54  263M    0     0   54  144M      0   731k  0:06:08  0:03:21  0:02:47  742k 55  263M    0     0   55  144M      0   731k  0:06:08  0:03:22  0:02:46  735k 55  263M    0     0   55  145M      0   731k  0:06:08  0:03:23  0:02:45  736k 55  263M    0     0   55  146M      0   731k  0:06:08  0:03:24  0:02:44  741k 55  263M    0     0   55  147M      0   731k  0:06:08  0:03:25  0:02:43  756k 56  263M    0     0   56  147M      0   732k  0:06:08  0:03:26  0:02:42  768k 56  263M    0     0   56  148M      0   732k  0:06:08  0:03:27  0:02:41  768k 56  263M    0     0   56  149M      0   732k  0:06:07  0:03:28  0:02:39  776k 57  263M    0     0   57  150M      0   732k  0:06:07  0:03:29  0:02:38  771k 57  263M    0     0   57  150M      0   732k  0:06:07  0:03:30  0:02:37  767k 57  263M    0     0   57  151M      0   732k  0:06:07  0:03:31  0:02:36  752k 57  263M    0     0   57  152M      0   732k  0:06:07  0:03:32  0:02:35  746k 58  263M    0     0   58  153M      0   732k  0:06:07  0:03:33  0:02:34  750k 58  263M    0     0   58  153M      0   732k  0:06:07  0:03:34  0:02:33  751k 58  263M    0     0   58  154M      0   733k  0:06:07  0:03:35  0:02:32  753k 59  263M    0     0   59  155M      0   733k  0:06:07  0:03:36  0:02:31  757k 59  263M    0     0   59  155M      0   733k  0:06:07  0:03:37  0:02:30  760k 59  263M    0     0   59  156M      0   733k  0:06:07  0:03:38  0:02:29  748k 59  263M    0     0   59  157M      0   733k  0:06:07  0:03:39  0:02:28  740k 60  263M    0     0   60  158M      0   733k  0:06:07  0:03:40  0:02:27  734k 60  263M    0     0   60  158M      0   733k  0:06:07  0:03:41  0:02:26  735k 60  263M    0     0   60  159M      0   733k  0:06:07  0:03:42  0:02:25  739k 60  263M    0     0   60  160M      0   733k  0:06:07  0:03:43  0:02:24  744k 61  263M    0     0   61  161M      0   733k  0:06:07  0:03:44  0:02:23  760k 61  263M    0     0   61  161M      0   733k  0:06:07  0:03:45  0:02:22  761k 61  263M    0     0   61  162M      0   733k  0:06:07  0:03:46  0:02:21  757k 62  263M    0     0   62  163M      0   734k  0:06:07  0:03:47  0:02:20  766k 62  263M    0     0   62  164M      0   734k  0:06:07  0:03:48  0:02:19  771k 62  263M    0     0   62  164M      0   734k  0:06:06  0:03:49  0:02:17  763k 62  263M    0     0   62  165M      0   734k  0:06:06  0:03:50  0:02:16  762k 63  263M    0     0   63  166M      0   734k  0:06:06  0:03:51  0:02:15  774k 63  263M    0     0   63  167M      0   734k  0:06:06  0:03:52  0:02:14  778k 63  263M    0     0   63  167M      0   735k  0:06:06  0:03:53  0:02:13  782k 64  263M    0     0   64  168M      0   735k  0:06:06  0:03:54  0:02:12  785k 64  263M    0     0   64  169M      0   735k  0:06:06  0:03:55  0:02:11  798k 64  263M    0     0   64  170M      0   736k  0:06:06  0:03:56  0:02:10  804k 65  263M    0     0   65  171M      0   736k  0:06:05  0:03:57  0:02:08  806k 65  263M    0     0   65  171M      0   736k  0:06:05  0:03:58  0:02:07  806k 65  263M    0     0   65  172M      0   736k  0:06:05  0:03:59  0:02:06  809k 65  263M    0     0   65  173M      0   737k  0:06:05  0:04:00  0:02:05  796k 66  263M    0     0   66  174M      0   737k  0:06:05  0:04:01  0:02:04  790k 66  263M    0     0   66  174M      0   737k  0:06:05  0:04:02  0:02:03  779k 66  263M    0     0   66  175M      0   737k  0:06:05  0:04:03  0:02:02  782k 67  263M    0     0   67  176M      0   737k  0:06:05  0:04:04  0:02:01  783k 67  263M    0     0   67  177M      0   738k  0:06:05  0:04:05  0:02:00  792k 67  263M    0     0   67  178M      0   738k  0:06:04  0:04:06  0:01:58  793k 67  263M    0     0   67  178M      0   738k  0:06:04  0:04:07  0:01:57  796k 68  263M    0     0   68  179M      0   738k  0:06:04  0:04:08  0:01:56  793k 68  263M    0     0   68  180M      0   739k  0:06:04  0:04:09  0:01:55  798k 68  263M    0     0   68  181M      0   739k  0:06:04  0:04:10  0:01:54  796k 69  263M    0     0   69  181M      0   739k  0:06:04  0:04:11  0:01:53  795k 69  263M    0     0   69  182M      0   739k  0:06:04  0:04:12  0:01:52  792k 69  263M    0     0   69  183M      0   739k  0:06:04  0:04:13  0:01:51  788k 69  263M    0     0   69  184M      0   740k  0:06:04  0:04:14  0:01:50  784k 70  263M    0     0   70  184M      0   740k  0:06:04  0:04:15  0:01:49  778k 70  263M    0     0   70  185M      0   740k  0:06:04  0:04:16  0:01:48  783k 70  263M    0     0   70  186M      0   740k  0:06:03  0:04:17  0:01:46  789k 71  263M    0     0   71  187M      0   740k  0:06:03  0:04:18  0:01:45  784k 71  263M    0     0   71  188M      0   740k  0:06:03  0:04:19  0:01:44  786k 71  263M    0     0   71  188M      0   740k  0:06:03  0:04:20  0:01:43  786k 72  263M    0     0   72  189M      0   741k  0:06:03  0:04:21  0:01:42  778k 72  263M    0     0   72  190M      0   741k  0:06:03  0:04:22  0:01:41  768k 72  263M    0     0   72  191M      0   741k  0:06:03  0:04:23  0:01:40  772k 72  263M    0     0   72  191M      0   741k  0:06:03  0:04:24  0:01:39  775k 73  263M    0     0   73  192M      0   741k  0:06:03  0:04:25  0:01:38  787k 73  263M    0     0   73  193M      0   741k  0:06:03  0:04:26  0:01:37  740k 73  263M    0     0   73  193M      0   740k  0:06:04  0:04:27  0:01:37  694k 73  263M    0     0   73  194M      0   739k  0:06:04  0:04:28  0:01:36  656k 74  263M    0     0   74  194M      0   739k  0:06:04  0:04:29  0:01:35  607k 74  263M    0     0   74  195M      0   738k  0:06:04  0:04:30  0:01:34  564k 74  263M    0     0   74  196M      0   738k  0:06:05  0:04:31  0:01:34  582k 74  263M    0     0   74  196M      0   738k  0:06:05  0:04:32  0:01:33  631k 75  263M    0     0   75  197M      0   738k  0:06:05  0:04:33  0:01:32  654k 75  263M    0     0   75  198M      0   738k  0:06:05  0:04:34  0:01:31  688k 75  263M    0     0   75  198M      0   738k  0:06:05  0:04:35  0:01:30  716k 75  263M    0     0   75  199M      0   738k  0:06:05  0:04:36  0:01:29  736k 76  263M    0     0   76  200M      0   738k  0:06:05  0:04:37  0:01:28  735k 76  263M    0     0   76  201M      0   738k  0:06:05  0:04:38  0:01:27  749k 76  263M    0     0   76  201M      0   738k  0:06:05  0:04:39  0:01:26  742k 76  263M    0     0   76  202M      0   738k  0:06:05  0:04:40  0:01:25  741k 77  263M    0     0   77  203M      0   738k  0:06:04  0:04:41  0:01:23  751k 77  263M    0     0   77  204M      0   738k  0:06:04  0:04:42  0:01:22  758k 77  263M    0     0   77  204M      0   738k  0:06:04  0:04:43  0:01:21  742k 78  263M    0     0   78  205M      0   738k  0:06:04  0:04:44  0:01:20  758k 78  263M    0     0   78  206M      0   738k  0:06:04  0:04:45  0:01:19  769k 78  263M    0     0   78  206M      0   738k  0:06:04  0:04:46  0:01:18  759k 78  263M    0     0   78  207M      0   738k  0:06:04  0:04:47  0:01:17  743k 79  263M    0     0   79  208M      0   738k  0:06:04  0:04:48  0:01:16  742k 79  263M    0     0   79  209M      0   738k  0:06:04  0:04:49  0:01:15  723k 79  263M    0     0   79  209M      0   738k  0:06:05  0:04:50  0:01:15  710k 79  263M    0     0   79  210M      0   738k  0:06:05  0:04:51  0:01:14  703k 80  263M    0     0   80  211M      0   737k  0:06:05  0:04:52  0:01:13  698k 80  263M    0     0   80  211M      0   737k  0:06:05  0:04:53  0:01:12  706k 80  263M    0     0   80  212M      0   737k  0:06:05  0:04:54  0:01:11  710k 80  263M    0     0   80  213M      0   737k  0:06:05  0:04:55  0:01:10  703k 81  263M    0     0   81  213M      0   737k  0:06:05  0:04:56  0:01:09  707k 81  263M    0     0   81  214M      0   737k  0:06:05  0:04:57  0:01:08  724k 81  263M    0     0   81  215M      0   737k  0:06:05  0:04:58  0:01:07  727k 82  263M    0     0   82  216M      0   737k  0:06:05  0:04:59  0:01:06  730k 82  263M    0     0   82  216M      0   737k  0:06:05  0:05:00  0:01:05  744k 82  263M    0     0   82  217M      0   737k  0:06:05  0:05:01  0:01:04  744k 82  263M    0     0   82  218M      0   737k  0:06:05  0:05:02  0:01:03  735k 83  263M    0     0   83  218M      0   737k  0:06:05  0:05:03  0:01:02  729k 83  263M    0     0   83  219M      0   737k  0:06:05  0:05:04  0:01:01  736k 83  263M    0     0   83  220M      0   737k  0:06:05  0:05:05  0:01:00  736k 83  263M    0     0   83  221M      0   737k  0:06:05  0:05:06  0:00:59  728k 84  263M    0     0   84  221M      0   737k  0:06:05  0:05:07  0:00:58  724k 84  263M    0     0   84  222M      0   737k  0:06:05  0:05:08  0:00:57  725k 84  263M    0     0   84  223M      0   737k  0:06:05  0:05:09  0:00:56  717k 85  263M    0     0   85  223M      0   737k  0:06:05  0:05:10  0:00:55  712k 85  263M    0     0   85  224M      0   737k  0:06:05  0:05:11  0:00:54  720k 85  263M    0     0   85  225M      0   737k  0:06:05  0:05:12  0:00:53  726k 85  263M    0     0   85  225M      0   737k  0:06:05  0:05:13  0:00:52  728k 86  263M    0     0   86  226M      0   737k  0:06:05  0:05:14  0:00:51  730k 86  263M    0     0   86  227M      0   737k  0:06:05  0:05:15  0:00:50  735k 86  263M    0     0   86  228M      0   737k  0:06:05  0:05:16  0:00:49  737k 86  263M    0     0   86  228M      0   737k  0:06:05  0:05:17  0:00:48  735k 87  263M    0     0   87  229M      0   737k  0:06:05  0:05:18  0:00:47  740k 87  263M    0     0   87  230M      0   737k  0:06:05  0:05:19  0:00:46  745k 87  263M    0     0   87  231M      0   737k  0:06:05  0:05:20  0:00:45  745k 88  263M    0     0   88  231M      0   737k  0:06:05  0:05:21  0:00:44  764k 88  263M    0     0   88  232M      0   737k  0:06:05  0:05:22  0:00:43  784k 88  263M    0     0   88  233M      0   738k  0:06:05  0:05:23  0:00:42  797k 89  263M    0     0   89  234M      0   738k  0:06:04  0:05:24  0:00:40  804k 89  263M    0     0   89  235M      0   738k  0:06:04  0:05:25  0:00:39  817k 89  263M    0     0   89  235M      0   738k  0:06:04  0:05:26  0:00:38  807k 89  263M    0     0   89  236M      0   738k  0:06:04  0:05:27  0:00:37  796k 90  263M    0     0   90  237M      0   739k  0:06:04  0:05:28  0:00:36  790k 90  263M    0     0   90  238M      0   739k  0:06:04  0:05:29  0:00:35  788k 90  263M    0     0   90  238M      0   739k  0:06:04  0:05:30  0:00:34  776k 91  263M    0     0   91  239M      0   739k  0:06:04  0:05:31  0:00:33  773k 91  263M    0     0   91  240M      0   739k  0:06:04  0:05:32  0:00:32  778k 91  263M    0     0   91  241M      0   739k  0:06:04  0:05:33  0:00:31  776k 91  263M    0     0   91  241M      0   739k  0:06:04  0:05:34  0:00:30  778k 92  263M    0     0   92  242M      0   739k  0:06:04  0:05:35  0:00:29  770k 92  263M    0     0   92  243M      0   739k  0:06:04  0:05:36  0:00:28  774k 92  263M    0     0   92  244M      0   740k  0:06:04  0:05:37  0:00:27  774k 93  263M    0     0   93  244M      0   740k  0:06:04  0:05:38  0:00:26  769k 93  263M    0     0   93  245M      0   740k  0:06:04  0:05:39  0:00:25  764k 93  263M    0     0   93  246M      0   740k  0:06:04  0:05:40  0:00:24  776k 93  263M    0     0   93  247M      0   740k  0:06:04  0:05:41  0:00:23  750k 94  263M    0     0   94  247M      0   740k  0:06:04  0:05:42  0:00:22  748k 94  263M    0     0   94  248M      0   740k  0:06:04  0:05:43  0:00:21  751k 94  263M    0     0   94  249M      0   740k  0:06:03  0:05:44  0:00:19  754k 95  263M    0     0   95  250M      0   740k  0:06:03  0:05:45  0:00:18  757k 95  263M    0     0   95  250M      0   740k  0:06:03  0:05:46  0:00:17  781k 95  263M    0     0   95  251M      0   740k  0:06:03  0:05:47  0:00:16  790k 95  263M    0     0   95  252M      0   740k  0:06:03  0:05:48  0:00:15  785k 96  263M    0     0   96  253M      0   740k  0:06:03  0:05:49  0:00:14  773k 96  263M    0     0   96  253M      0   740k  0:06:03  0:05:50  0:00:13  754k 96  263M    0     0   96  254M      0   740k  0:06:03  0:05:51  0:00:12  732k 96  263M    0     0   96  255M      0   740k  0:06:03  0:05:52  0:00:11  709k 97  263M    0     0   97  255M      0   740k  0:06:04  0:05:53  0:00:11  690k 97  263M    0     0   97  256M      0   740k  0:06:04  0:05:54  0:00:10  685k 97  263M    0     0   97  257M      0   739k  0:06:04  0:05:55  0:00:09  682k 97  263M    0     0   97  257M      0   739k  0:06:04  0:05:56  0:00:08  691k 98  263M    0     0   98  258M      0   739k  0:06:04  0:05:57  0:00:07  683k 98  263M    0     0   98  259M      0   739k  0:06:04  0:05:58  0:00:06  693k 98  263M    0     0   98  259M      0   739k  0:06:04  0:05:59  0:00:05  690k 98  263M    0     0   98  260M      0   739k  0:06:04  0:06:00  0:00:04  691k 99  263M    0     0   99  261M      0   739k  0:06:04  0:06:01  0:00:03  687k 99  263M    0     0   99  261M      0   739k  0:06:04  0:06:02  0:00:02  697k 99  263M    0     0   99  262M      0   738k  0:06:04  0:06:03  0:00:01  698k100  263M    0     0  100  263M      0   736k  0:06:05  0:06:05 --:--:--  580k100  263M    0     0  100  263M      0   736k  0:06:05  0:06:05 --:--:--  548k
